Vcard_DToL03995-RA 1
Vcard_DToL03999-RA 1
Vcard_DToL04007-RA 1
Vcard_DToL04010-RA 1
Vcard_DToL04009-RA 1
Vcard_DToL04020-RA 1
Vcard_DToL04043-RA 1
Vcard_DToL04058-RA 1
Vcard_DToL04060-RA 1
Vcard_DToL04073-RA 1
Vcard_DToL04083-RA 1
Vcard_DToL04099-RA 1
Vcard_DToL04109-RA 1
Vcard_DToL04145-RA 1
Vcard_DToL04150-RA 1
Vcard_DToL04156-RA 1
Vcard_DToL04174-RA 1
Vcard_DToL04184-RA 1
Vcard_DToL04186-RA 1
Vcard_DToL04205-RA 1
Vcard_DToL04228-RA 1
Vcard_DToL04235-RA 1
Vcard_DToL04249-RA 1
Vcard_DToL04275-RA 1
Vcard_DToL04284-RA 1
Vcard_DToL04296-RA 1
Vcard_DToL04314-RA 1
Vcard_DToL04325-RA 1
Vcard_DToL04354-RA 1
Vcard_DToL04348-RA 1
Vcard_DToL04385-RA 1
Vcard_DToL04388-RA 1
Vcard_DToL04451-RA 1
Vcard_DToL04475-RA 1
Vcard_DToL04477-RA 1
Vcard_DToL04481-RA 1
Vcard_DToL04498-RA 1
Vcard_DToL04508-RA 1
Vcard_DToL04518-RA 1
Vcard_DToL04534-RA 1
Vcard_DToL04576-RA 1
Vcard_DToL04588-RA 1
Vcard_DToL04591-RA 1
Vcard_DToL04607-RA 1
Vcard_DToL04612-RA 1
Vcard_DToL04611-RA 1
Vcard_DToL04616-RA 1
Vcard_DToL04674-RA 1
Vcard_DToL04689-RA 1
Vcard_DToL04702-RA 1
Vcard_DToL04703-RA 1
Vcard_DToL04735-RA 1
Vcard_DToL04751-RA 1
Vcard_DToL07699-RA 1
Vcard_DToL07707-RA 1
Vcard_DToL07709-RA 1
Vcard_DToL07719-RA 1
Vcard_DToL07777-RA 1
Vcard_DToL07796-RA 1
Vcard_DToL07876-RA 1
Vcard_DToL07885-RA 1
Vcard_DToL07902-RA 1
Vcard_DToL07906-RA 1
Vcard_DToL07921-RA 1
Vcard_DToL07930-RA 1
Vcard_DToL07931-RA 1
Vcard_DToL07937-RA 1
Vcard_DToL07973-RA 1
Vcard_DToL07980-RA 1
Vcard_DToL07985-RA 1
Vcard_DToL07993-RA 1
Vcard_DToL07988-RA 1
Vcard_DToL07997-RA 1
Vcard_DToL08018-RA 1
Vcard_DToL08033-RA 1
Vcard_DToL08058-RA 1
Vcard_DToL08053-RA 1
Vcard_DToL08054-RA 1
Vcard_DToL08078-RA 1
Vcard_DToL08106-RA 1
Vcard_DToL08111-RA 1
Vcard_DToL08113-RA 1
Vcard_DToL08114-RA 1
Vcard_DToL08116-RA 1
Vcard_DToL08117-RA 1
Vcard_DToL08118-RA 1
Vcard_DToL08121-RA 1
Vcard_DToL08122-RA 1
Vcard_DToL08126-RA 1
Vcard_DToL08131-RA 1
Vcard_DToL08132-RA 1
Vcard_DToL08144-RA 1
Vcard_DToL08151-RA 1
Vcard_DToL08180-RA 1
Vcard_DToL08181-RA 1
Vcard_DToL08182-RA 1
Vcard_DToL08194-RA 1
Vcard_DToL08216-RA 1
Vcard_DToL08219-RA 1
Vcard_DToL08244-RA 1
Vcard_DToL08265-RA 1
Vcard_DToL10857-RA 1
Vcard_DToL10868-RA 1
Vcard_DToL10870-RA 1
Vcard_DToL10892-RA 1
Vcard_DToL10897-RA 1
Vcard_DToL10901-RA 1
Vcard_DToL10915-RA 1
Vcard_DToL10921-RA 1
Vcard_DToL10950-RA 1
Vcard_DToL10952-RA 1
Vcard_DToL10968-RA 1
Vcard_DToL11006-RA 1
Vcard_DToL11010-RA 1
Vcard_DToL11019-RA 1
Vcard_DToL11040-RA 1
Vcard_DToL11041-RA 1
Vcard_DToL11104-RA 1
Vcard_DToL11110-RA 1
Vcard_DToL11118-RA 1
Vcard_DToL11111-RA 1
Vcard_DToL11134-RA 1
Vcard_DToL11150-RA 1
Vcard_DToL11164-RA 1
Vcard_DToL11173-RA 1
Vcard_DToL11189-RA 1
Vcard_DToL11218-RA 1
Vcard_DToL11219-RA 1
Vcard_DToL11236-RA 1
Vcard_DToL11252-RA 1
Vcard_DToL11257-RA 1
Vcard_DToL11268-RA 1
Vcard_DToL11263-RA 1
Vcard_DToL11282-RA 1
Vcard_DToL11304-RA 1
Vcard_DToL11318-RA 1
Vcard_DToL16375-RA 1
Vcard_DToL16379-RA 1
Vcard_DToL16390-RA 1
Vcard_DToL16391-RA 1
Vcard_DToL16395-RA 1
Vcard_DToL16427-RA 1
Vcard_DToL16465-RA 1
Vcard_DToL16469-RA 1
Vcard_DToL16474-RA 1
Vcard_DToL16507-RA 1
Vcard_DToL16529-RA 1
Vcard_DToL16651-RA 1
Vcard_DToL16653-RA 1
Vcard_DToL16675-RA 1
Vcard_DToL16736-RA 1
Vcard_DToL16742-RA 1
Vcard_DToL17780-RA 1
Vcard_DToL17781-RA 1
Vcard_DToL17864-RA 1
Vcard_DToL17974-RA 1
Vcard_DToL17976-RA 1
Vcard_DToL18066-RA 1
Vcard_DToL18085-RA 1
Vcard_DToL18108-RA 1
Vcard_DToL18109-RA 1
Vcard_DToL18164-RA 1
Vcard_DToL18215-RA 1
Vcard_DToL18223-RA 1
Vcard_DToL02726-RA 1
Vcard_DToL02729-RA 1
Vcard_DToL02753-RA 1
Vcard_DToL02756-RA 1
Vcard_DToL02773-RA 1
Vcard_DToL02786-RA 1
Vcard_DToL02787-RA 1
Vcard_DToL02789-RA 1
Vcard_DToL02796-RA 1
Vcard_DToL02805-RA 1
Vcard_DToL02820-RA 1
Vcard_DToL02838-RA 1
Vcard_DToL02851-RA 1
Vcard_DToL02856-RA 1
Vcard_DToL02931-RA 1
Vcard_DToL02932-RA 1
Vcard_DToL02948-RA 1
Vcard_DToL03000-RA 1
Vcard_DToL03011-RA 1
Vcard_DToL03034-RA 1
Vcard_DToL03054-RA 1
Vcard_DToL03065-RA 1
Vcard_DToL03136-RA 1
Vcard_DToL03147-RA 1
Vcard_DToL03161-RA 1
Vcard_DToL03157-RA 1
Vcard_DToL03162-RA 1
Vcard_DToL03169-RA 1
Vcard_DToL03181-RA 1
Vcard_DToL03182-RA 1
Vcard_DToL03190-RA 1
Vcard_DToL03191-RA 1
Vcard_DToL03194-RA 1
Vcard_DToL03196-RA 1
Vcard_DToL03201-RA 1
Vcard_DToL03200-RA 1
Vcard_DToL03202-RA 1
Vcard_DToL03204-RA 1
Vcard_DToL03206-RA 1
Vcard_DToL03209-RA 1
Vcard_DToL03258-RA 1
Vcard_DToL03260-RA 1
Vcard_DToL03264-RA 1
Vcard_DToL15903-RA 1
Vcard_DToL15968-RA 1
Vcard_DToL15972-RA 1
Vcard_DToL16050-RA 1
Vcard_DToL16073-RA 1
Vcard_DToL16081-RA 1
Vcard_DToL16085-RA 1
Vcard_DToL16115-RA 1
Vcard_DToL16124-RA 1
Vcard_DToL16146-RA 1
Vcard_DToL16148-RA 1
Vcard_DToL16170-RA 1
Vcard_DToL16203-RA 1
Vcard_DToL16210-RA 1
Vcard_DToL16240-RA 1
Vcard_DToL16257-RA 1
Vcard_DToL16259-RA 1
Vcard_DToL16266-RA 1
Vcard_DToL08289-RA 1
Vcard_DToL08302-RA 1
Vcard_DToL08311-RA 1
Vcard_DToL08331-RA 1
Vcard_DToL08330-RA 1
Vcard_DToL08346-RA 1
Vcard_DToL08352-RA 1
Vcard_DToL08360-RA 1
Vcard_DToL08380-RA 1
Vcard_DToL08383-RA 1
Vcard_DToL08386-RA 1
Vcard_DToL08405-RA 1
Vcard_DToL08417-RA 1
Vcard_DToL08413-RA 1
Vcard_DToL08432-RA 1
Vcard_DToL08436-RA 1
Vcard_DToL08452-RA 1
Vcard_DToL08443-RA 1
Vcard_DToL08460-RA 1
Vcard_DToL08461-RA 1
Vcard_DToL08481-RA 1
Vcard_DToL08487-RA 1
Vcard_DToL08489-RA 1
Vcard_DToL08500-RA 1
Vcard_DToL08507-RA 1
Vcard_DToL08521-RA 1
Vcard_DToL08534-RA 1
Vcard_DToL08541-RA 1
Vcard_DToL08551-RA 1
Vcard_DToL08552-RA 1
Vcard_DToL08564-RA 1
Vcard_DToL08589-RA 1
Vcard_DToL08600-RA 1
Vcard_DToL08624-RA 1
Vcard_DToL08627-RA 1
Vcard_DToL08632-RA 1
Vcard_DToL08634-RA 1
Vcard_DToL08644-RA 1
Vcard_DToL08654-RA 1
Vcard_DToL08660-RA 1
Vcard_DToL08661-RA 1
Vcard_DToL08669-RA 1
Vcard_DToL08671-RA 1
Vcard_DToL08672-RA 1
Vcard_DToL08701-RA 1
Vcard_DToL08702-RA 1
Vcard_DToL08710-RA 1
Vcard_DToL08716-RA 1
Vcard_DToL08718-RA 1
Vcard_DToL08717-RA 1
Vcard_DToL08727-RA 1
Vcard_DToL08734-RA 1
Vcard_DToL08730-RA 1
Vcard_DToL08745-RA 1
Vcard_DToL08748-RA 1
Vcard_DToL08741-RA 1
Vcard_DToL08747-RA 1
Vcard_DToL08772-RA 1
Vcard_DToL08771-RA 1
Vcard_DToL08783-RA 1
Vcard_DToL08789-RA 1
Vcard_DToL08798-RA 1
Vcard_DToL08823-RA 1
Vcard_DToL08824-RA 1
Vcard_DToL08838-RA 1
Vcard_DToL08845-RA 1
Vcard_DToL08875-RA 1
Vcard_DToL08886-RA 1
Vcard_DToL08901-RA 1
Vcard_DToL08923-RA 1
Vcard_DToL08983-RA 1
Vcard_DToL09008-RA 1
Vcard_DToL09009-RA 1
Vcard_DToL09021-RA 1
Vcard_DToL09025-RA 1
Vcard_DToL09029-RA 1
Vcard_DToL09031-RA 1
Vcard_DToL09048-RA 1
Vcard_DToL17423-RA 1
Vcard_DToL17426-RA 1
Vcard_DToL17433-RA 1
Vcard_DToL17519-RA 1
Vcard_DToL17525-RA 1
Vcard_DToL17584-RA 1
Vcard_DToL17597-RA 1
Vcard_DToL17692-RA 1
Vcard_DToL17693-RA 1
Vcard_DToL17707-RA 1
Vcard_DToL16779-RA 1
Vcard_DToL16787-RA 1
Vcard_DToL16788-RA 1
Vcard_DToL16819-RA 1
Vcard_DToL16821-RA 1
Vcard_DToL16824-RA 1
Vcard_DToL16826-RA 1
Vcard_DToL16827-RA 1
Vcard_DToL16853-RA 1
Vcard_DToL16857-RA 1
Vcard_DToL16865-RA 1
Vcard_DToL16870-RA 1
Vcard_DToL16885-RA 1
Vcard_DToL16889-RA 1
Vcard_DToL16894-RA 1
Vcard_DToL16896-RA 1
Vcard_DToL16901-RA 1
Vcard_DToL16906-RA 1
Vcard_DToL16922-RA 1
Vcard_DToL16936-RA 1
Vcard_DToL16957-RA 1
Vcard_DToL16959-RA 1
Vcard_DToL16962-RA 1
Vcard_DToL16965-RA 1
Vcard_DToL16966-RA 1
Vcard_DToL16974-RA 1
Vcard_DToL16975-RA 1
Vcard_DToL16976-RA 1
Vcard_DToL16988-RA 1
Vcard_DToL17004-RA 1
Vcard_DToL17010-RA 1
Vcard_DToL17014-RA 1
Vcard_DToL17061-RA 1
Vcard_DToL17062-RA 1
Vcard_DToL17066-RA 1
Vcard_DToL17079-RA 1
Vcard_DToL07060-RA 1
Vcard_DToL07084-RA 1
Vcard_DToL07116-RA 1
Vcard_DToL07117-RA 1
Vcard_DToL07118-RA 1
Vcard_DToL07128-RA 1
Vcard_DToL07135-RA 1
Vcard_DToL07136-RA 1
Vcard_DToL07149-RA 1
Vcard_DToL07148-RA 1
Vcard_DToL07162-RA 1
Vcard_DToL07208-RA 1
Vcard_DToL07230-RA 1
Vcard_DToL07240-RA 1
Vcard_DToL07256-RA 1
Vcard_DToL07267-RA 1
Vcard_DToL07274-RA 1
Vcard_DToL07276-RA 1
Vcard_DToL07294-RA 1
Vcard_DToL07297-RA 1
Vcard_DToL07302-RA 1
Vcard_DToL07338-RA 1
Vcard_DToL07358-RA 1
Vcard_DToL07364-RA 1
Vcard_DToL07367-RA 1
Vcard_DToL07372-RA 1
Vcard_DToL07402-RA 1
Vcard_DToL07408-RA 1
Vcard_DToL07449-RA 1
Vcard_DToL07452-RA 1
Vcard_DToL07455-RA 1
Vcard_DToL07464-RA 1
Vcard_DToL07471-RA 1
Vcard_DToL07496-RA 1
Vcard_DToL07498-RA 1
Vcard_DToL07504-RA 1
Vcard_DToL07511-RA 1
Vcard_DToL07508-RA 1
Vcard_DToL07520-RA 1
Vcard_DToL07523-RA 1
Vcard_DToL07524-RA 1
Vcard_DToL07541-RA 1
Vcard_DToL07581-RA 1
Vcard_DToL07583-RA 1
Vcard_DToL07591-RA 1
Vcard_DToL07595-RA 1
Vcard_DToL07613-RA 1
Vcard_DToL07636-RA 1
Vcard_DToL07645-RA 1
Vcard_DToL11838-RA 1
Vcard_DToL11839-RA 1
Vcard_DToL11852-RA 1
Vcard_DToL11872-RA 1
Vcard_DToL11877-RA 1
Vcard_DToL11905-RA 1
Vcard_DToL11944-RA 1
Vcard_DToL11952-RA 1
Vcard_DToL11978-RA 1
Vcard_DToL11983-RA 1
Vcard_DToL11984-RA 1
Vcard_DToL12009-RA 1
Vcard_DToL12023-RA 1
Vcard_DToL12018-RA 1
Vcard_DToL12031-RA 1
Vcard_DToL12085-RA 1
Vcard_DToL12092-RA 1
Vcard_DToL12120-RA 1
Vcard_DToL12171-RA 1
Vcard_DToL12175-RA 1
Vcard_DToL12176-RA 1
Vcard_DToL12183-RA 1
Vcard_DToL12199-RA 1
Vcard_DToL12234-RA 1
Vcard_DToL12218-RA 1
Vcard_DToL12223-RA 1
Vcard_DToL12225-RA 1
Vcard_DToL12275-RA 1
Vcard_DToL12278-RA 1
Vcard_DToL12273-RA 1
Vcard_DToL12296-RA 1
Vcard_DToL12302-RA 1
Vcard_DToL12325-RA 1
Vcard_DToL12338-RA 1
Vcard_DToL12344-RA 1
Vcard_DToL12346-RA 1
Vcard_DToL12348-RA 1
Vcard_DToL12350-RA 1
Vcard_DToL12365-RA 1
Vcard_DToL12372-RA 1
Vcard_DToL12378-RA 1
Vcard_DToL12406-RA 1
Vcard_DToL12433-RA 1
Vcard_DToL12468-RA 1
Vcard_DToL12470-RA 1
Vcard_DToL12478-RA 1
Vcard_DToL12483-RA 1
Vcard_DToL12494-RA 1
Vcard_DToL10254-RA 1
Vcard_DToL10289-RA 1
Vcard_DToL10308-RA 1
Vcard_DToL10324-RA 1
Vcard_DToL10331-RA 1
Vcard_DToL10366-RA 1
Vcard_DToL10401-RA 1
Vcard_DToL10412-RA 1
Vcard_DToL10437-RA 1
Vcard_DToL10441-RA 1
Vcard_DToL10444-RA 1
Vcard_DToL10450-RA 1
Vcard_DToL10467-RA 1
Vcard_DToL10480-RA 1
Vcard_DToL10491-RA 1
Vcard_DToL10496-RA 1
Vcard_DToL10497-RA 1
Vcard_DToL10512-RA 1
Vcard_DToL10528-RA 1
Vcard_DToL10539-RA 1
Vcard_DToL10550-RA 1
Vcard_DToL10579-RA 1
Vcard_DToL10582-RA 1
Vcard_DToL10601-RA 1
Vcard_DToL10618-RA 1
Vcard_DToL10739-RA 1
Vcard_DToL10749-RA 1
Vcard_DToL10773-RA 1
Vcard_DToL10797-RA 1
Vcard_DToL12497-RA 1
Vcard_DToL12499-RA 1
Vcard_DToL12518-RA 1
Vcard_DToL12584-RA 1
Vcard_DToL12639-RA 1
Vcard_DToL12643-RA 1
Vcard_DToL12641-RA 1
Vcard_DToL12657-RA 1
Vcard_DToL12661-RA 1
Vcard_DToL12662-RA 1
Vcard_DToL12682-RA 1
Vcard_DToL12690-RA 1
Vcard_DToL12741-RA 1
Vcard_DToL12748-RA 1
Vcard_DToL12751-RA 1
Vcard_DToL12753-RA 1
Vcard_DToL12758-RA 1
Vcard_DToL12768-RA 1
Vcard_DToL12776-RA 1
Vcard_DToL12812-RA 1
Vcard_DToL12845-RA 1
Vcard_DToL12849-RA 1
Vcard_DToL12850-RA 1
Vcard_DToL12861-RA 1
Vcard_DToL12884-RA 1
Vcard_DToL12894-RA 1
Vcard_DToL12922-RA 1
Vcard_DToL12920-RA 1
Vcard_DToL12941-RA 1
Vcard_DToL12951-RA 1
Vcard_DToL12956-RA 1
Vcard_DToL13005-RA 1
Vcard_DToL13062-RA 1
Vcard_DToL13074-RA 1
Vcard_DToL13082-RA 1
Vcard_DToL13087-RA 1
Vcard_DToL13089-RA 1
Vcard_DToL13106-RA 1
Vcard_DToL13109-RA 1
Vcard_DToL00010-RA 1
Vcard_DToL00011-RA 1
Vcard_DToL00014-RA 1
Vcard_DToL00015-RA 1
Vcard_DToL00028-RA 1
Vcard_DToL00034-RA 1
Vcard_DToL00037-RA 1
Vcard_DToL00051-RA 1
Vcard_DToL00085-RA 1
Vcard_DToL00151-RA 1
Vcard_DToL00155-RA 1
Vcard_DToL00184-RA 1
Vcard_DToL00189-RA 1
Vcard_DToL00188-RA 1
Vcard_DToL00202-RA 1
Vcard_DToL00211-RA 1
Vcard_DToL00218-RA 1
Vcard_DToL00224-RA 1
Vcard_DToL00229-RA 1
Vcard_DToL00231-RA 1
Vcard_DToL00233-RA 1
Vcard_DToL00271-RA 1
Vcard_DToL00285-RA 1
Vcard_DToL00292-RA 1
Vcard_DToL00293-RA 1
Vcard_DToL00296-RA 1
Vcard_DToL00303-RA 1
Vcard_DToL00319-RA 1
Vcard_DToL00323-RA 1
Vcard_DToL00343-RA 1
Vcard_DToL00353-RA 1
Vcard_DToL00359-RA 1
Vcard_DToL00360-RA 1
Vcard_DToL00368-RA 1
Vcard_DToL00388-RA 1
Vcard_DToL00407-RA 1
Vcard_DToL00419-RA 1
Vcard_DToL00417-RA 1
Vcard_DToL00429-RA 1
Vcard_DToL00447-RA 1
Vcard_DToL00467-RA 1
Vcard_DToL00472-RA 1
Vcard_DToL00498-RA 1
Vcard_DToL00505-RA 1
Vcard_DToL00534-RA 1
Vcard_DToL00556-RA 1
Vcard_DToL00575-RA 1
Vcard_DToL00581-RA 1
Vcard_DToL00585-RA 1
Vcard_DToL00597-RA 1
Vcard_DToL00613-RA 1
Vcard_DToL00616-RA 1
Vcard_DToL00636-RA 1
Vcard_DToL00642-RA 1
Vcard_DToL00647-RA 1
Vcard_DToL00653-RA 1
Vcard_DToL00654-RA 1
Vcard_DToL00658-RA 1
Vcard_DToL00670-RA 1
Vcard_DToL00667-RA 1
Vcard_DToL00673-RA 1
Vcard_DToL00680-RA 1
Vcard_DToL00683-RA 1
Vcard_DToL00718-RA 1
Vcard_DToL00716-RA 1
Vcard_DToL00732-RA 1
Vcard_DToL00763-RA 1
Vcard_DToL00777-RA 1
Vcard_DToL00790-RA 1
Vcard_DToL00779-RA 1
Vcard_DToL09768-RA 1
Vcard_DToL09789-RA 1
Vcard_DToL09800-RA 1
Vcard_DToL09811-RA 1
Vcard_DToL09801-RA 1
Vcard_DToL09812-RA 1
Vcard_DToL09841-RA 1
Vcard_DToL09854-RA 1
Vcard_DToL09863-RA 1
Vcard_DToL09876-RA 1
Vcard_DToL09879-RA 1
Vcard_DToL09893-RA 1
Vcard_DToL09907-RA 1
Vcard_DToL09911-RA 1
Vcard_DToL09915-RA 1
Vcard_DToL09925-RA 1
Vcard_DToL09932-RA 1
Vcard_DToL09941-RA 1
Vcard_DToL09966-RA 1
Vcard_DToL09970-RA 1
Vcard_DToL09996-RA 1
Vcard_DToL10009-RA 1
Vcard_DToL10018-RA 1
Vcard_DToL10031-RA 1
Vcard_DToL10055-RA 1
Vcard_DToL10059-RA 1
Vcard_DToL10073-RA 1
Vcard_DToL10107-RA 1
Vcard_DToL10143-RA 1
Vcard_DToL10144-RA 1
Vcard_DToL10149-RA 1
Vcard_DToL10215-RA 1
Vcard_DToL10220-RA 1
Vcard_DToL10221-RA 1
Vcard_DToL10234-RA 1
Vcard_DToL10238-RA 1
Vcard_DToL10239-RA 1
Vcard_DToL10243-RA 1
Vcard_DToL18603-RA 1
Vcard_DToL18610-RA 1
Vcard_DToL18614-RA 1
Vcard_DToL18796-RA 1
Vcard_DToL18844-RA 1
Vcard_DToL11597-RA 1
Vcard_DToL15562-RA 1
Vcard_DToL15680-RA 1
Vcard_DToL15693-RA 1
Vcard_DToL15702-RA 1
Vcard_DToL15740-RA 1
Vcard_DToL15834-RA 1
Vcard_DToL03308-RA 1
Vcard_DToL03309-RA 1
Vcard_DToL03365-RA 1
Vcard_DToL03397-RA 1
Vcard_DToL03410-RA 1
Vcard_DToL03445-RA 1
Vcard_DToL03448-RA 1
Vcard_DToL03500-RA 1
Vcard_DToL03499-RA 1
Vcard_DToL03509-RA 1
Vcard_DToL03511-RA 1
Vcard_DToL03530-RA 1
Vcard_DToL03521-RA 1
Vcard_DToL03527-RA 1
Vcard_DToL03533-RA 1
Vcard_DToL03542-RA 1
Vcard_DToL03549-RA 1
Vcard_DToL03550-RA 1
Vcard_DToL03574-RA 1
Vcard_DToL03575-RA 1
Vcard_DToL03583-RA 1
Vcard_DToL03587-RA 1
Vcard_DToL03613-RA 1
Vcard_DToL03619-RA 1
Vcard_DToL03635-RA 1
Vcard_DToL03641-RA 1
Vcard_DToL03667-RA 1
Vcard_DToL03669-RA 1
Vcard_DToL03671-RA 1
Vcard_DToL03697-RA 1
Vcard_DToL03700-RA 1
Vcard_DToL03698-RA 1
Vcard_DToL03732-RA 1
Vcard_DToL03742-RA 1
Vcard_DToL03745-RA 1
Vcard_DToL03759-RA 1
Vcard_DToL03762-RA 1
Vcard_DToL03761-RA 1
Vcard_DToL03788-RA 1
Vcard_DToL03795-RA 1
Vcard_DToL03806-RA 1
Vcard_DToL03818-RA 1
Vcard_DToL03876-RA 1
Vcard_DToL03885-RA 1
Vcard_DToL03889-RA 1
Vcard_DToL03920-RA 1
Vcard_DToL03937-RA 1
Vcard_DToL03938-RA 1
Vcard_DToL03952-RA 1
Vcard_DToL13850-RA 1
Vcard_DToL13859-RA 1
Vcard_DToL13890-RA 1
Vcard_DToL13892-RA 1
Vcard_DToL13944-RA 1
Vcard_DToL13941-RA 1
Vcard_DToL13975-RA 1
Vcard_DToL13994-RA 1
Vcard_DToL13998-RA 1
Vcard_DToL14023-RA 1
Vcard_DToL14049-RA 1
Vcard_DToL14056-RA 1
Vcard_DToL14093-RA 1
Vcard_DToL14139-RA 1
Vcard_DToL14144-RA 1
Vcard_DToL14158-RA 1
Vcard_DToL14165-RA 1
Vcard_DToL14167-RA 1
Vcard_DToL14173-RA 1
Vcard_DToL14237-RA 1
Vcard_DToL14244-RA 1
Vcard_DToL14262-RA 1
Vcard_DToL14271-RA 1
Vcard_DToL18308-RA 1
Vcard_DToL18343-RA 1
Vcard_DToL18376-RA 1
Vcard_DToL18473-RA 1
Vcard_DToL18524-RA 1
Vcard_DToL18536-RA 1
Vcard_DToL00809-RA 1
Vcard_DToL00817-RA 1
Vcard_DToL00856-RA 1
Vcard_DToL00858-RA 1
Vcard_DToL00859-RA 1
Vcard_DToL00874-RA 1
Vcard_DToL00901-RA 1
Vcard_DToL00910-RA 1
Vcard_DToL00912-RA 1
Vcard_DToL00926-RA 1
Vcard_DToL00962-RA 1
Vcard_DToL00996-RA 1
Vcard_DToL01008-RA 1
Vcard_DToL01058-RA 1
Vcard_DToL01065-RA 1
Vcard_DToL01070-RA 1
Vcard_DToL01104-RA 1
Vcard_DToL01138-RA 1
Vcard_DToL01147-RA 1
Vcard_DToL01142-RA 1
Vcard_DToL01151-RA 1
Vcard_DToL01157-RA 1
Vcard_DToL01161-RA 1
Vcard_DToL01182-RA 1
Vcard_DToL01197-RA 1
Vcard_DToL01198-RA 1
Vcard_DToL01201-RA 1
Vcard_DToL01205-RA 1
Vcard_DToL01210-RA 1
Vcard_DToL01217-RA 1
Vcard_DToL01218-RA 1
Vcard_DToL01223-RA 1
Vcard_DToL01226-RA 1
Vcard_DToL01231-RA 1
Vcard_DToL01239-RA 1
Vcard_DToL01244-RA 1
Vcard_DToL01245-RA 1
Vcard_DToL01254-RA 1
Vcard_DToL01263-RA 1
Vcard_DToL01261-RA 1
Vcard_DToL01269-RA 1
Vcard_DToL01271-RA 1
Vcard_DToL01280-RA 1
Vcard_DToL01286-RA 1
Vcard_DToL01294-RA 1
Vcard_DToL01309-RA 1
Vcard_DToL01328-RA 1
Vcard_DToL01351-RA 1
Vcard_DToL01356-RA 1
Vcard_DToL01371-RA 1
Vcard_DToL01372-RA 1
Vcard_DToL01377-RA 1
Vcard_DToL01417-RA 1
Vcard_DToL01410-RA 1
Vcard_DToL01430-RA 1
Vcard_DToL01466-RA 1
Vcard_DToL01521-RA 1
Vcard_DToL01524-RA 1
Vcard_DToL01525-RA 1
Vcard_DToL01536-RA 1
Vcard_DToL01563-RA 1
Vcard_DToL01579-RA 1
Vcard_DToL01608-RA 1
Vcard_DToL01612-RA 1
Vcard_DToL01601-RA 1
Vcard_DToL01613-RA 1
Vcard_DToL01669-RA 1
Vcard_DToL01673-RA 1
Vcard_DToL01690-RA 1
Vcard_DToL01696-RA 1
Vcard_DToL09091-RA 1
Vcard_DToL09099-RA 1
Vcard_DToL09112-RA 1
Vcard_DToL09128-RA 1
Vcard_DToL09142-RA 1
Vcard_DToL09143-RA 1
Vcard_DToL09145-RA 1
Vcard_DToL09156-RA 1
Vcard_DToL09158-RA 1
Vcard_DToL09169-RA 1
Vcard_DToL09193-RA 1
Vcard_DToL09209-RA 1
Vcard_DToL09225-RA 1
Vcard_DToL09235-RA 1
Vcard_DToL09285-RA 1
Vcard_DToL09292-RA 1
Vcard_DToL09296-RA 1
Vcard_DToL09316-RA 1
Vcard_DToL09306-RA 1
Vcard_DToL09311-RA 1
Vcard_DToL09349-RA 1
Vcard_DToL09351-RA 1
Vcard_DToL09354-RA 1
Vcard_DToL09357-RA 1
Vcard_DToL09382-RA 1
Vcard_DToL09390-RA 1
Vcard_DToL09394-RA 1
Vcard_DToL09414-RA 1
Vcard_DToL09434-RA 1
Vcard_DToL09447-RA 1
Vcard_DToL09465-RA 1
Vcard_DToL09500-RA 1
Vcard_DToL09505-RA 1
Vcard_DToL09519-RA 1
Vcard_DToL09536-RA 1
Vcard_DToL09584-RA 1
Vcard_DToL09623-RA 1
Vcard_DToL09662-RA 1
Vcard_DToL09674-RA 1
Vcard_DToL09680-RA 1
Vcard_DToL09686-RA 1
Vcard_DToL09704-RA 1
Vcard_DToL05535-RA 1
Vcard_DToL05538-RA 1
Vcard_DToL05544-RA 1
Vcard_DToL05548-RA 1
Vcard_DToL05553-RA 1
Vcard_DToL05568-RA 1
Vcard_DToL05583-RA 1
Vcard_DToL05600-RA 1
Vcard_DToL05613-RA 1
Vcard_DToL05622-RA 1
Vcard_DToL05623-RA 1
Vcard_DToL05634-RA 1
Vcard_DToL05639-RA 1
Vcard_DToL05644-RA 1
Vcard_DToL05648-RA 1
Vcard_DToL05655-RA 1
Vcard_DToL05661-RA 1
Vcard_DToL05663-RA 1
Vcard_DToL05680-RA 1
Vcard_DToL05684-RA 1
Vcard_DToL05686-RA 1
Vcard_DToL05683-RA 1
Vcard_DToL05689-RA 1
Vcard_DToL05698-RA 1
Vcard_DToL05701-RA 1
Vcard_DToL05708-RA 1
Vcard_DToL05718-RA 1
Vcard_DToL05721-RA 1
Vcard_DToL05724-RA 1
Vcard_DToL05728-RA 1
Vcard_DToL05731-RA 1
Vcard_DToL05759-RA 1
Vcard_DToL05775-RA 1
Vcard_DToL05789-RA 1
Vcard_DToL05803-RA 1
Vcard_DToL05808-RA 1
Vcard_DToL05814-RA 1
Vcard_DToL05832-RA 1
Vcard_DToL05823-RA 1
Vcard_DToL05850-RA 1
Vcard_DToL05867-RA 1
Vcard_DToL05872-RA 1
Vcard_DToL05882-RA 1
Vcard_DToL05890-RA 1
Vcard_DToL05886-RA 1
Vcard_DToL05892-RA 1
Vcard_DToL05896-RA 1
Vcard_DToL05920-RA 1
Vcard_DToL05925-RA 1
Vcard_DToL05929-RA 1
Vcard_DToL05937-RA 1
Vcard_DToL05951-RA 1
Vcard_DToL05952-RA 1
Vcard_DToL05954-RA 1
Vcard_DToL05957-RA 1
Vcard_DToL05959-RA 1
Vcard_DToL05965-RA 1
Vcard_DToL05973-RA 1
Vcard_DToL05982-RA 1
Vcard_DToL05990-RA 1
Vcard_DToL06002-RA 1
Vcard_DToL06001-RA 1
Vcard_DToL06007-RA 1
Vcard_DToL06008-RA 1
Vcard_DToL06027-RA 1
Vcard_DToL06035-RA 1
Vcard_DToL06036-RA 1
Vcard_DToL06050-RA 1
Vcard_DToL06053-RA 1
Vcard_DToL06059-RA 1
Vcard_DToL06060-RA 1
Vcard_DToL06067-RA 1
Vcard_DToL06074-RA 1
Vcard_DToL06082-RA 1
Vcard_DToL06083-RA 1
Vcard_DToL06095-RA 1
Vcard_DToL06112-RA 1
Vcard_DToL06111-RA 1
Vcard_DToL06127-RA 1
Vcard_DToL06129-RA 1
Vcard_DToL06128-RA 1
Vcard_DToL06136-RA 1
Vcard_DToL06143-RA 1
Vcard_DToL06158-RA 1
Vcard_DToL06150-RA 1
Vcard_DToL06170-RA 1
Vcard_DToL06167-RA 1
Vcard_DToL06181-RA 1
Vcard_DToL06182-RA 1
Vcard_DToL06187-RA 1
Vcard_DToL06203-RA 1
Vcard_DToL06218-RA 1
Vcard_DToL06240-RA 1
Vcard_DToL06239-RA 1
Vcard_DToL06285-RA 1
Vcard_DToL06282-RA 1
Vcard_DToL06313-RA 1
Vcard_DToL13187-RA 1
Vcard_DToL13242-RA 1
Vcard_DToL13239-RA 1
Vcard_DToL13294-RA 1
Vcard_DToL13297-RA 1
Vcard_DToL13314-RA 1
Vcard_DToL13313-RA 1
Vcard_DToL13334-RA 1
Vcard_DToL13349-RA 1
Vcard_DToL13359-RA 1
Vcard_DToL13362-RA 1
Vcard_DToL13400-RA 1
Vcard_DToL13421-RA 1
Vcard_DToL13434-RA 1
Vcard_DToL13463-RA 1
Vcard_DToL13464-RA 1
Vcard_DToL13477-RA 1
Vcard_DToL13479-RA 1
Vcard_DToL13597-RA 1
Vcard_DToL13613-RA 1
Vcard_DToL13642-RA 1
Vcard_DToL13654-RA 1
Vcard_DToL13673-RA 1
Vcard_DToL13674-RA 1
Vcard_DToL13691-RA 1
Vcard_DToL13702-RA 1
Vcard_DToL13703-RA 1
Vcard_DToL13709-RA 1
Vcard_DToL13764-RA 1
Vcard_DToL13766-RA 1
Vcard_DToL13770-RA 1
Vcard_DToL13805-RA 1
Vcard_DToL14329-RA 1
Vcard_DToL14343-RA 1
Vcard_DToL14346-RA 1
Vcard_DToL14353-RA 1
Vcard_DToL14384-RA 1
Vcard_DToL14431-RA 1
Vcard_DToL14432-RA 1
Vcard_DToL14452-RA 1
Vcard_DToL14456-RA 1
Vcard_DToL14461-RA 1
Vcard_DToL14467-RA 1
Vcard_DToL14479-RA 1
Vcard_DToL14501-RA 1
Vcard_DToL14500-RA 1
Vcard_DToL14503-RA 1
Vcard_DToL14509-RA 1
Vcard_DToL14517-RA 1
Vcard_DToL14586-RA 1
Vcard_DToL14579-RA 1
Vcard_DToL14587-RA 1
Vcard_DToL14594-RA 1
Vcard_DToL14602-RA 1
Vcard_DToL14609-RA 1
Vcard_DToL14612-RA 1
Vcard_DToL14652-RA 1
Vcard_DToL14657-RA 1
Vcard_DToL14662-RA 1
Vcard_DToL14679-RA 1
Vcard_DToL14690-RA 1
Vcard_DToL14692-RA 1
Vcard_DToL14725-RA 1
Vcard_DToL14726-RA 1
Vcard_DToL14737-RA 1
Vcard_DToL14744-RA 1
Vcard_DToL14763-RA 1
Vcard_DToL14787-RA 1
Vcard_DToL14801-RA 1
Vcard_DToL14822-RA 1
Vcard_DToL14825-RA 1
Vcard_DToL14832-RA 1
Vcard_DToL14835-RA 1
Vcard_DToL14841-RA 1
Vcard_DToL14851-RA 1
Vcard_DToL14858-RA 1
Vcard_DToL14860-RA 1
Vcard_DToL14863-RA 1
Vcard_DToL14870-RA 1
Vcard_DToL14889-RA 1
Vcard_DToL14922-RA 1
Vcard_DToL06356-RA 1
Vcard_DToL06360-RA 1
Vcard_DToL06372-RA 1
Vcard_DToL06375-RA 1
Vcard_DToL06388-RA 1
Vcard_DToL06403-RA 1
Vcard_DToL06404-RA 1
Vcard_DToL06459-RA 1
Vcard_DToL06467-RA 1
Vcard_DToL06489-RA 1
Vcard_DToL06493-RA 1
Vcard_DToL06498-RA 1
Vcard_DToL06503-RA 1
Vcard_DToL06512-RA 1
Vcard_DToL06515-RA 1
Vcard_DToL06519-RA 1
Vcard_DToL06530-RA 1
Vcard_DToL06549-RA 1
Vcard_DToL06541-RA 1
Vcard_DToL06544-RA 1
Vcard_DToL06552-RA 1
Vcard_DToL06562-RA 1
Vcard_DToL06556-RA 1
Vcard_DToL06586-RA 1
Vcard_DToL06581-RA 1
Vcard_DToL06619-RA 1
Vcard_DToL06633-RA 1
Vcard_DToL06631-RA 1
Vcard_DToL06630-RA 1
Vcard_DToL06655-RA 1
Vcard_DToL06658-RA 1
Vcard_DToL06673-RA 1
Vcard_DToL06674-RA 1
Vcard_DToL06678-RA 1
Vcard_DToL06679-RA 1
Vcard_DToL06692-RA 1
Vcard_DToL06698-RA 1
Vcard_DToL06703-RA 1
Vcard_DToL06713-RA 1
Vcard_DToL06717-RA 1
Vcard_DToL06721-RA 1
Vcard_DToL06790-RA 1
Vcard_DToL06797-RA 1
Vcard_DToL06803-RA 1
Vcard_DToL06805-RA 1
Vcard_DToL06812-RA 1
Vcard_DToL06817-RA 1
Vcard_DToL06838-RA 1
Vcard_DToL06850-RA 1
Vcard_DToL06852-RA 1
Vcard_DToL06855-RA 1
Vcard_DToL06874-RA 1
Vcard_DToL06882-RA 1
Vcard_DToL06921-RA 1
Vcard_DToL06926-RA 1
Vcard_DToL06931-RA 1
Vcard_DToL06947-RA 1
Vcard_DToL06956-RA 1
Vcard_DToL06965-RA 1
Vcard_DToL06973-RA 1
Vcard_DToL06977-RA 1
Vcard_DToL06987-RA 1
Vcard_DToL07010-RA 1
Vcard_DToL07019-RA 1
Vcard_DToL17098-RA 1
Vcard_DToL17133-RA 1
Vcard_DToL17132-RA 1
Vcard_DToL17144-RA 1
Vcard_DToL17149-RA 1
Vcard_DToL17162-RA 1
Vcard_DToL17165-RA 1
Vcard_DToL17177-RA 1
Vcard_DToL17184-RA 1
Vcard_DToL17232-RA 1
Vcard_DToL17234-RA 1
Vcard_DToL17240-RA 1
Vcard_DToL17289-RA 1
Vcard_DToL17296-RA 1
Vcard_DToL17301-RA 1
Vcard_DToL17382-RA 1
Vcard_DToL15036-RA 1
Vcard_DToL15063-RA 1
Vcard_DToL15099-RA 1
Vcard_DToL15116-RA 1
Vcard_DToL15120-RA 1
Vcard_DToL15138-RA 1
Vcard_DToL15141-RA 1
Vcard_DToL15147-RA 1
Vcard_DToL15148-RA 1
Vcard_DToL15176-RA 1
Vcard_DToL15178-RA 1
Vcard_DToL15188-RA 1
Vcard_DToL15198-RA 1
Vcard_DToL15202-RA 1
Vcard_DToL15231-RA 1
Vcard_DToL15248-RA 1
Vcard_DToL15249-RA 1
Vcard_DToL15255-RA 1
Vcard_DToL15304-RA 1
Vcard_DToL15299-RA 1
Vcard_DToL15334-RA 1
Vcard_DToL15336-RA 1
Vcard_DToL15345-RA 1
Vcard_DToL15366-RA 1
Vcard_DToL15367-RA 1
Vcard_DToL15372-RA 1
Vcard_DToL15376-RA 1
Vcard_DToL15379-RA 1
Vcard_DToL15390-RA 1
Vcard_DToL15429-RA 1
Vcard_DToL15444-RA 1
Vcard_DToL15446-RA 1
Vcard_DToL04764-RA 1
Vcard_DToL04804-RA 1
Vcard_DToL04813-RA 1
Vcard_DToL04836-RA 1
Vcard_DToL04840-RA 1
Vcard_DToL04845-RA 1
Vcard_DToL04848-RA 1
Vcard_DToL04850-RA 1
Vcard_DToL04852-RA 1
Vcard_DToL04853-RA 1
Vcard_DToL04865-RA 1
Vcard_DToL04867-RA 1
Vcard_DToL04869-RA 1
Vcard_DToL04881-RA 1
Vcard_DToL04882-RA 1
Vcard_DToL04884-RA 1
Vcard_DToL04886-RA 1
Vcard_DToL04887-RA 1
Vcard_DToL04910-RA 1
Vcard_DToL04912-RA 1
Vcard_DToL04929-RA 1
Vcard_DToL04928-RA 1
Vcard_DToL04933-RA 1
Vcard_DToL04940-RA 1
Vcard_DToL04991-RA 1
Vcard_DToL05030-RA 1
Vcard_DToL05048-RA 1
Vcard_DToL05049-RA 1
Vcard_DToL05051-RA 1
Vcard_DToL05083-RA 1
Vcard_DToL05088-RA 1
Vcard_DToL05094-RA 1
Vcard_DToL05141-RA 1
Vcard_DToL05145-RA 1
Vcard_DToL05160-RA 1
Vcard_DToL05175-RA 1
Vcard_DToL05190-RA 1
Vcard_DToL05206-RA 1
Vcard_DToL05213-RA 1
Vcard_DToL05263-RA 1
Vcard_DToL05279-RA 1
Vcard_DToL05316-RA 1
Vcard_DToL05353-RA 1
Vcard_DToL05354-RA 1
Vcard_DToL05389-RA 1
Vcard_DToL05404-RA 1
Vcard_DToL05435-RA 1
Vcard_DToL05454-RA 1
Vcard_DToL05448-RA 1
Vcard_DToL01748-RA 1
Vcard_DToL01779-RA 1
Vcard_DToL01780-RA 1
Vcard_DToL01782-RA 1
Vcard_DToL01773-RA 1
Vcard_DToL01799-RA 1
Vcard_DToL01808-RA 1
Vcard_DToL01819-RA 1
Vcard_DToL01806-RA 1
Vcard_DToL01810-RA 1
Vcard_DToL01853-RA 1
Vcard_DToL01857-RA 1
Vcard_DToL01858-RA 1
Vcard_DToL01863-RA 1
Vcard_DToL01886-RA 1
Vcard_DToL01890-RA 1
Vcard_DToL01911-RA 1
Vcard_DToL01931-RA 1
Vcard_DToL01936-RA 1
Vcard_DToL01955-RA 1
Vcard_DToL01970-RA 1
Vcard_DToL01986-RA 1
Vcard_DToL01999-RA 1
Vcard_DToL02008-RA 1
Vcard_DToL02022-RA 1
Vcard_DToL02020-RA 1
Vcard_DToL02027-RA 1
Vcard_DToL02029-RA 1
Vcard_DToL02062-RA 1
Vcard_DToL02063-RA 1
Vcard_DToL02081-RA 1
Vcard_DToL02085-RA 1
Vcard_DToL02090-RA 1
Vcard_DToL02105-RA 1
Vcard_DToL02133-RA 1
Vcard_DToL02138-RA 1
Vcard_DToL02173-RA 1
Vcard_DToL02192-RA 1
Vcard_DToL02226-RA 1
Vcard_DToL02235-RA 1
Vcard_DToL02241-RA 1
Vcard_DToL02281-RA 1
Vcard_DToL02283-RA 1
Vcard_DToL02280-RA 1
Vcard_DToL02295-RA 1
Vcard_DToL02304-RA 1
Vcard_DToL02308-RA 1
Vcard_DToL02325-RA 1
Vcard_DToL02334-RA 1
Vcard_DToL02335-RA 1
Vcard_DToL02342-RA 1
Vcard_DToL02329-RA 1
Vcard_DToL02349-RA 1
Vcard_DToL02354-RA 1
Vcard_DToL02363-RA 1
Vcard_DToL02367-RA 1
Vcard_DToL02398-RA 1
Vcard_DToL02402-RA 1
Vcard_DToL02421-RA 1
Vcard_DToL02435-RA 1
Vcard_DToL02443-RA 1
Vcard_DToL02504-RA 1
Vcard_DToL02524-RA 1
Vcard_DToL02529-RA 1
Vcard_DToL02515-RA 1
Vcard_DToL02523-RA 1
Vcard_DToL02530-RA 1
Vcard_DToL02531-RA 1
Vcard_DToL02580-RA 1
Vcard_DToL02579-RA 1
Vcard_DToL02603-RA 1
Vcard_DToL02616-RA 1
Vcard_DToL02624-RA 1
Vcard_DToL02633-RA 1
Vcard_DToL02649-RA 1
Vcard_DToL02676-RA 1
Vcard_DToL02677-RA 1
