length_DNA
50
4085
809
2835
1481
293
2210
1695
3259
4290
3466
1498
1269
1006
3000
2595
2749
4473
5229
1685
2550
950
4539
1783
1030
2235
2100
2512
3214
528
1377
4876
3504
2662
939
4162
2512
1132
5486
3982
6158
3338
3864
1994
1959
3360
4065
1788
2238
623
1667
6316
2555
3089
821
2317
2072
1121
5315
2701
2588
3416
2341
3010
3326
5767
4188
638
1239
2653
3966
1222
2527
2107
1813
3889
1489
2435
1733
2662
1231
478
3598
2247
2276
3393
863
1309
4533
2278
2865
1899
2926
599
1999
3101
2059
495
1245
1691
945
3486
1240
314
4014
104
775
3261
2463
4932
2058
2933
2448
3123
828
1258
1822
4165
2758
2210
3491
1205
1964
3197
910
2034
777
972
3377
1251
2599
1198
2465
4969
2958
925
746
1228
1478
1921
3245
3422
929
1430
2154
1206
2029
2319
3122
2287
3176
3242
1342
2971
3536
2464
199
741
121
853
1495
1573
1841
2752
2046
2945
2496
1312
1088
1416
861
1302
2922
4449
4005
1679
1636
1783
2871
3427
3576
4075
3241
1793
3355
2597
1916
4003
2941
1899
3074
1599
2760
2355
4557
1664
3130
2081
1213
3707
765
2243
2920
2390
451
2546
1281
2467
554
1856
818
2796
1841
1524
3778
1932
1787
1982
632
982
2008
3116
2949
2498
3063
1361
975
2592
3525
1708
2577
2033
1538
3908
1498
1336
3277
1533
3806
1790
2740
1248
1539
1444
929
3850
2195
573
1347
557
912
2110
683
2261
1109
961
439
1961
2928
503
1534
1843
997
3487
917
6508
684
2202
933
1380
2989
707
2927
435
2811
1695
1267
3390
3911
3350
2678
2474
2262
2177
1305
2241
1213
592
7588
4100
1650
1135
1441
3364
1594
3732
971
4208
2808
1092
2388
2354
2000
3313
5744
2424
3666
1738
1954
579
1332
2926
1328
1904
1630
1912
1263
2897
4976
1346
1062
3731
1106
3648
2690
1636
1092
2127
1908
4077
3150
2159
1482
979
985
559
2631

2749
2335
1141
2254
488
908
4213
2096
2347
1739
1114
1387
645
1529
1484
2424
2602
2718
731
3562
5857
2031
2380
3606
3494
3643
2546
6588
3400
2446
2779
3265
2389
2831
1573
4250
95
2282
1184
2235
2959
1639
903
1800
244
247
1210
1475
613
2439
3645
2653
980
6608
1472
2828
614
2463
4571
1301
1296
796
2598
1547
2334
1484
1976
704
1346
2226
2345
2127
2083
3810
874
7912
13796
2328
2731
2596
1698
1506
2388
2222
4782
3468
1690
1209
3090
2374
1892
971
4369
923
1358
304
2228
3585
1425
1609
5888
3042
3000
803
4635
855
2736
1431
1445
4113
1851
2501
1024
2131
3545
2500
1993
931
1915
3986
2273
3827
2438
2560
2870
3324
2889
3895
3683
2509
1393
4294
1090
2238
2143
1725
1949
2819
1987
3113
2533
2237
2894
1567
3894
2002
4079
1551
1952
1248
2622
1905
2315
3770
2575
1151
3631
2713
3031
2009
1574
2077
50
646
72
486
329
1897
2590
2334
1637
3217
2581
2530
1613
1753
1890
4996
7056
1987
1741
2934
1143
1382
2254
3233
2120
3595
1378
7325
3780
3548
3420
5375
1469
3850
2354
586
1305
2102
1350
856
2017
1288
3138
2421
2669
2465
2051
4707
2634
495
1085
1643
1913
934
1070
2828
1313
4040
1825
3776
698
1720
721
792
90
1580
2361
103
1694
1733
737
3788
4656
2008
896
851
3790
2179
2487
1757
1977
1899
2191
2351
2235
4148
804
5942
1984
672
3051
3930
1112
2222
4317
3677
1009
3309
4877
863
2458
2033
2171
1453
4162
3357
6975
4636
1256
1207
2695
6546
3172
2132
2008
5505
1218
2293
1277
2064
2387
1373
1554
1361
1155
3159
5425
3751
4124
963
1864
849
1794
4020
1564
2479
4769
1425
1820
3355
2114
886
2452
2709
4197
1327
2953
3040
1824
5790
3317
6470
5338
5237
2045
3479
2660
1554
4241
6386
2344
1828
1672
618
1423
2712
2187
1598
3541
2490
4248
1888
2952
2214
4960
789
2553
1885
1985
1669
2858
7337
1308
1850
5481
2729
4297
2038
1953
1801
698
2112
1974
3015
3106
2166
1420
1249
2143
2759
4323
2313
4888
5582
4085
1600
1192
3307
3384
3167
3371
2572
2811
2109
3449
3953
2246
451
942
1271
558
934
1536
1318
1181
3776
1561
2491
2126
581
1018
1426
1545
1004
731
564
1056
2884
2978
2652
437
2385
1135
5147
1261
5071
633
3208
600
3490
470
2919
2851
2387
931
1755
1742
76
726
1992
487
1334
3764
2662
2640
1464
830
2291
632
759
1297
513
991
2437
1467
1359
4310
1716
3482
2690
2004
2963
984
4895
2475
1854
1621
1154
1938
890
2535
2470
1355
2932
1934
1713
5568
2702
907
3188
2838
1754
2328
1470
1345
2137
3477
1142
510
1920
3290
1476
4554
1511
953
2974
1111
1507
2476
769
1456
3165
2996

3356
4482
2632
3087
4149
1276
1727
1242
3611
2999
3509
3291
3221
3245
2975
1679
2118
2395
6889
5829
3607
2320
2984
3263
3933
2419
1223
3293
1487
1530
1491
2297
3911
2045
1620
1991
3573
5935
3189
807
2232
2607
2977
5052
4311
1753
3393
2184
647
1545
1287
2138
829
2285
653
5072
2443
1715
4084
1879
1156
1852
2536
2556
3030
2224
2493
1376
641
1380
2210
1071
3660
2489
3608
2002
4134
2278
3471
2207
1228
4393
3910
5208
1049
4594
2934
2137
2279
1573
2081
2300
2459
905
1121
2230
2150
2729
3732
2990
920
3859
1330
1504
3610
2586
2070
3344
1409
2554
2498
2429
5444
2864
4528
2240
2700
2530
1986
1818
1549
2999
1203
892
2175
2857
1874
2388
1595
2464
2646
2551
1741
4800
1770
2484
6403
3673
6091
2534
3085
2219
3772
2439
2285
2637
3078
2664
6347
3159
1732
2149
1244
3249
2253
442
7791
433
1974
1544
4175
111
2914
1953
2969
3522
2230
1846
2424
2763
2557
3077
3575
558
2987
1836
1379
1906
748
3824
4076
1057
2834
1780
1784
121
374
392
1967
574
1278
3925
4775
2294
1248
4822
798
768
2388
1130
2490
6422
2303
2453
1861
2338
2439
2113
3969
1364
549
1834
3085
2267
1427
1760
4660
3486
2536
957
857
2200
2067
875
815
3126
3974
3524
1434
2895
2353
2920
545
810
5194
3406
2209
1579
1349
2963
3132
1862
1280
1043
1968
1499
1333
2396
2430
7705
1170
156
540
842
4610
1564
3191
2004
2498
1926
5059
3954
3802
2303
2169
2790
3822
3774
3232
5972
5172
1383
3819
3944
3811
1522
1342
2104
1715
2456
3101
4931
5036
1366
3229
1740
5748
4025
2924
3774
3677
2391
3870
5395
4330
4669
409
2066
5711
2077
2986
2277
3387
1452
1379
601
1410
3629
2376
1248
3967
2568
3402
3178
3359
3877
860
178
636
3031
2173
1478
3417
2623
2933
4511
675
2396
1577
3803
4605
3104
2002
1885
1959
2269
954
3032
1458
1965
3177
3740
3136
2994
3187
2993
3623
4310
3151
1912
1128
2942
4019
2674
2179
2381
2575
3011
1685
1656
837
1602
2683
1028
1000
313
245
1635
565
2512
2629
1556
2164
1602
2217
2807
1863
3410
1573
165
1677
793
3154
2993
3680
5207
777
1290
1256
4270
2583
1509
932
4475
2171
887
7530
1070
2681
1070
2385
4188
3877
910
506
1195
295
475
1401
307
1036
1808
2905
1522

3507
1338
728
1134
2978
382
1001
1360
1633
1429
2355
2408
450
1779
2358
1243
1333
553
2109
2196
2544
3296
2364
1589
3416
1823
3592
5873
5381
3825
3828
2829
1560
545
3651
401
854
1441
1844
3212
6093
2385
2175
1091
1319
2862
3416
1353
1207
1301
1886
2713
1171
1235
452
1831
468
350
761
1786
2694
5279
3574
3133
3247
2721
3633
4561
2855
4387
3978
1603
1858
1051
1698
3174
972
1949
2588
2001
4020
1557
4746
6556
3270
2596
3193
2866
5714
2854
3501
3730
2666
3544
3873
3327
5210
5196
3702
3885
2205
3637
3639
4502
2051
2301
1831
2632
5612
1345
2378
3778
1598
2256
4545
4678
2453
2530
8341
4179
4375
1976
4140
1916
4839
2972
3951
2446
1968
1179
1325
5852
2589
2570
3015
716
123
1088
3627
1525
1587
2560
978
743
533
387
1553
2565
475
206
1140
4394
3331
5977
1550
3639
728
752
2657
869
2102
861
1190
480
1086
422
1162
1670
1662
3086
866
3407
5684
2582
2943
1629
1680
1297
1383
4277
5743
1750
2504
1117
1999
4249
2820
3750
2660
944
4235
6242
2829
4426
3227
1857
2453
2401
5140
4903
2381
1703
3731
3755
4226
1791
2683
4068
5154
1735
1400
2296
1564
391
3753
1657
2565
2313
3213
2380
2362
2457
3102
3079
2521
4524
3578
3339
2588
3273
1448
3731
5199
4221
968
1862
2175
4602
4236
4565
2441
1879
3211
1043
1773
2598
1269
1626
2395
1770
2826
3145
2715
756
2551
3146
3485
491
3077
3424
2638
3815
1675
4820
2844
3736
1601
1603
5883
1883
2495
2511
3795
1076
816
1391
1602
1463
2600
1760
1036
1647
1197

292
1128
1421
763
4354
1441
1799
2945
1431
1652
685
890
1972
3176
2061
2910
996
1473
1211
1402
1801
685
1261
1360
1646
3120
3359
5200
2562
3954
2657
5050
1374
2842
3991
1864
2814
2335
3522
2332
1667
1518
695
5569
3856
2316
2636
3401
3246
2371
3170
1337
4025
2591
2495
3467
2668
2367
2036
3346
4083
3113
4988
1532
1254
3108
2832
2692
1302
1669
1191
2461
2206
2308
4598
1174
3194
573
1150
278
453
1971
3979
1994
1166
2157
3648
4685
3758
6699
4696
3868
4166
3791
2811
1836
1888
1016
2219
4145
3264
2200
2717
332
1574
2110
5724
1015
2753
3885
4896
5621
6539
3927
4898
11983
3424
3399
2606
3847
3682
6642
5425
5335
2664
5143
1043
4252
4230
6318
3736
3941
2554
8519
7132
2994
3558
6694
5144
1843
3207
1686
2025
2286
4339
2904
3383
9212
2836
2676
1441
2871
4026
3114
4295
1695
4122
4229
2238
1551
3532
6914
1025
1600
1722
1387
4891
6920
3506
2645
1081
4480
5267
2086
3895
2627
2412
5507
4816
3664
3640
4422
3388
2597
1994
1002
4257
3972
4734
2587
631
3129
4217
1388
3272
3223
4620
2548
3782
873
2626
5253
6610
4595
3232
4173
3087
3531
5582
3220
3715
1957
3583
3386
2237
3075
2414
1395
1295
4822
2700
1197
3616
2103
2359
3469
4199
2771
3817
5293
3935
8375
1361
4097
1368
991
2846
399
431
1017
2211
625
1213
1751
599
1728
4744
861
3520
3756
3468
2811
1178
2276
1721
1875
2010
3822
938
1222
549
77
676
1883
2506
1826
3554
1421
2414
7319
3264
2475
3105
2779
774
1224
2013
2702
2844
5751
4495
3346
1812
2001
276
448
2828
779
864
1625
4146
362
2084
95
973
2518
1943
2788
1726
2293
291
2395
873
527
2084
2042
2915
113
2713
2513
1961
2417
444
1833
5011
3872
3796
1720
1103
369
1859
1464
3417
2371
1712
1093
2892
703
1532
2130
2891
2485
4873
1256
2196
420
5823
1132
2624
2607
3320
2398
2072
1416
3534
3108
5396
2089
3323
3520
3453
2799
3610
2077
2996
1716
1585
4446
552
1770
5015
4478
1510
342
2162
5016
2483
3531
399
1394
2054
2572
988
901
1316
1477
9586
852
3947
2105
1160
1752
2253
2498
3073
4731
885
2623
3332
3532
1768
645
2817
6475
3055
2030
3129
4022
5106
2687
3487
3266
4862
4113
3228
2389
2355
3643
3245
6206
6387
3680
2960
3170
2445
2905
2202
2978
1154
928
3000
3274
2470
3751
2168
2780
1952
4260
1286
1317
2340
2189
5278
2742
1354
4290
1605
1895
1124
2613
2356
1971
1904
350
730
684
2823
1543
2033
1442
439
2121
1724
515
766
3058
1622
2022
592
2093
5781
6461
11867
3664
3397
6260
4309
5752
1923
2853
928
8012
1893
3690
2869
3702
1587
871
5477
2173
2360
2845
1124
3876
2498
2156
1727
480
2244
798
2006
1852
1160
2643
5616
2259
1588
2577
2008
5519
3600
3357
2814
3633
2838
5116
4287
3953
3906
1108
2330
4267
1309
3926
2508
3502
4059
3502
2210
3190
1969
2583
4129
4570
3948
3125
2342
3182
2589
1371
1820
2860
601
2191
1532
4274
1482
2043
4946
4560
3479
2676
3919
2399
2850
2732
6312
3799
6395
4847
3679
5691
4320
2664
2186
3031
1992
4198
3922
3818
4726
3022
1877
2640
2098
1622
3436
3639
2629
3051
844
944
1991
1378
364
1785
5820
661
2049
2797
1921
3530
2040
2742
1291
814
1908
1849
1589
2445
3999
3587
2026
6871
2452
2099
3710
2595
3247
3032
2896
4909
3454
990
7925
2516
1999
4412
547
1202
2973
1794
2107
1335
869
2152
1315
2811
1154
2714
2311
2474
3038
1328
2243
2823
1717
5621
957
3960
1984
951
1368
957
1804
764
3349
2638
1376
1648
1503
1313
2466
3231
748
6565
2098
1461
750
2569
791
2231
3202
3108
4853
2601
2503
2183
1876
2589
2225
3998
1318
1810
1065
4459
2510
3284
2607
1486
803
2698
3207
2739
1191
622

1871
669
2230
1205
1807
2810
1771
1379
3511
1865
6650
8873
4132
7739
3057
2547
4154
2546
4458
5287
2177
3460
3620
1603
4526
4301
5785
1267
5686
2805
1307
1719
4386
1090
763
6443
3128
3618
3330
1741
1869
2202
2504
1629
2375
2361
857
1759
1301
2645
7825
1067
6741
1834
1834
1659
2645
2170
2692
1774
1995
1943
1651
674
3603
3878
2937
3297
1787
1339
1178
412
2353
1150
1311
1623
4252
995
1680
1999
758
3312
1508
652
3224
502
830
1582
1745
1379
1612
3190
2235
3496
1725
353
118
397
464
580
681

154
1757
712
497
658
1763
3674
3067
1178
1930
3488
3594
2510
720
3022
1210
4252
2279
517
1516
2675
1456
1234
3855
3264
4186
2063
6136
4469
6797
5351
9836
3144
2748
845
5813
4762
6319
3280
3334
839
2498
3921
3723

4264
617
2585
1835
1501
2529
6512
3138
2253
949
3695
2055
1773
1092
1961
2201
2565
1712
2791
4056
1366
1903
4075
4136
2836
1736
2509
2782
2502
3692
4857
2366
3159
2870
2946
2243
1951
3180
1168
2217
1482
2539
2381
2051
1306
1643
1186
1203
2420
994
2708
1624
1857
2946
2149
4565
2527
2489
1799
1903
1606
2886
5079
3245
1585
775
752
4518
1937
2178
2518
1288
2537
1296
2213
388
1617
2798
1154
3623
3605
2682
1290
173
910
297
3440
1657
818
1565
3736
2511
1347
4094
1757
189
1541
410
1033
1105
5084
533
3786
793
1065
3698
4083
1396
3068
4915
1057
3389
3820
3165
2149
5042
4233
2569
1912
3832
2574
1719
2044
2945
4535
3074
4954
4315
3038
3400
3737
2103
3674
3085
3687
4090
7157
4232
3886

5768
6331
994
3018
3361
732
3572
1778
3260
3145
2555
483
2491
246
3054
4644
108
3323
830
1756
2099

1250
3041
2251
1025
885
5822
4727
8695
2488
2678
3914
3900
2116
4694
4116
5060
3779
3897
263
272
5579
6186
2486
3146
2927
3835
2493
2059
7427
1930
52
819
4077
5207
3828
8738
11061
6648
5489
2670
2714
8577
1087
673
7432
8681
15164
4645
5691
1266
260
707
68
2266
3836
1984
3688
1443
1740
2590
72
5378
8796
2374
1651
1885
2061
1635
917
2937
3177
4361
2179
1293
639
1812
6115
64
1992
1742
2156
7790
2606
1564
3596
2794
3033
5548
3243
997
6607
3278
3010
3041
3454
1039
409
2181
1617
373
3930
3376
1932
195
3906
4517
6078
2207
5986
716
3305
2702
1506
144
345
2215

1836
2621
2143
954
1893
1634
1730
443
2465
1067
1606
2125
3215
2646
3085
3077
2848
4691
1339
1720
2355
3323
2111
3179
4876
5686
2110
3587
3868
2604
7254
1424
1476
840
2570
950
3960
4085
4163
1779
970
1944
2695
5743
2792
2289
2745
967
1274
657
1268
5891
1810
2520
934
1519
93
92
470
853
3180
878
4014
2712
2549
2019
2615
2422
1756
2182
4503
1888
2675
2774
1489
3192
4604
1780
2158
1978
4039
422
1031
1518
814
2544
1901
2952
1498
4029
1133
3183
2728
3596
1643
2746
1019
1118
1704
1153
2572
1504
2229
1307
2258
2233
2273
156
989
3165
3354
2967
1729
1983
2519
3810
2953
5845
2347
1949
4507
2398
1017
3054
1969
6375
5560
1935
1609
979
3644
5574
3669
2497
2829
1499
1467
554
1102
3743
871
1127
2964
1584
2108
5211
3198
1853
2233
3058
3871
2287
2229
4071
2921
4410
1173
785
3407
4328
2848
6061
3959
6695
3399
1520
1797
4112
3148
3416
1430
4031
1032
2277
2052
1281
635
2730
3451
1291
4726
1510
2100
1511
3685
1070
271
1145
3393
3320
2358
783
1605
418
786
4017
3361
2295
2984
1748
588
1026
1202
3646
1610
1876
698
3258
3131
3862
786
2166
1255
1285
2244
351
2085
1664
2268
2224
2676
3347
1924
2539
2949
2491
2109
3368
3428
2469
1462
2466
1010
3112
3545
3690
2927
2876
5238
4869
2570
4389
3192
2256
3213
2189
814
2745
2293
6087
1838
3358
1835
2834
2418
3880
6021
3469
4442
2473
4806
4893
3526
1677
766
3794
2283
1957
1639
2262
1287
1871
2121
3993
3868
672
3269
1584
390
1196
3166
3396
2537
5835
1887
2805
4046
3627
4502
3599
5047
2491
2031
3055
2389
2322
6171
3430
1004
2843
4902
770
2950
3998
2926
2232
2580
1985
1949
4831
2666
5207
1457
1649
1526
3233
7403
1945
1564
2114
2407
1642
487
1281
504
2177
686
2663
3221
3843
3213
1421
2735
2044
2047
1769
1540
1783
2413
2181
2683
2202
1075
689
4744
2949
4262
2403
1322
2163
2235
1072
783
1670
1899
1072
2149
2041
4169
2500
3913
3420
3229
5430
975
1542
3115
2842
2325
4356
4075
4314
2599
2623
2322
1014
1988
3996
1240
2953
3632
1973
1767
4003
3624
3912
4251
4116
1604
4297
4972
1773
3898
6181
4327
1661
2317
5980
2125
1171
2572
3131
542
2756
1763
1682
107
1831
11593
6087
2292
3614
1436
2473
3103
2556
5550
2910
2161
2743
4234
2414
2444
4115
2442
4321
7887
7916
2103
4376
13519
14648
28168
28268
14184
6256
2740
4160
2163
5479
5104
2158
2692
3136
4600
1633
1740
5223
1295
2601
5650
2434
3509
4492
6030
3673
12209
3710
1757
890
3601
3850
2721
3293
2858
1925
1349
1824
1917
2160
2866
4385
5710
3156
2180
5114
6355
7650
4041
11755
4892
10578
4165
3942
1237
3585
940
2764
4403
2853
3069
3458
4212
1450
2863
2031
7439
1429
1467
3375
4469
5183
3121
3755
3058
2517
2720
3174
2483
11935
21290
9939
14161
11339
2707
4572
8128
1391
1627
3136
3409
2404
4211
5410
1382
1027
1096
2333
1237
1577
557
1397
1068
1500
2415
2267
4025
566
938
2129
4219
2667
1110
2407
4671
3711
16090
3912
645
410
814
2553
2940
3084
3156
3347
2991
4320
2514
3011
4102
1872
1201
1939
4849
4757
4040
4723
2723
2408
11
2439
2919
3123
1477
5470
3261
1234
3432
2416
1017
983
1298
2773
3077
1726
4725
1288
1345
4200
2121
4734
4604
1512
1231
3677
6358
7279
3766
2943
4582
1184
2042
1308
3509
2288
4532
3988
1389
1051
2965
6137
560
1966
1609
6195
4609
2270
3362
1303
3697
2698
2248
3842
671
3831
1769
2248
4769
747
4152
2321
1311
3128
3809
1212
2381
5852
733
2250
1570
1957
3678
4532
1546
2856
2713
2801
2878
2072
3177
3114
1164
5400
2280
1700
1338
2224
2582
2682
1718
3192
1139
1369
802
927
241
312
261
1615
2453
8668
11147
14151
13304
5553
5567
6196
3573
3724
5502
1489
6222
1925
4298
4239
4399
7504
3267
7503
4253
4153
1813
2017
4992
6051
3148
2478
5532
3295
2644
3284
1864
2510
1002
2427
1216
2175
4619
4352
8120
2092
2695
2858
1671
3238
3442
2160
4272
2197
733
1201
3408
3576
2304
3339
4296
1564
3177
1483
2062
4108
5866
3491
3573
871
2526
2792
1961
828
1711
2959
3734
2952
1016
2378
1341
4163
666
3243
1607
3260
1833
3948
2469
550
2074
2795
1510
1836
2980
1927
2742
1796
8312
4831
1278
1250
934
939
2219
3512
2940
3422
2333
2235
4767
3374
2909
3177
3888
3428
1980
1699
2737
3724
727
1327
1025
891
4019
285
3707
3282
3472
3333
3329
4953
4755
4775
5610
4095
3093
3218
1976
3048
2507
3531
4523
9686
4136
2879
3890
4353
7178
4111
4409
2972
2613
2224
3594
4033
2648
2171
1144
2996
2919
2610
3091
3503
4435
2612
3581
4182
2873
3863
2777
2413
2244
2574
6762
2498
2112
4071
2908
2940
1798
4418
1103
3308
2548
4312
3708
4343
3286
5132
3406
2085
5293
2309
1640
5285
4312
3764
4130
3626
4222
3467
2898
2760
1779
3667
6625
2660
2981
2558
5668
5547
5089
3658
2934
2075
2408
5663
1582
4394
5634
3111
3717
2757
2185
5636
3820
2501
2534
831
3116
2980
3804
2845
2730
3797
1547
2691
1494
1848
1121
1078
45
316
190
1727
3458
1645
2646
4665
3786
3195
1634
3420
3039
6682
2907
2569
3296
4090
3548
4464
5024
2125
7201
4479
8095
2675
3279
3907
6169
4906
11153
5784
4389
1147
3162
6283
3068
3710
2317
2298
3258
3731
3606
4786
1390
2951
1519
3229
5139
3879
1307
2797
5729
7720
2362
5163
3514
2377
2246
1944
4739
3169
1919
2463
3843
6389
2790
1350
1965
2134
3657
1405
2347
3765
1616
2386
2096
3595
3879
2464
3284
5016
3724
5297
6030
4469
4721
4032
1284
1459
5530
1770
4828
1910
4324
4289
3028
3562
3254
4614
3400
4462
2907
5652
2652
7235
477
1938
4853
3239
916
2351
1795
5625
1302
50

175
2397
2080
2734
2040
3097
908
2231
923
1323
3510
3158
2207
3291
3883
2452
3522
2698
5015
6596
5228
5186
1479
5974
3799
2753
2916
497
2160
2912
4429
5493
2640
1361
1252
794
2304
1436
1850
2243
4078
3587
7015
2484
3204
6306
1662
3691
3182
4654
4488
3489
3252
4027
4595
7168
3348
5917
3941
7435
2696
5215
8538
5977
4286
5208
6024
7317
4134
4065
14754
17606
17090
10517
4061
6411
2655
3232
5710
3041
5376
5718
4131
2504
3952
4489
6830
8397
6025
5453
4716
3954
2018
3842
6454
4243
5787
4150
6472
3448
5560
3024
2900
5243
3897
809
2527
1842
3210
1327
4256
4883
1460
1382
3117
2216
1703
2336
2269
5351
2639
6295
3735
1317
2751
1774
3104
2469
6046
3202
6376
3970
2875
2907
2172
3650
3534
3075
3711
2525
1062
2230
3832
3110
1185
3173
4960
4518
1063
4689
612
802
2123
1527
1932
3976
2107
2180
5173
4195
5934
2707
2627
1143
2555
6464
5798
2670
1611
2120
2497
1764
6869
707
1826
1343
2352
3760
1696
3697
1115
2735
1141
1798
2180
2964
3308
2506
4892
1715
2190
2149
4171
5129
1876
1613
1820
2671
3077
4260
3193
4945
2374
3417
3222
1686
4662
2732
4037
2532
1509
3777
2661
6020
3631
3251
1293
2018
2840
3365
3865
3161
6371
2849
3273
2317
2260
5625
4119
3913
5338
4300
2178
6643
7852
3872
4064
2844
1579
1191
4233
2012
5239
3421
3421
2894
3582
3965
515
3062
3016
2276
3439
2083
5208
3609
2543
2818
3959
4933
1226
1887
4354
3358
5336
1821
5510
4998
2495
3248
3929
3337
2236
5470
4403
3326
5497
2110
4199
10212
4914
5703
5030
2600
3774
2862
5991
2408
5159
5009
1105
2166
5197
1325
9256
1939
4285
8138
2885
581
1752
4535
4419
1776
1263
1390
3425
2208
3753


1732
2654
4786
3004
2921
4839
4520
3787
3115
4724
5881
5524
3801
4302
3138
4515
5825
8101
3883
4589
4524
4869
5043
4901
5153
2244
4948
2224
5363
5483
2843
2507
2474
4029
3456
4319
3745
1016
2573
5620
4996
6068
4813
2651
1974
1841
1438
4654
5418
6622
4942
3189
4426
3103
4292
5511
7012
3455
3762
6557
5406
5337
5050
5208
5481
3639
4468
5110
3220
4392
2647
3910
2788
4538
3297
8318
4048
3751
4006
1521
83

4107
3529
7910
7899
6940
7397
5031
2987
2197
9638
6920
7834
5742
7027
5771
4866
7728
7990
6100
7828
13390
7589
6319
5471
6687
3601
3057
8748
14466
16709
13938
14038
3371
8323
11751
12303
13102
12400
5866
3876
3733
12757
12330
10948
11872
14535
16905
3930
6143
6933
5862
5365
4364
5544
5694
7230
3356
5163
2500
6658
10122
9159
15309
21690
18699
7674
4454
10058
9784
8221
6777
6685
5982
7291
5578
3766
5246
4806
4643
6285
2379
2423
3210
4876
3909
3324
3213
4096
3543
4854
6025
7353
5599
7593
5739
4965
4165
4255
7605
2763
7551
5432
9104
9806
3576
5411
3113
6986
3354
3137
4994
5594
5971
4357
5697
4231
4279
5847
7098
5903
4595
6756
4125
4263
7107
5584
3132
2268
5199
5929
3434
6439
4057
5121
4446
5474
5685
3293
4475
4556
7044
5723
3818
6659
8421
4363
5073
3313
5433
6679
4010
5833
9626
4638
3568
975
2606
12231
7398
5399
6509
8102
10074
7959
7084
8252
5049
8031
5146
9189
8290
8072
6805
6768
8272
6914
9103
8773
11805
3692
14131
16435
4923
10788
5577
8615
8227
5259
2932
6140
6538
8462
5614
7885
9588
5549
5484
6232
7180
5597
9718
9083
5358
4184
4383
3577
5027
5703
6506
6842
6264
2563
6261
5130
1876
4679
2101
2778
