length_SINE
0
2711
1514
3287
2529
4461
5439
3697
4262
6879
7049
4327
5493
7171
7764
7030
11662
7089
10301
8198
5667
6133
6573
5937
8903
6736
6116
8076
7910
6229
9320
8246
8183
4551
7533
8979
6682
7319
8775
6382
4492
4901
5212
6208
4902
5102
2959
4146
8131
9537
5605
3055
2494
6072
5801
5033
4016
4838
3585
2713
4609
2637
4854
5350
7818
4664
2454
3536
6676
4287
7574
1899
6265
4607
6886
5468
6147
6554
5029
4336
5482
4444
2654
2768
2744
4086
1592
4005
7933
5441
6596
6847
7719
5382
6502
5990
7059
4182
3475
1261
6878
7062
4130
3471
3635
1789
2933
1639
1320
4060
3538
4967
5986
4757
6013
5633
3857
4230
3883
1718
3057
3934
6265
8251
3858
4711
2951
2775
4965
7333
6705
5464
4947
3860
6857
5625
3116
2452
4535
6229
2354
4406
4529
4645
4865
6160
8681
4684
4118
3102
5604
4449
6586
3158
5370
3829
4515
4050
7038
7879
8548
7340
5046
7599
7562
4252
6522
2720
2280
954
178
2818
2982
8081
8099
9876
10236
6802
7667
9255
8955
6240
10401
11407
9210
11341
9552
7863
7141
7399
7401
3191
7413
8429
10091
9394
8543
7320
6003
5395
5527
5951
8456
6547
4344
3267
2178
4121
5059
6966
3373
8239
8353
7259
3458
9305
3720
2696
4506
3975
6125
4216
5062
3354
3729
3851
7571
8235
6073
7736
5912
6592
2855
2279
4495
3198
3160
4102
8564
7174
10678
7248
9998
4237
4421
2578
2296
4510
4669
5757
3606
2387
2550
4033
4449
5144
5109
5684
3212
1649
3358
4943
7435
4053
3356
1886
2996
4522
5619
5157
5591
6554
7035
3834
3905
5320
3942
6740
6994
4120
3264
6213
8287
3066
8766
9577
4827
1339
7629
8420
6827
10400
9334
9922
8289
8892
7667
9861
6956
4321
3369
3618
9944
10759
9044
6738
8173
9106
10490
10637
8179
6222
10427
9519
5980
6557
6654
6704
6418
2703
2330
7005
4372
7423
7182
7095
6262
5146
7126
8059
6089
8024
7947
8091
5475
4549
1218
0
2139
4017
1549
2706
1263
4402
6136
5939
4941
7220
6120
3261
2644
4731
4904
6072
8134
9664
5652
6921
7850
13864
11471
7724
12991
6600
7333
10066
9867
12437
10129
6240
4972
6569
6441
3167
4438
3757
8358
7482
5832
4594
5241
3035
2260
1528
3926
2658
3783
3362
6041
7878
7091
3826
7387
8777
2514
5628
6797
8720
6507
7901
4062
3724
3838
6469
5491
5762
5402
5188
5049
4741
6636
6181
3215
3197
2040
9008
6147
2999
7212
8287
8868
4994
6347
5932
7614
5336
6006
9583
6352
3421
1618
3244
2063
1934
5310
3646
8374
4544
4789
4217
3719
5198
12678
5807
7203
7055
7935
2545
3275
5537
5811
4305
4904
8511
6169
4796
8656
11293
9819
7690
4412
7195
13929
10022
10876
9154
9736
7422
7487
5438
5973
5518
3988
8671
9620
8801
7606
9552
10623
12086
11583
10876
9568
9003
11213
9355
10307
12234
8625
9967
8566
6604
9005
6731
8236
7809
8351
7025
8192
5485
1714
821
0
30
2736
1416
4859
7419
5713
6364
5506
6901
9501
5532
8528
9676
5525
7614
6053
5458
4820
9286
9172
7617
7817
10094
7948
9161
7460
11581
13373
10782
6731
5653
7042
4473
2461
5941
4049
2952
4280
3944
4310
2268
3422
5910
4855
4497
5542
4859
3840
1535
4842
4300
5141
6325
7198
5876
5149
3838
4418
5913
3637
1549
1269
2106
3153
3708
3167
5231
3415
2213
3271
6024
4314
6123
2536
5689
4630
5024
4978
8625
7925
5347
4606
4545
3983
6712
7649
7758
8111
7628
5326
3719
3148
7309
6985
8142
5967
5674
4707
6117
2868
7172
8126
10095
5965
9292
6624
7472
8516
8130
6086
4770
5229
5396
6702
5652
6826
6120
9167
8271
7688
6392
9061
8861
4977
6227
8557
8723
9147
7097
7151
8774
7705
9665
9798
8227
8994
8438
11652
7536
8291
7055
8065
10442
9484
9564
11278
9302
14562
9339
8604
12511
7163
7738
9687
8544
4470
5132
6942
3766
1176
2177
7961
8205
9495
10388
8925
11045
13776
9044
6849
6149
3303
9927
11151
8462
7262
9791
9568
8810
12446
7198
6727
8365
7032
8843
5910
6269
6231
3744
8220
7494
3031
8299
7958
8294
8195
9140
7368
7699
8592
9601
8878
6787
6462
2299
5517
6274
q6842
7314
9076
7056
6332
3686
6213
5999
6611
5745
10012
5468
6876
3629
3821
3334
2570
4520
2147
4007
3791
1283
4996
3509
6106
6705
3506
3514
4783
5736
3861
2896
2643
3271
6021
6662
5341
2326
9124
5725
6091
3785
5562
4934
4554
2730
4298
4370
4551
4958
4040
3198
6561
8128
4687
5661
6249
9175
5307
5188
5085
3651
4327
4443
4957
5426
6650
6806
5604
7751
6006
10286
4984
9065
3815
8062
9570
8886
8752
5264
8368
8133
10009
7644
8536
8829
5587
5453
5021
5902
7176
8760
7530
7582
9016
8575
9403
7132
9194
9217
11671
10509
9020
9447
7135
6963
4181
7417
7039
4883
6823
5548
1046
0
5432
6160
6716
6643
8745
6130
5604
2899
2774
5172
10031
10831
10488
9267
8770
11087
10505
8015
8808
10820
8120
8008
8036
7701
7142
7347
5858
7576
5415
8224
11267
8495
8103
5994
6906
9306
6278
6196
4781
5478
6534
8021
7330
1688
6155
10195
5485
6559
9099
8882
9150
5634
4013
3269
3231
6906
6457
7362
3716
3074
4437
6985
7743
8166
8347
7130
9400
5934
8348
5884
8159
7230
7463
11059
9747
7981
9567
6914
4361
4926
7148
5042
3490
3213
4241
2867
5514
3990
4282
10547
4901
6076
7593
8925
6792
7020
5211
8847
9178
9266
10021
9273
7458
7142
6861
5198
2995
3769
9579
8617
5984
3937
5987
9427
9574
10215
8822
9004
8564
8166
12846
4657
7144
5198
5721
6540
5310
4370
3459
5050
3827
3607
5420
4700
4477
4342
7744
9254
7246
11699
12044
9456
11584
13717
14049
11685
7009
7310
10791
12396
8662
11152
12843
9787
4895
7207
3688
5449
3157
1285
1284
2942
6124
8660
7760
9670
6857
6569
10079
7279
8456
6216
8935
9488
6998
10507
8849
6357
7931
5219
3622
3540
6503
3197
4877
2962
4469
4625
4037
4782
3058
3547
5472
6563
8084
4528
8062
5784
7444
8490
6306
7892
5824
6055
2002
3087
4964
9190
7314
6152
5140
5442
5591
5776
4076
3792
5340
6782
6470
7303
3556
6359
5761
5112
6280
3316
1789
2651
3840
5015
6475
5322
2693
3313
2907
4199
4068
4137
4770
2860
5165
4277
3760
6118
4274
4280
5527
5053
5929
4447
5520
5126
4124
5415
5922
4623
6305
5425
4937
7132
3736
5774
8605
9154
10053
8344
9004
7696
8809
8258
8609
4316
5834
10620
9022
10081
8217
7729
10693
7947
7565
6110
7818
10051
7963
7839
8592
9867
11609
12362
8057
10174
8916
10509
6273
6947
4764
3714
3348
5519
10960
5889
8781
11748
10122
6735
7042
7088
13303
11733
12909
10823
11208
12212
5760
1024
2845
0
2716
4603
6945
8478
8544
8528
5990
8791
12066
10879
9667
5839
6809
5503
4807
5695
7664
5939
8735
6218
7523
10798
7514
8037
7868
11474
9431
12636
10617
10655
10174
11280
2214
8182
14947
7792
10214
5035
6725
6523
8576
6153
5981
7683
4839
5598
4041
6432
4852
7998
3522
5554
5863
3610
2341
5191
5333
6731
5441
4314
4624
1578
3498
7256
6599
2993
1768
6909
6902
6895
2170
2817
1769
3055
3652
1346
4099
3490
7056
6074
7368
5972
6639
2726
2808
5335
4110
5471
3851
6791
5104
5053
5148
5394
2391
2640
1840
3058
2650
3203
5539
2399
3067
3856
4437
3084
4570
4806
2703
4231
3475
5419
3856
2189
5143
3288
4149
2769
5676
3627
4931
6424
7808
10507
8128
7985
10150
6513
4257
5887
6660
3990
2640
7577
9045
9037
8265
7707
9016
5095
8142
4940
3992
1986
6966
6116
4772
4338
6232
8425
5950
8011
6690
5201
4391
3231
2723
8915
3678
9146
10232
12541
13081
11669
12028
7499
6894
6091
7696
7052
8513
9006
10640
8288
10544
10406
13587
10255
8648
11426
10109
8903
12886
8084
9804
10356
8140
10644
6867
9733
5938
7446
10235
10997
7998
8732
12958
12246
10581
11272
11129
6928
5857
5595
5599
4944
12320
10689
11149
7478
5056
4618
3466
5258
3496
4034
5783
6813
5670
5050
4338
2896
2697
5526
5295
5584
6211
5943
4280
4704
3464
2433
6994
1274
2742
1754
3935
6327
7037
4901
3335
4201
4543
4201
3400
6004
4040
3955
4754
4007
3459
4147
5583
4452
3798
4435
4629
3410
4356
3706
4626
6656
3021
5771
4476
6493
4012
3828
6025
1893
3517
4694
5774
8356
8178
5010
3947
5829
9233
9184
7778
5794
4108
9423
10136
9378
3825
6334
9046
10364
12140
12018
11010
10623
8770
6295
7634
7974
5092
10271
13232
13676
9126
7725
9114
6359
6233
4673
3107
1830
645
2063
8577
7709
8124
7639
9272
10723
11644
13952
10130
7232
8645
11732
11147
10625
10767
10088
11322
7695
8577
11800
7456
12322
14387
8559
7709
8086
8087
10364
10274
4241
5221
8117
7182
7765
4533
9843
8317
10774
7803
6770
7438
7149
11345
7958
5267
8007
9537
8018
7687
5667
6425
8550
7751
3999
6605
8339
7806
5285
7542
7091
5216
7823
3495
3819
6579
2723
5390
3608
1522
3891
5620
4167
4423
6317
5247
3440
2535
2553
4942
4251
4715
5962
3071
4214
4359
2899
5365
3361
7539
3995
6536
4056
7183
6571
5420
5070
6089
6293
7737
5127
4880
1957
3029
3603
3902
6781
5039
5721
4533
4968
7597
4475
2014
5104
9183
6669
8651
13531
8093
6362
7055
8294
9911
10170
7568
9208
8333
12511
9930
8746
9227
9655
8714
6599
9950
7415
6913
9880
8160
9200
4380
6448
6161
9178
7555
8590
6715
6474
3685
5371
4234
3940
5339
8634
7572
9892
10619
7519
11870
11372
7238
10660
4798
5931
12669
6508
7882
9633
11489
10448
14060
10074
2921
2822
7391
11856
5419
6014
2619
6013
2691
2321
7296
5308
3675
4060
5488
5650
3318
3773
1784
2081
4299
3172
5529
3744
1385
5130
3865
4766
4612
4373
1977
5623
5390
5068
7106
7294
6906
8796
10873
11098
9615
8580
9121
11608
9508
9929
8156
10760
11130
8313
12127
12902
10414
7703
8974
5066
6454
3202
3641
4588
2912
4374
7450
8417
8465
8898
9809
6535
5487
6041
4764
6867
7900
7078
5115
6924
3374
8368
9845
11105
5561
7523
5209
3134
3643
9835
9278
4761
6603
9557
7190
9644
9591
9031
6844
9607
4412
8643
11296
10204
14724
8522
7808
4792
8067
8922
8922
7506
11709
11690
11481
12964
10093
9935
10294
7366
10290
8417
8224
7028
9094
9285
8360
8167
9052
9447
8970
7463
3360
1432
1783
4234
4124
2236
2075
2466
4346
11485
6876
8341
7402
7296
5905
3684
3258
4126
7633
7427
7637
9880
6562
7052
5676
6900
5293
5900
6344
4851
4054
4185
3924
7611
7791
8093
6284
7860
7705
7649
5677
7960
6132
2624
5129
10915
7337
5714
10679
8010
4900
6373
6711
1578
2545
7472
7450
5713
7118
7712
5654
4649
3354
2747
5160
3689
5630
5240
3766
3617
2404
3083
5365
3662
2182
2310
1425
3797
2070
2604
2184
1982
2316
3742
5469
5731
5067
2208
4855
6590
3412
8163
5737
5982
4018
4319
9226
9538
5983
8550
6670
6062
5307
5741
5685
5896
7953
10216
8664
10867
9004
3494
4028
3876
6083
9830
4994
4870
5720
11409
10334
9572
6165
8708
4864
4862
3432
4571
7796
8100
8968
6234
7390
4691
2667
7931
6411
6479
7652
12186
10324
6860
7225
8039
4762
4645
8825
9593
7653
6487
679
2883
6704
4118
6474
2249
7167
7408
7124
5788
10715
8910
6535
5374
6662
7134
4822
5946
7786
7770
6778
8291
11968
12828
11193
14380
10242
9258
9054
11151
6841
7917
6059
12380
12581
8887
4901
9124
5700
6366
5083
5961
8496
12119
8397
5837
5147
5051
3835
5755
1735
4698
2864
4128
5081
5387
6031
5708
4768
3800
2739
2164
8669
6437
7168
6917
5323
5671
5183
2767
2123
4299
4563
7062
9358
9267
6618
7868
9642
7822
1915
3602
5146
8211
6093
3799
4139
3034
6417
5250
9512
11544
8287
10965
10498
7653
8366
8504
5971
5818
5894
6657
7369
9216
7199
9117
5419
6916
10217
5620
7246
7767
8217
8519
7335
6930
5279
9996
11465
9197
8978
8976
13289
9526
7591
10699
10258
8493
11179
10532
6807
5953
8677
7726
5299
6003
8194
8777
11915
10770
10941
7592
9988
15292
8059
2190
5401
5994
1337
583
7695
7328
11130
9481
11493
11091
10809
7617
5040
6757
8897
9853
8007
6120
13342
5423
10946
8925
10285
5500
5150
5270
8615
9347
10687
15186
9670
7952
7780
7869
6048
7285
12682
11131
10056
10403
9686
8840
11539
7088
5533
6565
7458
1842
7484
5849
10202
11581
6770
6770
6097
10535
4919
5311
7241
5090
4035
3474
5422
2508
1983
2998
3282
7673
5823
7618
5878
6735
8794
7103
6182
4974
6812
8998
6835
7109
6028
7240
4725
4220
5209
6026
4247
6649
4948
7531
8294
9143
6150
8633
6686
6923
4877
6687
6895
7964
6650
7050
5928
8619
7061
6774
7099
7685
3422
2791
4915
4377
5622
7468
4515
3115
3601
8718
5079
8331
8499
6136
8078
8111
12378
10854
9874
10640
8142
8551
11521
9743
9974
10965
9138
10552
8265
10690
9340
6482
5041
2552
9387
8666
10939
7181
9927
4084
1995
0
320
2731
7372
7971
9174
8770
11522
10928
10980
7500
8667
9543
12739
8973
8089
12940
10980
10690
12801
10250
13032
11719
11194
9161
10333
10203
8840
4855
8975
9488
5949
6502
6479
7511
6303
9857
8520
10767
10810
10732
12813
11341
7461
9124
7027
4604
5592
8609
6767
7411
5868
9547
8675
6750
8629
9780
9931
5629
8478
7461
7132
6401
7396
8606
6568
6314
6852
5763
4461
6397
7360
6762
4703
6833
5916
6337
4040
6261
4791
4389
4341
6543
3140
2534
4181
2720
1896
4590
4273
5942
1114
3426
4916
2990
2320
756
2014
3280
1336
4277
2688
2038
4818
4178
4124
1944
3472
6091
6142
4411
8118
9284
4613
4668
2929
3720
2312
2834
5750
3098
4130
7399
9398
9694
9268
7932
4048
7679
6964
6717
10013
8231
4776
9786
8627
6418
8687
8745
12007
10318
9774
7785
9622
5539
4373
1520
0
3511
4447
5041
7935
7327
7075
7889
7775
9676
10672
10643
10271
9690
11673
12441
9579
7732
13774
11689
10014
11579
9335
9455
6324
11840
8647
9544
10715
11741
7659
7344
11546
10664
8776
8956
9392
6293
10003
8727
7959
9538
8507
6450
4746
5132
5218
9094
6672
6239
5015
6261
9661
8042
5092
7996
6784
5025
4864
6904
6078
6575
3502
3881
5564
6753
5684
4820
2118
4091
3445
4091
1676
4390
4078
3883
2852
5856
8888
5771
5176
7038
7058
4877
3856
7592
1407
4893
4943
4655
6383
3806
4849
4571
5703
5715
4430
8207
4643
8160
8263
7623
1082
5659
7807
9291
7046
8184
10795
8836
11550
7091
6034
4718
6944
10774
5304
8855
7259
7390
7759
9613
8695
9889
8315
10132
9081
13950
12050
11255
13842
9564
11652
9979
8320
13994
9073
7612
2567
2477
0
1210
597
450
898
367
131
549
567
652
1129
363
222
202
877
356
320
539
0
573
752
502
482
405
487
267
729
491
130
1100
239
1400
671
884
604
398
1687
561
868
2596
1940
662
332
1327
503
328
170
424
1106
506
528
434
2926
757
1660
96
558
1126
309
698
2065
0
752
38
3832
2402
650
229
1931
1696
0
1808
508
152
111
618
807
613
588
585
390
175
835
501
0
104
1083
700
698
1962
87
1522
2498
114
374
2307
1205
475
250
3027
972
921
830
1147
756
1068
450
520
1364
2047
399
628
576
363
491
791
1012
628
1268
128
1013
396
836
781
1030
1621
55
742
477
114
1378
1887
1255
830
469
876
745
0
0
0
3303
4725
5542
7719
3776
2509
9233
6987
12145
8123
10829
12701
10039
9414
8603
9273
8566
6115
9062
6608
8380
12352
8205
5444
8516
7383
9710
10365
13325
8627
9231
6080
5206
7110
8868
4817
5804
8369
7463
8235
5433
10497
11574
9587
8832
9112
6561
9319
9971
8485
10030
5186
8885
3528
2972
4049
2086
3250
6452
6708
6994
8423
8032
7472
7864
4629
4198
4256
3224
4037
4761
4668
3899
5809
4395
3833
2390
4220
4411
5488
2371
2272
2947
2528
4362
3328
2160
4224
6588
6953
4603
4009
6346
8121
7258
7486
4452
4402
8029
4229
4945
4611
4005
6972
9024
11130
6801
5607
9089
10382
4848
8522
6393
9739
6616
9357
9097
8509
5215
4295
8979
13501
11510
11358
5829
5736
8031
10365
10957
2714
5652
9582
9511
9212
6055
9429
6604
2139
1832
7887
7869
10330
9311
9687
7553
9494
2917
7164
5845
11983
10257
9971
8233
11800
10423
12236
8255
9867
4469
8307
5874
8313
7421
10075
5029
4416
4963
8078
11377
11045
10449
8836
9780
8320
9694
9611
4340
3730
2446
5567
7009
6294
5057
5064
3806
4963
5640
6300
4965
2421
4543
3515
3535
2989
4075
2252
2600
4379
3955
3763
6799
6875
7755
3977
3705
2846
3726
7441
7923
7425
6742
9030
7210
8983
8381
9426
7264
10292
7274
7437
6262
8658
8121
8075
10229
12950
7745
7689
8346
9575
8991
12068
7201
4559
4584
7977
6773
11008
10192
8457
7472
5036
7393
10670
6589
10532
11001
7274
7803
6695
10540
14514
6331
7812
8282
8548
5807
7624
10231
11998
14149
5431
5184
7392
4915
9036
7115
11229
8784
10373
9965
7994
4329
2405
1866
4156
5782
7737
5185
4988
10352
3869
7680
9889
12232
10823
13584
12459
12054
11734
13202
9691
10457
9810
12401
10326
10758
12228
9407
7213
11627
6015
7739
9260
10644
10134
11326
4910
4820
2222
3531
6647
7820
9079
9981
7946
3596
5542
3540
5165
6205
10468
9570
5657
7757
6360
4229
5359
7168
5364
10252
9591
7653
6953
7085
5531
8353
7526
8808
9231
8762
9052
7489
3817
6629
6334
5054
5018
8484
6260
6125
9957
7370
3873
5396
7924
7712
6368
5328
2873
8143
9928
12686
4992
4865
9251
6364
3268
2071
5861
4480
7294
6438
6836
7189
7611
10143
13051
13481
12430
9541
10174
10307
8047
9023
9361
6509
8854
5599
5920
7643
11699
10278
14235
13204
9163
9651
11617
14956
10421
11079
5643
3477
9464
5387
4452
793
708
2843
5653
7203
11820
8277
10549
11437
8893
10009
9576
12305
11837
12602
8269
13003
11526
10743
11322
14265
9629
12517
11318
1058
437
164
346
5593
9946
12623
9861
7978
9895
9836
6434
10617
13421
11472
13248
8344
8476
5573
8319
7713
6285
7316
6346
9563
7577
3890
7113
11420
12301
8769
3840
4945
5728
7170
6917
9955
8797
5835
7126
6566
3218
1832
6450
8444
6806
6055
298
54
2993
8915
7683
11175
9551
5781
6732
7607
7243
10064
10688
9900
8536
8822
11993
10272
9006
7113
7371
6251
7211
7277
6623
9162
12397
12533
11528
14059
8442
8297
9214
458
517
380
2527
8573
6763
7564
8411
10298
11207
6690
11014
13770
10033
7387
9451
8056
6153
5462
7536
3963
4608
2401
2378
2499
2036
171
2575
4884
3097
6964
4585
3673
8861
8071
7509
5935
10598
2092
2688
6093
6446
6076
8595
11354
12729
13876
12054
10593
10402
9017
11540
11490
8697
14399
8456
11568
8930
9415
9435
3320
6119
5988
11875
8836
9687
11712
10180
9159
5811
2960
7925
8471
4974
3082
2688
2628
2969
3909
6766
6966
7818
8663
4640
7426
3471
6306
6117
9676
10823
7818
7874
9313
11361
10488
4705
4460
6103
3426
3425
4363
8186
2889
6117
6689
8977
11075
6209
10566
6885
9765
6766
7581
7579
2486
7048
6420
4028
6539
12717
7103
5409
5251
3270
10978
7902
7205
7895
3065
11586
11968
8633
8418
10524
9726
12854
9694
6250
5979
10160
10015
10795
10532
10298
10057
9358
7317
9664
8812
9659
8794
7907
7854
8632
4370
1087
0
1332
4005
6601
6172
944
660
1188
74
8818
9938
10748
7056
7008
10375
8544
11174
9516
12259
9765
13843
9228
8339
13121
12949
10581
13914
10199
11013
14485
10251
7082
12283
6580
9499
9722
11778
11917
11870
11168
9120
10908
9463
6681
8373
6487
8271
8551
4240
4388
6253
10577
10357
10197
8809
6576
11411
6399
3338
5084
6917
9847
9037
9693
5009
3642
8724
11094
9102
5548
3761
2816
4289
3630
6075
5156
5996
4849
5639
9023
7786
8544
5786
7166
3742
9052
9492
8877
6446
8716
6319
13358
11956
8177
13144
8451
8463
5360
1993
4278
9301
9478
8120
11943
10038
9614
9273
10665
9508
8838
7494
10069
9847
6907
8505
5962
8039
8000
8242
7601
6990
6676
7153
6557
3838
1872
5292
7302
8960
10058
10643
5746
10900
10747
9001
13256
9348
10995
9837
14975
13373
11699
12038
8809
8115
12309
12835
9491
13689
10895
13084
11647
10478
11661
13050
9863
9630
7676
10357
11733
11518
11287
13345
10707
13091
14849
11400
11261
9386
11154
7213
11831
9367
11330
6707
8344
8191
8657
8247
9677
8382
10356
8577
6383
5136
6581
7945
9013
8919
11324
12907
11518
10022
12174
7018
10629
13704
9849
9584
11813
9313
9825
11888
10216
11204
7531
8468
12476
7520
10826
9946
9730
5944
9868
12091
9825
12031
5129
12804
8436
13357
12539
7613
12133
9704
9088
7889
11977
10966
12609
14374
13175
9140
12196
12008
13137
7964
5925
7489
9344
7730
5942
7120
0
356
1519
3653
9009
9738
10934
10893
10397
10625
11994
10197
12731
13119
10660
9896
12109
13677
11189
13310
10945
12839
9395
11051
13861
11109
8030
12712
9960
7073
5603
5605
6358
5598
10354
4508
6285
11767
10351
8706
10924
9859
12385
11793
11039
7906
8792
9444
9521
9487
7587
8108
10420
9645
9182
11004
7405
11051
6849
11497
9820
12603
7825
3514
5224
7774
7804
7977
8300
6988
4033
5230
5618
6884
6426
5345
8002
8888
7026
8647
7292
8201
13216
11324
9867
13075
8422
5922
12285
8574
10181
9464
8003
11107
8253
5894
11800
12465
12144
13083
15482
12782
14853
17089
6736
9116
10151
8609
7173
9525
10122
9419
7958
5172
0
0
0
4877
8413
9459
8569
11764
11079
9642
2657
6212
8435
8321
11005
11076
13632
7226
9102
9275
9822
11511
11225
10691
11719
10303
9689
10447
9511
6004
7602
9971
8038
9938
7314
7282
4763
6317
12714
6638
6951
8446
9198
6652
5963
8940
8574
7076
6939
6875
7785
6234
9944
9067
6241
6456
7040
7482
9511
6010
10431
10868
10717
6909
9225
9039
4685
9209
8416
8628
8343
8934
3082
462
490
4286
10121
9005
11112
8052
12728
9361
9409
9837
13336
13253
11169
9811
9554
13399
11543
13152
13679
12655
13121
14290
11355
9376
11373
13478
12322
10181
10319
11059
11519
12596
6804
10311
11125
12001
12037
8081
1469
2316
4751
4044
8231
6676
7832
10339
13583
10465
9583
8847
5449
9665
11111
7922
14779
11337
10940
9955
8665
7985
12209
8087
9013
10148
13078
10610
10085
13860
10203
8068
10444
8037
3590
2250
8621
12762
4650
8576
5574
8485
9281
8479
11489
15932
10042
6952
7307
6360
8027
9877
5261
4073
8791
11411
12256
14239
7512
8657
6919
9630
8546
8188
4541
10674
6924
9332
6124
8566
13532
7129
7172
9617
6682
12119
10694
6485
8750
7482
5683
10044
8952
11895
9051
9843
10818
7756
6666
13158
9760
10351
11005
11800
10910
11297
12182
11382
9658
8808
3272
5135
14121
15307
10717
10923
13710
14297
12579
14420
11933
12994
16006
13240
12508
11153
8890
12815
9182
11911
9510
7351
10211
9681
10149
8702
5182
9672
3944
4078
6316
8604
12247
10492
13513
13747
12944
8073
4398
3538
5947
6889
7745
8630
9375
13132
15580
7365
11375
13641
10787
14733
13599
10665
13902
14900
11627
11733
16354
12674
11476
10753
8256
12722
13774
11666
14014
12431
13301
15062
11939
11790
14504
6613
8246
8842
9561
9765
7563
11367
11514
10984
7371
8495
12508
10362
10678
9414
9985
10105
13505
7589
5316
9001
8392
13248
9758
8125
4143
0
0
2694
9784
7107
9401
9090
14196
11241
13057
11325
11865
14142
9105
10903
10544
11666
10848
11618
13572
11076
11734
14423
12374
9390
10678
9952
12321
12236
10448
7551
6522
9977
7877
15733
15249
14649
14135
13480
10822
15131
14259
13546
11745
7545
8094
11304
8449
10560
11337
14036
13991
13583
10735
6173
7735
11334
9246
6577
11666
12244
8416
7607
11978
15932
11581
8727
8983
10785
16523
12708
13765
11153
10543
8239
8431
8534
9434
10794
11594
12036
4345
2521
1010
5906
10484
6642
9904
9060
11651
12286
11050
9621
12073
10940
11012
15924
10436
11517
9943
11759
14433
11683
12977
11594
10935
8491
9006
10493
13151
12185
5374
1471
542
776
2833
9035
12591
2617
1405
594
1030
1439
1237
1316
591
0
1040
1685
0
354
9117
14922
12148
11168
12341
11471
11898
13809
12552
4509
9651
5080
7907
13406
8492
1378
1816
8174
13337
10777
14943
14926
19106
12224
16485
15217
12039
12328
12769
6436
9562
10535
15053
11823
6814
5904
8097
13376
9145
12676
9916
11907
13532
13969
11753
10330
11899
11281
9311
11350
10552
12049
13492
15339
11019
12419
9810
11245
14606
8852
12075
13642
12027
13368
11424
12672
12099
11993
10890
13378
12305
10850
15883
11819
17471
11001
13981
14476
15171
14085
14781
11708
15000
13437
14332
14539
16317
15665
14906
12625
14954
16518
12368
15224
10832
15195
9182
11925
8857
11297
13522
13901
8654
12243
14297
10546
8741
5332
6370
13436
9911
12071
11505
14420
11847
17228
14199
13895
11658
15680
12049
8989
12629
13466
11981
10260
14036
14768
10481
11248
9992
492
2842
9269
8090
7675
13354
12597
11958
10656
9627
3154
12327
13043
10976
12432
10496
12573
10175
8727
11351
12482
9729
10523
9472
11382
9930
10292
13538
14809
9831
11045
8331
9106
11011
10521
10528
9324
746
2374
267
