length_LTR
212
1215
601
105
0
357
798
0
1122
686
1435
195
398
867
1155
413
1082
848
1140
1951
503
927
536
936
442
580
1043
2508
10729
6814
249
191
801
543
144
1188
1621
553
493
749
323
1636
685
492
1077
560
482
1072
1682
1581
7058
924
118
268
464
1122
1514
597
535
7230
0
3456
356
100
1146
1447
1939
295
848
309
838
334
755
46
2971
1185
838
448
165
306
517
75
617
730
474
868
105
274
448
641
10237
1237
351
302
344
490
825
249
753
345
2054
1017
837
2440
1158
336
1728
279
889
585
762
259
585
496
6087
886
169
457
1424
344
594
103
7499
883
35
630
5884
42
697
452
1612
518
923
1060
566
502
6362
34
1289
746
905
916
429
502
251
0
267
165
200
603
591
385
570
2227
3181
613
381
169
7282
7608
871
827
294
1394
813
213
898
1029
0
695
223
7673
6639
5497
225
1919
5206
969
407
1291
2977
6362
1874
1005
661
4688
692
7525
386
400
438
143
497
8158
12497
1441
1764
805
258
0
321
4336
250
257
10876
45
0
471
2156
268
81
665
727
1344
1443
0
359
791
454
181
669
1007
185
660
20
1378
1057
334
3753
948
5216
384
4634
221
308
816
925
0
82
1430
13785
347
20
1057
249
773
54
495
1987
755
70
866
61
27
3475
813
140
171
454
207
4106
403
4814
356
262
1160
318
2688
1724
11242
425
15669
1047
0
10659
4487
295
1569
4943
233
683
720
144
92
1033
237
384
13019
2245
855
877
1166
809
451
742
149
263
435
636
7184
3027
437
2781
727
780
4307
1967
471
422
367
1031
7590
1642
569
195
5180
1111
1615
7510
509
521
3484
3284
396
395
916
8603
1045
5055
5572
1656
415
441
0
125
938
1546
0
946
5902
0
65
0
550
4503
1122
1085
352
872
4102
8015
810
878
558
1036
6697
574
5270
372
6412
6069
2183
1207
802
515
1659
1279
1085
4769
1471
439
698
525
1727
143
634
912
2388
365
398
8476
348
454
360
1289
62
44
482
263
5173
594
97
755
2751
389
1590
2708
606
383
891
8125
207
10237
254
1503
776
1535
1604
169
5480
426
312
422
10852
11732
1001
1056
876
566
660
246
312
2463
0
656
0
960
60
165
673
243
97
150
186
0
361
142
961
1485
645
2943
4923
354
1035
66
3764
7027
2112
5961
702
1047
1473
79
983
6010
702
793
6806
7498
948
3394
356
1117
2190
4048
1329
1609
835
1257
301
6987
138
2075
3178
5373
2619
923
1313
1138
385
5121
477
1350
7054
495
1402
1300
4361
1169
85
1395
1087
1151
13459
5068
365
365
492
818
472
1618
578
0
780
4912
14619
635
1939
7855
1073
565
1440
1624
780
6729
1374
332
793
1364
883
5832
752
3166
653
642
818
549
585
6202
471
5261
1817
439
7709
2424
6148
1717
10141
22660
8950
8047
2069
11026
23933
6981
7224
711
134
2186
1884
5358
1773
0
477
160
361
0
386
268
608
332
836
1409
232
2949
867
486
63
0
6331
473
680
529
497
0
2136
6122
6122
6124
7096
5156
455
777
14017
167
701
889
5154
815
604
215
532
5935
2960
2307
882
1107
3882
39
0
707
1414
370
219
1061
861
596
5198
170
539
10240
1594
305
1050
449
472
4607
1624
745
61
391
471
0
570
13375
513
1875
45
327
1190
2758
0
256
781
358
983
410
428
362
834
225
566
345
845
1357
11892
2044
959
6540
944
264
4885
692
880
568
532
6921
7273
557
6216
2520
3125
5397
4717
5720
8333
2002
2087
1517
553
372
10082
568
7969
10145
1560
1441
356
897
4368
13547
835
631
351
1183
281
679
1009
143
761
244
181
759
477
5915
2060
650
569
3140
652
1856
934
277
4533
5854
508
2296
2813
501
6615
5649
1518
1046
254
0
45
349
894
973
201
607
1485
1782
260
596
415
783
375
693
201
54
6393
71
372
603
1060
368
436
419
571
383
273
279
916
550
385
34
274
8153
5641
777
7299
3453
461
5744
401
372
453
312
7259
539
631
1280
4269
894
524
1083
1280
330
1095
179
306
185
77
886
2127
956
1048
103
2377
841
6986
2042
0
428
185
2332
2220
586
1595
8138
666
277
1192
9517
601
1408
33
385
461
1137
1656
385
666
293
533
999
1878
1038
6872
422
1582
864
358
228
114
3545
979
3797
787
166
1228
7131
0
72
895
888
5419
471
4601
414
0
57
5195
415
7667
621
2682
1555
3230
1990
578
629
1367
2212
3498
380
3673
11379
494
365
678
636
6512
1185
780
1418
5976
466
1423
323
1279
255
53
501
8294
918
862
750
1864
6089
608
1672
6007
8271
776
5456
300
6425
465
1294
690
482
7477
616
743
72
1421
1156
95
250
4544
657
72
510
357
1816
1047
820
481
790
1260
6999
505
1235
807
235
431
158
129
469
622
900
142
906
688
419
3352
412
6121
637
4314
2076
9465
1103
1437
2034
4470
850
5272
6118
1166
871
855
6774
391
1026
444
4747
1152
1192
3453
5536
8882
1082
843
4560
1011
1796
405
210
510
9381
6530
466
268
392
574
0
1824
6195
7029
343
1267
524
1093
2141
4428
1728
1212
951
614
292
1614
4308
1314
896
3888
272
5775
4048
2029
910
6276
764
4813
789
5682
510
4045
3357
6585
4338
1263
813
598
1645
1408
645
133
344
4343
529
318
672
195
4735
50
149
0
991
230
375
1015
438
1623
638
571
979
882
1874
199
0
1265
1137
574
239
523
0
135
2247
405
1096
731
930
2946
6163
1475
451
142
355
841
1889
1060
102
3100
1668
317
1580
1810
7061
0
656
1016
1036
2826
301
256
219
0
466
4391
879
5971
318
471
2660
4560
5974
475
3337
418
3388
16289
412
0
289
0
592
1261
378
5444
961
497
3654
1897
870
393
5195
2766
747
118
8304
520
600
496
549
1051
738
6040
717
736
354
7923
3373
7563
786
1263
1037
1922
1558
843
6539
4504
1912
1522
6407
1630
645
1070
293
214
906
2640
1032
20473
338
758
1150
1569
564
1039
633
1928
1615
2360
9957
868
610
0
551
4411
263
5572
883
1051
4043
862
5740
363
1026
1256
577
1761
6850
5221
661
538
829
1934
552
349
837
997
985
97
514
1795
460
1280
862
575
164
496
6718
862
2211
616
2177
2228
244
607
639
754
58
8066
2059
365
652
73
3273
450
147
523
182
221
506
501
771
766
301
370
817
134
381
4810
100
149
379
201
796
261
352
2182
2960
338
0
3112
212
269
5139
2986
3342
630
73
1815
414
210
499
4365
860
401
460
403
0
0
5689
69
237
1229
262
710
645
165
0
323
123
115
756
862
5031
1796
5158
800
552
0
79
1353
748
235
555
1026
472
921
1842
712
544
6960
1169
982
497
64
719
1313
871
3219
718
572
1591
1045
503
590
0
1094
7537
399
230
790
481
4523
5492
3359
2300
431
5352
5718
441
729
748
9332
11912
799
1058
1612
2494
534
805
1542
983
11818
478
249
573
1481
1150
369
1282
7442
679
1979
843
8207
999
5894
838
9145
2807
1447
1008
367
2825
1479
764
1289
393
5746
975
729
470
1065
1520
765
282
904
407
1438
612
813
3821
1547
3108
2260
1080
1428
894
368
972
1409
1165
1098
801
50
811
7753
9421
1113
681
2241
1304
0
582
1079
528
546
1082
421
94
1120
1614
581
1308
7938
1988
0
87
538
788
816
102
1121
1745
4930
419
6773
4403
6436
37
517
277
963
843
67
394
334
6726
193
56
1754
2880
5321
5921
1814
531
290
1150
776
63
1158
1443
4535
1038
6940
574
7309
946
899
1350
15851
6442
831
1259
3802
2269
752
684
833
362
404
1651
1272
267
2807
581
1660
7290
865
1577
316
533
712
1482
748
3326
5721
1812
6168
1555
1501
3885
394
1129
3248
342
878
7072
337
815
1050
981
13188
1334
777
1191
295
429
12258
1755
699
1937
550
743
1603
581
818
1914
1640
1295
0
284
413
5236
1443
5570
1353
6617
195
641
1066
1253
387
1285
3192
7924
2051
449
385
0
681
439
690
1727
266
653
114
298
100
313
5239
494
261
3354
609
475
120
5299
0
7079
225
932
310
4495
644
7335
932
2945
964
0
81
3634
22
219
135
666
0
657
6171
94
1525
354
635
1373
7008
157
1227
1197
905
140
2415
833
4408
11129
636
8236
345
248
435
4054
6373
8050
1918
933
1038
0
7185
611
671
838
636
1642
1256
14269
551
5180
1142
3094
617
2002
179
661
170
386
4807
1992
290
2563
7383
967
769
362
719
1168
187
822
1459
0
3323
706
539
9582
3111
1728
7075
1466
1100
529
1218
1499
299
781
2903
727
943
629
1081
168
259
42
2558
1923
1017
15310
480
2608
8994
16860
1193
952
1404
4957
905
4920
2422
1074
1508
4638
1643
1159
3914
6152
3672
6772
3046
3099
15
12091
940
12862
1604
3114
768
848
362
64
1284
741
1619
830
6064
675
877
144
343
7803
1582
851
2084
1089
574
1529
1034
960
5940
435
311
11564
368
974
1224
4368
4505
325
4700
6725
0
1708
4476
1141
447
1762
749
87
2146
2243
3318
1487
132
603
452
405
1816
301
430
652
12
1085
1786
5082
616
553
211
1727
2723
1443
736
6068
2751
1629
959
726
814
1627
378
12329
3163
488
1295
890
1899
868
690
1013
593
826
1159
5938
641
627
4283
1050
6938
362
744
1285
401
491
5207
2811
2359
293
5429
938
175
320
277
600
176
1599
1092
25281
810
0
432
455
1199
1782
1052
402
129
290
1298
8598
323
293
409
0
531
494
1125
839
370
614
6540
520
973
255
643
345
116
695
1213
322
328
1399
1108
1410
812
632
170
0
531
66
333
294
677
526
3928
384
4467
5013
172
151
934
1119
418
331
0
626
675
1518
0
396
398
603
0
550
105
983
1838
760
605
154
493
537
186
1125
457
416
1910
22
165
1022
835
3429
1968
924
7814
805
123
8328
5891
923
743
934
76
1636
531
1256
307
362
2866
1229
147
42
1351
4050
1159
13170
695
7898
659
529
6610
886
394
677
1398
849
0
386
519
1301
605
234
1076
405
105
331
1298
7017
894
811
1186
462
253
320
407
1810
337
383
279
6418
247
723
268
261
1391
434
692
1835
419
1128
3957
638
759
488
672
849
645
6041
828
949
1880
1387
950
7847
602
841
550
772
2205
1064
123
715
2172
6930
202
1338
861
9184
7528
1441
3899
803
335
116
370
488
426
361
7554
683
381
667
1064
149
201
135
18
342
8856
0
742
671
287
19
3954
5789
0
966
1213
461
1048
1399
3265
20618
5859
4994
2673
672
2038
1648
466
908
339
689
1220
656
652
695
941
5565
7875
319
266
72
560
1661
1235
2213
719
426
1327
2408
201
374
9176
3206
7842
156
592
301
500
749
815
11364
2353
547
11059
7830
1512
985
417
713
597
218
9314
831
649
246
1295
4126
1871
864
5403
1411
8868
8340
1119
1980
1992
7654
1642
267
12935
1045
15203
913
8592
815
1417
900
1273
148
1036
652
5632
894
1293
649
1949
2049
1721
3026
8117
1246
1414
1772
3339
633
699
1773
919
14991
2448
903
753
1162
1724
7567
4100
358
1271
2146
307
437
1061
387
238
479
394
764
1139

1093
1122
1830
796
223
323
259
7116
501
564
2444
1033
441
4191
5121
13725
1913
890
185
1350
477
301
292
1392
1523
984
307
0
6318
3291
12348
396
613
683
311
212
463
1147
508
10086
0
1855
521
2215
5181
6948
3519
4311
350
935
500
410
306
5129
1019
7656
3187
1050
32
327
368
570
557
36
641
656
231
248
6974
1048
623
1414
709
2031
1579
875
6349
3739
5623
8001
2027
4579
1097
2704
781
2728
1328
9262
2449
1077
969
1454
1117
6836
1807
3357
9657
6608
270
104
7067
462
524
1135
1926
3318
5659
1464
2623
3757
947
11440
1116
5348
475
653
726
664
2772
472
840
3386
2701
4495
737
3791
370
278
646
1164
365
634
4211
606
1281
480
713
419
547
301
682
714
1054
1264
420
5559
6971
667
6734
2056
1052
3945
690
810
8048
5168
357
124
6048
951
1040
874
5586
666
294
418
0
0
411
1879
1970
729
188
238
456
575
512
13124
1292
625
281
726
337
335
3396
183
487
275
4473
384
946
0
0
3219
7527
36
40
3536
0
104
34
801
0
89
2212
729
6032
1517
1595
564
923
687
74
342
606
674
918
1681
916
9784
7205
5053
6053
4857
817
1367
408
1168
184
704
923
2808
1126
996
5775
453
7185
552
874
1392
90
498
617
0
556
219
743
1563
648
1134
1909
1199
998
879
1610
1875
430
3719
623
959
860
1047
1663
33
517
4042
689
5204
5027
7198
1349
1649
1566
535
612
917
480
557
954
4189
3474
771
3935
298
658
708
0
475
463
616
779
1094
1324
7131
908
464
3739
492
330
732
0
110
194
620
5187
732
363
195
348
1497
665
120
1636
10066
4550
101
935
561
421
1229
6103
338
693
208
340
232
612
1166
147
804
723
2072
3631
35
660
332
322
308
3738
1117
151
311
799
485
3764
0
2146
8189
3955
494
722
1372
1684
929
413
3992
1231
897
301
5436
821
1697
10794
944
278
5137
243
741
4606
1092
805
1323
1026
8069
977
77
1246
5818
995
429
991
1796
3155
0
10024
11493
6438
25125
26589
12998
15097
18491
9401
12636
6997
4147
17550
13802
10752
9717
13542
20270
13310
24049
18021
11456
8783
20184
19201
19795
23051
17175
12887
7937
12209
4362
18474
15866
6704
13257
20126
21932
16587
9896
17192
11565
16789
19063
11171
13081
12237
26948
12711
21922
3603
20986
16341
11828
14435
20012
1698
11510
5350
10350
11059
6136
12454
6776
11146
211
11143
13086
13595
7058
26257
15555
9919
1446
22954
30612
18838
21676
17855
10895
3349
9973
11658
18862
28337
11878
11705
15585
19602
19336
27196
8500
15220
7374
18792
9907
21088
15802
17317
8474
11745
18471
3206
12218
9059
20531
13142
18784
13769
16445
17359
12821
2717
23418
12572
8735
10
13273
10304
7718
16812
20474
19529
10724
13573
14095
16711
8929
13970
10900
14747
19301
13936
6007
6858
22473
11264
15115
5887
1432
672
523
1846
1642
5943
894
227
532
152
688
1193
4614
590
3285
621
438
474
656
412
191
285
1697
6847
6493
2236
303
6889
1419
896
2111
128
98
41
1487
68
158
1716
3966
1317
512
80
30
241
474
335
4201
369
240
756
6000
4709
440
143
78
564
783
46
5220
1054
1335
4058
9632
575
521
712
5335
2151
620
4628
713
805
530
1062
1487
5417
1195
4383
458
854
476
384
929
67
14
1275
644
678
80
350
403
939
291
69
76
1982
298
34
465
4938
817
1008
20
399
367
282
142
227
1395
840
158
167
170
548
7362
800
2042
114
625
7571
963
5737
1149
2524
884
391
1316
821
531
847
150
416
132
758
5091
819
3431
8379
107
1157
1602
431
733
16143
740
813
6953
258
715
1168
1387
842
441
3016
501
2990
800
75
126
914
363
5068
3196
600
373
237
787
1731
2324
789
3731
2447
806
700
163
601
409
452
577
0
1028
794
840
787
198
3095
420
1886
326
0
80
37
491
702
365
283
5689
882
4969
14063
9738
5637
570
5731
385
97
4055
424
77
321
475
762
207
1307
0
313
356
942
1670
6916
364
676
163
454
1149
1097
1316
4908
11282
4222
1398
426
1107
842
46
893
429
539
817
1328
344
1117
3263
975
1390
728
434
1727
478
625
1783
451
941
706
4968
311
1870
1299
5068
1566
439
783
1423
3177
1018
6291
2917
772
703
290
509
0
44
3954
834
624
1241
757
663
43
1355
404
355
2865
8808
1970
1176
6156
1165
1182
938
1955
16373
5840
657
295
316
892
1524
1406
841
501
2186
942
1914
491
473
580
378
127
4392
95
2406
648
784
1270
10744
233
1439
1453
658
8110
164
407
0
542
43
819
4751
1701
1251
6086
305
286
639
743
112
474
1171
664
1398
1824
5542
271
1867
906
1014
738
5520
2641
11157
4229
1708
220
0
203
410
1321
4137
1254
718
661
625
987
395
1121
6783
245
0
1003
477
5423
440
752
0
1116
1608
1081
3031
988
739
912
5733
603
6001
50
596
1161
5223
1271
1567
948
890
629
536
1250
297
1907
1107
5428
388
629
8586
4520
391
801
471
8050
65
788
18943
2151
4727
3309
2707
2652
6996
274
2068
2331
1064
1743
1234
553
295
1864
2899
6736
960
847
5742
18079
3948
1565
540
6761
596
1700
2202
247
649
179
557
567
334
5054
609
6470
1220
1122
829
1342
926
1646
1934
2175
396
396
396
5722
4889
3465
228
714
514
1597
580
550
1346
967
2431
8302
24787
377
1928
762
11078
29999
15469
4345
3865
883
191
2704
5671
105
311
804
1189
431
463
1144
4066
1268
282
5882
508
492
165
96
434
1027
4311
719
1518
287
534
299
595
432
7525
7341
20072
2260
1162
5162
5266
5343
439
7337
8925
6993
4239
398
488
915
256
798
1779
1561
46
429
331
381
1509
1590
692
5111
740
1135
2527
1560
447
404
1174
2041
781
700
1435
107
640
564
491
2103
875
1301
1546
1512
2782
794
933
1551
414
4912
667
6918
6942
866
7248
698
105
764
974
560
1148
888
1839
901
1312
2818
334
304
275
630
2936
2061
2391
514
436
2823
590
1654
877
260
302
485
1621
1072
2002
1229
1181
1291
571
400
1149
7459
50
1157
6161
538
525
4601
5914
273
477
334
867
1017
19
762
1049
55
248
802
4277
302
127
3357
1600
8769
568
678
448
8908
1582
1033
1446
540
1070
678
1118
8561
359
858
5569
464
974
471
1964
1001
795
3551
5851
1697
933
538
1490
4713
1663
2203
1155
3718
276
1310
5872
664
0
377
469
0
666
3969
14660
10660
7878
1508
1856
1209
1257
1000
638
623
1515
7926
2593
985
282
2481
2121
1015
1693
2820
119
694
12957
510
1579
8279
528
7145
4822
1302
1097
451
1296
187
1007
702
662
1822
144
1403
242
605
0
179
747
1228
6173
705
1262
572
1875
273
838
708
220
10181
4097
710
976
954
2620
874
320
534
386
70
1597
2654
1647
4304
138
908
520
5941
616
904
574
3640
45
444
4236
8549
976
965
216
455
756
1238
36
274
3026
1020
10625
1268
1433
851
1519
41
515
1350
719
1869
124
331
1399
1020
673
328
6109
639
1984
324
721
8981
431
360
1417
725
1416
2749
6929
435
5943
932
1555
5399
1757
692
6041
2016
1430
948
5118
1174
2426
7427
478
2480
1437
788
796
919
1409
480
850
338
2407
541
421
5140
2809
350
472
764
1255
6385
630
1184
760
1407
6169
2661
6541
2616
1782
1331
1484
1071
165
616
4485
453
1400
1429
1459
1709
1011
444
4052
61
6932
686
9708
3486
1620
483
325
1841
11011
2219
1059
2281
917
6513
1797
4823
1439
845
2078
548
1565
2315
7544
1098
1966
776
2040
1227
1156
1022
1892
564
2103
847
729
660
733
856
5185
218
2565
3942
1304
1307
1536
340
3711
599
234
11206
5346
2997
1010
634
4290
1366
186
144
6469
1403
3501
823
7206
881
10253
3958
1530
1296
1573
1526
678
1303
987
3873
1350
1229
1479
1732
2124
1559
7976
1021
12431
974
1763
7239
2276
2821
2040
671
2057
1121
701
578
1694
5965
10412
641
2803
1664
626
741
670
281
921
1367
5064
1191
11486
1406
1229
6435
430
325
733
490
8762
146
768
1500
8002
1693
2050
38
115
692
1257
258
660
1272
127
649
371
1466
707
635
1370
5456
5982
1060
877
1644
7410
932
579
1009
1720
264
1227
888
650
306
3976
774
1517
1179
2110
431
1322
468
1392
5192
759
1810
1623
811
598
1583
321
6701
1573
0
94
432
12623
271
766
565
875
1288
1550
6679
1008
512
1866
754
419
1127
1139
1056
4791
1186
703
475
8239
505
1794
608
807
7215
1067
1798
648
1992
696
1279
316
170
278
457
104
4611
2596
6964
1288
1008
1188
772
1953
1481
929
741
632
2854
902
940
1235
1325
6982
6386
594
6597
6241
5554
2819
163
540
698
4616
1020
1589
1163
1472
4050
8871
3622
12465
849
412
994
1316
118
206
2300
2113
2439
1557
6746
2537
173
8316
2226
1271
1740
1750
1655
6485
5444
983
1194
2014
6148
1149
3797
2592
1769
1497
2161
233
5053
1948
1001
1072
3636
7218
552
457
5620
1122
1147
1339
197
870
1091
3179
16681
1537
845
5547
265
2210
1054
467
2143
436
417
611
175
550
843
468
242
1472
6434
328
1421
306
245
12272
6543
318
5034
286
371
45
769
650
519
571
2394
6847
904
1281
5891
2438
703
6164
1396
748
1173
1483
268
747
272
7667
4460
417
433
740
292
972
133
4874
1100
412
1161
761
238
1185
656
7409
135
497
4493
105
1474
944
307
391
3675
1553
2189
423
7532
2789
1116
3647
4669
5077
8189
685
5702
626
12157
1089
1444
1166
916
5214
1082
961
2450
1105
1306
2170
2188
2645
1171
1139
5919
5087
1539
853
3370
6065
1177
1421
1038
1049
5097
740
96
783
4478
2441
8888
5068
2143
1185
2766
2830
20757
7053
5272
942
1106
1428
11505
1735
1245
948
836
6327
308
778
1026
7529
445
1190
11803
1313
1162
2916
2498
4375
717
2296
1758
1660
1274
4401
3150
1651
1546
2499
1479
4085
683
1111
3903
607
11328
1494
831
920
776
1871
563
433
147
1866
1146
2893
1128
782
671
630
4808
5856
5111
5124
189
186
103
3090
2798
10762
6981
1489
3279
621
2110
1619
3383
1742
2063
2089
9371
1136
1277
6257
1211
1344
1464
2188
1286
1442
1248
2564
1866
1568
4381
431
812
2083
2552
1973
2232
515
669
1881
298
2140
799
1317
1210
1119
1040
3765
1518
1215
464
6438
1811
647
6951
856
4463
1387
766
662
1444
7651
1008
719
651
1140
6562
1380
524
1832
1999
1568
1774
991
1566
7321
880
13448
1804
3392
277
1313
3390
1729
0
1244
4983
1760
1432
4362
1387
904
1218
7203
1445
5362
924
2229
2884
2303
2689
1399
638
8139
4387
2554
1876
2620
2042
905
1607
2998
7159
10204
14703
17063
3136
6793
1691
13133
5080
20247
2256
1448
1421
5784
11370
17205
4563
6339
12369
5534
2820
1849
2119
7078
1974
2986
2414
1650
1887
4415
855
1218
4758
2061
4570
7578
7628
2028
2954
7783
3449
848
3143
4100
1654
2079
1821
3017
1379
6733
2860
1292
2492
1822
912
9678
1455
954
732
5131
4353
902
2742
7441
3408
3630
1362
2206
7952
1960
2572
1068
1481
8557
1975
1017
3670
6014
1047
7622
2156
997
6531
4339
1637
2915
3049
1495
2480
2298
1140
593
1817
1116
1334
1980
2045
1313
1290
3961
2210
488
3547
984
1013
1262
4401
2268
792
1324
796
2217
2287
1129
2396
1579
1659
8208
992
1363
1471
7486
4661
2096
1685
1717
1343
915
9665
6461
12959
2105
10495
2354
2084
1353
1417
1787
2972
2191
2139
5052
2988
5146
2913
1798
4044
1862
1321
887
7591
5407
14993
2296
10425
6259
1320
7113
8300
2061
3340
958
3992
1655
8032
3676
3426
2771
1386
1364
4605
1634
8678
4599
1009
3051
2220
10947
3440
1290
2947
1261
9333
2985
800
3831
7569
8124
11839
8154
9509
