length_rpt
87795
34898
10577
15688
13046
16456
24316
18682
22796
27620
28701
16153
18455
26617
32528
36153
40246
37443
39814
42716
32186
29618
33220
26324
31167
27552
25907
38447
38119
37776
33381
38988
31964
28099
41296
37071
27194
35622
33897
30398
35063
25055
32336
34828
23960
18053
22147
29122
35591
34878
31781
23206
22017
22843
25588
25605
27103
16377
25985
25056
20678
18205
24582
24921
27248
38322
27762
17058
21370
21341
29751
14738
22548
18970
30773
31322
25751
25737
22958
24079
17680
15485
22631
18160
18256
22404
14929
29691
31184
24172
39859
40035
35802
25637
28660
33783
28246
17097
22797
23206
29076
39502
33458
17944
32580
12894
20715
17121
11990
21292
19750
22690
27921
30406
23013
30274
19232
20810
28188
22475
23153
14783
27870
33426
15578
19421
21087
16948
26174
22021
25578
29542
27102
31233
25910
23630
17034
14176
22519
27529
23926
29689
23368
21539
21580
29006
27658
26948
18068
17635
26374
24232
22197
24751
30185
21495
24065
20073
29427
39463
27596
26294
26439
41295
27710
24579
26485
16438
19890
9453
5403
29169
44976
43267
42518
35105
45981
40323
33862
39009
52859
43609
42081
51993
44674
43211
38631
48098
34647
25078
20142
18479
27873
42666
49546
44566
37918
28129
30042
32160
20986
23962
24308
25921
39687
16878
17356
24756
21808
22438
28841
34665
34644
33500
49700
35272
20077
22886
20352
19651
20365
26341
17835
19898
26623
18576
30781
31362
38371
32225
42384
28180
19908
19482
19279
23187
18372
21208
30253
37202
44720
21240
30502
25577
18746
19760
13956
24734
22566
25943
19367
17664
8410
21903
17949
23633
16711
23100
33488
16036
25550
19750
28596
24980
17159
15722
13956
24197
35279
44750
36076
46323
26658
12904
31957
27722
17328
28887
35406
25909
27736
26017
29415
18998
25863
37547
26042
49184
43499
36048
27356
39425
29152
37204
28526
29555
29572
41135
26060
24715
21182
19424
41700
36872
38082
49322
31384
34502
38034
33547
44913
35080
40685
36159
19831
28116
33931
31256
33104
23015
15136
29359
25643
32054
35334
27509
38545
31271
29582
32192
31010
37971
31198
26615
26978
23561
37786
6190
29943
30896
15778
23699
6691
12818
34188
23255
35178
33594
22379
24353
21779
25836
27688
26539
36985
39013
16521
36920
36132
54198
55313
45461
44661
37900
26149
44364
52101
52900
54416
39317
24832
33997
24537
24386
19589
14803
32349
33262
22875
24235
34689
18749
8130
8603
24091
14240
13742
18767
27342
34566
25618
24530
29470
35690
18507
30560
33884
35695
22494
25359
37481
14983
28174
30725
55480
27276
42474
28751
16611
25744
18717
31656
17780
47776
58924
35505
29200
19000
25605
29181
35314
24678
31167
32992
30021
21383
33200
34506
29426
19043
21055
20683
15660
17948
21383
17493
29245
19533
24926
26454
46162
51277
37734
24492
27453
24354
37161
25212
26395
26821
19102
21057
25834
33534
29555
20763
40312
50746
51417
48188
51269
39468
50957
47720
45837
46786
39737
32500
28915
25154
27787
23991
28271
38805
37331
49503
48603
50058
40849
38393
41846
41814
43902
41990
44401
45984
45427
48797
39540
48633
50470
51756
37750
50708
39580
38796
34866
29571
31039
29655
14005
10254
80155
77798
34032
48303
34266
37799
37456
29584
31000
34378
41048
28116
45601
44150
33656
23365
32844
30877
24134
35440
38443
27725
35254
46971
30204
44830
43440
46157
44645
49467
21466
50311
56362
43308
57170
57493
56932
52497
50729
47575
57461
61238
52974
54966
44863
53295
44162
21161
21051
19004
21479
19806
22979
31038
29149
33675
29644
22350
16739
20632
18799
11831
8720
20178
21474
18827
13084
26433
19742
22047
21633
22767
22021
21828
25519
24585
33468
42751
41146
26068
35540
37177
18911
21788
33975
39412
36222
32675
36833
32113
37359
29126
28983
33966
31140
28824
30852
16879
25141
29390
19387
27648
28858
30051
33580
35736
28391
47950
46946
47175
34902
41402
22583
32883
37623
28241
28459
23559
26583
34588
19477
37687
41782
36035
28452
28641
28792
31933
33663
25176
34270
28844
30617
32291
39755
33790
35041
32899
30962
28088
27865
30118
41354
55397
47188
46212
43321
55642
56411
54673
46365
47751
32651
25317
51106
39637
30540
30876
33412
27128
27109
22681
36330
50076
42300
54126
43503
35366
39462
45872
34989
46259
42263
44098
43407
34270
39525
44199
50131
38517
39062
33687
36079
43830
42774
41157
31713
26986
18815
16690
26423
30039
28846
32983
37526
38573
49145
31269
29073
36239
35654
41672
48739
43199
47799
22536
39811
45559
41193
36185
37918
27544
25484
18665
27107
27426
30024
23100
25754
31370
24692
18114
18864
24240
16131
24486
23901
14656
18449
20261
24110
13838
23477
23318
14178
17362
26479
20842
12545
21975
14981
24597
25916
25293
23692
14535
35436
32868
37846
23614
25352
20562
24259
21186
18679
18416
19303
29961
13633
18603
27437
37364
24637
22487
25539
33900
25312
29839
18978
19677
18340
22701
22417
39101
37629
42832
32696
33899
25318
38836
51281
36354
47207
38648
38915
33124
33236
38581
41869
33559
35355
42208
39321
44802
43206
29243
20320
31533
40677
43088
34133
25959
30278
34011
36531
37954
41649
45163
40063
43044
43157
33327
26545
30197
26787
28145
26922
16434
16828
23310
25949

32434
33142
31381
29767
36720
34144
25317
15675
30572
29254
44026
47802
41206
47172
46110
43528
53424
29087
41560
43581
44589
46869
39457
54305
51350
29268
22686
35564
25197
42640
43151
34071
39929
38553
34625
36009
30396
39096
26909
22852
27328
47415
33930
60704
37807
32228
37887
26088
39000
51067
41185
29576
26745
26653
20251
31950
39586
35463
24754
26111
21137
28099
41164
43189
36864
32629
35308
35108
27999
26610
30194
23949
31082
47636
41456
44564
46588
38544
40146
26731
23697
30097
23105
30968
27252
18239
23820
23164
27174
31750
30805
37911
32941
35180
40585
35824
39319
37623
42187
55707
46323
37347
55626
37837
47081
50867
63938
53281
33798
47364
30208
22718
38587
53826
48066
45460
44951
46230
54528
41314
44588
26930
28256
20741
26332
32616
21565
20646
32741
27630
15427
17618
18062
32225
14092
28677
40321
58333
49440
43460
40350
43756
38608
47135
51391
49765
27743
26149
49910
48218
48009
48647
51161
56511
36995
31131
30113
23518
20495
22621
30195
28307
39648
36323
34846
34846
43206
54549
49436
47859
39043
23938
40299
35876
30792
34822
26859
28249
32410
32561
21802
16222
28918
12396
21877
9791
17102
16773
16538
27336
18375
28413
31646
24811
24763
22940
31118
23376
28020
33820
34595
43086
22019
26019
11429
19468
28229
29738
26591
24765
20807
43564
38562
27532
21326
16595
27702
37148
41993
33887
17030
33153
31609
21386
28589
27838
27354
19193
15580
37073
33286
31863
15084
18730
16635
23498
29220
24834
22899
21235
23878
33940
42098
31643
35160
18927
21877
22145
29144
41403
15561
15625
15929
17747
26887
27834
30220
32283
30099
26750
44785
37640
38014
38822
34045
31309
36870
40280
44461
36361
36219
26094
27097
42483
43476
39484
33174
28598
42253
38875
31224
37623
39477
42752
36367
41445
47678
50242
52161
52896
43875
49961
51159
48309
41068
34079
18891
24641
34022
34655
40381
51312
36340
35765
32640
25395
34218
40826
47714
42438
48450
47580
52247
50273
31079
17470
17503
10720
29255
48481
36149
39211
42620
36863
34404
30834
34370
41255
39364
42494
40197
32194
19181
34036
38635
40969
29759
28570
28065
37171
32861
34899
32982
40881
31751
40382
42619
36255
34103
35400
46205
35646
44818
46548
38899
20497
28777
24649
30008
41329
20182
30811
23307
18991
20319
16718
20445
22057
12922
25492
23814
18742
19050
19374
17959
29496
21691
26111
15822
8280
16030
25689
27697
19201
21423
31645
37212
26890
15912
30671
31922
15891
11922
32168
20765
19685
42223
40544
38390
16490
19610
24416
23709
16990
11131
20517
21286
23005
19554
20932
16509
16926
21419
13064
11575
26056
15462
14395
25247
22262
15082
15590
17029
17587
19339
33278
20360
30635
17866
24168
27885
14056
16619
22033
22405
16230
33222
26553
29130
26688
30192
36217
36990
47500
41774
45323
28457
25008
16960
23253
16871
27161
24651
31739
38483
37836
29977
31181
20552
27438
31669
19066
27117
23528
23499
25920
42963
41636
42204
27173
32126
22353
14292
17899
31898
33797
46923
44724
40685
46373
46184
39515
41199
38534
41591
39986
32000
28118
27013
32056
34197
34860
35438
45261
44467
46331
44404
54803
47784
45795
43945
58361
46183
51850
52935
41498
37963
34361
37416
37312
48864
44239
41703
39394
46481
52841
47862
54400
42416
24937
27477
27166
25323
27268
40981
43994
50579
35949
29743
44168
24170
22922
20408
40445
43733
36329
33015
30712
19474
34449
35075
26199
33711
31187
24876
27564
38760
32027
19389
18876
21163
4945
17328
17243
22494
26596
23052
29062
23582
14640
17833
20097
20819
21186
15857
33491
39064
36508
29876
28855
37170
32305
15216
39589
17022
24982
27636
31510
16328
29018
30440
33158
16953
30776
35271
32098
41577
36796
20608
18190
17254
29927
29747
29896
33701
45570
37981
41479
41606
46912
33613
30603
51650
46689
34747
32004
40400
49389
46376
48520
31456
32579
29814
26311
53441
41817
23391
43229
49765
51737
48565
33171
30335
28987
26605
23886
17685
11821
10247
27557
36649
44651
45174
41259
42069
38858
45605
50873
46849
49797
48792
44658
43022
45401
43055
54264
48248
39860
35225
42638
36255
50968
51492
41486
32476
35919
28831
39409
32287
28402
30519
34962
32811
28197
20627
32989
43916
39633
44663
40305
44883
30334
30198
36792
29824
33609
37009
40887
40305
30041
29795
26380
26652
26624
37776
31484
36012
23796
24242
27613
22904
23742
19176
25546
32546
18504
36191
20653
12182
14343
31123
26610
34333
29698
20419
15339
19280
20589
32431
30435
23146
31965
28523
18468
33533
14512
22794
15759
23296
22205
28007
19537
27814
28886
25657
26700
31921
43959
33649
26738
21177
16244
19584
27584
21574
36488
36844
27250
32264
26108
28799
24158
21540
30173
44835
42158
47943
40665
31802
32065
24855
42467
39403
41422
41117
45848
51162
37786
42323
41455
50008
39354
58269
32968
39666
33562
31133
34181
37821
38018
26140
37087
23069
38119
28357
35323
34363
24271
16989
32284
27563
31295
25001
37572
49098
51905
46158
59144
53874
50292
34022
46254
41803
30561
40948
39090
26286
38066
40370
35009
37108
33747
9486
28158
42373
50340
64583
62117
67793
62885
76031
69792
62318
64480
71388
68108
67870
63350
64259
64036
66967
63717
58368
65797
66090
73322
63275
61782
58926
61328
64479
68250
62534
67108
69281
40338
36380
36612
30324
45449
39642
48717
48450
50736
47694
45400
54687
46086
46850
47444
46884
45556
45341
49318
39040
39139
38905
31316
26748
24659
58809
30080
19388
32189
43298
44315
36478
39892
38722
23969
32258
35926
31610
33848
36413
32867
23085
33624
31202
42397
48302
44391
29024
32890
21039
30188
27265
37940
32067
20083
30240
38469
33791
35246
41646
41433
38698
45538
37010
39763
52477
50268
54911
39828
38551
31305
38458
43784
53814
41955
47572
46784
49415
45066
35055
38327
28709
25684
42596
38950
39274
41184
40675
40203
37615
49733
37085
42628
39698
28002
23728
22146
25835
30787
15849
36283
22666
21958
31479
38881
32324
26517
30207
29234
47275
25139
17819
21200
34366
32629
45204
33627
28358
30163
24991
33338
28648
22898
20973
17309
14494
18394
19088
40318
43947
30229
45234
38182
43141
33033
38251
33587
27053
19797
16045
27953
38105
27613
40971
31618
36966
30586
27916
6194
8742
21784
21818
17650
22435
22788
22176
22046
14007
25230
34259
23649
25252
20592
21707
13710
19938
15402
20215
20688
21953
28469
24904
20133
16967
16751
20731
9442
22406
38199
33313
32602
21073
20936
19817
24029
20747
34467
34710
22290
24434
16389
25449
34357
29449
43816
41916
35069
23940
17056
31783
37981
27420
34678
38280
31920
43954
22778
16021
20858
34249
43521
24404
19443
21878
41292
49435
42568
51824
34789
29975
24544
18612
18122
28048
29451
28839
27348
24284
20598
19743
29268
36206
30342
29733
36526
34994
21054
25663
23758
25957
32944
46983
39039
30206
27319
16933
22608
32179
33984
25368
13036
37884
30972
28114
24254
33471
43106
32929
27090
39029
25366
27523
33593
31224
41967
29517
38166
46890
57312
48972
48214
38261
43758
57517
50586
35412
29194
38890
43048
39707
38120
19825
33407
17252
29527
33580
24852
44126
42756
45315
32594
40203
22213
18064
16578
8991
25866
18170
22893
23322
35577
24663
20644
21568
24535
19299
12457
28340
24060
29303
37278
18093
23738
21984
12957
22188
28124
32805
27976
34005
35338
37958
30016
31289
42945
63026
43197
31230
36421
32070
41105
33427
16136
31447
33212
48956
44033
35065
42620
41266
37156
45373
47828
27420
23414
36034
33184
46837
43948
41457
30756
22695
29288
40107
24421
35988
53297
48753
52529
30137
24358
20682
44619
43548
38642
50475
48046
46698
56939
50367
43902
47139
30373
37620
45649
25621
38329
37448
30446
34875
40802
43763
39975
47595
48595
42033
52204
54773
44689
55494
40565
54240
42822
36798
52367
26662
44149
42309
45873
44579
40816
47577
53131
34503
30923
32930
59314
45687
40965
49595
41507
60928
64460
57580
44493
33712
40822
53562
43707
50992
44803
47926
43062
50407
46682
32002
40147
45359
40970
49065
45653
41643
39549
50765
27256
30033
24527
30165
13626
34869
36959
24622
29982
29680
24909
34408
36404
25512
24657
27966
26491
23557
14370
22989
19278
20372
12608
24424
39552
46769
34556
42502
38492
36722
34417
24431
26622
25266
45406
32752
38221
32818
29683
38662
46968
21981
29426
17476
20432
28047
42132
29616
32403
42721
35289
30613
40257
37539
38856
46845
41347
40286
35930
40444
32734
21638
33631
31197
36083
36665
26932
34068
17785
19152
24429
22850
22374
17970
38195
30317
30848
31841
30160
29977
38598
38082
33952
40715
42500
38922
53457
45547
42176
51693
48576
41281
34176
36604
38842
37997
28986
49811
21618
52379
45425
42548
38168
42293
24593
15108
12743
67995
15286
22865
35299
33860
35748
39488
37052
42088
45120
38542
54258
52317
40559
46784
47287
46664
42692
42306
44589
42344
43545
39646
43608
51620
45632
45584
18159
40350
25782
22548
23374
29488
23538
31328
51381
37513
42330
36118
38305
37940
41503
37204
35164
29540
37458
33721
30010
32116
44392
56050
43174
43613
46690
34667
43371
28580
31587
35334
27745
41605
49747
27366
43298
34129
33883
32780
37665
23232
31975
27264
22260
28276
29413
39845
28437
30066
23622
22182
33758
36293
38116
16576
20354
22559
16573
8342
22733
21581
22506
26366
32667
18505
23106
11711
5120
13817
19279
5876
11226
13261
6507
13693
16175
15318
14204
16551
39906
42772
50121
38807
40025
30913
23074
17627
15864
20609
15235
22605
15352
19014
45931
48508
47434
41388
40064
34519
27759
28067
33354
40912
33926
32086
50213
41353
25116
35800
43700
44757
47533
36589
33013
36060
24138
29703
31174
742
24839
14452
17593
28912
23499
38084
41226
37445
40696
41315
48969
47045
30986
41613
42057
40420
40138
46756
46891
41458
34445
44296
44687
41614
43243
46896
45678
44129
42228
39638
45466
40808
36792
33235
46259
40701
35779
37466
42484
34324
37698
45453
23996
24628
22200
20531
29532
25173
25001
30350
32753
32748
41604
33617
31409
29562
23832
32074
25637
27041
25199
22759
20356
26976
29416
31244
17551
17995
19039
25847
24436
16589
28499
16749
17785
17204
37356
32017
29002
23846
27957
24598
24886
20428
27232
19852
25122
28832
26161
21391
21398
20703
26851
28785
38003
20031
27902
19569
22872
27616
33937
7857
33664
34138
35474
29787
35615
41837
48852
46041
32157
34294
24747
37225
42134
41221
35947
34679
37732
35203
38735
40808
36299
36540
44541
41818
55562
49778
47351
49470
48972
43981
51127
43110
46275
46522
35544
31281
44942
11771
71673
76158
78090
76948
77977
73544
68071
60138
63760
80340
60262
73508
65335
67610
75121
65824
75220
68785
79688
70069
76443
83463
83678
65300
73437
76745
69459
71456
75443
68688
67694
74665
74260
55194
65227
68992
74704
70091
72918
70189
73839
74944
72876
70011
74472
59333
73590
70164
68640
74495
64849
61174
65524
63448
58908
69011
58362
57932
55271
64342
61617
62485
66598
70980
60466
19551
46475
54844
48033
50015
64244
69728
33723
34950
69877
74717
69221
67965
75328
71959
26506
72242
73606
82260
82074
64677
71521
76395
69572
62424
63158
62371
82059
71845
74459
73065
76853
67564
73357
70444
73171
66292
61161
71787
54581
67245
71124
75223
71658
65485
77140
60904
66842
70113
75411
64768
72209
63831
67432
73260
75879
72795
59103
69502
69860
77149
70547
67856
77293
79015
69876
71105
74249
64934
64627
73763
71201
72528
14045
15931
27200
26247
28542
25453
25951
29688
23315
32827
30079
33097
35937
48762
34738
42574
34901
37909
28501
26886
26702
29832
40824
37734
31192
57778
51155
45410
51016
41464
41666
40311
23867
18030
21873
28089
20890
30126
35281
52486
39284
26192
37738
33883
42028
43464
40426
43072
35300
42089
33047
36033
37965
30873
19757
11239
14379
10931
6898
26857
30229
28698
36130
44100
34933
35296
19925
29666
25362
23819
23521
33802
34142
21662
30426
32253
35706
31512
30932
25208
17925
20339
15849
15142
13939
13653
15816
14768
29752
30082
26571
18304
19624
27882
34902
28564
33304
26140
26014
26735
25404
28487
29963
22344
24690
30359
37794
24142
22695
31599
38974
31553
35240
24296
34358
41263
48287
44767
50527
29075
37699
47504
48386
43666
49114
27459
37845
41533
35354
36544
15659
24818
39546
26392
28318
32184
39657
35523
28280
24810
29560
32135
33950
37101
42771
35502
42720
29805
25757
40999
45799
51612
43318
46496
45610
48547
53378
35522
38992
28424
33848
23741
34419
39937
37789
26781
21901
31254
55559
53517
46859
55471
50459
31467
31152
32768
29404
16723
24612
19870
23140
31863
29364
19715
21381
19736
18998
30596
28842
23007
23560
17162
12252
18721
11692
14187
27913
28099
26382
29725
49460
40314
29167
28987
22574
16482
18102
17121
28442
32532
30027
18587
30346
23857
31565
32043
26565
29530
39270
42167
42129
23104
30799
33750
24683
39929
41827
31744
43828
61511
41696
39818
44463
35271
22557
25102
31926
28164
37346
47587
36798
24819
29549
35421
37707
26949
35990
36309
29030
31117
35313
41379
49773
39216
34199
45064
36520
47935
43880
55590
47177
46353
26300
20498
28701
23459
49841
44107
44277
34617
29089
34092
28273
18677
19797
28902
22150
25108
29729
21405
26743
40982
29129
39432
49656
58405
48452
46957
55917
46235
55196
50250
61671
55722
47133
43132
40896
44421
44341
38675
36719
43122
30138
34387
42581
48930
45422
45933
27153
25613
21401
26912
23918
30505
33833
31283
31012
42462
23996
24475
32047
32115
36808
27337
23010
23480
27669
21728
20340
29677
25988
41735
37393
31053
29956
37454
25609
26884
29579
31458
36782
45482
34972
36351
15642
28959
31934
29977
28249
42437
50047
49787
41991
36946
15005
20455
21825
24058
26331
26147
17560
33606
36443
41044
31851
31539
34237
35073
20489
15170
29264
31647
39765
27162
26869
37619
30363
40685
48594
41762
43906
42539
50003
45065
46193
41150
41835
31184
34580
27863
27757
36905
45742
38303
40787
45588
28530
27300
42204
38860
49971
39045
23568
31372
36752
43120
30970
15339
51352
25795
38473
56978
55693
54986
52762
48535
46803
58136
49187
60840
48314
46248
47090
57008
46725
37426
47577
54233
49656
55751
53551
43751
45634
45309
51455
39351
49189
48583
43378
41324
39902
39200
25261
35502
40058
38040
46657
34031
42631
23936
36992
37642
28917
36225
50066
58675
45009
32617
36876
33954
41985
45785
22754
17470
24330
33300
27659
35615
30828
34259
30032
29933
47173
51019
34562
29847
29103
40428
60220
58728
54021
49243
50565
42232
48319
38080
26777
22727
30165
45311
49811
40494
40857
43774
41375
38782
49560
29074
25797
22807
27479
34007
40331
38558
41965
41593
38145
36949
30839
25761
40822
46571
45058
49472
55774
30283
40067
54562
49682
47798
51556
54679
43651
45148
47635
36047
37666
33423
27594
25779
25706
15980
17005
16898
22823
24714
37775
25626
24590
21188
25378
27760
27186
22678
31770
36333
31757
40740
36567
10718
9422
18950
45895
26182
40728
51170
50138
48004
48828
44595
46291
42515
46811
32292
36052
53024
50455
52921
34365
39606
36975
14747
29792
34604
40294
37802
42122
45341
41362
36587
38002
18290
25444
35479
24416
30526
19563
30768
17984
12759
28422
36741
45087
37774
17523
21979
19348
33061
30005
46219
39488
32058
36393
41556
34630
38023
37744
21746
32022
22770
16715
36347
40666
23795
26735
29826
41017
40137
24443
30533
28779
35569
37042
29472
29405
22451
34722
24569
24132
38664
45161
30895
25154
17098
51048
41571
51637
33136
38542
28450
38652
46569
56042
38094
34556
37876
38572
47415
31294
30911
34784
36094
40729
44454
42226
35548
40454
38896
38972
41384
43545
43696
44480
28712
24905
20781
6670
96531
37260
15676
18982
27449
24485
47556
54617
43080
46963
47131
45368
35807
38241
42135
37126
62120
55849
51032
57783
52920
56324
32633
48840
51392
49111
43300
47315
48181
55728
49773
55537
44806
47239
46490
38063
45545
39124
40596
32856
35513
33477
42460
30636
35803
28940
32936
35938
12642
28111
35122
49556
50229
37906
22182
23908
42204
36407
21071
32748
41592
49231
34802
35021
26889
32399
44871
35338
33254
22090
21607
29140
24075
14482
25075
33006
25965
24674
18554
33136
26331
27801
21985
25416
12481
28049
39087
35138
25401
28488
23724
36732
41532
33339
39047
27175
31384
33802
79989
52350
40368
34802
40526
37631
33680
37214
38225
44038
31262
33059
30533
38772
34899
32067
47590
48172
43977
23979
33113
46390
36381
33309
29482
22210
23116
40070
37517
29924
43777
44698
36825
43971
38235
39675
44578
56549
46400
47565
53779
52629
51126
48362
50641
62473
44993
46448
39943
39931
52718
43320
54120
51600
54317
41114
51037
50684
46355
43580
36138
44646
47155
50980
44951
52806
42557
49812
48789
45411
45303
47120
28441
49423
48536
46779
44084
51202
53367
46796
38810
41307
44273
49150
43930
38798
30183
34290
39092
45003
46201
48305
47589
38482
45487
45268
52817
52068
44535
48209
45940
51309
46537
49225
53747
46227
53646
32391
35778
46896
50896
38225
40911
44319
43195
44092
46740
45436
47364
35396
41659
44239
45878
46716
34499
43852
43545
43796
51199
42925
47695
44426
48188
41935
41765
43650
39154
53372
40030
42961
35372
36284
29803
28947
27589
1488
94811
17349
29505
40735
49051
51140
51876
51310
47669
52993
49641
46949
54448
50297
44543
57144
49640
56804
48867
53403
51260
47048
62634
48154
58741
49660
53179
54367
52503
44502
33747
29584
33485
43121
46535
34669
41605
50504
52010
37496
56679
43859
35821
31898
37326
46707
41876
41589
42053
34468
54158
48013
43297
50971
45803
30423
43035
53000
49460
42207
45002
49760
49860
48805
32065
27722
21865
29812
36519
17919
32306
31893
26623
24334
26822
32477
34229
38771
40377
49463
51656
57238
49347
50721
56780
33545
21067
42781
39362
40323
36789
45598
37143
34824
41002
47124
45326
51617
59667
53204
50105
49782
52479
52336
33853
39858
46060
34345
31829
43204
34617
36062
31047
21036
88807
86135
37134
42591
42620
42424
50930
38693
46295
22253
24494
41381
38481
47715
38496
46163
37368
36188
48114
53798
47016
47537
52332
48170
55203
57387
49568
47362
19280
31287
38634
40189
37769
32470
24705
19144
19881
34918
41199
42999
39940
50454
56042
35756
47629
32561
36595
27961
30426
31782
34103
39613
35510
27475
38818
33547
45738
47887
32611
59334
61461
53399
40583
39586
39602
33835
43605
40468
51332
40496
40553
42535
45211
46595
59825
51107
43536
49372
36721
42708
33324
55705
58048
51367
55430
58531
38946
51700
61339
50218
59970
61992
57528
57165
59775
65953
36237
56071
57378
52783
43580
47215
47808
47510
56862
41711
31332
43042
54380
55147
32794
31488
57111
21830
30786
41347
30453
30102
45226
39881
50707
40095
43850
58136
39447
38591
47338
51973
44170
56485
42901
51292
30192
39446
35091
40250
37904
43779
44933
41747
40804
45007
37837
42027
43426
17864
44235
41854
46994
26161
27728
18140
25067
31910
37114
39374
47471
39717
34251
28334
23915
38802
36061
28421
42835
34026
42902
47787
49363
24652
28922
28124
38953
54036
23107
19905
32412
28961
37633
21987
40316
36898
33696
34277
30712
22811
37394
33964
30990
37518
34585
31194
35120
37657
46458
31942
34345
39281
36065
34565
58353
43600
41717
38963
43952
51395
47870
62194
45689
50734
38161
24119
43428
44777
51176
40040
45077
42186
47462
46372
57171
53040
54639
60862
59686
48950
45852
45885
58214
52988
40504
43947
44904
42343
43806
44194
40421
33204
39025
21365
17931
36425
43557
59820
56265
54593
53015
56864
46424
64516
56817
34229
23761
37455
42027
65262
54629
49463
41272
43370
59051
45757
50219
50868
46000
36677
51198
56049
50513
54999
50962
48079
43069
43418
54398
58373
49789
55200
54286
55252
56394
56380
58376
53950
41174
36177
36218
44250
42784
49088
41863
38558
40792
32269
36423
45541
42455
35252
51533
40009
49132
45261
38409
32836
32011
29062
48534
52216
44524
37909
38679
91118
49796
38830
50647
43916
40965
57264
46561
58273
48213
62650
61021
62716
50028
48298
41467
51019
65653
57117
48430
49484
53403
54905
55345
48984
45346
48978
47893
42722
35157
42797
42912
47273
54464
57416
55487
58965
55244
31025
53133
49257
48252
49277
33004
41354
50670
34693
42144
50052
57068
61162
50583
52754
46066
52032
55788
44473
46810
54612
67238
46237
54872
57330
58411
54987
47837
38738
55276
59661
55240
52831
46705
45515
36481
45336
61300
55633
46122
51917
45307
53684
55719
24722
31590
45550
45514
53658
47320
58872
47608
43931
55667
55498
61675
48696
59653
60037
53172
47944
59996
61428
60926
64653
72197
51939
48876
63088
51590
59008
51741
49573
49807
54784
54422
49901
48102
54362
53422
46217
51051
49865
64538
43666
60294
59586
50392
43012
41992
46522
47990
46622
64212
57632
56375
54477
54645
57532
54242
56215
35353
45856
41784
54167
61834
59293
52363
57230
63944
66750
62768
67819
67482
74222
63233
69700
63960
55179
52522
51519
52437
50141
52876
68194
67048
37508
59078
44415
49606
46831
61131
45022
57425
53816
58122
66868
60503
55703
51756
50897
64475
47730
58655
59080
66588
60403
56281
64869
57709
56763
51261
50970
50685
51244
58946
45709
53718
55481
54094
59028
61832
52512
47698
56353
56690
66896
55126
54431
57933
52615
54503
48430
47127
68579
57525
55624
52932
60039
64264
57628
62029
64691
65290
64084
61468
49121
56534
47178
70201
48462
64795
46266
55729
57943
65001
53910
57618
44769
32639
35503
58980
65760
62062
58965
65831
63027
61820
62527
57500
58066
59798
70100
60196
65513
69432
67094
57421
71167
62087
60683
67409
66936
46950
54516
51532
69488
66552
60068
70091
72207
52832
63911
70933
62589
57898
50738
57736
61775
66069
53768
52153
59012
60052
54450
58193
62447
55491
53508
60317
65346
66331
53852
54826
58502
58354
43907
54464
69323
69397
66234
51067
42720
