length_gene
6807
12634
25794
2683
7343
6706
0
10256
5638
2532
2219
0
974
789
879
2840
1455
1184
0
244
4157
0
5036
3678
0
2273
3519
676
0
0
0
203
3098
4974
0
543
5748
0
0
1957
6022
1946
3811
4510
644
7545
5007
2711
2380
0
2514
10696
8405
214
4716
11815
3182
6562
7866
13510
8352
7677
2533
3041
3483
2967
5493
10708
0
10339
8264
9263
6246
6938
1164
0
2274
0
8761
4988
998
9477
15311
15919
7867
19342
9399
5075
3147
479
516
0
1315
9137
5649
0
478
5722
3085
9642
1592
0
1164
0
4119
5304
7525
12649
9435
6905
9418
2466
1953
3042
5084
0
1509
8932
3153
2431
3004
1200
1054
0
6018
8228
3635
8392
4119
1995
0
0
0
1869
2402
1100
0
2624
12980
0
5859
3372
6898
2489
9997
1317
1693
4264
14591
8665
5273
6391
7479
4303
5852
8762
4302
5375
1682
1195
488
0
4212
924
5113
1794
3036
10366
1480
12360
6275
1162
1282
314
0
3885
556
1989
9004
0
0
7124
2560
840
0
0
1468
608
4084
3587
6202
11002
1574
389
0
2078
7402
3562
2797
4686
10468
1878
7735
2443
0
10419
10340
572
11634
0
5189
2846
1533
2274
4072
416
15079
12949
5901
4417
4863
10284
7943
5955
15282
11141
1509
5827
1870
614
1349
414
16453
13443
10790
8927
11476
11969
2697
1529
370
5104
2193
12027
0
8937
10158
7057
8113
2246
9297
19945
6870
13778
3344
0
5591
5948
3676
10147
9646
846
1192
2752
7456
316
8339
0
0
0
1310
588
1593
11028
0
15559
6669
1337
6431
4041
18415
4998
502
1931
5937
0
7441
11215
6515
8840
1351
0
584
0
5190
0
0
372
3197
14029
12300
19179
880
1141
2875
1133
559
1529
1372
352
640
6603
5810
1719
5451
6152
5288
5320
1078
10860
21866
14131
6379
1143
1198
8641
5980
8278
6403
0
3184
4945
0
0
0
0
9112
0
0
0
13742
10258
6269
945
3100
19909
757
1251
1654
13345
21169
10596
7650
9049
766
6918
2099
2663
1952
0
2265
800
1715
1077
9159
1454
0
658
0
7575
2636
2324
5485
15826
5174
7351
247
0
9818
7396
962
6338
5768
0
17656
12752
622
16986
11079
3011
899
10317
3389
1900
14947
1663
1024
0
7138
852
0
4795
10858
7821
0
4168
0
9519
8713
9910
1400
7362
5751
7339
0
4768
4592
21931
9868
2208
4880
6240
15596
2090
7346
4342
7238
0
1343
3090
9893
25601
24430
19820
15022
8385
877
10184
11581
13383
7751
4235
1268
3847
5731
1009
3986
13629
19823
0
9695
5083
8867
3259
1693
17005
2031
1002
96
4180
128
1825
1365
469
0
436
1885
12206
12724
11276
11174
6682
6238
0
5963
2320
0
1713
0
2120
0
584
0
0
3432
0
0
0
3923
288
1253
0
491
732
0
0
682
0
1444
4412
4273
2956
3543
10357
8905
5880
5655
2113
0
11760
5054
4783
1990
10357
6160
0
14414
2496
0
13927
2938
0
0
6569
4090
7351
8715
5164
6915
1172
0
8355
4070
5037
598
0
1878
210
848
0
416
645
770
201
1423
246
1551
0
333
2146
0
17433
1099
6274
6959
2293
1410
4087
3389
13352
1951
566
0
6483
0
7345
6414
840
1017
1327
0
10691
4166
4824
700
1716
10036
0
2500
882
1431
1165
0
0
0
12313
4748
3673
0
0
911
3637
4521
7290
6899
857
776
0
0
3016
6809
1306
11612
3006
6713
310
2945
0
8159
3863
0
0
1436
0
7618
3703
2611
1634
0
3796
0
0
3859
1522
1119
718
16820
10143
0
0
0
3721
340
3072
0
0
1028
3854
0
899
0
3802
0
17446
4145
0
1293
0
0
2187
0
1915
7214
3910
0
304
0
6153
13959
4522
7902
11050
8495
13376
0
0
0
0
2309
2367
247
643
10261
6373
6678
2329
0
2097
1681
675
0
5568
3047
1437
961
2709
0
548
2977
3599
1561
3065
0
0
15871
5682
0
1498
0
0
345
0
0
537
0
0
3036
15613
5763
1661
2377
3313
1157
3892
9282
5122
10747
0
0
3152
0
4703
8932
15458
6888
15049
4878
22335
10673
7511
1752
17771
8867
2437
0
2421
6130
9428
1907
3980
6290
10438
7250
11378
2237
237
1472
14384
1279
0
1374
6948
8423
0
5363
4814
12738
4252
11021
1836
2028
13617
3191
1605
6367
2923
1180
2274
0
0
0
260
0
15222
14960
0
536
767
48
1017
0
0
0
0
0
671
0
2279
884
0
0
0
0
398
0
488
3097
7330
7845
15683
1816
0
1394
3606
4484
6676
0
0
973
1478
0
0
1602
0
8016
12545
8330
8896
4812
581
1199
6385
11985
0
2078
0
4417
5810
7745
5095
7056
8642
12575
5549
2024
826
2302
0
0
1619
1954
7520
2836
0
0
0
899
0
1754
4698
1018
1950
6565
186
0
403
0
766
1509
2403
4275
3005
7415
2215
0
0
13739
1807
7554
0
4107
0
5325
0
0
6426
5121
4343
6269
12808
0
5645
7044
4681
4568
10519
1388
702
145
399
0
1702
3357
9370
0
3473
8599
0
8343
2490
841
2655
9688
1490
1826
13521
13089
15800
3704
9414
2600
15730
3314
171
5051
5385
4416
0
0
5083
6128
3804
1904
0
0
3494
439
1442
7620
0
0
110
6175
0
7028
15185
10056
0
1772
0
0
0
0
1124
1313
11413
3669
1469
4855
6067
8483
19260
0
19249
19219
4557
0
1315
13044
6916
5374
469
0
4647
798
2904
2306
1195
648
418
8914
13587
4460
304
1018
0
0
3137
5558
1727
13243
5229
1791
3467
6285
3244
0
1979
475
189
2791
1160
202
740
541
5316
0
696
1872
0
603
1806
0
3305
12374
0
625
3161
8169
7203
6905
381
3938
8380
3700
11210
6137
5277
0
20270
3076
2044
4477
5595
3685
0
5851
4412
1334
9413
7117
1658
2865
1686
2390
671
883
5070
7126
3747
6747
7671
1844
1161
6411
1873
1349
6759
0
8692
12862
2528
16267
6263
782
3095
7453
2260
12564
5022
3101
2232
3560
13423
13073
3492
218
1180
10165
1988
1099
0
4219
9241
0
0
0
1051
6016
12068
12446
6115
7928
2729
3523
1557
0
931
0
0
3497
2134
715
261
1332
3967
10984
3483
0
0
347
2609
3472
3443
8959
1469
6982
0
2999
3586
228
0
238
0
5105
0
826
0
11320
9023
4976
8071
10774
11616
1903
0
0
0
0
0
4057
4416
1027
0
0
0
0
2455
5074
9446
6592
0
1867
0
0
1372
955
1908
1137
6715
3749
2614
6138
3761
6595
5873
13541
8654
2042
8790
4696
7792
0
0
3662
7892
5707
980
0
0
0
0
785
0
0
6516
0
174
943
5493
5046
983
2350
5047
4121
503
18107
1670
10512
0
1029
12424
7564
0
7373
19699
15462
14189
9766
0
8993
8226
6829
262
0
0
4605
9126
18166
1804
1668
1943
4682
14026
15134
26038
0
7110
23845
10112
3675
0
1646
15943
6183
9947
6644
1360
0
8122
3002
12
4800
8339
18953
0
14696
19369
0
9024
17351
3369
7624
9556
5187
302
8875
15604
14875
8908
18384
1894
8615
2194
15091
9009
15402
4473
20820
24376
15701
11247
2127
4298
5386
4634
0
0
0
485
2009
1943
0
13562
5583
0
0
446
0
0
426
1180
0
1578
8753
18100
0
2235
4228
8297
264
1704
847
0
0
1296
3486
3097
9823
2648
9923
4976
721
0
0
0
0
7133
7230
17267
372
0
0
0
745
0
0
456
1056
2603
2210
0
0
2315
0
0
0
0
0
3316
10019
7238
8773
4429
4588
6114
12995
8751
0
0
0
3233
5610
2406
13364
5566
19970
13203
1940
0
331
1447
20426
9340
15208
8284
8676
3893
1852
2582
6295
8946
7733
4252
16007
14817
14889
0
1026
1035
1529
0
7728
7681
7908
0
1095
19326
3019
3167
5557
7779
13042
3182
0
0
0
3343
650
4125
1168
0
832
1650
406
354
6987
7083
1432
8551
1312
0
0
4482
6815
293
1142
1313
1249
0
7367
2680
5038
10678
14731
3500
4894
5031
2081
0
760
451
0
2955
8339
4519
0
0
17865
6551
5568
4497
0
3931
9483
0
0
10294
6344
2733
12676
10336
1888
2918
3742
4264
9052
11667
968
4643
1291
426
2429
7420
0
0
2384
1594
5311
1309
2055
300
0
4392
5992
0
0
1194
1027
0
3068
4792
8756
9692
13229
3440
0
5722
15987
1702
1236
0
382
7531
4663
1246
0
0
1339
0
0
995
0
87
519
1076
0
0
8518
7460
520
0
925
6575
3505
1371
0
15852
2814
692
5574
5041
1292
0
4626
1481
14531
9535
592
5645
1591
817
2881
19278
1668
4543
2736
1891
1511
5084
5236
11372
0
0
3915
3605
4065
8562
12628
670
1176
2771
0
402
1608
1534
0
0
8064
8813
10238
0
6001
2941
15937
7451
6781
12632
3840
964
7075
7664
10011
14967
1634
10437
9545
10961
808
674
2457
1542
861
1786
5172
2264
2525
3218
5322
0
0
756
0
801
1687
4225
523
1615
0
0
7358
2156
7811
2982
10082
3159
10561
0
1010
0
0
0
2855
6446
1812
1506
1557
0
0
0
0
2425
2230
1643
7594
2891
7016
6703
485
9120
0
0
0
0
0
0
0
9132
5697
3371
1204
0
0
1338
1171
0
742
0
0
635
482
938
223
188
0
0
0
955
442
0
326
367
0
1070
2872
0
0
0
0
11995
6585
5089
838
3690
5497
0
0
1917
0
481
939
3376
784
1491
3506
3579
0
0
526
6621
1599
6993
1986
6549
338
9853
13717
1104
2840
4097
7162
2796
0
2324
5096
10437
8215
9893
4001
3893
8758
14792
8820
0
0
2275
2434
2840
12809
10814
8765
7043
7386
2090
10094
3052
4079
818
5908
5798
5359
6696
14515
15843
5213
5998
1739
16523
9039
7755
6658
0
1285
2171
786
4019
982
3541
16326
1511
250
655
4925
11415
3953
7671
0
3696
2060
3573
9351
7568
6584
8338
5139
2117
8140
1290
7210
11813
11879
11314
9132
410
0
0
0
5904
6242
9913
10967
15534
1307
2592
1646
757
3436
1136
5145
9987
5490
10037
3501
0
0
4879
15911
2408
0
7293
2461
3764
0
970
1541
7722
4901
6675
0
2146
683
4993
866
774
0
8100
0
0
221
0
0
2050
9432
14355
6905
4029
6679
6579
3093
9277
2583
13318
12523
12433
5395
20981
19690
12967
14793
19724
8608
26501
9596
9832
7680
1594
19552
4153
827
4395
5296
7874
1873
5975
13222
1139
4486
5877
4846
361
0
0
13394
381
543
12193
4223
13461
5843
7158
2438
0
2153
1296
0
9717
14078
7715
7175
38
6043
4787
849
6220
3208
0
0
3692
10463
8754
4514
0
5322
16234
3296
2898
0
3882
10259
3503
7272
259
2337
619
0
3028
0
0
3479
1140
0
1253
0
0
3931
1151
0
4700
0
10350
6983
7549
4202
0
1025
4245
7426
8768
2693
8099
7808
4696
9445
3049
2168
6609
2047
9
1907
1307
1666
0
0
4321
10571
4494
1850
154
2378
4153
11551
0
0
7188
12185
9453
0
1347
1420
7274
4580
13931
6861
743
10658
18238
16715
11584
3229
10428
5865
1971
6144
5775
14058
5065
350
0
1408
0
4248
4812
569
11633
11760
6309
465
4613
2737
344
3139
0
0
0
1541
6991
12788
8703
4724
8359
4705
9177
4253
1391
0
1453
3014
2341
620
1141
3985
0
2052
0
805
7223
1157
0
2270
497
0
3096
972
900
2992
302
0
1434
2909
5221
8392
2148
2042
4908
3137
1331
0
0
3993
0
0
2614
1010
107
9125
4621
7483
6654
8195
8742
1517
3004
854
0
0
0
997
2347
1195
0
0
0
1062
5750
0
0
0
0
0
0
2491
1046
6077
24126
494
0
7292
5136
1777
6731
316
425
968
5862
17943
3476
0
404
0
0
738
1358
0
827
5728
2370
878
0
0
0
392
1753
4096
917
0
10798
1657
8595
7176
3756
2093
0
0
3265
7060
965
4583
83
684
7575
15209
507
11907
10212
6538
9052
14954
0
0
1816
351
5602
0
8006
4773
303
2594
0
4146
1305
754
0
0
0
4349
1124
5104
3994
2000
0
209
278
823
889
0
323
0
992
0
0
7153
1330
0
0
0
379
0
0
7453
6502
4890
0
20
9023
20715
3269
3918
2075
3599
3179
259
1103
288
2201
2642
3087
2067
4624
0
0
0
0
0
0
896
3628
0
0
4245
5428
2461
21978
831
0
0
527
811
9681
11622
0
5995
0
0
0
2139
5368
1118
813
1738
1616
4774
0
0
5098
4784
527
0
616
0
590
295
173
2010
11
0
0
2657
12478
0
10844
8356
6220
4029
1421
4085
683
2646
2041
2838
0
748
414
7109
0
268
3468
1734
1395
1546
2198
0
0
0
0
1262
1778
3525
3069
0
1273
0
1512
5547
0
0
2570
0
2684
10113
3273
1600
2472
6116
574
519
814
10151
0
559
2438
1761
1712
5180
5988
10392
8657
2836
949
0
814
12511
13667
3539
4180
1254
0
1024
747
466
287
0
973
1506
635
3392
12627
7109
1340
0
321
0
0
5058
7158
7937
6556
7290
3758
1223
1088
3488
241
0
1103
164
3389
10045
5804
10568
10356
3002
10569
6363
3624
2958
3161
260
2442
1164
4913
5222
1347
1771
4158
5392
10020
0
11206
0
1493
9338
5029
7743
4454
1652
2054
0
569
6797
6106
0
0
698
2770
0
0
0
0
1552
0
0
367
1590
1154
0
2610
10127
817
2399
0
1562
0
1136
4441
3038
0
1624
0
519
4918
9170
330
2483
0
3769
9194
2032
2973
0
180
4941
11158
0
2458
2373
856
675
7978
16197
4510
10144
836
1083
0
300
7936
4632
4278
2127
2321
2738
8938
14132
2403
0
0
1074
0
0
3584
0
0
11229
9052
2973
0
5640
15400
10096
6225
4287
1428
3489
0
0
3783
4915
772
2941
557
0
0
5718
7830
4952
2884
2939
0
9634
13429
4068
2337
6235
4300
4547
3060
6055
1435
0
590
5402
3059
5403
1531
0
0
0
413
1892
840
1086
494
2927
4718
4991
10209
0
0
0
0
0
0
0
0
0
0
0
0
0
0
0
0
0
0
0
0
0
0
0
0
0
0
0
0
0
0
0
0
0
0
0
0
0
0
0
0
0
0
0
0
0
0
0
0
0
0
0
0
0
0
0
0
0
0
0
0
0
0
0
0
0
0
0
0
0
0
0
0
0
0
0
0
0
0
0
0
0
0
0
0
0
0
0
0
0
0
0
0
0
0
0
0
0
0
0
0
0
0
0
0
0
0
0
0
0
0
0
0
0
0
0
0
0
0
0
0
0
0
0
0
0
0
0
0
0
0
0
0
0
0
0
0
0
0
0
0
14392
4693
350
0
2765
14698
1039
0
0
0
958
0
741
1039
3741
2510
2165
7526
0
0
1084
461
1571
12710
1407
1462
1945
611
0
1574
8037
3406
0
0
0
8863
12409
1833
577
3704
7309
4020
0
5478
732
0
0
2055
0
0
786
11315
2788
5514
7349
15773
0
8292
0
0
1517
1932
375
0
0
18454
4813
1785
9783
8411
7042
7665
17054
2663
2027
8805
23849
10694
7255
11853
17616
4978
558
9748
3379
17331
6482
5576
7016
2159
6956
9453
12291
1055
6752
4529
3623
5448
0
4583
2235
4906
16039
0
0
1358
0
0
1886
0
7517
1440
3199
833
10119
347
0
0
9638
8564
902
1126
852
1396
9763
4672
3282
0
1025
21507
6445
1581
5080
0
14526
0
0
3021
5048
0
2916
0
530
0
473
2368
6377
9937
3778
1182
2073
0
1771
448
217
15
529
180
4776
5212
6375
3791
2190
2605
8654
7090
1863
0
309
0
0
2793
4404
173
0
464
6862
19756
26157
12060
853
2896
924
7549
12251
885
1396
5475
11029
7506
9173
284
635
0
6962
8978
12768
9342
15834
1918
0
2120
5216
4050
9562
10070
2370
12416
575
2029
0
0
3259
938
5438
0
0
620
2665
922
3403
1048
762
8425
0
0
0
4470
1857
1232
0
428
7417
15542
6179
6568
6920
2833
0
4932
5068
7671
6109
2486
3518
587
21
7010
5450
5875
0
1372
2536
5679
4649
2974
2902
9255
0
285
3406
15337
4523
2477
9921
1333
9973
0
0
1949
1589
1683
2306
5322
7545
1594
3440
1083
3903
12008
5887
8217
5535
0
0
0
836
203
0
0
0
0
1478
5630
2246
1992
2738
1502
2053
8534
748
2918
8992
1363
0
1867
2190
6972
9439
12527
11138
16269
6591
500
4346
9647
7583
8614
9357
3030
11416
0
0
12505
1312
4057
3475
0
8336
12821
0
0
2009
3150
4014
7837
2597
0
2490
2339
0
327
6375
12969
5493
6232
2285
10837
2370
2283
1048
458
1603
17304
2492
0
1876
6535
11306
0
1556
1691
2846
11245
347
0
7096
3429
6195
20658
7114
2270
10254
15922
1556
893
2407
0
2726
0
0
0
0
4558
2190
4188
683
6016
7793
12449
3536
0
0
0
0
901
0
0
0
0
3507
9825
9749
0
526
0
0
6503
10087
3645
0
311
0
2485
6322
9380
0
0
0
0
2324
0
0
5527
909
0
2521
3937
0
2605
2383
0
1022
947
8331
3689
447
2275
6161
4325
5258
0
0
0
0
0
1098
3353
2808
872
4655
6782
1527
2071
215
1374
4711
4164
3388
583
4280
7014
2241
1631
950
1702
3142
1180
1321
11045
4399
0
2741
5953
9169
4181
3950
1074
473
2705
0
0
229
520
4209
2711
0
5620
0
1346
207
506
2887
1101
881
0
1600
510
7887
11789
286
7918
2842
0
0
0
0
0
548
3035
0
1709
441
1366
15891
9291
1491
0
1748
0
0
2274
0
0
3071
3891
416
2851
3155
12200
2351
4593
0
2311
4379
8451
0
3303
0
4498
7519
4124
7839
7330
6136
10336
8108
6216
516
0
565
2843
18649
2217
4238
1667
1085
1539
212
1925
7342
107
0
834
0
3419
8651
6757
5016
0
6390
19618
2414
1099
0
767
0
0
119
18033
11300
0
0
15933
17499
17270
9937
22651
3806
5144
980
0
12029
6452
6651
3703
7591
7183
851
0
1260
0
0
0
0
5971
2792
9087
17612
20924
19147
8561
8958
3398
6578
2282
0
1380
2423
6023
3212
3572
1541
1544
4552
0
0
5250
8266
68
7853
9183
10312
9000
7496
1155
5012
21
5169
3148
385
0
996
0
0
0
0
2717
13213
1503
2675
1946
0
2323
0
0
733
914
0
0
1308
5372
1917
608
0
704
8827
5737
0
2245
7129
7470
3153
1580
2473
6215
2035
2534
4007
10855
4338
2456
0
0
0
1426
1769
2815
7998
1265
1069
761
1185
3400
1222
824
1703
700
2277
8287
6651
4322
0
0
299
851
0
7452
202
4141
4146
10622
3731
6903
4424
6728
5896
0
298
1731
3034
1750
0
6404
17051
2524
5974
1031
513
3195
13119
9803
1230
1274
1622
9144
14941
14051
8360
22387
771
925
12153
8208
4563
53
2718
11679
0
1278
5061
0
0
9826
3285
0
3266
2341
3188
0
0
4582
452
9881
1744
0
0
1693
0
0
1555
0
4953
318
0
3394
1506
4937
5006
6008
0
1335
3235
101
6620
269
5129
2264
699
4699
6456
768
5009
6986
1868
5833
4934
5194
1817
543
5721
0
4407
0
1389
0
0
639
0
0
4826
0
3696
3177
2909
4787
363
0
0
1638
0
950
3555
2967
2574
2623
322
22
738
0
81
0
0
5227
293
1442
5541
182
1891
921
2640
5801
681
871
6532
2756
7401
509
0
5848
2281
3816
15032
2204
3796
0
0
760
149
3452
3012
3170
1316
1286
0
993
2874
0
0
1164
0
4435
3845
4069
182
3474
4538
2788
4710
6613
0
939
2579
6019
0
0
406
923
2116
833
1909
6649
0
2743
677
10
0
0
5083
2380
2188
925
5871
5195
3105
3929
2347
2335
3495
0
4856
2328
14196
3398
1316
0
1764
1884
0
0
2234
1741
0
0
1080
0
0
1328
1049
0
3619
1292
923
0
683
3213
1005
1532
4319
3508
6672
5486
2678
238
5290
6515
1244
797
644
380
866
1362
3972
4357
3272
2366
0
5206
4177
6870
0
1034
0
3042
377
2060
3058
4908
1701
0
0
0
434
12525
4995
1130
755
1436
2267
1577
6866
2814
5232
0
8964
4231
6670
1399
2803
1721
1400
0
3356
274
4110
2121
0
0
1840
682
7611
5318
5793
8989
1936
0
2301
1124
0
275
0
634
0
8343
3224
5342
2996
8650
2202
0
0
4440
5945
2090
10985
8935
5893
0
0
464
0
0
2597
4819
937
3738
5151
5742
1556
538
10010
2177
1731
4121
278
90
0
68
381
1484
933
3022
16018
1435
0
8412
4039
3406
1368
3364
3134
0
1326
6497
961
820
2183
7940
1307
1225
10485
1243
2421
778
4621
4967
381
6175
423
5517
4874
4240
8473
2798
0
1220
7021
7539
1916
5297
2428
1768
2201
4542
5836
3503
0
1530
5775
1298
7757
3880
6842
5464
13324
1795
0
0
0
0
5965
5006
4301
2515
458
0
0
427
329
1497
7870
2324
488
2133
5266
1196
2223
1096
3263
9386
7048
980
1929
0
5059
12614
2032
5774
1102
2743
0
7588
3755
2595
3050
1845
3255
17907
2650
1057
5511
0
0
1794
6189
4986
7856
1894
8559
2089
0
0
0
0
0
971
4336
133
1069
1623
8911
7096
0
5190
363
16000
5184
0
268
2769
0
0
5547
3089
607
1231
9591
859
8952
4245
1870
0
0
0
0
791
9740
274
2547
676
13054
19065
3648
6160
339
0
2729
0
748
1633
0
0
3511
3549
14128
5299
2372
2089
2640
725
0
4756
4712
10063
0
5911
6963
8787
631
3230
33
0
384
0
0
0
2995
0
0
0
0
0
332
3592
2097
2575
0
0
580
170
257
1600
1199
2541
3752
4446
3773
4587
1846
4004
2307
5909
4478
2881
4480
12194
6123
0
0
0
589
1291
4597
6247
8730
12621
9154
7242
5806
1254
0
0
1705
1702
0
2442
0
0
1417
0
0
0
473
359
5268
5736
6968
11020
0
0
0
2820
0
0
1492
0
635
5292
5738
7767
1080
2945
3482
3633
0
1791
4809
5047
242
0
0
765
5279
4213
0
1327
2673
5257
3257
488
2790
0
1497
642
3273
9622
5240
5343
33
11600
3798
4957
1737
4000
0
0
1179
1181
873
3768
1710
4231
3696
3823
4970
739
1068
2109
4291
3360
4122
7754
5065
0
5596
969
4510
394
1084
806
0
0
901
758
691
1929
5345
1883
2216
9243
4315
0
2794
6931
2355
5795
4477
7616
4219
3003
3500
7378
2508
1164
0
3504
5563
343
1725
12
2059
8803
3693
953
3887
3720
5513
2756
6764
2739
887
3064
5432
2900
1182
842
0
0
1486
4688
18371
3480
7122
5160
6734
1560
3976
3577
4059
2965
2764
4168
3322
7200
4446
3020
1707
3800
1348
8078
4354
5166
7420
1397
3597
1406
0
0
0
2029
1862
5223
3814
249
3807
3621
0
5239
1978
2755
2639
0
3004
0
0
8848
2823
5215
6307
5991
2520
4355
5842
5946
15908
7271
2378
7987
3725
6038
1333
2250
0
0
1463
3276
6149
2514
1877
2196
2438
6030
4538
0
4665
8710
2002
0
357
2932
4104
4670
0
6727
128
9015
1873
4714
2174
182
4864
3550
3135
6138
3793
4185
5572
988
2336
3713
4124
3288
3919
3670
2973
5921
0
634
1727
1795
3532
5217
3042
1657
3248
4429
3981
2366
0
1296
4690
4256
3841
2448
0
281
4515
613
2742
5873
1859
0
0
0
0
0
0
32
2545
3410
0
2567
1552
4608
2447
3890
2213
4442
1765
3465
516
6041
8411
1890
3337
3538
4128
6926
652
641
4610
4022
9775
8811
241
5256
5086
5099
2772
2748
2790
2383
6776
1352
5156
3554
4366
1003
2846
3194
4532
10503
1493
1766
4969
2306
1346
7754
3143
3958
6394
4299
4457
5732
4576
6818
9236
3229
1536
5816
2375
3062
2909
1058
18
2938
2569
8707
2933
1921
8638
1107
3029
164
0
164
