LR999933.1 1 100000 3753
LR999933.1 100001 200000 1657
LR999933.1 200001 300000 2565
LR999933.1 300001 400000 2313
LR999933.1 400001 500000 3213
LR999933.1 500001 600000 2380
LR999933.1 600001 700000 2362
LR999933.1 700001 800000 2457
LR999933.1 800001 900000 3102
LR999933.1 900001 1e+06 3079
LR999933.1 1e+06 1.1e+06 2521
LR999933.1 1.1e+06 1.2e+06 4524
LR999933.1 1.2e+06 1.3e+06 3578
LR999933.1 1.3e+06 1.4e+06 3339
LR999933.1 1.4e+06 1.5e+06 2588
LR999933.1 1.5e+06 1.6e+06 3273
LR999933.1 1.6e+06 1.7e+06 1448
LR999933.1 1.7e+06 1.8e+06 3731
LR999933.1 1.8e+06 1.9e+06 5199
LR999933.1 1.9e+06 2e+06 4221
LR999933.1 2e+06 2.1e+06 968
LR999933.1 2.1e+06 2.2e+06 1862
LR999933.1 2.2e+06 2.3e+06 2175
LR999933.1 2.3e+06 2.4e+06 4602
LR999933.1 2.4e+06 2.5e+06 4236
LR999933.1 2.5e+06 2.6e+06 4565
LR999933.1 2.6e+06 2.7e+06 2441
LR999933.1 2.7e+06 2.8e+06 1879
LR999933.1 2.8e+06 2.9e+06 3211
LR999933.1 2.9e+06 3e+06 1043
LR999933.1 3e+06 3.1e+06 1773
LR999933.1 3.1e+06 3.2e+06 2598
LR999933.1 3.2e+06 3.3e+06 1269
LR999933.1 3.3e+06 3.4e+06 1626
LR999933.1 3.4e+06 3.5e+06 2395
LR999933.1 3.5e+06 3.6e+06 1770
LR999933.1 3.6e+06 3.7e+06 2826
LR999933.1 3.7e+06 3.8e+06 3145
LR999933.1 3.8e+06 3.9e+06 2715
LR999933.1 3.9e+06 4e+06 756
LR999933.1 4e+06 4.1e+06 2551
LR999933.1 4.1e+06 4.2e+06 3146
LR999933.1 4.2e+06 4.3e+06 3485
LR999933.1 4.3e+06 4.4e+06 491
LR999933.1 4.4e+06 4.5e+06 3077
LR999933.1 4.5e+06 4.6e+06 3424
LR999933.1 4.6e+06 4.7e+06 2638
LR999933.1 4.7e+06 4.8e+06 3815
LR999933.1 4.8e+06 4.9e+06 1675
LR999933.1 4.9e+06 5e+06 4820
LR999933.1 5e+06 5.1e+06 2844
LR999933.1 5.1e+06 5.2e+06 3736
LR999933.1 5.2e+06 5.3e+06 1601
LR999933.1 5.3e+06 5.4e+06 1603
LR999933.1 5.4e+06 5.5e+06 5883
LR999933.1 5.5e+06 5.6e+06 1883
LR999933.1 5.6e+06 5.7e+06 2495
LR999933.1 5.7e+06 5.8e+06 2511
LR999933.1 5.8e+06 5.9e+06 3795
LR999933.1 5.9e+06 6e+06 1076
LR999933.1 6e+06 6.1e+06 816
LR999933.1 6.1e+06 6.2e+06 1391
LR999933.1 6.2e+06 6.3e+06 1602
LR999933.1 6.3e+06 6.4e+06 1463
LR999933.1 6.4e+06 6.5e+06 2600
LR999933.1 6.5e+06 6.6e+06 1760
LR999933.1 6.6e+06 6.7e+06 1036
LR999933.1 6.7e+06 6.8e+06 1647
LR999933.1 6.8e+06 6.9e+06 1197
LR999933.1 6.9e+06 7e+06 
LR999933.1 7e+06 7.1e+06 292
LR999933.1 7.1e+06 7.2e+06 1128
LR999933.1 7.2e+06 7.3e+06 1421
LR999933.1 7.3e+06 7.4e+06 763
LR999933.1 7.4e+06 7.5e+06 4354
LR999933.1 7.5e+06 7.6e+06 1441
LR999933.1 7.6e+06 7.7e+06 1799
LR999933.1 7.7e+06 7.8e+06 2945
LR999933.1 7.8e+06 7.9e+06 1431
LR999933.1 7.9e+06 8e+06 1652
LR999933.1 8e+06 8.1e+06 685
LR999933.1 8.1e+06 8.2e+06 890
LR999933.1 8.2e+06 8.3e+06 1972
LR999933.1 8.3e+06 8.4e+06 3176
LR999933.1 8.4e+06 8.5e+06 2061
LR999933.1 8.5e+06 8.6e+06 2910
LR999933.1 8.6e+06 8.7e+06 996
LR999933.1 8.7e+06 8.8e+06 1473
LR999933.1 8.8e+06 8.9e+06 1211
LR999933.1 8.9e+06 9e+06 1402
LR999933.1 9e+06 9.1e+06 1801
LR999933.1 9.1e+06 9.2e+06 685
LR999933.1 9.2e+06 9.3e+06 1261
LR999933.1 9.3e+06 9.4e+06 1360
LR999933.1 9.4e+06 9.5e+06 1646
LR999933.1 9.5e+06 9.6e+06 3120
LR999933.1 9.6e+06 9.7e+06 3359
LR999933.1 9.7e+06 9.8e+06 5200
LR999933.1 9.8e+06 9.9e+06 2562
LR999933.1 9.9e+06 1e+07 3954
LR999933.1 1e+07 1.01e+07 2657
LR999933.1 1.01e+07 1.02e+07 5050
LR999933.1 1.02e+07 1.03e+07 1374
LR999933.1 1.03e+07 1.04e+07 2842
LR999933.1 1.04e+07 1.05e+07 3991
LR999933.1 1.05e+07 1.06e+07 1864
LR999933.1 1.06e+07 1.07e+07 2814
LR999933.1 1.07e+07 1.08e+07 2335
LR999933.1 1.08e+07 1.09e+07 3522
LR999933.1 1.09e+07 1.1e+07 2332
LR999933.1 1.1e+07 1.11e+07 1667
LR999933.1 1.11e+07 1.12e+07 1518
LR999933.1 1.12e+07 1.13e+07 695
LR999933.1 1.13e+07 1.14e+07 5569
LR999933.1 1.14e+07 1.15e+07 3856
LR999933.1 1.15e+07 1.16e+07 2316
LR999933.1 1.16e+07 1.17e+07 2636
LR999933.1 1.17e+07 1.18e+07 3401
LR999933.1 1.18e+07 1.19e+07 3246
LR999933.1 1.19e+07 1.2e+07 2371
LR999933.1 1.2e+07 1.21e+07 3170
LR999933.1 1.21e+07 1.22e+07 1337
LR999933.1 1.22e+07 1.23e+07 4025
LR999933.1 1.23e+07 1.24e+07 2591
LR999933.1 1.24e+07 1.25e+07 2495
LR999933.1 1.25e+07 1.26e+07 3467
LR999933.1 1.26e+07 1.27e+07 2668
LR999933.1 1.27e+07 1.28e+07 2367
LR999933.1 1.28e+07 1.29e+07 2036
LR999933.1 1.29e+07 1.3e+07 3346
LR999933.1 1.3e+07 1.31e+07 4083
LR999933.1 1.31e+07 1.32e+07 3113
LR999933.1 1.32e+07 1.33e+07 4988
LR999933.1 1.33e+07 1.34e+07 1532
LR999933.1 1.34e+07 1.35e+07 1254
LR999933.1 1.35e+07 1.36e+07 3108
LR999933.1 1.36e+07 1.37e+07 2832
LR999933.1 1.37e+07 1.38e+07 2692
LR999933.1 1.38e+07 1.39e+07 1302
LR999933.1 1.39e+07 1.4e+07 1669
LR999933.1 1.4e+07 1.41e+07 1191
LR999933.1 1.41e+07 1.42e+07 2461
LR999933.1 1.42e+07 1.43e+07 2206
LR999933.1 1.43e+07 1.44e+07 2308
LR999933.1 1.44e+07 1.45e+07 4598
LR999933.1 1.45e+07 1.46e+07 1174
LR999933.1 1.46e+07 1.47e+07 3194
LR999933.1 1.47e+07 1.48e+07 573
LR999933.1 1.48e+07 1.49e+07 1150
LR999933.1 1.49e+07 1.5e+07 278
LR999933.1 1.5e+07 1.51e+07 453
LR999933.1 1.51e+07 1.52e+07 1971
LR999933.1 1.52e+07 15296561 3979
