LR999934.1 1 100000 1994
LR999934.1 100001 200000 1166
LR999934.1 200001 300000 2157
LR999934.1 300001 400000 3648
LR999934.1 400001 500000 4685
LR999934.1 500001 600000 3758
LR999934.1 600001 700000 6699
LR999934.1 700001 800000 4696
LR999934.1 800001 900000 3868
LR999934.1 900001 1e+06 4166
LR999934.1 1e+06 1.1e+06 3791
LR999934.1 1.1e+06 1.2e+06 2811
LR999934.1 1.2e+06 1.3e+06 1836
LR999934.1 1.3e+06 1.4e+06 1888
LR999934.1 1.4e+06 1.5e+06 1016
LR999934.1 1.5e+06 1.6e+06 2219
LR999934.1 1.6e+06 1.7e+06 4145
LR999934.1 1.7e+06 1.8e+06 3264
LR999934.1 1.8e+06 1.9e+06 2200
LR999934.1 1.9e+06 2e+06 2717
LR999934.1 2e+06 2.1e+06 332
LR999934.1 2.1e+06 2.2e+06 1574
LR999934.1 2.2e+06 2.3e+06 2110
LR999934.1 2.3e+06 2.4e+06 5724
LR999934.1 2.4e+06 2.5e+06 1015
LR999934.1 2.5e+06 2.6e+06 2753
LR999934.1 2.6e+06 2.7e+06 3885
LR999934.1 2.7e+06 2.8e+06 4896
LR999934.1 2.8e+06 2.9e+06 5621
LR999934.1 2.9e+06 3e+06 6539
LR999934.1 3e+06 3.1e+06 3927
LR999934.1 3.1e+06 3.2e+06 4898
LR999934.1 3.2e+06 3.3e+06 11983
LR999934.1 3.3e+06 3.4e+06 3424
LR999934.1 3.4e+06 3.5e+06 3399
LR999934.1 3.5e+06 3.6e+06 2606
LR999934.1 3.6e+06 3.7e+06 3847
LR999934.1 3.7e+06 3.8e+06 3682
LR999934.1 3.8e+06 3.9e+06 6642
LR999934.1 3.9e+06 4e+06 5425
LR999934.1 4e+06 4.1e+06 5335
LR999934.1 4.1e+06 4.2e+06 2664
LR999934.1 4.2e+06 4.3e+06 5143
LR999934.1 4.3e+06 4.4e+06 1043
LR999934.1 4.4e+06 4.5e+06 4252
LR999934.1 4.5e+06 4.6e+06 4230
LR999934.1 4.6e+06 4.7e+06 6318
LR999934.1 4.7e+06 4.8e+06 3736
LR999934.1 4.8e+06 4.9e+06 3941
LR999934.1 4.9e+06 5e+06 2554
LR999934.1 5e+06 5.1e+06 8519
LR999934.1 5.1e+06 5.2e+06 7132
LR999934.1 5.2e+06 5.3e+06 2994
LR999934.1 5.3e+06 5.4e+06 3558
LR999934.1 5.4e+06 5.5e+06 6694
LR999934.1 5.5e+06 5.6e+06 5144
LR999934.1 5.6e+06 5.7e+06 1843
LR999934.1 5.7e+06 5.8e+06 3207
LR999934.1 5.8e+06 5.9e+06 1686
LR999934.1 5.9e+06 6e+06 2025
LR999934.1 6e+06 6.1e+06 2286
LR999934.1 6.1e+06 6.2e+06 4339
LR999934.1 6.2e+06 6.3e+06 2904
LR999934.1 6.3e+06 6.4e+06 3383
LR999934.1 6.4e+06 6.5e+06 9212
LR999934.1 6.5e+06 6.6e+06 2836
LR999934.1 6.6e+06 6.7e+06 2676
LR999934.1 6.7e+06 6.8e+06 1441
LR999934.1 6.8e+06 6.9e+06 2871
LR999934.1 6.9e+06 7e+06 4026
LR999934.1 7e+06 7.1e+06 3114
LR999934.1 7.1e+06 7.2e+06 4295
LR999934.1 7.2e+06 7.3e+06 1695
LR999934.1 7.3e+06 7.4e+06 4122
LR999934.1 7.4e+06 7.5e+06 4229
LR999934.1 7.5e+06 7.6e+06 2238
LR999934.1 7.6e+06 7.7e+06 1551
LR999934.1 7.7e+06 7.8e+06 3532
LR999934.1 7.8e+06 7.9e+06 6914
LR999934.1 7.9e+06 8e+06 1025
LR999934.1 8e+06 8.1e+06 1600
LR999934.1 8.1e+06 8.2e+06 1722
LR999934.1 8.2e+06 8.3e+06 1387
LR999934.1 8.3e+06 8.4e+06 4891
LR999934.1 8.4e+06 8.5e+06 6920
LR999934.1 8.5e+06 8.6e+06 3506
LR999934.1 8.6e+06 8.7e+06 2645
LR999934.1 8.7e+06 8.8e+06 1081
LR999934.1 8.8e+06 8.9e+06 4480
LR999934.1 8.9e+06 9e+06 5267
LR999934.1 9e+06 9.1e+06 2086
LR999934.1 9.1e+06 9.2e+06 3895
LR999934.1 9.2e+06 9.3e+06 2627
LR999934.1 9.3e+06 9.4e+06 2412
LR999934.1 9.4e+06 9.5e+06 5507
LR999934.1 9.5e+06 9.6e+06 4816
LR999934.1 9.6e+06 9.7e+06 3664
LR999934.1 9.7e+06 9.8e+06 3640
LR999934.1 9.8e+06 9.9e+06 4422
LR999934.1 9.9e+06 1e+07 3388
LR999934.1 1e+07 1.01e+07 2597
LR999934.1 1.01e+07 1.02e+07 1994
LR999934.1 1.02e+07 1.03e+07 1002
LR999934.1 1.03e+07 1.04e+07 4257
LR999934.1 1.04e+07 1.05e+07 3972
LR999934.1 1.05e+07 1.06e+07 4734
LR999934.1 1.06e+07 1.07e+07 2587
LR999934.1 1.07e+07 1.08e+07 631
LR999934.1 1.08e+07 1.09e+07 3129
LR999934.1 1.09e+07 1.1e+07 4217
LR999934.1 1.1e+07 1.11e+07 1388
LR999934.1 1.11e+07 1.12e+07 3272
LR999934.1 1.12e+07 1.13e+07 3223
LR999934.1 1.13e+07 1.14e+07 4620
LR999934.1 1.14e+07 1.15e+07 2548
LR999934.1 1.15e+07 1.16e+07 3782
LR999934.1 1.16e+07 1.17e+07 873
LR999934.1 1.17e+07 1.18e+07 2626
LR999934.1 1.18e+07 1.19e+07 5253
LR999934.1 1.19e+07 1.2e+07 6610
LR999934.1 1.2e+07 1.21e+07 4595
LR999934.1 1.21e+07 1.22e+07 3232
LR999934.1 1.22e+07 1.23e+07 4173
LR999934.1 1.23e+07 1.24e+07 3087
LR999934.1 1.24e+07 1.25e+07 3531
LR999934.1 1.25e+07 1.26e+07 5582
LR999934.1 1.26e+07 1.27e+07 3220
LR999934.1 1.27e+07 1.28e+07 3715
LR999934.1 1.28e+07 1.29e+07 1957
LR999934.1 1.29e+07 1.3e+07 3583
LR999934.1 1.3e+07 1.31e+07 3386
LR999934.1 1.31e+07 1.32e+07 2237
LR999934.1 1.32e+07 1.33e+07 3075
LR999934.1 1.33e+07 1.34e+07 2414
LR999934.1 1.34e+07 1.35e+07 1395
LR999934.1 1.35e+07 1.36e+07 1295
LR999934.1 1.36e+07 1.37e+07 4822
LR999934.1 1.37e+07 1.38e+07 2700
LR999934.1 1.38e+07 1.39e+07 1197
LR999934.1 1.39e+07 1.4e+07 3616
LR999934.1 1.4e+07 1.41e+07 2103
LR999934.1 1.41e+07 1.42e+07 2359
LR999934.1 1.42e+07 1.43e+07 3469
LR999934.1 1.43e+07 1.44e+07 4199
LR999934.1 1.44e+07 1.45e+07 2771
LR999934.1 1.45e+07 1.46e+07 3817
LR999934.1 1.46e+07 1.47e+07 5293
LR999934.1 1.47e+07 1.48e+07 3935
LR999934.1 1.48e+07 1.49e+07 8375
LR999934.1 1.49e+07 14945938 1361
