LR999924.1 1 100000 50
LR999924.1 100001 200000 4085
LR999924.1 200001 300000 809
LR999924.1 300001 400000 2835
LR999924.1 400001 500000 1481
LR999924.1 500001 600000 293
LR999924.1 600001 700000 2210
LR999924.1 700001 800000 1695
LR999924.1 800001 900000 3259
LR999924.1 900001 1e+06 4290
LR999924.1 1e+06 1.1e+06 3466
LR999924.1 1.1e+06 1.2e+06 1498
LR999924.1 1.2e+06 1.3e+06 1269
LR999924.1 1.3e+06 1.4e+06 1006
LR999924.1 1.4e+06 1.5e+06 3000
LR999924.1 1.5e+06 1.6e+06 2595
LR999924.1 1.6e+06 1.7e+06 2749
LR999924.1 1.7e+06 1.8e+06 4473
LR999924.1 1.8e+06 1.9e+06 5229
LR999924.1 1.9e+06 2e+06 1685
LR999924.1 2e+06 2.1e+06 2550
LR999924.1 2.1e+06 2.2e+06 950
LR999924.1 2.2e+06 2.3e+06 4539
LR999924.1 2.3e+06 2.4e+06 1783
LR999924.1 2.4e+06 2.5e+06 1030
LR999924.1 2.5e+06 2.6e+06 2235
LR999924.1 2.6e+06 2.7e+06 2100
LR999924.1 2.7e+06 2.8e+06 2512
LR999924.1 2.8e+06 2.9e+06 3214
LR999924.1 2.9e+06 3e+06 528
LR999924.1 3e+06 3.1e+06 1377
LR999924.1 3.1e+06 3.2e+06 4876
LR999924.1 3.2e+06 3.3e+06 3504
LR999924.1 3.3e+06 3.4e+06 2662
LR999924.1 3.4e+06 3.5e+06 939
LR999924.1 3.5e+06 3.6e+06 4162
LR999924.1 3.6e+06 3.7e+06 2512
LR999924.1 3.7e+06 3.8e+06 1132
LR999924.1 3.8e+06 3.9e+06 5486
LR999924.1 3.9e+06 4e+06 3982
LR999924.1 4e+06 4.1e+06 6158
LR999924.1 4.1e+06 4.2e+06 3338
LR999924.1 4.2e+06 4.3e+06 3864
LR999924.1 4.3e+06 4.4e+06 1994
LR999924.1 4.4e+06 4.5e+06 1959
LR999924.1 4.5e+06 4.6e+06 3360
LR999924.1 4.6e+06 4.7e+06 4065
LR999924.1 4.7e+06 4.8e+06 1788
LR999924.1 4.8e+06 4.9e+06 2238
LR999924.1 4.9e+06 5e+06 623
LR999924.1 5e+06 5.1e+06 1667
LR999924.1 5.1e+06 5.2e+06 6316
LR999924.1 5.2e+06 5.3e+06 2555
LR999924.1 5.3e+06 5.4e+06 3089
LR999924.1 5.4e+06 5.5e+06 821
LR999924.1 5.5e+06 5.6e+06 2317
LR999924.1 5.6e+06 5.7e+06 2072
LR999924.1 5.7e+06 5.8e+06 1121
LR999924.1 5.8e+06 5.9e+06 5315
LR999924.1 5.9e+06 6e+06 2701
LR999924.1 6e+06 6.1e+06 2588
LR999924.1 6.1e+06 6.2e+06 3416
LR999924.1 6.2e+06 6.3e+06 2341
LR999924.1 6.3e+06 6.4e+06 3010
LR999924.1 6.4e+06 6.5e+06 3326
LR999924.1 6.5e+06 6.6e+06 5767
LR999924.1 6.6e+06 6.7e+06 4188
LR999924.1 6.7e+06 6.8e+06 638
LR999924.1 6.8e+06 6.9e+06 1239
LR999924.1 6.9e+06 7e+06 2653
LR999924.1 7e+06 7.1e+06 3966
LR999924.1 7.1e+06 7.2e+06 1222
LR999924.1 7.2e+06 7.3e+06 2527
LR999924.1 7.3e+06 7.4e+06 2107
LR999924.1 7.4e+06 7.5e+06 1813
LR999924.1 7.5e+06 7.6e+06 3889
LR999924.1 7.6e+06 7.7e+06 1489
LR999924.1 7.7e+06 7.8e+06 2435
LR999924.1 7.8e+06 7.9e+06 1733
LR999924.1 7.9e+06 8e+06 2662
LR999924.1 8e+06 8.1e+06 1231
LR999924.1 8.1e+06 8.2e+06 478
LR999924.1 8.2e+06 8.3e+06 3598
LR999924.1 8.3e+06 8.4e+06 2247
LR999924.1 8.4e+06 8.5e+06 2276
LR999924.1 8.5e+06 8.6e+06 3393
LR999924.1 8.6e+06 8.7e+06 863
LR999924.1 8.7e+06 8.8e+06 1309
LR999924.1 8.8e+06 8.9e+06 4533
LR999924.1 8.9e+06 9e+06 2278
LR999924.1 9e+06 9.1e+06 2865
LR999924.1 9.1e+06 9.2e+06 1899
LR999924.1 9.2e+06 9.3e+06 2926
LR999924.1 9.3e+06 9.4e+06 599
LR999924.1 9.4e+06 9.5e+06 1999
LR999924.1 9.5e+06 9.6e+06 3101
LR999924.1 9.6e+06 9.7e+06 2059
LR999924.1 9.7e+06 9.8e+06 495
LR999924.1 9.8e+06 9.9e+06 1245
LR999924.1 9.9e+06 1e+07 1691
LR999924.1 1e+07 1.01e+07 945
LR999924.1 1.01e+07 1.02e+07 3486
LR999924.1 1.02e+07 1.03e+07 1240
LR999924.1 1.03e+07 1.04e+07 314
LR999924.1 1.04e+07 1.05e+07 4014
LR999924.1 1.05e+07 1.06e+07 104
LR999924.1 1.06e+07 1.07e+07 775
LR999924.1 1.07e+07 1.08e+07 3261
LR999924.1 1.08e+07 1.09e+07 2463
LR999924.1 1.09e+07 1.1e+07 4932
LR999924.1 1.1e+07 1.11e+07 2058
LR999924.1 1.11e+07 1.12e+07 2933
LR999924.1 1.12e+07 1.13e+07 2448
LR999924.1 1.13e+07 1.14e+07 3123
LR999924.1 1.14e+07 1.15e+07 828
LR999924.1 1.15e+07 1.16e+07 1258
LR999924.1 1.16e+07 1.17e+07 1822
LR999924.1 1.17e+07 1.18e+07 4165
LR999924.1 1.18e+07 1.19e+07 2758
LR999924.1 1.19e+07 1.2e+07 2210
LR999924.1 1.2e+07 1.21e+07 3491
LR999924.1 1.21e+07 1.22e+07 1205
LR999924.1 1.22e+07 1.23e+07 1964
LR999924.1 1.23e+07 1.24e+07 3197
LR999924.1 1.24e+07 1.25e+07 910
LR999924.1 1.25e+07 1.26e+07 2034
LR999924.1 1.26e+07 1.27e+07 777
LR999924.1 1.27e+07 1.28e+07 972
LR999924.1 1.28e+07 1.29e+07 3377
LR999924.1 1.29e+07 1.3e+07 1251
LR999924.1 1.3e+07 1.31e+07 2599
LR999924.1 1.31e+07 1.32e+07 1198
LR999924.1 1.32e+07 1.33e+07 2465
LR999924.1 1.33e+07 1.34e+07 4969
LR999924.1 1.34e+07 1.35e+07 2958
LR999924.1 1.35e+07 1.36e+07 925
LR999924.1 1.36e+07 1.37e+07 746
LR999924.1 1.37e+07 1.38e+07 1228
LR999924.1 1.38e+07 1.39e+07 1478
LR999924.1 1.39e+07 1.4e+07 1921
LR999924.1 1.4e+07 1.41e+07 3245
LR999924.1 1.41e+07 1.42e+07 3422
LR999924.1 1.42e+07 1.43e+07 929
LR999924.1 1.43e+07 1.44e+07 1430
LR999924.1 1.44e+07 1.45e+07 2154
LR999924.1 1.45e+07 1.46e+07 1206
LR999924.1 1.46e+07 1.47e+07 2029
LR999924.1 1.47e+07 1.48e+07 2319
LR999924.1 1.48e+07 1.49e+07 3122
LR999924.1 1.49e+07 1.5e+07 2287
LR999924.1 1.5e+07 1.51e+07 3176
LR999924.1 1.51e+07 1.52e+07 3242
LR999924.1 1.52e+07 1.53e+07 1342
LR999924.1 1.53e+07 1.54e+07 2971
LR999924.1 1.54e+07 1.55e+07 3536
LR999924.1 1.55e+07 1.56e+07 2464
LR999924.1 1.56e+07 1.57e+07 199
LR999924.1 1.57e+07 1.58e+07 741
LR999924.1 1.58e+07 1.59e+07 121
LR999924.1 1.59e+07 1.6e+07 853
LR999924.1 1.6e+07 1.61e+07 1495
LR999924.1 1.61e+07 1.62e+07 1573
LR999924.1 1.62e+07 1.63e+07 1841
LR999924.1 1.63e+07 1.64e+07 2752
LR999924.1 1.64e+07 1.65e+07 2046
LR999924.1 1.65e+07 1.66e+07 2945
LR999924.1 1.66e+07 1.67e+07 2496
LR999924.1 1.67e+07 1.68e+07 1312
LR999924.1 1.68e+07 1.69e+07 1088
LR999924.1 1.69e+07 1.7e+07 1416
LR999924.1 1.7e+07 17040296 861
