LR999936.1 1 100000 2253
LR999936.1 100001 200000 2498
LR999936.1 200001 300000 3073
LR999936.1 300001 400000 4731
LR999936.1 400001 500000 885
LR999936.1 500001 600000 2623
LR999936.1 600001 700000 3332
LR999936.1 700001 800000 3532
LR999936.1 800001 900000 1768
LR999936.1 900001 1e+06 645
LR999936.1 1e+06 1.1e+06 2817
LR999936.1 1.1e+06 1.2e+06 6475
LR999936.1 1.2e+06 1.3e+06 3055
LR999936.1 1.3e+06 1.4e+06 2030
LR999936.1 1.4e+06 1.5e+06 3129
LR999936.1 1.5e+06 1.6e+06 4022
LR999936.1 1.6e+06 1.7e+06 5106
LR999936.1 1.7e+06 1.8e+06 2687
LR999936.1 1.8e+06 1.9e+06 3487
LR999936.1 1.9e+06 2e+06 3266
LR999936.1 2e+06 2.1e+06 4862
LR999936.1 2.1e+06 2.2e+06 4113
LR999936.1 2.2e+06 2.3e+06 3228
LR999936.1 2.3e+06 2.4e+06 2389
LR999936.1 2.4e+06 2.5e+06 2355
LR999936.1 2.5e+06 2.6e+06 3643
LR999936.1 2.6e+06 2.7e+06 3245
LR999936.1 2.7e+06 2.8e+06 6206
LR999936.1 2.8e+06 2.9e+06 6387
LR999936.1 2.9e+06 3e+06 3680
LR999936.1 3e+06 3.1e+06 2960
LR999936.1 3.1e+06 3.2e+06 3170
LR999936.1 3.2e+06 3.3e+06 2445
LR999936.1 3.3e+06 3.4e+06 2905
LR999936.1 3.4e+06 3.5e+06 2202
LR999936.1 3.5e+06 3.6e+06 2978
LR999936.1 3.6e+06 3.7e+06 1154
LR999936.1 3.7e+06 3.8e+06 928
LR999936.1 3.8e+06 3.9e+06 3000
LR999936.1 3.9e+06 4e+06 3274
LR999936.1 4e+06 4.1e+06 2470
LR999936.1 4.1e+06 4.2e+06 3751
LR999936.1 4.2e+06 4.3e+06 2168
LR999936.1 4.3e+06 4.4e+06 2780
LR999936.1 4.4e+06 4.5e+06 1952
LR999936.1 4.5e+06 4.6e+06 4260
LR999936.1 4.6e+06 4.7e+06 1286
LR999936.1 4.7e+06 4.8e+06 1317
LR999936.1 4.8e+06 4.9e+06 2340
LR999936.1 4.9e+06 5e+06 2189
LR999936.1 5e+06 5.1e+06 5278
LR999936.1 5.1e+06 5.2e+06 2742
LR999936.1 5.2e+06 5.3e+06 1354
LR999936.1 5.3e+06 5.4e+06 4290
LR999936.1 5.4e+06 5.5e+06 1605
LR999936.1 5.5e+06 5.6e+06 1895
LR999936.1 5.6e+06 5.7e+06 1124
LR999936.1 5.7e+06 5.8e+06 2613
LR999936.1 5.8e+06 5.9e+06 2356
LR999936.1 5.9e+06 6e+06 1971
LR999936.1 6e+06 6.1e+06 1904
LR999936.1 6.1e+06 6.2e+06 350
LR999936.1 6.2e+06 6.3e+06 730
LR999936.1 6.3e+06 6.4e+06 684
LR999936.1 6.4e+06 6.5e+06 2823
LR999936.1 6.5e+06 6.6e+06 1543
LR999936.1 6.6e+06 6.7e+06 2033
LR999936.1 6.7e+06 6.8e+06 1442
LR999936.1 6.8e+06 6.9e+06 439
LR999936.1 6.9e+06 7e+06 2121
LR999936.1 7e+06 7.1e+06 1724
LR999936.1 7.1e+06 7.2e+06 515
LR999936.1 7.2e+06 7.3e+06 766
LR999936.1 7.3e+06 7.4e+06 3058
LR999936.1 7.4e+06 7.5e+06 1622
LR999936.1 7.5e+06 7.6e+06 2022
LR999936.1 7.6e+06 7.7e+06 592
LR999936.1 7.7e+06 7.8e+06 2093
LR999936.1 7.8e+06 7.9e+06 5781
LR999936.1 7.9e+06 8e+06 6461
LR999936.1 8e+06 8.1e+06 11867
LR999936.1 8.1e+06 8.2e+06 3664
LR999936.1 8.2e+06 8.3e+06 3397
LR999936.1 8.3e+06 8.4e+06 6260
LR999936.1 8.4e+06 8.5e+06 4309
LR999936.1 8.5e+06 8.6e+06 5752
LR999936.1 8.6e+06 8.7e+06 1923
LR999936.1 8.7e+06 8.8e+06 2853
LR999936.1 8.8e+06 8.9e+06 928
LR999936.1 8.9e+06 9e+06 8012
LR999936.1 9e+06 9.1e+06 1893
LR999936.1 9.1e+06 9.2e+06 3690
LR999936.1 9.2e+06 9.3e+06 2869
LR999936.1 9.3e+06 9.4e+06 3702
LR999936.1 9.4e+06 9.5e+06 1587
LR999936.1 9.5e+06 9.6e+06 871
LR999936.1 9.6e+06 9.7e+06 5477
LR999936.1 9.7e+06 9.8e+06 2173
LR999936.1 9.8e+06 9.9e+06 2360
LR999936.1 9.9e+06 1e+07 2845
LR999936.1 1e+07 1.01e+07 1124
LR999936.1 1.01e+07 1.02e+07 3876
LR999936.1 1.02e+07 1.03e+07 2498
LR999936.1 1.03e+07 1.04e+07 2156
LR999936.1 1.04e+07 1.05e+07 1727
LR999936.1 1.05e+07 1.06e+07 480
LR999936.1 1.06e+07 1.07e+07 2244
LR999936.1 1.07e+07 1.08e+07 798
LR999936.1 1.08e+07 1.09e+07 2006
LR999936.1 1.09e+07 1.1e+07 1852
LR999936.1 1.1e+07 1.11e+07 1160
LR999936.1 1.11e+07 1.12e+07 2643
LR999936.1 1.12e+07 1.13e+07 5616
LR999936.1 1.13e+07 1.14e+07 2259
LR999936.1 1.14e+07 1.15e+07 1588
LR999936.1 1.15e+07 1.16e+07 2577
LR999936.1 1.16e+07 1.17e+07 2008
LR999936.1 1.17e+07 1.18e+07 5519
LR999936.1 1.18e+07 1.19e+07 3600
LR999936.1 1.19e+07 1.2e+07 3357
LR999936.1 1.2e+07 1.21e+07 2814
LR999936.1 1.21e+07 1.22e+07 3633
LR999936.1 1.22e+07 1.23e+07 2838
LR999936.1 1.23e+07 1.24e+07 5116
LR999936.1 1.24e+07 1.25e+07 4287
LR999936.1 1.25e+07 1.26e+07 3953
LR999936.1 1.26e+07 1.27e+07 3906
LR999936.1 1.27e+07 1.28e+07 1108
LR999936.1 1.28e+07 1.29e+07 2330
LR999936.1 1.29e+07 1.3e+07 4267
LR999936.1 1.3e+07 1.31e+07 1309
LR999936.1 1.31e+07 1.32e+07 3926
LR999936.1 1.32e+07 1.33e+07 2508
LR999936.1 1.33e+07 1.34e+07 3502
LR999936.1 1.34e+07 1.35e+07 4059
LR999936.1 1.35e+07 1.36e+07 3502
LR999936.1 1.36e+07 1.37e+07 2210
LR999936.1 1.37e+07 1.38e+07 3190
LR999936.1 1.38e+07 1.39e+07 1969
LR999936.1 1.39e+07 1.4e+07 2583
LR999936.1 1.4e+07 1.41e+07 4129
LR999936.1 1.41e+07 1.42e+07 4570
LR999936.1 1.42e+07 1.43e+07 3948
LR999936.1 1.43e+07 1.44e+07 3125
LR999936.1 1.44e+07 1.45e+07 2342
LR999936.1 1.45e+07 1.46e+07 3182
LR999936.1 1.46e+07 1.47e+07 2589
LR999936.1 1.47e+07 14774369 1371
