LR999929.1 1 100000 3356
LR999929.1 100001 200000 4482
LR999929.1 200001 300000 2632
LR999929.1 300001 400000 3087
LR999929.1 400001 500000 4149
LR999929.1 500001 600000 1276
LR999929.1 600001 700000 1727
LR999929.1 700001 800000 1242
LR999929.1 800001 900000 3611
LR999929.1 900001 1e+06 2999
LR999929.1 1e+06 1.1e+06 3509
LR999929.1 1.1e+06 1.2e+06 3291
LR999929.1 1.2e+06 1.3e+06 3221
LR999929.1 1.3e+06 1.4e+06 3245
LR999929.1 1.4e+06 1.5e+06 2975
LR999929.1 1.5e+06 1.6e+06 1679
LR999929.1 1.6e+06 1.7e+06 2118
LR999929.1 1.7e+06 1.8e+06 2395
LR999929.1 1.8e+06 1.9e+06 6889
LR999929.1 1.9e+06 2e+06 5829
LR999929.1 2e+06 2.1e+06 3607
LR999929.1 2.1e+06 2.2e+06 2320
LR999929.1 2.2e+06 2.3e+06 2984
LR999929.1 2.3e+06 2.4e+06 3263
LR999929.1 2.4e+06 2.5e+06 3933
LR999929.1 2.5e+06 2.6e+06 2419
LR999929.1 2.6e+06 2.7e+06 1223
LR999929.1 2.7e+06 2.8e+06 3293
LR999929.1 2.8e+06 2.9e+06 1487
LR999929.1 2.9e+06 3e+06 1530
LR999929.1 3e+06 3.1e+06 1491
LR999929.1 3.1e+06 3.2e+06 2297
LR999929.1 3.2e+06 3.3e+06 3911
LR999929.1 3.3e+06 3.4e+06 2045
LR999929.1 3.4e+06 3.5e+06 1620
LR999929.1 3.5e+06 3.6e+06 1991
LR999929.1 3.6e+06 3.7e+06 3573
LR999929.1 3.7e+06 3.8e+06 5935
LR999929.1 3.8e+06 3.9e+06 3189
LR999929.1 3.9e+06 4e+06 807
LR999929.1 4e+06 4.1e+06 2232
LR999929.1 4.1e+06 4.2e+06 2607
LR999929.1 4.2e+06 4.3e+06 2977
LR999929.1 4.3e+06 4.4e+06 5052
LR999929.1 4.4e+06 4.5e+06 4311
LR999929.1 4.5e+06 4.6e+06 1753
LR999929.1 4.6e+06 4.7e+06 3393
LR999929.1 4.7e+06 4.8e+06 2184
LR999929.1 4.8e+06 4.9e+06 647
LR999929.1 4.9e+06 5e+06 1545
LR999929.1 5e+06 5.1e+06 1287
LR999929.1 5.1e+06 5.2e+06 2138
LR999929.1 5.2e+06 5.3e+06 829
LR999929.1 5.3e+06 5.4e+06 2285
LR999929.1 5.4e+06 5.5e+06 653
LR999929.1 5.5e+06 5.6e+06 5072
LR999929.1 5.6e+06 5.7e+06 2443
LR999929.1 5.7e+06 5.8e+06 1715
LR999929.1 5.8e+06 5.9e+06 4084
LR999929.1 5.9e+06 6e+06 1879
LR999929.1 6e+06 6.1e+06 1156
LR999929.1 6.1e+06 6.2e+06 1852
LR999929.1 6.2e+06 6.3e+06 2536
LR999929.1 6.3e+06 6.4e+06 2556
LR999929.1 6.4e+06 6.5e+06 3030
LR999929.1 6.5e+06 6.6e+06 2224
LR999929.1 6.6e+06 6.7e+06 2493
LR999929.1 6.7e+06 6.8e+06 1376
LR999929.1 6.8e+06 6.9e+06 641
LR999929.1 6.9e+06 7e+06 1380
LR999929.1 7e+06 7.1e+06 2210
LR999929.1 7.1e+06 7.2e+06 1071
LR999929.1 7.2e+06 7.3e+06 3660
LR999929.1 7.3e+06 7.4e+06 2489
LR999929.1 7.4e+06 7.5e+06 3608
LR999929.1 7.5e+06 7.6e+06 2002
LR999929.1 7.6e+06 7.7e+06 4134
LR999929.1 7.7e+06 7.8e+06 2278
LR999929.1 7.8e+06 7.9e+06 3471
LR999929.1 7.9e+06 8e+06 2207
LR999929.1 8e+06 8.1e+06 1228
LR999929.1 8.1e+06 8.2e+06 4393
LR999929.1 8.2e+06 8.3e+06 3910
LR999929.1 8.3e+06 8.4e+06 5208
LR999929.1 8.4e+06 8.5e+06 1049
LR999929.1 8.5e+06 8.6e+06 4594
LR999929.1 8.6e+06 8.7e+06 2934
LR999929.1 8.7e+06 8.8e+06 2137
LR999929.1 8.8e+06 8.9e+06 2279
LR999929.1 8.9e+06 9e+06 1573
LR999929.1 9e+06 9.1e+06 2081
LR999929.1 9.1e+06 9.2e+06 2300
LR999929.1 9.2e+06 9.3e+06 2459
LR999929.1 9.3e+06 9.4e+06 905
LR999929.1 9.4e+06 9.5e+06 1121
LR999929.1 9.5e+06 9.6e+06 2230
LR999929.1 9.6e+06 9.7e+06 2150
LR999929.1 9.7e+06 9.8e+06 2729
LR999929.1 9.8e+06 9.9e+06 3732
LR999929.1 9.9e+06 1e+07 2990
LR999929.1 1e+07 1.01e+07 920
LR999929.1 1.01e+07 1.02e+07 3859
LR999929.1 1.02e+07 1.03e+07 1330
LR999929.1 1.03e+07 1.04e+07 1504
LR999929.1 1.04e+07 1.05e+07 3610
LR999929.1 1.05e+07 1.06e+07 2586
LR999929.1 1.06e+07 1.07e+07 2070
LR999929.1 1.07e+07 1.08e+07 3344
LR999929.1 1.08e+07 1.09e+07 1409
LR999929.1 1.09e+07 1.1e+07 2554
LR999929.1 1.1e+07 1.11e+07 2498
LR999929.1 1.11e+07 1.12e+07 2429
LR999929.1 1.12e+07 1.13e+07 5444
LR999929.1 1.13e+07 1.14e+07 2864
LR999929.1 1.14e+07 1.15e+07 4528
LR999929.1 1.15e+07 1.16e+07 2240
LR999929.1 1.16e+07 1.17e+07 2700
LR999929.1 1.17e+07 1.18e+07 2530
LR999929.1 1.18e+07 1.19e+07 1986
LR999929.1 1.19e+07 1.2e+07 1818
LR999929.1 1.2e+07 1.21e+07 1549
LR999929.1 1.21e+07 1.22e+07 2999
LR999929.1 1.22e+07 1.23e+07 1203
LR999929.1 1.23e+07 1.24e+07 892
LR999929.1 1.24e+07 1.25e+07 2175
LR999929.1 1.25e+07 1.26e+07 2857
LR999929.1 1.26e+07 1.27e+07 1874
LR999929.1 1.27e+07 1.28e+07 2388
LR999929.1 1.28e+07 1.29e+07 1595
LR999929.1 1.29e+07 1.3e+07 2464
LR999929.1 1.3e+07 1.31e+07 2646
LR999929.1 1.31e+07 1.32e+07 2551
LR999929.1 1.32e+07 1.33e+07 1741
LR999929.1 1.33e+07 1.34e+07 4800
LR999929.1 1.34e+07 1.35e+07 1770
LR999929.1 1.35e+07 1.36e+07 2484
LR999929.1 1.36e+07 1.37e+07 6403
LR999929.1 1.37e+07 1.38e+07 3673
LR999929.1 1.38e+07 1.39e+07 6091
LR999929.1 1.39e+07 1.4e+07 2534
LR999929.1 1.4e+07 1.41e+07 3085
LR999929.1 1.41e+07 1.42e+07 2219
LR999929.1 1.42e+07 1.43e+07 3772
LR999929.1 1.43e+07 1.44e+07 2439
LR999929.1 1.44e+07 1.45e+07 2285
LR999929.1 1.45e+07 1.46e+07 2637
LR999929.1 1.46e+07 1.47e+07 3078
LR999929.1 1.47e+07 1.48e+07 2664
LR999929.1 1.48e+07 1.49e+07 6347
LR999929.1 1.49e+07 1.5e+07 3159
LR999929.1 1.5e+07 1.51e+07 1732
LR999929.1 1.51e+07 1.52e+07 2149
LR999929.1 1.52e+07 1.53e+07 1244
LR999929.1 1.53e+07 1.54e+07 3249
LR999929.1 1.54e+07 1.55e+07 2253
LR999929.1 1.55e+07 1.56e+07 442
LR999929.1 1.56e+07 1.57e+07 7791
LR999929.1 1.57e+07 1.58e+07 433
LR999929.1 1.58e+07 1.59e+07 1974
LR999929.1 1.59e+07 15952094 1544
