LR999953.1 1 100000 4107
LR999953.1 100001 200000 3529
LR999953.1 200001 300000 7910
LR999953.1 300001 400000 7899
LR999953.1 400001 500000 6940
LR999953.1 500001 600000 7397
LR999953.1 600001 700000 5031
LR999953.1 700001 800000 2987
LR999953.1 800001 900000 2197
LR999953.1 900001 1e+06 9638
LR999953.1 1e+06 1.1e+06 6920
LR999953.1 1.1e+06 1.2e+06 7834
LR999953.1 1.2e+06 1.3e+06 5742
LR999953.1 1.3e+06 1.4e+06 7027
LR999953.1 1.4e+06 1.5e+06 5771
LR999953.1 1.5e+06 1.6e+06 4866
LR999953.1 1.6e+06 1.7e+06 7728
LR999953.1 1.7e+06 1.8e+06 7990
LR999953.1 1.8e+06 1.9e+06 6100
LR999953.1 1.9e+06 2e+06 7828
LR999953.1 2e+06 2.1e+06 13390
LR999953.1 2.1e+06 2.2e+06 7589
LR999953.1 2.2e+06 2.3e+06 6319
LR999953.1 2.3e+06 2.4e+06 5471
LR999953.1 2.4e+06 2.5e+06 6687
LR999953.1 2.5e+06 2.6e+06 3601
LR999953.1 2.6e+06 2.7e+06 3057
LR999953.1 2.7e+06 2.8e+06 8748
LR999953.1 2.8e+06 2.9e+06 14466
LR999953.1 2.9e+06 3e+06 16709
LR999953.1 3e+06 3.1e+06 13938
LR999953.1 3.1e+06 3.2e+06 14038
LR999953.1 3.2e+06 3.3e+06 3371
LR999953.1 3.3e+06 3.4e+06 8323
LR999953.1 3.4e+06 3.5e+06 11751
LR999953.1 3.5e+06 3.6e+06 12303
LR999953.1 3.6e+06 3.7e+06 13102
LR999953.1 3.7e+06 3.8e+06 12400
LR999953.1 3.8e+06 3.9e+06 5866
LR999953.1 3.9e+06 4e+06 3876
LR999953.1 4e+06 4.1e+06 3733
LR999953.1 4.1e+06 4.2e+06 12757
LR999953.1 4.2e+06 4.3e+06 12330
LR999953.1 4.3e+06 4.4e+06 10948
LR999953.1 4.4e+06 4.5e+06 11872
LR999953.1 4.5e+06 4.6e+06 14535
LR999953.1 4.6e+06 4.7e+06 16905
LR999953.1 4.7e+06 4.8e+06 3930
LR999953.1 4.8e+06 4.9e+06 6143
LR999953.1 4.9e+06 5e+06 6933
LR999953.1 5e+06 5.1e+06 5862
LR999953.1 5.1e+06 5.2e+06 5365
LR999953.1 5.2e+06 5.3e+06 4364
LR999953.1 5.3e+06 5.4e+06 5544
LR999953.1 5.4e+06 5.5e+06 5694
LR999953.1 5.5e+06 5.6e+06 7230
LR999953.1 5.6e+06 5.7e+06 3356
LR999953.1 5.7e+06 5.8e+06 5163
LR999953.1 5.8e+06 5.9e+06 2500
LR999953.1 5.9e+06 6e+06 6658
LR999953.1 6e+06 6.1e+06 10122
LR999953.1 6.1e+06 6.2e+06 9159
LR999953.1 6.2e+06 6.3e+06 15309
LR999953.1 6.3e+06 6.4e+06 21690
LR999953.1 6.4e+06 6.5e+06 18699
LR999953.1 6.5e+06 6.6e+06 7674
LR999953.1 6.6e+06 6.7e+06 4454
LR999953.1 6.7e+06 6.8e+06 10058
LR999953.1 6.8e+06 6.9e+06 9784
LR999953.1 6.9e+06 7e+06 8221
LR999953.1 7e+06 7.1e+06 6777
LR999953.1 7.1e+06 7.2e+06 6685
LR999953.1 7.2e+06 7.3e+06 5982
LR999953.1 7.3e+06 7.4e+06 7291
LR999953.1 7.4e+06 7.5e+06 5578
LR999953.1 7.5e+06 7.6e+06 3766
LR999953.1 7.6e+06 7.7e+06 5246
LR999953.1 7.7e+06 7.8e+06 4806
LR999953.1 7.8e+06 7.9e+06 4643
LR999953.1 7.9e+06 8e+06 6285
LR999953.1 8e+06 8.1e+06 2379
LR999953.1 8.1e+06 8178468 2423
