LR999942.1 1 100000 1102
LR999942.1 100001 200000 3743
LR999942.1 200001 300000 871
LR999942.1 300001 400000 1127
LR999942.1 400001 500000 2964
LR999942.1 500001 600000 1584
LR999942.1 600001 700000 2108
LR999942.1 700001 800000 5211
LR999942.1 800001 900000 3198
LR999942.1 900001 1e+06 1853
LR999942.1 1e+06 1.1e+06 2233
LR999942.1 1.1e+06 1.2e+06 3058
LR999942.1 1.2e+06 1.3e+06 3871
LR999942.1 1.3e+06 1.4e+06 2287
LR999942.1 1.4e+06 1.5e+06 2229
LR999942.1 1.5e+06 1.6e+06 4071
LR999942.1 1.6e+06 1.7e+06 2921
LR999942.1 1.7e+06 1.8e+06 4410
LR999942.1 1.8e+06 1.9e+06 1173
LR999942.1 1.9e+06 2e+06 785
LR999942.1 2e+06 2.1e+06 3407
LR999942.1 2.1e+06 2.2e+06 4328
LR999942.1 2.2e+06 2.3e+06 2848
LR999942.1 2.3e+06 2.4e+06 6061
LR999942.1 2.4e+06 2.5e+06 3959
LR999942.1 2.5e+06 2.6e+06 6695
LR999942.1 2.6e+06 2.7e+06 3399
LR999942.1 2.7e+06 2.8e+06 1520
LR999942.1 2.8e+06 2.9e+06 1797
LR999942.1 2.9e+06 3e+06 4112
LR999942.1 3e+06 3.1e+06 3148
LR999942.1 3.1e+06 3.2e+06 3416
LR999942.1 3.2e+06 3.3e+06 1430
LR999942.1 3.3e+06 3.4e+06 4031
LR999942.1 3.4e+06 3.5e+06 1032
LR999942.1 3.5e+06 3.6e+06 2277
LR999942.1 3.6e+06 3.7e+06 2052
LR999942.1 3.7e+06 3.8e+06 1281
LR999942.1 3.8e+06 3.9e+06 635
LR999942.1 3.9e+06 4e+06 2730
LR999942.1 4e+06 4.1e+06 3451
LR999942.1 4.1e+06 4.2e+06 1291
LR999942.1 4.2e+06 4.3e+06 4726
LR999942.1 4.3e+06 4.4e+06 1510
LR999942.1 4.4e+06 4.5e+06 2100
LR999942.1 4.5e+06 4.6e+06 1511
LR999942.1 4.6e+06 4.7e+06 3685
LR999942.1 4.7e+06 4.8e+06 1070
LR999942.1 4.8e+06 4.9e+06 271
LR999942.1 4.9e+06 5e+06 1145
LR999942.1 5e+06 5.1e+06 3393
LR999942.1 5.1e+06 5.2e+06 3320
LR999942.1 5.2e+06 5.3e+06 2358
LR999942.1 5.3e+06 5.4e+06 783
LR999942.1 5.4e+06 5.5e+06 1605
LR999942.1 5.5e+06 5.6e+06 418
LR999942.1 5.6e+06 5.7e+06 786
LR999942.1 5.7e+06 5.8e+06 4017
LR999942.1 5.8e+06 5.9e+06 3361
LR999942.1 5.9e+06 6e+06 2295
LR999942.1 6e+06 6.1e+06 2984
LR999942.1 6.1e+06 6.2e+06 1748
LR999942.1 6.2e+06 6.3e+06 588
LR999942.1 6.3e+06 6.4e+06 1026
LR999942.1 6.4e+06 6.5e+06 1202
LR999942.1 6.5e+06 6.6e+06 3646
LR999942.1 6.6e+06 6.7e+06 1610
LR999942.1 6.7e+06 6.8e+06 1876
LR999942.1 6.8e+06 6.9e+06 698
LR999942.1 6.9e+06 7e+06 3258
LR999942.1 7e+06 7.1e+06 3131
LR999942.1 7.1e+06 7.2e+06 3862
LR999942.1 7.2e+06 7.3e+06 786
LR999942.1 7.3e+06 7.4e+06 2166
LR999942.1 7.4e+06 7.5e+06 1255
LR999942.1 7.5e+06 7.6e+06 1285
LR999942.1 7.6e+06 7.7e+06 2244
LR999942.1 7.7e+06 7.8e+06 351
LR999942.1 7.8e+06 7.9e+06 2085
LR999942.1 7.9e+06 8e+06 1664
LR999942.1 8e+06 8.1e+06 2268
LR999942.1 8.1e+06 8.2e+06 2224
LR999942.1 8.2e+06 8.3e+06 2676
LR999942.1 8.3e+06 8.4e+06 3347
LR999942.1 8.4e+06 8.5e+06 1924
LR999942.1 8.5e+06 8.6e+06 2539
LR999942.1 8.6e+06 8.7e+06 2949
LR999942.1 8.7e+06 8.8e+06 2491
LR999942.1 8.8e+06 8.9e+06 2109
LR999942.1 8.9e+06 9e+06 3368
LR999942.1 9e+06 9.1e+06 3428
LR999942.1 9.1e+06 9.2e+06 2469
LR999942.1 9.2e+06 9.3e+06 1462
LR999942.1 9.3e+06 9.4e+06 2466
LR999942.1 9.4e+06 9.5e+06 1010
LR999942.1 9.5e+06 9.6e+06 3112
LR999942.1 9.6e+06 9.7e+06 3545
LR999942.1 9.7e+06 9.8e+06 3690
LR999942.1 9.8e+06 9.9e+06 2927
LR999942.1 9.9e+06 1e+07 2876
LR999942.1 1e+07 1.01e+07 5238
LR999942.1 1.01e+07 1.02e+07 4869
LR999942.1 1.02e+07 1.03e+07 2570
LR999942.1 1.03e+07 1.04e+07 4389
LR999942.1 1.04e+07 1.05e+07 3192
LR999942.1 1.05e+07 1.06e+07 2256
LR999942.1 1.06e+07 1.07e+07 3213
LR999942.1 1.07e+07 1.08e+07 2189
LR999942.1 1.08e+07 1.09e+07 814
LR999942.1 1.09e+07 1.1e+07 2745
LR999942.1 1.1e+07 1.11e+07 2293
LR999942.1 1.11e+07 1.12e+07 6087
LR999942.1 1.12e+07 1.13e+07 1838
LR999942.1 1.13e+07 1.14e+07 3358
LR999942.1 1.14e+07 1.15e+07 1835
LR999942.1 1.15e+07 1.16e+07 2834
LR999942.1 1.16e+07 1.17e+07 2418
LR999942.1 1.17e+07 1.18e+07 3880
LR999942.1 1.18e+07 1.19e+07 6021
LR999942.1 1.19e+07 1.2e+07 3469
LR999942.1 1.2e+07 1.21e+07 4442
LR999942.1 1.21e+07 1.22e+07 2473
LR999942.1 1.22e+07 1.23e+07 4806
LR999942.1 1.23e+07 1.24e+07 4893
LR999942.1 1.24e+07 1.25e+07 3526
LR999942.1 1.25e+07 1.26e+07 1677
LR999942.1 1.26e+07 1.27e+07 766
LR999942.1 1.27e+07 1.28e+07 3794
LR999942.1 1.28e+07 1.29e+07 2283
LR999942.1 1.29e+07 1.3e+07 1957
LR999942.1 1.3e+07 1.31e+07 1639
LR999942.1 1.31e+07 1.32e+07 2262
LR999942.1 1.32e+07 1.33e+07 1287
LR999942.1 1.33e+07 1.34e+07 1871
LR999942.1 1.34e+07 1.35e+07 2121
LR999942.1 1.35e+07 13550656 3993
