LR999950.1 1 100000 4883
LR999950.1 100001 200000 1460
LR999950.1 200001 300000 1382
LR999950.1 300001 400000 3117
LR999950.1 400001 500000 2216
LR999950.1 500001 600000 1703
LR999950.1 600001 700000 2336
LR999950.1 700001 800000 2269
LR999950.1 800001 900000 5351
LR999950.1 900001 1e+06 2639
LR999950.1 1e+06 1.1e+06 6295
LR999950.1 1.1e+06 1.2e+06 3735
LR999950.1 1.2e+06 1.3e+06 1317
LR999950.1 1.3e+06 1.4e+06 2751
LR999950.1 1.4e+06 1.5e+06 1774
LR999950.1 1.5e+06 1.6e+06 3104
LR999950.1 1.6e+06 1.7e+06 2469
LR999950.1 1.7e+06 1.8e+06 6046
LR999950.1 1.8e+06 1.9e+06 3202
LR999950.1 1.9e+06 2e+06 6376
LR999950.1 2e+06 2.1e+06 3970
LR999950.1 2.1e+06 2.2e+06 2875
LR999950.1 2.2e+06 2.3e+06 2907
LR999950.1 2.3e+06 2.4e+06 2172
LR999950.1 2.4e+06 2.5e+06 3650
LR999950.1 2.5e+06 2.6e+06 3534
LR999950.1 2.6e+06 2.7e+06 3075
LR999950.1 2.7e+06 2.8e+06 3711
LR999950.1 2.8e+06 2.9e+06 2525
LR999950.1 2.9e+06 3e+06 1062
LR999950.1 3e+06 3.1e+06 2230
LR999950.1 3.1e+06 3.2e+06 3832
LR999950.1 3.2e+06 3.3e+06 3110
LR999950.1 3.3e+06 3.4e+06 1185
LR999950.1 3.4e+06 3.5e+06 3173
LR999950.1 3.5e+06 3.6e+06 4960
LR999950.1 3.6e+06 3.7e+06 4518
LR999950.1 3.7e+06 3.8e+06 1063
LR999950.1 3.8e+06 3.9e+06 4689
LR999950.1 3.9e+06 4e+06 612
LR999950.1 4e+06 4.1e+06 802
LR999950.1 4.1e+06 4.2e+06 2123
LR999950.1 4.2e+06 4.3e+06 1527
LR999950.1 4.3e+06 4.4e+06 1932
LR999950.1 4.4e+06 4.5e+06 3976
LR999950.1 4.5e+06 4.6e+06 2107
LR999950.1 4.6e+06 4.7e+06 2180
LR999950.1 4.7e+06 4.8e+06 5173
LR999950.1 4.8e+06 4.9e+06 4195
LR999950.1 4.9e+06 5e+06 5934
LR999950.1 5e+06 5.1e+06 2707
LR999950.1 5.1e+06 5.2e+06 2627
LR999950.1 5.2e+06 5.3e+06 1143
LR999950.1 5.3e+06 5.4e+06 2555
LR999950.1 5.4e+06 5.5e+06 6464
LR999950.1 5.5e+06 5.6e+06 5798
LR999950.1 5.6e+06 5.7e+06 2670
LR999950.1 5.7e+06 5.8e+06 1611
LR999950.1 5.8e+06 5.9e+06 2120
LR999950.1 5.9e+06 6e+06 2497
LR999950.1 6e+06 6.1e+06 1764
LR999950.1 6.1e+06 6.2e+06 6869
LR999950.1 6.2e+06 6.3e+06 707
LR999950.1 6.3e+06 6.4e+06 1826
LR999950.1 6.4e+06 6.5e+06 1343
LR999950.1 6.5e+06 6.6e+06 2352
LR999950.1 6.6e+06 6.7e+06 3760
LR999950.1 6.7e+06 6.8e+06 1696
LR999950.1 6.8e+06 6.9e+06 3697
LR999950.1 6.9e+06 7e+06 1115
LR999950.1 7e+06 7.1e+06 2735
LR999950.1 7.1e+06 7.2e+06 1141
LR999950.1 7.2e+06 7.3e+06 1798
LR999950.1 7.3e+06 7.4e+06 2180
LR999950.1 7.4e+06 7.5e+06 2964
LR999950.1 7.5e+06 7.6e+06 3308
LR999950.1 7.6e+06 7.7e+06 2506
LR999950.1 7.7e+06 7.8e+06 4892
LR999950.1 7.8e+06 7.9e+06 1715
LR999950.1 7.9e+06 8e+06 2190
LR999950.1 8e+06 8.1e+06 2149
LR999950.1 8.1e+06 8.2e+06 4171
LR999950.1 8.2e+06 8.3e+06 5129
LR999950.1 8.3e+06 8.4e+06 1876
LR999950.1 8.4e+06 8.5e+06 1613
LR999950.1 8.5e+06 8.6e+06 1820
LR999950.1 8.6e+06 8.7e+06 2671
LR999950.1 8.7e+06 8.8e+06 3077
LR999950.1 8.8e+06 8.9e+06 4260
LR999950.1 8.9e+06 9e+06 3193
LR999950.1 9e+06 9.1e+06 4945
LR999950.1 9.1e+06 9.2e+06 2374
LR999950.1 9.2e+06 9.3e+06 3417
LR999950.1 9.3e+06 9.4e+06 3222
LR999950.1 9.4e+06 9.5e+06 1686
LR999950.1 9.5e+06 9.6e+06 4662
LR999950.1 9.6e+06 9.7e+06 2732
LR999950.1 9.7e+06 9.8e+06 4037
LR999950.1 9.8e+06 9.9e+06 2532
LR999950.1 9.9e+06 9960137 1509
