LR999955.1 1 100000 2606
LR999955.1 100001 200000 12231
LR999955.1 200001 300000 7398
LR999955.1 300001 400000 5399
LR999955.1 400001 500000 6509
LR999955.1 500001 600000 8102
LR999955.1 600001 700000 10074
LR999955.1 700001 800000 7959
LR999955.1 800001 900000 7084
LR999955.1 900001 1e+06 8252
LR999955.1 1e+06 1.1e+06 5049
LR999955.1 1.1e+06 1.2e+06 8031
LR999955.1 1.2e+06 1.3e+06 5146
LR999955.1 1.3e+06 1.4e+06 9189
LR999955.1 1.4e+06 1.5e+06 8290
LR999955.1 1.5e+06 1.6e+06 8072
LR999955.1 1.6e+06 1.7e+06 6805
LR999955.1 1.7e+06 1.8e+06 6768
LR999955.1 1.8e+06 1.9e+06 8272
LR999955.1 1.9e+06 2e+06 6914
LR999955.1 2e+06 2.1e+06 9103
LR999955.1 2.1e+06 2.2e+06 8773
LR999955.1 2.2e+06 2.3e+06 11805
LR999955.1 2.3e+06 2.4e+06 3692
LR999955.1 2.4e+06 2.5e+06 14131
LR999955.1 2.5e+06 2.6e+06 16435
LR999955.1 2.6e+06 2.7e+06 4923
LR999955.1 2.7e+06 2.8e+06 10788
LR999955.1 2.8e+06 2.9e+06 5577
LR999955.1 2.9e+06 3e+06 8615
LR999955.1 3e+06 3.1e+06 8227
LR999955.1 3.1e+06 3.2e+06 5259
LR999955.1 3.2e+06 3.3e+06 2932
LR999955.1 3.3e+06 3.4e+06 6140
LR999955.1 3.4e+06 3.5e+06 6538
LR999955.1 3.5e+06 3.6e+06 8462
LR999955.1 3.6e+06 3.7e+06 5614
LR999955.1 3.7e+06 3.8e+06 7885
LR999955.1 3.8e+06 3.9e+06 9588
LR999955.1 3.9e+06 4e+06 5549
LR999955.1 4e+06 4.1e+06 5484
LR999955.1 4.1e+06 4.2e+06 6232
LR999955.1 4.2e+06 4.3e+06 7180
LR999955.1 4.3e+06 4.4e+06 5597
LR999955.1 4.4e+06 4.5e+06 9718
LR999955.1 4.5e+06 4.6e+06 9083
LR999955.1 4.6e+06 4.7e+06 5358
LR999955.1 4.7e+06 4.8e+06 4184
LR999955.1 4.8e+06 4.9e+06 4383
LR999955.1 4.9e+06 5e+06 3577
LR999955.1 5e+06 5.1e+06 5027
LR999955.1 5.1e+06 5.2e+06 5703
LR999955.1 5.2e+06 5.3e+06 6506
LR999955.1 5.3e+06 5.4e+06 6842
LR999955.1 5.4e+06 5.5e+06 6264
LR999955.1 5.5e+06 5.6e+06 2563
LR999955.1 5.6e+06 5.7e+06 6261
LR999955.1 5.7e+06 5.8e+06 5130
LR999955.1 5.8e+06 5.9e+06 1876
LR999955.1 5.9e+06 6e+06 4679
LR999955.1 6e+06 6.1e+06 2101
LR999955.1 6.1e+06 6166334 2778
