LR999947.1 1 100000 3707
LR999947.1 100001 200000 3282
LR999947.1 200001 300000 3472
LR999947.1 300001 400000 3333
LR999947.1 400001 500000 3329
LR999947.1 500001 600000 4953
LR999947.1 600001 700000 4755
LR999947.1 700001 800000 4775
LR999947.1 800001 900000 5610
LR999947.1 900001 1e+06 4095
LR999947.1 1e+06 1.1e+06 3093
LR999947.1 1.1e+06 1.2e+06 3218
LR999947.1 1.2e+06 1.3e+06 1976
LR999947.1 1.3e+06 1.4e+06 3048
LR999947.1 1.4e+06 1.5e+06 2507
LR999947.1 1.5e+06 1.6e+06 3531
LR999947.1 1.6e+06 1.7e+06 4523
LR999947.1 1.7e+06 1.8e+06 9686
LR999947.1 1.8e+06 1.9e+06 4136
LR999947.1 1.9e+06 2e+06 2879
LR999947.1 2e+06 2.1e+06 3890
LR999947.1 2.1e+06 2.2e+06 4353
LR999947.1 2.2e+06 2.3e+06 7178
LR999947.1 2.3e+06 2.4e+06 4111
LR999947.1 2.4e+06 2.5e+06 4409
LR999947.1 2.5e+06 2.6e+06 2972
LR999947.1 2.6e+06 2.7e+06 2613
LR999947.1 2.7e+06 2.8e+06 2224
LR999947.1 2.8e+06 2.9e+06 3594
LR999947.1 2.9e+06 3e+06 4033
LR999947.1 3e+06 3.1e+06 2648
LR999947.1 3.1e+06 3.2e+06 2171
LR999947.1 3.2e+06 3.3e+06 1144
LR999947.1 3.3e+06 3.4e+06 2996
LR999947.1 3.4e+06 3.5e+06 2919
LR999947.1 3.5e+06 3.6e+06 2610
LR999947.1 3.6e+06 3.7e+06 3091
LR999947.1 3.7e+06 3.8e+06 3503
LR999947.1 3.8e+06 3.9e+06 4435
LR999947.1 3.9e+06 4e+06 2612
LR999947.1 4e+06 4.1e+06 3581
LR999947.1 4.1e+06 4.2e+06 4182
LR999947.1 4.2e+06 4.3e+06 2873
LR999947.1 4.3e+06 4.4e+06 3863
LR999947.1 4.4e+06 4.5e+06 2777
LR999947.1 4.5e+06 4.6e+06 2413
LR999947.1 4.6e+06 4.7e+06 2244
LR999947.1 4.7e+06 4.8e+06 2574
LR999947.1 4.8e+06 4.9e+06 6762
LR999947.1 4.9e+06 5e+06 2498
LR999947.1 5e+06 5.1e+06 2112
LR999947.1 5.1e+06 5.2e+06 4071
LR999947.1 5.2e+06 5.3e+06 2908
LR999947.1 5.3e+06 5.4e+06 2940
LR999947.1 5.4e+06 5.5e+06 1798
LR999947.1 5.5e+06 5.6e+06 4418
LR999947.1 5.6e+06 5.7e+06 1103
LR999947.1 5.7e+06 5.8e+06 3308
LR999947.1 5.8e+06 5.9e+06 2548
LR999947.1 5.9e+06 6e+06 4312
LR999947.1 6e+06 6.1e+06 3708
LR999947.1 6.1e+06 6.2e+06 4343
LR999947.1 6.2e+06 6.3e+06 3286
LR999947.1 6.3e+06 6.4e+06 5132
LR999947.1 6.4e+06 6.5e+06 3406
LR999947.1 6.5e+06 6.6e+06 2085
LR999947.1 6.6e+06 6.7e+06 5293
LR999947.1 6.7e+06 6.8e+06 2309
LR999947.1 6.8e+06 6.9e+06 1640
LR999947.1 6.9e+06 7e+06 5285
LR999947.1 7e+06 7.1e+06 4312
LR999947.1 7.1e+06 7.2e+06 3764
LR999947.1 7.2e+06 7.3e+06 4130
LR999947.1 7.3e+06 7.4e+06 3626
LR999947.1 7.4e+06 7.5e+06 4222
LR999947.1 7.5e+06 7.6e+06 3467
LR999947.1 7.6e+06 7.7e+06 2898
LR999947.1 7.7e+06 7.8e+06 2760
LR999947.1 7.8e+06 7.9e+06 1779
LR999947.1 7.9e+06 8e+06 3667
LR999947.1 8e+06 8.1e+06 6625
LR999947.1 8.1e+06 8.2e+06 2660
LR999947.1 8.2e+06 8.3e+06 2981
LR999947.1 8.3e+06 8.4e+06 2558
LR999947.1 8.4e+06 8.5e+06 5668
LR999947.1 8.5e+06 8.6e+06 5547
LR999947.1 8.6e+06 8.7e+06 5089
LR999947.1 8.7e+06 8.8e+06 3658
LR999947.1 8.8e+06 8.9e+06 2934
LR999947.1 8.9e+06 9e+06 2075
LR999947.1 9e+06 9.1e+06 2408
LR999947.1 9.1e+06 9.2e+06 5663
LR999947.1 9.2e+06 9.3e+06 1582
LR999947.1 9.3e+06 9.4e+06 4394
LR999947.1 9.4e+06 9.5e+06 5634
LR999947.1 9.5e+06 9.6e+06 3111
LR999947.1 9.6e+06 9.7e+06 3717
LR999947.1 9.7e+06 9.8e+06 2757
LR999947.1 9.8e+06 9.9e+06 2185
LR999947.1 9.9e+06 1e+07 5636
LR999947.1 1e+07 1.01e+07 3820
LR999947.1 1.01e+07 1.02e+07 2501
LR999947.1 1.02e+07 1.03e+07 2534
LR999947.1 1.03e+07 1.04e+07 831
LR999947.1 1.04e+07 1.05e+07 3116
LR999947.1 1.05e+07 1.06e+07 2980
LR999947.1 1.06e+07 1.07e+07 3804
LR999947.1 1.07e+07 1.08e+07 2845
LR999947.1 1.08e+07 1.09e+07 2730
LR999947.1 1.09e+07 1.1e+07 3797
LR999947.1 1.1e+07 1.11e+07 1547
LR999947.1 1.11e+07 1.12e+07 2691
LR999947.1 1.12e+07 1.13e+07 1494
LR999947.1 1.13e+07 1.14e+07 1848
LR999947.1 1.14e+07 1.15e+07 1121
LR999947.1 1.15e+07 1.16e+07 1078
LR999947.1 1.16e+07 1.17e+07 45
LR999947.1 1.17e+07 11704087 316
