LR999938.1 1 100000 1871
LR999938.1 100001 200000 669
LR999938.1 200001 300000 2230
LR999938.1 300001 400000 1205
LR999938.1 400001 500000 1807
LR999938.1 500001 600000 2810
LR999938.1 600001 700000 1771
LR999938.1 700001 800000 1379
LR999938.1 800001 900000 3511
LR999938.1 900001 1e+06 1865
LR999938.1 1e+06 1.1e+06 6650
LR999938.1 1.1e+06 1.2e+06 8873
LR999938.1 1.2e+06 1.3e+06 4132
LR999938.1 1.3e+06 1.4e+06 7739
LR999938.1 1.4e+06 1.5e+06 3057
LR999938.1 1.5e+06 1.6e+06 2547
LR999938.1 1.6e+06 1.7e+06 4154
LR999938.1 1.7e+06 1.8e+06 2546
LR999938.1 1.8e+06 1.9e+06 4458
LR999938.1 1.9e+06 2e+06 5287
LR999938.1 2e+06 2.1e+06 2177
LR999938.1 2.1e+06 2.2e+06 3460
LR999938.1 2.2e+06 2.3e+06 3620
LR999938.1 2.3e+06 2.4e+06 1603
LR999938.1 2.4e+06 2.5e+06 4526
LR999938.1 2.5e+06 2.6e+06 4301
LR999938.1 2.6e+06 2.7e+06 5785
LR999938.1 2.7e+06 2.8e+06 1267
LR999938.1 2.8e+06 2.9e+06 5686
LR999938.1 2.9e+06 3e+06 2805
LR999938.1 3e+06 3.1e+06 1307
LR999938.1 3.1e+06 3.2e+06 1719
LR999938.1 3.2e+06 3.3e+06 4386
LR999938.1 3.3e+06 3.4e+06 1090
LR999938.1 3.4e+06 3.5e+06 763
LR999938.1 3.5e+06 3.6e+06 6443
LR999938.1 3.6e+06 3.7e+06 3128
LR999938.1 3.7e+06 3.8e+06 3618
LR999938.1 3.8e+06 3.9e+06 3330
LR999938.1 3.9e+06 4e+06 1741
LR999938.1 4e+06 4.1e+06 1869
LR999938.1 4.1e+06 4.2e+06 2202
LR999938.1 4.2e+06 4.3e+06 2504
LR999938.1 4.3e+06 4.4e+06 1629
LR999938.1 4.4e+06 4.5e+06 2375
LR999938.1 4.5e+06 4.6e+06 2361
LR999938.1 4.6e+06 4.7e+06 857
LR999938.1 4.7e+06 4.8e+06 1759
LR999938.1 4.8e+06 4.9e+06 1301
LR999938.1 4.9e+06 5e+06 2645
LR999938.1 5e+06 5.1e+06 7825
LR999938.1 5.1e+06 5.2e+06 1067
LR999938.1 5.2e+06 5.3e+06 6741
LR999938.1 5.3e+06 5.4e+06 1834
LR999938.1 5.4e+06 5.5e+06 1834
LR999938.1 5.5e+06 5.6e+06 1659
LR999938.1 5.6e+06 5.7e+06 2645
LR999938.1 5.7e+06 5.8e+06 2170
LR999938.1 5.8e+06 5.9e+06 2692
LR999938.1 5.9e+06 6e+06 1774
LR999938.1 6e+06 6.1e+06 1995
LR999938.1 6.1e+06 6.2e+06 1943
LR999938.1 6.2e+06 6.3e+06 1651
LR999938.1 6.3e+06 6.4e+06 674
LR999938.1 6.4e+06 6.5e+06 3603
LR999938.1 6.5e+06 6.6e+06 3878
LR999938.1 6.6e+06 6.7e+06 2937
LR999938.1 6.7e+06 6.8e+06 3297
LR999938.1 6.8e+06 6.9e+06 1787
LR999938.1 6.9e+06 7e+06 1339
LR999938.1 7e+06 7.1e+06 1178
LR999938.1 7.1e+06 7.2e+06 412
LR999938.1 7.2e+06 7.3e+06 2353
LR999938.1 7.3e+06 7.4e+06 1150
LR999938.1 7.4e+06 7.5e+06 1311
LR999938.1 7.5e+06 7.6e+06 1623
LR999938.1 7.6e+06 7.7e+06 4252
LR999938.1 7.7e+06 7.8e+06 995
LR999938.1 7.8e+06 7.9e+06 1680
LR999938.1 7.9e+06 8e+06 1999
LR999938.1 8e+06 8.1e+06 758
LR999938.1 8.1e+06 8.2e+06 3312
LR999938.1 8.2e+06 8.3e+06 1508
LR999938.1 8.3e+06 8.4e+06 652
LR999938.1 8.4e+06 8.5e+06 3224
LR999938.1 8.5e+06 8.6e+06 502
LR999938.1 8.6e+06 8.7e+06 830
LR999938.1 8.7e+06 8.8e+06 1582
LR999938.1 8.8e+06 8.9e+06 1745
LR999938.1 8.9e+06 9e+06 1379
LR999938.1 9e+06 9.1e+06 1612
LR999938.1 9.1e+06 9.2e+06 3190
LR999938.1 9.2e+06 9.3e+06 2235
LR999938.1 9.3e+06 9.4e+06 3496
LR999938.1 9.4e+06 9.5e+06 1725
LR999938.1 9.5e+06 9.6e+06 353
LR999938.1 9.6e+06 9.7e+06 118
LR999938.1 9.7e+06 9.8e+06 397
LR999938.1 9.8e+06 9.9e+06 464
LR999938.1 9.9e+06 1e+07 580
LR999938.1 1e+07 1.01e+07 681
LR999938.1 1.01e+07 1.02e+07 
LR999938.1 1.02e+07 1.03e+07 154
LR999938.1 1.03e+07 1.04e+07 1757
LR999938.1 1.04e+07 1.05e+07 712
LR999938.1 1.05e+07 1.06e+07 497
LR999938.1 1.06e+07 1.07e+07 658
LR999938.1 1.07e+07 1.08e+07 1763
LR999938.1 1.08e+07 1.09e+07 3674
LR999938.1 1.09e+07 1.1e+07 3067
LR999938.1 1.1e+07 1.11e+07 1178
LR999938.1 1.11e+07 1.12e+07 1930
LR999938.1 1.12e+07 1.13e+07 3488
LR999938.1 1.13e+07 1.14e+07 3594
LR999938.1 1.14e+07 1.15e+07 2510
LR999938.1 1.15e+07 1.16e+07 720
LR999938.1 1.16e+07 1.17e+07 3022
LR999938.1 1.17e+07 1.18e+07 1210
LR999938.1 1.18e+07 1.19e+07 4252
LR999938.1 1.19e+07 1.2e+07 2279
LR999938.1 1.2e+07 1.21e+07 517
LR999938.1 1.21e+07 1.22e+07 1516
LR999938.1 1.22e+07 1.23e+07 2675
LR999938.1 1.23e+07 1.24e+07 1456
LR999938.1 1.24e+07 1.25e+07 1234
LR999938.1 1.25e+07 1.26e+07 3855
LR999938.1 1.26e+07 1.27e+07 3264
LR999938.1 1.27e+07 1.28e+07 4186
LR999938.1 1.28e+07 1.29e+07 2063
LR999938.1 1.29e+07 1.3e+07 6136
LR999938.1 1.3e+07 1.31e+07 4469
LR999938.1 1.31e+07 1.32e+07 6797
LR999938.1 1.32e+07 1.33e+07 5351
LR999938.1 1.33e+07 1.34e+07 9836
LR999938.1 1.34e+07 1.35e+07 3144
LR999938.1 1.35e+07 1.36e+07 2748
LR999938.1 1.36e+07 1.37e+07 845
LR999938.1 1.37e+07 1.38e+07 5813
LR999938.1 1.38e+07 1.39e+07 4762
LR999938.1 1.39e+07 1.4e+07 6319
LR999938.1 1.4e+07 1.41e+07 3280
LR999938.1 1.41e+07 1.42e+07 3334
LR999938.1 1.42e+07 1.43e+07 839
LR999938.1 1.43e+07 1.44e+07 2498
LR999938.1 1.44e+07 1.45e+07 3921
LR999938.1 1.45e+07 1.46e+07 3723
LR999938.1 1.46e+07 14605406 
