LR999946.1 1 100000 241
LR999946.1 100001 200000 312
LR999946.1 200001 300000 261
LR999946.1 300001 400000 1615
LR999946.1 400001 500000 2453
LR999946.1 500001 600000 8668
LR999946.1 600001 700000 11147
LR999946.1 700001 800000 14151
LR999946.1 800001 900000 13304
LR999946.1 900001 1e+06 5553
LR999946.1 1e+06 1.1e+06 5567
LR999946.1 1.1e+06 1.2e+06 6196
LR999946.1 1.2e+06 1.3e+06 3573
LR999946.1 1.3e+06 1.4e+06 3724
LR999946.1 1.4e+06 1.5e+06 5502
LR999946.1 1.5e+06 1.6e+06 1489
LR999946.1 1.6e+06 1.7e+06 6222
LR999946.1 1.7e+06 1.8e+06 1925
LR999946.1 1.8e+06 1.9e+06 4298
LR999946.1 1.9e+06 2e+06 4239
LR999946.1 2e+06 2.1e+06 4399
LR999946.1 2.1e+06 2.2e+06 7504
LR999946.1 2.2e+06 2.3e+06 3267
LR999946.1 2.3e+06 2.4e+06 7503
LR999946.1 2.4e+06 2.5e+06 4253
LR999946.1 2.5e+06 2.6e+06 4153
LR999946.1 2.6e+06 2.7e+06 1813
LR999946.1 2.7e+06 2.8e+06 2017
LR999946.1 2.8e+06 2.9e+06 4992
LR999946.1 2.9e+06 3e+06 6051
LR999946.1 3e+06 3.1e+06 3148
LR999946.1 3.1e+06 3.2e+06 2478
LR999946.1 3.2e+06 3.3e+06 5532
LR999946.1 3.3e+06 3.4e+06 3295
LR999946.1 3.4e+06 3.5e+06 2644
LR999946.1 3.5e+06 3.6e+06 3284
LR999946.1 3.6e+06 3.7e+06 1864
LR999946.1 3.7e+06 3.8e+06 2510
LR999946.1 3.8e+06 3.9e+06 1002
LR999946.1 3.9e+06 4e+06 2427
LR999946.1 4e+06 4.1e+06 1216
LR999946.1 4.1e+06 4.2e+06 2175
LR999946.1 4.2e+06 4.3e+06 4619
LR999946.1 4.3e+06 4.4e+06 4352
LR999946.1 4.4e+06 4.5e+06 8120
LR999946.1 4.5e+06 4.6e+06 2092
LR999946.1 4.6e+06 4.7e+06 2695
LR999946.1 4.7e+06 4.8e+06 2858
LR999946.1 4.8e+06 4.9e+06 1671
LR999946.1 4.9e+06 5e+06 3238
LR999946.1 5e+06 5.1e+06 3442
LR999946.1 5.1e+06 5.2e+06 2160
LR999946.1 5.2e+06 5.3e+06 4272
LR999946.1 5.3e+06 5.4e+06 2197
LR999946.1 5.4e+06 5.5e+06 733
LR999946.1 5.5e+06 5.6e+06 1201
LR999946.1 5.6e+06 5.7e+06 3408
LR999946.1 5.7e+06 5.8e+06 3576
LR999946.1 5.8e+06 5.9e+06 2304
LR999946.1 5.9e+06 6e+06 3339
LR999946.1 6e+06 6.1e+06 4296
LR999946.1 6.1e+06 6.2e+06 1564
LR999946.1 6.2e+06 6.3e+06 3177
LR999946.1 6.3e+06 6.4e+06 1483
LR999946.1 6.4e+06 6.5e+06 2062
LR999946.1 6.5e+06 6.6e+06 4108
LR999946.1 6.6e+06 6.7e+06 5866
LR999946.1 6.7e+06 6.8e+06 3491
LR999946.1 6.8e+06 6.9e+06 3573
LR999946.1 6.9e+06 7e+06 871
LR999946.1 7e+06 7.1e+06 2526
LR999946.1 7.1e+06 7.2e+06 2792
LR999946.1 7.2e+06 7.3e+06 1961
LR999946.1 7.3e+06 7.4e+06 828
LR999946.1 7.4e+06 7.5e+06 1711
LR999946.1 7.5e+06 7.6e+06 2959
LR999946.1 7.6e+06 7.7e+06 3734
LR999946.1 7.7e+06 7.8e+06 2952
LR999946.1 7.8e+06 7.9e+06 1016
LR999946.1 7.9e+06 8e+06 2378
LR999946.1 8e+06 8.1e+06 1341
LR999946.1 8.1e+06 8.2e+06 4163
LR999946.1 8.2e+06 8.3e+06 666
LR999946.1 8.3e+06 8.4e+06 3243
LR999946.1 8.4e+06 8.5e+06 1607
LR999946.1 8.5e+06 8.6e+06 3260
LR999946.1 8.6e+06 8.7e+06 1833
LR999946.1 8.7e+06 8.8e+06 3948
LR999946.1 8.8e+06 8.9e+06 2469
LR999946.1 8.9e+06 9e+06 550
LR999946.1 9e+06 9.1e+06 2074
LR999946.1 9.1e+06 9.2e+06 2795
LR999946.1 9.2e+06 9.3e+06 1510
LR999946.1 9.3e+06 9.4e+06 1836
LR999946.1 9.4e+06 9.5e+06 2980
LR999946.1 9.5e+06 9.6e+06 1927
LR999946.1 9.6e+06 9.7e+06 2742
LR999946.1 9.7e+06 9.8e+06 1796
LR999946.1 9.8e+06 9.9e+06 8312
LR999946.1 9.9e+06 1e+07 4831
LR999946.1 1e+07 1.01e+07 1278
LR999946.1 1.01e+07 1.02e+07 1250
LR999946.1 1.02e+07 1.03e+07 934
LR999946.1 1.03e+07 1.04e+07 939
LR999946.1 1.04e+07 1.05e+07 2219
LR999946.1 1.05e+07 1.06e+07 3512
LR999946.1 1.06e+07 1.07e+07 2940
LR999946.1 1.07e+07 1.08e+07 3422
LR999946.1 1.08e+07 1.09e+07 2333
LR999946.1 1.09e+07 1.1e+07 2235
LR999946.1 1.1e+07 1.11e+07 4767
LR999946.1 1.11e+07 1.12e+07 3374
LR999946.1 1.12e+07 1.13e+07 2909
LR999946.1 1.13e+07 1.14e+07 3177
LR999946.1 1.14e+07 1.15e+07 3888
LR999946.1 1.15e+07 1.16e+07 3428
LR999946.1 1.16e+07 1.17e+07 1980
LR999946.1 1.17e+07 1.18e+07 1699
LR999946.1 1.18e+07 1.19e+07 2737
LR999946.1 1.19e+07 1.2e+07 3724
LR999946.1 1.2e+07 1.21e+07 727
LR999946.1 1.21e+07 1.22e+07 1327
LR999946.1 1.22e+07 1.23e+07 1025
LR999946.1 1.23e+07 1.24e+07 891
LR999946.1 1.24e+07 1.25e+07 4019
LR999946.1 1.25e+07 12594674 285
