LR999935.1 1 100000 4097
LR999935.1 100001 200000 1368
LR999935.1 200001 300000 991
LR999935.1 300001 400000 2846
LR999935.1 400001 500000 399
LR999935.1 500001 600000 431
LR999935.1 600001 700000 1017
LR999935.1 700001 800000 2211
LR999935.1 800001 900000 625
LR999935.1 900001 1e+06 1213
LR999935.1 1e+06 1.1e+06 1751
LR999935.1 1.1e+06 1.2e+06 599
LR999935.1 1.2e+06 1.3e+06 1728
LR999935.1 1.3e+06 1.4e+06 4744
LR999935.1 1.4e+06 1.5e+06 861
LR999935.1 1.5e+06 1.6e+06 3520
LR999935.1 1.6e+06 1.7e+06 3756
LR999935.1 1.7e+06 1.8e+06 3468
LR999935.1 1.8e+06 1.9e+06 2811
LR999935.1 1.9e+06 2e+06 1178
LR999935.1 2e+06 2.1e+06 2276
LR999935.1 2.1e+06 2.2e+06 1721
LR999935.1 2.2e+06 2.3e+06 1875
LR999935.1 2.3e+06 2.4e+06 2010
LR999935.1 2.4e+06 2.5e+06 3822
LR999935.1 2.5e+06 2.6e+06 938
LR999935.1 2.6e+06 2.7e+06 1222
LR999935.1 2.7e+06 2.8e+06 549
LR999935.1 2.8e+06 2.9e+06 77
LR999935.1 2.9e+06 3e+06 676
LR999935.1 3e+06 3.1e+06 1883
LR999935.1 3.1e+06 3.2e+06 2506
LR999935.1 3.2e+06 3.3e+06 1826
LR999935.1 3.3e+06 3.4e+06 3554
LR999935.1 3.4e+06 3.5e+06 1421
LR999935.1 3.5e+06 3.6e+06 2414
LR999935.1 3.6e+06 3.7e+06 7319
LR999935.1 3.7e+06 3.8e+06 3264
LR999935.1 3.8e+06 3.9e+06 2475
LR999935.1 3.9e+06 4e+06 3105
LR999935.1 4e+06 4.1e+06 2779
LR999935.1 4.1e+06 4.2e+06 774
LR999935.1 4.2e+06 4.3e+06 1224
LR999935.1 4.3e+06 4.4e+06 2013
LR999935.1 4.4e+06 4.5e+06 2702
LR999935.1 4.5e+06 4.6e+06 2844
LR999935.1 4.6e+06 4.7e+06 5751
LR999935.1 4.7e+06 4.8e+06 4495
LR999935.1 4.8e+06 4.9e+06 3346
LR999935.1 4.9e+06 5e+06 1812
LR999935.1 5e+06 5.1e+06 2001
LR999935.1 5.1e+06 5.2e+06 276
LR999935.1 5.2e+06 5.3e+06 448
LR999935.1 5.3e+06 5.4e+06 2828
LR999935.1 5.4e+06 5.5e+06 779
LR999935.1 5.5e+06 5.6e+06 864
LR999935.1 5.6e+06 5.7e+06 1625
LR999935.1 5.7e+06 5.8e+06 4146
LR999935.1 5.8e+06 5.9e+06 362
LR999935.1 5.9e+06 6e+06 2084
LR999935.1 6e+06 6.1e+06 95
LR999935.1 6.1e+06 6.2e+06 973
LR999935.1 6.2e+06 6.3e+06 2518
LR999935.1 6.3e+06 6.4e+06 1943
LR999935.1 6.4e+06 6.5e+06 2788
LR999935.1 6.5e+06 6.6e+06 1726
LR999935.1 6.6e+06 6.7e+06 2293
LR999935.1 6.7e+06 6.8e+06 291
LR999935.1 6.8e+06 6.9e+06 2395
LR999935.1 6.9e+06 7e+06 873
LR999935.1 7e+06 7.1e+06 527
LR999935.1 7.1e+06 7.2e+06 2084
LR999935.1 7.2e+06 7.3e+06 2042
LR999935.1 7.3e+06 7.4e+06 2915
LR999935.1 7.4e+06 7.5e+06 113
LR999935.1 7.5e+06 7.6e+06 2713
LR999935.1 7.6e+06 7.7e+06 2513
LR999935.1 7.7e+06 7.8e+06 1961
LR999935.1 7.8e+06 7.9e+06 2417
LR999935.1 7.9e+06 8e+06 444
LR999935.1 8e+06 8.1e+06 1833
LR999935.1 8.1e+06 8.2e+06 5011
LR999935.1 8.2e+06 8.3e+06 3872
LR999935.1 8.3e+06 8.4e+06 3796
LR999935.1 8.4e+06 8.5e+06 1720
LR999935.1 8.5e+06 8.6e+06 1103
LR999935.1 8.6e+06 8.7e+06 369
LR999935.1 8.7e+06 8.8e+06 1859
LR999935.1 8.8e+06 8.9e+06 1464
LR999935.1 8.9e+06 9e+06 3417
LR999935.1 9e+06 9.1e+06 2371
LR999935.1 9.1e+06 9.2e+06 1712
LR999935.1 9.2e+06 9.3e+06 1093
LR999935.1 9.3e+06 9.4e+06 2892
LR999935.1 9.4e+06 9.5e+06 703
LR999935.1 9.5e+06 9.6e+06 1532
LR999935.1 9.6e+06 9.7e+06 2130
LR999935.1 9.7e+06 9.8e+06 2891
LR999935.1 9.8e+06 9.9e+06 2485
LR999935.1 9.9e+06 1e+07 4873
LR999935.1 1e+07 1.01e+07 1256
LR999935.1 1.01e+07 1.02e+07 2196
LR999935.1 1.02e+07 1.03e+07 420
LR999935.1 1.03e+07 1.04e+07 5823
LR999935.1 1.04e+07 1.05e+07 1132
LR999935.1 1.05e+07 1.06e+07 2624
LR999935.1 1.06e+07 1.07e+07 2607
LR999935.1 1.07e+07 1.08e+07 3320
LR999935.1 1.08e+07 1.09e+07 2398
LR999935.1 1.09e+07 1.1e+07 2072
LR999935.1 1.1e+07 1.11e+07 1416
LR999935.1 1.11e+07 1.12e+07 3534
LR999935.1 1.12e+07 1.13e+07 3108
LR999935.1 1.13e+07 1.14e+07 5396
LR999935.1 1.14e+07 1.15e+07 2089
LR999935.1 1.15e+07 1.16e+07 3323
LR999935.1 1.16e+07 1.17e+07 3520
LR999935.1 1.17e+07 1.18e+07 3453
LR999935.1 1.18e+07 1.19e+07 2799
LR999935.1 1.19e+07 1.2e+07 3610
LR999935.1 1.2e+07 1.21e+07 2077
LR999935.1 1.21e+07 1.22e+07 2996
LR999935.1 1.22e+07 1.23e+07 1716
LR999935.1 1.23e+07 1.24e+07 1585
LR999935.1 1.24e+07 1.25e+07 4446
LR999935.1 1.25e+07 1.26e+07 552
LR999935.1 1.26e+07 1.27e+07 1770
LR999935.1 1.27e+07 1.28e+07 5015
LR999935.1 1.28e+07 1.29e+07 4478
LR999935.1 1.29e+07 1.3e+07 1510
LR999935.1 1.3e+07 1.31e+07 342
LR999935.1 1.31e+07 1.32e+07 2162
LR999935.1 1.32e+07 1.33e+07 5016
LR999935.1 1.33e+07 1.34e+07 2483
LR999935.1 1.34e+07 1.35e+07 3531
LR999935.1 1.35e+07 1.36e+07 399
LR999935.1 1.36e+07 1.37e+07 1394
LR999935.1 1.37e+07 1.38e+07 2054
LR999935.1 1.38e+07 1.39e+07 2572
LR999935.1 1.39e+07 1.4e+07 988
LR999935.1 1.4e+07 1.41e+07 901
LR999935.1 1.41e+07 1.42e+07 1316
LR999935.1 1.42e+07 1.43e+07 1477
LR999935.1 1.43e+07 1.44e+07 9586
LR999935.1 1.44e+07 1.45e+07 852
LR999935.1 1.45e+07 1.46e+07 3947
LR999935.1 1.46e+07 1.47e+07 2105
LR999935.1 1.47e+07 1.48e+07 1160
LR999935.1 1.48e+07 14868897 1752
