LR999927.1 1 100000 72
LR999927.1 100001 200000 486
LR999927.1 200001 300000 329
LR999927.1 300001 400000 1897
LR999927.1 400001 500000 2590
LR999927.1 500001 600000 2334
LR999927.1 600001 700000 1637
LR999927.1 700001 800000 3217
LR999927.1 800001 900000 2581
LR999927.1 900001 1e+06 2530
LR999927.1 1e+06 1.1e+06 1613
LR999927.1 1.1e+06 1.2e+06 1753
LR999927.1 1.2e+06 1.3e+06 1890
LR999927.1 1.3e+06 1.4e+06 4996
LR999927.1 1.4e+06 1.5e+06 7056
LR999927.1 1.5e+06 1.6e+06 1987
LR999927.1 1.6e+06 1.7e+06 1741
LR999927.1 1.7e+06 1.8e+06 2934
LR999927.1 1.8e+06 1.9e+06 1143
LR999927.1 1.9e+06 2e+06 1382
LR999927.1 2e+06 2.1e+06 2254
LR999927.1 2.1e+06 2.2e+06 3233
LR999927.1 2.2e+06 2.3e+06 2120
LR999927.1 2.3e+06 2.4e+06 3595
LR999927.1 2.4e+06 2.5e+06 1378
LR999927.1 2.5e+06 2.6e+06 7325
LR999927.1 2.6e+06 2.7e+06 3780
LR999927.1 2.7e+06 2.8e+06 3548
LR999927.1 2.8e+06 2.9e+06 3420
LR999927.1 2.9e+06 3e+06 5375
LR999927.1 3e+06 3.1e+06 1469
LR999927.1 3.1e+06 3.2e+06 3850
LR999927.1 3.2e+06 3.3e+06 2354
LR999927.1 3.3e+06 3.4e+06 586
LR999927.1 3.4e+06 3.5e+06 1305
LR999927.1 3.5e+06 3.6e+06 2102
LR999927.1 3.6e+06 3.7e+06 1350
LR999927.1 3.7e+06 3.8e+06 856
LR999927.1 3.8e+06 3.9e+06 2017
LR999927.1 3.9e+06 4e+06 1288
LR999927.1 4e+06 4.1e+06 3138
LR999927.1 4.1e+06 4.2e+06 2421
LR999927.1 4.2e+06 4.3e+06 2669
LR999927.1 4.3e+06 4.4e+06 2465
LR999927.1 4.4e+06 4.5e+06 2051
LR999927.1 4.5e+06 4.6e+06 4707
LR999927.1 4.6e+06 4.7e+06 2634
LR999927.1 4.7e+06 4.8e+06 495
LR999927.1 4.8e+06 4.9e+06 1085
LR999927.1 4.9e+06 5e+06 1643
LR999927.1 5e+06 5.1e+06 1913
LR999927.1 5.1e+06 5.2e+06 934
LR999927.1 5.2e+06 5.3e+06 1070
LR999927.1 5.3e+06 5.4e+06 2828
LR999927.1 5.4e+06 5.5e+06 1313
LR999927.1 5.5e+06 5.6e+06 4040
LR999927.1 5.6e+06 5.7e+06 1825
LR999927.1 5.7e+06 5.8e+06 3776
LR999927.1 5.8e+06 5.9e+06 698
LR999927.1 5.9e+06 6e+06 1720
LR999927.1 6e+06 6.1e+06 721
LR999927.1 6.1e+06 6.2e+06 792
LR999927.1 6.2e+06 6.3e+06 90
LR999927.1 6.3e+06 6.4e+06 1580
LR999927.1 6.4e+06 6.5e+06 2361
LR999927.1 6.5e+06 6.6e+06 103
LR999927.1 6.6e+06 6.7e+06 1694
LR999927.1 6.7e+06 6.8e+06 1733
LR999927.1 6.8e+06 6.9e+06 737
LR999927.1 6.9e+06 7e+06 3788
LR999927.1 7e+06 7.1e+06 4656
LR999927.1 7.1e+06 7.2e+06 2008
LR999927.1 7.2e+06 7.3e+06 896
LR999927.1 7.3e+06 7.4e+06 851
LR999927.1 7.4e+06 7.5e+06 3790
LR999927.1 7.5e+06 7.6e+06 2179
LR999927.1 7.6e+06 7.7e+06 2487
LR999927.1 7.7e+06 7.8e+06 1757
LR999927.1 7.8e+06 7.9e+06 1977
LR999927.1 7.9e+06 8e+06 1899
LR999927.1 8e+06 8.1e+06 2191
LR999927.1 8.1e+06 8.2e+06 2351
LR999927.1 8.2e+06 8.3e+06 2235
LR999927.1 8.3e+06 8.4e+06 4148
LR999927.1 8.4e+06 8.5e+06 804
LR999927.1 8.5e+06 8.6e+06 5942
LR999927.1 8.6e+06 8.7e+06 1984
LR999927.1 8.7e+06 8.8e+06 672
LR999927.1 8.8e+06 8.9e+06 3051
LR999927.1 8.9e+06 9e+06 3930
LR999927.1 9e+06 9.1e+06 1112
LR999927.1 9.1e+06 9.2e+06 2222
LR999927.1 9.2e+06 9.3e+06 4317
LR999927.1 9.3e+06 9.4e+06 3677
LR999927.1 9.4e+06 9.5e+06 1009
LR999927.1 9.5e+06 9.6e+06 3309
LR999927.1 9.6e+06 9.7e+06 4877
LR999927.1 9.7e+06 9.8e+06 863
LR999927.1 9.8e+06 9.9e+06 2458
LR999927.1 9.9e+06 1e+07 2033
LR999927.1 1e+07 1.01e+07 2171
LR999927.1 1.01e+07 1.02e+07 1453
LR999927.1 1.02e+07 1.03e+07 4162
LR999927.1 1.03e+07 1.04e+07 3357
LR999927.1 1.04e+07 1.05e+07 6975
LR999927.1 1.05e+07 1.06e+07 4636
LR999927.1 1.06e+07 1.07e+07 1256
LR999927.1 1.07e+07 1.08e+07 1207
LR999927.1 1.08e+07 1.09e+07 2695
LR999927.1 1.09e+07 1.1e+07 6546
LR999927.1 1.1e+07 1.11e+07 3172
LR999927.1 1.11e+07 1.12e+07 2132
LR999927.1 1.12e+07 1.13e+07 2008
LR999927.1 1.13e+07 1.14e+07 5505
LR999927.1 1.14e+07 1.15e+07 1218
LR999927.1 1.15e+07 1.16e+07 2293
LR999927.1 1.16e+07 1.17e+07 1277
LR999927.1 1.17e+07 1.18e+07 2064
LR999927.1 1.18e+07 1.19e+07 2387
LR999927.1 1.19e+07 1.2e+07 1373
LR999927.1 1.2e+07 1.21e+07 1554
LR999927.1 1.21e+07 1.22e+07 1361
LR999927.1 1.22e+07 1.23e+07 1155
LR999927.1 1.23e+07 1.24e+07 3159
LR999927.1 1.24e+07 1.25e+07 5425
LR999927.1 1.25e+07 1.26e+07 3751
LR999927.1 1.26e+07 1.27e+07 4124
LR999927.1 1.27e+07 1.28e+07 963
LR999927.1 1.28e+07 1.29e+07 1864
LR999927.1 1.29e+07 1.3e+07 849
LR999927.1 1.3e+07 1.31e+07 1794
LR999927.1 1.31e+07 1.32e+07 4020
LR999927.1 1.32e+07 1.33e+07 1564
LR999927.1 1.33e+07 1.34e+07 2479
LR999927.1 1.34e+07 1.35e+07 4769
LR999927.1 1.35e+07 1.36e+07 1425
LR999927.1 1.36e+07 1.37e+07 1820
LR999927.1 1.37e+07 1.38e+07 3355
LR999927.1 1.38e+07 1.39e+07 2114
LR999927.1 1.39e+07 1.4e+07 886
LR999927.1 1.4e+07 1.41e+07 2452
LR999927.1 1.41e+07 1.42e+07 2709
LR999927.1 1.42e+07 1.43e+07 4197
LR999927.1 1.43e+07 1.44e+07 1327
LR999927.1 1.44e+07 1.45e+07 2953
LR999927.1 1.45e+07 1.46e+07 3040
LR999927.1 1.46e+07 1.47e+07 1824
LR999927.1 1.47e+07 1.48e+07 5790
LR999927.1 1.48e+07 1.49e+07 3317
LR999927.1 1.49e+07 1.5e+07 6470
LR999927.1 1.5e+07 1.51e+07 5338
LR999927.1 1.51e+07 1.52e+07 5237
LR999927.1 1.52e+07 1.53e+07 2045
LR999927.1 1.53e+07 1.54e+07 3479
LR999927.1 1.54e+07 1.55e+07 2660
LR999927.1 1.55e+07 1.56e+07 1554
LR999927.1 1.56e+07 1.57e+07 4241
LR999927.1 1.57e+07 1.58e+07 6386
LR999927.1 1.58e+07 1.59e+07 2344
LR999927.1 1.59e+07 1.6e+07 1828
LR999927.1 1.6e+07 16090551 1672
