LR999930.1 1 100000 4175
LR999930.1 100001 200000 111
LR999930.1 200001 300000 2914
LR999930.1 300001 400000 1953
LR999930.1 400001 500000 2969
LR999930.1 500001 600000 3522
LR999930.1 600001 700000 2230
LR999930.1 700001 800000 1846
LR999930.1 800001 900000 2424
LR999930.1 900001 1e+06 2763
LR999930.1 1e+06 1.1e+06 2557
LR999930.1 1.1e+06 1.2e+06 3077
LR999930.1 1.2e+06 1.3e+06 3575
LR999930.1 1.3e+06 1.4e+06 558
LR999930.1 1.4e+06 1.5e+06 2987
LR999930.1 1.5e+06 1.6e+06 1836
LR999930.1 1.6e+06 1.7e+06 1379
LR999930.1 1.7e+06 1.8e+06 1906
LR999930.1 1.8e+06 1.9e+06 748
LR999930.1 1.9e+06 2e+06 3824
LR999930.1 2e+06 2.1e+06 4076
LR999930.1 2.1e+06 2.2e+06 1057
LR999930.1 2.2e+06 2.3e+06 2834
LR999930.1 2.3e+06 2.4e+06 1780
LR999930.1 2.4e+06 2.5e+06 1784
LR999930.1 2.5e+06 2.6e+06 121
LR999930.1 2.6e+06 2.7e+06 374
LR999930.1 2.7e+06 2.8e+06 392
LR999930.1 2.8e+06 2.9e+06 1967
LR999930.1 2.9e+06 3e+06 574
LR999930.1 3e+06 3.1e+06 1278
LR999930.1 3.1e+06 3.2e+06 3925
LR999930.1 3.2e+06 3.3e+06 4775
LR999930.1 3.3e+06 3.4e+06 2294
LR999930.1 3.4e+06 3.5e+06 1248
LR999930.1 3.5e+06 3.6e+06 4822
LR999930.1 3.6e+06 3.7e+06 798
LR999930.1 3.7e+06 3.8e+06 768
LR999930.1 3.8e+06 3.9e+06 2388
LR999930.1 3.9e+06 4e+06 1130
LR999930.1 4e+06 4.1e+06 2490
LR999930.1 4.1e+06 4.2e+06 6422
LR999930.1 4.2e+06 4.3e+06 2303
LR999930.1 4.3e+06 4.4e+06 2453
LR999930.1 4.4e+06 4.5e+06 1861
LR999930.1 4.5e+06 4.6e+06 2338
LR999930.1 4.6e+06 4.7e+06 2439
LR999930.1 4.7e+06 4.8e+06 2113
LR999930.1 4.8e+06 4.9e+06 3969
LR999930.1 4.9e+06 5e+06 1364
LR999930.1 5e+06 5.1e+06 549
LR999930.1 5.1e+06 5.2e+06 1834
LR999930.1 5.2e+06 5.3e+06 3085
LR999930.1 5.3e+06 5.4e+06 2267
LR999930.1 5.4e+06 5.5e+06 1427
LR999930.1 5.5e+06 5.6e+06 1760
LR999930.1 5.6e+06 5.7e+06 4660
LR999930.1 5.7e+06 5.8e+06 3486
LR999930.1 5.8e+06 5.9e+06 2536
LR999930.1 5.9e+06 6e+06 957
LR999930.1 6e+06 6.1e+06 857
LR999930.1 6.1e+06 6.2e+06 2200
LR999930.1 6.2e+06 6.3e+06 2067
LR999930.1 6.3e+06 6.4e+06 875
LR999930.1 6.4e+06 6.5e+06 815
LR999930.1 6.5e+06 6.6e+06 3126
LR999930.1 6.6e+06 6.7e+06 3974
LR999930.1 6.7e+06 6.8e+06 3524
LR999930.1 6.8e+06 6.9e+06 1434
LR999930.1 6.9e+06 7e+06 2895
LR999930.1 7e+06 7.1e+06 2353
LR999930.1 7.1e+06 7.2e+06 2920
LR999930.1 7.2e+06 7.3e+06 545
LR999930.1 7.3e+06 7.4e+06 810
LR999930.1 7.4e+06 7.5e+06 5194
LR999930.1 7.5e+06 7.6e+06 3406
LR999930.1 7.6e+06 7.7e+06 2209
LR999930.1 7.7e+06 7.8e+06 1579
LR999930.1 7.8e+06 7.9e+06 1349
LR999930.1 7.9e+06 8e+06 2963
LR999930.1 8e+06 8.1e+06 3132
LR999930.1 8.1e+06 8.2e+06 1862
LR999930.1 8.2e+06 8.3e+06 1280
LR999930.1 8.3e+06 8.4e+06 1043
LR999930.1 8.4e+06 8.5e+06 1968
LR999930.1 8.5e+06 8.6e+06 1499
LR999930.1 8.6e+06 8.7e+06 1333
LR999930.1 8.7e+06 8.8e+06 2396
LR999930.1 8.8e+06 8.9e+06 2430
LR999930.1 8.9e+06 9e+06 7705
LR999930.1 9e+06 9.1e+06 1170
LR999930.1 9.1e+06 9.2e+06 156
LR999930.1 9.2e+06 9.3e+06 540
LR999930.1 9.3e+06 9.4e+06 842
LR999930.1 9.4e+06 9.5e+06 4610
LR999930.1 9.5e+06 9.6e+06 1564
LR999930.1 9.6e+06 9.7e+06 3191
LR999930.1 9.7e+06 9.8e+06 2004
LR999930.1 9.8e+06 9.9e+06 2498
LR999930.1 9.9e+06 1e+07 1926
LR999930.1 1e+07 1.01e+07 5059
LR999930.1 1.01e+07 1.02e+07 3954
LR999930.1 1.02e+07 1.03e+07 3802
LR999930.1 1.03e+07 1.04e+07 2303
LR999930.1 1.04e+07 1.05e+07 2169
LR999930.1 1.05e+07 1.06e+07 2790
LR999930.1 1.06e+07 1.07e+07 3822
LR999930.1 1.07e+07 1.08e+07 3774
LR999930.1 1.08e+07 1.09e+07 3232
LR999930.1 1.09e+07 1.1e+07 5972
LR999930.1 1.1e+07 1.11e+07 5172
LR999930.1 1.11e+07 1.12e+07 1383
LR999930.1 1.12e+07 1.13e+07 3819
LR999930.1 1.13e+07 1.14e+07 3944
LR999930.1 1.14e+07 1.15e+07 3811
LR999930.1 1.15e+07 1.16e+07 1522
LR999930.1 1.16e+07 1.17e+07 1342
LR999930.1 1.17e+07 1.18e+07 2104
LR999930.1 1.18e+07 1.19e+07 1715
LR999930.1 1.19e+07 1.2e+07 2456
LR999930.1 1.2e+07 1.21e+07 3101
LR999930.1 1.21e+07 1.22e+07 4931
LR999930.1 1.22e+07 1.23e+07 5036
LR999930.1 1.23e+07 1.24e+07 1366
LR999930.1 1.24e+07 1.25e+07 3229
LR999930.1 1.25e+07 1.26e+07 1740
LR999930.1 1.26e+07 1.27e+07 5748
LR999930.1 1.27e+07 1.28e+07 4025
LR999930.1 1.28e+07 1.29e+07 2924
LR999930.1 1.29e+07 1.3e+07 3774
LR999930.1 1.3e+07 1.31e+07 3677
LR999930.1 1.31e+07 1.32e+07 2391
LR999930.1 1.32e+07 1.33e+07 3870
LR999930.1 1.33e+07 1.34e+07 5395
LR999930.1 1.34e+07 1.35e+07 4330
LR999930.1 1.35e+07 1.36e+07 4669
LR999930.1 1.36e+07 1.37e+07 409
LR999930.1 1.37e+07 1.38e+07 2066
LR999930.1 1.38e+07 1.39e+07 5711
LR999930.1 1.39e+07 1.4e+07 2077
LR999930.1 1.4e+07 1.41e+07 2986
LR999930.1 1.41e+07 1.42e+07 2277
LR999930.1 1.42e+07 1.43e+07 3387
LR999930.1 1.43e+07 1.44e+07 1452
LR999930.1 1.44e+07 1.45e+07 1379
LR999930.1 1.45e+07 1.46e+07 601
LR999930.1 1.46e+07 1.47e+07 1410
LR999930.1 1.47e+07 1.48e+07 3629
LR999930.1 1.48e+07 1.49e+07 2376
LR999930.1 1.49e+07 1.5e+07 1248
LR999930.1 1.5e+07 1.51e+07 3967
LR999930.1 1.51e+07 1.52e+07 2568
LR999930.1 1.52e+07 1.53e+07 3402
LR999930.1 1.53e+07 1.54e+07 3178
LR999930.1 1.54e+07 1.55e+07 3359
LR999930.1 1.55e+07 1.56e+07 3877
LR999930.1 1.56e+07 1.57e+07 860
LR999930.1 1.57e+07 15715213 178
