LR999954.1 1 100000 3210
LR999954.1 100001 200000 4876
LR999954.1 200001 300000 3909
LR999954.1 300001 400000 3324
LR999954.1 400001 500000 3213
LR999954.1 500001 600000 4096
LR999954.1 600001 700000 3543
LR999954.1 700001 800000 4854
LR999954.1 800001 900000 6025
LR999954.1 900001 1e+06 7353
LR999954.1 1e+06 1.1e+06 5599
LR999954.1 1.1e+06 1.2e+06 7593
LR999954.1 1.2e+06 1.3e+06 5739
LR999954.1 1.3e+06 1.4e+06 4965
LR999954.1 1.4e+06 1.5e+06 4165
LR999954.1 1.5e+06 1.6e+06 4255
LR999954.1 1.6e+06 1.7e+06 7605
LR999954.1 1.7e+06 1.8e+06 2763
LR999954.1 1.8e+06 1.9e+06 7551
LR999954.1 1.9e+06 2e+06 5432
LR999954.1 2e+06 2.1e+06 9104
LR999954.1 2.1e+06 2.2e+06 9806
LR999954.1 2.2e+06 2.3e+06 3576
LR999954.1 2.3e+06 2.4e+06 5411
LR999954.1 2.4e+06 2.5e+06 3113
LR999954.1 2.5e+06 2.6e+06 6986
LR999954.1 2.6e+06 2.7e+06 3354
LR999954.1 2.7e+06 2.8e+06 3137
LR999954.1 2.8e+06 2.9e+06 4994
LR999954.1 2.9e+06 3e+06 5594
LR999954.1 3e+06 3.1e+06 5971
LR999954.1 3.1e+06 3.2e+06 4357
LR999954.1 3.2e+06 3.3e+06 5697
LR999954.1 3.3e+06 3.4e+06 4231
LR999954.1 3.4e+06 3.5e+06 4279
LR999954.1 3.5e+06 3.6e+06 5847
LR999954.1 3.6e+06 3.7e+06 7098
LR999954.1 3.7e+06 3.8e+06 5903
LR999954.1 3.8e+06 3.9e+06 4595
LR999954.1 3.9e+06 4e+06 6756
LR999954.1 4e+06 4.1e+06 4125
LR999954.1 4.1e+06 4.2e+06 4263
LR999954.1 4.2e+06 4.3e+06 7107
LR999954.1 4.3e+06 4.4e+06 5584
LR999954.1 4.4e+06 4.5e+06 3132
LR999954.1 4.5e+06 4.6e+06 2268
LR999954.1 4.6e+06 4.7e+06 5199
LR999954.1 4.7e+06 4.8e+06 5929
LR999954.1 4.8e+06 4.9e+06 3434
LR999954.1 4.9e+06 5e+06 6439
LR999954.1 5e+06 5.1e+06 4057
LR999954.1 5.1e+06 5.2e+06 5121
LR999954.1 5.2e+06 5.3e+06 4446
LR999954.1 5.3e+06 5.4e+06 5474
LR999954.1 5.4e+06 5.5e+06 5685
LR999954.1 5.5e+06 5.6e+06 3293
LR999954.1 5.6e+06 5.7e+06 4475
LR999954.1 5.7e+06 5.8e+06 4556
LR999954.1 5.8e+06 5.9e+06 7044
LR999954.1 5.9e+06 6e+06 5723
LR999954.1 6e+06 6.1e+06 3818
LR999954.1 6.1e+06 6.2e+06 6659
LR999954.1 6.2e+06 6.3e+06 8421
LR999954.1 6.3e+06 6.4e+06 4363
LR999954.1 6.4e+06 6.5e+06 5073
LR999954.1 6.5e+06 6.6e+06 3313
LR999954.1 6.6e+06 6.7e+06 5433
LR999954.1 6.7e+06 6.8e+06 6679
LR999954.1 6.8e+06 6.9e+06 4010
LR999954.1 6.9e+06 7e+06 5833
LR999954.1 7e+06 7.1e+06 9626
LR999954.1 7.1e+06 7.2e+06 4638
LR999954.1 7.2e+06 7.3e+06 3568
LR999954.1 7.3e+06 7379297 975
