LR999940.1 1 100000 5768
LR999940.1 100001 200000 6331
LR999940.1 200001 300000 994
LR999940.1 300001 400000 3018
LR999940.1 400001 500000 3361
LR999940.1 500001 600000 732
LR999940.1 600001 700000 3572
LR999940.1 700001 800000 1778
LR999940.1 800001 900000 3260
LR999940.1 900001 1e+06 3145
LR999940.1 1e+06 1.1e+06 2555
LR999940.1 1.1e+06 1.2e+06 483
LR999940.1 1.2e+06 1.3e+06 2491
LR999940.1 1.3e+06 1.4e+06 246
LR999940.1 1.4e+06 1.5e+06 3054
LR999940.1 1.5e+06 1.6e+06 4644
LR999940.1 1.6e+06 1.7e+06 108
LR999940.1 1.7e+06 1.8e+06 3323
LR999940.1 1.8e+06 1.9e+06 830
LR999940.1 1.9e+06 2e+06 1756
LR999940.1 2e+06 2.1e+06 2099
LR999940.1 2.1e+06 2.2e+06 
LR999940.1 2.2e+06 2.3e+06 1250
LR999940.1 2.3e+06 2.4e+06 3041
LR999940.1 2.4e+06 2.5e+06 2251
LR999940.1 2.5e+06 2.6e+06 1025
LR999940.1 2.6e+06 2.7e+06 885
LR999940.1 2.7e+06 2.8e+06 5822
LR999940.1 2.8e+06 2.9e+06 4727
LR999940.1 2.9e+06 3e+06 8695
LR999940.1 3e+06 3.1e+06 2488
LR999940.1 3.1e+06 3.2e+06 2678
LR999940.1 3.2e+06 3.3e+06 3914
LR999940.1 3.3e+06 3.4e+06 3900
LR999940.1 3.4e+06 3.5e+06 2116
LR999940.1 3.5e+06 3.6e+06 4694
LR999940.1 3.6e+06 3.7e+06 4116
LR999940.1 3.7e+06 3.8e+06 5060
LR999940.1 3.8e+06 3.9e+06 3779
LR999940.1 3.9e+06 4e+06 3897
LR999940.1 4e+06 4.1e+06 263
LR999940.1 4.1e+06 4.2e+06 272
LR999940.1 4.2e+06 4.3e+06 5579
LR999940.1 4.3e+06 4.4e+06 6186
LR999940.1 4.4e+06 4.5e+06 2486
LR999940.1 4.5e+06 4.6e+06 3146
LR999940.1 4.6e+06 4.7e+06 2927
LR999940.1 4.7e+06 4.8e+06 3835
LR999940.1 4.8e+06 4.9e+06 2493
LR999940.1 4.9e+06 5e+06 2059
LR999940.1 5e+06 5.1e+06 7427
LR999940.1 5.1e+06 5.2e+06 1930
LR999940.1 5.2e+06 5.3e+06 52
LR999940.1 5.3e+06 5.4e+06 819
LR999940.1 5.4e+06 5.5e+06 4077
LR999940.1 5.5e+06 5.6e+06 5207
LR999940.1 5.6e+06 5.7e+06 3828
LR999940.1 5.7e+06 5.8e+06 8738
LR999940.1 5.8e+06 5.9e+06 11061
LR999940.1 5.9e+06 6e+06 6648
LR999940.1 6e+06 6.1e+06 5489
LR999940.1 6.1e+06 6.2e+06 2670
LR999940.1 6.2e+06 6.3e+06 2714
LR999940.1 6.3e+06 6.4e+06 8577
LR999940.1 6.4e+06 6.5e+06 1087
LR999940.1 6.5e+06 6.6e+06 673
LR999940.1 6.6e+06 6.7e+06 7432
LR999940.1 6.7e+06 6.8e+06 8681
LR999940.1 6.8e+06 6.9e+06 15164
LR999940.1 6.9e+06 7e+06 4645
LR999940.1 7e+06 7.1e+06 5691
LR999940.1 7.1e+06 7.2e+06 1266
LR999940.1 7.2e+06 7.3e+06 260
LR999940.1 7.3e+06 7.4e+06 707
LR999940.1 7.4e+06 7.5e+06 68
LR999940.1 7.5e+06 7.6e+06 2266
LR999940.1 7.6e+06 7.7e+06 3836
LR999940.1 7.7e+06 7.8e+06 1984
LR999940.1 7.8e+06 7.9e+06 3688
LR999940.1 7.9e+06 8e+06 1443
LR999940.1 8e+06 8.1e+06 1740
LR999940.1 8.1e+06 8.2e+06 2590
LR999940.1 8.2e+06 8.3e+06 72
LR999940.1 8.3e+06 8.4e+06 5378
LR999940.1 8.4e+06 8.5e+06 8796
LR999940.1 8.5e+06 8.6e+06 2374
LR999940.1 8.6e+06 8.7e+06 1651
LR999940.1 8.7e+06 8.8e+06 1885
LR999940.1 8.8e+06 8.9e+06 2061
LR999940.1 8.9e+06 9e+06 1635
LR999940.1 9e+06 9.1e+06 917
LR999940.1 9.1e+06 9.2e+06 2937
LR999940.1 9.2e+06 9.3e+06 3177
LR999940.1 9.3e+06 9.4e+06 4361
LR999940.1 9.4e+06 9.5e+06 2179
LR999940.1 9.5e+06 9.6e+06 1293
LR999940.1 9.6e+06 9.7e+06 639
LR999940.1 9.7e+06 9.8e+06 1812
LR999940.1 9.8e+06 9.9e+06 6115
LR999940.1 9.9e+06 1e+07 64
LR999940.1 1e+07 1.01e+07 1992
LR999940.1 1.01e+07 1.02e+07 1742
LR999940.1 1.02e+07 1.03e+07 2156
LR999940.1 1.03e+07 1.04e+07 7790
LR999940.1 1.04e+07 1.05e+07 2606
LR999940.1 1.05e+07 1.06e+07 1564
LR999940.1 1.06e+07 1.07e+07 3596
LR999940.1 1.07e+07 1.08e+07 2794
LR999940.1 1.08e+07 1.09e+07 3033
LR999940.1 1.09e+07 1.1e+07 5548
LR999940.1 1.1e+07 1.11e+07 3243
LR999940.1 1.11e+07 1.12e+07 997
LR999940.1 1.12e+07 1.13e+07 6607
LR999940.1 1.13e+07 1.14e+07 3278
LR999940.1 1.14e+07 1.15e+07 3010
LR999940.1 1.15e+07 1.16e+07 3041
LR999940.1 1.16e+07 1.17e+07 3454
LR999940.1 1.17e+07 1.18e+07 1039
LR999940.1 1.18e+07 1.19e+07 409
LR999940.1 1.19e+07 1.2e+07 2181
LR999940.1 1.2e+07 1.21e+07 1617
LR999940.1 1.21e+07 1.22e+07 373
LR999940.1 1.22e+07 1.23e+07 3930
LR999940.1 1.23e+07 1.24e+07 3376
LR999940.1 1.24e+07 1.25e+07 1932
LR999940.1 1.25e+07 1.26e+07 195
LR999940.1 1.26e+07 1.27e+07 3906
LR999940.1 1.27e+07 1.28e+07 4517
LR999940.1 1.28e+07 1.29e+07 6078
LR999940.1 1.29e+07 1.3e+07 2207
LR999940.1 1.3e+07 1.31e+07 5986
LR999940.1 1.31e+07 1.32e+07 716
LR999940.1 1.32e+07 1.33e+07 3305
LR999940.1 1.33e+07 1.34e+07 2702
LR999940.1 1.34e+07 1.35e+07 1506
LR999940.1 1.35e+07 1.36e+07 144
LR999940.1 1.36e+07 1.37e+07 345
LR999940.1 1.37e+07 1.38e+07 2215
LR999940.1 1.38e+07 13819298 
