LR999939.1 1 100000 4264
LR999939.1 100001 200000 617
LR999939.1 200001 300000 2585
LR999939.1 300001 400000 1835
LR999939.1 400001 500000 1501
LR999939.1 500001 600000 2529
LR999939.1 600001 700000 6512
LR999939.1 700001 800000 3138
LR999939.1 800001 900000 2253
LR999939.1 900001 1e+06 949
LR999939.1 1e+06 1.1e+06 3695
LR999939.1 1.1e+06 1.2e+06 2055
LR999939.1 1.2e+06 1.3e+06 1773
LR999939.1 1.3e+06 1.4e+06 1092
LR999939.1 1.4e+06 1.5e+06 1961
LR999939.1 1.5e+06 1.6e+06 2201
LR999939.1 1.6e+06 1.7e+06 2565
LR999939.1 1.7e+06 1.8e+06 1712
LR999939.1 1.8e+06 1.9e+06 2791
LR999939.1 1.9e+06 2e+06 4056
LR999939.1 2e+06 2.1e+06 1366
LR999939.1 2.1e+06 2.2e+06 1903
LR999939.1 2.2e+06 2.3e+06 4075
LR999939.1 2.3e+06 2.4e+06 4136
LR999939.1 2.4e+06 2.5e+06 2836
LR999939.1 2.5e+06 2.6e+06 1736
LR999939.1 2.6e+06 2.7e+06 2509
LR999939.1 2.7e+06 2.8e+06 2782
LR999939.1 2.8e+06 2.9e+06 2502
LR999939.1 2.9e+06 3e+06 3692
LR999939.1 3e+06 3.1e+06 4857
LR999939.1 3.1e+06 3.2e+06 2366
LR999939.1 3.2e+06 3.3e+06 3159
LR999939.1 3.3e+06 3.4e+06 2870
LR999939.1 3.4e+06 3.5e+06 2946
LR999939.1 3.5e+06 3.6e+06 2243
LR999939.1 3.6e+06 3.7e+06 1951
LR999939.1 3.7e+06 3.8e+06 3180
LR999939.1 3.8e+06 3.9e+06 1168
LR999939.1 3.9e+06 4e+06 2217
LR999939.1 4e+06 4.1e+06 1482
LR999939.1 4.1e+06 4.2e+06 2539
LR999939.1 4.2e+06 4.3e+06 2381
LR999939.1 4.3e+06 4.4e+06 2051
LR999939.1 4.4e+06 4.5e+06 1306
LR999939.1 4.5e+06 4.6e+06 1643
LR999939.1 4.6e+06 4.7e+06 1186
LR999939.1 4.7e+06 4.8e+06 1203
LR999939.1 4.8e+06 4.9e+06 2420
LR999939.1 4.9e+06 5e+06 994
LR999939.1 5e+06 5.1e+06 2708
LR999939.1 5.1e+06 5.2e+06 1624
LR999939.1 5.2e+06 5.3e+06 1857
LR999939.1 5.3e+06 5.4e+06 2946
LR999939.1 5.4e+06 5.5e+06 2149
LR999939.1 5.5e+06 5.6e+06 4565
LR999939.1 5.6e+06 5.7e+06 2527
LR999939.1 5.7e+06 5.8e+06 2489
LR999939.1 5.8e+06 5.9e+06 1799
LR999939.1 5.9e+06 6e+06 1903
LR999939.1 6e+06 6.1e+06 1606
LR999939.1 6.1e+06 6.2e+06 2886
LR999939.1 6.2e+06 6.3e+06 5079
LR999939.1 6.3e+06 6.4e+06 3245
LR999939.1 6.4e+06 6.5e+06 1585
LR999939.1 6.5e+06 6.6e+06 775
LR999939.1 6.6e+06 6.7e+06 752
LR999939.1 6.7e+06 6.8e+06 4518
LR999939.1 6.8e+06 6.9e+06 1937
LR999939.1 6.9e+06 7e+06 2178
LR999939.1 7e+06 7.1e+06 2518
LR999939.1 7.1e+06 7.2e+06 1288
LR999939.1 7.2e+06 7.3e+06 2537
LR999939.1 7.3e+06 7.4e+06 1296
LR999939.1 7.4e+06 7.5e+06 2213
LR999939.1 7.5e+06 7.6e+06 388
LR999939.1 7.6e+06 7.7e+06 1617
LR999939.1 7.7e+06 7.8e+06 2798
LR999939.1 7.8e+06 7.9e+06 1154
LR999939.1 7.9e+06 8e+06 3623
LR999939.1 8e+06 8.1e+06 3605
LR999939.1 8.1e+06 8.2e+06 2682
LR999939.1 8.2e+06 8.3e+06 1290
LR999939.1 8.3e+06 8.4e+06 173
LR999939.1 8.4e+06 8.5e+06 910
LR999939.1 8.5e+06 8.6e+06 297
LR999939.1 8.6e+06 8.7e+06 3440
LR999939.1 8.7e+06 8.8e+06 1657
LR999939.1 8.8e+06 8.9e+06 818
LR999939.1 8.9e+06 9e+06 1565
LR999939.1 9e+06 9.1e+06 3736
LR999939.1 9.1e+06 9.2e+06 2511
LR999939.1 9.2e+06 9.3e+06 1347
LR999939.1 9.3e+06 9.4e+06 4094
LR999939.1 9.4e+06 9.5e+06 1757
LR999939.1 9.5e+06 9.6e+06 189
LR999939.1 9.6e+06 9.7e+06 1541
LR999939.1 9.7e+06 9.8e+06 410
LR999939.1 9.8e+06 9.9e+06 1033
LR999939.1 9.9e+06 1e+07 1105
LR999939.1 1e+07 1.01e+07 5084
LR999939.1 1.01e+07 1.02e+07 533
LR999939.1 1.02e+07 1.03e+07 3786
LR999939.1 1.03e+07 1.04e+07 793
LR999939.1 1.04e+07 1.05e+07 1065
LR999939.1 1.05e+07 1.06e+07 3698
LR999939.1 1.06e+07 1.07e+07 4083
LR999939.1 1.07e+07 1.08e+07 1396
LR999939.1 1.08e+07 1.09e+07 3068
LR999939.1 1.09e+07 1.1e+07 4915
LR999939.1 1.1e+07 1.11e+07 1057
LR999939.1 1.11e+07 1.12e+07 3389
LR999939.1 1.12e+07 1.13e+07 3820
LR999939.1 1.13e+07 1.14e+07 3165
LR999939.1 1.14e+07 1.15e+07 2149
LR999939.1 1.15e+07 1.16e+07 5042
LR999939.1 1.16e+07 1.17e+07 4233
LR999939.1 1.17e+07 1.18e+07 2569
LR999939.1 1.18e+07 1.19e+07 1912
LR999939.1 1.19e+07 1.2e+07 3832
LR999939.1 1.2e+07 1.21e+07 2574
LR999939.1 1.21e+07 1.22e+07 1719
LR999939.1 1.22e+07 1.23e+07 2044
LR999939.1 1.23e+07 1.24e+07 2945
LR999939.1 1.24e+07 1.25e+07 4535
LR999939.1 1.25e+07 1.26e+07 3074
LR999939.1 1.26e+07 1.27e+07 4954
LR999939.1 1.27e+07 1.28e+07 4315
LR999939.1 1.28e+07 1.29e+07 3038
LR999939.1 1.29e+07 1.3e+07 3400
LR999939.1 1.3e+07 1.31e+07 3737
LR999939.1 1.31e+07 1.32e+07 2103
LR999939.1 1.32e+07 1.33e+07 3674
LR999939.1 1.33e+07 1.34e+07 3085
LR999939.1 1.34e+07 1.35e+07 3687
LR999939.1 1.35e+07 1.36e+07 4090
LR999939.1 1.36e+07 1.37e+07 7157
LR999939.1 1.37e+07 1.38e+07 4232
LR999939.1 1.38e+07 1.39e+07 3886
LR999939.1 1.39e+07 13916383 
