LR999925.1 1 100000 1302
LR999925.1 100001 200000 2922
LR999925.1 200001 300000 4449
LR999925.1 300001 400000 4005
LR999925.1 400001 500000 1679
LR999925.1 500001 600000 1636
LR999925.1 600001 700000 1783
LR999925.1 700001 800000 2871
LR999925.1 800001 900000 3427
LR999925.1 900001 1e+06 3576
LR999925.1 1e+06 1.1e+06 4075
LR999925.1 1.1e+06 1.2e+06 3241
LR999925.1 1.2e+06 1.3e+06 1793
LR999925.1 1.3e+06 1.4e+06 3355
LR999925.1 1.4e+06 1.5e+06 2597
LR999925.1 1.5e+06 1.6e+06 1916
LR999925.1 1.6e+06 1.7e+06 4003
LR999925.1 1.7e+06 1.8e+06 2941
LR999925.1 1.8e+06 1.9e+06 1899
LR999925.1 1.9e+06 2e+06 3074
LR999925.1 2e+06 2.1e+06 1599
LR999925.1 2.1e+06 2.2e+06 2760
LR999925.1 2.2e+06 2.3e+06 2355
LR999925.1 2.3e+06 2.4e+06 4557
LR999925.1 2.4e+06 2.5e+06 1664
LR999925.1 2.5e+06 2.6e+06 3130
LR999925.1 2.6e+06 2.7e+06 2081
LR999925.1 2.7e+06 2.8e+06 1213
LR999925.1 2.8e+06 2.9e+06 3707
LR999925.1 2.9e+06 3e+06 765
LR999925.1 3e+06 3.1e+06 2243
LR999925.1 3.1e+06 3.2e+06 2920
LR999925.1 3.2e+06 3.3e+06 2390
LR999925.1 3.3e+06 3.4e+06 451
LR999925.1 3.4e+06 3.5e+06 2546
LR999925.1 3.5e+06 3.6e+06 1281
LR999925.1 3.6e+06 3.7e+06 2467
LR999925.1 3.7e+06 3.8e+06 554
LR999925.1 3.8e+06 3.9e+06 1856
LR999925.1 3.9e+06 4e+06 818
LR999925.1 4e+06 4.1e+06 2796
LR999925.1 4.1e+06 4.2e+06 1841
LR999925.1 4.2e+06 4.3e+06 1524
LR999925.1 4.3e+06 4.4e+06 3778
LR999925.1 4.4e+06 4.5e+06 1932
LR999925.1 4.5e+06 4.6e+06 1787
LR999925.1 4.6e+06 4.7e+06 1982
LR999925.1 4.7e+06 4.8e+06 632
LR999925.1 4.8e+06 4.9e+06 982
LR999925.1 4.9e+06 5e+06 2008
LR999925.1 5e+06 5.1e+06 3116
LR999925.1 5.1e+06 5.2e+06 2949
LR999925.1 5.2e+06 5.3e+06 2498
LR999925.1 5.3e+06 5.4e+06 3063
LR999925.1 5.4e+06 5.5e+06 1361
LR999925.1 5.5e+06 5.6e+06 975
LR999925.1 5.6e+06 5.7e+06 2592
LR999925.1 5.7e+06 5.8e+06 3525
LR999925.1 5.8e+06 5.9e+06 1708
LR999925.1 5.9e+06 6e+06 2577
LR999925.1 6e+06 6.1e+06 2033
LR999925.1 6.1e+06 6.2e+06 1538
LR999925.1 6.2e+06 6.3e+06 3908
LR999925.1 6.3e+06 6.4e+06 1498
LR999925.1 6.4e+06 6.5e+06 1336
LR999925.1 6.5e+06 6.6e+06 3277
LR999925.1 6.6e+06 6.7e+06 1533
LR999925.1 6.7e+06 6.8e+06 3806
LR999925.1 6.8e+06 6.9e+06 1790
LR999925.1 6.9e+06 7e+06 2740
LR999925.1 7e+06 7.1e+06 1248
LR999925.1 7.1e+06 7.2e+06 1539
LR999925.1 7.2e+06 7.3e+06 1444
LR999925.1 7.3e+06 7.4e+06 929
LR999925.1 7.4e+06 7.5e+06 3850
LR999925.1 7.5e+06 7.6e+06 2195
LR999925.1 7.6e+06 7.7e+06 573
LR999925.1 7.7e+06 7.8e+06 1347
LR999925.1 7.8e+06 7.9e+06 557
LR999925.1 7.9e+06 8e+06 912
LR999925.1 8e+06 8.1e+06 2110
LR999925.1 8.1e+06 8.2e+06 683
LR999925.1 8.2e+06 8.3e+06 2261
LR999925.1 8.3e+06 8.4e+06 1109
LR999925.1 8.4e+06 8.5e+06 961
LR999925.1 8.5e+06 8.6e+06 439
LR999925.1 8.6e+06 8.7e+06 1961
LR999925.1 8.7e+06 8.8e+06 2928
LR999925.1 8.8e+06 8.9e+06 503
LR999925.1 8.9e+06 9e+06 1534
LR999925.1 9e+06 9.1e+06 1843
LR999925.1 9.1e+06 9.2e+06 997
LR999925.1 9.2e+06 9.3e+06 3487
LR999925.1 9.3e+06 9.4e+06 917
LR999925.1 9.4e+06 9.5e+06 6508
LR999925.1 9.5e+06 9.6e+06 684
LR999925.1 9.6e+06 9.7e+06 2202
LR999925.1 9.7e+06 9.8e+06 933
LR999925.1 9.8e+06 9.9e+06 1380
LR999925.1 9.9e+06 1e+07 2989
LR999925.1 1e+07 1.01e+07 707
LR999925.1 1.01e+07 1.02e+07 2927
LR999925.1 1.02e+07 1.03e+07 435
LR999925.1 1.03e+07 1.04e+07 2811
LR999925.1 1.04e+07 1.05e+07 1695
LR999925.1 1.05e+07 1.06e+07 1267
LR999925.1 1.06e+07 1.07e+07 3390
LR999925.1 1.07e+07 1.08e+07 3911
LR999925.1 1.08e+07 1.09e+07 3350
LR999925.1 1.09e+07 1.1e+07 2678
LR999925.1 1.1e+07 1.11e+07 2474
LR999925.1 1.11e+07 1.12e+07 2262
LR999925.1 1.12e+07 1.13e+07 2177
LR999925.1 1.13e+07 1.14e+07 1305
LR999925.1 1.14e+07 1.15e+07 2241
LR999925.1 1.15e+07 1.16e+07 1213
LR999925.1 1.16e+07 1.17e+07 592
LR999925.1 1.17e+07 1.18e+07 7588
LR999925.1 1.18e+07 1.19e+07 4100
LR999925.1 1.19e+07 1.2e+07 1650
LR999925.1 1.2e+07 1.21e+07 1135
LR999925.1 1.21e+07 1.22e+07 1441
LR999925.1 1.22e+07 1.23e+07 3364
LR999925.1 1.23e+07 1.24e+07 1594
LR999925.1 1.24e+07 1.25e+07 3732
LR999925.1 1.25e+07 1.26e+07 971
LR999925.1 1.26e+07 1.27e+07 4208
LR999925.1 1.27e+07 1.28e+07 2808
LR999925.1 1.28e+07 1.29e+07 1092
LR999925.1 1.29e+07 1.3e+07 2388
LR999925.1 1.3e+07 1.31e+07 2354
LR999925.1 1.31e+07 1.32e+07 2000
LR999925.1 1.32e+07 1.33e+07 3313
LR999925.1 1.33e+07 1.34e+07 5744
LR999925.1 1.34e+07 1.35e+07 2424
LR999925.1 1.35e+07 1.36e+07 3666
LR999925.1 1.36e+07 1.37e+07 1738
LR999925.1 1.37e+07 1.38e+07 1954
LR999925.1 1.38e+07 1.39e+07 579
LR999925.1 1.39e+07 1.4e+07 1332
LR999925.1 1.4e+07 1.41e+07 2926
LR999925.1 1.41e+07 1.42e+07 1328
LR999925.1 1.42e+07 1.43e+07 1904
LR999925.1 1.43e+07 1.44e+07 1630
LR999925.1 1.44e+07 1.45e+07 1912
LR999925.1 1.45e+07 1.46e+07 1263
LR999925.1 1.46e+07 1.47e+07 2897
LR999925.1 1.47e+07 1.48e+07 4976
LR999925.1 1.48e+07 1.49e+07 1346
LR999925.1 1.49e+07 1.5e+07 1062
LR999925.1 1.5e+07 1.51e+07 3731
LR999925.1 1.51e+07 1.52e+07 1106
LR999925.1 1.52e+07 1.53e+07 3648
LR999925.1 1.53e+07 1.54e+07 2690
LR999925.1 1.54e+07 1.55e+07 1636
LR999925.1 1.55e+07 1.56e+07 1092
LR999925.1 1.56e+07 1.57e+07 2127
LR999925.1 1.57e+07 1.58e+07 1908
LR999925.1 1.58e+07 1.59e+07 4077
LR999925.1 1.59e+07 1.6e+07 3150
LR999925.1 1.6e+07 1.61e+07 2159
LR999925.1 1.61e+07 1.62e+07 1482
LR999925.1 1.62e+07 1.63e+07 979
LR999925.1 1.63e+07 1.64e+07 985
LR999925.1 1.64e+07 1.65e+07 559
LR999925.1 1.65e+07 1.66e+07 2631
LR999925.1 1.66e+07 16607008 
