LR999943.1 1 100000 3868
LR999943.1 100001 200000 672
LR999943.1 200001 300000 3269
LR999943.1 300001 400000 1584
LR999943.1 400001 500000 390
LR999943.1 500001 600000 1196
LR999943.1 600001 700000 3166
LR999943.1 700001 800000 3396
LR999943.1 800001 900000 2537
LR999943.1 900001 1e+06 5835
LR999943.1 1e+06 1.1e+06 1887
LR999943.1 1.1e+06 1.2e+06 2805
LR999943.1 1.2e+06 1.3e+06 4046
LR999943.1 1.3e+06 1.4e+06 3627
LR999943.1 1.4e+06 1.5e+06 4502
LR999943.1 1.5e+06 1.6e+06 3599
LR999943.1 1.6e+06 1.7e+06 5047
LR999943.1 1.7e+06 1.8e+06 2491
LR999943.1 1.8e+06 1.9e+06 2031
LR999943.1 1.9e+06 2e+06 3055
LR999943.1 2e+06 2.1e+06 2389
LR999943.1 2.1e+06 2.2e+06 2322
LR999943.1 2.2e+06 2.3e+06 6171
LR999943.1 2.3e+06 2.4e+06 3430
LR999943.1 2.4e+06 2.5e+06 1004
LR999943.1 2.5e+06 2.6e+06 2843
LR999943.1 2.6e+06 2.7e+06 4902
LR999943.1 2.7e+06 2.8e+06 770
LR999943.1 2.8e+06 2.9e+06 2950
LR999943.1 2.9e+06 3e+06 3998
LR999943.1 3e+06 3.1e+06 2926
LR999943.1 3.1e+06 3.2e+06 2232
LR999943.1 3.2e+06 3.3e+06 2580
LR999943.1 3.3e+06 3.4e+06 1985
LR999943.1 3.4e+06 3.5e+06 1949
LR999943.1 3.5e+06 3.6e+06 4831
LR999943.1 3.6e+06 3.7e+06 2666
LR999943.1 3.7e+06 3.8e+06 5207
LR999943.1 3.8e+06 3.9e+06 1457
LR999943.1 3.9e+06 4e+06 1649
LR999943.1 4e+06 4.1e+06 1526
LR999943.1 4.1e+06 4.2e+06 3233
LR999943.1 4.2e+06 4.3e+06 7403
LR999943.1 4.3e+06 4.4e+06 1945
LR999943.1 4.4e+06 4.5e+06 1564
LR999943.1 4.5e+06 4.6e+06 2114
LR999943.1 4.6e+06 4.7e+06 2407
LR999943.1 4.7e+06 4.8e+06 1642
LR999943.1 4.8e+06 4.9e+06 487
LR999943.1 4.9e+06 5e+06 1281
LR999943.1 5e+06 5.1e+06 504
LR999943.1 5.1e+06 5.2e+06 2177
LR999943.1 5.2e+06 5.3e+06 686
LR999943.1 5.3e+06 5.4e+06 2663
LR999943.1 5.4e+06 5.5e+06 3221
LR999943.1 5.5e+06 5.6e+06 3843
LR999943.1 5.6e+06 5.7e+06 3213
LR999943.1 5.7e+06 5.8e+06 1421
LR999943.1 5.8e+06 5.9e+06 2735
LR999943.1 5.9e+06 6e+06 2044
LR999943.1 6e+06 6.1e+06 2047
LR999943.1 6.1e+06 6.2e+06 1769
LR999943.1 6.2e+06 6.3e+06 1540
LR999943.1 6.3e+06 6.4e+06 1783
LR999943.1 6.4e+06 6.5e+06 2413
LR999943.1 6.5e+06 6.6e+06 2181
LR999943.1 6.6e+06 6.7e+06 2683
LR999943.1 6.7e+06 6.8e+06 2202
LR999943.1 6.8e+06 6.9e+06 1075
LR999943.1 6.9e+06 7e+06 689
LR999943.1 7e+06 7.1e+06 4744
LR999943.1 7.1e+06 7.2e+06 2949
LR999943.1 7.2e+06 7.3e+06 4262
LR999943.1 7.3e+06 7.4e+06 2403
LR999943.1 7.4e+06 7.5e+06 1322
LR999943.1 7.5e+06 7.6e+06 2163
LR999943.1 7.6e+06 7.7e+06 2235
LR999943.1 7.7e+06 7.8e+06 1072
LR999943.1 7.8e+06 7.9e+06 783
LR999943.1 7.9e+06 8e+06 1670
LR999943.1 8e+06 8.1e+06 1899
LR999943.1 8.1e+06 8.2e+06 1072
LR999943.1 8.2e+06 8.3e+06 2149
LR999943.1 8.3e+06 8.4e+06 2041
LR999943.1 8.4e+06 8.5e+06 4169
LR999943.1 8.5e+06 8.6e+06 2500
LR999943.1 8.6e+06 8.7e+06 3913
LR999943.1 8.7e+06 8.8e+06 3420
LR999943.1 8.8e+06 8.9e+06 3229
LR999943.1 8.9e+06 9e+06 5430
LR999943.1 9e+06 9.1e+06 975
LR999943.1 9.1e+06 9.2e+06 1542
LR999943.1 9.2e+06 9.3e+06 3115
LR999943.1 9.3e+06 9.4e+06 2842
LR999943.1 9.4e+06 9.5e+06 2325
LR999943.1 9.5e+06 9.6e+06 4356
LR999943.1 9.6e+06 9.7e+06 4075
LR999943.1 9.7e+06 9.8e+06 4314
LR999943.1 9.8e+06 9.9e+06 2599
LR999943.1 9.9e+06 1e+07 2623
LR999943.1 1e+07 1.01e+07 2322
LR999943.1 1.01e+07 1.02e+07 1014
LR999943.1 1.02e+07 1.03e+07 1988
LR999943.1 1.03e+07 1.04e+07 3996
LR999943.1 1.04e+07 1.05e+07 1240
LR999943.1 1.05e+07 1.06e+07 2953
LR999943.1 1.06e+07 1.07e+07 3632
LR999943.1 1.07e+07 1.08e+07 1973
LR999943.1 1.08e+07 1.09e+07 1767
LR999943.1 1.09e+07 1.1e+07 4003
LR999943.1 1.1e+07 1.11e+07 3624
LR999943.1 1.11e+07 1.12e+07 3912
LR999943.1 1.12e+07 1.13e+07 4251
LR999943.1 1.13e+07 1.14e+07 4116
LR999943.1 1.14e+07 1.15e+07 1604
LR999943.1 1.15e+07 1.16e+07 4297
LR999943.1 1.16e+07 1.17e+07 4972
LR999943.1 1.17e+07 1.18e+07 1773
LR999943.1 1.18e+07 1.19e+07 3898
LR999943.1 1.19e+07 1.2e+07 6181
LR999943.1 1.2e+07 1.21e+07 4327
LR999943.1 1.21e+07 1.22e+07 1661
LR999943.1 1.22e+07 1.23e+07 2317
LR999943.1 1.23e+07 1.24e+07 5980
LR999943.1 1.24e+07 1.25e+07 2125
LR999943.1 1.25e+07 1.26e+07 1171
LR999943.1 1.26e+07 1.27e+07 2572
LR999943.1 1.27e+07 1.28e+07 3131
LR999943.1 1.28e+07 1.29e+07 542
LR999943.1 1.29e+07 1.3e+07 2756
LR999943.1 1.3e+07 1.31e+07 1763
LR999943.1 1.31e+07 1.32e+07 1682
LR999943.1 1.32e+07 13236624 107
