LR999951.1 1 100000 3777
LR999951.1 100001 200000 2661
LR999951.1 200001 300000 6020
LR999951.1 300001 400000 3631
LR999951.1 400001 500000 3251
LR999951.1 500001 600000 1293
LR999951.1 600001 700000 2018
LR999951.1 700001 800000 2840
LR999951.1 800001 900000 3365
LR999951.1 900001 1e+06 3865
LR999951.1 1e+06 1.1e+06 3161
LR999951.1 1.1e+06 1.2e+06 6371
LR999951.1 1.2e+06 1.3e+06 2849
LR999951.1 1.3e+06 1.4e+06 3273
LR999951.1 1.4e+06 1.5e+06 2317
LR999951.1 1.5e+06 1.6e+06 2260
LR999951.1 1.6e+06 1.7e+06 5625
LR999951.1 1.7e+06 1.8e+06 4119
LR999951.1 1.8e+06 1.9e+06 3913
LR999951.1 1.9e+06 2e+06 5338
LR999951.1 2e+06 2.1e+06 4300
LR999951.1 2.1e+06 2.2e+06 2178
LR999951.1 2.2e+06 2.3e+06 6643
LR999951.1 2.3e+06 2.4e+06 7852
LR999951.1 2.4e+06 2.5e+06 3872
LR999951.1 2.5e+06 2.6e+06 4064
LR999951.1 2.6e+06 2.7e+06 2844
LR999951.1 2.7e+06 2.8e+06 1579
LR999951.1 2.8e+06 2.9e+06 1191
LR999951.1 2.9e+06 3e+06 4233
LR999951.1 3e+06 3.1e+06 2012
LR999951.1 3.1e+06 3.2e+06 5239
LR999951.1 3.2e+06 3.3e+06 3421
LR999951.1 3.3e+06 3.4e+06 3421
LR999951.1 3.4e+06 3.5e+06 2894
LR999951.1 3.5e+06 3.6e+06 3582
LR999951.1 3.6e+06 3.7e+06 3965
LR999951.1 3.7e+06 3.8e+06 515
LR999951.1 3.8e+06 3.9e+06 3062
LR999951.1 3.9e+06 4e+06 3016
LR999951.1 4e+06 4.1e+06 2276
LR999951.1 4.1e+06 4.2e+06 3439
LR999951.1 4.2e+06 4.3e+06 2083
LR999951.1 4.3e+06 4.4e+06 5208
LR999951.1 4.4e+06 4.5e+06 3609
LR999951.1 4.5e+06 4.6e+06 2543
LR999951.1 4.6e+06 4.7e+06 2818
LR999951.1 4.7e+06 4.8e+06 3959
LR999951.1 4.8e+06 4.9e+06 4933
LR999951.1 4.9e+06 5e+06 1226
LR999951.1 5e+06 5.1e+06 1887
LR999951.1 5.1e+06 5.2e+06 4354
LR999951.1 5.2e+06 5.3e+06 3358
LR999951.1 5.3e+06 5.4e+06 5336
LR999951.1 5.4e+06 5.5e+06 1821
LR999951.1 5.5e+06 5.6e+06 5510
LR999951.1 5.6e+06 5.7e+06 4998
LR999951.1 5.7e+06 5.8e+06 2495
LR999951.1 5.8e+06 5.9e+06 3248
LR999951.1 5.9e+06 6e+06 3929
LR999951.1 6e+06 6.1e+06 3337
LR999951.1 6.1e+06 6.2e+06 2236
LR999951.1 6.2e+06 6.3e+06 5470
LR999951.1 6.3e+06 6.4e+06 4403
LR999951.1 6.4e+06 6.5e+06 3326
LR999951.1 6.5e+06 6.6e+06 5497
LR999951.1 6.6e+06 6.7e+06 2110
LR999951.1 6.7e+06 6.8e+06 4199
LR999951.1 6.8e+06 6.9e+06 10212
LR999951.1 6.9e+06 7e+06 4914
LR999951.1 7e+06 7.1e+06 5703
LR999951.1 7.1e+06 7.2e+06 5030
LR999951.1 7.2e+06 7.3e+06 2600
LR999951.1 7.3e+06 7.4e+06 3774
LR999951.1 7.4e+06 7.5e+06 2862
LR999951.1 7.5e+06 7.6e+06 5991
LR999951.1 7.6e+06 7.7e+06 2408
LR999951.1 7.7e+06 7.8e+06 5159
LR999951.1 7.8e+06 7.9e+06 5009
LR999951.1 7.9e+06 8e+06 1105
LR999951.1 8e+06 8.1e+06 2166
LR999951.1 8.1e+06 8.2e+06 5197
LR999951.1 8.2e+06 8.3e+06 1325
LR999951.1 8.3e+06 8.4e+06 9256
LR999951.1 8.4e+06 8.5e+06 1939
LR999951.1 8.5e+06 8.6e+06 4285
LR999951.1 8.6e+06 8.7e+06 8138
LR999951.1 8.7e+06 8.8e+06 2885
LR999951.1 8.8e+06 8.9e+06 581
LR999951.1 8.9e+06 9e+06 1752
LR999951.1 9e+06 9.1e+06 4535
LR999951.1 9.1e+06 9.2e+06 4419
LR999951.1 9.2e+06 9.3e+06 1776
LR999951.1 9.3e+06 9.4e+06 1263
LR999951.1 9.4e+06 9.5e+06 1390
LR999951.1 9.5e+06 9.6e+06 3425
LR999951.1 9.6e+06 9.7e+06 2208
LR999951.1 9.7e+06 9.8e+06 3753
LR999951.1 9.8e+06 9839934 
