LR999941.1 1 100000 1836
LR999941.1 100001 200000 2621
LR999941.1 200001 300000 2143
LR999941.1 300001 400000 954
LR999941.1 400001 500000 1893
LR999941.1 500001 600000 1634
LR999941.1 600001 700000 1730
LR999941.1 700001 800000 443
LR999941.1 800001 900000 2465
LR999941.1 900001 1e+06 1067
LR999941.1 1e+06 1.1e+06 1606
LR999941.1 1.1e+06 1.2e+06 2125
LR999941.1 1.2e+06 1.3e+06 3215
LR999941.1 1.3e+06 1.4e+06 2646
LR999941.1 1.4e+06 1.5e+06 3085
LR999941.1 1.5e+06 1.6e+06 3077
LR999941.1 1.6e+06 1.7e+06 2848
LR999941.1 1.7e+06 1.8e+06 4691
LR999941.1 1.8e+06 1.9e+06 1339
LR999941.1 1.9e+06 2e+06 1720
LR999941.1 2e+06 2.1e+06 2355
LR999941.1 2.1e+06 2.2e+06 3323
LR999941.1 2.2e+06 2.3e+06 2111
LR999941.1 2.3e+06 2.4e+06 3179
LR999941.1 2.4e+06 2.5e+06 4876
LR999941.1 2.5e+06 2.6e+06 5686
LR999941.1 2.6e+06 2.7e+06 2110
LR999941.1 2.7e+06 2.8e+06 3587
LR999941.1 2.8e+06 2.9e+06 3868
LR999941.1 2.9e+06 3e+06 2604
LR999941.1 3e+06 3.1e+06 7254
LR999941.1 3.1e+06 3.2e+06 1424
LR999941.1 3.2e+06 3.3e+06 1476
LR999941.1 3.3e+06 3.4e+06 840
LR999941.1 3.4e+06 3.5e+06 2570
LR999941.1 3.5e+06 3.6e+06 950
LR999941.1 3.6e+06 3.7e+06 3960
LR999941.1 3.7e+06 3.8e+06 4085
LR999941.1 3.8e+06 3.9e+06 4163
LR999941.1 3.9e+06 4e+06 1779
LR999941.1 4e+06 4.1e+06 970
LR999941.1 4.1e+06 4.2e+06 1944
LR999941.1 4.2e+06 4.3e+06 2695
LR999941.1 4.3e+06 4.4e+06 5743
LR999941.1 4.4e+06 4.5e+06 2792
LR999941.1 4.5e+06 4.6e+06 2289
LR999941.1 4.6e+06 4.7e+06 2745
LR999941.1 4.7e+06 4.8e+06 967
LR999941.1 4.8e+06 4.9e+06 1274
LR999941.1 4.9e+06 5e+06 657
LR999941.1 5e+06 5.1e+06 1268
LR999941.1 5.1e+06 5.2e+06 5891
LR999941.1 5.2e+06 5.3e+06 1810
LR999941.1 5.3e+06 5.4e+06 2520
LR999941.1 5.4e+06 5.5e+06 934
LR999941.1 5.5e+06 5.6e+06 1519
LR999941.1 5.6e+06 5.7e+06 93
LR999941.1 5.7e+06 5.8e+06 92
LR999941.1 5.8e+06 5.9e+06 470
LR999941.1 5.9e+06 6e+06 853
LR999941.1 6e+06 6.1e+06 3180
LR999941.1 6.1e+06 6.2e+06 878
LR999941.1 6.2e+06 6.3e+06 4014
LR999941.1 6.3e+06 6.4e+06 2712
LR999941.1 6.4e+06 6.5e+06 2549
LR999941.1 6.5e+06 6.6e+06 2019
LR999941.1 6.6e+06 6.7e+06 2615
LR999941.1 6.7e+06 6.8e+06 2422
LR999941.1 6.8e+06 6.9e+06 1756
LR999941.1 6.9e+06 7e+06 2182
LR999941.1 7e+06 7.1e+06 4503
LR999941.1 7.1e+06 7.2e+06 1888
LR999941.1 7.2e+06 7.3e+06 2675
LR999941.1 7.3e+06 7.4e+06 2774
LR999941.1 7.4e+06 7.5e+06 1489
LR999941.1 7.5e+06 7.6e+06 3192
LR999941.1 7.6e+06 7.7e+06 4604
LR999941.1 7.7e+06 7.8e+06 1780
LR999941.1 7.8e+06 7.9e+06 2158
LR999941.1 7.9e+06 8e+06 1978
LR999941.1 8e+06 8.1e+06 4039
LR999941.1 8.1e+06 8.2e+06 422
LR999941.1 8.2e+06 8.3e+06 1031
LR999941.1 8.3e+06 8.4e+06 1518
LR999941.1 8.4e+06 8.5e+06 814
LR999941.1 8.5e+06 8.6e+06 2544
LR999941.1 8.6e+06 8.7e+06 1901
LR999941.1 8.7e+06 8.8e+06 2952
LR999941.1 8.8e+06 8.9e+06 1498
LR999941.1 8.9e+06 9e+06 4029
LR999941.1 9e+06 9.1e+06 1133
LR999941.1 9.1e+06 9.2e+06 3183
LR999941.1 9.2e+06 9.3e+06 2728
LR999941.1 9.3e+06 9.4e+06 3596
LR999941.1 9.4e+06 9.5e+06 1643
LR999941.1 9.5e+06 9.6e+06 2746
LR999941.1 9.6e+06 9.7e+06 1019
LR999941.1 9.7e+06 9.8e+06 1118
LR999941.1 9.8e+06 9.9e+06 1704
LR999941.1 9.9e+06 1e+07 1153
LR999941.1 1e+07 1.01e+07 2572
LR999941.1 1.01e+07 1.02e+07 1504
LR999941.1 1.02e+07 1.03e+07 2229
LR999941.1 1.03e+07 1.04e+07 1307
LR999941.1 1.04e+07 1.05e+07 2258
LR999941.1 1.05e+07 1.06e+07 2233
LR999941.1 1.06e+07 1.07e+07 2273
LR999941.1 1.07e+07 1.08e+07 156
LR999941.1 1.08e+07 1.09e+07 989
LR999941.1 1.09e+07 1.1e+07 3165
LR999941.1 1.1e+07 1.11e+07 3354
LR999941.1 1.11e+07 1.12e+07 2967
LR999941.1 1.12e+07 1.13e+07 1729
LR999941.1 1.13e+07 1.14e+07 1983
LR999941.1 1.14e+07 1.15e+07 2519
LR999941.1 1.15e+07 1.16e+07 3810
LR999941.1 1.16e+07 1.17e+07 2953
LR999941.1 1.17e+07 1.18e+07 5845
LR999941.1 1.18e+07 1.19e+07 2347
LR999941.1 1.19e+07 1.2e+07 1949
LR999941.1 1.2e+07 1.21e+07 4507
LR999941.1 1.21e+07 1.22e+07 2398
LR999941.1 1.22e+07 1.23e+07 1017
LR999941.1 1.23e+07 1.24e+07 3054
LR999941.1 1.24e+07 1.25e+07 1969
LR999941.1 1.25e+07 1.26e+07 6375
LR999941.1 1.26e+07 1.27e+07 5560
LR999941.1 1.27e+07 1.28e+07 1935
LR999941.1 1.28e+07 1.29e+07 1609
LR999941.1 1.29e+07 1.3e+07 979
LR999941.1 1.3e+07 1.31e+07 3644
LR999941.1 1.31e+07 1.32e+07 5574
LR999941.1 1.32e+07 1.33e+07 3669
LR999941.1 1.33e+07 1.34e+07 2497
LR999941.1 1.34e+07 1.35e+07 2829
LR999941.1 1.35e+07 1.36e+07 1499
LR999941.1 1.36e+07 1.37e+07 1467
LR999941.1 1.37e+07 13774036 554
