LR999945.1 1 100000 566
LR999945.1 100001 200000 938
LR999945.1 200001 300000 2129
LR999945.1 300001 400000 4219
LR999945.1 400001 500000 2667
LR999945.1 500001 600000 1110
LR999945.1 600001 700000 2407
LR999945.1 700001 800000 4671
LR999945.1 800001 900000 3711
LR999945.1 900001 1e+06 16090
LR999945.1 1e+06 1.1e+06 3912
LR999945.1 1.1e+06 1.2e+06 645
LR999945.1 1.2e+06 1.3e+06 410
LR999945.1 1.3e+06 1.4e+06 814
LR999945.1 1.4e+06 1.5e+06 2553
LR999945.1 1.5e+06 1.6e+06 2940
LR999945.1 1.6e+06 1.7e+06 3084
LR999945.1 1.7e+06 1.8e+06 3156
LR999945.1 1.8e+06 1.9e+06 3347
LR999945.1 1.9e+06 2e+06 2991
LR999945.1 2e+06 2.1e+06 4320
LR999945.1 2.1e+06 2.2e+06 2514
LR999945.1 2.2e+06 2.3e+06 3011
LR999945.1 2.3e+06 2.4e+06 4102
LR999945.1 2.4e+06 2.5e+06 1872
LR999945.1 2.5e+06 2.6e+06 1201
LR999945.1 2.6e+06 2.7e+06 1939
LR999945.1 2.7e+06 2.8e+06 4849
LR999945.1 2.8e+06 2.9e+06 4757
LR999945.1 2.9e+06 3e+06 4040
LR999945.1 3e+06 3.1e+06 4723
LR999945.1 3.1e+06 3.2e+06 2723
LR999945.1 3.2e+06 3.3e+06 2408
LR999945.1 3.3e+06 3.4e+06 11
LR999945.1 3.4e+06 3.5e+06 2439
LR999945.1 3.5e+06 3.6e+06 2919
LR999945.1 3.6e+06 3.7e+06 3123
LR999945.1 3.7e+06 3.8e+06 1477
LR999945.1 3.8e+06 3.9e+06 5470
LR999945.1 3.9e+06 4e+06 3261
LR999945.1 4e+06 4.1e+06 1234
LR999945.1 4.1e+06 4.2e+06 3432
LR999945.1 4.2e+06 4.3e+06 2416
LR999945.1 4.3e+06 4.4e+06 1017
LR999945.1 4.4e+06 4.5e+06 983
LR999945.1 4.5e+06 4.6e+06 1298
LR999945.1 4.6e+06 4.7e+06 2773
LR999945.1 4.7e+06 4.8e+06 3077
LR999945.1 4.8e+06 4.9e+06 1726
LR999945.1 4.9e+06 5e+06 4725
LR999945.1 5e+06 5.1e+06 1288
LR999945.1 5.1e+06 5.2e+06 1345
LR999945.1 5.2e+06 5.3e+06 4200
LR999945.1 5.3e+06 5.4e+06 2121
LR999945.1 5.4e+06 5.5e+06 4734
LR999945.1 5.5e+06 5.6e+06 4604
LR999945.1 5.6e+06 5.7e+06 1512
LR999945.1 5.7e+06 5.8e+06 1231
LR999945.1 5.8e+06 5.9e+06 3677
LR999945.1 5.9e+06 6e+06 6358
LR999945.1 6e+06 6.1e+06 7279
LR999945.1 6.1e+06 6.2e+06 3766
LR999945.1 6.2e+06 6.3e+06 2943
LR999945.1 6.3e+06 6.4e+06 4582
LR999945.1 6.4e+06 6.5e+06 1184
LR999945.1 6.5e+06 6.6e+06 2042
LR999945.1 6.6e+06 6.7e+06 1308
LR999945.1 6.7e+06 6.8e+06 3509
LR999945.1 6.8e+06 6.9e+06 2288
LR999945.1 6.9e+06 7e+06 4532
LR999945.1 7e+06 7.1e+06 3988
LR999945.1 7.1e+06 7.2e+06 1389
LR999945.1 7.2e+06 7.3e+06 1051
LR999945.1 7.3e+06 7.4e+06 2965
LR999945.1 7.4e+06 7.5e+06 6137
LR999945.1 7.5e+06 7.6e+06 560
LR999945.1 7.6e+06 7.7e+06 1966
LR999945.1 7.7e+06 7.8e+06 1609
LR999945.1 7.8e+06 7.9e+06 6195
LR999945.1 7.9e+06 8e+06 4609
LR999945.1 8e+06 8.1e+06 2270
LR999945.1 8.1e+06 8.2e+06 3362
LR999945.1 8.2e+06 8.3e+06 1303
LR999945.1 8.3e+06 8.4e+06 3697
LR999945.1 8.4e+06 8.5e+06 2698
LR999945.1 8.5e+06 8.6e+06 2248
LR999945.1 8.6e+06 8.7e+06 3842
LR999945.1 8.7e+06 8.8e+06 671
LR999945.1 8.8e+06 8.9e+06 3831
LR999945.1 8.9e+06 9e+06 1769
LR999945.1 9e+06 9.1e+06 2248
LR999945.1 9.1e+06 9.2e+06 4769
LR999945.1 9.2e+06 9.3e+06 747
LR999945.1 9.3e+06 9.4e+06 4152
LR999945.1 9.4e+06 9.5e+06 2321
LR999945.1 9.5e+06 9.6e+06 1311
LR999945.1 9.6e+06 9.7e+06 3128
LR999945.1 9.7e+06 9.8e+06 3809
LR999945.1 9.8e+06 9.9e+06 1212
LR999945.1 9.9e+06 1e+07 2381
LR999945.1 1e+07 1.01e+07 5852
LR999945.1 1.01e+07 1.02e+07 733
LR999945.1 1.02e+07 1.03e+07 2250
LR999945.1 1.03e+07 1.04e+07 1570
LR999945.1 1.04e+07 1.05e+07 1957
LR999945.1 1.05e+07 1.06e+07 3678
LR999945.1 1.06e+07 1.07e+07 4532
LR999945.1 1.07e+07 1.08e+07 1546
LR999945.1 1.08e+07 1.09e+07 2856
LR999945.1 1.09e+07 1.1e+07 2713
LR999945.1 1.1e+07 1.11e+07 2801
LR999945.1 1.11e+07 1.12e+07 2878
LR999945.1 1.12e+07 1.13e+07 2072
LR999945.1 1.13e+07 1.14e+07 3177
LR999945.1 1.14e+07 1.15e+07 3114
LR999945.1 1.15e+07 1.16e+07 1164
LR999945.1 1.16e+07 1.17e+07 5400
LR999945.1 1.17e+07 1.18e+07 2280
LR999945.1 1.18e+07 1.19e+07 1700
LR999945.1 1.19e+07 1.2e+07 1338
LR999945.1 1.2e+07 1.21e+07 2224
LR999945.1 1.21e+07 1.22e+07 2582
LR999945.1 1.22e+07 1.23e+07 2682
LR999945.1 1.23e+07 1.24e+07 1718
LR999945.1 1.24e+07 1.25e+07 3192
LR999945.1 1.25e+07 1.26e+07 1139
LR999945.1 1.26e+07 1.27e+07 1369
LR999945.1 1.27e+07 1.28e+07 802
LR999945.1 1.28e+07 12861081 927
