LR999944.1 1 100000 1831
LR999944.1 100001 200000 11593
LR999944.1 200001 300000 6087
LR999944.1 300001 400000 2292
LR999944.1 400001 500000 3614
LR999944.1 500001 600000 1436
LR999944.1 600001 700000 2473
LR999944.1 700001 800000 3103
LR999944.1 800001 900000 2556
LR999944.1 900001 1e+06 5550
LR999944.1 1e+06 1.1e+06 2910
LR999944.1 1.1e+06 1.2e+06 2161
LR999944.1 1.2e+06 1.3e+06 2743
LR999944.1 1.3e+06 1.4e+06 4234
LR999944.1 1.4e+06 1.5e+06 2414
LR999944.1 1.5e+06 1.6e+06 2444
LR999944.1 1.6e+06 1.7e+06 4115
LR999944.1 1.7e+06 1.8e+06 2442
LR999944.1 1.8e+06 1.9e+06 4321
LR999944.1 1.9e+06 2e+06 7887
LR999944.1 2e+06 2.1e+06 7916
LR999944.1 2.1e+06 2.2e+06 2103
LR999944.1 2.2e+06 2.3e+06 4376
LR999944.1 2.3e+06 2.4e+06 13519
LR999944.1 2.4e+06 2.5e+06 14648
LR999944.1 2.5e+06 2.6e+06 28168
LR999944.1 2.6e+06 2.7e+06 28268
LR999944.1 2.7e+06 2.8e+06 14184
LR999944.1 2.8e+06 2.9e+06 6256
LR999944.1 2.9e+06 3e+06 2740
LR999944.1 3e+06 3.1e+06 4160
LR999944.1 3.1e+06 3.2e+06 2163
LR999944.1 3.2e+06 3.3e+06 5479
LR999944.1 3.3e+06 3.4e+06 5104
LR999944.1 3.4e+06 3.5e+06 2158
LR999944.1 3.5e+06 3.6e+06 2692
LR999944.1 3.6e+06 3.7e+06 3136
LR999944.1 3.7e+06 3.8e+06 4600
LR999944.1 3.8e+06 3.9e+06 1633
LR999944.1 3.9e+06 4e+06 1740
LR999944.1 4e+06 4.1e+06 5223
LR999944.1 4.1e+06 4.2e+06 1295
LR999944.1 4.2e+06 4.3e+06 2601
LR999944.1 4.3e+06 4.4e+06 5650
LR999944.1 4.4e+06 4.5e+06 2434
LR999944.1 4.5e+06 4.6e+06 3509
LR999944.1 4.6e+06 4.7e+06 4492
LR999944.1 4.7e+06 4.8e+06 6030
LR999944.1 4.8e+06 4.9e+06 3673
LR999944.1 4.9e+06 5e+06 12209
LR999944.1 5e+06 5.1e+06 3710
LR999944.1 5.1e+06 5.2e+06 1757
LR999944.1 5.2e+06 5.3e+06 890
LR999944.1 5.3e+06 5.4e+06 3601
LR999944.1 5.4e+06 5.5e+06 3850
LR999944.1 5.5e+06 5.6e+06 2721
LR999944.1 5.6e+06 5.7e+06 3293
LR999944.1 5.7e+06 5.8e+06 2858
LR999944.1 5.8e+06 5.9e+06 1925
LR999944.1 5.9e+06 6e+06 1349
LR999944.1 6e+06 6.1e+06 1824
LR999944.1 6.1e+06 6.2e+06 1917
LR999944.1 6.2e+06 6.3e+06 2160
LR999944.1 6.3e+06 6.4e+06 2866
LR999944.1 6.4e+06 6.5e+06 4385
LR999944.1 6.5e+06 6.6e+06 5710
LR999944.1 6.6e+06 6.7e+06 3156
LR999944.1 6.7e+06 6.8e+06 2180
LR999944.1 6.8e+06 6.9e+06 5114
LR999944.1 6.9e+06 7e+06 6355
LR999944.1 7e+06 7.1e+06 7650
LR999944.1 7.1e+06 7.2e+06 4041
LR999944.1 7.2e+06 7.3e+06 11755
LR999944.1 7.3e+06 7.4e+06 4892
LR999944.1 7.4e+06 7.5e+06 10578
LR999944.1 7.5e+06 7.6e+06 4165
LR999944.1 7.6e+06 7.7e+06 3942
LR999944.1 7.7e+06 7.8e+06 1237
LR999944.1 7.8e+06 7.9e+06 3585
LR999944.1 7.9e+06 8e+06 940
LR999944.1 8e+06 8.1e+06 2764
LR999944.1 8.1e+06 8.2e+06 4403
LR999944.1 8.2e+06 8.3e+06 2853
LR999944.1 8.3e+06 8.4e+06 3069
LR999944.1 8.4e+06 8.5e+06 3458
LR999944.1 8.5e+06 8.6e+06 4212
LR999944.1 8.6e+06 8.7e+06 1450
LR999944.1 8.7e+06 8.8e+06 2863
LR999944.1 8.8e+06 8.9e+06 2031
LR999944.1 8.9e+06 9e+06 7439
LR999944.1 9e+06 9.1e+06 1429
LR999944.1 9.1e+06 9.2e+06 1467
LR999944.1 9.2e+06 9.3e+06 3375
LR999944.1 9.3e+06 9.4e+06 4469
LR999944.1 9.4e+06 9.5e+06 5183
LR999944.1 9.5e+06 9.6e+06 3121
LR999944.1 9.6e+06 9.7e+06 3755
LR999944.1 9.7e+06 9.8e+06 3058
LR999944.1 9.8e+06 9.9e+06 2517
LR999944.1 9.9e+06 1e+07 2720
LR999944.1 1e+07 1.01e+07 3174
LR999944.1 1.01e+07 1.02e+07 2483
LR999944.1 1.02e+07 1.03e+07 11935
LR999944.1 1.03e+07 1.04e+07 21290
LR999944.1 1.04e+07 1.05e+07 9939
LR999944.1 1.05e+07 1.06e+07 14161
LR999944.1 1.06e+07 1.07e+07 11339
LR999944.1 1.07e+07 1.08e+07 2707
LR999944.1 1.08e+07 1.09e+07 4572
LR999944.1 1.09e+07 1.1e+07 8128
LR999944.1 1.1e+07 1.11e+07 1391
LR999944.1 1.11e+07 1.12e+07 1627
LR999944.1 1.12e+07 1.13e+07 3136
LR999944.1 1.13e+07 1.14e+07 3409
LR999944.1 1.14e+07 1.15e+07 2404
LR999944.1 1.15e+07 1.16e+07 4211
LR999944.1 1.16e+07 1.17e+07 5410
LR999944.1 1.17e+07 1.18e+07 1382
LR999944.1 1.18e+07 1.19e+07 1027
LR999944.1 1.19e+07 1.2e+07 1096
LR999944.1 1.2e+07 1.21e+07 2333
LR999944.1 1.21e+07 1.22e+07 1237
LR999944.1 1.22e+07 1.23e+07 1577
LR999944.1 1.23e+07 1.24e+07 557
LR999944.1 1.24e+07 1.25e+07 1397
LR999944.1 1.25e+07 1.26e+07 1068
LR999944.1 1.26e+07 1.27e+07 1500
LR999944.1 1.27e+07 1.28e+07 2415
LR999944.1 1.28e+07 1.29e+07 2267
LR999944.1 1.29e+07 12933853 4025
