LR999931.1 1 100000 636
LR999931.1 100001 200000 3031
LR999931.1 200001 300000 2173
LR999931.1 300001 400000 1478
LR999931.1 400001 500000 3417
LR999931.1 500001 600000 2623
LR999931.1 600001 700000 2933
LR999931.1 700001 800000 4511
LR999931.1 800001 900000 675
LR999931.1 900001 1e+06 2396
LR999931.1 1e+06 1.1e+06 1577
LR999931.1 1.1e+06 1.2e+06 3803
LR999931.1 1.2e+06 1.3e+06 4605
LR999931.1 1.3e+06 1.4e+06 3104
LR999931.1 1.4e+06 1.5e+06 2002
LR999931.1 1.5e+06 1.6e+06 1885
LR999931.1 1.6e+06 1.7e+06 1959
LR999931.1 1.7e+06 1.8e+06 2269
LR999931.1 1.8e+06 1.9e+06 954
LR999931.1 1.9e+06 2e+06 3032
LR999931.1 2e+06 2.1e+06 1458
LR999931.1 2.1e+06 2.2e+06 1965
LR999931.1 2.2e+06 2.3e+06 3177
LR999931.1 2.3e+06 2.4e+06 3740
LR999931.1 2.4e+06 2.5e+06 3136
LR999931.1 2.5e+06 2.6e+06 2994
LR999931.1 2.6e+06 2.7e+06 3187
LR999931.1 2.7e+06 2.8e+06 2993
LR999931.1 2.8e+06 2.9e+06 3623
LR999931.1 2.9e+06 3e+06 4310
LR999931.1 3e+06 3.1e+06 3151
LR999931.1 3.1e+06 3.2e+06 1912
LR999931.1 3.2e+06 3.3e+06 1128
LR999931.1 3.3e+06 3.4e+06 2942
LR999931.1 3.4e+06 3.5e+06 4019
LR999931.1 3.5e+06 3.6e+06 2674
LR999931.1 3.6e+06 3.7e+06 2179
LR999931.1 3.7e+06 3.8e+06 2381
LR999931.1 3.8e+06 3.9e+06 2575
LR999931.1 3.9e+06 4e+06 3011
LR999931.1 4e+06 4.1e+06 1685
LR999931.1 4.1e+06 4.2e+06 1656
LR999931.1 4.2e+06 4.3e+06 837
LR999931.1 4.3e+06 4.4e+06 1602
LR999931.1 4.4e+06 4.5e+06 2683
LR999931.1 4.5e+06 4.6e+06 1028
LR999931.1 4.6e+06 4.7e+06 1000
LR999931.1 4.7e+06 4.8e+06 313
LR999931.1 4.8e+06 4.9e+06 245
LR999931.1 4.9e+06 5e+06 1635
LR999931.1 5e+06 5.1e+06 565
LR999931.1 5.1e+06 5.2e+06 2512
LR999931.1 5.2e+06 5.3e+06 2629
LR999931.1 5.3e+06 5.4e+06 1556
LR999931.1 5.4e+06 5.5e+06 2164
LR999931.1 5.5e+06 5.6e+06 1602
LR999931.1 5.6e+06 5.7e+06 2217
LR999931.1 5.7e+06 5.8e+06 2807
LR999931.1 5.8e+06 5.9e+06 1863
LR999931.1 5.9e+06 6e+06 3410
LR999931.1 6e+06 6.1e+06 1573
LR999931.1 6.1e+06 6.2e+06 165
LR999931.1 6.2e+06 6.3e+06 1677
LR999931.1 6.3e+06 6.4e+06 793
LR999931.1 6.4e+06 6.5e+06 3154
LR999931.1 6.5e+06 6.6e+06 2993
LR999931.1 6.6e+06 6.7e+06 3680
LR999931.1 6.7e+06 6.8e+06 5207
LR999931.1 6.8e+06 6.9e+06 777
LR999931.1 6.9e+06 7e+06 1290
LR999931.1 7e+06 7.1e+06 1256
LR999931.1 7.1e+06 7.2e+06 4270
LR999931.1 7.2e+06 7.3e+06 2583
LR999931.1 7.3e+06 7.4e+06 1509
LR999931.1 7.4e+06 7.5e+06 932
LR999931.1 7.5e+06 7.6e+06 4475
LR999931.1 7.6e+06 7.7e+06 2171
LR999931.1 7.7e+06 7.8e+06 887
LR999931.1 7.8e+06 7.9e+06 7530
LR999931.1 7.9e+06 8e+06 1070
LR999931.1 8e+06 8.1e+06 2681
LR999931.1 8.1e+06 8.2e+06 1070
LR999931.1 8.2e+06 8.3e+06 2385
LR999931.1 8.3e+06 8.4e+06 4188
LR999931.1 8.4e+06 8.5e+06 3877
LR999931.1 8.5e+06 8.6e+06 910
LR999931.1 8.6e+06 8.7e+06 506
LR999931.1 8.7e+06 8.8e+06 1195
LR999931.1 8.8e+06 8.9e+06 295
LR999931.1 8.9e+06 9e+06 475
LR999931.1 9e+06 9.1e+06 1401
LR999931.1 9.1e+06 9.2e+06 307
LR999931.1 9.2e+06 9.3e+06 1036
LR999931.1 9.3e+06 9.4e+06 1808
LR999931.1 9.4e+06 9.5e+06 2905
LR999931.1 9.5e+06 9.6e+06 1522
LR999931.1 9.6e+06 9.7e+06 
LR999931.1 9.7e+06 9.8e+06 3507
LR999931.1 9.8e+06 9.9e+06 1338
LR999931.1 9.9e+06 1e+07 728
LR999931.1 1e+07 1.01e+07 1134
LR999931.1 1.01e+07 1.02e+07 2978
LR999931.1 1.02e+07 1.03e+07 382
LR999931.1 1.03e+07 1.04e+07 1001
LR999931.1 1.04e+07 1.05e+07 1360
LR999931.1 1.05e+07 1.06e+07 1633
LR999931.1 1.06e+07 1.07e+07 1429
LR999931.1 1.07e+07 1.08e+07 2355
LR999931.1 1.08e+07 1.09e+07 2408
LR999931.1 1.09e+07 1.1e+07 450
LR999931.1 1.1e+07 1.11e+07 1779
LR999931.1 1.11e+07 1.12e+07 2358
LR999931.1 1.12e+07 1.13e+07 1243
LR999931.1 1.13e+07 1.14e+07 1333
LR999931.1 1.14e+07 1.15e+07 553
LR999931.1 1.15e+07 1.16e+07 2109
LR999931.1 1.16e+07 1.17e+07 2196
LR999931.1 1.17e+07 1.18e+07 2544
LR999931.1 1.18e+07 1.19e+07 3296
LR999931.1 1.19e+07 1.2e+07 2364
LR999931.1 1.2e+07 1.21e+07 1589
LR999931.1 1.21e+07 1.22e+07 3416
LR999931.1 1.22e+07 1.23e+07 1823
LR999931.1 1.23e+07 1.24e+07 3592
LR999931.1 1.24e+07 1.25e+07 5873
LR999931.1 1.25e+07 1.26e+07 5381
LR999931.1 1.26e+07 1.27e+07 3825
LR999931.1 1.27e+07 1.28e+07 3828
LR999931.1 1.28e+07 1.29e+07 2829
LR999931.1 1.29e+07 1.3e+07 1560
LR999931.1 1.3e+07 1.31e+07 545
LR999931.1 1.31e+07 1.32e+07 3651
LR999931.1 1.32e+07 1.33e+07 401
LR999931.1 1.33e+07 1.34e+07 854
LR999931.1 1.34e+07 1.35e+07 1441
LR999931.1 1.35e+07 1.36e+07 1844
LR999931.1 1.36e+07 1.37e+07 3212
LR999931.1 1.37e+07 1.38e+07 6093
LR999931.1 1.38e+07 1.39e+07 2385
LR999931.1 1.39e+07 1.4e+07 2175
LR999931.1 1.4e+07 1.41e+07 1091
LR999931.1 1.41e+07 1.42e+07 1319
LR999931.1 1.42e+07 1.43e+07 2862
LR999931.1 1.43e+07 1.44e+07 3416
LR999931.1 1.44e+07 1.45e+07 1353
LR999931.1 1.45e+07 1.46e+07 1207
LR999931.1 1.46e+07 1.47e+07 1301
LR999931.1 1.47e+07 1.48e+07 1886
LR999931.1 1.48e+07 1.49e+07 2713
LR999931.1 1.49e+07 1.5e+07 1171
LR999931.1 1.5e+07 1.51e+07 1235
LR999931.1 1.51e+07 1.52e+07 452
LR999931.1 1.52e+07 1.53e+07 1831
LR999931.1 1.53e+07 1.54e+07 468
LR999931.1 1.54e+07 1.55e+07 350
LR999931.1 1.55e+07 15572524 761
