LR999932.1 1 100000 1786
LR999932.1 100001 200000 2694
LR999932.1 200001 300000 5279
LR999932.1 300001 400000 3574
LR999932.1 400001 500000 3133
LR999932.1 500001 600000 3247
LR999932.1 600001 700000 2721
LR999932.1 700001 800000 3633
LR999932.1 800001 900000 4561
LR999932.1 900001 1e+06 2855
LR999932.1 1e+06 1.1e+06 4387
LR999932.1 1.1e+06 1.2e+06 3978
LR999932.1 1.2e+06 1.3e+06 1603
LR999932.1 1.3e+06 1.4e+06 1858
LR999932.1 1.4e+06 1.5e+06 1051
LR999932.1 1.5e+06 1.6e+06 1698
LR999932.1 1.6e+06 1.7e+06 3174
LR999932.1 1.7e+06 1.8e+06 972
LR999932.1 1.8e+06 1.9e+06 1949
LR999932.1 1.9e+06 2e+06 2588
LR999932.1 2e+06 2.1e+06 2001
LR999932.1 2.1e+06 2.2e+06 4020
LR999932.1 2.2e+06 2.3e+06 1557
LR999932.1 2.3e+06 2.4e+06 4746
LR999932.1 2.4e+06 2.5e+06 6556
LR999932.1 2.5e+06 2.6e+06 3270
LR999932.1 2.6e+06 2.7e+06 2596
LR999932.1 2.7e+06 2.8e+06 3193
LR999932.1 2.8e+06 2.9e+06 2866
LR999932.1 2.9e+06 3e+06 5714
LR999932.1 3e+06 3.1e+06 2854
LR999932.1 3.1e+06 3.2e+06 3501
LR999932.1 3.2e+06 3.3e+06 3730
LR999932.1 3.3e+06 3.4e+06 2666
LR999932.1 3.4e+06 3.5e+06 3544
LR999932.1 3.5e+06 3.6e+06 3873
LR999932.1 3.6e+06 3.7e+06 3327
LR999932.1 3.7e+06 3.8e+06 5210
LR999932.1 3.8e+06 3.9e+06 5196
LR999932.1 3.9e+06 4e+06 3702
LR999932.1 4e+06 4.1e+06 3885
LR999932.1 4.1e+06 4.2e+06 2205
LR999932.1 4.2e+06 4.3e+06 3637
LR999932.1 4.3e+06 4.4e+06 3639
LR999932.1 4.4e+06 4.5e+06 4502
LR999932.1 4.5e+06 4.6e+06 2051
LR999932.1 4.6e+06 4.7e+06 2301
LR999932.1 4.7e+06 4.8e+06 1831
LR999932.1 4.8e+06 4.9e+06 2632
LR999932.1 4.9e+06 5e+06 5612
LR999932.1 5e+06 5.1e+06 1345
LR999932.1 5.1e+06 5.2e+06 2378
LR999932.1 5.2e+06 5.3e+06 3778
LR999932.1 5.3e+06 5.4e+06 1598
LR999932.1 5.4e+06 5.5e+06 2256
LR999932.1 5.5e+06 5.6e+06 4545
LR999932.1 5.6e+06 5.7e+06 4678
LR999932.1 5.7e+06 5.8e+06 2453
LR999932.1 5.8e+06 5.9e+06 2530
LR999932.1 5.9e+06 6e+06 8341
LR999932.1 6e+06 6.1e+06 4179
LR999932.1 6.1e+06 6.2e+06 4375
LR999932.1 6.2e+06 6.3e+06 1976
LR999932.1 6.3e+06 6.4e+06 4140
LR999932.1 6.4e+06 6.5e+06 1916
LR999932.1 6.5e+06 6.6e+06 4839
LR999932.1 6.6e+06 6.7e+06 2972
LR999932.1 6.7e+06 6.8e+06 3951
LR999932.1 6.8e+06 6.9e+06 2446
LR999932.1 6.9e+06 7e+06 1968
LR999932.1 7e+06 7.1e+06 1179
LR999932.1 7.1e+06 7.2e+06 1325
LR999932.1 7.2e+06 7.3e+06 5852
LR999932.1 7.3e+06 7.4e+06 2589
LR999932.1 7.4e+06 7.5e+06 2570
LR999932.1 7.5e+06 7.6e+06 3015
LR999932.1 7.6e+06 7.7e+06 716
LR999932.1 7.7e+06 7.8e+06 123
LR999932.1 7.8e+06 7.9e+06 1088
LR999932.1 7.9e+06 8e+06 3627
LR999932.1 8e+06 8.1e+06 1525
LR999932.1 8.1e+06 8.2e+06 1587
LR999932.1 8.2e+06 8.3e+06 2560
LR999932.1 8.3e+06 8.4e+06 978
LR999932.1 8.4e+06 8.5e+06 743
LR999932.1 8.5e+06 8.6e+06 533
LR999932.1 8.6e+06 8.7e+06 387
LR999932.1 8.7e+06 8.8e+06 1553
LR999932.1 8.8e+06 8.9e+06 2565
LR999932.1 8.9e+06 9e+06 475
LR999932.1 9e+06 9.1e+06 206
LR999932.1 9.1e+06 9.2e+06 1140
LR999932.1 9.2e+06 9.3e+06 4394
LR999932.1 9.3e+06 9.4e+06 3331
LR999932.1 9.4e+06 9.5e+06 5977
LR999932.1 9.5e+06 9.6e+06 1550
LR999932.1 9.6e+06 9.7e+06 3639
LR999932.1 9.7e+06 9.8e+06 728
LR999932.1 9.8e+06 9.9e+06 752
LR999932.1 9.9e+06 1e+07 2657
LR999932.1 1e+07 1.01e+07 869
LR999932.1 1.01e+07 1.02e+07 2102
LR999932.1 1.02e+07 1.03e+07 861
LR999932.1 1.03e+07 1.04e+07 1190
LR999932.1 1.04e+07 1.05e+07 480
LR999932.1 1.05e+07 1.06e+07 1086
LR999932.1 1.06e+07 1.07e+07 422
LR999932.1 1.07e+07 1.08e+07 1162
LR999932.1 1.08e+07 1.09e+07 1670
LR999932.1 1.09e+07 1.1e+07 1662
LR999932.1 1.1e+07 1.11e+07 3086
LR999932.1 1.11e+07 1.12e+07 866
LR999932.1 1.12e+07 1.13e+07 3407
LR999932.1 1.13e+07 1.14e+07 5684
LR999932.1 1.14e+07 1.15e+07 2582
LR999932.1 1.15e+07 1.16e+07 2943
LR999932.1 1.16e+07 1.17e+07 1629
LR999932.1 1.17e+07 1.18e+07 1680
LR999932.1 1.18e+07 1.19e+07 1297
LR999932.1 1.19e+07 1.2e+07 1383
LR999932.1 1.2e+07 1.21e+07 4277
LR999932.1 1.21e+07 1.22e+07 5743
LR999932.1 1.22e+07 1.23e+07 1750
LR999932.1 1.23e+07 1.24e+07 2504
LR999932.1 1.24e+07 1.25e+07 1117
LR999932.1 1.25e+07 1.26e+07 1999
LR999932.1 1.26e+07 1.27e+07 4249
LR999932.1 1.27e+07 1.28e+07 2820
LR999932.1 1.28e+07 1.29e+07 3750
LR999932.1 1.29e+07 1.3e+07 2660
LR999932.1 1.3e+07 1.31e+07 944
LR999932.1 1.31e+07 1.32e+07 4235
LR999932.1 1.32e+07 1.33e+07 6242
LR999932.1 1.33e+07 1.34e+07 2829
LR999932.1 1.34e+07 1.35e+07 4426
LR999932.1 1.35e+07 1.36e+07 3227
LR999932.1 1.36e+07 1.37e+07 1857
LR999932.1 1.37e+07 1.38e+07 2453
LR999932.1 1.38e+07 1.39e+07 2401
LR999932.1 1.39e+07 1.4e+07 5140
LR999932.1 1.4e+07 1.41e+07 4903
LR999932.1 1.41e+07 1.42e+07 2381
LR999932.1 1.42e+07 1.43e+07 1703
LR999932.1 1.43e+07 1.44e+07 3731
LR999932.1 1.44e+07 1.45e+07 3755
LR999932.1 1.45e+07 1.46e+07 4226
LR999932.1 1.46e+07 1.47e+07 1791
LR999932.1 1.47e+07 1.48e+07 2683
LR999932.1 1.48e+07 1.49e+07 4068
LR999932.1 1.49e+07 1.5e+07 5154
LR999932.1 1.5e+07 1.51e+07 1735
LR999932.1 1.51e+07 1.52e+07 1400
LR999932.1 1.52e+07 1.53e+07 2296
LR999932.1 1.53e+07 1.54e+07 1564
LR999932.1 1.54e+07 15426761 391
