LR999948.1 1 100000 190
LR999948.1 100001 200000 1727
LR999948.1 200001 300000 3458
LR999948.1 300001 400000 1645
LR999948.1 400001 500000 2646
LR999948.1 500001 600000 4665
LR999948.1 600001 700000 3786
LR999948.1 700001 800000 3195
LR999948.1 800001 900000 1634
LR999948.1 900001 1e+06 3420
LR999948.1 1e+06 1.1e+06 3039
LR999948.1 1.1e+06 1.2e+06 6682
LR999948.1 1.2e+06 1.3e+06 2907
LR999948.1 1.3e+06 1.4e+06 2569
LR999948.1 1.4e+06 1.5e+06 3296
LR999948.1 1.5e+06 1.6e+06 4090
LR999948.1 1.6e+06 1.7e+06 3548
LR999948.1 1.7e+06 1.8e+06 4464
LR999948.1 1.8e+06 1.9e+06 5024
LR999948.1 1.9e+06 2e+06 2125
LR999948.1 2e+06 2.1e+06 7201
LR999948.1 2.1e+06 2.2e+06 4479
LR999948.1 2.2e+06 2.3e+06 8095
LR999948.1 2.3e+06 2.4e+06 2675
LR999948.1 2.4e+06 2.5e+06 3279
LR999948.1 2.5e+06 2.6e+06 3907
LR999948.1 2.6e+06 2.7e+06 6169
LR999948.1 2.7e+06 2.8e+06 4906
LR999948.1 2.8e+06 2.9e+06 11153
LR999948.1 2.9e+06 3e+06 5784
LR999948.1 3e+06 3.1e+06 4389
LR999948.1 3.1e+06 3.2e+06 1147
LR999948.1 3.2e+06 3.3e+06 3162
LR999948.1 3.3e+06 3.4e+06 6283
LR999948.1 3.4e+06 3.5e+06 3068
LR999948.1 3.5e+06 3.6e+06 3710
LR999948.1 3.6e+06 3.7e+06 2317
LR999948.1 3.7e+06 3.8e+06 2298
LR999948.1 3.8e+06 3.9e+06 3258
LR999948.1 3.9e+06 4e+06 3731
LR999948.1 4e+06 4.1e+06 3606
LR999948.1 4.1e+06 4.2e+06 4786
LR999948.1 4.2e+06 4.3e+06 1390
LR999948.1 4.3e+06 4.4e+06 2951
LR999948.1 4.4e+06 4.5e+06 1519
LR999948.1 4.5e+06 4.6e+06 3229
LR999948.1 4.6e+06 4.7e+06 5139
LR999948.1 4.7e+06 4.8e+06 3879
LR999948.1 4.8e+06 4.9e+06 1307
LR999948.1 4.9e+06 5e+06 2797
LR999948.1 5e+06 5.1e+06 5729
LR999948.1 5.1e+06 5.2e+06 7720
LR999948.1 5.2e+06 5.3e+06 2362
LR999948.1 5.3e+06 5.4e+06 5163
LR999948.1 5.4e+06 5.5e+06 3514
LR999948.1 5.5e+06 5.6e+06 2377
LR999948.1 5.6e+06 5.7e+06 2246
LR999948.1 5.7e+06 5.8e+06 1944
LR999948.1 5.8e+06 5.9e+06 4739
LR999948.1 5.9e+06 6e+06 3169
LR999948.1 6e+06 6.1e+06 1919
LR999948.1 6.1e+06 6.2e+06 2463
LR999948.1 6.2e+06 6.3e+06 3843
LR999948.1 6.3e+06 6.4e+06 6389
LR999948.1 6.4e+06 6.5e+06 2790
LR999948.1 6.5e+06 6.6e+06 1350
LR999948.1 6.6e+06 6.7e+06 1965
LR999948.1 6.7e+06 6.8e+06 2134
LR999948.1 6.8e+06 6.9e+06 3657
LR999948.1 6.9e+06 7e+06 1405
LR999948.1 7e+06 7.1e+06 2347
LR999948.1 7.1e+06 7.2e+06 3765
LR999948.1 7.2e+06 7.3e+06 1616
LR999948.1 7.3e+06 7.4e+06 2386
LR999948.1 7.4e+06 7.5e+06 2096
LR999948.1 7.5e+06 7.6e+06 3595
LR999948.1 7.6e+06 7.7e+06 3879
LR999948.1 7.7e+06 7.8e+06 2464
LR999948.1 7.8e+06 7.9e+06 3284
LR999948.1 7.9e+06 8e+06 5016
LR999948.1 8e+06 8.1e+06 3724
LR999948.1 8.1e+06 8.2e+06 5297
LR999948.1 8.2e+06 8.3e+06 6030
LR999948.1 8.3e+06 8.4e+06 4469
LR999948.1 8.4e+06 8.5e+06 4721
LR999948.1 8.5e+06 8.6e+06 4032
LR999948.1 8.6e+06 8.7e+06 1284
LR999948.1 8.7e+06 8.8e+06 1459
LR999948.1 8.8e+06 8.9e+06 5530
LR999948.1 8.9e+06 9e+06 1770
LR999948.1 9e+06 9.1e+06 4828
LR999948.1 9.1e+06 9.2e+06 1910
LR999948.1 9.2e+06 9.3e+06 4324
LR999948.1 9.3e+06 9.4e+06 4289
LR999948.1 9.4e+06 9.5e+06 3028
LR999948.1 9.5e+06 9.6e+06 3562
LR999948.1 9.6e+06 9.7e+06 3254
LR999948.1 9.7e+06 9.8e+06 4614
LR999948.1 9.8e+06 9.9e+06 3400
LR999948.1 9.9e+06 1e+07 4462
LR999948.1 1e+07 1.01e+07 2907
LR999948.1 1.01e+07 1.02e+07 5652
LR999948.1 1.02e+07 1.03e+07 2652
LR999948.1 1.03e+07 1.04e+07 7235
LR999948.1 1.04e+07 1.05e+07 477
LR999948.1 1.05e+07 1.06e+07 1938
LR999948.1 1.06e+07 1.07e+07 4853
LR999948.1 1.07e+07 1.08e+07 3239
LR999948.1 1.08e+07 1.09e+07 916
LR999948.1 1.09e+07 1.1e+07 2351
LR999948.1 1.1e+07 1.11e+07 1795
LR999948.1 1.11e+07 1.12e+07 5625
LR999948.1 1.12e+07 1.13e+07 1302
LR999948.1 1.13e+07 11326783 50
