LR999928.1 1 100000 618
LR999928.1 100001 200000 1423
LR999928.1 200001 300000 2712
LR999928.1 300001 400000 2187
LR999928.1 400001 500000 1598
LR999928.1 500001 600000 3541
LR999928.1 600001 700000 2490
LR999928.1 700001 800000 4248
LR999928.1 800001 900000 1888
LR999928.1 900001 1e+06 2952
LR999928.1 1e+06 1.1e+06 2214
LR999928.1 1.1e+06 1.2e+06 4960
LR999928.1 1.2e+06 1.3e+06 789
LR999928.1 1.3e+06 1.4e+06 2553
LR999928.1 1.4e+06 1.5e+06 1885
LR999928.1 1.5e+06 1.6e+06 1985
LR999928.1 1.6e+06 1.7e+06 1669
LR999928.1 1.7e+06 1.8e+06 2858
LR999928.1 1.8e+06 1.9e+06 7337
LR999928.1 1.9e+06 2e+06 1308
LR999928.1 2e+06 2.1e+06 1850
LR999928.1 2.1e+06 2.2e+06 5481
LR999928.1 2.2e+06 2.3e+06 2729
LR999928.1 2.3e+06 2.4e+06 4297
LR999928.1 2.4e+06 2.5e+06 2038
LR999928.1 2.5e+06 2.6e+06 1953
LR999928.1 2.6e+06 2.7e+06 1801
LR999928.1 2.7e+06 2.8e+06 698
LR999928.1 2.8e+06 2.9e+06 2112
LR999928.1 2.9e+06 3e+06 1974
LR999928.1 3e+06 3.1e+06 3015
LR999928.1 3.1e+06 3.2e+06 3106
LR999928.1 3.2e+06 3.3e+06 2166
LR999928.1 3.3e+06 3.4e+06 1420
LR999928.1 3.4e+06 3.5e+06 1249
LR999928.1 3.5e+06 3.6e+06 2143
LR999928.1 3.6e+06 3.7e+06 2759
LR999928.1 3.7e+06 3.8e+06 4323
LR999928.1 3.8e+06 3.9e+06 2313
LR999928.1 3.9e+06 4e+06 4888
LR999928.1 4e+06 4.1e+06 5582
LR999928.1 4.1e+06 4.2e+06 4085
LR999928.1 4.2e+06 4.3e+06 1600
LR999928.1 4.3e+06 4.4e+06 1192
LR999928.1 4.4e+06 4.5e+06 3307
LR999928.1 4.5e+06 4.6e+06 3384
LR999928.1 4.6e+06 4.7e+06 3167
LR999928.1 4.7e+06 4.8e+06 3371
LR999928.1 4.8e+06 4.9e+06 2572
LR999928.1 4.9e+06 5e+06 2811
LR999928.1 5e+06 5.1e+06 2109
LR999928.1 5.1e+06 5.2e+06 3449
LR999928.1 5.2e+06 5.3e+06 3953
LR999928.1 5.3e+06 5.4e+06 2246
LR999928.1 5.4e+06 5.5e+06 451
LR999928.1 5.5e+06 5.6e+06 942
LR999928.1 5.6e+06 5.7e+06 1271
LR999928.1 5.7e+06 5.8e+06 558
LR999928.1 5.8e+06 5.9e+06 934
LR999928.1 5.9e+06 6e+06 1536
LR999928.1 6e+06 6.1e+06 1318
LR999928.1 6.1e+06 6.2e+06 1181
LR999928.1 6.2e+06 6.3e+06 3776
LR999928.1 6.3e+06 6.4e+06 1561
LR999928.1 6.4e+06 6.5e+06 2491
LR999928.1 6.5e+06 6.6e+06 2126
LR999928.1 6.6e+06 6.7e+06 581
LR999928.1 6.7e+06 6.8e+06 1018
LR999928.1 6.8e+06 6.9e+06 1426
LR999928.1 6.9e+06 7e+06 1545
LR999928.1 7e+06 7.1e+06 1004
LR999928.1 7.1e+06 7.2e+06 731
LR999928.1 7.2e+06 7.3e+06 564
LR999928.1 7.3e+06 7.4e+06 1056
LR999928.1 7.4e+06 7.5e+06 2884
LR999928.1 7.5e+06 7.6e+06 2978
LR999928.1 7.6e+06 7.7e+06 2652
LR999928.1 7.7e+06 7.8e+06 437
LR999928.1 7.8e+06 7.9e+06 2385
LR999928.1 7.9e+06 8e+06 1135
LR999928.1 8e+06 8.1e+06 5147
LR999928.1 8.1e+06 8.2e+06 1261
LR999928.1 8.2e+06 8.3e+06 5071
LR999928.1 8.3e+06 8.4e+06 633
LR999928.1 8.4e+06 8.5e+06 3208
LR999928.1 8.5e+06 8.6e+06 600
LR999928.1 8.6e+06 8.7e+06 3490
LR999928.1 8.7e+06 8.8e+06 470
LR999928.1 8.8e+06 8.9e+06 2919
LR999928.1 8.9e+06 9e+06 2851
LR999928.1 9e+06 9.1e+06 2387
LR999928.1 9.1e+06 9.2e+06 931
LR999928.1 9.2e+06 9.3e+06 1755
LR999928.1 9.3e+06 9.4e+06 1742
LR999928.1 9.4e+06 9.5e+06 76
LR999928.1 9.5e+06 9.6e+06 726
LR999928.1 9.6e+06 9.7e+06 1992
LR999928.1 9.7e+06 9.8e+06 487
LR999928.1 9.8e+06 9.9e+06 1334
LR999928.1 9.9e+06 1e+07 3764
LR999928.1 1e+07 1.01e+07 2662
LR999928.1 1.01e+07 1.02e+07 2640
LR999928.1 1.02e+07 1.03e+07 1464
LR999928.1 1.03e+07 1.04e+07 830
LR999928.1 1.04e+07 1.05e+07 2291
LR999928.1 1.05e+07 1.06e+07 632
LR999928.1 1.06e+07 1.07e+07 759
LR999928.1 1.07e+07 1.08e+07 1297
LR999928.1 1.08e+07 1.09e+07 513
LR999928.1 1.09e+07 1.1e+07 991
LR999928.1 1.1e+07 1.11e+07 2437
LR999928.1 1.11e+07 1.12e+07 1467
LR999928.1 1.12e+07 1.13e+07 1359
LR999928.1 1.13e+07 1.14e+07 4310
LR999928.1 1.14e+07 1.15e+07 1716
LR999928.1 1.15e+07 1.16e+07 3482
LR999928.1 1.16e+07 1.17e+07 2690
LR999928.1 1.17e+07 1.18e+07 2004
LR999928.1 1.18e+07 1.19e+07 2963
LR999928.1 1.19e+07 1.2e+07 984
LR999928.1 1.2e+07 1.21e+07 4895
LR999928.1 1.21e+07 1.22e+07 2475
LR999928.1 1.22e+07 1.23e+07 1854
LR999928.1 1.23e+07 1.24e+07 1621
LR999928.1 1.24e+07 1.25e+07 1154
LR999928.1 1.25e+07 1.26e+07 1938
LR999928.1 1.26e+07 1.27e+07 890
LR999928.1 1.27e+07 1.28e+07 2535
LR999928.1 1.28e+07 1.29e+07 2470
LR999928.1 1.29e+07 1.3e+07 1355
LR999928.1 1.3e+07 1.31e+07 2932
LR999928.1 1.31e+07 1.32e+07 1934
LR999928.1 1.32e+07 1.33e+07 1713
LR999928.1 1.33e+07 1.34e+07 5568
LR999928.1 1.34e+07 1.35e+07 2702
LR999928.1 1.35e+07 1.36e+07 907
LR999928.1 1.36e+07 1.37e+07 3188
LR999928.1 1.37e+07 1.38e+07 2838
LR999928.1 1.38e+07 1.39e+07 1754
LR999928.1 1.39e+07 1.4e+07 2328
LR999928.1 1.4e+07 1.41e+07 1470
LR999928.1 1.41e+07 1.42e+07 1345
LR999928.1 1.42e+07 1.43e+07 2137
LR999928.1 1.43e+07 1.44e+07 3477
LR999928.1 1.44e+07 1.45e+07 1142
LR999928.1 1.45e+07 1.46e+07 510
LR999928.1 1.46e+07 1.47e+07 1920
LR999928.1 1.47e+07 1.48e+07 3290
LR999928.1 1.48e+07 1.49e+07 1476
LR999928.1 1.49e+07 1.5e+07 4554
LR999928.1 1.5e+07 1.51e+07 1511
LR999928.1 1.51e+07 1.52e+07 953
LR999928.1 1.52e+07 1.53e+07 2974
LR999928.1 1.53e+07 1.54e+07 1111
LR999928.1 1.54e+07 1.55e+07 1507
LR999928.1 1.55e+07 1.56e+07 2476
LR999928.1 1.56e+07 1.57e+07 769
LR999928.1 1.57e+07 1.58e+07 1456
LR999928.1 1.58e+07 1.59e+07 3165
LR999928.1 1.59e+07 1.6e+07 2996
LR999928.1 1.6e+07 16000791 
