LR999926.1 1 100000 2749
LR999926.1 100001 200000 2335
LR999926.1 200001 300000 1141
LR999926.1 300001 400000 2254
LR999926.1 400001 500000 488
LR999926.1 500001 600000 908
LR999926.1 600001 700000 4213
LR999926.1 700001 800000 2096
LR999926.1 800001 900000 2347
LR999926.1 900001 1e+06 1739
LR999926.1 1e+06 1.1e+06 1114
LR999926.1 1.1e+06 1.2e+06 1387
LR999926.1 1.2e+06 1.3e+06 645
LR999926.1 1.3e+06 1.4e+06 1529
LR999926.1 1.4e+06 1.5e+06 1484
LR999926.1 1.5e+06 1.6e+06 2424
LR999926.1 1.6e+06 1.7e+06 2602
LR999926.1 1.7e+06 1.8e+06 2718
LR999926.1 1.8e+06 1.9e+06 731
LR999926.1 1.9e+06 2e+06 3562
LR999926.1 2e+06 2.1e+06 5857
LR999926.1 2.1e+06 2.2e+06 2031
LR999926.1 2.2e+06 2.3e+06 2380
LR999926.1 2.3e+06 2.4e+06 3606
LR999926.1 2.4e+06 2.5e+06 3494
LR999926.1 2.5e+06 2.6e+06 3643
LR999926.1 2.6e+06 2.7e+06 2546
LR999926.1 2.7e+06 2.8e+06 6588
LR999926.1 2.8e+06 2.9e+06 3400
LR999926.1 2.9e+06 3e+06 2446
LR999926.1 3e+06 3.1e+06 2779
LR999926.1 3.1e+06 3.2e+06 3265
LR999926.1 3.2e+06 3.3e+06 2389
LR999926.1 3.3e+06 3.4e+06 2831
LR999926.1 3.4e+06 3.5e+06 1573
LR999926.1 3.5e+06 3.6e+06 4250
LR999926.1 3.6e+06 3.7e+06 95
LR999926.1 3.7e+06 3.8e+06 2282
LR999926.1 3.8e+06 3.9e+06 1184
LR999926.1 3.9e+06 4e+06 2235
LR999926.1 4e+06 4.1e+06 2959
LR999926.1 4.1e+06 4.2e+06 1639
LR999926.1 4.2e+06 4.3e+06 903
LR999926.1 4.3e+06 4.4e+06 1800
LR999926.1 4.4e+06 4.5e+06 244
LR999926.1 4.5e+06 4.6e+06 247
LR999926.1 4.6e+06 4.7e+06 1210
LR999926.1 4.7e+06 4.8e+06 1475
LR999926.1 4.8e+06 4.9e+06 613
LR999926.1 4.9e+06 5e+06 2439
LR999926.1 5e+06 5.1e+06 3645
LR999926.1 5.1e+06 5.2e+06 2653
LR999926.1 5.2e+06 5.3e+06 980
LR999926.1 5.3e+06 5.4e+06 6608
LR999926.1 5.4e+06 5.5e+06 1472
LR999926.1 5.5e+06 5.6e+06 2828
LR999926.1 5.6e+06 5.7e+06 614
LR999926.1 5.7e+06 5.8e+06 2463
LR999926.1 5.8e+06 5.9e+06 4571
LR999926.1 5.9e+06 6e+06 1301
LR999926.1 6e+06 6.1e+06 1296
LR999926.1 6.1e+06 6.2e+06 796
LR999926.1 6.2e+06 6.3e+06 2598
LR999926.1 6.3e+06 6.4e+06 1547
LR999926.1 6.4e+06 6.5e+06 2334
LR999926.1 6.5e+06 6.6e+06 1484
LR999926.1 6.6e+06 6.7e+06 1976
LR999926.1 6.7e+06 6.8e+06 704
LR999926.1 6.8e+06 6.9e+06 1346
LR999926.1 6.9e+06 7e+06 2226
LR999926.1 7e+06 7.1e+06 2345
LR999926.1 7.1e+06 7.2e+06 2127
LR999926.1 7.2e+06 7.3e+06 2083
LR999926.1 7.3e+06 7.4e+06 3810
LR999926.1 7.4e+06 7.5e+06 874
LR999926.1 7.5e+06 7.6e+06 7912
LR999926.1 7.6e+06 7.7e+06 13796
LR999926.1 7.7e+06 7.8e+06 2328
LR999926.1 7.8e+06 7.9e+06 2731
LR999926.1 7.9e+06 8e+06 2596
LR999926.1 8e+06 8.1e+06 1698
LR999926.1 8.1e+06 8.2e+06 1506
LR999926.1 8.2e+06 8.3e+06 2388
LR999926.1 8.3e+06 8.4e+06 2222
LR999926.1 8.4e+06 8.5e+06 4782
LR999926.1 8.5e+06 8.6e+06 3468
LR999926.1 8.6e+06 8.7e+06 1690
LR999926.1 8.7e+06 8.8e+06 1209
LR999926.1 8.8e+06 8.9e+06 3090
LR999926.1 8.9e+06 9e+06 2374
LR999926.1 9e+06 9.1e+06 1892
LR999926.1 9.1e+06 9.2e+06 971
LR999926.1 9.2e+06 9.3e+06 4369
LR999926.1 9.3e+06 9.4e+06 923
LR999926.1 9.4e+06 9.5e+06 1358
LR999926.1 9.5e+06 9.6e+06 304
LR999926.1 9.6e+06 9.7e+06 2228
LR999926.1 9.7e+06 9.8e+06 3585
LR999926.1 9.8e+06 9.9e+06 1425
LR999926.1 9.9e+06 1e+07 1609
LR999926.1 1e+07 1.01e+07 5888
LR999926.1 1.01e+07 1.02e+07 3042
LR999926.1 1.02e+07 1.03e+07 3000
LR999926.1 1.03e+07 1.04e+07 803
LR999926.1 1.04e+07 1.05e+07 4635
LR999926.1 1.05e+07 1.06e+07 855
LR999926.1 1.06e+07 1.07e+07 2736
LR999926.1 1.07e+07 1.08e+07 1431
LR999926.1 1.08e+07 1.09e+07 1445
LR999926.1 1.09e+07 1.1e+07 4113
LR999926.1 1.1e+07 1.11e+07 1851
LR999926.1 1.11e+07 1.12e+07 2501
LR999926.1 1.12e+07 1.13e+07 1024
LR999926.1 1.13e+07 1.14e+07 2131
LR999926.1 1.14e+07 1.15e+07 3545
LR999926.1 1.15e+07 1.16e+07 2500
LR999926.1 1.16e+07 1.17e+07 1993
LR999926.1 1.17e+07 1.18e+07 931
LR999926.1 1.18e+07 1.19e+07 1915
LR999926.1 1.19e+07 1.2e+07 3986
LR999926.1 1.2e+07 1.21e+07 2273
LR999926.1 1.21e+07 1.22e+07 3827
LR999926.1 1.22e+07 1.23e+07 2438
LR999926.1 1.23e+07 1.24e+07 2560
LR999926.1 1.24e+07 1.25e+07 2870
LR999926.1 1.25e+07 1.26e+07 3324
LR999926.1 1.26e+07 1.27e+07 2889
LR999926.1 1.27e+07 1.28e+07 3895
LR999926.1 1.28e+07 1.29e+07 3683
LR999926.1 1.29e+07 1.3e+07 2509
LR999926.1 1.3e+07 1.31e+07 1393
LR999926.1 1.31e+07 1.32e+07 4294
LR999926.1 1.32e+07 1.33e+07 1090
LR999926.1 1.33e+07 1.34e+07 2238
LR999926.1 1.34e+07 1.35e+07 2143
LR999926.1 1.35e+07 1.36e+07 1725
LR999926.1 1.36e+07 1.37e+07 1949
LR999926.1 1.37e+07 1.38e+07 2819
LR999926.1 1.38e+07 1.39e+07 1987
LR999926.1 1.39e+07 1.4e+07 3113
LR999926.1 1.4e+07 1.41e+07 2533
LR999926.1 1.41e+07 1.42e+07 2237
LR999926.1 1.42e+07 1.43e+07 2894
LR999926.1 1.43e+07 1.44e+07 1567
LR999926.1 1.44e+07 1.45e+07 3894
LR999926.1 1.45e+07 1.46e+07 2002
LR999926.1 1.46e+07 1.47e+07 4079
LR999926.1 1.47e+07 1.48e+07 1551
LR999926.1 1.48e+07 1.49e+07 1952
LR999926.1 1.49e+07 1.5e+07 1248
LR999926.1 1.5e+07 1.51e+07 2622
LR999926.1 1.51e+07 1.52e+07 1905
LR999926.1 1.52e+07 1.53e+07 2315
LR999926.1 1.53e+07 1.54e+07 3770
LR999926.1 1.54e+07 1.55e+07 2575
LR999926.1 1.55e+07 1.56e+07 1151
LR999926.1 1.56e+07 1.57e+07 3631
LR999926.1 1.57e+07 1.58e+07 2713
LR999926.1 1.58e+07 1.59e+07 3031
LR999926.1 1.59e+07 1.6e+07 2009
LR999926.1 1.6e+07 1.61e+07 1574
LR999926.1 1.61e+07 1.62e+07 2077
LR999926.1 1.62e+07 1.63e+07 50
LR999926.1 1.63e+07 16362069 646
