LR999937.1 1 100000 1820
LR999937.1 100001 200000 2860
LR999937.1 200001 300000 601
LR999937.1 300001 400000 2191
LR999937.1 400001 500000 1532
LR999937.1 500001 600000 4274
LR999937.1 600001 700000 1482
LR999937.1 700001 800000 2043
LR999937.1 800001 900000 4946
LR999937.1 900001 1e+06 4560
LR999937.1 1e+06 1.1e+06 3479
LR999937.1 1.1e+06 1.2e+06 2676
LR999937.1 1.2e+06 1.3e+06 3919
LR999937.1 1.3e+06 1.4e+06 2399
LR999937.1 1.4e+06 1.5e+06 2850
LR999937.1 1.5e+06 1.6e+06 2732
LR999937.1 1.6e+06 1.7e+06 6312
LR999937.1 1.7e+06 1.8e+06 3799
LR999937.1 1.8e+06 1.9e+06 6395
LR999937.1 1.9e+06 2e+06 4847
LR999937.1 2e+06 2.1e+06 3679
LR999937.1 2.1e+06 2.2e+06 5691
LR999937.1 2.2e+06 2.3e+06 4320
LR999937.1 2.3e+06 2.4e+06 2664
LR999937.1 2.4e+06 2.5e+06 2186
LR999937.1 2.5e+06 2.6e+06 3031
LR999937.1 2.6e+06 2.7e+06 1992
LR999937.1 2.7e+06 2.8e+06 4198
LR999937.1 2.8e+06 2.9e+06 3922
LR999937.1 2.9e+06 3e+06 3818
LR999937.1 3e+06 3.1e+06 4726
LR999937.1 3.1e+06 3.2e+06 3022
LR999937.1 3.2e+06 3.3e+06 1877
LR999937.1 3.3e+06 3.4e+06 2640
LR999937.1 3.4e+06 3.5e+06 2098
LR999937.1 3.5e+06 3.6e+06 1622
LR999937.1 3.6e+06 3.7e+06 3436
LR999937.1 3.7e+06 3.8e+06 3639
LR999937.1 3.8e+06 3.9e+06 2629
LR999937.1 3.9e+06 4e+06 3051
LR999937.1 4e+06 4.1e+06 844
LR999937.1 4.1e+06 4.2e+06 944
LR999937.1 4.2e+06 4.3e+06 1991
LR999937.1 4.3e+06 4.4e+06 1378
LR999937.1 4.4e+06 4.5e+06 364
LR999937.1 4.5e+06 4.6e+06 1785
LR999937.1 4.6e+06 4.7e+06 5820
LR999937.1 4.7e+06 4.8e+06 661
LR999937.1 4.8e+06 4.9e+06 2049
LR999937.1 4.9e+06 5e+06 2797
LR999937.1 5e+06 5.1e+06 1921
LR999937.1 5.1e+06 5.2e+06 3530
LR999937.1 5.2e+06 5.3e+06 2040
LR999937.1 5.3e+06 5.4e+06 2742
LR999937.1 5.4e+06 5.5e+06 1291
LR999937.1 5.5e+06 5.6e+06 814
LR999937.1 5.6e+06 5.7e+06 1908
LR999937.1 5.7e+06 5.8e+06 1849
LR999937.1 5.8e+06 5.9e+06 1589
LR999937.1 5.9e+06 6e+06 2445
LR999937.1 6e+06 6.1e+06 3999
LR999937.1 6.1e+06 6.2e+06 3587
LR999937.1 6.2e+06 6.3e+06 2026
LR999937.1 6.3e+06 6.4e+06 6871
LR999937.1 6.4e+06 6.5e+06 2452
LR999937.1 6.5e+06 6.6e+06 2099
LR999937.1 6.6e+06 6.7e+06 3710
LR999937.1 6.7e+06 6.8e+06 2595
LR999937.1 6.8e+06 6.9e+06 3247
LR999937.1 6.9e+06 7e+06 3032
LR999937.1 7e+06 7.1e+06 2896
LR999937.1 7.1e+06 7.2e+06 4909
LR999937.1 7.2e+06 7.3e+06 3454
LR999937.1 7.3e+06 7.4e+06 990
LR999937.1 7.4e+06 7.5e+06 7925
LR999937.1 7.5e+06 7.6e+06 2516
LR999937.1 7.6e+06 7.7e+06 1999
LR999937.1 7.7e+06 7.8e+06 4412
LR999937.1 7.8e+06 7.9e+06 547
LR999937.1 7.9e+06 8e+06 1202
LR999937.1 8e+06 8.1e+06 2973
LR999937.1 8.1e+06 8.2e+06 1794
LR999937.1 8.2e+06 8.3e+06 2107
LR999937.1 8.3e+06 8.4e+06 1335
LR999937.1 8.4e+06 8.5e+06 869
LR999937.1 8.5e+06 8.6e+06 2152
LR999937.1 8.6e+06 8.7e+06 1315
LR999937.1 8.7e+06 8.8e+06 2811
LR999937.1 8.8e+06 8.9e+06 1154
LR999937.1 8.9e+06 9e+06 2714
LR999937.1 9e+06 9.1e+06 2311
LR999937.1 9.1e+06 9.2e+06 2474
LR999937.1 9.2e+06 9.3e+06 3038
LR999937.1 9.3e+06 9.4e+06 1328
LR999937.1 9.4e+06 9.5e+06 2243
LR999937.1 9.5e+06 9.6e+06 2823
LR999937.1 9.6e+06 9.7e+06 1717
LR999937.1 9.7e+06 9.8e+06 5621
LR999937.1 9.8e+06 9.9e+06 957
LR999937.1 9.9e+06 1e+07 3960
LR999937.1 1e+07 1.01e+07 1984
LR999937.1 1.01e+07 1.02e+07 951
LR999937.1 1.02e+07 1.03e+07 1368
LR999937.1 1.03e+07 1.04e+07 957
LR999937.1 1.04e+07 1.05e+07 1804
LR999937.1 1.05e+07 1.06e+07 764
LR999937.1 1.06e+07 1.07e+07 3349
LR999937.1 1.07e+07 1.08e+07 2638
LR999937.1 1.08e+07 1.09e+07 1376
LR999937.1 1.09e+07 1.1e+07 1648
LR999937.1 1.1e+07 1.11e+07 1503
LR999937.1 1.11e+07 1.12e+07 1313
LR999937.1 1.12e+07 1.13e+07 2466
LR999937.1 1.13e+07 1.14e+07 3231
LR999937.1 1.14e+07 1.15e+07 748
LR999937.1 1.15e+07 1.16e+07 6565
LR999937.1 1.16e+07 1.17e+07 2098
LR999937.1 1.17e+07 1.18e+07 1461
LR999937.1 1.18e+07 1.19e+07 750
LR999937.1 1.19e+07 1.2e+07 2569
LR999937.1 1.2e+07 1.21e+07 791
LR999937.1 1.21e+07 1.22e+07 2231
LR999937.1 1.22e+07 1.23e+07 3202
LR999937.1 1.23e+07 1.24e+07 3108
LR999937.1 1.24e+07 1.25e+07 4853
LR999937.1 1.25e+07 1.26e+07 2601
LR999937.1 1.26e+07 1.27e+07 2503
LR999937.1 1.27e+07 1.28e+07 2183
LR999937.1 1.28e+07 1.29e+07 1876
LR999937.1 1.29e+07 1.3e+07 2589
LR999937.1 1.3e+07 1.31e+07 2225
LR999937.1 1.31e+07 1.32e+07 3998
LR999937.1 1.32e+07 1.33e+07 1318
LR999937.1 1.33e+07 1.34e+07 1810
LR999937.1 1.34e+07 1.35e+07 1065
LR999937.1 1.35e+07 1.36e+07 4459
LR999937.1 1.36e+07 1.37e+07 2510
LR999937.1 1.37e+07 1.38e+07 3284
LR999937.1 1.38e+07 1.39e+07 2607
LR999937.1 1.39e+07 1.4e+07 1486
LR999937.1 1.4e+07 1.41e+07 803
LR999937.1 1.41e+07 1.42e+07 2698
LR999937.1 1.42e+07 1.43e+07 3207
LR999937.1 1.43e+07 1.44e+07 2739
LR999937.1 1.44e+07 1.45e+07 1191
LR999937.1 1.45e+07 1.46e+07 622
LR999937.1 1.46e+07 14615999 
