chrom     begin  end    count_rpt length_rpt count_SINE length_SINE count_DNA	length_DNA     count_TcM      length_TcM     count_LINE     length_DNA     count_LTR      length_LTR     count_nonLTR   length_nonLTR
LR999944.1	1	100000	179 44879 6 824 11	1565	4	635	16	1565	61	29672	41	17583
LR999944.1	100001	200000	101 10428 14 2135 6	1792	1	1139	2	1792	12	1467	11	1402
LR999944.1	200001	300000	151 23417 23 3827 7	1818	0		11	1818	33	9720	33	9720
LR999944.1	300001	400000	177 39978 21 3478 11	1656	0		4	1656	35	17696	22	5842
LR999944.1	400001	500000	227 35290 39 7101 13	3094	1	92	12	3094	34	8712	30	8330
LR999944.1	500001	600000	192 38209 31 5733 11	942	1	107	20	942	39	10626	33	8197
LR999944.1	600001	700000	227 38961 43 7974 15	1038	0		14	1038	27	11234	25	9420
LR999944.1	700001	800000	231 30810 42 7965 11	982	0		7	982	43	8544	38	8064
LR999944.1	800001	900000	236 29446 33 6391 14	1568	0		13	1568	46	9099	43	8787
LR999944.1	900001	1000000	268 39469 51 9253 23	2594	2	347	13	2594	47	13302	42	9480
LR999944.1	1000001	1100000	201 28907 35 6583 14	1081	0		15	1081	29	10511	27	10371
LR999944.1	1100001	1200000	252 41632 58 10092 9	1923	0		25	1923	41	6006	40	5957
LR999944.1	1200001	1300000	250 29373 55 9699 13	884	1	67	13	884	42	6235	37	5679
LR999944.1	1300001	1400000	201 25919 55 9650 6	541	0		12	541	30	5781	29	5671
LR999944.1	1400001	1500000	251 35436 49 7932 11	2243	2	1609	14	2243	41	8126	37	7744
LR999944.1	1500001	1600000	288 38358 67 9869 12	1054	1	141	17	1054	46	9024	42	8700
LR999944.1	1600001	1700000	221 28817 53 9990 11	1136	0		12	1136	37	6047	32	5602
LR999944.1	1700001	1800000	175 20675 32 6044 11	1050	2	336	7	1050	23	3426	22	3341
LR999944.1	1800001	1900000	228 31916 42 7426 12	829	0		14	829	32	5795	32	5795
LR999944.1	1900001	2000000	250 30755 55 9661 18	4364	6	2545	9	4364	41	4387	37	4083
LR999944.1	2000001	2100000	209 31632 37 6608 11	1298	0		10	1298	35	9428	31	6155
LR999944.1	2100001	2200000	248 31860 55 9504 8	1197	2	649	13	1197	50	10358	49	10260
LR999944.1	2200001	2300000	263 30465 59 10125 13	1324	0		14	1324	34	5084	30	4760
LR999944.1	2300001	2400000	174 36564 7 1827 41	10148	5	2035	10	10148	27	9500	21	6110
LR999944.1	2400001	2500000	129 46904 2 218 35	15834	3	1075	3	15834	47	25168	23	6511
LR999944.1	2500001	2600000	175 36751 6 603 62	18690	7	2012	5	18690	28	6554	18	3594
LR999944.1	2600001	2700000	172 43612 7 674 58	21370	15	2124	2	21370	24	12736	14	7156
LR999944.1	2700001	2800000	195 25905 26 5640 42	6865	5	812	6	6865	20	3410	18	3226
LR999944.1	2800001	2900000	224 32453 38 7664 23	3650	1	590	8	3650	38	10252	28	6409
LR999944.1	2900001	3000000	250 27959 56 10107 19	1963	0		12	1963	31	4613	29	4494
LR999944.1	3000001	3100000	208 27099 50 9143 15	1439	2	156	12	1439	22	5858	18	2367
LR999944.1	3100001	3200000	204 26403 32 6355 10	1314	1	288	9	1314	29	4872	28	4797
LR999944.1	3200001	3300000	189 26296 52 9705 17	3540	5	1675	4	3540	17	3697	16	3654
LR999944.1	3300001	3400000	185 24413 52 8526 11	2365	0		5	2365	24	3763	22	3638
LR999944.1	3400001	3500000	156 16243 32 4914 10	948	0		4	948	11	985	9	806
LR999944.1	3500001	3600000	195 20431 46 7413 13	968	1	43	2	968	16	2042	15	1934
LR999944.1	3600001	3700000	204 22730 48 8815 10	945	0		11	945	18	2568	16	2310
LR999944.1	3700001	3800000	178 22242 38 5980 8	3209	0		8	3209	32	3641	31	3579
LR999944.1	3800001	3900000	238 27965 50 9025 17	1855	0		11	1855	41	7542	35	6764
LR999944.1	3900001	4000000	198 20788 31 5153 8	839	0		8	839	26	4063	26	4063
LR999944.1	4000001	4100000	159 22555 35 6893 16	1514	0		2	1514	10	6093	9	949
LR999944.1	4100001	4200000	156 16230 21 3776 9	1552	0		5	1552	12	1294	10	1144
LR999944.1	4200001	4300000	218 22293 41 7168 16	859	0		8	859	16	1864	15	1821
LR999944.1	4300001	4400000	198 23489 41 7627 22	4422	1	195	8	4422	20	2132	19	2080
LR999944.1	4400001	4500000	174 18729 29 6228 11	1928	0		4	1928	15	2211	15	2211
LR999944.1	4500001	4600000	201 20320 27 4350 15	2769	3	983	5	2769	16	1288	14	1194
LR999944.1	4600001	4700000	243 37314 33 6891 39	7130	0		12	7130	27	4122	27	4122
LR999944.1	4700001	4800000	262 33716 36 6855 26	5270	0		10	5270	29	4386	28	4329
LR999944.1	4800001	4900000	238 28887 23 3905 13	1298	0		16	1298	32	8307	29	8143
LR999944.1	4900001	5000000	159 17700 18 3368 16	2918	0		2	2918	11	1293	11	1293
LR999944.1	5000001	5100000	220 24685 32 5742 19	2248	1	102	14	2248	29	3009	25	2733
LR999944.1	5100001	5200000	206 20361 42 6777 11	767	0		6	767	19	2020	17	1871
LR999944.1	5200001	5300000	213 23850 52 9014 5	448	0		11	448	26	5051	20	3087
LR999944.1	5300001	5400000	193 32030 42 8444 10	2518	2	1599	9	2518	38	11205	27	8747
LR999944.1	5400001	5500000	110 11207 12 2552 6	1391	1	1135	4	1391	14	2054	9	1264
LR999944.1	5500001	5600000	101 10819 19 3928 8	916	0		4	916	6	756	6	756
LR999944.1	5600001	5700000	148 16915 25 5004 14	1972	0		5	1972	12	2354	11	2280
LR999944.1	5700001	5800000	189 21442 29 5768 12	2033	1	1051	11	2033	12	1356	11	1313
LR999944.1	5800001	5900000	163 18030 28 5930 10	739	0		5	739	23	2182	21	2034
LR999944.1	5900001	6000000	164 21458 36 6503 14	1715	3	942	7	1715	23	5414	19	5088
LR999944.1	6000001	6100000	173 17924 35 6537 7	731	0		7	731	13	1507	13	1507
LR999944.1	6100001	6200000	186 22093 34 5512 7	594	0		12	594	21	4733	21	4733
LR999944.1	6200001	6300000	155 17449 23 4678 6	679	1	62	5	679	17	2433	17	2433
LR999944.1	6300001	6400000	162 18599 25 5524 14	1468	1	166	10	1468	16	2218	15	2162
LR999944.1	6400001	6500000	183 34224 17 3100 19	6460	2	275	15	6460	35	12238	22	4972
LR999944.1	6500001	6600000	182 39363 10 2160 23	5638	1	149	1	5638	44	17764	13	3988
LR999944.1	6600001	6700000	171 22915 32 4949 10	1261	3	745	12	1261	24	5120	23	5009
LR999944.1	6700001	6800000	154 19478 28 6450 14	1174	1	48	7	1174	12	2663	11	2619
LR999944.1	6800001	6900000	141 16991 29 6191 14	1807	3	1107	6	1807	9	1982	9	1982
LR999944.1	6900001	7000000	162 29584 29 5853 15	3769	0		1	3769	28	11949	19	2957
LR999944.1	7000001	7100000	146 56540 1 239 20	4548	2	248	4	4548	68	37783	20	9460
LR999944.1	7100001	7200000	150 53702 1 45 6	1181	0		30	1181	60	37319	41	23228
LR999944.1	7200001	7300000	158 40568 15 2402 27	11328	8	2722	7	11328	29	13672	25	12672
LR999944.1	7300001	7400000	204 29512 22 4385 20	4429	2	632	16	4429	22	5900	17	5138
LR999944.1	7400001	7500000	184 39228 38 6591 15	2749	2	258	18	2749	37	18261	26	13123
LR999944.1	7500001	7600000	206 25078 52 10094 11	2765	0		15	2765	22	2232	21	2133
LR999944.1	7600001	7700000	195 31611 40 7376 25	6853	2	580	11	6853	19	5925	17	5824
LR999944.1	7700001	7800000	158 25063 26 5384 8	911	1	68	11	911	20	10037	18	6378
LR999944.1	7800001	7900000	132 16240 22 3828 11	3220	0		7	3220	15	3635	15	3635
LR999944.1	7900001	8000000	126 12919 23 3482 10	684	0		3	684	5	1656	4	1531
LR999944.1	8000001	8100000	150 19198 25 3551 5	1608	0		10	1608	15	2212	13	1861
LR999944.1	8100001	8200000	220 24850 44 8969 8	974	0		10	974	27	4347	24	4168
LR999944.1	8200001	8300000	216 37377 42 8404 15	3214	4	1031	16	3214	29	10412	27	10287
LR999944.1	8300001	8400000	207 25997 35 5975 15	2432	0		12	2432	14	4379	11	3869
LR999944.1	8400001	8500000	193 25510 29 5666 12	1274	0		12	1274	17	3159	15	2956
LR999944.1	8500001	8600000	201 26884 42 8127 24	2178	0		14	2178	17	2414	16	2402
LR999944.1	8600001	8700000	205 25006 35 5834 18	1165	0		3	1165	16	5567	12	5130
LR999944.1	8700001	8800000	201 23923 43 7074 11	2389	0		12	2389	25	3721	23	3547
LR999944.1	8800001	8900000	191 27601 39 5809 12	2268	1	230	17	2268	25	5937	19	2665
LR999944.1	8900001	9000000	121 17249 19 3982 5	2795	2	1230	5	2795	9	3350	6	2896
LR999944.1	9000001	9100000	162 15948 21 3509 17	1292	0		6	1292	8	1030	8	1030
LR999944.1	9100001	9200000	136 15303 22 3834 9	705	0		7	705	13	2728	11	2558
LR999944.1	9200001	9300000	156 20893 30 5835 9	1024	2	98	7	1024	18	3589	15	3341
LR999944.1	9300001	9400000	165 19324 33 5776 12	2880	0		5	2880	16	2166	15	2113
LR999944.1	9400001	9500000	175 31119 22 4376 22	3378	1	57	11	3378	25	10765	20	10456
LR999944.1	9500001	9600000	194 21851 29 5992 11	1158	0		8	1158	20	3283	15	2092
LR999944.1	9600001	9700000	181 25747 34 6837 13	3260	0		3	3260	26	3092	24	2974
LR999944.1	9700001	9800000	192 24310 50 9394 14	1226	1	64	11	1226	19	3524	18	3412
LR999944.1	9800001	9900000	182 22028 37 6912 5	303	0		11	303	25	5036	25	5036
LR999944.1	9900001	10000000	164 19286 39 6972 8	1717	0		8	1717	14	1752	12	1627
LR999944.1	10000001	10100000	172 19843 35 6092 9	1838	0		5	1838	19	2716	18	2658
LR999944.1	10100001	10200000	135 14485 34 6297 9	561	0		3	561	11	1297	11	1297
LR999944.1	10200001	10300000	200 29018 36 7255 27	6876	2	190	9	6876	24	4193	23	4135
LR999944.1	10300001	10400000	166 37493 2 355 63	15881	5	907	3	15881	25	11693	8	1955
LR999944.1	10400001	10500000	148 49182 2 444 24	13191	0		20	13191	48	18815	18	5797
LR999944.1	10500001	10600000	145 39969 1 247 43	16794	1	485	4	16794	27	15575	14	6883
LR999944.1	10600001	10700000	178 42496 13 2433 29	18200	6	1007	10	18200	33	10615	20	8308
LR999944.1	10700001	10800000	177 20180 34 7463 19	1909	0		7	1909	11	1130	9	1025
LR999944.1	10800001	10900000	192 31832 29 4109 36	5266	0		8	5266	32	12351	22	7302
LR999944.1	10900001	11000000	217 31482 28 4923 21	2751	2	650	15	2751	25	7779	18	6626
LR999944.1	11000001	11100000	239 32159 36 6548 14	1189	1	71	15	1189	31	7537	27	6949
LR999944.1	11100001	11200000	215 29536 55 7826 9	811	0		18	811	24	5194	23	5132
LR999944.1	11200001	11300000	193 30677 34 7041 8	1821	0		8	1821	29	10527	21	5428
LR999944.1	11300001	11400000	204 32003 23 4842 22	2748	3	620	10	2748	36	12589	27	8361
LR999944.1	11400001	11500000	194 26547 41 6970 6	437	0		12	437	27	7390	20	2854
LR999944.1	11500001	11600000	216 26780 49 8243 7	2073	1	1586	11	2073	34	5025	30	3901
LR999944.1	11600001	11700000	211 33809 25 5312 23	4626	0		19	4626	27	6742	27	6742
LR999944.1	11700001	11800000	133 18681 22 3624 7	549	0		3	549	13	6591	13	6591
LR999944.1	11800001	11900000	170 20829 22 4301 7	380	0		10	380	19	5481	19	5481
LR999944.1	11900001	12000000	159 17256 21 3727 12	946	0		6	946	7	2131	6	2044
LR999944.1	12000001	12100000	123 15269 20 3004 9	1027	0		3	1027	11	4276	11	4276
LR999944.1	12100001	12200000	130 15804 19 3553 12	1472	0		7	1472	15	3760	15	3760
LR999944.1	12200001	12300000	119 16423 15 2954 7	496	0		4	496	18	7798	15	5859
LR999944.1	12300001	12400000	94 7749 12 1899 4	213	0		3	213	3	540	3	540
LR999944.1	12400001	12500000	108 11979 27 4984 5	1510	1	71	2	1510	4	718	3	654
LR999944.1	12500001	12600000	77 10460 6 1313 4	726	0		9	726	7	4300	7	4300
LR999944.1	12600001	12700000	121 15168 11 1467 7	570	0		6	570	17	2773	14	2604
LR999944.1	12700001	12800000	129 17149 8 1567 11	2399	4	1640	5	2399	17	3176	17	3176
LR999944.1	12800001	12900000	227 31092 12 2425 17	2573	2	575	1	2573	14	5628	10	4942
LR999944.1	12900001	12933853	65 9817 1 301 7	717	0		2	717	7	1500	5	1107
