81533
16750
3534
6128
4109
5859
10325
6959
6732
7654
7727
5740
6762
8123
13688
14442
15067
15750
14986
20055
13283
13915
10855
9636
10155
9563
10649
16200
9990
13031
15776
15739
9792
11276
20155
11340
8959
17833
12242
12081
11078
7423
6496
11769
7673
5191
5907
9556
16049
13628
9355
7323
10310
5827
7988
8846
10834
4422
8668
7294
6168
4261
7035
7379
8060
11967
7138
3780
5337
7103
7853
4130
7380
5748
12300
11737
9216
10266
7195
9323
5545
3594
8577
5297
4667
7422
3331
14908
8754
8846
10153
21523
12476
9054
9220
9670
8815
4496
6152
12423
9235
18954
20695
6022
13220
3758
5094
3141
2188
5541
5555
6227
13037
7804
5080
10188
5082
4542
12042
7051
5576
4542
4057
12514
2896
8798
4744
6312
8565
7037
8282
14065
8377
11842
7848
7924
2062
3770
5401
11213
9707
8571
7135
8250
5938
13545
7837
11267
6661
7867
8730
8697
7920
7882
11921
5856
12358
7466
7340
14398
9119
9911
11412
19471
10784
10497
10793
5674
10035
3846
2116
12828
22532
16671
18561
12312
20649
20860
16247
12732
27754
14197
13074
22189
21114
16746
12880
17407
9255
10078
4550
7786
8378
14614
15676
20306
15172
8996
13357
15761
8996
3602
6111
11468
10494
4731
7331
11080
8106
8445
13715
11900
14623
12019
29292
14383
4944
8633
6652
8312
6841
9674
5915
4834
10269
5486
11122
10738
17150
13291
10926
11100
4065
5566
6351
10822
5746
5163
11550
7453
10937
7899
13896
12616
5859
4307
5383
10958
7260
12525
7468
5416
2445
8576
5674
7300
5649
7257
7335
7175
8077
5159
10094
10226
7451
3061
3641
10351
15996
11875
11446
13796
8788
4284
8388
6443
3401
10501
8962
10462
13179
9263
6588
4907
6478
15476
6355
20342
12433
11702
7857
16714
9840
14557
12154
8587
10885
17912
7082
3990
6951
6022
18239
12342
10872
22631
10366
15981
18328
14039
13818
12107
13941
14364
7714
7069
12055
10094
7208
13354
3519
8428
10901
11983
14357
11022
10814
14215
7688
7581
13513
18104
13602
8667
12848
12830
23845
6190
12719
12024
6823
12402
2831
3104
12065
7202
19783
17904
7965
8697
6217
10681
11934
10945
15052
13195
4313
8029
10616
19444
25458
27078
18702
16182
8130
16989
20695
19408
16273
14798
7249
12250
10660
8660
8119
4588
14306
13694
8797
9936
10392
8206
2609
2292
13248
3939
4027
5544
9560
8818
9170
5100
11364
10892
4138
10702
12869
17924
9727
8408
7202
3456
6170
11052
24430
13434
18651
11676
5368
8728
5805
11699
7982
10260
20649
13745
10987
4867
7346
12648
12341
8368
8672
15625
11676
6747
11687
12905
10407
8050
7433
7541
8135
6045
8286
4456
12641
4339
6184
12800
11860
16982
12063
7275
10167
6322
10377
10031
5780
12463
7181
8203
8544
11292
8801
7335
16145
15146
23391
17582
21552
15008
23865
19441
15407
16651
15952
13268
9366
6915
8373
6960
9530
14416
9689
19848
16210
24957
16217
15907
13869
19518
17849
15998
19743
19160
21080
19709
17400
18775
23282
16914
13245
18946
16755
14435
14543
14814
13376
12087
4855
5174
74228
67321
18018
14398
16801
12260
9210
10242
15290
10085
14388
12807
15777
20848
14157
9761
14059
13641
4968
15931
12488
7620
10981
18058
9533
13338
13881
20992
14893
20188
7592
15094
18873
14728
22961
14232
9369
25032
15855
17683
20553
15354
20328
18320
15748
19557
14928
5158
6872
4648
10343
7197
9875
13426
14229
12498
12413
7176
6012
6046
5539
4677
1372
9635
8942
11806
4782
8265
11093
5340
3828
7676
7439
5354
6601
5668
10494
17280
7542
9716
9899
10793
6442
6348
18889
12268
13180
11732
21774
13261
16056
11884
13416
14986
7581
7812
9917
5793
10049
10835
4941
11201
10603
10475
13949
9971
9538
21411
15024
17660
8976
19752
7623
8385
17288
13597
13697
8233
11214
16649
6312
19794
11339
11669
7633
11881
8242
9775
10740
12680
17755
9699
12798
11993
16280
14789
10676
14157
7930
13563
9255
11267
15605
22010
26073
22487
15696
24766
25082
26152
15963
18552
12412
8200
19787
11462
9540
7554
11233
9498
9857
7388
12391
14328
20470
27503
14730
15616
16021
13752
11215
19200
9461
11924
21913
13678
16347
16966
14081
11632
14548
13462
17767
17532
14860
15723
17558
9879
6590
5532
8099
13521
10435
10150
17631
18418
29596
13396
10146
16146
12960
15041
17009
20453
24513
6970
16966
15062
13346
13574
14989
9214
7473
4312
9563
8338
12651
7825
10292
11843
6840
7985
5858
8057
5915
9943
11256
4294
6842
7264
13272
3243
7486
9155
4484
6492
14519
6157
2757
10302
6132
8875
14676
5110
11527
4706
9722
7467
18951
5251
4502
5566
7764
5001
5297
6447
9217
6796
5568
8572
8912
15941
7245
6726
8525
10967
13424
16934
8872
11302
8469
11731
8376
12151
14458
23812
15833
12009
12276
11049
28353
13772
19690
16796
15186
13588
16504
21366
14368
16234
14745
10993
9805
21273
22589
13596
6155
12075
18964
18394
13975
8806
11801
12527
11039
12102
22290
19046
16584
17344
18025
11371
7920
11234
8233
8666
8852
6556
6185
7062
8825

16201
14486
12163
11733
15403
13641
9283
3996
14353
6957
19850
18316
15522
22010
21298
17995
18693
8417
14517
13707
23221
16127
15832
25146
19723
13500
11491
12883
5644
19521
18753
15506
16464
11906
16209
15225
8971
18656
8074
9360
11953
18554
12182
19629
13163
11957
10203
8740
13404
19117
10666
9408
10273
12774
4520
9611
8790
9192
6096
8839
6263
8733
12860
19069
14162
13078
12888
12035
10174
12138
10697
9013
9349
20854
12419
20472
16051
18535
9635
10641
7273
10685
8988
12303
12442
4925
6370
11228
10278
13554
12705
17645
16173
14457
16843
11652
13745
10531
12985
22558
22604
15533
25318
14504
13867
22634
32745
23110
17502
20283
7746
7173
14536
24152
19582
16714
23616
14212
20195
11798
16556
9282
8558
7895
9145
12864
8316
6147
7790
7789
4434
5991
6553
13416
3964
10858
10387
21034
17819
16091
13453
15890
13105
17354
18175
19304
8074
11660
18715
18692
21838
20487
24482
31290
18842
11691
10728
8467
9984
9072
13370
15049
19970
14596
16537
14526
18547
25297
21377
26330
17846
9670
14495
19937
11732
14355
11822
9927
11488
13919
6288
5586
9920
3020
6563
4503
5260
8367
4756
14308
6927
12184
14473
7701
10115
9048
10993
8153
12245
11131
14701
18711
9249
6458
3318
8786
7530
11477
7242
9084
7254
11502
7793
8098
9778
3925
9667
16648
18753
12827
4515
14922
10700
10594
10748
13645
7682
5574
4571
12751
11639
8788
7388
4901
3725
8829
13791
7365
5689
4429
7388
17675
5655
13127
10330
4831
7389
6614
9175
7404
4464
7436
4292
6606
9696
14445
11623
9988
12114
7240
25071
14334
13190
20598
7072
10149
13737
21283
12540
11322
14638
12448
6828
19476
18427
15042
13585
11113
17972
11781
10200
8438
15035
13646
12501
21490
16697
19802
21973
20570
12441
20744
21005
18228
17198
10303
5988
6034
12869
15050
16003
12749
10019
14427
12732
9155
18436
17560
18789
18791
20482
21893
19827
22284
10147
8131
7291
3499
9346
25660
16782
13934
16508
18869
12302
9686
11745
17539
19403
21244
13132
10381
5562
9749
18165
24612
9475
10627
9130
13909
11542
12563
8354
13039
10980
15812
17673
13242
13256
13195
15399
10416
16089
21996
13945
5895
9626
7956
8733
19075
4899
6838
7064
4336
9434
5713
7068
7276
2833
9715
8228
9045
7187
6331
4850
10909
9309
6044
3227
1689
3060
7835
10788
6504
6692
10111
17834
7224
4523
14621
17808
5113
4804
12565
8388
7503
16011
10597
11411
3760
5136
9291
10463
5907
2790
4550
7559
9759
7310
6484
5086
4808
6383
4331
4028
10827
7236
5079
11596
8530
8256
7396
8227
9127
5544
11155
4469
16127
4252
8072
14797
5943
5669
9800
5823
3325
17311
12203
13480
9077
9468
12671
13527
17600
15536
20207
7228
8780
3605
6592
5296
7636
8346
11659
17291
10669
9619
14766
6315
12257
12833
7286
13068
8877
8810
7124
17164
15861
26793
15121
9994
7483
4733
7182
18819
9649
16797
22559
15390
19080
22389
16138
15458
19375
17754
8264
14335
12701
10766
12862
12381
17246
13586
14852
19951
19484
23391
16650
20453
15397
19247
20444
21962
18543
23936
16787
12794
11758
14958
14270
20432
13158
15686
16098
22864
22548
22711
22689
17572
7955
11966
11450
7830
7423
14914
20508
16238
11364
9901
21217
5773
7294
7478
16950
19713
14819
12667
11644
5557
12491
14741
8511
17184
12241
8120
9257
16395
17393
6527
3614
9466
872
9300
4597
5473
11246
6749
6101
6472
3469
6826
9103
6959
6493
3642
17983
17277
16748
14118
7637
14182
10377
2776
6618
6211
9273
12027
13406
7408
9936
9554
10457
5536
11137
12794
11102
16818
9369
5769
4853
4497
10933
9015
11672
11477
20469
18210
9652
17039
20791
14213
10615
22737
9160
17780
12351
14531
18986
16166
21083
11459
13850
11831
8156
22931
22112
8901
15177
18066
19987
25695
13602
9852
13446
11883
10638
6156
3839
4100
8973
17901
17037
17867
16246
16716
15721
20822
15675
18755
19040
19573
21453
17863
18295
15302
17182
20587
13870
13308
22234
18652
13649
19588
15750
8876
10959
10818
14999
14507
13606
11821
14822
13325
11052
7609
11400
16548
13067
17009
22485
19263
11565
8831
14786
7753
16984
11666
15488
11859
11160
12119
9083
10441
6874
18603
12272
12501
7417
10975
12357
5856
8191
6530
6864
14935
8386
17389
12294
6832
4043
11116
13188
10214
6594
7750
4019
4888
9519
7799
16011
8743
14643
14270
5819
14738
6717
9927
5248
7616
10932
13934
5728
12473
10972
10181
11979
8325
12639
12207
7890
5891
5878
8720
9744
5899
9026
10523
7858
7749
9715
12608
10578
4094
9285
15321
19423
20624
11564
10925
6681
8245
17873
15867
16996
12517
20127
18826
14391
14998
12463
17198
13256
26570
12932
13736
14501
12654
12459
19305
20752
9176
13151
9351
17327
11473
18001
17169
14456
7282
12342
13200
7999
9829
14901
16949
25245
18625
25737
23484
20066
10978
18346
18326
10667
12726
19219
10506
17745
15693
14132
12995
11826
2263
17338
16983
15005
16309
24919
28170
26785
28552
23533
20977
23492
28071
26547
24378
31142
27402
32837
28941
30932
27005
32414
22526
29879
26387
22518
28679
28951
25144
32497
22636
38687
17253
19601
7019
12348
9397
16976
15191
17475
23637
17229
22833
18048
19341
18940
14681
21266
21369
11649
13089
17229
14417
17174
8712
7560
8420
6820
23044
11917
7533
11131
12207
13583
11036
13138
12717
10981
9996
13572
16449
11659
15187
11986
6063
11238
11349
14196
20176
18892
8673
14717
6093
12170
8773
11453
9712
6523
8235
10838
9676
10797
18564
16160
15600
17322
22638
20631
20249
20564
20753
13789
12889
10902
15940
19674
16812
16283
20537
17587
16976
14321
13702
15852
10688
9692
15736
17795
12238
14723
17393
15082
7574
15955
16170
22083
15942
11386
7161
9973
10433
14343
5926
20469
8240
10394
18642
14515
18355
8607
15095
11587
6690
10541
7709
8014
10244
12702
18195
10487
10380
12686
7872
12404
3990
8048
6585
6957
6068
8694
7110
21910
24911
10095
27256
13987
18677
10533
16758
15259
9827
12220
4532
10253
21564
9074
9647
8892
13252
14658
10662
2228
4514
7681
7343
4993
5843
7194
11300
6048
4213
10494
11885
12295
8870
8316
6402
3180
8037
5787
7569
5540
7728
5636
5361
7519
5420
7151
8763
1966
7547
15558
11082
12242
7277
8586
6472
8283
8100
12978
14690
4510
7730
4728
8462
11892
7153
16350
15131
10422
8400
4944
8105
10389
9938
13489
15728
9505
11647
7673
4824
5514
11137
14409
10113
3890
6021
17716
18531
17361
16284
13118
7853
9092
4745
3449
9560
8119
10294
11240
7546
9405
5326
10912
17685
11792
9682
12924
13367
7160
9293
6136
8407
7539
23630
18384
11001
12289
8586
11626
15853
13891
7315
3418
16429
14004
9099
8646
13125
19062
8574
11646
18973
8927
10653
11144
14166
17193
8762
13486
15380
25131
22152
14277
12889
18665
24265
18911
8784
9487
19042
17500
12530
15334
5037
15469
5737
9656
12559
6275
22214
14626
12661
7602
16466
5480
5101
4539
1809
10097
5501
6356
7166
15210
10873
7426
7407
5748
7784
2848
11402
12091
12919
10339
5668
11909
8789
4064
10197
10303
9158
10625
11959
15790
15496
10830
9789
12790
24325
11749
10805
13618
10831
14480
8732
5051
13385
14815
10838
17071
8613
21954
14855
13755
18609
12109
12847
8955
19975
12789
18895
12280
19410
11462
5222
10575
14492
6345
13092
18441
20902
13359
9993
8560
4114
20345
14088
17928
18548
21142
16094
23612
24905
16040
22699
10922
16880
18005
8418
12703
14071
11137
14382
19029
18244
20266
18277
19671
16838
23093
21894
17796
23272
29565
14357
22330
22391
24170
9556
10588
19520
17980
18549
19699
24779
21293
15749
14513
12118
26305
24184
19130
20027
18572
24566
28632
19136
17655
14017
15872
24113
15546
23171
13866
26675
18979
14943
11551
12049
18373
18202
17793
17373
17998
19202
18797
18992
13276
15029
7299
12193
3675
15669
15905
8604
9390
11083
7303
16632
11841
5071
9217
12062
10654
5367
5309
9111
5570
8416
2436
5720
12444
11969
10659
16239
15569
17045
12839
6862
7556
8805
12811
11914
18769
8990
7942
16711
13811
4637
13769
4693
6743
8390
15876
12348
12715
9205
12290
15253
17096
10162
17406
16797
14588
12428
13448
16805
12347
8957
14975
9049
11601
13555
5714
11431
7886
6724
6655
10135
11386
4723
14195
9294
13182
10168
11078
11575
11006
12663
10129
14866
14060
16915
27919
18595
18179
19097
21737
15590
13089
17020
14206
10820
10772
15528
5671
31034
16346
16480
16320
15339
10164
5702
1602
51692
5681
6625
11677
12017
14102
17563
14428
15778
17129
13441
22689
21694
13716
13567
19922
15687
17388
16007
20128
14878
14865
14386
22774
25513
21304
17527
4684
12904
8743
6924
8649
11272
8321
11175
17193
16330
14468
13297
14334
11880
14214
17947
15862
11679
12877
14573
11711
12499
16523
20009
15964
11541
23675
10460
14824
10133
7570
13217
8547
14925
28070
8988
20539
12713
6914
12228
12236
11575
18311
13553
6789
10809
6482
15317
10390
12851
7224
9375
20305
11686
13703
5925
8987
8772
8302
2071
7066
6209
8620
16558
20130
7588
6153
3474
938
5061
5482
1537
3356
3381
2109
3898
5538
5149
7675
3647
16541
15180
22310
16386
18753
13554
6692
6481
7473
7281
3972
5821
3339
4679
25949
17342
21736
18086
14967
11637
10276
10416
13239
17300
10591
9262
20825
18241
8374
10645
14935
19443
14770
12973
14438
14480
5706
12133
16254
742
9763
5901
4633
12180
7267
16923
9641
14390
17717
20808
18715
16857
11574
13278
19392
19746
14792
15495
18725
14872
13350
20176
22507
18555
19832
17759
23229
19108
14375
13325
18339
12130
13119
13026
24844
13607
13541
14502
20889
16014
14461
22382
7465
9551
9404
5116
9825
9353
6645
7838
10820
14195
13949
17994
11700
11770
8809
15457
9477
11584
5097
10619
4883
7593
14672
11936
6731
8323
4729
3781
6652
8503
13326
4442
5484
7209
13840
9119
16130
8867
9333
7690
12252
9520
9964
10716
6450
12260
11795
5846
6008
7225
6940
13216
12290
7956
12701
8618
7479
6973
8130
2453
9150
10433
11390
8679
11813
14792
20778
18131
11789
12477
7521
12920
19212
14577
14536
12486
10015
12659
16739
14147
14221
13647
12540
18029
16874
22462
19124
19328
26149
17746
20600
18665
17092
20927
14893
12440
25404
11495
44840
51298
58750
37944
42394
46989
44602
29194
41869
52607
45930
53341
41644
45321
41088
44893
53166
31540
58496
39308
50159
66320
66315
33468
44440
50088
43003
41233
50509
35860
47246
61192
44010
25077
43491
35866
37373
30307
43026
47726
53862
44480
37981
31287
47874
33382
48081
28005
49859
48607
48801
25341
43398
39389
36204
37246
45871
22434
27207
34088
37864
47100
48794
45672
40610
18179
14900
4295
10800
27940
24580
44220
19716
30897
40533
32268
40397
37138
48016
50624
14316
55897
52305
51927
32701
43869
48964
50876
40255
32329
28704
44165
54109
54106
39914
58605
51660
45161
39135
54750
46994
40982
47186
43896
34403
38043
48054
39824
47264
34725
36203
41540
39601
40262
40288
43498
60316
45011
47401
53112
48468
46856
30800
45597
43811
56273
33461
46697
45179
56175
42723
47373
48881
50985
49500
44908
56248
41487
5387
4765
11073
13234
11261
10324
6745
11933
9576
12877
13213
14365
12133
18347
14327
13505
14229
13743
10215
9399
11148
11481
13813
10587
8110
25880
23600
21685
15896
14935
16933
12028
6798
6297
5828
10615
7442
9453
13381
18071
14587
11012
13807
11313
10067
16926
16556
17935
15173
21767
12929
10167
13679
9653
6247
3011
3712
2040
1337
11432
12382
11593
13192
14710
16190
12256
5225
11685
8696
10531
4982
16230
19533
5486
13795
7194
14803
9800
10170
9206
3912
7323
6932
5371
4236
3707
3306
4809
14963
14596
9739
6106
4434
11519
11957
8817
12516
13827
11191
10408
7786
11970
15984
5893
8417
12428
15903
9287
8228
8985
16443
11223
14768
8981
11876
11358
23486
17450
23732
12396
12657
18665
20327
21729
21028
9753
14638
15303
14441
12517
7748
9587
14766
8597
9443
11665
18833
18215
9290
10476
12103
12746
16384
17035
10239
15820
22816
11039
13028
17032
19172
20947
18183
25318
17256
20230
25391
12604
14545
10156
12390
7025
8521
12838
12687
8903
6643
13016
25493
18813
19387
27497
25727
11975
13869
12442
12126
5308
11826
6653
8173
12583
13369
6180
9660
6246
5372
15959
6749
8723
9849
5507
3847
5767
3708
6124
7455
7064
12662
9474
24924
19090
10028
11003
4567
5358
9283
4354
7836
13834
12689
4813
10262
7447
8058
14035
6340
9136
15962
23796
19667
11173
12828
13699
8981
17985
18241
10001
19382
22364
16070
16399
17728
12946
8988
7159
11202
8222
12702
16610
9779
6506
7210
12399
14920
10844
12501
14435
10341
13133
11378
14603
20244
18920
13667
17646
9640
14384
15568
18569
17044
17618
9820
3828
10999
11169
14365
17791
21924
18133
9852
18588
11150
7168
3534
12464
10678
8186
11184
7140
10675
15713
13809
19831
20918
24550
17361
19556
17559
21328
26888
24900
28179
15288
17615
17972
14543
18927
16140
14162
15099
16560
7893
12506
16454
11701
22679
18517
10879
8892
6712
6759
3962
10674
13605
10806
7384
13505
7628
10456
11943
14049
10731
10092
10904
6097
9795
8102
6896
6873
6804
19630
14609
11074
9397
16378
7729
10076
10466
8832
12443
18907
14296
12629
4165
6955
11215
10267
11563
10823
18953
16002
16818
11961
4394
5832
6362
9569
7248
5407
4296
9883
13338
15495
12133
13807
12987
12151
6958
5951
12296
12361
10309
8038
10923
13265
12201
15711
21014
14301
18254
18589
24184
19381
17849
14643
14655
11438
11512
7093
6393
15796
21936
14377
15558
16615
10160
8541
15852
14154
20154
16986
8557
9151
10386
26352
16706
8420
31075
5900
16006
19257
24681
30237
19620
19231
20776
23948
24854
32811
20796
21293
21279
26090
21286
14481
20725
17596
16210
28301
20840
8294
9431
6484
8776
9682
16881
20011
12618
16377
16175
13271
10006
12425
14726
12996
19304
11768
8610
7147
11669
12299
9849
9621
21636
18123
18336
5940
14091
11550
15052
18868
4838
6001
7804
9972
9903
16320
10394
16136
10161
9303
16853
5830
13710
11256
8867
10719
14911
30244
20646
16157
24914
14611
17281
17300
8585
7799
11644
17504
25585
14040
16732
15322
18657
16690
16643
7661
6624
8072
10227
10431
16395
12288
15404
16775
15335
11839
9642
7864
10286
3341
15246
3794
15987
9131
13335
21782
24136
25083
15518
17798
13698
15536
18985
15501
15118
14722
11680
9629
9434
3268
5387
9376
8817
8277
11618
3433
10282
11518
11038
9178
11084
8586
12262
14625
10988
10483
13996
2504
3877
6944
26112
7894
14990
19837
20672
16790
23843
19233
22279
19387
20958
11559
12721
20400
19197
18313
14054
12901
14223
3858
13087
12803
11312
15585
15579
19222
16769
10981
16994
7794
6284
22663
11537
12424
6267
12652
5824
4638
8136
16492
18809
13237
4822
8218
5405
7489
8665
20456
13448
11374
15827
16146
12100
16499
8047
3731
9626
6137
6971
19679
12712
7197
6812
9891
12883
13847
9278
8829
11580
12394
20263
9893
9219
9543
7310
10269
7179
15731
14132
11830
11210
4604
26917
18528
33907
13548
12378
12884
12927
21055
22193
18600
10719
13617
13006
23449
12240
9767
13197
14267
15240
15936
13874
13451
20355
16786
14374
18741
21170
20253
17685
11810
8921
6747
2475
91264
31682
7898
6620
12941
5278
10090
12606
15433
21474
20149
15747
17988
15429
15520
13539
29762
27079
18215
31180
19518
22404
10669
18222
19984
18560
18681
19200
16059
27619
26404
24175
18913
12052
15323
11960
16561
11813
15531
12149
13716
13342
17271
9467
9319
9585
10147
12978
1969
7998
14629
13917
19320
16021
7268
10761
14173
13210
6766
11107
14271
14737
11166
13990
8568
15063
18023
15425
13133
10267
8298
12995
10081
4699
10583
11067
7893
10199
5648
11897
9406
7821
8682
5161
2839
9227
15721
9972
9010
11833
8849
13265
17409
14000
15205
12819
7535
14332
34152
22162
15837
16312
17641
16637
12638
10291
15065
19475
12782
14061
9211
13767
11649
11432
20463
31023
23737
8764
14497
20562
18986
16058
13817
9435
9958
15424
15772
12232
18167
22812
11841
20223
12884
15476
16143
21499
17545
20763
26293
22433
21996
15226
25118
20878
19623
18819
11606
15150
17700
18574
21404
22429
20680
14239
20022
25643
15674
14425
14458
20333
21125
21445
17101
23225
16954
22250
18882
17032
17886
15919
8121
21874
15227
18885
18420
20951
17684
26058
16333
13490
15175
19987
16720
23268
11073
12398
13192
25179
16165
19716
19662
16877
19998
19361
20103
21331
14619
21238
19561
20383
17964
18572
26315
19415
20215
13117
10807
13302
22681
14443
13453
15933
15113
19098
20017
19472
18015
13436
15320
19702
16955
17375
14615
18573
18747
17342
22583
20585
20470
17130
21418
17241
18041
19948
18621
18326
17711
19994
16236
11233
10485
15650
14714
320
79633
7846
13578
19487
19485
27255
19715
16765
20409
23672
23367
17610
27575
25951
17772
27335
21306
30067
23484
23497
19498
16844
22849
18134
22818
24861
18193
21643
22818
19434
11527
10538
10532
13050
26852
12685
16886
19119
19258
14936
21676
15594
14138
10680
12961
22983
15119
14657
14734
10218
17341
16674
16655
16621
19841
10209
19643
17969
16437
21221
20402
15712
28836
22471
12135
10447
8693
12613
16207
4981
14614
11165
10124
7023
11711
10457
11986
14084
12843
13312
24475
21814
19445
22641
14773
11038
7051
22057
12544
15526
13706
22676
9560
12146
18101
22111
20019
27468
30665
19285
21732
18025
24228
22153
13451
15104
20681
14245
14945
21270
17804
9476
18054
19863
84816
81687
8854
20880
15701
20741
18335
16907
20434
4282
7970
17832
13451
24502
14433
17849
12922
15094
21706
28491
14583
17296
17278
22864
26458
30384
23118
16192
7682
10135
17599
15669
13287
7618
10872
4927
6658
12260
20628
16402
15966
15690
27817
13046
21925
9430
11744
8959
8801
8748
12444
15229
13194
8395
14168
11308
13641
15789
10556
24252
22325
20254
12725
10224
12730
11289
11406
14500
18169
15947
11855
7713
11470
21160
23425
20663
17643
19864
14083
14209
11159
23739
28480
17319
27034
19723
11455
20430
21069
17029
26980
32051
24177
29398
22681
28748
12134
23039
24427
18713
19049
18973
19235
18469
29587
18733
11032
17983
26568
28890
13842
15968
24999
8889
20015
16925
11911
11257
18839
15553
23203
16052
11746
19089
15490
12653
22286
21456
16908
25860
19440
22851
9916
13496
14222
20375
15319
18661
23609
18582
14960
13867
15577
15173
15325
5207
13695
13120
17944
10192
9462
5975
9049
11146
17207
14402
21651
14504
8943
9450
6552
11072
14815
6887
24105
4592
14802
19571
22913
8735
13100
9653
13840
15472
7502
6654
12915
10606
12398
8261
14061
14860
15664
13007
13301
7003
15364
14382
9131
16714
16782
9213
9781
12083
22893
12804
15340
12612
12789
13359
25724
13031
14275
14730
18312
22264
20017
27880
21128
22150
18223
3793
16640
20214
22648
15321
16027
16455
21064
19208
24772
22818
25312
23423
28286
20897
18822
19245
24559
23950
12743
14449
15567
11837
16229
13727
16611
12825
15865
7347
6950
10776
20264
23354
20703
25724
22269
21471
21378
28481
34250
10825
7851
15915
15686
28066
25938
17398
14811
13567
26477
19442
20532
20813
16552
11818
22591
17427
19008
25974
21445
16339
15001
15306
22466
22998
21247
23700
23035
24243
18459
25996
21882
23643
13540
12022
12294
17194
14806
13202
13801
15410
14065
10085
12634
14833
20961
13348
19893
14975
21494
18386
16107
15273
12000
9398
14801
20520
14475
16840
36650
86260
32337
17572
18942
15811
16379
25364
19871
28302
19638
31017
26983
30074
22540
13489
12765
21307
24561
22101
20271
21756
21944
24118
23775
21236
17709
23012
14174
13656
11609
16242
12755
21814
21072
27277
26811
22402
27608
10511
22349
17568
18621
19593
10384
14397
18296
12576
13948
19759
21682
22253
21664
19505
18708
23936
23902
17770
20902
21996
28061
17806
28520
25182
20762
18598
19190
13839
22799
20127
23118
21056
15189
16432
10830
19864
19397
11509
18530
22293
19189
16717
14153
13849
14604
15346
13510
22484
16561
25726
17454
17862
18527
20467
24120
20181
23763
26729
22630
18575
22032
24742
20010
20008
31338
17863
17339
33771
20888
27128
15697
14187
15191
19325
16575
14000
13846
18047
14595
21537
8220
21957
42320
19954
32174
28513
12517
14252
12716
14426
16847
20996
23237
27669
20785
16150
22167
21743
18367
21583
12195
21008
24446
21109
22498
19277
19932
14174
18676
30196
25811
25234
27995
29492
29779
32662
30618
20010
19985
20094
16145
18288
21694
31533
38946
18318
25026
16941
20809
18262
24359
14415
29912
20415
19828
26626
23936
22227
19210
19152
30339
18183
28594
30019
20796
27087
22152
29197
21813
20987
18460
18601
19144
20431
22062
17478
21576
18175
19794
27058
28859
17580
16149
22298
23256
27095
22904
20984
21508
19992
20925
20223
19296
28559
21793
19265
20057
24202
29138
22343
28263
37827
28000
34684
25888
19887
23389
16280
31116
22619
31015
20510
16447
21658
33928
24569
15706
16482
16079
9705
23786
20057
25026
18492
25121
32787
23399
23453
20723
25846
24413
32913
26500
26557
30465
25007
23965
25849
24309
22728
27231
24810
16702
25699
12138
19788
34320
19224
25524
25813
18004
21551
11651
22227
17136
13963
19749
20629
21140
18012
24351
18155
22285
20139
17692
24445
19882
18665
21037
25379
23396
18433
18955
17374
21659
15371
16233
32035
21158
21179
17755
13392
