LR999946.1 1 100000 91264
LR999946.1 100001 200000 31682
LR999946.1 200001 300000 7898
LR999946.1 300001 400000 6620
LR999946.1 400001 500000 12941
LR999946.1 500001 600000 5278
LR999946.1 600001 700000 10090
LR999946.1 700001 800000 12606
LR999946.1 800001 900000 15433
LR999946.1 900001 1e+06 21474
LR999946.1 1e+06 1.1e+06 20149
LR999946.1 1.1e+06 1.2e+06 15747
LR999946.1 1.2e+06 1.3e+06 17988
LR999946.1 1.3e+06 1.4e+06 15429
LR999946.1 1.4e+06 1.5e+06 15520
LR999946.1 1.5e+06 1.6e+06 13539
LR999946.1 1.6e+06 1.7e+06 29762
LR999946.1 1.7e+06 1.8e+06 27079
LR999946.1 1.8e+06 1.9e+06 18215
LR999946.1 1.9e+06 2e+06 31180
LR999946.1 2e+06 2.1e+06 19518
LR999946.1 2.1e+06 2.2e+06 22404
LR999946.1 2.2e+06 2.3e+06 10669
LR999946.1 2.3e+06 2.4e+06 18222
LR999946.1 2.4e+06 2.5e+06 19984
LR999946.1 2.5e+06 2.6e+06 18560
LR999946.1 2.6e+06 2.7e+06 18681
LR999946.1 2.7e+06 2.8e+06 19200
LR999946.1 2.8e+06 2.9e+06 16059
LR999946.1 2.9e+06 3e+06 27619
LR999946.1 3e+06 3.1e+06 26404
LR999946.1 3.1e+06 3.2e+06 24175
LR999946.1 3.2e+06 3.3e+06 18913
LR999946.1 3.3e+06 3.4e+06 12052
LR999946.1 3.4e+06 3.5e+06 15323
LR999946.1 3.5e+06 3.6e+06 11960
LR999946.1 3.6e+06 3.7e+06 16561
LR999946.1 3.7e+06 3.8e+06 11813
LR999946.1 3.8e+06 3.9e+06 15531
LR999946.1 3.9e+06 4e+06 12149
LR999946.1 4e+06 4.1e+06 13716
LR999946.1 4.1e+06 4.2e+06 13342
LR999946.1 4.2e+06 4.3e+06 17271
LR999946.1 4.3e+06 4.4e+06 9467
LR999946.1 4.4e+06 4.5e+06 9319
LR999946.1 4.5e+06 4.6e+06 9585
LR999946.1 4.6e+06 4.7e+06 10147
LR999946.1 4.7e+06 4.8e+06 12978
LR999946.1 4.8e+06 4.9e+06 1969
LR999946.1 4.9e+06 5e+06 7998
LR999946.1 5e+06 5.1e+06 14629
LR999946.1 5.1e+06 5.2e+06 13917
LR999946.1 5.2e+06 5.3e+06 19320
LR999946.1 5.3e+06 5.4e+06 16021
LR999946.1 5.4e+06 5.5e+06 7268
LR999946.1 5.5e+06 5.6e+06 10761
LR999946.1 5.6e+06 5.7e+06 14173
LR999946.1 5.7e+06 5.8e+06 13210
LR999946.1 5.8e+06 5.9e+06 6766
LR999946.1 5.9e+06 6e+06 11107
LR999946.1 6e+06 6.1e+06 14271
LR999946.1 6.1e+06 6.2e+06 14737
LR999946.1 6.2e+06 6.3e+06 11166
LR999946.1 6.3e+06 6.4e+06 13990
LR999946.1 6.4e+06 6.5e+06 8568
LR999946.1 6.5e+06 6.6e+06 15063
LR999946.1 6.6e+06 6.7e+06 18023
LR999946.1 6.7e+06 6.8e+06 15425
LR999946.1 6.8e+06 6.9e+06 13133
LR999946.1 6.9e+06 7e+06 10267
LR999946.1 7e+06 7.1e+06 8298
LR999946.1 7.1e+06 7.2e+06 12995
LR999946.1 7.2e+06 7.3e+06 10081
LR999946.1 7.3e+06 7.4e+06 4699
LR999946.1 7.4e+06 7.5e+06 10583
LR999946.1 7.5e+06 7.6e+06 11067
LR999946.1 7.6e+06 7.7e+06 7893
LR999946.1 7.7e+06 7.8e+06 10199
LR999946.1 7.8e+06 7.9e+06 5648
LR999946.1 7.9e+06 8e+06 11897
LR999946.1 8e+06 8.1e+06 9406
LR999946.1 8.1e+06 8.2e+06 7821
LR999946.1 8.2e+06 8.3e+06 8682
LR999946.1 8.3e+06 8.4e+06 5161
LR999946.1 8.4e+06 8.5e+06 2839
LR999946.1 8.5e+06 8.6e+06 9227
LR999946.1 8.6e+06 8.7e+06 15721
LR999946.1 8.7e+06 8.8e+06 9972
LR999946.1 8.8e+06 8.9e+06 9010
LR999946.1 8.9e+06 9e+06 11833
LR999946.1 9e+06 9.1e+06 8849
LR999946.1 9.1e+06 9.2e+06 13265
LR999946.1 9.2e+06 9.3e+06 17409
LR999946.1 9.3e+06 9.4e+06 14000
LR999946.1 9.4e+06 9.5e+06 15205
LR999946.1 9.5e+06 9.6e+06 12819
LR999946.1 9.6e+06 9.7e+06 7535
LR999946.1 9.7e+06 9.8e+06 14332
LR999946.1 9.8e+06 9.9e+06 34152
LR999946.1 9.9e+06 1e+07 22162
LR999946.1 1e+07 1.01e+07 15837
LR999946.1 1.01e+07 1.02e+07 16312
LR999946.1 1.02e+07 1.03e+07 17641
LR999946.1 1.03e+07 1.04e+07 16637
LR999946.1 1.04e+07 1.05e+07 12638
LR999946.1 1.05e+07 1.06e+07 10291
LR999946.1 1.06e+07 1.07e+07 15065
LR999946.1 1.07e+07 1.08e+07 19475
LR999946.1 1.08e+07 1.09e+07 12782
LR999946.1 1.09e+07 1.1e+07 14061
LR999946.1 1.1e+07 1.11e+07 9211
LR999946.1 1.11e+07 1.12e+07 13767
LR999946.1 1.12e+07 1.13e+07 11649
LR999946.1 1.13e+07 1.14e+07 11432
LR999946.1 1.14e+07 1.15e+07 20463
LR999946.1 1.15e+07 1.16e+07 31023
LR999946.1 1.16e+07 1.17e+07 23737
LR999946.1 1.17e+07 1.18e+07 8764
LR999946.1 1.18e+07 1.19e+07 14497
LR999946.1 1.19e+07 1.2e+07 20562
LR999946.1 1.2e+07 1.21e+07 18986
LR999946.1 1.21e+07 1.22e+07 16058
LR999946.1 1.22e+07 1.23e+07 13817
LR999946.1 1.23e+07 1.24e+07 9435
LR999946.1 1.24e+07 1.25e+07 9958
LR999946.1 1.25e+07 12594674 15424
