LR999944.1 1 100000 31075
LR999944.1 100001 200000 5900
LR999944.1 200001 300000 16006
LR999944.1 300001 400000 19257
LR999944.1 400001 500000 24681
LR999944.1 500001 600000 30237
LR999944.1 600001 700000 19620
LR999944.1 700001 800000 19231
LR999944.1 800001 900000 20776
LR999944.1 900001 1e+06 23948
LR999944.1 1e+06 1.1e+06 24854
LR999944.1 1.1e+06 1.2e+06 32811
LR999944.1 1.2e+06 1.3e+06 20796
LR999944.1 1.3e+06 1.4e+06 21293
LR999944.1 1.4e+06 1.5e+06 21279
LR999944.1 1.5e+06 1.6e+06 26090
LR999944.1 1.6e+06 1.7e+06 21286
LR999944.1 1.7e+06 1.8e+06 14481
LR999944.1 1.8e+06 1.9e+06 20725
LR999944.1 1.9e+06 2e+06 17596
LR999944.1 2e+06 2.1e+06 16210
LR999944.1 2.1e+06 2.2e+06 28301
LR999944.1 2.2e+06 2.3e+06 20840
LR999944.1 2.3e+06 2.4e+06 8294
LR999944.1 2.4e+06 2.5e+06 9431
LR999944.1 2.5e+06 2.6e+06 6484
LR999944.1 2.6e+06 2.7e+06 8776
LR999944.1 2.7e+06 2.8e+06 9682
LR999944.1 2.8e+06 2.9e+06 16881
LR999944.1 2.9e+06 3e+06 20011
LR999944.1 3e+06 3.1e+06 12618
LR999944.1 3.1e+06 3.2e+06 16377
LR999944.1 3.2e+06 3.3e+06 16175
LR999944.1 3.3e+06 3.4e+06 13271
LR999944.1 3.4e+06 3.5e+06 10006
LR999944.1 3.5e+06 3.6e+06 12425
LR999944.1 3.6e+06 3.7e+06 14726
LR999944.1 3.7e+06 3.8e+06 12996
LR999944.1 3.8e+06 3.9e+06 19304
LR999944.1 3.9e+06 4e+06 11768
LR999944.1 4e+06 4.1e+06 8610
LR999944.1 4.1e+06 4.2e+06 7147
LR999944.1 4.2e+06 4.3e+06 11669
LR999944.1 4.3e+06 4.4e+06 12299
LR999944.1 4.4e+06 4.5e+06 9849
LR999944.1 4.5e+06 4.6e+06 9621
LR999944.1 4.6e+06 4.7e+06 21636
LR999944.1 4.7e+06 4.8e+06 18123
LR999944.1 4.8e+06 4.9e+06 18336
LR999944.1 4.9e+06 5e+06 5940
LR999944.1 5e+06 5.1e+06 14091
LR999944.1 5.1e+06 5.2e+06 11550
LR999944.1 5.2e+06 5.3e+06 15052
LR999944.1 5.3e+06 5.4e+06 18868
LR999944.1 5.4e+06 5.5e+06 4838
LR999944.1 5.5e+06 5.6e+06 6001
LR999944.1 5.6e+06 5.7e+06 7804
LR999944.1 5.7e+06 5.8e+06 9972
LR999944.1 5.8e+06 5.9e+06 9903
LR999944.1 5.9e+06 6e+06 16320
LR999944.1 6e+06 6.1e+06 10394
LR999944.1 6.1e+06 6.2e+06 16136
LR999944.1 6.2e+06 6.3e+06 10161
LR999944.1 6.3e+06 6.4e+06 9303
LR999944.1 6.4e+06 6.5e+06 16853
LR999944.1 6.5e+06 6.6e+06 5830
LR999944.1 6.6e+06 6.7e+06 13710
LR999944.1 6.7e+06 6.8e+06 11256
LR999944.1 6.8e+06 6.9e+06 8867
LR999944.1 6.9e+06 7e+06 10719
LR999944.1 7e+06 7.1e+06 14911
LR999944.1 7.1e+06 7.2e+06 30244
LR999944.1 7.2e+06 7.3e+06 20646
LR999944.1 7.3e+06 7.4e+06 16157
LR999944.1 7.4e+06 7.5e+06 24914
LR999944.1 7.5e+06 7.6e+06 14611
LR999944.1 7.6e+06 7.7e+06 17281
LR999944.1 7.7e+06 7.8e+06 17300
LR999944.1 7.8e+06 7.9e+06 8585
LR999944.1 7.9e+06 8e+06 7799
LR999944.1 8e+06 8.1e+06 11644
LR999944.1 8.1e+06 8.2e+06 17504
LR999944.1 8.2e+06 8.3e+06 25585
LR999944.1 8.3e+06 8.4e+06 14040
LR999944.1 8.4e+06 8.5e+06 16732
LR999944.1 8.5e+06 8.6e+06 15322
LR999944.1 8.6e+06 8.7e+06 18657
LR999944.1 8.7e+06 8.8e+06 16690
LR999944.1 8.8e+06 8.9e+06 16643
LR999944.1 8.9e+06 9e+06 7661
LR999944.1 9e+06 9.1e+06 6624
LR999944.1 9.1e+06 9.2e+06 8072
LR999944.1 9.2e+06 9.3e+06 10227
LR999944.1 9.3e+06 9.4e+06 10431
LR999944.1 9.4e+06 9.5e+06 16395
LR999944.1 9.5e+06 9.6e+06 12288
LR999944.1 9.6e+06 9.7e+06 15404
LR999944.1 9.7e+06 9.8e+06 16775
LR999944.1 9.8e+06 9.9e+06 15335
LR999944.1 9.9e+06 1e+07 11839
LR999944.1 1e+07 1.01e+07 9642
LR999944.1 1.01e+07 1.02e+07 7864
LR999944.1 1.02e+07 1.03e+07 10286
LR999944.1 1.03e+07 1.04e+07 3341
LR999944.1 1.04e+07 1.05e+07 15246
LR999944.1 1.05e+07 1.06e+07 3794
LR999944.1 1.06e+07 1.07e+07 15987
LR999944.1 1.07e+07 1.08e+07 9131
LR999944.1 1.08e+07 1.09e+07 13335
LR999944.1 1.09e+07 1.1e+07 21782
LR999944.1 1.1e+07 1.11e+07 24136
LR999944.1 1.11e+07 1.12e+07 25083
LR999944.1 1.12e+07 1.13e+07 15518
LR999944.1 1.13e+07 1.14e+07 17798
LR999944.1 1.14e+07 1.15e+07 13698
LR999944.1 1.15e+07 1.16e+07 15536
LR999944.1 1.16e+07 1.17e+07 18985
LR999944.1 1.17e+07 1.18e+07 15501
LR999944.1 1.18e+07 1.19e+07 15118
LR999944.1 1.19e+07 1.2e+07 14722
LR999944.1 1.2e+07 1.21e+07 11680
LR999944.1 1.21e+07 1.22e+07 9629
LR999944.1 1.22e+07 1.23e+07 9434
LR999944.1 1.23e+07 1.24e+07 3268
LR999944.1 1.24e+07 1.25e+07 5387
LR999944.1 1.25e+07 1.26e+07 9376
LR999944.1 1.26e+07 1.27e+07 8817
LR999944.1 1.27e+07 1.28e+07 8277
LR999944.1 1.28e+07 1.29e+07 11618
LR999944.1 1.29e+07 12933853 3433
