LR999942.1 1 100000 10476
LR999942.1 100001 200000 12103
LR999942.1 200001 300000 12746
LR999942.1 300001 400000 16384
LR999942.1 400001 500000 17035
LR999942.1 500001 600000 10239
LR999942.1 600001 700000 15820
LR999942.1 700001 800000 22816
LR999942.1 800001 900000 11039
LR999942.1 900001 1e+06 13028
LR999942.1 1e+06 1.1e+06 17032
LR999942.1 1.1e+06 1.2e+06 19172
LR999942.1 1.2e+06 1.3e+06 20947
LR999942.1 1.3e+06 1.4e+06 18183
LR999942.1 1.4e+06 1.5e+06 25318
LR999942.1 1.5e+06 1.6e+06 17256
LR999942.1 1.6e+06 1.7e+06 20230
LR999942.1 1.7e+06 1.8e+06 25391
LR999942.1 1.8e+06 1.9e+06 12604
LR999942.1 1.9e+06 2e+06 14545
LR999942.1 2e+06 2.1e+06 10156
LR999942.1 2.1e+06 2.2e+06 12390
LR999942.1 2.2e+06 2.3e+06 7025
LR999942.1 2.3e+06 2.4e+06 8521
LR999942.1 2.4e+06 2.5e+06 12838
LR999942.1 2.5e+06 2.6e+06 12687
LR999942.1 2.6e+06 2.7e+06 8903
LR999942.1 2.7e+06 2.8e+06 6643
LR999942.1 2.8e+06 2.9e+06 13016
LR999942.1 2.9e+06 3e+06 25493
LR999942.1 3e+06 3.1e+06 18813
LR999942.1 3.1e+06 3.2e+06 19387
LR999942.1 3.2e+06 3.3e+06 27497
LR999942.1 3.3e+06 3.4e+06 25727
LR999942.1 3.4e+06 3.5e+06 11975
LR999942.1 3.5e+06 3.6e+06 13869
LR999942.1 3.6e+06 3.7e+06 12442
LR999942.1 3.7e+06 3.8e+06 12126
LR999942.1 3.8e+06 3.9e+06 5308
LR999942.1 3.9e+06 4e+06 11826
LR999942.1 4e+06 4.1e+06 6653
LR999942.1 4.1e+06 4.2e+06 8173
LR999942.1 4.2e+06 4.3e+06 12583
LR999942.1 4.3e+06 4.4e+06 13369
LR999942.1 4.4e+06 4.5e+06 6180
LR999942.1 4.5e+06 4.6e+06 9660
LR999942.1 4.6e+06 4.7e+06 6246
LR999942.1 4.7e+06 4.8e+06 5372
LR999942.1 4.8e+06 4.9e+06 15959
LR999942.1 4.9e+06 5e+06 6749
LR999942.1 5e+06 5.1e+06 8723
LR999942.1 5.1e+06 5.2e+06 9849
LR999942.1 5.2e+06 5.3e+06 5507
LR999942.1 5.3e+06 5.4e+06 3847
LR999942.1 5.4e+06 5.5e+06 5767
LR999942.1 5.5e+06 5.6e+06 3708
LR999942.1 5.6e+06 5.7e+06 6124
LR999942.1 5.7e+06 5.8e+06 7455
LR999942.1 5.8e+06 5.9e+06 7064
LR999942.1 5.9e+06 6e+06 12662
LR999942.1 6e+06 6.1e+06 9474
LR999942.1 6.1e+06 6.2e+06 24924
LR999942.1 6.2e+06 6.3e+06 19090
LR999942.1 6.3e+06 6.4e+06 10028
LR999942.1 6.4e+06 6.5e+06 11003
LR999942.1 6.5e+06 6.6e+06 4567
LR999942.1 6.6e+06 6.7e+06 5358
LR999942.1 6.7e+06 6.8e+06 9283
LR999942.1 6.8e+06 6.9e+06 4354
LR999942.1 6.9e+06 7e+06 7836
LR999942.1 7e+06 7.1e+06 13834
LR999942.1 7.1e+06 7.2e+06 12689
LR999942.1 7.2e+06 7.3e+06 4813
LR999942.1 7.3e+06 7.4e+06 10262
LR999942.1 7.4e+06 7.5e+06 7447
LR999942.1 7.5e+06 7.6e+06 8058
LR999942.1 7.6e+06 7.7e+06 14035
LR999942.1 7.7e+06 7.8e+06 6340
LR999942.1 7.8e+06 7.9e+06 9136
LR999942.1 7.9e+06 8e+06 15962
LR999942.1 8e+06 8.1e+06 23796
LR999942.1 8.1e+06 8.2e+06 19667
LR999942.1 8.2e+06 8.3e+06 11173
LR999942.1 8.3e+06 8.4e+06 12828
LR999942.1 8.4e+06 8.5e+06 13699
LR999942.1 8.5e+06 8.6e+06 8981
LR999942.1 8.6e+06 8.7e+06 17985
LR999942.1 8.7e+06 8.8e+06 18241
LR999942.1 8.8e+06 8.9e+06 10001
LR999942.1 8.9e+06 9e+06 19382
LR999942.1 9e+06 9.1e+06 22364
LR999942.1 9.1e+06 9.2e+06 16070
LR999942.1 9.2e+06 9.3e+06 16399
LR999942.1 9.3e+06 9.4e+06 17728
LR999942.1 9.4e+06 9.5e+06 12946
LR999942.1 9.5e+06 9.6e+06 8988
LR999942.1 9.6e+06 9.7e+06 7159
LR999942.1 9.7e+06 9.8e+06 11202
LR999942.1 9.8e+06 9.9e+06 8222
LR999942.1 9.9e+06 1e+07 12702
LR999942.1 1e+07 1.01e+07 16610
LR999942.1 1.01e+07 1.02e+07 9779
LR999942.1 1.02e+07 1.03e+07 6506
LR999942.1 1.03e+07 1.04e+07 7210
LR999942.1 1.04e+07 1.05e+07 12399
LR999942.1 1.05e+07 1.06e+07 14920
LR999942.1 1.06e+07 1.07e+07 10844
LR999942.1 1.07e+07 1.08e+07 12501
LR999942.1 1.08e+07 1.09e+07 14435
LR999942.1 1.09e+07 1.1e+07 10341
LR999942.1 1.1e+07 1.11e+07 13133
LR999942.1 1.11e+07 1.12e+07 11378
LR999942.1 1.12e+07 1.13e+07 14603
LR999942.1 1.13e+07 1.14e+07 20244
LR999942.1 1.14e+07 1.15e+07 18920
LR999942.1 1.15e+07 1.16e+07 13667
LR999942.1 1.16e+07 1.17e+07 17646
LR999942.1 1.17e+07 1.18e+07 9640
LR999942.1 1.18e+07 1.19e+07 14384
LR999942.1 1.19e+07 1.2e+07 15568
LR999942.1 1.2e+07 1.21e+07 18569
LR999942.1 1.21e+07 1.22e+07 17044
LR999942.1 1.22e+07 1.23e+07 17618
LR999942.1 1.23e+07 1.24e+07 9820
LR999942.1 1.24e+07 1.25e+07 3828
LR999942.1 1.25e+07 1.26e+07 10999
LR999942.1 1.26e+07 1.27e+07 11169
LR999942.1 1.27e+07 1.28e+07 14365
LR999942.1 1.28e+07 1.29e+07 17791
LR999942.1 1.29e+07 1.3e+07 21924
LR999942.1 1.3e+07 1.31e+07 18133
LR999942.1 1.31e+07 1.32e+07 9852
LR999942.1 1.32e+07 1.33e+07 18588
LR999942.1 1.33e+07 1.34e+07 11150
LR999942.1 1.34e+07 1.35e+07 7168
LR999942.1 1.35e+07 13550656 3534
