LR999953.1 1 100000 14604
LR999953.1 100001 200000 15346
LR999953.1 200001 300000 13510
LR999953.1 300001 400000 22484
LR999953.1 400001 500000 16561
LR999953.1 500001 600000 25726
LR999953.1 600001 700000 17454
LR999953.1 700001 800000 17862
LR999953.1 800001 900000 18527
LR999953.1 900001 1e+06 20467
LR999953.1 1e+06 1.1e+06 24120
LR999953.1 1.1e+06 1.2e+06 20181
LR999953.1 1.2e+06 1.3e+06 23763
LR999953.1 1.3e+06 1.4e+06 26729
LR999953.1 1.4e+06 1.5e+06 22630
LR999953.1 1.5e+06 1.6e+06 18575
LR999953.1 1.6e+06 1.7e+06 22032
LR999953.1 1.7e+06 1.8e+06 24742
LR999953.1 1.8e+06 1.9e+06 20010
LR999953.1 1.9e+06 2e+06 20008
LR999953.1 2e+06 2.1e+06 31338
LR999953.1 2.1e+06 2.2e+06 17863
LR999953.1 2.2e+06 2.3e+06 17339
LR999953.1 2.3e+06 2.4e+06 33771
LR999953.1 2.4e+06 2.5e+06 20888
LR999953.1 2.5e+06 2.6e+06 27128
LR999953.1 2.6e+06 2.7e+06 15697
LR999953.1 2.7e+06 2.8e+06 14187
LR999953.1 2.8e+06 2.9e+06 15191
LR999953.1 2.9e+06 3e+06 19325
LR999953.1 3e+06 3.1e+06 16575
LR999953.1 3.1e+06 3.2e+06 14000
LR999953.1 3.2e+06 3.3e+06 13846
LR999953.1 3.3e+06 3.4e+06 18047
LR999953.1 3.4e+06 3.5e+06 14595
LR999953.1 3.5e+06 3.6e+06 21537
LR999953.1 3.6e+06 3.7e+06 8220
LR999953.1 3.7e+06 3.8e+06 21957
LR999953.1 3.8e+06 3.9e+06 42320
LR999953.1 3.9e+06 4e+06 19954
LR999953.1 4e+06 4.1e+06 32174
LR999953.1 4.1e+06 4.2e+06 28513
LR999953.1 4.2e+06 4.3e+06 12517
LR999953.1 4.3e+06 4.4e+06 14252
LR999953.1 4.4e+06 4.5e+06 12716
LR999953.1 4.5e+06 4.6e+06 14426
LR999953.1 4.6e+06 4.7e+06 16847
LR999953.1 4.7e+06 4.8e+06 20996
LR999953.1 4.8e+06 4.9e+06 23237
LR999953.1 4.9e+06 5e+06 27669
LR999953.1 5e+06 5.1e+06 20785
LR999953.1 5.1e+06 5.2e+06 16150
LR999953.1 5.2e+06 5.3e+06 22167
LR999953.1 5.3e+06 5.4e+06 21743
LR999953.1 5.4e+06 5.5e+06 18367
LR999953.1 5.5e+06 5.6e+06 21583
LR999953.1 5.6e+06 5.7e+06 12195
LR999953.1 5.7e+06 5.8e+06 21008
LR999953.1 5.8e+06 5.9e+06 24446
LR999953.1 5.9e+06 6e+06 21109
LR999953.1 6e+06 6.1e+06 22498
LR999953.1 6.1e+06 6.2e+06 19277
LR999953.1 6.2e+06 6.3e+06 19932
LR999953.1 6.3e+06 6.4e+06 14174
LR999953.1 6.4e+06 6.5e+06 18676
LR999953.1 6.5e+06 6.6e+06 30196
LR999953.1 6.6e+06 6.7e+06 25811
LR999953.1 6.7e+06 6.8e+06 25234
LR999953.1 6.8e+06 6.9e+06 27995
LR999953.1 6.9e+06 7e+06 29492
LR999953.1 7e+06 7.1e+06 29779
LR999953.1 7.1e+06 7.2e+06 32662
LR999953.1 7.2e+06 7.3e+06 30618
LR999953.1 7.3e+06 7.4e+06 20010
LR999953.1 7.4e+06 7.5e+06 19985
LR999953.1 7.5e+06 7.6e+06 20094
LR999953.1 7.6e+06 7.7e+06 16145
LR999953.1 7.7e+06 7.8e+06 18288
LR999953.1 7.8e+06 7.9e+06 21694
LR999953.1 7.9e+06 8e+06 31533
LR999953.1 8e+06 8.1e+06 38946
LR999953.1 8.1e+06 8178468 18318
