LR999926.1 1 100000 12719
LR999926.1 100001 200000 12024
LR999926.1 200001 300000 6823
LR999926.1 300001 400000 12402
LR999926.1 400001 500000 2831
LR999926.1 500001 600000 3104
LR999926.1 600001 700000 12065
LR999926.1 700001 800000 7202
LR999926.1 800001 900000 19783
LR999926.1 900001 1e+06 17904
LR999926.1 1e+06 1.1e+06 7965
LR999926.1 1.1e+06 1.2e+06 8697
LR999926.1 1.2e+06 1.3e+06 6217
LR999926.1 1.3e+06 1.4e+06 10681
LR999926.1 1.4e+06 1.5e+06 11934
LR999926.1 1.5e+06 1.6e+06 10945
LR999926.1 1.6e+06 1.7e+06 15052
LR999926.1 1.7e+06 1.8e+06 13195
LR999926.1 1.8e+06 1.9e+06 4313
LR999926.1 1.9e+06 2e+06 8029
LR999926.1 2e+06 2.1e+06 10616
LR999926.1 2.1e+06 2.2e+06 19444
LR999926.1 2.2e+06 2.3e+06 25458
LR999926.1 2.3e+06 2.4e+06 27078
LR999926.1 2.4e+06 2.5e+06 18702
LR999926.1 2.5e+06 2.6e+06 16182
LR999926.1 2.6e+06 2.7e+06 8130
LR999926.1 2.7e+06 2.8e+06 16989
LR999926.1 2.8e+06 2.9e+06 20695
LR999926.1 2.9e+06 3e+06 19408
LR999926.1 3e+06 3.1e+06 16273
LR999926.1 3.1e+06 3.2e+06 14798
LR999926.1 3.2e+06 3.3e+06 7249
LR999926.1 3.3e+06 3.4e+06 12250
LR999926.1 3.4e+06 3.5e+06 10660
LR999926.1 3.5e+06 3.6e+06 8660
LR999926.1 3.6e+06 3.7e+06 8119
LR999926.1 3.7e+06 3.8e+06 4588
LR999926.1 3.8e+06 3.9e+06 14306
LR999926.1 3.9e+06 4e+06 13694
LR999926.1 4e+06 4.1e+06 8797
LR999926.1 4.1e+06 4.2e+06 9936
LR999926.1 4.2e+06 4.3e+06 10392
LR999926.1 4.3e+06 4.4e+06 8206
LR999926.1 4.4e+06 4.5e+06 2609
LR999926.1 4.5e+06 4.6e+06 2292
LR999926.1 4.6e+06 4.7e+06 13248
LR999926.1 4.7e+06 4.8e+06 3939
LR999926.1 4.8e+06 4.9e+06 4027
LR999926.1 4.9e+06 5e+06 5544
LR999926.1 5e+06 5.1e+06 9560
LR999926.1 5.1e+06 5.2e+06 8818
LR999926.1 5.2e+06 5.3e+06 9170
LR999926.1 5.3e+06 5.4e+06 5100
LR999926.1 5.4e+06 5.5e+06 11364
LR999926.1 5.5e+06 5.6e+06 10892
LR999926.1 5.6e+06 5.7e+06 4138
LR999926.1 5.7e+06 5.8e+06 10702
LR999926.1 5.8e+06 5.9e+06 12869
LR999926.1 5.9e+06 6e+06 17924
LR999926.1 6e+06 6.1e+06 9727
LR999926.1 6.1e+06 6.2e+06 8408
LR999926.1 6.2e+06 6.3e+06 7202
LR999926.1 6.3e+06 6.4e+06 3456
LR999926.1 6.4e+06 6.5e+06 6170
LR999926.1 6.5e+06 6.6e+06 11052
LR999926.1 6.6e+06 6.7e+06 24430
LR999926.1 6.7e+06 6.8e+06 13434
LR999926.1 6.8e+06 6.9e+06 18651
LR999926.1 6.9e+06 7e+06 11676
LR999926.1 7e+06 7.1e+06 5368
LR999926.1 7.1e+06 7.2e+06 8728
LR999926.1 7.2e+06 7.3e+06 5805
LR999926.1 7.3e+06 7.4e+06 11699
LR999926.1 7.4e+06 7.5e+06 7982
LR999926.1 7.5e+06 7.6e+06 10260
LR999926.1 7.6e+06 7.7e+06 20649
LR999926.1 7.7e+06 7.8e+06 13745
LR999926.1 7.8e+06 7.9e+06 10987
LR999926.1 7.9e+06 8e+06 4867
LR999926.1 8e+06 8.1e+06 7346
LR999926.1 8.1e+06 8.2e+06 12648
LR999926.1 8.2e+06 8.3e+06 12341
LR999926.1 8.3e+06 8.4e+06 8368
LR999926.1 8.4e+06 8.5e+06 8672
LR999926.1 8.5e+06 8.6e+06 15625
LR999926.1 8.6e+06 8.7e+06 11676
LR999926.1 8.7e+06 8.8e+06 6747
LR999926.1 8.8e+06 8.9e+06 11687
LR999926.1 8.9e+06 9e+06 12905
LR999926.1 9e+06 9.1e+06 10407
LR999926.1 9.1e+06 9.2e+06 8050
LR999926.1 9.2e+06 9.3e+06 7433
LR999926.1 9.3e+06 9.4e+06 7541
LR999926.1 9.4e+06 9.5e+06 8135
LR999926.1 9.5e+06 9.6e+06 6045
LR999926.1 9.6e+06 9.7e+06 8286
LR999926.1 9.7e+06 9.8e+06 4456
LR999926.1 9.8e+06 9.9e+06 12641
LR999926.1 9.9e+06 1e+07 4339
LR999926.1 1e+07 1.01e+07 6184
LR999926.1 1.01e+07 1.02e+07 12800
LR999926.1 1.02e+07 1.03e+07 11860
LR999926.1 1.03e+07 1.04e+07 16982
LR999926.1 1.04e+07 1.05e+07 12063
LR999926.1 1.05e+07 1.06e+07 7275
LR999926.1 1.06e+07 1.07e+07 10167
LR999926.1 1.07e+07 1.08e+07 6322
LR999926.1 1.08e+07 1.09e+07 10377
LR999926.1 1.09e+07 1.1e+07 10031
LR999926.1 1.1e+07 1.11e+07 5780
LR999926.1 1.11e+07 1.12e+07 12463
LR999926.1 1.12e+07 1.13e+07 7181
LR999926.1 1.13e+07 1.14e+07 8203
LR999926.1 1.14e+07 1.15e+07 8544
LR999926.1 1.15e+07 1.16e+07 11292
LR999926.1 1.16e+07 1.17e+07 8801
LR999926.1 1.17e+07 1.18e+07 7335
LR999926.1 1.18e+07 1.19e+07 16145
LR999926.1 1.19e+07 1.2e+07 15146
LR999926.1 1.2e+07 1.21e+07 23391
LR999926.1 1.21e+07 1.22e+07 17582
LR999926.1 1.22e+07 1.23e+07 21552
LR999926.1 1.23e+07 1.24e+07 15008
LR999926.1 1.24e+07 1.25e+07 23865
LR999926.1 1.25e+07 1.26e+07 19441
LR999926.1 1.26e+07 1.27e+07 15407
LR999926.1 1.27e+07 1.28e+07 16651
LR999926.1 1.28e+07 1.29e+07 15952
LR999926.1 1.29e+07 1.3e+07 13268
LR999926.1 1.3e+07 1.31e+07 9366
LR999926.1 1.31e+07 1.32e+07 6915
LR999926.1 1.32e+07 1.33e+07 8373
LR999926.1 1.33e+07 1.34e+07 6960
LR999926.1 1.34e+07 1.35e+07 9530
LR999926.1 1.35e+07 1.36e+07 14416
LR999926.1 1.36e+07 1.37e+07 9689
LR999926.1 1.37e+07 1.38e+07 19848
LR999926.1 1.38e+07 1.39e+07 16210
LR999926.1 1.39e+07 1.4e+07 24957
LR999926.1 1.4e+07 1.41e+07 16217
LR999926.1 1.41e+07 1.42e+07 15907
LR999926.1 1.42e+07 1.43e+07 13869
LR999926.1 1.43e+07 1.44e+07 19518
LR999926.1 1.44e+07 1.45e+07 17849
LR999926.1 1.45e+07 1.46e+07 15998
LR999926.1 1.46e+07 1.47e+07 19743
LR999926.1 1.47e+07 1.48e+07 19160
LR999926.1 1.48e+07 1.49e+07 21080
LR999926.1 1.49e+07 1.5e+07 19709
LR999926.1 1.5e+07 1.51e+07 17400
LR999926.1 1.51e+07 1.52e+07 18775
LR999926.1 1.52e+07 1.53e+07 23282
LR999926.1 1.53e+07 1.54e+07 16914
LR999926.1 1.54e+07 1.55e+07 13245
LR999926.1 1.55e+07 1.56e+07 18946
LR999926.1 1.56e+07 1.57e+07 16755
LR999926.1 1.57e+07 1.58e+07 14435
LR999926.1 1.58e+07 1.59e+07 14543
LR999926.1 1.59e+07 1.6e+07 14814
LR999926.1 1.6e+07 1.61e+07 13376
LR999926.1 1.61e+07 1.62e+07 12087
LR999926.1 1.62e+07 1.63e+07 4855
LR999926.1 1.63e+07 16362069 5174
