LR999948.1 1 100000 79633
LR999948.1 100001 200000 7846
LR999948.1 200001 300000 13578
LR999948.1 300001 400000 19487
LR999948.1 400001 500000 19485
LR999948.1 500001 600000 27255
LR999948.1 600001 700000 19715
LR999948.1 700001 800000 16765
LR999948.1 800001 900000 20409
LR999948.1 900001 1e+06 23672
LR999948.1 1e+06 1.1e+06 23367
LR999948.1 1.1e+06 1.2e+06 17610
LR999948.1 1.2e+06 1.3e+06 27575
LR999948.1 1.3e+06 1.4e+06 25951
LR999948.1 1.4e+06 1.5e+06 17772
LR999948.1 1.5e+06 1.6e+06 27335
LR999948.1 1.6e+06 1.7e+06 21306
LR999948.1 1.7e+06 1.8e+06 30067
LR999948.1 1.8e+06 1.9e+06 23484
LR999948.1 1.9e+06 2e+06 23497
LR999948.1 2e+06 2.1e+06 19498
LR999948.1 2.1e+06 2.2e+06 16844
LR999948.1 2.2e+06 2.3e+06 22849
LR999948.1 2.3e+06 2.4e+06 18134
LR999948.1 2.4e+06 2.5e+06 22818
LR999948.1 2.5e+06 2.6e+06 24861
LR999948.1 2.6e+06 2.7e+06 18193
LR999948.1 2.7e+06 2.8e+06 21643
LR999948.1 2.8e+06 2.9e+06 22818
LR999948.1 2.9e+06 3e+06 19434
LR999948.1 3e+06 3.1e+06 11527
LR999948.1 3.1e+06 3.2e+06 10538
LR999948.1 3.2e+06 3.3e+06 10532
LR999948.1 3.3e+06 3.4e+06 13050
LR999948.1 3.4e+06 3.5e+06 26852
LR999948.1 3.5e+06 3.6e+06 12685
LR999948.1 3.6e+06 3.7e+06 16886
LR999948.1 3.7e+06 3.8e+06 19119
LR999948.1 3.8e+06 3.9e+06 19258
LR999948.1 3.9e+06 4e+06 14936
LR999948.1 4e+06 4.1e+06 21676
LR999948.1 4.1e+06 4.2e+06 15594
LR999948.1 4.2e+06 4.3e+06 14138
LR999948.1 4.3e+06 4.4e+06 10680
LR999948.1 4.4e+06 4.5e+06 12961
LR999948.1 4.5e+06 4.6e+06 22983
LR999948.1 4.6e+06 4.7e+06 15119
LR999948.1 4.7e+06 4.8e+06 14657
LR999948.1 4.8e+06 4.9e+06 14734
LR999948.1 4.9e+06 5e+06 10218
LR999948.1 5e+06 5.1e+06 17341
LR999948.1 5.1e+06 5.2e+06 16674
LR999948.1 5.2e+06 5.3e+06 16655
LR999948.1 5.3e+06 5.4e+06 16621
LR999948.1 5.4e+06 5.5e+06 19841
LR999948.1 5.5e+06 5.6e+06 10209
LR999948.1 5.6e+06 5.7e+06 19643
LR999948.1 5.7e+06 5.8e+06 17969
LR999948.1 5.8e+06 5.9e+06 16437
LR999948.1 5.9e+06 6e+06 21221
LR999948.1 6e+06 6.1e+06 20402
LR999948.1 6.1e+06 6.2e+06 15712
LR999948.1 6.2e+06 6.3e+06 28836
LR999948.1 6.3e+06 6.4e+06 22471
LR999948.1 6.4e+06 6.5e+06 12135
LR999948.1 6.5e+06 6.6e+06 10447
LR999948.1 6.6e+06 6.7e+06 8693
LR999948.1 6.7e+06 6.8e+06 12613
LR999948.1 6.8e+06 6.9e+06 16207
LR999948.1 6.9e+06 7e+06 4981
LR999948.1 7e+06 7.1e+06 14614
LR999948.1 7.1e+06 7.2e+06 11165
LR999948.1 7.2e+06 7.3e+06 10124
LR999948.1 7.3e+06 7.4e+06 7023
LR999948.1 7.4e+06 7.5e+06 11711
LR999948.1 7.5e+06 7.6e+06 10457
LR999948.1 7.6e+06 7.7e+06 11986
LR999948.1 7.7e+06 7.8e+06 14084
LR999948.1 7.8e+06 7.9e+06 12843
LR999948.1 7.9e+06 8e+06 13312
LR999948.1 8e+06 8.1e+06 24475
LR999948.1 8.1e+06 8.2e+06 21814
LR999948.1 8.2e+06 8.3e+06 19445
LR999948.1 8.3e+06 8.4e+06 22641
LR999948.1 8.4e+06 8.5e+06 14773
LR999948.1 8.5e+06 8.6e+06 11038
LR999948.1 8.6e+06 8.7e+06 7051
LR999948.1 8.7e+06 8.8e+06 22057
LR999948.1 8.8e+06 8.9e+06 12544
LR999948.1 8.9e+06 9e+06 15526
LR999948.1 9e+06 9.1e+06 13706
LR999948.1 9.1e+06 9.2e+06 22676
LR999948.1 9.2e+06 9.3e+06 9560
LR999948.1 9.3e+06 9.4e+06 12146
LR999948.1 9.4e+06 9.5e+06 18101
LR999948.1 9.5e+06 9.6e+06 22111
LR999948.1 9.6e+06 9.7e+06 20019
LR999948.1 9.7e+06 9.8e+06 27468
LR999948.1 9.8e+06 9.9e+06 30665
LR999948.1 9.9e+06 1e+07 19285
LR999948.1 1e+07 1.01e+07 21732
LR999948.1 1.01e+07 1.02e+07 18025
LR999948.1 1.02e+07 1.03e+07 24228
LR999948.1 1.03e+07 1.04e+07 22153
LR999948.1 1.04e+07 1.05e+07 13451
LR999948.1 1.05e+07 1.06e+07 15104
LR999948.1 1.06e+07 1.07e+07 20681
LR999948.1 1.07e+07 1.08e+07 14245
LR999948.1 1.08e+07 1.09e+07 14945
LR999948.1 1.09e+07 1.1e+07 21270
LR999948.1 1.1e+07 1.11e+07 17804
LR999948.1 1.11e+07 1.12e+07 9476
LR999948.1 1.12e+07 1.13e+07 18054
LR999948.1 1.13e+07 11326783 19863
