LR999955.1 1 100000 23786
LR999955.1 100001 200000 20057
LR999955.1 200001 300000 25026
LR999955.1 300001 400000 18492
LR999955.1 400001 500000 25121
LR999955.1 500001 600000 32787
LR999955.1 600001 700000 23399
LR999955.1 700001 800000 23453
LR999955.1 800001 900000 20723
LR999955.1 900001 1e+06 25846
LR999955.1 1e+06 1.1e+06 24413
LR999955.1 1.1e+06 1.2e+06 32913
LR999955.1 1.2e+06 1.3e+06 26500
LR999955.1 1.3e+06 1.4e+06 26557
LR999955.1 1.4e+06 1.5e+06 30465
LR999955.1 1.5e+06 1.6e+06 25007
LR999955.1 1.6e+06 1.7e+06 23965
LR999955.1 1.7e+06 1.8e+06 25849
LR999955.1 1.8e+06 1.9e+06 24309
LR999955.1 1.9e+06 2e+06 22728
LR999955.1 2e+06 2.1e+06 27231
LR999955.1 2.1e+06 2.2e+06 24810
LR999955.1 2.2e+06 2.3e+06 16702
LR999955.1 2.3e+06 2.4e+06 25699
LR999955.1 2.4e+06 2.5e+06 12138
LR999955.1 2.5e+06 2.6e+06 19788
LR999955.1 2.6e+06 2.7e+06 34320
LR999955.1 2.7e+06 2.8e+06 19224
LR999955.1 2.8e+06 2.9e+06 25524
LR999955.1 2.9e+06 3e+06 25813
LR999955.1 3e+06 3.1e+06 18004
LR999955.1 3.1e+06 3.2e+06 21551
LR999955.1 3.2e+06 3.3e+06 11651
LR999955.1 3.3e+06 3.4e+06 22227
LR999955.1 3.4e+06 3.5e+06 17136
LR999955.1 3.5e+06 3.6e+06 13963
LR999955.1 3.6e+06 3.7e+06 19749
LR999955.1 3.7e+06 3.8e+06 20629
LR999955.1 3.8e+06 3.9e+06 21140
LR999955.1 3.9e+06 4e+06 18012
LR999955.1 4e+06 4.1e+06 24351
LR999955.1 4.1e+06 4.2e+06 18155
LR999955.1 4.2e+06 4.3e+06 22285
LR999955.1 4.3e+06 4.4e+06 20139
LR999955.1 4.4e+06 4.5e+06 17692
LR999955.1 4.5e+06 4.6e+06 24445
LR999955.1 4.6e+06 4.7e+06 19882
LR999955.1 4.7e+06 4.8e+06 18665
LR999955.1 4.8e+06 4.9e+06 21037
LR999955.1 4.9e+06 5e+06 25379
LR999955.1 5e+06 5.1e+06 23396
LR999955.1 5.1e+06 5.2e+06 18433
LR999955.1 5.2e+06 5.3e+06 18955
LR999955.1 5.3e+06 5.4e+06 17374
LR999955.1 5.4e+06 5.5e+06 21659
LR999955.1 5.5e+06 5.6e+06 15371
LR999955.1 5.6e+06 5.7e+06 16233
LR999955.1 5.7e+06 5.8e+06 32035
LR999955.1 5.8e+06 5.9e+06 21158
LR999955.1 5.9e+06 6e+06 21179
LR999955.1 6e+06 6.1e+06 17755
LR999955.1 6.1e+06 6166334 13392
