LR999928.1 1 100000 7388
LR999928.1 100001 200000 12391
LR999928.1 200001 300000 14328
LR999928.1 300001 400000 20470
LR999928.1 400001 500000 27503
LR999928.1 500001 600000 14730
LR999928.1 600001 700000 15616
LR999928.1 700001 800000 16021
LR999928.1 800001 900000 13752
LR999928.1 900001 1e+06 11215
LR999928.1 1e+06 1.1e+06 19200
LR999928.1 1.1e+06 1.2e+06 9461
LR999928.1 1.2e+06 1.3e+06 11924
LR999928.1 1.3e+06 1.4e+06 21913
LR999928.1 1.4e+06 1.5e+06 13678
LR999928.1 1.5e+06 1.6e+06 16347
LR999928.1 1.6e+06 1.7e+06 16966
LR999928.1 1.7e+06 1.8e+06 14081
LR999928.1 1.8e+06 1.9e+06 11632
LR999928.1 1.9e+06 2e+06 14548
LR999928.1 2e+06 2.1e+06 13462
LR999928.1 2.1e+06 2.2e+06 17767
LR999928.1 2.2e+06 2.3e+06 17532
LR999928.1 2.3e+06 2.4e+06 14860
LR999928.1 2.4e+06 2.5e+06 15723
LR999928.1 2.5e+06 2.6e+06 17558
LR999928.1 2.6e+06 2.7e+06 9879
LR999928.1 2.7e+06 2.8e+06 6590
LR999928.1 2.8e+06 2.9e+06 5532
LR999928.1 2.9e+06 3e+06 8099
LR999928.1 3e+06 3.1e+06 13521
LR999928.1 3.1e+06 3.2e+06 10435
LR999928.1 3.2e+06 3.3e+06 10150
LR999928.1 3.3e+06 3.4e+06 17631
LR999928.1 3.4e+06 3.5e+06 18418
LR999928.1 3.5e+06 3.6e+06 29596
LR999928.1 3.6e+06 3.7e+06 13396
LR999928.1 3.7e+06 3.8e+06 10146
LR999928.1 3.8e+06 3.9e+06 16146
LR999928.1 3.9e+06 4e+06 12960
LR999928.1 4e+06 4.1e+06 15041
LR999928.1 4.1e+06 4.2e+06 17009
LR999928.1 4.2e+06 4.3e+06 20453
LR999928.1 4.3e+06 4.4e+06 24513
LR999928.1 4.4e+06 4.5e+06 6970
LR999928.1 4.5e+06 4.6e+06 16966
LR999928.1 4.6e+06 4.7e+06 15062
LR999928.1 4.7e+06 4.8e+06 13346
LR999928.1 4.8e+06 4.9e+06 13574
LR999928.1 4.9e+06 5e+06 14989
LR999928.1 5e+06 5.1e+06 9214
LR999928.1 5.1e+06 5.2e+06 7473
LR999928.1 5.2e+06 5.3e+06 4312
LR999928.1 5.3e+06 5.4e+06 9563
LR999928.1 5.4e+06 5.5e+06 8338
LR999928.1 5.5e+06 5.6e+06 12651
LR999928.1 5.6e+06 5.7e+06 7825
LR999928.1 5.7e+06 5.8e+06 10292
LR999928.1 5.8e+06 5.9e+06 11843
LR999928.1 5.9e+06 6e+06 6840
LR999928.1 6e+06 6.1e+06 7985
LR999928.1 6.1e+06 6.2e+06 5858
LR999928.1 6.2e+06 6.3e+06 8057
LR999928.1 6.3e+06 6.4e+06 5915
LR999928.1 6.4e+06 6.5e+06 9943
LR999928.1 6.5e+06 6.6e+06 11256
LR999928.1 6.6e+06 6.7e+06 4294
LR999928.1 6.7e+06 6.8e+06 6842
LR999928.1 6.8e+06 6.9e+06 7264
LR999928.1 6.9e+06 7e+06 13272
LR999928.1 7e+06 7.1e+06 3243
LR999928.1 7.1e+06 7.2e+06 7486
LR999928.1 7.2e+06 7.3e+06 9155
LR999928.1 7.3e+06 7.4e+06 4484
LR999928.1 7.4e+06 7.5e+06 6492
LR999928.1 7.5e+06 7.6e+06 14519
LR999928.1 7.6e+06 7.7e+06 6157
LR999928.1 7.7e+06 7.8e+06 2757
LR999928.1 7.8e+06 7.9e+06 10302
LR999928.1 7.9e+06 8e+06 6132
LR999928.1 8e+06 8.1e+06 8875
LR999928.1 8.1e+06 8.2e+06 14676
LR999928.1 8.2e+06 8.3e+06 5110
LR999928.1 8.3e+06 8.4e+06 11527
LR999928.1 8.4e+06 8.5e+06 4706
LR999928.1 8.5e+06 8.6e+06 9722
LR999928.1 8.6e+06 8.7e+06 7467
LR999928.1 8.7e+06 8.8e+06 18951
LR999928.1 8.8e+06 8.9e+06 5251
LR999928.1 8.9e+06 9e+06 4502
LR999928.1 9e+06 9.1e+06 5566
LR999928.1 9.1e+06 9.2e+06 7764
LR999928.1 9.2e+06 9.3e+06 5001
LR999928.1 9.3e+06 9.4e+06 5297
LR999928.1 9.4e+06 9.5e+06 6447
LR999928.1 9.5e+06 9.6e+06 9217
LR999928.1 9.6e+06 9.7e+06 6796
LR999928.1 9.7e+06 9.8e+06 5568
LR999928.1 9.8e+06 9.9e+06 8572
LR999928.1 9.9e+06 1e+07 8912
LR999928.1 1e+07 1.01e+07 15941
LR999928.1 1.01e+07 1.02e+07 7245
LR999928.1 1.02e+07 1.03e+07 6726
LR999928.1 1.03e+07 1.04e+07 8525
LR999928.1 1.04e+07 1.05e+07 10967
LR999928.1 1.05e+07 1.06e+07 13424
LR999928.1 1.06e+07 1.07e+07 16934
LR999928.1 1.07e+07 1.08e+07 8872
LR999928.1 1.08e+07 1.09e+07 11302
LR999928.1 1.09e+07 1.1e+07 8469
LR999928.1 1.1e+07 1.11e+07 11731
LR999928.1 1.11e+07 1.12e+07 8376
LR999928.1 1.12e+07 1.13e+07 12151
LR999928.1 1.13e+07 1.14e+07 14458
LR999928.1 1.14e+07 1.15e+07 23812
LR999928.1 1.15e+07 1.16e+07 15833
LR999928.1 1.16e+07 1.17e+07 12009
LR999928.1 1.17e+07 1.18e+07 12276
LR999928.1 1.18e+07 1.19e+07 11049
LR999928.1 1.19e+07 1.2e+07 28353
LR999928.1 1.2e+07 1.21e+07 13772
LR999928.1 1.21e+07 1.22e+07 19690
LR999928.1 1.22e+07 1.23e+07 16796
LR999928.1 1.23e+07 1.24e+07 15186
LR999928.1 1.24e+07 1.25e+07 13588
LR999928.1 1.25e+07 1.26e+07 16504
LR999928.1 1.26e+07 1.27e+07 21366
LR999928.1 1.27e+07 1.28e+07 14368
LR999928.1 1.28e+07 1.29e+07 16234
LR999928.1 1.29e+07 1.3e+07 14745
LR999928.1 1.3e+07 1.31e+07 10993
LR999928.1 1.31e+07 1.32e+07 9805
LR999928.1 1.32e+07 1.33e+07 21273
LR999928.1 1.33e+07 1.34e+07 22589
LR999928.1 1.34e+07 1.35e+07 13596
LR999928.1 1.35e+07 1.36e+07 6155
LR999928.1 1.36e+07 1.37e+07 12075
LR999928.1 1.37e+07 1.38e+07 18964
LR999928.1 1.38e+07 1.39e+07 18394
LR999928.1 1.39e+07 1.4e+07 13975
LR999928.1 1.4e+07 1.41e+07 8806
LR999928.1 1.41e+07 1.42e+07 11801
LR999928.1 1.42e+07 1.43e+07 12527
LR999928.1 1.43e+07 1.44e+07 11039
LR999928.1 1.44e+07 1.45e+07 12102
LR999928.1 1.45e+07 1.46e+07 22290
LR999928.1 1.46e+07 1.47e+07 19046
LR999928.1 1.47e+07 1.48e+07 16584
LR999928.1 1.48e+07 1.49e+07 17344
LR999928.1 1.49e+07 1.5e+07 18025
LR999928.1 1.5e+07 1.51e+07 11371
LR999928.1 1.51e+07 1.52e+07 7920
LR999928.1 1.52e+07 1.53e+07 11234
LR999928.1 1.53e+07 1.54e+07 8233
LR999928.1 1.54e+07 1.55e+07 8666
LR999928.1 1.55e+07 1.56e+07 8852
LR999928.1 1.56e+07 1.57e+07 6556
LR999928.1 1.57e+07 1.58e+07 6185
LR999928.1 1.58e+07 1.59e+07 7062
LR999928.1 1.59e+07 1.6e+07 8825
LR999928.1 1.6e+07 16000791 
