LR999941.1 1 100000 4765
LR999941.1 100001 200000 11073
LR999941.1 200001 300000 13234
LR999941.1 300001 400000 11261
LR999941.1 400001 500000 10324
LR999941.1 500001 600000 6745
LR999941.1 600001 700000 11933
LR999941.1 700001 800000 9576
LR999941.1 800001 900000 12877
LR999941.1 900001 1e+06 13213
LR999941.1 1e+06 1.1e+06 14365
LR999941.1 1.1e+06 1.2e+06 12133
LR999941.1 1.2e+06 1.3e+06 18347
LR999941.1 1.3e+06 1.4e+06 14327
LR999941.1 1.4e+06 1.5e+06 13505
LR999941.1 1.5e+06 1.6e+06 14229
LR999941.1 1.6e+06 1.7e+06 13743
LR999941.1 1.7e+06 1.8e+06 10215
LR999941.1 1.8e+06 1.9e+06 9399
LR999941.1 1.9e+06 2e+06 11148
LR999941.1 2e+06 2.1e+06 11481
LR999941.1 2.1e+06 2.2e+06 13813
LR999941.1 2.2e+06 2.3e+06 10587
LR999941.1 2.3e+06 2.4e+06 8110
LR999941.1 2.4e+06 2.5e+06 25880
LR999941.1 2.5e+06 2.6e+06 23600
LR999941.1 2.6e+06 2.7e+06 21685
LR999941.1 2.7e+06 2.8e+06 15896
LR999941.1 2.8e+06 2.9e+06 14935
LR999941.1 2.9e+06 3e+06 16933
LR999941.1 3e+06 3.1e+06 12028
LR999941.1 3.1e+06 3.2e+06 6798
LR999941.1 3.2e+06 3.3e+06 6297
LR999941.1 3.3e+06 3.4e+06 5828
LR999941.1 3.4e+06 3.5e+06 10615
LR999941.1 3.5e+06 3.6e+06 7442
LR999941.1 3.6e+06 3.7e+06 9453
LR999941.1 3.7e+06 3.8e+06 13381
LR999941.1 3.8e+06 3.9e+06 18071
LR999941.1 3.9e+06 4e+06 14587
LR999941.1 4e+06 4.1e+06 11012
LR999941.1 4.1e+06 4.2e+06 13807
LR999941.1 4.2e+06 4.3e+06 11313
LR999941.1 4.3e+06 4.4e+06 10067
LR999941.1 4.4e+06 4.5e+06 16926
LR999941.1 4.5e+06 4.6e+06 16556
LR999941.1 4.6e+06 4.7e+06 17935
LR999941.1 4.7e+06 4.8e+06 15173
LR999941.1 4.8e+06 4.9e+06 21767
LR999941.1 4.9e+06 5e+06 12929
LR999941.1 5e+06 5.1e+06 10167
LR999941.1 5.1e+06 5.2e+06 13679
LR999941.1 5.2e+06 5.3e+06 9653
LR999941.1 5.3e+06 5.4e+06 6247
LR999941.1 5.4e+06 5.5e+06 3011
LR999941.1 5.5e+06 5.6e+06 3712
LR999941.1 5.6e+06 5.7e+06 2040
LR999941.1 5.7e+06 5.8e+06 1337
LR999941.1 5.8e+06 5.9e+06 11432
LR999941.1 5.9e+06 6e+06 12382
LR999941.1 6e+06 6.1e+06 11593
LR999941.1 6.1e+06 6.2e+06 13192
LR999941.1 6.2e+06 6.3e+06 14710
LR999941.1 6.3e+06 6.4e+06 16190
LR999941.1 6.4e+06 6.5e+06 12256
LR999941.1 6.5e+06 6.6e+06 5225
LR999941.1 6.6e+06 6.7e+06 11685
LR999941.1 6.7e+06 6.8e+06 8696
LR999941.1 6.8e+06 6.9e+06 10531
LR999941.1 6.9e+06 7e+06 4982
LR999941.1 7e+06 7.1e+06 16230
LR999941.1 7.1e+06 7.2e+06 19533
LR999941.1 7.2e+06 7.3e+06 5486
LR999941.1 7.3e+06 7.4e+06 13795
LR999941.1 7.4e+06 7.5e+06 7194
LR999941.1 7.5e+06 7.6e+06 14803
LR999941.1 7.6e+06 7.7e+06 9800
LR999941.1 7.7e+06 7.8e+06 10170
LR999941.1 7.8e+06 7.9e+06 9206
LR999941.1 7.9e+06 8e+06 3912
LR999941.1 8e+06 8.1e+06 7323
LR999941.1 8.1e+06 8.2e+06 6932
LR999941.1 8.2e+06 8.3e+06 5371
LR999941.1 8.3e+06 8.4e+06 4236
LR999941.1 8.4e+06 8.5e+06 3707
LR999941.1 8.5e+06 8.6e+06 3306
LR999941.1 8.6e+06 8.7e+06 4809
LR999941.1 8.7e+06 8.8e+06 14963
LR999941.1 8.8e+06 8.9e+06 14596
LR999941.1 8.9e+06 9e+06 9739
LR999941.1 9e+06 9.1e+06 6106
LR999941.1 9.1e+06 9.2e+06 4434
LR999941.1 9.2e+06 9.3e+06 11519
LR999941.1 9.3e+06 9.4e+06 11957
LR999941.1 9.4e+06 9.5e+06 8817
LR999941.1 9.5e+06 9.6e+06 12516
LR999941.1 9.6e+06 9.7e+06 13827
LR999941.1 9.7e+06 9.8e+06 11191
LR999941.1 9.8e+06 9.9e+06 10408
LR999941.1 9.9e+06 1e+07 7786
LR999941.1 1e+07 1.01e+07 11970
LR999941.1 1.01e+07 1.02e+07 15984
LR999941.1 1.02e+07 1.03e+07 5893
LR999941.1 1.03e+07 1.04e+07 8417
LR999941.1 1.04e+07 1.05e+07 12428
LR999941.1 1.05e+07 1.06e+07 15903
LR999941.1 1.06e+07 1.07e+07 9287
LR999941.1 1.07e+07 1.08e+07 8228
LR999941.1 1.08e+07 1.09e+07 8985
LR999941.1 1.09e+07 1.1e+07 16443
LR999941.1 1.1e+07 1.11e+07 11223
LR999941.1 1.11e+07 1.12e+07 14768
LR999941.1 1.12e+07 1.13e+07 8981
LR999941.1 1.13e+07 1.14e+07 11876
LR999941.1 1.14e+07 1.15e+07 11358
LR999941.1 1.15e+07 1.16e+07 23486
LR999941.1 1.16e+07 1.17e+07 17450
LR999941.1 1.17e+07 1.18e+07 23732
LR999941.1 1.18e+07 1.19e+07 12396
LR999941.1 1.19e+07 1.2e+07 12657
LR999941.1 1.2e+07 1.21e+07 18665
LR999941.1 1.21e+07 1.22e+07 20327
LR999941.1 1.22e+07 1.23e+07 21729
LR999941.1 1.23e+07 1.24e+07 21028
LR999941.1 1.24e+07 1.25e+07 9753
LR999941.1 1.25e+07 1.26e+07 14638
LR999941.1 1.26e+07 1.27e+07 15303
LR999941.1 1.27e+07 1.28e+07 14441
LR999941.1 1.28e+07 1.29e+07 12517
LR999941.1 1.29e+07 1.3e+07 7748
LR999941.1 1.3e+07 1.31e+07 9587
LR999941.1 1.31e+07 1.32e+07 14766
LR999941.1 1.32e+07 1.33e+07 8597
LR999941.1 1.33e+07 1.34e+07 9443
LR999941.1 1.34e+07 1.35e+07 11665
LR999941.1 1.35e+07 1.36e+07 18833
LR999941.1 1.36e+07 1.37e+07 18215
LR999941.1 1.37e+07 13774036 9290
