LR999931.1 1 100000 9346
LR999931.1 100001 200000 25660
LR999931.1 200001 300000 16782
LR999931.1 300001 400000 13934
LR999931.1 400001 500000 16508
LR999931.1 500001 600000 18869
LR999931.1 600001 700000 12302
LR999931.1 700001 800000 9686
LR999931.1 800001 900000 11745
LR999931.1 900001 1e+06 17539
LR999931.1 1e+06 1.1e+06 19403
LR999931.1 1.1e+06 1.2e+06 21244
LR999931.1 1.2e+06 1.3e+06 13132
LR999931.1 1.3e+06 1.4e+06 10381
LR999931.1 1.4e+06 1.5e+06 5562
LR999931.1 1.5e+06 1.6e+06 9749
LR999931.1 1.6e+06 1.7e+06 18165
LR999931.1 1.7e+06 1.8e+06 24612
LR999931.1 1.8e+06 1.9e+06 9475
LR999931.1 1.9e+06 2e+06 10627
LR999931.1 2e+06 2.1e+06 9130
LR999931.1 2.1e+06 2.2e+06 13909
LR999931.1 2.2e+06 2.3e+06 11542
LR999931.1 2.3e+06 2.4e+06 12563
LR999931.1 2.4e+06 2.5e+06 8354
LR999931.1 2.5e+06 2.6e+06 13039
LR999931.1 2.6e+06 2.7e+06 10980
LR999931.1 2.7e+06 2.8e+06 15812
LR999931.1 2.8e+06 2.9e+06 17673
LR999931.1 2.9e+06 3e+06 13242
LR999931.1 3e+06 3.1e+06 13256
LR999931.1 3.1e+06 3.2e+06 13195
LR999931.1 3.2e+06 3.3e+06 15399
LR999931.1 3.3e+06 3.4e+06 10416
LR999931.1 3.4e+06 3.5e+06 16089
LR999931.1 3.5e+06 3.6e+06 21996
LR999931.1 3.6e+06 3.7e+06 13945
LR999931.1 3.7e+06 3.8e+06 5895
LR999931.1 3.8e+06 3.9e+06 9626
LR999931.1 3.9e+06 4e+06 7956
LR999931.1 4e+06 4.1e+06 8733
LR999931.1 4.1e+06 4.2e+06 19075
LR999931.1 4.2e+06 4.3e+06 4899
LR999931.1 4.3e+06 4.4e+06 6838
LR999931.1 4.4e+06 4.5e+06 7064
LR999931.1 4.5e+06 4.6e+06 4336
LR999931.1 4.6e+06 4.7e+06 9434
LR999931.1 4.7e+06 4.8e+06 5713
LR999931.1 4.8e+06 4.9e+06 7068
LR999931.1 4.9e+06 5e+06 7276
LR999931.1 5e+06 5.1e+06 2833
LR999931.1 5.1e+06 5.2e+06 9715
LR999931.1 5.2e+06 5.3e+06 8228
LR999931.1 5.3e+06 5.4e+06 9045
LR999931.1 5.4e+06 5.5e+06 7187
LR999931.1 5.5e+06 5.6e+06 6331
LR999931.1 5.6e+06 5.7e+06 4850
LR999931.1 5.7e+06 5.8e+06 10909
LR999931.1 5.8e+06 5.9e+06 9309
LR999931.1 5.9e+06 6e+06 6044
LR999931.1 6e+06 6.1e+06 3227
LR999931.1 6.1e+06 6.2e+06 1689
LR999931.1 6.2e+06 6.3e+06 3060
LR999931.1 6.3e+06 6.4e+06 7835
LR999931.1 6.4e+06 6.5e+06 10788
LR999931.1 6.5e+06 6.6e+06 6504
LR999931.1 6.6e+06 6.7e+06 6692
LR999931.1 6.7e+06 6.8e+06 10111
LR999931.1 6.8e+06 6.9e+06 17834
LR999931.1 6.9e+06 7e+06 7224
LR999931.1 7e+06 7.1e+06 4523
LR999931.1 7.1e+06 7.2e+06 14621
LR999931.1 7.2e+06 7.3e+06 17808
LR999931.1 7.3e+06 7.4e+06 5113
LR999931.1 7.4e+06 7.5e+06 4804
LR999931.1 7.5e+06 7.6e+06 12565
LR999931.1 7.6e+06 7.7e+06 8388
LR999931.1 7.7e+06 7.8e+06 7503
LR999931.1 7.8e+06 7.9e+06 16011
LR999931.1 7.9e+06 8e+06 10597
LR999931.1 8e+06 8.1e+06 11411
LR999931.1 8.1e+06 8.2e+06 3760
LR999931.1 8.2e+06 8.3e+06 5136
LR999931.1 8.3e+06 8.4e+06 9291
LR999931.1 8.4e+06 8.5e+06 10463
LR999931.1 8.5e+06 8.6e+06 5907
LR999931.1 8.6e+06 8.7e+06 2790
LR999931.1 8.7e+06 8.8e+06 4550
LR999931.1 8.8e+06 8.9e+06 7559
LR999931.1 8.9e+06 9e+06 9759
LR999931.1 9e+06 9.1e+06 7310
LR999931.1 9.1e+06 9.2e+06 6484
LR999931.1 9.2e+06 9.3e+06 5086
LR999931.1 9.3e+06 9.4e+06 4808
LR999931.1 9.4e+06 9.5e+06 6383
LR999931.1 9.5e+06 9.6e+06 4331
LR999931.1 9.6e+06 9.7e+06 4028
LR999931.1 9.7e+06 9.8e+06 10827
LR999931.1 9.8e+06 9.9e+06 7236
LR999931.1 9.9e+06 1e+07 5079
LR999931.1 1e+07 1.01e+07 11596
LR999931.1 1.01e+07 1.02e+07 8530
LR999931.1 1.02e+07 1.03e+07 8256
LR999931.1 1.03e+07 1.04e+07 7396
LR999931.1 1.04e+07 1.05e+07 8227
LR999931.1 1.05e+07 1.06e+07 9127
LR999931.1 1.06e+07 1.07e+07 5544
LR999931.1 1.07e+07 1.08e+07 11155
LR999931.1 1.08e+07 1.09e+07 4469
LR999931.1 1.09e+07 1.1e+07 16127
LR999931.1 1.1e+07 1.11e+07 4252
LR999931.1 1.11e+07 1.12e+07 8072
LR999931.1 1.12e+07 1.13e+07 14797
LR999931.1 1.13e+07 1.14e+07 5943
LR999931.1 1.14e+07 1.15e+07 5669
LR999931.1 1.15e+07 1.16e+07 9800
LR999931.1 1.16e+07 1.17e+07 5823
LR999931.1 1.17e+07 1.18e+07 3325
LR999931.1 1.18e+07 1.19e+07 17311
LR999931.1 1.19e+07 1.2e+07 12203
LR999931.1 1.2e+07 1.21e+07 13480
LR999931.1 1.21e+07 1.22e+07 9077
LR999931.1 1.22e+07 1.23e+07 9468
LR999931.1 1.23e+07 1.24e+07 12671
LR999931.1 1.24e+07 1.25e+07 13527
LR999931.1 1.25e+07 1.26e+07 17600
LR999931.1 1.26e+07 1.27e+07 15536
LR999931.1 1.27e+07 1.28e+07 20207
LR999931.1 1.28e+07 1.29e+07 7228
LR999931.1 1.29e+07 1.3e+07 8780
LR999931.1 1.3e+07 1.31e+07 3605
LR999931.1 1.31e+07 1.32e+07 6592
LR999931.1 1.32e+07 1.33e+07 5296
LR999931.1 1.33e+07 1.34e+07 7636
LR999931.1 1.34e+07 1.35e+07 8346
LR999931.1 1.35e+07 1.36e+07 11659
LR999931.1 1.36e+07 1.37e+07 17291
LR999931.1 1.37e+07 1.38e+07 10669
LR999931.1 1.38e+07 1.39e+07 9619
LR999931.1 1.39e+07 1.4e+07 14766
LR999931.1 1.4e+07 1.41e+07 6315
LR999931.1 1.41e+07 1.42e+07 12257
LR999931.1 1.42e+07 1.43e+07 12833
LR999931.1 1.43e+07 1.44e+07 7286
LR999931.1 1.44e+07 1.45e+07 13068
LR999931.1 1.45e+07 1.46e+07 8877
LR999931.1 1.46e+07 1.47e+07 8810
LR999931.1 1.47e+07 1.48e+07 7124
LR999931.1 1.48e+07 1.49e+07 17164
LR999931.1 1.49e+07 1.5e+07 15861
LR999931.1 1.5e+07 1.51e+07 26793
LR999931.1 1.51e+07 1.52e+07 15121
LR999931.1 1.52e+07 1.53e+07 9994
LR999931.1 1.53e+07 1.54e+07 7483
LR999931.1 1.54e+07 1.55e+07 4733
LR999931.1 1.55e+07 15572524 7182
