LR999935.1 1 100000 10433
LR999935.1 100001 200000 14343
LR999935.1 200001 300000 5926
LR999935.1 300001 400000 20469
LR999935.1 400001 500000 8240
LR999935.1 500001 600000 10394
LR999935.1 600001 700000 18642
LR999935.1 700001 800000 14515
LR999935.1 800001 900000 18355
LR999935.1 900001 1e+06 8607
LR999935.1 1e+06 1.1e+06 15095
LR999935.1 1.1e+06 1.2e+06 11587
LR999935.1 1.2e+06 1.3e+06 6690
LR999935.1 1.3e+06 1.4e+06 10541
LR999935.1 1.4e+06 1.5e+06 7709
LR999935.1 1.5e+06 1.6e+06 8014
LR999935.1 1.6e+06 1.7e+06 10244
LR999935.1 1.7e+06 1.8e+06 12702
LR999935.1 1.8e+06 1.9e+06 18195
LR999935.1 1.9e+06 2e+06 10487
LR999935.1 2e+06 2.1e+06 10380
LR999935.1 2.1e+06 2.2e+06 12686
LR999935.1 2.2e+06 2.3e+06 7872
LR999935.1 2.3e+06 2.4e+06 12404
LR999935.1 2.4e+06 2.5e+06 3990
LR999935.1 2.5e+06 2.6e+06 8048
LR999935.1 2.6e+06 2.7e+06 6585
LR999935.1 2.7e+06 2.8e+06 6957
LR999935.1 2.8e+06 2.9e+06 6068
LR999935.1 2.9e+06 3e+06 8694
LR999935.1 3e+06 3.1e+06 7110
LR999935.1 3.1e+06 3.2e+06 21910
LR999935.1 3.2e+06 3.3e+06 24911
LR999935.1 3.3e+06 3.4e+06 10095
LR999935.1 3.4e+06 3.5e+06 27256
LR999935.1 3.5e+06 3.6e+06 13987
LR999935.1 3.6e+06 3.7e+06 18677
LR999935.1 3.7e+06 3.8e+06 10533
LR999935.1 3.8e+06 3.9e+06 16758
LR999935.1 3.9e+06 4e+06 15259
LR999935.1 4e+06 4.1e+06 9827
LR999935.1 4.1e+06 4.2e+06 12220
LR999935.1 4.2e+06 4.3e+06 4532
LR999935.1 4.3e+06 4.4e+06 10253
LR999935.1 4.4e+06 4.5e+06 21564
LR999935.1 4.5e+06 4.6e+06 9074
LR999935.1 4.6e+06 4.7e+06 9647
LR999935.1 4.7e+06 4.8e+06 8892
LR999935.1 4.8e+06 4.9e+06 13252
LR999935.1 4.9e+06 5e+06 14658
LR999935.1 5e+06 5.1e+06 10662
LR999935.1 5.1e+06 5.2e+06 2228
LR999935.1 5.2e+06 5.3e+06 4514
LR999935.1 5.3e+06 5.4e+06 7681
LR999935.1 5.4e+06 5.5e+06 7343
LR999935.1 5.5e+06 5.6e+06 4993
LR999935.1 5.6e+06 5.7e+06 5843
LR999935.1 5.7e+06 5.8e+06 7194
LR999935.1 5.8e+06 5.9e+06 11300
LR999935.1 5.9e+06 6e+06 6048
LR999935.1 6e+06 6.1e+06 4213
LR999935.1 6.1e+06 6.2e+06 10494
LR999935.1 6.2e+06 6.3e+06 11885
LR999935.1 6.3e+06 6.4e+06 12295
LR999935.1 6.4e+06 6.5e+06 8870
LR999935.1 6.5e+06 6.6e+06 8316
LR999935.1 6.6e+06 6.7e+06 6402
LR999935.1 6.7e+06 6.8e+06 3180
LR999935.1 6.8e+06 6.9e+06 8037
LR999935.1 6.9e+06 7e+06 5787
LR999935.1 7e+06 7.1e+06 7569
LR999935.1 7.1e+06 7.2e+06 5540
LR999935.1 7.2e+06 7.3e+06 7728
LR999935.1 7.3e+06 7.4e+06 5636
LR999935.1 7.4e+06 7.5e+06 5361
LR999935.1 7.5e+06 7.6e+06 7519
LR999935.1 7.6e+06 7.7e+06 5420
LR999935.1 7.7e+06 7.8e+06 7151
LR999935.1 7.8e+06 7.9e+06 8763
LR999935.1 7.9e+06 8e+06 1966
LR999935.1 8e+06 8.1e+06 7547
LR999935.1 8.1e+06 8.2e+06 15558
LR999935.1 8.2e+06 8.3e+06 11082
LR999935.1 8.3e+06 8.4e+06 12242
LR999935.1 8.4e+06 8.5e+06 7277
LR999935.1 8.5e+06 8.6e+06 8586
LR999935.1 8.6e+06 8.7e+06 6472
LR999935.1 8.7e+06 8.8e+06 8283
LR999935.1 8.8e+06 8.9e+06 8100
LR999935.1 8.9e+06 9e+06 12978
LR999935.1 9e+06 9.1e+06 14690
LR999935.1 9.1e+06 9.2e+06 4510
LR999935.1 9.2e+06 9.3e+06 7730
LR999935.1 9.3e+06 9.4e+06 4728
LR999935.1 9.4e+06 9.5e+06 8462
LR999935.1 9.5e+06 9.6e+06 11892
LR999935.1 9.6e+06 9.7e+06 7153
LR999935.1 9.7e+06 9.8e+06 16350
LR999935.1 9.8e+06 9.9e+06 15131
LR999935.1 9.9e+06 1e+07 10422
LR999935.1 1e+07 1.01e+07 8400
LR999935.1 1.01e+07 1.02e+07 4944
LR999935.1 1.02e+07 1.03e+07 8105
LR999935.1 1.03e+07 1.04e+07 10389
LR999935.1 1.04e+07 1.05e+07 9938
LR999935.1 1.05e+07 1.06e+07 13489
LR999935.1 1.06e+07 1.07e+07 15728
LR999935.1 1.07e+07 1.08e+07 9505
LR999935.1 1.08e+07 1.09e+07 11647
LR999935.1 1.09e+07 1.1e+07 7673
LR999935.1 1.1e+07 1.11e+07 4824
LR999935.1 1.11e+07 1.12e+07 5514
LR999935.1 1.12e+07 1.13e+07 11137
LR999935.1 1.13e+07 1.14e+07 14409
LR999935.1 1.14e+07 1.15e+07 10113
LR999935.1 1.15e+07 1.16e+07 3890
LR999935.1 1.16e+07 1.17e+07 6021
LR999935.1 1.17e+07 1.18e+07 17716
LR999935.1 1.18e+07 1.19e+07 18531
LR999935.1 1.19e+07 1.2e+07 17361
LR999935.1 1.2e+07 1.21e+07 16284
LR999935.1 1.21e+07 1.22e+07 13118
LR999935.1 1.22e+07 1.23e+07 7853
LR999935.1 1.23e+07 1.24e+07 9092
LR999935.1 1.24e+07 1.25e+07 4745
LR999935.1 1.25e+07 1.26e+07 3449
LR999935.1 1.26e+07 1.27e+07 9560
LR999935.1 1.27e+07 1.28e+07 8119
LR999935.1 1.28e+07 1.29e+07 10294
LR999935.1 1.29e+07 1.3e+07 11240
LR999935.1 1.3e+07 1.31e+07 7546
LR999935.1 1.31e+07 1.32e+07 9405
LR999935.1 1.32e+07 1.33e+07 5326
LR999935.1 1.33e+07 1.34e+07 10912
LR999935.1 1.34e+07 1.35e+07 17685
LR999935.1 1.35e+07 1.36e+07 11792
LR999935.1 1.36e+07 1.37e+07 9682
LR999935.1 1.37e+07 1.38e+07 12924
LR999935.1 1.38e+07 1.39e+07 13367
LR999935.1 1.39e+07 1.4e+07 7160
LR999935.1 1.4e+07 1.41e+07 9293
LR999935.1 1.41e+07 1.42e+07 6136
LR999935.1 1.42e+07 1.43e+07 8407
LR999935.1 1.43e+07 1.44e+07 7539
LR999935.1 1.44e+07 1.45e+07 23630
LR999935.1 1.45e+07 1.46e+07 18384
LR999935.1 1.46e+07 1.47e+07 11001
LR999935.1 1.47e+07 1.48e+07 12289
LR999935.1 1.48e+07 14868897 8586
