LR999945.1 1 100000 10282
LR999945.1 100001 200000 11518
LR999945.1 200001 300000 11038
LR999945.1 300001 400000 9178
LR999945.1 400001 500000 11084
LR999945.1 500001 600000 8586
LR999945.1 600001 700000 12262
LR999945.1 700001 800000 14625
LR999945.1 800001 900000 10988
LR999945.1 900001 1e+06 10483
LR999945.1 1e+06 1.1e+06 13996
LR999945.1 1.1e+06 1.2e+06 2504
LR999945.1 1.2e+06 1.3e+06 3877
LR999945.1 1.3e+06 1.4e+06 6944
LR999945.1 1.4e+06 1.5e+06 26112
LR999945.1 1.5e+06 1.6e+06 7894
LR999945.1 1.6e+06 1.7e+06 14990
LR999945.1 1.7e+06 1.8e+06 19837
LR999945.1 1.8e+06 1.9e+06 20672
LR999945.1 1.9e+06 2e+06 16790
LR999945.1 2e+06 2.1e+06 23843
LR999945.1 2.1e+06 2.2e+06 19233
LR999945.1 2.2e+06 2.3e+06 22279
LR999945.1 2.3e+06 2.4e+06 19387
LR999945.1 2.4e+06 2.5e+06 20958
LR999945.1 2.5e+06 2.6e+06 11559
LR999945.1 2.6e+06 2.7e+06 12721
LR999945.1 2.7e+06 2.8e+06 20400
LR999945.1 2.8e+06 2.9e+06 19197
LR999945.1 2.9e+06 3e+06 18313
LR999945.1 3e+06 3.1e+06 14054
LR999945.1 3.1e+06 3.2e+06 12901
LR999945.1 3.2e+06 3.3e+06 14223
LR999945.1 3.3e+06 3.4e+06 3858
LR999945.1 3.4e+06 3.5e+06 13087
LR999945.1 3.5e+06 3.6e+06 12803
LR999945.1 3.6e+06 3.7e+06 11312
LR999945.1 3.7e+06 3.8e+06 15585
LR999945.1 3.8e+06 3.9e+06 15579
LR999945.1 3.9e+06 4e+06 19222
LR999945.1 4e+06 4.1e+06 16769
LR999945.1 4.1e+06 4.2e+06 10981
LR999945.1 4.2e+06 4.3e+06 16994
LR999945.1 4.3e+06 4.4e+06 7794
LR999945.1 4.4e+06 4.5e+06 6284
LR999945.1 4.5e+06 4.6e+06 22663
LR999945.1 4.6e+06 4.7e+06 11537
LR999945.1 4.7e+06 4.8e+06 12424
LR999945.1 4.8e+06 4.9e+06 6267
LR999945.1 4.9e+06 5e+06 12652
LR999945.1 5e+06 5.1e+06 5824
LR999945.1 5.1e+06 5.2e+06 4638
LR999945.1 5.2e+06 5.3e+06 8136
LR999945.1 5.3e+06 5.4e+06 16492
LR999945.1 5.4e+06 5.5e+06 18809
LR999945.1 5.5e+06 5.6e+06 13237
LR999945.1 5.6e+06 5.7e+06 4822
LR999945.1 5.7e+06 5.8e+06 8218
LR999945.1 5.8e+06 5.9e+06 5405
LR999945.1 5.9e+06 6e+06 7489
LR999945.1 6e+06 6.1e+06 8665
LR999945.1 6.1e+06 6.2e+06 20456
LR999945.1 6.2e+06 6.3e+06 13448
LR999945.1 6.3e+06 6.4e+06 11374
LR999945.1 6.4e+06 6.5e+06 15827
LR999945.1 6.5e+06 6.6e+06 16146
LR999945.1 6.6e+06 6.7e+06 12100
LR999945.1 6.7e+06 6.8e+06 16499
LR999945.1 6.8e+06 6.9e+06 8047
LR999945.1 6.9e+06 7e+06 3731
LR999945.1 7e+06 7.1e+06 9626
LR999945.1 7.1e+06 7.2e+06 6137
LR999945.1 7.2e+06 7.3e+06 6971
LR999945.1 7.3e+06 7.4e+06 19679
LR999945.1 7.4e+06 7.5e+06 12712
LR999945.1 7.5e+06 7.6e+06 7197
LR999945.1 7.6e+06 7.7e+06 6812
LR999945.1 7.7e+06 7.8e+06 9891
LR999945.1 7.8e+06 7.9e+06 12883
LR999945.1 7.9e+06 8e+06 13847
LR999945.1 8e+06 8.1e+06 9278
LR999945.1 8.1e+06 8.2e+06 8829
LR999945.1 8.2e+06 8.3e+06 11580
LR999945.1 8.3e+06 8.4e+06 12394
LR999945.1 8.4e+06 8.5e+06 20263
LR999945.1 8.5e+06 8.6e+06 9893
LR999945.1 8.6e+06 8.7e+06 9219
LR999945.1 8.7e+06 8.8e+06 9543
LR999945.1 8.8e+06 8.9e+06 7310
LR999945.1 8.9e+06 9e+06 10269
LR999945.1 9e+06 9.1e+06 7179
LR999945.1 9.1e+06 9.2e+06 15731
LR999945.1 9.2e+06 9.3e+06 14132
LR999945.1 9.3e+06 9.4e+06 11830
LR999945.1 9.4e+06 9.5e+06 11210
LR999945.1 9.5e+06 9.6e+06 4604
LR999945.1 9.6e+06 9.7e+06 26917
LR999945.1 9.7e+06 9.8e+06 18528
LR999945.1 9.8e+06 9.9e+06 33907
LR999945.1 9.9e+06 1e+07 13548
LR999945.1 1e+07 1.01e+07 12378
LR999945.1 1.01e+07 1.02e+07 12884
LR999945.1 1.02e+07 1.03e+07 12927
LR999945.1 1.03e+07 1.04e+07 21055
LR999945.1 1.04e+07 1.05e+07 22193
LR999945.1 1.05e+07 1.06e+07 18600
LR999945.1 1.06e+07 1.07e+07 10719
LR999945.1 1.07e+07 1.08e+07 13617
LR999945.1 1.08e+07 1.09e+07 13006
LR999945.1 1.09e+07 1.1e+07 23449
LR999945.1 1.1e+07 1.11e+07 12240
LR999945.1 1.11e+07 1.12e+07 9767
LR999945.1 1.12e+07 1.13e+07 13197
LR999945.1 1.13e+07 1.14e+07 14267
LR999945.1 1.14e+07 1.15e+07 15240
LR999945.1 1.15e+07 1.16e+07 15936
LR999945.1 1.16e+07 1.17e+07 13874
LR999945.1 1.17e+07 1.18e+07 13451
LR999945.1 1.18e+07 1.19e+07 20355
LR999945.1 1.19e+07 1.2e+07 16786
LR999945.1 1.2e+07 1.21e+07 14374
LR999945.1 1.21e+07 1.22e+07 18741
LR999945.1 1.22e+07 1.23e+07 21170
LR999945.1 1.23e+07 1.24e+07 20253
LR999945.1 1.24e+07 1.25e+07 17685
LR999945.1 1.25e+07 1.26e+07 11810
LR999945.1 1.26e+07 1.27e+07 8921
LR999945.1 1.27e+07 1.28e+07 6747
LR999945.1 1.28e+07 12861081 2475
