LR999940.1 1 100000 44840
LR999940.1 100001 200000 51298
LR999940.1 200001 300000 58750
LR999940.1 300001 400000 37944
LR999940.1 400001 500000 42394
LR999940.1 500001 600000 46989
LR999940.1 600001 700000 44602
LR999940.1 700001 800000 29194
LR999940.1 800001 900000 41869
LR999940.1 900001 1e+06 52607
LR999940.1 1e+06 1.1e+06 45930
LR999940.1 1.1e+06 1.2e+06 53341
LR999940.1 1.2e+06 1.3e+06 41644
LR999940.1 1.3e+06 1.4e+06 45321
LR999940.1 1.4e+06 1.5e+06 41088
LR999940.1 1.5e+06 1.6e+06 44893
LR999940.1 1.6e+06 1.7e+06 53166
LR999940.1 1.7e+06 1.8e+06 31540
LR999940.1 1.8e+06 1.9e+06 58496
LR999940.1 1.9e+06 2e+06 39308
LR999940.1 2e+06 2.1e+06 50159
LR999940.1 2.1e+06 2.2e+06 66320
LR999940.1 2.2e+06 2.3e+06 66315
LR999940.1 2.3e+06 2.4e+06 33468
LR999940.1 2.4e+06 2.5e+06 44440
LR999940.1 2.5e+06 2.6e+06 50088
LR999940.1 2.6e+06 2.7e+06 43003
LR999940.1 2.7e+06 2.8e+06 41233
LR999940.1 2.8e+06 2.9e+06 50509
LR999940.1 2.9e+06 3e+06 35860
LR999940.1 3e+06 3.1e+06 47246
LR999940.1 3.1e+06 3.2e+06 61192
LR999940.1 3.2e+06 3.3e+06 44010
LR999940.1 3.3e+06 3.4e+06 25077
LR999940.1 3.4e+06 3.5e+06 43491
LR999940.1 3.5e+06 3.6e+06 35866
LR999940.1 3.6e+06 3.7e+06 37373
LR999940.1 3.7e+06 3.8e+06 30307
LR999940.1 3.8e+06 3.9e+06 43026
LR999940.1 3.9e+06 4e+06 47726
LR999940.1 4e+06 4.1e+06 53862
LR999940.1 4.1e+06 4.2e+06 44480
LR999940.1 4.2e+06 4.3e+06 37981
LR999940.1 4.3e+06 4.4e+06 31287
LR999940.1 4.4e+06 4.5e+06 47874
LR999940.1 4.5e+06 4.6e+06 33382
LR999940.1 4.6e+06 4.7e+06 48081
LR999940.1 4.7e+06 4.8e+06 28005
LR999940.1 4.8e+06 4.9e+06 49859
LR999940.1 4.9e+06 5e+06 48607
LR999940.1 5e+06 5.1e+06 48801
LR999940.1 5.1e+06 5.2e+06 25341
LR999940.1 5.2e+06 5.3e+06 43398
LR999940.1 5.3e+06 5.4e+06 39389
LR999940.1 5.4e+06 5.5e+06 36204
LR999940.1 5.5e+06 5.6e+06 37246
LR999940.1 5.6e+06 5.7e+06 45871
LR999940.1 5.7e+06 5.8e+06 22434
LR999940.1 5.8e+06 5.9e+06 27207
LR999940.1 5.9e+06 6e+06 34088
LR999940.1 6e+06 6.1e+06 37864
LR999940.1 6.1e+06 6.2e+06 47100
LR999940.1 6.2e+06 6.3e+06 48794
LR999940.1 6.3e+06 6.4e+06 45672
LR999940.1 6.4e+06 6.5e+06 40610
LR999940.1 6.5e+06 6.6e+06 18179
LR999940.1 6.6e+06 6.7e+06 14900
LR999940.1 6.7e+06 6.8e+06 4295
LR999940.1 6.8e+06 6.9e+06 10800
LR999940.1 6.9e+06 7e+06 27940
LR999940.1 7e+06 7.1e+06 24580
LR999940.1 7.1e+06 7.2e+06 44220
LR999940.1 7.2e+06 7.3e+06 19716
LR999940.1 7.3e+06 7.4e+06 30897
LR999940.1 7.4e+06 7.5e+06 40533
LR999940.1 7.5e+06 7.6e+06 32268
LR999940.1 7.6e+06 7.7e+06 40397
LR999940.1 7.7e+06 7.8e+06 37138
LR999940.1 7.8e+06 7.9e+06 48016
LR999940.1 7.9e+06 8e+06 50624
LR999940.1 8e+06 8.1e+06 14316
LR999940.1 8.1e+06 8.2e+06 55897
LR999940.1 8.2e+06 8.3e+06 52305
LR999940.1 8.3e+06 8.4e+06 51927
LR999940.1 8.4e+06 8.5e+06 32701
LR999940.1 8.5e+06 8.6e+06 43869
LR999940.1 8.6e+06 8.7e+06 48964
LR999940.1 8.7e+06 8.8e+06 50876
LR999940.1 8.8e+06 8.9e+06 40255
LR999940.1 8.9e+06 9e+06 32329
LR999940.1 9e+06 9.1e+06 28704
LR999940.1 9.1e+06 9.2e+06 44165
LR999940.1 9.2e+06 9.3e+06 54109
LR999940.1 9.3e+06 9.4e+06 54106
LR999940.1 9.4e+06 9.5e+06 39914
LR999940.1 9.5e+06 9.6e+06 58605
LR999940.1 9.6e+06 9.7e+06 51660
LR999940.1 9.7e+06 9.8e+06 45161
LR999940.1 9.8e+06 9.9e+06 39135
LR999940.1 9.9e+06 1e+07 54750
LR999940.1 1e+07 1.01e+07 46994
LR999940.1 1.01e+07 1.02e+07 40982
LR999940.1 1.02e+07 1.03e+07 47186
LR999940.1 1.03e+07 1.04e+07 43896
LR999940.1 1.04e+07 1.05e+07 34403
LR999940.1 1.05e+07 1.06e+07 38043
LR999940.1 1.06e+07 1.07e+07 48054
LR999940.1 1.07e+07 1.08e+07 39824
LR999940.1 1.08e+07 1.09e+07 47264
LR999940.1 1.09e+07 1.1e+07 34725
LR999940.1 1.1e+07 1.11e+07 36203
LR999940.1 1.11e+07 1.12e+07 41540
LR999940.1 1.12e+07 1.13e+07 39601
LR999940.1 1.13e+07 1.14e+07 40262
LR999940.1 1.14e+07 1.15e+07 40288
LR999940.1 1.15e+07 1.16e+07 43498
LR999940.1 1.16e+07 1.17e+07 60316
LR999940.1 1.17e+07 1.18e+07 45011
LR999940.1 1.18e+07 1.19e+07 47401
LR999940.1 1.19e+07 1.2e+07 53112
LR999940.1 1.2e+07 1.21e+07 48468
LR999940.1 1.21e+07 1.22e+07 46856
LR999940.1 1.22e+07 1.23e+07 30800
LR999940.1 1.23e+07 1.24e+07 45597
LR999940.1 1.24e+07 1.25e+07 43811
LR999940.1 1.25e+07 1.26e+07 56273
LR999940.1 1.26e+07 1.27e+07 33461
LR999940.1 1.27e+07 1.28e+07 46697
LR999940.1 1.28e+07 1.29e+07 45179
LR999940.1 1.29e+07 1.3e+07 56175
LR999940.1 1.3e+07 1.31e+07 42723
LR999940.1 1.31e+07 1.32e+07 47373
LR999940.1 1.32e+07 1.33e+07 48881
LR999940.1 1.33e+07 1.34e+07 50985
LR999940.1 1.34e+07 1.35e+07 49500
LR999940.1 1.35e+07 1.36e+07 44908
LR999940.1 1.36e+07 1.37e+07 56248
LR999940.1 1.37e+07 1.38e+07 41487
LR999940.1 1.38e+07 13819298 5387
