LR999943.1 1 100000 12464
LR999943.1 100001 200000 10678
LR999943.1 200001 300000 8186
LR999943.1 300001 400000 11184
LR999943.1 400001 500000 7140
LR999943.1 500001 600000 10675
LR999943.1 600001 700000 15713
LR999943.1 700001 800000 13809
LR999943.1 800001 900000 19831
LR999943.1 900001 1e+06 20918
LR999943.1 1e+06 1.1e+06 24550
LR999943.1 1.1e+06 1.2e+06 17361
LR999943.1 1.2e+06 1.3e+06 19556
LR999943.1 1.3e+06 1.4e+06 17559
LR999943.1 1.4e+06 1.5e+06 21328
LR999943.1 1.5e+06 1.6e+06 26888
LR999943.1 1.6e+06 1.7e+06 24900
LR999943.1 1.7e+06 1.8e+06 28179
LR999943.1 1.8e+06 1.9e+06 15288
LR999943.1 1.9e+06 2e+06 17615
LR999943.1 2e+06 2.1e+06 17972
LR999943.1 2.1e+06 2.2e+06 14543
LR999943.1 2.2e+06 2.3e+06 18927
LR999943.1 2.3e+06 2.4e+06 16140
LR999943.1 2.4e+06 2.5e+06 14162
LR999943.1 2.5e+06 2.6e+06 15099
LR999943.1 2.6e+06 2.7e+06 16560
LR999943.1 2.7e+06 2.8e+06 7893
LR999943.1 2.8e+06 2.9e+06 12506
LR999943.1 2.9e+06 3e+06 16454
LR999943.1 3e+06 3.1e+06 11701
LR999943.1 3.1e+06 3.2e+06 22679
LR999943.1 3.2e+06 3.3e+06 18517
LR999943.1 3.3e+06 3.4e+06 10879
LR999943.1 3.4e+06 3.5e+06 8892
LR999943.1 3.5e+06 3.6e+06 6712
LR999943.1 3.6e+06 3.7e+06 6759
LR999943.1 3.7e+06 3.8e+06 3962
LR999943.1 3.8e+06 3.9e+06 10674
LR999943.1 3.9e+06 4e+06 13605
LR999943.1 4e+06 4.1e+06 10806
LR999943.1 4.1e+06 4.2e+06 7384
LR999943.1 4.2e+06 4.3e+06 13505
LR999943.1 4.3e+06 4.4e+06 7628
LR999943.1 4.4e+06 4.5e+06 10456
LR999943.1 4.5e+06 4.6e+06 11943
LR999943.1 4.6e+06 4.7e+06 14049
LR999943.1 4.7e+06 4.8e+06 10731
LR999943.1 4.8e+06 4.9e+06 10092
LR999943.1 4.9e+06 5e+06 10904
LR999943.1 5e+06 5.1e+06 6097
LR999943.1 5.1e+06 5.2e+06 9795
LR999943.1 5.2e+06 5.3e+06 8102
LR999943.1 5.3e+06 5.4e+06 6896
LR999943.1 5.4e+06 5.5e+06 6873
LR999943.1 5.5e+06 5.6e+06 6804
LR999943.1 5.6e+06 5.7e+06 19630
LR999943.1 5.7e+06 5.8e+06 14609
LR999943.1 5.8e+06 5.9e+06 11074
LR999943.1 5.9e+06 6e+06 9397
LR999943.1 6e+06 6.1e+06 16378
LR999943.1 6.1e+06 6.2e+06 7729
LR999943.1 6.2e+06 6.3e+06 10076
LR999943.1 6.3e+06 6.4e+06 10466
LR999943.1 6.4e+06 6.5e+06 8832
LR999943.1 6.5e+06 6.6e+06 12443
LR999943.1 6.6e+06 6.7e+06 18907
LR999943.1 6.7e+06 6.8e+06 14296
LR999943.1 6.8e+06 6.9e+06 12629
LR999943.1 6.9e+06 7e+06 4165
LR999943.1 7e+06 7.1e+06 6955
LR999943.1 7.1e+06 7.2e+06 11215
LR999943.1 7.2e+06 7.3e+06 10267
LR999943.1 7.3e+06 7.4e+06 11563
LR999943.1 7.4e+06 7.5e+06 10823
LR999943.1 7.5e+06 7.6e+06 18953
LR999943.1 7.6e+06 7.7e+06 16002
LR999943.1 7.7e+06 7.8e+06 16818
LR999943.1 7.8e+06 7.9e+06 11961
LR999943.1 7.9e+06 8e+06 4394
LR999943.1 8e+06 8.1e+06 5832
LR999943.1 8.1e+06 8.2e+06 6362
LR999943.1 8.2e+06 8.3e+06 9569
LR999943.1 8.3e+06 8.4e+06 7248
LR999943.1 8.4e+06 8.5e+06 5407
LR999943.1 8.5e+06 8.6e+06 4296
LR999943.1 8.6e+06 8.7e+06 9883
LR999943.1 8.7e+06 8.8e+06 13338
LR999943.1 8.8e+06 8.9e+06 15495
LR999943.1 8.9e+06 9e+06 12133
LR999943.1 9e+06 9.1e+06 13807
LR999943.1 9.1e+06 9.2e+06 12987
LR999943.1 9.2e+06 9.3e+06 12151
LR999943.1 9.3e+06 9.4e+06 6958
LR999943.1 9.4e+06 9.5e+06 5951
LR999943.1 9.5e+06 9.6e+06 12296
LR999943.1 9.6e+06 9.7e+06 12361
LR999943.1 9.7e+06 9.8e+06 10309
LR999943.1 9.8e+06 9.9e+06 8038
LR999943.1 9.9e+06 1e+07 10923
LR999943.1 1e+07 1.01e+07 13265
LR999943.1 1.01e+07 1.02e+07 12201
LR999943.1 1.02e+07 1.03e+07 15711
LR999943.1 1.03e+07 1.04e+07 21014
LR999943.1 1.04e+07 1.05e+07 14301
LR999943.1 1.05e+07 1.06e+07 18254
LR999943.1 1.06e+07 1.07e+07 18589
LR999943.1 1.07e+07 1.08e+07 24184
LR999943.1 1.08e+07 1.09e+07 19381
LR999943.1 1.09e+07 1.1e+07 17849
LR999943.1 1.1e+07 1.11e+07 14643
LR999943.1 1.11e+07 1.12e+07 14655
LR999943.1 1.12e+07 1.13e+07 11438
LR999943.1 1.13e+07 1.14e+07 11512
LR999943.1 1.14e+07 1.15e+07 7093
LR999943.1 1.15e+07 1.16e+07 6393
LR999943.1 1.16e+07 1.17e+07 15796
LR999943.1 1.17e+07 1.18e+07 21936
LR999943.1 1.18e+07 1.19e+07 14377
LR999943.1 1.19e+07 1.2e+07 15558
LR999943.1 1.2e+07 1.21e+07 16615
LR999943.1 1.21e+07 1.22e+07 10160
LR999943.1 1.22e+07 1.23e+07 8541
LR999943.1 1.23e+07 1.24e+07 15852
LR999943.1 1.24e+07 1.25e+07 14154
LR999943.1 1.25e+07 1.26e+07 20154
LR999943.1 1.26e+07 1.27e+07 16986
LR999943.1 1.27e+07 1.28e+07 8557
LR999943.1 1.28e+07 1.29e+07 9151
LR999943.1 1.29e+07 1.3e+07 10386
LR999943.1 1.3e+07 1.31e+07 26352
LR999943.1 1.31e+07 1.32e+07 16706
LR999943.1 1.32e+07 13236624 8420
