LR999937.1 1 100000 24170
LR999937.1 100001 200000 9556
LR999937.1 200001 300000 10588
LR999937.1 300001 400000 19520
LR999937.1 400001 500000 17980
LR999937.1 500001 600000 18549
LR999937.1 600001 700000 19699
LR999937.1 700001 800000 24779
LR999937.1 800001 900000 21293
LR999937.1 900001 1e+06 15749
LR999937.1 1e+06 1.1e+06 14513
LR999937.1 1.1e+06 1.2e+06 12118
LR999937.1 1.2e+06 1.3e+06 26305
LR999937.1 1.3e+06 1.4e+06 24184
LR999937.1 1.4e+06 1.5e+06 19130
LR999937.1 1.5e+06 1.6e+06 20027
LR999937.1 1.6e+06 1.7e+06 18572
LR999937.1 1.7e+06 1.8e+06 24566
LR999937.1 1.8e+06 1.9e+06 28632
LR999937.1 1.9e+06 2e+06 19136
LR999937.1 2e+06 2.1e+06 17655
LR999937.1 2.1e+06 2.2e+06 14017
LR999937.1 2.2e+06 2.3e+06 15872
LR999937.1 2.3e+06 2.4e+06 24113
LR999937.1 2.4e+06 2.5e+06 15546
LR999937.1 2.5e+06 2.6e+06 23171
LR999937.1 2.6e+06 2.7e+06 13866
LR999937.1 2.7e+06 2.8e+06 26675
LR999937.1 2.8e+06 2.9e+06 18979
LR999937.1 2.9e+06 3e+06 14943
LR999937.1 3e+06 3.1e+06 11551
LR999937.1 3.1e+06 3.2e+06 12049
LR999937.1 3.2e+06 3.3e+06 18373
LR999937.1 3.3e+06 3.4e+06 18202
LR999937.1 3.4e+06 3.5e+06 17793
LR999937.1 3.5e+06 3.6e+06 17373
LR999937.1 3.6e+06 3.7e+06 17998
LR999937.1 3.7e+06 3.8e+06 19202
LR999937.1 3.8e+06 3.9e+06 18797
LR999937.1 3.9e+06 4e+06 18992
LR999937.1 4e+06 4.1e+06 13276
LR999937.1 4.1e+06 4.2e+06 15029
LR999937.1 4.2e+06 4.3e+06 7299
LR999937.1 4.3e+06 4.4e+06 12193
LR999937.1 4.4e+06 4.5e+06 3675
LR999937.1 4.5e+06 4.6e+06 15669
LR999937.1 4.6e+06 4.7e+06 15905
LR999937.1 4.7e+06 4.8e+06 8604
LR999937.1 4.8e+06 4.9e+06 9390
LR999937.1 4.9e+06 5e+06 11083
LR999937.1 5e+06 5.1e+06 7303
LR999937.1 5.1e+06 5.2e+06 16632
LR999937.1 5.2e+06 5.3e+06 11841
LR999937.1 5.3e+06 5.4e+06 5071
LR999937.1 5.4e+06 5.5e+06 9217
LR999937.1 5.5e+06 5.6e+06 12062
LR999937.1 5.6e+06 5.7e+06 10654
LR999937.1 5.7e+06 5.8e+06 5367
LR999937.1 5.8e+06 5.9e+06 5309
LR999937.1 5.9e+06 6e+06 9111
LR999937.1 6e+06 6.1e+06 5570
LR999937.1 6.1e+06 6.2e+06 8416
LR999937.1 6.2e+06 6.3e+06 2436
LR999937.1 6.3e+06 6.4e+06 5720
LR999937.1 6.4e+06 6.5e+06 12444
LR999937.1 6.5e+06 6.6e+06 11969
LR999937.1 6.6e+06 6.7e+06 10659
LR999937.1 6.7e+06 6.8e+06 16239
LR999937.1 6.8e+06 6.9e+06 15569
LR999937.1 6.9e+06 7e+06 17045
LR999937.1 7e+06 7.1e+06 12839
LR999937.1 7.1e+06 7.2e+06 6862
LR999937.1 7.2e+06 7.3e+06 7556
LR999937.1 7.3e+06 7.4e+06 8805
LR999937.1 7.4e+06 7.5e+06 12811
LR999937.1 7.5e+06 7.6e+06 11914
LR999937.1 7.6e+06 7.7e+06 18769
LR999937.1 7.7e+06 7.8e+06 8990
LR999937.1 7.8e+06 7.9e+06 7942
LR999937.1 7.9e+06 8e+06 16711
LR999937.1 8e+06 8.1e+06 13811
LR999937.1 8.1e+06 8.2e+06 4637
LR999937.1 8.2e+06 8.3e+06 13769
LR999937.1 8.3e+06 8.4e+06 4693
LR999937.1 8.4e+06 8.5e+06 6743
LR999937.1 8.5e+06 8.6e+06 8390
LR999937.1 8.6e+06 8.7e+06 15876
LR999937.1 8.7e+06 8.8e+06 12348
LR999937.1 8.8e+06 8.9e+06 12715
LR999937.1 8.9e+06 9e+06 9205
LR999937.1 9e+06 9.1e+06 12290
LR999937.1 9.1e+06 9.2e+06 15253
LR999937.1 9.2e+06 9.3e+06 17096
LR999937.1 9.3e+06 9.4e+06 10162
LR999937.1 9.4e+06 9.5e+06 17406
LR999937.1 9.5e+06 9.6e+06 16797
LR999937.1 9.6e+06 9.7e+06 14588
LR999937.1 9.7e+06 9.8e+06 12428
LR999937.1 9.8e+06 9.9e+06 13448
LR999937.1 9.9e+06 1e+07 16805
LR999937.1 1e+07 1.01e+07 12347
LR999937.1 1.01e+07 1.02e+07 8957
LR999937.1 1.02e+07 1.03e+07 14975
LR999937.1 1.03e+07 1.04e+07 9049
LR999937.1 1.04e+07 1.05e+07 11601
LR999937.1 1.05e+07 1.06e+07 13555
LR999937.1 1.06e+07 1.07e+07 5714
LR999937.1 1.07e+07 1.08e+07 11431
LR999937.1 1.08e+07 1.09e+07 7886
LR999937.1 1.09e+07 1.1e+07 6724
LR999937.1 1.1e+07 1.11e+07 6655
LR999937.1 1.11e+07 1.12e+07 10135
LR999937.1 1.12e+07 1.13e+07 11386
LR999937.1 1.13e+07 1.14e+07 4723
LR999937.1 1.14e+07 1.15e+07 14195
LR999937.1 1.15e+07 1.16e+07 9294
LR999937.1 1.16e+07 1.17e+07 13182
LR999937.1 1.17e+07 1.18e+07 10168
LR999937.1 1.18e+07 1.19e+07 11078
LR999937.1 1.19e+07 1.2e+07 11575
LR999937.1 1.2e+07 1.21e+07 11006
LR999937.1 1.21e+07 1.22e+07 12663
LR999937.1 1.22e+07 1.23e+07 10129
LR999937.1 1.23e+07 1.24e+07 14866
LR999937.1 1.24e+07 1.25e+07 14060
LR999937.1 1.25e+07 1.26e+07 16915
LR999937.1 1.26e+07 1.27e+07 27919
LR999937.1 1.27e+07 1.28e+07 18595
LR999937.1 1.28e+07 1.29e+07 18179
LR999937.1 1.29e+07 1.3e+07 19097
LR999937.1 1.3e+07 1.31e+07 21737
LR999937.1 1.31e+07 1.32e+07 15590
LR999937.1 1.32e+07 1.33e+07 13089
LR999937.1 1.33e+07 1.34e+07 17020
LR999937.1 1.34e+07 1.35e+07 14206
LR999937.1 1.35e+07 1.36e+07 10820
LR999937.1 1.36e+07 1.37e+07 10772
LR999937.1 1.37e+07 1.38e+07 15528
LR999937.1 1.38e+07 1.39e+07 5671
LR999937.1 1.39e+07 1.4e+07 31034
LR999937.1 1.4e+07 1.41e+07 16346
LR999937.1 1.41e+07 1.42e+07 16480
LR999937.1 1.42e+07 1.43e+07 16320
LR999937.1 1.43e+07 1.44e+07 15339
LR999937.1 1.44e+07 1.45e+07 10164
LR999937.1 1.45e+07 1.46e+07 5702
LR999937.1 1.46e+07 14615999 1602
