LR999930.1 1 100000 13370
LR999930.1 100001 200000 15049
LR999930.1 200001 300000 19970
LR999930.1 300001 400000 14596
LR999930.1 400001 500000 16537
LR999930.1 500001 600000 14526
LR999930.1 600001 700000 18547
LR999930.1 700001 800000 25297
LR999930.1 800001 900000 21377
LR999930.1 900001 1e+06 26330
LR999930.1 1e+06 1.1e+06 17846
LR999930.1 1.1e+06 1.2e+06 9670
LR999930.1 1.2e+06 1.3e+06 14495
LR999930.1 1.3e+06 1.4e+06 19937
LR999930.1 1.4e+06 1.5e+06 11732
LR999930.1 1.5e+06 1.6e+06 14355
LR999930.1 1.6e+06 1.7e+06 11822
LR999930.1 1.7e+06 1.8e+06 9927
LR999930.1 1.8e+06 1.9e+06 11488
LR999930.1 1.9e+06 2e+06 13919
LR999930.1 2e+06 2.1e+06 6288
LR999930.1 2.1e+06 2.2e+06 5586
LR999930.1 2.2e+06 2.3e+06 9920
LR999930.1 2.3e+06 2.4e+06 3020
LR999930.1 2.4e+06 2.5e+06 6563
LR999930.1 2.5e+06 2.6e+06 4503
LR999930.1 2.6e+06 2.7e+06 5260
LR999930.1 2.7e+06 2.8e+06 8367
LR999930.1 2.8e+06 2.9e+06 4756
LR999930.1 2.9e+06 3e+06 14308
LR999930.1 3e+06 3.1e+06 6927
LR999930.1 3.1e+06 3.2e+06 12184
LR999930.1 3.2e+06 3.3e+06 14473
LR999930.1 3.3e+06 3.4e+06 7701
LR999930.1 3.4e+06 3.5e+06 10115
LR999930.1 3.5e+06 3.6e+06 9048
LR999930.1 3.6e+06 3.7e+06 10993
LR999930.1 3.7e+06 3.8e+06 8153
LR999930.1 3.8e+06 3.9e+06 12245
LR999930.1 3.9e+06 4e+06 11131
LR999930.1 4e+06 4.1e+06 14701
LR999930.1 4.1e+06 4.2e+06 18711
LR999930.1 4.2e+06 4.3e+06 9249
LR999930.1 4.3e+06 4.4e+06 6458
LR999930.1 4.4e+06 4.5e+06 3318
LR999930.1 4.5e+06 4.6e+06 8786
LR999930.1 4.6e+06 4.7e+06 7530
LR999930.1 4.7e+06 4.8e+06 11477
LR999930.1 4.8e+06 4.9e+06 7242
LR999930.1 4.9e+06 5e+06 9084
LR999930.1 5e+06 5.1e+06 7254
LR999930.1 5.1e+06 5.2e+06 11502
LR999930.1 5.2e+06 5.3e+06 7793
LR999930.1 5.3e+06 5.4e+06 8098
LR999930.1 5.4e+06 5.5e+06 9778
LR999930.1 5.5e+06 5.6e+06 3925
LR999930.1 5.6e+06 5.7e+06 9667
LR999930.1 5.7e+06 5.8e+06 16648
LR999930.1 5.8e+06 5.9e+06 18753
LR999930.1 5.9e+06 6e+06 12827
LR999930.1 6e+06 6.1e+06 4515
LR999930.1 6.1e+06 6.2e+06 14922
LR999930.1 6.2e+06 6.3e+06 10700
LR999930.1 6.3e+06 6.4e+06 10594
LR999930.1 6.4e+06 6.5e+06 10748
LR999930.1 6.5e+06 6.6e+06 13645
LR999930.1 6.6e+06 6.7e+06 7682
LR999930.1 6.7e+06 6.8e+06 5574
LR999930.1 6.8e+06 6.9e+06 4571
LR999930.1 6.9e+06 7e+06 12751
LR999930.1 7e+06 7.1e+06 11639
LR999930.1 7.1e+06 7.2e+06 8788
LR999930.1 7.2e+06 7.3e+06 7388
LR999930.1 7.3e+06 7.4e+06 4901
LR999930.1 7.4e+06 7.5e+06 3725
LR999930.1 7.5e+06 7.6e+06 8829
LR999930.1 7.6e+06 7.7e+06 13791
LR999930.1 7.7e+06 7.8e+06 7365
LR999930.1 7.8e+06 7.9e+06 5689
LR999930.1 7.9e+06 8e+06 4429
LR999930.1 8e+06 8.1e+06 7388
LR999930.1 8.1e+06 8.2e+06 17675
LR999930.1 8.2e+06 8.3e+06 5655
LR999930.1 8.3e+06 8.4e+06 13127
LR999930.1 8.4e+06 8.5e+06 10330
LR999930.1 8.5e+06 8.6e+06 4831
LR999930.1 8.6e+06 8.7e+06 7389
LR999930.1 8.7e+06 8.8e+06 6614
LR999930.1 8.8e+06 8.9e+06 9175
LR999930.1 8.9e+06 9e+06 7404
LR999930.1 9e+06 9.1e+06 4464
LR999930.1 9.1e+06 9.2e+06 7436
LR999930.1 9.2e+06 9.3e+06 4292
LR999930.1 9.3e+06 9.4e+06 6606
LR999930.1 9.4e+06 9.5e+06 9696
LR999930.1 9.5e+06 9.6e+06 14445
LR999930.1 9.6e+06 9.7e+06 11623
LR999930.1 9.7e+06 9.8e+06 9988
LR999930.1 9.8e+06 9.9e+06 12114
LR999930.1 9.9e+06 1e+07 7240
LR999930.1 1e+07 1.01e+07 25071
LR999930.1 1.01e+07 1.02e+07 14334
LR999930.1 1.02e+07 1.03e+07 13190
LR999930.1 1.03e+07 1.04e+07 20598
LR999930.1 1.04e+07 1.05e+07 7072
LR999930.1 1.05e+07 1.06e+07 10149
LR999930.1 1.06e+07 1.07e+07 13737
LR999930.1 1.07e+07 1.08e+07 21283
LR999930.1 1.08e+07 1.09e+07 12540
LR999930.1 1.09e+07 1.1e+07 11322
LR999930.1 1.1e+07 1.11e+07 14638
LR999930.1 1.11e+07 1.12e+07 12448
LR999930.1 1.12e+07 1.13e+07 6828
LR999930.1 1.13e+07 1.14e+07 19476
LR999930.1 1.14e+07 1.15e+07 18427
LR999930.1 1.15e+07 1.16e+07 15042
LR999930.1 1.16e+07 1.17e+07 13585
LR999930.1 1.17e+07 1.18e+07 11113
LR999930.1 1.18e+07 1.19e+07 17972
LR999930.1 1.19e+07 1.2e+07 11781
LR999930.1 1.2e+07 1.21e+07 10200
LR999930.1 1.21e+07 1.22e+07 8438
LR999930.1 1.22e+07 1.23e+07 15035
LR999930.1 1.23e+07 1.24e+07 13646
LR999930.1 1.24e+07 1.25e+07 12501
LR999930.1 1.25e+07 1.26e+07 21490
LR999930.1 1.26e+07 1.27e+07 16697
LR999930.1 1.27e+07 1.28e+07 19802
LR999930.1 1.28e+07 1.29e+07 21973
LR999930.1 1.29e+07 1.3e+07 20570
LR999930.1 1.3e+07 1.31e+07 12441
LR999930.1 1.31e+07 1.32e+07 20744
LR999930.1 1.32e+07 1.33e+07 21005
LR999930.1 1.33e+07 1.34e+07 18228
LR999930.1 1.34e+07 1.35e+07 17198
LR999930.1 1.35e+07 1.36e+07 10303
LR999930.1 1.36e+07 1.37e+07 5988
LR999930.1 1.37e+07 1.38e+07 6034
LR999930.1 1.38e+07 1.39e+07 12869
LR999930.1 1.39e+07 1.4e+07 15050
LR999930.1 1.4e+07 1.41e+07 16003
LR999930.1 1.41e+07 1.42e+07 12749
LR999930.1 1.42e+07 1.43e+07 10019
LR999930.1 1.43e+07 1.44e+07 14427
LR999930.1 1.44e+07 1.45e+07 12732
LR999930.1 1.45e+07 1.46e+07 9155
LR999930.1 1.46e+07 1.47e+07 18436
LR999930.1 1.47e+07 1.48e+07 17560
LR999930.1 1.48e+07 1.49e+07 18789
LR999930.1 1.49e+07 1.5e+07 18791
LR999930.1 1.5e+07 1.51e+07 20482
LR999930.1 1.51e+07 1.52e+07 21893
LR999930.1 1.52e+07 1.53e+07 19827
LR999930.1 1.53e+07 1.54e+07 22284
LR999930.1 1.54e+07 1.55e+07 10147
LR999930.1 1.55e+07 1.56e+07 8131
LR999930.1 1.56e+07 1.57e+07 7291
LR999930.1 1.57e+07 15715213 3499
