LR999952.1 1 100000 86260
LR999952.1 100001 200000 32337
LR999952.1 200001 300000 17572
LR999952.1 300001 400000 18942
LR999952.1 400001 500000 15811
LR999952.1 500001 600000 16379
LR999952.1 600001 700000 25364
LR999952.1 700001 800000 19871
LR999952.1 800001 900000 28302
LR999952.1 900001 1e+06 19638
LR999952.1 1e+06 1.1e+06 31017
LR999952.1 1.1e+06 1.2e+06 26983
LR999952.1 1.2e+06 1.3e+06 30074
LR999952.1 1.3e+06 1.4e+06 22540
LR999952.1 1.4e+06 1.5e+06 13489
LR999952.1 1.5e+06 1.6e+06 12765
LR999952.1 1.6e+06 1.7e+06 21307
LR999952.1 1.7e+06 1.8e+06 24561
LR999952.1 1.8e+06 1.9e+06 22101
LR999952.1 1.9e+06 2e+06 20271
LR999952.1 2e+06 2.1e+06 21756
LR999952.1 2.1e+06 2.2e+06 21944
LR999952.1 2.2e+06 2.3e+06 24118
LR999952.1 2.3e+06 2.4e+06 23775
LR999952.1 2.4e+06 2.5e+06 21236
LR999952.1 2.5e+06 2.6e+06 17709
LR999952.1 2.6e+06 2.7e+06 23012
LR999952.1 2.7e+06 2.8e+06 14174
LR999952.1 2.8e+06 2.9e+06 13656
LR999952.1 2.9e+06 3e+06 11609
LR999952.1 3e+06 3.1e+06 16242
LR999952.1 3.1e+06 3.2e+06 12755
LR999952.1 3.2e+06 3.3e+06 21814
LR999952.1 3.3e+06 3.4e+06 21072
LR999952.1 3.4e+06 3.5e+06 27277
LR999952.1 3.5e+06 3.6e+06 26811
LR999952.1 3.6e+06 3.7e+06 22402
LR999952.1 3.7e+06 3.8e+06 27608
LR999952.1 3.8e+06 3.9e+06 10511
LR999952.1 3.9e+06 4e+06 22349
LR999952.1 4e+06 4.1e+06 17568
LR999952.1 4.1e+06 4.2e+06 18621
LR999952.1 4.2e+06 4.3e+06 19593
LR999952.1 4.3e+06 4.4e+06 10384
LR999952.1 4.4e+06 4.5e+06 14397
LR999952.1 4.5e+06 4.6e+06 18296
LR999952.1 4.6e+06 4.7e+06 12576
LR999952.1 4.7e+06 4.8e+06 13948
LR999952.1 4.8e+06 4.9e+06 19759
LR999952.1 4.9e+06 5e+06 21682
LR999952.1 5e+06 5.1e+06 22253
LR999952.1 5.1e+06 5.2e+06 21664
LR999952.1 5.2e+06 5.3e+06 19505
LR999952.1 5.3e+06 5.4e+06 18708
LR999952.1 5.4e+06 5.5e+06 23936
LR999952.1 5.5e+06 5.6e+06 23902
LR999952.1 5.6e+06 5.7e+06 17770
LR999952.1 5.7e+06 5.8e+06 20902
LR999952.1 5.8e+06 5.9e+06 21996
LR999952.1 5.9e+06 6e+06 28061
LR999952.1 6e+06 6.1e+06 17806
LR999952.1 6.1e+06 6.2e+06 28520
LR999952.1 6.2e+06 6.3e+06 25182
LR999952.1 6.3e+06 6.4e+06 20762
LR999952.1 6.4e+06 6.5e+06 18598
LR999952.1 6.5e+06 6.6e+06 19190
LR999952.1 6.6e+06 6.7e+06 13839
LR999952.1 6.7e+06 6.8e+06 22799
LR999952.1 6.8e+06 6.9e+06 20127
LR999952.1 6.9e+06 7e+06 23118
LR999952.1 7e+06 7.1e+06 21056
LR999952.1 7.1e+06 7.2e+06 15189
LR999952.1 7.2e+06 7.3e+06 16432
LR999952.1 7.3e+06 7.4e+06 10830
LR999952.1 7.4e+06 7.5e+06 19864
LR999952.1 7.5e+06 7.6e+06 19397
LR999952.1 7.6e+06 7.7e+06 11509
LR999952.1 7.7e+06 7.8e+06 18530
LR999952.1 7.8e+06 7.9e+06 22293
LR999952.1 7.9e+06 8e+06 19189
LR999952.1 8e+06 8.1e+06 16717
LR999952.1 8.1e+06 8.2e+06 14153
LR999952.1 8.2e+06 8262369 13849
