LR999932.1 1 100000 18819
LR999932.1 100001 200000 9649
LR999932.1 200001 300000 16797
LR999932.1 300001 400000 22559
LR999932.1 400001 500000 15390
LR999932.1 500001 600000 19080
LR999932.1 600001 700000 22389
LR999932.1 700001 800000 16138
LR999932.1 800001 900000 15458
LR999932.1 900001 1e+06 19375
LR999932.1 1e+06 1.1e+06 17754
LR999932.1 1.1e+06 1.2e+06 8264
LR999932.1 1.2e+06 1.3e+06 14335
LR999932.1 1.3e+06 1.4e+06 12701
LR999932.1 1.4e+06 1.5e+06 10766
LR999932.1 1.5e+06 1.6e+06 12862
LR999932.1 1.6e+06 1.7e+06 12381
LR999932.1 1.7e+06 1.8e+06 17246
LR999932.1 1.8e+06 1.9e+06 13586
LR999932.1 1.9e+06 2e+06 14852
LR999932.1 2e+06 2.1e+06 19951
LR999932.1 2.1e+06 2.2e+06 19484
LR999932.1 2.2e+06 2.3e+06 23391
LR999932.1 2.3e+06 2.4e+06 16650
LR999932.1 2.4e+06 2.5e+06 20453
LR999932.1 2.5e+06 2.6e+06 15397
LR999932.1 2.6e+06 2.7e+06 19247
LR999932.1 2.7e+06 2.8e+06 20444
LR999932.1 2.8e+06 2.9e+06 21962
LR999932.1 2.9e+06 3e+06 18543
LR999932.1 3e+06 3.1e+06 23936
LR999932.1 3.1e+06 3.2e+06 16787
LR999932.1 3.2e+06 3.3e+06 12794
LR999932.1 3.3e+06 3.4e+06 11758
LR999932.1 3.4e+06 3.5e+06 14958
LR999932.1 3.5e+06 3.6e+06 14270
LR999932.1 3.6e+06 3.7e+06 20432
LR999932.1 3.7e+06 3.8e+06 13158
LR999932.1 3.8e+06 3.9e+06 15686
LR999932.1 3.9e+06 4e+06 16098
LR999932.1 4e+06 4.1e+06 22864
LR999932.1 4.1e+06 4.2e+06 22548
LR999932.1 4.2e+06 4.3e+06 22711
LR999932.1 4.3e+06 4.4e+06 22689
LR999932.1 4.4e+06 4.5e+06 17572
LR999932.1 4.5e+06 4.6e+06 7955
LR999932.1 4.6e+06 4.7e+06 11966
LR999932.1 4.7e+06 4.8e+06 11450
LR999932.1 4.8e+06 4.9e+06 7830
LR999932.1 4.9e+06 5e+06 7423
LR999932.1 5e+06 5.1e+06 14914
LR999932.1 5.1e+06 5.2e+06 20508
LR999932.1 5.2e+06 5.3e+06 16238
LR999932.1 5.3e+06 5.4e+06 11364
LR999932.1 5.4e+06 5.5e+06 9901
LR999932.1 5.5e+06 5.6e+06 21217
LR999932.1 5.6e+06 5.7e+06 5773
LR999932.1 5.7e+06 5.8e+06 7294
LR999932.1 5.8e+06 5.9e+06 7478
LR999932.1 5.9e+06 6e+06 16950
LR999932.1 6e+06 6.1e+06 19713
LR999932.1 6.1e+06 6.2e+06 14819
LR999932.1 6.2e+06 6.3e+06 12667
LR999932.1 6.3e+06 6.4e+06 11644
LR999932.1 6.4e+06 6.5e+06 5557
LR999932.1 6.5e+06 6.6e+06 12491
LR999932.1 6.6e+06 6.7e+06 14741
LR999932.1 6.7e+06 6.8e+06 8511
LR999932.1 6.8e+06 6.9e+06 17184
LR999932.1 6.9e+06 7e+06 12241
LR999932.1 7e+06 7.1e+06 8120
LR999932.1 7.1e+06 7.2e+06 9257
LR999932.1 7.2e+06 7.3e+06 16395
LR999932.1 7.3e+06 7.4e+06 17393
LR999932.1 7.4e+06 7.5e+06 6527
LR999932.1 7.5e+06 7.6e+06 3614
LR999932.1 7.6e+06 7.7e+06 9466
LR999932.1 7.7e+06 7.8e+06 872
LR999932.1 7.8e+06 7.9e+06 9300
LR999932.1 7.9e+06 8e+06 4597
LR999932.1 8e+06 8.1e+06 5473
LR999932.1 8.1e+06 8.2e+06 11246
LR999932.1 8.2e+06 8.3e+06 6749
LR999932.1 8.3e+06 8.4e+06 6101
LR999932.1 8.4e+06 8.5e+06 6472
LR999932.1 8.5e+06 8.6e+06 3469
LR999932.1 8.6e+06 8.7e+06 6826
LR999932.1 8.7e+06 8.8e+06 9103
LR999932.1 8.8e+06 8.9e+06 6959
LR999932.1 8.9e+06 9e+06 6493
LR999932.1 9e+06 9.1e+06 3642
LR999932.1 9.1e+06 9.2e+06 17983
LR999932.1 9.2e+06 9.3e+06 17277
LR999932.1 9.3e+06 9.4e+06 16748
LR999932.1 9.4e+06 9.5e+06 14118
LR999932.1 9.5e+06 9.6e+06 7637
LR999932.1 9.6e+06 9.7e+06 14182
LR999932.1 9.7e+06 9.8e+06 10377
LR999932.1 9.8e+06 9.9e+06 2776
LR999932.1 9.9e+06 1e+07 6618
LR999932.1 1e+07 1.01e+07 6211
LR999932.1 1.01e+07 1.02e+07 9273
LR999932.1 1.02e+07 1.03e+07 12027
LR999932.1 1.03e+07 1.04e+07 13406
LR999932.1 1.04e+07 1.05e+07 7408
LR999932.1 1.05e+07 1.06e+07 9936
LR999932.1 1.06e+07 1.07e+07 9554
LR999932.1 1.07e+07 1.08e+07 10457
LR999932.1 1.08e+07 1.09e+07 5536
LR999932.1 1.09e+07 1.1e+07 11137
LR999932.1 1.1e+07 1.11e+07 12794
LR999932.1 1.11e+07 1.12e+07 11102
LR999932.1 1.12e+07 1.13e+07 16818
LR999932.1 1.13e+07 1.14e+07 9369
LR999932.1 1.14e+07 1.15e+07 5769
LR999932.1 1.15e+07 1.16e+07 4853
LR999932.1 1.16e+07 1.17e+07 4497
LR999932.1 1.17e+07 1.18e+07 10933
LR999932.1 1.18e+07 1.19e+07 9015
LR999932.1 1.19e+07 1.2e+07 11672
LR999932.1 1.2e+07 1.21e+07 11477
LR999932.1 1.21e+07 1.22e+07 20469
LR999932.1 1.22e+07 1.23e+07 18210
LR999932.1 1.23e+07 1.24e+07 9652
LR999932.1 1.24e+07 1.25e+07 17039
LR999932.1 1.25e+07 1.26e+07 20791
LR999932.1 1.26e+07 1.27e+07 14213
LR999932.1 1.27e+07 1.28e+07 10615
LR999932.1 1.28e+07 1.29e+07 22737
LR999932.1 1.29e+07 1.3e+07 9160
LR999932.1 1.3e+07 1.31e+07 17780
LR999932.1 1.31e+07 1.32e+07 12351
LR999932.1 1.32e+07 1.33e+07 14531
LR999932.1 1.33e+07 1.34e+07 18986
LR999932.1 1.34e+07 1.35e+07 16166
LR999932.1 1.35e+07 1.36e+07 21083
LR999932.1 1.36e+07 1.37e+07 11459
LR999932.1 1.37e+07 1.38e+07 13850
LR999932.1 1.38e+07 1.39e+07 11831
LR999932.1 1.39e+07 1.4e+07 8156
LR999932.1 1.4e+07 1.41e+07 22931
LR999932.1 1.41e+07 1.42e+07 22112
LR999932.1 1.42e+07 1.43e+07 8901
LR999932.1 1.43e+07 1.44e+07 15177
LR999932.1 1.44e+07 1.45e+07 18066
LR999932.1 1.45e+07 1.46e+07 19987
LR999932.1 1.46e+07 1.47e+07 25695
LR999932.1 1.47e+07 1.48e+07 13602
LR999932.1 1.48e+07 1.49e+07 9852
LR999932.1 1.49e+07 1.5e+07 13446
LR999932.1 1.5e+07 1.51e+07 11883
LR999932.1 1.51e+07 1.52e+07 10638
LR999932.1 1.52e+07 1.53e+07 6156
LR999932.1 1.53e+07 1.54e+07 3839
LR999932.1 1.54e+07 15426761 4100
