LR999936.1 1 100000 11626
LR999936.1 100001 200000 15853
LR999936.1 200001 300000 13891
LR999936.1 300001 400000 7315
LR999936.1 400001 500000 3418
LR999936.1 500001 600000 16429
LR999936.1 600001 700000 14004
LR999936.1 700001 800000 9099
LR999936.1 800001 900000 8646
LR999936.1 900001 1e+06 13125
LR999936.1 1e+06 1.1e+06 19062
LR999936.1 1.1e+06 1.2e+06 8574
LR999936.1 1.2e+06 1.3e+06 11646
LR999936.1 1.3e+06 1.4e+06 18973
LR999936.1 1.4e+06 1.5e+06 8927
LR999936.1 1.5e+06 1.6e+06 10653
LR999936.1 1.6e+06 1.7e+06 11144
LR999936.1 1.7e+06 1.8e+06 14166
LR999936.1 1.8e+06 1.9e+06 17193
LR999936.1 1.9e+06 2e+06 8762
LR999936.1 2e+06 2.1e+06 13486
LR999936.1 2.1e+06 2.2e+06 15380
LR999936.1 2.2e+06 2.3e+06 25131
LR999936.1 2.3e+06 2.4e+06 22152
LR999936.1 2.4e+06 2.5e+06 14277
LR999936.1 2.5e+06 2.6e+06 12889
LR999936.1 2.6e+06 2.7e+06 18665
LR999936.1 2.7e+06 2.8e+06 24265
LR999936.1 2.8e+06 2.9e+06 18911
LR999936.1 2.9e+06 3e+06 8784
LR999936.1 3e+06 3.1e+06 9487
LR999936.1 3.1e+06 3.2e+06 19042
LR999936.1 3.2e+06 3.3e+06 17500
LR999936.1 3.3e+06 3.4e+06 12530
LR999936.1 3.4e+06 3.5e+06 15334
LR999936.1 3.5e+06 3.6e+06 5037
LR999936.1 3.6e+06 3.7e+06 15469
LR999936.1 3.7e+06 3.8e+06 5737
LR999936.1 3.8e+06 3.9e+06 9656
LR999936.1 3.9e+06 4e+06 12559
LR999936.1 4e+06 4.1e+06 6275
LR999936.1 4.1e+06 4.2e+06 22214
LR999936.1 4.2e+06 4.3e+06 14626
LR999936.1 4.3e+06 4.4e+06 12661
LR999936.1 4.4e+06 4.5e+06 7602
LR999936.1 4.5e+06 4.6e+06 16466
LR999936.1 4.6e+06 4.7e+06 5480
LR999936.1 4.7e+06 4.8e+06 5101
LR999936.1 4.8e+06 4.9e+06 4539
LR999936.1 4.9e+06 5e+06 1809
LR999936.1 5e+06 5.1e+06 10097
LR999936.1 5.1e+06 5.2e+06 5501
LR999936.1 5.2e+06 5.3e+06 6356
LR999936.1 5.3e+06 5.4e+06 7166
LR999936.1 5.4e+06 5.5e+06 15210
LR999936.1 5.5e+06 5.6e+06 10873
LR999936.1 5.6e+06 5.7e+06 7426
LR999936.1 5.7e+06 5.8e+06 7407
LR999936.1 5.8e+06 5.9e+06 5748
LR999936.1 5.9e+06 6e+06 7784
LR999936.1 6e+06 6.1e+06 2848
LR999936.1 6.1e+06 6.2e+06 11402
LR999936.1 6.2e+06 6.3e+06 12091
LR999936.1 6.3e+06 6.4e+06 12919
LR999936.1 6.4e+06 6.5e+06 10339
LR999936.1 6.5e+06 6.6e+06 5668
LR999936.1 6.6e+06 6.7e+06 11909
LR999936.1 6.7e+06 6.8e+06 8789
LR999936.1 6.8e+06 6.9e+06 4064
LR999936.1 6.9e+06 7e+06 10197
LR999936.1 7e+06 7.1e+06 10303
LR999936.1 7.1e+06 7.2e+06 9158
LR999936.1 7.2e+06 7.3e+06 10625
LR999936.1 7.3e+06 7.4e+06 11959
LR999936.1 7.4e+06 7.5e+06 15790
LR999936.1 7.5e+06 7.6e+06 15496
LR999936.1 7.6e+06 7.7e+06 10830
LR999936.1 7.7e+06 7.8e+06 9789
LR999936.1 7.8e+06 7.9e+06 12790
LR999936.1 7.9e+06 8e+06 24325
LR999936.1 8e+06 8.1e+06 11749
LR999936.1 8.1e+06 8.2e+06 10805
LR999936.1 8.2e+06 8.3e+06 13618
LR999936.1 8.3e+06 8.4e+06 10831
LR999936.1 8.4e+06 8.5e+06 14480
LR999936.1 8.5e+06 8.6e+06 8732
LR999936.1 8.6e+06 8.7e+06 5051
LR999936.1 8.7e+06 8.8e+06 13385
LR999936.1 8.8e+06 8.9e+06 14815
LR999936.1 8.9e+06 9e+06 10838
LR999936.1 9e+06 9.1e+06 17071
LR999936.1 9.1e+06 9.2e+06 8613
LR999936.1 9.2e+06 9.3e+06 21954
LR999936.1 9.3e+06 9.4e+06 14855
LR999936.1 9.4e+06 9.5e+06 13755
LR999936.1 9.5e+06 9.6e+06 18609
LR999936.1 9.6e+06 9.7e+06 12109
LR999936.1 9.7e+06 9.8e+06 12847
LR999936.1 9.8e+06 9.9e+06 8955
LR999936.1 9.9e+06 1e+07 19975
LR999936.1 1e+07 1.01e+07 12789
LR999936.1 1.01e+07 1.02e+07 18895
LR999936.1 1.02e+07 1.03e+07 12280
LR999936.1 1.03e+07 1.04e+07 19410
LR999936.1 1.04e+07 1.05e+07 11462
LR999936.1 1.05e+07 1.06e+07 5222
LR999936.1 1.06e+07 1.07e+07 10575
LR999936.1 1.07e+07 1.08e+07 14492
LR999936.1 1.08e+07 1.09e+07 6345
LR999936.1 1.09e+07 1.1e+07 13092
LR999936.1 1.1e+07 1.11e+07 18441
LR999936.1 1.11e+07 1.12e+07 20902
LR999936.1 1.12e+07 1.13e+07 13359
LR999936.1 1.13e+07 1.14e+07 9993
LR999936.1 1.14e+07 1.15e+07 8560
LR999936.1 1.15e+07 1.16e+07 4114
LR999936.1 1.16e+07 1.17e+07 20345
LR999936.1 1.17e+07 1.18e+07 14088
LR999936.1 1.18e+07 1.19e+07 17928
LR999936.1 1.19e+07 1.2e+07 18548
LR999936.1 1.2e+07 1.21e+07 21142
LR999936.1 1.21e+07 1.22e+07 16094
LR999936.1 1.22e+07 1.23e+07 23612
LR999936.1 1.23e+07 1.24e+07 24905
LR999936.1 1.24e+07 1.25e+07 16040
LR999936.1 1.25e+07 1.26e+07 22699
LR999936.1 1.26e+07 1.27e+07 10922
LR999936.1 1.27e+07 1.28e+07 16880
LR999936.1 1.28e+07 1.29e+07 18005
LR999936.1 1.29e+07 1.3e+07 8418
LR999936.1 1.3e+07 1.31e+07 12703
LR999936.1 1.31e+07 1.32e+07 14071
LR999936.1 1.32e+07 1.33e+07 11137
LR999936.1 1.33e+07 1.34e+07 14382
LR999936.1 1.34e+07 1.35e+07 19029
LR999936.1 1.35e+07 1.36e+07 18244
LR999936.1 1.36e+07 1.37e+07 20266
LR999936.1 1.37e+07 1.38e+07 18277
LR999936.1 1.38e+07 1.39e+07 19671
LR999936.1 1.39e+07 1.4e+07 16838
LR999936.1 1.4e+07 1.41e+07 23093
LR999936.1 1.41e+07 1.42e+07 21894
LR999936.1 1.42e+07 1.43e+07 17796
LR999936.1 1.43e+07 1.44e+07 23272
LR999936.1 1.44e+07 1.45e+07 29565
LR999936.1 1.45e+07 1.46e+07 14357
LR999936.1 1.46e+07 1.47e+07 22330
LR999936.1 1.47e+07 14774369 22391
