LR999938.1 1 100000 51692
LR999938.1 100001 200000 5681
LR999938.1 200001 300000 6625
LR999938.1 300001 400000 11677
LR999938.1 400001 500000 12017
LR999938.1 500001 600000 14102
LR999938.1 600001 700000 17563
LR999938.1 700001 800000 14428
LR999938.1 800001 900000 15778
LR999938.1 900001 1e+06 17129
LR999938.1 1e+06 1.1e+06 13441
LR999938.1 1.1e+06 1.2e+06 22689
LR999938.1 1.2e+06 1.3e+06 21694
LR999938.1 1.3e+06 1.4e+06 13716
LR999938.1 1.4e+06 1.5e+06 13567
LR999938.1 1.5e+06 1.6e+06 19922
LR999938.1 1.6e+06 1.7e+06 15687
LR999938.1 1.7e+06 1.8e+06 17388
LR999938.1 1.8e+06 1.9e+06 16007
LR999938.1 1.9e+06 2e+06 20128
LR999938.1 2e+06 2.1e+06 14878
LR999938.1 2.1e+06 2.2e+06 14865
LR999938.1 2.2e+06 2.3e+06 14386
LR999938.1 2.3e+06 2.4e+06 22774
LR999938.1 2.4e+06 2.5e+06 25513
LR999938.1 2.5e+06 2.6e+06 21304
LR999938.1 2.6e+06 2.7e+06 17527
LR999938.1 2.7e+06 2.8e+06 4684
LR999938.1 2.8e+06 2.9e+06 12904
LR999938.1 2.9e+06 3e+06 8743
LR999938.1 3e+06 3.1e+06 6924
LR999938.1 3.1e+06 3.2e+06 8649
LR999938.1 3.2e+06 3.3e+06 11272
LR999938.1 3.3e+06 3.4e+06 8321
LR999938.1 3.4e+06 3.5e+06 11175
LR999938.1 3.5e+06 3.6e+06 17193
LR999938.1 3.6e+06 3.7e+06 16330
LR999938.1 3.7e+06 3.8e+06 14468
LR999938.1 3.8e+06 3.9e+06 13297
LR999938.1 3.9e+06 4e+06 14334
LR999938.1 4e+06 4.1e+06 11880
LR999938.1 4.1e+06 4.2e+06 14214
LR999938.1 4.2e+06 4.3e+06 17947
LR999938.1 4.3e+06 4.4e+06 15862
LR999938.1 4.4e+06 4.5e+06 11679
LR999938.1 4.5e+06 4.6e+06 12877
LR999938.1 4.6e+06 4.7e+06 14573
LR999938.1 4.7e+06 4.8e+06 11711
LR999938.1 4.8e+06 4.9e+06 12499
LR999938.1 4.9e+06 5e+06 16523
LR999938.1 5e+06 5.1e+06 20009
LR999938.1 5.1e+06 5.2e+06 15964
LR999938.1 5.2e+06 5.3e+06 11541
LR999938.1 5.3e+06 5.4e+06 23675
LR999938.1 5.4e+06 5.5e+06 10460
LR999938.1 5.5e+06 5.6e+06 14824
LR999938.1 5.6e+06 5.7e+06 10133
LR999938.1 5.7e+06 5.8e+06 7570
LR999938.1 5.8e+06 5.9e+06 13217
LR999938.1 5.9e+06 6e+06 8547
LR999938.1 6e+06 6.1e+06 14925
LR999938.1 6.1e+06 6.2e+06 28070
LR999938.1 6.2e+06 6.3e+06 8988
LR999938.1 6.3e+06 6.4e+06 20539
LR999938.1 6.4e+06 6.5e+06 12713
LR999938.1 6.5e+06 6.6e+06 6914
LR999938.1 6.6e+06 6.7e+06 12228
LR999938.1 6.7e+06 6.8e+06 12236
LR999938.1 6.8e+06 6.9e+06 11575
LR999938.1 6.9e+06 7e+06 18311
LR999938.1 7e+06 7.1e+06 13553
LR999938.1 7.1e+06 7.2e+06 6789
LR999938.1 7.2e+06 7.3e+06 10809
LR999938.1 7.3e+06 7.4e+06 6482
LR999938.1 7.4e+06 7.5e+06 15317
LR999938.1 7.5e+06 7.6e+06 10390
LR999938.1 7.6e+06 7.7e+06 12851
LR999938.1 7.7e+06 7.8e+06 7224
LR999938.1 7.8e+06 7.9e+06 9375
LR999938.1 7.9e+06 8e+06 20305
LR999938.1 8e+06 8.1e+06 11686
LR999938.1 8.1e+06 8.2e+06 13703
LR999938.1 8.2e+06 8.3e+06 5925
LR999938.1 8.3e+06 8.4e+06 8987
LR999938.1 8.4e+06 8.5e+06 8772
LR999938.1 8.5e+06 8.6e+06 8302
LR999938.1 8.6e+06 8.7e+06 2071
LR999938.1 8.7e+06 8.8e+06 7066
LR999938.1 8.8e+06 8.9e+06 6209
LR999938.1 8.9e+06 9e+06 8620
LR999938.1 9e+06 9.1e+06 16558
LR999938.1 9.1e+06 9.2e+06 20130
LR999938.1 9.2e+06 9.3e+06 7588
LR999938.1 9.3e+06 9.4e+06 6153
LR999938.1 9.4e+06 9.5e+06 3474
LR999938.1 9.5e+06 9.6e+06 938
LR999938.1 9.6e+06 9.7e+06 5061
LR999938.1 9.7e+06 9.8e+06 5482
LR999938.1 9.8e+06 9.9e+06 1537
LR999938.1 9.9e+06 1e+07 3356
LR999938.1 1e+07 1.01e+07 3381
LR999938.1 1.01e+07 1.02e+07 2109
LR999938.1 1.02e+07 1.03e+07 3898
LR999938.1 1.03e+07 1.04e+07 5538
LR999938.1 1.04e+07 1.05e+07 5149
LR999938.1 1.05e+07 1.06e+07 7675
LR999938.1 1.06e+07 1.07e+07 3647
LR999938.1 1.07e+07 1.08e+07 16541
LR999938.1 1.08e+07 1.09e+07 15180
LR999938.1 1.09e+07 1.1e+07 22310
LR999938.1 1.1e+07 1.11e+07 16386
LR999938.1 1.11e+07 1.12e+07 18753
LR999938.1 1.12e+07 1.13e+07 13554
LR999938.1 1.13e+07 1.14e+07 6692
LR999938.1 1.14e+07 1.15e+07 6481
LR999938.1 1.15e+07 1.16e+07 7473
LR999938.1 1.16e+07 1.17e+07 7281
LR999938.1 1.17e+07 1.18e+07 3972
LR999938.1 1.18e+07 1.19e+07 5821
LR999938.1 1.19e+07 1.2e+07 3339
LR999938.1 1.2e+07 1.21e+07 4679
LR999938.1 1.21e+07 1.22e+07 25949
LR999938.1 1.22e+07 1.23e+07 17342
LR999938.1 1.23e+07 1.24e+07 21736
LR999938.1 1.24e+07 1.25e+07 18086
LR999938.1 1.25e+07 1.26e+07 14967
LR999938.1 1.26e+07 1.27e+07 11637
LR999938.1 1.27e+07 1.28e+07 10276
LR999938.1 1.28e+07 1.29e+07 10416
LR999938.1 1.29e+07 1.3e+07 13239
LR999938.1 1.3e+07 1.31e+07 17300
LR999938.1 1.31e+07 1.32e+07 10591
LR999938.1 1.32e+07 1.33e+07 9262
LR999938.1 1.33e+07 1.34e+07 20825
LR999938.1 1.34e+07 1.35e+07 18241
LR999938.1 1.35e+07 1.36e+07 8374
LR999938.1 1.36e+07 1.37e+07 10645
LR999938.1 1.37e+07 1.38e+07 14935
LR999938.1 1.38e+07 1.39e+07 19443
LR999938.1 1.39e+07 1.4e+07 14770
LR999938.1 1.4e+07 1.41e+07 12973
LR999938.1 1.41e+07 1.42e+07 14438
LR999938.1 1.42e+07 1.43e+07 14480
LR999938.1 1.43e+07 1.44e+07 5706
LR999938.1 1.44e+07 1.45e+07 12133
LR999938.1 1.45e+07 1.46e+07 16254
LR999938.1 1.46e+07 14605406 742
