LR999950.1 1 100000 24999
LR999950.1 100001 200000 8889
LR999950.1 200001 300000 20015
LR999950.1 300001 400000 16925
LR999950.1 400001 500000 11911
LR999950.1 500001 600000 11257
LR999950.1 600001 700000 18839
LR999950.1 700001 800000 15553
LR999950.1 800001 900000 23203
LR999950.1 900001 1e+06 16052
LR999950.1 1e+06 1.1e+06 11746
LR999950.1 1.1e+06 1.2e+06 19089
LR999950.1 1.2e+06 1.3e+06 15490
LR999950.1 1.3e+06 1.4e+06 12653
LR999950.1 1.4e+06 1.5e+06 22286
LR999950.1 1.5e+06 1.6e+06 21456
LR999950.1 1.6e+06 1.7e+06 16908
LR999950.1 1.7e+06 1.8e+06 25860
LR999950.1 1.8e+06 1.9e+06 19440
LR999950.1 1.9e+06 2e+06 22851
LR999950.1 2e+06 2.1e+06 9916
LR999950.1 2.1e+06 2.2e+06 13496
LR999950.1 2.2e+06 2.3e+06 14222
LR999950.1 2.3e+06 2.4e+06 20375
LR999950.1 2.4e+06 2.5e+06 15319
LR999950.1 2.5e+06 2.6e+06 18661
LR999950.1 2.6e+06 2.7e+06 23609
LR999950.1 2.7e+06 2.8e+06 18582
LR999950.1 2.8e+06 2.9e+06 14960
LR999950.1 2.9e+06 3e+06 13867
LR999950.1 3e+06 3.1e+06 15577
LR999950.1 3.1e+06 3.2e+06 15173
LR999950.1 3.2e+06 3.3e+06 15325
LR999950.1 3.3e+06 3.4e+06 5207
LR999950.1 3.4e+06 3.5e+06 13695
LR999950.1 3.5e+06 3.6e+06 13120
LR999950.1 3.6e+06 3.7e+06 17944
LR999950.1 3.7e+06 3.8e+06 10192
LR999950.1 3.8e+06 3.9e+06 9462
LR999950.1 3.9e+06 4e+06 5975
LR999950.1 4e+06 4.1e+06 9049
LR999950.1 4.1e+06 4.2e+06 11146
LR999950.1 4.2e+06 4.3e+06 17207
LR999950.1 4.3e+06 4.4e+06 14402
LR999950.1 4.4e+06 4.5e+06 21651
LR999950.1 4.5e+06 4.6e+06 14504
LR999950.1 4.6e+06 4.7e+06 8943
LR999950.1 4.7e+06 4.8e+06 9450
LR999950.1 4.8e+06 4.9e+06 6552
LR999950.1 4.9e+06 5e+06 11072
LR999950.1 5e+06 5.1e+06 14815
LR999950.1 5.1e+06 5.2e+06 6887
LR999950.1 5.2e+06 5.3e+06 24105
LR999950.1 5.3e+06 5.4e+06 4592
LR999950.1 5.4e+06 5.5e+06 14802
LR999950.1 5.5e+06 5.6e+06 19571
LR999950.1 5.6e+06 5.7e+06 22913
LR999950.1 5.7e+06 5.8e+06 8735
LR999950.1 5.8e+06 5.9e+06 13100
LR999950.1 5.9e+06 6e+06 9653
LR999950.1 6e+06 6.1e+06 13840
LR999950.1 6.1e+06 6.2e+06 15472
LR999950.1 6.2e+06 6.3e+06 7502
LR999950.1 6.3e+06 6.4e+06 6654
LR999950.1 6.4e+06 6.5e+06 12915
LR999950.1 6.5e+06 6.6e+06 10606
LR999950.1 6.6e+06 6.7e+06 12398
LR999950.1 6.7e+06 6.8e+06 8261
LR999950.1 6.8e+06 6.9e+06 14061
LR999950.1 6.9e+06 7e+06 14860
LR999950.1 7e+06 7.1e+06 15664
LR999950.1 7.1e+06 7.2e+06 13007
LR999950.1 7.2e+06 7.3e+06 13301
LR999950.1 7.3e+06 7.4e+06 7003
LR999950.1 7.4e+06 7.5e+06 15364
LR999950.1 7.5e+06 7.6e+06 14382
LR999950.1 7.6e+06 7.7e+06 9131
LR999950.1 7.7e+06 7.8e+06 16714
LR999950.1 7.8e+06 7.9e+06 16782
LR999950.1 7.9e+06 8e+06 9213
LR999950.1 8e+06 8.1e+06 9781
LR999950.1 8.1e+06 8.2e+06 12083
LR999950.1 8.2e+06 8.3e+06 22893
LR999950.1 8.3e+06 8.4e+06 12804
LR999950.1 8.4e+06 8.5e+06 15340
LR999950.1 8.5e+06 8.6e+06 12612
LR999950.1 8.6e+06 8.7e+06 12789
LR999950.1 8.7e+06 8.8e+06 13359
LR999950.1 8.8e+06 8.9e+06 25724
LR999950.1 8.9e+06 9e+06 13031
LR999950.1 9e+06 9.1e+06 14275
LR999950.1 9.1e+06 9.2e+06 14730
LR999950.1 9.2e+06 9.3e+06 18312
LR999950.1 9.3e+06 9.4e+06 22264
LR999950.1 9.4e+06 9.5e+06 20017
LR999950.1 9.5e+06 9.6e+06 27880
LR999950.1 9.6e+06 9.7e+06 21128
LR999950.1 9.7e+06 9.8e+06 22150
LR999950.1 9.8e+06 9.9e+06 18223
LR999950.1 9.9e+06 9960137 3793
