LR999954.1 1 100000 25026
LR999954.1 100001 200000 16941
LR999954.1 200001 300000 20809
LR999954.1 300001 400000 18262
LR999954.1 400001 500000 24359
LR999954.1 500001 600000 14415
LR999954.1 600001 700000 29912
LR999954.1 700001 800000 20415
LR999954.1 800001 900000 19828
LR999954.1 900001 1e+06 26626
LR999954.1 1e+06 1.1e+06 23936
LR999954.1 1.1e+06 1.2e+06 22227
LR999954.1 1.2e+06 1.3e+06 19210
LR999954.1 1.3e+06 1.4e+06 19152
LR999954.1 1.4e+06 1.5e+06 30339
LR999954.1 1.5e+06 1.6e+06 18183
LR999954.1 1.6e+06 1.7e+06 28594
LR999954.1 1.7e+06 1.8e+06 30019
LR999954.1 1.8e+06 1.9e+06 20796
LR999954.1 1.9e+06 2e+06 27087
LR999954.1 2e+06 2.1e+06 22152
LR999954.1 2.1e+06 2.2e+06 29197
LR999954.1 2.2e+06 2.3e+06 21813
LR999954.1 2.3e+06 2.4e+06 20987
LR999954.1 2.4e+06 2.5e+06 18460
LR999954.1 2.5e+06 2.6e+06 18601
LR999954.1 2.6e+06 2.7e+06 19144
LR999954.1 2.7e+06 2.8e+06 20431
LR999954.1 2.8e+06 2.9e+06 22062
LR999954.1 2.9e+06 3e+06 17478
LR999954.1 3e+06 3.1e+06 21576
LR999954.1 3.1e+06 3.2e+06 18175
LR999954.1 3.2e+06 3.3e+06 19794
LR999954.1 3.3e+06 3.4e+06 27058
LR999954.1 3.4e+06 3.5e+06 28859
LR999954.1 3.5e+06 3.6e+06 17580
LR999954.1 3.6e+06 3.7e+06 16149
LR999954.1 3.7e+06 3.8e+06 22298
LR999954.1 3.8e+06 3.9e+06 23256
LR999954.1 3.9e+06 4e+06 27095
LR999954.1 4e+06 4.1e+06 22904
LR999954.1 4.1e+06 4.2e+06 20984
LR999954.1 4.2e+06 4.3e+06 21508
LR999954.1 4.3e+06 4.4e+06 19992
LR999954.1 4.4e+06 4.5e+06 20925
LR999954.1 4.5e+06 4.6e+06 20223
LR999954.1 4.6e+06 4.7e+06 19296
LR999954.1 4.7e+06 4.8e+06 28559
LR999954.1 4.8e+06 4.9e+06 21793
LR999954.1 4.9e+06 5e+06 19265
LR999954.1 5e+06 5.1e+06 20057
LR999954.1 5.1e+06 5.2e+06 24202
LR999954.1 5.2e+06 5.3e+06 29138
LR999954.1 5.3e+06 5.4e+06 22343
LR999954.1 5.4e+06 5.5e+06 28263
LR999954.1 5.5e+06 5.6e+06 37827
LR999954.1 5.6e+06 5.7e+06 28000
LR999954.1 5.7e+06 5.8e+06 34684
LR999954.1 5.8e+06 5.9e+06 25888
LR999954.1 5.9e+06 6e+06 19887
LR999954.1 6e+06 6.1e+06 23389
LR999954.1 6.1e+06 6.2e+06 16280
LR999954.1 6.2e+06 6.3e+06 31116
LR999954.1 6.3e+06 6.4e+06 22619
LR999954.1 6.4e+06 6.5e+06 31015
LR999954.1 6.5e+06 6.6e+06 20510
LR999954.1 6.6e+06 6.7e+06 16447
LR999954.1 6.7e+06 6.8e+06 21658
LR999954.1 6.8e+06 6.9e+06 33928
LR999954.1 6.9e+06 7e+06 24569
LR999954.1 7e+06 7.1e+06 15706
LR999954.1 7.1e+06 7.2e+06 16482
LR999954.1 7.2e+06 7.3e+06 16079
LR999954.1 7.3e+06 7379297 9705
