LR999947.1 1 100000 15772
LR999947.1 100001 200000 12232
LR999947.1 200001 300000 18167
LR999947.1 300001 400000 22812
LR999947.1 400001 500000 11841
LR999947.1 500001 600000 20223
LR999947.1 600001 700000 12884
LR999947.1 700001 800000 15476
LR999947.1 800001 900000 16143
LR999947.1 900001 1e+06 21499
LR999947.1 1e+06 1.1e+06 17545
LR999947.1 1.1e+06 1.2e+06 20763
LR999947.1 1.2e+06 1.3e+06 26293
LR999947.1 1.3e+06 1.4e+06 22433
LR999947.1 1.4e+06 1.5e+06 21996
LR999947.1 1.5e+06 1.6e+06 15226
LR999947.1 1.6e+06 1.7e+06 25118
LR999947.1 1.7e+06 1.8e+06 20878
LR999947.1 1.8e+06 1.9e+06 19623
LR999947.1 1.9e+06 2e+06 18819
LR999947.1 2e+06 2.1e+06 11606
LR999947.1 2.1e+06 2.2e+06 15150
LR999947.1 2.2e+06 2.3e+06 17700
LR999947.1 2.3e+06 2.4e+06 18574
LR999947.1 2.4e+06 2.5e+06 21404
LR999947.1 2.5e+06 2.6e+06 22429
LR999947.1 2.6e+06 2.7e+06 20680
LR999947.1 2.7e+06 2.8e+06 14239
LR999947.1 2.8e+06 2.9e+06 20022
LR999947.1 2.9e+06 3e+06 25643
LR999947.1 3e+06 3.1e+06 15674
LR999947.1 3.1e+06 3.2e+06 14425
LR999947.1 3.2e+06 3.3e+06 14458
LR999947.1 3.3e+06 3.4e+06 20333
LR999947.1 3.4e+06 3.5e+06 21125
LR999947.1 3.5e+06 3.6e+06 21445
LR999947.1 3.6e+06 3.7e+06 17101
LR999947.1 3.7e+06 3.8e+06 23225
LR999947.1 3.8e+06 3.9e+06 16954
LR999947.1 3.9e+06 4e+06 22250
LR999947.1 4e+06 4.1e+06 18882
LR999947.1 4.1e+06 4.2e+06 17032
LR999947.1 4.2e+06 4.3e+06 17886
LR999947.1 4.3e+06 4.4e+06 15919
LR999947.1 4.4e+06 4.5e+06 8121
LR999947.1 4.5e+06 4.6e+06 21874
LR999947.1 4.6e+06 4.7e+06 15227
LR999947.1 4.7e+06 4.8e+06 18885
LR999947.1 4.8e+06 4.9e+06 18420
LR999947.1 4.9e+06 5e+06 20951
LR999947.1 5e+06 5.1e+06 17684
LR999947.1 5.1e+06 5.2e+06 26058
LR999947.1 5.2e+06 5.3e+06 16333
LR999947.1 5.3e+06 5.4e+06 13490
LR999947.1 5.4e+06 5.5e+06 15175
LR999947.1 5.5e+06 5.6e+06 19987
LR999947.1 5.6e+06 5.7e+06 16720
LR999947.1 5.7e+06 5.8e+06 23268
LR999947.1 5.8e+06 5.9e+06 11073
LR999947.1 5.9e+06 6e+06 12398
LR999947.1 6e+06 6.1e+06 13192
LR999947.1 6.1e+06 6.2e+06 25179
LR999947.1 6.2e+06 6.3e+06 16165
LR999947.1 6.3e+06 6.4e+06 19716
LR999947.1 6.4e+06 6.5e+06 19662
LR999947.1 6.5e+06 6.6e+06 16877
LR999947.1 6.6e+06 6.7e+06 19998
LR999947.1 6.7e+06 6.8e+06 19361
LR999947.1 6.8e+06 6.9e+06 20103
LR999947.1 6.9e+06 7e+06 21331
LR999947.1 7e+06 7.1e+06 14619
LR999947.1 7.1e+06 7.2e+06 21238
LR999947.1 7.2e+06 7.3e+06 19561
LR999947.1 7.3e+06 7.4e+06 20383
LR999947.1 7.4e+06 7.5e+06 17964
LR999947.1 7.5e+06 7.6e+06 18572
LR999947.1 7.6e+06 7.7e+06 26315
LR999947.1 7.7e+06 7.8e+06 19415
LR999947.1 7.8e+06 7.9e+06 20215
LR999947.1 7.9e+06 8e+06 13117
LR999947.1 8e+06 8.1e+06 10807
LR999947.1 8.1e+06 8.2e+06 13302
LR999947.1 8.2e+06 8.3e+06 22681
LR999947.1 8.3e+06 8.4e+06 14443
LR999947.1 8.4e+06 8.5e+06 13453
LR999947.1 8.5e+06 8.6e+06 15933
LR999947.1 8.6e+06 8.7e+06 15113
LR999947.1 8.7e+06 8.8e+06 19098
LR999947.1 8.8e+06 8.9e+06 20017
LR999947.1 8.9e+06 9e+06 19472
LR999947.1 9e+06 9.1e+06 18015
LR999947.1 9.1e+06 9.2e+06 13436
LR999947.1 9.2e+06 9.3e+06 15320
LR999947.1 9.3e+06 9.4e+06 19702
LR999947.1 9.4e+06 9.5e+06 16955
LR999947.1 9.5e+06 9.6e+06 17375
LR999947.1 9.6e+06 9.7e+06 14615
LR999947.1 9.7e+06 9.8e+06 18573
LR999947.1 9.8e+06 9.9e+06 18747
LR999947.1 9.9e+06 1e+07 17342
LR999947.1 1e+07 1.01e+07 22583
LR999947.1 1.01e+07 1.02e+07 20585
LR999947.1 1.02e+07 1.03e+07 20470
LR999947.1 1.03e+07 1.04e+07 17130
LR999947.1 1.04e+07 1.05e+07 21418
LR999947.1 1.05e+07 1.06e+07 17241
LR999947.1 1.06e+07 1.07e+07 18041
LR999947.1 1.07e+07 1.08e+07 19948
LR999947.1 1.08e+07 1.09e+07 18621
LR999947.1 1.09e+07 1.1e+07 18326
LR999947.1 1.1e+07 1.11e+07 17711
LR999947.1 1.11e+07 1.12e+07 19994
LR999947.1 1.12e+07 1.13e+07 16236
LR999947.1 1.13e+07 1.14e+07 11233
LR999947.1 1.14e+07 1.15e+07 10485
LR999947.1 1.15e+07 1.16e+07 15650
LR999947.1 1.16e+07 1.17e+07 14714
LR999947.1 1.17e+07 11704087 320
