LR999924.1 1 100000 81533
LR999924.1 100001 200000 16750
LR999924.1 200001 300000 3534
LR999924.1 300001 400000 6128
LR999924.1 400001 500000 4109
LR999924.1 500001 600000 5859
LR999924.1 600001 700000 10325
LR999924.1 700001 800000 6959
LR999924.1 800001 900000 6732
LR999924.1 900001 1e+06 7654
LR999924.1 1e+06 1.1e+06 7727
LR999924.1 1.1e+06 1.2e+06 5740
LR999924.1 1.2e+06 1.3e+06 6762
LR999924.1 1.3e+06 1.4e+06 8123
LR999924.1 1.4e+06 1.5e+06 13688
LR999924.1 1.5e+06 1.6e+06 14442
LR999924.1 1.6e+06 1.7e+06 15067
LR999924.1 1.7e+06 1.8e+06 15750
LR999924.1 1.8e+06 1.9e+06 14986
LR999924.1 1.9e+06 2e+06 20055
LR999924.1 2e+06 2.1e+06 13283
LR999924.1 2.1e+06 2.2e+06 13915
LR999924.1 2.2e+06 2.3e+06 10855
LR999924.1 2.3e+06 2.4e+06 9636
LR999924.1 2.4e+06 2.5e+06 10155
LR999924.1 2.5e+06 2.6e+06 9563
LR999924.1 2.6e+06 2.7e+06 10649
LR999924.1 2.7e+06 2.8e+06 16200
LR999924.1 2.8e+06 2.9e+06 9990
LR999924.1 2.9e+06 3e+06 13031
LR999924.1 3e+06 3.1e+06 15776
LR999924.1 3.1e+06 3.2e+06 15739
LR999924.1 3.2e+06 3.3e+06 9792
LR999924.1 3.3e+06 3.4e+06 11276
LR999924.1 3.4e+06 3.5e+06 20155
LR999924.1 3.5e+06 3.6e+06 11340
LR999924.1 3.6e+06 3.7e+06 8959
LR999924.1 3.7e+06 3.8e+06 17833
LR999924.1 3.8e+06 3.9e+06 12242
LR999924.1 3.9e+06 4e+06 12081
LR999924.1 4e+06 4.1e+06 11078
LR999924.1 4.1e+06 4.2e+06 7423
LR999924.1 4.2e+06 4.3e+06 6496
LR999924.1 4.3e+06 4.4e+06 11769
LR999924.1 4.4e+06 4.5e+06 7673
LR999924.1 4.5e+06 4.6e+06 5191
LR999924.1 4.6e+06 4.7e+06 5907
LR999924.1 4.7e+06 4.8e+06 9556
LR999924.1 4.8e+06 4.9e+06 16049
LR999924.1 4.9e+06 5e+06 13628
LR999924.1 5e+06 5.1e+06 9355
LR999924.1 5.1e+06 5.2e+06 7323
LR999924.1 5.2e+06 5.3e+06 10310
LR999924.1 5.3e+06 5.4e+06 5827
LR999924.1 5.4e+06 5.5e+06 7988
LR999924.1 5.5e+06 5.6e+06 8846
LR999924.1 5.6e+06 5.7e+06 10834
LR999924.1 5.7e+06 5.8e+06 4422
LR999924.1 5.8e+06 5.9e+06 8668
LR999924.1 5.9e+06 6e+06 7294
LR999924.1 6e+06 6.1e+06 6168
LR999924.1 6.1e+06 6.2e+06 4261
LR999924.1 6.2e+06 6.3e+06 7035
LR999924.1 6.3e+06 6.4e+06 7379
LR999924.1 6.4e+06 6.5e+06 8060
LR999924.1 6.5e+06 6.6e+06 11967
LR999924.1 6.6e+06 6.7e+06 7138
LR999924.1 6.7e+06 6.8e+06 3780
LR999924.1 6.8e+06 6.9e+06 5337
LR999924.1 6.9e+06 7e+06 7103
LR999924.1 7e+06 7.1e+06 7853
LR999924.1 7.1e+06 7.2e+06 4130
LR999924.1 7.2e+06 7.3e+06 7380
LR999924.1 7.3e+06 7.4e+06 5748
LR999924.1 7.4e+06 7.5e+06 12300
LR999924.1 7.5e+06 7.6e+06 11737
LR999924.1 7.6e+06 7.7e+06 9216
LR999924.1 7.7e+06 7.8e+06 10266
LR999924.1 7.8e+06 7.9e+06 7195
LR999924.1 7.9e+06 8e+06 9323
LR999924.1 8e+06 8.1e+06 5545
LR999924.1 8.1e+06 8.2e+06 3594
LR999924.1 8.2e+06 8.3e+06 8577
LR999924.1 8.3e+06 8.4e+06 5297
LR999924.1 8.4e+06 8.5e+06 4667
LR999924.1 8.5e+06 8.6e+06 7422
LR999924.1 8.6e+06 8.7e+06 3331
LR999924.1 8.7e+06 8.8e+06 14908
LR999924.1 8.8e+06 8.9e+06 8754
LR999924.1 8.9e+06 9e+06 8846
LR999924.1 9e+06 9.1e+06 10153
LR999924.1 9.1e+06 9.2e+06 21523
LR999924.1 9.2e+06 9.3e+06 12476
LR999924.1 9.3e+06 9.4e+06 9054
LR999924.1 9.4e+06 9.5e+06 9220
LR999924.1 9.5e+06 9.6e+06 9670
LR999924.1 9.6e+06 9.7e+06 8815
LR999924.1 9.7e+06 9.8e+06 4496
LR999924.1 9.8e+06 9.9e+06 6152
LR999924.1 9.9e+06 1e+07 12423
LR999924.1 1e+07 1.01e+07 9235
LR999924.1 1.01e+07 1.02e+07 18954
LR999924.1 1.02e+07 1.03e+07 20695
LR999924.1 1.03e+07 1.04e+07 6022
LR999924.1 1.04e+07 1.05e+07 13220
LR999924.1 1.05e+07 1.06e+07 3758
LR999924.1 1.06e+07 1.07e+07 5094
LR999924.1 1.07e+07 1.08e+07 3141
LR999924.1 1.08e+07 1.09e+07 2188
LR999924.1 1.09e+07 1.1e+07 5541
LR999924.1 1.1e+07 1.11e+07 5555
LR999924.1 1.11e+07 1.12e+07 6227
LR999924.1 1.12e+07 1.13e+07 13037
LR999924.1 1.13e+07 1.14e+07 7804
LR999924.1 1.14e+07 1.15e+07 5080
LR999924.1 1.15e+07 1.16e+07 10188
LR999924.1 1.16e+07 1.17e+07 5082
LR999924.1 1.17e+07 1.18e+07 4542
LR999924.1 1.18e+07 1.19e+07 12042
LR999924.1 1.19e+07 1.2e+07 7051
LR999924.1 1.2e+07 1.21e+07 5576
LR999924.1 1.21e+07 1.22e+07 4542
LR999924.1 1.22e+07 1.23e+07 4057
LR999924.1 1.23e+07 1.24e+07 12514
LR999924.1 1.24e+07 1.25e+07 2896
LR999924.1 1.25e+07 1.26e+07 8798
LR999924.1 1.26e+07 1.27e+07 4744
LR999924.1 1.27e+07 1.28e+07 6312
LR999924.1 1.28e+07 1.29e+07 8565
LR999924.1 1.29e+07 1.3e+07 7037
LR999924.1 1.3e+07 1.31e+07 8282
LR999924.1 1.31e+07 1.32e+07 14065
LR999924.1 1.32e+07 1.33e+07 8377
LR999924.1 1.33e+07 1.34e+07 11842
LR999924.1 1.34e+07 1.35e+07 7848
LR999924.1 1.35e+07 1.36e+07 7924
LR999924.1 1.36e+07 1.37e+07 2062
LR999924.1 1.37e+07 1.38e+07 3770
LR999924.1 1.38e+07 1.39e+07 5401
LR999924.1 1.39e+07 1.4e+07 11213
LR999924.1 1.4e+07 1.41e+07 9707
LR999924.1 1.41e+07 1.42e+07 8571
LR999924.1 1.42e+07 1.43e+07 7135
LR999924.1 1.43e+07 1.44e+07 8250
LR999924.1 1.44e+07 1.45e+07 5938
LR999924.1 1.45e+07 1.46e+07 13545
LR999924.1 1.46e+07 1.47e+07 7837
LR999924.1 1.47e+07 1.48e+07 11267
LR999924.1 1.48e+07 1.49e+07 6661
LR999924.1 1.49e+07 1.5e+07 7867
LR999924.1 1.5e+07 1.51e+07 8730
LR999924.1 1.51e+07 1.52e+07 8697
LR999924.1 1.52e+07 1.53e+07 7920
LR999924.1 1.53e+07 1.54e+07 7882
LR999924.1 1.54e+07 1.55e+07 11921
LR999924.1 1.55e+07 1.56e+07 5856
LR999924.1 1.56e+07 1.57e+07 12358
LR999924.1 1.57e+07 1.58e+07 7466
LR999924.1 1.58e+07 1.59e+07 7340
LR999924.1 1.59e+07 1.6e+07 14398
LR999924.1 1.6e+07 1.61e+07 9119
LR999924.1 1.61e+07 1.62e+07 9911
LR999924.1 1.62e+07 1.63e+07 11412
LR999924.1 1.63e+07 1.64e+07 19471
LR999924.1 1.64e+07 1.65e+07 10784
LR999924.1 1.65e+07 1.66e+07 10497
LR999924.1 1.66e+07 1.67e+07 10793
LR999924.1 1.67e+07 1.68e+07 5674
LR999924.1 1.68e+07 1.69e+07 10035
LR999924.1 1.69e+07 1.7e+07 3846
LR999924.1 1.7e+07 17040296 2116
