LR999939.1 1 100000 9763
LR999939.1 100001 200000 5901
LR999939.1 200001 300000 4633
LR999939.1 300001 400000 12180
LR999939.1 400001 500000 7267
LR999939.1 500001 600000 16923
LR999939.1 600001 700000 9641
LR999939.1 700001 800000 14390
LR999939.1 800001 900000 17717
LR999939.1 900001 1e+06 20808
LR999939.1 1e+06 1.1e+06 18715
LR999939.1 1.1e+06 1.2e+06 16857
LR999939.1 1.2e+06 1.3e+06 11574
LR999939.1 1.3e+06 1.4e+06 13278
LR999939.1 1.4e+06 1.5e+06 19392
LR999939.1 1.5e+06 1.6e+06 19746
LR999939.1 1.6e+06 1.7e+06 14792
LR999939.1 1.7e+06 1.8e+06 15495
LR999939.1 1.8e+06 1.9e+06 18725
LR999939.1 1.9e+06 2e+06 14872
LR999939.1 2e+06 2.1e+06 13350
LR999939.1 2.1e+06 2.2e+06 20176
LR999939.1 2.2e+06 2.3e+06 22507
LR999939.1 2.3e+06 2.4e+06 18555
LR999939.1 2.4e+06 2.5e+06 19832
LR999939.1 2.5e+06 2.6e+06 17759
LR999939.1 2.6e+06 2.7e+06 23229
LR999939.1 2.7e+06 2.8e+06 19108
LR999939.1 2.8e+06 2.9e+06 14375
LR999939.1 2.9e+06 3e+06 13325
LR999939.1 3e+06 3.1e+06 18339
LR999939.1 3.1e+06 3.2e+06 12130
LR999939.1 3.2e+06 3.3e+06 13119
LR999939.1 3.3e+06 3.4e+06 13026
LR999939.1 3.4e+06 3.5e+06 24844
LR999939.1 3.5e+06 3.6e+06 13607
LR999939.1 3.6e+06 3.7e+06 13541
LR999939.1 3.7e+06 3.8e+06 14502
LR999939.1 3.8e+06 3.9e+06 20889
LR999939.1 3.9e+06 4e+06 16014
LR999939.1 4e+06 4.1e+06 14461
LR999939.1 4.1e+06 4.2e+06 22382
LR999939.1 4.2e+06 4.3e+06 7465
LR999939.1 4.3e+06 4.4e+06 9551
LR999939.1 4.4e+06 4.5e+06 9404
LR999939.1 4.5e+06 4.6e+06 5116
LR999939.1 4.6e+06 4.7e+06 9825
LR999939.1 4.7e+06 4.8e+06 9353
LR999939.1 4.8e+06 4.9e+06 6645
LR999939.1 4.9e+06 5e+06 7838
LR999939.1 5e+06 5.1e+06 10820
LR999939.1 5.1e+06 5.2e+06 14195
LR999939.1 5.2e+06 5.3e+06 13949
LR999939.1 5.3e+06 5.4e+06 17994
LR999939.1 5.4e+06 5.5e+06 11700
LR999939.1 5.5e+06 5.6e+06 11770
LR999939.1 5.6e+06 5.7e+06 8809
LR999939.1 5.7e+06 5.8e+06 15457
LR999939.1 5.8e+06 5.9e+06 9477
LR999939.1 5.9e+06 6e+06 11584
LR999939.1 6e+06 6.1e+06 5097
LR999939.1 6.1e+06 6.2e+06 10619
LR999939.1 6.2e+06 6.3e+06 4883
LR999939.1 6.3e+06 6.4e+06 7593
LR999939.1 6.4e+06 6.5e+06 14672
LR999939.1 6.5e+06 6.6e+06 11936
LR999939.1 6.6e+06 6.7e+06 6731
LR999939.1 6.7e+06 6.8e+06 8323
LR999939.1 6.8e+06 6.9e+06 4729
LR999939.1 6.9e+06 7e+06 3781
LR999939.1 7e+06 7.1e+06 6652
LR999939.1 7.1e+06 7.2e+06 8503
LR999939.1 7.2e+06 7.3e+06 13326
LR999939.1 7.3e+06 7.4e+06 4442
LR999939.1 7.4e+06 7.5e+06 5484
LR999939.1 7.5e+06 7.6e+06 7209
LR999939.1 7.6e+06 7.7e+06 13840
LR999939.1 7.7e+06 7.8e+06 9119
LR999939.1 7.8e+06 7.9e+06 16130
LR999939.1 7.9e+06 8e+06 8867
LR999939.1 8e+06 8.1e+06 9333
LR999939.1 8.1e+06 8.2e+06 7690
LR999939.1 8.2e+06 8.3e+06 12252
LR999939.1 8.3e+06 8.4e+06 9520
LR999939.1 8.4e+06 8.5e+06 9964
LR999939.1 8.5e+06 8.6e+06 10716
LR999939.1 8.6e+06 8.7e+06 6450
LR999939.1 8.7e+06 8.8e+06 12260
LR999939.1 8.8e+06 8.9e+06 11795
LR999939.1 8.9e+06 9e+06 5846
LR999939.1 9e+06 9.1e+06 6008
LR999939.1 9.1e+06 9.2e+06 7225
LR999939.1 9.2e+06 9.3e+06 6940
LR999939.1 9.3e+06 9.4e+06 13216
LR999939.1 9.4e+06 9.5e+06 12290
LR999939.1 9.5e+06 9.6e+06 7956
LR999939.1 9.6e+06 9.7e+06 12701
LR999939.1 9.7e+06 9.8e+06 8618
LR999939.1 9.8e+06 9.9e+06 7479
LR999939.1 9.9e+06 1e+07 6973
LR999939.1 1e+07 1.01e+07 8130
LR999939.1 1.01e+07 1.02e+07 2453
LR999939.1 1.02e+07 1.03e+07 9150
LR999939.1 1.03e+07 1.04e+07 10433
LR999939.1 1.04e+07 1.05e+07 11390
LR999939.1 1.05e+07 1.06e+07 8679
LR999939.1 1.06e+07 1.07e+07 11813
LR999939.1 1.07e+07 1.08e+07 14792
LR999939.1 1.08e+07 1.09e+07 20778
LR999939.1 1.09e+07 1.1e+07 18131
LR999939.1 1.1e+07 1.11e+07 11789
LR999939.1 1.11e+07 1.12e+07 12477
LR999939.1 1.12e+07 1.13e+07 7521
LR999939.1 1.13e+07 1.14e+07 12920
LR999939.1 1.14e+07 1.15e+07 19212
LR999939.1 1.15e+07 1.16e+07 14577
LR999939.1 1.16e+07 1.17e+07 14536
LR999939.1 1.17e+07 1.18e+07 12486
LR999939.1 1.18e+07 1.19e+07 10015
LR999939.1 1.19e+07 1.2e+07 12659
LR999939.1 1.2e+07 1.21e+07 16739
LR999939.1 1.21e+07 1.22e+07 14147
LR999939.1 1.22e+07 1.23e+07 14221
LR999939.1 1.23e+07 1.24e+07 13647
LR999939.1 1.24e+07 1.25e+07 12540
LR999939.1 1.25e+07 1.26e+07 18029
LR999939.1 1.26e+07 1.27e+07 16874
LR999939.1 1.27e+07 1.28e+07 22462
LR999939.1 1.28e+07 1.29e+07 19124
LR999939.1 1.29e+07 1.3e+07 19328
LR999939.1 1.3e+07 1.31e+07 26149
LR999939.1 1.31e+07 1.32e+07 17746
LR999939.1 1.32e+07 1.33e+07 20600
LR999939.1 1.33e+07 1.34e+07 18665
LR999939.1 1.34e+07 1.35e+07 17092
LR999939.1 1.35e+07 1.36e+07 20927
LR999939.1 1.36e+07 1.37e+07 14893
LR999939.1 1.37e+07 1.38e+07 12440
LR999939.1 1.38e+07 1.39e+07 25404
LR999939.1 1.39e+07 13916383 11495
