LR999929.1 1 100000 16201
LR999929.1 100001 200000 14486
LR999929.1 200001 300000 12163
LR999929.1 300001 400000 11733
LR999929.1 400001 500000 15403
LR999929.1 500001 600000 13641
LR999929.1 600001 700000 9283
LR999929.1 700001 800000 3996
LR999929.1 800001 900000 14353
LR999929.1 900001 1e+06 6957
LR999929.1 1e+06 1.1e+06 19850
LR999929.1 1.1e+06 1.2e+06 18316
LR999929.1 1.2e+06 1.3e+06 15522
LR999929.1 1.3e+06 1.4e+06 22010
LR999929.1 1.4e+06 1.5e+06 21298
LR999929.1 1.5e+06 1.6e+06 17995
LR999929.1 1.6e+06 1.7e+06 18693
LR999929.1 1.7e+06 1.8e+06 8417
LR999929.1 1.8e+06 1.9e+06 14517
LR999929.1 1.9e+06 2e+06 13707
LR999929.1 2e+06 2.1e+06 23221
LR999929.1 2.1e+06 2.2e+06 16127
LR999929.1 2.2e+06 2.3e+06 15832
LR999929.1 2.3e+06 2.4e+06 25146
LR999929.1 2.4e+06 2.5e+06 19723
LR999929.1 2.5e+06 2.6e+06 13500
LR999929.1 2.6e+06 2.7e+06 11491
LR999929.1 2.7e+06 2.8e+06 12883
LR999929.1 2.8e+06 2.9e+06 5644
LR999929.1 2.9e+06 3e+06 19521
LR999929.1 3e+06 3.1e+06 18753
LR999929.1 3.1e+06 3.2e+06 15506
LR999929.1 3.2e+06 3.3e+06 16464
LR999929.1 3.3e+06 3.4e+06 11906
LR999929.1 3.4e+06 3.5e+06 16209
LR999929.1 3.5e+06 3.6e+06 15225
LR999929.1 3.6e+06 3.7e+06 8971
LR999929.1 3.7e+06 3.8e+06 18656
LR999929.1 3.8e+06 3.9e+06 8074
LR999929.1 3.9e+06 4e+06 9360
LR999929.1 4e+06 4.1e+06 11953
LR999929.1 4.1e+06 4.2e+06 18554
LR999929.1 4.2e+06 4.3e+06 12182
LR999929.1 4.3e+06 4.4e+06 19629
LR999929.1 4.4e+06 4.5e+06 13163
LR999929.1 4.5e+06 4.6e+06 11957
LR999929.1 4.6e+06 4.7e+06 10203
LR999929.1 4.7e+06 4.8e+06 8740
LR999929.1 4.8e+06 4.9e+06 13404
LR999929.1 4.9e+06 5e+06 19117
LR999929.1 5e+06 5.1e+06 10666
LR999929.1 5.1e+06 5.2e+06 9408
LR999929.1 5.2e+06 5.3e+06 10273
LR999929.1 5.3e+06 5.4e+06 12774
LR999929.1 5.4e+06 5.5e+06 4520
LR999929.1 5.5e+06 5.6e+06 9611
LR999929.1 5.6e+06 5.7e+06 8790
LR999929.1 5.7e+06 5.8e+06 9192
LR999929.1 5.8e+06 5.9e+06 6096
LR999929.1 5.9e+06 6e+06 8839
LR999929.1 6e+06 6.1e+06 6263
LR999929.1 6.1e+06 6.2e+06 8733
LR999929.1 6.2e+06 6.3e+06 12860
LR999929.1 6.3e+06 6.4e+06 19069
LR999929.1 6.4e+06 6.5e+06 14162
LR999929.1 6.5e+06 6.6e+06 13078
LR999929.1 6.6e+06 6.7e+06 12888
LR999929.1 6.7e+06 6.8e+06 12035
LR999929.1 6.8e+06 6.9e+06 10174
LR999929.1 6.9e+06 7e+06 12138
LR999929.1 7e+06 7.1e+06 10697
LR999929.1 7.1e+06 7.2e+06 9013
LR999929.1 7.2e+06 7.3e+06 9349
LR999929.1 7.3e+06 7.4e+06 20854
LR999929.1 7.4e+06 7.5e+06 12419
LR999929.1 7.5e+06 7.6e+06 20472
LR999929.1 7.6e+06 7.7e+06 16051
LR999929.1 7.7e+06 7.8e+06 18535
LR999929.1 7.8e+06 7.9e+06 9635
LR999929.1 7.9e+06 8e+06 10641
LR999929.1 8e+06 8.1e+06 7273
LR999929.1 8.1e+06 8.2e+06 10685
LR999929.1 8.2e+06 8.3e+06 8988
LR999929.1 8.3e+06 8.4e+06 12303
LR999929.1 8.4e+06 8.5e+06 12442
LR999929.1 8.5e+06 8.6e+06 4925
LR999929.1 8.6e+06 8.7e+06 6370
LR999929.1 8.7e+06 8.8e+06 11228
LR999929.1 8.8e+06 8.9e+06 10278
LR999929.1 8.9e+06 9e+06 13554
LR999929.1 9e+06 9.1e+06 12705
LR999929.1 9.1e+06 9.2e+06 17645
LR999929.1 9.2e+06 9.3e+06 16173
LR999929.1 9.3e+06 9.4e+06 14457
LR999929.1 9.4e+06 9.5e+06 16843
LR999929.1 9.5e+06 9.6e+06 11652
LR999929.1 9.6e+06 9.7e+06 13745
LR999929.1 9.7e+06 9.8e+06 10531
LR999929.1 9.8e+06 9.9e+06 12985
LR999929.1 9.9e+06 1e+07 22558
LR999929.1 1e+07 1.01e+07 22604
LR999929.1 1.01e+07 1.02e+07 15533
LR999929.1 1.02e+07 1.03e+07 25318
LR999929.1 1.03e+07 1.04e+07 14504
LR999929.1 1.04e+07 1.05e+07 13867
LR999929.1 1.05e+07 1.06e+07 22634
LR999929.1 1.06e+07 1.07e+07 32745
LR999929.1 1.07e+07 1.08e+07 23110
LR999929.1 1.08e+07 1.09e+07 17502
LR999929.1 1.09e+07 1.1e+07 20283
LR999929.1 1.1e+07 1.11e+07 7746
LR999929.1 1.11e+07 1.12e+07 7173
LR999929.1 1.12e+07 1.13e+07 14536
LR999929.1 1.13e+07 1.14e+07 24152
LR999929.1 1.14e+07 1.15e+07 19582
LR999929.1 1.15e+07 1.16e+07 16714
LR999929.1 1.16e+07 1.17e+07 23616
LR999929.1 1.17e+07 1.18e+07 14212
LR999929.1 1.18e+07 1.19e+07 20195
LR999929.1 1.19e+07 1.2e+07 11798
LR999929.1 1.2e+07 1.21e+07 16556
LR999929.1 1.21e+07 1.22e+07 9282
LR999929.1 1.22e+07 1.23e+07 8558
LR999929.1 1.23e+07 1.24e+07 7895
LR999929.1 1.24e+07 1.25e+07 9145
LR999929.1 1.25e+07 1.26e+07 12864
LR999929.1 1.26e+07 1.27e+07 8316
LR999929.1 1.27e+07 1.28e+07 6147
LR999929.1 1.28e+07 1.29e+07 7790
LR999929.1 1.29e+07 1.3e+07 7789
LR999929.1 1.3e+07 1.31e+07 4434
LR999929.1 1.31e+07 1.32e+07 5991
LR999929.1 1.32e+07 1.33e+07 6553
LR999929.1 1.33e+07 1.34e+07 13416
LR999929.1 1.34e+07 1.35e+07 3964
LR999929.1 1.35e+07 1.36e+07 10858
LR999929.1 1.36e+07 1.37e+07 10387
LR999929.1 1.37e+07 1.38e+07 21034
LR999929.1 1.38e+07 1.39e+07 17819
LR999929.1 1.39e+07 1.4e+07 16091
LR999929.1 1.4e+07 1.41e+07 13453
LR999929.1 1.41e+07 1.42e+07 15890
LR999929.1 1.42e+07 1.43e+07 13105
LR999929.1 1.43e+07 1.44e+07 17354
LR999929.1 1.44e+07 1.45e+07 18175
LR999929.1 1.45e+07 1.46e+07 19304
LR999929.1 1.46e+07 1.47e+07 8074
LR999929.1 1.47e+07 1.48e+07 11660
LR999929.1 1.48e+07 1.49e+07 18715
LR999929.1 1.49e+07 1.5e+07 18692
LR999929.1 1.5e+07 1.51e+07 21838
LR999929.1 1.51e+07 1.52e+07 20487
LR999929.1 1.52e+07 1.53e+07 24482
LR999929.1 1.53e+07 1.54e+07 31290
LR999929.1 1.54e+07 1.55e+07 18842
LR999929.1 1.55e+07 1.56e+07 11691
LR999929.1 1.56e+07 1.57e+07 10728
LR999929.1 1.57e+07 1.58e+07 8467
LR999929.1 1.58e+07 1.59e+07 9984
LR999929.1 1.59e+07 15952094 9072
