LR999949.1 1 100000 84816
LR999949.1 100001 200000 81687
LR999949.1 200001 300000 8854
LR999949.1 300001 400000 20880
LR999949.1 400001 500000 15701
LR999949.1 500001 600000 20741
LR999949.1 600001 700000 18335
LR999949.1 700001 800000 16907
LR999949.1 800001 900000 20434
LR999949.1 900001 1e+06 4282
LR999949.1 1e+06 1.1e+06 7970
LR999949.1 1.1e+06 1.2e+06 17832
LR999949.1 1.2e+06 1.3e+06 13451
LR999949.1 1.3e+06 1.4e+06 24502
LR999949.1 1.4e+06 1.5e+06 14433
LR999949.1 1.5e+06 1.6e+06 17849
LR999949.1 1.6e+06 1.7e+06 12922
LR999949.1 1.7e+06 1.8e+06 15094
LR999949.1 1.8e+06 1.9e+06 21706
LR999949.1 1.9e+06 2e+06 28491
LR999949.1 2e+06 2.1e+06 14583
LR999949.1 2.1e+06 2.2e+06 17296
LR999949.1 2.2e+06 2.3e+06 17278
LR999949.1 2.3e+06 2.4e+06 22864
LR999949.1 2.4e+06 2.5e+06 26458
LR999949.1 2.5e+06 2.6e+06 30384
LR999949.1 2.6e+06 2.7e+06 23118
LR999949.1 2.7e+06 2.8e+06 16192
LR999949.1 2.8e+06 2.9e+06 7682
LR999949.1 2.9e+06 3e+06 10135
LR999949.1 3e+06 3.1e+06 17599
LR999949.1 3.1e+06 3.2e+06 15669
LR999949.1 3.2e+06 3.3e+06 13287
LR999949.1 3.3e+06 3.4e+06 7618
LR999949.1 3.4e+06 3.5e+06 10872
LR999949.1 3.5e+06 3.6e+06 4927
LR999949.1 3.6e+06 3.7e+06 6658
LR999949.1 3.7e+06 3.8e+06 12260
LR999949.1 3.8e+06 3.9e+06 20628
LR999949.1 3.9e+06 4e+06 16402
LR999949.1 4e+06 4.1e+06 15966
LR999949.1 4.1e+06 4.2e+06 15690
LR999949.1 4.2e+06 4.3e+06 27817
LR999949.1 4.3e+06 4.4e+06 13046
LR999949.1 4.4e+06 4.5e+06 21925
LR999949.1 4.5e+06 4.6e+06 9430
LR999949.1 4.6e+06 4.7e+06 11744
LR999949.1 4.7e+06 4.8e+06 8959
LR999949.1 4.8e+06 4.9e+06 8801
LR999949.1 4.9e+06 5e+06 8748
LR999949.1 5e+06 5.1e+06 12444
LR999949.1 5.1e+06 5.2e+06 15229
LR999949.1 5.2e+06 5.3e+06 13194
LR999949.1 5.3e+06 5.4e+06 8395
LR999949.1 5.4e+06 5.5e+06 14168
LR999949.1 5.5e+06 5.6e+06 11308
LR999949.1 5.6e+06 5.7e+06 13641
LR999949.1 5.7e+06 5.8e+06 15789
LR999949.1 5.8e+06 5.9e+06 10556
LR999949.1 5.9e+06 6e+06 24252
LR999949.1 6e+06 6.1e+06 22325
LR999949.1 6.1e+06 6.2e+06 20254
LR999949.1 6.2e+06 6.3e+06 12725
LR999949.1 6.3e+06 6.4e+06 10224
LR999949.1 6.4e+06 6.5e+06 12730
LR999949.1 6.5e+06 6.6e+06 11289
LR999949.1 6.6e+06 6.7e+06 11406
LR999949.1 6.7e+06 6.8e+06 14500
LR999949.1 6.8e+06 6.9e+06 18169
LR999949.1 6.9e+06 7e+06 15947
LR999949.1 7e+06 7.1e+06 11855
LR999949.1 7.1e+06 7.2e+06 7713
LR999949.1 7.2e+06 7.3e+06 11470
LR999949.1 7.3e+06 7.4e+06 21160
LR999949.1 7.4e+06 7.5e+06 23425
LR999949.1 7.5e+06 7.6e+06 20663
LR999949.1 7.6e+06 7.7e+06 17643
LR999949.1 7.7e+06 7.8e+06 19864
LR999949.1 7.8e+06 7.9e+06 14083
LR999949.1 7.9e+06 8e+06 14209
LR999949.1 8e+06 8.1e+06 11159
LR999949.1 8.1e+06 8.2e+06 23739
LR999949.1 8.2e+06 8.3e+06 28480
LR999949.1 8.3e+06 8.4e+06 17319
LR999949.1 8.4e+06 8.5e+06 27034
LR999949.1 8.5e+06 8.6e+06 19723
LR999949.1 8.6e+06 8.7e+06 11455
LR999949.1 8.7e+06 8.8e+06 20430
LR999949.1 8.8e+06 8.9e+06 21069
LR999949.1 8.9e+06 9e+06 17029
LR999949.1 9e+06 9.1e+06 26980
LR999949.1 9.1e+06 9.2e+06 32051
LR999949.1 9.2e+06 9.3e+06 24177
LR999949.1 9.3e+06 9.4e+06 29398
LR999949.1 9.4e+06 9.5e+06 22681
LR999949.1 9.5e+06 9.6e+06 28748
LR999949.1 9.6e+06 9.7e+06 12134
LR999949.1 9.7e+06 9.8e+06 23039
LR999949.1 9.8e+06 9.9e+06 24427
LR999949.1 9.9e+06 1e+07 18713
LR999949.1 1e+07 1.01e+07 19049
LR999949.1 1.01e+07 1.02e+07 18973
LR999949.1 1.02e+07 1.03e+07 19235
LR999949.1 1.03e+07 1.04e+07 18469
LR999949.1 1.04e+07 1.05e+07 29587
LR999949.1 1.05e+07 1.06e+07 18733
LR999949.1 1.06e+07 1.07e+07 11032
LR999949.1 1.07e+07 1.08e+07 17983
LR999949.1 1.08e+07 1.09e+07 26568
LR999949.1 1.09e+07 1.1e+07 28890
LR999949.1 1.1e+07 1.11e+07 13842
LR999949.1 1.11e+07 11199261 15968
