LR999934.1 1 100000 9829
LR999934.1 100001 200000 14901
LR999934.1 200001 300000 16949
LR999934.1 300001 400000 25245
LR999934.1 400001 500000 18625
LR999934.1 500001 600000 25737
LR999934.1 600001 700000 23484
LR999934.1 700001 800000 20066
LR999934.1 800001 900000 10978
LR999934.1 900001 1e+06 18346
LR999934.1 1e+06 1.1e+06 18326
LR999934.1 1.1e+06 1.2e+06 10667
LR999934.1 1.2e+06 1.3e+06 12726
LR999934.1 1.3e+06 1.4e+06 19219
LR999934.1 1.4e+06 1.5e+06 10506
LR999934.1 1.5e+06 1.6e+06 17745
LR999934.1 1.6e+06 1.7e+06 15693
LR999934.1 1.7e+06 1.8e+06 14132
LR999934.1 1.8e+06 1.9e+06 12995
LR999934.1 1.9e+06 2e+06 11826
LR999934.1 2e+06 2.1e+06 2263
LR999934.1 2.1e+06 2.2e+06 17338
LR999934.1 2.2e+06 2.3e+06 16983
LR999934.1 2.3e+06 2.4e+06 15005
LR999934.1 2.4e+06 2.5e+06 16309
LR999934.1 2.5e+06 2.6e+06 24919
LR999934.1 2.6e+06 2.7e+06 28170
LR999934.1 2.7e+06 2.8e+06 26785
LR999934.1 2.8e+06 2.9e+06 28552
LR999934.1 2.9e+06 3e+06 23533
LR999934.1 3e+06 3.1e+06 20977
LR999934.1 3.1e+06 3.2e+06 23492
LR999934.1 3.2e+06 3.3e+06 28071
LR999934.1 3.3e+06 3.4e+06 26547
LR999934.1 3.4e+06 3.5e+06 24378
LR999934.1 3.5e+06 3.6e+06 31142
LR999934.1 3.6e+06 3.7e+06 27402
LR999934.1 3.7e+06 3.8e+06 32837
LR999934.1 3.8e+06 3.9e+06 28941
LR999934.1 3.9e+06 4e+06 30932
LR999934.1 4e+06 4.1e+06 27005
LR999934.1 4.1e+06 4.2e+06 32414
LR999934.1 4.2e+06 4.3e+06 22526
LR999934.1 4.3e+06 4.4e+06 29879
LR999934.1 4.4e+06 4.5e+06 26387
LR999934.1 4.5e+06 4.6e+06 22518
LR999934.1 4.6e+06 4.7e+06 28679
LR999934.1 4.7e+06 4.8e+06 28951
LR999934.1 4.8e+06 4.9e+06 25144
LR999934.1 4.9e+06 5e+06 32497
LR999934.1 5e+06 5.1e+06 22636
LR999934.1 5.1e+06 5.2e+06 38687
LR999934.1 5.2e+06 5.3e+06 17253
LR999934.1 5.3e+06 5.4e+06 19601
LR999934.1 5.4e+06 5.5e+06 7019
LR999934.1 5.5e+06 5.6e+06 12348
LR999934.1 5.6e+06 5.7e+06 9397
LR999934.1 5.7e+06 5.8e+06 16976
LR999934.1 5.8e+06 5.9e+06 15191
LR999934.1 5.9e+06 6e+06 17475
LR999934.1 6e+06 6.1e+06 23637
LR999934.1 6.1e+06 6.2e+06 17229
LR999934.1 6.2e+06 6.3e+06 22833
LR999934.1 6.3e+06 6.4e+06 18048
LR999934.1 6.4e+06 6.5e+06 19341
LR999934.1 6.5e+06 6.6e+06 18940
LR999934.1 6.6e+06 6.7e+06 14681
LR999934.1 6.7e+06 6.8e+06 21266
LR999934.1 6.8e+06 6.9e+06 21369
LR999934.1 6.9e+06 7e+06 11649
LR999934.1 7e+06 7.1e+06 13089
LR999934.1 7.1e+06 7.2e+06 17229
LR999934.1 7.2e+06 7.3e+06 14417
LR999934.1 7.3e+06 7.4e+06 17174
LR999934.1 7.4e+06 7.5e+06 8712
LR999934.1 7.5e+06 7.6e+06 7560
LR999934.1 7.6e+06 7.7e+06 8420
LR999934.1 7.7e+06 7.8e+06 6820
LR999934.1 7.8e+06 7.9e+06 23044
LR999934.1 7.9e+06 8e+06 11917
LR999934.1 8e+06 8.1e+06 7533
LR999934.1 8.1e+06 8.2e+06 11131
LR999934.1 8.2e+06 8.3e+06 12207
LR999934.1 8.3e+06 8.4e+06 13583
LR999934.1 8.4e+06 8.5e+06 11036
LR999934.1 8.5e+06 8.6e+06 13138
LR999934.1 8.6e+06 8.7e+06 12717
LR999934.1 8.7e+06 8.8e+06 10981
LR999934.1 8.8e+06 8.9e+06 9996
LR999934.1 8.9e+06 9e+06 13572
LR999934.1 9e+06 9.1e+06 16449
LR999934.1 9.1e+06 9.2e+06 11659
LR999934.1 9.2e+06 9.3e+06 15187
LR999934.1 9.3e+06 9.4e+06 11986
LR999934.1 9.4e+06 9.5e+06 6063
LR999934.1 9.5e+06 9.6e+06 11238
LR999934.1 9.6e+06 9.7e+06 11349
LR999934.1 9.7e+06 9.8e+06 14196
LR999934.1 9.8e+06 9.9e+06 20176
LR999934.1 9.9e+06 1e+07 18892
LR999934.1 1e+07 1.01e+07 8673
LR999934.1 1.01e+07 1.02e+07 14717
LR999934.1 1.02e+07 1.03e+07 6093
LR999934.1 1.03e+07 1.04e+07 12170
LR999934.1 1.04e+07 1.05e+07 8773
LR999934.1 1.05e+07 1.06e+07 11453
LR999934.1 1.06e+07 1.07e+07 9712
LR999934.1 1.07e+07 1.08e+07 6523
LR999934.1 1.08e+07 1.09e+07 8235
LR999934.1 1.09e+07 1.1e+07 10838
LR999934.1 1.1e+07 1.11e+07 9676
LR999934.1 1.11e+07 1.12e+07 10797
LR999934.1 1.12e+07 1.13e+07 18564
LR999934.1 1.13e+07 1.14e+07 16160
LR999934.1 1.14e+07 1.15e+07 15600
LR999934.1 1.15e+07 1.16e+07 17322
LR999934.1 1.16e+07 1.17e+07 22638
LR999934.1 1.17e+07 1.18e+07 20631
LR999934.1 1.18e+07 1.19e+07 20249
LR999934.1 1.19e+07 1.2e+07 20564
LR999934.1 1.2e+07 1.21e+07 20753
LR999934.1 1.21e+07 1.22e+07 13789
LR999934.1 1.22e+07 1.23e+07 12889
LR999934.1 1.23e+07 1.24e+07 10902
LR999934.1 1.24e+07 1.25e+07 15940
LR999934.1 1.25e+07 1.26e+07 19674
LR999934.1 1.26e+07 1.27e+07 16812
LR999934.1 1.27e+07 1.28e+07 16283
LR999934.1 1.28e+07 1.29e+07 20537
LR999934.1 1.29e+07 1.3e+07 17587
LR999934.1 1.3e+07 1.31e+07 16976
LR999934.1 1.31e+07 1.32e+07 14321
LR999934.1 1.32e+07 1.33e+07 13702
LR999934.1 1.33e+07 1.34e+07 15852
LR999934.1 1.34e+07 1.35e+07 10688
LR999934.1 1.35e+07 1.36e+07 9692
LR999934.1 1.36e+07 1.37e+07 15736
LR999934.1 1.37e+07 1.38e+07 17795
LR999934.1 1.38e+07 1.39e+07 12238
LR999934.1 1.39e+07 1.4e+07 14723
LR999934.1 1.4e+07 1.41e+07 17393
LR999934.1 1.41e+07 1.42e+07 15082
LR999934.1 1.42e+07 1.43e+07 7574
LR999934.1 1.43e+07 1.44e+07 15955
LR999934.1 1.44e+07 1.45e+07 16170
LR999934.1 1.45e+07 1.46e+07 22083
LR999934.1 1.46e+07 1.47e+07 15942
LR999934.1 1.47e+07 1.48e+07 11386
LR999934.1 1.48e+07 1.49e+07 7161
LR999934.1 1.49e+07 14945938 9973
