LR999951.1 1 100000 16640
LR999951.1 100001 200000 20214
LR999951.1 200001 300000 22648
LR999951.1 300001 400000 15321
LR999951.1 400001 500000 16027
LR999951.1 500001 600000 16455
LR999951.1 600001 700000 21064
LR999951.1 700001 800000 19208
LR999951.1 800001 900000 24772
LR999951.1 900001 1e+06 22818
LR999951.1 1e+06 1.1e+06 25312
LR999951.1 1.1e+06 1.2e+06 23423
LR999951.1 1.2e+06 1.3e+06 28286
LR999951.1 1.3e+06 1.4e+06 20897
LR999951.1 1.4e+06 1.5e+06 18822
LR999951.1 1.5e+06 1.6e+06 19245
LR999951.1 1.6e+06 1.7e+06 24559
LR999951.1 1.7e+06 1.8e+06 23950
LR999951.1 1.8e+06 1.9e+06 12743
LR999951.1 1.9e+06 2e+06 14449
LR999951.1 2e+06 2.1e+06 15567
LR999951.1 2.1e+06 2.2e+06 11837
LR999951.1 2.2e+06 2.3e+06 16229
LR999951.1 2.3e+06 2.4e+06 13727
LR999951.1 2.4e+06 2.5e+06 16611
LR999951.1 2.5e+06 2.6e+06 12825
LR999951.1 2.6e+06 2.7e+06 15865
LR999951.1 2.7e+06 2.8e+06 7347
LR999951.1 2.8e+06 2.9e+06 6950
LR999951.1 2.9e+06 3e+06 10776
LR999951.1 3e+06 3.1e+06 20264
LR999951.1 3.1e+06 3.2e+06 23354
LR999951.1 3.2e+06 3.3e+06 20703
LR999951.1 3.3e+06 3.4e+06 25724
LR999951.1 3.4e+06 3.5e+06 22269
LR999951.1 3.5e+06 3.6e+06 21471
LR999951.1 3.6e+06 3.7e+06 21378
LR999951.1 3.7e+06 3.8e+06 28481
LR999951.1 3.8e+06 3.9e+06 34250
LR999951.1 3.9e+06 4e+06 10825
LR999951.1 4e+06 4.1e+06 7851
LR999951.1 4.1e+06 4.2e+06 15915
LR999951.1 4.2e+06 4.3e+06 15686
LR999951.1 4.3e+06 4.4e+06 28066
LR999951.1 4.4e+06 4.5e+06 25938
LR999951.1 4.5e+06 4.6e+06 17398
LR999951.1 4.6e+06 4.7e+06 14811
LR999951.1 4.7e+06 4.8e+06 13567
LR999951.1 4.8e+06 4.9e+06 26477
LR999951.1 4.9e+06 5e+06 19442
LR999951.1 5e+06 5.1e+06 20532
LR999951.1 5.1e+06 5.2e+06 20813
LR999951.1 5.2e+06 5.3e+06 16552
LR999951.1 5.3e+06 5.4e+06 11818
LR999951.1 5.4e+06 5.5e+06 22591
LR999951.1 5.5e+06 5.6e+06 17427
LR999951.1 5.6e+06 5.7e+06 19008
LR999951.1 5.7e+06 5.8e+06 25974
LR999951.1 5.8e+06 5.9e+06 21445
LR999951.1 5.9e+06 6e+06 16339
LR999951.1 6e+06 6.1e+06 15001
LR999951.1 6.1e+06 6.2e+06 15306
LR999951.1 6.2e+06 6.3e+06 22466
LR999951.1 6.3e+06 6.4e+06 22998
LR999951.1 6.4e+06 6.5e+06 21247
LR999951.1 6.5e+06 6.6e+06 23700
LR999951.1 6.6e+06 6.7e+06 23035
LR999951.1 6.7e+06 6.8e+06 24243
LR999951.1 6.8e+06 6.9e+06 18459
LR999951.1 6.9e+06 7e+06 25996
LR999951.1 7e+06 7.1e+06 21882
LR999951.1 7.1e+06 7.2e+06 23643
LR999951.1 7.2e+06 7.3e+06 13540
LR999951.1 7.3e+06 7.4e+06 12022
LR999951.1 7.4e+06 7.5e+06 12294
LR999951.1 7.5e+06 7.6e+06 17194
LR999951.1 7.6e+06 7.7e+06 14806
LR999951.1 7.7e+06 7.8e+06 13202
LR999951.1 7.8e+06 7.9e+06 13801
LR999951.1 7.9e+06 8e+06 15410
LR999951.1 8e+06 8.1e+06 14065
LR999951.1 8.1e+06 8.2e+06 10085
LR999951.1 8.2e+06 8.3e+06 12634
LR999951.1 8.3e+06 8.4e+06 14833
LR999951.1 8.4e+06 8.5e+06 20961
LR999951.1 8.5e+06 8.6e+06 13348
LR999951.1 8.6e+06 8.7e+06 19893
LR999951.1 8.7e+06 8.8e+06 14975
LR999951.1 8.8e+06 8.9e+06 21494
LR999951.1 8.9e+06 9e+06 18386
LR999951.1 9e+06 9.1e+06 16107
LR999951.1 9.1e+06 9.2e+06 15273
LR999951.1 9.2e+06 9.3e+06 12000
LR999951.1 9.3e+06 9.4e+06 9398
LR999951.1 9.4e+06 9.5e+06 14801
LR999951.1 9.5e+06 9.6e+06 20520
LR999951.1 9.6e+06 9.7e+06 14475
LR999951.1 9.7e+06 9.8e+06 16840
LR999951.1 9.8e+06 9839934 36650
