LR999933.1 1 100000 8973
LR999933.1 100001 200000 17901
LR999933.1 200001 300000 17037
LR999933.1 300001 400000 17867
LR999933.1 400001 500000 16246
LR999933.1 500001 600000 16716
LR999933.1 600001 700000 15721
LR999933.1 700001 800000 20822
LR999933.1 800001 900000 15675
LR999933.1 900001 1e+06 18755
LR999933.1 1e+06 1.1e+06 19040
LR999933.1 1.1e+06 1.2e+06 19573
LR999933.1 1.2e+06 1.3e+06 21453
LR999933.1 1.3e+06 1.4e+06 17863
LR999933.1 1.4e+06 1.5e+06 18295
LR999933.1 1.5e+06 1.6e+06 15302
LR999933.1 1.6e+06 1.7e+06 17182
LR999933.1 1.7e+06 1.8e+06 20587
LR999933.1 1.8e+06 1.9e+06 13870
LR999933.1 1.9e+06 2e+06 13308
LR999933.1 2e+06 2.1e+06 22234
LR999933.1 2.1e+06 2.2e+06 18652
LR999933.1 2.2e+06 2.3e+06 13649
LR999933.1 2.3e+06 2.4e+06 19588
LR999933.1 2.4e+06 2.5e+06 15750
LR999933.1 2.5e+06 2.6e+06 8876
LR999933.1 2.6e+06 2.7e+06 10959
LR999933.1 2.7e+06 2.8e+06 10818
LR999933.1 2.8e+06 2.9e+06 14999
LR999933.1 2.9e+06 3e+06 14507
LR999933.1 3e+06 3.1e+06 13606
LR999933.1 3.1e+06 3.2e+06 11821
LR999933.1 3.2e+06 3.3e+06 14822
LR999933.1 3.3e+06 3.4e+06 13325
LR999933.1 3.4e+06 3.5e+06 11052
LR999933.1 3.5e+06 3.6e+06 7609
LR999933.1 3.6e+06 3.7e+06 11400
LR999933.1 3.7e+06 3.8e+06 16548
LR999933.1 3.8e+06 3.9e+06 13067
LR999933.1 3.9e+06 4e+06 17009
LR999933.1 4e+06 4.1e+06 22485
LR999933.1 4.1e+06 4.2e+06 19263
LR999933.1 4.2e+06 4.3e+06 11565
LR999933.1 4.3e+06 4.4e+06 8831
LR999933.1 4.4e+06 4.5e+06 14786
LR999933.1 4.5e+06 4.6e+06 7753
LR999933.1 4.6e+06 4.7e+06 16984
LR999933.1 4.7e+06 4.8e+06 11666
LR999933.1 4.8e+06 4.9e+06 15488
LR999933.1 4.9e+06 5e+06 11859
LR999933.1 5e+06 5.1e+06 11160
LR999933.1 5.1e+06 5.2e+06 12119
LR999933.1 5.2e+06 5.3e+06 9083
LR999933.1 5.3e+06 5.4e+06 10441
LR999933.1 5.4e+06 5.5e+06 6874
LR999933.1 5.5e+06 5.6e+06 18603
LR999933.1 5.6e+06 5.7e+06 12272
LR999933.1 5.7e+06 5.8e+06 12501
LR999933.1 5.8e+06 5.9e+06 7417
LR999933.1 5.9e+06 6e+06 10975
LR999933.1 6e+06 6.1e+06 12357
LR999933.1 6.1e+06 6.2e+06 5856
LR999933.1 6.2e+06 6.3e+06 8191
LR999933.1 6.3e+06 6.4e+06 6530
LR999933.1 6.4e+06 6.5e+06 6864
LR999933.1 6.5e+06 6.6e+06 14935
LR999933.1 6.6e+06 6.7e+06 8386
LR999933.1 6.7e+06 6.8e+06 17389
LR999933.1 6.8e+06 6.9e+06 12294
LR999933.1 6.9e+06 7e+06 6832
LR999933.1 7e+06 7.1e+06 4043
LR999933.1 7.1e+06 7.2e+06 11116
LR999933.1 7.2e+06 7.3e+06 13188
LR999933.1 7.3e+06 7.4e+06 10214
LR999933.1 7.4e+06 7.5e+06 6594
LR999933.1 7.5e+06 7.6e+06 7750
LR999933.1 7.6e+06 7.7e+06 4019
LR999933.1 7.7e+06 7.8e+06 4888
LR999933.1 7.8e+06 7.9e+06 9519
LR999933.1 7.9e+06 8e+06 7799
LR999933.1 8e+06 8.1e+06 16011
LR999933.1 8.1e+06 8.2e+06 8743
LR999933.1 8.2e+06 8.3e+06 14643
LR999933.1 8.3e+06 8.4e+06 14270
LR999933.1 8.4e+06 8.5e+06 5819
LR999933.1 8.5e+06 8.6e+06 14738
LR999933.1 8.6e+06 8.7e+06 6717
LR999933.1 8.7e+06 8.8e+06 9927
LR999933.1 8.8e+06 8.9e+06 5248
LR999933.1 8.9e+06 9e+06 7616
LR999933.1 9e+06 9.1e+06 10932
LR999933.1 9.1e+06 9.2e+06 13934
LR999933.1 9.2e+06 9.3e+06 5728
LR999933.1 9.3e+06 9.4e+06 12473
LR999933.1 9.4e+06 9.5e+06 10972
LR999933.1 9.5e+06 9.6e+06 10181
LR999933.1 9.6e+06 9.7e+06 11979
LR999933.1 9.7e+06 9.8e+06 8325
LR999933.1 9.8e+06 9.9e+06 12639
LR999933.1 9.9e+06 1e+07 12207
LR999933.1 1e+07 1.01e+07 7890
LR999933.1 1.01e+07 1.02e+07 5891
LR999933.1 1.02e+07 1.03e+07 5878
LR999933.1 1.03e+07 1.04e+07 8720
LR999933.1 1.04e+07 1.05e+07 9744
LR999933.1 1.05e+07 1.06e+07 5899
LR999933.1 1.06e+07 1.07e+07 9026
LR999933.1 1.07e+07 1.08e+07 10523
LR999933.1 1.08e+07 1.09e+07 7858
LR999933.1 1.09e+07 1.1e+07 7749
LR999933.1 1.1e+07 1.11e+07 9715
LR999933.1 1.11e+07 1.12e+07 12608
LR999933.1 1.12e+07 1.13e+07 10578
LR999933.1 1.13e+07 1.14e+07 4094
LR999933.1 1.14e+07 1.15e+07 9285
LR999933.1 1.15e+07 1.16e+07 15321
LR999933.1 1.16e+07 1.17e+07 19423
LR999933.1 1.17e+07 1.18e+07 20624
LR999933.1 1.18e+07 1.19e+07 11564
LR999933.1 1.19e+07 1.2e+07 10925
LR999933.1 1.2e+07 1.21e+07 6681
LR999933.1 1.21e+07 1.22e+07 8245
LR999933.1 1.22e+07 1.23e+07 17873
LR999933.1 1.23e+07 1.24e+07 15867
LR999933.1 1.24e+07 1.25e+07 16996
LR999933.1 1.25e+07 1.26e+07 12517
LR999933.1 1.26e+07 1.27e+07 20127
LR999933.1 1.27e+07 1.28e+07 18826
LR999933.1 1.28e+07 1.29e+07 14391
LR999933.1 1.29e+07 1.3e+07 14998
LR999933.1 1.3e+07 1.31e+07 12463
LR999933.1 1.31e+07 1.32e+07 17198
LR999933.1 1.32e+07 1.33e+07 13256
LR999933.1 1.33e+07 1.34e+07 26570
LR999933.1 1.34e+07 1.35e+07 12932
LR999933.1 1.35e+07 1.36e+07 13736
LR999933.1 1.36e+07 1.37e+07 14501
LR999933.1 1.37e+07 1.38e+07 12654
LR999933.1 1.38e+07 1.39e+07 12459
LR999933.1 1.39e+07 1.4e+07 19305
LR999933.1 1.4e+07 1.41e+07 20752
LR999933.1 1.41e+07 1.42e+07 9176
LR999933.1 1.42e+07 1.43e+07 13151
LR999933.1 1.43e+07 1.44e+07 9351
LR999933.1 1.44e+07 1.45e+07 17327
LR999933.1 1.45e+07 1.46e+07 11473
LR999933.1 1.46e+07 1.47e+07 18001
LR999933.1 1.47e+07 1.48e+07 17169
LR999933.1 1.48e+07 1.49e+07 14456
LR999933.1 1.49e+07 1.5e+07 7282
LR999933.1 1.5e+07 1.51e+07 12342
LR999933.1 1.51e+07 1.52e+07 13200
LR999933.1 1.52e+07 15296561 7999
