LR999953.1 1 100000 31590
LR999953.1 100001 200000 45550
LR999953.1 200001 300000 45514
LR999953.1 300001 400000 53658
LR999953.1 400001 500000 47320
LR999953.1 500001 600000 58872
LR999953.1 600001 700000 47608
LR999953.1 700001 800000 43931
LR999953.1 800001 900000 55667
LR999953.1 900001 1e+06 55498
LR999953.1 1e+06 1.1e+06 61675
LR999953.1 1.1e+06 1.2e+06 48696
LR999953.1 1.2e+06 1.3e+06 59653
LR999953.1 1.3e+06 1.4e+06 60037
LR999953.1 1.4e+06 1.5e+06 53172
LR999953.1 1.5e+06 1.6e+06 47944
LR999953.1 1.6e+06 1.7e+06 59996
LR999953.1 1.7e+06 1.8e+06 61428
LR999953.1 1.8e+06 1.9e+06 60926
LR999953.1 1.9e+06 2e+06 64653
LR999953.1 2e+06 2.1e+06 72197
LR999953.1 2.1e+06 2.2e+06 51939
LR999953.1 2.2e+06 2.3e+06 48876
LR999953.1 2.3e+06 2.4e+06 63088
LR999953.1 2.4e+06 2.5e+06 51590
LR999953.1 2.5e+06 2.6e+06 59008
LR999953.1 2.6e+06 2.7e+06 51741
LR999953.1 2.7e+06 2.8e+06 49573
LR999953.1 2.8e+06 2.9e+06 49807
LR999953.1 2.9e+06 3e+06 54784
LR999953.1 3e+06 3.1e+06 54422
LR999953.1 3.1e+06 3.2e+06 49901
LR999953.1 3.2e+06 3.3e+06 48102
LR999953.1 3.3e+06 3.4e+06 54362
LR999953.1 3.4e+06 3.5e+06 53422
LR999953.1 3.5e+06 3.6e+06 46217
LR999953.1 3.6e+06 3.7e+06 51051
LR999953.1 3.7e+06 3.8e+06 49865
LR999953.1 3.8e+06 3.9e+06 64538
LR999953.1 3.9e+06 4e+06 43666
LR999953.1 4e+06 4.1e+06 60294
LR999953.1 4.1e+06 4.2e+06 59586
LR999953.1 4.2e+06 4.3e+06 50392
LR999953.1 4.3e+06 4.4e+06 43012
LR999953.1 4.4e+06 4.5e+06 41992
LR999953.1 4.5e+06 4.6e+06 46522
LR999953.1 4.6e+06 4.7e+06 47990
LR999953.1 4.7e+06 4.8e+06 46622
LR999953.1 4.8e+06 4.9e+06 64212
LR999953.1 4.9e+06 5e+06 57632
LR999953.1 5e+06 5.1e+06 56375
LR999953.1 5.1e+06 5.2e+06 54477
LR999953.1 5.2e+06 5.3e+06 54645
LR999953.1 5.3e+06 5.4e+06 57532
LR999953.1 5.4e+06 5.5e+06 54242
LR999953.1 5.5e+06 5.6e+06 56215
LR999953.1 5.6e+06 5.7e+06 35353
LR999953.1 5.7e+06 5.8e+06 45856
LR999953.1 5.8e+06 5.9e+06 41784
LR999953.1 5.9e+06 6e+06 54167
LR999953.1 6e+06 6.1e+06 61834
LR999953.1 6.1e+06 6.2e+06 59293
LR999953.1 6.2e+06 6.3e+06 52363
LR999953.1 6.3e+06 6.4e+06 57230
LR999953.1 6.4e+06 6.5e+06 63944
LR999953.1 6.5e+06 6.6e+06 66750
LR999953.1 6.6e+06 6.7e+06 62768
LR999953.1 6.7e+06 6.8e+06 67819
LR999953.1 6.8e+06 6.9e+06 67482
LR999953.1 6.9e+06 7e+06 74222
LR999953.1 7e+06 7.1e+06 63233
LR999953.1 7.1e+06 7.2e+06 69700
LR999953.1 7.2e+06 7.3e+06 63960
LR999953.1 7.3e+06 7.4e+06 55179
LR999953.1 7.4e+06 7.5e+06 52522
LR999953.1 7.5e+06 7.6e+06 51519
LR999953.1 7.6e+06 7.7e+06 52437
LR999953.1 7.7e+06 7.8e+06 50141
LR999953.1 7.8e+06 7.9e+06 52876
LR999953.1 7.9e+06 8e+06 68194
LR999953.1 8e+06 8.1e+06 67048
LR999953.1 8.1e+06 8178468 37508
