LR999955.1 1 100000 58980
LR999955.1 100001 200000 65760
LR999955.1 200001 300000 62062
LR999955.1 300001 400000 58965
LR999955.1 400001 500000 65831
LR999955.1 500001 600000 63027
LR999955.1 600001 700000 61820
LR999955.1 700001 800000 62527
LR999955.1 800001 900000 57500
LR999955.1 900001 1e+06 58066
LR999955.1 1e+06 1.1e+06 59798
LR999955.1 1.1e+06 1.2e+06 70100
LR999955.1 1.2e+06 1.3e+06 60196
LR999955.1 1.3e+06 1.4e+06 65513
LR999955.1 1.4e+06 1.5e+06 69432
LR999955.1 1.5e+06 1.6e+06 67094
LR999955.1 1.6e+06 1.7e+06 57421
LR999955.1 1.7e+06 1.8e+06 71167
LR999955.1 1.8e+06 1.9e+06 62087
LR999955.1 1.9e+06 2e+06 60683
LR999955.1 2e+06 2.1e+06 67409
LR999955.1 2.1e+06 2.2e+06 66936
LR999955.1 2.2e+06 2.3e+06 46950
LR999955.1 2.3e+06 2.4e+06 54516
LR999955.1 2.4e+06 2.5e+06 51532
LR999955.1 2.5e+06 2.6e+06 69488
LR999955.1 2.6e+06 2.7e+06 66552
LR999955.1 2.7e+06 2.8e+06 60068
LR999955.1 2.8e+06 2.9e+06 70091
LR999955.1 2.9e+06 3e+06 72207
LR999955.1 3e+06 3.1e+06 52832
LR999955.1 3.1e+06 3.2e+06 63911
LR999955.1 3.2e+06 3.3e+06 70933
LR999955.1 3.3e+06 3.4e+06 62589
LR999955.1 3.4e+06 3.5e+06 57898
LR999955.1 3.5e+06 3.6e+06 50738
LR999955.1 3.6e+06 3.7e+06 57736
LR999955.1 3.7e+06 3.8e+06 61775
LR999955.1 3.8e+06 3.9e+06 66069
LR999955.1 3.9e+06 4e+06 53768
LR999955.1 4e+06 4.1e+06 52153
LR999955.1 4.1e+06 4.2e+06 59012
LR999955.1 4.2e+06 4.3e+06 60052
LR999955.1 4.3e+06 4.4e+06 54450
LR999955.1 4.4e+06 4.5e+06 58193
LR999955.1 4.5e+06 4.6e+06 62447
LR999955.1 4.6e+06 4.7e+06 55491
LR999955.1 4.7e+06 4.8e+06 53508
LR999955.1 4.8e+06 4.9e+06 60317
LR999955.1 4.9e+06 5e+06 65346
LR999955.1 5e+06 5.1e+06 66331
LR999955.1 5.1e+06 5.2e+06 53852
LR999955.1 5.2e+06 5.3e+06 54826
LR999955.1 5.3e+06 5.4e+06 58502
LR999955.1 5.4e+06 5.5e+06 58354
LR999955.1 5.5e+06 5.6e+06 43907
LR999955.1 5.6e+06 5.7e+06 54464
LR999955.1 5.7e+06 5.8e+06 69323
LR999955.1 5.8e+06 5.9e+06 69397
LR999955.1 5.9e+06 6e+06 66234
LR999955.1 6e+06 6.1e+06 51067
LR999955.1 6.1e+06 6166334 42720
