LR999944.1 1 100000 51352
LR999944.1 100001 200000 25795
LR999944.1 200001 300000 38473
LR999944.1 300001 400000 56978
LR999944.1 400001 500000 55693
LR999944.1 500001 600000 54986
LR999944.1 600001 700000 52762
LR999944.1 700001 800000 48535
LR999944.1 800001 900000 46803
LR999944.1 900001 1e+06 58136
LR999944.1 1e+06 1.1e+06 49187
LR999944.1 1.1e+06 1.2e+06 60840
LR999944.1 1.2e+06 1.3e+06 48314
LR999944.1 1.3e+06 1.4e+06 46248
LR999944.1 1.4e+06 1.5e+06 47090
LR999944.1 1.5e+06 1.6e+06 57008
LR999944.1 1.6e+06 1.7e+06 46725
LR999944.1 1.7e+06 1.8e+06 37426
LR999944.1 1.8e+06 1.9e+06 47577
LR999944.1 1.9e+06 2e+06 54233
LR999944.1 2e+06 2.1e+06 49656
LR999944.1 2.1e+06 2.2e+06 55751
LR999944.1 2.2e+06 2.3e+06 53551
LR999944.1 2.3e+06 2.4e+06 43751
LR999944.1 2.4e+06 2.5e+06 45634
LR999944.1 2.5e+06 2.6e+06 45309
LR999944.1 2.6e+06 2.7e+06 51455
LR999944.1 2.7e+06 2.8e+06 39351
LR999944.1 2.8e+06 2.9e+06 49189
LR999944.1 2.9e+06 3e+06 48583
LR999944.1 3e+06 3.1e+06 43378
LR999944.1 3.1e+06 3.2e+06 41324
LR999944.1 3.2e+06 3.3e+06 39902
LR999944.1 3.3e+06 3.4e+06 39200
LR999944.1 3.4e+06 3.5e+06 25261
LR999944.1 3.5e+06 3.6e+06 35502
LR999944.1 3.6e+06 3.7e+06 40058
LR999944.1 3.7e+06 3.8e+06 38040
LR999944.1 3.8e+06 3.9e+06 46657
LR999944.1 3.9e+06 4e+06 34031
LR999944.1 4e+06 4.1e+06 42631
LR999944.1 4.1e+06 4.2e+06 23936
LR999944.1 4.2e+06 4.3e+06 36992
LR999944.1 4.3e+06 4.4e+06 37642
LR999944.1 4.4e+06 4.5e+06 28917
LR999944.1 4.5e+06 4.6e+06 36225
LR999944.1 4.6e+06 4.7e+06 50066
LR999944.1 4.7e+06 4.8e+06 58675
LR999944.1 4.8e+06 4.9e+06 45009
LR999944.1 4.9e+06 5e+06 32617
LR999944.1 5e+06 5.1e+06 36876
LR999944.1 5.1e+06 5.2e+06 33954
LR999944.1 5.2e+06 5.3e+06 41985
LR999944.1 5.3e+06 5.4e+06 45785
LR999944.1 5.4e+06 5.5e+06 22754
LR999944.1 5.5e+06 5.6e+06 17470
LR999944.1 5.6e+06 5.7e+06 24330
LR999944.1 5.7e+06 5.8e+06 33300
LR999944.1 5.8e+06 5.9e+06 27659
LR999944.1 5.9e+06 6e+06 35615
LR999944.1 6e+06 6.1e+06 30828
LR999944.1 6.1e+06 6.2e+06 34259
LR999944.1 6.2e+06 6.3e+06 30032
LR999944.1 6.3e+06 6.4e+06 29933
LR999944.1 6.4e+06 6.5e+06 47173
LR999944.1 6.5e+06 6.6e+06 51019
LR999944.1 6.6e+06 6.7e+06 34562
LR999944.1 6.7e+06 6.8e+06 29847
LR999944.1 6.8e+06 6.9e+06 29103
LR999944.1 6.9e+06 7e+06 40428
LR999944.1 7e+06 7.1e+06 60220
LR999944.1 7.1e+06 7.2e+06 58728
LR999944.1 7.2e+06 7.3e+06 54021
LR999944.1 7.3e+06 7.4e+06 49243
LR999944.1 7.4e+06 7.5e+06 50565
LR999944.1 7.5e+06 7.6e+06 42232
LR999944.1 7.6e+06 7.7e+06 48319
LR999944.1 7.7e+06 7.8e+06 38080
LR999944.1 7.8e+06 7.9e+06 26777
LR999944.1 7.9e+06 8e+06 22727
LR999944.1 8e+06 8.1e+06 30165
LR999944.1 8.1e+06 8.2e+06 45311
LR999944.1 8.2e+06 8.3e+06 49811
LR999944.1 8.3e+06 8.4e+06 40494
LR999944.1 8.4e+06 8.5e+06 40857
LR999944.1 8.5e+06 8.6e+06 43774
LR999944.1 8.6e+06 8.7e+06 41375
LR999944.1 8.7e+06 8.8e+06 38782
LR999944.1 8.8e+06 8.9e+06 49560
LR999944.1 8.9e+06 9e+06 29074
LR999944.1 9e+06 9.1e+06 25797
LR999944.1 9.1e+06 9.2e+06 22807
LR999944.1 9.2e+06 9.3e+06 27479
LR999944.1 9.3e+06 9.4e+06 34007
LR999944.1 9.4e+06 9.5e+06 40331
LR999944.1 9.5e+06 9.6e+06 38558
LR999944.1 9.6e+06 9.7e+06 41965
LR999944.1 9.7e+06 9.8e+06 41593
LR999944.1 9.8e+06 9.9e+06 38145
LR999944.1 9.9e+06 1e+07 36949
LR999944.1 1e+07 1.01e+07 30839
LR999944.1 1.01e+07 1.02e+07 25761
LR999944.1 1.02e+07 1.03e+07 40822
LR999944.1 1.03e+07 1.04e+07 46571
LR999944.1 1.04e+07 1.05e+07 45058
LR999944.1 1.05e+07 1.06e+07 49472
LR999944.1 1.06e+07 1.07e+07 55774
LR999944.1 1.07e+07 1.08e+07 30283
LR999944.1 1.08e+07 1.09e+07 40067
LR999944.1 1.09e+07 1.1e+07 54562
LR999944.1 1.1e+07 1.11e+07 49682
LR999944.1 1.11e+07 1.12e+07 47798
LR999944.1 1.12e+07 1.13e+07 51556
LR999944.1 1.13e+07 1.14e+07 54679
LR999944.1 1.14e+07 1.15e+07 43651
LR999944.1 1.15e+07 1.16e+07 45148
LR999944.1 1.16e+07 1.17e+07 47635
LR999944.1 1.17e+07 1.18e+07 36047
LR999944.1 1.18e+07 1.19e+07 37666
LR999944.1 1.19e+07 1.2e+07 33423
LR999944.1 1.2e+07 1.21e+07 27594
LR999944.1 1.21e+07 1.22e+07 25779
LR999944.1 1.22e+07 1.23e+07 25706
LR999944.1 1.23e+07 1.24e+07 15980
LR999944.1 1.24e+07 1.25e+07 17005
LR999944.1 1.25e+07 1.26e+07 16898
LR999944.1 1.26e+07 1.27e+07 22823
LR999944.1 1.27e+07 1.28e+07 24714
LR999944.1 1.28e+07 1.29e+07 37775
LR999944.1 1.29e+07 12933853 25626
