LR999950.1 1 100000 57111
LR999950.1 100001 200000 21830
LR999950.1 200001 300000 30786
LR999950.1 300001 400000 41347
LR999950.1 400001 500000 30453
LR999950.1 500001 600000 30102
LR999950.1 600001 700000 45226
LR999950.1 700001 800000 39881
LR999950.1 800001 900000 50707
LR999950.1 900001 1e+06 40095
LR999950.1 1e+06 1.1e+06 43850
LR999950.1 1.1e+06 1.2e+06 58136
LR999950.1 1.2e+06 1.3e+06 39447
LR999950.1 1.3e+06 1.4e+06 38591
LR999950.1 1.4e+06 1.5e+06 47338
LR999950.1 1.5e+06 1.6e+06 51973
LR999950.1 1.6e+06 1.7e+06 44170
LR999950.1 1.7e+06 1.8e+06 56485
LR999950.1 1.8e+06 1.9e+06 42901
LR999950.1 1.9e+06 2e+06 51292
LR999950.1 2e+06 2.1e+06 30192
LR999950.1 2.1e+06 2.2e+06 39446
LR999950.1 2.2e+06 2.3e+06 35091
LR999950.1 2.3e+06 2.4e+06 40250
LR999950.1 2.4e+06 2.5e+06 37904
LR999950.1 2.5e+06 2.6e+06 43779
LR999950.1 2.6e+06 2.7e+06 44933
LR999950.1 2.7e+06 2.8e+06 41747
LR999950.1 2.8e+06 2.9e+06 40804
LR999950.1 2.9e+06 3e+06 45007
LR999950.1 3e+06 3.1e+06 37837
LR999950.1 3.1e+06 3.2e+06 42027
LR999950.1 3.2e+06 3.3e+06 43426
LR999950.1 3.3e+06 3.4e+06 17864
LR999950.1 3.4e+06 3.5e+06 44235
LR999950.1 3.5e+06 3.6e+06 41854
LR999950.1 3.6e+06 3.7e+06 46994
LR999950.1 3.7e+06 3.8e+06 26161
LR999950.1 3.8e+06 3.9e+06 27728
LR999950.1 3.9e+06 4e+06 18140
LR999950.1 4e+06 4.1e+06 25067
LR999950.1 4.1e+06 4.2e+06 31910
LR999950.1 4.2e+06 4.3e+06 37114
LR999950.1 4.3e+06 4.4e+06 39374
LR999950.1 4.4e+06 4.5e+06 47471
LR999950.1 4.5e+06 4.6e+06 39717
LR999950.1 4.6e+06 4.7e+06 34251
LR999950.1 4.7e+06 4.8e+06 28334
LR999950.1 4.8e+06 4.9e+06 23915
LR999950.1 4.9e+06 5e+06 38802
LR999950.1 5e+06 5.1e+06 36061
LR999950.1 5.1e+06 5.2e+06 28421
LR999950.1 5.2e+06 5.3e+06 42835
LR999950.1 5.3e+06 5.4e+06 34026
LR999950.1 5.4e+06 5.5e+06 42902
LR999950.1 5.5e+06 5.6e+06 47787
LR999950.1 5.6e+06 5.7e+06 49363
LR999950.1 5.7e+06 5.8e+06 24652
LR999950.1 5.8e+06 5.9e+06 28922
LR999950.1 5.9e+06 6e+06 28124
LR999950.1 6e+06 6.1e+06 38953
LR999950.1 6.1e+06 6.2e+06 54036
LR999950.1 6.2e+06 6.3e+06 23107
LR999950.1 6.3e+06 6.4e+06 19905
LR999950.1 6.4e+06 6.5e+06 32412
LR999950.1 6.5e+06 6.6e+06 28961
LR999950.1 6.6e+06 6.7e+06 37633
LR999950.1 6.7e+06 6.8e+06 21987
LR999950.1 6.8e+06 6.9e+06 40316
LR999950.1 6.9e+06 7e+06 36898
LR999950.1 7e+06 7.1e+06 33696
LR999950.1 7.1e+06 7.2e+06 34277
LR999950.1 7.2e+06 7.3e+06 30712
LR999950.1 7.3e+06 7.4e+06 22811
LR999950.1 7.4e+06 7.5e+06 37394
LR999950.1 7.5e+06 7.6e+06 33964
LR999950.1 7.6e+06 7.7e+06 30990
LR999950.1 7.7e+06 7.8e+06 37518
LR999950.1 7.8e+06 7.9e+06 34585
LR999950.1 7.9e+06 8e+06 31194
LR999950.1 8e+06 8.1e+06 35120
LR999950.1 8.1e+06 8.2e+06 37657
LR999950.1 8.2e+06 8.3e+06 46458
LR999950.1 8.3e+06 8.4e+06 31942
LR999950.1 8.4e+06 8.5e+06 34345
LR999950.1 8.5e+06 8.6e+06 39281
LR999950.1 8.6e+06 8.7e+06 36065
LR999950.1 8.7e+06 8.8e+06 34565
LR999950.1 8.8e+06 8.9e+06 58353
LR999950.1 8.9e+06 9e+06 43600
LR999950.1 9e+06 9.1e+06 41717
LR999950.1 9.1e+06 9.2e+06 38963
LR999950.1 9.2e+06 9.3e+06 43952
LR999950.1 9.3e+06 9.4e+06 51395
LR999950.1 9.4e+06 9.5e+06 47870
LR999950.1 9.5e+06 9.6e+06 62194
LR999950.1 9.6e+06 9.7e+06 45689
LR999950.1 9.7e+06 9.8e+06 50734
LR999950.1 9.8e+06 9.9e+06 38161
LR999950.1 9.9e+06 9960137 24119
