LR999932.1 1 100000 31898
LR999932.1 100001 200000 33797
LR999932.1 200001 300000 46923
LR999932.1 300001 400000 44724
LR999932.1 400001 500000 40685
LR999932.1 500001 600000 46373
LR999932.1 600001 700000 46184
LR999932.1 700001 800000 39515
LR999932.1 800001 900000 41199
LR999932.1 900001 1e+06 38534
LR999932.1 1e+06 1.1e+06 41591
LR999932.1 1.1e+06 1.2e+06 39986
LR999932.1 1.2e+06 1.3e+06 32000
LR999932.1 1.3e+06 1.4e+06 28118
LR999932.1 1.4e+06 1.5e+06 27013
LR999932.1 1.5e+06 1.6e+06 32056
LR999932.1 1.6e+06 1.7e+06 34197
LR999932.1 1.7e+06 1.8e+06 34860
LR999932.1 1.8e+06 1.9e+06 35438
LR999932.1 1.9e+06 2e+06 45261
LR999932.1 2e+06 2.1e+06 44467
LR999932.1 2.1e+06 2.2e+06 46331
LR999932.1 2.2e+06 2.3e+06 44404
LR999932.1 2.3e+06 2.4e+06 54803
LR999932.1 2.4e+06 2.5e+06 47784
LR999932.1 2.5e+06 2.6e+06 45795
LR999932.1 2.6e+06 2.7e+06 43945
LR999932.1 2.7e+06 2.8e+06 58361
LR999932.1 2.8e+06 2.9e+06 46183
LR999932.1 2.9e+06 3e+06 51850
LR999932.1 3e+06 3.1e+06 52935
LR999932.1 3.1e+06 3.2e+06 41498
LR999932.1 3.2e+06 3.3e+06 37963
LR999932.1 3.3e+06 3.4e+06 34361
LR999932.1 3.4e+06 3.5e+06 37416
LR999932.1 3.5e+06 3.6e+06 37312
LR999932.1 3.6e+06 3.7e+06 48864
LR999932.1 3.7e+06 3.8e+06 44239
LR999932.1 3.8e+06 3.9e+06 41703
LR999932.1 3.9e+06 4e+06 39394
LR999932.1 4e+06 4.1e+06 46481
LR999932.1 4.1e+06 4.2e+06 52841
LR999932.1 4.2e+06 4.3e+06 47862
LR999932.1 4.3e+06 4.4e+06 54400
LR999932.1 4.4e+06 4.5e+06 42416
LR999932.1 4.5e+06 4.6e+06 24937
LR999932.1 4.6e+06 4.7e+06 27477
LR999932.1 4.7e+06 4.8e+06 27166
LR999932.1 4.8e+06 4.9e+06 25323
LR999932.1 4.9e+06 5e+06 27268
LR999932.1 5e+06 5.1e+06 40981
LR999932.1 5.1e+06 5.2e+06 43994
LR999932.1 5.2e+06 5.3e+06 50579
LR999932.1 5.3e+06 5.4e+06 35949
LR999932.1 5.4e+06 5.5e+06 29743
LR999932.1 5.5e+06 5.6e+06 44168
LR999932.1 5.6e+06 5.7e+06 24170
LR999932.1 5.7e+06 5.8e+06 22922
LR999932.1 5.8e+06 5.9e+06 20408
LR999932.1 5.9e+06 6e+06 40445
LR999932.1 6e+06 6.1e+06 43733
LR999932.1 6.1e+06 6.2e+06 36329
LR999932.1 6.2e+06 6.3e+06 33015
LR999932.1 6.3e+06 6.4e+06 30712
LR999932.1 6.4e+06 6.5e+06 19474
LR999932.1 6.5e+06 6.6e+06 34449
LR999932.1 6.6e+06 6.7e+06 35075
LR999932.1 6.7e+06 6.8e+06 26199
LR999932.1 6.8e+06 6.9e+06 33711
LR999932.1 6.9e+06 7e+06 31187
LR999932.1 7e+06 7.1e+06 24876
LR999932.1 7.1e+06 7.2e+06 27564
LR999932.1 7.2e+06 7.3e+06 38760
LR999932.1 7.3e+06 7.4e+06 32027
LR999932.1 7.4e+06 7.5e+06 19389
LR999932.1 7.5e+06 7.6e+06 18876
LR999932.1 7.6e+06 7.7e+06 21163
LR999932.1 7.7e+06 7.8e+06 4945
LR999932.1 7.8e+06 7.9e+06 17328
LR999932.1 7.9e+06 8e+06 17243
LR999932.1 8e+06 8.1e+06 22494
LR999932.1 8.1e+06 8.2e+06 26596
LR999932.1 8.2e+06 8.3e+06 23052
LR999932.1 8.3e+06 8.4e+06 29062
LR999932.1 8.4e+06 8.5e+06 23582
LR999932.1 8.5e+06 8.6e+06 14640
LR999932.1 8.6e+06 8.7e+06 17833
LR999932.1 8.7e+06 8.8e+06 20097
LR999932.1 8.8e+06 8.9e+06 20819
LR999932.1 8.9e+06 9e+06 21186
LR999932.1 9e+06 9.1e+06 15857
LR999932.1 9.1e+06 9.2e+06 33491
LR999932.1 9.2e+06 9.3e+06 39064
LR999932.1 9.3e+06 9.4e+06 36508
LR999932.1 9.4e+06 9.5e+06 29876
LR999932.1 9.5e+06 9.6e+06 28855
LR999932.1 9.6e+06 9.7e+06 37170
LR999932.1 9.7e+06 9.8e+06 32305
LR999932.1 9.8e+06 9.9e+06 15216
LR999932.1 9.9e+06 1e+07 39589
LR999932.1 1e+07 1.01e+07 17022
LR999932.1 1.01e+07 1.02e+07 24982
LR999932.1 1.02e+07 1.03e+07 27636
LR999932.1 1.03e+07 1.04e+07 31510
LR999932.1 1.04e+07 1.05e+07 16328
LR999932.1 1.05e+07 1.06e+07 29018
LR999932.1 1.06e+07 1.07e+07 30440
LR999932.1 1.07e+07 1.08e+07 33158
LR999932.1 1.08e+07 1.09e+07 16953
LR999932.1 1.09e+07 1.1e+07 30776
LR999932.1 1.1e+07 1.11e+07 35271
LR999932.1 1.11e+07 1.12e+07 32098
LR999932.1 1.12e+07 1.13e+07 41577
LR999932.1 1.13e+07 1.14e+07 36796
LR999932.1 1.14e+07 1.15e+07 20608
LR999932.1 1.15e+07 1.16e+07 18190
LR999932.1 1.16e+07 1.17e+07 17254
LR999932.1 1.17e+07 1.18e+07 29927
LR999932.1 1.18e+07 1.19e+07 29747
LR999932.1 1.19e+07 1.2e+07 29896
LR999932.1 1.2e+07 1.21e+07 33701
LR999932.1 1.21e+07 1.22e+07 45570
LR999932.1 1.22e+07 1.23e+07 37981
LR999932.1 1.23e+07 1.24e+07 41479
LR999932.1 1.24e+07 1.25e+07 41606
LR999932.1 1.25e+07 1.26e+07 46912
LR999932.1 1.26e+07 1.27e+07 33613
LR999932.1 1.27e+07 1.28e+07 30603
LR999932.1 1.28e+07 1.29e+07 51650
LR999932.1 1.29e+07 1.3e+07 46689
LR999932.1 1.3e+07 1.31e+07 34747
LR999932.1 1.31e+07 1.32e+07 32004
LR999932.1 1.32e+07 1.33e+07 40400
LR999932.1 1.33e+07 1.34e+07 49389
LR999932.1 1.34e+07 1.35e+07 46376
LR999932.1 1.35e+07 1.36e+07 48520
LR999932.1 1.36e+07 1.37e+07 31456
LR999932.1 1.37e+07 1.38e+07 32579
LR999932.1 1.38e+07 1.39e+07 29814
LR999932.1 1.39e+07 1.4e+07 26311
LR999932.1 1.4e+07 1.41e+07 53441
LR999932.1 1.41e+07 1.42e+07 41817
LR999932.1 1.42e+07 1.43e+07 23391
LR999932.1 1.43e+07 1.44e+07 43229
LR999932.1 1.44e+07 1.45e+07 49765
LR999932.1 1.45e+07 1.46e+07 51737
LR999932.1 1.46e+07 1.47e+07 48565
LR999932.1 1.47e+07 1.48e+07 33171
LR999932.1 1.48e+07 1.49e+07 30335
LR999932.1 1.49e+07 1.5e+07 28987
LR999932.1 1.5e+07 1.51e+07 26605
LR999932.1 1.51e+07 1.52e+07 23886
LR999932.1 1.52e+07 1.53e+07 17685
LR999932.1 1.53e+07 1.54e+07 11821
LR999932.1 1.54e+07 15426761 10247
