LR999927.1 1 100000 80155
LR999927.1 100001 200000 77798
LR999927.1 200001 300000 34032
LR999927.1 300001 400000 48303
LR999927.1 400001 500000 34266
LR999927.1 500001 600000 37799
LR999927.1 600001 700000 37456
LR999927.1 700001 800000 29584
LR999927.1 800001 900000 31000
LR999927.1 900001 1e+06 34378
LR999927.1 1e+06 1.1e+06 41048
LR999927.1 1.1e+06 1.2e+06 28116
LR999927.1 1.2e+06 1.3e+06 45601
LR999927.1 1.3e+06 1.4e+06 44150
LR999927.1 1.4e+06 1.5e+06 33656
LR999927.1 1.5e+06 1.6e+06 23365
LR999927.1 1.6e+06 1.7e+06 32844
LR999927.1 1.7e+06 1.8e+06 30877
LR999927.1 1.8e+06 1.9e+06 24134
LR999927.1 1.9e+06 2e+06 35440
LR999927.1 2e+06 2.1e+06 38443
LR999927.1 2.1e+06 2.2e+06 27725
LR999927.1 2.2e+06 2.3e+06 35254
LR999927.1 2.3e+06 2.4e+06 46971
LR999927.1 2.4e+06 2.5e+06 30204
LR999927.1 2.5e+06 2.6e+06 44830
LR999927.1 2.6e+06 2.7e+06 43440
LR999927.1 2.7e+06 2.8e+06 46157
LR999927.1 2.8e+06 2.9e+06 44645
LR999927.1 2.9e+06 3e+06 49467
LR999927.1 3e+06 3.1e+06 21466
LR999927.1 3.1e+06 3.2e+06 50311
LR999927.1 3.2e+06 3.3e+06 56362
LR999927.1 3.3e+06 3.4e+06 43308
LR999927.1 3.4e+06 3.5e+06 57170
LR999927.1 3.5e+06 3.6e+06 57493
LR999927.1 3.6e+06 3.7e+06 56932
LR999927.1 3.7e+06 3.8e+06 52497
LR999927.1 3.8e+06 3.9e+06 50729
LR999927.1 3.9e+06 4e+06 47575
LR999927.1 4e+06 4.1e+06 57461
LR999927.1 4.1e+06 4.2e+06 61238
LR999927.1 4.2e+06 4.3e+06 52974
LR999927.1 4.3e+06 4.4e+06 54966
LR999927.1 4.4e+06 4.5e+06 44863
LR999927.1 4.5e+06 4.6e+06 53295
LR999927.1 4.6e+06 4.7e+06 44162
LR999927.1 4.7e+06 4.8e+06 21161
LR999927.1 4.8e+06 4.9e+06 21051
LR999927.1 4.9e+06 5e+06 19004
LR999927.1 5e+06 5.1e+06 21479
LR999927.1 5.1e+06 5.2e+06 19806
LR999927.1 5.2e+06 5.3e+06 22979
LR999927.1 5.3e+06 5.4e+06 31038
LR999927.1 5.4e+06 5.5e+06 29149
LR999927.1 5.5e+06 5.6e+06 33675
LR999927.1 5.6e+06 5.7e+06 29644
LR999927.1 5.7e+06 5.8e+06 22350
LR999927.1 5.8e+06 5.9e+06 16739
LR999927.1 5.9e+06 6e+06 20632
LR999927.1 6e+06 6.1e+06 18799
LR999927.1 6.1e+06 6.2e+06 11831
LR999927.1 6.2e+06 6.3e+06 8720
LR999927.1 6.3e+06 6.4e+06 20178
LR999927.1 6.4e+06 6.5e+06 21474
LR999927.1 6.5e+06 6.6e+06 18827
LR999927.1 6.6e+06 6.7e+06 13084
LR999927.1 6.7e+06 6.8e+06 26433
LR999927.1 6.8e+06 6.9e+06 19742
LR999927.1 6.9e+06 7e+06 22047
LR999927.1 7e+06 7.1e+06 21633
LR999927.1 7.1e+06 7.2e+06 22767
LR999927.1 7.2e+06 7.3e+06 22021
LR999927.1 7.3e+06 7.4e+06 21828
LR999927.1 7.4e+06 7.5e+06 25519
LR999927.1 7.5e+06 7.6e+06 24585
LR999927.1 7.6e+06 7.7e+06 33468
LR999927.1 7.7e+06 7.8e+06 42751
LR999927.1 7.8e+06 7.9e+06 41146
LR999927.1 7.9e+06 8e+06 26068
LR999927.1 8e+06 8.1e+06 35540
LR999927.1 8.1e+06 8.2e+06 37177
LR999927.1 8.2e+06 8.3e+06 18911
LR999927.1 8.3e+06 8.4e+06 21788
LR999927.1 8.4e+06 8.5e+06 33975
LR999927.1 8.5e+06 8.6e+06 39412
LR999927.1 8.6e+06 8.7e+06 36222
LR999927.1 8.7e+06 8.8e+06 32675
LR999927.1 8.8e+06 8.9e+06 36833
LR999927.1 8.9e+06 9e+06 32113
LR999927.1 9e+06 9.1e+06 37359
LR999927.1 9.1e+06 9.2e+06 29126
LR999927.1 9.2e+06 9.3e+06 28983
LR999927.1 9.3e+06 9.4e+06 33966
LR999927.1 9.4e+06 9.5e+06 31140
LR999927.1 9.5e+06 9.6e+06 28824
LR999927.1 9.6e+06 9.7e+06 30852
LR999927.1 9.7e+06 9.8e+06 16879
LR999927.1 9.8e+06 9.9e+06 25141
LR999927.1 9.9e+06 1e+07 29390
LR999927.1 1e+07 1.01e+07 19387
LR999927.1 1.01e+07 1.02e+07 27648
LR999927.1 1.02e+07 1.03e+07 28858
LR999927.1 1.03e+07 1.04e+07 30051
LR999927.1 1.04e+07 1.05e+07 33580
LR999927.1 1.05e+07 1.06e+07 35736
LR999927.1 1.06e+07 1.07e+07 28391
LR999927.1 1.07e+07 1.08e+07 47950
LR999927.1 1.08e+07 1.09e+07 46946
LR999927.1 1.09e+07 1.1e+07 47175
LR999927.1 1.1e+07 1.11e+07 34902
LR999927.1 1.11e+07 1.12e+07 41402
LR999927.1 1.12e+07 1.13e+07 22583
LR999927.1 1.13e+07 1.14e+07 32883
LR999927.1 1.14e+07 1.15e+07 37623
LR999927.1 1.15e+07 1.16e+07 28241
LR999927.1 1.16e+07 1.17e+07 28459
LR999927.1 1.17e+07 1.18e+07 23559
LR999927.1 1.18e+07 1.19e+07 26583
LR999927.1 1.19e+07 1.2e+07 34588
LR999927.1 1.2e+07 1.21e+07 19477
LR999927.1 1.21e+07 1.22e+07 37687
LR999927.1 1.22e+07 1.23e+07 41782
LR999927.1 1.23e+07 1.24e+07 36035
LR999927.1 1.24e+07 1.25e+07 28452
LR999927.1 1.25e+07 1.26e+07 28641
LR999927.1 1.26e+07 1.27e+07 28792
LR999927.1 1.27e+07 1.28e+07 31933
LR999927.1 1.28e+07 1.29e+07 33663
LR999927.1 1.29e+07 1.3e+07 25176
LR999927.1 1.3e+07 1.31e+07 34270
LR999927.1 1.31e+07 1.32e+07 28844
LR999927.1 1.32e+07 1.33e+07 30617
LR999927.1 1.33e+07 1.34e+07 32291
LR999927.1 1.34e+07 1.35e+07 39755
LR999927.1 1.35e+07 1.36e+07 33790
LR999927.1 1.36e+07 1.37e+07 35041
LR999927.1 1.37e+07 1.38e+07 32899
LR999927.1 1.38e+07 1.39e+07 30962
LR999927.1 1.39e+07 1.4e+07 28088
LR999927.1 1.4e+07 1.41e+07 27865
LR999927.1 1.41e+07 1.42e+07 30118
LR999927.1 1.42e+07 1.43e+07 41354
LR999927.1 1.43e+07 1.44e+07 55397
LR999927.1 1.44e+07 1.45e+07 47188
LR999927.1 1.45e+07 1.46e+07 46212
LR999927.1 1.46e+07 1.47e+07 43321
LR999927.1 1.47e+07 1.48e+07 55642
LR999927.1 1.48e+07 1.49e+07 56411
LR999927.1 1.49e+07 1.5e+07 54673
LR999927.1 1.5e+07 1.51e+07 46365
LR999927.1 1.51e+07 1.52e+07 47751
LR999927.1 1.52e+07 1.53e+07 32651
LR999927.1 1.53e+07 1.54e+07 25317
LR999927.1 1.54e+07 1.55e+07 51106
LR999927.1 1.55e+07 1.56e+07 39637
LR999927.1 1.56e+07 1.57e+07 30540
LR999927.1 1.57e+07 1.58e+07 30876
LR999927.1 1.58e+07 1.59e+07 33412
LR999927.1 1.59e+07 1.6e+07 27128
LR999927.1 1.6e+07 16090551 27109
