LR999935.1 1 100000 25835
LR999935.1 100001 200000 30787
LR999935.1 200001 300000 15849
LR999935.1 300001 400000 36283
LR999935.1 400001 500000 22666
LR999935.1 500001 600000 21958
LR999935.1 600001 700000 31479
LR999935.1 700001 800000 38881
LR999935.1 800001 900000 32324
LR999935.1 900001 1e+06 26517
LR999935.1 1e+06 1.1e+06 30207
LR999935.1 1.1e+06 1.2e+06 29234
LR999935.1 1.2e+06 1.3e+06 47275
LR999935.1 1.3e+06 1.4e+06 25139
LR999935.1 1.4e+06 1.5e+06 17819
LR999935.1 1.5e+06 1.6e+06 21200
LR999935.1 1.6e+06 1.7e+06 34366
LR999935.1 1.7e+06 1.8e+06 32629
LR999935.1 1.8e+06 1.9e+06 45204
LR999935.1 1.9e+06 2e+06 33627
LR999935.1 2e+06 2.1e+06 28358
LR999935.1 2.1e+06 2.2e+06 30163
LR999935.1 2.2e+06 2.3e+06 24991
LR999935.1 2.3e+06 2.4e+06 33338
LR999935.1 2.4e+06 2.5e+06 28648
LR999935.1 2.5e+06 2.6e+06 22898
LR999935.1 2.6e+06 2.7e+06 20973
LR999935.1 2.7e+06 2.8e+06 17309
LR999935.1 2.8e+06 2.9e+06 14494
LR999935.1 2.9e+06 3e+06 18394
LR999935.1 3e+06 3.1e+06 19088
LR999935.1 3.1e+06 3.2e+06 40318
LR999935.1 3.2e+06 3.3e+06 43947
LR999935.1 3.3e+06 3.4e+06 30229
LR999935.1 3.4e+06 3.5e+06 45234
LR999935.1 3.5e+06 3.6e+06 38182
LR999935.1 3.6e+06 3.7e+06 43141
LR999935.1 3.7e+06 3.8e+06 33033
LR999935.1 3.8e+06 3.9e+06 38251
LR999935.1 3.9e+06 4e+06 33587
LR999935.1 4e+06 4.1e+06 27053
LR999935.1 4.1e+06 4.2e+06 19797
LR999935.1 4.2e+06 4.3e+06 16045
LR999935.1 4.3e+06 4.4e+06 27953
LR999935.1 4.4e+06 4.5e+06 38105
LR999935.1 4.5e+06 4.6e+06 27613
LR999935.1 4.6e+06 4.7e+06 40971
LR999935.1 4.7e+06 4.8e+06 31618
LR999935.1 4.8e+06 4.9e+06 36966
LR999935.1 4.9e+06 5e+06 30586
LR999935.1 5e+06 5.1e+06 27916
LR999935.1 5.1e+06 5.2e+06 6194
LR999935.1 5.2e+06 5.3e+06 8742
LR999935.1 5.3e+06 5.4e+06 21784
LR999935.1 5.4e+06 5.5e+06 21818
LR999935.1 5.5e+06 5.6e+06 17650
LR999935.1 5.6e+06 5.7e+06 22435
LR999935.1 5.7e+06 5.8e+06 22788
LR999935.1 5.8e+06 5.9e+06 22176
LR999935.1 5.9e+06 6e+06 22046
LR999935.1 6e+06 6.1e+06 14007
LR999935.1 6.1e+06 6.2e+06 25230
LR999935.1 6.2e+06 6.3e+06 34259
LR999935.1 6.3e+06 6.4e+06 23649
LR999935.1 6.4e+06 6.5e+06 25252
LR999935.1 6.5e+06 6.6e+06 20592
LR999935.1 6.6e+06 6.7e+06 21707
LR999935.1 6.7e+06 6.8e+06 13710
LR999935.1 6.8e+06 6.9e+06 19938
LR999935.1 6.9e+06 7e+06 15402
LR999935.1 7e+06 7.1e+06 20215
LR999935.1 7.1e+06 7.2e+06 20688
LR999935.1 7.2e+06 7.3e+06 21953
LR999935.1 7.3e+06 7.4e+06 28469
LR999935.1 7.4e+06 7.5e+06 24904
LR999935.1 7.5e+06 7.6e+06 20133
LR999935.1 7.6e+06 7.7e+06 16967
LR999935.1 7.7e+06 7.8e+06 16751
LR999935.1 7.8e+06 7.9e+06 20731
LR999935.1 7.9e+06 8e+06 9442
LR999935.1 8e+06 8.1e+06 22406
LR999935.1 8.1e+06 8.2e+06 38199
LR999935.1 8.2e+06 8.3e+06 33313
LR999935.1 8.3e+06 8.4e+06 32602
LR999935.1 8.4e+06 8.5e+06 21073
LR999935.1 8.5e+06 8.6e+06 20936
LR999935.1 8.6e+06 8.7e+06 19817
LR999935.1 8.7e+06 8.8e+06 24029
LR999935.1 8.8e+06 8.9e+06 20747
LR999935.1 8.9e+06 9e+06 34467
LR999935.1 9e+06 9.1e+06 34710
LR999935.1 9.1e+06 9.2e+06 22290
LR999935.1 9.2e+06 9.3e+06 24434
LR999935.1 9.3e+06 9.4e+06 16389
LR999935.1 9.4e+06 9.5e+06 25449
LR999935.1 9.5e+06 9.6e+06 34357
LR999935.1 9.6e+06 9.7e+06 29449
LR999935.1 9.7e+06 9.8e+06 43816
LR999935.1 9.8e+06 9.9e+06 41916
LR999935.1 9.9e+06 1e+07 35069
LR999935.1 1e+07 1.01e+07 23940
LR999935.1 1.01e+07 1.02e+07 17056
LR999935.1 1.02e+07 1.03e+07 31783
LR999935.1 1.03e+07 1.04e+07 37981
LR999935.1 1.04e+07 1.05e+07 27420
LR999935.1 1.05e+07 1.06e+07 34678
LR999935.1 1.06e+07 1.07e+07 38280
LR999935.1 1.07e+07 1.08e+07 31920
LR999935.1 1.08e+07 1.09e+07 43954
LR999935.1 1.09e+07 1.1e+07 22778
LR999935.1 1.1e+07 1.11e+07 16021
LR999935.1 1.11e+07 1.12e+07 20858
LR999935.1 1.12e+07 1.13e+07 34249
LR999935.1 1.13e+07 1.14e+07 43521
LR999935.1 1.14e+07 1.15e+07 24404
LR999935.1 1.15e+07 1.16e+07 19443
LR999935.1 1.16e+07 1.17e+07 21878
LR999935.1 1.17e+07 1.18e+07 41292
LR999935.1 1.18e+07 1.19e+07 49435
LR999935.1 1.19e+07 1.2e+07 42568
LR999935.1 1.2e+07 1.21e+07 51824
LR999935.1 1.21e+07 1.22e+07 34789
LR999935.1 1.22e+07 1.23e+07 29975
LR999935.1 1.23e+07 1.24e+07 24544
LR999935.1 1.24e+07 1.25e+07 18612
LR999935.1 1.25e+07 1.26e+07 18122
LR999935.1 1.26e+07 1.27e+07 28048
LR999935.1 1.27e+07 1.28e+07 29451
LR999935.1 1.28e+07 1.29e+07 28839
LR999935.1 1.29e+07 1.3e+07 27348
LR999935.1 1.3e+07 1.31e+07 24284
LR999935.1 1.31e+07 1.32e+07 20598
LR999935.1 1.32e+07 1.33e+07 19743
LR999935.1 1.33e+07 1.34e+07 29268
LR999935.1 1.34e+07 1.35e+07 36206
LR999935.1 1.35e+07 1.36e+07 30342
LR999935.1 1.36e+07 1.37e+07 29733
LR999935.1 1.37e+07 1.38e+07 36526
LR999935.1 1.38e+07 1.39e+07 34994
LR999935.1 1.39e+07 1.4e+07 21054
LR999935.1 1.4e+07 1.41e+07 25663
LR999935.1 1.41e+07 1.42e+07 23758
LR999935.1 1.42e+07 1.43e+07 25957
LR999935.1 1.43e+07 1.44e+07 32944
LR999935.1 1.44e+07 1.45e+07 46983
LR999935.1 1.45e+07 1.46e+07 39039
LR999935.1 1.46e+07 1.47e+07 30206
LR999935.1 1.47e+07 1.48e+07 27319
LR999935.1 1.48e+07 14868897 16933
