LR999948.1 1 100000 94811
LR999948.1 100001 200000 17349
LR999948.1 200001 300000 29505
LR999948.1 300001 400000 40735
LR999948.1 400001 500000 49051
LR999948.1 500001 600000 51140
LR999948.1 600001 700000 51876
LR999948.1 700001 800000 51310
LR999948.1 800001 900000 47669
LR999948.1 900001 1e+06 52993
LR999948.1 1e+06 1.1e+06 49641
LR999948.1 1.1e+06 1.2e+06 46949
LR999948.1 1.2e+06 1.3e+06 54448
LR999948.1 1.3e+06 1.4e+06 50297
LR999948.1 1.4e+06 1.5e+06 44543
LR999948.1 1.5e+06 1.6e+06 57144
LR999948.1 1.6e+06 1.7e+06 49640
LR999948.1 1.7e+06 1.8e+06 56804
LR999948.1 1.8e+06 1.9e+06 48867
LR999948.1 1.9e+06 2e+06 53403
LR999948.1 2e+06 2.1e+06 51260
LR999948.1 2.1e+06 2.2e+06 47048
LR999948.1 2.2e+06 2.3e+06 62634
LR999948.1 2.3e+06 2.4e+06 48154
LR999948.1 2.4e+06 2.5e+06 58741
LR999948.1 2.5e+06 2.6e+06 49660
LR999948.1 2.6e+06 2.7e+06 53179
LR999948.1 2.7e+06 2.8e+06 54367
LR999948.1 2.8e+06 2.9e+06 52503
LR999948.1 2.9e+06 3e+06 44502
LR999948.1 3e+06 3.1e+06 33747
LR999948.1 3.1e+06 3.2e+06 29584
LR999948.1 3.2e+06 3.3e+06 33485
LR999948.1 3.3e+06 3.4e+06 43121
LR999948.1 3.4e+06 3.5e+06 46535
LR999948.1 3.5e+06 3.6e+06 34669
LR999948.1 3.6e+06 3.7e+06 41605
LR999948.1 3.7e+06 3.8e+06 50504
LR999948.1 3.8e+06 3.9e+06 52010
LR999948.1 3.9e+06 4e+06 37496
LR999948.1 4e+06 4.1e+06 56679
LR999948.1 4.1e+06 4.2e+06 43859
LR999948.1 4.2e+06 4.3e+06 35821
LR999948.1 4.3e+06 4.4e+06 31898
LR999948.1 4.4e+06 4.5e+06 37326
LR999948.1 4.5e+06 4.6e+06 46707
LR999948.1 4.6e+06 4.7e+06 41876
LR999948.1 4.7e+06 4.8e+06 41589
LR999948.1 4.8e+06 4.9e+06 42053
LR999948.1 4.9e+06 5e+06 34468
LR999948.1 5e+06 5.1e+06 54158
LR999948.1 5.1e+06 5.2e+06 48013
LR999948.1 5.2e+06 5.3e+06 43297
LR999948.1 5.3e+06 5.4e+06 50971
LR999948.1 5.4e+06 5.5e+06 45803
LR999948.1 5.5e+06 5.6e+06 30423
LR999948.1 5.6e+06 5.7e+06 43035
LR999948.1 5.7e+06 5.8e+06 53000
LR999948.1 5.8e+06 5.9e+06 49460
LR999948.1 5.9e+06 6e+06 42207
LR999948.1 6e+06 6.1e+06 45002
LR999948.1 6.1e+06 6.2e+06 49760
LR999948.1 6.2e+06 6.3e+06 49860
LR999948.1 6.3e+06 6.4e+06 48805
LR999948.1 6.4e+06 6.5e+06 32065
LR999948.1 6.5e+06 6.6e+06 27722
LR999948.1 6.6e+06 6.7e+06 21865
LR999948.1 6.7e+06 6.8e+06 29812
LR999948.1 6.8e+06 6.9e+06 36519
LR999948.1 6.9e+06 7e+06 17919
LR999948.1 7e+06 7.1e+06 32306
LR999948.1 7.1e+06 7.2e+06 31893
LR999948.1 7.2e+06 7.3e+06 26623
LR999948.1 7.3e+06 7.4e+06 24334
LR999948.1 7.4e+06 7.5e+06 26822
LR999948.1 7.5e+06 7.6e+06 32477
LR999948.1 7.6e+06 7.7e+06 34229
LR999948.1 7.7e+06 7.8e+06 38771
LR999948.1 7.8e+06 7.9e+06 40377
LR999948.1 7.9e+06 8e+06 49463
LR999948.1 8e+06 8.1e+06 51656
LR999948.1 8.1e+06 8.2e+06 57238
LR999948.1 8.2e+06 8.3e+06 49347
LR999948.1 8.3e+06 8.4e+06 50721
LR999948.1 8.4e+06 8.5e+06 56780
LR999948.1 8.5e+06 8.6e+06 33545
LR999948.1 8.6e+06 8.7e+06 21067
LR999948.1 8.7e+06 8.8e+06 42781
LR999948.1 8.8e+06 8.9e+06 39362
LR999948.1 8.9e+06 9e+06 40323
LR999948.1 9e+06 9.1e+06 36789
LR999948.1 9.1e+06 9.2e+06 45598
LR999948.1 9.2e+06 9.3e+06 37143
LR999948.1 9.3e+06 9.4e+06 34824
LR999948.1 9.4e+06 9.5e+06 41002
LR999948.1 9.5e+06 9.6e+06 47124
LR999948.1 9.6e+06 9.7e+06 45326
LR999948.1 9.7e+06 9.8e+06 51617
LR999948.1 9.8e+06 9.9e+06 59667
LR999948.1 9.9e+06 1e+07 53204
LR999948.1 1e+07 1.01e+07 50105
LR999948.1 1.01e+07 1.02e+07 49782
LR999948.1 1.02e+07 1.03e+07 52479
LR999948.1 1.03e+07 1.04e+07 52336
LR999948.1 1.04e+07 1.05e+07 33853
LR999948.1 1.05e+07 1.06e+07 39858
LR999948.1 1.06e+07 1.07e+07 46060
LR999948.1 1.07e+07 1.08e+07 34345
LR999948.1 1.08e+07 1.09e+07 31829
LR999948.1 1.09e+07 1.1e+07 43204
LR999948.1 1.1e+07 1.11e+07 34617
LR999948.1 1.11e+07 1.12e+07 36062
LR999948.1 1.12e+07 1.13e+07 31047
LR999948.1 1.13e+07 11326783 21036
