LR999933.1 1 100000 27557
LR999933.1 100001 200000 36649
LR999933.1 200001 300000 44651
LR999933.1 300001 400000 45174
LR999933.1 400001 500000 41259
LR999933.1 500001 600000 42069
LR999933.1 600001 700000 38858
LR999933.1 700001 800000 45605
LR999933.1 800001 900000 50873
LR999933.1 900001 1e+06 46849
LR999933.1 1e+06 1.1e+06 49797
LR999933.1 1.1e+06 1.2e+06 48792
LR999933.1 1.2e+06 1.3e+06 44658
LR999933.1 1.3e+06 1.4e+06 43022
LR999933.1 1.4e+06 1.5e+06 45401
LR999933.1 1.5e+06 1.6e+06 43055
LR999933.1 1.6e+06 1.7e+06 54264
LR999933.1 1.7e+06 1.8e+06 48248
LR999933.1 1.8e+06 1.9e+06 39860
LR999933.1 1.9e+06 2e+06 35225
LR999933.1 2e+06 2.1e+06 42638
LR999933.1 2.1e+06 2.2e+06 36255
LR999933.1 2.2e+06 2.3e+06 50968
LR999933.1 2.3e+06 2.4e+06 51492
LR999933.1 2.4e+06 2.5e+06 41486
LR999933.1 2.5e+06 2.6e+06 32476
LR999933.1 2.6e+06 2.7e+06 35919
LR999933.1 2.7e+06 2.8e+06 28831
LR999933.1 2.8e+06 2.9e+06 39409
LR999933.1 2.9e+06 3e+06 32287
LR999933.1 3e+06 3.1e+06 28402
LR999933.1 3.1e+06 3.2e+06 30519
LR999933.1 3.2e+06 3.3e+06 34962
LR999933.1 3.3e+06 3.4e+06 32811
LR999933.1 3.4e+06 3.5e+06 28197
LR999933.1 3.5e+06 3.6e+06 20627
LR999933.1 3.6e+06 3.7e+06 32989
LR999933.1 3.7e+06 3.8e+06 43916
LR999933.1 3.8e+06 3.9e+06 39633
LR999933.1 3.9e+06 4e+06 44663
LR999933.1 4e+06 4.1e+06 40305
LR999933.1 4.1e+06 4.2e+06 44883
LR999933.1 4.2e+06 4.3e+06 30334
LR999933.1 4.3e+06 4.4e+06 30198
LR999933.1 4.4e+06 4.5e+06 36792
LR999933.1 4.5e+06 4.6e+06 29824
LR999933.1 4.6e+06 4.7e+06 33609
LR999933.1 4.7e+06 4.8e+06 37009
LR999933.1 4.8e+06 4.9e+06 40887
LR999933.1 4.9e+06 5e+06 40305
LR999933.1 5e+06 5.1e+06 30041
LR999933.1 5.1e+06 5.2e+06 29795
LR999933.1 5.2e+06 5.3e+06 26380
LR999933.1 5.3e+06 5.4e+06 26652
LR999933.1 5.4e+06 5.5e+06 26624
LR999933.1 5.5e+06 5.6e+06 37776
LR999933.1 5.6e+06 5.7e+06 31484
LR999933.1 5.7e+06 5.8e+06 36012
LR999933.1 5.8e+06 5.9e+06 23796
LR999933.1 5.9e+06 6e+06 24242
LR999933.1 6e+06 6.1e+06 27613
LR999933.1 6.1e+06 6.2e+06 22904
LR999933.1 6.2e+06 6.3e+06 23742
LR999933.1 6.3e+06 6.4e+06 19176
LR999933.1 6.4e+06 6.5e+06 25546
LR999933.1 6.5e+06 6.6e+06 32546
LR999933.1 6.6e+06 6.7e+06 18504
LR999933.1 6.7e+06 6.8e+06 36191
LR999933.1 6.8e+06 6.9e+06 20653
LR999933.1 6.9e+06 7e+06 12182
LR999933.1 7e+06 7.1e+06 14343
LR999933.1 7.1e+06 7.2e+06 31123
LR999933.1 7.2e+06 7.3e+06 26610
LR999933.1 7.3e+06 7.4e+06 34333
LR999933.1 7.4e+06 7.5e+06 29698
LR999933.1 7.5e+06 7.6e+06 20419
LR999933.1 7.6e+06 7.7e+06 15339
LR999933.1 7.7e+06 7.8e+06 19280
LR999933.1 7.8e+06 7.9e+06 20589
LR999933.1 7.9e+06 8e+06 32431
LR999933.1 8e+06 8.1e+06 30435
LR999933.1 8.1e+06 8.2e+06 23146
LR999933.1 8.2e+06 8.3e+06 31965
LR999933.1 8.3e+06 8.4e+06 28523
LR999933.1 8.4e+06 8.5e+06 18468
LR999933.1 8.5e+06 8.6e+06 33533
LR999933.1 8.6e+06 8.7e+06 14512
LR999933.1 8.7e+06 8.8e+06 22794
LR999933.1 8.8e+06 8.9e+06 15759
LR999933.1 8.9e+06 9e+06 23296
LR999933.1 9e+06 9.1e+06 22205
LR999933.1 9.1e+06 9.2e+06 28007
LR999933.1 9.2e+06 9.3e+06 19537
LR999933.1 9.3e+06 9.4e+06 27814
LR999933.1 9.4e+06 9.5e+06 28886
LR999933.1 9.5e+06 9.6e+06 25657
LR999933.1 9.6e+06 9.7e+06 26700
LR999933.1 9.7e+06 9.8e+06 31921
LR999933.1 9.8e+06 9.9e+06 43959
LR999933.1 9.9e+06 1e+07 33649
LR999933.1 1e+07 1.01e+07 26738
LR999933.1 1.01e+07 1.02e+07 21177
LR999933.1 1.02e+07 1.03e+07 16244
LR999933.1 1.03e+07 1.04e+07 19584
LR999933.1 1.04e+07 1.05e+07 27584
LR999933.1 1.05e+07 1.06e+07 21574
LR999933.1 1.06e+07 1.07e+07 36488
LR999933.1 1.07e+07 1.08e+07 36844
LR999933.1 1.08e+07 1.09e+07 27250
LR999933.1 1.09e+07 1.1e+07 32264
LR999933.1 1.1e+07 1.11e+07 26108
LR999933.1 1.11e+07 1.12e+07 28799
LR999933.1 1.12e+07 1.13e+07 24158
LR999933.1 1.13e+07 1.14e+07 21540
LR999933.1 1.14e+07 1.15e+07 30173
LR999933.1 1.15e+07 1.16e+07 44835
LR999933.1 1.16e+07 1.17e+07 42158
LR999933.1 1.17e+07 1.18e+07 47943
LR999933.1 1.18e+07 1.19e+07 40665
LR999933.1 1.19e+07 1.2e+07 31802
LR999933.1 1.2e+07 1.21e+07 32065
LR999933.1 1.21e+07 1.22e+07 24855
LR999933.1 1.22e+07 1.23e+07 42467
LR999933.1 1.23e+07 1.24e+07 39403
LR999933.1 1.24e+07 1.25e+07 41422
LR999933.1 1.25e+07 1.26e+07 41117
LR999933.1 1.26e+07 1.27e+07 45848
LR999933.1 1.27e+07 1.28e+07 51162
LR999933.1 1.28e+07 1.29e+07 37786
LR999933.1 1.29e+07 1.3e+07 42323
LR999933.1 1.3e+07 1.31e+07 41455
LR999933.1 1.31e+07 1.32e+07 50008
LR999933.1 1.32e+07 1.33e+07 39354
LR999933.1 1.33e+07 1.34e+07 58269
LR999933.1 1.34e+07 1.35e+07 32968
LR999933.1 1.35e+07 1.36e+07 39666
LR999933.1 1.36e+07 1.37e+07 33562
LR999933.1 1.37e+07 1.38e+07 31133
LR999933.1 1.38e+07 1.39e+07 34181
LR999933.1 1.39e+07 1.4e+07 37821
LR999933.1 1.4e+07 1.41e+07 38018
LR999933.1 1.41e+07 1.42e+07 26140
LR999933.1 1.42e+07 1.43e+07 37087
LR999933.1 1.43e+07 1.44e+07 23069
LR999933.1 1.44e+07 1.45e+07 38119
LR999933.1 1.45e+07 1.46e+07 28357
LR999933.1 1.46e+07 1.47e+07 35323
LR999933.1 1.47e+07 1.48e+07 34363
LR999933.1 1.48e+07 1.49e+07 24271
LR999933.1 1.49e+07 1.5e+07 16989
LR999933.1 1.5e+07 1.51e+07 32284
LR999933.1 1.51e+07 1.52e+07 27563
LR999933.1 1.52e+07 15296561 31295
