LR999925.1 1 100000 29169
LR999925.1 100001 200000 44976
LR999925.1 200001 300000 43267
LR999925.1 300001 400000 42518
LR999925.1 400001 500000 35105
LR999925.1 500001 600000 45981
LR999925.1 600001 700000 40323
LR999925.1 700001 800000 33862
LR999925.1 800001 900000 39009
LR999925.1 900001 1e+06 52859
LR999925.1 1e+06 1.1e+06 43609
LR999925.1 1.1e+06 1.2e+06 42081
LR999925.1 1.2e+06 1.3e+06 51993
LR999925.1 1.3e+06 1.4e+06 44674
LR999925.1 1.4e+06 1.5e+06 43211
LR999925.1 1.5e+06 1.6e+06 38631
LR999925.1 1.6e+06 1.7e+06 48098
LR999925.1 1.7e+06 1.8e+06 34647
LR999925.1 1.8e+06 1.9e+06 25078
LR999925.1 1.9e+06 2e+06 20142
LR999925.1 2e+06 2.1e+06 18479
LR999925.1 2.1e+06 2.2e+06 27873
LR999925.1 2.2e+06 2.3e+06 42666
LR999925.1 2.3e+06 2.4e+06 49546
LR999925.1 2.4e+06 2.5e+06 44566
LR999925.1 2.5e+06 2.6e+06 37918
LR999925.1 2.6e+06 2.7e+06 28129
LR999925.1 2.7e+06 2.8e+06 30042
LR999925.1 2.8e+06 2.9e+06 32160
LR999925.1 2.9e+06 3e+06 20986
LR999925.1 3e+06 3.1e+06 23962
LR999925.1 3.1e+06 3.2e+06 24308
LR999925.1 3.2e+06 3.3e+06 25921
LR999925.1 3.3e+06 3.4e+06 39687
LR999925.1 3.4e+06 3.5e+06 16878
LR999925.1 3.5e+06 3.6e+06 17356
LR999925.1 3.6e+06 3.7e+06 24756
LR999925.1 3.7e+06 3.8e+06 21808
LR999925.1 3.8e+06 3.9e+06 22438
LR999925.1 3.9e+06 4e+06 28841
LR999925.1 4e+06 4.1e+06 34665
LR999925.1 4.1e+06 4.2e+06 34644
LR999925.1 4.2e+06 4.3e+06 33500
LR999925.1 4.3e+06 4.4e+06 49700
LR999925.1 4.4e+06 4.5e+06 35272
LR999925.1 4.5e+06 4.6e+06 20077
LR999925.1 4.6e+06 4.7e+06 22886
LR999925.1 4.7e+06 4.8e+06 20352
LR999925.1 4.8e+06 4.9e+06 19651
LR999925.1 4.9e+06 5e+06 20365
LR999925.1 5e+06 5.1e+06 26341
LR999925.1 5.1e+06 5.2e+06 17835
LR999925.1 5.2e+06 5.3e+06 19898
LR999925.1 5.3e+06 5.4e+06 26623
LR999925.1 5.4e+06 5.5e+06 18576
LR999925.1 5.5e+06 5.6e+06 30781
LR999925.1 5.6e+06 5.7e+06 31362
LR999925.1 5.7e+06 5.8e+06 38371
LR999925.1 5.8e+06 5.9e+06 32225
LR999925.1 5.9e+06 6e+06 42384
LR999925.1 6e+06 6.1e+06 28180
LR999925.1 6.1e+06 6.2e+06 19908
LR999925.1 6.2e+06 6.3e+06 19482
LR999925.1 6.3e+06 6.4e+06 19279
LR999925.1 6.4e+06 6.5e+06 23187
LR999925.1 6.5e+06 6.6e+06 18372
LR999925.1 6.6e+06 6.7e+06 21208
LR999925.1 6.7e+06 6.8e+06 30253
LR999925.1 6.8e+06 6.9e+06 37202
LR999925.1 6.9e+06 7e+06 44720
LR999925.1 7e+06 7.1e+06 21240
LR999925.1 7.1e+06 7.2e+06 30502
LR999925.1 7.2e+06 7.3e+06 25577
LR999925.1 7.3e+06 7.4e+06 18746
LR999925.1 7.4e+06 7.5e+06 19760
LR999925.1 7.5e+06 7.6e+06 13956
LR999925.1 7.6e+06 7.7e+06 24734
LR999925.1 7.7e+06 7.8e+06 22566
LR999925.1 7.8e+06 7.9e+06 25943
LR999925.1 7.9e+06 8e+06 19367
LR999925.1 8e+06 8.1e+06 17664
LR999925.1 8.1e+06 8.2e+06 8410
LR999925.1 8.2e+06 8.3e+06 21903
LR999925.1 8.3e+06 8.4e+06 17949
LR999925.1 8.4e+06 8.5e+06 23633
LR999925.1 8.5e+06 8.6e+06 16711
LR999925.1 8.6e+06 8.7e+06 23100
LR999925.1 8.7e+06 8.8e+06 33488
LR999925.1 8.8e+06 8.9e+06 16036
LR999925.1 8.9e+06 9e+06 25550
LR999925.1 9e+06 9.1e+06 19750
LR999925.1 9.1e+06 9.2e+06 28596
LR999925.1 9.2e+06 9.3e+06 24980
LR999925.1 9.3e+06 9.4e+06 17159
LR999925.1 9.4e+06 9.5e+06 15722
LR999925.1 9.5e+06 9.6e+06 13956
LR999925.1 9.6e+06 9.7e+06 24197
LR999925.1 9.7e+06 9.8e+06 35279
LR999925.1 9.8e+06 9.9e+06 44750
LR999925.1 9.9e+06 1e+07 36076
LR999925.1 1e+07 1.01e+07 46323
LR999925.1 1.01e+07 1.02e+07 26658
LR999925.1 1.02e+07 1.03e+07 12904
LR999925.1 1.03e+07 1.04e+07 31957
LR999925.1 1.04e+07 1.05e+07 27722
LR999925.1 1.05e+07 1.06e+07 17328
LR999925.1 1.06e+07 1.07e+07 28887
LR999925.1 1.07e+07 1.08e+07 35406
LR999925.1 1.08e+07 1.09e+07 25909
LR999925.1 1.09e+07 1.1e+07 27736
LR999925.1 1.1e+07 1.11e+07 26017
LR999925.1 1.11e+07 1.12e+07 29415
LR999925.1 1.12e+07 1.13e+07 18998
LR999925.1 1.13e+07 1.14e+07 25863
LR999925.1 1.14e+07 1.15e+07 37547
LR999925.1 1.15e+07 1.16e+07 26042
LR999925.1 1.16e+07 1.17e+07 49184
LR999925.1 1.17e+07 1.18e+07 43499
LR999925.1 1.18e+07 1.19e+07 36048
LR999925.1 1.19e+07 1.2e+07 27356
LR999925.1 1.2e+07 1.21e+07 39425
LR999925.1 1.21e+07 1.22e+07 29152
LR999925.1 1.22e+07 1.23e+07 37204
LR999925.1 1.23e+07 1.24e+07 28526
LR999925.1 1.24e+07 1.25e+07 29555
LR999925.1 1.25e+07 1.26e+07 29572
LR999925.1 1.26e+07 1.27e+07 41135
LR999925.1 1.27e+07 1.28e+07 26060
LR999925.1 1.28e+07 1.29e+07 24715
LR999925.1 1.29e+07 1.3e+07 21182
LR999925.1 1.3e+07 1.31e+07 19424
LR999925.1 1.31e+07 1.32e+07 41700
LR999925.1 1.32e+07 1.33e+07 36872
LR999925.1 1.33e+07 1.34e+07 38082
LR999925.1 1.34e+07 1.35e+07 49322
LR999925.1 1.35e+07 1.36e+07 31384
LR999925.1 1.36e+07 1.37e+07 34502
LR999925.1 1.37e+07 1.38e+07 38034
LR999925.1 1.38e+07 1.39e+07 33547
LR999925.1 1.39e+07 1.4e+07 44913
LR999925.1 1.4e+07 1.41e+07 35080
LR999925.1 1.41e+07 1.42e+07 40685
LR999925.1 1.42e+07 1.43e+07 36159
LR999925.1 1.43e+07 1.44e+07 19831
LR999925.1 1.44e+07 1.45e+07 28116
LR999925.1 1.45e+07 1.46e+07 33931
LR999925.1 1.46e+07 1.47e+07 31256
LR999925.1 1.47e+07 1.48e+07 33104
LR999925.1 1.48e+07 1.49e+07 23015
LR999925.1 1.49e+07 1.5e+07 15136
LR999925.1 1.5e+07 1.51e+07 29359
LR999925.1 1.51e+07 1.52e+07 25643
LR999925.1 1.52e+07 1.53e+07 32054
LR999925.1 1.53e+07 1.54e+07 35334
LR999925.1 1.54e+07 1.55e+07 27509
LR999925.1 1.55e+07 1.56e+07 38545
LR999925.1 1.56e+07 1.57e+07 31271
LR999925.1 1.57e+07 1.58e+07 29582
LR999925.1 1.58e+07 1.59e+07 32192
LR999925.1 1.59e+07 1.6e+07 31010
LR999925.1 1.6e+07 1.61e+07 37971
LR999925.1 1.61e+07 1.62e+07 31198
LR999925.1 1.62e+07 1.63e+07 26615
LR999925.1 1.63e+07 1.64e+07 26978
LR999925.1 1.64e+07 1.65e+07 23561
LR999925.1 1.65e+07 1.66e+07 37786
LR999925.1 1.66e+07 16607008 6190
