LR999931.1 1 100000 29255
LR999931.1 100001 200000 48481
LR999931.1 200001 300000 36149
LR999931.1 300001 400000 39211
LR999931.1 400001 500000 42620
LR999931.1 500001 600000 36863
LR999931.1 600001 700000 34404
LR999931.1 700001 800000 30834
LR999931.1 800001 900000 34370
LR999931.1 900001 1e+06 41255
LR999931.1 1e+06 1.1e+06 39364
LR999931.1 1.1e+06 1.2e+06 42494
LR999931.1 1.2e+06 1.3e+06 40197
LR999931.1 1.3e+06 1.4e+06 32194
LR999931.1 1.4e+06 1.5e+06 19181
LR999931.1 1.5e+06 1.6e+06 34036
LR999931.1 1.6e+06 1.7e+06 38635
LR999931.1 1.7e+06 1.8e+06 40969
LR999931.1 1.8e+06 1.9e+06 29759
LR999931.1 1.9e+06 2e+06 28570
LR999931.1 2e+06 2.1e+06 28065
LR999931.1 2.1e+06 2.2e+06 37171
LR999931.1 2.2e+06 2.3e+06 32861
LR999931.1 2.3e+06 2.4e+06 34899
LR999931.1 2.4e+06 2.5e+06 32982
LR999931.1 2.5e+06 2.6e+06 40881
LR999931.1 2.6e+06 2.7e+06 31751
LR999931.1 2.7e+06 2.8e+06 40382
LR999931.1 2.8e+06 2.9e+06 42619
LR999931.1 2.9e+06 3e+06 36255
LR999931.1 3e+06 3.1e+06 34103
LR999931.1 3.1e+06 3.2e+06 35400
LR999931.1 3.2e+06 3.3e+06 46205
LR999931.1 3.3e+06 3.4e+06 35646
LR999931.1 3.4e+06 3.5e+06 44818
LR999931.1 3.5e+06 3.6e+06 46548
LR999931.1 3.6e+06 3.7e+06 38899
LR999931.1 3.7e+06 3.8e+06 20497
LR999931.1 3.8e+06 3.9e+06 28777
LR999931.1 3.9e+06 4e+06 24649
LR999931.1 4e+06 4.1e+06 30008
LR999931.1 4.1e+06 4.2e+06 41329
LR999931.1 4.2e+06 4.3e+06 20182
LR999931.1 4.3e+06 4.4e+06 30811
LR999931.1 4.4e+06 4.5e+06 23307
LR999931.1 4.5e+06 4.6e+06 18991
LR999931.1 4.6e+06 4.7e+06 20319
LR999931.1 4.7e+06 4.8e+06 16718
LR999931.1 4.8e+06 4.9e+06 20445
LR999931.1 4.9e+06 5e+06 22057
LR999931.1 5e+06 5.1e+06 12922
LR999931.1 5.1e+06 5.2e+06 25492
LR999931.1 5.2e+06 5.3e+06 23814
LR999931.1 5.3e+06 5.4e+06 18742
LR999931.1 5.4e+06 5.5e+06 19050
LR999931.1 5.5e+06 5.6e+06 19374
LR999931.1 5.6e+06 5.7e+06 17959
LR999931.1 5.7e+06 5.8e+06 29496
LR999931.1 5.8e+06 5.9e+06 21691
LR999931.1 5.9e+06 6e+06 26111
LR999931.1 6e+06 6.1e+06 15822
LR999931.1 6.1e+06 6.2e+06 8280
LR999931.1 6.2e+06 6.3e+06 16030
LR999931.1 6.3e+06 6.4e+06 25689
LR999931.1 6.4e+06 6.5e+06 27697
LR999931.1 6.5e+06 6.6e+06 19201
LR999931.1 6.6e+06 6.7e+06 21423
LR999931.1 6.7e+06 6.8e+06 31645
LR999931.1 6.8e+06 6.9e+06 37212
LR999931.1 6.9e+06 7e+06 26890
LR999931.1 7e+06 7.1e+06 15912
LR999931.1 7.1e+06 7.2e+06 30671
LR999931.1 7.2e+06 7.3e+06 31922
LR999931.1 7.3e+06 7.4e+06 15891
LR999931.1 7.4e+06 7.5e+06 11922
LR999931.1 7.5e+06 7.6e+06 32168
LR999931.1 7.6e+06 7.7e+06 20765
LR999931.1 7.7e+06 7.8e+06 19685
LR999931.1 7.8e+06 7.9e+06 42223
LR999931.1 7.9e+06 8e+06 40544
LR999931.1 8e+06 8.1e+06 38390
LR999931.1 8.1e+06 8.2e+06 16490
LR999931.1 8.2e+06 8.3e+06 19610
LR999931.1 8.3e+06 8.4e+06 24416
LR999931.1 8.4e+06 8.5e+06 23709
LR999931.1 8.5e+06 8.6e+06 16990
LR999931.1 8.6e+06 8.7e+06 11131
LR999931.1 8.7e+06 8.8e+06 20517
LR999931.1 8.8e+06 8.9e+06 21286
LR999931.1 8.9e+06 9e+06 23005
LR999931.1 9e+06 9.1e+06 19554
LR999931.1 9.1e+06 9.2e+06 20932
LR999931.1 9.2e+06 9.3e+06 16509
LR999931.1 9.3e+06 9.4e+06 16926
LR999931.1 9.4e+06 9.5e+06 21419
LR999931.1 9.5e+06 9.6e+06 13064
LR999931.1 9.6e+06 9.7e+06 11575
LR999931.1 9.7e+06 9.8e+06 26056
LR999931.1 9.8e+06 9.9e+06 15462
LR999931.1 9.9e+06 1e+07 14395
LR999931.1 1e+07 1.01e+07 25247
LR999931.1 1.01e+07 1.02e+07 22262
LR999931.1 1.02e+07 1.03e+07 15082
LR999931.1 1.03e+07 1.04e+07 15590
LR999931.1 1.04e+07 1.05e+07 17029
LR999931.1 1.05e+07 1.06e+07 17587
LR999931.1 1.06e+07 1.07e+07 19339
LR999931.1 1.07e+07 1.08e+07 33278
LR999931.1 1.08e+07 1.09e+07 20360
LR999931.1 1.09e+07 1.1e+07 30635
LR999931.1 1.1e+07 1.11e+07 17866
LR999931.1 1.11e+07 1.12e+07 24168
LR999931.1 1.12e+07 1.13e+07 27885
LR999931.1 1.13e+07 1.14e+07 14056
LR999931.1 1.14e+07 1.15e+07 16619
LR999931.1 1.15e+07 1.16e+07 22033
LR999931.1 1.16e+07 1.17e+07 22405
LR999931.1 1.17e+07 1.18e+07 16230
LR999931.1 1.18e+07 1.19e+07 33222
LR999931.1 1.19e+07 1.2e+07 26553
LR999931.1 1.2e+07 1.21e+07 29130
LR999931.1 1.21e+07 1.22e+07 26688
LR999931.1 1.22e+07 1.23e+07 30192
LR999931.1 1.23e+07 1.24e+07 36217
LR999931.1 1.24e+07 1.25e+07 36990
LR999931.1 1.25e+07 1.26e+07 47500
LR999931.1 1.26e+07 1.27e+07 41774
LR999931.1 1.27e+07 1.28e+07 45323
LR999931.1 1.28e+07 1.29e+07 28457
LR999931.1 1.29e+07 1.3e+07 25008
LR999931.1 1.3e+07 1.31e+07 16960
LR999931.1 1.31e+07 1.32e+07 23253
LR999931.1 1.32e+07 1.33e+07 16871
LR999931.1 1.33e+07 1.34e+07 27161
LR999931.1 1.34e+07 1.35e+07 24651
LR999931.1 1.35e+07 1.36e+07 31739
LR999931.1 1.36e+07 1.37e+07 38483
LR999931.1 1.37e+07 1.38e+07 37836
LR999931.1 1.38e+07 1.39e+07 29977
LR999931.1 1.39e+07 1.4e+07 31181
LR999931.1 1.4e+07 1.41e+07 20552
LR999931.1 1.41e+07 1.42e+07 27438
LR999931.1 1.42e+07 1.43e+07 31669
LR999931.1 1.43e+07 1.44e+07 19066
LR999931.1 1.44e+07 1.45e+07 27117
LR999931.1 1.45e+07 1.46e+07 23528
LR999931.1 1.46e+07 1.47e+07 23499
LR999931.1 1.47e+07 1.48e+07 25920
LR999931.1 1.48e+07 1.49e+07 42963
LR999931.1 1.49e+07 1.5e+07 41636
LR999931.1 1.5e+07 1.51e+07 42204
LR999931.1 1.51e+07 1.52e+07 27173
LR999931.1 1.52e+07 1.53e+07 32126
LR999931.1 1.53e+07 1.54e+07 22353
LR999931.1 1.54e+07 1.55e+07 14292
LR999931.1 1.55e+07 15572524 17899
