LR999937.1 1 100000 52367
LR999937.1 100001 200000 26662
LR999937.1 200001 300000 44149
LR999937.1 300001 400000 42309
LR999937.1 400001 500000 45873
LR999937.1 500001 600000 44579
LR999937.1 600001 700000 40816
LR999937.1 700001 800000 47577
LR999937.1 800001 900000 53131
LR999937.1 900001 1e+06 34503
LR999937.1 1e+06 1.1e+06 30923
LR999937.1 1.1e+06 1.2e+06 32930
LR999937.1 1.2e+06 1.3e+06 59314
LR999937.1 1.3e+06 1.4e+06 45687
LR999937.1 1.4e+06 1.5e+06 40965
LR999937.1 1.5e+06 1.6e+06 49595
LR999937.1 1.6e+06 1.7e+06 41507
LR999937.1 1.7e+06 1.8e+06 60928
LR999937.1 1.8e+06 1.9e+06 64460
LR999937.1 1.9e+06 2e+06 57580
LR999937.1 2e+06 2.1e+06 44493
LR999937.1 2.1e+06 2.2e+06 33712
LR999937.1 2.2e+06 2.3e+06 40822
LR999937.1 2.3e+06 2.4e+06 53562
LR999937.1 2.4e+06 2.5e+06 43707
LR999937.1 2.5e+06 2.6e+06 50992
LR999937.1 2.6e+06 2.7e+06 44803
LR999937.1 2.7e+06 2.8e+06 47926
LR999937.1 2.8e+06 2.9e+06 43062
LR999937.1 2.9e+06 3e+06 50407
LR999937.1 3e+06 3.1e+06 46682
LR999937.1 3.1e+06 3.2e+06 32002
LR999937.1 3.2e+06 3.3e+06 40147
LR999937.1 3.3e+06 3.4e+06 45359
LR999937.1 3.4e+06 3.5e+06 40970
LR999937.1 3.5e+06 3.6e+06 49065
LR999937.1 3.6e+06 3.7e+06 45653
LR999937.1 3.7e+06 3.8e+06 41643
LR999937.1 3.8e+06 3.9e+06 39549
LR999937.1 3.9e+06 4e+06 50765
LR999937.1 4e+06 4.1e+06 27256
LR999937.1 4.1e+06 4.2e+06 30033
LR999937.1 4.2e+06 4.3e+06 24527
LR999937.1 4.3e+06 4.4e+06 30165
LR999937.1 4.4e+06 4.5e+06 13626
LR999937.1 4.5e+06 4.6e+06 34869
LR999937.1 4.6e+06 4.7e+06 36959
LR999937.1 4.7e+06 4.8e+06 24622
LR999937.1 4.8e+06 4.9e+06 29982
LR999937.1 4.9e+06 5e+06 29680
LR999937.1 5e+06 5.1e+06 24909
LR999937.1 5.1e+06 5.2e+06 34408
LR999937.1 5.2e+06 5.3e+06 36404
LR999937.1 5.3e+06 5.4e+06 25512
LR999937.1 5.4e+06 5.5e+06 24657
LR999937.1 5.5e+06 5.6e+06 27966
LR999937.1 5.6e+06 5.7e+06 26491
LR999937.1 5.7e+06 5.8e+06 23557
LR999937.1 5.8e+06 5.9e+06 14370
LR999937.1 5.9e+06 6e+06 22989
LR999937.1 6e+06 6.1e+06 19278
LR999937.1 6.1e+06 6.2e+06 20372
LR999937.1 6.2e+06 6.3e+06 12608
LR999937.1 6.3e+06 6.4e+06 24424
LR999937.1 6.4e+06 6.5e+06 39552
LR999937.1 6.5e+06 6.6e+06 46769
LR999937.1 6.6e+06 6.7e+06 34556
LR999937.1 6.7e+06 6.8e+06 42502
LR999937.1 6.8e+06 6.9e+06 38492
LR999937.1 6.9e+06 7e+06 36722
LR999937.1 7e+06 7.1e+06 34417
LR999937.1 7.1e+06 7.2e+06 24431
LR999937.1 7.2e+06 7.3e+06 26622
LR999937.1 7.3e+06 7.4e+06 25266
LR999937.1 7.4e+06 7.5e+06 45406
LR999937.1 7.5e+06 7.6e+06 32752
LR999937.1 7.6e+06 7.7e+06 38221
LR999937.1 7.7e+06 7.8e+06 32818
LR999937.1 7.8e+06 7.9e+06 29683
LR999937.1 7.9e+06 8e+06 38662
LR999937.1 8e+06 8.1e+06 46968
LR999937.1 8.1e+06 8.2e+06 21981
LR999937.1 8.2e+06 8.3e+06 29426
LR999937.1 8.3e+06 8.4e+06 17476
LR999937.1 8.4e+06 8.5e+06 20432
LR999937.1 8.5e+06 8.6e+06 28047
LR999937.1 8.6e+06 8.7e+06 42132
LR999937.1 8.7e+06 8.8e+06 29616
LR999937.1 8.8e+06 8.9e+06 32403
LR999937.1 8.9e+06 9e+06 42721
LR999937.1 9e+06 9.1e+06 35289
LR999937.1 9.1e+06 9.2e+06 30613
LR999937.1 9.2e+06 9.3e+06 40257
LR999937.1 9.3e+06 9.4e+06 37539
LR999937.1 9.4e+06 9.5e+06 38856
LR999937.1 9.5e+06 9.6e+06 46845
LR999937.1 9.6e+06 9.7e+06 41347
LR999937.1 9.7e+06 9.8e+06 40286
LR999937.1 9.8e+06 9.9e+06 35930
LR999937.1 9.9e+06 1e+07 40444
LR999937.1 1e+07 1.01e+07 32734
LR999937.1 1.01e+07 1.02e+07 21638
LR999937.1 1.02e+07 1.03e+07 33631
LR999937.1 1.03e+07 1.04e+07 31197
LR999937.1 1.04e+07 1.05e+07 36083
LR999937.1 1.05e+07 1.06e+07 36665
LR999937.1 1.06e+07 1.07e+07 26932
LR999937.1 1.07e+07 1.08e+07 34068
LR999937.1 1.08e+07 1.09e+07 17785
LR999937.1 1.09e+07 1.1e+07 19152
LR999937.1 1.1e+07 1.11e+07 24429
LR999937.1 1.11e+07 1.12e+07 22850
LR999937.1 1.12e+07 1.13e+07 22374
LR999937.1 1.13e+07 1.14e+07 17970
LR999937.1 1.14e+07 1.15e+07 38195
LR999937.1 1.15e+07 1.16e+07 30317
LR999937.1 1.16e+07 1.17e+07 30848
LR999937.1 1.17e+07 1.18e+07 31841
LR999937.1 1.18e+07 1.19e+07 30160
LR999937.1 1.19e+07 1.2e+07 29977
LR999937.1 1.2e+07 1.21e+07 38598
LR999937.1 1.21e+07 1.22e+07 38082
LR999937.1 1.22e+07 1.23e+07 33952
LR999937.1 1.23e+07 1.24e+07 40715
LR999937.1 1.24e+07 1.25e+07 42500
LR999937.1 1.25e+07 1.26e+07 38922
LR999937.1 1.26e+07 1.27e+07 53457
LR999937.1 1.27e+07 1.28e+07 45547
LR999937.1 1.28e+07 1.29e+07 42176
LR999937.1 1.29e+07 1.3e+07 51693
LR999937.1 1.3e+07 1.31e+07 48576
LR999937.1 1.31e+07 1.32e+07 41281
LR999937.1 1.32e+07 1.33e+07 34176
LR999937.1 1.33e+07 1.34e+07 36604
LR999937.1 1.34e+07 1.35e+07 38842
LR999937.1 1.35e+07 1.36e+07 37997
LR999937.1 1.36e+07 1.37e+07 28986
LR999937.1 1.37e+07 1.38e+07 49811
LR999937.1 1.38e+07 1.39e+07 21618
LR999937.1 1.39e+07 1.4e+07 52379
LR999937.1 1.4e+07 1.41e+07 45425
LR999937.1 1.41e+07 1.42e+07 42548
LR999937.1 1.42e+07 1.43e+07 38168
LR999937.1 1.43e+07 1.44e+07 42293
LR999937.1 1.44e+07 1.45e+07 24593
LR999937.1 1.45e+07 1.46e+07 15108
LR999937.1 1.46e+07 14615999 12743
