LR999939.1 1 100000 24839
LR999939.1 100001 200000 14452
LR999939.1 200001 300000 17593
LR999939.1 300001 400000 28912
LR999939.1 400001 500000 23499
LR999939.1 500001 600000 38084
LR999939.1 600001 700000 41226
LR999939.1 700001 800000 37445
LR999939.1 800001 900000 40696
LR999939.1 900001 1e+06 41315
LR999939.1 1e+06 1.1e+06 48969
LR999939.1 1.1e+06 1.2e+06 47045
LR999939.1 1.2e+06 1.3e+06 30986
LR999939.1 1.3e+06 1.4e+06 41613
LR999939.1 1.4e+06 1.5e+06 42057
LR999939.1 1.5e+06 1.6e+06 40420
LR999939.1 1.6e+06 1.7e+06 40138
LR999939.1 1.7e+06 1.8e+06 46756
LR999939.1 1.8e+06 1.9e+06 46891
LR999939.1 1.9e+06 2e+06 41458
LR999939.1 2e+06 2.1e+06 34445
LR999939.1 2.1e+06 2.2e+06 44296
LR999939.1 2.2e+06 2.3e+06 44687
LR999939.1 2.3e+06 2.4e+06 41614
LR999939.1 2.4e+06 2.5e+06 43243
LR999939.1 2.5e+06 2.6e+06 46896
LR999939.1 2.6e+06 2.7e+06 45678
LR999939.1 2.7e+06 2.8e+06 44129
LR999939.1 2.8e+06 2.9e+06 42228
LR999939.1 2.9e+06 3e+06 39638
LR999939.1 3e+06 3.1e+06 45466
LR999939.1 3.1e+06 3.2e+06 40808
LR999939.1 3.2e+06 3.3e+06 36792
LR999939.1 3.3e+06 3.4e+06 33235
LR999939.1 3.4e+06 3.5e+06 46259
LR999939.1 3.5e+06 3.6e+06 40701
LR999939.1 3.6e+06 3.7e+06 35779
LR999939.1 3.7e+06 3.8e+06 37466
LR999939.1 3.8e+06 3.9e+06 42484
LR999939.1 3.9e+06 4e+06 34324
LR999939.1 4e+06 4.1e+06 37698
LR999939.1 4.1e+06 4.2e+06 45453
LR999939.1 4.2e+06 4.3e+06 23996
LR999939.1 4.3e+06 4.4e+06 24628
LR999939.1 4.4e+06 4.5e+06 22200
LR999939.1 4.5e+06 4.6e+06 20531
LR999939.1 4.6e+06 4.7e+06 29532
LR999939.1 4.7e+06 4.8e+06 25173
LR999939.1 4.8e+06 4.9e+06 25001
LR999939.1 4.9e+06 5e+06 30350
LR999939.1 5e+06 5.1e+06 32753
LR999939.1 5.1e+06 5.2e+06 32748
LR999939.1 5.2e+06 5.3e+06 41604
LR999939.1 5.3e+06 5.4e+06 33617
LR999939.1 5.4e+06 5.5e+06 31409
LR999939.1 5.5e+06 5.6e+06 29562
LR999939.1 5.6e+06 5.7e+06 23832
LR999939.1 5.7e+06 5.8e+06 32074
LR999939.1 5.8e+06 5.9e+06 25637
LR999939.1 5.9e+06 6e+06 27041
LR999939.1 6e+06 6.1e+06 25199
LR999939.1 6.1e+06 6.2e+06 22759
LR999939.1 6.2e+06 6.3e+06 20356
LR999939.1 6.3e+06 6.4e+06 26976
LR999939.1 6.4e+06 6.5e+06 29416
LR999939.1 6.5e+06 6.6e+06 31244
LR999939.1 6.6e+06 6.7e+06 17551
LR999939.1 6.7e+06 6.8e+06 17995
LR999939.1 6.8e+06 6.9e+06 19039
LR999939.1 6.9e+06 7e+06 25847
LR999939.1 7e+06 7.1e+06 24436
LR999939.1 7.1e+06 7.2e+06 16589
LR999939.1 7.2e+06 7.3e+06 28499
LR999939.1 7.3e+06 7.4e+06 16749
LR999939.1 7.4e+06 7.5e+06 17785
LR999939.1 7.5e+06 7.6e+06 17204
LR999939.1 7.6e+06 7.7e+06 37356
LR999939.1 7.7e+06 7.8e+06 32017
LR999939.1 7.8e+06 7.9e+06 29002
LR999939.1 7.9e+06 8e+06 23846
LR999939.1 8e+06 8.1e+06 27957
LR999939.1 8.1e+06 8.2e+06 24598
LR999939.1 8.2e+06 8.3e+06 24886
LR999939.1 8.3e+06 8.4e+06 20428
LR999939.1 8.4e+06 8.5e+06 27232
LR999939.1 8.5e+06 8.6e+06 19852
LR999939.1 8.6e+06 8.7e+06 25122
LR999939.1 8.7e+06 8.8e+06 28832
LR999939.1 8.8e+06 8.9e+06 26161
LR999939.1 8.9e+06 9e+06 21391
LR999939.1 9e+06 9.1e+06 21398
LR999939.1 9.1e+06 9.2e+06 20703
LR999939.1 9.2e+06 9.3e+06 26851
LR999939.1 9.3e+06 9.4e+06 28785
LR999939.1 9.4e+06 9.5e+06 38003
LR999939.1 9.5e+06 9.6e+06 20031
LR999939.1 9.6e+06 9.7e+06 27902
LR999939.1 9.7e+06 9.8e+06 19569
LR999939.1 9.8e+06 9.9e+06 22872
LR999939.1 9.9e+06 1e+07 27616
LR999939.1 1e+07 1.01e+07 33937
LR999939.1 1.01e+07 1.02e+07 7857
LR999939.1 1.02e+07 1.03e+07 33664
LR999939.1 1.03e+07 1.04e+07 34138
LR999939.1 1.04e+07 1.05e+07 35474
LR999939.1 1.05e+07 1.06e+07 29787
LR999939.1 1.06e+07 1.07e+07 35615
LR999939.1 1.07e+07 1.08e+07 41837
LR999939.1 1.08e+07 1.09e+07 48852
LR999939.1 1.09e+07 1.1e+07 46041
LR999939.1 1.1e+07 1.11e+07 32157
LR999939.1 1.11e+07 1.12e+07 34294
LR999939.1 1.12e+07 1.13e+07 24747
LR999939.1 1.13e+07 1.14e+07 37225
LR999939.1 1.14e+07 1.15e+07 42134
LR999939.1 1.15e+07 1.16e+07 41221
LR999939.1 1.16e+07 1.17e+07 35947
LR999939.1 1.17e+07 1.18e+07 34679
LR999939.1 1.18e+07 1.19e+07 37732
LR999939.1 1.19e+07 1.2e+07 35203
LR999939.1 1.2e+07 1.21e+07 38735
LR999939.1 1.21e+07 1.22e+07 40808
LR999939.1 1.22e+07 1.23e+07 36299
LR999939.1 1.23e+07 1.24e+07 36540
LR999939.1 1.24e+07 1.25e+07 44541
LR999939.1 1.25e+07 1.26e+07 41818
LR999939.1 1.26e+07 1.27e+07 55562
LR999939.1 1.27e+07 1.28e+07 49778
LR999939.1 1.28e+07 1.29e+07 47351
LR999939.1 1.29e+07 1.3e+07 49470
LR999939.1 1.3e+07 1.31e+07 48972
LR999939.1 1.31e+07 1.32e+07 43981
LR999939.1 1.32e+07 1.33e+07 51127
LR999939.1 1.33e+07 1.34e+07 43110
LR999939.1 1.34e+07 1.35e+07 46275
LR999939.1 1.35e+07 1.36e+07 46522
LR999939.1 1.36e+07 1.37e+07 35544
LR999939.1 1.37e+07 1.38e+07 31281
LR999939.1 1.38e+07 1.39e+07 44942
LR999939.1 1.39e+07 13916383 11771
