LR999929.1 1 100000 32434
LR999929.1 100001 200000 33142
LR999929.1 200001 300000 31381
LR999929.1 300001 400000 29767
LR999929.1 400001 500000 36720
LR999929.1 500001 600000 34144
LR999929.1 600001 700000 25317
LR999929.1 700001 800000 15675
LR999929.1 800001 900000 30572
LR999929.1 900001 1e+06 29254
LR999929.1 1e+06 1.1e+06 44026
LR999929.1 1.1e+06 1.2e+06 47802
LR999929.1 1.2e+06 1.3e+06 41206
LR999929.1 1.3e+06 1.4e+06 47172
LR999929.1 1.4e+06 1.5e+06 46110
LR999929.1 1.5e+06 1.6e+06 43528
LR999929.1 1.6e+06 1.7e+06 53424
LR999929.1 1.7e+06 1.8e+06 29087
LR999929.1 1.8e+06 1.9e+06 41560
LR999929.1 1.9e+06 2e+06 43581
LR999929.1 2e+06 2.1e+06 44589
LR999929.1 2.1e+06 2.2e+06 46869
LR999929.1 2.2e+06 2.3e+06 39457
LR999929.1 2.3e+06 2.4e+06 54305
LR999929.1 2.4e+06 2.5e+06 51350
LR999929.1 2.5e+06 2.6e+06 29268
LR999929.1 2.6e+06 2.7e+06 22686
LR999929.1 2.7e+06 2.8e+06 35564
LR999929.1 2.8e+06 2.9e+06 25197
LR999929.1 2.9e+06 3e+06 42640
LR999929.1 3e+06 3.1e+06 43151
LR999929.1 3.1e+06 3.2e+06 34071
LR999929.1 3.2e+06 3.3e+06 39929
LR999929.1 3.3e+06 3.4e+06 38553
LR999929.1 3.4e+06 3.5e+06 34625
LR999929.1 3.5e+06 3.6e+06 36009
LR999929.1 3.6e+06 3.7e+06 30396
LR999929.1 3.7e+06 3.8e+06 39096
LR999929.1 3.8e+06 3.9e+06 26909
LR999929.1 3.9e+06 4e+06 22852
LR999929.1 4e+06 4.1e+06 27328
LR999929.1 4.1e+06 4.2e+06 47415
LR999929.1 4.2e+06 4.3e+06 33930
LR999929.1 4.3e+06 4.4e+06 60704
LR999929.1 4.4e+06 4.5e+06 37807
LR999929.1 4.5e+06 4.6e+06 32228
LR999929.1 4.6e+06 4.7e+06 37887
LR999929.1 4.7e+06 4.8e+06 26088
LR999929.1 4.8e+06 4.9e+06 39000
LR999929.1 4.9e+06 5e+06 51067
LR999929.1 5e+06 5.1e+06 41185
LR999929.1 5.1e+06 5.2e+06 29576
LR999929.1 5.2e+06 5.3e+06 26745
LR999929.1 5.3e+06 5.4e+06 26653
LR999929.1 5.4e+06 5.5e+06 20251
LR999929.1 5.5e+06 5.6e+06 31950
LR999929.1 5.6e+06 5.7e+06 39586
LR999929.1 5.7e+06 5.8e+06 35463
LR999929.1 5.8e+06 5.9e+06 24754
LR999929.1 5.9e+06 6e+06 26111
LR999929.1 6e+06 6.1e+06 21137
LR999929.1 6.1e+06 6.2e+06 28099
LR999929.1 6.2e+06 6.3e+06 41164
LR999929.1 6.3e+06 6.4e+06 43189
LR999929.1 6.4e+06 6.5e+06 36864
LR999929.1 6.5e+06 6.6e+06 32629
LR999929.1 6.6e+06 6.7e+06 35308
LR999929.1 6.7e+06 6.8e+06 35108
LR999929.1 6.8e+06 6.9e+06 27999
LR999929.1 6.9e+06 7e+06 26610
LR999929.1 7e+06 7.1e+06 30194
LR999929.1 7.1e+06 7.2e+06 23949
LR999929.1 7.2e+06 7.3e+06 31082
LR999929.1 7.3e+06 7.4e+06 47636
LR999929.1 7.4e+06 7.5e+06 41456
LR999929.1 7.5e+06 7.6e+06 44564
LR999929.1 7.6e+06 7.7e+06 46588
LR999929.1 7.7e+06 7.8e+06 38544
LR999929.1 7.8e+06 7.9e+06 40146
LR999929.1 7.9e+06 8e+06 26731
LR999929.1 8e+06 8.1e+06 23697
LR999929.1 8.1e+06 8.2e+06 30097
LR999929.1 8.2e+06 8.3e+06 23105
LR999929.1 8.3e+06 8.4e+06 30968
LR999929.1 8.4e+06 8.5e+06 27252
LR999929.1 8.5e+06 8.6e+06 18239
LR999929.1 8.6e+06 8.7e+06 23820
LR999929.1 8.7e+06 8.8e+06 23164
LR999929.1 8.8e+06 8.9e+06 27174
LR999929.1 8.9e+06 9e+06 31750
LR999929.1 9e+06 9.1e+06 30805
LR999929.1 9.1e+06 9.2e+06 37911
LR999929.1 9.2e+06 9.3e+06 32941
LR999929.1 9.3e+06 9.4e+06 35180
LR999929.1 9.4e+06 9.5e+06 40585
LR999929.1 9.5e+06 9.6e+06 35824
LR999929.1 9.6e+06 9.7e+06 39319
LR999929.1 9.7e+06 9.8e+06 37623
LR999929.1 9.8e+06 9.9e+06 42187
LR999929.1 9.9e+06 1e+07 55707
LR999929.1 1e+07 1.01e+07 46323
LR999929.1 1.01e+07 1.02e+07 37347
LR999929.1 1.02e+07 1.03e+07 55626
LR999929.1 1.03e+07 1.04e+07 37837
LR999929.1 1.04e+07 1.05e+07 47081
LR999929.1 1.05e+07 1.06e+07 50867
LR999929.1 1.06e+07 1.07e+07 63938
LR999929.1 1.07e+07 1.08e+07 53281
LR999929.1 1.08e+07 1.09e+07 33798
LR999929.1 1.09e+07 1.1e+07 47364
LR999929.1 1.1e+07 1.11e+07 30208
LR999929.1 1.11e+07 1.12e+07 22718
LR999929.1 1.12e+07 1.13e+07 38587
LR999929.1 1.13e+07 1.14e+07 53826
LR999929.1 1.14e+07 1.15e+07 48066
LR999929.1 1.15e+07 1.16e+07 45460
LR999929.1 1.16e+07 1.17e+07 44951
LR999929.1 1.17e+07 1.18e+07 46230
LR999929.1 1.18e+07 1.19e+07 54528
LR999929.1 1.19e+07 1.2e+07 41314
LR999929.1 1.2e+07 1.21e+07 44588
LR999929.1 1.21e+07 1.22e+07 26930
LR999929.1 1.22e+07 1.23e+07 28256
LR999929.1 1.23e+07 1.24e+07 20741
LR999929.1 1.24e+07 1.25e+07 26332
LR999929.1 1.25e+07 1.26e+07 32616
LR999929.1 1.26e+07 1.27e+07 21565
LR999929.1 1.27e+07 1.28e+07 20646
LR999929.1 1.28e+07 1.29e+07 32741
LR999929.1 1.29e+07 1.3e+07 27630
LR999929.1 1.3e+07 1.31e+07 15427
LR999929.1 1.31e+07 1.32e+07 17618
LR999929.1 1.32e+07 1.33e+07 18062
LR999929.1 1.33e+07 1.34e+07 32225
LR999929.1 1.34e+07 1.35e+07 14092
LR999929.1 1.35e+07 1.36e+07 28677
LR999929.1 1.36e+07 1.37e+07 40321
LR999929.1 1.37e+07 1.38e+07 58333
LR999929.1 1.38e+07 1.39e+07 49440
LR999929.1 1.39e+07 1.4e+07 43460
LR999929.1 1.4e+07 1.41e+07 40350
LR999929.1 1.41e+07 1.42e+07 43756
LR999929.1 1.42e+07 1.43e+07 38608
LR999929.1 1.43e+07 1.44e+07 47135
LR999929.1 1.44e+07 1.45e+07 51391
LR999929.1 1.45e+07 1.46e+07 49765
LR999929.1 1.46e+07 1.47e+07 27743
LR999929.1 1.47e+07 1.48e+07 26149
LR999929.1 1.48e+07 1.49e+07 49910
LR999929.1 1.49e+07 1.5e+07 48218
LR999929.1 1.5e+07 1.51e+07 48009
LR999929.1 1.51e+07 1.52e+07 48647
LR999929.1 1.52e+07 1.53e+07 51161
LR999929.1 1.53e+07 1.54e+07 56511
LR999929.1 1.54e+07 1.55e+07 36995
LR999929.1 1.55e+07 1.56e+07 31131
LR999929.1 1.56e+07 1.57e+07 30113
LR999929.1 1.57e+07 1.58e+07 23518
LR999929.1 1.58e+07 1.59e+07 20495
LR999929.1 1.59e+07 15952094 22621
