LR999926.1 1 100000 29943
LR999926.1 100001 200000 30896
LR999926.1 200001 300000 15778
LR999926.1 300001 400000 23699
LR999926.1 400001 500000 6691
LR999926.1 500001 600000 12818
LR999926.1 600001 700000 34188
LR999926.1 700001 800000 23255
LR999926.1 800001 900000 35178
LR999926.1 900001 1e+06 33594
LR999926.1 1e+06 1.1e+06 22379
LR999926.1 1.1e+06 1.2e+06 24353
LR999926.1 1.2e+06 1.3e+06 21779
LR999926.1 1.3e+06 1.4e+06 25836
LR999926.1 1.4e+06 1.5e+06 27688
LR999926.1 1.5e+06 1.6e+06 26539
LR999926.1 1.6e+06 1.7e+06 36985
LR999926.1 1.7e+06 1.8e+06 39013
LR999926.1 1.8e+06 1.9e+06 16521
LR999926.1 1.9e+06 2e+06 36920
LR999926.1 2e+06 2.1e+06 36132
LR999926.1 2.1e+06 2.2e+06 54198
LR999926.1 2.2e+06 2.3e+06 55313
LR999926.1 2.3e+06 2.4e+06 45461
LR999926.1 2.4e+06 2.5e+06 44661
LR999926.1 2.5e+06 2.6e+06 37900
LR999926.1 2.6e+06 2.7e+06 26149
LR999926.1 2.7e+06 2.8e+06 44364
LR999926.1 2.8e+06 2.9e+06 52101
LR999926.1 2.9e+06 3e+06 52900
LR999926.1 3e+06 3.1e+06 54416
LR999926.1 3.1e+06 3.2e+06 39317
LR999926.1 3.2e+06 3.3e+06 24832
LR999926.1 3.3e+06 3.4e+06 33997
LR999926.1 3.4e+06 3.5e+06 24537
LR999926.1 3.5e+06 3.6e+06 24386
LR999926.1 3.6e+06 3.7e+06 19589
LR999926.1 3.7e+06 3.8e+06 14803
LR999926.1 3.8e+06 3.9e+06 32349
LR999926.1 3.9e+06 4e+06 33262
LR999926.1 4e+06 4.1e+06 22875
LR999926.1 4.1e+06 4.2e+06 24235
LR999926.1 4.2e+06 4.3e+06 34689
LR999926.1 4.3e+06 4.4e+06 18749
LR999926.1 4.4e+06 4.5e+06 8130
LR999926.1 4.5e+06 4.6e+06 8603
LR999926.1 4.6e+06 4.7e+06 24091
LR999926.1 4.7e+06 4.8e+06 14240
LR999926.1 4.8e+06 4.9e+06 13742
LR999926.1 4.9e+06 5e+06 18767
LR999926.1 5e+06 5.1e+06 27342
LR999926.1 5.1e+06 5.2e+06 34566
LR999926.1 5.2e+06 5.3e+06 25618
LR999926.1 5.3e+06 5.4e+06 24530
LR999926.1 5.4e+06 5.5e+06 29470
LR999926.1 5.5e+06 5.6e+06 35690
LR999926.1 5.6e+06 5.7e+06 18507
LR999926.1 5.7e+06 5.8e+06 30560
LR999926.1 5.8e+06 5.9e+06 33884
LR999926.1 5.9e+06 6e+06 35695
LR999926.1 6e+06 6.1e+06 22494
LR999926.1 6.1e+06 6.2e+06 25359
LR999926.1 6.2e+06 6.3e+06 37481
LR999926.1 6.3e+06 6.4e+06 14983
LR999926.1 6.4e+06 6.5e+06 28174
LR999926.1 6.5e+06 6.6e+06 30725
LR999926.1 6.6e+06 6.7e+06 55480
LR999926.1 6.7e+06 6.8e+06 27276
LR999926.1 6.8e+06 6.9e+06 42474
LR999926.1 6.9e+06 7e+06 28751
LR999926.1 7e+06 7.1e+06 16611
LR999926.1 7.1e+06 7.2e+06 25744
LR999926.1 7.2e+06 7.3e+06 18717
LR999926.1 7.3e+06 7.4e+06 31656
LR999926.1 7.4e+06 7.5e+06 17780
LR999926.1 7.5e+06 7.6e+06 47776
LR999926.1 7.6e+06 7.7e+06 58924
LR999926.1 7.7e+06 7.8e+06 35505
LR999926.1 7.8e+06 7.9e+06 29200
LR999926.1 7.9e+06 8e+06 19000
LR999926.1 8e+06 8.1e+06 25605
LR999926.1 8.1e+06 8.2e+06 29181
LR999926.1 8.2e+06 8.3e+06 35314
LR999926.1 8.3e+06 8.4e+06 24678
LR999926.1 8.4e+06 8.5e+06 31167
LR999926.1 8.5e+06 8.6e+06 32992
LR999926.1 8.6e+06 8.7e+06 30021
LR999926.1 8.7e+06 8.8e+06 21383
LR999926.1 8.8e+06 8.9e+06 33200
LR999926.1 8.9e+06 9e+06 34506
LR999926.1 9e+06 9.1e+06 29426
LR999926.1 9.1e+06 9.2e+06 19043
LR999926.1 9.2e+06 9.3e+06 21055
LR999926.1 9.3e+06 9.4e+06 20683
LR999926.1 9.4e+06 9.5e+06 15660
LR999926.1 9.5e+06 9.6e+06 17948
LR999926.1 9.6e+06 9.7e+06 21383
LR999926.1 9.7e+06 9.8e+06 17493
LR999926.1 9.8e+06 9.9e+06 29245
LR999926.1 9.9e+06 1e+07 19533
LR999926.1 1e+07 1.01e+07 24926
LR999926.1 1.01e+07 1.02e+07 26454
LR999926.1 1.02e+07 1.03e+07 46162
LR999926.1 1.03e+07 1.04e+07 51277
LR999926.1 1.04e+07 1.05e+07 37734
LR999926.1 1.05e+07 1.06e+07 24492
LR999926.1 1.06e+07 1.07e+07 27453
LR999926.1 1.07e+07 1.08e+07 24354
LR999926.1 1.08e+07 1.09e+07 37161
LR999926.1 1.09e+07 1.1e+07 25212
LR999926.1 1.1e+07 1.11e+07 26395
LR999926.1 1.11e+07 1.12e+07 26821
LR999926.1 1.12e+07 1.13e+07 19102
LR999926.1 1.13e+07 1.14e+07 21057
LR999926.1 1.14e+07 1.15e+07 25834
LR999926.1 1.15e+07 1.16e+07 33534
LR999926.1 1.16e+07 1.17e+07 29555
LR999926.1 1.17e+07 1.18e+07 20763
LR999926.1 1.18e+07 1.19e+07 40312
LR999926.1 1.19e+07 1.2e+07 50746
LR999926.1 1.2e+07 1.21e+07 51417
LR999926.1 1.21e+07 1.22e+07 48188
LR999926.1 1.22e+07 1.23e+07 51269
LR999926.1 1.23e+07 1.24e+07 39468
LR999926.1 1.24e+07 1.25e+07 50957
LR999926.1 1.25e+07 1.26e+07 47720
LR999926.1 1.26e+07 1.27e+07 45837
LR999926.1 1.27e+07 1.28e+07 46786
LR999926.1 1.28e+07 1.29e+07 39737
LR999926.1 1.29e+07 1.3e+07 32500
LR999926.1 1.3e+07 1.31e+07 28915
LR999926.1 1.31e+07 1.32e+07 25154
LR999926.1 1.32e+07 1.33e+07 27787
LR999926.1 1.33e+07 1.34e+07 23991
LR999926.1 1.34e+07 1.35e+07 28271
LR999926.1 1.35e+07 1.36e+07 38805
LR999926.1 1.36e+07 1.37e+07 37331
LR999926.1 1.37e+07 1.38e+07 49503
LR999926.1 1.38e+07 1.39e+07 48603
LR999926.1 1.39e+07 1.4e+07 50058
LR999926.1 1.4e+07 1.41e+07 40849
LR999926.1 1.41e+07 1.42e+07 38393
LR999926.1 1.42e+07 1.43e+07 41846
LR999926.1 1.43e+07 1.44e+07 41814
LR999926.1 1.44e+07 1.45e+07 43902
LR999926.1 1.45e+07 1.46e+07 41990
LR999926.1 1.46e+07 1.47e+07 44401
LR999926.1 1.47e+07 1.48e+07 45984
LR999926.1 1.48e+07 1.49e+07 45427
LR999926.1 1.49e+07 1.5e+07 48797
LR999926.1 1.5e+07 1.51e+07 39540
LR999926.1 1.51e+07 1.52e+07 48633
LR999926.1 1.52e+07 1.53e+07 50470
LR999926.1 1.53e+07 1.54e+07 51756
LR999926.1 1.54e+07 1.55e+07 37750
LR999926.1 1.55e+07 1.56e+07 50708
LR999926.1 1.56e+07 1.57e+07 39580
LR999926.1 1.57e+07 1.58e+07 38796
LR999926.1 1.58e+07 1.59e+07 34866
LR999926.1 1.59e+07 1.6e+07 29571
LR999926.1 1.6e+07 1.61e+07 31039
LR999926.1 1.61e+07 1.62e+07 29655
LR999926.1 1.62e+07 1.63e+07 14005
LR999926.1 1.63e+07 16362069 10254
