LR999940.1 1 100000 71673
LR999940.1 100001 200000 76158
LR999940.1 200001 300000 78090
LR999940.1 300001 400000 76948
LR999940.1 400001 500000 77977
LR999940.1 500001 600000 73544
LR999940.1 600001 700000 68071
LR999940.1 700001 800000 60138
LR999940.1 800001 900000 63760
LR999940.1 900001 1e+06 80340
LR999940.1 1e+06 1.1e+06 60262
LR999940.1 1.1e+06 1.2e+06 73508
LR999940.1 1.2e+06 1.3e+06 65335
LR999940.1 1.3e+06 1.4e+06 67610
LR999940.1 1.4e+06 1.5e+06 75121
LR999940.1 1.5e+06 1.6e+06 65824
LR999940.1 1.6e+06 1.7e+06 75220
LR999940.1 1.7e+06 1.8e+06 68785
LR999940.1 1.8e+06 1.9e+06 79688
LR999940.1 1.9e+06 2e+06 70069
LR999940.1 2e+06 2.1e+06 76443
LR999940.1 2.1e+06 2.2e+06 83463
LR999940.1 2.2e+06 2.3e+06 83678
LR999940.1 2.3e+06 2.4e+06 65300
LR999940.1 2.4e+06 2.5e+06 73437
LR999940.1 2.5e+06 2.6e+06 76745
LR999940.1 2.6e+06 2.7e+06 69459
LR999940.1 2.7e+06 2.8e+06 71456
LR999940.1 2.8e+06 2.9e+06 75443
LR999940.1 2.9e+06 3e+06 68688
LR999940.1 3e+06 3.1e+06 67694
LR999940.1 3.1e+06 3.2e+06 74665
LR999940.1 3.2e+06 3.3e+06 74260
LR999940.1 3.3e+06 3.4e+06 55194
LR999940.1 3.4e+06 3.5e+06 65227
LR999940.1 3.5e+06 3.6e+06 68992
LR999940.1 3.6e+06 3.7e+06 74704
LR999940.1 3.7e+06 3.8e+06 70091
LR999940.1 3.8e+06 3.9e+06 72918
LR999940.1 3.9e+06 4e+06 70189
LR999940.1 4e+06 4.1e+06 73839
LR999940.1 4.1e+06 4.2e+06 74944
LR999940.1 4.2e+06 4.3e+06 72876
LR999940.1 4.3e+06 4.4e+06 70011
LR999940.1 4.4e+06 4.5e+06 74472
LR999940.1 4.5e+06 4.6e+06 59333
LR999940.1 4.6e+06 4.7e+06 73590
LR999940.1 4.7e+06 4.8e+06 70164
LR999940.1 4.8e+06 4.9e+06 68640
LR999940.1 4.9e+06 5e+06 74495
LR999940.1 5e+06 5.1e+06 64849
LR999940.1 5.1e+06 5.2e+06 61174
LR999940.1 5.2e+06 5.3e+06 65524
LR999940.1 5.3e+06 5.4e+06 63448
LR999940.1 5.4e+06 5.5e+06 58908
LR999940.1 5.5e+06 5.6e+06 69011
LR999940.1 5.6e+06 5.7e+06 58362
LR999940.1 5.7e+06 5.8e+06 57932
LR999940.1 5.8e+06 5.9e+06 55271
LR999940.1 5.9e+06 6e+06 64342
LR999940.1 6e+06 6.1e+06 61617
LR999940.1 6.1e+06 6.2e+06 62485
LR999940.1 6.2e+06 6.3e+06 66598
LR999940.1 6.3e+06 6.4e+06 70980
LR999940.1 6.4e+06 6.5e+06 60466
LR999940.1 6.5e+06 6.6e+06 19551
LR999940.1 6.6e+06 6.7e+06 46475
LR999940.1 6.7e+06 6.8e+06 54844
LR999940.1 6.8e+06 6.9e+06 48033
LR999940.1 6.9e+06 7e+06 50015
LR999940.1 7e+06 7.1e+06 64244
LR999940.1 7.1e+06 7.2e+06 69728
LR999940.1 7.2e+06 7.3e+06 33723
LR999940.1 7.3e+06 7.4e+06 34950
LR999940.1 7.4e+06 7.5e+06 69877
LR999940.1 7.5e+06 7.6e+06 74717
LR999940.1 7.6e+06 7.7e+06 69221
LR999940.1 7.7e+06 7.8e+06 67965
LR999940.1 7.8e+06 7.9e+06 75328
LR999940.1 7.9e+06 8e+06 71959
LR999940.1 8e+06 8.1e+06 26506
LR999940.1 8.1e+06 8.2e+06 72242
LR999940.1 8.2e+06 8.3e+06 73606
LR999940.1 8.3e+06 8.4e+06 82260
LR999940.1 8.4e+06 8.5e+06 82074
LR999940.1 8.5e+06 8.6e+06 64677
LR999940.1 8.6e+06 8.7e+06 71521
LR999940.1 8.7e+06 8.8e+06 76395
LR999940.1 8.8e+06 8.9e+06 69572
LR999940.1 8.9e+06 9e+06 62424
LR999940.1 9e+06 9.1e+06 63158
LR999940.1 9.1e+06 9.2e+06 62371
LR999940.1 9.2e+06 9.3e+06 82059
LR999940.1 9.3e+06 9.4e+06 71845
LR999940.1 9.4e+06 9.5e+06 74459
LR999940.1 9.5e+06 9.6e+06 73065
LR999940.1 9.6e+06 9.7e+06 76853
LR999940.1 9.7e+06 9.8e+06 67564
LR999940.1 9.8e+06 9.9e+06 73357
LR999940.1 9.9e+06 1e+07 70444
LR999940.1 1e+07 1.01e+07 73171
LR999940.1 1.01e+07 1.02e+07 66292
LR999940.1 1.02e+07 1.03e+07 61161
LR999940.1 1.03e+07 1.04e+07 71787
LR999940.1 1.04e+07 1.05e+07 54581
LR999940.1 1.05e+07 1.06e+07 67245
LR999940.1 1.06e+07 1.07e+07 71124
LR999940.1 1.07e+07 1.08e+07 75223
LR999940.1 1.08e+07 1.09e+07 71658
LR999940.1 1.09e+07 1.1e+07 65485
LR999940.1 1.1e+07 1.11e+07 77140
LR999940.1 1.11e+07 1.12e+07 60904
LR999940.1 1.12e+07 1.13e+07 66842
LR999940.1 1.13e+07 1.14e+07 70113
LR999940.1 1.14e+07 1.15e+07 75411
LR999940.1 1.15e+07 1.16e+07 64768
LR999940.1 1.16e+07 1.17e+07 72209
LR999940.1 1.17e+07 1.18e+07 63831
LR999940.1 1.18e+07 1.19e+07 67432
LR999940.1 1.19e+07 1.2e+07 73260
LR999940.1 1.2e+07 1.21e+07 75879
LR999940.1 1.21e+07 1.22e+07 72795
LR999940.1 1.22e+07 1.23e+07 59103
LR999940.1 1.23e+07 1.24e+07 69502
LR999940.1 1.24e+07 1.25e+07 69860
LR999940.1 1.25e+07 1.26e+07 77149
LR999940.1 1.26e+07 1.27e+07 70547
LR999940.1 1.27e+07 1.28e+07 67856
LR999940.1 1.28e+07 1.29e+07 77293
LR999940.1 1.29e+07 1.3e+07 79015
LR999940.1 1.3e+07 1.31e+07 69876
LR999940.1 1.31e+07 1.32e+07 71105
LR999940.1 1.32e+07 1.33e+07 74249
LR999940.1 1.33e+07 1.34e+07 64934
LR999940.1 1.34e+07 1.35e+07 64627
LR999940.1 1.35e+07 1.36e+07 73763
LR999940.1 1.36e+07 1.37e+07 71201
LR999940.1 1.37e+07 1.38e+07 72528
LR999940.1 1.38e+07 13819298 14045
