LR999949.1 1 100000 88807
LR999949.1 100001 200000 86135
LR999949.1 200001 300000 37134
LR999949.1 300001 400000 42591
LR999949.1 400001 500000 42620
LR999949.1 500001 600000 42424
LR999949.1 600001 700000 50930
LR999949.1 700001 800000 38693
LR999949.1 800001 900000 46295
LR999949.1 900001 1e+06 22253
LR999949.1 1e+06 1.1e+06 24494
LR999949.1 1.1e+06 1.2e+06 41381
LR999949.1 1.2e+06 1.3e+06 38481
LR999949.1 1.3e+06 1.4e+06 47715
LR999949.1 1.4e+06 1.5e+06 38496
LR999949.1 1.5e+06 1.6e+06 46163
LR999949.1 1.6e+06 1.7e+06 37368
LR999949.1 1.7e+06 1.8e+06 36188
LR999949.1 1.8e+06 1.9e+06 48114
LR999949.1 1.9e+06 2e+06 53798
LR999949.1 2e+06 2.1e+06 47016
LR999949.1 2.1e+06 2.2e+06 47537
LR999949.1 2.2e+06 2.3e+06 52332
LR999949.1 2.3e+06 2.4e+06 48170
LR999949.1 2.4e+06 2.5e+06 55203
LR999949.1 2.5e+06 2.6e+06 57387
LR999949.1 2.6e+06 2.7e+06 49568
LR999949.1 2.7e+06 2.8e+06 47362
LR999949.1 2.8e+06 2.9e+06 19280
LR999949.1 2.9e+06 3e+06 31287
LR999949.1 3e+06 3.1e+06 38634
LR999949.1 3.1e+06 3.2e+06 40189
LR999949.1 3.2e+06 3.3e+06 37769
LR999949.1 3.3e+06 3.4e+06 32470
LR999949.1 3.4e+06 3.5e+06 24705
LR999949.1 3.5e+06 3.6e+06 19144
LR999949.1 3.6e+06 3.7e+06 19881
LR999949.1 3.7e+06 3.8e+06 34918
LR999949.1 3.8e+06 3.9e+06 41199
LR999949.1 3.9e+06 4e+06 42999
LR999949.1 4e+06 4.1e+06 39940
LR999949.1 4.1e+06 4.2e+06 50454
LR999949.1 4.2e+06 4.3e+06 56042
LR999949.1 4.3e+06 4.4e+06 35756
LR999949.1 4.4e+06 4.5e+06 47629
LR999949.1 4.5e+06 4.6e+06 32561
LR999949.1 4.6e+06 4.7e+06 36595
LR999949.1 4.7e+06 4.8e+06 27961
LR999949.1 4.8e+06 4.9e+06 30426
LR999949.1 4.9e+06 5e+06 31782
LR999949.1 5e+06 5.1e+06 34103
LR999949.1 5.1e+06 5.2e+06 39613
LR999949.1 5.2e+06 5.3e+06 35510
LR999949.1 5.3e+06 5.4e+06 27475
LR999949.1 5.4e+06 5.5e+06 38818
LR999949.1 5.5e+06 5.6e+06 33547
LR999949.1 5.6e+06 5.7e+06 45738
LR999949.1 5.7e+06 5.8e+06 47887
LR999949.1 5.8e+06 5.9e+06 32611
LR999949.1 5.9e+06 6e+06 59334
LR999949.1 6e+06 6.1e+06 61461
LR999949.1 6.1e+06 6.2e+06 53399
LR999949.1 6.2e+06 6.3e+06 40583
LR999949.1 6.3e+06 6.4e+06 39586
LR999949.1 6.4e+06 6.5e+06 39602
LR999949.1 6.5e+06 6.6e+06 33835
LR999949.1 6.6e+06 6.7e+06 43605
LR999949.1 6.7e+06 6.8e+06 40468
LR999949.1 6.8e+06 6.9e+06 51332
LR999949.1 6.9e+06 7e+06 40496
LR999949.1 7e+06 7.1e+06 40553
LR999949.1 7.1e+06 7.2e+06 42535
LR999949.1 7.2e+06 7.3e+06 45211
LR999949.1 7.3e+06 7.4e+06 46595
LR999949.1 7.4e+06 7.5e+06 59825
LR999949.1 7.5e+06 7.6e+06 51107
LR999949.1 7.6e+06 7.7e+06 43536
LR999949.1 7.7e+06 7.8e+06 49372
LR999949.1 7.8e+06 7.9e+06 36721
LR999949.1 7.9e+06 8e+06 42708
LR999949.1 8e+06 8.1e+06 33324
LR999949.1 8.1e+06 8.2e+06 55705
LR999949.1 8.2e+06 8.3e+06 58048
LR999949.1 8.3e+06 8.4e+06 51367
LR999949.1 8.4e+06 8.5e+06 55430
LR999949.1 8.5e+06 8.6e+06 58531
LR999949.1 8.6e+06 8.7e+06 38946
LR999949.1 8.7e+06 8.8e+06 51700
LR999949.1 8.8e+06 8.9e+06 61339
LR999949.1 8.9e+06 9e+06 50218
LR999949.1 9e+06 9.1e+06 59970
LR999949.1 9.1e+06 9.2e+06 61992
LR999949.1 9.2e+06 9.3e+06 57528
LR999949.1 9.3e+06 9.4e+06 57165
LR999949.1 9.4e+06 9.5e+06 59775
LR999949.1 9.5e+06 9.6e+06 65953
LR999949.1 9.6e+06 9.7e+06 36237
LR999949.1 9.7e+06 9.8e+06 56071
LR999949.1 9.8e+06 9.9e+06 57378
LR999949.1 9.9e+06 1e+07 52783
LR999949.1 1e+07 1.01e+07 43580
LR999949.1 1.01e+07 1.02e+07 47215
LR999949.1 1.02e+07 1.03e+07 47808
LR999949.1 1.03e+07 1.04e+07 47510
LR999949.1 1.04e+07 1.05e+07 56862
LR999949.1 1.05e+07 1.06e+07 41711
LR999949.1 1.06e+07 1.07e+07 31332
LR999949.1 1.07e+07 1.08e+07 43042
LR999949.1 1.08e+07 1.09e+07 54380
LR999949.1 1.09e+07 1.1e+07 55147
LR999949.1 1.1e+07 1.11e+07 32794
LR999949.1 1.11e+07 11199261 31488
