LR999930.1 1 100000 30195
LR999930.1 100001 200000 28307
LR999930.1 200001 300000 39648
LR999930.1 300001 400000 36323
LR999930.1 400001 500000 34846
LR999930.1 500001 600000 34846
LR999930.1 600001 700000 43206
LR999930.1 700001 800000 54549
LR999930.1 800001 900000 49436
LR999930.1 900001 1e+06 47859
LR999930.1 1e+06 1.1e+06 39043
LR999930.1 1.1e+06 1.2e+06 23938
LR999930.1 1.2e+06 1.3e+06 40299
LR999930.1 1.3e+06 1.4e+06 35876
LR999930.1 1.4e+06 1.5e+06 30792
LR999930.1 1.5e+06 1.6e+06 34822
LR999930.1 1.6e+06 1.7e+06 26859
LR999930.1 1.7e+06 1.8e+06 28249
LR999930.1 1.8e+06 1.9e+06 32410
LR999930.1 1.9e+06 2e+06 32561
LR999930.1 2e+06 2.1e+06 21802
LR999930.1 2.1e+06 2.2e+06 16222
LR999930.1 2.2e+06 2.3e+06 28918
LR999930.1 2.3e+06 2.4e+06 12396
LR999930.1 2.4e+06 2.5e+06 21877
LR999930.1 2.5e+06 2.6e+06 9791
LR999930.1 2.6e+06 2.7e+06 17102
LR999930.1 2.7e+06 2.8e+06 16773
LR999930.1 2.8e+06 2.9e+06 16538
LR999930.1 2.9e+06 3e+06 27336
LR999930.1 3e+06 3.1e+06 18375
LR999930.1 3.1e+06 3.2e+06 28413
LR999930.1 3.2e+06 3.3e+06 31646
LR999930.1 3.3e+06 3.4e+06 24811
LR999930.1 3.4e+06 3.5e+06 24763
LR999930.1 3.5e+06 3.6e+06 22940
LR999930.1 3.6e+06 3.7e+06 31118
LR999930.1 3.7e+06 3.8e+06 23376
LR999930.1 3.8e+06 3.9e+06 28020
LR999930.1 3.9e+06 4e+06 33820
LR999930.1 4e+06 4.1e+06 34595
LR999930.1 4.1e+06 4.2e+06 43086
LR999930.1 4.2e+06 4.3e+06 22019
LR999930.1 4.3e+06 4.4e+06 26019
LR999930.1 4.4e+06 4.5e+06 11429
LR999930.1 4.5e+06 4.6e+06 19468
LR999930.1 4.6e+06 4.7e+06 28229
LR999930.1 4.7e+06 4.8e+06 29738
LR999930.1 4.8e+06 4.9e+06 26591
LR999930.1 4.9e+06 5e+06 24765
LR999930.1 5e+06 5.1e+06 20807
LR999930.1 5.1e+06 5.2e+06 43564
LR999930.1 5.2e+06 5.3e+06 38562
LR999930.1 5.3e+06 5.4e+06 27532
LR999930.1 5.4e+06 5.5e+06 21326
LR999930.1 5.5e+06 5.6e+06 16595
LR999930.1 5.6e+06 5.7e+06 27702
LR999930.1 5.7e+06 5.8e+06 37148
LR999930.1 5.8e+06 5.9e+06 41993
LR999930.1 5.9e+06 6e+06 33887
LR999930.1 6e+06 6.1e+06 17030
LR999930.1 6.1e+06 6.2e+06 33153
LR999930.1 6.2e+06 6.3e+06 31609
LR999930.1 6.3e+06 6.4e+06 21386
LR999930.1 6.4e+06 6.5e+06 28589
LR999930.1 6.5e+06 6.6e+06 27838
LR999930.1 6.6e+06 6.7e+06 27354
LR999930.1 6.7e+06 6.8e+06 19193
LR999930.1 6.8e+06 6.9e+06 15580
LR999930.1 6.9e+06 7e+06 37073
LR999930.1 7e+06 7.1e+06 33286
LR999930.1 7.1e+06 7.2e+06 31863
LR999930.1 7.2e+06 7.3e+06 15084
LR999930.1 7.3e+06 7.4e+06 18730
LR999930.1 7.4e+06 7.5e+06 16635
LR999930.1 7.5e+06 7.6e+06 23498
LR999930.1 7.6e+06 7.7e+06 29220
LR999930.1 7.7e+06 7.8e+06 24834
LR999930.1 7.8e+06 7.9e+06 22899
LR999930.1 7.9e+06 8e+06 21235
LR999930.1 8e+06 8.1e+06 23878
LR999930.1 8.1e+06 8.2e+06 33940
LR999930.1 8.2e+06 8.3e+06 42098
LR999930.1 8.3e+06 8.4e+06 31643
LR999930.1 8.4e+06 8.5e+06 35160
LR999930.1 8.5e+06 8.6e+06 18927
LR999930.1 8.6e+06 8.7e+06 21877
LR999930.1 8.7e+06 8.8e+06 22145
LR999930.1 8.8e+06 8.9e+06 29144
LR999930.1 8.9e+06 9e+06 41403
LR999930.1 9e+06 9.1e+06 15561
LR999930.1 9.1e+06 9.2e+06 15625
LR999930.1 9.2e+06 9.3e+06 15929
LR999930.1 9.3e+06 9.4e+06 17747
LR999930.1 9.4e+06 9.5e+06 26887
LR999930.1 9.5e+06 9.6e+06 27834
LR999930.1 9.6e+06 9.7e+06 30220
LR999930.1 9.7e+06 9.8e+06 32283
LR999930.1 9.8e+06 9.9e+06 30099
LR999930.1 9.9e+06 1e+07 26750
LR999930.1 1e+07 1.01e+07 44785
LR999930.1 1.01e+07 1.02e+07 37640
LR999930.1 1.02e+07 1.03e+07 38014
LR999930.1 1.03e+07 1.04e+07 38822
LR999930.1 1.04e+07 1.05e+07 34045
LR999930.1 1.05e+07 1.06e+07 31309
LR999930.1 1.06e+07 1.07e+07 36870
LR999930.1 1.07e+07 1.08e+07 40280
LR999930.1 1.08e+07 1.09e+07 44461
LR999930.1 1.09e+07 1.1e+07 36361
LR999930.1 1.1e+07 1.11e+07 36219
LR999930.1 1.11e+07 1.12e+07 26094
LR999930.1 1.12e+07 1.13e+07 27097
LR999930.1 1.13e+07 1.14e+07 42483
LR999930.1 1.14e+07 1.15e+07 43476
LR999930.1 1.15e+07 1.16e+07 39484
LR999930.1 1.16e+07 1.17e+07 33174
LR999930.1 1.17e+07 1.18e+07 28598
LR999930.1 1.18e+07 1.19e+07 42253
LR999930.1 1.19e+07 1.2e+07 38875
LR999930.1 1.2e+07 1.21e+07 31224
LR999930.1 1.21e+07 1.22e+07 37623
LR999930.1 1.22e+07 1.23e+07 39477
LR999930.1 1.23e+07 1.24e+07 42752
LR999930.1 1.24e+07 1.25e+07 36367
LR999930.1 1.25e+07 1.26e+07 41445
LR999930.1 1.26e+07 1.27e+07 47678
LR999930.1 1.27e+07 1.28e+07 50242
LR999930.1 1.28e+07 1.29e+07 52161
LR999930.1 1.29e+07 1.3e+07 52896
LR999930.1 1.3e+07 1.31e+07 43875
LR999930.1 1.31e+07 1.32e+07 49961
LR999930.1 1.32e+07 1.33e+07 51159
LR999930.1 1.33e+07 1.34e+07 48309
LR999930.1 1.34e+07 1.35e+07 41068
LR999930.1 1.35e+07 1.36e+07 34079
LR999930.1 1.36e+07 1.37e+07 18891
LR999930.1 1.37e+07 1.38e+07 24641
LR999930.1 1.38e+07 1.39e+07 34022
LR999930.1 1.39e+07 1.4e+07 34655
LR999930.1 1.4e+07 1.41e+07 40381
LR999930.1 1.41e+07 1.42e+07 51312
LR999930.1 1.42e+07 1.43e+07 36340
LR999930.1 1.43e+07 1.44e+07 35765
LR999930.1 1.44e+07 1.45e+07 32640
LR999930.1 1.45e+07 1.46e+07 25395
LR999930.1 1.46e+07 1.47e+07 34218
LR999930.1 1.47e+07 1.48e+07 40826
LR999930.1 1.48e+07 1.49e+07 47714
LR999930.1 1.49e+07 1.5e+07 42438
LR999930.1 1.5e+07 1.51e+07 48450
LR999930.1 1.51e+07 1.52e+07 47580
LR999930.1 1.52e+07 1.53e+07 52247
LR999930.1 1.53e+07 1.54e+07 50273
LR999930.1 1.54e+07 1.55e+07 31079
LR999930.1 1.55e+07 1.56e+07 17470
LR999930.1 1.56e+07 1.57e+07 17503
LR999930.1 1.57e+07 15715213 10720
