LR999936.1 1 100000 22608
LR999936.1 100001 200000 32179
LR999936.1 200001 300000 33984
LR999936.1 300001 400000 25368
LR999936.1 400001 500000 13036
LR999936.1 500001 600000 37884
LR999936.1 600001 700000 30972
LR999936.1 700001 800000 28114
LR999936.1 800001 900000 24254
LR999936.1 900001 1e+06 33471
LR999936.1 1e+06 1.1e+06 43106
LR999936.1 1.1e+06 1.2e+06 32929
LR999936.1 1.2e+06 1.3e+06 27090
LR999936.1 1.3e+06 1.4e+06 39029
LR999936.1 1.4e+06 1.5e+06 25366
LR999936.1 1.5e+06 1.6e+06 27523
LR999936.1 1.6e+06 1.7e+06 33593
LR999936.1 1.7e+06 1.8e+06 31224
LR999936.1 1.8e+06 1.9e+06 41967
LR999936.1 1.9e+06 2e+06 29517
LR999936.1 2e+06 2.1e+06 38166
LR999936.1 2.1e+06 2.2e+06 46890
LR999936.1 2.2e+06 2.3e+06 57312
LR999936.1 2.3e+06 2.4e+06 48972
LR999936.1 2.4e+06 2.5e+06 48214
LR999936.1 2.5e+06 2.6e+06 38261
LR999936.1 2.6e+06 2.7e+06 43758
LR999936.1 2.7e+06 2.8e+06 57517
LR999936.1 2.8e+06 2.9e+06 50586
LR999936.1 2.9e+06 3e+06 35412
LR999936.1 3e+06 3.1e+06 29194
LR999936.1 3.1e+06 3.2e+06 38890
LR999936.1 3.2e+06 3.3e+06 43048
LR999936.1 3.3e+06 3.4e+06 39707
LR999936.1 3.4e+06 3.5e+06 38120
LR999936.1 3.5e+06 3.6e+06 19825
LR999936.1 3.6e+06 3.7e+06 33407
LR999936.1 3.7e+06 3.8e+06 17252
LR999936.1 3.8e+06 3.9e+06 29527
LR999936.1 3.9e+06 4e+06 33580
LR999936.1 4e+06 4.1e+06 24852
LR999936.1 4.1e+06 4.2e+06 44126
LR999936.1 4.2e+06 4.3e+06 42756
LR999936.1 4.3e+06 4.4e+06 45315
LR999936.1 4.4e+06 4.5e+06 32594
LR999936.1 4.5e+06 4.6e+06 40203
LR999936.1 4.6e+06 4.7e+06 22213
LR999936.1 4.7e+06 4.8e+06 18064
LR999936.1 4.8e+06 4.9e+06 16578
LR999936.1 4.9e+06 5e+06 8991
LR999936.1 5e+06 5.1e+06 25866
LR999936.1 5.1e+06 5.2e+06 18170
LR999936.1 5.2e+06 5.3e+06 22893
LR999936.1 5.3e+06 5.4e+06 23322
LR999936.1 5.4e+06 5.5e+06 35577
LR999936.1 5.5e+06 5.6e+06 24663
LR999936.1 5.6e+06 5.7e+06 20644
LR999936.1 5.7e+06 5.8e+06 21568
LR999936.1 5.8e+06 5.9e+06 24535
LR999936.1 5.9e+06 6e+06 19299
LR999936.1 6e+06 6.1e+06 12457
LR999936.1 6.1e+06 6.2e+06 28340
LR999936.1 6.2e+06 6.3e+06 24060
LR999936.1 6.3e+06 6.4e+06 29303
LR999936.1 6.4e+06 6.5e+06 37278
LR999936.1 6.5e+06 6.6e+06 18093
LR999936.1 6.6e+06 6.7e+06 23738
LR999936.1 6.7e+06 6.8e+06 21984
LR999936.1 6.8e+06 6.9e+06 12957
LR999936.1 6.9e+06 7e+06 22188
LR999936.1 7e+06 7.1e+06 28124
LR999936.1 7.1e+06 7.2e+06 32805
LR999936.1 7.2e+06 7.3e+06 27976
LR999936.1 7.3e+06 7.4e+06 34005
LR999936.1 7.4e+06 7.5e+06 35338
LR999936.1 7.5e+06 7.6e+06 37958
LR999936.1 7.6e+06 7.7e+06 30016
LR999936.1 7.7e+06 7.8e+06 31289
LR999936.1 7.8e+06 7.9e+06 42945
LR999936.1 7.9e+06 8e+06 63026
LR999936.1 8e+06 8.1e+06 43197
LR999936.1 8.1e+06 8.2e+06 31230
LR999936.1 8.2e+06 8.3e+06 36421
LR999936.1 8.3e+06 8.4e+06 32070
LR999936.1 8.4e+06 8.5e+06 41105
LR999936.1 8.5e+06 8.6e+06 33427
LR999936.1 8.6e+06 8.7e+06 16136
LR999936.1 8.7e+06 8.8e+06 31447
LR999936.1 8.8e+06 8.9e+06 33212
LR999936.1 8.9e+06 9e+06 48956
LR999936.1 9e+06 9.1e+06 44033
LR999936.1 9.1e+06 9.2e+06 35065
LR999936.1 9.2e+06 9.3e+06 42620
LR999936.1 9.3e+06 9.4e+06 41266
LR999936.1 9.4e+06 9.5e+06 37156
LR999936.1 9.5e+06 9.6e+06 45373
LR999936.1 9.6e+06 9.7e+06 47828
LR999936.1 9.7e+06 9.8e+06 27420
LR999936.1 9.8e+06 9.9e+06 23414
LR999936.1 9.9e+06 1e+07 36034
LR999936.1 1e+07 1.01e+07 33184
LR999936.1 1.01e+07 1.02e+07 46837
LR999936.1 1.02e+07 1.03e+07 43948
LR999936.1 1.03e+07 1.04e+07 41457
LR999936.1 1.04e+07 1.05e+07 30756
LR999936.1 1.05e+07 1.06e+07 22695
LR999936.1 1.06e+07 1.07e+07 29288
LR999936.1 1.07e+07 1.08e+07 40107
LR999936.1 1.08e+07 1.09e+07 24421
LR999936.1 1.09e+07 1.1e+07 35988
LR999936.1 1.1e+07 1.11e+07 53297
LR999936.1 1.11e+07 1.12e+07 48753
LR999936.1 1.12e+07 1.13e+07 52529
LR999936.1 1.13e+07 1.14e+07 30137
LR999936.1 1.14e+07 1.15e+07 24358
LR999936.1 1.15e+07 1.16e+07 20682
LR999936.1 1.16e+07 1.17e+07 44619
LR999936.1 1.17e+07 1.18e+07 43548
LR999936.1 1.18e+07 1.19e+07 38642
LR999936.1 1.19e+07 1.2e+07 50475
LR999936.1 1.2e+07 1.21e+07 48046
LR999936.1 1.21e+07 1.22e+07 46698
LR999936.1 1.22e+07 1.23e+07 56939
LR999936.1 1.23e+07 1.24e+07 50367
LR999936.1 1.24e+07 1.25e+07 43902
LR999936.1 1.25e+07 1.26e+07 47139
LR999936.1 1.26e+07 1.27e+07 30373
LR999936.1 1.27e+07 1.28e+07 37620
LR999936.1 1.28e+07 1.29e+07 45649
LR999936.1 1.29e+07 1.3e+07 25621
LR999936.1 1.3e+07 1.31e+07 38329
LR999936.1 1.31e+07 1.32e+07 37448
LR999936.1 1.32e+07 1.33e+07 30446
LR999936.1 1.33e+07 1.34e+07 34875
LR999936.1 1.34e+07 1.35e+07 40802
LR999936.1 1.35e+07 1.36e+07 43763
LR999936.1 1.36e+07 1.37e+07 39975
LR999936.1 1.37e+07 1.38e+07 47595
LR999936.1 1.38e+07 1.39e+07 48595
LR999936.1 1.39e+07 1.4e+07 42033
LR999936.1 1.4e+07 1.41e+07 52204
LR999936.1 1.41e+07 1.42e+07 54773
LR999936.1 1.42e+07 1.43e+07 44689
LR999936.1 1.43e+07 1.44e+07 55494
LR999936.1 1.44e+07 1.45e+07 40565
LR999936.1 1.45e+07 1.46e+07 54240
LR999936.1 1.46e+07 1.47e+07 42822
LR999936.1 1.47e+07 14774369 36798
