LR999934.1 1 100000 25001
LR999934.1 100001 200000 37572
LR999934.1 200001 300000 49098
LR999934.1 300001 400000 51905
LR999934.1 400001 500000 46158
LR999934.1 500001 600000 59144
LR999934.1 600001 700000 53874
LR999934.1 700001 800000 50292
LR999934.1 800001 900000 34022
LR999934.1 900001 1e+06 46254
LR999934.1 1e+06 1.1e+06 41803
LR999934.1 1.1e+06 1.2e+06 30561
LR999934.1 1.2e+06 1.3e+06 40948
LR999934.1 1.3e+06 1.4e+06 39090
LR999934.1 1.4e+06 1.5e+06 26286
LR999934.1 1.5e+06 1.6e+06 38066
LR999934.1 1.6e+06 1.7e+06 40370
LR999934.1 1.7e+06 1.8e+06 35009
LR999934.1 1.8e+06 1.9e+06 37108
LR999934.1 1.9e+06 2e+06 33747
LR999934.1 2e+06 2.1e+06 9486
LR999934.1 2.1e+06 2.2e+06 28158
LR999934.1 2.2e+06 2.3e+06 42373
LR999934.1 2.3e+06 2.4e+06 50340
LR999934.1 2.4e+06 2.5e+06 64583
LR999934.1 2.5e+06 2.6e+06 62117
LR999934.1 2.6e+06 2.7e+06 67793
LR999934.1 2.7e+06 2.8e+06 62885
LR999934.1 2.8e+06 2.9e+06 76031
LR999934.1 2.9e+06 3e+06 69792
LR999934.1 3e+06 3.1e+06 62318
LR999934.1 3.1e+06 3.2e+06 64480
LR999934.1 3.2e+06 3.3e+06 71388
LR999934.1 3.3e+06 3.4e+06 68108
LR999934.1 3.4e+06 3.5e+06 67870
LR999934.1 3.5e+06 3.6e+06 63350
LR999934.1 3.6e+06 3.7e+06 64259
LR999934.1 3.7e+06 3.8e+06 64036
LR999934.1 3.8e+06 3.9e+06 66967
LR999934.1 3.9e+06 4e+06 63717
LR999934.1 4e+06 4.1e+06 58368
LR999934.1 4.1e+06 4.2e+06 65797
LR999934.1 4.2e+06 4.3e+06 66090
LR999934.1 4.3e+06 4.4e+06 73322
LR999934.1 4.4e+06 4.5e+06 63275
LR999934.1 4.5e+06 4.6e+06 61782
LR999934.1 4.6e+06 4.7e+06 58926
LR999934.1 4.7e+06 4.8e+06 61328
LR999934.1 4.8e+06 4.9e+06 64479
LR999934.1 4.9e+06 5e+06 68250
LR999934.1 5e+06 5.1e+06 62534
LR999934.1 5.1e+06 5.2e+06 67108
LR999934.1 5.2e+06 5.3e+06 69281
LR999934.1 5.3e+06 5.4e+06 40338
LR999934.1 5.4e+06 5.5e+06 36380
LR999934.1 5.5e+06 5.6e+06 36612
LR999934.1 5.6e+06 5.7e+06 30324
LR999934.1 5.7e+06 5.8e+06 45449
LR999934.1 5.8e+06 5.9e+06 39642
LR999934.1 5.9e+06 6e+06 48717
LR999934.1 6e+06 6.1e+06 48450
LR999934.1 6.1e+06 6.2e+06 50736
LR999934.1 6.2e+06 6.3e+06 47694
LR999934.1 6.3e+06 6.4e+06 45400
LR999934.1 6.4e+06 6.5e+06 54687
LR999934.1 6.5e+06 6.6e+06 46086
LR999934.1 6.6e+06 6.7e+06 46850
LR999934.1 6.7e+06 6.8e+06 47444
LR999934.1 6.8e+06 6.9e+06 46884
LR999934.1 6.9e+06 7e+06 45556
LR999934.1 7e+06 7.1e+06 45341
LR999934.1 7.1e+06 7.2e+06 49318
LR999934.1 7.2e+06 7.3e+06 39040
LR999934.1 7.3e+06 7.4e+06 39139
LR999934.1 7.4e+06 7.5e+06 38905
LR999934.1 7.5e+06 7.6e+06 31316
LR999934.1 7.6e+06 7.7e+06 26748
LR999934.1 7.7e+06 7.8e+06 24659
LR999934.1 7.8e+06 7.9e+06 58809
LR999934.1 7.9e+06 8e+06 30080
LR999934.1 8e+06 8.1e+06 19388
LR999934.1 8.1e+06 8.2e+06 32189
LR999934.1 8.2e+06 8.3e+06 43298
LR999934.1 8.3e+06 8.4e+06 44315
LR999934.1 8.4e+06 8.5e+06 36478
LR999934.1 8.5e+06 8.6e+06 39892
LR999934.1 8.6e+06 8.7e+06 38722
LR999934.1 8.7e+06 8.8e+06 23969
LR999934.1 8.8e+06 8.9e+06 32258
LR999934.1 8.9e+06 9e+06 35926
LR999934.1 9e+06 9.1e+06 31610
LR999934.1 9.1e+06 9.2e+06 33848
LR999934.1 9.2e+06 9.3e+06 36413
LR999934.1 9.3e+06 9.4e+06 32867
LR999934.1 9.4e+06 9.5e+06 23085
LR999934.1 9.5e+06 9.6e+06 33624
LR999934.1 9.6e+06 9.7e+06 31202
LR999934.1 9.7e+06 9.8e+06 42397
LR999934.1 9.8e+06 9.9e+06 48302
LR999934.1 9.9e+06 1e+07 44391
LR999934.1 1e+07 1.01e+07 29024
LR999934.1 1.01e+07 1.02e+07 32890
LR999934.1 1.02e+07 1.03e+07 21039
LR999934.1 1.03e+07 1.04e+07 30188
LR999934.1 1.04e+07 1.05e+07 27265
LR999934.1 1.05e+07 1.06e+07 37940
LR999934.1 1.06e+07 1.07e+07 32067
LR999934.1 1.07e+07 1.08e+07 20083
LR999934.1 1.08e+07 1.09e+07 30240
LR999934.1 1.09e+07 1.1e+07 38469
LR999934.1 1.1e+07 1.11e+07 33791
LR999934.1 1.11e+07 1.12e+07 35246
LR999934.1 1.12e+07 1.13e+07 41646
LR999934.1 1.13e+07 1.14e+07 41433
LR999934.1 1.14e+07 1.15e+07 38698
LR999934.1 1.15e+07 1.16e+07 45538
LR999934.1 1.16e+07 1.17e+07 37010
LR999934.1 1.17e+07 1.18e+07 39763
LR999934.1 1.18e+07 1.19e+07 52477
LR999934.1 1.19e+07 1.2e+07 50268
LR999934.1 1.2e+07 1.21e+07 54911
LR999934.1 1.21e+07 1.22e+07 39828
LR999934.1 1.22e+07 1.23e+07 38551
LR999934.1 1.23e+07 1.24e+07 31305
LR999934.1 1.24e+07 1.25e+07 38458
LR999934.1 1.25e+07 1.26e+07 43784
LR999934.1 1.26e+07 1.27e+07 53814
LR999934.1 1.27e+07 1.28e+07 41955
LR999934.1 1.28e+07 1.29e+07 47572
LR999934.1 1.29e+07 1.3e+07 46784
LR999934.1 1.3e+07 1.31e+07 49415
LR999934.1 1.31e+07 1.32e+07 45066
LR999934.1 1.32e+07 1.33e+07 35055
LR999934.1 1.33e+07 1.34e+07 38327
LR999934.1 1.34e+07 1.35e+07 28709
LR999934.1 1.35e+07 1.36e+07 25684
LR999934.1 1.36e+07 1.37e+07 42596
LR999934.1 1.37e+07 1.38e+07 38950
LR999934.1 1.38e+07 1.39e+07 39274
LR999934.1 1.39e+07 1.4e+07 41184
LR999934.1 1.4e+07 1.41e+07 40675
LR999934.1 1.41e+07 1.42e+07 40203
LR999934.1 1.42e+07 1.43e+07 37615
LR999934.1 1.43e+07 1.44e+07 49733
LR999934.1 1.44e+07 1.45e+07 37085
LR999934.1 1.45e+07 1.46e+07 42628
LR999934.1 1.46e+07 1.47e+07 39698
LR999934.1 1.47e+07 1.48e+07 28002
LR999934.1 1.48e+07 1.49e+07 23728
LR999934.1 1.49e+07 14945938 22146
