LR999941.1 1 100000 15931
LR999941.1 100001 200000 27200
LR999941.1 200001 300000 26247
LR999941.1 300001 400000 28542
LR999941.1 400001 500000 25453
LR999941.1 500001 600000 25951
LR999941.1 600001 700000 29688
LR999941.1 700001 800000 23315
LR999941.1 800001 900000 32827
LR999941.1 900001 1e+06 30079
LR999941.1 1e+06 1.1e+06 33097
LR999941.1 1.1e+06 1.2e+06 35937
LR999941.1 1.2e+06 1.3e+06 48762
LR999941.1 1.3e+06 1.4e+06 34738
LR999941.1 1.4e+06 1.5e+06 42574
LR999941.1 1.5e+06 1.6e+06 34901
LR999941.1 1.6e+06 1.7e+06 37909
LR999941.1 1.7e+06 1.8e+06 28501
LR999941.1 1.8e+06 1.9e+06 26886
LR999941.1 1.9e+06 2e+06 26702
LR999941.1 2e+06 2.1e+06 29832
LR999941.1 2.1e+06 2.2e+06 40824
LR999941.1 2.2e+06 2.3e+06 37734
LR999941.1 2.3e+06 2.4e+06 31192
LR999941.1 2.4e+06 2.5e+06 57778
LR999941.1 2.5e+06 2.6e+06 51155
LR999941.1 2.6e+06 2.7e+06 45410
LR999941.1 2.7e+06 2.8e+06 51016
LR999941.1 2.8e+06 2.9e+06 41464
LR999941.1 2.9e+06 3e+06 41666
LR999941.1 3e+06 3.1e+06 40311
LR999941.1 3.1e+06 3.2e+06 23867
LR999941.1 3.2e+06 3.3e+06 18030
LR999941.1 3.3e+06 3.4e+06 21873
LR999941.1 3.4e+06 3.5e+06 28089
LR999941.1 3.5e+06 3.6e+06 20890
LR999941.1 3.6e+06 3.7e+06 30126
LR999941.1 3.7e+06 3.8e+06 35281
LR999941.1 3.8e+06 3.9e+06 52486
LR999941.1 3.9e+06 4e+06 39284
LR999941.1 4e+06 4.1e+06 26192
LR999941.1 4.1e+06 4.2e+06 37738
LR999941.1 4.2e+06 4.3e+06 33883
LR999941.1 4.3e+06 4.4e+06 42028
LR999941.1 4.4e+06 4.5e+06 43464
LR999941.1 4.5e+06 4.6e+06 40426
LR999941.1 4.6e+06 4.7e+06 43072
LR999941.1 4.7e+06 4.8e+06 35300
LR999941.1 4.8e+06 4.9e+06 42089
LR999941.1 4.9e+06 5e+06 33047
LR999941.1 5e+06 5.1e+06 36033
LR999941.1 5.1e+06 5.2e+06 37965
LR999941.1 5.2e+06 5.3e+06 30873
LR999941.1 5.3e+06 5.4e+06 19757
LR999941.1 5.4e+06 5.5e+06 11239
LR999941.1 5.5e+06 5.6e+06 14379
LR999941.1 5.6e+06 5.7e+06 10931
LR999941.1 5.7e+06 5.8e+06 6898
LR999941.1 5.8e+06 5.9e+06 26857
LR999941.1 5.9e+06 6e+06 30229
LR999941.1 6e+06 6.1e+06 28698
LR999941.1 6.1e+06 6.2e+06 36130
LR999941.1 6.2e+06 6.3e+06 44100
LR999941.1 6.3e+06 6.4e+06 34933
LR999941.1 6.4e+06 6.5e+06 35296
LR999941.1 6.5e+06 6.6e+06 19925
LR999941.1 6.6e+06 6.7e+06 29666
LR999941.1 6.7e+06 6.8e+06 25362
LR999941.1 6.8e+06 6.9e+06 23819
LR999941.1 6.9e+06 7e+06 23521
LR999941.1 7e+06 7.1e+06 33802
LR999941.1 7.1e+06 7.2e+06 34142
LR999941.1 7.2e+06 7.3e+06 21662
LR999941.1 7.3e+06 7.4e+06 30426
LR999941.1 7.4e+06 7.5e+06 32253
LR999941.1 7.5e+06 7.6e+06 35706
LR999941.1 7.6e+06 7.7e+06 31512
LR999941.1 7.7e+06 7.8e+06 30932
LR999941.1 7.8e+06 7.9e+06 25208
LR999941.1 7.9e+06 8e+06 17925
LR999941.1 8e+06 8.1e+06 20339
LR999941.1 8.1e+06 8.2e+06 15849
LR999941.1 8.2e+06 8.3e+06 15142
LR999941.1 8.3e+06 8.4e+06 13939
LR999941.1 8.4e+06 8.5e+06 13653
LR999941.1 8.5e+06 8.6e+06 15816
LR999941.1 8.6e+06 8.7e+06 14768
LR999941.1 8.7e+06 8.8e+06 29752
LR999941.1 8.8e+06 8.9e+06 30082
LR999941.1 8.9e+06 9e+06 26571
LR999941.1 9e+06 9.1e+06 18304
LR999941.1 9.1e+06 9.2e+06 19624
LR999941.1 9.2e+06 9.3e+06 27882
LR999941.1 9.3e+06 9.4e+06 34902
LR999941.1 9.4e+06 9.5e+06 28564
LR999941.1 9.5e+06 9.6e+06 33304
LR999941.1 9.6e+06 9.7e+06 26140
LR999941.1 9.7e+06 9.8e+06 26014
LR999941.1 9.8e+06 9.9e+06 26735
LR999941.1 9.9e+06 1e+07 25404
LR999941.1 1e+07 1.01e+07 28487
LR999941.1 1.01e+07 1.02e+07 29963
LR999941.1 1.02e+07 1.03e+07 22344
LR999941.1 1.03e+07 1.04e+07 24690
LR999941.1 1.04e+07 1.05e+07 30359
LR999941.1 1.05e+07 1.06e+07 37794
LR999941.1 1.06e+07 1.07e+07 24142
LR999941.1 1.07e+07 1.08e+07 22695
LR999941.1 1.08e+07 1.09e+07 31599
LR999941.1 1.09e+07 1.1e+07 38974
LR999941.1 1.1e+07 1.11e+07 31553
LR999941.1 1.11e+07 1.12e+07 35240
LR999941.1 1.12e+07 1.13e+07 24296
LR999941.1 1.13e+07 1.14e+07 34358
LR999941.1 1.14e+07 1.15e+07 41263
LR999941.1 1.15e+07 1.16e+07 48287
LR999941.1 1.16e+07 1.17e+07 44767
LR999941.1 1.17e+07 1.18e+07 50527
LR999941.1 1.18e+07 1.19e+07 29075
LR999941.1 1.19e+07 1.2e+07 37699
LR999941.1 1.2e+07 1.21e+07 47504
LR999941.1 1.21e+07 1.22e+07 48386
LR999941.1 1.22e+07 1.23e+07 43666
LR999941.1 1.23e+07 1.24e+07 49114
LR999941.1 1.24e+07 1.25e+07 27459
LR999941.1 1.25e+07 1.26e+07 37845
LR999941.1 1.26e+07 1.27e+07 41533
LR999941.1 1.27e+07 1.28e+07 35354
LR999941.1 1.28e+07 1.29e+07 36544
LR999941.1 1.29e+07 1.3e+07 15659
LR999941.1 1.3e+07 1.31e+07 24818
LR999941.1 1.31e+07 1.32e+07 39546
LR999941.1 1.32e+07 1.33e+07 26392
LR999941.1 1.33e+07 1.34e+07 28318
LR999941.1 1.34e+07 1.35e+07 32184
LR999941.1 1.35e+07 1.36e+07 39657
LR999941.1 1.36e+07 1.37e+07 35523
LR999941.1 1.37e+07 13774036 28280
