LR999951.1 1 100000 43428
LR999951.1 100001 200000 44777
LR999951.1 200001 300000 51176
LR999951.1 300001 400000 40040
LR999951.1 400001 500000 45077
LR999951.1 500001 600000 42186
LR999951.1 600001 700000 47462
LR999951.1 700001 800000 46372
LR999951.1 800001 900000 57171
LR999951.1 900001 1e+06 53040
LR999951.1 1e+06 1.1e+06 54639
LR999951.1 1.1e+06 1.2e+06 60862
LR999951.1 1.2e+06 1.3e+06 59686
LR999951.1 1.3e+06 1.4e+06 48950
LR999951.1 1.4e+06 1.5e+06 45852
LR999951.1 1.5e+06 1.6e+06 45885
LR999951.1 1.6e+06 1.7e+06 58214
LR999951.1 1.7e+06 1.8e+06 52988
LR999951.1 1.8e+06 1.9e+06 40504
LR999951.1 1.9e+06 2e+06 43947
LR999951.1 2e+06 2.1e+06 44904
LR999951.1 2.1e+06 2.2e+06 42343
LR999951.1 2.2e+06 2.3e+06 43806
LR999951.1 2.3e+06 2.4e+06 44194
LR999951.1 2.4e+06 2.5e+06 40421
LR999951.1 2.5e+06 2.6e+06 33204
LR999951.1 2.6e+06 2.7e+06 39025
LR999951.1 2.7e+06 2.8e+06 21365
LR999951.1 2.8e+06 2.9e+06 17931
LR999951.1 2.9e+06 3e+06 36425
LR999951.1 3e+06 3.1e+06 43557
LR999951.1 3.1e+06 3.2e+06 59820
LR999951.1 3.2e+06 3.3e+06 56265
LR999951.1 3.3e+06 3.4e+06 54593
LR999951.1 3.4e+06 3.5e+06 53015
LR999951.1 3.5e+06 3.6e+06 56864
LR999951.1 3.6e+06 3.7e+06 46424
LR999951.1 3.7e+06 3.8e+06 64516
LR999951.1 3.8e+06 3.9e+06 56817
LR999951.1 3.9e+06 4e+06 34229
LR999951.1 4e+06 4.1e+06 23761
LR999951.1 4.1e+06 4.2e+06 37455
LR999951.1 4.2e+06 4.3e+06 42027
LR999951.1 4.3e+06 4.4e+06 65262
LR999951.1 4.4e+06 4.5e+06 54629
LR999951.1 4.5e+06 4.6e+06 49463
LR999951.1 4.6e+06 4.7e+06 41272
LR999951.1 4.7e+06 4.8e+06 43370
LR999951.1 4.8e+06 4.9e+06 59051
LR999951.1 4.9e+06 5e+06 45757
LR999951.1 5e+06 5.1e+06 50219
LR999951.1 5.1e+06 5.2e+06 50868
LR999951.1 5.2e+06 5.3e+06 46000
LR999951.1 5.3e+06 5.4e+06 36677
LR999951.1 5.4e+06 5.5e+06 51198
LR999951.1 5.5e+06 5.6e+06 56049
LR999951.1 5.6e+06 5.7e+06 50513
LR999951.1 5.7e+06 5.8e+06 54999
LR999951.1 5.8e+06 5.9e+06 50962
LR999951.1 5.9e+06 6e+06 48079
LR999951.1 6e+06 6.1e+06 43069
LR999951.1 6.1e+06 6.2e+06 43418
LR999951.1 6.2e+06 6.3e+06 54398
LR999951.1 6.3e+06 6.4e+06 58373
LR999951.1 6.4e+06 6.5e+06 49789
LR999951.1 6.5e+06 6.6e+06 55200
LR999951.1 6.6e+06 6.7e+06 54286
LR999951.1 6.7e+06 6.8e+06 55252
LR999951.1 6.8e+06 6.9e+06 56394
LR999951.1 6.9e+06 7e+06 56380
LR999951.1 7e+06 7.1e+06 58376
LR999951.1 7.1e+06 7.2e+06 53950
LR999951.1 7.2e+06 7.3e+06 41174
LR999951.1 7.3e+06 7.4e+06 36177
LR999951.1 7.4e+06 7.5e+06 36218
LR999951.1 7.5e+06 7.6e+06 44250
LR999951.1 7.6e+06 7.7e+06 42784
LR999951.1 7.7e+06 7.8e+06 49088
LR999951.1 7.8e+06 7.9e+06 41863
LR999951.1 7.9e+06 8e+06 38558
LR999951.1 8e+06 8.1e+06 40792
LR999951.1 8.1e+06 8.2e+06 32269
LR999951.1 8.2e+06 8.3e+06 36423
LR999951.1 8.3e+06 8.4e+06 45541
LR999951.1 8.4e+06 8.5e+06 42455
LR999951.1 8.5e+06 8.6e+06 35252
LR999951.1 8.6e+06 8.7e+06 51533
LR999951.1 8.7e+06 8.8e+06 40009
LR999951.1 8.8e+06 8.9e+06 49132
LR999951.1 8.9e+06 9e+06 45261
LR999951.1 9e+06 9.1e+06 38409
LR999951.1 9.1e+06 9.2e+06 32836
LR999951.1 9.2e+06 9.3e+06 32011
LR999951.1 9.3e+06 9.4e+06 29062
LR999951.1 9.4e+06 9.5e+06 48534
LR999951.1 9.5e+06 9.6e+06 52216
LR999951.1 9.6e+06 9.7e+06 44524
LR999951.1 9.7e+06 9.8e+06 37909
LR999951.1 9.8e+06 9839934 38679
