LR999943.1 1 100000 28902
LR999943.1 100001 200000 22150
LR999943.1 200001 300000 25108
LR999943.1 300001 400000 29729
LR999943.1 400001 500000 21405
LR999943.1 500001 600000 26743
LR999943.1 600001 700000 40982
LR999943.1 700001 800000 29129
LR999943.1 800001 900000 39432
LR999943.1 900001 1e+06 49656
LR999943.1 1e+06 1.1e+06 58405
LR999943.1 1.1e+06 1.2e+06 48452
LR999943.1 1.2e+06 1.3e+06 46957
LR999943.1 1.3e+06 1.4e+06 55917
LR999943.1 1.4e+06 1.5e+06 46235
LR999943.1 1.5e+06 1.6e+06 55196
LR999943.1 1.6e+06 1.7e+06 50250
LR999943.1 1.7e+06 1.8e+06 61671
LR999943.1 1.8e+06 1.9e+06 55722
LR999943.1 1.9e+06 2e+06 47133
LR999943.1 2e+06 2.1e+06 43132
LR999943.1 2.1e+06 2.2e+06 40896
LR999943.1 2.2e+06 2.3e+06 44421
LR999943.1 2.3e+06 2.4e+06 44341
LR999943.1 2.4e+06 2.5e+06 38675
LR999943.1 2.5e+06 2.6e+06 36719
LR999943.1 2.6e+06 2.7e+06 43122
LR999943.1 2.7e+06 2.8e+06 30138
LR999943.1 2.8e+06 2.9e+06 34387
LR999943.1 2.9e+06 3e+06 42581
LR999943.1 3e+06 3.1e+06 48930
LR999943.1 3.1e+06 3.2e+06 45422
LR999943.1 3.2e+06 3.3e+06 45933
LR999943.1 3.3e+06 3.4e+06 27153
LR999943.1 3.4e+06 3.5e+06 25613
LR999943.1 3.5e+06 3.6e+06 21401
LR999943.1 3.6e+06 3.7e+06 26912
LR999943.1 3.7e+06 3.8e+06 23918
LR999943.1 3.8e+06 3.9e+06 30505
LR999943.1 3.9e+06 4e+06 33833
LR999943.1 4e+06 4.1e+06 31283
LR999943.1 4.1e+06 4.2e+06 31012
LR999943.1 4.2e+06 4.3e+06 42462
LR999943.1 4.3e+06 4.4e+06 23996
LR999943.1 4.4e+06 4.5e+06 24475
LR999943.1 4.5e+06 4.6e+06 32047
LR999943.1 4.6e+06 4.7e+06 32115
LR999943.1 4.7e+06 4.8e+06 36808
LR999943.1 4.8e+06 4.9e+06 27337
LR999943.1 4.9e+06 5e+06 23010
LR999943.1 5e+06 5.1e+06 23480
LR999943.1 5.1e+06 5.2e+06 27669
LR999943.1 5.2e+06 5.3e+06 21728
LR999943.1 5.3e+06 5.4e+06 20340
LR999943.1 5.4e+06 5.5e+06 29677
LR999943.1 5.5e+06 5.6e+06 25988
LR999943.1 5.6e+06 5.7e+06 41735
LR999943.1 5.7e+06 5.8e+06 37393
LR999943.1 5.8e+06 5.9e+06 31053
LR999943.1 5.9e+06 6e+06 29956
LR999943.1 6e+06 6.1e+06 37454
LR999943.1 6.1e+06 6.2e+06 25609
LR999943.1 6.2e+06 6.3e+06 26884
LR999943.1 6.3e+06 6.4e+06 29579
LR999943.1 6.4e+06 6.5e+06 31458
LR999943.1 6.5e+06 6.6e+06 36782
LR999943.1 6.6e+06 6.7e+06 45482
LR999943.1 6.7e+06 6.8e+06 34972
LR999943.1 6.8e+06 6.9e+06 36351
LR999943.1 6.9e+06 7e+06 15642
LR999943.1 7e+06 7.1e+06 28959
LR999943.1 7.1e+06 7.2e+06 31934
LR999943.1 7.2e+06 7.3e+06 29977
LR999943.1 7.3e+06 7.4e+06 28249
LR999943.1 7.4e+06 7.5e+06 42437
LR999943.1 7.5e+06 7.6e+06 50047
LR999943.1 7.6e+06 7.7e+06 49787
LR999943.1 7.7e+06 7.8e+06 41991
LR999943.1 7.8e+06 7.9e+06 36946
LR999943.1 7.9e+06 8e+06 15005
LR999943.1 8e+06 8.1e+06 20455
LR999943.1 8.1e+06 8.2e+06 21825
LR999943.1 8.2e+06 8.3e+06 24058
LR999943.1 8.3e+06 8.4e+06 26331
LR999943.1 8.4e+06 8.5e+06 26147
LR999943.1 8.5e+06 8.6e+06 17560
LR999943.1 8.6e+06 8.7e+06 33606
LR999943.1 8.7e+06 8.8e+06 36443
LR999943.1 8.8e+06 8.9e+06 41044
LR999943.1 8.9e+06 9e+06 31851
LR999943.1 9e+06 9.1e+06 31539
LR999943.1 9.1e+06 9.2e+06 34237
LR999943.1 9.2e+06 9.3e+06 35073
LR999943.1 9.3e+06 9.4e+06 20489
LR999943.1 9.4e+06 9.5e+06 15170
LR999943.1 9.5e+06 9.6e+06 29264
LR999943.1 9.6e+06 9.7e+06 31647
LR999943.1 9.7e+06 9.8e+06 39765
LR999943.1 9.8e+06 9.9e+06 27162
LR999943.1 9.9e+06 1e+07 26869
LR999943.1 1e+07 1.01e+07 37619
LR999943.1 1.01e+07 1.02e+07 30363
LR999943.1 1.02e+07 1.03e+07 40685
LR999943.1 1.03e+07 1.04e+07 48594
LR999943.1 1.04e+07 1.05e+07 41762
LR999943.1 1.05e+07 1.06e+07 43906
LR999943.1 1.06e+07 1.07e+07 42539
LR999943.1 1.07e+07 1.08e+07 50003
LR999943.1 1.08e+07 1.09e+07 45065
LR999943.1 1.09e+07 1.1e+07 46193
LR999943.1 1.1e+07 1.11e+07 41150
LR999943.1 1.11e+07 1.12e+07 41835
LR999943.1 1.12e+07 1.13e+07 31184
LR999943.1 1.13e+07 1.14e+07 34580
LR999943.1 1.14e+07 1.15e+07 27863
LR999943.1 1.15e+07 1.16e+07 27757
LR999943.1 1.16e+07 1.17e+07 36905
LR999943.1 1.17e+07 1.18e+07 45742
LR999943.1 1.18e+07 1.19e+07 38303
LR999943.1 1.19e+07 1.2e+07 40787
LR999943.1 1.2e+07 1.21e+07 45588
LR999943.1 1.21e+07 1.22e+07 28530
LR999943.1 1.22e+07 1.23e+07 27300
LR999943.1 1.23e+07 1.24e+07 42204
LR999943.1 1.24e+07 1.25e+07 38860
LR999943.1 1.25e+07 1.26e+07 49971
LR999943.1 1.26e+07 1.27e+07 39045
LR999943.1 1.27e+07 1.28e+07 23568
LR999943.1 1.28e+07 1.29e+07 31372
LR999943.1 1.29e+07 1.3e+07 36752
LR999943.1 1.3e+07 1.31e+07 43120
LR999943.1 1.31e+07 1.32e+07 30970
LR999943.1 1.32e+07 13236624 15339
