LR999945.1 1 100000 24590
LR999945.1 100001 200000 21188
LR999945.1 200001 300000 25378
LR999945.1 300001 400000 27760
LR999945.1 400001 500000 27186
LR999945.1 500001 600000 22678
LR999945.1 600001 700000 31770
LR999945.1 700001 800000 36333
LR999945.1 800001 900000 31757
LR999945.1 900001 1e+06 40740
LR999945.1 1e+06 1.1e+06 36567
LR999945.1 1.1e+06 1.2e+06 10718
LR999945.1 1.2e+06 1.3e+06 9422
LR999945.1 1.3e+06 1.4e+06 18950
LR999945.1 1.4e+06 1.5e+06 45895
LR999945.1 1.5e+06 1.6e+06 26182
LR999945.1 1.6e+06 1.7e+06 40728
LR999945.1 1.7e+06 1.8e+06 51170
LR999945.1 1.8e+06 1.9e+06 50138
LR999945.1 1.9e+06 2e+06 48004
LR999945.1 2e+06 2.1e+06 48828
LR999945.1 2.1e+06 2.2e+06 44595
LR999945.1 2.2e+06 2.3e+06 46291
LR999945.1 2.3e+06 2.4e+06 42515
LR999945.1 2.4e+06 2.5e+06 46811
LR999945.1 2.5e+06 2.6e+06 32292
LR999945.1 2.6e+06 2.7e+06 36052
LR999945.1 2.7e+06 2.8e+06 53024
LR999945.1 2.8e+06 2.9e+06 50455
LR999945.1 2.9e+06 3e+06 52921
LR999945.1 3e+06 3.1e+06 34365
LR999945.1 3.1e+06 3.2e+06 39606
LR999945.1 3.2e+06 3.3e+06 36975
LR999945.1 3.3e+06 3.4e+06 14747
LR999945.1 3.4e+06 3.5e+06 29792
LR999945.1 3.5e+06 3.6e+06 34604
LR999945.1 3.6e+06 3.7e+06 40294
LR999945.1 3.7e+06 3.8e+06 37802
LR999945.1 3.8e+06 3.9e+06 42122
LR999945.1 3.9e+06 4e+06 45341
LR999945.1 4e+06 4.1e+06 41362
LR999945.1 4.1e+06 4.2e+06 36587
LR999945.1 4.2e+06 4.3e+06 38002
LR999945.1 4.3e+06 4.4e+06 18290
LR999945.1 4.4e+06 4.5e+06 25444
LR999945.1 4.5e+06 4.6e+06 35479
LR999945.1 4.6e+06 4.7e+06 24416
LR999945.1 4.7e+06 4.8e+06 30526
LR999945.1 4.8e+06 4.9e+06 19563
LR999945.1 4.9e+06 5e+06 30768
LR999945.1 5e+06 5.1e+06 17984
LR999945.1 5.1e+06 5.2e+06 12759
LR999945.1 5.2e+06 5.3e+06 28422
LR999945.1 5.3e+06 5.4e+06 36741
LR999945.1 5.4e+06 5.5e+06 45087
LR999945.1 5.5e+06 5.6e+06 37774
LR999945.1 5.6e+06 5.7e+06 17523
LR999945.1 5.7e+06 5.8e+06 21979
LR999945.1 5.8e+06 5.9e+06 19348
LR999945.1 5.9e+06 6e+06 33061
LR999945.1 6e+06 6.1e+06 30005
LR999945.1 6.1e+06 6.2e+06 46219
LR999945.1 6.2e+06 6.3e+06 39488
LR999945.1 6.3e+06 6.4e+06 32058
LR999945.1 6.4e+06 6.5e+06 36393
LR999945.1 6.5e+06 6.6e+06 41556
LR999945.1 6.6e+06 6.7e+06 34630
LR999945.1 6.7e+06 6.8e+06 38023
LR999945.1 6.8e+06 6.9e+06 37744
LR999945.1 6.9e+06 7e+06 21746
LR999945.1 7e+06 7.1e+06 32022
LR999945.1 7.1e+06 7.2e+06 22770
LR999945.1 7.2e+06 7.3e+06 16715
LR999945.1 7.3e+06 7.4e+06 36347
LR999945.1 7.4e+06 7.5e+06 40666
LR999945.1 7.5e+06 7.6e+06 23795
LR999945.1 7.6e+06 7.7e+06 26735
LR999945.1 7.7e+06 7.8e+06 29826
LR999945.1 7.8e+06 7.9e+06 41017
LR999945.1 7.9e+06 8e+06 40137
LR999945.1 8e+06 8.1e+06 24443
LR999945.1 8.1e+06 8.2e+06 30533
LR999945.1 8.2e+06 8.3e+06 28779
LR999945.1 8.3e+06 8.4e+06 35569
LR999945.1 8.4e+06 8.5e+06 37042
LR999945.1 8.5e+06 8.6e+06 29472
LR999945.1 8.6e+06 8.7e+06 29405
LR999945.1 8.7e+06 8.8e+06 22451
LR999945.1 8.8e+06 8.9e+06 34722
LR999945.1 8.9e+06 9e+06 24569
LR999945.1 9e+06 9.1e+06 24132
LR999945.1 9.1e+06 9.2e+06 38664
LR999945.1 9.2e+06 9.3e+06 45161
LR999945.1 9.3e+06 9.4e+06 30895
LR999945.1 9.4e+06 9.5e+06 25154
LR999945.1 9.5e+06 9.6e+06 17098
LR999945.1 9.6e+06 9.7e+06 51048
LR999945.1 9.7e+06 9.8e+06 41571
LR999945.1 9.8e+06 9.9e+06 51637
LR999945.1 9.9e+06 1e+07 33136
LR999945.1 1e+07 1.01e+07 38542
LR999945.1 1.01e+07 1.02e+07 28450
LR999945.1 1.02e+07 1.03e+07 38652
LR999945.1 1.03e+07 1.04e+07 46569
LR999945.1 1.04e+07 1.05e+07 56042
LR999945.1 1.05e+07 1.06e+07 38094
LR999945.1 1.06e+07 1.07e+07 34556
LR999945.1 1.07e+07 1.08e+07 37876
LR999945.1 1.08e+07 1.09e+07 38572
LR999945.1 1.09e+07 1.1e+07 47415
LR999945.1 1.1e+07 1.11e+07 31294
LR999945.1 1.11e+07 1.12e+07 30911
LR999945.1 1.12e+07 1.13e+07 34784
LR999945.1 1.13e+07 1.14e+07 36094
LR999945.1 1.14e+07 1.15e+07 40729
LR999945.1 1.15e+07 1.16e+07 44454
LR999945.1 1.16e+07 1.17e+07 42226
LR999945.1 1.17e+07 1.18e+07 35548
LR999945.1 1.18e+07 1.19e+07 40454
LR999945.1 1.19e+07 1.2e+07 38896
LR999945.1 1.2e+07 1.21e+07 38972
LR999945.1 1.21e+07 1.22e+07 41384
LR999945.1 1.22e+07 1.23e+07 43545
LR999945.1 1.23e+07 1.24e+07 43696
LR999945.1 1.24e+07 1.25e+07 44480
LR999945.1 1.25e+07 1.26e+07 28712
LR999945.1 1.26e+07 1.27e+07 24905
LR999945.1 1.27e+07 1.28e+07 20781
LR999945.1 1.28e+07 12861081 6670
