LR999952.1 1 100000 91118
LR999952.1 100001 200000 49796
LR999952.1 200001 300000 38830
LR999952.1 300001 400000 50647
LR999952.1 400001 500000 43916
LR999952.1 500001 600000 40965
LR999952.1 600001 700000 57264
LR999952.1 700001 800000 46561
LR999952.1 800001 900000 58273
LR999952.1 900001 1e+06 48213
LR999952.1 1e+06 1.1e+06 62650
LR999952.1 1.1e+06 1.2e+06 61021
LR999952.1 1.2e+06 1.3e+06 62716
LR999952.1 1.3e+06 1.4e+06 50028
LR999952.1 1.4e+06 1.5e+06 48298
LR999952.1 1.5e+06 1.6e+06 41467
LR999952.1 1.6e+06 1.7e+06 51019
LR999952.1 1.7e+06 1.8e+06 65653
LR999952.1 1.8e+06 1.9e+06 57117
LR999952.1 1.9e+06 2e+06 48430
LR999952.1 2e+06 2.1e+06 49484
LR999952.1 2.1e+06 2.2e+06 53403
LR999952.1 2.2e+06 2.3e+06 54905
LR999952.1 2.3e+06 2.4e+06 55345
LR999952.1 2.4e+06 2.5e+06 48984
LR999952.1 2.5e+06 2.6e+06 45346
LR999952.1 2.6e+06 2.7e+06 48978
LR999952.1 2.7e+06 2.8e+06 47893
LR999952.1 2.8e+06 2.9e+06 42722
LR999952.1 2.9e+06 3e+06 35157
LR999952.1 3e+06 3.1e+06 42797
LR999952.1 3.1e+06 3.2e+06 42912
LR999952.1 3.2e+06 3.3e+06 47273
LR999952.1 3.3e+06 3.4e+06 54464
LR999952.1 3.4e+06 3.5e+06 57416
LR999952.1 3.5e+06 3.6e+06 55487
LR999952.1 3.6e+06 3.7e+06 58965
LR999952.1 3.7e+06 3.8e+06 55244
LR999952.1 3.8e+06 3.9e+06 31025
LR999952.1 3.9e+06 4e+06 53133
LR999952.1 4e+06 4.1e+06 49257
LR999952.1 4.1e+06 4.2e+06 48252
LR999952.1 4.2e+06 4.3e+06 49277
LR999952.1 4.3e+06 4.4e+06 33004
LR999952.1 4.4e+06 4.5e+06 41354
LR999952.1 4.5e+06 4.6e+06 50670
LR999952.1 4.6e+06 4.7e+06 34693
LR999952.1 4.7e+06 4.8e+06 42144
LR999952.1 4.8e+06 4.9e+06 50052
LR999952.1 4.9e+06 5e+06 57068
LR999952.1 5e+06 5.1e+06 61162
LR999952.1 5.1e+06 5.2e+06 50583
LR999952.1 5.2e+06 5.3e+06 52754
LR999952.1 5.3e+06 5.4e+06 46066
LR999952.1 5.4e+06 5.5e+06 52032
LR999952.1 5.5e+06 5.6e+06 55788
LR999952.1 5.6e+06 5.7e+06 44473
LR999952.1 5.7e+06 5.8e+06 46810
LR999952.1 5.8e+06 5.9e+06 54612
LR999952.1 5.9e+06 6e+06 67238
LR999952.1 6e+06 6.1e+06 46237
LR999952.1 6.1e+06 6.2e+06 54872
LR999952.1 6.2e+06 6.3e+06 57330
LR999952.1 6.3e+06 6.4e+06 58411
LR999952.1 6.4e+06 6.5e+06 54987
LR999952.1 6.5e+06 6.6e+06 47837
LR999952.1 6.6e+06 6.7e+06 38738
LR999952.1 6.7e+06 6.8e+06 55276
LR999952.1 6.8e+06 6.9e+06 59661
LR999952.1 6.9e+06 7e+06 55240
LR999952.1 7e+06 7.1e+06 52831
LR999952.1 7.1e+06 7.2e+06 46705
LR999952.1 7.2e+06 7.3e+06 45515
LR999952.1 7.3e+06 7.4e+06 36481
LR999952.1 7.4e+06 7.5e+06 45336
LR999952.1 7.5e+06 7.6e+06 61300
LR999952.1 7.6e+06 7.7e+06 55633
LR999952.1 7.7e+06 7.8e+06 46122
LR999952.1 7.8e+06 7.9e+06 51917
LR999952.1 7.9e+06 8e+06 45307
LR999952.1 8e+06 8.1e+06 53684
LR999952.1 8.1e+06 8.2e+06 55719
LR999952.1 8.2e+06 8262369 24722
