LR999942.1 1 100000 24810
LR999942.1 100001 200000 29560
LR999942.1 200001 300000 32135
LR999942.1 300001 400000 33950
LR999942.1 400001 500000 37101
LR999942.1 500001 600000 42771
LR999942.1 600001 700000 35502
LR999942.1 700001 800000 42720
LR999942.1 800001 900000 29805
LR999942.1 900001 1e+06 25757
LR999942.1 1e+06 1.1e+06 40999
LR999942.1 1.1e+06 1.2e+06 45799
LR999942.1 1.2e+06 1.3e+06 51612
LR999942.1 1.3e+06 1.4e+06 43318
LR999942.1 1.4e+06 1.5e+06 46496
LR999942.1 1.5e+06 1.6e+06 45610
LR999942.1 1.6e+06 1.7e+06 48547
LR999942.1 1.7e+06 1.8e+06 53378
LR999942.1 1.8e+06 1.9e+06 35522
LR999942.1 1.9e+06 2e+06 38992
LR999942.1 2e+06 2.1e+06 28424
LR999942.1 2.1e+06 2.2e+06 33848
LR999942.1 2.2e+06 2.3e+06 23741
LR999942.1 2.3e+06 2.4e+06 34419
LR999942.1 2.4e+06 2.5e+06 39937
LR999942.1 2.5e+06 2.6e+06 37789
LR999942.1 2.6e+06 2.7e+06 26781
LR999942.1 2.7e+06 2.8e+06 21901
LR999942.1 2.8e+06 2.9e+06 31254
LR999942.1 2.9e+06 3e+06 55559
LR999942.1 3e+06 3.1e+06 53517
LR999942.1 3.1e+06 3.2e+06 46859
LR999942.1 3.2e+06 3.3e+06 55471
LR999942.1 3.3e+06 3.4e+06 50459
LR999942.1 3.4e+06 3.5e+06 31467
LR999942.1 3.5e+06 3.6e+06 31152
LR999942.1 3.6e+06 3.7e+06 32768
LR999942.1 3.7e+06 3.8e+06 29404
LR999942.1 3.8e+06 3.9e+06 16723
LR999942.1 3.9e+06 4e+06 24612
LR999942.1 4e+06 4.1e+06 19870
LR999942.1 4.1e+06 4.2e+06 23140
LR999942.1 4.2e+06 4.3e+06 31863
LR999942.1 4.3e+06 4.4e+06 29364
LR999942.1 4.4e+06 4.5e+06 19715
LR999942.1 4.5e+06 4.6e+06 21381
LR999942.1 4.6e+06 4.7e+06 19736
LR999942.1 4.7e+06 4.8e+06 18998
LR999942.1 4.8e+06 4.9e+06 30596
LR999942.1 4.9e+06 5e+06 28842
LR999942.1 5e+06 5.1e+06 23007
LR999942.1 5.1e+06 5.2e+06 23560
LR999942.1 5.2e+06 5.3e+06 17162
LR999942.1 5.3e+06 5.4e+06 12252
LR999942.1 5.4e+06 5.5e+06 18721
LR999942.1 5.5e+06 5.6e+06 11692
LR999942.1 5.6e+06 5.7e+06 14187
LR999942.1 5.7e+06 5.8e+06 27913
LR999942.1 5.8e+06 5.9e+06 28099
LR999942.1 5.9e+06 6e+06 26382
LR999942.1 6e+06 6.1e+06 29725
LR999942.1 6.1e+06 6.2e+06 49460
LR999942.1 6.2e+06 6.3e+06 40314
LR999942.1 6.3e+06 6.4e+06 29167
LR999942.1 6.4e+06 6.5e+06 28987
LR999942.1 6.5e+06 6.6e+06 22574
LR999942.1 6.6e+06 6.7e+06 16482
LR999942.1 6.7e+06 6.8e+06 18102
LR999942.1 6.8e+06 6.9e+06 17121
LR999942.1 6.9e+06 7e+06 28442
LR999942.1 7e+06 7.1e+06 32532
LR999942.1 7.1e+06 7.2e+06 30027
LR999942.1 7.2e+06 7.3e+06 18587
LR999942.1 7.3e+06 7.4e+06 30346
LR999942.1 7.4e+06 7.5e+06 23857
LR999942.1 7.5e+06 7.6e+06 31565
LR999942.1 7.6e+06 7.7e+06 32043
LR999942.1 7.7e+06 7.8e+06 26565
LR999942.1 7.8e+06 7.9e+06 29530
LR999942.1 7.9e+06 8e+06 39270
LR999942.1 8e+06 8.1e+06 42167
LR999942.1 8.1e+06 8.2e+06 42129
LR999942.1 8.2e+06 8.3e+06 23104
LR999942.1 8.3e+06 8.4e+06 30799
LR999942.1 8.4e+06 8.5e+06 33750
LR999942.1 8.5e+06 8.6e+06 24683
LR999942.1 8.6e+06 8.7e+06 39929
LR999942.1 8.7e+06 8.8e+06 41827
LR999942.1 8.8e+06 8.9e+06 31744
LR999942.1 8.9e+06 9e+06 43828
LR999942.1 9e+06 9.1e+06 61511
LR999942.1 9.1e+06 9.2e+06 41696
LR999942.1 9.2e+06 9.3e+06 39818
LR999942.1 9.3e+06 9.4e+06 44463
LR999942.1 9.4e+06 9.5e+06 35271
LR999942.1 9.5e+06 9.6e+06 22557
LR999942.1 9.6e+06 9.7e+06 25102
LR999942.1 9.7e+06 9.8e+06 31926
LR999942.1 9.8e+06 9.9e+06 28164
LR999942.1 9.9e+06 1e+07 37346
LR999942.1 1e+07 1.01e+07 47587
LR999942.1 1.01e+07 1.02e+07 36798
LR999942.1 1.02e+07 1.03e+07 24819
LR999942.1 1.03e+07 1.04e+07 29549
LR999942.1 1.04e+07 1.05e+07 35421
LR999942.1 1.05e+07 1.06e+07 37707
LR999942.1 1.06e+07 1.07e+07 26949
LR999942.1 1.07e+07 1.08e+07 35990
LR999942.1 1.08e+07 1.09e+07 36309
LR999942.1 1.09e+07 1.1e+07 29030
LR999942.1 1.1e+07 1.11e+07 31117
LR999942.1 1.11e+07 1.12e+07 35313
LR999942.1 1.12e+07 1.13e+07 41379
LR999942.1 1.13e+07 1.14e+07 49773
LR999942.1 1.14e+07 1.15e+07 39216
LR999942.1 1.15e+07 1.16e+07 34199
LR999942.1 1.16e+07 1.17e+07 45064
LR999942.1 1.17e+07 1.18e+07 36520
LR999942.1 1.18e+07 1.19e+07 47935
LR999942.1 1.19e+07 1.2e+07 43880
LR999942.1 1.2e+07 1.21e+07 55590
LR999942.1 1.21e+07 1.22e+07 47177
LR999942.1 1.22e+07 1.23e+07 46353
LR999942.1 1.23e+07 1.24e+07 26300
LR999942.1 1.24e+07 1.25e+07 20498
LR999942.1 1.25e+07 1.26e+07 28701
LR999942.1 1.26e+07 1.27e+07 23459
LR999942.1 1.27e+07 1.28e+07 49841
LR999942.1 1.28e+07 1.29e+07 44107
LR999942.1 1.29e+07 1.3e+07 44277
LR999942.1 1.3e+07 1.31e+07 34617
LR999942.1 1.31e+07 1.32e+07 29089
LR999942.1 1.32e+07 1.33e+07 34092
LR999942.1 1.33e+07 1.34e+07 28273
LR999942.1 1.34e+07 1.35e+07 18677
LR999942.1 1.35e+07 13550656 19797
