LR999946.1 1 100000 96531
LR999946.1 100001 200000 37260
LR999946.1 200001 300000 15676
LR999946.1 300001 400000 18982
LR999946.1 400001 500000 27449
LR999946.1 500001 600000 24485
LR999946.1 600001 700000 47556
LR999946.1 700001 800000 54617
LR999946.1 800001 900000 43080
LR999946.1 900001 1e+06 46963
LR999946.1 1e+06 1.1e+06 47131
LR999946.1 1.1e+06 1.2e+06 45368
LR999946.1 1.2e+06 1.3e+06 35807
LR999946.1 1.3e+06 1.4e+06 38241
LR999946.1 1.4e+06 1.5e+06 42135
LR999946.1 1.5e+06 1.6e+06 37126
LR999946.1 1.6e+06 1.7e+06 62120
LR999946.1 1.7e+06 1.8e+06 55849
LR999946.1 1.8e+06 1.9e+06 51032
LR999946.1 1.9e+06 2e+06 57783
LR999946.1 2e+06 2.1e+06 52920
LR999946.1 2.1e+06 2.2e+06 56324
LR999946.1 2.2e+06 2.3e+06 32633
LR999946.1 2.3e+06 2.4e+06 48840
LR999946.1 2.4e+06 2.5e+06 51392
LR999946.1 2.5e+06 2.6e+06 49111
LR999946.1 2.6e+06 2.7e+06 43300
LR999946.1 2.7e+06 2.8e+06 47315
LR999946.1 2.8e+06 2.9e+06 48181
LR999946.1 2.9e+06 3e+06 55728
LR999946.1 3e+06 3.1e+06 49773
LR999946.1 3.1e+06 3.2e+06 55537
LR999946.1 3.2e+06 3.3e+06 44806
LR999946.1 3.3e+06 3.4e+06 47239
LR999946.1 3.4e+06 3.5e+06 46490
LR999946.1 3.5e+06 3.6e+06 38063
LR999946.1 3.6e+06 3.7e+06 45545
LR999946.1 3.7e+06 3.8e+06 39124
LR999946.1 3.8e+06 3.9e+06 40596
LR999946.1 3.9e+06 4e+06 32856
LR999946.1 4e+06 4.1e+06 35513
LR999946.1 4.1e+06 4.2e+06 33477
LR999946.1 4.2e+06 4.3e+06 42460
LR999946.1 4.3e+06 4.4e+06 30636
LR999946.1 4.4e+06 4.5e+06 35803
LR999946.1 4.5e+06 4.6e+06 28940
LR999946.1 4.6e+06 4.7e+06 32936
LR999946.1 4.7e+06 4.8e+06 35938
LR999946.1 4.8e+06 4.9e+06 12642
LR999946.1 4.9e+06 5e+06 28111
LR999946.1 5e+06 5.1e+06 35122
LR999946.1 5.1e+06 5.2e+06 49556
LR999946.1 5.2e+06 5.3e+06 50229
LR999946.1 5.3e+06 5.4e+06 37906
LR999946.1 5.4e+06 5.5e+06 22182
LR999946.1 5.5e+06 5.6e+06 23908
LR999946.1 5.6e+06 5.7e+06 42204
LR999946.1 5.7e+06 5.8e+06 36407
LR999946.1 5.8e+06 5.9e+06 21071
LR999946.1 5.9e+06 6e+06 32748
LR999946.1 6e+06 6.1e+06 41592
LR999946.1 6.1e+06 6.2e+06 49231
LR999946.1 6.2e+06 6.3e+06 34802
LR999946.1 6.3e+06 6.4e+06 35021
LR999946.1 6.4e+06 6.5e+06 26889
LR999946.1 6.5e+06 6.6e+06 32399
LR999946.1 6.6e+06 6.7e+06 44871
LR999946.1 6.7e+06 6.8e+06 35338
LR999946.1 6.8e+06 6.9e+06 33254
LR999946.1 6.9e+06 7e+06 22090
LR999946.1 7e+06 7.1e+06 21607
LR999946.1 7.1e+06 7.2e+06 29140
LR999946.1 7.2e+06 7.3e+06 24075
LR999946.1 7.3e+06 7.4e+06 14482
LR999946.1 7.4e+06 7.5e+06 25075
LR999946.1 7.5e+06 7.6e+06 33006
LR999946.1 7.6e+06 7.7e+06 25965
LR999946.1 7.7e+06 7.8e+06 24674
LR999946.1 7.8e+06 7.9e+06 18554
LR999946.1 7.9e+06 8e+06 33136
LR999946.1 8e+06 8.1e+06 26331
LR999946.1 8.1e+06 8.2e+06 27801
LR999946.1 8.2e+06 8.3e+06 21985
LR999946.1 8.3e+06 8.4e+06 25416
LR999946.1 8.4e+06 8.5e+06 12481
LR999946.1 8.5e+06 8.6e+06 28049
LR999946.1 8.6e+06 8.7e+06 39087
LR999946.1 8.7e+06 8.8e+06 35138
LR999946.1 8.8e+06 8.9e+06 25401
LR999946.1 8.9e+06 9e+06 28488
LR999946.1 9e+06 9.1e+06 23724
LR999946.1 9.1e+06 9.2e+06 36732
LR999946.1 9.2e+06 9.3e+06 41532
LR999946.1 9.3e+06 9.4e+06 33339
LR999946.1 9.4e+06 9.5e+06 39047
LR999946.1 9.5e+06 9.6e+06 27175
LR999946.1 9.6e+06 9.7e+06 31384
LR999946.1 9.7e+06 9.8e+06 33802
LR999946.1 9.8e+06 9.9e+06 79989
LR999946.1 9.9e+06 1e+07 52350
LR999946.1 1e+07 1.01e+07 40368
LR999946.1 1.01e+07 1.02e+07 34802
LR999946.1 1.02e+07 1.03e+07 40526
LR999946.1 1.03e+07 1.04e+07 37631
LR999946.1 1.04e+07 1.05e+07 33680
LR999946.1 1.05e+07 1.06e+07 37214
LR999946.1 1.06e+07 1.07e+07 38225
LR999946.1 1.07e+07 1.08e+07 44038
LR999946.1 1.08e+07 1.09e+07 31262
LR999946.1 1.09e+07 1.1e+07 33059
LR999946.1 1.1e+07 1.11e+07 30533
LR999946.1 1.11e+07 1.12e+07 38772
LR999946.1 1.12e+07 1.13e+07 34899
LR999946.1 1.13e+07 1.14e+07 32067
LR999946.1 1.14e+07 1.15e+07 47590
LR999946.1 1.15e+07 1.16e+07 48172
LR999946.1 1.16e+07 1.17e+07 43977
LR999946.1 1.17e+07 1.18e+07 23979
LR999946.1 1.18e+07 1.19e+07 33113
LR999946.1 1.19e+07 1.2e+07 46390
LR999946.1 1.2e+07 1.21e+07 36381
LR999946.1 1.21e+07 1.22e+07 33309
LR999946.1 1.22e+07 1.23e+07 29482
LR999946.1 1.23e+07 1.24e+07 22210
LR999946.1 1.24e+07 1.25e+07 23116
LR999946.1 1.25e+07 12594674 40070
