LR999924.1 1 100000 87795
LR999924.1 100001 200000 34898
LR999924.1 200001 300000 10577
LR999924.1 300001 400000 15688
LR999924.1 400001 500000 13046
LR999924.1 500001 600000 16456
LR999924.1 600001 700000 24316
LR999924.1 700001 800000 18682
LR999924.1 800001 900000 22796
LR999924.1 900001 1e+06 27620
LR999924.1 1e+06 1.1e+06 28701
LR999924.1 1.1e+06 1.2e+06 16153
LR999924.1 1.2e+06 1.3e+06 18455
LR999924.1 1.3e+06 1.4e+06 26617
LR999924.1 1.4e+06 1.5e+06 32528
LR999924.1 1.5e+06 1.6e+06 36153
LR999924.1 1.6e+06 1.7e+06 40246
LR999924.1 1.7e+06 1.8e+06 37443
LR999924.1 1.8e+06 1.9e+06 39814
LR999924.1 1.9e+06 2e+06 42716
LR999924.1 2e+06 2.1e+06 32186
LR999924.1 2.1e+06 2.2e+06 29618
LR999924.1 2.2e+06 2.3e+06 33220
LR999924.1 2.3e+06 2.4e+06 26324
LR999924.1 2.4e+06 2.5e+06 31167
LR999924.1 2.5e+06 2.6e+06 27552
LR999924.1 2.6e+06 2.7e+06 25907
LR999924.1 2.7e+06 2.8e+06 38447
LR999924.1 2.8e+06 2.9e+06 38119
LR999924.1 2.9e+06 3e+06 37776
LR999924.1 3e+06 3.1e+06 33381
LR999924.1 3.1e+06 3.2e+06 38988
LR999924.1 3.2e+06 3.3e+06 31964
LR999924.1 3.3e+06 3.4e+06 28099
LR999924.1 3.4e+06 3.5e+06 41296
LR999924.1 3.5e+06 3.6e+06 37071
LR999924.1 3.6e+06 3.7e+06 27194
LR999924.1 3.7e+06 3.8e+06 35622
LR999924.1 3.8e+06 3.9e+06 33897
LR999924.1 3.9e+06 4e+06 30398
LR999924.1 4e+06 4.1e+06 35063
LR999924.1 4.1e+06 4.2e+06 25055
LR999924.1 4.2e+06 4.3e+06 32336
LR999924.1 4.3e+06 4.4e+06 34828
LR999924.1 4.4e+06 4.5e+06 23960
LR999924.1 4.5e+06 4.6e+06 18053
LR999924.1 4.6e+06 4.7e+06 22147
LR999924.1 4.7e+06 4.8e+06 29122
LR999924.1 4.8e+06 4.9e+06 35591
LR999924.1 4.9e+06 5e+06 34878
LR999924.1 5e+06 5.1e+06 31781
LR999924.1 5.1e+06 5.2e+06 23206
LR999924.1 5.2e+06 5.3e+06 22017
LR999924.1 5.3e+06 5.4e+06 22843
LR999924.1 5.4e+06 5.5e+06 25588
LR999924.1 5.5e+06 5.6e+06 25605
LR999924.1 5.6e+06 5.7e+06 27103
LR999924.1 5.7e+06 5.8e+06 16377
LR999924.1 5.8e+06 5.9e+06 25985
LR999924.1 5.9e+06 6e+06 25056
LR999924.1 6e+06 6.1e+06 20678
LR999924.1 6.1e+06 6.2e+06 18205
LR999924.1 6.2e+06 6.3e+06 24582
LR999924.1 6.3e+06 6.4e+06 24921
LR999924.1 6.4e+06 6.5e+06 27248
LR999924.1 6.5e+06 6.6e+06 38322
LR999924.1 6.6e+06 6.7e+06 27762
LR999924.1 6.7e+06 6.8e+06 17058
LR999924.1 6.8e+06 6.9e+06 21370
LR999924.1 6.9e+06 7e+06 21341
LR999924.1 7e+06 7.1e+06 29751
LR999924.1 7.1e+06 7.2e+06 14738
LR999924.1 7.2e+06 7.3e+06 22548
LR999924.1 7.3e+06 7.4e+06 18970
LR999924.1 7.4e+06 7.5e+06 30773
LR999924.1 7.5e+06 7.6e+06 31322
LR999924.1 7.6e+06 7.7e+06 25751
LR999924.1 7.7e+06 7.8e+06 25737
LR999924.1 7.8e+06 7.9e+06 22958
LR999924.1 7.9e+06 8e+06 24079
LR999924.1 8e+06 8.1e+06 17680
LR999924.1 8.1e+06 8.2e+06 15485
LR999924.1 8.2e+06 8.3e+06 22631
LR999924.1 8.3e+06 8.4e+06 18160
LR999924.1 8.4e+06 8.5e+06 18256
LR999924.1 8.5e+06 8.6e+06 22404
LR999924.1 8.6e+06 8.7e+06 14929
LR999924.1 8.7e+06 8.8e+06 29691
LR999924.1 8.8e+06 8.9e+06 31184
LR999924.1 8.9e+06 9e+06 24172
LR999924.1 9e+06 9.1e+06 39859
LR999924.1 9.1e+06 9.2e+06 40035
LR999924.1 9.2e+06 9.3e+06 35802
LR999924.1 9.3e+06 9.4e+06 25637
LR999924.1 9.4e+06 9.5e+06 28660
LR999924.1 9.5e+06 9.6e+06 33783
LR999924.1 9.6e+06 9.7e+06 28246
LR999924.1 9.7e+06 9.8e+06 17097
LR999924.1 9.8e+06 9.9e+06 22797
LR999924.1 9.9e+06 1e+07 23206
LR999924.1 1e+07 1.01e+07 29076
LR999924.1 1.01e+07 1.02e+07 39502
LR999924.1 1.02e+07 1.03e+07 33458
LR999924.1 1.03e+07 1.04e+07 17944
LR999924.1 1.04e+07 1.05e+07 32580
LR999924.1 1.05e+07 1.06e+07 12894
LR999924.1 1.06e+07 1.07e+07 20715
LR999924.1 1.07e+07 1.08e+07 17121
LR999924.1 1.08e+07 1.09e+07 11990
LR999924.1 1.09e+07 1.1e+07 21292
LR999924.1 1.1e+07 1.11e+07 19750
LR999924.1 1.11e+07 1.12e+07 22690
LR999924.1 1.12e+07 1.13e+07 27921
LR999924.1 1.13e+07 1.14e+07 30406
LR999924.1 1.14e+07 1.15e+07 23013
LR999924.1 1.15e+07 1.16e+07 30274
LR999924.1 1.16e+07 1.17e+07 19232
LR999924.1 1.17e+07 1.18e+07 20810
LR999924.1 1.18e+07 1.19e+07 28188
LR999924.1 1.19e+07 1.2e+07 22475
LR999924.1 1.2e+07 1.21e+07 23153
LR999924.1 1.21e+07 1.22e+07 14783
LR999924.1 1.22e+07 1.23e+07 27870
LR999924.1 1.23e+07 1.24e+07 33426
LR999924.1 1.24e+07 1.25e+07 15578
LR999924.1 1.25e+07 1.26e+07 19421
LR999924.1 1.26e+07 1.27e+07 21087
LR999924.1 1.27e+07 1.28e+07 16948
LR999924.1 1.28e+07 1.29e+07 26174
LR999924.1 1.29e+07 1.3e+07 22021
LR999924.1 1.3e+07 1.31e+07 25578
LR999924.1 1.31e+07 1.32e+07 29542
LR999924.1 1.32e+07 1.33e+07 27102
LR999924.1 1.33e+07 1.34e+07 31233
LR999924.1 1.34e+07 1.35e+07 25910
LR999924.1 1.35e+07 1.36e+07 23630
LR999924.1 1.36e+07 1.37e+07 17034
LR999924.1 1.37e+07 1.38e+07 14176
LR999924.1 1.38e+07 1.39e+07 22519
LR999924.1 1.39e+07 1.4e+07 27529
LR999924.1 1.4e+07 1.41e+07 23926
LR999924.1 1.41e+07 1.42e+07 29689
LR999924.1 1.42e+07 1.43e+07 23368
LR999924.1 1.43e+07 1.44e+07 21539
LR999924.1 1.44e+07 1.45e+07 21580
LR999924.1 1.45e+07 1.46e+07 29006
LR999924.1 1.46e+07 1.47e+07 27658
LR999924.1 1.47e+07 1.48e+07 26948
LR999924.1 1.48e+07 1.49e+07 18068
LR999924.1 1.49e+07 1.5e+07 17635
LR999924.1 1.5e+07 1.51e+07 26374
LR999924.1 1.51e+07 1.52e+07 24232
LR999924.1 1.52e+07 1.53e+07 22197
LR999924.1 1.53e+07 1.54e+07 24751
LR999924.1 1.54e+07 1.55e+07 30185
LR999924.1 1.55e+07 1.56e+07 21495
LR999924.1 1.56e+07 1.57e+07 24065
LR999924.1 1.57e+07 1.58e+07 20073
LR999924.1 1.58e+07 1.59e+07 29427
LR999924.1 1.59e+07 1.6e+07 39463
LR999924.1 1.6e+07 1.61e+07 27596
LR999924.1 1.61e+07 1.62e+07 26294
LR999924.1 1.62e+07 1.63e+07 26439
LR999924.1 1.63e+07 1.64e+07 41295
LR999924.1 1.64e+07 1.65e+07 27710
LR999924.1 1.65e+07 1.66e+07 24579
LR999924.1 1.66e+07 1.67e+07 26485
LR999924.1 1.67e+07 1.68e+07 16438
LR999924.1 1.68e+07 1.69e+07 19890
LR999924.1 1.69e+07 1.7e+07 9453
LR999924.1 1.7e+07 17040296 5403
