LR999947.1 1 100000 37517
LR999947.1 100001 200000 29924
LR999947.1 200001 300000 43777
LR999947.1 300001 400000 44698
LR999947.1 400001 500000 36825
LR999947.1 500001 600000 43971
LR999947.1 600001 700000 38235
LR999947.1 700001 800000 39675
LR999947.1 800001 900000 44578
LR999947.1 900001 1e+06 56549
LR999947.1 1e+06 1.1e+06 46400
LR999947.1 1.1e+06 1.2e+06 47565
LR999947.1 1.2e+06 1.3e+06 53779
LR999947.1 1.3e+06 1.4e+06 52629
LR999947.1 1.4e+06 1.5e+06 51126
LR999947.1 1.5e+06 1.6e+06 48362
LR999947.1 1.6e+06 1.7e+06 50641
LR999947.1 1.7e+06 1.8e+06 62473
LR999947.1 1.8e+06 1.9e+06 44993
LR999947.1 1.9e+06 2e+06 46448
LR999947.1 2e+06 2.1e+06 39943
LR999947.1 2.1e+06 2.2e+06 39931
LR999947.1 2.2e+06 2.3e+06 52718
LR999947.1 2.3e+06 2.4e+06 43320
LR999947.1 2.4e+06 2.5e+06 54120
LR999947.1 2.5e+06 2.6e+06 51600
LR999947.1 2.6e+06 2.7e+06 54317
LR999947.1 2.7e+06 2.8e+06 41114
LR999947.1 2.8e+06 2.9e+06 51037
LR999947.1 2.9e+06 3e+06 50684
LR999947.1 3e+06 3.1e+06 46355
LR999947.1 3.1e+06 3.2e+06 43580
LR999947.1 3.2e+06 3.3e+06 36138
LR999947.1 3.3e+06 3.4e+06 44646
LR999947.1 3.4e+06 3.5e+06 47155
LR999947.1 3.5e+06 3.6e+06 50980
LR999947.1 3.6e+06 3.7e+06 44951
LR999947.1 3.7e+06 3.8e+06 52806
LR999947.1 3.8e+06 3.9e+06 42557
LR999947.1 3.9e+06 4e+06 49812
LR999947.1 4e+06 4.1e+06 48789
LR999947.1 4.1e+06 4.2e+06 45411
LR999947.1 4.2e+06 4.3e+06 45303
LR999947.1 4.3e+06 4.4e+06 47120
LR999947.1 4.4e+06 4.5e+06 28441
LR999947.1 4.5e+06 4.6e+06 49423
LR999947.1 4.6e+06 4.7e+06 48536
LR999947.1 4.7e+06 4.8e+06 46779
LR999947.1 4.8e+06 4.9e+06 44084
LR999947.1 4.9e+06 5e+06 51202
LR999947.1 5e+06 5.1e+06 53367
LR999947.1 5.1e+06 5.2e+06 46796
LR999947.1 5.2e+06 5.3e+06 38810
LR999947.1 5.3e+06 5.4e+06 41307
LR999947.1 5.4e+06 5.5e+06 44273
LR999947.1 5.5e+06 5.6e+06 49150
LR999947.1 5.6e+06 5.7e+06 43930
LR999947.1 5.7e+06 5.8e+06 38798
LR999947.1 5.8e+06 5.9e+06 30183
LR999947.1 5.9e+06 6e+06 34290
LR999947.1 6e+06 6.1e+06 39092
LR999947.1 6.1e+06 6.2e+06 45003
LR999947.1 6.2e+06 6.3e+06 46201
LR999947.1 6.3e+06 6.4e+06 48305
LR999947.1 6.4e+06 6.5e+06 47589
LR999947.1 6.5e+06 6.6e+06 38482
LR999947.1 6.6e+06 6.7e+06 45487
LR999947.1 6.7e+06 6.8e+06 45268
LR999947.1 6.8e+06 6.9e+06 52817
LR999947.1 6.9e+06 7e+06 52068
LR999947.1 7e+06 7.1e+06 44535
LR999947.1 7.1e+06 7.2e+06 48209
LR999947.1 7.2e+06 7.3e+06 45940
LR999947.1 7.3e+06 7.4e+06 51309
LR999947.1 7.4e+06 7.5e+06 46537
LR999947.1 7.5e+06 7.6e+06 49225
LR999947.1 7.6e+06 7.7e+06 53747
LR999947.1 7.7e+06 7.8e+06 46227
LR999947.1 7.8e+06 7.9e+06 53646
LR999947.1 7.9e+06 8e+06 32391
LR999947.1 8e+06 8.1e+06 35778
LR999947.1 8.1e+06 8.2e+06 46896
LR999947.1 8.2e+06 8.3e+06 50896
LR999947.1 8.3e+06 8.4e+06 38225
LR999947.1 8.4e+06 8.5e+06 40911
LR999947.1 8.5e+06 8.6e+06 44319
LR999947.1 8.6e+06 8.7e+06 43195
LR999947.1 8.7e+06 8.8e+06 44092
LR999947.1 8.8e+06 8.9e+06 46740
LR999947.1 8.9e+06 9e+06 45436
LR999947.1 9e+06 9.1e+06 47364
LR999947.1 9.1e+06 9.2e+06 35396
LR999947.1 9.2e+06 9.3e+06 41659
LR999947.1 9.3e+06 9.4e+06 44239
LR999947.1 9.4e+06 9.5e+06 45878
LR999947.1 9.5e+06 9.6e+06 46716
LR999947.1 9.6e+06 9.7e+06 34499
LR999947.1 9.7e+06 9.8e+06 43852
LR999947.1 9.8e+06 9.9e+06 43545
LR999947.1 9.9e+06 1e+07 43796
LR999947.1 1e+07 1.01e+07 51199
LR999947.1 1.01e+07 1.02e+07 42925
LR999947.1 1.02e+07 1.03e+07 47695
LR999947.1 1.03e+07 1.04e+07 44426
LR999947.1 1.04e+07 1.05e+07 48188
LR999947.1 1.05e+07 1.06e+07 41935
LR999947.1 1.06e+07 1.07e+07 41765
LR999947.1 1.07e+07 1.08e+07 43650
LR999947.1 1.08e+07 1.09e+07 39154
LR999947.1 1.09e+07 1.1e+07 53372
LR999947.1 1.1e+07 1.11e+07 40030
LR999947.1 1.11e+07 1.12e+07 42961
LR999947.1 1.12e+07 1.13e+07 35372
LR999947.1 1.13e+07 1.14e+07 36284
LR999947.1 1.14e+07 1.15e+07 29803
LR999947.1 1.15e+07 1.16e+07 28947
LR999947.1 1.16e+07 1.17e+07 27589
LR999947.1 1.17e+07 11704087 1488
