LR999954.1 1 100000 59078
LR999954.1 100001 200000 44415
LR999954.1 200001 300000 49606
LR999954.1 300001 400000 46831
LR999954.1 400001 500000 61131
LR999954.1 500001 600000 45022
LR999954.1 600001 700000 57425
LR999954.1 700001 800000 53816
LR999954.1 800001 900000 58122
LR999954.1 900001 1e+06 66868
LR999954.1 1e+06 1.1e+06 60503
LR999954.1 1.1e+06 1.2e+06 55703
LR999954.1 1.2e+06 1.3e+06 51756
LR999954.1 1.3e+06 1.4e+06 50897
LR999954.1 1.4e+06 1.5e+06 64475
LR999954.1 1.5e+06 1.6e+06 47730
LR999954.1 1.6e+06 1.7e+06 58655
LR999954.1 1.7e+06 1.8e+06 59080
LR999954.1 1.8e+06 1.9e+06 66588
LR999954.1 1.9e+06 2e+06 60403
LR999954.1 2e+06 2.1e+06 56281
LR999954.1 2.1e+06 2.2e+06 64869
LR999954.1 2.2e+06 2.3e+06 57709
LR999954.1 2.3e+06 2.4e+06 56763
LR999954.1 2.4e+06 2.5e+06 51261
LR999954.1 2.5e+06 2.6e+06 50970
LR999954.1 2.6e+06 2.7e+06 50685
LR999954.1 2.7e+06 2.8e+06 51244
LR999954.1 2.8e+06 2.9e+06 58946
LR999954.1 2.9e+06 3e+06 45709
LR999954.1 3e+06 3.1e+06 53718
LR999954.1 3.1e+06 3.2e+06 55481
LR999954.1 3.2e+06 3.3e+06 54094
LR999954.1 3.3e+06 3.4e+06 59028
LR999954.1 3.4e+06 3.5e+06 61832
LR999954.1 3.5e+06 3.6e+06 52512
LR999954.1 3.6e+06 3.7e+06 47698
LR999954.1 3.7e+06 3.8e+06 56353
LR999954.1 3.8e+06 3.9e+06 56690
LR999954.1 3.9e+06 4e+06 66896
LR999954.1 4e+06 4.1e+06 55126
LR999954.1 4.1e+06 4.2e+06 54431
LR999954.1 4.2e+06 4.3e+06 57933
LR999954.1 4.3e+06 4.4e+06 52615
LR999954.1 4.4e+06 4.5e+06 54503
LR999954.1 4.5e+06 4.6e+06 48430
LR999954.1 4.6e+06 4.7e+06 47127
LR999954.1 4.7e+06 4.8e+06 68579
LR999954.1 4.8e+06 4.9e+06 57525
LR999954.1 4.9e+06 5e+06 55624
LR999954.1 5e+06 5.1e+06 52932
LR999954.1 5.1e+06 5.2e+06 60039
LR999954.1 5.2e+06 5.3e+06 64264
LR999954.1 5.3e+06 5.4e+06 57628
LR999954.1 5.4e+06 5.5e+06 62029
LR999954.1 5.5e+06 5.6e+06 64691
LR999954.1 5.6e+06 5.7e+06 65290
LR999954.1 5.7e+06 5.8e+06 64084
LR999954.1 5.8e+06 5.9e+06 61468
LR999954.1 5.9e+06 6e+06 49121
LR999954.1 6e+06 6.1e+06 56534
LR999954.1 6.1e+06 6.2e+06 47178
LR999954.1 6.2e+06 6.3e+06 70201
LR999954.1 6.3e+06 6.4e+06 48462
LR999954.1 6.4e+06 6.5e+06 64795
LR999954.1 6.5e+06 6.6e+06 46266
LR999954.1 6.6e+06 6.7e+06 55729
LR999954.1 6.7e+06 6.8e+06 57943
LR999954.1 6.8e+06 6.9e+06 65001
LR999954.1 6.9e+06 7e+06 53910
LR999954.1 7e+06 7.1e+06 57618
LR999954.1 7.1e+06 7.2e+06 44769
LR999954.1 7.2e+06 7.3e+06 32639
LR999954.1 7.3e+06 7379297 35503
