LR999928.1 1 100000 22681
LR999928.1 100001 200000 36330
LR999928.1 200001 300000 50076
LR999928.1 300001 400000 42300
LR999928.1 400001 500000 54126
LR999928.1 500001 600000 43503
LR999928.1 600001 700000 35366
LR999928.1 700001 800000 39462
LR999928.1 800001 900000 45872
LR999928.1 900001 1e+06 34989
LR999928.1 1e+06 1.1e+06 46259
LR999928.1 1.1e+06 1.2e+06 42263
LR999928.1 1.2e+06 1.3e+06 44098
LR999928.1 1.3e+06 1.4e+06 43407
LR999928.1 1.4e+06 1.5e+06 34270
LR999928.1 1.5e+06 1.6e+06 39525
LR999928.1 1.6e+06 1.7e+06 44199
LR999928.1 1.7e+06 1.8e+06 50131
LR999928.1 1.8e+06 1.9e+06 38517
LR999928.1 1.9e+06 2e+06 39062
LR999928.1 2e+06 2.1e+06 33687
LR999928.1 2.1e+06 2.2e+06 36079
LR999928.1 2.2e+06 2.3e+06 43830
LR999928.1 2.3e+06 2.4e+06 42774
LR999928.1 2.4e+06 2.5e+06 41157
LR999928.1 2.5e+06 2.6e+06 31713
LR999928.1 2.6e+06 2.7e+06 26986
LR999928.1 2.7e+06 2.8e+06 18815
LR999928.1 2.8e+06 2.9e+06 16690
LR999928.1 2.9e+06 3e+06 26423
LR999928.1 3e+06 3.1e+06 30039
LR999928.1 3.1e+06 3.2e+06 28846
LR999928.1 3.2e+06 3.3e+06 32983
LR999928.1 3.3e+06 3.4e+06 37526
LR999928.1 3.4e+06 3.5e+06 38573
LR999928.1 3.5e+06 3.6e+06 49145
LR999928.1 3.6e+06 3.7e+06 31269
LR999928.1 3.7e+06 3.8e+06 29073
LR999928.1 3.8e+06 3.9e+06 36239
LR999928.1 3.9e+06 4e+06 35654
LR999928.1 4e+06 4.1e+06 41672
LR999928.1 4.1e+06 4.2e+06 48739
LR999928.1 4.2e+06 4.3e+06 43199
LR999928.1 4.3e+06 4.4e+06 47799
LR999928.1 4.4e+06 4.5e+06 22536
LR999928.1 4.5e+06 4.6e+06 39811
LR999928.1 4.6e+06 4.7e+06 45559
LR999928.1 4.7e+06 4.8e+06 41193
LR999928.1 4.8e+06 4.9e+06 36185
LR999928.1 4.9e+06 5e+06 37918
LR999928.1 5e+06 5.1e+06 27544
LR999928.1 5.1e+06 5.2e+06 25484
LR999928.1 5.2e+06 5.3e+06 18665
LR999928.1 5.3e+06 5.4e+06 27107
LR999928.1 5.4e+06 5.5e+06 27426
LR999928.1 5.5e+06 5.6e+06 30024
LR999928.1 5.6e+06 5.7e+06 23100
LR999928.1 5.7e+06 5.8e+06 25754
LR999928.1 5.8e+06 5.9e+06 31370
LR999928.1 5.9e+06 6e+06 24692
LR999928.1 6e+06 6.1e+06 18114
LR999928.1 6.1e+06 6.2e+06 18864
LR999928.1 6.2e+06 6.3e+06 24240
LR999928.1 6.3e+06 6.4e+06 16131
LR999928.1 6.4e+06 6.5e+06 24486
LR999928.1 6.5e+06 6.6e+06 23901
LR999928.1 6.6e+06 6.7e+06 14656
LR999928.1 6.7e+06 6.8e+06 18449
LR999928.1 6.8e+06 6.9e+06 20261
LR999928.1 6.9e+06 7e+06 24110
LR999928.1 7e+06 7.1e+06 13838
LR999928.1 7.1e+06 7.2e+06 23477
LR999928.1 7.2e+06 7.3e+06 23318
LR999928.1 7.3e+06 7.4e+06 14178
LR999928.1 7.4e+06 7.5e+06 17362
LR999928.1 7.5e+06 7.6e+06 26479
LR999928.1 7.6e+06 7.7e+06 20842
LR999928.1 7.7e+06 7.8e+06 12545
LR999928.1 7.8e+06 7.9e+06 21975
LR999928.1 7.9e+06 8e+06 14981
LR999928.1 8e+06 8.1e+06 24597
LR999928.1 8.1e+06 8.2e+06 25916
LR999928.1 8.2e+06 8.3e+06 25293
LR999928.1 8.3e+06 8.4e+06 23692
LR999928.1 8.4e+06 8.5e+06 14535
LR999928.1 8.5e+06 8.6e+06 35436
LR999928.1 8.6e+06 8.7e+06 32868
LR999928.1 8.7e+06 8.8e+06 37846
LR999928.1 8.8e+06 8.9e+06 23614
LR999928.1 8.9e+06 9e+06 25352
LR999928.1 9e+06 9.1e+06 20562
LR999928.1 9.1e+06 9.2e+06 24259
LR999928.1 9.2e+06 9.3e+06 21186
LR999928.1 9.3e+06 9.4e+06 18679
LR999928.1 9.4e+06 9.5e+06 18416
LR999928.1 9.5e+06 9.6e+06 19303
LR999928.1 9.6e+06 9.7e+06 29961
LR999928.1 9.7e+06 9.8e+06 13633
LR999928.1 9.8e+06 9.9e+06 18603
LR999928.1 9.9e+06 1e+07 27437
LR999928.1 1e+07 1.01e+07 37364
LR999928.1 1.01e+07 1.02e+07 24637
LR999928.1 1.02e+07 1.03e+07 22487
LR999928.1 1.03e+07 1.04e+07 25539
LR999928.1 1.04e+07 1.05e+07 33900
LR999928.1 1.05e+07 1.06e+07 25312
LR999928.1 1.06e+07 1.07e+07 29839
LR999928.1 1.07e+07 1.08e+07 18978
LR999928.1 1.08e+07 1.09e+07 19677
LR999928.1 1.09e+07 1.1e+07 18340
LR999928.1 1.1e+07 1.11e+07 22701
LR999928.1 1.11e+07 1.12e+07 22417
LR999928.1 1.12e+07 1.13e+07 39101
LR999928.1 1.13e+07 1.14e+07 37629
LR999928.1 1.14e+07 1.15e+07 42832
LR999928.1 1.15e+07 1.16e+07 32696
LR999928.1 1.16e+07 1.17e+07 33899
LR999928.1 1.17e+07 1.18e+07 25318
LR999928.1 1.18e+07 1.19e+07 38836
LR999928.1 1.19e+07 1.2e+07 51281
LR999928.1 1.2e+07 1.21e+07 36354
LR999928.1 1.21e+07 1.22e+07 47207
LR999928.1 1.22e+07 1.23e+07 38648
LR999928.1 1.23e+07 1.24e+07 38915
LR999928.1 1.24e+07 1.25e+07 33124
LR999928.1 1.25e+07 1.26e+07 33236
LR999928.1 1.26e+07 1.27e+07 38581
LR999928.1 1.27e+07 1.28e+07 41869
LR999928.1 1.28e+07 1.29e+07 33559
LR999928.1 1.29e+07 1.3e+07 35355
LR999928.1 1.3e+07 1.31e+07 42208
LR999928.1 1.31e+07 1.32e+07 39321
LR999928.1 1.32e+07 1.33e+07 44802
LR999928.1 1.33e+07 1.34e+07 43206
LR999928.1 1.34e+07 1.35e+07 29243
LR999928.1 1.35e+07 1.36e+07 20320
LR999928.1 1.36e+07 1.37e+07 31533
LR999928.1 1.37e+07 1.38e+07 40677
LR999928.1 1.38e+07 1.39e+07 43088
LR999928.1 1.39e+07 1.4e+07 34133
LR999928.1 1.4e+07 1.41e+07 25959
LR999928.1 1.41e+07 1.42e+07 30278
LR999928.1 1.42e+07 1.43e+07 34011
LR999928.1 1.43e+07 1.44e+07 36531
LR999928.1 1.44e+07 1.45e+07 37954
LR999928.1 1.45e+07 1.46e+07 41649
LR999928.1 1.46e+07 1.47e+07 45163
LR999928.1 1.47e+07 1.48e+07 40063
LR999928.1 1.48e+07 1.49e+07 43044
LR999928.1 1.49e+07 1.5e+07 43157
LR999928.1 1.5e+07 1.51e+07 33327
LR999928.1 1.51e+07 1.52e+07 26545
LR999928.1 1.52e+07 1.53e+07 30197
LR999928.1 1.53e+07 1.54e+07 26787
LR999928.1 1.54e+07 1.55e+07 28145
LR999928.1 1.55e+07 1.56e+07 26922
LR999928.1 1.56e+07 1.57e+07 16434
LR999928.1 1.57e+07 1.58e+07 16828
LR999928.1 1.58e+07 1.59e+07 23310
LR999928.1 1.59e+07 1.6e+07 25949
LR999928.1 1.6e+07 16000791 
