chrom     begin  end    count_rpt length_rpt count_SINE length_SINE count_DNA	length_DNA     count_TcM      length_TcM     count_LINE     length_DNA     count_LTR      length_LTR     count_nonLTR   length_nonLTR
LR999945.1	1	100000	114 18688 7 1310 7	442	0		3	442	18	9001	11	4320
LR999945.1	100001	200000	105 15943 11 1824 5	528	0		9	528	22	7388	20	7259
LR999945.1	200001	300000	119 19944 8 809 14	2585	3	1463	6	2585	15	6348	12	5917
LR999945.1	300001	400000	104 12697 16 2834 10	2908	4	965	10	2908	14	1789	11	1369
LR999945.1	400001	500000	147 19506 18 3730 11	1688	2	602	7	1688	22	3776	17	3427
LR999945.1	500001	600000	116 12709 15 3018 8	494	0		5	494	17	3280	16	3217
LR999945.1	600001	700000	186 19205 28 5525 16	1572	0		4	1572	19	2608	18	2573
LR999945.1	700001	800000	180 24434 38 7025 14	3157	2	110	7	3157	36	4868	34	4689
LR999945.1	800001	900000	176 19079 26 5369 13	1555	0		7	1555	21	2898	19	2706
LR999945.1	900001	1000000	129 16205 18 3807 9	1020	1	50	4	1020	17	1976	16	1890
LR999945.1	1000001	1100000	202 24540 30 6357 14	2461	0		7	2461	26	3984	24	3856
LR999945.1	1100001	1200000	71 5113 4 508 2	127	0		3	127	10	927	9	873
LR999945.1	1200001	1300000	66 5459 8 1296 6	469	0		2	469	5	507	3	364
LR999945.1	1300001	1400000	132 11762 20 3443 6	579	0		7	579	20	2200	16	1874
LR999945.1	1400001	1500000	175 29696 29 4458 8	537	0		16	537	22	13819	20	13673
LR999945.1	1500001	1600000	138 14216 36 6981 7	573	1	51	7	573	10	944	9	913
LR999945.1	1600001	1700000	233 26755 50 7815 16	1900	0		7	1900	24	3666	24	3666
LR999945.1	1700001	1800000	259 33817 55 10496 17	2219	0		17	2219	31	7863	29	7686
LR999945.1	1800001	1900000	261 28889 50 9348 12	982	0		11	982	30	4488	29	4440
LR999945.1	1900001	2000000	246 30857 51 8779 14	1460	1	454	10	1460	30	7011	28	6902
LR999945.1	2000001	2100000	225 31170 50 10946 13	1676	2	321	12	1676	34	8845	30	8397
LR999945.1	2100001	2200000	229 30258 40 7540 12	1794	1	102	19	1794	33	4946	28	4372
LR999945.1	2200001	2300000	224 34846 61 10689 12	1076	0		18	1076	32	9615	29	9462
LR999945.1	2300001	2400000	227 33478 33 5860 17	2097	0		13	2097	24	5800	23	5703
LR999945.1	2400001	2500000	259 33235 51 9608 8	1280	1	330	12	1280	30	6044	26	5824
LR999945.1	2500001	2600000	160 19435 41 6586 9	867	0		6	867	25	4041	17	1872
LR999945.1	2600001	2700000	175 20797 40 6601 7	539	1	218	6	539	26	4333	19	3456
LR999945.1	2700001	2800000	259 40316 63 10034 19	2572	0		21	2572	25	6763	23	6562
LR999945.1	2800001	2900000	249 35329 37 7013 21	3162	2	292	10	3162	38	10582	28	5475
LR999945.1	2900001	3000000	250 36787 56 9246 20	2066	2	272	10	2066	49	13286	46	8834
LR999945.1	3000001	3100000	159 24791 35 7251 11	2451	2	420	9	2451	26	8029	24	5658
LR999945.1	3100001	3200000	185 26765 30 5693 9	1131	0		12	1131	30	9898	22	5096
LR999945.1	3200001	3300000	192 21880 28 6043 11	922	0		11	922	23	3081	22	2995
LR999945.1	3300001	3400000	104 8222 7 1114 7	544	0		6	544	10	822	8	684
LR999945.1	3400001	3500000	177 21044 34 6607 15	2020	0		2	2020	24	3932	22	3817
LR999945.1	3500001	3600000	182 21178 25 4171 16	1605	0		14	1605	12	2577	10	2428
LR999945.1	3600001	3700000	210 23272 38 7147 19	2825	0		4	2825	16	2112	13	1923
LR999945.1	3700001	3800000	194 21347 44 7019 10	654	1	84	13	654	20	3505	20	3505
LR999945.1	3800001	3900000	214 27250 34 5867 18	1801	1	80	11	1801	18	4631	17	4597
LR999945.1	3900001	4000000	219 29760 39 6668 11	1125	0		13	1125	19	3433	18	3362
LR999945.1	4000001	4100000	230 25316 38 6597 16	1196	0		14	1196	27	3754	25	3528
LR999945.1	4100001	4200000	183 20643 36 6641 14	2476	0		3	2476	25	3174	22	2933
LR999945.1	4200001	4300000	183 27466 22 4957 12	1298	0		13	1298	26	5177	21	4699
LR999945.1	4300001	4400000	88 10789 12 1841 4	554	0		3	554	11	4260	10	4214
LR999945.1	4400001	4500000	151 15525 30 4353 9	782	0		4	782	7	781	7	781
LR999945.1	4500001	4600000	148 13603 25 4694 12	832	0		10	832	15	1674	11	1448
LR999945.1	4600001	4700000	120 14453 21 3747 12	1328	2	204	3	1328	11	1759	10	1687
LR999945.1	4700001	4800000	135 25075 12 1946 14	4833	3	1361	4	4833	22	9572	18	7846
LR999945.1	4800001	4900000	108 11600 7 1709 11	1121	2	116	6	1121	9	1944	7	1776
LR999945.1	4900001	5000000	130 22320 13 2436 11	3063	1	606	1	3063	23	9360	20	8188
LR999945.1	5000001	5100000	109 10890 20 2967 5	636	0		3	636	13	1465	12	1379
LR999945.1	5100001	5200000	80 7565 16 2712 8	885	0		2	885	4	462	4	462
LR999945.1	5200001	5300000	155 17013 21 4065 14	2434	0		6	2434	14	2163	11	1844
LR999945.1	5300001	5400000	135 21851 27 5499 3	166	0		12	166	14	1645	13	1570
LR999945.1	5400001	5500000	216 26430 34 5043 19	3679	0		12	3679	28	4434	23	3944
LR999945.1	5500001	5600000	171 25422 36 7726 17	3189	0		11	3189	26	3379	26	3379
LR999945.1	5600001	5700000	105 9797 16 2881 13	1193	0		4	1193	7	517	5	312
LR999945.1	5700001	5800000	128 12518 27 4391 5	445	0		6	445	9	1378	8	1301
LR999945.1	5800001	5900000	116 11787 10 1310 17	1759	0		5	1759	13	1710	11	1453
LR999945.1	5900001	6000000	172 19661 21 3673 29	4986	1	678	7	4986	10	1010	9	898
LR999945.1	6000001	6100000	143 18721 19 4371 13	4133	1	106	3	4133	10	1036	10	1036
LR999945.1	6100001	6200000	251 33294 48 8694 16	1558	1	112	19	1558	24	3831	20	3575
LR999945.1	6200001	6300000	203 24351 51 9291 15	1073	1	113	10	1073	26	3709	24	3268
LR999945.1	6300001	6400000	136 20163 30 5736 8	3541	2	1593	6	3541	15	3800	14	3455
LR999945.1	6400001	6500000	183 20213 32 5184 12	1029	1	78	13	1029	19	3663	19	3663
LR999945.1	6500001	6600000	204 26549 39 6347 2	194	0		12	194	24	7388	24	7388
LR999945.1	6600001	6700000	174 20050 37 7254 12	859	0		9	859	11	2308	11	2308
LR999945.1	6700001	6800000	177 23083 30 5591 11	3119	0		12	3119	22	5598	21	5511
LR999945.1	6800001	6900000	170 23909 22 3599 19	3625	0		4	3625	27	8363	17	2354
LR999945.1	6900001	7000000	117 9552 10 1868 11	1183	1	192	4	1183	3	468	3	468
LR999945.1	7000001	7100000	155 18625 26 4176 14	2031	1	42	8	2031	21	3282	20	3147
LR999945.1	7100001	7200000	98 16779 12 2531 4	375	0		2	375	14	8200	9	2029
LR999945.1	7200001	7300000	110 19963 15 2968 4	471	2	357	5	471	4	4079	4	4079
LR999945.1	7300001	7400000	142 26751 18 3532 16	1841	0		3	1841	20	13700	20	13700
LR999945.1	7400001	7500000	150 26235 22 4099 12	2697	4	1577	6	2697	21	8646	17	4833
LR999945.1	7500001	7600000	96 17952 9 1803 7	544	1	63	2	544	12	8461	3	3601
LR999945.1	7600001	7700000	156 16956 17 3037 9	1993	1	75	6	1993	9	739	8	682
LR999945.1	7700001	7800000	172 21200 35 6607 20	2188	0		11	2188	17	3485	16	3428
LR999945.1	7800001	7900000	186 21489 36 6576 21	2431	0		8	2431	16	1697	16	1697
LR999945.1	7900001	8000000	200 22751 37 6353 21	3381	1	185	8	3381	22	2690	20	2402
LR999945.1	8000001	8100000	132 16565 23 4739 6	1524	0		6	1524	10	1340	9	1214
LR999945.1	8100001	8200000	157 17177 23 3928 12	3241	0		7	3241	16	1483	16	1483
LR999945.1	8200001	8300000	138 17721 22 4886 6	619	0		2	619	13	4420	11	4178
LR999945.1	8300001	8400000	190 22199 36 6699 23	3517	0		11	3517	22	2820	17	2315
LR999945.1	8400001	8500000	159 25930 25 4426 14	2183	0		12	2183	23	7731	21	7629
LR999945.1	8500001	8600000	175 18941 32 4982 12	1197	0		7	1197	18	3051	18	3051
LR999945.1	8600001	8700000	140 15950 25 5041 13	1711	0		3	1711	15	1747	15	1747
LR999945.1	8700001	8800000	106 15809 6 888 5	366	0		6	366	17	7381	11	6172
LR999945.1	8800001	8900000	192 16766 27 4239 12	1055	1	346	6	1055	15	1752	14	1639
LR999945.1	8900001	9000000	147 16682 29 5008 9	1806	0		5	1806	14	4376	14	4376
LR999945.1	9000001	9100000	126 12915 23 4024 8	1129	1	171	7	1129	13	1254	8	870
LR999945.1	9100001	9200000	155 26598 20 4066 17	3104	3	2048	4	3104	27	12366	24	12137
LR999945.1	9200001	9300000	162 26441 32 6422 5	443	0		4	443	20	11134	13	4828
LR999945.1	9300001	9400000	136 21315 23 3887 11	3789	3	1758	5	3789	18	4806	16	4684
LR999945.1	9400001	9500000	119 18692 16 3872 11	1310	2	205	4	1310	14	6435	13	6343
LR999945.1	9500001	9600000	104 10513 13 3155 6	634	0		2	634	5	610	5	610
LR999945.1	9600001	9700000	176 36075 12 2705 15	3352	4	1353	23	3352	47	18650	35	13062
LR999945.1	9700001	9800000	209 32108 43 8468 15	2835	2	1268	13	2835	36	6162	34	5982
LR999945.1	9800001	9900000	182 44650 43 8526 8	642	1	76	20	642	18	12666	17	12624
LR999945.1	9900001	10000000	148 19066 28 6006 8	1060	0		6	1060	25	5353	22	5161
LR999945.1	10000001	10100000	212 26224 35 5640 23	4802	1	1068	7	4802	21	2683	19	2518
LR999945.1	10100001	10200000	120 17921 11 2029 15	1690	3	329	4	1690	16	3057	15	2978
LR999945.1	10200001	10300000	206 23159 28 6124 19	1714	0		12	1714	15	2434	14	2378
LR999945.1	10300001	10400000	192 24824 38 6597 13	1119	0		16	1119	21	5497	20	5444
LR999945.1	10400001	10500000	181 29823 38 6831 4	483	1	121	13	483	23	10043	19	8211
LR999945.1	10500001	10600000	174 23363 30 6916 8	681	2	188	11	681	23	6926	22	6886
LR999945.1	10600001	10700000	164 20503 39 6523 15	3156	2	1606	9	3156	13	2350	12	2266
LR999945.1	10700001	10800000	185 23649 44 7198 8	694	0		7	694	27	6732	20	2445
LR999945.1	10800001	10900000	199 22297 48 8329 13	1302	0		10	1302	18	2029	18	2029
LR999945.1	10900001	11000000	224 33207 30 6277 18	1442	2	337	21	1442	37	9070	35	8905
LR999945.1	11000001	11100000	146 21266 26 4672 10	1562	1	317	13	1562	20	4561	20	4561
LR999945.1	11100001	11200000	164 22098 20 4431 14	1417	0		4	1417	27	6799	23	4770
LR999945.1	11200001	11300000	155 17931 36 6905 16	1862	0		8	1862	15	1901	12	1732
LR999945.1	11300001	11400000	185 20440 33 6099 13	2047	0		9	2047	18	2754	16	2570
LR999945.1	11400001	11500000	200 22588 42 7803 9	767	0		14	767	30	3671	26	2974
LR999945.1	11500001	11600000	186 28690 27 4383 11	1560	0		18	1560	18	7230	17	2192
LR999945.1	11600001	11700000	208 25475 48 8202 17	2282	0		16	2282	19	2719	17	2386
LR999945.1	11700001	11800000	192 21940 39 6682 13	1265	0		6	1265	31	5005	30	4918
LR999945.1	11800001	11900000	167 27407 37 6029 8	1109	0		14	1109	24	7272	22	7133
LR999945.1	11900001	12000000	169 21557 20 2884 16	1661	2	135	14	1661	17	3329	16	3252
LR999945.1	12000001	12100000	183 24719 30 6468 10	1062	0		13	1062	24	6364	22	5890
LR999945.1	12100001	12200000	204 24348 45 7402 8	1188	2	215	10	1188	37	4174	35	4029
LR999945.1	12200001	12300000	190 29962 42 7761 6	1650	0		14	1650	28	10037	24	6374
LR999945.1	12300001	12400000	222 30207 47 8751 10	762	1	41	17	762	30	7017	27	6810
LR999945.1	12400001	12500000	218 31952 34 6182 15	3083	3	1137	19	3083	30	6894	27	6463
LR999945.1	12500001	12600000	177 20787 32 6480 9	892	0		11	892	20	4003	19	3905
LR999945.1	12600001	12700000	132 14275 28 4463 9	748	0		9	748	17	2302	16	2158
LR999945.1	12700001	12800000	80 8803 7 1504 6	890	0		3	890	23	2972	20	2562
LR999945.1	12800001	12861081	40 3496 2 575 2	453	0		0	453	4	571	4	571
