chrom     begin  end    count_rpt length_rpt count_SINE length_SINE count_DNA	length_DNA     count_TcM      length_TcM     count_LINE     length_DNA     count_LTR      length_LTR     count_nonLTR   length_nonLTR
LR999936.1	1	100000	102 16153 10 1521 6	2109	3	877	9	2109	23	5229	22	5199
LR999936.1	100001	200000	124 18974 22 4209 8	1698	1	454	9	1698	22	5838	21	5771
LR999936.1	200001	300000	156 28279 16 2642 21	5537	0		8	5537	22	11745	21	11681
LR999936.1	300001	400000	127 13517 22 3852 17	2158	0		6	2158	12	1317	11	1258
LR999936.1	400001	500000	101 7072 7 890 5	518	0		0	518	6	549	6	549
LR999936.1	500001	600000	144 27822 22 3800 7	1098	1	420	7	1098	35	17277	27	11648
LR999936.1	600001	700000	169 21691 27 5038 10	1471	0		5	1471	23	3115	22	3004
LR999936.1	700001	800000	151 16722 28 5361 12	1257	1	13	3	1257	16	2171	14	2001
LR999936.1	800001	900000	150 14678 26 4407 11	658	0		4	658	19	2831	16	2634
LR999936.1	900001	1000000	205 21361 37 6749 4	337	0		15	337	28	3448	27	3342
LR999936.1	1000001	1100000	223 28296 39 7051 17	1108	3	282	23	1108	27	4189	26	4102
LR999936.1	1100001	1200000	161 17004 28 5679 16	1866	0		5	1866	16	2062	14	1890
LR999936.1	1200001	1300000	176 20606 20 4790 20	2763	1	75	11	2763	32	4332	30	4191
LR999936.1	1300001	1400000	201 28047 31 4704 12	736	0		11	736	36	9059	35	9019
LR999936.1	1400001	1500000	138 14819 29 6055 3	281	0		1	281	9	1261	9	1261
LR999936.1	1500001	1600000	140 17914 13 2780 10	1451	3	561	7	1451	20	4342	19	4260
LR999936.1	1600001	1700000	192 23546 28 5007 28	5395	3	1369	9	5395	24	3748	20	3355
LR999936.1	1700001	1800000	167 20996 29 5668 15	1517	0		12	1517	24	3295	24	3295
LR999936.1	1800001	1900000	195 26874 35 6618 15	2431	1	155	8	2431	25	7109	24	7032
LR999936.1	1900001	2000000	148 14865 12 2309 14	990	0		4	990	22	2786	22	2786
LR999936.1	2000001	2100000	186 23885 36 6542 18	3712	1	47	6	3712	13	1668	13	1668
LR999936.1	2100001	2200000	181 25214 40 6964 19	4566	0		8	4566	17	3579	15	3486
LR999936.1	2200001	2300000	264 36477 50 9227 18	2083	3	245	18	2083	40	10497	39	10412
LR999936.1	2300001	2400000	221 34809 57 9343 10	867	0		16	867	29	9398	26	8518
LR999936.1	2400001	2500000	237 28668 45 8994 18	2019	2	160	7	2019	27	4022	26	3939
LR999936.1	2500001	2600000	212 23788 37 7617 13	2532	1	1324	11	2532	24	2406	22	2215
LR999936.1	2600001	2700000	204 26429 38 8466 16	1610	0		10	1610	25	3961	20	3543
LR999936.1	2700001	2800000	245 35507 47 9489 10	2267	1	307	14	2267	32	7470	31	7368
LR999936.1	2800001	2900000	252 38697 59 10455 20	8609	2	492	11	8609	39	7791	36	7540
LR999936.1	2900001	3000000	159 19614 33 6858 14	1377	2	399	1	1377	18	4893	13	2096
LR999936.1	3000001	3100000	176 17610 26 4467 12	1366	0		8	1366	16	1537	15	1455
LR999936.1	3100001	3200000	179 26290 24 4163 9	1524	2	759	9	1524	26	8946	23	8707
LR999936.1	3200001	3300000	218 24423 49 8334 10	972	0		10	972	30	4441	28	4267
LR999936.1	3300001	3400000	189 22783 44 8107 12	2172	0		13	2172	23	3164	22	3065
LR999936.1	3400001	3500000	200 26478 40 7960 12	1131	1	348	9	1131	33	5476	26	4048
LR999936.1	3500001	3600000	127 11915 14 2156 12	2424	0		6	2424	7	971	4	730
LR999936.1	3600001	3700000	174 21783 32 5865 11	1322	0		7	1322	15	4249	14	4127
LR999936.1	3700001	3800000	107 10278 21 3213 2	161	0		5	161	9	1933	9	1933
LR999936.1	3800001	3900000	135 19365 22 3987 14	3044	0		5	3044	8	4472	7	4421
LR999936.1	3900001	4000000	119 22663 12 2519 11	1380	0		3	1380	14	9436	7	4918
LR999936.1	4000001	4100000	127 14508 20 2884 8	1750	0		7	1750	8	2171	8	2171
LR999936.1	4100001	4200000	195 32874 37 6438 13	2635	1	526	17	2635	37	6353	34	5684
LR999936.1	4200001	4300000	204 25735 32 5683 17	2431	3	867	18	2431	25	3115	24	3019
LR999936.1	4300001	4400000	191 28632 28 5615 14	2131	1	113	6	2131	27	7898	15	3561
LR999936.1	4400001	4500000	149 20900 25 4521 9	878	0		9	878	13	5630	10	2091
LR999936.1	4500001	4600000	168 28086 18 3469 17	3625	0		11	3625	23	11869	21	11185
LR999936.1	4600001	4700000	126 12271 18 2864 7	665	0		6	665	9	1156	6	488
LR999936.1	4700001	4800000	115 10843 13 2558 6	325	0		10	325	10	1292	8	1148
LR999936.1	4800001	4900000	103 10505 14 2646 10	1674	0		1	1674	8	852	4	530
LR999936.1	4900001	5000000	63 5893 4 1010 6	1120	0		1	1120	5	342	2	192
LR999936.1	5000001	5100000	111 19103 20 4597 11	3854	2	142	3	3854	7	2002	7	2002
LR999936.1	5100001	5200000	127 12211 14 2292 11	1465	1	76	9	1465	7	1086	7	1086
LR999936.1	5200001	5300000	109 13505 8 1734 15	2989	0		5	2989	2	117	0	
LR999936.1	5300001	5400000	127 14993 21 3877 11	2413	1	1587	0	2413	5	685	5	685
LR999936.1	5400001	5500000	125 22294 24 4527 5	320	0		8	320	21	10003	17	6796
LR999936.1	5500001	5600000	132 17191 22 4527 5	707	0		3	707	12	1560	11	1463
LR999936.1	5600001	5700000	105 11873 22 4630 5	520	0		2	520	7	956	5	691
LR999936.1	5700001	5800000	117 13013 16 3337 14	1566	2	627	6	1566	10	2001	10	2001
LR999936.1	5800001	5900000	104 11634 17 2904 7	1183	1	587	4	1183	13	1329	11	1204
LR999936.1	5900001	6000000	103 13768 8 1862 6	778	0		9	778	10	914	6	679
LR999936.1	6000001	6100000	63 7042 5 617 4	1467	2	1129	2	1467	9	966	8	911
LR999936.1	6100001	6200000	141 17034 28 4680 4	340	0		14	340	20	4239	16	3977
LR999936.1	6200001	6300000	120 17137 18 3268 4	375	0		3	375	16	6261	15	6171
LR999936.1	6300001	6400000	182 20102 18 2472 13	1354	0		12	1354	15	2595	15	2595
LR999936.1	6400001	6500000	176 21861 32 6026 12	3265	1	646	3	3265	28	4786	20	2781
LR999936.1	6500001	6600000	88 9465 8 1694 2	224	0		5	224	3	708	3	708
LR999936.1	6600001	6700000	114 16407 17 3314 8	833	0		7	833	15	7229	13	7030
LR999936.1	6700001	6800000	127 15111 26 4328 7	1782	0		6	1782	16	2153	12	1630
LR999936.1	6800001	6900000	83 7503 7 1867 7	443	0		2	443	6	1035	5	991
LR999936.1	6900001	7000000	99 13831 6 1099 11	1522	1	240	9	1522	8	2550	8	2550
LR999936.1	7000001	7100000	120 17404 11 2360 8	935	0		6	935	12	6764	11	4714
LR999936.1	7100001	7200000	114 18213 10 2075 5	580	0		3	580	10	7878	6	4570
LR999936.1	7200001	7300000	123 14684 24 4912 9	636	1	35	7	636	13	2225	13	2225
LR999936.1	7300001	7400000	178 21337 33 6035 19	2301	0		13	2301	18	2838	17	2737
LR999936.1	7400001	7500000	158 23185 34 6532 10	1154	1	207	6	1154	13	4461	13	4461
LR999936.1	7500001	7600000	163 25841 24 4187 18	1972	0		11	1972	23	10097	22	10020
LR999936.1	7600001	7700000	131 22080 28 5020 6	3942	0		7	3942	18	6343	10	3382
LR999936.1	7700001	7800000	151 18893 31 5859 4	1447	0		6	1447	24	2655	24	2655
LR999936.1	7800001	7900000	183 26031 29 5991 20	4616	2	109	16	4616	12	3885	10	3298
LR999936.1	7900001	8000000	183 53383 12 2136 21	6234	3	1175	10	6234	59	33608	23	16293
LR999936.1	8000001	8100000	163 27246 18 3719 23	3667	4	784	7	3667	21	9561	16	7305
LR999936.1	8100001	8200000	146 22035 23 4637 11	1774	0		4	1774	18	7044	14	2319
LR999936.1	8200001	8300000	189 25737 25 4617 20	2230	6	1287	7	2230	30	6279	21	2869
LR999936.1	8300001	8400000	172 21990 30 5620 25	3852	1	134	1	3852	12	2962	11	2880
LR999936.1	8400001	8500000	196 28092 13 2451 24	3997	1	248	7	3997	15	5788	11	5454
LR999936.1	8500001	8600000	162 22171 25 5462 18	4238	6	1738	4	4238	10	1619	9	1509
LR999936.1	8600001	8700000	100 9448 17 2994 5	900	0		4	900	9	801	8	763
LR999936.1	8700001	8800000	146 18893 21 4373 13	2174	1	71	9	2174	12	1557	10	1463
LR999936.1	8800001	8900000	179 25354 26 4756 13	1537	0		7	1537	26	7915	26	7915
LR999936.1	8900001	9000000	184 27782 30 7077 20	5705	0		5	5705	9	778	7	599
LR999936.1	9000001	9100000	225 27380 56 9466 8	1670	1	43	8	1670	26	5461	24	5322
LR999936.1	9100001	9200000	174 20852 27 5440 16	1868	2	315	5	1868	9	1652	9	1652
LR999936.1	9200001	9300000	158 29371 42 7566 14	1464	0		3	1464	26	14395	26	14395
LR999936.1	9300001	9400000	170 26068 36 6610 13	2865	0		9	2865	17	7099	17	7099
LR999936.1	9400001	9500000	158 23100 20 3619 15	2875	2	263	18	2875	19	5319	16	5070
LR999936.1	9500001	9600000	172 29339 31 5764 13	2639	0		11	2639	29	9669	23	7847
LR999936.1	9600001	9700000	231 36990 33 6088 19	3354	0		5	3354	29	10090	22	5131
LR999936.1	9700001	9800000	144 17008 22 3818 9	1188	1	348	6	1188	13	4148	12	4061
LR999936.1	9800001	9900000	128 15691 16 3089 10	1800	0		2	1800	16	1857	14	1659
LR999936.1	9900001	10000000	175 26479 23 4199 18	2349	1	191	16	2349	24	8567	24	8567
LR999936.1	10000001	10100000	145 22041 25 4749 9	602	0		9	602	18	4902	17	4827
LR999936.1	10100001	10200000	187 35568 31 6505 16	4997	0		12	4997	29	12032	25	7679
LR999936.1	10200001	10300000	212 26236 32 5926 23	4044	0		11	4044	11	2047	11	2047
LR999936.1	10300001	10400000	166 28463 20 3632 10	1279	0		20	1279	25	10635	25	10635
LR999936.1	10400001	10500000	170 17092 29 5350 9	765	0		6	765	15	1687	13	1499
LR999936.1	10500001	10600000	156 14737 21 3452 8	433	0		4	433	11	1165	11	1165
LR999936.1	10600001	10700000	177 16351 27 4323 19	1556	0		3	1556	26	3163	25	3090
LR999936.1	10700001	10800000	192 21264 48 8775 7	601	0		5	601	20	2721	19	2607
LR999936.1	10800001	10900000	135 13552 24 3908 10	1060	0		3	1060	8	899	7	836
LR999936.1	10900001	11000000	192 22935 23 4042 17	2088	0		8	2088	20	4031	19	3954
LR999936.1	11000001	11100000	184 31358 30 5927 18	2471	2	242	9	2471	26	10417	15	6206
LR999936.1	11100001	11200000	220 32392 38 6994 19	3800	2	1593	17	3800	31	8417	28	7712
LR999936.1	11200001	11300000	250 32712 36 6807 19	3542	0		11	3542	26	5107	21	3294
LR999936.1	11300001	11400000	180 19682 35 6818 17	1721	1	84	4	1721	13	1842	12	1742
LR999936.1	11400001	11500000	139 15402 28 5333 10	1357	0		4	1357	6	511	5	432
LR999936.1	11500001	11600000	136 13640 19 3266 10	1667	0		2	1667	8	767	7	744
LR999936.1	11600001	11700000	233 33862 40 6298 15	1449	0		9	1449	23	5364	22	5287
LR999936.1	11700001	11800000	170 21516 39 6934 13	3037	1	413	11	3037	14	1857	14	1857
LR999936.1	11800001	11900000	162 25638 30 5958 10	1802	0		15	1802	25	7607	22	7349
LR999936.1	11900001	12000000	258 33967 43 6761 20	3055	2	519	7	3055	48	10451	38	6769
LR999936.1	12000001	12100000	227 29420 40 6543 17	1429	0		14	1429	25	6151	22	6033
LR999936.1	12100001	12200000	215 27231 58 10231 13	1515	0		13	1515	26	3861	24	3703
LR999936.1	12200001	12300000	222 40446 42 7936 4	612	0		13	612	45	19353	25	10923
LR999936.1	12300001	12400000	180 35126 31 5379 10	2274	1	210	17	2274	28	12466	25	6857
LR999936.1	12400001	12500000	233 27614 47 8468 8	2659	0		9	2659	37	4610	34	4334
LR999936.1	12500001	12600000	218 33505 43 7434 13	1478	0		16	1478	31	10830	26	7868
LR999936.1	12600001	12700000	156 21254 29 5189 11	2261	1	86	6	2261	12	4460	12	4460
LR999936.1	12700001	12800000	177 21992 38 6942 5	327	0		11	327	19	5726	18	5691
LR999936.1	12800001	12900000	239 28983 44 7746 11	1059	0		10	1059	28	6201	26	6086
LR999936.1	12900001	13000000	149 17727 28 6080 9	1263	0		5	1263	13	1469	12	1416
LR999936.1	13000001	13100000	151 22304 25 5524 6	505	0		11	505	32	8121	17	3345
LR999936.1	13100001	13200000	194 25382 35 6821 12	2772	0		9	2772	25	4235	24	4136
LR999936.1	13200001	13300000	170 16828 28 4579 11	1378	3	815	13	1378	23	2904	22	2794
LR999936.1	13300001	13400000	177 18997 20 3792 21	2050	0		3	2050	19	3016	17	2866
LR999936.1	13400001	13500000	202 26730 28 5320 17	1701	1	42	7	1701	28	7683	25	7422
LR999936.1	13500001	13600000	221 29536 34 6114 12	1514	2	406	8	1514	40	9969	30	7474
LR999936.1	13600001	13700000	218 29311 31 6335 17	1363	0		5	1363	26	7758	23	6794
LR999936.1	13700001	13800000	223 27879 49 7489 13	1648	0		13	1648	25	3822	24	3724
LR999936.1	13800001	13900000	222 31689 37 7708 11	633	1	78	9	633	30	8365	28	7758
LR999936.1	13900001	14000000	221 28026 47 8268 9	862	1	74	18	862	37	7350	29	3953
LR999936.1	14000001	14100000	218 40750 39 8454 12	967	1	79	22	967	39	16980	30	12505
LR999936.1	14100001	14200000	207 36827 42 8114 11	2688	1	52	8	2688	43	15304	31	12588
LR999936.1	14200001	14300000	237 29256 54 9958 10	1863	0		8	1863	23	3121	22	3081
LR999936.1	14300001	14400000	213 43224 34 6390 16	3582	2	989	10	3582	24	15750	20	13770
LR999936.1	14400001	14500000	136 41092 3 687 13	2937	3	1710	24	2937	40	22470	38	21082
LR999936.1	14500001	14600000	185 34627 27 5515 14	4754	0		16	4754	17	8203	9	3534
LR999936.1	14600001	14700000	210 28965 32 5375 13	959	0		10	959	35	10562	32	10374
LR999936.1	14700001	14774369	128 27997 4 760 14	2512	2	147	4	2512	10	13953	10	13953
