#java OrderMarkers2 data=- evaluateOrder=reordermarkers/iterations/ordered.16.1 useKosambi=1 numThreads=4 calculateIntervals=intervals/ordered.16.intervals randSeed=6485231115489412914
Loading file
No grandparents present in family V
Number of individuals = 92
Number of families = 1
File loaded with 31656 SNPs
Number of individuals = 92 excluding grandparents
Number of families = 1
Number of markers = 129
Setting dataScale to 0.6976744186046512 all likelihoods will be multiplied by 1.4333333333333333
Initial score = -918.1041118503183
Iteration 1 of 6
884884288488421 done
Polishing map...
score = -918.1041118503183
score = -918.1041118503183
score = -918.1041118503183
score = -918.1041118503183
Iteration 2 of 6
884884288488421 done
Polishing map...
score = -918.1041118503183
score = -918.1041118503183
score = -918.1041118503183
score = -918.1041118503183
Iteration 3 of 6
884884288488421 done
Polishing map...
score = -918.1041118503183
score = -918.1041118503183
score = -918.1041118503183
score = -918.1041118503183
Iteration 4 of 6
884884288488421 done
Polishing map...
score = -918.1041118503183
score = -918.1041118503183
score = -918.1041118503183
score = -918.1041118503183
Iteration 5 of 6
884884288488421 done
Polishing map...
score = -918.1041118503183
score = -918.1041118503183
score = -918.1041118503183
score = -918.1041118503183
Iteration 6 of 6
884884288488421 done
Polishing map...
score = -918.1041118503183
score = -918.1041118503183
score = -918.1041118503183
score = -918.1041118503183
Final score = -918.1041118503183
Setting dataScale to 0.6976744186046512 all likelihoods will be multiplied by 1.4333333333333333
logL = -918.1041118503183
number of recombinations = 66.0 logL = -918.1041118503183
Individual	V	P14459_101_S1	recombines	1	times
Individual	V	P14459_103_S3	recombines	1	times
Individual	V	P14459_105_S5	recombines	1	times
Individual	V	P14459_106_S6	recombines	1	times
Individual	V	P14459_107_S7	recombines	1	times
Individual	V	P14459_109_S9	recombines	1	times
Individual	V	P14459_110_S10	recombines	1	times
Individual	V	P14459_111_S11	recombines	1	times
Individual	V	P14459_112_S12	recombines	1	times
Individual	V	P14459_113_S13	recombines	1	times
Individual	V	P14459_116_S16	recombines	1	times
Individual	V	P14459_117_S17	recombines	1	times
Individual	V	P14459_119_S19	recombines	1	times
Individual	V	P14459_121_S21	recombines	1	times
Individual	V	P14459_122_S22	recombines	1	times
Individual	V	P14459_123_S23	recombines	1	times
Individual	V	P14459_124_S24	recombines	1	times
Individual	V	P14459_125_S25	recombines	1	times
Individual	V	P14459_126_S26	recombines	1	times
Individual	V	P14459_127_S27	recombines	1	times
Individual	V	P14459_128_S28	recombines	1	times
Individual	V	P14459_129_S29	recombines	1	times
Individual	V	P14459_130_S30	recombines	1	times
Individual	V	P14459_131_S31	recombines	1	times
Individual	V	P14459_132_S32	recombines	1	times
Individual	V	P14459_134_S34	recombines	1	times
Individual	V	P14459_136_S36	recombines	1	times
Individual	V	P14459_138_S38	recombines	1	times
Individual	V	P14459_139_S39	recombines	1	times
Individual	V	P14459_140_S40	recombines	1	times
Individual	V	P14459_141_S41	recombines	1	times
Individual	V	P14459_142_S42	recombines	1	times
Individual	V	P14459_144_S44	recombines	1	times
Individual	V	P14459_146_S46	recombines	1	times
Individual	V	P14459_148_S48	recombines	1	times
Individual	V	P14459_152_S52	recombines	1	times
Individual	V	P14459_153_S53	recombines	1	times
Individual	V	P14459_154_S54	recombines	1	times
Individual	V	P14459_155_S55	recombines	1	times
Individual	V	P14459_156_S56	recombines	1	times
Individual	V	P14459_157_S57	recombines	1	times
Individual	V	P14459_158_S58	recombines	1	times
Individual	V	P14459_159_S59	recombines	1	times
Individual	V	P14459_161_S61	recombines	1	times
Individual	V	P14459_162_S62	recombines	1	times
Individual	V	P14459_163_S63	recombines	1	times
Individual	V	P14459_164_S64	recombines	1	times
Individual	V	P14459_167_S67	recombines	1	times
Individual	V	P14459_168_S68	recombines	1	times
Individual	V	P14459_169_S69	recombines	1	times
Individual	V	P14459_171_S71	recombines	1	times
Individual	V	P14459_172_S72	recombines	1	times
Individual	V	P14459_173_S73	recombines	1	times
Individual	V	P14459_174_S74	recombines	1	times
Individual	V	P14459_176_S76	recombines	1	times
Individual	V	P14459_178_S78	recombines	1	times
Individual	V	P14459_179_S79	recombines	1	times
Individual	V	P14459_180_S80	recombines	1	times
Individual	V	P14459_182_S82	recombines	1	times
Individual	V	P14459_183_S83	recombines	1	times
Individual	V	P14459_185_S85	recombines	1	times
Individual	V	P14459_187_S87	recombines	1	times
Individual	V	P14459_189_S89	recombines	1	times
Individual	V	P14459_191_S91	recombines	1	times
Individual	V	P14459_192_S92	recombines	1	times
Individual	V	P14459_193_S93	recombines	1	times
#*** LG = 0 likelihood = -918.1041
#marker_number	male_position	female_position	( 0.0 )[	phased data]
21762	0.000	0.000	( 0 )	100110001000001110000011000101001100100011101000111001001110000000101111000001001000111111000000000000000000000000000000000000000000000000000000000000000000000000000000000000000000 0 0
21304	28.212	0.000	( 0 )	000111010100001010000001000100001100100011000000011111001100100100001011110000011000111011000000000000000000000000000000000000000000000000000000000000000000000000000000000000000000 23 0
21305	28.212	0.000	( 0 )	000111010100001010000001000100001100100011000000011111001100100100001011110000011000111011000000000000000000000000000000000000000000000000000000000000000000000000000000000000000000 0 0
21314	28.212	0.000	( 0 )	000111010100001010000001000100001100100011000000011111001100100100001011110000011000111011000000000000000000000000000000000000000000000000000000000000000000000000000000000000000000 0 0
21312	28.212	0.000	( 0 )	000111010100001010000001000100001100100011000000011111001100100100001011110000011000111011000000000000000000000000000000000000000000000000000000000000000000000000000000000000000000 0 0
21387	29.323	0.000	( 0 )	000011010100001010000001000100001100100011000000011111001100100100001011110000011000111011000000000000000000000000000000000000000000000000000000000000000000000000000000000000000000 1 0
21406	29.323	0.000	( 0 )	000011010100001010000001000100001100100011000000011111001100100100001011110000011000111011000000000000000000000000000000000000000000000000000000000000000000000000000000000000000000 0 0
21349	29.323	0.000	( 0 )	000011010100001010000001000100001100100011000000011111001100100100001011110000011000111011000000000000000000000000000000000000000000000000000000000000000000000000000000000000000000 0 0
21344	29.323	0.000	( 0 )	000011010100001010000001000100001100100011000000011111001100100100001011110000011000111011000000000000000000000000000000000000000000000000000000000000000000000000000000000000000000 0 0
21405	29.323	0.000	( 0 )	000011010100001010000001000100001100100011000000011111001100100100001011110000011000111011000000000000000000000000000000000000000000000000000000000000000000000000000000000000000000 0 0
21412	29.323	0.000	( 0 )	000011010100001010000001000100001100100011000000011111001100100100001011110000011000111011000000000000000000000000000000000000000000000000000000000000000000000000000000000000000000 0 0
21386	29.323	0.000	( 0 )	000011010100001010000001000100001100100011000000011111001100100100001011110000011000111011000000000000000000000000000000000000000000000000000000000000000000000000000000000000000000 0 0
21340	29.323	0.000	( 0 )	000011010100001010000001000100001100100011000000011111001100100100001011110000011000111011000000000000000000000000000000000000000000000000000000000000000000000000000000000000000000 0 0
21407	29.323	0.000	( 0 )	000011010100001010000001000100001100100011000000011111001100100100001011110000011000111011000000000000000000000000000000000000000000000000000000000000000000000000000000000000000000 0 0
21359	29.323	0.000	( 0 )	000011010100001010000001000100001100100011000000011111001100100100001011110000011000111011000000000000000000000000000000000000000000000000000000000000000000000000000000000000000000 0 0
21360	29.323	0.000	( 0 )	000011010100001010000001000100001100100011000000011111001100100100001011110000011000111011000000000000000000000000000000000000000000000000000000000000000000000000000000000000000000 0 0
21391	29.323	0.000	( 0 )	000011010100001010000001000100001100100011000000011111001100100100001011110000011000111011000000000000000000000000000000000000000000000000000000000000000000000000000000000000000000 0 0
21351	29.323	0.000	( 0 )	000011010100001010000001000100001100100011000000011111001100100100001011110000011000111011000000000000000000000000000000000000000000000000000000000000000000000000000000000000000000 0 0
21341	29.323	0.000	( 0 )	000011010100001010000001000100001100100011000000011111001100100100001011110000011000111011000000000000000000000000000000000000000000000000000000000000000000000000000000000000000000 0 0
21369	29.323	0.000	( 0 )	000011010100001010000001000100001100100011000000011111001100100100001011110000011000111011000000000000000000000000000000000000000000000000000000000000000000000000000000000000000000 0 0
21399	29.323	0.000	( 0 )	000011010100001010000001000100001100100011000000011111001100100100001011110000011000111011000000000000000000000000000000000000000000000000000000000000000000000000000000000000000000 0 0
21350	29.323	0.000	( 0 )	000011010100001010000001000100001100100011000000011111001100100100001011110000011000111011000000000000000000000000000000000000000000000000000000000000000000000000000000000000000000 0 0
21664	37.164	0.000	( 0 )	000001010101001010001001100100001100000111000000011111001100100100001011110000011100111011000000000000000000000000000000000000000000000000000000000000000000000000000000000000000000 7 0
21668	37.164	0.000	( 0 )	000001010101001010001001100100001100000111000000011111001100100100001011110000011100111011000000000000000000000000000000000000000000000000000000000000000000000000000000000000000000 0 0
21652	38.276	0.000	( 0 )	000001010101001010001001100100001100000111000000001111001100100100001011110000011100111011000000000000000000000000000000000000000000000000000000000000000000000000000000000000000000 1 0
21647	38.276	0.000	( 0 )	000001010101001010001001100100001100000111000000001111001100100100001011110000011100111011000000000000000000000000000000000000000000000000000000000000000000000000000000000000000000 0 0
21654	38.276	0.000	( 0 )	000001010101001010001001100100001100000111000000001111001100100100001011110000011100111011000000000000000000000000000000000000000000000000000000000000000000000000000000000000000000 0 0
21651	38.276	0.000	( 0 )	000001010101001010001001100100001100000111000000001111001100100100001011110000011100111011000000000000000000000000000000000000000000000000000000000000000000000000000000000000000000 0 0
21650	38.276	0.000	( 0 )	000001010101001010001001100100001100000111000000001111001100100100001011110000011100111011000000000000000000000000000000000000000000000000000000000000000000000000000000000000000000 0 0
21666	38.276	0.000	( 0 )	000001010101001010001001100100001100000111000000001111001100100100001011110000011100111011000000000000000000000000000000000000000000000000000000000000000000000000000000000000000000 0 0
21648	38.276	0.000	( 0 )	000001010101001010001001100100001100000111000000001111001100100100001011110000011100111011000000000000000000000000000000000000000000000000000000000000000000000000000000000000000000 0 0
21653	38.276	0.000	( 0 )	000001010101001010001001100100001100000111000000001111001100100100001011110000011100111011000000000000000000000000000000000000000000000000000000000000000000000000000000000000000000 0 0
21665	38.276	0.000	( 0 )	000001010101001010001001100100001100000111000000001111001100100100001011110000011100111011000000000000000000000000000000000000000000000000000000000000000000000000000000000000000000 0 0
21649	38.276	0.000	( 0 )	000001010101001010001001100100001100000111000000001111001100100100001011110000011100111011000000000000000000000000000000000000000000000000000000000000000000000000000000000000000000 0 0
21725	40.499	0.000	( 0 )	000001010101001010001001101100001101000111000000001111001100100100001011110000011100111011000000000000000000000000000000000000000000000000000000000000000000000000000000000000000000 2 0
21764	40.499	0.000	( 0 )	000001010101001010001001101100001101000111000000001111001100100100001011110000011100111011000000000000000000000000000000000000000000000000000000000000000000000000000000000000000000 0 0
21754	40.499	0.000	( 0 )	000001010101001010001001101100001101000111000000001111001100100100001011110000011100111011000000000000000000000000000000000000000000000000000000000000000000000000000000000000000000 0 0
21698	40.499	0.000	( 0 )	000001010101001010001001101100001101000111000000001111001100100100001011110000011100111011000000000000000000000000000000000000000000000000000000000000000000000000000000000000000000 0 0
21776	40.499	0.000	( 0 )	000001010101001010001001101100001101000111000000001111001100100100001011110000011100111011000000000000000000000000000000000000000000000000000000000000000000000000000000000000000000 0 0
21726	40.499	0.000	( 0 )	000001010101001010001001101100001101000111000000001111001100100100001011110000011100111011000000000000000000000000000000000000000000000000000000000000000000000000000000000000000000 0 0
21747	40.499	0.000	( 0 )	000001010101001010001001101100001101000111000000001111001100100100001011110000011100111011000000000000000000000000000000000000000000000000000000000000000000000000000000000000000000 0 0
21782	40.499	0.000	( 0 )	000001010101001010001001101100001101000111000000001111001100100100001011110000011100111011000000000000000000000000000000000000000000000000000000000000000000000000000000000000000000 0 0
21741	40.499	0.000	( 0 )	000001010101001010001001101100001101000111000000001111001100100100001011110000011100111011000000000000000000000000000000000000000000000000000000000000000000000000000000000000000000 0 0
21778	40.499	0.000	( 0 )	000001010101001010001001101100001101000111000000001111001100100100001011110000011100111011000000000000000000000000000000000000000000000000000000000000000000000000000000000000000000 0 0
21710	40.499	0.000	( 0 )	000001010101001010001001101100001101000111000000001111001100100100001011110000011100111011000000000000000000000000000000000000000000000000000000000000000000000000000000000000000000 0 0
21705	40.499	0.000	( 0 )	000001010101001010001001101100001101000111000000001111001100100100001011110000011100111011000000000000000000000000000000000000000000000000000000000000000000000000000000000000000000 0 0
21748	40.499	0.000	( 0 )	000001010101001010001001101100001101000111000000001111001100100100001011110000011100111011000000000000000000000000000000000000000000000000000000000000000000000000000000000000000000 0 0
21780	40.499	0.000	( 0 )	000001010101001010001001101100001101000111000000001111001100100100001011110000011100111011000000000000000000000000000000000000000000000000000000000000000000000000000000000000000000 0 0
21774	40.499	0.000	( 0 )	000001010101001010001001101100001101000111000000001111001100100100001011110000011100111011000000000000000000000000000000000000000000000000000000000000000000000000000000000000000000 0 0
21794	41.611	0.000	( 0 )	000001010101001010001001101100001101000111000000001111001000100100001011110000011100111011000000000000000000000000000000000000000000000000000000000000000000000000000000000000000000 1 0
21793	41.611	0.000	( 0 )	000001010101001010001001101100001101000111000000001111001000100100001011110000011100111011000000000000000000000000000000000000000000000000000000000000000000000000000000000000000000 0 0
21798	41.611	0.000	( 0 )	000001010101001010001001101100001101000111000000001111001000100100001011110000011100111011000000000000000000000000000000000000000000000000000000000000000000000000000000000000000000 0 0
21830	41.611	0.000	( 0 )	000001010101001010001001101100001101000111000000001111001000100100001011110000011100111011000000000000000000000000000000000000000000000000000000000000000000000000000000000000000000 0 0
21795	41.611	0.000	( 0 )	000001010101001010001001101100001101000111000000001111001000100100001011110000011100111011000000000000000000000000000000000000000000000000000000000000000000000000000000000000000000 0 0
21803	41.611	0.000	( 0 )	000001010101001010001001101100001101000111000000001111001000100100001011110000011100111011000000000000000000000000000000000000000000000000000000000000000000000000000000000000000000 0 0
21805	41.611	0.000	( 0 )	000001010101001010001001101100001101000111000000001111001000100100001011110000011100111011000000000000000000000000000000000000000000000000000000000000000000000000000000000000000000 0 0
21829	41.611	0.000	( 0 )	000001010101001010001001101100001101000111000000001111001000100100001011110000011100111011000000000000000000000000000000000000000000000000000000000000000000000000000000000000000000 0 0
21804	41.611	0.000	( 0 )	000001010101001010001001101100001101000111000000001111001000100100001011110000011100111011000000000000000000000000000000000000000000000000000000000000000000000000000000000000000000 0 0
21799	41.611	0.000	( 0 )	000001010101001010001001101100001101000111000000001111001000100100001011110000011100111011000000000000000000000000000000000000000000000000000000000000000000000000000000000000000000 0 0
21846	42.722	0.000	( 0 )	000001010101001010001001101100001101000111000000001111001000100100001011110000011100110011000000000000000000000000000000000000000000000000000000000000000000000000000000000000000000 1 0
21843	42.722	0.000	( 0 )	000001010101001010001001101100001101000111000000001111001000100100001011110000011100110011000000000000000000000000000000000000000000000000000000000000000000000000000000000000000000 0 0
21840	42.722	0.000	( 0 )	000001010101001010001001101100001101000111000000001111001000100100001011110000011100110011000000000000000000000000000000000000000000000000000000000000000000000000000000000000000000 0 0
21842	42.722	0.000	( 0 )	000001010101001010001001101100001101000111000000001111001000100100001011110000011100110011000000000000000000000000000000000000000000000000000000000000000000000000000000000000000000 0 0
21844	42.722	0.000	( 0 )	000001010101001010001001101100001101000111000000001111001000100100001011110000011100110011000000000000000000000000000000000000000000000000000000000000000000000000000000000000000000 0 0
21841	42.722	0.000	( 0 )	000001010101001010001001101100001101000111000000001111001000100100001011110000011100110011000000000000000000000000000000000000000000000000000000000000000000000000000000000000000000 0 0
21823	42.722	0.000	( 0 )	000001010101001010001001101100001101000111000000001111001000100100001011110000011100110011000000000000000000000000000000000000000000000000000000000000000000000000000000000000000000 0 0
21897	47.178	0.000	( 0 )	000001010101001010001101101100001101001111000000001110001000100110001011110000011100110011000000000000000000000000000000000000000000000000000000000000000000000000000000000000000000 4 0
21903	47.178	0.000	( 0 )	000001010101001010001101101100001101001111000000001110001000100110001011110000011100110011000000000000000000000000000000000000000000000000000000000000000000000000000000000000000000 0 0
21889	47.178	0.000	( 0 )	000001010101001010001101101100001101001111000000001110001000100110001011110000011100110011000000000000000000000000000000000000000000000000000000000000000000000000000000000000000000 0 0
21888	47.178	0.000	( 0 )	000001010101001010001101101100001101001111000000001110001000100110001011110000011100110011000000000000000000000000000000000000000000000000000000000000000000000000000000000000000000 0 0
21932	49.402	0.000	( 0 )	000001010101001010001101101100001101011111000000001110101000100110001011110000011100110011000000000000000000000000000000000000000000000000000000000000000000000000000000000000000000 2 0
21930	49.402	0.000	( 0 )	000001010101001010001101101100001101011111000000001110101000100110001011110000011100110011000000000000000000000000000000000000000000000000000000000000000000000000000000000000000000 0 0
21925	49.402	0.000	( 0 )	000001010101001010001101101100001101011111000000001110101000100110001011110000011100110011000000000000000000000000000000000000000000000000000000000000000000000000000000000000000000 0 0
21920	49.402	0.000	( 0 )	000001010101001010001101101100001101011111000000001110101000100110001011110000011100110011000000000000000000000000000000000000000000000000000000000000000000000000000000000000000000 0 0
21937	49.402	0.000	( 0 )	000001010101001010001101101100001101011111000000001110101000100110001011110000011100110011000000000000000000000000000000000000000000000000000000000000000000000000000000000000000000 0 0
21919	49.402	0.000	( 0 )	000001010101001010001101101100001101011111000000001110101000100110001011110000011100110011000000000000000000000000000000000000000000000000000000000000000000000000000000000000000000 0 0
21931	49.402	0.000	( 0 )	000001010101001010001101101100001101011111000000001110101000100110001011110000011100110011000000000000000000000000000000000000000000000000000000000000000000000000000000000000000000 0 0
21952	52.740	0.000	( 0 )	000001010111001010001101101100001101011101000000001110101000100110001011110010011100110011000000000000000000000000000000000000000000000000000000000000000000000000000000000000000000 3 0
22038	53.851	0.000	( 0 )	010001010111001010001101101100001101011101000000001110101000100110001011110010011100110011000000000000000000000000000000000000000000000000000000000000000000000000000000000000000000 1 0
22037	53.851	0.000	( 0 )	010001010111001010001101101100001101011101000000001110101000100110001011110010011100110011000000000000000000000000000000000000000000000000000000000000000000000000000000000000000000 0 0
22049	53.851	0.000	( 0 )	010001010111001010001101101100001101011101000000001110101000100110001011110010011100110011000000000000000000000000000000000000000000000000000000000000000000000000000000000000000000 0 0
22050	53.851	0.000	( 0 )	010001010111001010001101101100001101011101000000001110101000100110001011110010011100110011000000000000000000000000000000000000000000000000000000000000000000000000000000000000000000 0 0
21980	53.851	0.000	( 0 )	010001010111001010001101101100001101011101000000001110101000100110001011110010011100110011000000000000000000000000000000000000000000000000000000000000000000000000000000000000000000 0 0
21972	53.851	0.000	( 0 )	010001010111001010001101101100001101011101000000001110101000100110001011110010011100110011000000000000000000000000000000000000000000000000000000000000000000000000000000000000000000 0 0
21971	53.851	0.000	( 0 )	010001010111001010001101101100001101011101000000001110101000100110001011110010011100110011000000000000000000000000000000000000000000000000000000000000000000000000000000000000000000 0 0
22031	53.851	0.000	( 0 )	010001010111001010001101101100001101011101000000001110101000100110001011110010011100110011000000000000000000000000000000000000000000000000000000000000000000000000000000000000000000 0 0
21973	53.851	0.000	( 0 )	010001010111001010001101101100001101011101000000001110101000100110001011110010011100110011000000000000000000000000000000000000000000000000000000000000000000000000000000000000000000 0 0
22039	53.851	0.000	( 0 )	010001010111001010001101101100001101011101000000001110101000100110001011110010011100110011000000000000000000000000000000000000000000000000000000000000000000000000000000000000000000 0 0
22032	53.851	0.000	( 0 )	010001010111001010001101101100001101011101000000001110101000100110001011110010011100110011000000000000000000000000000000000000000000000000000000000000000000000000000000000000000000 0 0
22108	56.075	0.000	( 0 )	010001010111001010011101101100001101011101000000001110101000100110001001110010011100110011000000000000000000000000000000000000000000000000000000000000000000000000000000000000000000 2 0
22110	56.075	0.000	( 0 )	010001010111001010011101101100001101011101000000001110101000100110001001110010011100110011000000000000000000000000000000000000000000000000000000000000000000000000000000000000000000 0 0
22103	56.075	0.000	( 0 )	010001010111001010011101101100001101011101000000001110101000100110001001110010011100110011000000000000000000000000000000000000000000000000000000000000000000000000000000000000000000 0 0
22137	57.186	0.000	( 0 )	010001010111001010011101101100001101011101000000001110101000100110000001110010011100110011000000000000000000000000000000000000000000000000000000000000000000000000000000000000000000 1 0
22138	57.186	0.000	( 0 )	010001010111001010011101101100001101011101000000001110101000100110000001110010011100110011000000000000000000000000000000000000000000000000000000000000000000000000000000000000000000 0 0
22144	59.410	0.000	( 0 )	010001010111001010011101101100011101011101000000001110101000100110000001111010011100110011000000000000000000000000000000000000000000000000000000000000000000000000000000000000000000 2 0
22145	59.410	0.000	( 0 )	010001010111001010011101101100011101011101000000001110101000100110000001111010011100110011000000000000000000000000000000000000000000000000000000000000000000000000000000000000000000 0 0
22141	59.410	0.000	( 0 )	010001010111001010011101101100011101011101000000001110101000100110000001111010011100110011000000000000000000000000000000000000000000000000000000000000000000000000000000000000000000 0 0
22252	60.521	0.000	( 0 )	010001010111001010011101101100011101011101000000001110111000100110000001111010011100110011000000000000000000000000000000000000000000000000000000000000000000000000000000000000000000 1 0
22216	60.521	0.000	( 0 )	010001010111001010011101101100011101011101000000001110111000100110000001111010011100110011000000000000000000000000000000000000000000000000000000000000000000000000000000000000000000 0 0
22237	60.521	0.000	( 0 )	010001010111001010011101101100011101011101000000001110111000100110000001111010011100110011000000000000000000000000000000000000000000000000000000000000000000000000000000000000000000 0 0
22229	60.521	0.000	( 0 )	010001010111001010011101101100011101011101000000001110111000100110000001111010011100110011000000000000000000000000000000000000000000000000000000000000000000000000000000000000000000 0 0
22253	61.633	0.000	( 0 )	010001010111000010011101101100011101011101000000001110111000100110000001111010011100110011000000000000000000000000000000000000000000000000000000000000000000000000000000000000000000 1 0
22255	61.633	0.000	( 0 )	010001010111000010011101101100011101011101000000001110111000100110000001111010011100110011000000000000000000000000000000000000000000000000000000000000000000000000000000000000000000 0 0
22254	61.633	0.000	( 0 )	010001010111000010011101101100011101011101000000001110111000100110000001111010011100110011000000000000000000000000000000000000000000000000000000000000000000000000000000000000000000 0 0
22298	62.744	0.000	( 0 )	010001010111000010011101101100011101011101000000000110111000100110000001111010011100110011000000000000000000000000000000000000000000000000000000000000000000000000000000000000000000 1 0
22299	62.744	0.000	( 0 )	010001010111000010011101101100011101011101000000000110111000100110000001111010011100110011000000000000000000000000000000000000000000000000000000000000000000000000000000000000000000 0 0
22300	62.744	0.000	( 0 )	010001010111000010011101101100011101011101000000000110111000100110000001111010011100110011000000000000000000000000000000000000000000000000000000000000000000000000000000000000000000 0 0
22297	62.744	0.000	( 0 )	010001010111000010011101101100011101011101000000000110111000100110000001111010011100110011000000000000000000000000000000000000000000000000000000000000000000000000000000000000000000 0 0
22295	62.744	0.000	( 0 )	010001010111000010011101101100011101011101000000000110111000100110000001111010011100110011000000000000000000000000000000000000000000000000000000000000000000000000000000000000000000 0 0
22331	63.855	0.000	( 0 )	010001010111000011011101101100011101011101000000000110111000100110000001111010011100110011000000000000000000000000000000000000000000000000000000000000000000000000000000000000000000 1 0
22325	63.855	0.000	( 0 )	010001010111000011011101101100011101011101000000000110111000100110000001111010011100110011000000000000000000000000000000000000000000000000000000000000000000000000000000000000000000 0 0
22323	63.855	0.000	( 0 )	010001010111000011011101101100011101011101000000000110111000100110000001111010011100110011000000000000000000000000000000000000000000000000000000000000000000000000000000000000000000 0 0
22327	63.855	0.000	( 0 )	010001010111000011011101101100011101011101000000000110111000100110000001111010011100110011000000000000000000000000000000000000000000000000000000000000000000000000000000000000000000 0 0
22329	63.855	0.000	( 0 )	010001010111000011011101101100011101011101000000000110111000100110000001111010011100110011000000000000000000000000000000000000000000000000000000000000000000000000000000000000000000 0 0
22347	64.967	0.000	( 0 )	010001010111000011011101101000011101011101000000000110111000100110000001111010011100110011000000000000000000000000000000000000000000000000000000000000000000000000000000000000000000 1 0
22348	64.967	0.000	( 0 )	010001010111000011011101101000011101011101000000000110111000100110000001111010011100110011000000000000000000000000000000000000000000000000000000000000000000000000000000000000000000 0 0
22349	64.967	0.000	( 0 )	010001010111000011011101101000011101011101000000000110111000100110000001111010011100110011000000000000000000000000000000000000000000000000000000000000000000000000000000000000000000 0 0
22361	66.078	0.000	( 0 )	010001010111000011011101101000011101011101000000000110111000101110000001111010011100110011000000000000000000000000000000000000000000000000000000000000000000000000000000000000000000 1 0
22419	75.062	0.000	( 0 )	010001010111000011011100111010111001011101000000000110111001101110010001111010011100100011000000000000000000000000000000000000000000000000000000000000000000000000000000000000000000 8 0
22416	75.062	0.000	( 0 )	010001010111000011011100111010111001011101000000000110111001101110010001111010011100100011000000000000000000000000000000000000000000000000000000000000000000000000000000000000000000 0 0
22452	76.173	0.000	( 0 )	010001010111000011011100111010111001011101000000000110111001101110010001111010011101100011000000000000000000000000000000000000000000000000000000000000000000000000000000000000000000 1 0
22448	76.173	0.000	( 0 )	010001010111000011011100111010111001011101000000000110111001101110010001111010011101100011000000000000000000000000000000000000000000000000000000000000000000000000000000000000000000 0 0
22445	76.173	0.000	( 0 )	010001010111000011011100111010111001011101000000000110111001101110010001111010011101100011000000000000000000000000000000000000000000000000000000000000000000000000000000000000000000 0 0
22449	76.173	0.000	( 0 )	010001010111000011011100111010111001011101000000000110111001101110010001111010011101100011000000000000000000000000000000000000000000000000000000000000000000000000000000000000000000 0 0
22451	76.173	0.000	( 0 )	010001010111000011011100111010111001011101000000000110111001101110010001111010011101100011000000000000000000000000000000000000000000000000000000000000000000000000000000000000000000 0 0
22453	76.173	0.000	( 0 )	010001010111000011011100111010111001011101000000000110111001101110010001111010011101100011000000000000000000000000000000000000000000000000000000000000000000000000000000000000000000 0 0
22456	76.173	0.000	( 0 )	010001010111000011011100111010111001011101000000000110111001101110010001111010011101100011000000000000000000000000000000000000000000000000000000000000000000000000000000000000000000 0 0
22446	76.173	0.000	( 0 )	010001010111000011011100111010111001011101000000000110111001101110010001111010011101100011000000000000000000000000000000000000000000000000000000000000000000000000000000000000000000 0 0
22458	76.173	0.000	( 0 )	010001010111000011011100111010111001011101000000000110111001101110010001111010011101100011000000000000000000000000000000000000000000000000000000000000000000000000000000000000000000 0 0
