#java OrderMarkers2 data=- evaluateOrder=reordermarkers/iterations/ordered.18.1 useKosambi=1 numThreads=4 calculateIntervals=intervals/ordered.18.intervals randSeed=5793562325771094828
Loading file
No grandparents present in family V
Number of individuals = 92
Number of families = 1
File loaded with 31656 SNPs
Number of individuals = 92 excluding grandparents
Number of families = 1
Number of markers = 212
Setting dataScale to 0.42452830188679247 all likelihoods will be multiplied by 2.3555555555555556
Initial score = -1676.1008628533064
Iteration 1 of 6
884884288488421 done
Polishing map...
score = -1676.1008628533064
score = -1676.1008628533064
score = -1676.1008628533064
score = -1676.1008628533064
Iteration 2 of 6
884884288488421 done
Polishing map...
score = -1685.4649878133773
score = -1685.4649878133773
score = -1676.1008628533064
score = -1676.1008628533064
Iteration 3 of 6
884884288488421 done
Polishing map...
score = -1707.3570243378415
score = -1685.4649878133773
score = -1676.1008628533064
score = -1676.1008628533064
Iteration 4 of 6
884884288488421 done
Polishing map...
score = -1695.0272277406189
score = -1685.4649878133773
score = -1676.1008628533064
score = -1676.1008628533064
Iteration 5 of 6
884884288488421 done
Polishing map...
score = -1676.1008628533064
score = -1676.1008628533064
score = -1676.1008628533064
score = -1676.1008628533064
Iteration 6 of 6
884884288488421 done
Polishing map...
score = -1676.1008628533064
score = -1676.1008628533064
score = -1676.1008628533064
score = -1676.1008628533064
Final score = -1676.1008628533064
Setting dataScale to 0.42452830188679247 all likelihoods will be multiplied by 2.3555555555555556
logL = -1676.1008628533064
number of recombinations = 69.0 logL = -1676.1008628533064
Individual	V	P14459_101_S1	recombines	1	times
Individual	V	P14459_105_S5	recombines	1	times
Individual	V	P14459_106_S6	recombines	1	times
Individual	V	P14459_107_S7	recombines	1	times
Individual	V	P14459_108_S8	recombines	1	times
Individual	V	P14459_109_S9	recombines	1	times
Individual	V	P14459_111_S11	recombines	1	times
Individual	V	P14459_112_S12	recombines	2	times
Individual	V	P14459_113_S13	recombines	1	times
Individual	V	P14459_114_S14	recombines	1	times
Individual	V	P14459_115_S15	recombines	1	times
Individual	V	P14459_116_S16	recombines	1	times
Individual	V	P14459_119_S19	recombines	1	times
Individual	V	P14459_120_S20	recombines	1	times
Individual	V	P14459_121_S21	recombines	1	times
Individual	V	P14459_123_S23	recombines	1	times
Individual	V	P14459_124_S24	recombines	1	times
Individual	V	P14459_125_S25	recombines	1	times
Individual	V	P14459_126_S26	recombines	1	times
Individual	V	P14459_127_S27	recombines	1	times
Individual	V	P14459_128_S28	recombines	1	times
Individual	V	P14459_129_S29	recombines	1	times
Individual	V	P14459_131_S31	recombines	1	times
Individual	V	P14459_132_S32	recombines	1	times
Individual	V	P14459_134_S34	recombines	1	times
Individual	V	P14459_135_S35	recombines	1	times
Individual	V	P14459_138_S38	recombines	1	times
Individual	V	P14459_139_S39	recombines	1	times
Individual	V	P14459_140_S40	recombines	1	times
Individual	V	P14459_141_S41	recombines	1	times
Individual	V	P14459_142_S42	recombines	1	times
Individual	V	P14459_144_S44	recombines	1	times
Individual	V	P14459_146_S46	recombines	1	times
Individual	V	P14459_147_S47	recombines	1	times
Individual	V	P14459_149_S49	recombines	1	times
Individual	V	P14459_150_S50	recombines	1	times
Individual	V	P14459_151_S51	recombines	1	times
Individual	V	P14459_152_S52	recombines	1	times
Individual	V	P14459_153_S53	recombines	1	times
Individual	V	P14459_154_S54	recombines	1	times
Individual	V	P14459_155_S55	recombines	1	times
Individual	V	P14459_158_S58	recombines	1	times
Individual	V	P14459_160_S60	recombines	1	times
Individual	V	P14459_162_S62	recombines	1	times
Individual	V	P14459_163_S63	recombines	1	times
Individual	V	P14459_164_S64	recombines	1	times
Individual	V	P14459_166_S66	recombines	1	times
Individual	V	P14459_167_S67	recombines	1	times
Individual	V	P14459_168_S68	recombines	1	times
Individual	V	P14459_169_S69	recombines	1	times
Individual	V	P14459_170_S70	recombines	1	times
Individual	V	P14459_171_S71	recombines	1	times
Individual	V	P14459_172_S72	recombines	1	times
Individual	V	P14459_173_S73	recombines	1	times
Individual	V	P14459_176_S76	recombines	1	times
Individual	V	P14459_177_S77	recombines	1	times
Individual	V	P14459_179_S79	recombines	1	times
Individual	V	P14459_181_S81	recombines	1	times
Individual	V	P14459_183_S83	recombines	1	times
Individual	V	P14459_184_S84	recombines	1	times
Individual	V	P14459_185_S85	recombines	1	times
Individual	V	P14459_187_S87	recombines	1	times
Individual	V	P14459_189_S89	recombines	1	times
Individual	V	P14459_190_S90	recombines	1	times
Individual	V	P14459_191_S91	recombines	1	times
Individual	V	P14459_192_S92	recombines	1	times
Individual	V	P14459_194_S94	recombines	1	times
Individual	V	P14459_195_S95	recombines	1	times
#*** LG = 0 likelihood = -1676.1009
#marker_number	male_position	female_position	( 0.0 )[	phased data]
5404	0.000	0.000	( 0 )	101101111000001111100110001011000111101011000101101001011101001010111100111101110011101111000000000000000000000000000000000000000000000000000000000000000000000000000000000000000000 0 0
5387	1.111	0.000	( 0 )	101111111000001111100110001011000111101011000101101001011101001010111100111101110011101111000000000000000000000000000000000000000000000000000000000000000000000000000000000000000000 1 0
5434	1.111	0.000	( 0 )	101111111000001111100110001011000111101011000101101001011101001010111100111101110011101111000000000000000000000000000000000000000000000000000000000000000000000000000000000000000000 0 0
5475	1.111	0.000	( 0 )	101111111000001111100110001011000111101011000101101001011101001010111100111101110011101111000000000000000000000000000000000000000000000000000000000000000000000000000000000000000000 0 0
5367	1.111	0.000	( 0 )	101111111000001111100110001011000111101011000101101001011101001010111100111101110011101111000000000000000000000000000000000000000000000000000000000000000000000000000000000000000000 0 0
5477	1.111	0.000	( 0 )	101111111000001111100110001011000111101011000101101001011101001010111100111101110011101111000000000000000000000000000000000000000000000000000000000000000000000000000000000000000000 0 0
5478	1.111	0.000	( 0 )	101111111000001111100110001011000111101011000101101001011101001010111100111101110011101111000000000000000000000000000000000000000000000000000000000000000000000000000000000000000000 0 0
5366	1.111	0.000	( 0 )	101111111000001111100110001011000111101011000101101001011101001010111100111101110011101111000000000000000000000000000000000000000000000000000000000000000000000000000000000000000000 0 0
5394	1.111	0.000	( 0 )	101111111000001111100110001011000111101011000101101001011101001010111100111101110011101111000000000000000000000000000000000000000000000000000000000000000000000000000000000000000000 0 0
5381	1.111	0.000	( 0 )	101111111000001111100110001011000111101011000101101001011101001010111100111101110011101111000000000000000000000000000000000000000000000000000000000000000000000000000000000000000000 0 0
5449	1.111	0.000	( 0 )	101111111000001111100110001011000111101011000101101001011101001010111100111101110011101111000000000000000000000000000000000000000000000000000000000000000000000000000000000000000000 0 0
5364	1.111	0.000	( 0 )	101111111000001111100110001011000111101011000101101001011101001010111100111101110011101111000000000000000000000000000000000000000000000000000000000000000000000000000000000000000000 0 0
5365	1.111	0.000	( 0 )	101111111000001111100110001011000111101011000101101001011101001010111100111101110011101111000000000000000000000000000000000000000000000000000000000000000000000000000000000000000000 0 0
5450	1.111	0.000	( 0 )	101111111000001111100110001011000111101011000101101001011101001010111100111101110011101111000000000000000000000000000000000000000000000000000000000000000000000000000000000000000000 0 0
5386	1.111	0.000	( 0 )	101111111000001111100110001011000111101011000101101001011101001010111100111101110011101111000000000000000000000000000000000000000000000000000000000000000000000000000000000000000000 0 0
5479	1.111	0.000	( 0 )	101111111000001111100110001011000111101011000101101001011101001010111100111101110011101111000000000000000000000000000000000000000000000000000000000000000000000000000000000000000000 0 0
5395	1.111	0.000	( 0 )	101111111000001111100110001011000111101011000101101001011101001010111100111101110011101111000000000000000000000000000000000000000000000000000000000000000000000000000000000000000000 0 0
5433	1.111	0.000	( 0 )	101111111000001111100110001011000111101011000101101001011101001010111100111101110011101111000000000000000000000000000000000000000000000000000000000000000000000000000000000000000000 0 0
5476	1.111	0.000	( 0 )	101111111000001111100110001011000111101011000101101001011101001010111100111101110011101111000000000000000000000000000000000000000000000000000000000000000000000000000000000000000000 0 0
5389	1.111	0.000	( 0 )	101111111000001111100110001011000111101011000101101001011101001010111100111101110011101111000000000000000000000000000000000000000000000000000000000000000000000000000000000000000000 0 0
5426	1.111	0.000	( 0 )	101111111000001111100110001011000111101011000101101001011101001010111100111101110011101111000000000000000000000000000000000000000000000000000000000000000000000000000000000000000000 0 0
5454	1.111	0.000	( 0 )	101111111000001111100110001011000111101011000101101001011101001010111100111101110011101111000000000000000000000000000000000000000000000000000000000000000000000000000000000000000000 0 0
5384	1.111	0.000	( 0 )	101111111000001111100110001011000111101011000101101001011101001010111100111101110011101111000000000000000000000000000000000000000000000000000000000000000000000000000000000000000000 0 0
5329	3.335	0.000	( 0 )	101111111000001111100110001011001111101011000001101001011101001010111100111101110011101111000000000000000000000000000000000000000000000000000000000000000000000000000000000000000000 2 0
5348	3.335	0.000	( 0 )	101111111000001111100110001011001111101011000001101001011101001010111100111101110011101111000000000000000000000000000000000000000000000000000000000000000000000000000000000000000000 0 0
5282	4.446	0.000	( 0 )	101111111010001111100110001011001111101011000001101001011101001010111100111101110011101111000000000000000000000000000000000000000000000000000000000000000000000000000000000000000000 1 0
5323	4.446	0.000	( 0 )	101111111010001111100110001011001111101011000001101001011101001010111100111101110011101111000000000000000000000000000000000000000000000000000000000000000000000000000000000000000000 0 0
5328	4.446	0.000	( 0 )	101111111010001111100110001011001111101011000001101001011101001010111100111101110011101111000000000000000000000000000000000000000000000000000000000000000000000000000000000000000000 0 0
5324	4.446	0.000	( 0 )	101111111010001111100110001011001111101011000001101001011101001010111100111101110011101111000000000000000000000000000000000000000000000000000000000000000000000000000000000000000000 0 0
5193	4.446	0.000	( 0 )	101111111010001111100110001011001111101011000001101001011101001010111100111101110011101111000000000000000000000000000000000000000000000000000000000000000000000000000000000000000000 0 0
5332	4.446	0.000	( 0 )	101111111010001111100110001011001111101011000001101001011101001010111100111101110011101111000000000000000000000000000000000000000000000000000000000000000000000000000000000000000000 0 0
5201	4.446	0.000	( 0 )	101111111010001111100110001011001111101011000001101001011101001010111100111101110011101111000000000000000000000000000000000000000000000000000000000000000000000000000000000000000000 0 0
5206	4.446	0.000	( 0 )	101111111010001111100110001011001111101011000001101001011101001010111100111101110011101111000000000000000000000000000000000000000000000000000000000000000000000000000000000000000000 0 0
5205	4.446	0.000	( 0 )	101111111010001111100110001011001111101011000001101001011101001010111100111101110011101111000000000000000000000000000000000000000000000000000000000000000000000000000000000000000000 0 0
5326	4.446	0.000	( 0 )	101111111010001111100110001011001111101011000001101001011101001010111100111101110011101111000000000000000000000000000000000000000000000000000000000000000000000000000000000000000000 0 0
5237	4.446	0.000	( 0 )	101111111010001111100110001011001111101011000001101001011101001010111100111101110011101111000000000000000000000000000000000000000000000000000000000000000000000000000000000000000000 0 0
5359	5.558	0.000	( 0 )	101111111010001111100110011011001111101011000001101001011101001010111100111101110011101111000000000000000000000000000000000000000000000000000000000000000000000000000000000000000000 1 0
5171	5.558	0.000	( 0 )	101111111010001111100110011011001111101011000001101001011101001010111100111101110011101111000000000000000000000000000000000000000000000000000000000000000000000000000000000000000000 0 0
5170	5.558	0.000	( 0 )	101111111010001111100110011011001111101011000001101001011101001010111100111101110011101111000000000000000000000000000000000000000000000000000000000000000000000000000000000000000000 0 0
5164	7.781	0.000	( 0 )	001111111010001111100110011011001111101111000001101001011101001010111100111101110011101111000000000000000000000000000000000000000000000000000000000000000000000000000000000000000000 2 0
5121	10.005	0.000	( 0 )	001111111010001111100110011011001111101111000001101001011111001010111100111101110111101111000000000000000000000000000000000000000000000000000000000000000000000000000000000000000000 2 0
5127	11.116	0.000	( 0 )	001111111010001111100110011011001111101111000001101001011111001010111100111101110111100111000000000000000000000000000000000000000000000000000000000000000000000000000000000000000000 1 0
5108	20.101	0.000	( 0 )	001111111010001111110010011011001111101111000000101001111111101011111100111101110111100100000000000000000000000000000000000000000000000000000000000000000000000000000000000000000000 8 0
5085	20.101	0.000	( 0 )	001111111010001111110010011011001111101111000000101001111111101011111100111101110111100100000000000000000000000000000000000000000000000000000000000000000000000000000000000000000000 0 0
5098	20.101	0.000	( 0 )	001111111010001111110010011011001111101111000000101001111111101011111100111101110111100100000000000000000000000000000000000000000000000000000000000000000000000000000000000000000000 0 0
5089	20.101	0.000	( 0 )	001111111010001111110010011011001111101111000000101001111111101011111100111101110111100100000000000000000000000000000000000000000000000000000000000000000000000000000000000000000000 0 0
5088	20.101	0.000	( 0 )	001111111010001111110010011011001111101111000000101001111111101011111100111101110111100100000000000000000000000000000000000000000000000000000000000000000000000000000000000000000000 0 0
5102	20.101	0.000	( 0 )	001111111010001111110010011011001111101111000000101001111111101011111100111101110111100100000000000000000000000000000000000000000000000000000000000000000000000000000000000000000000 0 0
5104	20.101	0.000	( 0 )	001111111010001111110010011011001111101111000000101001111111101011111100111101110111100100000000000000000000000000000000000000000000000000000000000000000000000000000000000000000000 0 0
5110	20.101	0.000	( 0 )	001111111010001111110010011011001111101111000000101001111111101011111100111101110111100100000000000000000000000000000000000000000000000000000000000000000000000000000000000000000000 0 0
5101	20.101	0.000	( 0 )	001111111010001111110010011011001111101111000000101001111111101011111100111101110111100100000000000000000000000000000000000000000000000000000000000000000000000000000000000000000000 0 0
5109	20.101	0.000	( 0 )	001111111010001111110010011011001111101111000000101001111111101011111100111101110111100100000000000000000000000000000000000000000000000000000000000000000000000000000000000000000000 0 0
5097	20.101	0.000	( 0 )	001111111010001111110010011011001111101111000000101001111111101011111100111101110111100100000000000000000000000000000000000000000000000000000000000000000000000000000000000000000000 0 0
5096	20.101	0.000	( 0 )	001111111010001111110010011011001111101111000000101001111111101011111100111101110111100100000000000000000000000000000000000000000000000000000000000000000000000000000000000000000000 0 0
5064	22.324	0.000	( 0 )	001111111010001111110010011011001111101101000000101001111111101001111100111101110111100100000000000000000000000000000000000000000000000000000000000000000000000000000000000000000000 2 0
5067	23.436	0.000	( 0 )	001111111010001111110010011011001111001101000000101001111111101001111100111101110111100100000000000000000000000000000000000000000000000000000000000000000000000000000000000000000000 1 0
5068	23.436	0.000	( 0 )	001111111010001111110010011011001111001101000000101001111111101001111100111101110111100100000000000000000000000000000000000000000000000000000000000000000000000000000000000000000000 0 0
5079	23.436	0.000	( 0 )	001111111010001111110010011011001111001101000000101001111111101001111100111101110111100100000000000000000000000000000000000000000000000000000000000000000000000000000000000000000000 0 0
5071	23.436	0.000	( 0 )	001111111010001111110010011011001111001101000000101001111111101001111100111101110111100100000000000000000000000000000000000000000000000000000000000000000000000000000000000000000000 0 0
5073	23.436	0.000	( 0 )	001111111010001111110010011011001111001101000000101001111111101001111100111101110111100100000000000000000000000000000000000000000000000000000000000000000000000000000000000000000000 0 0
5078	23.436	0.000	( 0 )	001111111010001111110010011011001111001101000000101001111111101001111100111101110111100100000000000000000000000000000000000000000000000000000000000000000000000000000000000000000000 0 0
5069	23.436	0.000	( 0 )	001111111010001111110010011011001111001101000000101001111111101001111100111101110111100100000000000000000000000000000000000000000000000000000000000000000000000000000000000000000000 0 0
5072	23.436	0.000	( 0 )	001111111010001111110010011011001111001101000000101001111111101001111100111101110111100100000000000000000000000000000000000000000000000000000000000000000000000000000000000000000000 0 0
5070	23.436	0.000	( 0 )	001111111010001111110010011011001111001101000000101001111111101001111100111101110111100100000000000000000000000000000000000000000000000000000000000000000000000000000000000000000000 0 0
5077	23.436	0.000	( 0 )	001111111010001111110010011011001111001101000000101001111111101001111100111101110111100100000000000000000000000000000000000000000000000000000000000000000000000000000000000000000000 0 0
5075	23.436	0.000	( 0 )	001111111010001111110010011011001111001101000000101001111111101001111100111101110111100100000000000000000000000000000000000000000000000000000000000000000000000000000000000000000000 0 0
5034	24.547	0.000	( 0 )	001111111010001111110000011011001111001101000000101001111111101001111100111101110111100100000000000000000000000000000000000000000000000000000000000000000000000000000000000000000000 1 0
5033	24.547	0.000	( 0 )	001111111010001111110000011011001111001101000000101001111111101001111100111101110111100100000000000000000000000000000000000000000000000000000000000000000000000000000000000000000000 0 0
5013	24.547	0.000	( 0 )	001111111010001111110000011011001111001101000000101001111111101001111100111101110111100100000000000000000000000000000000000000000000000000000000000000000000000000000000000000000000 0 0
4987	25.658	0.000	( 0 )	001111111010001111110000011011001111001101000000101001111111101001111100111101110111000100000000000000000000000000000000000000000000000000000000000000000000000000000000000000000000 1 0
4990	25.658	0.000	( 0 )	001111111010001111110000011011001111001101000000101001111111101001111100111101110111000100000000000000000000000000000000000000000000000000000000000000000000000000000000000000000000 0 0
4964	26.769	0.000	( 0 )	001111111010001111110000011011001111001101000000101001111110101001111100111101110111000100000000000000000000000000000000000000000000000000000000000000000000000000000000000000000000 1 0
4963	26.769	0.000	( 0 )	001111111010001111110000011011001111001101000000101001111110101001111100111101110111000100000000000000000000000000000000000000000000000000000000000000000000000000000000000000000000 0 0
4968	26.769	0.000	( 0 )	001111111010001111110000011011001111001101000000101001111110101001111100111101110111000100000000000000000000000000000000000000000000000000000000000000000000000000000000000000000000 0 0
4967	26.769	0.000	( 0 )	001111111010001111110000011011001111001101000000101001111110101001111100111101110111000100000000000000000000000000000000000000000000000000000000000000000000000000000000000000000000 0 0
4912	28.993	0.000	( 0 )	001111111010001111110000011011001111001101000000101101111110111001111100111101110111000100000000000000000000000000000000000000000000000000000000000000000000000000000000000000000000 2 0
4938	28.993	0.000	( 0 )	001111111010001111110000011011001111001101000000101101111110111001111100111101110111000100000000000000000000000000000000000000000000000000000000000000000000000000000000000000000000 0 0
4944	28.993	0.000	( 0 )	001111111010001111110000011011001111001101000000101101111110111001111100111101110111000100000000000000000000000000000000000000000000000000000000000000000000000000000000000000000000 0 0
4908	28.993	0.000	( 0 )	001111111010001111110000011011001111001101000000101101111110111001111100111101110111000100000000000000000000000000000000000000000000000000000000000000000000000000000000000000000000 0 0
4947	28.993	0.000	( 0 )	001111111010001111110000011011001111001101000000101101111110111001111100111101110111000100000000000000000000000000000000000000000000000000000000000000000000000000000000000000000000 0 0
4943	28.993	0.000	( 0 )	001111111010001111110000011011001111001101000000101101111110111001111100111101110111000100000000000000000000000000000000000000000000000000000000000000000000000000000000000000000000 0 0
4916	28.993	0.000	( 0 )	001111111010001111110000011011001111001101000000101101111110111001111100111101110111000100000000000000000000000000000000000000000000000000000000000000000000000000000000000000000000 0 0
4919	28.993	0.000	( 0 )	001111111010001111110000011011001111001101000000101101111110111001111100111101110111000100000000000000000000000000000000000000000000000000000000000000000000000000000000000000000000 0 0
4942	28.993	0.000	( 0 )	001111111010001111110000011011001111001101000000101101111110111001111100111101110111000100000000000000000000000000000000000000000000000000000000000000000000000000000000000000000000 0 0
4937	28.993	0.000	( 0 )	001111111010001111110000011011001111001101000000101101111110111001111100111101110111000100000000000000000000000000000000000000000000000000000000000000000000000000000000000000000000 0 0
4917	28.993	0.000	( 0 )	001111111010001111110000011011001111001101000000101101111110111001111100111101110111000100000000000000000000000000000000000000000000000000000000000000000000000000000000000000000000 0 0
4945	28.993	0.000	( 0 )	001111111010001111110000011011001111001101000000101101111110111001111100111101110111000100000000000000000000000000000000000000000000000000000000000000000000000000000000000000000000 0 0
4922	28.993	0.000	( 0 )	001111111010001111110000011011001111001101000000101101111110111001111100111101110111000100000000000000000000000000000000000000000000000000000000000000000000000000000000000000000000 0 0
4929	28.993	0.000	( 0 )	001111111010001111110000011011001111001101000000101101111110111001111100111101110111000100000000000000000000000000000000000000000000000000000000000000000000000000000000000000000000 0 0
4946	28.993	0.000	( 0 )	001111111010001111110000011011001111001101000000101101111110111001111100111101110111000100000000000000000000000000000000000000000000000000000000000000000000000000000000000000000000 0 0
4907	28.993	0.000	( 0 )	001111111010001111110000011011001111001101000000101101111110111001111100111101110111000100000000000000000000000000000000000000000000000000000000000000000000000000000000000000000000 0 0
4847	30.104	0.000	( 0 )	001111111010001111110000011011001111001101010000101101111110111001111100111101110111000100000000000000000000000000000000000000000000000000000000000000000000000000000000000000000000 1 0
4838	30.104	0.000	( 0 )	001111111010001111110000011011001111001101010000101101111110111001111100111101110111000100000000000000000000000000000000000000000000000000000000000000000000000000000000000000000000 0 0
4850	30.104	0.000	( 0 )	001111111010001111110000011011001111001101010000101101111110111001111100111101110111000100000000000000000000000000000000000000000000000000000000000000000000000000000000000000000000 0 0
4851	30.104	0.000	( 0 )	001111111010001111110000011011001111001101010000101101111110111001111100111101110111000100000000000000000000000000000000000000000000000000000000000000000000000000000000000000000000 0 0
4853	30.104	0.000	( 0 )	001111111010001111110000011011001111001101010000101101111110111001111100111101110111000100000000000000000000000000000000000000000000000000000000000000000000000000000000000000000000 0 0
4840	30.104	0.000	( 0 )	001111111010001111110000011011001111001101010000101101111110111001111100111101110111000100000000000000000000000000000000000000000000000000000000000000000000000000000000000000000000 0 0
4776	30.104	0.000	( 0 )	001111111010001111110000011011001111001101010000101101111110111001111100111101110111000100000000000000000000000000000000000000000000000000000000000000000000000000000000000000000000 0 0
4837	30.104	0.000	( 0 )	001111111010001111110000011011001111001101010000101101111110111001111100111101110111000100000000000000000000000000000000000000000000000000000000000000000000000000000000000000000000 0 0
4835	30.104	0.000	( 0 )	001111111010001111110000011011001111001101010000101101111110111001111100111101110111000100000000000000000000000000000000000000000000000000000000000000000000000000000000000000000000 0 0
4763	30.104	0.000	( 0 )	001111111010001111110000011011001111001101010000101101111110111001111100111101110111000100000000000000000000000000000000000000000000000000000000000000000000000000000000000000000000 0 0
4887	30.104	0.000	( 0 )	001111111010001111110000011011001111001101010000101101111110111001111100111101110111000100000000000000000000000000000000000000000000000000000000000000000000000000000000000000000000 0 0
4830	30.104	0.000	( 0 )	001111111010001111110000011011001111001101010000101101111110111001111100111101110111000100000000000000000000000000000000000000000000000000000000000000000000000000000000000000000000 0 0
4839	30.104	0.000	( 0 )	001111111010001111110000011011001111001101010000101101111110111001111100111101110111000100000000000000000000000000000000000000000000000000000000000000000000000000000000000000000000 0 0
4886	30.104	0.000	( 0 )	001111111010001111110000011011001111001101010000101101111110111001111100111101110111000100000000000000000000000000000000000000000000000000000000000000000000000000000000000000000000 0 0
4825	30.104	0.000	( 0 )	001111111010001111110000011011001111001101010000101101111110111001111100111101110111000100000000000000000000000000000000000000000000000000000000000000000000000000000000000000000000 0 0
4876	30.104	0.000	( 0 )	001111111010001111110000011011001111001101010000101101111110111001111100111101110111000100000000000000000000000000000000000000000000000000000000000000000000000000000000000000000000 0 0
4843	30.104	0.000	( 0 )	001111111010001111110000011011001111001101010000101101111110111001111100111101110111000100000000000000000000000000000000000000000000000000000000000000000000000000000000000000000000 0 0
4855	30.104	0.000	( 0 )	001111111010001111110000011011001111001101010000101101111110111001111100111101110111000100000000000000000000000000000000000000000000000000000000000000000000000000000000000000000000 0 0
4773	30.104	0.000	( 0 )	001111111010001111110000011011001111001101010000101101111110111001111100111101110111000100000000000000000000000000000000000000000000000000000000000000000000000000000000000000000000 0 0
4775	30.104	0.000	( 0 )	001111111010001111110000011011001111001101010000101101111110111001111100111101110111000100000000000000000000000000000000000000000000000000000000000000000000000000000000000000000000 0 0
4854	30.104	0.000	( 0 )	001111111010001111110000011011001111001101010000101101111110111001111100111101110111000100000000000000000000000000000000000000000000000000000000000000000000000000000000000000000000 0 0
4757	31.216	0.000	( 0 )	001111111010001111110000011011001111000101010000101101111110111001111100111101110111000100000000000000000000000000000000000000000000000000000000000000000000000000000000000000000000 1 0
4739	31.216	0.000	( 0 )	001111111010001111110000011011001111000101010000101101111110111001111100111101110111000100000000000000000000000000000000000000000000000000000000000000000000000000000000000000000000 0 0
4752	31.216	0.000	( 0 )	001111111010001111110000011011001111000101010000101101111110111001111100111101110111000100000000000000000000000000000000000000000000000000000000000000000000000000000000000000000000 0 0
4760	31.216	0.000	( 0 )	001111111010001111110000011011001111000101010000101101111110111001111100111101110111000100000000000000000000000000000000000000000000000000000000000000000000000000000000000000000000 0 0
4756	31.216	0.000	( 0 )	001111111010001111110000011011001111000101010000101101111110111001111100111101110111000100000000000000000000000000000000000000000000000000000000000000000000000000000000000000000000 0 0
4738	31.216	0.000	( 0 )	001111111010001111110000011011001111000101010000101101111110111001111100111101110111000100000000000000000000000000000000000000000000000000000000000000000000000000000000000000000000 0 0
4750	31.216	0.000	( 0 )	001111111010001111110000011011001111000101010000101101111110111001111100111101110111000100000000000000000000000000000000000000000000000000000000000000000000000000000000000000000000 0 0
4753	31.216	0.000	( 0 )	001111111010001111110000011011001111000101010000101101111110111001111100111101110111000100000000000000000000000000000000000000000000000000000000000000000000000000000000000000000000 0 0
4733	31.216	0.000	( 0 )	001111111010001111110000011011001111000101010000101101111110111001111100111101110111000100000000000000000000000000000000000000000000000000000000000000000000000000000000000000000000 0 0
4751	31.216	0.000	( 0 )	001111111010001111110000011011001111000101010000101101111110111001111100111101110111000100000000000000000000000000000000000000000000000000000000000000000000000000000000000000000000 0 0
4744	31.216	0.000	( 0 )	001111111010001111110000011011001111000101010000101101111110111001111100111101110111000100000000000000000000000000000000000000000000000000000000000000000000000000000000000000000000 0 0
4735	31.216	0.000	( 0 )	001111111010001111110000011011001111000101010000101101111110111001111100111101110111000100000000000000000000000000000000000000000000000000000000000000000000000000000000000000000000 0 0
4737	31.216	0.000	( 0 )	001111111010001111110000011011001111000101010000101101111110111001111100111101110111000100000000000000000000000000000000000000000000000000000000000000000000000000000000000000000000 0 0
4740	31.216	0.000	( 0 )	001111111010001111110000011011001111000101010000101101111110111001111100111101110111000100000000000000000000000000000000000000000000000000000000000000000000000000000000000000000000 0 0
4736	31.216	0.000	( 0 )	001111111010001111110000011011001111000101010000101101111110111001111100111101110111000100000000000000000000000000000000000000000000000000000000000000000000000000000000000000000000 0 0
4745	31.216	0.000	( 0 )	001111111010001111110000011011001111000101010000101101111110111001111100111101110111000100000000000000000000000000000000000000000000000000000000000000000000000000000000000000000000 0 0
4741	31.216	0.000	( 0 )	001111111010001111110000011011001111000101010000101101111110111001111100111101110111000100000000000000000000000000000000000000000000000000000000000000000000000000000000000000000000 0 0
4749	31.216	0.000	( 0 )	001111111010001111110000011011001111000101010000101101111110111001111100111101110111000100000000000000000000000000000000000000000000000000000000000000000000000000000000000000000000 0 0
4758	31.216	0.000	( 0 )	001111111010001111110000011011001111000101010000101101111110111001111100111101110111000100000000000000000000000000000000000000000000000000000000000000000000000000000000000000000000 0 0
4665	32.327	0.000	( 0 )	001111111010000111110000011011001111000101010000101101111110111001111100111101110111000100000000000000000000000000000000000000000000000000000000000000000000000000000000000000000000 1 0
4684	32.327	0.000	( 0 )	001111111010000111110000011011001111000101010000101101111110111001111100111101110111000100000000000000000000000000000000000000000000000000000000000000000000000000000000000000000000 0 0
4666	32.327	0.000	( 0 )	001111111010000111110000011011001111000101010000101101111110111001111100111101110111000100000000000000000000000000000000000000000000000000000000000000000000000000000000000000000000 0 0
4635	32.327	0.000	( 0 )	001111111010000111110000011011001111000101010000101101111110111001111100111101110111000100000000000000000000000000000000000000000000000000000000000000000000000000000000000000000000 0 0
4700	32.327	0.000	( 0 )	001111111010000111110000011011001111000101010000101101111110111001111100111101110111000100000000000000000000000000000000000000000000000000000000000000000000000000000000000000000000 0 0
4620	32.327	0.000	( 0 )	001111111010000111110000011011001111000101010000101101111110111001111100111101110111000100000000000000000000000000000000000000000000000000000000000000000000000000000000000000000000 0 0
4707	32.327	0.000	( 0 )	001111111010000111110000011011001111000101010000101101111110111001111100111101110111000100000000000000000000000000000000000000000000000000000000000000000000000000000000000000000000 0 0
4704	32.327	0.000	( 0 )	001111111010000111110000011011001111000101010000101101111110111001111100111101110111000100000000000000000000000000000000000000000000000000000000000000000000000000000000000000000000 0 0
4668	32.327	0.000	( 0 )	001111111010000111110000011011001111000101010000101101111110111001111100111101110111000100000000000000000000000000000000000000000000000000000000000000000000000000000000000000000000 0 0
4699	32.327	0.000	( 0 )	001111111010000111110000011011001111000101010000101101111110111001111100111101110111000100000000000000000000000000000000000000000000000000000000000000000000000000000000000000000000 0 0
4566	35.665	0.000	( 0 )	001011111010000111110000011011011111010101010000101101111110111001111100111101110111000100000000000000000000000000000000000000000000000000000000000000000000000000000000000000000000 3 0
4506	35.665	0.000	( 0 )	001011111010000111110000011011011111010101010000101101111110111001111100111101110111000100000000000000000000000000000000000000000000000000000000000000000000000000000000000000000000 0 0
4500	35.665	0.000	( 0 )	001011111010000111110000011011011111010101010000101101111110111001111100111101110111000100000000000000000000000000000000000000000000000000000000000000000000000000000000000000000000 0 0
4518	35.665	0.000	( 0 )	001011111010000111110000011011011111010101010000101101111110111001111100111101110111000100000000000000000000000000000000000000000000000000000000000000000000000000000000000000000000 0 0
4563	35.665	0.000	( 0 )	001011111010000111110000011011011111010101010000101101111110111001111100111101110111000100000000000000000000000000000000000000000000000000000000000000000000000000000000000000000000 0 0
4509	35.665	0.000	( 0 )	001011111010000111110000011011011111010101010000101101111110111001111100111101110111000100000000000000000000000000000000000000000000000000000000000000000000000000000000000000000000 0 0
4531	35.665	0.000	( 0 )	001011111010000111110000011011011111010101010000101101111110111001111100111101110111000100000000000000000000000000000000000000000000000000000000000000000000000000000000000000000000 0 0
4533	35.665	0.000	( 0 )	001011111010000111110000011011011111010101010000101101111110111001111100111101110111000100000000000000000000000000000000000000000000000000000000000000000000000000000000000000000000 0 0
4507	35.665	0.000	( 0 )	001011111010000111110000011011011111010101010000101101111110111001111100111101110111000100000000000000000000000000000000000000000000000000000000000000000000000000000000000000000000 0 0
4568	35.665	0.000	( 0 )	001011111010000111110000011011011111010101010000101101111110111001111100111101110111000100000000000000000000000000000000000000000000000000000000000000000000000000000000000000000000 0 0
4576	35.665	0.000	( 0 )	001011111010000111110000011011011111010101010000101101111110111001111100111101110111000100000000000000000000000000000000000000000000000000000000000000000000000000000000000000000000 0 0
4499	35.665	0.000	( 0 )	001011111010000111110000011011011111010101010000101101111110111001111100111101110111000100000000000000000000000000000000000000000000000000000000000000000000000000000000000000000000 0 0
4571	35.665	0.000	( 0 )	001011111010000111110000011011011111010101010000101101111110111001111100111101110111000100000000000000000000000000000000000000000000000000000000000000000000000000000000000000000000 0 0
4513	35.665	0.000	( 0 )	001011111010000111110000011011011111010101010000101101111110111001111100111101110111000100000000000000000000000000000000000000000000000000000000000000000000000000000000000000000000 0 0
4520	35.665	0.000	( 0 )	001011111010000111110000011011011111010101010000101101111110111001111100111101110111000100000000000000000000000000000000000000000000000000000000000000000000000000000000000000000000 0 0
4501	35.665	0.000	( 0 )	001011111010000111110000011011011111010101010000101101111110111001111100111101110111000100000000000000000000000000000000000000000000000000000000000000000000000000000000000000000000 0 0
4567	36.777	0.000	( 0 )	001011111010000111110000011011011111010101010000101101111110111001111110111101110111000100000000000000000000000000000000000000000000000000000000000000000000000000000000000000000000 1 0
4487	40.115	0.000	( 0 )	001011011010000111110000011011011110010101010000101101111110111001011110111101110111000100000000000000000000000000000000000000000000000000000000000000000000000000000000000000000000 3 0
4478	41.226	0.000	( 0 )	001011011010000111110000011011011110010101010000101101111110111001011110111100110111000100000000000000000000000000000000000000000000000000000000000000000000000000000000000000000000 1 0
4404	44.564	0.000	( 0 )	001011001010000111110000011111011110010101010000101101110110111001011110111100110111000100000000000000000000000000000000000000000000000000000000000000000000000000000000000000000000 3 0
4476	44.564	0.000	( 0 )	001011001010000111110000011111011110010101010000101101110110111001011110111100110111000100000000000000000000000000000000000000000000000000000000000000000000000000000000000000000000 0 0
4441	44.564	0.000	( 0 )	001011001010000111110000011111011110010101010000101101110110111001011110111100110111000100000000000000000000000000000000000000000000000000000000000000000000000000000000000000000000 0 0
4422	44.564	0.000	( 0 )	001011001010000111110000011111011110010101010000101101110110111001011110111100110111000100000000000000000000000000000000000000000000000000000000000000000000000000000000000000000000 0 0
4375	44.564	0.000	( 0 )	001011001010000111110000011111011110010101010000101101110110111001011110111100110111000100000000000000000000000000000000000000000000000000000000000000000000000000000000000000000000 0 0
4448	44.564	0.000	( 0 )	001011001010000111110000011111011110010101010000101101110110111001011110111100110111000100000000000000000000000000000000000000000000000000000000000000000000000000000000000000000000 0 0
4372	44.564	0.000	( 0 )	001011001010000111110000011111011110010101010000101101110110111001011110111100110111000100000000000000000000000000000000000000000000000000000000000000000000000000000000000000000000 0 0
4443	44.564	0.000	( 0 )	001011001010000111110000011111011110010101010000101101110110111001011110111100110111000100000000000000000000000000000000000000000000000000000000000000000000000000000000000000000000 0 0
4374	44.564	0.000	( 0 )	001011001010000111110000011111011110010101010000101101110110111001011110111100110111000100000000000000000000000000000000000000000000000000000000000000000000000000000000000000000000 0 0
4290	46.788	0.000	( 0 )	001011001010000111110000011110011110010101010000100101110110111001011110111100110111000100000000000000000000000000000000000000000000000000000000000000000000000000000000000000000000 2 0
4280	46.788	0.000	( 0 )	001011001010000111110000011110011110010101010000100101110110111001011110111100110111000100000000000000000000000000000000000000000000000000000000000000000000000000000000000000000000 0 0
4293	46.788	0.000	( 0 )	001011001010000111110000011110011110010101010000100101110110111001011110111100110111000100000000000000000000000000000000000000000000000000000000000000000000000000000000000000000000 0 0
4287	46.788	0.000	( 0 )	001011001010000111110000011110011110010101010000100101110110111001011110111100110111000100000000000000000000000000000000000000000000000000000000000000000000000000000000000000000000 0 0
4295	46.788	0.000	( 0 )	001011001010000111110000011110011110010101010000100101110110111001011110111100110111000100000000000000000000000000000000000000000000000000000000000000000000000000000000000000000000 0 0
4292	46.788	0.000	( 0 )	001011001010000111110000011110011110010101010000100101110110111001011110111100110111000100000000000000000000000000000000000000000000000000000000000000000000000000000000000000000000 0 0
4278	46.788	0.000	( 0 )	001011001010000111110000011110011110010101010000100101110110111001011110111100110111000100000000000000000000000000000000000000000000000000000000000000000000000000000000000000000000 0 0
4294	46.788	0.000	( 0 )	001011001010000111110000011110011110010101010000100101110110111001011110111100110111000100000000000000000000000000000000000000000000000000000000000000000000000000000000000000000000 0 0
4332	46.788	0.000	( 0 )	001011001010000111110000011110011110010101010000100101110110111001011110111100110111000100000000000000000000000000000000000000000000000000000000000000000000000000000000000000000000 0 0
4281	46.788	0.000	( 0 )	001011001010000111110000011110011110010101010000100101110110111001011110111100110111000100000000000000000000000000000000000000000000000000000000000000000000000000000000000000000000 0 0
4252	49.012	0.000	( 0 )	001011001010000111010000011110011110010101010000100101110110110001011110111100110111000100000000000000000000000000000000000000000000000000000000000000000000000000000000000000000000 2 0
4249	49.012	0.000	( 0 )	001011001010000111010000011110011110010101010000100101110110110001011110111100110111000100000000000000000000000000000000000000000000000000000000000000000000000000000000000000000000 0 0
4251	49.012	0.000	( 0 )	001011001010000111010000011110011110010101010000100101110110110001011110111100110111000100000000000000000000000000000000000000000000000000000000000000000000000000000000000000000000 0 0
4272	49.012	0.000	( 0 )	001011001010000111010000011110011110010101010000100101110110110001011110111100110111000100000000000000000000000000000000000000000000000000000000000000000000000000000000000000000000 0 0
4107	50.123	0.000	( 0 )	001011001010000111010000010110011110010101010000100101110110110001011110111100110111000100000000000000000000000000000000000000000000000000000000000000000000000000000000000000000000 1 0
4103	50.123	0.000	( 0 )	001011001010000111010000010110011110010101010000100101110110110001011110111100110111000100000000000000000000000000000000000000000000000000000000000000000000000000000000000000000000 0 0
4150	50.123	0.000	( 0 )	001011001010000111010000010110011110010101010000100101110110110001011110111100110111000100000000000000000000000000000000000000000000000000000000000000000000000000000000000000000000 0 0
4238	50.123	0.000	( 0 )	001011001010000111010000010110011110010101010000100101110110110001011110111100110111000100000000000000000000000000000000000000000000000000000000000000000000000000000000000000000000 0 0
4236	50.123	0.000	( 0 )	001011001010000111010000010110011110010101010000100101110110110001011110111100110111000100000000000000000000000000000000000000000000000000000000000000000000000000000000000000000000 0 0
4104	50.123	0.000	( 0 )	001011001010000111010000010110011110010101010000100101110110110001011110111100110111000100000000000000000000000000000000000000000000000000000000000000000000000000000000000000000000 0 0
4121	50.123	0.000	( 0 )	001011001010000111010000010110011110010101010000100101110110110001011110111100110111000100000000000000000000000000000000000000000000000000000000000000000000000000000000000000000000 0 0
4122	50.123	0.000	( 0 )	001011001010000111010000010110011110010101010000100101110110110001011110111100110111000100000000000000000000000000000000000000000000000000000000000000000000000000000000000000000000 0 0
4192	50.123	0.000	( 0 )	001011001010000111010000010110011110010101010000100101110110110001011110111100110111000100000000000000000000000000000000000000000000000000000000000000000000000000000000000000000000 0 0
4102	50.123	0.000	( 0 )	001011001010000111010000010110011110010101010000100101110110110001011110111100110111000100000000000000000000000000000000000000000000000000000000000000000000000000000000000000000000 0 0
4147	50.123	0.000	( 0 )	001011001010000111010000010110011110010101010000100101110110110001011110111100110111000100000000000000000000000000000000000000000000000000000000000000000000000000000000000000000000 0 0
4106	50.123	0.000	( 0 )	001011001010000111010000010110011110010101010000100101110110110001011110111100110111000100000000000000000000000000000000000000000000000000000000000000000000000000000000000000000000 0 0
4169	50.123	0.000	( 0 )	001011001010000111010000010110011110010101010000100101110110110001011110111100110111000100000000000000000000000000000000000000000000000000000000000000000000000000000000000000000000 0 0
4105	50.123	0.000	( 0 )	001011001010000111010000010110011110010101010000100101110110110001011110111100110111000100000000000000000000000000000000000000000000000000000000000000000000000000000000000000000000 0 0
4230	50.123	0.000	( 0 )	001011001010000111010000010110011110010101010000100101110110110001011110111100110111000100000000000000000000000000000000000000000000000000000000000000000000000000000000000000000000 0 0
4234	51.234	0.000	( 0 )	001011001010000111010000010110011110010101010000100101110110110001001110111100110111000100000000000000000000000000000000000000000000000000000000000000000000000000000000000000000000 1 0
4168	51.234	0.000	( 0 )	001011001010000111010000010110011110010101010000100101110110110001001110111100110111000100000000000000000000000000000000000000000000000000000000000000000000000000000000000000000000 0 0
4240	51.234	0.000	( 0 )	001011001010000111010000010110011110010101010000100101110110110001001110111100110111000100000000000000000000000000000000000000000000000000000000000000000000000000000000000000000000 0 0
4113	52.346	0.000	( 0 )	001011001000000111010000010110011110010101010000100101110110110001001110111100110111000100000000000000000000000000000000000000000000000000000000000000000000000000000000000000000000 1 0
4237	52.346	0.000	( 0 )	001011001000000111010000010110011110010101010000100101110110110001001110111100110111000100000000000000000000000000000000000000000000000000000000000000000000000000000000000000000000 0 0
4115	53.457	0.000	( 0 )	001011001000000111010000010110011110010101010000100101110110110001001110111000110111000100000000000000000000000000000000000000000000000000000000000000000000000000000000000000000000 1 0
4116	53.457	0.000	( 0 )	001011001000000111010000010110011110010101010000100101110110110001001110111000110111000100000000000000000000000000000000000000000000000000000000000000000000000000000000000000000000 0 0
4112	53.457	0.000	( 0 )	001011001000000111010000010110011110010101010000100101110110110001001110111000110111000100000000000000000000000000000000000000000000000000000000000000000000000000000000000000000000 0 0
4111	53.457	0.000	( 0 )	001011001000000111010000010110011110010101010000100101110110110001001110111000110111000100000000000000000000000000000000000000000000000000000000000000000000000000000000000000000000 0 0
4110	53.457	0.000	( 0 )	001011001000000111010000010110011110010101010000100101110110110001001110111000110111000100000000000000000000000000000000000000000000000000000000000000000000000000000000000000000000 0 0
4118	53.457	0.000	( 0 )	001011001000000111010000010110011110010101010000100101110110110001001110111000110111000100000000000000000000000000000000000000000000000000000000000000000000000000000000000000000000 0 0
4114	53.457	0.000	( 0 )	001011001000000111010000010110011110010101010000100101110110110001001110111000110111000100000000000000000000000000000000000000000000000000000000000000000000000000000000000000000000 0 0
4215	54.568	0.000	( 0 )	001011001000000111010000010110011110010101010000100101110110110001001110111000110110000100000000000000000000000000000000000000000000000000000000000000000000000000000000000000000000 1 0
5375	78.456	0.000	( 0 )	001010001101110110010001110110111110010101110010010101110110110101000111101000000110010100000000000000000000000000000000000000000000000000000000000000000000000000000000000000000000 20 0
