#java OrderMarkers2 data=- evaluateOrder=reordermarkers/iterations/ordered.24.1 useKosambi=1 numThreads=4 calculateIntervals=intervals/ordered.24.intervals randSeed=-329637179206189131
Loading file
No grandparents present in family V
Number of individuals = 92
Number of families = 1
File loaded with 31656 SNPs
Number of individuals = 92 excluding grandparents
Number of families = 1
Number of markers = 97
Setting dataScale to 0.9278350515463918 all likelihoods will be multiplied by 1.0777777777777777
Initial score = -773.235780333097
Iteration 1 of 6
884884288488421 done
Polishing map...
score = -773.235780333097
score = -773.235780333097
score = -773.235780333097
score = -773.235780333097
Iteration 2 of 6
884884288488421 done
Polishing map...
score = -781.0650375120563
score = -779.2942691080493
score = -779.2942691080493
score = -773.235780333097
Iteration 3 of 6
884884288488421 done
Polishing map...
score = -779.2942691080493
score = -779.2942691080493
score = -773.235780333097
score = -773.235780333097
Iteration 4 of 6
884884288488421 done
Polishing map...
score = -775.0065487371039
score = -773.235780333097
score = -773.235780333097
score = -773.235780333097
Iteration 5 of 6
884884288488421 done
Polishing map...
score = -781.0650375120563
score = -773.235780333097
score = -773.235780333097
score = -773.235780333097
Iteration 6 of 6
884884288488421 done
Polishing map...
score = -781.0650375120563
score = -779.2942691080493
score = -779.2942691080493
score = -773.235780333097
Final score = -773.235780333097
Setting dataScale to 0.9278350515463918 all likelihoods will be multiplied by 1.0777777777777777
logL = -773.235780333097
number of recombinations = 55.0 logL = -773.235780333097
Individual	V	P14459_103_S3	recombines	1	times
Individual	V	P14459_105_S5	recombines	1	times
Individual	V	P14459_106_S6	recombines	2	times
Individual	V	P14459_109_S9	recombines	1	times
Individual	V	P14459_110_S10	recombines	1	times
Individual	V	P14459_111_S11	recombines	1	times
Individual	V	P14459_112_S12	recombines	1	times
Individual	V	P14459_113_S13	recombines	1	times
Individual	V	P14459_114_S14	recombines	1	times
Individual	V	P14459_115_S15	recombines	2	times
Individual	V	P14459_116_S16	recombines	1	times
Individual	V	P14459_119_S19	recombines	1	times
Individual	V	P14459_120_S20	recombines	1	times
Individual	V	P14459_122_S22	recombines	1	times
Individual	V	P14459_124_S24	recombines	1	times
Individual	V	P14459_127_S27	recombines	2	times
Individual	V	P14459_128_S28	recombines	1	times
Individual	V	P14459_130_S30	recombines	1	times
Individual	V	P14459_132_S32	recombines	1	times
Individual	V	P14459_135_S35	recombines	1	times
Individual	V	P14459_138_S38	recombines	1	times
Individual	V	P14459_139_S39	recombines	1	times
Individual	V	P14459_145_S45	recombines	2	times
Individual	V	P14459_146_S46	recombines	1	times
Individual	V	P14459_147_S47	recombines	1	times
Individual	V	P14459_149_S49	recombines	1	times
Individual	V	P14459_150_S50	recombines	1	times
Individual	V	P14459_152_S52	recombines	1	times
Individual	V	P14459_154_S54	recombines	1	times
Individual	V	P14459_156_S56	recombines	1	times
Individual	V	P14459_162_S62	recombines	1	times
Individual	V	P14459_163_S63	recombines	1	times
Individual	V	P14459_164_S64	recombines	1	times
Individual	V	P14459_169_S69	recombines	1	times
Individual	V	P14459_170_S70	recombines	2	times
Individual	V	P14459_172_S72	recombines	1	times
Individual	V	P14459_173_S73	recombines	1	times
Individual	V	P14459_174_S74	recombines	1	times
Individual	V	P14459_177_S77	recombines	1	times
Individual	V	P14459_178_S78	recombines	1	times
Individual	V	P14459_180_S80	recombines	1	times
Individual	V	P14459_181_S81	recombines	1	times
Individual	V	P14459_183_S83	recombines	1	times
Individual	V	P14459_187_S87	recombines	1	times
Individual	V	P14459_188_S88	recombines	1	times
Individual	V	P14459_190_S90	recombines	1	times
Individual	V	P14459_191_S91	recombines	1	times
Individual	V	P14459_192_S92	recombines	1	times
Individual	V	P14459_194_S94	recombines	1	times
Individual	V	P14459_195_S95	recombines	1	times
#*** LG = 0 likelihood = -773.2358
#marker_number	male_position	female_position	( 0.0 )[	phased data]
12602	0.000	0.000	( 0 )	001110111110010001110100110010011000101011010000111011111110000010111101011100001111001000000000000000000000000000000000000000000000000000000000000000000000000000000000000000000000 0 0
12602	0.000	0.000	( 0 )	001110111110010001110100110010011000101011010000111011111110000010111101011100001111001000000000000000000000000000000000000000000000000000000000000000000000000000000000000000000000 0 0
12603	2.224	0.000	( 0 )	001110111110010001110100110010011000101011010000111011111100000010101101011100001111001000000000000000000000000000000000000000000000000000000000000000000000000000000000000000000000 2 0
12601	5.562	0.000	( 0 )	001110111110010001110100110000011000101010010000111011111100000010101101011000001111001000000000000000000000000000000000000000000000000000000000000000000000000000000000000000000000 3 0
12632	5.562	0.000	( 0 )	001110111110010001110100110000011000101010010000111011111100000010101101011000001111001000000000000000000000000000000000000000000000000000000000000000000000000000000000000000000000 0 0
12606	5.562	0.000	( 0 )	001110111110010001110100110000011000101010010000111011111100000010101101011000001111001000000000000000000000000000000000000000000000000000000000000000000000000000000000000000000000 0 0
12542	8.900	0.000	( 0 )	001110111110110001110110110000011000101010010000111011111100000010101101011000001101001000000000000000000000000000000000000000000000000000000000000000000000000000000000000000000000 3 0
12540	10.012	0.000	( 0 )	001110111110110001110110110000011000101010010000111011111100000011101101011000001101001000000000000000000000000000000000000000000000000000000000000000000000000000000000000000000000 1 0
12543	10.012	0.000	( 0 )	001110111110110001110110110000011000101010010000111011111100000011101101011000001101001000000000000000000000000000000000000000000000000000000000000000000000000000000000000000000000 0 0
12545	10.012	0.000	( 0 )	001110111110110001110110110000011000101010010000111011111100000011101101011000001101001000000000000000000000000000000000000000000000000000000000000000000000000000000000000000000000 0 0
12541	10.012	0.000	( 0 )	001110111110110001110110110000011000101010010000111011111100000011101101011000001101001000000000000000000000000000000000000000000000000000000000000000000000000000000000000000000000 0 0
12492	11.123	0.000	( 0 )	001110111110110001110110110000011000101010010000111011111100000011100101011000001101001000000000000000000000000000000000000000000000000000000000000000000000000000000000000000000000 1 0
12460	11.123	0.000	( 0 )	001110111110110001110110110000011000101010010000111011111100000011100101011000001101001000000000000000000000000000000000000000000000000000000000000000000000000000000000000000000000 0 0
12482	11.123	0.000	( 0 )	001110111110110001110110110000011000101010010000111011111100000011100101011000001101001000000000000000000000000000000000000000000000000000000000000000000000000000000000000000000000 0 0
12459	11.123	0.000	( 0 )	001110111110110001110110110000011000101010010000111011111100000011100101011000001101001000000000000000000000000000000000000000000000000000000000000000000000000000000000000000000000 0 0
12500	11.123	0.000	( 0 )	001110111110110001110110110000011000101010010000111011111100000011100101011000001101001000000000000000000000000000000000000000000000000000000000000000000000000000000000000000000000 0 0
12464	11.123	0.000	( 0 )	001110111110110001110110110000011000101010010000111011111100000011100101011000001101001000000000000000000000000000000000000000000000000000000000000000000000000000000000000000000000 0 0
12468	11.123	0.000	( 0 )	001110111110110001110110110000011000101010010000111011111100000011100101011000001101001000000000000000000000000000000000000000000000000000000000000000000000000000000000000000000000 0 0
12483	11.123	0.000	( 0 )	001110111110110001110110110000011000101010010000111011111100000011100101011000001101001000000000000000000000000000000000000000000000000000000000000000000000000000000000000000000000 0 0
12461	11.123	0.000	( 0 )	001110111110110001110110110000011000101010010000111011111100000011100101011000001101001000000000000000000000000000000000000000000000000000000000000000000000000000000000000000000000 0 0
12486	11.123	0.000	( 0 )	001110111110110001110110110000011000101010010000111011111100000011100101011000001101001000000000000000000000000000000000000000000000000000000000000000000000000000000000000000000000 0 0
12485	11.123	0.000	( 0 )	001110111110110001110110110000011000101010010000111011111100000011100101011000001101001000000000000000000000000000000000000000000000000000000000000000000000000000000000000000000000 0 0
12484	11.123	0.000	( 0 )	001110111110110001110110110000011000101010010000111011111100000011100101011000001101001000000000000000000000000000000000000000000000000000000000000000000000000000000000000000000000 0 0
12490	11.123	0.000	( 0 )	001110111110110001110110110000011000101010010000111011111100000011100101011000001101001000000000000000000000000000000000000000000000000000000000000000000000000000000000000000000000 0 0
12441	11.123	0.000	( 0 )	001110111110110001110110110000011000101010010000111011111100000011100101011000001101001000000000000000000000000000000000000000000000000000000000000000000000000000000000000000000000 0 0
12489	11.123	0.000	( 0 )	001110111110110001110110110000011000101010010000111011111100000011100101011000001101001000000000000000000000000000000000000000000000000000000000000000000000000000000000000000000000 0 0
12466	11.123	0.000	( 0 )	001110111110110001110110110000011000101010010000111011111100000011100101011000001101001000000000000000000000000000000000000000000000000000000000000000000000000000000000000000000000 0 0
12465	11.123	0.000	( 0 )	001110111110110001110110110000011000101010010000111011111100000011100101011000001101001000000000000000000000000000000000000000000000000000000000000000000000000000000000000000000000 0 0
12370	16.701	0.000	( 0 )	001110110110110001110110110000011001101010010000011011111101000011100101011000001101000000000000000000000000000000000000000000000000000000000000000000000000000000000000000000000000 5 0
12414	16.701	0.000	( 0 )	001110110110110001110110110000011001101010010000011011111101000011100101011000001101000000000000000000000000000000000000000000000000000000000000000000000000000000000000000000000000 0 0
12411	16.701	0.000	( 0 )	001110110110110001110110110000011001101010010000011011111101000011100101011000001101000000000000000000000000000000000000000000000000000000000000000000000000000000000000000000000000 0 0
12393	17.813	0.000	( 0 )	001110110110110001110110110000011001101010010000011011111101000011100101010000001101000000000000000000000000000000000000000000000000000000000000000000000000000000000000000000000000 1 0
12344	17.813	0.000	( 0 )	001110110110110001110110110000011001101010010000011011111101000011100101010000001101000000000000000000000000000000000000000000000000000000000000000000000000000000000000000000000000 0 0
12397	17.813	0.000	( 0 )	001110110110110001110110110000011001101010010000011011111101000011100101010000001101000000000000000000000000000000000000000000000000000000000000000000000000000000000000000000000000 0 0
12396	17.813	0.000	( 0 )	001110110110110001110110110000011001101010010000011011111101000011100101010000001101000000000000000000000000000000000000000000000000000000000000000000000000000000000000000000000000 0 0
12395	17.813	0.000	( 0 )	001110110110110001110110110000011001101010010000011011111101000011100101010000001101000000000000000000000000000000000000000000000000000000000000000000000000000000000000000000000000 0 0
12342	17.813	0.000	( 0 )	001110110110110001110110110000011001101010010000011011111101000011100101010000001101000000000000000000000000000000000000000000000000000000000000000000000000000000000000000000000000 0 0
12302	21.151	0.000	( 0 )	001110110110110001110110110000011001101011010000011011111101000011100100110000001101000000000000000000000000000000000000000000000000000000000000000000000000000000000000000000000000 3 0
12289	21.151	0.000	( 0 )	001110110110110001110110110000011001101011010000011011111101000011100100110000001101000000000000000000000000000000000000000000000000000000000000000000000000000000000000000000000000 0 0
12306	21.151	0.000	( 0 )	001110110110110001110110110000011001101011010000011011111101000011100100110000001101000000000000000000000000000000000000000000000000000000000000000000000000000000000000000000000000 0 0
12290	21.151	0.000	( 0 )	001110110110110001110110110000011001101011010000011011111101000011100100110000001101000000000000000000000000000000000000000000000000000000000000000000000000000000000000000000000000 0 0
12292	21.151	0.000	( 0 )	001110110110110001110110110000011001101011010000011011111101000011100100110000001101000000000000000000000000000000000000000000000000000000000000000000000000000000000000000000000000 0 0
12313	21.151	0.000	( 0 )	001110110110110001110110110000011001101011010000011011111101000011100100110000001101000000000000000000000000000000000000000000000000000000000000000000000000000000000000000000000000 0 0
12297	22.262	0.000	( 0 )	001110110100110001110110110000011001101011010000011011111101000011100100110000001101000000000000000000000000000000000000000000000000000000000000000000000000000000000000000000000000 1 0
12285	22.262	0.000	( 0 )	001110110100110001110110110000011001101011010000011011111101000011100100110000001101000000000000000000000000000000000000000000000000000000000000000000000000000000000000000000000000 0 0
12287	22.262	0.000	( 0 )	001110110100110001110110110000011001101011010000011011111101000011100100110000001101000000000000000000000000000000000000000000000000000000000000000000000000000000000000000000000000 0 0
12288	22.262	0.000	( 0 )	001110110100110001110110110000011001101011010000011011111101000011100100110000001101000000000000000000000000000000000000000000000000000000000000000000000000000000000000000000000000 0 0
12296	22.262	0.000	( 0 )	001110110100110001110110110000011001101011010000011011111101000011100100110000001101000000000000000000000000000000000000000000000000000000000000000000000000000000000000000000000000 0 0
12253	23.374	0.000	( 0 )	001110110100110001110110110000011001101011010000011011111101000011100000110000001101000000000000000000000000000000000000000000000000000000000000000000000000000000000000000000000000 1 0
12256	23.374	0.000	( 0 )	001110110100110001110110110000011001101011010000011011111101000011100000110000001101000000000000000000000000000000000000000000000000000000000000000000000000000000000000000000000000 0 0
12255	23.374	0.000	( 0 )	001110110100110001110110110000011001101011010000011011111101000011100000110000001101000000000000000000000000000000000000000000000000000000000000000000000000000000000000000000000000 0 0
12203	26.712	0.000	( 0 )	011110110100110001110110110000011001101011000000011011111101000011100000110000001101010000000000000000000000000000000000000000000000000000000000000000000000000000000000000000000000 3 0
12195	26.712	0.000	( 0 )	011110110100110001110110110000011001101011000000011011111101000011100000110000001101010000000000000000000000000000000000000000000000000000000000000000000000000000000000000000000000 0 0
12200	26.712	0.000	( 0 )	011110110100110001110110110000011001101011000000011011111101000011100000110000001101010000000000000000000000000000000000000000000000000000000000000000000000000000000000000000000000 0 0
12201	26.712	0.000	( 0 )	011110110100110001110110110000011001101011000000011011111101000011100000110000001101010000000000000000000000000000000000000000000000000000000000000000000000000000000000000000000000 0 0
12202	26.712	0.000	( 0 )	011110110100110001110110110000011001101011000000011011111101000011100000110000001101010000000000000000000000000000000000000000000000000000000000000000000000000000000000000000000000 0 0
12176	27.823	0.000	( 0 )	011110110100110001110110110000011001101011000000011001111101000011100000110000001101010000000000000000000000000000000000000000000000000000000000000000000000000000000000000000000000 1 0
12153	27.823	0.000	( 0 )	011110110100110001110110110000011001101011000000011001111101000011100000110000001101010000000000000000000000000000000000000000000000000000000000000000000000000000000000000000000000 0 0
12158	27.823	0.000	( 0 )	011110110100110001110110110000011001101011000000011001111101000011100000110000001101010000000000000000000000000000000000000000000000000000000000000000000000000000000000000000000000 0 0
12164	27.823	0.000	( 0 )	011110110100110001110110110000011001101011000000011001111101000011100000110000001101010000000000000000000000000000000000000000000000000000000000000000000000000000000000000000000000 0 0
12157	27.823	0.000	( 0 )	011110110100110001110110110000011001101011000000011001111101000011100000110000001101010000000000000000000000000000000000000000000000000000000000000000000000000000000000000000000000 0 0
12152	27.823	0.000	( 0 )	011110110100110001110110110000011001101011000000011001111101000011100000110000001101010000000000000000000000000000000000000000000000000000000000000000000000000000000000000000000000 0 0
12150	27.823	0.000	( 0 )	011110110100110001110110110000011001101011000000011001111101000011100000110000001101010000000000000000000000000000000000000000000000000000000000000000000000000000000000000000000000 0 0
12032	36.808	0.000	( 0 )	011110110100110000111110111000111001001011100010011001111101000011100000110000001001010000000000000000000000000000000000000000000000000000000000000000000000000000000000000000000000 8 0
12031	36.808	0.000	( 0 )	011110110100110000111110111000111001001011100010011001111101000011100000110000001001010000000000000000000000000000000000000000000000000000000000000000000000000000000000000000000000 0 0
12030	36.808	0.000	( 0 )	011110110100110000111110111000111001001011100010011001111101000011100000110000001001010000000000000000000000000000000000000000000000000000000000000000000000000000000000000000000000 0 0
12029	36.808	0.000	( 0 )	011110110100110000111110111000111001001011100010011001111101000011100000110000001001010000000000000000000000000000000000000000000000000000000000000000000000000000000000000000000000 0 0
12027	36.808	0.000	( 0 )	011110110100110000111110111000111001001011100010011001111101000011100000110000001001010000000000000000000000000000000000000000000000000000000000000000000000000000000000000000000000 0 0
12020	37.919	0.000	( 0 )	011110110100110000111110111000111001001011100010011001111101000010100000110000001001010000000000000000000000000000000000000000000000000000000000000000000000000000000000000000000000 1 0
12035	41.257	0.000	( 0 )	011100110100100000111110101000111001001011100010011001111101000010100000110000001001010000000000000000000000000000000000000000000000000000000000000000000000000000000000000000000000 3 0
12034	41.257	0.000	( 0 )	011100110100100000111110101000111001001011100010011001111101000010100000110000001001010000000000000000000000000000000000000000000000000000000000000000000000000000000000000000000000 0 0
12036	41.257	0.000	( 0 )	011100110100100000111110101000111001001011100010011001111101000010100000110000001001010000000000000000000000000000000000000000000000000000000000000000000000000000000000000000000000 0 0
12037	41.257	0.000	( 0 )	011100110100100000111110101000111001001011100010011001111101000010100000110000001001010000000000000000000000000000000000000000000000000000000000000000000000000000000000000000000000 0 0
12063	44.595	0.000	( 0 )	011110110100110000111110111000111001001011100010011001111101000010100000110000001001010000000000000000000000000000000000000000000000000000000000000000000000000000000000000000000000 3 0
12023	44.595	0.000	( 0 )	011110110100110000111110111000111001001011100010011001111101000010100000110000001001010000000000000000000000000000000000000000000000000000000000000000000000000000000000000000000000 0 0
12021	44.595	0.000	( 0 )	011110110100110000111110111000111001001011100010011001111101000010100000110000001001010000000000000000000000000000000000000000000000000000000000000000000000000000000000000000000000 0 0
12022	44.595	0.000	( 0 )	011110110100110000111110111000111001001011100010011001111101000010100000110000001001010000000000000000000000000000000000000000000000000000000000000000000000000000000000000000000000 0 0
12064	44.595	0.000	( 0 )	011110110100110000111110111000111001001011100010011001111101000010100000110000001001010000000000000000000000000000000000000000000000000000000000000000000000000000000000000000000000 0 0
11972	45.707	0.000	( 0 )	011010110100110000111110111000111001001011100010011001111101000010100000110000001001010000000000000000000000000000000000000000000000000000000000000000000000000000000000000000000000 1 0
11887	52.413	0.000	( 0 )	011010110100110000011110111000110001001011100110011001111101000010100000110001001001010011000000000000000000000000000000000000000000000000000000000000000000000000000000000000000000 6 0
11885	52.413	0.000	( 0 )	011010110100110000011110111000110001001011100110011001111101000010100000110001001001010011000000000000000000000000000000000000000000000000000000000000000000000000000000000000000000 0 0
11892	52.413	0.000	( 0 )	011010110100110000011110111000110001001011100110011001111101000010100000110001001001010011000000000000000000000000000000000000000000000000000000000000000000000000000000000000000000 0 0
11881	52.413	0.000	( 0 )	011010110100110000011110111000110001001011100110011001111101000010100000110001001001010011000000000000000000000000000000000000000000000000000000000000000000000000000000000000000000 0 0
11890	52.413	0.000	( 0 )	011010110100110000011110111000110001001011100110011001111101000010100000110001001001010011000000000000000000000000000000000000000000000000000000000000000000000000000000000000000000 0 0
11879	52.413	0.000	( 0 )	011010110100110000011110111000110001001011100110011001111101000010100000110001001001010011000000000000000000000000000000000000000000000000000000000000000000000000000000000000000000 0 0
11878	52.413	0.000	( 0 )	011010110100110000011110111000110001001011100110011001111101000010100000110001001001010011000000000000000000000000000000000000000000000000000000000000000000000000000000000000000000 0 0
11889	52.413	0.000	( 0 )	011010110100110000011110111000110001001011100110011001111101000010100000110001001001010011000000000000000000000000000000000000000000000000000000000000000000000000000000000000000000 0 0
11891	52.413	0.000	( 0 )	011010110100110000011110111000110001001011100110011001111101000010100000110001001001010011000000000000000000000000000000000000000000000000000000000000000000000000000000000000000000 0 0
11886	52.413	0.000	( 0 )	011010110100110000011110111000110001001011100110011001111101000010100000110001001001010011000000000000000000000000000000000000000000000000000000000000000000000000000000000000000000 0 0
11883	52.413	0.000	( 0 )	011010110100110000011110111000110001001011100110011001111101000010100000110001001001010011000000000000000000000000000000000000000000000000000000000000000000000000000000000000000000 0 0
11872	53.525	0.000	( 0 )	011010110100110000011110111000110001001011100110011001111101000010100000110001001001110011000000000000000000000000000000000000000000000000000000000000000000000000000000000000000000 1 0
11873	53.525	0.000	( 0 )	011010110100110000011110111000110001001011100110011001111101000010100000110001001001110011000000000000000000000000000000000000000000000000000000000000000000000000000000000000000000 0 0
11871	53.525	0.000	( 0 )	011010110100110000011110111000110001001011100110011001111101000010100000110001001001110011000000000000000000000000000000000000000000000000000000000000000000000000000000000000000000 0 0
11847	57.981	0.000	( 0 )	011010100100110000011110111000110001001011100110010001111101100000100000110001001001110011000000000000000000000000000000000000000000000000000000000000000000000000000000000000000000 4 0
11830	60.204	0.000	( 0 )	011010100101111000011110111000110001001011100110010001111101100000100000110001001001110011000000000000000000000000000000000000000000000000000000000000000000000000000000000000000000 2 0
11812	61.316	0.000	( 0 )	011010100001111000011110111000110001001011100110010001111101100000100000110001001001110011000000000000000000000000000000000000000000000000000000000000000000000000000000000000000000 1 0
11811	61.316	0.000	( 0 )	011010100001111000011110111000110001001011100110010001111101100000100000110001001001110011000000000000000000000000000000000000000000000000000000000000000000000000000000000000000000 0 0
