#java OrderMarkers2 data=- evaluateOrder=reordermarkers/iterations/ordered.20.1 useKosambi=1 numThreads=4 calculateIntervals=intervals/ordered.20.intervals randSeed=-7398761280004320553
Loading file
No grandparents present in family V
Number of individuals = 92
Number of families = 1
File loaded with 31656 SNPs
Number of individuals = 92 excluding grandparents
Number of families = 1
Number of markers = 101
Setting dataScale to 0.8910891089108911 all likelihoods will be multiplied by 1.1222222222222222
Initial score = -738.6104209933582
Iteration 1 of 6
884884288488421 done
Polishing map...
score = -766.6734980400188
score = -765.071176616832
score = -765.071176616832
score = -765.071176616832
Iteration 2 of 6
884884288488421 done
Polishing map...
score = -772.3998182038729
score = -770.1273756795099
score = -770.1273756795099
score = -760.0798687826895
Iteration 3 of 6
884884288488421 done
Polishing map...
score = -766.6734980400188
score = -766.6734980400188
score = -766.6734980400188
score = -763.4688532862964
Iteration 4 of 6
884884288488421 done
Polishing map...
score = -766.6734980400188
score = -765.071176616832
score = -763.4688532862964
score = -763.0898322214108
Iteration 5 of 6
884884288488421 done
Polishing map...
score = -766.6734980400188
score = -765.0711747094832
score = -765.0711747094832
score = -756.875224028967
Iteration 6 of 6
884884288488421 done
Polishing map...
score = -766.6734980400188
score = -765.071176616832
score = -765.071176616832
score = -764.6921555519464
Final score = -738.6104209933582
Setting dataScale to 0.8910891089108911 all likelihoods will be multiplied by 1.1222222222222222
logL = -738.6104209933582
number of recombinations = 51.0 logL = -738.6104209933582
Individual	V	P14459_101_S1	recombines	1	times
Individual	V	P14459_103_S3	recombines	2	times
Individual	V	P14459_104_S4	recombines	1	times
Individual	V	P14459_106_S6	recombines	2	times
Individual	V	P14459_108_S8	recombines	1	times
Individual	V	P14459_111_S11	recombines	1	times
Individual	V	P14459_112_S12	recombines	1	times
Individual	V	P14459_113_S13	recombines	1	times
Individual	V	P14459_115_S15	recombines	1	times
Individual	V	P14459_117_S17	recombines	1	times
Individual	V	P14459_118_S18	recombines	1	times
Individual	V	P14459_120_S20	recombines	1	times
Individual	V	P14459_121_S21	recombines	1	times
Individual	V	P14459_122_S22	recombines	1	times
Individual	V	P14459_125_S25	recombines	1	times
Individual	V	P14459_126_S26	recombines	1	times
Individual	V	P14459_129_S29	recombines	1	times
Individual	V	P14459_130_S30	recombines	1	times
Individual	V	P14459_134_S34	recombines	1	times
Individual	V	P14459_137_S37	recombines	1	times
Individual	V	P14459_139_S39	recombines	1	times
Individual	V	P14459_140_S40	recombines	1	times
Individual	V	P14459_144_S44	recombines	1	times
Individual	V	P14459_145_S45	recombines	1	times
Individual	V	P14459_147_S47	recombines	1	times
Individual	V	P14459_148_S48	recombines	1	times
Individual	V	P14459_152_S52	recombines	1	times
Individual	V	P14459_154_S54	recombines	1	times
Individual	V	P14459_157_S57	recombines	1	times
Individual	V	P14459_162_S62	recombines	1	times
Individual	V	P14459_163_S63	recombines	1	times
Individual	V	P14459_164_S64	recombines	1	times
Individual	V	P14459_166_S66	recombines	1	times
Individual	V	P14459_167_S67	recombines	1	times
Individual	V	P14459_168_S68	recombines	1	times
Individual	V	P14459_169_S69	recombines	1	times
Individual	V	P14459_170_S70	recombines	1	times
Individual	V	P14459_172_S72	recombines	2	times
Individual	V	P14459_173_S73	recombines	1	times
Individual	V	P14459_174_S74	recombines	1	times
Individual	V	P14459_177_S77	recombines	1	times
Individual	V	P14459_181_S81	recombines	1	times
Individual	V	P14459_182_S82	recombines	1	times
Individual	V	P14459_186_S86	recombines	1	times
Individual	V	P14459_188_S88	recombines	1	times
Individual	V	P14459_189_S89	recombines	1	times
Individual	V	P14459_190_S90	recombines	1	times
Individual	V	P14459_193_S93	recombines	1	times
#*** LG = 0 likelihood = -738.6104
#marker_number	male_position	female_position	( 0.0 )[	phased data]
28373	0.000	0.000	( 0 )	010110100001010000000011000011001011111111100101001100111100111001000111110000111000100011000000000000000000000000000000000000000000000000000000000000000000000000000000000000000000 0 0
28397	1.111	0.000	( 0 )	010110100001010000000011000011001011111111100101001100111100111001000111110000111001100011000000000000000000000000000000000000000000000000000000000000000000000000000000000000000000 1 0
28398	1.111	0.000	( 0 )	010110100001010000000011000011001011111111100101001100111100111001000111110000111001100011000000000000000000000000000000000000000000000000000000000000000000000000000000000000000000 0 0
28398	1.111	0.000	( 0 )	010110100001010000000011000011001011111111100101001100111100111001000111110000111001100011000000000000000000000000000000000000000000000000000000000000000000000000000000000000000000 0 0
28448	2.223	0.000	( 0 )	010110100011010000000011000011001011111111100101001100111100111001000111110000111001100011000000000000000000000000000000000000000000000000000000000000000000000000000000000000000000 1 0
28443	2.223	0.000	( 0 )	010110100011010000000011000011001011111111100101001100111100111001000111110000111001100011000000000000000000000000000000000000000000000000000000000000000000000000000000000000000000 0 0
28444	2.223	0.000	( 0 )	010110100011010000000011000011001011111111100101001100111100111001000111110000111001100011000000000000000000000000000000000000000000000000000000000000000000000000000000000000000000 0 0
28471	3.334	0.000	( 0 )	010100100011010000000011000011001011111111100101001100111100111001000111110000111001100011000000000000000000000000000000000000000000000000000000000000000000000000000000000000000000 1 0
28470	3.334	0.000	( 0 )	010100100011010000000011000011001011111111100101001100111100111001000111110000111001100011000000000000000000000000000000000000000000000000000000000000000000000000000000000000000000 0 0
28455	3.334	0.000	( 0 )	010100100011010000000011000011001011111111100101001100111100111001000111110000111001100011000000000000000000000000000000000000000000000000000000000000000000000000000000000000000000 0 0
28484	3.334	0.000	( 0 )	010100100011010000000011000011001011111111100101001100111100111001000111110000111001100011000000000000000000000000000000000000000000000000000000000000000000000000000000000000000000 0 0
28457	4.445	0.000	( 0 )	010100100011010000000011000111001011111111100101001100111100111001000111110000111001100011000000000000000000000000000000000000000000000000000000000000000000000000000000000000000000 1 0
28456	4.445	0.000	( 0 )	010100100011010000000011000111001011111111100101001100111100111001000111110000111001100011000000000000000000000000000000000000000000000000000000000000000000000000000000000000000000 0 0
28459	4.445	0.000	( 0 )	010100100011010000000011000111001011111111100101001100111100111001000111110000111001100011000000000000000000000000000000000000000000000000000000000000000000000000000000000000000000 0 0
28458	4.445	0.000	( 0 )	010100100011010000000011000111001011111111100101001100111100111001000111110000111001100011000000000000000000000000000000000000000000000000000000000000000000000000000000000000000000 0 0
28425	5.556	0.000	( 0 )	010110100011010000000011000111001011111111100101001100111100111001000111110000111001100011000000000000000000000000000000000000000000000000000000000000000000000000000000000000000000 1 0
28412	5.556	0.000	( 0 )	010110100011010000000011000111001011111111100101001100111100111001000111110000111001100011000000000000000000000000000000000000000000000000000000000000000000000000000000000000000000 0 0
28409	5.556	0.000	( 0 )	010110100011010000000011000111001011111111100101001100111100111001000111110000111001100011000000000000000000000000000000000000000000000000000000000000000000000000000000000000000000 0 0
28410	5.556	0.000	( 0 )	010110100011010000000011000111001011111111100101001100111100111001000111110000111001100011000000000000000000000000000000000000000000000000000000000000000000000000000000000000000000 0 0
28411	5.556	0.000	( 0 )	010110100011010000000011000111001011111111100101001100111100111001000111110000111001100011000000000000000000000000000000000000000000000000000000000000000000000000000000000000000000 0 0
28426	6.668	0.000	( 0 )	010110100011010000001011000111001011111111100101001100111100111001000111110000111001100011000000000000000000000000000000000000000000000000000000000000000000000000000000000000000000 1 0
28345	10.006	0.000	( 0 )	110110100011010010001011000111001011111111100101001100111101111001000111110000111001100011000000000000000000000000000000000000000000000000000000000000000000000000000000000000000000 3 0
28318	12.230	0.000	( 0 )	110110100011010110001011000111001011111111100101001100111101111001000111110010111001100011000000000000000000000000000000000000000000000000000000000000000000000000000000000000000000 2 0
28281	13.341	0.000	( 0 )	110110100011010110001011000111001011111111100101001100111101111001010111110010111001100011000000000000000000000000000000000000000000000000000000000000000000000000000000000000000000 1 0
28282	13.341	0.000	( 0 )	110110100011010110001011000111001011111111100101001100111101111001010111110010111001100011000000000000000000000000000000000000000000000000000000000000000000000000000000000000000000 0 0
28293	13.341	0.000	( 0 )	110110100011010110001011000111001011111111100101001100111101111001010111110010111001100011000000000000000000000000000000000000000000000000000000000000000000000000000000000000000000 0 0
28291	13.341	0.000	( 0 )	110110100011010110001011000111001011111111100101001100111101111001010111110010111001100011000000000000000000000000000000000000000000000000000000000000000000000000000000000000000000 0 0
28299	14.452	0.000	( 0 )	110110100011010110001011000111001011111111100101001100111101111001000111110010111001100011000000000000000000000000000000000000000000000000000000000000000000000000000000000000000000 1 0
28273	14.452	0.000	( 0 )	110110100011010110001011000111001011111111100101001100111101111001000111110010111001100011000000000000000000000000000000000000000000000000000000000000000000000000000000000000000000 0 0
28285	14.452	0.000	( 0 )	110110100011010110001011000111001011111111100101001100111101111001000111110010111001100011000000000000000000000000000000000000000000000000000000000000000000000000000000000000000000 0 0
28259	15.564	0.000	( 0 )	110110100011010110001011000111001011111111100101001100111101111011000111110010111001100011000000000000000000000000000000000000000000000000000000000000000000000000000000000000000000 1 0
28268	15.564	0.000	( 0 )	110110100011010110001011000111001011111111100101001100111101111011000111110010111001100011000000000000000000000000000000000000000000000000000000000000000000000000000000000000000000 0 0
28267	15.564	0.000	( 0 )	110110100011010110001011000111001011111111100101001100111101111011000111110010111001100011000000000000000000000000000000000000000000000000000000000000000000000000000000000000000000 0 0
28262	16.675	0.000	( 0 )	100110100011010110001011000111001011111111100101001100111101111011000111110010111001100011000000000000000000000000000000000000000000000000000000000000000000000000000000000000000000 1 0
28260	16.675	0.000	( 0 )	100110100011010110001011000111001011111111100101001100111101111011000111110010111001100011000000000000000000000000000000000000000000000000000000000000000000000000000000000000000000 0 0
28201	20.013	0.000	( 0 )	100110100011010110011011000111011011111111100101001100111101011011000111110010111001100011000000000000000000000000000000000000000000000000000000000000000000000000000000000000000000 3 0
28154	24.469	0.000	( 0 )	100110100011010110011011000101011011111111100101000101111101010011000111110010111001100011000000000000000000000000000000000000000000000000000000000000000000000000000000000000000000 4 0
28157	24.469	0.000	( 0 )	100110100011010110011011000101011011111111100101000101111101010011000111110010111001100011000000000000000000000000000000000000000000000000000000000000000000000000000000000000000000 0 0
28142	24.469	0.000	( 0 )	100110100011010110011011000101011011111111100101000101111101010011000111110010111001100011000000000000000000000000000000000000000000000000000000000000000000000000000000000000000000 0 0
28153	24.469	0.000	( 0 )	100110100011010110011011000101011011111111100101000101111101010011000111110010111001100011000000000000000000000000000000000000000000000000000000000000000000000000000000000000000000 0 0
28156	24.469	0.000	( 0 )	100110100011010110011011000101011011111111100101000101111101010011000111110010111001100011000000000000000000000000000000000000000000000000000000000000000000000000000000000000000000 0 0
28143	24.469	0.000	( 0 )	100110100011010110011011000101011011111111100101000101111101010011000111110010111001100011000000000000000000000000000000000000000000000000000000000000000000000000000000000000000000 0 0
28159	24.469	0.000	( 0 )	100110100011010110011011000101011011111111100101000101111101010011000111110010111001100011000000000000000000000000000000000000000000000000000000000000000000000000000000000000000000 0 0
28147	24.469	0.000	( 0 )	100110100011010110011011000101011011111111100101000101111101010011000111110010111001100011000000000000000000000000000000000000000000000000000000000000000000000000000000000000000000 0 0
28158	24.469	0.000	( 0 )	100110100011010110011011000101011011111111100101000101111101010011000111110010111001100011000000000000000000000000000000000000000000000000000000000000000000000000000000000000000000 0 0
28067	26.693	0.000	( 0 )	100110000011010110011011000101011011111111100101000101111111010011000111110010111001100011000000000000000000000000000000000000000000000000000000000000000000000000000000000000000000 2 0
28068	26.693	0.000	( 0 )	100110000011010110011011000101011011111111100101000101111111010011000111110010111001100011000000000000000000000000000000000000000000000000000000000000000000000000000000000000000000 0 0
28052	27.804	0.000	( 0 )	100110000011010110011011000101011011111111100101000101111111010011000111110010111001100111000000000000000000000000000000000000000000000000000000000000000000000000000000000000000000 1 0
28034	27.804	0.000	( 0 )	100110000011010110011011000101011011111111100101000101111111010011000111110010111001100111000000000000000000000000000000000000000000000000000000000000000000000000000000000000000000 0 0
28036	27.804	0.000	( 0 )	100110000011010110011011000101011011111111100101000101111111010011000111110010111001100111000000000000000000000000000000000000000000000000000000000000000000000000000000000000000000 0 0
28050	27.804	0.000	( 0 )	100110000011010110011011000101011011111111100101000101111111010011000111110010111001100111000000000000000000000000000000000000000000000000000000000000000000000000000000000000000000 0 0
28035	27.804	0.000	( 0 )	100110000011010110011011000101011011111111100101000101111111010011000111110010111001100111000000000000000000000000000000000000000000000000000000000000000000000000000000000000000000 0 0
28032	27.804	0.000	( 0 )	100110000011010110011011000101011011111111100101000101111111010011000111110010111001100111000000000000000000000000000000000000000000000000000000000000000000000000000000000000000000 0 0
27976	28.916	0.000	( 0 )	100110000011010110011011000101011011111111100101000101111111010011000111110010111001000111000000000000000000000000000000000000000000000000000000000000000000000000000000000000000000 1 0
27977	28.916	0.000	( 0 )	100110000011010110011011000101011011111111100101000101111111010011000111110010111001000111000000000000000000000000000000000000000000000000000000000000000000000000000000000000000000 0 0
27985	28.916	0.000	( 0 )	100110000011010110011011000101011011111111100101000101111111010011000111110010111001000111000000000000000000000000000000000000000000000000000000000000000000000000000000000000000000 0 0
27974	28.916	0.000	( 0 )	100110000011010110011011000101011011111111100101000101111111010011000111110010111001000111000000000000000000000000000000000000000000000000000000000000000000000000000000000000000000 0 0
27979	28.916	0.000	( 0 )	100110000011010110011011000101011011111111100101000101111111010011000111110010111001000111000000000000000000000000000000000000000000000000000000000000000000000000000000000000000000 0 0
27948	32.254	0.000	( 0 )	100110000010010110111011000101011011111111100101000101111111010111000111110010111001000111000000000000000000000000000000000000000000000000000000000000000000000000000000000000000000 3 0
27939	32.254	0.000	( 0 )	100110000010010110111011000101011011111111100101000101111111010111000111110010111001000111000000000000000000000000000000000000000000000000000000000000000000000000000000000000000000 0 0
27952	32.254	0.000	( 0 )	100110000010010110111011000101011011111111100101000101111111010111000111110010111001000111000000000000000000000000000000000000000000000000000000000000000000000000000000000000000000 0 0
27942	32.254	0.000	( 0 )	100110000010010110111011000101011011111111100101000101111111010111000111110010111001000111000000000000000000000000000000000000000000000000000000000000000000000000000000000000000000 0 0
27947	32.254	0.000	( 0 )	100110000010010110111011000101011011111111100101000101111111010111000111110010111001000111000000000000000000000000000000000000000000000000000000000000000000000000000000000000000000 0 0
27946	32.254	0.000	( 0 )	100110000010010110111011000101011011111111100101000101111111010111000111110010111001000111000000000000000000000000000000000000000000000000000000000000000000000000000000000000000000 0 0
27898	32.254	0.000	( 0 )	100110000010010110111011000101011011111111100101000101111111010111000111110010111001000111000000000000000000000000000000000000000000000000000000000000000000000000000000000000000000 0 0
27940	32.254	0.000	( 0 )	100110000010010110111011000101011011111111100101000101111111010111000111110010111001000111000000000000000000000000000000000000000000000000000000000000000000000000000000000000000000 0 0
27951	32.254	0.000	( 0 )	100110000010010110111011000101011011111111100101000101111111010111000111110010111001000111000000000000000000000000000000000000000000000000000000000000000000000000000000000000000000 0 0
27936	32.254	0.000	( 0 )	100110000010010110111011000101011011111111100101000101111111010111000111110010111001000111000000000000000000000000000000000000000000000000000000000000000000000000000000000000000000 0 0
27944	32.254	0.000	( 0 )	100110000010010110111011000101011011111111100101000101111111010111000111110010111001000111000000000000000000000000000000000000000000000000000000000000000000000000000000000000000000 0 0
27938	32.254	0.000	( 0 )	100110000010010110111011000101011011111111100101000101111111010111000111110010111001000111000000000000000000000000000000000000000000000000000000000000000000000000000000000000000000 0 0
27902	32.254	0.000	( 0 )	100110000010010110111011000101011011111111100101000101111111010111000111110010111001000111000000000000000000000000000000000000000000000000000000000000000000000000000000000000000000 0 0
27962	33.365	0.000	( 0 )	100110000010010110111011000101011011111111100101000101111111010111001111110010111001000111000000000000000000000000000000000000000000000000000000000000000000000000000000000000000000 1 0
27888	38.944	0.000	( 0 )	101110000010010110111011000101011011111100110101000101111111010110001111110010111001000111000000000000000000000000000000000000000000000000000000000000000000000000000000000000000000 5 0
27887	38.944	0.000	( 0 )	101110000010010110111011000101011011111100110101000101111111010110001111110010111001000111000000000000000000000000000000000000000000000000000000000000000000000000000000000000000000 0 0
27882	38.944	0.000	( 0 )	101110000010010110111011000101011011111100110101000101111111010110001111110010111001000111000000000000000000000000000000000000000000000000000000000000000000000000000000000000000000 0 0
27881	38.944	0.000	( 0 )	101110000010010110111011000101011011111100110101000101111111010110001111110010111001000111000000000000000000000000000000000000000000000000000000000000000000000000000000000000000000 0 0
27854	40.055	0.000	( 0 )	101110000010010110111011100101011011111100110101000101111111010110001111110010111001000111000000000000000000000000000000000000000000000000000000000000000000000000000000000000000000 1 0
27855	40.055	0.000	( 0 )	101110000010010110111011100101011011111100110101000101111111010110001111110010111001000111000000000000000000000000000000000000000000000000000000000000000000000000000000000000000000 0 0
27794	42.279	0.000	( 0 )	101110000010010110111011100101011001111100110101000101111111010110001110110010111001000111000000000000000000000000000000000000000000000000000000000000000000000000000000000000000000 2 0
27793	42.279	0.000	( 0 )	101110000010010110111011100101011001111100110101000101111111010110001110110010111001000111000000000000000000000000000000000000000000000000000000000000000000000000000000000000000000 0 0
27810	42.279	0.000	( 0 )	101110000010010110111011100101011001111100110101000101111111010110001110110010111001000111000000000000000000000000000000000000000000000000000000000000000000000000000000000000000000 0 0
27851	42.279	0.000	( 0 )	101110000010010110111011100101011001111100110101000101111111010110001110110010111001000111000000000000000000000000000000000000000000000000000000000000000000000000000000000000000000 0 0
27800	42.279	0.000	( 0 )	101110000010010110111011100101011001111100110101000101111111010110001110110010111001000111000000000000000000000000000000000000000000000000000000000000000000000000000000000000000000 0 0
27838	42.279	0.000	( 0 )	101110000010010110111011100101011001111100110101000101111111010110001110110010111001000111000000000000000000000000000000000000000000000000000000000000000000000000000000000000000000 0 0
27766	47.857	0.000	( 0 )	101110000010010110111010100101011001101100110101100101111111010110001010110110111001000111000000000000000000000000000000000000000000000000000000000000000000000000000000000000000000 5 0
27759	47.857	0.000	( 0 )	101110000010010110111010100101011001101100110101100101111111010110001010110110111001000111000000000000000000000000000000000000000000000000000000000000000000000000000000000000000000 0 0
27763	47.857	0.000	( 0 )	101110000010010110111010100101011001101100110101100101111111010110001010110110111001000111000000000000000000000000000000000000000000000000000000000000000000000000000000000000000000 0 0
27764	47.857	0.000	( 0 )	101110000010010110111010100101011001101100110101100101111111010110001010110110111001000111000000000000000000000000000000000000000000000000000000000000000000000000000000000000000000 0 0
27741	47.857	0.000	( 0 )	101110000010010110111010100101011001101100110101100101111111010110001010110110111001000111000000000000000000000000000000000000000000000000000000000000000000000000000000000000000000 0 0
27740	47.857	0.000	( 0 )	101110000010010110111010100101011001101100110101100101111111010110001010110110111001000111000000000000000000000000000000000000000000000000000000000000000000000000000000000000000000 0 0
27692	48.969	0.000	( 0 )	101110000010010110111010100101011001101100110101100101111111010110001010110110111011000111000000000000000000000000000000000000000000000000000000000000000000000000000000000000000000 1 0
27690	48.969	0.000	( 0 )	101110000010010110111010100101011001101100110101100101111111010110001010110110111011000111000000000000000000000000000000000000000000000000000000000000000000000000000000000000000000 0 0
27670	50.080	0.000	( 0 )	101110000010010110111010100101011001001100110101100101111111010110001010110110111011000111000000000000000000000000000000000000000000000000000000000000000000000000000000000000000000 1 0
27669	50.080	0.000	( 0 )	101110000010010110111010100101011001001100110101100101111111010110001010110110111011000111000000000000000000000000000000000000000000000000000000000000000000000000000000000000000000 0 0
27659	54.536	0.000	( 0 )	101110000110000110111010100101011001001100111101100101111111000110001010110110111011000111000000000000000000000000000000000000000000000000000000000000000000000000000000000000000000 4 0
27650	55.648	0.000	( 0 )	101110000110000110111010100101011001001100111101100101111111000110001010110110110011000111000000000000000000000000000000000000000000000000000000000000000000000000000000000000000000 1 0
27627	55.648	0.000	( 0 )	101110000110000110111010100101011001001100111101100101111111000110001010110110110011000111000000000000000000000000000000000000000000000000000000000000000000000000000000000000000000 0 0
27643	56.759	0.000	( 0 )	111110000110000110111010100101011001001100111101100101111111000110001010110110110011000111000000000000000000000000000000000000000000000000000000000000000000000000000000000000000000 1 0
27644	56.759	0.000	( 0 )	111110000110000110111010100101011001001100111101100101111111000110001010110110110011000111000000000000000000000000000000000000000000000000000000000000000000000000000000000000000000 0 0
27641	56.759	0.000	( 0 )	111110000110000110111010100101011001001100111101100101111111000110001010110110110011000111000000000000000000000000000000000000000000000000000000000000000000000000000000000000000000 0 0
27640	56.759	0.000	( 0 )	111110000110000110111010100101011001001100111101100101111111000110001010110110110011000111000000000000000000000000000000000000000000000000000000000000000000000000000000000000000000 0 0
