#java OrderMarkers2 data=- evaluateOrder=reordermarkers/iterations/ordered.19.1 useKosambi=1 numThreads=4 calculateIntervals=intervals/ordered.19.intervals randSeed=-6681279289945238646
Loading file
No grandparents present in family V
Number of individuals = 92
Number of families = 1
File loaded with 31656 SNPs
Number of individuals = 92 excluding grandparents
Number of families = 1
Number of markers = 104
Setting dataScale to 0.8653846153846154 all likelihoods will be multiplied by 1.1555555555555554
Initial score = -935.9295430393042
Iteration 1 of 6
884884288488421 done
Polishing map...
score = -981.7292092261412
score = -977.5723275957205
score = -942.2259742929896
score = -942.2259742929896
Iteration 2 of 6
884884288488421 done
Polishing map...
score = -1003.4216581802156
score = -1001.2468803641447
score = -963.8737387074938
score = -959.9152844582735
Iteration 3 of 6
884884288488421 done
Polishing map...
score = -962.725053868448
score = -962.725053868448
score = -957.865111193811
score = -957.865111193811
Iteration 4 of 6
884884288488421 done
Polishing map...
score = -988.5633279828767
score = -986.4848870782594
score = -986.4848870782594
score = -986.4848870782594
Iteration 5 of 6
884884288488421 done
Polishing map...
score = -1005.5814624778161
score = -1002.8208644855933
score = -1002.8208644855933
score = -1002.4593225957368
Iteration 6 of 6
884884288488421 done
Polishing map...
score = -984.3533003847833
score = -980.1964185755487
score = -980.1964185755487
score = -980.1964185755487
Final score = -935.9295430393042
Setting dataScale to 0.8653846153846154 all likelihoods will be multiplied by 1.1555555555555554
logL = -935.9295430393042
number of recombinations = 68.0 logL = -935.9295430393042
Individual	V	P14459_101_S1	recombines	1	times
Individual	V	P14459_104_S4	recombines	1	times
Individual	V	P14459_105_S5	recombines	1	times
Individual	V	P14459_106_S6	recombines	1	times
Individual	V	P14459_107_S7	recombines	1	times
Individual	V	P14459_110_S10	recombines	1	times
Individual	V	P14459_112_S12	recombines	3	times
Individual	V	P14459_113_S13	recombines	1	times
Individual	V	P14459_114_S14	recombines	1	times
Individual	V	P14459_116_S16	recombines	1	times
Individual	V	P14459_117_S17	recombines	1	times
Individual	V	P14459_118_S18	recombines	1	times
Individual	V	P14459_120_S20	recombines	1	times
Individual	V	P14459_121_S21	recombines	1	times
Individual	V	P14459_123_S23	recombines	1	times
Individual	V	P14459_124_S24	recombines	1	times
Individual	V	P14459_125_S25	recombines	1	times
Individual	V	P14459_126_S26	recombines	1	times
Individual	V	P14459_127_S27	recombines	1	times
Individual	V	P14459_128_S28	recombines	1	times
Individual	V	P14459_130_S30	recombines	1	times
Individual	V	P14459_135_S35	recombines	1	times
Individual	V	P14459_138_S38	recombines	1	times
Individual	V	P14459_139_S39	recombines	1	times
Individual	V	P14459_140_S40	recombines	1	times
Individual	V	P14459_142_S42	recombines	2	times
Individual	V	P14459_144_S44	recombines	1	times
Individual	V	P14459_146_S46	recombines	1	times
Individual	V	P14459_147_S47	recombines	1	times
Individual	V	P14459_148_S48	recombines	1	times
Individual	V	P14459_150_S50	recombines	1	times
Individual	V	P14459_151_S51	recombines	1	times
Individual	V	P14459_152_S52	recombines	1	times
Individual	V	P14459_153_S53	recombines	1	times
Individual	V	P14459_155_S55	recombines	1	times
Individual	V	P14459_157_S57	recombines	1	times
Individual	V	P14459_161_S61	recombines	1	times
Individual	V	P14459_163_S63	recombines	1	times
Individual	V	P14459_164_S64	recombines	1	times
Individual	V	P14459_166_S66	recombines	1	times
Individual	V	P14459_167_S67	recombines	1	times
Individual	V	P14459_168_S68	recombines	1	times
Individual	V	P14459_170_S70	recombines	1	times
Individual	V	P14459_171_S71	recombines	1	times
Individual	V	P14459_172_S72	recombines	4	times
Individual	V	P14459_173_S73	recombines	1	times
Individual	V	P14459_174_S74	recombines	1	times
Individual	V	P14459_176_S76	recombines	1	times
Individual	V	P14459_177_S77	recombines	1	times
Individual	V	P14459_178_S78	recombines	1	times
Individual	V	P14459_179_S79	recombines	1	times
Individual	V	P14459_181_S81	recombines	3	times
Individual	V	P14459_182_S82	recombines	1	times
Individual	V	P14459_183_S83	recombines	1	times
Individual	V	P14459_184_S84	recombines	1	times
Individual	V	P14459_187_S87	recombines	1	times
Individual	V	P14459_188_S88	recombines	1	times
Individual	V	P14459_189_S89	recombines	1	times
Individual	V	P14459_191_S91	recombines	1	times
Individual	V	P14459_193_S93	recombines	1	times
#*** LG = 0 likelihood = -935.9295
#marker_number	male_position	female_position	( 0.0 )[	phased data]
22962	0.000	0.000	( 0 )	001101000011001010011010100110001101000111110000100001010010101010100101101100010011111110000000000000000000000000000000000000000000000000000000000000000000000000000000000000000000 0 0
22566	26.730	0.000	( 0 )	000110000011101010011110001100001101000111100000010101010111111011001100101110010111111010000000000000000000000000000000000000000000000000000000000000000000000000000000000000000000 22 0
22564	26.730	0.000	( 0 )	000110000011101010011110001100001101000111100000010101010111111011001100101110010111111010000000000000000000000000000000000000000000000000000000000000000000000000000000000000000000 0 0
22571	26.730	0.000	( 0 )	000110000011101010011110001100001101000111100000010101010111111011001100101110010111111010000000000000000000000000000000000000000000000000000000000000000000000000000000000000000000 0 0
22537	27.841	0.000	( 0 )	000110000011101010011110001100001101000111100000010101010111111011011100101110010111111010000000000000000000000000000000000000000000000000000000000000000000000000000000000000000000 1 0
22539	27.841	0.000	( 0 )	000110000011101010011110001100001101000111100000010101010111111011011100101110010111111010000000000000000000000000000000000000000000000000000000000000000000000000000000000000000000 0 0
22541	27.841	0.000	( 0 )	000110000011101010011110001100001101000111100000010101010111111011011100101110010111111010000000000000000000000000000000000000000000000000000000000000000000000000000000000000000000 0 0
22629	31.180	0.000	( 0 )	000010000011101010011110001100001100000111101000010101010111111011011100101110010111111010000000000000000000000000000000000000000000000000000000000000000000000000000000000000000000 3 0
22660	31.180	0.000	( 0 )	000010000011101010011110001100001100000111101000010101010111111011011100101110010111111010000000000000000000000000000000000000000000000000000000000000000000000000000000000000000000 0 0
22712	33.403	0.000	( 0 )	000010000011101010111110001100001100000111101000010101010111111011011100111110010111111010000000000000000000000000000000000000000000000000000000000000000000000000000000000000000000 2 0
22710	33.403	0.000	( 0 )	000010000011101010111110001100001100000111101000010101010111111011011100111110010111111010000000000000000000000000000000000000000000000000000000000000000000000000000000000000000000 0 0
22709	33.403	0.000	( 0 )	000010000011101010111110001100001100000111101000010101010111111011011100111110010111111010000000000000000000000000000000000000000000000000000000000000000000000000000000000000000000 0 0
22716	33.403	0.000	( 0 )	000010000011101010111110001100001100000111101000010101010111111011011100111110010111111010000000000000000000000000000000000000000000000000000000000000000000000000000000000000000000 0 0
22707	33.403	0.000	( 0 )	000010000011101010111110001100001100000111101000010101010111111011011100111110010111111010000000000000000000000000000000000000000000000000000000000000000000000000000000000000000000 0 0
22714	33.403	0.000	( 0 )	000010000011101010111110001100001100000111101000010101010111111011011100111110010111111010000000000000000000000000000000000000000000000000000000000000000000000000000000000000000000 0 0
22708	33.403	0.000	( 0 )	000010000011101010111110001100001100000111101000010101010111111011011100111110010111111010000000000000000000000000000000000000000000000000000000000000000000000000000000000000000000 0 0
22715	33.403	0.000	( 0 )	000010000011101010111110001100001100000111101000010101010111111011011100111110010111111010000000000000000000000000000000000000000000000000000000000000000000000000000000000000000000 0 0
22724	34.515	0.000	( 0 )	000010000011101010111110001100001100000111101000010101010111011011011100111110010111111010000000000000000000000000000000000000000000000000000000000000000000000000000000000000000000 1 0
22723	34.515	0.000	( 0 )	000010000011101010111110001100001100000111101000010101010111011011011100111110010111111010000000000000000000000000000000000000000000000000000000000000000000000000000000000000000000 0 0
22732	35.626	0.000	( 0 )	000010000011101010111110001100001100000111101000010101010111011011011100111110010101111010000000000000000000000000000000000000000000000000000000000000000000000000000000000000000000 1 0
22733	35.626	0.000	( 0 )	000010000011101010111110001100001100000111101000010101010111011011011100111110010101111010000000000000000000000000000000000000000000000000000000000000000000000000000000000000000000 0 0
22798	38.964	0.000	( 0 )	000010000011101000111110001100001100000111101001010101010111011111011100111110010101111010000000000000000000000000000000000000000000000000000000000000000000000000000000000000000000 3 0
22797	38.964	0.000	( 0 )	000010000011101000111110001100001100000111101001010101010111011111011100111110010101111010000000000000000000000000000000000000000000000000000000000000000000000000000000000000000000 0 0
22796	38.964	0.000	( 0 )	000010000011101000111110001100001100000111101001010101010111011111011100111110010101111010000000000000000000000000000000000000000000000000000000000000000000000000000000000000000000 0 0
22802	38.964	0.000	( 0 )	000010000011101000111110001100001100000111101001010101010111011111011100111110010101111010000000000000000000000000000000000000000000000000000000000000000000000000000000000000000000 0 0
22803	38.964	0.000	( 0 )	000010000011101000111110001100001100000111101001010101010111011111011100111110010101111010000000000000000000000000000000000000000000000000000000000000000000000000000000000000000000 0 0
22896	38.964	0.000	( 0 )	000010000011101000111110001100001100000111101001010101010111011111011100111110010101111010000000000000000000000000000000000000000000000000000000000000000000000000000000000000000000 0 0
22804	38.964	0.000	( 0 )	000010000011101000111110001100001100000111101001010101010111011111011100111110010101111010000000000000000000000000000000000000000000000000000000000000000000000000000000000000000000 0 0
22794	38.964	0.000	( 0 )	000010000011101000111110001100001100000111101001010101010111011111011100111110010101111010000000000000000000000000000000000000000000000000000000000000000000000000000000000000000000 0 0
22906	38.964	0.000	( 0 )	000010000011101000111110001100001100000111101001010101010111011111011100111110010101111010000000000000000000000000000000000000000000000000000000000000000000000000000000000000000000 0 0
22805	38.964	0.000	( 0 )	000010000011101000111110001100001100000111101001010101010111011111011100111110010101111010000000000000000000000000000000000000000000000000000000000000000000000000000000000000000000 0 0
22900	38.964	0.000	( 0 )	000010000011101000111110001100001100000111101001010101010111011111011100111110010101111010000000000000000000000000000000000000000000000000000000000000000000000000000000000000000000 0 0
22799	38.964	0.000	( 0 )	000010000011101000111110001100001100000111101001010101010111011111011100111110010101111010000000000000000000000000000000000000000000000000000000000000000000000000000000000000000000 0 0
22858	40.075	0.000	( 0 )	000010000001101000111110001100001100000111101001010101010111011111011100111110010101111010000000000000000000000000000000000000000000000000000000000000000000000000000000000000000000 1 0
22859	40.075	0.000	( 0 )	000010000001101000111110001100001100000111101001010101010111011111011100111110010101111010000000000000000000000000000000000000000000000000000000000000000000000000000000000000000000 0 0
22866	41.187	0.000	( 0 )	000010000001101000111110001100001100000111101001010101010111011111001100111110010101111010000000000000000000000000000000000000000000000000000000000000000000000000000000000000000000 1 0
22862	41.187	0.000	( 0 )	000010000001101000111110001100001100000111101001010101010111011111001100111110010101111010000000000000000000000000000000000000000000000000000000000000000000000000000000000000000000 0 0
22861	41.187	0.000	( 0 )	000010000001101000111110001100001100000111101001010101010111011111001100111110010101111010000000000000000000000000000000000000000000000000000000000000000000000000000000000000000000 0 0
22864	41.187	0.000	( 0 )	000010000001101000111110001100001100000111101001010101010111011111001100111110010101111010000000000000000000000000000000000000000000000000000000000000000000000000000000000000000000 0 0
22856	41.187	0.000	( 0 )	000010000001101000111110001100001100000111101001010101010111011111001100111110010101111010000000000000000000000000000000000000000000000000000000000000000000000000000000000000000000 0 0
22855	41.187	0.000	( 0 )	000010000001101000111110001100001100000111101001010101010111011111001100111110010101111010000000000000000000000000000000000000000000000000000000000000000000000000000000000000000000 0 0
22843	41.187	0.000	( 0 )	000010000001101000111110001100001100000111101001010101010111011111001100111110010101111010000000000000000000000000000000000000000000000000000000000000000000000000000000000000000000 0 0
22865	41.187	0.000	( 0 )	000010000001101000111110001100001100000111101001010101010111011111001100111110010101111010000000000000000000000000000000000000000000000000000000000000000000000000000000000000000000 0 0
22844	41.187	0.000	( 0 )	000010000001101000111110001100001100000111101001010101010111011111001100111110010101111010000000000000000000000000000000000000000000000000000000000000000000000000000000000000000000 0 0
22898	42.298	0.000	( 0 )	000010000001101000111110001100001100000111101001010101010111011111001100111010010101111010000000000000000000000000000000000000000000000000000000000000000000000000000000000000000000 1 0
22897	42.298	0.000	( 0 )	000010000001101000111110001100001100000111101001010101010111011111001100111010010101111010000000000000000000000000000000000000000000000000000000000000000000000000000000000000000000 0 0
22842	43.409	0.000	( 0 )	000010000011101000111110001100001100000111101001010101010111011111001100111010010101111010000000000000000000000000000000000000000000000000000000000000000000000000000000000000000000 1 0
22814	43.409	0.000	( 0 )	000010000011101000111110001100001100000111101001010101010111011111001100111010010101111010000000000000000000000000000000000000000000000000000000000000000000000000000000000000000000 0 0
22812	43.409	0.000	( 0 )	000010000011101000111110001100001100000111101001010101010111011111001100111010010101111010000000000000000000000000000000000000000000000000000000000000000000000000000000000000000000 0 0
22839	43.409	0.000	( 0 )	000010000011101000111110001100001100000111101001010101010111011111001100111010010101111010000000000000000000000000000000000000000000000000000000000000000000000000000000000000000000 0 0
22836	43.409	0.000	( 0 )	000010000011101000111110001100001100000111101001010101010111011111001100111010010101111010000000000000000000000000000000000000000000000000000000000000000000000000000000000000000000 0 0
22833	43.409	0.000	( 0 )	000010000011101000111110001100001100000111101001010101010111011111001100111010010101111010000000000000000000000000000000000000000000000000000000000000000000000000000000000000000000 0 0
22928	45.633	0.000	( 0 )	000010000011101100111110001100001100000111101001010101010111011111001100111110010101111010000000000000000000000000000000000000000000000000000000000000000000000000000000000000000000 2 0
22920	45.633	0.000	( 0 )	000010000011101100111110001100001100000111101001010101010111011111001100111110010101111010000000000000000000000000000000000000000000000000000000000000000000000000000000000000000000 0 0
23008	53.474	0.000	( 0 )	000010001010101100111101001100001100000101101011010101010111011111001110111110010101111010000000000000000000000000000000000000000000000000000000000000000000000000000000000000000000 7 0
23058	54.586	0.000	( 0 )	000010001010101100111101001100000100000101101011010101010111011111001110111110010101111010000000000000000000000000000000000000000000000000000000000000000000000000000000000000000000 1 0
23052	54.586	0.000	( 0 )	000010001010101100111101001100000100000101101011010101010111011111001110111110010101111010000000000000000000000000000000000000000000000000000000000000000000000000000000000000000000 0 0
23017	54.586	0.000	( 0 )	000010001010101100111101001100000100000101101011010101010111011111001110111110010101111010000000000000000000000000000000000000000000000000000000000000000000000000000000000000000000 0 0
23050	54.586	0.000	( 0 )	000010001010101100111101001100000100000101101011010101010111011111001110111110010101111010000000000000000000000000000000000000000000000000000000000000000000000000000000000000000000 0 0
23029	54.586	0.000	( 0 )	000010001010101100111101001100000100000101101011010101010111011111001110111110010101111010000000000000000000000000000000000000000000000000000000000000000000000000000000000000000000 0 0
23059	54.586	0.000	( 0 )	000010001010101100111101001100000100000101101011010101010111011111001110111110010101111010000000000000000000000000000000000000000000000000000000000000000000000000000000000000000000 0 0
23031	54.586	0.000	( 0 )	000010001010101100111101001100000100000101101011010101010111011111001110111110010101111010000000000000000000000000000000000000000000000000000000000000000000000000000000000000000000 0 0
23060	54.586	0.000	( 0 )	000010001010101100111101001100000100000101101011010101010111011111001110111110010101111010000000000000000000000000000000000000000000000000000000000000000000000000000000000000000000 0 0
23001	55.697	0.000	( 0 )	000010001010101100111101001100000100000101101011010101010111011111001110111110010100111010000000000000000000000000000000000000000000000000000000000000000000000000000000000000000000 1 0
23030	55.697	0.000	( 0 )	000010001010101100111101001100000100000101101011010101010111011111001110111110010100111010000000000000000000000000000000000000000000000000000000000000000000000000000000000000000000 0 0
23002	55.697	0.000	( 0 )	000010001010101100111101001100000100000101101011010101010111011111001110111110010100111010000000000000000000000000000000000000000000000000000000000000000000000000000000000000000000 0 0
23028	55.697	0.000	( 0 )	000010001010101100111101001100000100000101101011010101010111011111001110111110010100111010000000000000000000000000000000000000000000000000000000000000000000000000000000000000000000 0 0
23153	60.153	0.000	( 0 )	000010001010100100111101001100000100000101101011010100010111011111001010111110010100101010000000000000000000000000000000000000000000000000000000000000000000000000000000000000000000 4 0
23174	60.153	0.000	( 0 )	000010001010100100111101001100000100000101101011010100010111011111001010111110010100101010000000000000000000000000000000000000000000000000000000000000000000000000000000000000000000 0 0
23154	60.153	0.000	( 0 )	000010001010100100111101001100000100000101101011010100010111011111001010111110010100101010000000000000000000000000000000000000000000000000000000000000000000000000000000000000000000 0 0
23164	60.153	0.000	( 0 )	000010001010100100111101001100000100000101101011010100010111011111001010111110010100101010000000000000000000000000000000000000000000000000000000000000000000000000000000000000000000 0 0
23175	60.153	0.000	( 0 )	000010001010100100111101001100000100000101101011010100010111011111001010111110010100101010000000000000000000000000000000000000000000000000000000000000000000000000000000000000000000 0 0
23185	60.153	0.000	( 0 )	000010001010100100111101001100000100000101101011010100010111011111001010111110010100101010000000000000000000000000000000000000000000000000000000000000000000000000000000000000000000 0 0
23181	61.264	0.000	( 0 )	000010001010100100111101001100000100000101101011010100010111011111011010111110010100101010000000000000000000000000000000000000000000000000000000000000000000000000000000000000000000 1 0
23158	61.264	0.000	( 0 )	000010001010100100111101001100000100000101101011010100010111011111011010111110010100101010000000000000000000000000000000000000000000000000000000000000000000000000000000000000000000 0 0
23140	61.264	0.000	( 0 )	000010001010100100111101001100000100000101101011010100010111011111011010111110010100101010000000000000000000000000000000000000000000000000000000000000000000000000000000000000000000 0 0
23186	61.264	0.000	( 0 )	000010001010100100111101001100000100000101101011010100010111011111011010111110010100101010000000000000000000000000000000000000000000000000000000000000000000000000000000000000000000 0 0
23179	62.376	0.000	( 0 )	000010001010100100111101001100000100000001101011010100010111011111011010111110010100101010000000000000000000000000000000000000000000000000000000000000000000000000000000000000000000 1 0
23177	62.376	0.000	( 0 )	000010001010100100111101001100000100000001101011010100010111011111011010111110010100101010000000000000000000000000000000000000000000000000000000000000000000000000000000000000000000 0 0
23176	62.376	0.000	( 0 )	000010001010100100111101001100000100000001101011010100010111011111011010111110010100101010000000000000000000000000000000000000000000000000000000000000000000000000000000000000000000 0 0
23178	62.376	0.000	( 0 )	000010001010100100111101001100000100000001101011010100010111011111011010111110010100101010000000000000000000000000000000000000000000000000000000000000000000000000000000000000000000 0 0
23180	62.376	0.000	( 0 )	000010001010100100111101001100000100000001101011010100010111011111011010111110010100101010000000000000000000000000000000000000000000000000000000000000000000000000000000000000000000 0 0
23200	64.599	0.000	( 0 )	000010001010100100111101001100000100000101101011010100010111010111011010111110010100101010000000000000000000000000000000000000000000000000000000000000000000000000000000000000000000 2 0
23202	64.599	0.000	( 0 )	000010001010100100111101001100000100000101101011010100010111010111011010111110010100101010000000000000000000000000000000000000000000000000000000000000000000000000000000000000000000 0 0
23201	64.599	0.000	( 0 )	000010001010100100111101001100000100000101101011010100010111010111011010111110010100101010000000000000000000000000000000000000000000000000000000000000000000000000000000000000000000 0 0
23252	67.938	0.000	( 0 )	100010001010100100111101001100000100010101101011010100010111010111011010111110110100101010000000000000000000000000000000000000000000000000000000000000000000000000000000000000000000 3 0
23250	67.938	0.000	( 0 )	100010001010100100111101001100000100010101101011010100010111010111011010111110110100101010000000000000000000000000000000000000000000000000000000000000000000000000000000000000000000 0 0
23253	67.938	0.000	( 0 )	100010001010100100111101001100000100010101101011010100010111010111011010111110110100101010000000000000000000000000000000000000000000000000000000000000000000000000000000000000000000 0 0
23287	70.161	0.000	( 0 )	100010001010100100111101001100000100010101101011010100010111010111011010111011110100101010000000000000000000000000000000000000000000000000000000000000000000000000000000000000000000 2 0
23282	70.161	0.000	( 0 )	100010001010100100111101001100000100010101101011010100010111010111011010111011110100101010000000000000000000000000000000000000000000000000000000000000000000000000000000000000000000 0 0
23317	72.385	0.000	( 0 )	100010001010100100101101001100000100010101001011010100010111010111011010111011110100101010000000000000000000000000000000000000000000000000000000000000000000000000000000000000000000 2 0
23359	74.609	0.000	( 0 )	100010001000100100101101001100000100010101001011010100010111010111011010011011110100101010000000000000000000000000000000000000000000000000000000000000000000000000000000000000000000 2 0
23352	74.609	0.000	( 0 )	100010001000100100101101001100000100010101001011010100010111010111011010011011110100101010000000000000000000000000000000000000000000000000000000000000000000000000000000000000000000 0 0
23351	74.609	0.000	( 0 )	100010001000100100101101001100000100010101001011010100010111010111011010011011110100101010000000000000000000000000000000000000000000000000000000000000000000000000000000000000000000 0 0
23355	74.609	0.000	( 0 )	100010001000100100101101001100000100010101001011010100010111010111011010011011110100101010000000000000000000000000000000000000000000000000000000000000000000000000000000000000000000 0 0
23354	74.609	0.000	( 0 )	100010001000100100101101001100000100010101001011010100010111010111011010011011110100101010000000000000000000000000000000000000000000000000000000000000000000000000000000000000000000 0 0
23326	75.720	0.000	( 0 )	100010001000100100101101001100000100010101001011010100010111010111001010011011110100101010000000000000000000000000000000000000000000000000000000000000000000000000000000000000000000 1 0
23332	75.720	0.000	( 0 )	100010001000100100101101001100000100010101001011010100010111010111001010011011110100101010000000000000000000000000000000000000000000000000000000000000000000000000000000000000000000 0 0
23347	75.720	0.000	( 0 )	100010001000100100101101001100000100010101001011010100010111010111001010011011110100101010000000000000000000000000000000000000000000000000000000000000000000000000000000000000000000 0 0
23349	75.720	0.000	( 0 )	100010001000100100101101001100000100010101001011010100010111010111001010011011110100101010000000000000000000000000000000000000000000000000000000000000000000000000000000000000000000 0 0
23348	75.720	0.000	( 0 )	100010001000100100101101001100000100010101001011010100010111010111001010011011110100101010000000000000000000000000000000000000000000000000000000000000000000000000000000000000000000 0 0
23327	75.720	0.000	( 0 )	100010001000100100101101001100000100010101001011010100010111010111001010011011110100101010000000000000000000000000000000000000000000000000000000000000000000000000000000000000000000 0 0
23334	77.944	0.000	( 0 )	100010001000100100101101011100000100110101001011010100010111010111001010011011110100101010000000000000000000000000000000000000000000000000000000000000000000000000000000000000000000 2 0
23336	77.944	0.000	( 0 )	100010001000100100101101011100000100110101001011010100010111010111001010011011110100101010000000000000000000000000000000000000000000000000000000000000000000000000000000000000000000 0 0
