#java OrderMarkers2 data=- evaluateOrder=reordermarkers/iterations/ordered.21.3 useKosambi=1 numThreads=4 calculateIntervals=intervals/ordered.21.intervals randSeed=7435766266679937608
Loading file
No grandparents present in family V
Number of individuals = 92
Number of families = 1
File loaded with 31656 SNPs
Number of individuals = 92 excluding grandparents
Number of families = 1
Number of markers = 84
Setting dataScale to 1.0 all likelihoods will be multiplied by 1.0
Initial score = -576.9526246046696
Iteration 1 of 6
884884288488421 done
Polishing map...
score = -585.2896358934012
score = -585.2896358934012
score = -585.2896358934012
score = -585.2896358934012
Iteration 2 of 6
884884288488421 done
Polishing map...
score = -585.2896358934012
score = -585.2896358934012
score = -585.2896358934012
score = -578.8208045182802
Iteration 3 of 6
884884288488421 done
Polishing map...
score = -585.2896358934012
score = -585.2896358934012
score = -585.2896358934012
score = -585.2896358934012
Iteration 4 of 6
884884288488421 done
Polishing map...
score = -585.2896358934012
score = -585.2896358934012
score = -585.2896358934012
score = -585.2896358934012
Iteration 5 of 6
884884288488421 done
Polishing map...
score = -585.2896358934012
score = -585.2896358934012
score = -585.2896358934012
score = -585.2896358934012
Iteration 6 of 6
884884288488421 done
Polishing map...
score = -585.2896358934012
score = -585.2896358934012
score = -585.2896358934012
score = -585.2896358934012
Final score = -576.9526246046696
Setting dataScale to 1.0 all likelihoods will be multiplied by 1.0
logL = -576.9526246046696
number of recombinations = 49.0 logL = -576.9526246046696
Individual	V	P14459_103_S3	recombines	1	times
Individual	V	P14459_105_S5	recombines	1	times
Individual	V	P14459_106_S6	recombines	2	times
Individual	V	P14459_107_S7	recombines	1	times
Individual	V	P14459_108_S8	recombines	1	times
Individual	V	P14459_111_S11	recombines	1	times
Individual	V	P14459_112_S12	recombines	1	times
Individual	V	P14459_113_S13	recombines	1	times
Individual	V	P14459_115_S15	recombines	1	times
Individual	V	P14459_118_S18	recombines	1	times
Individual	V	P14459_120_S20	recombines	1	times
Individual	V	P14459_125_S25	recombines	1	times
Individual	V	P14459_126_S26	recombines	1	times
Individual	V	P14459_127_S27	recombines	1	times
Individual	V	P14459_128_S28	recombines	1	times
Individual	V	P14459_129_S29	recombines	2	times
Individual	V	P14459_136_S36	recombines	1	times
Individual	V	P14459_137_S37	recombines	1	times
Individual	V	P14459_139_S39	recombines	1	times
Individual	V	P14459_145_S45	recombines	1	times
Individual	V	P14459_146_S46	recombines	1	times
Individual	V	P14459_148_S48	recombines	1	times
Individual	V	P14459_149_S49	recombines	1	times
Individual	V	P14459_150_S50	recombines	1	times
Individual	V	P14459_152_S52	recombines	1	times
Individual	V	P14459_155_S55	recombines	1	times
Individual	V	P14459_157_S57	recombines	1	times
Individual	V	P14459_158_S58	recombines	1	times
Individual	V	P14459_161_S61	recombines	1	times
Individual	V	P14459_164_S64	recombines	1	times
Individual	V	P14459_166_S66	recombines	1	times
Individual	V	P14459_168_S68	recombines	1	times
Individual	V	P14459_169_S69	recombines	1	times
Individual	V	P14459_171_S71	recombines	1	times
Individual	V	P14459_172_S72	recombines	3	times
Individual	V	P14459_174_S74	recombines	1	times
Individual	V	P14459_176_S76	recombines	1	times
Individual	V	P14459_180_S80	recombines	1	times
Individual	V	P14459_183_S83	recombines	1	times
Individual	V	P14459_185_S85	recombines	1	times
Individual	V	P14459_187_S87	recombines	1	times
Individual	V	P14459_189_S89	recombines	1	times
Individual	V	P14459_191_S91	recombines	1	times
Individual	V	P14459_194_S94	recombines	1	times
Individual	V	P14459_195_S95	recombines	1	times
#*** LG = 0 likelihood = -576.9526
#marker_number	male_position	female_position	( 0.0 )[	phased data]
24453	0.000	0.000	( 0 )	001101100110110100100000111100100011010101010110010101110101111111011110111111110011111010000000000000000000000000000000000000000000000000000000000000000000000000000000000000000000 0 0
24455	0.000	0.000	( 0 )	001101100110110100100000111100100011010101010110010101110101111111011110111111110011111010000000000000000000000000000000000000000000000000000000000000000000000000000000000000000000 0 0
24454	0.000	0.000	( 0 )	001101100110110100100000111100100011010101010110010101110101111111011110111111110011111010000000000000000000000000000000000000000000000000000000000000000000000000000000000000000000 0 0
24477	1.111	0.000	( 0 )	001101100110110100100000111000100011010101010110010101110101111111011110111111110011111010000000000000000000000000000000000000000000000000000000000000000000000000000000000000000000 1 0
24478	1.111	0.000	( 0 )	001101100110110100100000111000100011010101010110010101110101111111011110111111110011111010000000000000000000000000000000000000000000000000000000000000000000000000000000000000000000 0 0
24476	1.111	0.000	( 0 )	001101100110110100100000111000100011010101010110010101110101111111011110111111110011111010000000000000000000000000000000000000000000000000000000000000000000000000000000000000000000 0 0
24453	1.111	0.000	( 0 )	001101100110110100100000111000100011010101010110010101110101111111011110111111110011111010000000000000000000000000000000000000000000000000000000000000000000000000000000000000000000 0 0
24479	1.111	0.000	( 0 )	001101100110110100100000111000100011010101010110010101110101111111011110111111110011111010000000000000000000000000000000000000000000000000000000000000000000000000000000000000000000 0 0
24462	2.223	0.000	( 0 )	001101100110110100100000111000100011010101010110010101110101111111001110111111110011111010000000000000000000000000000000000000000000000000000000000000000000000000000000000000000000 1 0
24517	5.561	0.000	( 0 )	001001100111110100100001111000100011010101010110010101110101111111001110111111110011111010000000000000000000000000000000000000000000000000000000000000000000000000000000000000000000 3 0
24504	5.561	0.000	( 0 )	001001100111110100100001111000100011010101010110010101110101111111001110111111110011111010000000000000000000000000000000000000000000000000000000000000000000000000000000000000000000 0 0
24510	5.561	0.000	( 0 )	001001100111110100100001111000100011010101010110010101110101111111001110111111110011111010000000000000000000000000000000000000000000000000000000000000000000000000000000000000000000 0 0
24503	5.561	0.000	( 0 )	001001100111110100100001111000100011010101010110010101110101111111001110111111110011111010000000000000000000000000000000000000000000000000000000000000000000000000000000000000000000 0 0
24572	12.267	0.000	( 0 )	001001100111110100000001110100100011010100010110110101110101111111001100111111110011111010000000000000000000000000000000000000000000000000000000000000000000000000000000000000000000 6 0
24571	12.267	0.000	( 0 )	001001100111110100000001110100100011010100010110110101110101111111001100111111110011111010000000000000000000000000000000000000000000000000000000000000000000000000000000000000000000 0 0
24592	15.606	0.000	( 0 )	001011100111110100000001110100100011010100010110110101110101111111001100110111110011111011000000000000000000000000000000000000000000000000000000000000000000000000000000000000000000 3 0
24593	15.606	0.000	( 0 )	001011100111110100000001110100100011010100010110110101110101111111001100110111110011111011000000000000000000000000000000000000000000000000000000000000000000000000000000000000000000 0 0
24590	15.606	0.000	( 0 )	001011100111110100000001110100100011010100010110110101110101111111001100110111110011111011000000000000000000000000000000000000000000000000000000000000000000000000000000000000000000 0 0
24589	15.606	0.000	( 0 )	001011100111110100000001110100100011010100010110110101110101111111001100110111110011111011000000000000000000000000000000000000000000000000000000000000000000000000000000000000000000 0 0
24597	15.606	0.000	( 0 )	001011100111110100000001110100100011010100010110110101110101111111001100110111110011111011000000000000000000000000000000000000000000000000000000000000000000000000000000000000000000 0 0
24595	15.606	0.000	( 0 )	001011100111110100000001110100100011010100010110110101110101111111001100110111110011111011000000000000000000000000000000000000000000000000000000000000000000000000000000000000000000 0 0
24649	23.447	0.000	( 0 )	001011100111110100000001100100100011010100010010110101010101101011001100110110110111111011000000000000000000000000000000000000000000000000000000000000000000000000000000000000000000 7 0
24650	23.447	0.000	( 0 )	001011100111110100000001100100100011010100010010110101010101101011001100110110110111111011000000000000000000000000000000000000000000000000000000000000000000000000000000000000000000 0 0
24653	23.447	0.000	( 0 )	001011100111110100000001100100100011010100010010110101010101101011001100110110110111111011000000000000000000000000000000000000000000000000000000000000000000000000000000000000000000 0 0
24651	23.447	0.000	( 0 )	001011100111110100000001100100100011010100010010110101010101101011001100110110110111111011000000000000000000000000000000000000000000000000000000000000000000000000000000000000000000 0 0
24669	26.785	0.000	( 0 )	001011000111100100000001100100100011010100010010110101010001101011001100110110110111111011000000000000000000000000000000000000000000000000000000000000000000000000000000000000000000 3 0
24668	26.785	0.000	( 0 )	001011000111100100000001100100100011010100010010110101010001101011001100110110110111111011000000000000000000000000000000000000000000000000000000000000000000000000000000000000000000 0 0
24667	26.785	0.000	( 0 )	001011000111100100000001100100100011010100010010110101010001101011001100110110110111111011000000000000000000000000000000000000000000000000000000000000000000000000000000000000000000 0 0
24704	29.009	0.000	( 0 )	001011000111100100000001000100100011010100011010110101010001101011001100110110110111111011000000000000000000000000000000000000000000000000000000000000000000000000000000000000000000 2 0
24725	30.120	0.000	( 0 )	001011000111100100000001000100100011010100011010110101010001101011001100110110110111101011000000000000000000000000000000000000000000000000000000000000000000000000000000000000000000 1 0
24723	30.120	0.000	( 0 )	001011000111100100000001000100100011010100011010110101010001101011001100110110110111101011000000000000000000000000000000000000000000000000000000000000000000000000000000000000000000 0 0
24710	30.120	0.000	( 0 )	001011000111100100000001000100100011010100011010110101010001101011001100110110110111101011000000000000000000000000000000000000000000000000000000000000000000000000000000000000000000 0 0
24724	30.120	0.000	( 0 )	001011000111100100000001000100100011010100011010110101010001101011001100110110110111101011000000000000000000000000000000000000000000000000000000000000000000000000000000000000000000 0 0
24731	31.232	0.000	( 0 )	001011000111100100000001000100100011010100111010110101010001101011001100110110110111101011000000000000000000000000000000000000000000000000000000000000000000000000000000000000000000 1 0
24776	34.570	0.000	( 0 )	001011000111100100000001000100100101010100111010110100010001101011001100110110110111101011000000000000000000000000000000000000000000000000000000000000000000000000000000000000000000 3 0
24775	34.570	0.000	( 0 )	001011000111100100000001000100100101010100111010110100010001101011001100110110110111101011000000000000000000000000000000000000000000000000000000000000000000000000000000000000000000 0 0
24783	34.570	0.000	( 0 )	001011000111100100000001000100100101010100111010110100010001101011001100110110110111101011000000000000000000000000000000000000000000000000000000000000000000000000000000000000000000 0 0
24778	34.570	0.000	( 0 )	001011000111100100000001000100100101010100111010110100010001101011001100110110110111101011000000000000000000000000000000000000000000000000000000000000000000000000000000000000000000 0 0
24768	34.570	0.000	( 0 )	001011000111100100000001000100100101010100111010110100010001101011001100110110110111101011000000000000000000000000000000000000000000000000000000000000000000000000000000000000000000 0 0
24948	35.681	0.000	( 0 )	001011000111100100000001000100100101110100111010110100010001101011001100110110110111101011000000000000000000000000000000000000000000000000000000000000000000000000000000000000000000 1 0
24878	35.681	0.000	( 0 )	001011000111100100000001000100100101110100111010110100010001101011001100110110110111101011000000000000000000000000000000000000000000000000000000000000000000000000000000000000000000 0 0
24944	35.681	0.000	( 0 )	001011000111100100000001000100100101110100111010110100010001101011001100110110110111101011000000000000000000000000000000000000000000000000000000000000000000000000000000000000000000 0 0
24930	35.681	0.000	( 0 )	001011000111100100000001000100100101110100111010110100010001101011001100110110110111101011000000000000000000000000000000000000000000000000000000000000000000000000000000000000000000 0 0
24929	35.681	0.000	( 0 )	001011000111100100000001000100100101110100111010110100010001101011001100110110110111101011000000000000000000000000000000000000000000000000000000000000000000000000000000000000000000 0 0
24893	35.681	0.000	( 0 )	001011000111100100000001000100100101110100111010110100010001101011001100110110110111101011000000000000000000000000000000000000000000000000000000000000000000000000000000000000000000 0 0
24805	35.681	0.000	( 0 )	001011000111100100000001000100100101110100111010110100010001101011001100110110110111101011000000000000000000000000000000000000000000000000000000000000000000000000000000000000000000 0 0
24818	36.793	0.000	( 0 )	001011000111100100000001000100100101110100111010110100010001101011011100110110110111101011000000000000000000000000000000000000000000000000000000000000000000000000000000000000000000 1 0
24823	36.793	0.000	( 0 )	001011000111100100000001000100100101110100111010110100010001101011011100110110110111101011000000000000000000000000000000000000000000000000000000000000000000000000000000000000000000 0 0
24794	36.793	0.000	( 0 )	001011000111100100000001000100100101110100111010110100010001101011011100110110110111101011000000000000000000000000000000000000000000000000000000000000000000000000000000000000000000 0 0
24819	36.793	0.000	( 0 )	001011000111100100000001000100100101110100111010110100010001101011011100110110110111101011000000000000000000000000000000000000000000000000000000000000000000000000000000000000000000 0 0
24946	36.793	0.000	( 0 )	001011000111100100000001000100100101110100111010110100010001101011011100110110110111101011000000000000000000000000000000000000000000000000000000000000000000000000000000000000000000 0 0
24996	37.904	0.000	( 0 )	001011000111100100000001000100100101110100111010110100010001101011011100110110110110101011000000000000000000000000000000000000000000000000000000000000000000000000000000000000000000 1 0
24846	37.904	0.000	( 0 )	001011000111100100000001000100100101110100111010110100010001101011011100110110110110101011000000000000000000000000000000000000000000000000000000000000000000000000000000000000000000 0 0
24974	37.904	0.000	( 0 )	001011000111100100000001000100100101110100111010110100010001101011011100110110110110101011000000000000000000000000000000000000000000000000000000000000000000000000000000000000000000 0 0
24970	39.015	0.000	( 0 )	001011000111100100000001000100100101110100111010110100010001101011001100110110110110101011000000000000000000000000000000000000000000000000000000000000000000000000000000000000000000 1 0
24972	39.015	0.000	( 0 )	001011000111100100000001000100100101110100111010110100010001101011001100110110110110101011000000000000000000000000000000000000000000000000000000000000000000000000000000000000000000 0 0
25024	40.127	0.000	( 0 )	001010000111100100000001000100100101110100111010110100010001101011001100110110110110101011000000000000000000000000000000000000000000000000000000000000000000000000000000000000000000 1 0
25023	40.127	0.000	( 0 )	001010000111100100000001000100100101110100111010110100010001101011001100110110110110101011000000000000000000000000000000000000000000000000000000000000000000000000000000000000000000 0 0
25051	41.238	0.000	( 0 )	001000000111100100000001000100100101110100111010110100010001101011001100110110110110101011000000000000000000000000000000000000000000000000000000000000000000000000000000000000000000 1 0
25062	41.238	0.000	( 0 )	001000000111100100000001000100100101110100111010110100010001101011001100110110110110101011000000000000000000000000000000000000000000000000000000000000000000000000000000000000000000 0 0
25039	41.238	0.000	( 0 )	001000000111100100000001000100100101110100111010110100010001101011001100110110110110101011000000000000000000000000000000000000000000000000000000000000000000000000000000000000000000 0 0
25094	41.238	0.000	( 0 )	001000000111100100000001000100100101110100111010110100010001101011001100110110110110101011000000000000000000000000000000000000000000000000000000000000000000000000000000000000000000 0 0
25061	41.238	0.000	( 0 )	001000000111100100000001000100100101110100111010110100010001101011001100110110110110101011000000000000000000000000000000000000000000000000000000000000000000000000000000000000000000 0 0
25031	41.238	0.000	( 0 )	001000000111100100000001000100100101110100111010110100010001101011001100110110110110101011000000000000000000000000000000000000000000000000000000000000000000000000000000000000000000 0 0
25038	41.238	0.000	( 0 )	001000000111100100000001000100100101110100111010110100010001101011001100110110110110101011000000000000000000000000000000000000000000000000000000000000000000000000000000000000000000 0 0
25034	41.238	0.000	( 0 )	001000000111100100000001000100100101110100111010110100010001101011001100110110110110101011000000000000000000000000000000000000000000000000000000000000000000000000000000000000000000 0 0
25033	41.238	0.000	( 0 )	001000000111100100000001000100100101110100111010110100010001101011001100110110110110101011000000000000000000000000000000000000000000000000000000000000000000000000000000000000000000 0 0
25054	41.238	0.000	( 0 )	001000000111100100000001000100100101110100111010110100010001101011001100110110110110101011000000000000000000000000000000000000000000000000000000000000000000000000000000000000000000 0 0
25088	41.238	0.000	( 0 )	001000000111100100000001000100100101110100111010110100010001101011001100110110110110101011000000000000000000000000000000000000000000000000000000000000000000000000000000000000000000 0 0
25104	42.349	0.000	( 0 )	011000000111100100000001000100100101110100111010110100010001101011001100110110110110101011000000000000000000000000000000000000000000000000000000000000000000000000000000000000000000 1 0
25139	42.349	0.000	( 0 )	011000000111100100000001000100100101110100111010110100010001101011001100110110110110101011000000000000000000000000000000000000000000000000000000000000000000000000000000000000000000 0 0
25098	42.349	0.000	( 0 )	011000000111100100000001000100100101110100111010110100010001101011001100110110110110101011000000000000000000000000000000000000000000000000000000000000000000000000000000000000000000 0 0
25137	42.349	0.000	( 0 )	011000000111100100000001000100100101110100111010110100010001101011001100110110110110101011000000000000000000000000000000000000000000000000000000000000000000000000000000000000000000 0 0
25108	42.349	0.000	( 0 )	011000000111100100000001000100100101110100111010110100010001101011001100110110110110101011000000000000000000000000000000000000000000000000000000000000000000000000000000000000000000 0 0
25258	53.649	0.000	( 0 )	011000000011100110000001000100100101110100111000110000010001001001101000110110100110101001000000000000000000000000000000000000000000000000000000000000000000000000000000000000000000 10 0
25250	53.649	0.000	( 0 )	011000000011100110000001000100100101110100111000110000010001001001101000110110100110101001000000000000000000000000000000000000000000000000000000000000000000000000000000000000000000 0 0
25249	53.649	0.000	( 0 )	011000000011100110000001000100100101110100111000110000010001001001101000110110100110101001000000000000000000000000000000000000000000000000000000000000000000000000000000000000000000 0 0
25252	53.649	0.000	( 0 )	011000000011100110000001000100100101110100111000110000010001001001101000110110100110101001000000000000000000000000000000000000000000000000000000000000000000000000000000000000000000 0 0
25256	53.649	0.000	( 0 )	011000000011100110000001000100100101110100111000110000010001001001101000110110100110101001000000000000000000000000000000000000000000000000000000000000000000000000000000000000000000 0 0
25245	53.649	0.000	( 0 )	011000000011100110000001000100100101110100111000110000010001001001101000110110100110101001000000000000000000000000000000000000000000000000000000000000000000000000000000000000000000 0 0
25251	53.649	0.000	( 0 )	011000000011100110000001000100100101110100111000110000010001001001101000110110100110101001000000000000000000000000000000000000000000000000000000000000000000000000000000000000000000 0 0
25246	53.649	0.000	( 0 )	011000000011100110000001000100100101110100111000110000010001001001101000110110100110101001000000000000000000000000000000000000000000000000000000000000000000000000000000000000000000 0 0
25353	54.760	0.000	( 0 )	011000000001100110000001000100100101110100111000110000010001001001101000110110100110101001000000000000000000000000000000000000000000000000000000000000000000000000000000000000000000 1 0
25352	54.760	0.000	( 0 )	011000000001100110000001000100100101110100111000110000010001001001101000110110100110101001000000000000000000000000000000000000000000000000000000000000000000000000000000000000000000 0 0
