#java OrderMarkers2 data=- evaluateOrder=reordermarkers/iterations/ordered.31.1 useKosambi=1 numThreads=4 calculateIntervals=intervals/ordered.31.intervals randSeed=-5736973270599727949
Loading file
No grandparents present in family V
Number of individuals = 92
Number of families = 1
File loaded with 31656 SNPs
Number of individuals = 92 excluding grandparents
Number of families = 1
Number of markers = 17
Setting dataScale to 1.0 all likelihoods will be multiplied by 1.0
Initial score = -212.89637618403034
Iteration 1 of 6
4424421 done
Polishing map...
score = -220.20487579671885
score = -220.20487579671885
score = -220.20487579671885
score = -220.20487579671885
Iteration 2 of 6
4424421 done
Polishing map...
score = -212.89637618403034
score = -212.89637618403034
score = -212.89637618403034
score = -212.89637618403034
Iteration 3 of 6
4424421 done
Polishing map...
score = -216.30439763407307
score = -216.30439763407307
score = -212.89637618403034
score = -212.89637618403034
Iteration 4 of 6
4424421 done
Polishing map...
score = -218.22636709719072
score = -218.22636709719072
score = -218.22636709719072
score = -212.89637618403034
Iteration 5 of 6
4424421 done
Polishing map...
score = -212.89637618403034
score = -212.89637618403034
score = -212.89637618403034
score = -212.89637618403034
Iteration 6 of 6
4424421 done
Polishing map...
score = -220.20487579671885
score = -220.20487579671885
score = -220.20487579671885
score = -218.22636709719072
Final score = -212.89637618403034
Setting dataScale to 1.0 all likelihoods will be multiplied by 1.0
logL = -212.89637618403034
number of recombinations = 17.0 logL = -212.89637618403034
Individual	V	P14459_112_S12	recombines	2	times
Individual	V	P14459_123_S23	recombines	1	times
Individual	V	P14459_130_S30	recombines	1	times
Individual	V	P14459_139_S39	recombines	1	times
Individual	V	P14459_142_S42	recombines	1	times
Individual	V	P14459_144_S44	recombines	1	times
Individual	V	P14459_146_S46	recombines	1	times
Individual	V	P14459_156_S56	recombines	1	times
Individual	V	P14459_172_S72	recombines	1	times
Individual	V	P14459_173_S73	recombines	1	times
Individual	V	P14459_176_S76	recombines	1	times
Individual	V	P14459_179_S79	recombines	1	times
Individual	V	P14459_180_S80	recombines	1	times
Individual	V	P14459_181_S81	recombines	1	times
Individual	V	P14459_183_S83	recombines	1	times
Individual	V	P14459_187_S87	recombines	1	times
#*** LG = 0 likelihood = -212.8964
#marker_number	male_position	female_position	( 0.0 )[	phased data]
30458	0.000	0.000	( 0 )	111010000111111111011000110111100001001011000011011111010101111111011100000101111111000110000000000000000000000000000000000000000000000000000000000000000000000000000000000000000000 0 0
30458	0.000	0.000	( 0 )	111010000111111111011000110111100001001011000011011111010101111111011100000101111111000110000000000000000000000000000000000000000000000000000000000000000000000000000000000000000000 0 0
30415	4.456	0.000	( 0 )	111010000111111111011000110111100001001001000011011111010101111111010100000000111111000110000000000000000000000000000000000000000000000000000000000000000000000000000000000000000000 4 0
30483	6.680	0.000	( 0 )	111010000101111111011000110111100001001101000011011111010101111111010100000000111111000110000000000000000000000000000000000000000000000000000000000000000000000000000000000000000000 2 0
30476	6.680	0.000	( 0 )	111010000101111111011000110111100001001101000011011111010101111111010100000000111111000110000000000000000000000000000000000000000000000000000000000000000000000000000000000000000000 0 0
30470	6.680	0.000	( 0 )	111010000101111111011000110111100001001101000011011111010101111111010100000000111111000110000000000000000000000000000000000000000000000000000000000000000000000000000000000000000000 0 0
30469	6.680	0.000	( 0 )	111010000101111111011000110111100001001101000011011111010101111111010100000000111111000110000000000000000000000000000000000000000000000000000000000000000000000000000000000000000000 0 0
30464	8.904	0.000	( 0 )	111010000101111111011100110111100001001101000011011111010101111111010100010000111111000110000000000000000000000000000000000000000000000000000000000000000000000000000000000000000000 2 0
30479	8.904	0.000	( 0 )	111010000101111111011100110111100001001101000011011111010101111111010100010000111111000110000000000000000000000000000000000000000000000000000000000000000000000000000000000000000000 0 0
30496	10.015	0.000	( 0 )	111010000111111111011100110111100001001101000011011111010101111111010100010000111111000110000000000000000000000000000000000000000000000000000000000000000000000000000000000000000000 1 0
30498	10.015	0.000	( 0 )	111010000111111111011100110111100001001101000011011111010101111111010100010000111111000110000000000000000000000000000000000000000000000000000000000000000000000000000000000000000000 0 0
30493	10.015	0.000	( 0 )	111010000111111111011100110111100001001101000011011111010101111111010100010000111111000110000000000000000000000000000000000000000000000000000000000000000000000000000000000000000000 0 0
30478	10.015	0.000	( 0 )	111010000111111111011100110111100001001101000011011111010101111111010100010000111111000110000000000000000000000000000000000000000000000000000000000000000000000000000000000000000000 0 0
30494	10.015	0.000	( 0 )	111010000111111111011100110111100001001101000011011111010101111111010100010000111111000110000000000000000000000000000000000000000000000000000000000000000000000000000000000000000000 0 0
30487	11.126	0.000	( 0 )	111010000111111111011100110111100001001101000011011111010101111111000100010000111111000110000000000000000000000000000000000000000000000000000000000000000000000000000000000000000000 1 0
30551	15.582	0.000	( 0 )	111010000111111111011100110101100001001101000011011101010101111111000110010000111011000110000000000000000000000000000000000000000000000000000000000000000000000000000000000000000000 4 0
30559	18.921	0.000	( 0 )	111010000111111111011100110101100001101101100011011101010101111111000110011000111011000110000000000000000000000000000000000000000000000000000000000000000000000000000000000000000000 3 0
