#java OrderMarkers2 data=- evaluateOrder=reordermarkers/iterations/ordered.12.3 useKosambi=1 numThreads=4 calculateIntervals=intervals/ordered.12.intervals randSeed=-3807718580921023672
Loading file
No grandparents present in family V
Number of individuals = 92
Number of families = 1
File loaded with 31656 SNPs
Number of individuals = 92 excluding grandparents
Number of families = 1
Number of markers = 165
Setting dataScale to 0.5454545454545454 all likelihoods will be multiplied by 1.8333333333333335
Initial score = -1706.9731356806894
Iteration 1 of 6
884884288488421 done
Polishing map...
score = -1753.358682060724
score = -1753.358682060724
score = -1749.2018002514894
score = -1749.2018002514894
Iteration 2 of 6
884884288488421 done
Polishing map...
score = -1775.6115824050446
score = -1775.6115824050446
score = -1775.6115824050446
score = -1775.6115824050446
Iteration 3 of 6
884884288488421 done
Polishing map...
score = -1775.6115824050446
score = -1775.6115824050446
score = -1775.6115824050446
score = -1775.6115824050446
Iteration 4 of 6
884884288488421 done
Polishing map...
score = -1755.2151816642083
score = -1755.2151816642083
score = -1755.2151816642083
score = -1755.2151816642083
Iteration 5 of 6
884884288488421 done
Polishing map...
score = -1775.6115824050446
score = -1775.6115824050446
score = -1775.6115824050446
score = -1775.6115824050446
Iteration 6 of 6
884884288488421 done
Polishing map...
score = -1754.4359129910524
score = -1745.6187333083874
score = -1706.9731356806894
score = -1706.9731356806894
Final score = -1706.9731356806894
Setting dataScale to 0.5454545454545454 all likelihoods will be multiplied by 1.8333333333333335
logL = -1706.9731356806894
number of recombinations = 73.0 logL = -1706.9731356806894
Individual	V	P14459_101_S1	recombines	3	times
Individual	V	P14459_103_S3	recombines	1	times
Individual	V	P14459_104_S4	recombines	1	times
Individual	V	P14459_105_S5	recombines	1	times
Individual	V	P14459_106_S6	recombines	1	times
Individual	V	P14459_107_S7	recombines	1	times
Individual	V	P14459_109_S9	recombines	1	times
Individual	V	P14459_110_S10	recombines	1	times
Individual	V	P14459_111_S11	recombines	1	times
Individual	V	P14459_112_S12	recombines	2	times
Individual	V	P14459_113_S13	recombines	1	times
Individual	V	P14459_114_S14	recombines	2	times
Individual	V	P14459_115_S15	recombines	1	times
Individual	V	P14459_118_S18	recombines	1	times
Individual	V	P14459_120_S20	recombines	1	times
Individual	V	P14459_121_S21	recombines	1	times
Individual	V	P14459_122_S22	recombines	1	times
Individual	V	P14459_124_S24	recombines	1	times
Individual	V	P14459_125_S25	recombines	1	times
Individual	V	P14459_126_S26	recombines	1	times
Individual	V	P14459_127_S27	recombines	1	times
Individual	V	P14459_128_S28	recombines	1	times
Individual	V	P14459_129_S29	recombines	1	times
Individual	V	P14459_131_S31	recombines	1	times
Individual	V	P14459_132_S32	recombines	1	times
Individual	V	P14459_135_S35	recombines	1	times
Individual	V	P14459_136_S36	recombines	1	times
Individual	V	P14459_137_S37	recombines	1	times
Individual	V	P14459_138_S38	recombines	1	times
Individual	V	P14459_139_S39	recombines	1	times
Individual	V	P14459_140_S40	recombines	1	times
Individual	V	P14459_141_S41	recombines	1	times
Individual	V	P14459_144_S44	recombines	1	times
Individual	V	P14459_150_S50	recombines	1	times
Individual	V	P14459_151_S51	recombines	1	times
Individual	V	P14459_152_S52	recombines	1	times
Individual	V	P14459_154_S54	recombines	1	times
Individual	V	P14459_155_S55	recombines	1	times
Individual	V	P14459_157_S57	recombines	1	times
Individual	V	P14459_159_S59	recombines	1	times
Individual	V	P14459_160_S60	recombines	1	times
Individual	V	P14459_161_S61	recombines	1	times
Individual	V	P14459_162_S62	recombines	1	times
Individual	V	P14459_163_S63	recombines	1	times
Individual	V	P14459_164_S64	recombines	1	times
Individual	V	P14459_166_S66	recombines	1	times
Individual	V	P14459_169_S69	recombines	1	times
Individual	V	P14459_172_S72	recombines	1	times
Individual	V	P14459_173_S73	recombines	1	times
Individual	V	P14459_174_S74	recombines	1	times
Individual	V	P14459_176_S76	recombines	1	times
Individual	V	P14459_177_S77	recombines	1	times
Individual	V	P14459_178_S78	recombines	1	times
Individual	V	P14459_179_S79	recombines	1	times
Individual	V	P14459_180_S80	recombines	2	times
Individual	V	P14459_181_S81	recombines	1	times
Individual	V	P14459_182_S82	recombines	1	times
Individual	V	P14459_184_S84	recombines	1	times
Individual	V	P14459_186_S86	recombines	1	times
Individual	V	P14459_188_S88	recombines	1	times
Individual	V	P14459_189_S89	recombines	2	times
Individual	V	P14459_190_S90	recombines	1	times
Individual	V	P14459_191_S91	recombines	1	times
Individual	V	P14459_192_S92	recombines	1	times
Individual	V	P14459_193_S93	recombines	1	times
Individual	V	P14459_194_S94	recombines	1	times
Individual	V	P14459_195_S95	recombines	1	times
#*** LG = 0 likelihood = -1706.9731
#marker_number	male_position	female_position	( 0.0 )[	phased data]
21252	0.000	0.000	( 0 )	110000011001101111010100010110110001010010100101010110010000100101101111101110000000111011000000000000000000000000000000000000000000000000000000000000000000000000000000000000000000 0 0
20160	19.873	0.000	( 0 )	100000010001101101110100110010110110010010100101010110010000100101100011011110000010111100000000000000000000000000000000000000000000000000000000000000000000000000000000000000000000 17 0
20162	19.873	0.000	( 0 )	100000010001101101110100110010110110010010100101010110010000100101100011011110000010111100000000000000000000000000000000000000000000000000000000000000000000000000000000000000000000 0 0
20123	19.873	0.000	( 0 )	100000010001101101110100110010110110010010100101010110010000100101100011011110000010111100000000000000000000000000000000000000000000000000000000000000000000000000000000000000000000 0 0
20185	20.985	0.000	( 0 )	100000010001101101110100110010110110010010100101110110010000100101100011011110000010111100000000000000000000000000000000000000000000000000000000000000000000000000000000000000000000 1 0
20187	20.985	0.000	( 0 )	100000010001101101110100110010110110010010100101110110010000100101100011011110000010111100000000000000000000000000000000000000000000000000000000000000000000000000000000000000000000 0 0
20173	20.985	0.000	( 0 )	100000010001101101110100110010110110010010100101110110010000100101100011011110000010111100000000000000000000000000000000000000000000000000000000000000000000000000000000000000000000 0 0
20175	20.985	0.000	( 0 )	100000010001101101110100110010110110010010100101110110010000100101100011011110000010111100000000000000000000000000000000000000000000000000000000000000000000000000000000000000000000 0 0
20179	20.985	0.000	( 0 )	100000010001101101110100110010110110010010100101110110010000100101100011011110000010111100000000000000000000000000000000000000000000000000000000000000000000000000000000000000000000 0 0
20174	20.985	0.000	( 0 )	100000010001101101110100110010110110010010100101110110010000100101100011011110000010111100000000000000000000000000000000000000000000000000000000000000000000000000000000000000000000 0 0
20172	20.985	0.000	( 0 )	100000010001101101110100110010110110010010100101110110010000100101100011011110000010111100000000000000000000000000000000000000000000000000000000000000000000000000000000000000000000 0 0
20177	20.985	0.000	( 0 )	100000010001101101110100110010110110010010100101110110010000100101100011011110000010111100000000000000000000000000000000000000000000000000000000000000000000000000000000000000000000 0 0
20176	20.985	0.000	( 0 )	100000010001101101110100110010110110010010100101110110010000100101100011011110000010111100000000000000000000000000000000000000000000000000000000000000000000000000000000000000000000 0 0
20220	23.208	0.000	( 0 )	100000010001101101110100110010010110010010100101110110010000100111100011011110000010111100000000000000000000000000000000000000000000000000000000000000000000000000000000000000000000 2 0
20222	23.208	0.000	( 0 )	100000010001101101110100110010010110010010100101110110010000100111100011011110000010111100000000000000000000000000000000000000000000000000000000000000000000000000000000000000000000 0 0
20221	23.208	0.000	( 0 )	100000010001101101110100110010010110010010100101110110010000100111100011011110000010111100000000000000000000000000000000000000000000000000000000000000000000000000000000000000000000 0 0
20223	23.208	0.000	( 0 )	100000010001101101110100110010010110010010100101110110010000100111100011011110000010111100000000000000000000000000000000000000000000000000000000000000000000000000000000000000000000 0 0
20238	24.320	0.000	( 0 )	100000010001101101110100110010010110010010100101110110010000100111100010011110000010111100000000000000000000000000000000000000000000000000000000000000000000000000000000000000000000 1 0
20291	24.320	0.000	( 0 )	100000010001101101110100110010010110010010100101110110010000100111100010011110000010111100000000000000000000000000000000000000000000000000000000000000000000000000000000000000000000 0 0
20203	24.320	0.000	( 0 )	100000010001101101110100110010010110010010100101110110010000100111100010011110000010111100000000000000000000000000000000000000000000000000000000000000000000000000000000000000000000 0 0
20233	24.320	0.000	( 0 )	100000010001101101110100110010010110010010100101110110010000100111100010011110000010111100000000000000000000000000000000000000000000000000000000000000000000000000000000000000000000 0 0
20295	24.320	0.000	( 0 )	100000010001101101110100110010010110010010100101110110010000100111100010011110000010111100000000000000000000000000000000000000000000000000000000000000000000000000000000000000000000 0 0
20296	24.320	0.000	( 0 )	100000010001101101110100110010010110010010100101110110010000100111100010011110000010111100000000000000000000000000000000000000000000000000000000000000000000000000000000000000000000 0 0
20294	24.320	0.000	( 0 )	100000010001101101110100110010010110010010100101110110010000100111100010011110000010111100000000000000000000000000000000000000000000000000000000000000000000000000000000000000000000 0 0
20321	29.898	0.000	( 0 )	000000010001001101110100111010010110011010100101110110010000100111100010010110000010111100000000000000000000000000000000000000000000000000000000000000000000000000000000000000000000 5 0
20324	29.898	0.000	( 0 )	000000010001001101110100111010010110011010100101110110010000100111100010010110000010111100000000000000000000000000000000000000000000000000000000000000000000000000000000000000000000 0 0
20320	29.898	0.000	( 0 )	000000010001001101110100111010010110011010100101110110010000100111100010010110000010111100000000000000000000000000000000000000000000000000000000000000000000000000000000000000000000 0 0
20325	29.898	0.000	( 0 )	000000010001001101110100111010010110011010100101110110010000100111100010010110000010111100000000000000000000000000000000000000000000000000000000000000000000000000000000000000000000 0 0
20337	29.898	0.000	( 0 )	000000010001001101110100111010010110011010100101110110010000100111100010010110000010111100000000000000000000000000000000000000000000000000000000000000000000000000000000000000000000 0 0
20323	29.898	0.000	( 0 )	000000010001001101110100111010010110011010100101110110010000100111100010010110000010111100000000000000000000000000000000000000000000000000000000000000000000000000000000000000000000 0 0
20318	29.898	0.000	( 0 )	000000010001001101110100111010010110011010100101110110010000100111100010010110000010111100000000000000000000000000000000000000000000000000000000000000000000000000000000000000000000 0 0
20327	29.898	0.000	( 0 )	000000010001001101110100111010010110011010100101110110010000100111100010010110000010111100000000000000000000000000000000000000000000000000000000000000000000000000000000000000000000 0 0
20322	29.898	0.000	( 0 )	000000010001001101110100111010010110011010100101110110010000100111100010010110000010111100000000000000000000000000000000000000000000000000000000000000000000000000000000000000000000 0 0
20326	29.898	0.000	( 0 )	000000010001001101110100111010010110011010100101110110010000100111100010010110000010111100000000000000000000000000000000000000000000000000000000000000000000000000000000000000000000 0 0
20319	29.898	0.000	( 0 )	000000010001001101110100111010010110011010100101110110010000100111100010010110000010111100000000000000000000000000000000000000000000000000000000000000000000000000000000000000000000 0 0
20328	33.236	0.000	( 0 )	100000010001101101110100111010010110011010100101110110010000100111100010011110000010111100000000000000000000000000000000000000000000000000000000000000000000000000000000000000000000 3 0
20335	33.236	0.000	( 0 )	100000010001101101110100111010010110011010100101110110010000100111100010011110000010111100000000000000000000000000000000000000000000000000000000000000000000000000000000000000000000 0 0
20330	33.236	0.000	( 0 )	100000010001101101110100111010010110011010100101110110010000100111100010011110000010111100000000000000000000000000000000000000000000000000000000000000000000000000000000000000000000 0 0
20333	33.236	0.000	( 0 )	100000010001101101110100111010010110011010100101110110010000100111100010011110000010111100000000000000000000000000000000000000000000000000000000000000000000000000000000000000000000 0 0
20311	33.236	0.000	( 0 )	100000010001101101110100111010010110011010100101110110010000100111100010011110000010111100000000000000000000000000000000000000000000000000000000000000000000000000000000000000000000 0 0
20310	33.236	0.000	( 0 )	100000010001101101110100111010010110011010100101110110010000100111100010011110000010111100000000000000000000000000000000000000000000000000000000000000000000000000000000000000000000 0 0
20331	33.236	0.000	( 0 )	100000010001101101110100111010010110011010100101110110010000100111100010011110000010111100000000000000000000000000000000000000000000000000000000000000000000000000000000000000000000 0 0
20304	33.236	0.000	( 0 )	100000010001101101110100111010010110011010100101110110010000100111100010011110000010111100000000000000000000000000000000000000000000000000000000000000000000000000000000000000000000 0 0
20313	33.236	0.000	( 0 )	100000010001101101110100111010010110011010100101110110010000100111100010011110000010111100000000000000000000000000000000000000000000000000000000000000000000000000000000000000000000 0 0
20329	33.236	0.000	( 0 )	100000010001101101110100111010010110011010100101110110010000100111100010011110000010111100000000000000000000000000000000000000000000000000000000000000000000000000000000000000000000 0 0
20336	33.236	0.000	( 0 )	100000010001101101110100111010010110011010100101110110010000100111100010011110000010111100000000000000000000000000000000000000000000000000000000000000000000000000000000000000000000 0 0
20334	33.236	0.000	( 0 )	100000010001101101110100111010010110011010100101110110010000100111100010011110000010111100000000000000000000000000000000000000000000000000000000000000000000000000000000000000000000 0 0
20309	33.236	0.000	( 0 )	100000010001101101110100111010010110011010100101110110010000100111100010011110000010111100000000000000000000000000000000000000000000000000000000000000000000000000000000000000000000 0 0
20303	33.236	0.000	( 0 )	100000010001101101110100111010010110011010100101110110010000100111100010011110000010111100000000000000000000000000000000000000000000000000000000000000000000000000000000000000000000 0 0
20366	35.460	0.000	( 0 )	100000010001111101110100111010010110011010100101110110010000000111100010011110000010111100000000000000000000000000000000000000000000000000000000000000000000000000000000000000000000 2 0
20377	35.460	0.000	( 0 )	100000010001111101110100111010010110011010100101110110010000000111100010011110000010111100000000000000000000000000000000000000000000000000000000000000000000000000000000000000000000 0 0
20361	35.460	0.000	( 0 )	100000010001111101110100111010010110011010100101110110010000000111100010011110000010111100000000000000000000000000000000000000000000000000000000000000000000000000000000000000000000 0 0
20386	35.460	0.000	( 0 )	100000010001111101110100111010010110011010100101110110010000000111100010011110000010111100000000000000000000000000000000000000000000000000000000000000000000000000000000000000000000 0 0
20365	35.460	0.000	( 0 )	100000010001111101110100111010010110011010100101110110010000000111100010011110000010111100000000000000000000000000000000000000000000000000000000000000000000000000000000000000000000 0 0
20378	35.460	0.000	( 0 )	100000010001111101110100111010010110011010100101110110010000000111100010011110000010111100000000000000000000000000000000000000000000000000000000000000000000000000000000000000000000 0 0
20376	35.460	0.000	( 0 )	100000010001111101110100111010010110011010100101110110010000000111100010011110000010111100000000000000000000000000000000000000000000000000000000000000000000000000000000000000000000 0 0
20385	35.460	0.000	( 0 )	100000010001111101110100111010010110011010100101110110010000000111100010011110000010111100000000000000000000000000000000000000000000000000000000000000000000000000000000000000000000 0 0
20457	41.039	0.000	( 0 )	100100000001111101100100111010010110111010100101110110010000000111100010011110000010110100000000000000000000000000000000000000000000000000000000000000000000000000000000000000000000 5 0
20462	41.039	0.000	( 0 )	100100000001111101100100111010010110111010100101110110010000000111100010011110000010110100000000000000000000000000000000000000000000000000000000000000000000000000000000000000000000 0 0
20473	41.039	0.000	( 0 )	100100000001111101100100111010010110111010100101110110010000000111100010011110000010110100000000000000000000000000000000000000000000000000000000000000000000000000000000000000000000 0 0
20506	41.039	0.000	( 0 )	100100000001111101100100111010010110111010100101110110010000000111100010011110000010110100000000000000000000000000000000000000000000000000000000000000000000000000000000000000000000 0 0
20509	41.039	0.000	( 0 )	100100000001111101100100111010010110111010100101110110010000000111100010011110000010110100000000000000000000000000000000000000000000000000000000000000000000000000000000000000000000 0 0
20459	41.039	0.000	( 0 )	100100000001111101100100111010010110111010100101110110010000000111100010011110000010110100000000000000000000000000000000000000000000000000000000000000000000000000000000000000000000 0 0
20507	41.039	0.000	( 0 )	100100000001111101100100111010010110111010100101110110010000000111100010011110000010110100000000000000000000000000000000000000000000000000000000000000000000000000000000000000000000 0 0
20525	44.377	0.000	( 0 )	100100000001111101100100101010010110111010100101110110011010000111100010011110000010110100000000000000000000000000000000000000000000000000000000000000000000000000000000000000000000 3 0
20578	45.488	0.000	( 0 )	100100000001111101100100101011010110111010100101110110011010000111100010011110000010110100000000000000000000000000000000000000000000000000000000000000000000000000000000000000000000 1 0
20579	45.488	0.000	( 0 )	100100000001111101100100101011010110111010100101110110011010000111100010011110000010110100000000000000000000000000000000000000000000000000000000000000000000000000000000000000000000 0 0
20581	45.488	0.000	( 0 )	100100000001111101100100101011010110111010100101110110011010000111100010011110000010110100000000000000000000000000000000000000000000000000000000000000000000000000000000000000000000 0 0
20580	45.488	0.000	( 0 )	100100000001111101100100101011010110111010100101110110011010000111100010011110000010110100000000000000000000000000000000000000000000000000000000000000000000000000000000000000000000 0 0
20565	45.488	0.000	( 0 )	100100000001111101100100101011010110111010100101110110011010000111100010011110000010110100000000000000000000000000000000000000000000000000000000000000000000000000000000000000000000 0 0
20588	45.488	0.000	( 0 )	100100000001111101100100101011010110111010100101110110011010000111100010011110000010110100000000000000000000000000000000000000000000000000000000000000000000000000000000000000000000 0 0
20628	47.712	0.000	( 0 )	100100000001111101100100101011010110111000100101110110001010000111100010011110000010110100000000000000000000000000000000000000000000000000000000000000000000000000000000000000000000 2 0
20626	47.712	0.000	( 0 )	100100000001111101100100101011010110111000100101110110001010000111100010011110000010110100000000000000000000000000000000000000000000000000000000000000000000000000000000000000000000 0 0
20621	47.712	0.000	( 0 )	100100000001111101100100101011010110111000100101110110001010000111100010011110000010110100000000000000000000000000000000000000000000000000000000000000000000000000000000000000000000 0 0
20629	47.712	0.000	( 0 )	100100000001111101100100101011010110111000100101110110001010000111100010011110000010110100000000000000000000000000000000000000000000000000000000000000000000000000000000000000000000 0 0
20749	49.936	0.000	( 0 )	100100000001111101100100101011010110111000100101110110001011000111100000011110000010110100000000000000000000000000000000000000000000000000000000000000000000000000000000000000000000 2 0
20805	49.936	0.000	( 0 )	100100000001111101100100101011010110111000100101110110001011000111100000011110000010110100000000000000000000000000000000000000000000000000000000000000000000000000000000000000000000 0 0
20788	49.936	0.000	( 0 )	100100000001111101100100101011010110111000100101110110001011000111100000011110000010110100000000000000000000000000000000000000000000000000000000000000000000000000000000000000000000 0 0
20771	49.936	0.000	( 0 )	100100000001111101100100101011010110111000100101110110001011000111100000011110000010110100000000000000000000000000000000000000000000000000000000000000000000000000000000000000000000 0 0
20655	49.936	0.000	( 0 )	100100000001111101100100101011010110111000100101110110001011000111100000011110000010110100000000000000000000000000000000000000000000000000000000000000000000000000000000000000000000 0 0
20766	49.936	0.000	( 0 )	100100000001111101100100101011010110111000100101110110001011000111100000011110000010110100000000000000000000000000000000000000000000000000000000000000000000000000000000000000000000 0 0
20723	49.936	0.000	( 0 )	100100000001111101100100101011010110111000100101110110001011000111100000011110000010110100000000000000000000000000000000000000000000000000000000000000000000000000000000000000000000 0 0
20770	49.936	0.000	( 0 )	100100000001111101100100101011010110111000100101110110001011000111100000011110000010110100000000000000000000000000000000000000000000000000000000000000000000000000000000000000000000 0 0
20724	49.936	0.000	( 0 )	100100000001111101100100101011010110111000100101110110001011000111100000011110000010110100000000000000000000000000000000000000000000000000000000000000000000000000000000000000000000 0 0
20653	49.936	0.000	( 0 )	100100000001111101100100101011010110111000100101110110001011000111100000011110000010110100000000000000000000000000000000000000000000000000000000000000000000000000000000000000000000 0 0
20728	49.936	0.000	( 0 )	100100000001111101100100101011010110111000100101110110001011000111100000011110000010110100000000000000000000000000000000000000000000000000000000000000000000000000000000000000000000 0 0
20707	49.936	0.000	( 0 )	100100000001111101100100101011010110111000100101110110001011000111100000011110000010110100000000000000000000000000000000000000000000000000000000000000000000000000000000000000000000 0 0
20787	49.936	0.000	( 0 )	100100000001111101100100101011010110111000100101110110001011000111100000011110000010110100000000000000000000000000000000000000000000000000000000000000000000000000000000000000000000 0 0
20768	49.936	0.000	( 0 )	100100000001111101100100101011010110111000100101110110001011000111100000011110000010110100000000000000000000000000000000000000000000000000000000000000000000000000000000000000000000 0 0
20650	49.936	0.000	( 0 )	100100000001111101100100101011010110111000100101110110001011000111100000011110000010110100000000000000000000000000000000000000000000000000000000000000000000000000000000000000000000 0 0
20705	49.936	0.000	( 0 )	100100000001111101100100101011010110111000100101110110001011000111100000011110000010110100000000000000000000000000000000000000000000000000000000000000000000000000000000000000000000 0 0
20706	49.936	0.000	( 0 )	100100000001111101100100101011010110111000100101110110001011000111100000011110000010110100000000000000000000000000000000000000000000000000000000000000000000000000000000000000000000 0 0
20657	49.936	0.000	( 0 )	100100000001111101100100101011010110111000100101110110001011000111100000011110000010110100000000000000000000000000000000000000000000000000000000000000000000000000000000000000000000 0 0
20772	49.936	0.000	( 0 )	100100000001111101100100101011010110111000100101110110001011000111100000011110000010110100000000000000000000000000000000000000000000000000000000000000000000000000000000000000000000 0 0
20765	49.936	0.000	( 0 )	100100000001111101100100101011010110111000100101110110001011000111100000011110000010110100000000000000000000000000000000000000000000000000000000000000000000000000000000000000000000 0 0
20777	49.936	0.000	( 0 )	100100000001111101100100101011010110111000100101110110001011000111100000011110000010110100000000000000000000000000000000000000000000000000000000000000000000000000000000000000000000 0 0
20767	49.936	0.000	( 0 )	100100000001111101100100101011010110111000100101110110001011000111100000011110000010110100000000000000000000000000000000000000000000000000000000000000000000000000000000000000000000 0 0
20725	49.936	0.000	( 0 )	100100000001111101100100101011010110111000100101110110001011000111100000011110000010110100000000000000000000000000000000000000000000000000000000000000000000000000000000000000000000 0 0
20773	49.936	0.000	( 0 )	100100000001111101100100101011010110111000100101110110001011000111100000011110000010110100000000000000000000000000000000000000000000000000000000000000000000000000000000000000000000 0 0
20789	49.936	0.000	( 0 )	100100000001111101100100101011010110111000100101110110001011000111100000011110000010110100000000000000000000000000000000000000000000000000000000000000000000000000000000000000000000 0 0
20726	49.936	0.000	( 0 )	100100000001111101100100101011010110111000100101110110001011000111100000011110000010110100000000000000000000000000000000000000000000000000000000000000000000000000000000000000000000 0 0
20769	49.936	0.000	( 0 )	100100000001111101100100101011010110111000100101110110001011000111100000011110000010110100000000000000000000000000000000000000000000000000000000000000000000000000000000000000000000 0 0
20659	49.936	0.000	( 0 )	100100000001111101100100101011010110111000100101110110001011000111100000011110000010110100000000000000000000000000000000000000000000000000000000000000000000000000000000000000000000 0 0
20778	49.936	0.000	( 0 )	100100000001111101100100101011010110111000100101110110001011000111100000011110000010110100000000000000000000000000000000000000000000000000000000000000000000000000000000000000000000 0 0
20810	49.936	0.000	( 0 )	100100000001111101100100101011010110111000100101110110001011000111100000011110000010110100000000000000000000000000000000000000000000000000000000000000000000000000000000000000000000 0 0
20779	49.936	0.000	( 0 )	100100000001111101100100101011010110111000100101110110001011000111100000011110000010110100000000000000000000000000000000000000000000000000000000000000000000000000000000000000000000 0 0
20718	49.936	0.000	( 0 )	100100000001111101100100101011010110111000100101110110001011000111100000011110000010110100000000000000000000000000000000000000000000000000000000000000000000000000000000000000000000 0 0
20721	49.936	0.000	( 0 )	100100000001111101100100101011010110111000100101110110001011000111100000011110000010110100000000000000000000000000000000000000000000000000000000000000000000000000000000000000000000 0 0
20776	49.936	0.000	( 0 )	100100000001111101100100101011010110111000100101110110001011000111100000011110000010110100000000000000000000000000000000000000000000000000000000000000000000000000000000000000000000 0 0
20775	49.936	0.000	( 0 )	100100000001111101100100101011010110111000100101110110001011000111100000011110000010110100000000000000000000000000000000000000000000000000000000000000000000000000000000000000000000 0 0
20727	49.936	0.000	( 0 )	100100000001111101100100101011010110111000100101110110001011000111100000011110000010110100000000000000000000000000000000000000000000000000000000000000000000000000000000000000000000 0 0
20709	49.936	0.000	( 0 )	100100000001111101100100101011010110111000100101110110001011000111100000011110000010110100000000000000000000000000000000000000000000000000000000000000000000000000000000000000000000 0 0
20708	49.936	0.000	( 0 )	100100000001111101100100101011010110111000100101110110001011000111100000011110000010110100000000000000000000000000000000000000000000000000000000000000000000000000000000000000000000 0 0
20859	49.936	0.000	( 0 )	100100000001111101100100101011010110111000100101110110001011000111100000011110000010110100000000000000000000000000000000000000000000000000000000000000000000000000000000000000000000 0 0
20841	51.047	0.000	( 0 )	100100000011111101100100101011010110111000100101110110001011000111100000011110000010110100000000000000000000000000000000000000000000000000000000000000000000000000000000000000000000 1 0
20737	51.047	0.000	( 0 )	100100000011111101100100101011010110111000100101110110001011000111100000011110000010110100000000000000000000000000000000000000000000000000000000000000000000000000000000000000000000 0 0
20730	51.047	0.000	( 0 )	100100000011111101100100101011010110111000100101110110001011000111100000011110000010110100000000000000000000000000000000000000000000000000000000000000000000000000000000000000000000 0 0
20840	51.047	0.000	( 0 )	100100000011111101100100101011010110111000100101110110001011000111100000011110000010110100000000000000000000000000000000000000000000000000000000000000000000000000000000000000000000 0 0
20734	52.158	0.000	( 0 )	100100000011111101100100101011010110111000100101110110001011000111100000011110000011110100000000000000000000000000000000000000000000000000000000000000000000000000000000000000000000 1 0
20735	52.158	0.000	( 0 )	100100000011111101100100101011010110111000100101110110001011000111100000011110000011110100000000000000000000000000000000000000000000000000000000000000000000000000000000000000000000 0 0
20731	52.158	0.000	( 0 )	100100000011111101100100101011010110111000100101110110001011000111100000011110000011110100000000000000000000000000000000000000000000000000000000000000000000000000000000000000000000 0 0
20736	52.158	0.000	( 0 )	100100000011111101100100101011010110111000100101110110001011000111100000011110000011110100000000000000000000000000000000000000000000000000000000000000000000000000000000000000000000 0 0
20732	52.158	0.000	( 0 )	100100000011111101100100101011010110111000100101110110001011000111100000011110000011110100000000000000000000000000000000000000000000000000000000000000000000000000000000000000000000 0 0
20733	52.158	0.000	( 0 )	100100000011111101100100101011010110111000100101110110001011000111100000011110000011110100000000000000000000000000000000000000000000000000000000000000000000000000000000000000000000 0 0
20752	53.270	0.000	( 0 )	100100000011111101100100101011010110111000100101110110001011000111110000011110000011110100000000000000000000000000000000000000000000000000000000000000000000000000000000000000000000 1 0
20907	55.493	0.000	( 0 )	100110000001111101100100101011010110111000100101110110001011000111110000011110000011110100000000000000000000000000000000000000000000000000000000000000000000000000000000000000000000 2 0
20910	55.493	0.000	( 0 )	100110000001111101100100101011010110111000100101110110001011000111110000011110000011110100000000000000000000000000000000000000000000000000000000000000000000000000000000000000000000 0 0
20911	55.493	0.000	( 0 )	100110000001111101100100101011010110111000100101110110001011000111110000011110000011110100000000000000000000000000000000000000000000000000000000000000000000000000000000000000000000 0 0
20912	55.493	0.000	( 0 )	100110000001111101100100101011010110111000100101110110001011000111110000011110000011110100000000000000000000000000000000000000000000000000000000000000000000000000000000000000000000 0 0
20909	55.493	0.000	( 0 )	100110000001111101100100101011010110111000100101110110001011000111110000011110000011110100000000000000000000000000000000000000000000000000000000000000000000000000000000000000000000 0 0
20906	55.493	0.000	( 0 )	100110000001111101100100101011010110111000100101110110001011000111110000011110000011110100000000000000000000000000000000000000000000000000000000000000000000000000000000000000000000 0 0
20904	55.493	0.000	( 0 )	100110000001111101100100101011010110111000100101110110001011000111110000011110000011110100000000000000000000000000000000000000000000000000000000000000000000000000000000000000000000 0 0
20908	55.493	0.000	( 0 )	100110000001111101100100101011010110111000100101110110001011000111110000011110000011110100000000000000000000000000000000000000000000000000000000000000000000000000000000000000000000 0 0
20914	55.493	0.000	( 0 )	100110000001111101100100101011010110111000100101110110001011000111110000011110000011110100000000000000000000000000000000000000000000000000000000000000000000000000000000000000000000 0 0
20905	56.604	0.000	( 0 )	100110000001111101100100101011010110111000100101110110001011000111110000011110000010110100000000000000000000000000000000000000000000000000000000000000000000000000000000000000000000 1 0
20920	57.716	0.000	( 0 )	100110000001111101100100101011010110111000100101110110001011000111110000011100000010110100000000000000000000000000000000000000000000000000000000000000000000000000000000000000000000 1 0
20925	58.827	0.000	( 0 )	100110000001111101100100101011010110111000100111110110001011000111110000011100000010110100000000000000000000000000000000000000000000000000000000000000000000000000000000000000000000 1 0
20933	59.938	0.000	( 0 )	100110000001111101100100101011010110111000100111110110001011000111110000011100100010110100000000000000000000000000000000000000000000000000000000000000000000000000000000000000000000 1 0
20932	59.938	0.000	( 0 )	100110000001111101100100101011010110111000100111110110001011000111110000011100100010110100000000000000000000000000000000000000000000000000000000000000000000000000000000000000000000 0 0
20970	62.162	0.000	( 0 )	100110000001111101101101101011010110111000100111110110001011000111110000011100100010110100000000000000000000000000000000000000000000000000000000000000000000000000000000000000000000 2 0
20972	62.162	0.000	( 0 )	100110000001111101101101101011010110111000100111110110001011000111110000011100100010110100000000000000000000000000000000000000000000000000000000000000000000000000000000000000000000 0 0
20969	62.162	0.000	( 0 )	100110000001111101101101101011010110111000100111110110001011000111110000011100100010110100000000000000000000000000000000000000000000000000000000000000000000000000000000000000000000 0 0
20967	62.162	0.000	( 0 )	100110000001111101101101101011010110111000100111110110001011000111110000011100100010110100000000000000000000000000000000000000000000000000000000000000000000000000000000000000000000 0 0
21020	66.618	0.000	( 0 )	100111000100111101101101101011010110101000100111110110001011000111110000011100100010110100000000000000000000000000000000000000000000000000000000000000000000000000000000000000000000 4 0
21027	66.618	0.000	( 0 )	100111000100111101101101101011010110101000100111110110001011000111110000011100100010110100000000000000000000000000000000000000000000000000000000000000000000000000000000000000000000 0 0
21041	67.730	0.000	( 0 )	100111000100111101101101101011010110101000100111110110001011000111110000011000100010110100000000000000000000000000000000000000000000000000000000000000000000000000000000000000000000 1 0
21037	67.730	0.000	( 0 )	100111000100111101101101101011010110101000100111110110001011000111110000011000100010110100000000000000000000000000000000000000000000000000000000000000000000000000000000000000000000 0 0
21033	67.730	0.000	( 0 )	100111000100111101101101101011010110101000100111110110001011000111110000011000100010110100000000000000000000000000000000000000000000000000000000000000000000000000000000000000000000 0 0
21036	67.730	0.000	( 0 )	100111000100111101101101101011010110101000100111110110001011000111110000011000100010110100000000000000000000000000000000000000000000000000000000000000000000000000000000000000000000 0 0
21102	72.186	0.000	( 0 )	000111000100111101101101101011010110101000100111111110001011010111110000011000100010010100000000000000000000000000000000000000000000000000000000000000000000000000000000000000000000 4 0
21108	72.186	0.000	( 0 )	000111000100111101101101101011010110101000100111111110001011010111110000011000100010010100000000000000000000000000000000000000000000000000000000000000000000000000000000000000000000 0 0
21103	72.186	0.000	( 0 )	000111000100111101101101101011010110101000100111111110001011010111110000011000100010010100000000000000000000000000000000000000000000000000000000000000000000000000000000000000000000 0 0
21131	73.297	0.000	( 0 )	000111000100111101101101101011011110101000100111111110001011010111110000011000100010010100000000000000000000000000000000000000000000000000000000000000000000000000000000000000000000 1 0
21132	73.297	0.000	( 0 )	000111000100111101101101101011011110101000100111111110001011010111110000011000100010010100000000000000000000000000000000000000000000000000000000000000000000000000000000000000000000 0 0
21163	74.408	0.000	( 0 )	000111000100111101101101101011011110101000100111111010001011010111110000011000100010010100000000000000000000000000000000000000000000000000000000000000000000000000000000000000000000 1 0
21159	74.408	0.000	( 0 )	000111000100111101101101101011011110101000100111111010001011010111110000011000100010010100000000000000000000000000000000000000000000000000000000000000000000000000000000000000000000 0 0
21162	74.408	0.000	( 0 )	000111000100111101101101101011011110101000100111111010001011010111110000011000100010010100000000000000000000000000000000000000000000000000000000000000000000000000000000000000000000 0 0
21161	74.408	0.000	( 0 )	000111000100111101101101101011011110101000100111111010001011010111110000011000100010010100000000000000000000000000000000000000000000000000000000000000000000000000000000000000000000 0 0
21200	79.987	0.000	( 0 )	001111000100111101101101101011011110101000100110111011001011010111110000011000101010000100000000000000000000000000000000000000000000000000000000000000000000000000000000000000000000 5 0
21197	79.987	0.000	( 0 )	001111000100111101101101101011011110101000100110111011001011010111110000011000101010000100000000000000000000000000000000000000000000000000000000000000000000000000000000000000000000 0 0
21199	79.987	0.000	( 0 )	001111000100111101101101101011011110101000100110111011001011010111110000011000101010000100000000000000000000000000000000000000000000000000000000000000000000000000000000000000000000 0 0
21238	79.987	0.000	( 0 )	001111000100111101101101101011011110101000100110111011001011010111110000011000101010000100000000000000000000000000000000000000000000000000000000000000000000000000000000000000000000 0 0
21266	82.211	0.000	( 0 )	001111000100111101101111101011011110101000100110111011001111010111110000011000101010000100000000000000000000000000000000000000000000000000000000000000000000000000000000000000000000 2 0
21255	82.211	0.000	( 0 )	001111000100111101101111101011011110101000100110111011001111010111110000011000101010000100000000000000000000000000000000000000000000000000000000000000000000000000000000000000000000 0 0
21264	82.211	0.000	( 0 )	001111000100111101101111101011011110101000100110111011001111010111110000011000101010000100000000000000000000000000000000000000000000000000000000000000000000000000000000000000000000 0 0
