#java OrderMarkers2 data=- evaluateOrder=reordermarkers/iterations/ordered.15.3 useKosambi=1 numThreads=4 calculateIntervals=intervals/ordered.15.intervals randSeed=-1684264242455732459
Loading file
No grandparents present in family V
Number of individuals = 92
Number of families = 1
File loaded with 31656 SNPs
Number of individuals = 92 excluding grandparents
Number of families = 1
Number of markers = 148
Setting dataScale to 0.6081081081081081 all likelihoods will be multiplied by 1.6444444444444444
Initial score = -1088.0360745016196
Iteration 1 of 6
884884288488421 done
Polishing map...
score = -1142.891272540421
score = -1135.9838507727093
score = -1119.6731536022376
score = -1114.823458575363
Iteration 2 of 6
884884288488421 done
Polishing map...
score = -1137.632197283859
score = -1131.4175890914153
score = -1125.2029808989714
score = -1118.9883727065276
Iteration 3 of 6
884884288488421 done
Polishing map...
score = -1095.5892364803412
score = -1095.5892364803412
score = -1094.8964229050735
score = -1094.8964229050735
Iteration 4 of 6
884884288488421 done
Polishing map...
score = -1137.632197283859
score = -1137.632197283859
score = -1137.632197283859
score = -1131.4175890914153
Iteration 5 of 6
884884288488421 done
Polishing map...
score = -1120.4476350370505
score = -1112.894507271395
score = -1112.894507271395
score = -1112.894507271395
Iteration 6 of 6
884884288488421 done
Polishing map...
score = -1162.4906214705659
score = -1150.061413668747
score = -1170.7548989287568
score = -1145.8964995375825
Final score = -1088.0360745016196
Setting dataScale to 0.6081081081081081 all likelihoods will be multiplied by 1.6444444444444444
logL = -1088.0360745016196
number of recombinations = 65.0 logL = -1088.0360745016196
Individual	V	P14459_101_S1	recombines	1	times
Individual	V	P14459_103_S3	recombines	1	times
Individual	V	P14459_104_S4	recombines	2	times
Individual	V	P14459_107_S7	recombines	1	times
Individual	V	P14459_108_S8	recombines	1	times
Individual	V	P14459_109_S9	recombines	1	times
Individual	V	P14459_111_S11	recombines	1	times
Individual	V	P14459_113_S13	recombines	1	times
Individual	V	P14459_115_S15	recombines	1	times
Individual	V	P14459_116_S16	recombines	1	times
Individual	V	P14459_119_S19	recombines	1	times
Individual	V	P14459_121_S21	recombines	1	times
Individual	V	P14459_122_S22	recombines	1	times
Individual	V	P14459_123_S23	recombines	1	times
Individual	V	P14459_125_S25	recombines	1	times
Individual	V	P14459_126_S26	recombines	2	times
Individual	V	P14459_127_S27	recombines	1	times
Individual	V	P14459_129_S29	recombines	1	times
Individual	V	P14459_130_S30	recombines	1	times
Individual	V	P14459_134_S34	recombines	1	times
Individual	V	P14459_135_S35	recombines	1	times
Individual	V	P14459_136_S36	recombines	1	times
Individual	V	P14459_137_S37	recombines	1	times
Individual	V	P14459_138_S38	recombines	1	times
Individual	V	P14459_139_S39	recombines	1	times
Individual	V	P14459_140_S40	recombines	1	times
Individual	V	P14459_142_S42	recombines	1	times
Individual	V	P14459_145_S45	recombines	1	times
Individual	V	P14459_146_S46	recombines	1	times
Individual	V	P14459_148_S48	recombines	1	times
Individual	V	P14459_149_S49	recombines	1	times
Individual	V	P14459_151_S51	recombines	1	times
Individual	V	P14459_154_S54	recombines	1	times
Individual	V	P14459_155_S55	recombines	1	times
Individual	V	P14459_158_S58	recombines	1	times
Individual	V	P14459_159_S59	recombines	1	times
Individual	V	P14459_162_S62	recombines	1	times
Individual	V	P14459_163_S63	recombines	1	times
Individual	V	P14459_164_S64	recombines	1	times
Individual	V	P14459_167_S67	recombines	1	times
Individual	V	P14459_168_S68	recombines	1	times
Individual	V	P14459_169_S69	recombines	1	times
Individual	V	P14459_170_S70	recombines	1	times
Individual	V	P14459_171_S71	recombines	1	times
Individual	V	P14459_172_S72	recombines	3	times
Individual	V	P14459_174_S74	recombines	1	times
Individual	V	P14459_179_S79	recombines	1	times
Individual	V	P14459_180_S80	recombines	1	times
Individual	V	P14459_181_S81	recombines	1	times
Individual	V	P14459_182_S82	recombines	1	times
Individual	V	P14459_183_S83	recombines	1	times
Individual	V	P14459_184_S84	recombines	1	times
Individual	V	P14459_186_S86	recombines	1	times
Individual	V	P14459_187_S87	recombines	1	times
Individual	V	P14459_188_S88	recombines	1	times
Individual	V	P14459_189_S89	recombines	1	times
Individual	V	P14459_190_S90	recombines	1	times
Individual	V	P14459_192_S92	recombines	1	times
Individual	V	P14459_193_S93	recombines	1	times
Individual	V	P14459_194_S94	recombines	1	times
Individual	V	P14459_195_S95	recombines	1	times
#*** LG = 0 likelihood = -1088.0361
#marker_number	male_position	female_position	( 0.0 )[	phased data]
14459	0.000	0.000	( 0 )	110001111010100011101011011110010111001011110001111011001111001110001100100100110111111001000000000000000000000000000000000000000000000000000000000000000000000000000000000000000000 0 0
15093	14.868	0.000	( 0 )	110001111010111011101011001100000111001011110001110111001101000011001100100110110011111001000000000000000000000000000000000000000000000000000000000000000000000000000000000000000000 13 0
15090	14.868	0.000	( 0 )	110001111010111011101011001100000111001011110001110111001101000011001100100110110011111001000000000000000000000000000000000000000000000000000000000000000000000000000000000000000000 0 0
15110	14.868	0.000	( 0 )	110001111010111011101011001100000111001011110001110111001101000011001100100110110011111001000000000000000000000000000000000000000000000000000000000000000000000000000000000000000000 0 0
15118	14.868	0.000	( 0 )	110001111010111011101011001100000111001011110001110111001101000011001100100110110011111001000000000000000000000000000000000000000000000000000000000000000000000000000000000000000000 0 0
15112	14.868	0.000	( 0 )	110001111010111011101011001100000111001011110001110111001101000011001100100110110011111001000000000000000000000000000000000000000000000000000000000000000000000000000000000000000000 0 0
15108	14.868	0.000	( 0 )	110001111010111011101011001100000111001011110001110111001101000011001100100110110011111001000000000000000000000000000000000000000000000000000000000000000000000000000000000000000000 0 0
15111	14.868	0.000	( 0 )	110001111010111011101011001100000111001011110001110111001101000011001100100110110011111001000000000000000000000000000000000000000000000000000000000000000000000000000000000000000000 0 0
15051	20.446	0.000	( 0 )	110001111010111010101011001100000110001011010001110111001101000011101100100110110010111001000000000000000000000000000000000000000000000000000000000000000000000000000000000000000000 5 0
15026	20.446	0.000	( 0 )	110001111010111010101011001100000110001011010001110111001101000011101100100110110010111001000000000000000000000000000000000000000000000000000000000000000000000000000000000000000000 0 0
15038	22.670	0.000	( 0 )	110001111010111010101011101100000110001011010001110111001101000011111100100110110010111001000000000000000000000000000000000000000000000000000000000000000000000000000000000000000000 2 0
15037	22.670	0.000	( 0 )	110001111010111010101011101100000110001011010001110111001101000011111100100110110010111001000000000000000000000000000000000000000000000000000000000000000000000000000000000000000000 0 0
15035	22.670	0.000	( 0 )	110001111010111010101011101100000110001011010001110111001101000011111100100110110010111001000000000000000000000000000000000000000000000000000000000000000000000000000000000000000000 0 0
15041	22.670	0.000	( 0 )	110001111010111010101011101100000110001011010001110111001101000011111100100110110010111001000000000000000000000000000000000000000000000000000000000000000000000000000000000000000000 0 0
15039	22.670	0.000	( 0 )	110001111010111010101011101100000110001011010001110111001101000011111100100110110010111001000000000000000000000000000000000000000000000000000000000000000000000000000000000000000000 0 0
15040	22.670	0.000	( 0 )	110001111010111010101011101100000110001011010001110111001101000011111100100110110010111001000000000000000000000000000000000000000000000000000000000000000000000000000000000000000000 0 0
15034	22.670	0.000	( 0 )	110001111010111010101011101100000110001011010001110111001101000011111100100110110010111001000000000000000000000000000000000000000000000000000000000000000000000000000000000000000000 0 0
15032	23.781	0.000	( 0 )	110001111010111010101011001100000110001011010001110111001101000011111100100110110010111001000000000000000000000000000000000000000000000000000000000000000000000000000000000000000000 1 0
14976	24.893	0.000	( 0 )	110001111010111010101011001100000110001011010001110111001101000011111100100110110010011001000000000000000000000000000000000000000000000000000000000000000000000000000000000000000000 1 0
14969	26.004	0.000	( 0 )	110001111010111010101011001100000110001011010101110111001101000011111100100110110010011001000000000000000000000000000000000000000000000000000000000000000000000000000000000000000000 1 0
14968	26.004	0.000	( 0 )	110001111010111010101011001100000110001011010101110111001101000011111100100110110010011001000000000000000000000000000000000000000000000000000000000000000000000000000000000000000000 0 0
14960	27.115	0.000	( 0 )	110001111010111010101011001100000110001011010101110111001101000011101100100110110010011001000000000000000000000000000000000000000000000000000000000000000000000000000000000000000000 1 0
14975	28.226	0.000	( 0 )	110001111010111010101011001100000110001011010101110111001101000011101100100010110010011001000000000000000000000000000000000000000000000000000000000000000000000000000000000000000000 1 0
14919	28.226	0.000	( 0 )	110001111010111010101011001100000110001011010101110111001101000011101100100010110010011001000000000000000000000000000000000000000000000000000000000000000000000000000000000000000000 0 0
14926	28.226	0.000	( 0 )	110001111010111010101011001100000110001011010101110111001101000011101100100010110010011001000000000000000000000000000000000000000000000000000000000000000000000000000000000000000000 0 0
14903	31.565	0.000	( 0 )	110001101010111010101011001100000110011011010101110111001101000011101100100010110010011101000000000000000000000000000000000000000000000000000000000000000000000000000000000000000000 3 0
14905	31.565	0.000	( 0 )	110001101010111010101011001100000110011011010101110111001101000011101100100010110010011101000000000000000000000000000000000000000000000000000000000000000000000000000000000000000000 0 0
14902	31.565	0.000	( 0 )	110001101010111010101011001100000110011011010101110111001101000011101100100010110010011101000000000000000000000000000000000000000000000000000000000000000000000000000000000000000000 0 0
14901	31.565	0.000	( 0 )	110001101010111010101011001100000110011011010101110111001101000011101100100010110010011101000000000000000000000000000000000000000000000000000000000000000000000000000000000000000000 0 0
14857	36.021	0.000	( 0 )	110001101010111010101011001100000110111011010101110111101101000011101100100011111010011101000000000000000000000000000000000000000000000000000000000000000000000000000000000000000000 4 0
14855	36.021	0.000	( 0 )	110001101010111010101011001100000110111011010101110111101101000011101100100011111010011101000000000000000000000000000000000000000000000000000000000000000000000000000000000000000000 0 0
14842	38.245	0.000	( 0 )	110001101110111010101011001100000110111010010101110111101101000011101100100011111010011101000000000000000000000000000000000000000000000000000000000000000000000000000000000000000000 2 0
14845	38.245	0.000	( 0 )	110001101110111010101011001100000110111010010101110111101101000011101100100011111010011101000000000000000000000000000000000000000000000000000000000000000000000000000000000000000000 0 0
14838	38.245	0.000	( 0 )	110001101110111010101011001100000110111010010101110111101101000011101100100011111010011101000000000000000000000000000000000000000000000000000000000000000000000000000000000000000000 0 0
14840	38.245	0.000	( 0 )	110001101110111010101011001100000110111010010101110111101101000011101100100011111010011101000000000000000000000000000000000000000000000000000000000000000000000000000000000000000000 0 0
14846	38.245	0.000	( 0 )	110001101110111010101011001100000110111010010101110111101101000011101100100011111010011101000000000000000000000000000000000000000000000000000000000000000000000000000000000000000000 0 0
14839	38.245	0.000	( 0 )	110001101110111010101011001100000110111010010101110111101101000011101100100011111010011101000000000000000000000000000000000000000000000000000000000000000000000000000000000000000000 0 0
14844	38.245	0.000	( 0 )	110001101110111010101011001100000110111010010101110111101101000011101100100011111010011101000000000000000000000000000000000000000000000000000000000000000000000000000000000000000000 0 0
14833	39.356	0.000	( 0 )	111001101110111010101011001100000110111010010101110111101101000011101100100011111010011101000000000000000000000000000000000000000000000000000000000000000000000000000000000000000000 1 0
14834	39.356	0.000	( 0 )	111001101110111010101011001100000110111010010101110111101101000011101100100011111010011101000000000000000000000000000000000000000000000000000000000000000000000000000000000000000000 0 0
14795	40.467	0.000	( 0 )	111001101110111010101011001100000110111010010101110111101101000011101100101011111010011101000000000000000000000000000000000000000000000000000000000000000000000000000000000000000000 1 0
14796	40.467	0.000	( 0 )	111001101110111010101011001100000110111010010101110111101101000011101100101011111010011101000000000000000000000000000000000000000000000000000000000000000000000000000000000000000000 0 0
14797	40.467	0.000	( 0 )	111001101110111010101011001100000110111010010101110111101101000011101100101011111010011101000000000000000000000000000000000000000000000000000000000000000000000000000000000000000000 0 0
14787	40.467	0.000	( 0 )	111001101110111010101011001100000110111010010101110111101101000011101100101011111010011101000000000000000000000000000000000000000000000000000000000000000000000000000000000000000000 0 0
14789	40.467	0.000	( 0 )	111001101110111010101011001100000110111010010101110111101101000011101100101011111010011101000000000000000000000000000000000000000000000000000000000000000000000000000000000000000000 0 0
14793	40.467	0.000	( 0 )	111001101110111010101011001100000110111010010101110111101101000011101100101011111010011101000000000000000000000000000000000000000000000000000000000000000000000000000000000000000000 0 0
14786	40.467	0.000	( 0 )	111001101110111010101011001100000110111010010101110111101101000011101100101011111010011101000000000000000000000000000000000000000000000000000000000000000000000000000000000000000000 0 0
14783	40.467	0.000	( 0 )	111001101110111010101011001100000110111010010101110111101101000011101100101011111010011101000000000000000000000000000000000000000000000000000000000000000000000000000000000000000000 0 0
14788	40.467	0.000	( 0 )	111001101110111010101011001100000110111010010101110111101101000011101100101011111010011101000000000000000000000000000000000000000000000000000000000000000000000000000000000000000000 0 0
14785	40.467	0.000	( 0 )	111001101110111010101011001100000110111010010101110111101101000011101100101011111010011101000000000000000000000000000000000000000000000000000000000000000000000000000000000000000000 0 0
14781	40.467	0.000	( 0 )	111001101110111010101011001100000110111010010101110111101101000011101100101011111010011101000000000000000000000000000000000000000000000000000000000000000000000000000000000000000000 0 0
14794	40.467	0.000	( 0 )	111001101110111010101011001100000110111010010101110111101101000011101100101011111010011101000000000000000000000000000000000000000000000000000000000000000000000000000000000000000000 0 0
14790	40.467	0.000	( 0 )	111001101110111010101011001100000110111010010101110111101101000011101100101011111010011101000000000000000000000000000000000000000000000000000000000000000000000000000000000000000000 0 0
14710	41.578	0.000	( 0 )	111001101110111010101011001100000110111010010101110111101101000011101100101011111010010101000000000000000000000000000000000000000000000000000000000000000000000000000000000000000000 1 0
14711	41.578	0.000	( 0 )	111001101110111010101011001100000110111010010101110111101101000011101100101011111010010101000000000000000000000000000000000000000000000000000000000000000000000000000000000000000000 0 0
14709	41.578	0.000	( 0 )	111001101110111010101011001100000110111010010101110111101101000011101100101011111010010101000000000000000000000000000000000000000000000000000000000000000000000000000000000000000000 0 0
14706	41.578	0.000	( 0 )	111001101110111010101011001100000110111010010101110111101101000011101100101011111010010101000000000000000000000000000000000000000000000000000000000000000000000000000000000000000000 0 0
14712	41.578	0.000	( 0 )	111001101110111010101011001100000110111010010101110111101101000011101100101011111010010101000000000000000000000000000000000000000000000000000000000000000000000000000000000000000000 0 0
14675	43.802	0.000	( 0 )	111001101110111010101011001100000110111010010100110111101101000011101100101011111010010111000000000000000000000000000000000000000000000000000000000000000000000000000000000000000000 2 0
14673	43.802	0.000	( 0 )	111001101110111010101011001100000110111010010100110111101101000011101100101011111010010111000000000000000000000000000000000000000000000000000000000000000000000000000000000000000000 0 0
14672	43.802	0.000	( 0 )	111001101110111010101011001100000110111010010100110111101101000011101100101011111010010111000000000000000000000000000000000000000000000000000000000000000000000000000000000000000000 0 0
14674	43.802	0.000	( 0 )	111001101110111010101011001100000110111010010100110111101101000011101100101011111010010111000000000000000000000000000000000000000000000000000000000000000000000000000000000000000000 0 0
14670	43.802	0.000	( 0 )	111001101110111010101011001100000110111010010100110111101101000011101100101011111010010111000000000000000000000000000000000000000000000000000000000000000000000000000000000000000000 0 0
14648	46.026	0.000	( 0 )	111001101110111010101010001100000110111010010100110111101101000001101100101011111010010111000000000000000000000000000000000000000000000000000000000000000000000000000000000000000000 2 0
14632	47.137	0.000	( 0 )	111001101110111010101010001100000110111010011100110111101101000001101100101011111010010111000000000000000000000000000000000000000000000000000000000000000000000000000000000000000000 1 0
14609	48.248	0.000	( 0 )	111001101110111010101010001100000110111110011100110111101101000001101100101011111010010111000000000000000000000000000000000000000000000000000000000000000000000000000000000000000000 1 0
14611	48.248	0.000	( 0 )	111001101110111010101010001100000110111110011100110111101101000001101100101011111010010111000000000000000000000000000000000000000000000000000000000000000000000000000000000000000000 0 0
14608	48.248	0.000	( 0 )	111001101110111010101010001100000110111110011100110111101101000001101100101011111010010111000000000000000000000000000000000000000000000000000000000000000000000000000000000000000000 0 0
14613	48.248	0.000	( 0 )	111001101110111010101010001100000110111110011100110111101101000001101100101011111010010111000000000000000000000000000000000000000000000000000000000000000000000000000000000000000000 0 0
14607	48.248	0.000	( 0 )	111001101110111010101010001100000110111110011100110111101101000001101100101011111010010111000000000000000000000000000000000000000000000000000000000000000000000000000000000000000000 0 0
14612	48.248	0.000	( 0 )	111001101110111010101010001100000110111110011100110111101101000001101100101011111010010111000000000000000000000000000000000000000000000000000000000000000000000000000000000000000000 0 0
14610	48.248	0.000	( 0 )	111001101110111010101010001100000110111110011100110111101101000001101100101011111010010111000000000000000000000000000000000000000000000000000000000000000000000000000000000000000000 0 0
14606	48.248	0.000	( 0 )	111001101110111010101010001100000110111110011100110111101101000001101100101011111010010111000000000000000000000000000000000000000000000000000000000000000000000000000000000000000000 0 0
14597	51.587	0.000	( 0 )	011001101110111010100010001100000110111110011100110111101101000001101100111011111010010111000000000000000000000000000000000000000000000000000000000000000000000000000000000000000000 3 0
14573	51.587	0.000	( 0 )	011001101110111010100010001100000110111110011100110111101101000001101100111011111010010111000000000000000000000000000000000000000000000000000000000000000000000000000000000000000000 0 0
14569	51.587	0.000	( 0 )	011001101110111010100010001100000110111110011100110111101101000001101100111011111010010111000000000000000000000000000000000000000000000000000000000000000000000000000000000000000000 0 0
14566	51.587	0.000	( 0 )	011001101110111010100010001100000110111110011100110111101101000001101100111011111010010111000000000000000000000000000000000000000000000000000000000000000000000000000000000000000000 0 0
14540	56.043	0.000	( 0 )	001001001110111010100010001000000110111110011100110111101101100001101100111011111010010111000000000000000000000000000000000000000000000000000000000000000000000000000000000000000000 4 0
14541	56.043	0.000	( 0 )	001001001110111010100010001000000110111110011100110111101101100001101100111011111010010111000000000000000000000000000000000000000000000000000000000000000000000000000000000000000000 0 0
14448	56.043	0.000	( 0 )	001001001110111010100010001000000110111110011100110111101101100001101100111011111010010111000000000000000000000000000000000000000000000000000000000000000000000000000000000000000000 0 0
14468	56.043	0.000	( 0 )	001001001110111010100010001000000110111110011100110111101101100001101100111011111010010111000000000000000000000000000000000000000000000000000000000000000000000000000000000000000000 0 0
14542	56.043	0.000	( 0 )	001001001110111010100010001000000110111110011100110111101101100001101100111011111010010111000000000000000000000000000000000000000000000000000000000000000000000000000000000000000000 0 0
14538	56.043	0.000	( 0 )	001001001110111010100010001000000110111110011100110111101101100001101100111011111010010111000000000000000000000000000000000000000000000000000000000000000000000000000000000000000000 0 0
14537	56.043	0.000	( 0 )	001001001110111010100010001000000110111110011100110111101101100001101100111011111010010111000000000000000000000000000000000000000000000000000000000000000000000000000000000000000000 0 0
14535	56.043	0.000	( 0 )	001001001110111010100010001000000110111110011100110111101101100001101100111011111010010111000000000000000000000000000000000000000000000000000000000000000000000000000000000000000000 0 0
14374	59.381	0.000	( 0 )	001001001110111010110010001000000100111110011100110111111101100001101100111011111010010111000000000000000000000000000000000000000000000000000000000000000000000000000000000000000000 3 0
14384	59.381	0.000	( 0 )	001001001110111010110010001000000100111110011100110111111101100001101100111011111010010111000000000000000000000000000000000000000000000000000000000000000000000000000000000000000000 0 0
14400	59.381	0.000	( 0 )	001001001110111010110010001000000100111110011100110111111101100001101100111011111010010111000000000000000000000000000000000000000000000000000000000000000000000000000000000000000000 0 0
14385	59.381	0.000	( 0 )	001001001110111010110010001000000100111110011100110111111101100001101100111011111010010111000000000000000000000000000000000000000000000000000000000000000000000000000000000000000000 0 0
14378	59.381	0.000	( 0 )	001001001110111010110010001000000100111110011100110111111101100001101100111011111010010111000000000000000000000000000000000000000000000000000000000000000000000000000000000000000000 0 0
14399	59.381	0.000	( 0 )	001001001110111010110010001000000100111110011100110111111101100001101100111011111010010111000000000000000000000000000000000000000000000000000000000000000000000000000000000000000000 0 0
14370	59.381	0.000	( 0 )	001001001110111010110010001000000100111110011100110111111101100001101100111011111010010111000000000000000000000000000000000000000000000000000000000000000000000000000000000000000000 0 0
14348	60.493	0.000	( 0 )	001001001110111010110010001000000100111110011100110111111101100001101000111011111010010111000000000000000000000000000000000000000000000000000000000000000000000000000000000000000000 1 0
14347	60.493	0.000	( 0 )	001001001110111010110010001000000100111110011100110111111101100001101000111011111010010111000000000000000000000000000000000000000000000000000000000000000000000000000000000000000000 0 0
14264	61.604	0.000	( 0 )	001001001110111010110010001000000100111110011100110111111101100001101000111011011010010111000000000000000000000000000000000000000000000000000000000000000000000000000000000000000000 1 0
14256	61.604	0.000	( 0 )	001001001110111010110010001000000100111110011100110111111101100001101000111011011010010111000000000000000000000000000000000000000000000000000000000000000000000000000000000000000000 0 0
14288	61.604	0.000	( 0 )	001001001110111010110010001000000100111110011100110111111101100001101000111011011010010111000000000000000000000000000000000000000000000000000000000000000000000000000000000000000000 0 0
14289	61.604	0.000	( 0 )	001001001110111010110010001000000100111110011100110111111101100001101000111011011010010111000000000000000000000000000000000000000000000000000000000000000000000000000000000000000000 0 0
14304	61.604	0.000	( 0 )	001001001110111010110010001000000100111110011100110111111101100001101000111011011010010111000000000000000000000000000000000000000000000000000000000000000000000000000000000000000000 0 0
14229	62.715	0.000	( 0 )	001001001110111010110010001000000100111110011100110111111101100001111000111011011010010111000000000000000000000000000000000000000000000000000000000000000000000000000000000000000000 1 0
14246	62.715	0.000	( 0 )	001001001110111010110010001000000100111110011100110111111101100001111000111011011010010111000000000000000000000000000000000000000000000000000000000000000000000000000000000000000000 0 0
14278	62.715	0.000	( 0 )	001001001110111010110010001000000100111110011100110111111101100001111000111011011010010111000000000000000000000000000000000000000000000000000000000000000000000000000000000000000000 0 0
14307	62.715	0.000	( 0 )	001001001110111010110010001000000100111110011100110111111101100001111000111011011010010111000000000000000000000000000000000000000000000000000000000000000000000000000000000000000000 0 0
14279	62.715	0.000	( 0 )	001001001110111010110010001000000100111110011100110111111101100001111000111011011010010111000000000000000000000000000000000000000000000000000000000000000000000000000000000000000000 0 0
14224	62.715	0.000	( 0 )	001001001110111010110010001000000100111110011100110111111101100001111000111011011010010111000000000000000000000000000000000000000000000000000000000000000000000000000000000000000000 0 0
14249	62.715	0.000	( 0 )	001001001110111010110010001000000100111110011100110111111101100001111000111011011010010111000000000000000000000000000000000000000000000000000000000000000000000000000000000000000000 0 0
14260	62.715	0.000	( 0 )	001001001110111010110010001000000100111110011100110111111101100001111000111011011010010111000000000000000000000000000000000000000000000000000000000000000000000000000000000000000000 0 0
14306	62.715	0.000	( 0 )	001001001110111010110010001000000100111110011100110111111101100001111000111011011010010111000000000000000000000000000000000000000000000000000000000000000000000000000000000000000000 0 0
14231	62.715	0.000	( 0 )	001001001110111010110010001000000100111110011100110111111101100001111000111011011010010111000000000000000000000000000000000000000000000000000000000000000000000000000000000000000000 0 0
14225	62.715	0.000	( 0 )	001001001110111010110010001000000100111110011100110111111101100001111000111011011010010111000000000000000000000000000000000000000000000000000000000000000000000000000000000000000000 0 0
14270	62.715	0.000	( 0 )	001001001110111010110010001000000100111110011100110111111101100001111000111011011010010111000000000000000000000000000000000000000000000000000000000000000000000000000000000000000000 0 0
14273	62.715	0.000	( 0 )	001001001110111010110010001000000100111110011100110111111101100001111000111011011010010111000000000000000000000000000000000000000000000000000000000000000000000000000000000000000000 0 0
14242	62.715	0.000	( 0 )	001001001110111010110010001000000100111110011100110111111101100001111000111011011010010111000000000000000000000000000000000000000000000000000000000000000000000000000000000000000000 0 0
14275	62.715	0.000	( 0 )	001001001110111010110010001000000100111110011100110111111101100001111000111011011010010111000000000000000000000000000000000000000000000000000000000000000000000000000000000000000000 0 0
14277	62.715	0.000	( 0 )	001001001110111010110010001000000100111110011100110111111101100001111000111011011010010111000000000000000000000000000000000000000000000000000000000000000000000000000000000000000000 0 0
14276	62.715	0.000	( 0 )	001001001110111010110010001000000100111110011100110111111101100001111000111011011010010111000000000000000000000000000000000000000000000000000000000000000000000000000000000000000000 0 0
14219	62.715	0.000	( 0 )	001001001110111010110010001000000100111110011100110111111101100001111000111011011010010111000000000000000000000000000000000000000000000000000000000000000000000000000000000000000000 0 0
14274	62.715	0.000	( 0 )	001001001110111010110010001000000100111110011100110111111101100001111000111011011010010111000000000000000000000000000000000000000000000000000000000000000000000000000000000000000000 0 0
14165	64.939	0.000	( 0 )	001001001110111010110010001000000100111110011100110111111100100001111000111011011010010110000000000000000000000000000000000000000000000000000000000000000000000000000000000000000000 2 0
14170	64.939	0.000	( 0 )	001001001110111010110010001000000100111110011100110111111100100001111000111011011010010110000000000000000000000000000000000000000000000000000000000000000000000000000000000000000000 0 0
14190	64.939	0.000	( 0 )	001001001110111010110010001000000100111110011100110111111100100001111000111011011010010110000000000000000000000000000000000000000000000000000000000000000000000000000000000000000000 0 0
14171	64.939	0.000	( 0 )	001001001110111010110010001000000100111110011100110111111100100001111000111011011010010110000000000000000000000000000000000000000000000000000000000000000000000000000000000000000000 0 0
14154	64.939	0.000	( 0 )	001001001110111010110010001000000100111110011100110111111100100001111000111011011010010110000000000000000000000000000000000000000000000000000000000000000000000000000000000000000000 0 0
14124	64.939	0.000	( 0 )	001001001110111010110010001000000100111110011100110111111100100001111000111011011010010110000000000000000000000000000000000000000000000000000000000000000000000000000000000000000000 0 0
14125	64.939	0.000	( 0 )	001001001110111010110010001000000100111110011100110111111100100001111000111011011010010110000000000000000000000000000000000000000000000000000000000000000000000000000000000000000000 0 0
14166	64.939	0.000	( 0 )	001001001110111010110010001000000100111110011100110111111100100001111000111011011010010110000000000000000000000000000000000000000000000000000000000000000000000000000000000000000000 0 0
14169	64.939	0.000	( 0 )	001001001110111010110010001000000100111110011100110111111100100001111000111011011010010110000000000000000000000000000000000000000000000000000000000000000000000000000000000000000000 0 0
14127	64.939	0.000	( 0 )	001001001110111010110010001000000100111110011100110111111100100001111000111011011010010110000000000000000000000000000000000000000000000000000000000000000000000000000000000000000000 0 0
14178	64.939	0.000	( 0 )	001001001110111010110010001000000100111110011100110111111100100001111000111011011010010110000000000000000000000000000000000000000000000000000000000000000000000000000000000000000000 0 0
14194	64.939	0.000	( 0 )	001001001110111010110010001000000100111110011100110111111100100001111000111011011010010110000000000000000000000000000000000000000000000000000000000000000000000000000000000000000000 0 0
14192	64.939	0.000	( 0 )	001001001110111010110010001000000100111110011100110111111100100001111000111011011010010110000000000000000000000000000000000000000000000000000000000000000000000000000000000000000000 0 0
14168	64.939	0.000	( 0 )	001001001110111010110010001000000100111110011100110111111100100001111000111011011010010110000000000000000000000000000000000000000000000000000000000000000000000000000000000000000000 0 0
14126	64.939	0.000	( 0 )	001001001110111010110010001000000100111110011100110111111100100001111000111011011010010110000000000000000000000000000000000000000000000000000000000000000000000000000000000000000000 0 0
14167	64.939	0.000	( 0 )	001001001110111010110010001000000100111110011100110111111100100001111000111011011010010110000000000000000000000000000000000000000000000000000000000000000000000000000000000000000000 0 0
14107	69.395	0.000	( 0 )	001001001111111010110110001000000000111110011100110111111100100001111000111011011000010110000000000000000000000000000000000000000000000000000000000000000000000000000000000000000000 4 0
14084	70.506	0.000	( 0 )	000001001111111010110110001000000000111110011100110111111100100001111000111011011000010110000000000000000000000000000000000000000000000000000000000000000000000000000000000000000000 1 0
14093	70.506	0.000	( 0 )	000001001111111010110110001000000000111110011100110111111100100001111000111011011000010110000000000000000000000000000000000000000000000000000000000000000000000000000000000000000000 0 0
14086	70.506	0.000	( 0 )	000001001111111010110110001000000000111110011100110111111100100001111000111011011000010110000000000000000000000000000000000000000000000000000000000000000000000000000000000000000000 0 0
14085	70.506	0.000	( 0 )	000001001111111010110110001000000000111110011100110111111100100001111000111011011000010110000000000000000000000000000000000000000000000000000000000000000000000000000000000000000000 0 0
14099	70.506	0.000	( 0 )	000001001111111010110110001000000000111110011100110111111100100001111000111011011000010110000000000000000000000000000000000000000000000000000000000000000000000000000000000000000000 0 0
14088	70.506	0.000	( 0 )	000001001111111010110110001000000000111110011100110111111100100001111000111011011000010110000000000000000000000000000000000000000000000000000000000000000000000000000000000000000000 0 0
14098	70.506	0.000	( 0 )	000001001111111010110110001000000000111110011100110111111100100001111000111011011000010110000000000000000000000000000000000000000000000000000000000000000000000000000000000000000000 0 0
14097	70.506	0.000	( 0 )	000001001111111010110110001000000000111110011100110111111100100001111000111011011000010110000000000000000000000000000000000000000000000000000000000000000000000000000000000000000000 0 0
14073	70.506	0.000	( 0 )	000001001111111010110110001000000000111110011100110111111100100001111000111011011000010110000000000000000000000000000000000000000000000000000000000000000000000000000000000000000000 0 0
14094	70.506	0.000	( 0 )	000001001111111010110110001000000000111110011100110111111100100001111000111011011000010110000000000000000000000000000000000000000000000000000000000000000000000000000000000000000000 0 0
14095	70.506	0.000	( 0 )	000001001111111010110110001000000000111110011100110111111100100001111000111011011000010110000000000000000000000000000000000000000000000000000000000000000000000000000000000000000000 0 0
14058	71.618	0.000	( 0 )	000001001111111010110110001000001000111110011100110111111100100001111000111011011000010110000000000000000000000000000000000000000000000000000000000000000000000000000000000000000000 1 0
14069	72.729	0.000	( 0 )	000000001111111010110110001000001000111110011100110111111100100001111000111011011000010110000000000000000000000000000000000000000000000000000000000000000000000000000000000000000000 1 0
