#java OrderMarkers2 data=- evaluateOrder=reordermarkers/iterations/ordered.4.1 useKosambi=1 numThreads=4 calculateIntervals=intervals/ordered.4.intervals randSeed=1865937602859056543
Loading file
No grandparents present in family V
Number of individuals = 92
Number of families = 1
File loaded with 31656 SNPs
Number of individuals = 92 excluding grandparents
Number of families = 1
Number of markers = 151
Setting dataScale to 0.5960264900662252 all likelihoods will be multiplied by 1.6777777777777776
Initial score = -986.8372055705562
Iteration 1 of 6
884884288488421 done
Polishing map...
score = -989.9928776439205
score = -986.8372055705562
score = -986.8372055705562
score = -986.8372055705562
Iteration 2 of 6
884884288488421 done
Polishing map...
score = -986.8372055705562
score = -986.8372055705562
score = -986.8372055705562
score = -986.8372055705562
Iteration 3 of 6
884884288488421 done
Polishing map...
score = -989.9928776439205
score = -986.8372055705562
score = -986.8372055705562
score = -986.8372055705562
Iteration 4 of 6
884884288488421 done
Polishing map...
score = -991.7909456904903
score = -986.8372055705562
score = -986.8372055705562
score = -986.8372055705562
Iteration 5 of 6
884884288488421 done
Polishing map...
score = -989.9928776439205
score = -986.8372055705562
score = -986.8372055705562
score = -986.8372055705562
Iteration 6 of 6
884884288488421 done
Polishing map...
score = -986.8372055705562
score = -986.8372055705562
score = -986.8372055705562
score = -986.8372055705562
Final score = -986.8372055705562
Setting dataScale to 0.5960264900662252 all likelihoods will be multiplied by 1.6777777777777776
logL = -986.8372055705562
number of recombinations = 49.0 logL = -986.8372055705562
Individual	V	P14459_101_S1	recombines	1	times
Individual	V	P14459_104_S4	recombines	1	times
Individual	V	P14459_105_S5	recombines	1	times
Individual	V	P14459_106_S6	recombines	1	times
Individual	V	P14459_107_S7	recombines	2	times
Individual	V	P14459_109_S9	recombines	1	times
Individual	V	P14459_111_S11	recombines	1	times
Individual	V	P14459_112_S12	recombines	1	times
Individual	V	P14459_113_S13	recombines	1	times
Individual	V	P14459_115_S15	recombines	1	times
Individual	V	P14459_116_S16	recombines	1	times
Individual	V	P14459_120_S20	recombines	1	times
Individual	V	P14459_121_S21	recombines	1	times
Individual	V	P14459_122_S22	recombines	1	times
Individual	V	P14459_125_S25	recombines	1	times
Individual	V	P14459_128_S28	recombines	1	times
Individual	V	P14459_130_S30	recombines	1	times
Individual	V	P14459_131_S31	recombines	1	times
Individual	V	P14459_135_S35	recombines	1	times
Individual	V	P14459_136_S36	recombines	1	times
Individual	V	P14459_139_S39	recombines	1	times
Individual	V	P14459_140_S40	recombines	1	times
Individual	V	P14459_144_S44	recombines	1	times
Individual	V	P14459_145_S45	recombines	1	times
Individual	V	P14459_146_S46	recombines	1	times
Individual	V	P14459_147_S47	recombines	1	times
Individual	V	P14459_155_S55	recombines	1	times
Individual	V	P14459_156_S56	recombines	1	times
Individual	V	P14459_158_S58	recombines	1	times
Individual	V	P14459_159_S59	recombines	1	times
Individual	V	P14459_160_S60	recombines	1	times
Individual	V	P14459_164_S64	recombines	1	times
Individual	V	P14459_170_S70	recombines	1	times
Individual	V	P14459_172_S72	recombines	2	times
Individual	V	P14459_174_S74	recombines	1	times
Individual	V	P14459_177_S77	recombines	1	times
Individual	V	P14459_179_S79	recombines	1	times
Individual	V	P14459_181_S81	recombines	1	times
Individual	V	P14459_182_S82	recombines	1	times
Individual	V	P14459_183_S83	recombines	1	times
Individual	V	P14459_187_S87	recombines	1	times
Individual	V	P14459_188_S88	recombines	1	times
Individual	V	P14459_189_S89	recombines	1	times
Individual	V	P14459_192_S92	recombines	1	times
Individual	V	P14459_193_S93	recombines	1	times
Individual	V	P14459_194_S94	recombines	1	times
Individual	V	P14459_195_S95	recombines	1	times
#*** LG = 0 likelihood = -986.8372
#marker_number	male_position	female_position	( 0.0 )[	phased data]
2	0.000	0.000	( 0 )	011100011001100010100100000110010101101101000001111101010001100000000000011010001000110101000000000000000000000000000000000000000000000000000000000000000000000000000000000000000000 0 0
2	0.000	0.000	( 0 )	011100011001100010100100000110010101101101000001111101010001100000000000011010001000110101000000000000000000000000000000000000000000000000000000000000000000000000000000000000000000 0 0
14	3.338	0.000	( 0 )	011100011001101010100100000110010101101101100001111101010001100000000000011110001000110101000000000000000000000000000000000000000000000000000000000000000000000000000000000000000000 3 0
16	3.338	0.000	( 0 )	011100011001101010100100000110010101101101100001111101010001100000000000011110001000110101000000000000000000000000000000000000000000000000000000000000000000000000000000000000000000 0 0
51	5.562	0.000	( 0 )	011100011001101010100100000110010101001101100001111101000001100000000000011110001000110101000000000000000000000000000000000000000000000000000000000000000000000000000000000000000000 2 0
92	8.900	0.000	( 0 )	011100011001101010100100000110010101001101110001111101000001100000000001011110001000111101000000000000000000000000000000000000000000000000000000000000000000000000000000000000000000 3 0
84	8.900	0.000	( 0 )	011100011001101010100100000110010101001101110001111101000001100000000001011110001000111101000000000000000000000000000000000000000000000000000000000000000000000000000000000000000000 0 0
91	8.900	0.000	( 0 )	011100011001101010100100000110010101001101110001111101000001100000000001011110001000111101000000000000000000000000000000000000000000000000000000000000000000000000000000000000000000 0 0
83	8.900	0.000	( 0 )	011100011001101010100100000110010101001101110001111101000001100000000001011110001000111101000000000000000000000000000000000000000000000000000000000000000000000000000000000000000000 0 0
93	8.900	0.000	( 0 )	011100011001101010100100000110010101001101110001111101000001100000000001011110001000111101000000000000000000000000000000000000000000000000000000000000000000000000000000000000000000 0 0
97	10.012	0.000	( 0 )	011100001001101010100100000110010101001101110001111101000001100000000001011110001000111101000000000000000000000000000000000000000000000000000000000000000000000000000000000000000000 1 0
113	10.012	0.000	( 0 )	011100001001101010100100000110010101001101110001111101000001100000000001011110001000111101000000000000000000000000000000000000000000000000000000000000000000000000000000000000000000 0 0
105	10.012	0.000	( 0 )	011100001001101010100100000110010101001101110001111101000001100000000001011110001000111101000000000000000000000000000000000000000000000000000000000000000000000000000000000000000000 0 0
117	10.012	0.000	( 0 )	011100001001101010100100000110010101001101110001111101000001100000000001011110001000111101000000000000000000000000000000000000000000000000000000000000000000000000000000000000000000 0 0
149	14.468	0.000	( 0 )	011100001001101010100100000110010101001101110001111101100001100000000101011110001110111101000000000000000000000000000000000000000000000000000000000000000000000000000000000000000000 4 0
208	14.468	0.000	( 0 )	011100001001101010100100000110010101001101110001111101100001100000000101011110001110111101000000000000000000000000000000000000000000000000000000000000000000000000000000000000000000 0 0
213	14.468	0.000	( 0 )	011100001001101010100100000110010101001101110001111101100001100000000101011110001110111101000000000000000000000000000000000000000000000000000000000000000000000000000000000000000000 0 0
180	14.468	0.000	( 0 )	011100001001101010100100000110010101001101110001111101100001100000000101011110001110111101000000000000000000000000000000000000000000000000000000000000000000000000000000000000000000 0 0
146	14.468	0.000	( 0 )	011100001001101010100100000110010101001101110001111101100001100000000101011110001110111101000000000000000000000000000000000000000000000000000000000000000000000000000000000000000000 0 0
212	14.468	0.000	( 0 )	011100001001101010100100000110010101001101110001111101100001100000000101011110001110111101000000000000000000000000000000000000000000000000000000000000000000000000000000000000000000 0 0
170	14.468	0.000	( 0 )	011100001001101010100100000110010101001101110001111101100001100000000101011110001110111101000000000000000000000000000000000000000000000000000000000000000000000000000000000000000000 0 0
147	14.468	0.000	( 0 )	011100001001101010100100000110010101001101110001111101100001100000000101011110001110111101000000000000000000000000000000000000000000000000000000000000000000000000000000000000000000 0 0
244	16.691	0.000	( 0 )	011000001001111010100100000110010101001101110001111101100001100000000101011110001110111101000000000000000000000000000000000000000000000000000000000000000000000000000000000000000000 2 0
253	16.691	0.000	( 0 )	011000001001111010100100000110010101001101110001111101100001100000000101011110001110111101000000000000000000000000000000000000000000000000000000000000000000000000000000000000000000 0 0
247	16.691	0.000	( 0 )	011000001001111010100100000110010101001101110001111101100001100000000101011110001110111101000000000000000000000000000000000000000000000000000000000000000000000000000000000000000000 0 0
271	16.691	0.000	( 0 )	011000001001111010100100000110010101001101110001111101100001100000000101011110001110111101000000000000000000000000000000000000000000000000000000000000000000000000000000000000000000 0 0
254	16.691	0.000	( 0 )	011000001001111010100100000110010101001101110001111101100001100000000101011110001110111101000000000000000000000000000000000000000000000000000000000000000000000000000000000000000000 0 0
251	16.691	0.000	( 0 )	011000001001111010100100000110010101001101110001111101100001100000000101011110001110111101000000000000000000000000000000000000000000000000000000000000000000000000000000000000000000 0 0
250	16.691	0.000	( 0 )	011000001001111010100100000110010101001101110001111101100001100000000101011110001110111101000000000000000000000000000000000000000000000000000000000000000000000000000000000000000000 0 0
249	16.691	0.000	( 0 )	011000001001111010100100000110010101001101110001111101100001100000000101011110001110111101000000000000000000000000000000000000000000000000000000000000000000000000000000000000000000 0 0
317	20.030	0.000	( 0 )	010000001001111010101101000110010101001101110001111101100001100000000101011110001110111101000000000000000000000000000000000000000000000000000000000000000000000000000000000000000000 3 0
314	20.030	0.000	( 0 )	010000001001111010101101000110010101001101110001111101100001100000000101011110001110111101000000000000000000000000000000000000000000000000000000000000000000000000000000000000000000 0 0
312	20.030	0.000	( 0 )	010000001001111010101101000110010101001101110001111101100001100000000101011110001110111101000000000000000000000000000000000000000000000000000000000000000000000000000000000000000000 0 0
359	21.141	0.000	( 0 )	010000001001111010101101000110010101001101110001111101101001100000000101011110001110111101000000000000000000000000000000000000000000000000000000000000000000000000000000000000000000 1 0
354	21.141	0.000	( 0 )	010000001001111010101101000110010101001101110001111101101001100000000101011110001110111101000000000000000000000000000000000000000000000000000000000000000000000000000000000000000000 0 0
374	23.365	0.000	( 0 )	010000001011111010101101000110010101001101110001111101101001100000000101001110001110111101000000000000000000000000000000000000000000000000000000000000000000000000000000000000000000 2 0
375	23.365	0.000	( 0 )	010000001011111010101101000110010101001101110001111101101001100000000101001110001110111101000000000000000000000000000000000000000000000000000000000000000000000000000000000000000000 0 0
376	23.365	0.000	( 0 )	010000001011111010101101000110010101001101110001111101101001100000000101001110001110111101000000000000000000000000000000000000000000000000000000000000000000000000000000000000000000 0 0
367	23.365	0.000	( 0 )	010000001011111010101101000110010101001101110001111101101001100000000101001110001110111101000000000000000000000000000000000000000000000000000000000000000000000000000000000000000000 0 0
399	24.476	0.000	( 0 )	010000001011111010101101000110010101001101110001111111101001100000000101001110001110111101000000000000000000000000000000000000000000000000000000000000000000000000000000000000000000 1 0
396	24.476	0.000	( 0 )	010000001011111010101101000110010101001101110001111111101001100000000101001110001110111101000000000000000000000000000000000000000000000000000000000000000000000000000000000000000000 0 0
450	25.587	0.000	( 0 )	010000001011111010101101000110010101001101110001111111101001100001000101001110001110111101000000000000000000000000000000000000000000000000000000000000000000000000000000000000000000 1 0
447	25.587	0.000	( 0 )	010000001011111010101101000110010101001101110001111111101001100001000101001110001110111101000000000000000000000000000000000000000000000000000000000000000000000000000000000000000000 0 0
451	25.587	0.000	( 0 )	010000001011111010101101000110010101001101110001111111101001100001000101001110001110111101000000000000000000000000000000000000000000000000000000000000000000000000000000000000000000 0 0
432	25.587	0.000	( 0 )	010000001011111010101101000110010101001101110001111111101001100001000101001110001110111101000000000000000000000000000000000000000000000000000000000000000000000000000000000000000000 0 0
455	27.811	0.000	( 0 )	010000001011111010101101000110011101001101110001111111101001100001000101001110001110111001000000000000000000000000000000000000000000000000000000000000000000000000000000000000000000 2 0
472	27.811	0.000	( 0 )	010000001011111010101101000110011101001101110001111111101001100001000101001110001110111001000000000000000000000000000000000000000000000000000000000000000000000000000000000000000000 0 0
507	27.811	0.000	( 0 )	010000001011111010101101000110011101001101110001111111101001100001000101001110001110111001000000000000000000000000000000000000000000000000000000000000000000000000000000000000000000 0 0
494	28.922	0.000	( 0 )	010000001011111010101101000110011101001101110001111111101001100001010101001110001110111001000000000000000000000000000000000000000000000000000000000000000000000000000000000000000000 1 0
502	28.922	0.000	( 0 )	010000001011111010101101000110011101001101110001111111101001100001010101001110001110111001000000000000000000000000000000000000000000000000000000000000000000000000000000000000000000 0 0
503	28.922	0.000	( 0 )	010000001011111010101101000110011101001101110001111111101001100001010101001110001110111001000000000000000000000000000000000000000000000000000000000000000000000000000000000000000000 0 0
471	28.922	0.000	( 0 )	010000001011111010101101000110011101001101110001111111101001100001010101001110001110111001000000000000000000000000000000000000000000000000000000000000000000000000000000000000000000 0 0
578	31.146	0.000	( 0 )	010000001011111010101101000100011101001101110001111111101001100001010101001111001110111001000000000000000000000000000000000000000000000000000000000000000000000000000000000000000000 2 0
569	31.146	0.000	( 0 )	010000001011111010101101000100011101001101110001111111101001100001010101001111001110111001000000000000000000000000000000000000000000000000000000000000000000000000000000000000000000 0 0
581	31.146	0.000	( 0 )	010000001011111010101101000100011101001101110001111111101001100001010101001111001110111001000000000000000000000000000000000000000000000000000000000000000000000000000000000000000000 0 0
608	31.146	0.000	( 0 )	010000001011111010101101000100011101001101110001111111101001100001010101001111001110111001000000000000000000000000000000000000000000000000000000000000000000000000000000000000000000 0 0
634	32.257	0.000	( 0 )	010000001011111010101101000100011101001101110001111111101001100001010101001111001111111001000000000000000000000000000000000000000000000000000000000000000000000000000000000000000000 1 0
631	32.257	0.000	( 0 )	010000001011111010101101000100011101001101110001111111101001100001010101001111001111111001000000000000000000000000000000000000000000000000000000000000000000000000000000000000000000 0 0
573	32.257	0.000	( 0 )	010000001011111010101101000100011101001101110001111111101001100001010101001111001111111001000000000000000000000000000000000000000000000000000000000000000000000000000000000000000000 0 0
632	32.257	0.000	( 0 )	010000001011111010101101000100011101001101110001111111101001100001010101001111001111111001000000000000000000000000000000000000000000000000000000000000000000000000000000000000000000 0 0
633	32.257	0.000	( 0 )	010000001011111010101101000100011101001101110001111111101001100001010101001111001111111001000000000000000000000000000000000000000000000000000000000000000000000000000000000000000000 0 0
694	33.369	0.000	( 0 )	010001001011111010101101000100011101001101110001111111101001100001010101001111001111111001000000000000000000000000000000000000000000000000000000000000000000000000000000000000000000 1 0
682	34.480	0.000	( 0 )	010001001011111010101101000100011101001101110001111111101001100001000101001111001111111001000000000000000000000000000000000000000000000000000000000000000000000000000000000000000000 1 0
703	35.591	0.000	( 0 )	010001001011111010101101000100011101001101110001111111101001000001000101001111001111111001000000000000000000000000000000000000000000000000000000000000000000000000000000000000000000 1 0
719	35.591	0.000	( 0 )	010001001011111010101101000100011101001101110001111111101001000001000101001111001111111001000000000000000000000000000000000000000000000000000000000000000000000000000000000000000000 0 0
715	35.591	0.000	( 0 )	010001001011111010101101000100011101001101110001111111101001000001000101001111001111111001000000000000000000000000000000000000000000000000000000000000000000000000000000000000000000 0 0
763	35.591	0.000	( 0 )	010001001011111010101101000100011101001101110001111111101001000001000101001111001111111001000000000000000000000000000000000000000000000000000000000000000000000000000000000000000000 0 0
777	35.591	0.000	( 0 )	010001001011111010101101000100011101001101110001111111101001000001000101001111001111111001000000000000000000000000000000000000000000000000000000000000000000000000000000000000000000 0 0
795	35.591	0.000	( 0 )	010001001011111010101101000100011101001101110001111111101001000001000101001111001111111001000000000000000000000000000000000000000000000000000000000000000000000000000000000000000000 0 0
796	35.591	0.000	( 0 )	010001001011111010101101000100011101001101110001111111101001000001000101001111001111111001000000000000000000000000000000000000000000000000000000000000000000000000000000000000000000 0 0
791	35.591	0.000	( 0 )	010001001011111010101101000100011101001101110001111111101001000001000101001111001111111001000000000000000000000000000000000000000000000000000000000000000000000000000000000000000000 0 0
794	35.591	0.000	( 0 )	010001001011111010101101000100011101001101110001111111101001000001000101001111001111111001000000000000000000000000000000000000000000000000000000000000000000000000000000000000000000 0 0
702	35.591	0.000	( 0 )	010001001011111010101101000100011101001101110001111111101001000001000101001111001111111001000000000000000000000000000000000000000000000000000000000000000000000000000000000000000000 0 0
793	35.591	0.000	( 0 )	010001001011111010101101000100011101001101110001111111101001000001000101001111001111111001000000000000000000000000000000000000000000000000000000000000000000000000000000000000000000 0 0
835	36.702	0.000	( 0 )	010001001011111010101101000100011101011101110001111111101001000001000101001111001111111001000000000000000000000000000000000000000000000000000000000000000000000000000000000000000000 1 0
834	36.702	0.000	( 0 )	010001001011111010101101000100011101011101110001111111101001000001000101001111001111111001000000000000000000000000000000000000000000000000000000000000000000000000000000000000000000 0 0
837	36.702	0.000	( 0 )	010001001011111010101101000100011101011101110001111111101001000001000101001111001111111001000000000000000000000000000000000000000000000000000000000000000000000000000000000000000000 0 0
844	36.702	0.000	( 0 )	010001001011111010101101000100011101011101110001111111101001000001000101001111001111111001000000000000000000000000000000000000000000000000000000000000000000000000000000000000000000 0 0
826	36.702	0.000	( 0 )	010001001011111010101101000100011101011101110001111111101001000001000101001111001111111001000000000000000000000000000000000000000000000000000000000000000000000000000000000000000000 0 0
836	36.702	0.000	( 0 )	010001001011111010101101000100011101011101110001111111101001000001000101001111001111111001000000000000000000000000000000000000000000000000000000000000000000000000000000000000000000 0 0
828	36.702	0.000	( 0 )	010001001011111010101101000100011101011101110001111111101001000001000101001111001111111001000000000000000000000000000000000000000000000000000000000000000000000000000000000000000000 0 0
800	36.702	0.000	( 0 )	010001001011111010101101000100011101011101110001111111101001000001000101001111001111111001000000000000000000000000000000000000000000000000000000000000000000000000000000000000000000 0 0
827	36.702	0.000	( 0 )	010001001011111010101101000100011101011101110001111111101001000001000101001111001111111001000000000000000000000000000000000000000000000000000000000000000000000000000000000000000000 0 0
838	36.702	0.000	( 0 )	010001001011111010101101000100011101011101110001111111101001000001000101001111001111111001000000000000000000000000000000000000000000000000000000000000000000000000000000000000000000 0 0
839	36.702	0.000	( 0 )	010001001011111010101101000100011101011101110001111111101001000001000101001111001111111001000000000000000000000000000000000000000000000000000000000000000000000000000000000000000000 0 0
845	36.702	0.000	( 0 )	010001001011111010101101000100011101011101110001111111101001000001000101001111001111111001000000000000000000000000000000000000000000000000000000000000000000000000000000000000000000 0 0
878	37.814	0.000	( 0 )	010001001011111010101101000100011101011111110001111111101001000001000101001111001111111001000000000000000000000000000000000000000000000000000000000000000000000000000000000000000000 1 0
876	37.814	0.000	( 0 )	010001001011111010101101000100011101011111110001111111101001000001000101001111001111111001000000000000000000000000000000000000000000000000000000000000000000000000000000000000000000 0 0
1007	42.270	0.000	( 0 )	110001001011111010101101001100011001011111110001111111101001000001000101001111001111111000000000000000000000000000000000000000000000000000000000000000000000000000000000000000000000 4 0
1006	42.270	0.000	( 0 )	110001001011111010101101001100011001011111110001111111101001000001000101001111001111111000000000000000000000000000000000000000000000000000000000000000000000000000000000000000000000 0 0
980	42.270	0.000	( 0 )	110001001011111010101101001100011001011111110001111111101001000001000101001111001111111000000000000000000000000000000000000000000000000000000000000000000000000000000000000000000000 0 0
915	42.270	0.000	( 0 )	110001001011111010101101001100011001011111110001111111101001000001000101001111001111111000000000000000000000000000000000000000000000000000000000000000000000000000000000000000000000 0 0
925	42.270	0.000	( 0 )	110001001011111010101101001100011001011111110001111111101001000001000101001111001111111000000000000000000000000000000000000000000000000000000000000000000000000000000000000000000000 0 0
958	42.270	0.000	( 0 )	110001001011111010101101001100011001011111110001111111101001000001000101001111001111111000000000000000000000000000000000000000000000000000000000000000000000000000000000000000000000 0 0
922	42.270	0.000	( 0 )	110001001011111010101101001100011001011111110001111111101001000001000101001111001111111000000000000000000000000000000000000000000000000000000000000000000000000000000000000000000000 0 0
911	42.270	0.000	( 0 )	110001001011111010101101001100011001011111110001111111101001000001000101001111001111111000000000000000000000000000000000000000000000000000000000000000000000000000000000000000000000 0 0
913	42.270	0.000	( 0 )	110001001011111010101101001100011001011111110001111111101001000001000101001111001111111000000000000000000000000000000000000000000000000000000000000000000000000000000000000000000000 0 0
979	42.270	0.000	( 0 )	110001001011111010101101001100011001011111110001111111101001000001000101001111001111111000000000000000000000000000000000000000000000000000000000000000000000000000000000000000000000 0 0
1022	44.494	0.000	( 0 )	110001001111111010001101001100011001011111110001111111101001000001000101001111001111111000000000000000000000000000000000000000000000000000000000000000000000000000000000000000000000 2 0
1023	44.494	0.000	( 0 )	110001001111111010001101001100011001011111110001111111101001000001000101001111001111111000000000000000000000000000000000000000000000000000000000000000000000000000000000000000000000 0 0
1073	46.717	0.000	( 0 )	110000001111111010011101001100011001011111110001111111101001000001000101001111001111111000000000000000000000000000000000000000000000000000000000000000000000000000000000000000000000 2 0
1074	46.717	0.000	( 0 )	110000001111111010011101001100011001011111110001111111101001000001000101001111001111111000000000000000000000000000000000000000000000000000000000000000000000000000000000000000000000 0 0
1086	48.941	0.000	( 0 )	110000001111111010011101001100011001011111110001111011101001000001000101001101001111111000000000000000000000000000000000000000000000000000000000000000000000000000000000000000000000 2 0
1082	48.941	0.000	( 0 )	110000001111111010011101001100011001011111110001111011101001000001000101001101001111111000000000000000000000000000000000000000000000000000000000000000000000000000000000000000000000 0 0
1107	48.941	0.000	( 0 )	110000001111111010011101001100011001011111110001111011101001000001000101001101001111111000000000000000000000000000000000000000000000000000000000000000000000000000000000000000000000 0 0
1130	48.941	0.000	( 0 )	110000001111111010011101001100011001011111110001111011101001000001000101001101001111111000000000000000000000000000000000000000000000000000000000000000000000000000000000000000000000 0 0
1112	48.941	0.000	( 0 )	110000001111111010011101001100011001011111110001111011101001000001000101001101001111111000000000000000000000000000000000000000000000000000000000000000000000000000000000000000000000 0 0
1125	48.941	0.000	( 0 )	110000001111111010011101001100011001011111110001111011101001000001000101001101001111111000000000000000000000000000000000000000000000000000000000000000000000000000000000000000000000 0 0
1111	48.941	0.000	( 0 )	110000001111111010011101001100011001011111110001111011101001000001000101001101001111111000000000000000000000000000000000000000000000000000000000000000000000000000000000000000000000 0 0
1129	48.941	0.000	( 0 )	110000001111111010011101001100011001011111110001111011101001000001000101001101001111111000000000000000000000000000000000000000000000000000000000000000000000000000000000000000000000 0 0
1131	48.941	0.000	( 0 )	110000001111111010011101001100011001011111110001111011101001000001000101001101001111111000000000000000000000000000000000000000000000000000000000000000000000000000000000000000000000 0 0
1157	50.052	0.000	( 0 )	110000001111111010011101001101011001011111110001111011101001000001000101001101001111111000000000000000000000000000000000000000000000000000000000000000000000000000000000000000000000 1 0
1160	50.052	0.000	( 0 )	110000001111111010011101001101011001011111110001111011101001000001000101001101001111111000000000000000000000000000000000000000000000000000000000000000000000000000000000000000000000 0 0
1158	50.052	0.000	( 0 )	110000001111111010011101001101011001011111110001111011101001000001000101001101001111111000000000000000000000000000000000000000000000000000000000000000000000000000000000000000000000 0 0
1159	50.052	0.000	( 0 )	110000001111111010011101001101011001011111110001111011101001000001000101001101001111111000000000000000000000000000000000000000000000000000000000000000000000000000000000000000000000 0 0
1207	51.164	0.000	( 0 )	110000001110111010011101001101011001011111110001111011101001000001000101001101001111111000000000000000000000000000000000000000000000000000000000000000000000000000000000000000000000 1 0
1176	51.164	0.000	( 0 )	110000001110111010011101001101011001011111110001111011101001000001000101001101001111111000000000000000000000000000000000000000000000000000000000000000000000000000000000000000000000 0 0
1205	51.164	0.000	( 0 )	110000001110111010011101001101011001011111110001111011101001000001000101001101001111111000000000000000000000000000000000000000000000000000000000000000000000000000000000000000000000 0 0
1203	51.164	0.000	( 0 )	110000001110111010011101001101011001011111110001111011101001000001000101001101001111111000000000000000000000000000000000000000000000000000000000000000000000000000000000000000000000 0 0
1230	51.164	0.000	( 0 )	110000001110111010011101001101011001011111110001111011101001000001000101001101001111111000000000000000000000000000000000000000000000000000000000000000000000000000000000000000000000 0 0
1206	51.164	0.000	( 0 )	110000001110111010011101001101011001011111110001111011101001000001000101001101001111111000000000000000000000000000000000000000000000000000000000000000000000000000000000000000000000 0 0
1209	51.164	0.000	( 0 )	110000001110111010011101001101011001011111110001111011101001000001000101001101001111111000000000000000000000000000000000000000000000000000000000000000000000000000000000000000000000 0 0
1208	51.164	0.000	( 0 )	110000001110111010011101001101011001011111110001111011101001000001000101001101001111111000000000000000000000000000000000000000000000000000000000000000000000000000000000000000000000 0 0
1272	52.275	0.000	( 0 )	110000001110111010011101001101011001011110110001111011101001000001000101001101001111111000000000000000000000000000000000000000000000000000000000000000000000000000000000000000000000 1 0
1247	52.275	0.000	( 0 )	110000001110111010011101001101011001011110110001111011101001000001000101001101001111111000000000000000000000000000000000000000000000000000000000000000000000000000000000000000000000 0 0
1301	52.275	0.000	( 0 )	110000001110111010011101001101011001011110110001111011101001000001000101001101001111111000000000000000000000000000000000000000000000000000000000000000000000000000000000000000000000 0 0
1362	52.275	0.000	( 0 )	110000001110111010011101001101011001011110110001111011101001000001000101001101001111111000000000000000000000000000000000000000000000000000000000000000000000000000000000000000000000 0 0
1246	52.275	0.000	( 0 )	110000001110111010011101001101011001011110110001111011101001000001000101001101001111111000000000000000000000000000000000000000000000000000000000000000000000000000000000000000000000 0 0
1353	52.275	0.000	( 0 )	110000001110111010011101001101011001011110110001111011101001000001000101001101001111111000000000000000000000000000000000000000000000000000000000000000000000000000000000000000000000 0 0
1303	52.275	0.000	( 0 )	110000001110111010011101001101011001011110110001111011101001000001000101001101001111111000000000000000000000000000000000000000000000000000000000000000000000000000000000000000000000 0 0
1300	52.275	0.000	( 0 )	110000001110111010011101001101011001011110110001111011101001000001000101001101001111111000000000000000000000000000000000000000000000000000000000000000000000000000000000000000000000 0 0
1320	52.275	0.000	( 0 )	110000001110111010011101001101011001011110110001111011101001000001000101001101001111111000000000000000000000000000000000000000000000000000000000000000000000000000000000000000000000 0 0
1248	52.275	0.000	( 0 )	110000001110111010011101001101011001011110110001111011101001000001000101001101001111111000000000000000000000000000000000000000000000000000000000000000000000000000000000000000000000 0 0
1354	52.275	0.000	( 0 )	110000001110111010011101001101011001011110110001111011101001000001000101001101001111111000000000000000000000000000000000000000000000000000000000000000000000000000000000000000000000 0 0
1319	52.275	0.000	( 0 )	110000001110111010011101001101011001011110110001111011101001000001000101001101001111111000000000000000000000000000000000000000000000000000000000000000000000000000000000000000000000 0 0
1323	52.275	0.000	( 0 )	110000001110111010011101001101011001011110110001111011101001000001000101001101001111111000000000000000000000000000000000000000000000000000000000000000000000000000000000000000000000 0 0
1321	52.275	0.000	( 0 )	110000001110111010011101001101011001011110110001111011101001000001000101001101001111111000000000000000000000000000000000000000000000000000000000000000000000000000000000000000000000 0 0
1380	52.275	0.000	( 0 )	110000001110111010011101001101011001011110110001111011101001000001000101001101001111111000000000000000000000000000000000000000000000000000000000000000000000000000000000000000000000 0 0
1318	52.275	0.000	( 0 )	110000001110111010011101001101011001011110110001111011101001000001000101001101001111111000000000000000000000000000000000000000000000000000000000000000000000000000000000000000000000 0 0
1317	52.275	0.000	( 0 )	110000001110111010011101001101011001011110110001111011101001000001000101001101001111111000000000000000000000000000000000000000000000000000000000000000000000000000000000000000000000 0 0
1277	52.275	0.000	( 0 )	110000001110111010011101001101011001011110110001111011101001000001000101001101001111111000000000000000000000000000000000000000000000000000000000000000000000000000000000000000000000 0 0
1322	52.275	0.000	( 0 )	110000001110111010011101001101011001011110110001111011101001000001000101001101001111111000000000000000000000000000000000000000000000000000000000000000000000000000000000000000000000 0 0
1316	52.275	0.000	( 0 )	110000001110111010011101001101011001011110110001111011101001000001000101001101001111111000000000000000000000000000000000000000000000000000000000000000000000000000000000000000000000 0 0
1359	52.275	0.000	( 0 )	110000001110111010011101001101011001011110110001111011101001000001000101001101001111111000000000000000000000000000000000000000000000000000000000000000000000000000000000000000000000 0 0
1292	52.275	0.000	( 0 )	110000001110111010011101001101011001011110110001111011101001000001000101001101001111111000000000000000000000000000000000000000000000000000000000000000000000000000000000000000000000 0 0
1360	52.275	0.000	( 0 )	110000001110111010011101001101011001011110110001111011101001000001000101001101001111111000000000000000000000000000000000000000000000000000000000000000000000000000000000000000000000 0 0
1311	52.275	0.000	( 0 )	110000001110111010011101001101011001011110110001111011101001000001000101001101001111111000000000000000000000000000000000000000000000000000000000000000000000000000000000000000000000 0 0
1358	52.275	0.000	( 0 )	110000001110111010011101001101011001011110110001111011101001000001000101001101001111111000000000000000000000000000000000000000000000000000000000000000000000000000000000000000000000 0 0
1356	52.275	0.000	( 0 )	110000001110111010011101001101011001011110110001111011101001000001000101001101001111111000000000000000000000000000000000000000000000000000000000000000000000000000000000000000000000 0 0
1293	52.275	0.000	( 0 )	110000001110111010011101001101011001011110110001111011101001000001000101001101001111111000000000000000000000000000000000000000000000000000000000000000000000000000000000000000000000 0 0
1237	54.499	0.000	( 0 )	110010001110111010011101001101011001011110110001111011101001000001000101001101001111111010000000000000000000000000000000000000000000000000000000000000000000000000000000000000000000 2 0
