#java OrderMarkers2 data=- evaluateOrder=reordermarkers/iterations/ordered.7.1 useKosambi=1 numThreads=4 calculateIntervals=intervals/ordered.7.intervals randSeed=-1302427778876402819
Loading file
No grandparents present in family V
Number of individuals = 92
Number of families = 1
File loaded with 31656 SNPs
Number of individuals = 92 excluding grandparents
Number of families = 1
Number of markers = 124
Setting dataScale to 0.7258064516129032 all likelihoods will be multiplied by 1.3777777777777778
Initial score = -674.6985726642076
Iteration 1 of 6
884884288488421 done
Polishing map...
score = -677.3557398008768
score = -677.3557398008768
score = -677.3557398008768
score = -677.3557398008768
Iteration 2 of 6
884884288488421 done
Polishing map...
score = -680.3090335108719
score = -677.3557398008768
score = -677.3557398008768
score = -677.3557398008768
Iteration 3 of 6
884884288488421 done
Polishing map...
score = -677.3557398008768
score = -674.6985726642076
score = -674.6985726642076
score = -674.6985726642076
Iteration 4 of 6
884884288488421 done
Polishing map...
score = -683.762911150363
score = -683.762911150363
score = -683.762911150363
score = -683.762911150363
Iteration 5 of 6
884884288488421 done
Polishing map...
score = -677.3557398008768
score = -677.3557398008768
score = -677.3557398008768
score = -677.3557398008768
Iteration 6 of 6
884884288488421 done
Polishing map...
score = -677.3557398008768
score = -677.3557398008768
score = -677.3557398008768
score = -677.3557398008768
Final score = -674.6985726642076
Setting dataScale to 0.7258064516129032 all likelihoods will be multiplied by 1.3777777777777778
logL = -674.6985726642076
number of recombinations = 30.0 logL = -674.6985726642076
Individual	V	P14459_108_S8	recombines	1	times
Individual	V	P14459_111_S11	recombines	1	times
Individual	V	P14459_116_S16	recombines	1	times
Individual	V	P14459_119_S19	recombines	1	times
Individual	V	P14459_121_S21	recombines	1	times
Individual	V	P14459_126_S26	recombines	1	times
Individual	V	P14459_129_S29	recombines	1	times
Individual	V	P14459_130_S30	recombines	1	times
Individual	V	P14459_131_S31	recombines	1	times
Individual	V	P14459_136_S36	recombines	1	times
Individual	V	P14459_144_S44	recombines	1	times
Individual	V	P14459_148_S48	recombines	1	times
Individual	V	P14459_150_S50	recombines	1	times
Individual	V	P14459_153_S53	recombines	1	times
Individual	V	P14459_154_S54	recombines	1	times
Individual	V	P14459_156_S56	recombines	1	times
Individual	V	P14459_157_S57	recombines	1	times
Individual	V	P14459_158_S58	recombines	1	times
Individual	V	P14459_164_S64	recombines	1	times
Individual	V	P14459_168_S68	recombines	1	times
Individual	V	P14459_172_S72	recombines	1	times
Individual	V	P14459_173_S73	recombines	1	times
Individual	V	P14459_174_S74	recombines	1	times
Individual	V	P14459_176_S76	recombines	1	times
Individual	V	P14459_180_S80	recombines	1	times
Individual	V	P14459_181_S81	recombines	1	times
Individual	V	P14459_184_S84	recombines	1	times
Individual	V	P14459_188_S88	recombines	1	times
Individual	V	P14459_192_S92	recombines	1	times
Individual	V	P14459_193_S93	recombines	1	times
#*** LG = 0 likelihood = -674.6986
#marker_number	male_position	female_position	( 0.0 )[	phased data]
16322	0.000	0.000	( 0 )	000110010111100011001011011101000010011011101001111010101111100110000100100100101001110011000000000000000000000000000000000000000000000000000000000000000000000000000000000000000000 0 0
16323	0.000	0.000	( 0 )	000110010111100011001011011101000010011011101001111010101111100110000100100100101001110011000000000000000000000000000000000000000000000000000000000000000000000000000000000000000000 0 0
16323	0.000	0.000	( 0 )	000110010111100011001011011101000010011011101001111010101111100110000100100100101001110011000000000000000000000000000000000000000000000000000000000000000000000000000000000000000000 0 0
16374	1.111	0.000	( 0 )	000110010111100011001011011101000010011011101001111010101111100110001100100100101001110011000000000000000000000000000000000000000000000000000000000000000000000000000000000000000000 1 0
16373	1.111	0.000	( 0 )	000110010111100011001011011101000010011011101001111010101111100110001100100100101001110011000000000000000000000000000000000000000000000000000000000000000000000000000000000000000000 0 0
16344	1.111	0.000	( 0 )	000110010111100011001011011101000010011011101001111010101111100110001100100100101001110011000000000000000000000000000000000000000000000000000000000000000000000000000000000000000000 0 0
16366	1.111	0.000	( 0 )	000110010111100011001011011101000010011011101001111010101111100110001100100100101001110011000000000000000000000000000000000000000000000000000000000000000000000000000000000000000000 0 0
16343	1.111	0.000	( 0 )	000110010111100011001011011101000010011011101001111010101111100110001100100100101001110011000000000000000000000000000000000000000000000000000000000000000000000000000000000000000000 0 0
16444	3.335	0.000	( 0 )	000110010111100011001011011101000010011011101001111011101111100010001100100100101001110011000000000000000000000000000000000000000000000000000000000000000000000000000000000000000000 2 0
16443	3.335	0.000	( 0 )	000110010111100011001011011101000010011011101001111011101111100010001100100100101001110011000000000000000000000000000000000000000000000000000000000000000000000000000000000000000000 0 0
16480	7.791	0.000	( 0 )	000110010011100011001011011101000010011011101001111011001111100010001110101100101001110011000000000000000000000000000000000000000000000000000000000000000000000000000000000000000000 4 0
16471	7.791	0.000	( 0 )	000110010011100011001011011101000010011011101001111011001111100010001110101100101001110011000000000000000000000000000000000000000000000000000000000000000000000000000000000000000000 0 0
16482	7.791	0.000	( 0 )	000110010011100011001011011101000010011011101001111011001111100010001110101100101001110011000000000000000000000000000000000000000000000000000000000000000000000000000000000000000000 0 0
16509	8.902	0.000	( 0 )	000110110011100011001011011101000010011011101001111011001111100010001110101100101001110011000000000000000000000000000000000000000000000000000000000000000000000000000000000000000000 1 0
16623	10.014	0.000	( 0 )	000110110011101011001011011101000010011011101001111011001111100010001110101100101001110011000000000000000000000000000000000000000000000000000000000000000000000000000000000000000000 1 0
16621	10.014	0.000	( 0 )	000110110011101011001011011101000010011011101001111011001111100010001110101100101001110011000000000000000000000000000000000000000000000000000000000000000000000000000000000000000000 0 0
16634	11.125	0.000	( 0 )	000110110011101011001011011101000010011011101001111011001111000010001110101100101001110011000000000000000000000000000000000000000000000000000000000000000000000000000000000000000000 1 0
16723	12.236	0.000	( 0 )	000110110011101011001011011101000010011011101001111001001111000010001110101100101001110011000000000000000000000000000000000000000000000000000000000000000000000000000000000000000000 1 0
16669	12.236	0.000	( 0 )	000110110011101011001011011101000010011011101001111001001111000010001110101100101001110011000000000000000000000000000000000000000000000000000000000000000000000000000000000000000000 0 0
16725	12.236	0.000	( 0 )	000110110011101011001011011101000010011011101001111001001111000010001110101100101001110011000000000000000000000000000000000000000000000000000000000000000000000000000000000000000000 0 0
16673	12.236	0.000	( 0 )	000110110011101011001011011101000010011011101001111001001111000010001110101100101001110011000000000000000000000000000000000000000000000000000000000000000000000000000000000000000000 0 0
16721	12.236	0.000	( 0 )	000110110011101011001011011101000010011011101001111001001111000010001110101100101001110011000000000000000000000000000000000000000000000000000000000000000000000000000000000000000000 0 0
16679	12.236	0.000	( 0 )	000110110011101011001011011101000010011011101001111001001111000010001110101100101001110011000000000000000000000000000000000000000000000000000000000000000000000000000000000000000000 0 0
16678	12.236	0.000	( 0 )	000110110011101011001011011101000010011011101001111001001111000010001110101100101001110011000000000000000000000000000000000000000000000000000000000000000000000000000000000000000000 0 0
16671	12.236	0.000	( 0 )	000110110011101011001011011101000010011011101001111001001111000010001110101100101001110011000000000000000000000000000000000000000000000000000000000000000000000000000000000000000000 0 0
16808	13.348	0.000	( 0 )	000110110011101011001011011101000110011011101001111001001111000010001110101100101001110011000000000000000000000000000000000000000000000000000000000000000000000000000000000000000000 1 0
16818	13.348	0.000	( 0 )	000110110011101011001011011101000110011011101001111001001111000010001110101100101001110011000000000000000000000000000000000000000000000000000000000000000000000000000000000000000000 0 0
16758	13.348	0.000	( 0 )	000110110011101011001011011101000110011011101001111001001111000010001110101100101001110011000000000000000000000000000000000000000000000000000000000000000000000000000000000000000000 0 0
16769	13.348	0.000	( 0 )	000110110011101011001011011101000110011011101001111001001111000010001110101100101001110011000000000000000000000000000000000000000000000000000000000000000000000000000000000000000000 0 0
16869	14.459	0.000	( 0 )	000110110011101011011011011101000110011011101001111001001111000010001110101100101001110011000000000000000000000000000000000000000000000000000000000000000000000000000000000000000000 1 0
16858	14.459	0.000	( 0 )	000110110011101011011011011101000110011011101001111001001111000010001110101100101001110011000000000000000000000000000000000000000000000000000000000000000000000000000000000000000000 0 0
16866	14.459	0.000	( 0 )	000110110011101011011011011101000110011011101001111001001111000010001110101100101001110011000000000000000000000000000000000000000000000000000000000000000000000000000000000000000000 0 0
16886	15.570	0.000	( 0 )	000110110011101011011011011101000110011001101001111001001111000010001110101100101001110011000000000000000000000000000000000000000000000000000000000000000000000000000000000000000000 1 0
16887	15.570	0.000	( 0 )	000110110011101011011011011101000110011001101001111001001111000010001110101100101001110011000000000000000000000000000000000000000000000000000000000000000000000000000000000000000000 0 0
16889	15.570	0.000	( 0 )	000110110011101011011011011101000110011001101001111001001111000010001110101100101001110011000000000000000000000000000000000000000000000000000000000000000000000000000000000000000000 0 0
17087	22.277	0.000	( 0 )	000110110011101010011011111101000110011001101011110001001111000010001010101100101011110011000000000000000000000000000000000000000000000000000000000000000000000000000000000000000000 6 0
17089	22.277	0.000	( 0 )	000110110011101010011011111101000110011001101011110001001111000010001010101100101011110011000000000000000000000000000000000000000000000000000000000000000000000000000000000000000000 0 0
17086	22.277	0.000	( 0 )	000110110011101010011011111101000110011001101011110001001111000010001010101100101011110011000000000000000000000000000000000000000000000000000000000000000000000000000000000000000000 0 0
17090	22.277	0.000	( 0 )	000110110011101010011011111101000110011001101011110001001111000010001010101100101011110011000000000000000000000000000000000000000000000000000000000000000000000000000000000000000000 0 0
17015	22.277	0.000	( 0 )	000110110011101010011011111101000110011001101011110001001111000010001010101100101011110011000000000000000000000000000000000000000000000000000000000000000000000000000000000000000000 0 0
17017	22.277	0.000	( 0 )	000110110011101010011011111101000110011001101011110001001111000010001010101100101011110011000000000000000000000000000000000000000000000000000000000000000000000000000000000000000000 0 0
17074	23.388	0.000	( 0 )	000110110011101010011011111101000110011001101011110001001111000010011010101100101011110011000000000000000000000000000000000000000000000000000000000000000000000000000000000000000000 1 0
17076	23.388	0.000	( 0 )	000110110011101010011011111101000110011001101011110001001111000010011010101100101011110011000000000000000000000000000000000000000000000000000000000000000000000000000000000000000000 0 0
17000	23.388	0.000	( 0 )	000110110011101010011011111101000110011001101011110001001111000010011010101100101011110011000000000000000000000000000000000000000000000000000000000000000000000000000000000000000000 0 0
17075	23.388	0.000	( 0 )	000110110011101010011011111101000110011001101011110001001111000010011010101100101011110011000000000000000000000000000000000000000000000000000000000000000000000000000000000000000000 0 0
17060	23.388	0.000	( 0 )	000110110011101010011011111101000110011001101011110001001111000010011010101100101011110011000000000000000000000000000000000000000000000000000000000000000000000000000000000000000000 0 0
17073	23.388	0.000	( 0 )	000110110011101010011011111101000110011001101011110001001111000010011010101100101011110011000000000000000000000000000000000000000000000000000000000000000000000000000000000000000000 0 0
17018	23.388	0.000	( 0 )	000110110011101010011011111101000110011001101011110001001111000010011010101100101011110011000000000000000000000000000000000000000000000000000000000000000000000000000000000000000000 0 0
17008	23.388	0.000	( 0 )	000110110011101010011011111101000110011001101011110001001111000010011010101100101011110011000000000000000000000000000000000000000000000000000000000000000000000000000000000000000000 0 0
17097	23.388	0.000	( 0 )	000110110011101010011011111101000110011001101011110001001111000010011010101100101011110011000000000000000000000000000000000000000000000000000000000000000000000000000000000000000000 0 0
16981	23.388	0.000	( 0 )	000110110011101010011011111101000110011001101011110001001111000010011010101100101011110011000000000000000000000000000000000000000000000000000000000000000000000000000000000000000000 0 0
17109	23.388	0.000	( 0 )	000110110011101010011011111101000110011001101011110001001111000010011010101100101011110011000000000000000000000000000000000000000000000000000000000000000000000000000000000000000000 0 0
16980	23.388	0.000	( 0 )	000110110011101010011011111101000110011001101011110001001111000010011010101100101011110011000000000000000000000000000000000000000000000000000000000000000000000000000000000000000000 0 0
17061	23.388	0.000	( 0 )	000110110011101010011011111101000110011001101011110001001111000010011010101100101011110011000000000000000000000000000000000000000000000000000000000000000000000000000000000000000000 0 0
17098	23.388	0.000	( 0 )	000110110011101010011011111101000110011001101011110001001111000010011010101100101011110011000000000000000000000000000000000000000000000000000000000000000000000000000000000000000000 0 0
17094	23.388	0.000	( 0 )	000110110011101010011011111101000110011001101011110001001111000010011010101100101011110011000000000000000000000000000000000000000000000000000000000000000000000000000000000000000000 0 0
17104	23.388	0.000	( 0 )	000110110011101010011011111101000110011001101011110001001111000010011010101100101011110011000000000000000000000000000000000000000000000000000000000000000000000000000000000000000000 0 0
17340	24.499	0.000	( 0 )	000110110011101010011011111100000110011001101011110001001111000010011010101100101011110011000000000000000000000000000000000000000000000000000000000000000000000000000000000000000000 1 0
17234	24.499	0.000	( 0 )	000110110011101010011011111100000110011001101011110001001111000010011010101100101011110011000000000000000000000000000000000000000000000000000000000000000000000000000000000000000000 0 0
17369	24.499	0.000	( 0 )	000110110011101010011011111100000110011001101011110001001111000010011010101100101011110011000000000000000000000000000000000000000000000000000000000000000000000000000000000000000000 0 0
17383	24.499	0.000	( 0 )	000110110011101010011011111100000110011001101011110001001111000010011010101100101011110011000000000000000000000000000000000000000000000000000000000000000000000000000000000000000000 0 0
17271	24.499	0.000	( 0 )	000110110011101010011011111100000110011001101011110001001111000010011010101100101011110011000000000000000000000000000000000000000000000000000000000000000000000000000000000000000000 0 0
17336	24.499	0.000	( 0 )	000110110011101010011011111100000110011001101011110001001111000010011010101100101011110011000000000000000000000000000000000000000000000000000000000000000000000000000000000000000000 0 0
17406	24.499	0.000	( 0 )	000110110011101010011011111100000110011001101011110001001111000010011010101100101011110011000000000000000000000000000000000000000000000000000000000000000000000000000000000000000000 0 0
17404	24.499	0.000	( 0 )	000110110011101010011011111100000110011001101011110001001111000010011010101100101011110011000000000000000000000000000000000000000000000000000000000000000000000000000000000000000000 0 0
17198	24.499	0.000	( 0 )	000110110011101010011011111100000110011001101011110001001111000010011010101100101011110011000000000000000000000000000000000000000000000000000000000000000000000000000000000000000000 0 0
17412	24.499	0.000	( 0 )	000110110011101010011011111100000110011001101011110001001111000010011010101100101011110011000000000000000000000000000000000000000000000000000000000000000000000000000000000000000000 0 0
17253	24.499	0.000	( 0 )	000110110011101010011011111100000110011001101011110001001111000010011010101100101011110011000000000000000000000000000000000000000000000000000000000000000000000000000000000000000000 0 0
17330	24.499	0.000	( 0 )	000110110011101010011011111100000110011001101011110001001111000010011010101100101011110011000000000000000000000000000000000000000000000000000000000000000000000000000000000000000000 0 0
17382	24.499	0.000	( 0 )	000110110011101010011011111100000110011001101011110001001111000010011010101100101011110011000000000000000000000000000000000000000000000000000000000000000000000000000000000000000000 0 0
17380	24.499	0.000	( 0 )	000110110011101010011011111100000110011001101011110001001111000010011010101100101011110011000000000000000000000000000000000000000000000000000000000000000000000000000000000000000000 0 0
17156	24.499	0.000	( 0 )	000110110011101010011011111100000110011001101011110001001111000010011010101100101011110011000000000000000000000000000000000000000000000000000000000000000000000000000000000000000000 0 0
17244	24.499	0.000	( 0 )	000110110011101010011011111100000110011001101011110001001111000010011010101100101011110011000000000000000000000000000000000000000000000000000000000000000000000000000000000000000000 0 0
17157	24.499	0.000	( 0 )	000110110011101010011011111100000110011001101011110001001111000010011010101100101011110011000000000000000000000000000000000000000000000000000000000000000000000000000000000000000000 0 0
17197	24.499	0.000	( 0 )	000110110011101010011011111100000110011001101011110001001111000010011010101100101011110011000000000000000000000000000000000000000000000000000000000000000000000000000000000000000000 0 0
17259	24.499	0.000	( 0 )	000110110011101010011011111100000110011001101011110001001111000010011010101100101011110011000000000000000000000000000000000000000000000000000000000000000000000000000000000000000000 0 0
17249	24.499	0.000	( 0 )	000110110011101010011011111100000110011001101011110001001111000010011010101100101011110011000000000000000000000000000000000000000000000000000000000000000000000000000000000000000000 0 0
17260	24.499	0.000	( 0 )	000110110011101010011011111100000110011001101011110001001111000010011010101100101011110011000000000000000000000000000000000000000000000000000000000000000000000000000000000000000000 0 0
17303	24.499	0.000	( 0 )	000110110011101010011011111100000110011001101011110001001111000010011010101100101011110011000000000000000000000000000000000000000000000000000000000000000000000000000000000000000000 0 0
17196	24.499	0.000	( 0 )	000110110011101010011011111100000110011001101011110001001111000010011010101100101011110011000000000000000000000000000000000000000000000000000000000000000000000000000000000000000000 0 0
17304	24.499	0.000	( 0 )	000110110011101010011011111100000110011001101011110001001111000010011010101100101011110011000000000000000000000000000000000000000000000000000000000000000000000000000000000000000000 0 0
17159	24.499	0.000	( 0 )	000110110011101010011011111100000110011001101011110001001111000010011010101100101011110011000000000000000000000000000000000000000000000000000000000000000000000000000000000000000000 0 0
17367	24.499	0.000	( 0 )	000110110011101010011011111100000110011001101011110001001111000010011010101100101011110011000000000000000000000000000000000000000000000000000000000000000000000000000000000000000000 0 0
17381	24.499	0.000	( 0 )	000110110011101010011011111100000110011001101011110001001111000010011010101100101011110011000000000000000000000000000000000000000000000000000000000000000000000000000000000000000000 0 0
17407	24.499	0.000	( 0 )	000110110011101010011011111100000110011001101011110001001111000010011010101100101011110011000000000000000000000000000000000000000000000000000000000000000000000000000000000000000000 0 0
17199	24.499	0.000	( 0 )	000110110011101010011011111100000110011001101011110001001111000010011010101100101011110011000000000000000000000000000000000000000000000000000000000000000000000000000000000000000000 0 0
17158	24.499	0.000	( 0 )	000110110011101010011011111100000110011001101011110001001111000010011010101100101011110011000000000000000000000000000000000000000000000000000000000000000000000000000000000000000000 0 0
17379	24.499	0.000	( 0 )	000110110011101010011011111100000110011001101011110001001111000010011010101100101011110011000000000000000000000000000000000000000000000000000000000000000000000000000000000000000000 0 0
17339	24.499	0.000	( 0 )	000110110011101010011011111100000110011001101011110001001111000010011010101100101011110011000000000000000000000000000000000000000000000000000000000000000000000000000000000000000000 0 0
17299	24.499	0.000	( 0 )	000110110011101010011011111100000110011001101011110001001111000010011010101100101011110011000000000000000000000000000000000000000000000000000000000000000000000000000000000000000000 0 0
17337	24.499	0.000	( 0 )	000110110011101010011011111100000110011001101011110001001111000010011010101100101011110011000000000000000000000000000000000000000000000000000000000000000000000000000000000000000000 0 0
17250	24.499	0.000	( 0 )	000110110011101010011011111100000110011001101011110001001111000010011010101100101011110011000000000000000000000000000000000000000000000000000000000000000000000000000000000000000000 0 0
17344	24.499	0.000	( 0 )	000110110011101010011011111100000110011001101011110001001111000010011010101100101011110011000000000000000000000000000000000000000000000000000000000000000000000000000000000000000000 0 0
17251	24.499	0.000	( 0 )	000110110011101010011011111100000110011001101011110001001111000010011010101100101011110011000000000000000000000000000000000000000000000000000000000000000000000000000000000000000000 0 0
17138	24.499	0.000	( 0 )	000110110011101010011011111100000110011001101011110001001111000010011010101100101011110011000000000000000000000000000000000000000000000000000000000000000000000000000000000000000000 0 0
17341	24.499	0.000	( 0 )	000110110011101010011011111100000110011001101011110001001111000010011010101100101011110011000000000000000000000000000000000000000000000000000000000000000000000000000000000000000000 0 0
17268	25.611	0.000	( 0 )	000110110011101010011011111100000110011001100011110001001111000010011010101100101011110011000000000000000000000000000000000000000000000000000000000000000000000000000000000000000000 1 0
17274	25.611	0.000	( 0 )	000110110011101010011011111100000110011001100011110001001111000010011010101100101011110011000000000000000000000000000000000000000000000000000000000000000000000000000000000000000000 0 0
17265	25.611	0.000	( 0 )	000110110011101010011011111100000110011001100011110001001111000010011010101100101011110011000000000000000000000000000000000000000000000000000000000000000000000000000000000000000000 0 0
17273	25.611	0.000	( 0 )	000110110011101010011011111100000110011001100011110001001111000010011010101100101011110011000000000000000000000000000000000000000000000000000000000000000000000000000000000000000000 0 0
17267	25.611	0.000	( 0 )	000110110011101010011011111100000110011001100011110001001111000010011010101100101011110011000000000000000000000000000000000000000000000000000000000000000000000000000000000000000000 0 0
17275	25.611	0.000	( 0 )	000110110011101010011011111100000110011001100011110001001111000010011010101100101011110011000000000000000000000000000000000000000000000000000000000000000000000000000000000000000000 0 0
17269	25.611	0.000	( 0 )	000110110011101010011011111100000110011001100011110001001111000010011010101100101011110011000000000000000000000000000000000000000000000000000000000000000000000000000000000000000000 0 0
17270	25.611	0.000	( 0 )	000110110011101010011011111100000110011001100011110001001111000010011010101100101011110011000000000000000000000000000000000000000000000000000000000000000000000000000000000000000000 0 0
17266	25.611	0.000	( 0 )	000110110011101010011011111100000110011001100011110001001111000010011010101100101011110011000000000000000000000000000000000000000000000000000000000000000000000000000000000000000000 0 0
17426	30.067	0.000	( 0 )	000110110011101010011011111110000110011001100011100001001111000010011010101100101011111111000000000000000000000000000000000000000000000000000000000000000000000000000000000000000000 4 0
17471	31.178	0.000	( 0 )	000110110011101010011011111110000110011001100011100001001111000010011010101100001011111111000000000000000000000000000000000000000000000000000000000000000000000000000000000000000000 1 0
17447	31.178	0.000	( 0 )	000110110011101010011011111110000110011001100011100001001111000010011010101100001011111111000000000000000000000000000000000000000000000000000000000000000000000000000000000000000000 0 0
17480	31.178	0.000	( 0 )	000110110011101010011011111110000110011001100011100001001111000010011010101100001011111111000000000000000000000000000000000000000000000000000000000000000000000000000000000000000000 0 0
17488	31.178	0.000	( 0 )	000110110011101010011011111110000110011001100011100001001111000010011010101100001011111111000000000000000000000000000000000000000000000000000000000000000000000000000000000000000000 0 0
17439	31.178	0.000	( 0 )	000110110011101010011011111110000110011001100011100001001111000010011010101100001011111111000000000000000000000000000000000000000000000000000000000000000000000000000000000000000000 0 0
17490	31.178	0.000	( 0 )	000110110011101010011011111110000110011001100011100001001111000010011010101100001011111111000000000000000000000000000000000000000000000000000000000000000000000000000000000000000000 0 0
17479	31.178	0.000	( 0 )	000110110011101010011011111110000110011001100011100001001111000010011010101100001011111111000000000000000000000000000000000000000000000000000000000000000000000000000000000000000000 0 0
17451	31.178	0.000	( 0 )	000110110011101010011011111110000110011001100011100001001111000010011010101100001011111111000000000000000000000000000000000000000000000000000000000000000000000000000000000000000000 0 0
17446	31.178	0.000	( 0 )	000110110011101010011011111110000110011001100011100001001111000010011010101100001011111111000000000000000000000000000000000000000000000000000000000000000000000000000000000000000000 0 0
17450	31.178	0.000	( 0 )	000110110011101010011011111110000110011001100011100001001111000010011010101100001011111111000000000000000000000000000000000000000000000000000000000000000000000000000000000000000000 0 0
17532	32.290	0.000	( 0 )	000110110011101010011011111010000110011001100011100001001111000010011010101100001011111111000000000000000000000000000000000000000000000000000000000000000000000000000000000000000000 1 0
17530	32.290	0.000	( 0 )	000110110011101010011011111010000110011001100011100001001111000010011010101100001011111111000000000000000000000000000000000000000000000000000000000000000000000000000000000000000000 0 0
17525	33.401	0.000	( 0 )	000110110011101010011011111010000110011001100011100001001111000010011010101000001011111111000000000000000000000000000000000000000000000000000000000000000000000000000000000000000000 1 0
17519	33.401	0.000	( 0 )	000110110011101010011011111010000110011001100011100001001111000010011010101000001011111111000000000000000000000000000000000000000000000000000000000000000000000000000000000000000000 0 0
17526	33.401	0.000	( 0 )	000110110011101010011011111010000110011001100011100001001111000010011010101000001011111111000000000000000000000000000000000000000000000000000000000000000000000000000000000000000000 0 0
17522	33.401	0.000	( 0 )	000110110011101010011011111010000110011001100011100001001111000010011010101000001011111111000000000000000000000000000000000000000000000000000000000000000000000000000000000000000000 0 0
17521	33.401	0.000	( 0 )	000110110011101010011011111010000110011001100011100001001111000010011010101000001011111111000000000000000000000000000000000000000000000000000000000000000000000000000000000000000000 0 0
17518	33.401	0.000	( 0 )	000110110011101010011011111010000110011001100011100001001111000010011010101000001011111111000000000000000000000000000000000000000000000000000000000000000000000000000000000000000000 0 0
