#java OrderMarkers2 data=- evaluateOrder=reordermarkers/iterations/ordered.6.1 useKosambi=1 numThreads=4 calculateIntervals=intervals/ordered.6.intervals randSeed=5860543757557622836
Loading file
No grandparents present in family V
Number of individuals = 92
Number of families = 1
File loaded with 31656 SNPs
Number of individuals = 92 excluding grandparents
Number of families = 1
Number of markers = 194
Setting dataScale to 0.4639175257731959 all likelihoods will be multiplied by 2.1555555555555554
Initial score = -1634.5488771387488
Iteration 1 of 6
884884288488421 done
Polishing map...
score = -1663.522127546062
score = -1663.522127546062
score = -1658.693146623363
score = -1646.2639302384753
Iteration 2 of 6
884884288488421 done
Polishing map...
score = -1671.8365262934115
score = -1664.2362908312227
score = -1659.4073099085238
score = -1646.978093523636
Iteration 3 of 6
884884288488421 done
Polishing map...
score = -1738.7329030703966
score = -1715.5487585734788
score = -1648.4734586417464
score = -1640.8732231795577
Iteration 4 of 6
884884288488421 done
Polishing map...
score = -1648.4967282071532
score = -1639.3778580614478
score = -1635.9345042892844
score = -1634.5488771387488
Iteration 5 of 6
884884288488421 done
Polishing map...
score = -1646.9780934044272
score = -1645.5924662538916
score = -1646.9780934044272
score = -1638.68504448618
Iteration 6 of 6
884884288488421 done
Polishing map...
score = -1645.5924662538916
score = -1638.68504448618
score = -1634.5488771387488
score = -1634.5488771387488
Final score = -1634.5488771387488
Setting dataScale to 0.4639175257731959 all likelihoods will be multiplied by 2.1555555555555554
logL = -1634.5488771387488
number of recombinations = 57.0 logL = -1634.5488771387488
Individual	V	P14459_103_S3	recombines	1	times
Individual	V	P14459_104_S4	recombines	1	times
Individual	V	P14459_105_S5	recombines	1	times
Individual	V	P14459_109_S9	recombines	1	times
Individual	V	P14459_111_S11	recombines	1	times
Individual	V	P14459_112_S12	recombines	1	times
Individual	V	P14459_113_S13	recombines	1	times
Individual	V	P14459_115_S15	recombines	1	times
Individual	V	P14459_116_S16	recombines	1	times
Individual	V	P14459_119_S19	recombines	1	times
Individual	V	P14459_122_S22	recombines	1	times
Individual	V	P14459_123_S23	recombines	1	times
Individual	V	P14459_124_S24	recombines	2	times
Individual	V	P14459_125_S25	recombines	1	times
Individual	V	P14459_127_S27	recombines	1	times
Individual	V	P14459_128_S28	recombines	2	times
Individual	V	P14459_132_S32	recombines	1	times
Individual	V	P14459_135_S35	recombines	1	times
Individual	V	P14459_136_S36	recombines	1	times
Individual	V	P14459_137_S37	recombines	1	times
Individual	V	P14459_138_S38	recombines	1	times
Individual	V	P14459_139_S39	recombines	1	times
Individual	V	P14459_142_S42	recombines	1	times
Individual	V	P14459_145_S45	recombines	1	times
Individual	V	P14459_146_S46	recombines	3	times
Individual	V	P14459_147_S47	recombines	1	times
Individual	V	P14459_148_S48	recombines	1	times
Individual	V	P14459_149_S49	recombines	1	times
Individual	V	P14459_150_S50	recombines	1	times
Individual	V	P14459_151_S51	recombines	1	times
Individual	V	P14459_154_S54	recombines	1	times
Individual	V	P14459_156_S56	recombines	1	times
Individual	V	P14459_157_S57	recombines	1	times
Individual	V	P14459_158_S58	recombines	1	times
Individual	V	P14459_159_S59	recombines	1	times
Individual	V	P14459_160_S60	recombines	1	times
Individual	V	P14459_162_S62	recombines	1	times
Individual	V	P14459_169_S69	recombines	1	times
Individual	V	P14459_171_S71	recombines	1	times
Individual	V	P14459_172_S72	recombines	1	times
Individual	V	P14459_173_S73	recombines	1	times
Individual	V	P14459_178_S78	recombines	1	times
Individual	V	P14459_180_S80	recombines	1	times
Individual	V	P14459_181_S81	recombines	1	times
Individual	V	P14459_184_S84	recombines	2	times
Individual	V	P14459_186_S86	recombines	1	times
Individual	V	P14459_187_S87	recombines	1	times
Individual	V	P14459_189_S89	recombines	1	times
Individual	V	P14459_190_S90	recombines	1	times
Individual	V	P14459_191_S91	recombines	1	times
Individual	V	P14459_192_S92	recombines	1	times
Individual	V	P14459_195_S95	recombines	1	times
#*** LG = 0 likelihood = -1634.5489
#marker_number	male_position	female_position	( 0.0 )[	phased data]
12718	0.000	0.000	( 0 )	101110101110100010100001000011111000000101001000101111000100100100001101011001100111000111000000000000000000000000000000000000000000000000000000000000000000000000000000000000000000 0 0
12718	0.000	0.000	( 0 )	101110101110100010100001000011111000000101001000101111000100100100001101011001100111000111000000000000000000000000000000000000000000000000000000000000000000000000000000000000000000 0 0
12713	2.224	0.000	( 0 )	101110101100100010101001000011111000000101001000101111000100100100001101011001100111000111000000000000000000000000000000000000000000000000000000000000000000000000000000000000000000 2 0
12712	2.224	0.000	( 0 )	101110101100100010101001000011111000000101001000101111000100100100001101011001100111000111000000000000000000000000000000000000000000000000000000000000000000000000000000000000000000 0 0
12750	4.447	0.000	( 0 )	101110111100100010101001000011111100000101001000101111000100100100001101011001100111000111000000000000000000000000000000000000000000000000000000000000000000000000000000000000000000 2 0
12784	10.026	0.000	( 0 )	101010111100110010101001000011011100000101001000101110000100100100001101111001100111000111000000000000000000000000000000000000000000000000000000000000000000000000000000000000000000 5 0
12775	10.026	0.000	( 0 )	101010111100110010101001000011011100000101001000101110000100100100001101111001100111000111000000000000000000000000000000000000000000000000000000000000000000000000000000000000000000 0 0
12911	11.137	0.000	( 0 )	101010111100110010101011000011011100000101001000101110000100100100001101111001100111000111000000000000000000000000000000000000000000000000000000000000000000000000000000000000000000 1 0
12912	11.137	0.000	( 0 )	101010111100110010101011000011011100000101001000101110000100100100001101111001100111000111000000000000000000000000000000000000000000000000000000000000000000000000000000000000000000 0 0
12915	11.137	0.000	( 0 )	101010111100110010101011000011011100000101001000101110000100100100001101111001100111000111000000000000000000000000000000000000000000000000000000000000000000000000000000000000000000 0 0
12914	11.137	0.000	( 0 )	101010111100110010101011000011011100000101001000101110000100100100001101111001100111000111000000000000000000000000000000000000000000000000000000000000000000000000000000000000000000 0 0
12944	12.249	0.000	( 0 )	101010111100111010101011000011011100000101001000101110000100100100001101111001100111000111000000000000000000000000000000000000000000000000000000000000000000000000000000000000000000 1 0
12921	13.360	0.000	( 0 )	101010111100111010101011000011011100000101101000101110000100100100001101111001100111000111000000000000000000000000000000000000000000000000000000000000000000000000000000000000000000 1 0
12820	15.584	0.000	( 0 )	101010111100111010101011001011011100000101101000101110000100100100011101111001100111000111000000000000000000000000000000000000000000000000000000000000000000000000000000000000000000 2 0
12824	15.584	0.000	( 0 )	101010111100111010101011001011011100000101101000101110000100100100011101111001100111000111000000000000000000000000000000000000000000000000000000000000000000000000000000000000000000 0 0
12826	15.584	0.000	( 0 )	101010111100111010101011001011011100000101101000101110000100100100011101111001100111000111000000000000000000000000000000000000000000000000000000000000000000000000000000000000000000 0 0
12835	15.584	0.000	( 0 )	101010111100111010101011001011011100000101101000101110000100100100011101111001100111000111000000000000000000000000000000000000000000000000000000000000000000000000000000000000000000 0 0
12827	15.584	0.000	( 0 )	101010111100111010101011001011011100000101101000101110000100100100011101111001100111000111000000000000000000000000000000000000000000000000000000000000000000000000000000000000000000 0 0
12812	15.584	0.000	( 0 )	101010111100111010101011001011011100000101101000101110000100100100011101111001100111000111000000000000000000000000000000000000000000000000000000000000000000000000000000000000000000 0 0
12819	15.584	0.000	( 0 )	101010111100111010101011001011011100000101101000101110000100100100011101111001100111000111000000000000000000000000000000000000000000000000000000000000000000000000000000000000000000 0 0
12813	15.584	0.000	( 0 )	101010111100111010101011001011011100000101101000101110000100100100011101111001100111000111000000000000000000000000000000000000000000000000000000000000000000000000000000000000000000 0 0
12833	15.584	0.000	( 0 )	101010111100111010101011001011011100000101101000101110000100100100011101111001100111000111000000000000000000000000000000000000000000000000000000000000000000000000000000000000000000 0 0
12831	15.584	0.000	( 0 )	101010111100111010101011001011011100000101101000101110000100100100011101111001100111000111000000000000000000000000000000000000000000000000000000000000000000000000000000000000000000 0 0
12822	15.584	0.000	( 0 )	101010111100111010101011001011011100000101101000101110000100100100011101111001100111000111000000000000000000000000000000000000000000000000000000000000000000000000000000000000000000 0 0
12823	15.584	0.000	( 0 )	101010111100111010101011001011011100000101101000101110000100100100011101111001100111000111000000000000000000000000000000000000000000000000000000000000000000000000000000000000000000 0 0
12817	15.584	0.000	( 0 )	101010111100111010101011001011011100000101101000101110000100100100011101111001100111000111000000000000000000000000000000000000000000000000000000000000000000000000000000000000000000 0 0
12834	15.584	0.000	( 0 )	101010111100111010101011001011011100000101101000101110000100100100011101111001100111000111000000000000000000000000000000000000000000000000000000000000000000000000000000000000000000 0 0
12818	15.584	0.000	( 0 )	101010111100111010101011001011011100000101101000101110000100100100011101111001100111000111000000000000000000000000000000000000000000000000000000000000000000000000000000000000000000 0 0
12816	15.584	0.000	( 0 )	101010111100111010101011001011011100000101101000101110000100100100011101111001100111000111000000000000000000000000000000000000000000000000000000000000000000000000000000000000000000 0 0
12830	15.584	0.000	( 0 )	101010111100111010101011001011011100000101101000101110000100100100011101111001100111000111000000000000000000000000000000000000000000000000000000000000000000000000000000000000000000 0 0
12829	15.584	0.000	( 0 )	101010111100111010101011001011011100000101101000101110000100100100011101111001100111000111000000000000000000000000000000000000000000000000000000000000000000000000000000000000000000 0 0
12814	15.584	0.000	( 0 )	101010111100111010101011001011011100000101101000101110000100100100011101111001100111000111000000000000000000000000000000000000000000000000000000000000000000000000000000000000000000 0 0
12882	17.807	0.000	( 0 )	101010111100111010101011000011011100000101001000101110000100100100011101111001100111000111000000000000000000000000000000000000000000000000000000000000000000000000000000000000000000 2 0
12883	17.807	0.000	( 0 )	101010111100111010101011000011011100000101001000101110000100100100011101111001100111000111000000000000000000000000000000000000000000000000000000000000000000000000000000000000000000 0 0
12879	17.807	0.000	( 0 )	101010111100111010101011000011011100000101001000101110000100100100011101111001100111000111000000000000000000000000000000000000000000000000000000000000000000000000000000000000000000 0 0
12880	17.807	0.000	( 0 )	101010111100111010101011000011011100000101001000101110000100100100011101111001100111000111000000000000000000000000000000000000000000000000000000000000000000000000000000000000000000 0 0
12928	18.919	0.000	( 0 )	101010111100111010101011000011011100000101001000100110000100100100011101111001100111000111000000000000000000000000000000000000000000000000000000000000000000000000000000000000000000 1 0
12922	18.919	0.000	( 0 )	101010111100111010101011000011011100000101001000100110000100100100011101111001100111000111000000000000000000000000000000000000000000000000000000000000000000000000000000000000000000 0 0
13046	23.375	0.000	( 0 )	100010111100111010101011000011011100100101000001100110000100100100011101111001100111000111000000000000000000000000000000000000000000000000000000000000000000000000000000000000000000 4 0
13030	23.375	0.000	( 0 )	100010111100111010101011000011011100100101000001100110000100100100011101111001100111000111000000000000000000000000000000000000000000000000000000000000000000000000000000000000000000 0 0
13013	23.375	0.000	( 0 )	100010111100111010101011000011011100100101000001100110000100100100011101111001100111000111000000000000000000000000000000000000000000000000000000000000000000000000000000000000000000 0 0
13036	23.375	0.000	( 0 )	100010111100111010101011000011011100100101000001100110000100100100011101111001100111000111000000000000000000000000000000000000000000000000000000000000000000000000000000000000000000 0 0
13042	23.375	0.000	( 0 )	100010111100111010101011000011011100100101000001100110000100100100011101111001100111000111000000000000000000000000000000000000000000000000000000000000000000000000000000000000000000 0 0
13045	23.375	0.000	( 0 )	100010111100111010101011000011011100100101000001100110000100100100011101111001100111000111000000000000000000000000000000000000000000000000000000000000000000000000000000000000000000 0 0
13098	24.486	0.000	( 0 )	100010111100111010101011000011011100100101000001100110000100100100011101110001100111000111000000000000000000000000000000000000000000000000000000000000000000000000000000000000000000 1 0
13104	24.486	0.000	( 0 )	100010111100111010101011000011011100100101000001100110000100100100011101110001100111000111000000000000000000000000000000000000000000000000000000000000000000000000000000000000000000 0 0
13075	24.486	0.000	( 0 )	100010111100111010101011000011011100100101000001100110000100100100011101110001100111000111000000000000000000000000000000000000000000000000000000000000000000000000000000000000000000 0 0
13081	24.486	0.000	( 0 )	100010111100111010101011000011011100100101000001100110000100100100011101110001100111000111000000000000000000000000000000000000000000000000000000000000000000000000000000000000000000 0 0
13085	24.486	0.000	( 0 )	100010111100111010101011000011011100100101000001100110000100100100011101110001100111000111000000000000000000000000000000000000000000000000000000000000000000000000000000000000000000 0 0
13102	24.486	0.000	( 0 )	100010111100111010101011000011011100100101000001100110000100100100011101110001100111000111000000000000000000000000000000000000000000000000000000000000000000000000000000000000000000 0 0
13089	24.486	0.000	( 0 )	100010111100111010101011000011011100100101000001100110000100100100011101110001100111000111000000000000000000000000000000000000000000000000000000000000000000000000000000000000000000 0 0
13103	24.486	0.000	( 0 )	100010111100111010101011000011011100100101000001100110000100100100011101110001100111000111000000000000000000000000000000000000000000000000000000000000000000000000000000000000000000 0 0
13086	24.486	0.000	( 0 )	100010111100111010101011000011011100100101000001100110000100100100011101110001100111000111000000000000000000000000000000000000000000000000000000000000000000000000000000000000000000 0 0
13092	24.486	0.000	( 0 )	100010111100111010101011000011011100100101000001100110000100100100011101110001100111000111000000000000000000000000000000000000000000000000000000000000000000000000000000000000000000 0 0
13047	24.486	0.000	( 0 )	100010111100111010101011000011011100100101000001100110000100100100011101110001100111000111000000000000000000000000000000000000000000000000000000000000000000000000000000000000000000 0 0
13116	28.942	0.000	( 0 )	100010111100111010101011000011010100100101100001100110000110100100011101110001100111001111000000000000000000000000000000000000000000000000000000000000000000000000000000000000000000 4 0
13140	28.942	0.000	( 0 )	100010111100111010101011000011010100100101100001100110000110100100011101110001100111001111000000000000000000000000000000000000000000000000000000000000000000000000000000000000000000 0 0
13107	28.942	0.000	( 0 )	100010111100111010101011000011010100100101100001100110000110100100011101110001100111001111000000000000000000000000000000000000000000000000000000000000000000000000000000000000000000 0 0
13108	28.942	0.000	( 0 )	100010111100111010101011000011010100100101100001100110000110100100011101110001100111001111000000000000000000000000000000000000000000000000000000000000000000000000000000000000000000 0 0
13134	30.054	0.000	( 0 )	100010111100111010101011000011010100100101100001100110000110100100011101110001100111101111000000000000000000000000000000000000000000000000000000000000000000000000000000000000000000 1 0
13141	30.054	0.000	( 0 )	100010111100111010101011000011010100100101100001100110000110100100011101110001100111101111000000000000000000000000000000000000000000000000000000000000000000000000000000000000000000 0 0
13133	30.054	0.000	( 0 )	100010111100111010101011000011010100100101100001100110000110100100011101110001100111101111000000000000000000000000000000000000000000000000000000000000000000000000000000000000000000 0 0
13139	30.054	0.000	( 0 )	100010111100111010101011000011010100100101100001100110000110100100011101110001100111101111000000000000000000000000000000000000000000000000000000000000000000000000000000000000000000 0 0
13144	30.054	0.000	( 0 )	100010111100111010101011000011010100100101100001100110000110100100011101110001100111101111000000000000000000000000000000000000000000000000000000000000000000000000000000000000000000 0 0
13207	31.165	0.000	( 0 )	100010111100111010101011000011010101100101100001100110000110100100011101110001100111101111000000000000000000000000000000000000000000000000000000000000000000000000000000000000000000 1 0
13231	31.165	0.000	( 0 )	100010111100111010101011000011010101100101100001100110000110100100011101110001100111101111000000000000000000000000000000000000000000000000000000000000000000000000000000000000000000 0 0
13214	31.165	0.000	( 0 )	100010111100111010101011000011010101100101100001100110000110100100011101110001100111101111000000000000000000000000000000000000000000000000000000000000000000000000000000000000000000 0 0
13174	31.165	0.000	( 0 )	100010111100111010101011000011010101100101100001100110000110100100011101110001100111101111000000000000000000000000000000000000000000000000000000000000000000000000000000000000000000 0 0
13208	31.165	0.000	( 0 )	100010111100111010101011000011010101100101100001100110000110100100011101110001100111101111000000000000000000000000000000000000000000000000000000000000000000000000000000000000000000 0 0
13227	31.165	0.000	( 0 )	100010111100111010101011000011010101100101100001100110000110100100011101110001100111101111000000000000000000000000000000000000000000000000000000000000000000000000000000000000000000 0 0
13224	31.165	0.000	( 0 )	100010111100111010101011000011010101100101100001100110000110100100011101110001100111101111000000000000000000000000000000000000000000000000000000000000000000000000000000000000000000 0 0
13215	31.165	0.000	( 0 )	100010111100111010101011000011010101100101100001100110000110100100011101110001100111101111000000000000000000000000000000000000000000000000000000000000000000000000000000000000000000 0 0
13168	31.165	0.000	( 0 )	100010111100111010101011000011010101100101100001100110000110100100011101110001100111101111000000000000000000000000000000000000000000000000000000000000000000000000000000000000000000 0 0
13218	31.165	0.000	( 0 )	100010111100111010101011000011010101100101100001100110000110100100011101110001100111101111000000000000000000000000000000000000000000000000000000000000000000000000000000000000000000 0 0
13219	31.165	0.000	( 0 )	100010111100111010101011000011010101100101100001100110000110100100011101110001100111101111000000000000000000000000000000000000000000000000000000000000000000000000000000000000000000 0 0
13210	31.165	0.000	( 0 )	100010111100111010101011000011010101100101100001100110000110100100011101110001100111101111000000000000000000000000000000000000000000000000000000000000000000000000000000000000000000 0 0
13213	31.165	0.000	( 0 )	100010111100111010101011000011010101100101100001100110000110100100011101110001100111101111000000000000000000000000000000000000000000000000000000000000000000000000000000000000000000 0 0
13228	31.165	0.000	( 0 )	100010111100111010101011000011010101100101100001100110000110100100011101110001100111101111000000000000000000000000000000000000000000000000000000000000000000000000000000000000000000 0 0
13175	31.165	0.000	( 0 )	100010111100111010101011000011010101100101100001100110000110100100011101110001100111101111000000000000000000000000000000000000000000000000000000000000000000000000000000000000000000 0 0
13229	31.165	0.000	( 0 )	100010111100111010101011000011010101100101100001100110000110100100011101110001100111101111000000000000000000000000000000000000000000000000000000000000000000000000000000000000000000 0 0
13225	31.165	0.000	( 0 )	100010111100111010101011000011010101100101100001100110000110100100011101110001100111101111000000000000000000000000000000000000000000000000000000000000000000000000000000000000000000 0 0
13206	31.165	0.000	( 0 )	100010111100111010101011000011010101100101100001100110000110100100011101110001100111101111000000000000000000000000000000000000000000000000000000000000000000000000000000000000000000 0 0
13171	31.165	0.000	( 0 )	100010111100111010101011000011010101100101100001100110000110100100011101110001100111101111000000000000000000000000000000000000000000000000000000000000000000000000000000000000000000 0 0
13287	33.388	0.000	( 0 )	100010111100111010101011000011010101100101100001100110010110100110011101110001100111101111000000000000000000000000000000000000000000000000000000000000000000000000000000000000000000 2 0
13289	33.388	0.000	( 0 )	100010111100111010101011000011010101100101100001100110010110100110011101110001100111101111000000000000000000000000000000000000000000000000000000000000000000000000000000000000000000 0 0
13293	33.388	0.000	( 0 )	100010111100111010101011000011010101100101100001100110010110100110011101110001100111101111000000000000000000000000000000000000000000000000000000000000000000000000000000000000000000 0 0
13288	33.388	0.000	( 0 )	100010111100111010101011000011010101100101100001100110010110100110011101110001100111101111000000000000000000000000000000000000000000000000000000000000000000000000000000000000000000 0 0
13286	33.388	0.000	( 0 )	100010111100111010101011000011010101100101100001100110010110100110011101110001100111101111000000000000000000000000000000000000000000000000000000000000000000000000000000000000000000 0 0
13285	33.388	0.000	( 0 )	100010111100111010101011000011010101100101100001100110010110100110011101110001100111101111000000000000000000000000000000000000000000000000000000000000000000000000000000000000000000 0 0
13295	33.388	0.000	( 0 )	100010111100111010101011000011010101100101100001100110010110100110011101110001100111101111000000000000000000000000000000000000000000000000000000000000000000000000000000000000000000 0 0
13290	33.388	0.000	( 0 )	100010111100111010101011000011010101100101100001100110010110100110011101110001100111101111000000000000000000000000000000000000000000000000000000000000000000000000000000000000000000 0 0
13367	36.727	0.000	( 0 )	100010111100111011101011000011010101100101100001100110010110100110111101110001000111101111000000000000000000000000000000000000000000000000000000000000000000000000000000000000000000 3 0
13369	36.727	0.000	( 0 )	100010111100111011101011000011010101100101100001100110010110100110111101110001000111101111000000000000000000000000000000000000000000000000000000000000000000000000000000000000000000 0 0
13366	36.727	0.000	( 0 )	100010111100111011101011000011010101100101100001100110010110100110111101110001000111101111000000000000000000000000000000000000000000000000000000000000000000000000000000000000000000 0 0
13378	38.950	0.000	( 0 )	100010111000111011101011000011010101100101110001100110010110100110111101110001000111101111000000000000000000000000000000000000000000000000000000000000000000000000000000000000000000 2 0
13400	38.950	0.000	( 0 )	100010111000111011101011000011010101100101110001100110010110100110111101110001000111101111000000000000000000000000000000000000000000000000000000000000000000000000000000000000000000 0 0
13397	38.950	0.000	( 0 )	100010111000111011101011000011010101100101110001100110010110100110111101110001000111101111000000000000000000000000000000000000000000000000000000000000000000000000000000000000000000 0 0
13383	38.950	0.000	( 0 )	100010111000111011101011000011010101100101110001100110010110100110111101110001000111101111000000000000000000000000000000000000000000000000000000000000000000000000000000000000000000 0 0
13413	40.062	0.000	( 0 )	100010111000111011101011000011010101100101110001100110010110100110111101110001000111111111000000000000000000000000000000000000000000000000000000000000000000000000000000000000000000 1 0
13415	40.062	0.000	( 0 )	100010111000111011101011000011010101100101110001100110010110100110111101110001000111111111000000000000000000000000000000000000000000000000000000000000000000000000000000000000000000 0 0
13438	40.062	0.000	( 0 )	100010111000111011101011000011010101100101110001100110010110100110111101110001000111111111000000000000000000000000000000000000000000000000000000000000000000000000000000000000000000 0 0
13417	40.062	0.000	( 0 )	100010111000111011101011000011010101100101110001100110010110100110111101110001000111111111000000000000000000000000000000000000000000000000000000000000000000000000000000000000000000 0 0
13410	40.062	0.000	( 0 )	100010111000111011101011000011010101100101110001100110010110100110111101110001000111111111000000000000000000000000000000000000000000000000000000000000000000000000000000000000000000 0 0
13533	43.400	0.000	( 0 )	110010111000111011101101000011010101100101110001100110010110100110111101110001000111111111000000000000000000000000000000000000000000000000000000000000000000000000000000000000000000 3 0
13558	43.400	0.000	( 0 )	110010111000111011101101000011010101100101110001100110010110100110111101110001000111111111000000000000000000000000000000000000000000000000000000000000000000000000000000000000000000 0 0
13448	43.400	0.000	( 0 )	110010111000111011101101000011010101100101110001100110010110100110111101110001000111111111000000000000000000000000000000000000000000000000000000000000000000000000000000000000000000 0 0
13551	43.400	0.000	( 0 )	110010111000111011101101000011010101100101110001100110010110100110111101110001000111111111000000000000000000000000000000000000000000000000000000000000000000000000000000000000000000 0 0
13557	43.400	0.000	( 0 )	110010111000111011101101000011010101100101110001100110010110100110111101110001000111111111000000000000000000000000000000000000000000000000000000000000000000000000000000000000000000 0 0
13550	43.400	0.000	( 0 )	110010111000111011101101000011010101100101110001100110010110100110111101110001000111111111000000000000000000000000000000000000000000000000000000000000000000000000000000000000000000 0 0
13537	43.400	0.000	( 0 )	110010111000111011101101000011010101100101110001100110010110100110111101110001000111111111000000000000000000000000000000000000000000000000000000000000000000000000000000000000000000 0 0
13473	43.400	0.000	( 0 )	110010111000111011101101000011010101100101110001100110010110100110111101110001000111111111000000000000000000000000000000000000000000000000000000000000000000000000000000000000000000 0 0
13472	43.400	0.000	( 0 )	110010111000111011101101000011010101100101110001100110010110100110111101110001000111111111000000000000000000000000000000000000000000000000000000000000000000000000000000000000000000 0 0
13536	43.400	0.000	( 0 )	110010111000111011101101000011010101100101110001100110010110100110111101110001000111111111000000000000000000000000000000000000000000000000000000000000000000000000000000000000000000 0 0
13475	43.400	0.000	( 0 )	110010111000111011101101000011010101100101110001100110010110100110111101110001000111111111000000000000000000000000000000000000000000000000000000000000000000000000000000000000000000 0 0
13451	43.400	0.000	( 0 )	110010111000111011101101000011010101100101110001100110010110100110111101110001000111111111000000000000000000000000000000000000000000000000000000000000000000000000000000000000000000 0 0
13482	43.400	0.000	( 0 )	110010111000111011101101000011010101100101110001100110010110100110111101110001000111111111000000000000000000000000000000000000000000000000000000000000000000000000000000000000000000 0 0
13566	43.400	0.000	( 0 )	110010111000111011101101000011010101100101110001100110010110100110111101110001000111111111000000000000000000000000000000000000000000000000000000000000000000000000000000000000000000 0 0
13524	43.400	0.000	( 0 )	110010111000111011101101000011010101100101110001100110010110100110111101110001000111111111000000000000000000000000000000000000000000000000000000000000000000000000000000000000000000 0 0
13534	43.400	0.000	( 0 )	110010111000111011101101000011010101100101110001100110010110100110111101110001000111111111000000000000000000000000000000000000000000000000000000000000000000000000000000000000000000 0 0
13556	43.400	0.000	( 0 )	110010111000111011101101000011010101100101110001100110010110100110111101110001000111111111000000000000000000000000000000000000000000000000000000000000000000000000000000000000000000 0 0
13549	43.400	0.000	( 0 )	110010111000111011101101000011010101100101110001100110010110100110111101110001000111111111000000000000000000000000000000000000000000000000000000000000000000000000000000000000000000 0 0
13474	43.400	0.000	( 0 )	110010111000111011101101000011010101100101110001100110010110100110111101110001000111111111000000000000000000000000000000000000000000000000000000000000000000000000000000000000000000 0 0
13532	43.400	0.000	( 0 )	110010111000111011101101000011010101100101110001100110010110100110111101110001000111111111000000000000000000000000000000000000000000000000000000000000000000000000000000000000000000 0 0
13483	43.400	0.000	( 0 )	110010111000111011101101000011010101100101110001100110010110100110111101110001000111111111000000000000000000000000000000000000000000000000000000000000000000000000000000000000000000 0 0
13477	43.400	0.000	( 0 )	110010111000111011101101000011010101100101110001100110010110100110111101110001000111111111000000000000000000000000000000000000000000000000000000000000000000000000000000000000000000 0 0
13562	43.400	0.000	( 0 )	110010111000111011101101000011010101100101110001100110010110100110111101110001000111111111000000000000000000000000000000000000000000000000000000000000000000000000000000000000000000 0 0
13548	43.400	0.000	( 0 )	110010111000111011101101000011010101100101110001100110010110100110111101110001000111111111000000000000000000000000000000000000000000000000000000000000000000000000000000000000000000 0 0
13554	43.400	0.000	( 0 )	110010111000111011101101000011010101100101110001100110010110100110111101110001000111111111000000000000000000000000000000000000000000000000000000000000000000000000000000000000000000 0 0
13547	43.400	0.000	( 0 )	110010111000111011101101000011010101100101110001100110010110100110111101110001000111111111000000000000000000000000000000000000000000000000000000000000000000000000000000000000000000 0 0
13559	43.400	0.000	( 0 )	110010111000111011101101000011010101100101110001100110010110100110111101110001000111111111000000000000000000000000000000000000000000000000000000000000000000000000000000000000000000 0 0
13476	43.400	0.000	( 0 )	110010111000111011101101000011010101100101110001100110010110100110111101110001000111111111000000000000000000000000000000000000000000000000000000000000000000000000000000000000000000 0 0
13574	44.511	0.000	( 0 )	110010111000111011101101000011010101100101110001100110010110100110111101110001001111111111000000000000000000000000000000000000000000000000000000000000000000000000000000000000000000 1 0
13573	44.511	0.000	( 0 )	110010111000111011101101000011010101100101110001100110010110100110111101110001001111111111000000000000000000000000000000000000000000000000000000000000000000000000000000000000000000 0 0
13571	44.511	0.000	( 0 )	110010111000111011101101000011010101100101110001100110010110100110111101110001001111111111000000000000000000000000000000000000000000000000000000000000000000000000000000000000000000 0 0
13629	45.623	0.000	( 0 )	110010111000111011101101000011010101100101110001100110010110100110111101110001001111111110000000000000000000000000000000000000000000000000000000000000000000000000000000000000000000 1 0
13636	45.623	0.000	( 0 )	110010111000111011101101000011010101100101110001100110010110100110111101110001001111111110000000000000000000000000000000000000000000000000000000000000000000000000000000000000000000 0 0
13645	45.623	0.000	( 0 )	110010111000111011101101000011010101100101110001100110010110100110111101110001001111111110000000000000000000000000000000000000000000000000000000000000000000000000000000000000000000 0 0
13644	45.623	0.000	( 0 )	110010111000111011101101000011010101100101110001100110010110100110111101110001001111111110000000000000000000000000000000000000000000000000000000000000000000000000000000000000000000 0 0
13625	45.623	0.000	( 0 )	110010111000111011101101000011010101100101110001100110010110100110111101110001001111111110000000000000000000000000000000000000000000000000000000000000000000000000000000000000000000 0 0
13643	45.623	0.000	( 0 )	110010111000111011101101000011010101100101110001100110010110100110111101110001001111111110000000000000000000000000000000000000000000000000000000000000000000000000000000000000000000 0 0
13611	45.623	0.000	( 0 )	110010111000111011101101000011010101100101110001100110010110100110111101110001001111111110000000000000000000000000000000000000000000000000000000000000000000000000000000000000000000 0 0
13637	45.623	0.000	( 0 )	110010111000111011101101000011010101100101110001100110010110100110111101110001001111111110000000000000000000000000000000000000000000000000000000000000000000000000000000000000000000 0 0
13626	45.623	0.000	( 0 )	110010111000111011101101000011010101100101110001100110010110100110111101110001001111111110000000000000000000000000000000000000000000000000000000000000000000000000000000000000000000 0 0
13635	45.623	0.000	( 0 )	110010111000111011101101000011010101100101110001100110010110100110111101110001001111111110000000000000000000000000000000000000000000000000000000000000000000000000000000000000000000 0 0
13633	45.623	0.000	( 0 )	110010111000111011101101000011010101100101110001100110010110100110111101110001001111111110000000000000000000000000000000000000000000000000000000000000000000000000000000000000000000 0 0
13649	46.734	0.000	( 0 )	110010111000111011101101000011010101100001110001100110010110100110111101110001001111111110000000000000000000000000000000000000000000000000000000000000000000000000000000000000000000 1 0
13694	50.072	0.000	( 0 )	110010111000111011101100000011010101100001110011100110110110100110111101110001001111111110000000000000000000000000000000000000000000000000000000000000000000000000000000000000000000 3 0
13697	50.072	0.000	( 0 )	110010111000111011101100000011010101100001110011100110110110100110111101110001001111111110000000000000000000000000000000000000000000000000000000000000000000000000000000000000000000 0 0
13691	50.072	0.000	( 0 )	110010111000111011101100000011010101100001110011100110110110100110111101110001001111111110000000000000000000000000000000000000000000000000000000000000000000000000000000000000000000 0 0
13702	50.072	0.000	( 0 )	110010111000111011101100000011010101100001110011100110110110100110111101110001001111111110000000000000000000000000000000000000000000000000000000000000000000000000000000000000000000 0 0
13699	50.072	0.000	( 0 )	110010111000111011101100000011010101100001110011100110110110100110111101110001001111111110000000000000000000000000000000000000000000000000000000000000000000000000000000000000000000 0 0
13688	50.072	0.000	( 0 )	110010111000111011101100000011010101100001110011100110110110100110111101110001001111111110000000000000000000000000000000000000000000000000000000000000000000000000000000000000000000 0 0
13703	50.072	0.000	( 0 )	110010111000111011101100000011010101100001110011100110110110100110111101110001001111111110000000000000000000000000000000000000000000000000000000000000000000000000000000000000000000 0 0
13689	50.072	0.000	( 0 )	110010111000111011101100000011010101100001110011100110110110100110111101110001001111111110000000000000000000000000000000000000000000000000000000000000000000000000000000000000000000 0 0
13690	50.072	0.000	( 0 )	110010111000111011101100000011010101100001110011100110110110100110111101110001001111111110000000000000000000000000000000000000000000000000000000000000000000000000000000000000000000 0 0
13701	50.072	0.000	( 0 )	110010111000111011101100000011010101100001110011100110110110100110111101110001001111111110000000000000000000000000000000000000000000000000000000000000000000000000000000000000000000 0 0
13700	50.072	0.000	( 0 )	110010111000111011101100000011010101100001110011100110110110100110111101110001001111111110000000000000000000000000000000000000000000000000000000000000000000000000000000000000000000 0 0
13695	50.072	0.000	( 0 )	110010111000111011101100000011010101100001110011100110110110100110111101110001001111111110000000000000000000000000000000000000000000000000000000000000000000000000000000000000000000 0 0
13693	50.072	0.000	( 0 )	110010111000111011101100000011010101100001110011100110110110100110111101110001001111111110000000000000000000000000000000000000000000000000000000000000000000000000000000000000000000 0 0
13692	50.072	0.000	( 0 )	110010111000111011101100000011010101100001110011100110110110100110111101110001001111111110000000000000000000000000000000000000000000000000000000000000000000000000000000000000000000 0 0
13698	50.072	0.000	( 0 )	110010111000111011101100000011010101100001110011100110110110100110111101110001001111111110000000000000000000000000000000000000000000000000000000000000000000000000000000000000000000 0 0
13758	54.528	0.000	( 0 )	110010111000111011101100000011010101100000110111100110111110100110111101110001001011111110000000000000000000000000000000000000000000000000000000000000000000000000000000000000000000 4 0
13784	54.528	0.000	( 0 )	110010111000111011101100000011010101100000110111100110111110100110111101110001001011111110000000000000000000000000000000000000000000000000000000000000000000000000000000000000000000 0 0
13769	54.528	0.000	( 0 )	110010111000111011101100000011010101100000110111100110111110100110111101110001001011111110000000000000000000000000000000000000000000000000000000000000000000000000000000000000000000 0 0
13768	54.528	0.000	( 0 )	110010111000111011101100000011010101100000110111100110111110100110111101110001001011111110000000000000000000000000000000000000000000000000000000000000000000000000000000000000000000 0 0
13782	54.528	0.000	( 0 )	110010111000111011101100000011010101100000110111100110111110100110111101110001001011111110000000000000000000000000000000000000000000000000000000000000000000000000000000000000000000 0 0
13762	54.528	0.000	( 0 )	110010111000111011101100000011010101100000110111100110111110100110111101110001001011111110000000000000000000000000000000000000000000000000000000000000000000000000000000000000000000 0 0
13764	54.528	0.000	( 0 )	110010111000111011101100000011010101100000110111100110111110100110111101110001001011111110000000000000000000000000000000000000000000000000000000000000000000000000000000000000000000 0 0
13774	55.640	0.000	( 0 )	110010111000111011101100000011010101100000110111100110111110100110111101110001001010111110000000000000000000000000000000000000000000000000000000000000000000000000000000000000000000 1 0
13772	55.640	0.000	( 0 )	110010111000111011101100000011010101100000110111100110111110100110111101110001001010111110000000000000000000000000000000000000000000000000000000000000000000000000000000000000000000 0 0
13773	55.640	0.000	( 0 )	110010111000111011101100000011010101100000110111100110111110100110111101110001001010111110000000000000000000000000000000000000000000000000000000000000000000000000000000000000000000 0 0
13824	58.978	0.000	( 0 )	110010111001111011101100000011010101100000110111100110111110100110110101110001101010111110000000000000000000000000000000000000000000000000000000000000000000000000000000000000000000 3 0
13985	60.089	0.000	( 0 )	110010111001111011101100000011010101100000110111100110111110100110110101110101101010111110000000000000000000000000000000000000000000000000000000000000000000000000000000000000000000 1 0
13904	60.089	0.000	( 0 )	110010111001111011101100000011010101100000110111100110111110100110110101110101101010111110000000000000000000000000000000000000000000000000000000000000000000000000000000000000000000 0 0
13943	60.089	0.000	( 0 )	110010111001111011101100000011010101100000110111100110111110100110110101110101101010111110000000000000000000000000000000000000000000000000000000000000000000000000000000000000000000 0 0
13940	60.089	0.000	( 0 )	110010111001111011101100000011010101100000110111100110111110100110110101110101101010111110000000000000000000000000000000000000000000000000000000000000000000000000000000000000000000 0 0
13913	60.089	0.000	( 0 )	110010111001111011101100000011010101100000110111100110111110100110110101110101101010111110000000000000000000000000000000000000000000000000000000000000000000000000000000000000000000 0 0
13941	60.089	0.000	( 0 )	110010111001111011101100000011010101100000110111100110111110100110110101110101101010111110000000000000000000000000000000000000000000000000000000000000000000000000000000000000000000 0 0
13906	60.089	0.000	( 0 )	110010111001111011101100000011010101100000110111100110111110100110110101110101101010111110000000000000000000000000000000000000000000000000000000000000000000000000000000000000000000 0 0
13907	60.089	0.000	( 0 )	110010111001111011101100000011010101100000110111100110111110100110110101110101101010111110000000000000000000000000000000000000000000000000000000000000000000000000000000000000000000 0 0
13914	60.089	0.000	( 0 )	110010111001111011101100000011010101100000110111100110111110100110110101110101101010111110000000000000000000000000000000000000000000000000000000000000000000000000000000000000000000 0 0
14028	62.313	0.000	( 0 )	110010111001111011101100010011010101100000110111100100111110100110110101110101101010111110000000000000000000000000000000000000000000000000000000000000000000000000000000000000000000 2 0
14050	62.313	0.000	( 0 )	110010111001111011101100010011010101100000110111100100111110100110110101110101101010111110000000000000000000000000000000000000000000000000000000000000000000000000000000000000000000 0 0
14051	62.313	0.000	( 0 )	110010111001111011101100010011010101100000110111100100111110100110110101110101101010111110000000000000000000000000000000000000000000000000000000000000000000000000000000000000000000 0 0
14049	62.313	0.000	( 0 )	110010111001111011101100010011010101100000110111100100111110100110110101110101101010111110000000000000000000000000000000000000000000000000000000000000000000000000000000000000000000 0 0
14033	62.313	0.000	( 0 )	110010111001111011101100010011010101100000110111100100111110100110110101110101101010111110000000000000000000000000000000000000000000000000000000000000000000000000000000000000000000 0 0
14029	62.313	0.000	( 0 )	110010111001111011101100010011010101100000110111100100111110100110110101110101101010111110000000000000000000000000000000000000000000000000000000000000000000000000000000000000000000 0 0
14032	62.313	0.000	( 0 )	110010111001111011101100010011010101100000110111100100111110100110110101110101101010111110000000000000000000000000000000000000000000000000000000000000000000000000000000000000000000 0 0
14031	62.313	0.000	( 0 )	110010111001111011101100010011010101100000110111100100111110100110110101110101101010111110000000000000000000000000000000000000000000000000000000000000000000000000000000000000000000 0 0
14030	62.313	0.000	( 0 )	110010111001111011101100010011010101100000110111100100111110100110110101110101101010111110000000000000000000000000000000000000000000000000000000000000000000000000000000000000000000 0 0
14034	62.313	0.000	( 0 )	110010111001111011101100010011010101100000110111100100111110100110110101110101101010111110000000000000000000000000000000000000000000000000000000000000000000000000000000000000000000 0 0
14048	62.313	0.000	( 0 )	110010111001111011101100010011010101100000110111100100111110100110110101110101101010111110000000000000000000000000000000000000000000000000000000000000000000000000000000000000000000 0 0
14046	63.424	0.000	( 0 )	110010111001111011101100010011010111100000110111100100111110100110110101110101101010111110000000000000000000000000000000000000000000000000000000000000000000000000000000000000000000 1 0
14047	63.424	0.000	( 0 )	110010111001111011101100010011010111100000110111100100111110100110110101110101101010111110000000000000000000000000000000000000000000000000000000000000000000000000000000000000000000 0 0
