#java OrderMarkers2 data=- evaluateOrder=reordermarkers/iterations/ordered.29.1 useKosambi=1 numThreads=4 calculateIntervals=intervals/ordered.29.intervals randSeed=5322798421254504669
Loading file
No grandparents present in family V
Number of individuals = 92
Number of families = 1
File loaded with 31656 SNPs
Number of individuals = 92 excluding grandparents
Number of families = 1
Number of markers = 9
Setting dataScale to 1.0 all likelihoods will be multiplied by 1.0
Initial score = -33.85615305649078
Iteration 1 of 6
221 done
Polishing map...
score = -33.85615305649078
score = -33.85615305649078
score = -33.85615305649078
score = -33.85615305649078
Iteration 2 of 6
221 done
Polishing map...
score = -33.85615305649078
score = -33.85615305649078
score = -33.85615305649078
score = -33.85615305649078
Iteration 3 of 6
221 done
Polishing map...
score = -33.85615305649078
score = -33.85615305649078
score = -33.85615305649078
score = -33.85615305649078
Iteration 4 of 6
221 done
Polishing map...
score = -33.85615305649078
score = -33.85615305649078
score = -33.85615305649078
score = -33.85615305649078
Iteration 5 of 6
221 done
Polishing map...
score = -33.85615305649078
score = -33.85615305649078
score = -33.85615305649078
score = -33.85615305649078
Iteration 6 of 6
221 done
Polishing map...
score = -33.85615305649078
score = -33.85615305649078
score = -33.85615305649078
score = -33.85615305649078
Final score = -33.85615305649078
Setting dataScale to 1.0 all likelihoods will be multiplied by 1.0
logL = -33.85615305649078
number of recombinations = 5.0 logL = -33.85615305649078
Individual	V	P14459_101_S1	recombines	1	times
Individual	V	P14459_105_S5	recombines	1	times
Individual	V	P14459_116_S16	recombines	1	times
Individual	V	P14459_163_S63	recombines	1	times
Individual	V	P14459_192_S92	recombines	1	times
#*** LG = 0 likelihood = -33.8562
#marker_number	male_position	female_position	( 0.0 )[	phased data]
30204	0.000	0.000	( 0 )	011100110110001011000010001111100011101011101101100011101000000110100111001010010000011110000000000000000000000000000000000000000000000000000000000000000000000000000000000000000000 0 0
30204	0.000	0.000	( 0 )	011100110110001011000010001111100011101011101101100011101000000110100111001010010000011110000000000000000000000000000000000000000000000000000000000000000000000000000000000000000000 0 0
30205	0.000	0.000	( 0 )	011100110110001011000010001111100011101011101101100011101000000110100111001010010000011110000000000000000000000000000000000000000000000000000000000000000000000000000000000000000000 0 0
30208	0.000	0.000	( 0 )	011100110110001011000010001111100011101011101101100011101000000110100111001010010000011110000000000000000000000000000000000000000000000000000000000000000000000000000000000000000000 0 0
30191	4.456	0.000	( 0 )	111000110110001011000010001111100011101011101101100011101001000110100111001010010000010110000000000000000000000000000000000000000000000000000000000000000000000000000000000000000000 4 0
30193	4.456	0.000	( 0 )	111000110110001011000010001111100011101011101101100011101001000110100111001010010000010110000000000000000000000000000000000000000000000000000000000000000000000000000000000000000000 0 0
30197	4.456	0.000	( 0 )	111000110110001011000010001111100011101011101101100011101001000110100111001010010000010110000000000000000000000000000000000000000000000000000000000000000000000000000000000000000000 0 0
30196	4.456	0.000	( 0 )	111000110110001011000010001111100011101011101101100011101001000110100111001010010000010110000000000000000000000000000000000000000000000000000000000000000000000000000000000000000000 0 0
30137	5.567	0.000	( 0 )	111000110110000011000010001111100011101011101101100011101001000110100111001010010000010110000000000000000000000000000000000000000000000000000000000000000000000000000000000000000000 1 0
