#java OrderMarkers2 data=- evaluateOrder=reordermarkers/iterations/ordered.22.1 useKosambi=1 numThreads=4 calculateIntervals=intervals/ordered.22.intervals randSeed=-2111705299772958797
Loading file
No grandparents present in family V
Number of individuals = 92
Number of families = 1
File loaded with 31656 SNPs
Number of individuals = 92 excluding grandparents
Number of families = 1
Number of markers = 87
Setting dataScale to 1.0 all likelihoods will be multiplied by 1.0
Initial score = -832.2849546400746
Iteration 1 of 6
884884288488421 done
Polishing map...
score = -846.1004651980389
score = -846.1004651980389
score = -846.1004651980389
score = -846.1004651980389
Iteration 2 of 6
884884288488421 done
Polishing map...
score = -878.4915961250581
score = -878.1733251539906
score = -868.1861832598141
score = -839.8862217860211
Iteration 3 of 6
884884288488421 done
Polishing map...
score = -884.6435564993801
score = -878.4915961250581
score = -862.6203598938798
score = -862.6203598938798
Iteration 4 of 6
884884288488421 done
Polishing map...
score = -862.6203598938798
score = -862.6203598938798
score = -862.6203598938798
score = -850.1916346512651
Iteration 5 of 6
884884288488421 done
Polishing map...
score = -872.2148312567654
score = -855.019944855935
score = -836.3761240933007
score = -836.3761240933007
Iteration 6 of 6
884884288488421 done
Polishing map...
score = -878.4915961250581
score = -867.4486700985498
score = -848.8048493359155
score = -836.3761240933007
Final score = -832.2849546400746
Setting dataScale to 1.0 all likelihoods will be multiplied by 1.0
logL = -832.2849546400746
number of recombinations = 75.0 logL = -832.2849546400746
Individual	V	P14459_101_S1	recombines	2	times
Individual	V	P14459_103_S3	recombines	1	times
Individual	V	P14459_105_S5	recombines	1	times
Individual	V	P14459_106_S6	recombines	1	times
Individual	V	P14459_107_S7	recombines	2	times
Individual	V	P14459_109_S9	recombines	1	times
Individual	V	P14459_110_S10	recombines	1	times
Individual	V	P14459_112_S12	recombines	2	times
Individual	V	P14459_116_S16	recombines	1	times
Individual	V	P14459_117_S17	recombines	1	times
Individual	V	P14459_118_S18	recombines	1	times
Individual	V	P14459_119_S19	recombines	1	times
Individual	V	P14459_121_S21	recombines	1	times
Individual	V	P14459_123_S23	recombines	2	times
Individual	V	P14459_125_S25	recombines	1	times
Individual	V	P14459_126_S26	recombines	1	times
Individual	V	P14459_128_S28	recombines	2	times
Individual	V	P14459_129_S29	recombines	1	times
Individual	V	P14459_130_S30	recombines	1	times
Individual	V	P14459_131_S31	recombines	1	times
Individual	V	P14459_132_S32	recombines	3	times
Individual	V	P14459_134_S34	recombines	1	times
Individual	V	P14459_136_S36	recombines	1	times
Individual	V	P14459_138_S38	recombines	1	times
Individual	V	P14459_139_S39	recombines	1	times
Individual	V	P14459_140_S40	recombines	2	times
Individual	V	P14459_141_S41	recombines	1	times
Individual	V	P14459_144_S44	recombines	1	times
Individual	V	P14459_146_S46	recombines	1	times
Individual	V	P14459_148_S48	recombines	1	times
Individual	V	P14459_150_S50	recombines	2	times
Individual	V	P14459_152_S52	recombines	1	times
Individual	V	P14459_154_S54	recombines	1	times
Individual	V	P14459_155_S55	recombines	1	times
Individual	V	P14459_156_S56	recombines	1	times
Individual	V	P14459_158_S58	recombines	2	times
Individual	V	P14459_159_S59	recombines	1	times
Individual	V	P14459_160_S60	recombines	1	times
Individual	V	P14459_161_S61	recombines	2	times
Individual	V	P14459_162_S62	recombines	1	times
Individual	V	P14459_163_S63	recombines	1	times
Individual	V	P14459_164_S64	recombines	1	times
Individual	V	P14459_166_S66	recombines	1	times
Individual	V	P14459_171_S71	recombines	2	times
Individual	V	P14459_172_S72	recombines	1	times
Individual	V	P14459_173_S73	recombines	1	times
Individual	V	P14459_174_S74	recombines	2	times
Individual	V	P14459_176_S76	recombines	2	times
Individual	V	P14459_178_S78	recombines	2	times
Individual	V	P14459_179_S79	recombines	1	times
Individual	V	P14459_180_S80	recombines	1	times
Individual	V	P14459_181_S81	recombines	1	times
Individual	V	P14459_182_S82	recombines	1	times
Individual	V	P14459_185_S85	recombines	1	times
Individual	V	P14459_186_S86	recombines	1	times
Individual	V	P14459_187_S87	recombines	1	times
Individual	V	P14459_189_S89	recombines	2	times
Individual	V	P14459_190_S90	recombines	1	times
Individual	V	P14459_192_S92	recombines	1	times
#*** LG = 0 likelihood = -832.285
#marker_number	male_position	female_position	( 0.0 )[	phased data]
25437	0.000	0.000	( 0 )	110111011000000100111000101111010100000010000000000010100101110010011001000001100001011100000000000000000000000000000000000000000000000000000000000000000000000000000000000000000000 0 0
25437	0.000	0.000	( 0 )	110111011000000100111000101111010100000010000000000010100101110010011001000001100001011100000000000000000000000000000000000000000000000000000000000000000000000000000000000000000000 0 0
25438	0.000	0.000	( 0 )	110111011000000100111000101111010100000010000000000010100101110010011001000001100001011100000000000000000000000000000000000000000000000000000000000000000000000000000000000000000000 0 0
25436	0.000	0.000	( 0 )	110111011000000100111000101111010100000010000000000010100101110010011001000001100001011100000000000000000000000000000000000000000000000000000000000000000000000000000000000000000000 0 0
25435	0.000	0.000	( 0 )	110111011000000100111000101111010100000010000000000010100101110010011001000001100001011100000000000000000000000000000000000000000000000000000000000000000000000000000000000000000000 0 0
25439	0.000	0.000	( 0 )	110111011000000100111000101111010100000010000000000010100101110010011001000001100001011100000000000000000000000000000000000000000000000000000000000000000000000000000000000000000000 0 0
25430	0.000	0.000	( 0 )	110111011000000100111000101111010100000010000000000010100101110010011001000001100001011100000000000000000000000000000000000000000000000000000000000000000000000000000000000000000000 0 0
25462	1.111	0.000	( 0 )	110111011000000100111100101111010100000010000000000010100101110010011001000001100001011100000000000000000000000000000000000000000000000000000000000000000000000000000000000000000000 1 0
25466	1.111	0.000	( 0 )	110111011000000100111100101111010100000010000000000010100101110010011001000001100001011100000000000000000000000000000000000000000000000000000000000000000000000000000000000000000000 0 0
25448	1.111	0.000	( 0 )	110111011000000100111100101111010100000010000000000010100101110010011001000001100001011100000000000000000000000000000000000000000000000000000000000000000000000000000000000000000000 0 0
25456	1.111	0.000	( 0 )	110111011000000100111100101111010100000010000000000010100101110010011001000001100001011100000000000000000000000000000000000000000000000000000000000000000000000000000000000000000000 0 0
25447	1.111	0.000	( 0 )	110111011000000100111100101111010100000010000000000010100101110010011001000001100001011100000000000000000000000000000000000000000000000000000000000000000000000000000000000000000000 0 0
25453	1.111	0.000	( 0 )	110111011000000100111100101111010100000010000000000010100101110010011001000001100001011100000000000000000000000000000000000000000000000000000000000000000000000000000000000000000000 0 0
25461	1.111	0.000	( 0 )	110111011000000100111100101111010100000010000000000010100101110010011001000001100001011100000000000000000000000000000000000000000000000000000000000000000000000000000000000000000000 0 0
25446	1.111	0.000	( 0 )	110111011000000100111100101111010100000010000000000010100101110010011001000001100001011100000000000000000000000000000000000000000000000000000000000000000000000000000000000000000000 0 0
25464	1.111	0.000	( 0 )	110111011000000100111100101111010100000010000000000010100101110010011001000001100001011100000000000000000000000000000000000000000000000000000000000000000000000000000000000000000000 0 0
25525	11.248	0.000	( 0 )	110111011000000100111101101100110100000000000000000110100001110010011001000001110001010100000000000000000000000000000000000000000000000000000000000000000000000000000000000000000000 9 0
25522	11.248	0.000	( 0 )	110111011000000100111101101100110100000000000000000110100001110010011001000001110001010100000000000000000000000000000000000000000000000000000000000000000000000000000000000000000000 0 0
25523	11.248	0.000	( 0 )	110111011000000100111101101100110100000000000000000110100001110010011001000001110001010100000000000000000000000000000000000000000000000000000000000000000000000000000000000000000000 0 0
25577	13.472	0.000	( 0 )	110111011000000100111101101100110100000000000000000110100011110010011001010001110001010100000000000000000000000000000000000000000000000000000000000000000000000000000000000000000000 2 0
25561	13.472	0.000	( 0 )	110111011000000100111101101100110100000000000000000110100011110010011001010001110001010100000000000000000000000000000000000000000000000000000000000000000000000000000000000000000000 0 0
25564	13.472	0.000	( 0 )	110111011000000100111101101100110100000000000000000110100011110010011001010001110001010100000000000000000000000000000000000000000000000000000000000000000000000000000000000000000000 0 0
25558	13.472	0.000	( 0 )	110111011000000100111101101100110100000000000000000110100011110010011001010001110001010100000000000000000000000000000000000000000000000000000000000000000000000000000000000000000000 0 0
25562	13.472	0.000	( 0 )	110111011000000100111101101100110100000000000000000110100011110010011001010001110001010100000000000000000000000000000000000000000000000000000000000000000000000000000000000000000000 0 0
25559	13.472	0.000	( 0 )	110111011000000100111101101100110100000000000000000110100011110010011001010001110001010100000000000000000000000000000000000000000000000000000000000000000000000000000000000000000000 0 0
25563	13.472	0.000	( 0 )	110111011000000100111101101100110100000000000000000110100011110010011001010001110001010100000000000000000000000000000000000000000000000000000000000000000000000000000000000000000000 0 0
25565	13.472	0.000	( 0 )	110111011000000100111101101100110100000000000000000110100011110010011001010001110001010100000000000000000000000000000000000000000000000000000000000000000000000000000000000000000000 0 0
25576	13.472	0.000	( 0 )	110111011000000100111101101100110100000000000000000110100011110010011001010001110001010100000000000000000000000000000000000000000000000000000000000000000000000000000000000000000000 0 0
25560	13.472	0.000	( 0 )	110111011000000100111101101100110100000000000000000110100011110010011001010001110001010100000000000000000000000000000000000000000000000000000000000000000000000000000000000000000000 0 0
25595	16.810	0.000	( 0 )	110101011000000100111101101100010100000000000000100110100011110010011001010001110001010100000000000000000000000000000000000000000000000000000000000000000000000000000000000000000000 3 0
25609	16.810	0.000	( 0 )	110101011000000100111101101100010100000000000000100110100011110010011001010001110001010100000000000000000000000000000000000000000000000000000000000000000000000000000000000000000000 0 0
25610	16.810	0.000	( 0 )	110101011000000100111101101100010100000000000000100110100011110010011001010001110001010100000000000000000000000000000000000000000000000000000000000000000000000000000000000000000000 0 0
25612	16.810	0.000	( 0 )	110101011000000100111101101100010100000000000000100110100011110010011001010001110001010100000000000000000000000000000000000000000000000000000000000000000000000000000000000000000000 0 0
25619	17.921	0.000	( 0 )	110101011000000100101101101100010100000000000000100110100011110010011001010001110001010100000000000000000000000000000000000000000000000000000000000000000000000000000000000000000000 1 0
25618	17.921	0.000	( 0 )	110101011000000100101101101100010100000000000000100110100011110010011001010001110001010100000000000000000000000000000000000000000000000000000000000000000000000000000000000000000000 0 0
25668	19.032	0.000	( 0 )	110101011000000100101101101100010100000000000000100110100011110010011101010001110001010100000000000000000000000000000000000000000000000000000000000000000000000000000000000000000000 1 0
25632	19.032	0.000	( 0 )	110101011000000100101101101100010100000000000000100110100011110010011101010001110001010100000000000000000000000000000000000000000000000000000000000000000000000000000000000000000000 0 0
25638	19.032	0.000	( 0 )	110101011000000100101101101100010100000000000000100110100011110010011101010001110001010100000000000000000000000000000000000000000000000000000000000000000000000000000000000000000000 0 0
25708	21.256	0.000	( 0 )	110101011010001100101101101100010100000000000000100110100011110010011101010001110001010100000000000000000000000000000000000000000000000000000000000000000000000000000000000000000000 2 0
25702	21.256	0.000	( 0 )	110101011010001100101101101100010100000000000000100110100011110010011101010001110001010100000000000000000000000000000000000000000000000000000000000000000000000000000000000000000000 0 0
25705	21.256	0.000	( 0 )	110101011010001100101101101100010100000000000000100110100011110010011101010001110001010100000000000000000000000000000000000000000000000000000000000000000000000000000000000000000000 0 0
25706	21.256	0.000	( 0 )	110101011010001100101101101100010100000000000000100110100011110010011101010001110001010100000000000000000000000000000000000000000000000000000000000000000000000000000000000000000000 0 0
25707	21.256	0.000	( 0 )	110101011010001100101101101100010100000000000000100110100011110010011101010001110001010100000000000000000000000000000000000000000000000000000000000000000000000000000000000000000000 0 0
25703	22.367	0.000	( 0 )	110101011000001100101101101100010100000000000000100110100011110010011101010001110001010100000000000000000000000000000000000000000000000000000000000000000000000000000000000000000000 1 0
25732	23.479	0.000	( 0 )	110101011000001100101101101100010100000000000000100110100011110010111101010001110001010100000000000000000000000000000000000000000000000000000000000000000000000000000000000000000000 1 0
25728	23.479	0.000	( 0 )	110101011000001100101101101100010100000000000000100110100011110010111101010001110001010100000000000000000000000000000000000000000000000000000000000000000000000000000000000000000000 0 0
25762	32.463	0.000	( 0 )	110101011000001111101101001100010100000000000010101110000011110010111101010101110101010100000000000000000000000000000000000000000000000000000000000000000000000000000000000000000000 8 0
25775	33.574	0.000	( 0 )	110101011000001111101101001100010100010000000010101110000011110010111101010101110101010100000000000000000000000000000000000000000000000000000000000000000000000000000000000000000000 1 0
25776	33.574	0.000	( 0 )	110101011000001111101101001100010100010000000010101110000011110010111101010101110101010100000000000000000000000000000000000000000000000000000000000000000000000000000000000000000000 0 0
25777	33.574	0.000	( 0 )	110101011000001111101101001100010100010000000010101110000011110010111101010101110101010100000000000000000000000000000000000000000000000000000000000000000000000000000000000000000000 0 0
25810	35.798	0.000	( 0 )	110101011000001111101101001100010100010000000010101110000011110010111101110101111101010100000000000000000000000000000000000000000000000000000000000000000000000000000000000000000000 2 0
25841	35.798	0.000	( 0 )	110101011000001111101101001100010100010000000010101110000011110010111101110101111101010100000000000000000000000000000000000000000000000000000000000000000000000000000000000000000000 0 0
25807	35.798	0.000	( 0 )	110101011000001111101101001100010100010000000010101110000011110010111101110101111101010100000000000000000000000000000000000000000000000000000000000000000000000000000000000000000000 0 0
25858	35.798	0.000	( 0 )	110101011000001111101101001100010100010000000010101110000011110010111101110101111101010100000000000000000000000000000000000000000000000000000000000000000000000000000000000000000000 0 0
25861	35.798	0.000	( 0 )	110101011000001111101101001100010100010000000010101110000011110010111101110101111101010100000000000000000000000000000000000000000000000000000000000000000000000000000000000000000000 0 0
25902	36.909	0.000	( 0 )	110101011000001111101101001000010100010000000010101110000011110010111101110101111101010100000000000000000000000000000000000000000000000000000000000000000000000000000000000000000000 1 0
25905	36.909	0.000	( 0 )	110101011000001111101101001000010100010000000010101110000011110010111101110101111101010100000000000000000000000000000000000000000000000000000000000000000000000000000000000000000000 0 0
25957	41.366	0.000	( 0 )	010101011000001111101101001000010101010000000010101110000011110010111111110101111100010100000000000000000000000000000000000000000000000000000000000000000000000000000000000000000000 4 0
26104	45.822	0.000	( 0 )	010100011000001111101101000000010101011000000010101110010011110010111111110101111100010100000000000000000000000000000000000000000000000000000000000000000000000000000000000000000000 4 0
26070	45.822	0.000	( 0 )	010100011000001111101101000000010101011000000010101110010011110010111111110101111100010100000000000000000000000000000000000000000000000000000000000000000000000000000000000000000000 0 0
26184	48.045	0.000	( 0 )	010100011000001111101101000000010101111000000010101110010011110010110111110101111100010100000000000000000000000000000000000000000000000000000000000000000000000000000000000000000000 2 0
26179	48.045	0.000	( 0 )	010100011000001111101101000000010101111000000010101110010011110010110111110101111100010100000000000000000000000000000000000000000000000000000000000000000000000000000000000000000000 0 0
26009	90.337	0.000	( 0 )	100001000000001011101001001000100001101000101000101100111110000010010001011111111101110100000000000000000000000000000000000000000000000000000000000000000000000000000000000000000000 31 0
26098	90.337	0.000	( 0 )	100001000000001011101001001000100001101000101000101100111110000010010001011111111101110100000000000000000000000000000000000000000000000000000000000000000000000000000000000000000000 0 0
26004	90.337	0.000	( 0 )	100001000000001011101001001000100001101000101000101100111110000010010001011111111101110100000000000000000000000000000000000000000000000000000000000000000000000000000000000000000000 0 0
26007	90.337	0.000	( 0 )	100001000000001011101001001000100001101000101000101100111110000010010001011111111101110100000000000000000000000000000000000000000000000000000000000000000000000000000000000000000000 0 0
26006	90.337	0.000	( 0 )	100001000000001011101001001000100001101000101000101100111110000010010001011111111101110100000000000000000000000000000000000000000000000000000000000000000000000000000000000000000000 0 0
26016	90.337	0.000	( 0 )	100001000000001011101001001000100001101000101000101100111110000010010001011111111101110100000000000000000000000000000000000000000000000000000000000000000000000000000000000000000000 0 0
26015	90.337	0.000	( 0 )	100001000000001011101001001000100001101000101000101100111110000010010001011111111101110100000000000000000000000000000000000000000000000000000000000000000000000000000000000000000000 0 0
26017	90.337	0.000	( 0 )	100001000000001011101001001000100001101000101000101100111110000010010001011111111101110100000000000000000000000000000000000000000000000000000000000000000000000000000000000000000000 0 0
26005	90.337	0.000	( 0 )	100001000000001011101001001000100001101000101000101100111110000010010001011111111101110100000000000000000000000000000000000000000000000000000000000000000000000000000000000000000000 0 0
26010	90.337	0.000	( 0 )	100001000000001011101001001000100001101000101000101100111110000010010001011111111101110100000000000000000000000000000000000000000000000000000000000000000000000000000000000000000000 0 0
26013	91.449	0.000	( 0 )	100001000000001011101001001000100001101000101000101100111110000010000001011111111101110100000000000000000000000000000000000000000000000000000000000000000000000000000000000000000000 1 0
26026	91.449	0.000	( 0 )	100001000000001011101001001000100001101000101000101100111110000010000001011111111101110100000000000000000000000000000000000000000000000000000000000000000000000000000000000000000000 0 0
26031	91.449	0.000	( 0 )	100001000000001011101001001000100001101000101000101100111110000010000001011111111101110100000000000000000000000000000000000000000000000000000000000000000000000000000000000000000000 0 0
26178	91.449	0.000	( 0 )	100001000000001011101001001000100001101000101000101100111110000010000001011111111101110100000000000000000000000000000000000000000000000000000000000000000000000000000000000000000000 0 0
26014	91.449	0.000	( 0 )	100001000000001011101001001000100001101000101000101100111110000010000001011111111101110100000000000000000000000000000000000000000000000000000000000000000000000000000000000000000000 0 0
26012	91.449	0.000	( 0 )	100001000000001011101001001000100001101000101000101100111110000010000001011111111101110100000000000000000000000000000000000000000000000000000000000000000000000000000000000000000000 0 0
26022	91.449	0.000	( 0 )	100001000000001011101001001000100001101000101000101100111110000010000001011111111101110100000000000000000000000000000000000000000000000000000000000000000000000000000000000000000000 0 0
26025	91.449	0.000	( 0 )	100001000000001011101001001000100001101000101000101100111110000010000001011111111101110100000000000000000000000000000000000000000000000000000000000000000000000000000000000000000000 0 0
26024	91.449	0.000	( 0 )	100001000000001011101001001000100001101000101000101100111110000010000001011111111101110100000000000000000000000000000000000000000000000000000000000000000000000000000000000000000000 0 0
26027	91.449	0.000	( 0 )	100001000000001011101001001000100001101000101000101100111110000010000001011111111101110100000000000000000000000000000000000000000000000000000000000000000000000000000000000000000000 0 0
26029	91.449	0.000	( 0 )	100001000000001011101001001000100001101000101000101100111110000010000001011111111101110100000000000000000000000000000000000000000000000000000000000000000000000000000000000000000000 0 0
26030	91.449	0.000	( 0 )	100001000000001011101001001000100001101000101000101100111110000010000001011111111101110100000000000000000000000000000000000000000000000000000000000000000000000000000000000000000000 0 0
26023	91.449	0.000	( 0 )	100001000000001011101001001000100001101000101000101100111110000010000001011111111101110100000000000000000000000000000000000000000000000000000000000000000000000000000000000000000000 0 0
26032	91.449	0.000	( 0 )	100001000000001011101001001000100001101000101000101100111110000010000001011111111101110100000000000000000000000000000000000000000000000000000000000000000000000000000000000000000000 0 0
26028	91.449	0.000	( 0 )	100001000000001011101001001000100001101000101000101100111110000010000001011111111101110100000000000000000000000000000000000000000000000000000000000000000000000000000000000000000000 0 0
