#java OrderMarkers2 data=- evaluateOrder=reordermarkers/iterations/ordered.25.1 useKosambi=1 numThreads=4 calculateIntervals=intervals/ordered.25.intervals randSeed=8218635301465020175
Loading file
No grandparents present in family V
Number of individuals = 92
Number of families = 1
File loaded with 31656 SNPs
Number of individuals = 92 excluding grandparents
Number of families = 1
Number of markers = 67
Setting dataScale to 1.0 all likelihoods will be multiplied by 1.0
Initial score = -435.4126792550743
Iteration 1 of 6
884884288488421 done
Polishing map...
score = -450.2147625889594
score = -435.4126792550743
score = -435.4126792550743
score = -435.4126792550743
Iteration 2 of 6
884884288488421 done
Polishing map...
score = -445.89752794622507
score = -435.4126792550743
score = -435.4126792550743
score = -435.4126792550743
Iteration 3 of 6
884884288488421 done
Polishing map...
score = -447.28315521596994
score = -435.4126792550743
score = -435.4126792550743
score = -435.4126792550743
Iteration 4 of 6
884884288488421 done
Polishing map...
score = -448.8291353192145
score = -435.4126792550743
score = -435.4126792550743
score = -435.4126792550743
Iteration 5 of 6
884884288488421 done
Polishing map...
score = -435.4126792550743
score = -435.4126792550743
score = -435.4126792550743
score = -435.4126792550743
Iteration 6 of 6
884884288488421 done
Polishing map...
score = -435.4126792550743
score = -435.4126792550743
score = -435.4126792550743
score = -435.4126792550743
Final score = -435.4126792550743
Setting dataScale to 1.0 all likelihoods will be multiplied by 1.0
logL = -435.4126792550743
number of recombinations = 56.0 logL = -435.4126792550743
Individual	V	P14459_101_S1	recombines	1	times
Individual	V	P14459_105_S5	recombines	1	times
Individual	V	P14459_106_S6	recombines	1	times
Individual	V	P14459_107_S7	recombines	1	times
Individual	V	P14459_111_S11	recombines	1	times
Individual	V	P14459_112_S12	recombines	1	times
Individual	V	P14459_118_S18	recombines	1	times
Individual	V	P14459_119_S19	recombines	1	times
Individual	V	P14459_120_S20	recombines	1	times
Individual	V	P14459_122_S22	recombines	1	times
Individual	V	P14459_123_S23	recombines	1	times
Individual	V	P14459_124_S24	recombines	1	times
Individual	V	P14459_125_S25	recombines	1	times
Individual	V	P14459_126_S26	recombines	1	times
Individual	V	P14459_127_S27	recombines	1	times
Individual	V	P14459_129_S29	recombines	1	times
Individual	V	P14459_130_S30	recombines	1	times
Individual	V	P14459_132_S32	recombines	1	times
Individual	V	P14459_135_S35	recombines	1	times
Individual	V	P14459_136_S36	recombines	1	times
Individual	V	P14459_138_S38	recombines	1	times
Individual	V	P14459_140_S40	recombines	1	times
Individual	V	P14459_144_S44	recombines	1	times
Individual	V	P14459_146_S46	recombines	1	times
Individual	V	P14459_148_S48	recombines	1	times
Individual	V	P14459_150_S50	recombines	1	times
Individual	V	P14459_151_S51	recombines	1	times
Individual	V	P14459_152_S52	recombines	1	times
Individual	V	P14459_155_S55	recombines	1	times
Individual	V	P14459_156_S56	recombines	1	times
Individual	V	P14459_159_S59	recombines	1	times
Individual	V	P14459_161_S61	recombines	1	times
Individual	V	P14459_162_S62	recombines	1	times
Individual	V	P14459_163_S63	recombines	1	times
Individual	V	P14459_164_S64	recombines	1	times
Individual	V	P14459_166_S66	recombines	1	times
Individual	V	P14459_168_S68	recombines	1	times
Individual	V	P14459_172_S72	recombines	1	times
Individual	V	P14459_174_S74	recombines	1	times
Individual	V	P14459_178_S78	recombines	1	times
Individual	V	P14459_179_S79	recombines	1	times
Individual	V	P14459_180_S80	recombines	1	times
Individual	V	P14459_181_S81	recombines	1	times
Individual	V	P14459_182_S82	recombines	1	times
Individual	V	P14459_183_S83	recombines	1	times
Individual	V	P14459_184_S84	recombines	1	times
Individual	V	P14459_185_S85	recombines	1	times
Individual	V	P14459_186_S86	recombines	2	times
Individual	V	P14459_187_S87	recombines	1	times
Individual	V	P14459_188_S88	recombines	1	times
Individual	V	P14459_189_S89	recombines	1	times
Individual	V	P14459_192_S92	recombines	1	times
Individual	V	P14459_193_S93	recombines	1	times
Individual	V	P14459_194_S94	recombines	1	times
Individual	V	P14459_195_S95	recombines	1	times
#*** LG = 0 likelihood = -435.4127
#marker_number	male_position	female_position	( 0.0 )[	phased data]
28620	0.000	0.000	( 0 )	101010101011011000110000101000111011001011010110011001111011000110011110010110011011011100000000000000000000000000000000000000000000000000000000000000000000000000000000000000000000 0 0
28537	46.795	0.000	( 0 )	001001101001011011010000011100011110011001111111111111101111100010011010011111101101010100000000000000000000000000000000000000000000000000000000000000000000000000000000000000000000 33 0
28525	47.906	0.000	( 0 )	001001101001011011010000011100011110011001111111111111101111100010011010011011101101010100000000000000000000000000000000000000000000000000000000000000000000000000000000000000000000 1 0
28527	47.906	0.000	( 0 )	001001101001011011010000011100011110011001111111111111101111100010011010011011101101010100000000000000000000000000000000000000000000000000000000000000000000000000000000000000000000 0 0
28518	49.018	0.000	( 0 )	001001101001011011010000011100011110011001111111111111101111100010011010011011100101010100000000000000000000000000000000000000000000000000000000000000000000000000000000000000000000 1 0
28558	49.018	0.000	( 0 )	001001101001011011010000011100011110011001111111111111101111100010011010011011100101010100000000000000000000000000000000000000000000000000000000000000000000000000000000000000000000 0 0
28561	49.018	0.000	( 0 )	001001101001011011010000011100011110011001111111111111101111100010011010011011100101010100000000000000000000000000000000000000000000000000000000000000000000000000000000000000000000 0 0
28583	53.474	0.000	( 0 )	001001101001011011010001011100011110011001111101111111101110100010011010011011100101010000000000000000000000000000000000000000000000000000000000000000000000000000000000000000000000 4 0
28570	53.474	0.000	( 0 )	001001101001011011010001011100011110011001111101111111101110100010011010011011100101010000000000000000000000000000000000000000000000000000000000000000000000000000000000000000000000 0 0
28574	53.474	0.000	( 0 )	001001101001011011010001011100011110011001111101111111101110100010011010011011100101010000000000000000000000000000000000000000000000000000000000000000000000000000000000000000000000 0 0
28576	53.474	0.000	( 0 )	001001101001011011010001011100011110011001111101111111101110100010011010011011100101010000000000000000000000000000000000000000000000000000000000000000000000000000000000000000000000 0 0
28602	54.585	0.000	( 0 )	001001101001011011010001011100011110011001111101111111101110100010011010001011100101010000000000000000000000000000000000000000000000000000000000000000000000000000000000000000000000 1 0
28634	59.041	0.000	( 0 )	001001101101011011011001011110011110011001111101111111101110100010011010001011100101010010000000000000000000000000000000000000000000000000000000000000000000000000000000000000000000 4 0
28662	59.041	0.000	( 0 )	001001101101011011011001011110011110011001111101111111101110100010011010001011100101010010000000000000000000000000000000000000000000000000000000000000000000000000000000000000000000 0 0
28622	59.041	0.000	( 0 )	001001101101011011011001011110011110011001111101111111101110100010011010001011100101010010000000000000000000000000000000000000000000000000000000000000000000000000000000000000000000 0 0
28661	59.041	0.000	( 0 )	001001101101011011011001011110011110011001111101111111101110100010011010001011100101010010000000000000000000000000000000000000000000000000000000000000000000000000000000000000000000 0 0
28653	59.041	0.000	( 0 )	001001101101011011011001011110011110011001111101111111101110100010011010001011100101010010000000000000000000000000000000000000000000000000000000000000000000000000000000000000000000 0 0
28657	59.041	0.000	( 0 )	001001101101011011011001011110011110011001111101111111101110100010011010001011100101010010000000000000000000000000000000000000000000000000000000000000000000000000000000000000000000 0 0
28665	59.041	0.000	( 0 )	001001101101011011011001011110011110011001111101111111101110100010011010001011100101010010000000000000000000000000000000000000000000000000000000000000000000000000000000000000000000 0 0
28629	59.041	0.000	( 0 )	001001101101011011011001011110011110011001111101111111101110100010011010001011100101010010000000000000000000000000000000000000000000000000000000000000000000000000000000000000000000 0 0
28652	59.041	0.000	( 0 )	001001101101011011011001011110011110011001111101111111101110100010011010001011100101010010000000000000000000000000000000000000000000000000000000000000000000000000000000000000000000 0 0
28660	59.041	0.000	( 0 )	001001101101011011011001011110011110011001111101111111101110100010011010001011100101010010000000000000000000000000000000000000000000000000000000000000000000000000000000000000000000 0 0
28632	59.041	0.000	( 0 )	001001101101011011011001011110011110011001111101111111101110100010011010001011100101010010000000000000000000000000000000000000000000000000000000000000000000000000000000000000000000 0 0
28658	59.041	0.000	( 0 )	001001101101011011011001011110011110011001111101111111101110100010011010001011100101010010000000000000000000000000000000000000000000000000000000000000000000000000000000000000000000 0 0
28666	59.041	0.000	( 0 )	001001101101011011011001011110011110011001111101111111101110100010011010001011100101010010000000000000000000000000000000000000000000000000000000000000000000000000000000000000000000 0 0
28630	59.041	0.000	( 0 )	001001101101011011011001011110011110011001111101111111101110100010011010001011100101010010000000000000000000000000000000000000000000000000000000000000000000000000000000000000000000 0 0
28663	59.041	0.000	( 0 )	001001101101011011011001011110011110011001111101111111101110100010011010001011100101010010000000000000000000000000000000000000000000000000000000000000000000000000000000000000000000 0 0
28664	59.041	0.000	( 0 )	001001101101011011011001011110011110011001111101111111101110100010011010001011100101010010000000000000000000000000000000000000000000000000000000000000000000000000000000000000000000 0 0
28621	59.041	0.000	( 0 )	001001101101011011011001011110011110011001111101111111101110100010011010001011100101010010000000000000000000000000000000000000000000000000000000000000000000000000000000000000000000 0 0
28635	59.041	0.000	( 0 )	001001101101011011011001011110011110011001111101111111101110100010011010001011100101010010000000000000000000000000000000000000000000000000000000000000000000000000000000000000000000 0 0
28631	59.041	0.000	( 0 )	001001101101011011011001011110011110011001111101111111101110100010011010001011100101010010000000000000000000000000000000000000000000000000000000000000000000000000000000000000000000 0 0
28711	60.153	0.000	( 0 )	001001101101011011011001011110011110011001111101111111101110110010011010001011100101010010000000000000000000000000000000000000000000000000000000000000000000000000000000000000000000 1 0
28707	60.153	0.000	( 0 )	001001101101011011011001011110011110011001111101111111101110110010011010001011100101010010000000000000000000000000000000000000000000000000000000000000000000000000000000000000000000 0 0
28728	60.153	0.000	( 0 )	001001101101011011011001011110011110011001111101111111101110110010011010001011100101010010000000000000000000000000000000000000000000000000000000000000000000000000000000000000000000 0 0
28727	60.153	0.000	( 0 )	001001101101011011011001011110011110011001111101111111101110110010011010001011100101010010000000000000000000000000000000000000000000000000000000000000000000000000000000000000000000 0 0
28725	60.153	0.000	( 0 )	001001101101011011011001011110011110011001111101111111101110110010011010001011100101010010000000000000000000000000000000000000000000000000000000000000000000000000000000000000000000 0 0
28701	60.153	0.000	( 0 )	001001101101011011011001011110011110011001111101111111101110110010011010001011100101010010000000000000000000000000000000000000000000000000000000000000000000000000000000000000000000 0 0
28699	60.153	0.000	( 0 )	001001101101011011011001011110011110011001111101111111101110110010011010001011100101010010000000000000000000000000000000000000000000000000000000000000000000000000000000000000000000 0 0
28708	60.153	0.000	( 0 )	001001101101011011011001011110011110011001111101111111101110110010011010001011100101010010000000000000000000000000000000000000000000000000000000000000000000000000000000000000000000 0 0
28729	60.153	0.000	( 0 )	001001101101011011011001011110011110011001111101111111101110110010011010001011100101010010000000000000000000000000000000000000000000000000000000000000000000000000000000000000000000 0 0
28724	60.153	0.000	( 0 )	001001101101011011011001011110011110011001111101111111101110110010011010001011100101010010000000000000000000000000000000000000000000000000000000000000000000000000000000000000000000 0 0
28709	61.264	0.000	( 0 )	001001101101011011011001011110011110011001111101111111101110110010011010001011100100010010000000000000000000000000000000000000000000000000000000000000000000000000000000000000000000 1 0
28736	61.264	0.000	( 0 )	001001101101011011011001011110011110011001111101111111101110110010011010001011100100010010000000000000000000000000000000000000000000000000000000000000000000000000000000000000000000 0 0
28737	61.264	0.000	( 0 )	001001101101011011011001011110011110011001111101111111101110110010011010001011100100010010000000000000000000000000000000000000000000000000000000000000000000000000000000000000000000 0 0
28775	66.843	0.000	( 0 )	001101101101011011011101011110011110011001111101111111101100110010011010001011101100010011000000000000000000000000000000000000000000000000000000000000000000000000000000000000000000 5 0
28843	67.954	0.000	( 0 )	001101101101011011011101011110010110011001111101111111101100110010011010001011101100010011000000000000000000000000000000000000000000000000000000000000000000000000000000000000000000 1 0
28857	67.954	0.000	( 0 )	001101101101011011011101011110010110011001111101111111101100110010011010001011101100010011000000000000000000000000000000000000000000000000000000000000000000000000000000000000000000 0 0
28817	67.954	0.000	( 0 )	001101101101011011011101011110010110011001111101111111101100110010011010001011101100010011000000000000000000000000000000000000000000000000000000000000000000000000000000000000000000 0 0
28818	67.954	0.000	( 0 )	001101101101011011011101011110010110011001111101111111101100110010011010001011101100010011000000000000000000000000000000000000000000000000000000000000000000000000000000000000000000 0 0
28816	67.954	0.000	( 0 )	001101101101011011011101011110010110011001111101111111101100110010011010001011101100010011000000000000000000000000000000000000000000000000000000000000000000000000000000000000000000 0 0
28844	67.954	0.000	( 0 )	001101101101011011011101011110010110011001111101111111101100110010011010001011101100010011000000000000000000000000000000000000000000000000000000000000000000000000000000000000000000 0 0
28858	67.954	0.000	( 0 )	001101101101011011011101011110010110011001111101111111101100110010011010001011101100010011000000000000000000000000000000000000000000000000000000000000000000000000000000000000000000 0 0
28845	67.954	0.000	( 0 )	001101101101011011011101011110010110011001111101111111101100110010011010001011101100010011000000000000000000000000000000000000000000000000000000000000000000000000000000000000000000 0 0
28863	67.954	0.000	( 0 )	001101101101011011011101011110010110011001111101111111101100110010011010001011101100010011000000000000000000000000000000000000000000000000000000000000000000000000000000000000000000 0 0
28859	67.954	0.000	( 0 )	001101101101011011011101011110010110011001111101111111101100110010011010001011101100010011000000000000000000000000000000000000000000000000000000000000000000000000000000000000000000 0 0
28819	67.954	0.000	( 0 )	001101101101011011011101011110010110011001111101111111101100110010011010001011101100010011000000000000000000000000000000000000000000000000000000000000000000000000000000000000000000 0 0
28809	67.954	0.000	( 0 )	001101101101011011011101011110010110011001111101111111101100110010011010001011101100010011000000000000000000000000000000000000000000000000000000000000000000000000000000000000000000 0 0
28839	67.954	0.000	( 0 )	001101101101011011011101011110010110011001111101111111101100110010011010001011101100010011000000000000000000000000000000000000000000000000000000000000000000000000000000000000000000 0 0
28864	67.954	0.000	( 0 )	001101101101011011011101011110010110011001111101111111101100110010011010001011101100010011000000000000000000000000000000000000000000000000000000000000000000000000000000000000000000 0 0
28847	69.065	0.000	( 0 )	001101101101011011011101011110010110011001111101111111101100110010011010101011101100010011000000000000000000000000000000000000000000000000000000000000000000000000000000000000000000 1 0
28851	69.065	0.000	( 0 )	001101101101011011011101011110010110011001111101111111101100110010011010101011101100010011000000000000000000000000000000000000000000000000000000000000000000000000000000000000000000 0 0
28893	71.289	0.000	( 0 )	001101101101011011011111011110010110011001111101111111101100110010011010101001101100010011000000000000000000000000000000000000000000000000000000000000000000000000000000000000000000 2 0
28886	71.289	0.000	( 0 )	001101101101011011011111011110010110011001111101111111101100110010011010101001101100010011000000000000000000000000000000000000000000000000000000000000000000000000000000000000000000 0 0
28892	72.400	0.000	( 0 )	001101101101011011011111011110010110011001111101111111101100110010001010101001101100010011000000000000000000000000000000000000000000000000000000000000000000000000000000000000000000 1 0
28891	72.400	0.000	( 0 )	001101101101011011011111011110010110011001111101111111101100110010001010101001101100010011000000000000000000000000000000000000000000000000000000000000000000000000000000000000000000 0 0
28889	72.400	0.000	( 0 )	001101101101011011011111011110010110011001111101111111101100110010001010101001101100010011000000000000000000000000000000000000000000000000000000000000000000000000000000000000000000 0 0
28890	72.400	0.000	( 0 )	001101101101011011011111011110010110011001111101111111101100110010001010101001101100010011000000000000000000000000000000000000000000000000000000000000000000000000000000000000000000 0 0
