#java OrderMarkers2 data=- evaluateOrder=reordermarkers/iterations/ordered.27.1 useKosambi=1 numThreads=4 calculateIntervals=intervals/ordered.27.intervals randSeed=-775690304410840928
Loading file
No grandparents present in family V
Number of individuals = 92
Number of families = 1
File loaded with 31656 SNPs
Number of individuals = 92 excluding grandparents
Number of families = 1
Number of markers = 46
Setting dataScale to 1.0 all likelihoods will be multiplied by 1.0
Initial score = -454.87391019472454
Iteration 1 of 6
884884288488421 done
Polishing map...
score = -455.8754533226561
score = -454.87391019472454
score = -454.87391019472454
score = -454.87391019472454
Iteration 2 of 6
884884288488421 done
Polishing map...
score = -480.7541374624667
score = -455.8754533226561
score = -455.8754533226561
score = -454.87391019472454
Iteration 3 of 6
884884288488421 done
Polishing map...
score = -455.5670572812628
score = -454.87391019472454
score = -454.87391019472454
score = -454.87391019472454
Iteration 4 of 6
884884288488421 done
Polishing map...
score = -455.8957046926913
score = -455.8957046926913
score = -455.8957046926913
score = -455.5670572812628
Iteration 5 of 6
884884288488421 done
Polishing map...
score = -455.8957046926913
score = -455.58730865129803
score = -455.58730865129803
score = -455.5670572812628
Iteration 6 of 6
884884288488421 done
Polishing map...
score = -455.8957046926913
score = -455.58730865129803
score = -455.58730865129803
score = -455.5670572812628
Final score = -454.87391019472454
Setting dataScale to 1.0 all likelihoods will be multiplied by 1.0
logL = -454.87391019472454
number of recombinations = 57.0 logL = -454.87391019472454
Individual	V	P14459_101_S1	recombines	1	times
Individual	V	P14459_103_S3	recombines	1	times
Individual	V	P14459_105_S5	recombines	1	times
Individual	V	P14459_107_S7	recombines	1	times
Individual	V	P14459_110_S10	recombines	1	times
Individual	V	P14459_112_S12	recombines	1	times
Individual	V	P14459_113_S13	recombines	1	times
Individual	V	P14459_114_S14	recombines	1	times
Individual	V	P14459_115_S15	recombines	1	times
Individual	V	P14459_116_S16	recombines	1	times
Individual	V	P14459_118_S18	recombines	1	times
Individual	V	P14459_119_S19	recombines	1	times
Individual	V	P14459_120_S20	recombines	1	times
Individual	V	P14459_122_S22	recombines	1	times
Individual	V	P14459_124_S24	recombines	1	times
Individual	V	P14459_127_S27	recombines	1	times
Individual	V	P14459_128_S28	recombines	1	times
Individual	V	P14459_130_S30	recombines	1	times
Individual	V	P14459_132_S32	recombines	1	times
Individual	V	P14459_135_S35	recombines	1	times
Individual	V	P14459_137_S37	recombines	1	times
Individual	V	P14459_139_S39	recombines	1	times
Individual	V	P14459_140_S40	recombines	1	times
Individual	V	P14459_144_S44	recombines	1	times
Individual	V	P14459_147_S47	recombines	1	times
Individual	V	P14459_149_S49	recombines	1	times
Individual	V	P14459_151_S51	recombines	1	times
Individual	V	P14459_153_S53	recombines	1	times
Individual	V	P14459_154_S54	recombines	2	times
Individual	V	P14459_156_S56	recombines	1	times
Individual	V	P14459_157_S57	recombines	1	times
Individual	V	P14459_158_S58	recombines	1	times
Individual	V	P14459_161_S61	recombines	1	times
Individual	V	P14459_162_S62	recombines	1	times
Individual	V	P14459_163_S63	recombines	1	times
Individual	V	P14459_164_S64	recombines	1	times
Individual	V	P14459_166_S66	recombines	1	times
Individual	V	P14459_168_S68	recombines	1	times
Individual	V	P14459_169_S69	recombines	1	times
Individual	V	P14459_171_S71	recombines	1	times
Individual	V	P14459_173_S73	recombines	1	times
Individual	V	P14459_174_S74	recombines	1	times
Individual	V	P14459_176_S76	recombines	2	times
Individual	V	P14459_179_S79	recombines	1	times
Individual	V	P14459_181_S81	recombines	1	times
Individual	V	P14459_182_S82	recombines	1	times
Individual	V	P14459_183_S83	recombines	1	times
Individual	V	P14459_185_S85	recombines	1	times
Individual	V	P14459_187_S87	recombines	1	times
Individual	V	P14459_188_S88	recombines	1	times
Individual	V	P14459_189_S89	recombines	1	times
Individual	V	P14459_191_S91	recombines	1	times
Individual	V	P14459_192_S92	recombines	1	times
Individual	V	P14459_193_S93	recombines	1	times
Individual	V	P14459_194_S94	recombines	1	times
#*** LG = 0 likelihood = -454.8739
#marker_number	male_position	female_position	( 0.0 )[	phased data]
27155	0.000	0.000	( 0 )	111111101100111011010111011100010111010111111111010110101011000010111100001010111101011011000000000000000000000000000000000000000000000000000000000000000000000000000000000000000000 0 0
26976	44.471	0.000	( 0 )	101011100111101001111101001110110101100111111010000101101110000100011000001011101111000011000000000000000000000000000000000000000000000000000000000000000000000000000000000000000000 32 0
26984	44.471	0.000	( 0 )	101011100111101001111101001110110101100111111010000101101110000100011000001011101111000011000000000000000000000000000000000000000000000000000000000000000000000000000000000000000000 0 0
26995	44.471	0.000	( 0 )	101011100111101001111101001110110101100111111010000101101110000100011000001011101111000011000000000000000000000000000000000000000000000000000000000000000000000000000000000000000000 0 0
26988	44.471	0.000	( 0 )	101011100111101001111101001110110101100111111010000101101110000100011000001011101111000011000000000000000000000000000000000000000000000000000000000000000000000000000000000000000000 0 0
26985	44.471	0.000	( 0 )	101011100111101001111101001110110101100111111010000101101110000100011000001011101111000011000000000000000000000000000000000000000000000000000000000000000000000000000000000000000000 0 0
26978	44.471	0.000	( 0 )	101011100111101001111101001110110101100111111010000101101110000100011000001011101111000011000000000000000000000000000000000000000000000000000000000000000000000000000000000000000000 0 0
26996	44.471	0.000	( 0 )	101011100111101001111101001110110101100111111010000101101110000100011000001011101111000011000000000000000000000000000000000000000000000000000000000000000000000000000000000000000000 0 0
26993	44.471	0.000	( 0 )	101011100111101001111101001110110101100111111010000101101110000100011000001011101111000011000000000000000000000000000000000000000000000000000000000000000000000000000000000000000000 0 0
27024	45.583	0.000	( 0 )	101011100111101001111101001110110101100111111010000101001110000100011000001011101111000011000000000000000000000000000000000000000000000000000000000000000000000000000000000000000000 1 0
27101	50.039	0.000	( 0 )	101010100111101000111101001110110101100111111010000101001110000100011000011011101111000001000000000000000000000000000000000000000000000000000000000000000000000000000000000000000000 4 0
27095	50.039	0.000	( 0 )	101010100111101000111101001110110101100111111010000101001110000100011000011011101111000001000000000000000000000000000000000000000000000000000000000000000000000000000000000000000000 0 0
27143	53.377	0.000	( 0 )	101010100111100000111101001110110101100111111010001101001110000100011010011011101111000001000000000000000000000000000000000000000000000000000000000000000000000000000000000000000000 3 0
27141	53.377	0.000	( 0 )	101010100111100000111101001110110101100111111010001101001110000100011010011011101111000001000000000000000000000000000000000000000000000000000000000000000000000000000000000000000000 0 0
27144	53.377	0.000	( 0 )	101010100111100000111101001110110101100111111010001101001110000100011010011011101111000001000000000000000000000000000000000000000000000000000000000000000000000000000000000000000000 0 0
27145	53.377	0.000	( 0 )	101010100111100000111101001110110101100111111010001101001110000100011010011011101111000001000000000000000000000000000000000000000000000000000000000000000000000000000000000000000000 0 0
27139	53.377	0.000	( 0 )	101010100111100000111101001110110101100111111010001101001110000100011010011011101111000001000000000000000000000000000000000000000000000000000000000000000000000000000000000000000000 0 0
27140	53.377	0.000	( 0 )	101010100111100000111101001110110101100111111010001101001110000100011010011011101111000001000000000000000000000000000000000000000000000000000000000000000000000000000000000000000000 0 0
27138	53.377	0.000	( 0 )	101010100111100000111101001110110101100111111010001101001110000100011010011011101111000001000000000000000000000000000000000000000000000000000000000000000000000000000000000000000000 0 0
27142	54.488	0.000	( 0 )	101010100111100000111101001110110101100111111010001101001110000100011000011011101111000001000000000000000000000000000000000000000000000000000000000000000000000000000000000000000000 1 0
27159	56.712	0.000	( 0 )	101010100111100000111101001110111101100111111010000101001110000100011000011011101111000001000000000000000000000000000000000000000000000000000000000000000000000000000000000000000000 2 0
27163	56.712	0.000	( 0 )	101010100111100000111101001110111101100111111010000101001110000100011000011011101111000001000000000000000000000000000000000000000000000000000000000000000000000000000000000000000000 0 0
27161	56.712	0.000	( 0 )	101010100111100000111101001110111101100111111010000101001110000100011000011011101111000001000000000000000000000000000000000000000000000000000000000000000000000000000000000000000000 0 0
27179	56.712	0.000	( 0 )	101010100111100000111101001110111101100111111010000101001110000100011000011011101111000001000000000000000000000000000000000000000000000000000000000000000000000000000000000000000000 0 0
27164	56.712	0.000	( 0 )	101010100111100000111101001110111101100111111010000101001110000100011000011011101111000001000000000000000000000000000000000000000000000000000000000000000000000000000000000000000000 0 0
27175	56.712	0.000	( 0 )	101010100111100000111101001110111101100111111010000101001110000100011000011011101111000001000000000000000000000000000000000000000000000000000000000000000000000000000000000000000000 0 0
27224	57.823	0.000	( 0 )	101010100111100000111101001110111101100111111010000101001110000100011000011011101111000101000000000000000000000000000000000000000000000000000000000000000000000000000000000000000000 1 0
27188	58.935	0.000	( 0 )	101010100111100000111101001110111101100111111010000101001110000100010000011011101111000101000000000000000000000000000000000000000000000000000000000000000000000000000000000000000000 1 0
27189	58.935	0.000	( 0 )	101010100111100000111101001110111101100111111010000101001110000100010000011011101111000101000000000000000000000000000000000000000000000000000000000000000000000000000000000000000000 0 0
27186	58.935	0.000	( 0 )	101010100111100000111101001110111101100111111010000101001110000100010000011011101111000101000000000000000000000000000000000000000000000000000000000000000000000000000000000000000000 0 0
27187	58.935	0.000	( 0 )	101010100111100000111101001110111101100111111010000101001110000100010000011011101111000101000000000000000000000000000000000000000000000000000000000000000000000000000000000000000000 0 0
27320	64.513	0.000	( 0 )	101010100111000000111101000110111101100101111010000101001110110100010000011011101111000101000000000000000000000000000000000000000000000000000000000000000000000000000000000000000000 5 0
27286	64.513	0.000	( 0 )	101010100111000000111101000110111101100101111010000101001110110100010000011011101111000101000000000000000000000000000000000000000000000000000000000000000000000000000000000000000000 0 0
27314	64.513	0.000	( 0 )	101010100111000000111101000110111101100101111010000101001110110100010000011011101111000101000000000000000000000000000000000000000000000000000000000000000000000000000000000000000000 0 0
27318	64.513	0.000	( 0 )	101010100111000000111101000110111101100101111010000101001110110100010000011011101111000101000000000000000000000000000000000000000000000000000000000000000000000000000000000000000000 0 0
27317	64.513	0.000	( 0 )	101010100111000000111101000110111101100101111010000101001110110100010000011011101111000101000000000000000000000000000000000000000000000000000000000000000000000000000000000000000000 0 0
27328	67.852	0.000	( 0 )	001010100111000000111101000110111101100101111010000101001110110100010000011011101010000101000000000000000000000000000000000000000000000000000000000000000000000000000000000000000000 3 0
27340	67.852	0.000	( 0 )	001010100111000000111101000110111101100101111010000101001110110100010000011011101010000101000000000000000000000000000000000000000000000000000000000000000000000000000000000000000000 0 0
27327	67.852	0.000	( 0 )	001010100111000000111101000110111101100101111010000101001110110100010000011011101010000101000000000000000000000000000000000000000000000000000000000000000000000000000000000000000000 0 0
27342	67.852	0.000	( 0 )	001010100111000000111101000110111101100101111010000101001110110100010000011011101010000101000000000000000000000000000000000000000000000000000000000000000000000000000000000000000000 0 0
27426	70.075	0.000	( 0 )	001010100111000000111101000110111101100101101010000101001110110100010000011001101010000101000000000000000000000000000000000000000000000000000000000000000000000000000000000000000000 2 0
27348	70.075	0.000	( 0 )	001010100111000000111101000110111101100101101010000101001110110100010000011001101010000101000000000000000000000000000000000000000000000000000000000000000000000000000000000000000000 0 0
27347	70.075	0.000	( 0 )	001010100111000000111101000110111101100101101010000101001110110100010000011001101010000101000000000000000000000000000000000000000000000000000000000000000000000000000000000000000000 0 0
27364	71.187	0.000	( 0 )	001010100111000000111101000110111101100101101010000101001110110100010000011101101010000101000000000000000000000000000000000000000000000000000000000000000000000000000000000000000000 1 0
27365	71.187	0.000	( 0 )	001010100111000000111101000110111101100101101010000101001110110100010000011101101010000101000000000000000000000000000000000000000000000000000000000000000000000000000000000000000000 0 0
27374	72.298	0.000	( 0 )	001010100111000000111101000110111101100101101010000101001100110100010000011101101010000101000000000000000000000000000000000000000000000000000000000000000000000000000000000000000000 1 0
