#java OrderMarkers2 data=- evaluateOrder=reordermarkers/iterations/ordered.10.1 useKosambi=1 numThreads=4 calculateIntervals=intervals/ordered.10.intervals randSeed=-2969702961813886684
Loading file
No grandparents present in family V
Number of individuals = 92
Number of families = 1
File loaded with 31656 SNPs
Number of individuals = 92 excluding grandparents
Number of families = 1
Number of markers = 186
Setting dataScale to 0.4838709677419355 all likelihoods will be multiplied by 2.0666666666666664
Initial score = -1277.2850457193833
Iteration 1 of 6
884884288488421 done
Polishing map...
score = -1278.3337687090234
score = -1278.3337687090234
score = -1278.3337687090234
score = -1278.3337687090234
Iteration 2 of 6
884884288488421 done
Polishing map...
score = -1284.5483769014672
score = -1284.5483769014672
score = -1284.5483769014672
score = -1284.5483769014672
Iteration 3 of 6
884884288488421 done
Polishing map...
score = -1278.3337687090234
score = -1278.3337687090234
score = -1278.3337687090234
score = -1278.3337687090234
Iteration 4 of 6
884884288488421 done
Polishing map...
score = -1278.3337687090234
score = -1278.3337687090234
score = -1278.3337687090234
score = -1278.3337687090234
Iteration 5 of 6
884884288488421 done
Polishing map...
score = -1284.5483769014672
score = -1278.3337687090234
score = -1278.3337687090234
score = -1278.3337687090234
Iteration 6 of 6
884884288488421 done
Polishing map...
score = -1278.3337687090234
score = -1278.3337687090234
score = -1278.3337687090234
score = -1278.3337687090234
Final score = -1277.2850457193833
Setting dataScale to 0.4838709677419355 all likelihoods will be multiplied by 2.0666666666666664
logL = -1277.2850457193833
number of recombinations = 64.0 logL = -1277.2850457193833
Individual	V	P14459_101_S1	recombines	1	times
Individual	V	P14459_103_S3	recombines	1	times
Individual	V	P14459_104_S4	recombines	1	times
Individual	V	P14459_106_S6	recombines	1	times
Individual	V	P14459_107_S7	recombines	1	times
Individual	V	P14459_108_S8	recombines	1	times
Individual	V	P14459_109_S9	recombines	1	times
Individual	V	P14459_111_S11	recombines	1	times
Individual	V	P14459_112_S12	recombines	1	times
Individual	V	P14459_113_S13	recombines	1	times
Individual	V	P14459_114_S14	recombines	1	times
Individual	V	P14459_116_S16	recombines	1	times
Individual	V	P14459_117_S17	recombines	1	times
Individual	V	P14459_118_S18	recombines	1	times
Individual	V	P14459_119_S19	recombines	1	times
Individual	V	P14459_120_S20	recombines	1	times
Individual	V	P14459_121_S21	recombines	1	times
Individual	V	P14459_122_S22	recombines	1	times
Individual	V	P14459_124_S24	recombines	1	times
Individual	V	P14459_127_S27	recombines	1	times
Individual	V	P14459_129_S29	recombines	1	times
Individual	V	P14459_130_S30	recombines	1	times
Individual	V	P14459_131_S31	recombines	1	times
Individual	V	P14459_132_S32	recombines	1	times
Individual	V	P14459_139_S39	recombines	1	times
Individual	V	P14459_140_S40	recombines	1	times
Individual	V	P14459_142_S42	recombines	1	times
Individual	V	P14459_147_S47	recombines	1	times
Individual	V	P14459_148_S48	recombines	1	times
Individual	V	P14459_149_S49	recombines	1	times
Individual	V	P14459_150_S50	recombines	1	times
Individual	V	P14459_153_S53	recombines	1	times
Individual	V	P14459_154_S54	recombines	1	times
Individual	V	P14459_155_S55	recombines	1	times
Individual	V	P14459_157_S57	recombines	1	times
Individual	V	P14459_158_S58	recombines	1	times
Individual	V	P14459_159_S59	recombines	1	times
Individual	V	P14459_161_S61	recombines	1	times
Individual	V	P14459_163_S63	recombines	1	times
Individual	V	P14459_166_S66	recombines	1	times
Individual	V	P14459_168_S68	recombines	1	times
Individual	V	P14459_170_S70	recombines	1	times
Individual	V	P14459_171_S71	recombines	1	times
Individual	V	P14459_172_S72	recombines	1	times
Individual	V	P14459_173_S73	recombines	1	times
Individual	V	P14459_174_S74	recombines	1	times
Individual	V	P14459_176_S76	recombines	1	times
Individual	V	P14459_178_S78	recombines	1	times
Individual	V	P14459_179_S79	recombines	1	times
Individual	V	P14459_180_S80	recombines	1	times
Individual	V	P14459_181_S81	recombines	1	times
Individual	V	P14459_182_S82	recombines	1	times
Individual	V	P14459_183_S83	recombines	1	times
Individual	V	P14459_184_S84	recombines	1	times
Individual	V	P14459_185_S85	recombines	1	times
Individual	V	P14459_186_S86	recombines	1	times
Individual	V	P14459_187_S87	recombines	1	times
Individual	V	P14459_188_S88	recombines	1	times
Individual	V	P14459_189_S89	recombines	1	times
Individual	V	P14459_190_S90	recombines	1	times
Individual	V	P14459_191_S91	recombines	1	times
Individual	V	P14459_192_S92	recombines	1	times
Individual	V	P14459_194_S94	recombines	1	times
Individual	V	P14459_195_S95	recombines	1	times
#*** LG = 0 likelihood = -1277.285
#marker_number	male_position	female_position	( 0.0 )[	phased data]
10594	0.000	0.000	( 0 )	000111101000011000110000010101111000000000010110001010010011001001101010101111100111001110000000000000000000000000000000000000000000000000000000000000000000000000000000000000000000 0 0
11804	18.589	0.000	( 0 )	010111101001011001000010010101011000100000010110001011010111001001101010011101000011101110000000000000000000000000000000000000000000000000000000000000000000000000000000000000000000 16 0
11772	18.589	0.000	( 0 )	010111101001011001000010010101011000100000010110001011010111001001101010011101000011101110000000000000000000000000000000000000000000000000000000000000000000000000000000000000000000 0 0
11774	18.589	0.000	( 0 )	010111101001011001000010010101011000100000010110001011010111001001101010011101000011101110000000000000000000000000000000000000000000000000000000000000000000000000000000000000000000 0 0
11760	18.589	0.000	( 0 )	010111101001011001000010010101011000100000010110001011010111001001101010011101000011101110000000000000000000000000000000000000000000000000000000000000000000000000000000000000000000 0 0
11723	20.813	0.000	( 0 )	010111101001011101000010010101011000100000010110001011010111001001101010011101000011111110000000000000000000000000000000000000000000000000000000000000000000000000000000000000000000 2 0
11657	20.813	0.000	( 0 )	010111101001011101000010010101011000100000010110001011010111001001101010011101000011111110000000000000000000000000000000000000000000000000000000000000000000000000000000000000000000 0 0
11665	20.813	0.000	( 0 )	010111101001011101000010010101011000100000010110001011010111001001101010011101000011111110000000000000000000000000000000000000000000000000000000000000000000000000000000000000000000 0 0
11656	20.813	0.000	( 0 )	010111101001011101000010010101011000100000010110001011010111001001101010011101000011111110000000000000000000000000000000000000000000000000000000000000000000000000000000000000000000 0 0
11663	20.813	0.000	( 0 )	010111101001011101000010010101011000100000010110001011010111001001101010011101000011111110000000000000000000000000000000000000000000000000000000000000000000000000000000000000000000 0 0
11661	20.813	0.000	( 0 )	010111101001011101000010010101011000100000010110001011010111001001101010011101000011111110000000000000000000000000000000000000000000000000000000000000000000000000000000000000000000 0 0
11664	20.813	0.000	( 0 )	010111101001011101000010010101011000100000010110001011010111001001101010011101000011111110000000000000000000000000000000000000000000000000000000000000000000000000000000000000000000 0 0
11662	20.813	0.000	( 0 )	010111101001011101000010010101011000100000010110001011010111001001101010011101000011111110000000000000000000000000000000000000000000000000000000000000000000000000000000000000000000 0 0
11660	20.813	0.000	( 0 )	010111101001011101000010010101011000100000010110001011010111001001101010011101000011111110000000000000000000000000000000000000000000000000000000000000000000000000000000000000000000 0 0
11702	20.813	0.000	( 0 )	010111101001011101000010010101011000100000010110001011010111001001101010011101000011111110000000000000000000000000000000000000000000000000000000000000000000000000000000000000000000 0 0
11658	20.813	0.000	( 0 )	010111101001011101000010010101011000100000010110001011010111001001101010011101000011111110000000000000000000000000000000000000000000000000000000000000000000000000000000000000000000 0 0
11722	20.813	0.000	( 0 )	010111101001011101000010010101011000100000010110001011010111001001101010011101000011111110000000000000000000000000000000000000000000000000000000000000000000000000000000000000000000 0 0
11640	24.151	0.000	( 0 )	010111101001011101000010000101011000100000011110001011010111011001101010011101000011111110000000000000000000000000000000000000000000000000000000000000000000000000000000000000000000 3 0
11642	24.151	0.000	( 0 )	010111101001011101000010000101011000100000011110001011010111011001101010011101000011111110000000000000000000000000000000000000000000000000000000000000000000000000000000000000000000 0 0
11590	25.263	0.000	( 0 )	010111101001011101000010000101011000100000001110001011010111011001101010011101000011111110000000000000000000000000000000000000000000000000000000000000000000000000000000000000000000 1 0
11627	25.263	0.000	( 0 )	010111101001011101000010000101011000100000001110001011010111011001101010011101000011111110000000000000000000000000000000000000000000000000000000000000000000000000000000000000000000 0 0
11589	25.263	0.000	( 0 )	010111101001011101000010000101011000100000001110001011010111011001101010011101000011111110000000000000000000000000000000000000000000000000000000000000000000000000000000000000000000 0 0
11588	25.263	0.000	( 0 )	010111101001011101000010000101011000100000001110001011010111011001101010011101000011111110000000000000000000000000000000000000000000000000000000000000000000000000000000000000000000 0 0
11577	25.263	0.000	( 0 )	010111101001011101000010000101011000100000001110001011010111011001101010011101000011111110000000000000000000000000000000000000000000000000000000000000000000000000000000000000000000 0 0
11597	25.263	0.000	( 0 )	010111101001011101000010000101011000100000001110001011010111011001101010011101000011111110000000000000000000000000000000000000000000000000000000000000000000000000000000000000000000 0 0
11592	25.263	0.000	( 0 )	010111101001011101000010000101011000100000001110001011010111011001101010011101000011111110000000000000000000000000000000000000000000000000000000000000000000000000000000000000000000 0 0
11626	25.263	0.000	( 0 )	010111101001011101000010000101011000100000001110001011010111011001101010011101000011111110000000000000000000000000000000000000000000000000000000000000000000000000000000000000000000 0 0
11575	25.263	0.000	( 0 )	010111101001011101000010000101011000100000001110001011010111011001101010011101000011111110000000000000000000000000000000000000000000000000000000000000000000000000000000000000000000 0 0
11585	25.263	0.000	( 0 )	010111101001011101000010000101011000100000001110001011010111011001101010011101000011111110000000000000000000000000000000000000000000000000000000000000000000000000000000000000000000 0 0
11586	25.263	0.000	( 0 )	010111101001011101000010000101011000100000001110001011010111011001101010011101000011111110000000000000000000000000000000000000000000000000000000000000000000000000000000000000000000 0 0
11578	25.263	0.000	( 0 )	010111101001011101000010000101011000100000001110001011010111011001101010011101000011111110000000000000000000000000000000000000000000000000000000000000000000000000000000000000000000 0 0
11620	26.374	0.000	( 0 )	010111101001011101000010000101011000100000001110001011010111011001111010011101000011111110000000000000000000000000000000000000000000000000000000000000000000000000000000000000000000 1 0
11582	27.485	0.000	( 0 )	010111101001011101000010000001011000100000001110001011010111011001111010011101000011111110000000000000000000000000000000000000000000000000000000000000000000000000000000000000000000 1 0
11536	31.942	0.000	( 0 )	010110101011011101000010000001011000110000001110011011010111011001111010011101000011111110000000000000000000000000000000000000000000000000000000000000000000000000000000000000000000 4 0
11537	31.942	0.000	( 0 )	010110101011011101000010000001011000110000001110011011010111011001111010011101000011111110000000000000000000000000000000000000000000000000000000000000000000000000000000000000000000 0 0
11534	31.942	0.000	( 0 )	010110101011011101000010000001011000110000001110011011010111011001111010011101000011111110000000000000000000000000000000000000000000000000000000000000000000000000000000000000000000 0 0
11532	31.942	0.000	( 0 )	010110101011011101000010000001011000110000001110011011010111011001111010011101000011111110000000000000000000000000000000000000000000000000000000000000000000000000000000000000000000 0 0
11459	33.053	0.000	( 0 )	010110101011111101000010000001011000110000001110011011010111011001111010011101000011111110000000000000000000000000000000000000000000000000000000000000000000000000000000000000000000 1 0
11465	33.053	0.000	( 0 )	010110101011111101000010000001011000110000001110011011010111011001111010011101000011111110000000000000000000000000000000000000000000000000000000000000000000000000000000000000000000 0 0
11498	33.053	0.000	( 0 )	010110101011111101000010000001011000110000001110011011010111011001111010011101000011111110000000000000000000000000000000000000000000000000000000000000000000000000000000000000000000 0 0
11311	33.053	0.000	( 0 )	010110101011111101000010000001011000110000001110011011010111011001111010011101000011111110000000000000000000000000000000000000000000000000000000000000000000000000000000000000000000 0 0
11464	33.053	0.000	( 0 )	010110101011111101000010000001011000110000001110011011010111011001111010011101000011111110000000000000000000000000000000000000000000000000000000000000000000000000000000000000000000 0 0
11500	33.053	0.000	( 0 )	010110101011111101000010000001011000110000001110011011010111011001111010011101000011111110000000000000000000000000000000000000000000000000000000000000000000000000000000000000000000 0 0
11502	33.053	0.000	( 0 )	010110101011111101000010000001011000110000001110011011010111011001111010011101000011111110000000000000000000000000000000000000000000000000000000000000000000000000000000000000000000 0 0
11463	33.053	0.000	( 0 )	010110101011111101000010000001011000110000001110011011010111011001111010011101000011111110000000000000000000000000000000000000000000000000000000000000000000000000000000000000000000 0 0
11466	33.053	0.000	( 0 )	010110101011111101000010000001011000110000001110011011010111011001111010011101000011111110000000000000000000000000000000000000000000000000000000000000000000000000000000000000000000 0 0
11504	33.053	0.000	( 0 )	010110101011111101000010000001011000110000001110011011010111011001111010011101000011111110000000000000000000000000000000000000000000000000000000000000000000000000000000000000000000 0 0
11423	33.053	0.000	( 0 )	010110101011111101000010000001011000110000001110011011010111011001111010011101000011111110000000000000000000000000000000000000000000000000000000000000000000000000000000000000000000 0 0
11428	33.053	0.000	( 0 )	010110101011111101000010000001011000110000001110011011010111011001111010011101000011111110000000000000000000000000000000000000000000000000000000000000000000000000000000000000000000 0 0
11508	33.053	0.000	( 0 )	010110101011111101000010000001011000110000001110011011010111011001111010011101000011111110000000000000000000000000000000000000000000000000000000000000000000000000000000000000000000 0 0
11499	33.053	0.000	( 0 )	010110101011111101000010000001011000110000001110011011010111011001111010011101000011111110000000000000000000000000000000000000000000000000000000000000000000000000000000000000000000 0 0
11425	33.053	0.000	( 0 )	010110101011111101000010000001011000110000001110011011010111011001111010011101000011111110000000000000000000000000000000000000000000000000000000000000000000000000000000000000000000 0 0
11505	33.053	0.000	( 0 )	010110101011111101000010000001011000110000001110011011010111011001111010011101000011111110000000000000000000000000000000000000000000000000000000000000000000000000000000000000000000 0 0
11467	33.053	0.000	( 0 )	010110101011111101000010000001011000110000001110011011010111011001111010011101000011111110000000000000000000000000000000000000000000000000000000000000000000000000000000000000000000 0 0
11501	33.053	0.000	( 0 )	010110101011111101000010000001011000110000001110011011010111011001111010011101000011111110000000000000000000000000000000000000000000000000000000000000000000000000000000000000000000 0 0
11426	33.053	0.000	( 0 )	010110101011111101000010000001011000110000001110011011010111011001111010011101000011111110000000000000000000000000000000000000000000000000000000000000000000000000000000000000000000 0 0
11358	34.164	0.000	( 0 )	010110101011111101000010000001011000110000001110011011010111011001111010011101001011111110000000000000000000000000000000000000000000000000000000000000000000000000000000000000000000 1 0
11313	34.164	0.000	( 0 )	010110101011111101000010000001011000110000001110011011010111011001111010011101001011111110000000000000000000000000000000000000000000000000000000000000000000000000000000000000000000 0 0
11361	34.164	0.000	( 0 )	010110101011111101000010000001011000110000001110011011010111011001111010011101001011111110000000000000000000000000000000000000000000000000000000000000000000000000000000000000000000 0 0
11355	34.164	0.000	( 0 )	010110101011111101000010000001011000110000001110011011010111011001111010011101001011111110000000000000000000000000000000000000000000000000000000000000000000000000000000000000000000 0 0
11308	34.164	0.000	( 0 )	010110101011111101000010000001011000110000001110011011010111011001111010011101001011111110000000000000000000000000000000000000000000000000000000000000000000000000000000000000000000 0 0
11224	37.502	0.000	( 0 )	010110011011111101000010000001011000110000001110011011010111011101111010011101001011111110000000000000000000000000000000000000000000000000000000000000000000000000000000000000000000 3 0
11225	37.502	0.000	( 0 )	010110011011111101000010000001011000110000001110011011010111011101111010011101001011111110000000000000000000000000000000000000000000000000000000000000000000000000000000000000000000 0 0
11223	37.502	0.000	( 0 )	010110011011111101000010000001011000110000001110011011010111011101111010011101001011111110000000000000000000000000000000000000000000000000000000000000000000000000000000000000000000 0 0
11207	38.614	0.000	( 0 )	010110011011111101000010000001011000110100001110011011010111011101111010011101001011111110000000000000000000000000000000000000000000000000000000000000000000000000000000000000000000 1 0
11164	38.614	0.000	( 0 )	010110011011111101000010000001011000110100001110011011010111011101111010011101001011111110000000000000000000000000000000000000000000000000000000000000000000000000000000000000000000 0 0
11163	38.614	0.000	( 0 )	010110011011111101000010000001011000110100001110011011010111011101111010011101001011111110000000000000000000000000000000000000000000000000000000000000000000000000000000000000000000 0 0
11204	38.614	0.000	( 0 )	010110011011111101000010000001011000110100001110011011010111011101111010011101001011111110000000000000000000000000000000000000000000000000000000000000000000000000000000000000000000 0 0
11208	38.614	0.000	( 0 )	010110011011111101000010000001011000110100001110011011010111011101111010011101001011111110000000000000000000000000000000000000000000000000000000000000000000000000000000000000000000 0 0
11162	38.614	0.000	( 0 )	010110011011111101000010000001011000110100001110011011010111011101111010011101001011111110000000000000000000000000000000000000000000000000000000000000000000000000000000000000000000 0 0
11197	38.614	0.000	( 0 )	010110011011111101000010000001011000110100001110011011010111011101111010011101001011111110000000000000000000000000000000000000000000000000000000000000000000000000000000000000000000 0 0
11195	38.614	0.000	( 0 )	010110011011111101000010000001011000110100001110011011010111011101111010011101001011111110000000000000000000000000000000000000000000000000000000000000000000000000000000000000000000 0 0
11166	38.614	0.000	( 0 )	010110011011111101000010000001011000110100001110011011010111011101111010011101001011111110000000000000000000000000000000000000000000000000000000000000000000000000000000000000000000 0 0
11063	39.725	0.000	( 0 )	010110011011111101000010000001011000110100001110011011010111011101111110011101001011111110000000000000000000000000000000000000000000000000000000000000000000000000000000000000000000 1 0
11113	39.725	0.000	( 0 )	010110011011111101000010000001011000110100001110011011010111011101111110011101001011111110000000000000000000000000000000000000000000000000000000000000000000000000000000000000000000 0 0
11129	39.725	0.000	( 0 )	010110011011111101000010000001011000110100001110011011010111011101111110011101001011111110000000000000000000000000000000000000000000000000000000000000000000000000000000000000000000 0 0
11064	39.725	0.000	( 0 )	010110011011111101000010000001011000110100001110011011010111011101111110011101001011111110000000000000000000000000000000000000000000000000000000000000000000000000000000000000000000 0 0
11158	39.725	0.000	( 0 )	010110011011111101000010000001011000110100001110011011010111011101111110011101001011111110000000000000000000000000000000000000000000000000000000000000000000000000000000000000000000 0 0
11109	39.725	0.000	( 0 )	010110011011111101000010000001011000110100001110011011010111011101111110011101001011111110000000000000000000000000000000000000000000000000000000000000000000000000000000000000000000 0 0
11079	39.725	0.000	( 0 )	010110011011111101000010000001011000110100001110011011010111011101111110011101001011111110000000000000000000000000000000000000000000000000000000000000000000000000000000000000000000 0 0
11066	39.725	0.000	( 0 )	010110011011111101000010000001011000110100001110011011010111011101111110011101001011111110000000000000000000000000000000000000000000000000000000000000000000000000000000000000000000 0 0
11135	39.725	0.000	( 0 )	010110011011111101000010000001011000110100001110011011010111011101111110011101001011111110000000000000000000000000000000000000000000000000000000000000000000000000000000000000000000 0 0
11083	39.725	0.000	( 0 )	010110011011111101000010000001011000110100001110011011010111011101111110011101001011111110000000000000000000000000000000000000000000000000000000000000000000000000000000000000000000 0 0
11062	39.725	0.000	( 0 )	010110011011111101000010000001011000110100001110011011010111011101111110011101001011111110000000000000000000000000000000000000000000000000000000000000000000000000000000000000000000 0 0
11084	39.725	0.000	( 0 )	010110011011111101000010000001011000110100001110011011010111011101111110011101001011111110000000000000000000000000000000000000000000000000000000000000000000000000000000000000000000 0 0
11136	39.725	0.000	( 0 )	010110011011111101000010000001011000110100001110011011010111011101111110011101001011111110000000000000000000000000000000000000000000000000000000000000000000000000000000000000000000 0 0
11114	39.725	0.000	( 0 )	010110011011111101000010000001011000110100001110011011010111011101111110011101001011111110000000000000000000000000000000000000000000000000000000000000000000000000000000000000000000 0 0
11078	39.725	0.000	( 0 )	010110011011111101000010000001011000110100001110011011010111011101111110011101001011111110000000000000000000000000000000000000000000000000000000000000000000000000000000000000000000 0 0
11155	39.725	0.000	( 0 )	010110011011111101000010000001011000110100001110011011010111011101111110011101001011111110000000000000000000000000000000000000000000000000000000000000000000000000000000000000000000 0 0
11119	39.725	0.000	( 0 )	010110011011111101000010000001011000110100001110011011010111011101111110011101001011111110000000000000000000000000000000000000000000000000000000000000000000000000000000000000000000 0 0
11107	39.725	0.000	( 0 )	010110011011111101000010000001011000110100001110011011010111011101111110011101001011111110000000000000000000000000000000000000000000000000000000000000000000000000000000000000000000 0 0
11106	39.725	0.000	( 0 )	010110011011111101000010000001011000110100001110011011010111011101111110011101001011111110000000000000000000000000000000000000000000000000000000000000000000000000000000000000000000 0 0
11132	39.725	0.000	( 0 )	010110011011111101000010000001011000110100001110011011010111011101111110011101001011111110000000000000000000000000000000000000000000000000000000000000000000000000000000000000000000 0 0
11074	39.725	0.000	( 0 )	010110011011111101000010000001011000110100001110011011010111011101111110011101001011111110000000000000000000000000000000000000000000000000000000000000000000000000000000000000000000 0 0
11120	39.725	0.000	( 0 )	010110011011111101000010000001011000110100001110011011010111011101111110011101001011111110000000000000000000000000000000000000000000000000000000000000000000000000000000000000000000 0 0
11127	39.725	0.000	( 0 )	010110011011111101000010000001011000110100001110011011010111011101111110011101001011111110000000000000000000000000000000000000000000000000000000000000000000000000000000000000000000 0 0
11065	39.725	0.000	( 0 )	010110011011111101000010000001011000110100001110011011010111011101111110011101001011111110000000000000000000000000000000000000000000000000000000000000000000000000000000000000000000 0 0
11088	39.725	0.000	( 0 )	010110011011111101000010000001011000110100001110011011010111011101111110011101001011111110000000000000000000000000000000000000000000000000000000000000000000000000000000000000000000 0 0
11090	39.725	0.000	( 0 )	010110011011111101000010000001011000110100001110011011010111011101111110011101001011111110000000000000000000000000000000000000000000000000000000000000000000000000000000000000000000 0 0
11108	39.725	0.000	( 0 )	010110011011111101000010000001011000110100001110011011010111011101111110011101001011111110000000000000000000000000000000000000000000000000000000000000000000000000000000000000000000 0 0
11159	39.725	0.000	( 0 )	010110011011111101000010000001011000110100001110011011010111011101111110011101001011111110000000000000000000000000000000000000000000000000000000000000000000000000000000000000000000 0 0
11051	40.836	0.000	( 0 )	010110011111111101000010000001011000110100001110011011010111011101111110011101001011111110000000000000000000000000000000000000000000000000000000000000000000000000000000000000000000 1 0
10991	40.836	0.000	( 0 )	010110011111111101000010000001011000110100001110011011010111011101111110011101001011111110000000000000000000000000000000000000000000000000000000000000000000000000000000000000000000 0 0
11055	40.836	0.000	( 0 )	010110011111111101000010000001011000110100001110011011010111011101111110011101001011111110000000000000000000000000000000000000000000000000000000000000000000000000000000000000000000 0 0
11044	40.836	0.000	( 0 )	010110011111111101000010000001011000110100001110011011010111011101111110011101001011111110000000000000000000000000000000000000000000000000000000000000000000000000000000000000000000 0 0
11045	40.836	0.000	( 0 )	010110011111111101000010000001011000110100001110011011010111011101111110011101001011111110000000000000000000000000000000000000000000000000000000000000000000000000000000000000000000 0 0
10963	40.836	0.000	( 0 )	010110011111111101000010000001011000110100001110011011010111011101111110011101001011111110000000000000000000000000000000000000000000000000000000000000000000000000000000000000000000 0 0
10961	40.836	0.000	( 0 )	010110011111111101000010000001011000110100001110011011010111011101111110011101001011111110000000000000000000000000000000000000000000000000000000000000000000000000000000000000000000 0 0
10960	40.836	0.000	( 0 )	010110011111111101000010000001011000110100001110011011010111011101111110011101001011111110000000000000000000000000000000000000000000000000000000000000000000000000000000000000000000 0 0
10957	40.836	0.000	( 0 )	010110011111111101000010000001011000110100001110011011010111011101111110011101001011111110000000000000000000000000000000000000000000000000000000000000000000000000000000000000000000 0 0
10964	40.836	0.000	( 0 )	010110011111111101000010000001011000110100001110011011010111011101111110011101001011111110000000000000000000000000000000000000000000000000000000000000000000000000000000000000000000 0 0
10962	40.836	0.000	( 0 )	010110011111111101000010000001011000110100001110011011010111011101111110011101001011111110000000000000000000000000000000000000000000000000000000000000000000000000000000000000000000 0 0
10959	40.836	0.000	( 0 )	010110011111111101000010000001011000110100001110011011010111011101111110011101001011111110000000000000000000000000000000000000000000000000000000000000000000000000000000000000000000 0 0
10946	40.836	0.000	( 0 )	010110011111111101000010000001011000110100001110011011010111011101111110011101001011111110000000000000000000000000000000000000000000000000000000000000000000000000000000000000000000 0 0
10914	41.948	0.000	( 0 )	010110011111111101000010000001011000110100001110011011010110011101111110011101001011111110000000000000000000000000000000000000000000000000000000000000000000000000000000000000000000 1 0
10943	43.059	0.000	( 0 )	010110011111111101000010000001011000110100001110011011010110011101110110011101001011111110000000000000000000000000000000000000000000000000000000000000000000000000000000000000000000 1 0
10808	48.637	0.000	( 0 )	010110011111111101001010000001011000110100001110011011110110011101110110011101011011111101000000000000000000000000000000000000000000000000000000000000000000000000000000000000000000 5 0
10821	49.749	0.000	( 0 )	011110011111111101001010000001011000110100001110011011110110011101110110011101011011111101000000000000000000000000000000000000000000000000000000000000000000000000000000000000000000 1 0
10866	49.749	0.000	( 0 )	011110011111111101001010000001011000110100001110011011110110011101110110011101011011111101000000000000000000000000000000000000000000000000000000000000000000000000000000000000000000 0 0
10842	49.749	0.000	( 0 )	011110011111111101001010000001011000110100001110011011110110011101110110011101011011111101000000000000000000000000000000000000000000000000000000000000000000000000000000000000000000 0 0
10848	49.749	0.000	( 0 )	011110011111111101001010000001011000110100001110011011110110011101110110011101011011111101000000000000000000000000000000000000000000000000000000000000000000000000000000000000000000 0 0
10818	49.749	0.000	( 0 )	011110011111111101001010000001011000110100001110011011110110011101110110011101011011111101000000000000000000000000000000000000000000000000000000000000000000000000000000000000000000 0 0
10841	49.749	0.000	( 0 )	011110011111111101001010000001011000110100001110011011110110011101110110011101011011111101000000000000000000000000000000000000000000000000000000000000000000000000000000000000000000 0 0
10864	49.749	0.000	( 0 )	011110011111111101001010000001011000110100001110011011110110011101110110011101011011111101000000000000000000000000000000000000000000000000000000000000000000000000000000000000000000 0 0
10854	49.749	0.000	( 0 )	011110011111111101001010000001011000110100001110011011110110011101110110011101011011111101000000000000000000000000000000000000000000000000000000000000000000000000000000000000000000 0 0
10846	49.749	0.000	( 0 )	011110011111111101001010000001011000110100001110011011110110011101110110011101011011111101000000000000000000000000000000000000000000000000000000000000000000000000000000000000000000 0 0
10819	49.749	0.000	( 0 )	011110011111111101001010000001011000110100001110011011110110011101110110011101011011111101000000000000000000000000000000000000000000000000000000000000000000000000000000000000000000 0 0
10860	49.749	0.000	( 0 )	011110011111111101001010000001011000110100001110011011110110011101110110011101011011111101000000000000000000000000000000000000000000000000000000000000000000000000000000000000000000 0 0
10850	49.749	0.000	( 0 )	011110011111111101001010000001011000110100001110011011110110011101110110011101011011111101000000000000000000000000000000000000000000000000000000000000000000000000000000000000000000 0 0
10839	49.749	0.000	( 0 )	011110011111111101001010000001011000110100001110011011110110011101110110011101011011111101000000000000000000000000000000000000000000000000000000000000000000000000000000000000000000 0 0
10845	49.749	0.000	( 0 )	011110011111111101001010000001011000110100001110011011110110011101110110011101011011111101000000000000000000000000000000000000000000000000000000000000000000000000000000000000000000 0 0
10820	49.749	0.000	( 0 )	011110011111111101001010000001011000110100001110011011110110011101110110011101011011111101000000000000000000000000000000000000000000000000000000000000000000000000000000000000000000 0 0
10774	50.860	0.000	( 0 )	011110011111111101001010000001011000110100001110011011100110011101110110011101011011111101000000000000000000000000000000000000000000000000000000000000000000000000000000000000000000 1 0
10778	50.860	0.000	( 0 )	011110011111111101001010000001011000110100001110011011100110011101110110011101011011111101000000000000000000000000000000000000000000000000000000000000000000000000000000000000000000 0 0
10777	50.860	0.000	( 0 )	011110011111111101001010000001011000110100001110011011100110011101110110011101011011111101000000000000000000000000000000000000000000000000000000000000000000000000000000000000000000 0 0
10766	50.860	0.000	( 0 )	011110011111111101001010000001011000110100001110011011100110011101110110011101011011111101000000000000000000000000000000000000000000000000000000000000000000000000000000000000000000 0 0
10776	50.860	0.000	( 0 )	011110011111111101001010000001011000110100001110011011100110011101110110011101011011111101000000000000000000000000000000000000000000000000000000000000000000000000000000000000000000 0 0
10770	50.860	0.000	( 0 )	011110011111111101001010000001011000110100001110011011100110011101110110011101011011111101000000000000000000000000000000000000000000000000000000000000000000000000000000000000000000 0 0
10767	50.860	0.000	( 0 )	011110011111111101001010000001011000110100001110011011100110011101110110011101011011111101000000000000000000000000000000000000000000000000000000000000000000000000000000000000000000 0 0
10772	50.860	0.000	( 0 )	011110011111111101001010000001011000110100001110011011100110011101110110011101011011111101000000000000000000000000000000000000000000000000000000000000000000000000000000000000000000 0 0
10760	50.860	0.000	( 0 )	011110011111111101001010000001011000110100001110011011100110011101110110011101011011111101000000000000000000000000000000000000000000000000000000000000000000000000000000000000000000 0 0
10771	50.860	0.000	( 0 )	011110011111111101001010000001011000110100001110011011100110011101110110011101011011111101000000000000000000000000000000000000000000000000000000000000000000000000000000000000000000 0 0
10779	50.860	0.000	( 0 )	011110011111111101001010000001011000110100001110011011100110011101110110011101011011111101000000000000000000000000000000000000000000000000000000000000000000000000000000000000000000 0 0
10765	50.860	0.000	( 0 )	011110011111111101001010000001011000110100001110011011100110011101110110011101011011111101000000000000000000000000000000000000000000000000000000000000000000000000000000000000000000 0 0
10769	50.860	0.000	( 0 )	011110011111111101001010000001011000110100001110011011100110011101110110011101011011111101000000000000000000000000000000000000000000000000000000000000000000000000000000000000000000 0 0
10791	50.860	0.000	( 0 )	011110011111111101001010000001011000110100001110011011100110011101110110011101011011111101000000000000000000000000000000000000000000000000000000000000000000000000000000000000000000 0 0
10763	50.860	0.000	( 0 )	011110011111111101001010000001011000110100001110011011100110011101110110011101011011111101000000000000000000000000000000000000000000000000000000000000000000000000000000000000000000 0 0
10775	50.860	0.000	( 0 )	011110011111111101001010000001011000110100001110011011100110011101110110011101011011111101000000000000000000000000000000000000000000000000000000000000000000000000000000000000000000 0 0
10773	50.860	0.000	( 0 )	011110011111111101001010000001011000110100001110011011100110011101110110011101011011111101000000000000000000000000000000000000000000000000000000000000000000000000000000000000000000 0 0
10789	50.860	0.000	( 0 )	011110011111111101001010000001011000110100001110011011100110011101110110011101011011111101000000000000000000000000000000000000000000000000000000000000000000000000000000000000000000 0 0
10764	50.860	0.000	( 0 )	011110011111111101001010000001011000110100001110011011100110011101110110011101011011111101000000000000000000000000000000000000000000000000000000000000000000000000000000000000000000 0 0
10699	53.084	0.000	( 0 )	011110011111111111001010000001011000110100001010011011100110011101110110011101011011111101000000000000000000000000000000000000000000000000000000000000000000000000000000000000000000 2 0
10687	53.084	0.000	( 0 )	011110011111111111001010000001011000110100001010011011100110011101110110011101011011111101000000000000000000000000000000000000000000000000000000000000000000000000000000000000000000 0 0
10634	55.307	0.000	( 0 )	011110011111111111001010000001011000110100001000010011100110011101110110011101011011111101000000000000000000000000000000000000000000000000000000000000000000000000000000000000000000 2 0
10632	55.307	0.000	( 0 )	011110011111111111001010000001011000110100001000010011100110011101110110011101011011111101000000000000000000000000000000000000000000000000000000000000000000000000000000000000000000 0 0
10625	55.307	0.000	( 0 )	011110011111111111001010000001011000110100001000010011100110011101110110011101011011111101000000000000000000000000000000000000000000000000000000000000000000000000000000000000000000 0 0
10635	55.307	0.000	( 0 )	011110011111111111001010000001011000110100001000010011100110011101110110011101011011111101000000000000000000000000000000000000000000000000000000000000000000000000000000000000000000 0 0
10639	55.307	0.000	( 0 )	011110011111111111001010000001011000110100001000010011100110011101110110011101011011111101000000000000000000000000000000000000000000000000000000000000000000000000000000000000000000 0 0
10626	55.307	0.000	( 0 )	011110011111111111001010000001011000110100001000010011100110011101110110011101011011111101000000000000000000000000000000000000000000000000000000000000000000000000000000000000000000 0 0
10629	55.307	0.000	( 0 )	011110011111111111001010000001011000110100001000010011100110011101110110011101011011111101000000000000000000000000000000000000000000000000000000000000000000000000000000000000000000 0 0
10637	55.307	0.000	( 0 )	011110011111111111001010000001011000110100001000010011100110011101110110011101011011111101000000000000000000000000000000000000000000000000000000000000000000000000000000000000000000 0 0
10638	55.307	0.000	( 0 )	011110011111111111001010000001011000110100001000010011100110011101110110011101011011111101000000000000000000000000000000000000000000000000000000000000000000000000000000000000000000 0 0
10623	55.307	0.000	( 0 )	011110011111111111001010000001011000110100001000010011100110011101110110011101011011111101000000000000000000000000000000000000000000000000000000000000000000000000000000000000000000 0 0
10631	55.307	0.000	( 0 )	011110011111111111001010000001011000110100001000010011100110011101110110011101011011111101000000000000000000000000000000000000000000000000000000000000000000000000000000000000000000 0 0
10630	55.307	0.000	( 0 )	011110011111111111001010000001011000110100001000010011100110011101110110011101011011111101000000000000000000000000000000000000000000000000000000000000000000000000000000000000000000 0 0
10627	55.307	0.000	( 0 )	011110011111111111001010000001011000110100001000010011100110011101110110011101011011111101000000000000000000000000000000000000000000000000000000000000000000000000000000000000000000 0 0
10633	55.307	0.000	( 0 )	011110011111111111001010000001011000110100001000010011100110011101110110011101011011111101000000000000000000000000000000000000000000000000000000000000000000000000000000000000000000 0 0
10611	58.646	0.000	( 0 )	011110011111111111001010000011011000110100001000010011100110011101110100011101011011110101000000000000000000000000000000000000000000000000000000000000000000000000000000000000000000 3 0
10569	65.352	0.000	( 0 )	011100011111111111001010000010011000110100001000010111100110011100110100011101011000110101000000000000000000000000000000000000000000000000000000000000000000000000000000000000000000 6 0
10536	68.691	0.000	( 0 )	111100011111110111001010000010011000110100001000010111100110011100110100011001011000110101000000000000000000000000000000000000000000000000000000000000000000000000000000000000000000 3 0
10531	68.691	0.000	( 0 )	111100011111110111001010000010011000110100001000010111100110011100110100011001011000110101000000000000000000000000000000000000000000000000000000000000000000000000000000000000000000 0 0
10529	69.802	0.000	( 0 )	111100011111110111001010000010011000110100001000010111100110011100110100010001011000110101000000000000000000000000000000000000000000000000000000000000000000000000000000000000000000 1 0
10501	70.913	0.000	( 0 )	111100011111110111001010000010011000110100001000010111100110011100010100010001011000110101000000000000000000000000000000000000000000000000000000000000000000000000000000000000000000 1 0
10506	70.913	0.000	( 0 )	111100011111110111001010000010011000110100001000010111100110011100010100010001011000110101000000000000000000000000000000000000000000000000000000000000000000000000000000000000000000 0 0
10467	70.913	0.000	( 0 )	111100011111110111001010000010011000110100001000010111100110011100010100010001011000110101000000000000000000000000000000000000000000000000000000000000000000000000000000000000000000 0 0
10503	70.913	0.000	( 0 )	111100011111110111001010000010011000110100001000010111100110011100010100010001011000110101000000000000000000000000000000000000000000000000000000000000000000000000000000000000000000 0 0
10505	70.913	0.000	( 0 )	111100011111110111001010000010011000110100001000010111100110011100010100010001011000110101000000000000000000000000000000000000000000000000000000000000000000000000000000000000000000 0 0
10507	70.913	0.000	( 0 )	111100011111110111001010000010011000110100001000010111100110011100010100010001011000110101000000000000000000000000000000000000000000000000000000000000000000000000000000000000000000 0 0
10468	70.913	0.000	( 0 )	111100011111110111001010000010011000110100001000010111100110011100010100010001011000110101000000000000000000000000000000000000000000000000000000000000000000000000000000000000000000 0 0
10502	70.913	0.000	( 0 )	111100011111110111001010000010011000110100001000010111100110011100010100010001011000110101000000000000000000000000000000000000000000000000000000000000000000000000000000000000000000 0 0
10518	70.913	0.000	( 0 )	111100011111110111001010000010011000110100001000010111100110011100010100010001011000110101000000000000000000000000000000000000000000000000000000000000000000000000000000000000000000 0 0
10504	70.913	0.000	( 0 )	111100011111110111001010000010011000110100001000010111100110011100010100010001011000110101000000000000000000000000000000000000000000000000000000000000000000000000000000000000000000 0 0
10484	72.024	0.000	( 0 )	111100011111110111001010000010011000110100001000010111100110011100010100010000011000110101000000000000000000000000000000000000000000000000000000000000000000000000000000000000000000 1 0
10485	72.024	0.000	( 0 )	111100011111110111001010000010011000110100001000010111100110011100010100010000011000110101000000000000000000000000000000000000000000000000000000000000000000000000000000000000000000 0 0
10479	72.024	0.000	( 0 )	111100011111110111001010000010011000110100001000010111100110011100010100010000011000110101000000000000000000000000000000000000000000000000000000000000000000000000000000000000000000 0 0
10481	72.024	0.000	( 0 )	111100011111110111001010000010011000110100001000010111100110011100010100010000011000110101000000000000000000000000000000000000000000000000000000000000000000000000000000000000000000 0 0
