#java OrderMarkers2 data=- evaluateOrder=reordermarkers/iterations/ordered.28.1 useKosambi=1 numThreads=4 calculateIntervals=intervals/ordered.28.intervals randSeed=21087836248441164
Loading file
No grandparents present in family V
Number of individuals = 92
Number of families = 1
File loaded with 31656 SNPs
Number of individuals = 92 excluding grandparents
Number of families = 1
Number of markers = 41
Setting dataScale to 1.0 all likelihoods will be multiplied by 1.0
Initial score = -282.41830682173475
Iteration 1 of 6
884884288488421 done
Polishing map...
score = -282.41830682173475
score = -282.41830682173475
score = -282.41830682173475
score = -282.41830682173475
Iteration 2 of 6
884884288488421 done
Polishing map...
score = -282.41830682173475
score = -282.41830682173475
score = -282.41830682173475
score = -282.41830682173475
Iteration 3 of 6
884884288488421 done
Polishing map...
score = -282.41830682173475
score = -282.41830682173475
score = -282.41830682173475
score = -282.41830682173475
Iteration 4 of 6
884884288488421 done
Polishing map...
score = -282.41830682173475
score = -282.41830682173475
score = -282.41830682173475
score = -282.41830682173475
Iteration 5 of 6
884884288488421 done
Polishing map...
score = -282.41830682173475
score = -282.41830682173475
score = -282.41830682173475
score = -282.41830682173475
Iteration 6 of 6
884884288488421 done
Polishing map...
score = -282.41830682173475
score = -282.41830682173475
score = -282.41830682173475
score = -282.41830682173475
Final score = -282.41830682173475
Setting dataScale to 1.0 all likelihoods will be multiplied by 1.0
logL = -282.41830682173475
number of recombinations = 47.0 logL = -282.41830682173475
Individual	V	P14459_101_S1	recombines	1	times
Individual	V	P14459_103_S3	recombines	1	times
Individual	V	P14459_105_S5	recombines	1	times
Individual	V	P14459_108_S8	recombines	1	times
Individual	V	P14459_109_S9	recombines	1	times
Individual	V	P14459_110_S10	recombines	1	times
Individual	V	P14459_112_S12	recombines	1	times
Individual	V	P14459_113_S13	recombines	1	times
Individual	V	P14459_116_S16	recombines	1	times
Individual	V	P14459_117_S17	recombines	1	times
Individual	V	P14459_118_S18	recombines	1	times
Individual	V	P14459_119_S19	recombines	1	times
Individual	V	P14459_120_S20	recombines	1	times
Individual	V	P14459_123_S23	recombines	1	times
Individual	V	P14459_125_S25	recombines	1	times
Individual	V	P14459_128_S28	recombines	1	times
Individual	V	P14459_129_S29	recombines	1	times
Individual	V	P14459_134_S34	recombines	1	times
Individual	V	P14459_135_S35	recombines	1	times
Individual	V	P14459_136_S36	recombines	1	times
Individual	V	P14459_139_S39	recombines	1	times
Individual	V	P14459_142_S42	recombines	1	times
Individual	V	P14459_144_S44	recombines	1	times
Individual	V	P14459_145_S45	recombines	1	times
Individual	V	P14459_146_S46	recombines	1	times
Individual	V	P14459_148_S48	recombines	1	times
Individual	V	P14459_149_S49	recombines	1	times
Individual	V	P14459_156_S56	recombines	1	times
Individual	V	P14459_157_S57	recombines	1	times
Individual	V	P14459_159_S59	recombines	1	times
Individual	V	P14459_164_S64	recombines	1	times
Individual	V	P14459_166_S66	recombines	1	times
Individual	V	P14459_167_S67	recombines	1	times
Individual	V	P14459_168_S68	recombines	1	times
Individual	V	P14459_170_S70	recombines	1	times
Individual	V	P14459_171_S71	recombines	1	times
Individual	V	P14459_172_S72	recombines	1	times
Individual	V	P14459_173_S73	recombines	1	times
Individual	V	P14459_174_S74	recombines	1	times
Individual	V	P14459_177_S77	recombines	1	times
Individual	V	P14459_180_S80	recombines	1	times
Individual	V	P14459_182_S82	recombines	1	times
Individual	V	P14459_183_S83	recombines	1	times
Individual	V	P14459_186_S86	recombines	1	times
Individual	V	P14459_187_S87	recombines	1	times
Individual	V	P14459_190_S90	recombines	1	times
Individual	V	P14459_192_S92	recombines	1	times
#*** LG = 0 likelihood = -282.4183
#marker_number	male_position	female_position	( 0.0 )[	phased data]
29386	0.000	0.000	( 0 )	101010010010000100000010011010111011110010111001001011011111000001001000111111100100001011000000000000000000000000000000000000000000000000000000000000000000000000000000000000000000 0 0
29699	51.986	0.000	( 0 )	001010100001000011100110011110110111010101110101001000001111111100000100110100101000000011000000000000000000000000000000000000000000000000000000000000000000000000000000000000000000 35 0
29694	53.097	0.000	( 0 )	001010100001000011100110011110110111010101110101001000001111111100000100110100101000100011000000000000000000000000000000000000000000000000000000000000000000000000000000000000000000 1 0
29687	53.097	0.000	( 0 )	001010100001000011100110011110110111010101110101001000001111111100000100110100101000100011000000000000000000000000000000000000000000000000000000000000000000000000000000000000000000 0 0
29692	53.097	0.000	( 0 )	001010100001000011100110011110110111010101110101001000001111111100000100110100101000100011000000000000000000000000000000000000000000000000000000000000000000000000000000000000000000 0 0
29689	53.097	0.000	( 0 )	001010100001000011100110011110110111010101110101001000001111111100000100110100101000100011000000000000000000000000000000000000000000000000000000000000000000000000000000000000000000 0 0
29688	53.097	0.000	( 0 )	001010100001000011100110011110110111010101110101001000001111111100000100110100101000100011000000000000000000000000000000000000000000000000000000000000000000000000000000000000000000 0 0
29693	53.097	0.000	( 0 )	001010100001000011100110011110110111010101110101001000001111111100000100110100101000100011000000000000000000000000000000000000000000000000000000000000000000000000000000000000000000 0 0
29697	53.097	0.000	( 0 )	001010100001000011100110011110110111010101110101001000001111111100000100110100101000100011000000000000000000000000000000000000000000000000000000000000000000000000000000000000000000 0 0
29691	53.097	0.000	( 0 )	001010100001000011100110011110110111010101110101001000001111111100000100110100101000100011000000000000000000000000000000000000000000000000000000000000000000000000000000000000000000 0 0
29661	54.209	0.000	( 0 )	001010100001000011100110011110110111010101110101001000001111111100010100110100101000100011000000000000000000000000000000000000000000000000000000000000000000000000000000000000000000 1 0
29660	54.209	0.000	( 0 )	001010100001000011100110011110110111010101110101001000001111111100010100110100101000100011000000000000000000000000000000000000000000000000000000000000000000000000000000000000000000 0 0
29662	54.209	0.000	( 0 )	001010100001000011100110011110110111010101110101001000001111111100010100110100101000100011000000000000000000000000000000000000000000000000000000000000000000000000000000000000000000 0 0
29667	54.209	0.000	( 0 )	001010100001000011100110011110110111010101110101001000001111111100010100110100101000100011000000000000000000000000000000000000000000000000000000000000000000000000000000000000000000 0 0
29587	58.665	0.000	( 0 )	001110100001000011100110010110110111010101010101001000001111111100110100110100101000100011000000000000000000000000000000000000000000000000000000000000000000000000000000000000000000 4 0
29586	58.665	0.000	( 0 )	001110100001000011100110010110110111010101010101001000001111111100110100110100101000100011000000000000000000000000000000000000000000000000000000000000000000000000000000000000000000 0 0
29590	58.665	0.000	( 0 )	001110100001000011100110010110110111010101010101001000001111111100110100110100101000100011000000000000000000000000000000000000000000000000000000000000000000000000000000000000000000 0 0
29529	58.665	0.000	( 0 )	001110100001000011100110010110110111010101010101001000001111111100110100110100101000100011000000000000000000000000000000000000000000000000000000000000000000000000000000000000000000 0 0
29539	58.665	0.000	( 0 )	001110100001000011100110010110110111010101010101001000001111111100110100110100101000100011000000000000000000000000000000000000000000000000000000000000000000000000000000000000000000 0 0
29541	58.665	0.000	( 0 )	001110100001000011100110010110110111010101010101001000001111111100110100110100101000100011000000000000000000000000000000000000000000000000000000000000000000000000000000000000000000 0 0
29537	58.665	0.000	( 0 )	001110100001000011100110010110110111010101010101001000001111111100110100110100101000100011000000000000000000000000000000000000000000000000000000000000000000000000000000000000000000 0 0
29525	58.665	0.000	( 0 )	001110100001000011100110010110110111010101010101001000001111111100110100110100101000100011000000000000000000000000000000000000000000000000000000000000000000000000000000000000000000 0 0
29528	58.665	0.000	( 0 )	001110100001000011100110010110110111010101010101001000001111111100110100110100101000100011000000000000000000000000000000000000000000000000000000000000000000000000000000000000000000 0 0
29530	58.665	0.000	( 0 )	001110100001000011100110010110110111010101010101001000001111111100110100110100101000100011000000000000000000000000000000000000000000000000000000000000000000000000000000000000000000 0 0
29527	58.665	0.000	( 0 )	001110100001000011100110010110110111010101010101001000001111111100110100110100101000100011000000000000000000000000000000000000000000000000000000000000000000000000000000000000000000 0 0
29588	58.665	0.000	( 0 )	001110100001000011100110010110110111010101010101001000001111111100110100110100101000100011000000000000000000000000000000000000000000000000000000000000000000000000000000000000000000 0 0
29522	59.776	0.000	( 0 )	001110100001000011100110010110110111010101010101001000001111111100110101110100101000100011000000000000000000000000000000000000000000000000000000000000000000000000000000000000000000 1 0
29497	59.776	0.000	( 0 )	001110100001000011100110010110110111010101010101001000001111111100110101110100101000100011000000000000000000000000000000000000000000000000000000000000000000000000000000000000000000 0 0
29486	59.776	0.000	( 0 )	001110100001000011100110010110110111010101010101001000001111111100110101110100101000100011000000000000000000000000000000000000000000000000000000000000000000000000000000000000000000 0 0
29491	60.887	0.000	( 0 )	001110100001001011100110010110110111010101010101001000001111111100110101110100101000100011000000000000000000000000000000000000000000000000000000000000000000000000000000000000000000 1 0
29463	61.999	0.000	( 0 )	001110101001001011100110010110110111010101010101001000001111111100110101110100101000100011000000000000000000000000000000000000000000000000000000000000000000000000000000000000000000 1 0
29462	61.999	0.000	( 0 )	001110101001001011100110010110110111010101010101001000001111111100110101110100101000100011000000000000000000000000000000000000000000000000000000000000000000000000000000000000000000 0 0
29456	61.999	0.000	( 0 )	001110101001001011100110010110110111010101010101001000001111111100110101110100101000100011000000000000000000000000000000000000000000000000000000000000000000000000000000000000000000 0 0
29446	61.999	0.000	( 0 )	001110101001001011100110010110110111010101010101001000001111111100110101110100101000100011000000000000000000000000000000000000000000000000000000000000000000000000000000000000000000 0 0
29453	61.999	0.000	( 0 )	001110101001001011100110010110110111010101010101001000001111111100110101110100101000100011000000000000000000000000000000000000000000000000000000000000000000000000000000000000000000 0 0
29452	61.999	0.000	( 0 )	001110101001001011100110010110110111010101010101001000001111111100110101110100101000100011000000000000000000000000000000000000000000000000000000000000000000000000000000000000000000 0 0
29436	64.222	0.000	( 0 )	011110101001001011100111010110110111010101010101001000001111111100110101110100101000100011000000000000000000000000000000000000000000000000000000000000000000000000000000000000000000 2 0
29438	64.222	0.000	( 0 )	011110101001001011100111010110110111010101010101001000001111111100110101110100101000100011000000000000000000000000000000000000000000000000000000000000000000000000000000000000000000 0 0
29441	64.222	0.000	( 0 )	011110101001001011100111010110110111010101010101001000001111111100110101110100101000100011000000000000000000000000000000000000000000000000000000000000000000000000000000000000000000 0 0
29433	64.222	0.000	( 0 )	011110101001001011100111010110110111010101010101001000001111111100110101110100101000100011000000000000000000000000000000000000000000000000000000000000000000000000000000000000000000 0 0
29429	65.334	0.000	( 0 )	011110101001001011100111010110100111010101010101001000001111111100110101110100101000100011000000000000000000000000000000000000000000000000000000000000000000000000000000000000000000 1 0
