#java OrderMarkers2 data=- evaluateOrder=reordermarkers/iterations/ordered.26.1 useKosambi=1 numThreads=4 calculateIntervals=intervals/ordered.26.intervals randSeed=3712166817644922707
Loading file
No grandparents present in family V
Number of individuals = 92
Number of families = 1
File loaded with 31656 SNPs
Number of individuals = 92 excluding grandparents
Number of families = 1
Number of markers = 247
Setting dataScale to 0.3643724696356275 all likelihoods will be multiplied by 2.7444444444444445
Initial score = -1466.5974655393934
Iteration 1 of 6
884884288488421 done
Polishing map...
score = -1466.5974655393934
score = -1466.5974655393934
score = -1466.5974655393934
score = -1466.5974655393934
Iteration 2 of 6
884884288488421 done
Polishing map...
score = -1466.5974655393934
score = -1466.5974655393934
score = -1466.5974655393934
score = -1466.5974655393934
Iteration 3 of 6
884884288488421 done
Polishing map...
score = -1466.5974655393934
score = -1466.5974655393934
score = -1466.5974655393934
score = -1466.5974655393934
Iteration 4 of 6
884884288488421 done
Polishing map...
score = -1484.2934598956997
score = -1484.2934598956997
score = -1484.2934598956997
score = -1472.8120737318372
Iteration 5 of 6
884884288488421 done
Polishing map...
score = -1466.5974655393934
score = -1466.5974655393934
score = -1466.5974655393934
score = -1466.5974655393934
Iteration 6 of 6
884884288488421 done
Polishing map...
score = -1490.5080680881435
score = -1490.5080680881435
score = -1484.2934598956997
score = -1484.2934598956997
Final score = -1466.5974655393934
Setting dataScale to 0.3643724696356275 all likelihoods will be multiplied by 2.7444444444444445
logL = -1466.5974655393934
number of recombinations = 46.0 logL = -1466.5974655393934
Individual	V	P14459_104_S4	recombines	1	times
Individual	V	P14459_105_S5	recombines	1	times
Individual	V	P14459_108_S8	recombines	1	times
Individual	V	P14459_111_S11	recombines	1	times
Individual	V	P14459_112_S12	recombines	1	times
Individual	V	P14459_114_S14	recombines	1	times
Individual	V	P14459_115_S15	recombines	1	times
Individual	V	P14459_123_S23	recombines	1	times
Individual	V	P14459_124_S24	recombines	1	times
Individual	V	P14459_125_S25	recombines	1	times
Individual	V	P14459_127_S27	recombines	1	times
Individual	V	P14459_128_S28	recombines	1	times
Individual	V	P14459_129_S29	recombines	1	times
Individual	V	P14459_131_S31	recombines	1	times
Individual	V	P14459_132_S32	recombines	1	times
Individual	V	P14459_135_S35	recombines	1	times
Individual	V	P14459_137_S37	recombines	1	times
Individual	V	P14459_140_S40	recombines	1	times
Individual	V	P14459_144_S44	recombines	1	times
Individual	V	P14459_146_S46	recombines	1	times
Individual	V	P14459_147_S47	recombines	1	times
Individual	V	P14459_149_S49	recombines	1	times
Individual	V	P14459_150_S50	recombines	1	times
Individual	V	P14459_152_S52	recombines	1	times
Individual	V	P14459_157_S57	recombines	1	times
Individual	V	P14459_161_S61	recombines	1	times
Individual	V	P14459_162_S62	recombines	1	times
Individual	V	P14459_164_S64	recombines	1	times
Individual	V	P14459_166_S66	recombines	1	times
Individual	V	P14459_169_S69	recombines	1	times
Individual	V	P14459_170_S70	recombines	1	times
Individual	V	P14459_172_S72	recombines	1	times
Individual	V	P14459_173_S73	recombines	1	times
Individual	V	P14459_176_S76	recombines	1	times
Individual	V	P14459_178_S78	recombines	1	times
Individual	V	P14459_179_S79	recombines	1	times
Individual	V	P14459_180_S80	recombines	1	times
Individual	V	P14459_181_S81	recombines	1	times
Individual	V	P14459_183_S83	recombines	1	times
Individual	V	P14459_186_S86	recombines	1	times
Individual	V	P14459_187_S87	recombines	1	times
Individual	V	P14459_188_S88	recombines	1	times
Individual	V	P14459_189_S89	recombines	1	times
Individual	V	P14459_194_S94	recombines	2	times
Individual	V	P14459_195_S95	recombines	1	times
#*** LG = 0 likelihood = -1466.5975
#marker_number	male_position	female_position	( 0.0 )[	phased data]
31641	0.000	0.000	( 0 )	011101100111011001101001111010001010100101100000000111111000111010010100011010111011100000000000000000000000000000000000000000000000000000000000000000000000000000000000000000000000 0 0
31641	0.000	0.000	( 0 )	011101100111011001101001111010001010100101100000000111111000111010010100011010111011100000000000000000000000000000000000000000000000000000000000000000000000000000000000000000000000 0 0
31656	0.000	0.000	( 0 )	011101100111011001101001111010001010100101100000000111111000111010010100011010111011100000000000000000000000000000000000000000000000000000000000000000000000000000000000000000000000 0 0
31642	0.000	0.000	( 0 )	011101100111011001101001111010001010100101100000000111111000111010010100011010111011100000000000000000000000000000000000000000000000000000000000000000000000000000000000000000000000 0 0
31654	0.000	0.000	( 0 )	011101100111011001101001111010001010100101100000000111111000111010010100011010111011100000000000000000000000000000000000000000000000000000000000000000000000000000000000000000000000 0 0
31639	0.000	0.000	( 0 )	011101100111011001101001111010001010100101100000000111111000111010010100011010111011100000000000000000000000000000000000000000000000000000000000000000000000000000000000000000000000 0 0
31655	0.000	0.000	( 0 )	011101100111011001101001111010001010100101100000000111111000111010010100011010111011100000000000000000000000000000000000000000000000000000000000000000000000000000000000000000000000 0 0
31653	0.000	0.000	( 0 )	011101100111011001101001111010001010100101100000000111111000111010010100011010111011100000000000000000000000000000000000000000000000000000000000000000000000000000000000000000000000 0 0
31643	0.000	0.000	( 0 )	011101100111011001101001111010001010100101100000000111111000111010010100011010111011100000000000000000000000000000000000000000000000000000000000000000000000000000000000000000000000 0 0
31640	0.000	0.000	( 0 )	011101100111011001101001111010001010100101100000000111111000111010010100011010111011100000000000000000000000000000000000000000000000000000000000000000000000000000000000000000000000 0 0
31623	1.111	0.000	( 0 )	011101100111011001101001111010001010100101100000100111111000111010010100011010111011100000000000000000000000000000000000000000000000000000000000000000000000000000000000000000000000 1 0
31638	1.111	0.000	( 0 )	011101100111011001101001111010001010100101100000100111111000111010010100011010111011100000000000000000000000000000000000000000000000000000000000000000000000000000000000000000000000 0 0
31636	1.111	0.000	( 0 )	011101100111011001101001111010001010100101100000100111111000111010010100011010111011100000000000000000000000000000000000000000000000000000000000000000000000000000000000000000000000 0 0
31613	1.111	0.000	( 0 )	011101100111011001101001111010001010100101100000100111111000111010010100011010111011100000000000000000000000000000000000000000000000000000000000000000000000000000000000000000000000 0 0
31612	1.111	0.000	( 0 )	011101100111011001101001111010001010100101100000100111111000111010010100011010111011100000000000000000000000000000000000000000000000000000000000000000000000000000000000000000000000 0 0
31611	1.111	0.000	( 0 )	011101100111011001101001111010001010100101100000100111111000111010010100011010111011100000000000000000000000000000000000000000000000000000000000000000000000000000000000000000000000 0 0
31627	1.111	0.000	( 0 )	011101100111011001101001111010001010100101100000100111111000111010010100011010111011100000000000000000000000000000000000000000000000000000000000000000000000000000000000000000000000 0 0
31610	1.111	0.000	( 0 )	011101100111011001101001111010001010100101100000100111111000111010010100011010111011100000000000000000000000000000000000000000000000000000000000000000000000000000000000000000000000 0 0
31628	1.111	0.000	( 0 )	011101100111011001101001111010001010100101100000100111111000111010010100011010111011100000000000000000000000000000000000000000000000000000000000000000000000000000000000000000000000 0 0
31637	1.111	0.000	( 0 )	011101100111011001101001111010001010100101100000100111111000111010010100011010111011100000000000000000000000000000000000000000000000000000000000000000000000000000000000000000000000 0 0
31618	2.223	0.000	( 0 )	011101100111011001101001111010001010100101100000100111111000111010010100011110111011100000000000000000000000000000000000000000000000000000000000000000000000000000000000000000000000 1 0
31619	2.223	0.000	( 0 )	011101100111011001101001111010001010100101100000100111111000111010010100011110111011100000000000000000000000000000000000000000000000000000000000000000000000000000000000000000000000 0 0
31573	4.446	0.000	( 0 )	011101100111011001101001111010001010100101100000100110111000111010010100011110111111100000000000000000000000000000000000000000000000000000000000000000000000000000000000000000000000 2 0
31574	5.558	0.000	( 0 )	011101100101011001101001111010001010100101100000100110111000111010010100011110111111100000000000000000000000000000000000000000000000000000000000000000000000000000000000000000000000 1 0
31572	5.558	0.000	( 0 )	011101100101011001101001111010001010100101100000100110111000111010010100011110111111100000000000000000000000000000000000000000000000000000000000000000000000000000000000000000000000 0 0
31562	6.669	0.000	( 0 )	011101100101011001101001111010001010100101100100100110111000111010010100011110111111100000000000000000000000000000000000000000000000000000000000000000000000000000000000000000000000 1 0
31558	6.669	0.000	( 0 )	011101100101011001101001111010001010100101100100100110111000111010010100011110111111100000000000000000000000000000000000000000000000000000000000000000000000000000000000000000000000 0 0
31560	6.669	0.000	( 0 )	011101100101011001101001111010001010100101100100100110111000111010010100011110111111100000000000000000000000000000000000000000000000000000000000000000000000000000000000000000000000 0 0
31561	6.669	0.000	( 0 )	011101100101011001101001111010001010100101100100100110111000111010010100011110111111100000000000000000000000000000000000000000000000000000000000000000000000000000000000000000000000 0 0
31559	6.669	0.000	( 0 )	011101100101011001101001111010001010100101100100100110111000111010010100011110111111100000000000000000000000000000000000000000000000000000000000000000000000000000000000000000000000 0 0
31528	7.780	0.000	( 0 )	011101100101011001101001111010001010100101100100100110111000111011010100011110111111100000000000000000000000000000000000000000000000000000000000000000000000000000000000000000000000 1 0
31518	7.780	0.000	( 0 )	011101100101011001101001111010001010100101100100100110111000111011010100011110111111100000000000000000000000000000000000000000000000000000000000000000000000000000000000000000000000 0 0
31512	7.780	0.000	( 0 )	011101100101011001101001111010001010100101100100100110111000111011010100011110111111100000000000000000000000000000000000000000000000000000000000000000000000000000000000000000000000 0 0
31503	7.780	0.000	( 0 )	011101100101011001101001111010001010100101100100100110111000111011010100011110111111100000000000000000000000000000000000000000000000000000000000000000000000000000000000000000000000 0 0
31521	7.780	0.000	( 0 )	011101100101011001101001111010001010100101100100100110111000111011010100011110111111100000000000000000000000000000000000000000000000000000000000000000000000000000000000000000000000 0 0
31527	7.780	0.000	( 0 )	011101100101011001101001111010001010100101100100100110111000111011010100011110111111100000000000000000000000000000000000000000000000000000000000000000000000000000000000000000000000 0 0
31504	7.780	0.000	( 0 )	011101100101011001101001111010001010100101100100100110111000111011010100011110111111100000000000000000000000000000000000000000000000000000000000000000000000000000000000000000000000 0 0
31510	7.780	0.000	( 0 )	011101100101011001101001111010001010100101100100100110111000111011010100011110111111100000000000000000000000000000000000000000000000000000000000000000000000000000000000000000000000 0 0
31526	7.780	0.000	( 0 )	011101100101011001101001111010001010100101100100100110111000111011010100011110111111100000000000000000000000000000000000000000000000000000000000000000000000000000000000000000000000 0 0
31514	7.780	0.000	( 0 )	011101100101011001101001111010001010100101100100100110111000111011010100011110111111100000000000000000000000000000000000000000000000000000000000000000000000000000000000000000000000 0 0
31508	7.780	0.000	( 0 )	011101100101011001101001111010001010100101100100100110111000111011010100011110111111100000000000000000000000000000000000000000000000000000000000000000000000000000000000000000000000 0 0
31511	7.780	0.000	( 0 )	011101100101011001101001111010001010100101100100100110111000111011010100011110111111100000000000000000000000000000000000000000000000000000000000000000000000000000000000000000000000 0 0
31509	7.780	0.000	( 0 )	011101100101011001101001111010001010100101100100100110111000111011010100011110111111100000000000000000000000000000000000000000000000000000000000000000000000000000000000000000000000 0 0
31459	8.891	0.000	( 0 )	011101100101011001101001111010001010100101100100100110111000111011010100011111111111100000000000000000000000000000000000000000000000000000000000000000000000000000000000000000000000 1 0
31488	8.891	0.000	( 0 )	011101100101011001101001111010001010100101100100100110111000111011010100011111111111100000000000000000000000000000000000000000000000000000000000000000000000000000000000000000000000 0 0
31498	8.891	0.000	( 0 )	011101100101011001101001111010001010100101100100100110111000111011010100011111111111100000000000000000000000000000000000000000000000000000000000000000000000000000000000000000000000 0 0
31463	8.891	0.000	( 0 )	011101100101011001101001111010001010100101100100100110111000111011010100011111111111100000000000000000000000000000000000000000000000000000000000000000000000000000000000000000000000 0 0
31493	8.891	0.000	( 0 )	011101100101011001101001111010001010100101100100100110111000111011010100011111111111100000000000000000000000000000000000000000000000000000000000000000000000000000000000000000000000 0 0
31492	8.891	0.000	( 0 )	011101100101011001101001111010001010100101100100100110111000111011010100011111111111100000000000000000000000000000000000000000000000000000000000000000000000000000000000000000000000 0 0
31494	8.891	0.000	( 0 )	011101100101011001101001111010001010100101100100100110111000111011010100011111111111100000000000000000000000000000000000000000000000000000000000000000000000000000000000000000000000 0 0
31497	8.891	0.000	( 0 )	011101100101011001101001111010001010100101100100100110111000111011010100011111111111100000000000000000000000000000000000000000000000000000000000000000000000000000000000000000000000 0 0
31458	8.891	0.000	( 0 )	011101100101011001101001111010001010100101100100100110111000111011010100011111111111100000000000000000000000000000000000000000000000000000000000000000000000000000000000000000000000 0 0
31489	8.891	0.000	( 0 )	011101100101011001101001111010001010100101100100100110111000111011010100011111111111100000000000000000000000000000000000000000000000000000000000000000000000000000000000000000000000 0 0
31464	8.891	0.000	( 0 )	011101100101011001101001111010001010100101100100100110111000111011010100011111111111100000000000000000000000000000000000000000000000000000000000000000000000000000000000000000000000 0 0
31478	8.891	0.000	( 0 )	011101100101011001101001111010001010100101100100100110111000111011010100011111111111100000000000000000000000000000000000000000000000000000000000000000000000000000000000000000000000 0 0
31443	10.003	0.000	( 0 )	011101100101011001101001111010001010100111100100100110111000111011010100011111111111100000000000000000000000000000000000000000000000000000000000000000000000000000000000000000000000 1 0
31442	10.003	0.000	( 0 )	011101100101011001101001111010001010100111100100100110111000111011010100011111111111100000000000000000000000000000000000000000000000000000000000000000000000000000000000000000000000 0 0
31437	10.003	0.000	( 0 )	011101100101011001101001111010001010100111100100100110111000111011010100011111111111100000000000000000000000000000000000000000000000000000000000000000000000000000000000000000000000 0 0
31435	10.003	0.000	( 0 )	011101100101011001101001111010001010100111100100100110111000111011010100011111111111100000000000000000000000000000000000000000000000000000000000000000000000000000000000000000000000 0 0
31398	11.114	0.000	( 0 )	011101000101011001101001111010001010100111100100100110111000111011010100011111111111100000000000000000000000000000000000000000000000000000000000000000000000000000000000000000000000 1 0
31399	11.114	0.000	( 0 )	011101000101011001101001111010001010100111100100100110111000111011010100011111111111100000000000000000000000000000000000000000000000000000000000000000000000000000000000000000000000 0 0
31395	11.114	0.000	( 0 )	011101000101011001101001111010001010100111100100100110111000111011010100011111111111100000000000000000000000000000000000000000000000000000000000000000000000000000000000000000000000 0 0
31397	11.114	0.000	( 0 )	011101000101011001101001111010001010100111100100100110111000111011010100011111111111100000000000000000000000000000000000000000000000000000000000000000000000000000000000000000000000 0 0
31396	11.114	0.000	( 0 )	011101000101011001101001111010001010100111100100100110111000111011010100011111111111100000000000000000000000000000000000000000000000000000000000000000000000000000000000000000000000 0 0
31356	12.225	0.000	( 0 )	011101000101011001101001111010001010100111100110100110111000111011010100011111111111100000000000000000000000000000000000000000000000000000000000000000000000000000000000000000000000 1 0
31351	12.225	0.000	( 0 )	011101000101011001101001111010001010100111100110100110111000111011010100011111111111100000000000000000000000000000000000000000000000000000000000000000000000000000000000000000000000 0 0
31364	12.225	0.000	( 0 )	011101000101011001101001111010001010100111100110100110111000111011010100011111111111100000000000000000000000000000000000000000000000000000000000000000000000000000000000000000000000 0 0
31366	12.225	0.000	( 0 )	011101000101011001101001111010001010100111100110100110111000111011010100011111111111100000000000000000000000000000000000000000000000000000000000000000000000000000000000000000000000 0 0
31354	12.225	0.000	( 0 )	011101000101011001101001111010001010100111100110100110111000111011010100011111111111100000000000000000000000000000000000000000000000000000000000000000000000000000000000000000000000 0 0
31350	12.225	0.000	( 0 )	011101000101011001101001111010001010100111100110100110111000111011010100011111111111100000000000000000000000000000000000000000000000000000000000000000000000000000000000000000000000 0 0
31355	12.225	0.000	( 0 )	011101000101011001101001111010001010100111100110100110111000111011010100011111111111100000000000000000000000000000000000000000000000000000000000000000000000000000000000000000000000 0 0
31365	12.225	0.000	( 0 )	011101000101011001101001111010001010100111100110100110111000111011010100011111111111100000000000000000000000000000000000000000000000000000000000000000000000000000000000000000000000 0 0
31341	13.337	0.000	( 0 )	011101000101011001101001101010001010100111100110100110111000111011010100011111111111100000000000000000000000000000000000000000000000000000000000000000000000000000000000000000000000 1 0
31339	13.337	0.000	( 0 )	011101000101011001101001101010001010100111100110100110111000111011010100011111111111100000000000000000000000000000000000000000000000000000000000000000000000000000000000000000000000 0 0
31340	13.337	0.000	( 0 )	011101000101011001101001101010001010100111100110100110111000111011010100011111111111100000000000000000000000000000000000000000000000000000000000000000000000000000000000000000000000 0 0
31342	13.337	0.000	( 0 )	011101000101011001101001101010001010100111100110100110111000111011010100011111111111100000000000000000000000000000000000000000000000000000000000000000000000000000000000000000000000 0 0
31312	13.337	0.000	( 0 )	011101000101011001101001101010001010100111100110100110111000111011010100011111111111100000000000000000000000000000000000000000000000000000000000000000000000000000000000000000000000 0 0
31318	13.337	0.000	( 0 )	011101000101011001101001101010001010100111100110100110111000111011010100011111111111100000000000000000000000000000000000000000000000000000000000000000000000000000000000000000000000 0 0
31322	14.448	0.000	( 0 )	011101000101011001101001101010001010100111100110100110111000111011010100011111111111100010000000000000000000000000000000000000000000000000000000000000000000000000000000000000000000 1 0
31330	14.448	0.000	( 0 )	011101000101011001101001101010001010100111100110100110111000111011010100011111111111100010000000000000000000000000000000000000000000000000000000000000000000000000000000000000000000 0 0
31326	14.448	0.000	( 0 )	011101000101011001101001101010001010100111100110100110111000111011010100011111111111100010000000000000000000000000000000000000000000000000000000000000000000000000000000000000000000 0 0
31323	14.448	0.000	( 0 )	011101000101011001101001101010001010100111100110100110111000111011010100011111111111100010000000000000000000000000000000000000000000000000000000000000000000000000000000000000000000 0 0
31331	14.448	0.000	( 0 )	011101000101011001101001101010001010100111100110100110111000111011010100011111111111100010000000000000000000000000000000000000000000000000000000000000000000000000000000000000000000 0 0
31325	14.448	0.000	( 0 )	011101000101011001101001101010001010100111100110100110111000111011010100011111111111100010000000000000000000000000000000000000000000000000000000000000000000000000000000000000000000 0 0
31327	14.448	0.000	( 0 )	011101000101011001101001101010001010100111100110100110111000111011010100011111111111100010000000000000000000000000000000000000000000000000000000000000000000000000000000000000000000 0 0
31332	14.448	0.000	( 0 )	011101000101011001101001101010001010100111100110100110111000111011010100011111111111100010000000000000000000000000000000000000000000000000000000000000000000000000000000000000000000 0 0
31334	14.448	0.000	( 0 )	011101000101011001101001101010001010100111100110100110111000111011010100011111111111100010000000000000000000000000000000000000000000000000000000000000000000000000000000000000000000 0 0
31333	14.448	0.000	( 0 )	011101000101011001101001101010001010100111100110100110111000111011010100011111111111100010000000000000000000000000000000000000000000000000000000000000000000000000000000000000000000 0 0
31324	14.448	0.000	( 0 )	011101000101011001101001101010001010100111100110100110111000111011010100011111111111100010000000000000000000000000000000000000000000000000000000000000000000000000000000000000000000 0 0
31328	14.448	0.000	( 0 )	011101000101011001101001101010001010100111100110100110111000111011010100011111111111100010000000000000000000000000000000000000000000000000000000000000000000000000000000000000000000 0 0
31300	16.672	0.000	( 0 )	011101000101011001101001101010001010100111100110100110111000111011010110011111111111100000000000000000000000000000000000000000000000000000000000000000000000000000000000000000000000 2 0
31302	16.672	0.000	( 0 )	011101000101011001101001101010001010100111100110100110111000111011010110011111111111100000000000000000000000000000000000000000000000000000000000000000000000000000000000000000000000 0 0
31303	16.672	0.000	( 0 )	011101000101011001101001101010001010100111100110100110111000111011010110011111111111100000000000000000000000000000000000000000000000000000000000000000000000000000000000000000000000 0 0
31307	16.672	0.000	( 0 )	011101000101011001101001101010001010100111100110100110111000111011010110011111111111100000000000000000000000000000000000000000000000000000000000000000000000000000000000000000000000 0 0
31284	17.783	0.000	( 0 )	011101000101011001101001101010001010100111100110100110111000111011010110011111111110100000000000000000000000000000000000000000000000000000000000000000000000000000000000000000000000 1 0
31296	17.783	0.000	( 0 )	011101000101011001101001101010001010100111100110100110111000111011010110011111111110100000000000000000000000000000000000000000000000000000000000000000000000000000000000000000000000 0 0
31292	17.783	0.000	( 0 )	011101000101011001101001101010001010100111100110100110111000111011010110011111111110100000000000000000000000000000000000000000000000000000000000000000000000000000000000000000000000 0 0
31289	17.783	0.000	( 0 )	011101000101011001101001101010001010100111100110100110111000111011010110011111111110100000000000000000000000000000000000000000000000000000000000000000000000000000000000000000000000 0 0
31306	17.783	0.000	( 0 )	011101000101011001101001101010001010100111100110100110111000111011010110011111111110100000000000000000000000000000000000000000000000000000000000000000000000000000000000000000000000 0 0
31280	17.783	0.000	( 0 )	011101000101011001101001101010001010100111100110100110111000111011010110011111111110100000000000000000000000000000000000000000000000000000000000000000000000000000000000000000000000 0 0
31285	17.783	0.000	( 0 )	011101000101011001101001101010001010100111100110100110111000111011010110011111111110100000000000000000000000000000000000000000000000000000000000000000000000000000000000000000000000 0 0
31275	17.783	0.000	( 0 )	011101000101011001101001101010001010100111100110100110111000111011010110011111111110100000000000000000000000000000000000000000000000000000000000000000000000000000000000000000000000 0 0
31290	17.783	0.000	( 0 )	011101000101011001101001101010001010100111100110100110111000111011010110011111111110100000000000000000000000000000000000000000000000000000000000000000000000000000000000000000000000 0 0
31258	18.894	0.000	( 0 )	011101000101011001101001101010001010100111100110100110111000101011010110011111111110100000000000000000000000000000000000000000000000000000000000000000000000000000000000000000000000 1 0
31273	18.894	0.000	( 0 )	011101000101011001101001101010001010100111100110100110111000101011010110011111111110100000000000000000000000000000000000000000000000000000000000000000000000000000000000000000000000 0 0
31274	18.894	0.000	( 0 )	011101000101011001101001101010001010100111100110100110111000101011010110011111111110100000000000000000000000000000000000000000000000000000000000000000000000000000000000000000000000 0 0
31253	18.894	0.000	( 0 )	011101000101011001101001101010001010100111100110100110111000101011010110011111111110100000000000000000000000000000000000000000000000000000000000000000000000000000000000000000000000 0 0
31269	18.894	0.000	( 0 )	011101000101011001101001101010001010100111100110100110111000101011010110011111111110100000000000000000000000000000000000000000000000000000000000000000000000000000000000000000000000 0 0
31270	18.894	0.000	( 0 )	011101000101011001101001101010001010100111100110100110111000101011010110011111111110100000000000000000000000000000000000000000000000000000000000000000000000000000000000000000000000 0 0
31208	20.005	0.000	( 0 )	011101000101011001101001101010001010100111100110100110111000101011010110011111111100100000000000000000000000000000000000000000000000000000000000000000000000000000000000000000000000 1 0
31209	20.005	0.000	( 0 )	011101000101011001101001101010001010100111100110100110111000101011010110011111111100100000000000000000000000000000000000000000000000000000000000000000000000000000000000000000000000 0 0
31183	21.117	0.000	( 0 )	011101000101011001101001101010001010100111100110100110111000001011010110011111111100100000000000000000000000000000000000000000000000000000000000000000000000000000000000000000000000 1 0
31190	21.117	0.000	( 0 )	011101000101011001101001101010001010100111100110100110111000001011010110011111111100100000000000000000000000000000000000000000000000000000000000000000000000000000000000000000000000 0 0
31188	21.117	0.000	( 0 )	011101000101011001101001101010001010100111100110100110111000001011010110011111111100100000000000000000000000000000000000000000000000000000000000000000000000000000000000000000000000 0 0
31148	22.228	0.000	( 0 )	011101000001011001101001101010001010100111100110100110111000001011010110011111111100100000000000000000000000000000000000000000000000000000000000000000000000000000000000000000000000 1 0
31165	22.228	0.000	( 0 )	011101000001011001101001101010001010100111100110100110111000001011010110011111111100100000000000000000000000000000000000000000000000000000000000000000000000000000000000000000000000 0 0
31137	22.228	0.000	( 0 )	011101000001011001101001101010001010100111100110100110111000001011010110011111111100100000000000000000000000000000000000000000000000000000000000000000000000000000000000000000000000 0 0
31129	22.228	0.000	( 0 )	011101000001011001101001101010001010100111100110100110111000001011010110011111111100100000000000000000000000000000000000000000000000000000000000000000000000000000000000000000000000 0 0
31136	22.228	0.000	( 0 )	011101000001011001101001101010001010100111100110100110111000001011010110011111111100100000000000000000000000000000000000000000000000000000000000000000000000000000000000000000000000 0 0
31127	22.228	0.000	( 0 )	011101000001011001101001101010001010100111100110100110111000001011010110011111111100100000000000000000000000000000000000000000000000000000000000000000000000000000000000000000000000 0 0
31174	22.228	0.000	( 0 )	011101000001011001101001101010001010100111100110100110111000001011010110011111111100100000000000000000000000000000000000000000000000000000000000000000000000000000000000000000000000 0 0
31145	22.228	0.000	( 0 )	011101000001011001101001101010001010100111100110100110111000001011010110011111111100100000000000000000000000000000000000000000000000000000000000000000000000000000000000000000000000 0 0
31167	22.228	0.000	( 0 )	011101000001011001101001101010001010100111100110100110111000001011010110011111111100100000000000000000000000000000000000000000000000000000000000000000000000000000000000000000000000 0 0
31166	22.228	0.000	( 0 )	011101000001011001101001101010001010100111100110100110111000001011010110011111111100100000000000000000000000000000000000000000000000000000000000000000000000000000000000000000000000 0 0
31177	22.228	0.000	( 0 )	011101000001011001101001101010001010100111100110100110111000001011010110011111111100100000000000000000000000000000000000000000000000000000000000000000000000000000000000000000000000 0 0
31160	22.228	0.000	( 0 )	011101000001011001101001101010001010100111100110100110111000001011010110011111111100100000000000000000000000000000000000000000000000000000000000000000000000000000000000000000000000 0 0
31146	22.228	0.000	( 0 )	011101000001011001101001101010001010100111100110100110111000001011010110011111111100100000000000000000000000000000000000000000000000000000000000000000000000000000000000000000000000 0 0
31143	22.228	0.000	( 0 )	011101000001011001101001101010001010100111100110100110111000001011010110011111111100100000000000000000000000000000000000000000000000000000000000000000000000000000000000000000000000 0 0
31144	22.228	0.000	( 0 )	011101000001011001101001101010001010100111100110100110111000001011010110011111111100100000000000000000000000000000000000000000000000000000000000000000000000000000000000000000000000 0 0
31161	22.228	0.000	( 0 )	011101000001011001101001101010001010100111100110100110111000001011010110011111111100100000000000000000000000000000000000000000000000000000000000000000000000000000000000000000000000 0 0
31169	22.228	0.000	( 0 )	011101000001011001101001101010001010100111100110100110111000001011010110011111111100100000000000000000000000000000000000000000000000000000000000000000000000000000000000000000000000 0 0
31172	22.228	0.000	( 0 )	011101000001011001101001101010001010100111100110100110111000001011010110011111111100100000000000000000000000000000000000000000000000000000000000000000000000000000000000000000000000 0 0
31138	22.228	0.000	( 0 )	011101000001011001101001101010001010100111100110100110111000001011010110011111111100100000000000000000000000000000000000000000000000000000000000000000000000000000000000000000000000 0 0
31094	24.452	0.000	( 0 )	011001000001011001101001101010001010110111100110100110111000001011010110011111111100100000000000000000000000000000000000000000000000000000000000000000000000000000000000000000000000 2 0
31082	24.452	0.000	( 0 )	011001000001011001101001101010001010110111100110100110111000001011010110011111111100100000000000000000000000000000000000000000000000000000000000000000000000000000000000000000000000 0 0
31095	24.452	0.000	( 0 )	011001000001011001101001101010001010110111100110100110111000001011010110011111111100100000000000000000000000000000000000000000000000000000000000000000000000000000000000000000000000 0 0
31083	24.452	0.000	( 0 )	011001000001011001101001101010001010110111100110100110111000001011010110011111111100100000000000000000000000000000000000000000000000000000000000000000000000000000000000000000000000 0 0
31097	24.452	0.000	( 0 )	011001000001011001101001101010001010110111100110100110111000001011010110011111111100100000000000000000000000000000000000000000000000000000000000000000000000000000000000000000000000 0 0
31106	24.452	0.000	( 0 )	011001000001011001101001101010001010110111100110100110111000001011010110011111111100100000000000000000000000000000000000000000000000000000000000000000000000000000000000000000000000 0 0
31086	24.452	0.000	( 0 )	011001000001011001101001101010001010110111100110100110111000001011010110011111111100100000000000000000000000000000000000000000000000000000000000000000000000000000000000000000000000 0 0
31096	24.452	0.000	( 0 )	011001000001011001101001101010001010110111100110100110111000001011010110011111111100100000000000000000000000000000000000000000000000000000000000000000000000000000000000000000000000 0 0
31047	24.452	0.000	( 0 )	011001000001011001101001101010001010110111100110100110111000001011010110011111111100100000000000000000000000000000000000000000000000000000000000000000000000000000000000000000000000 0 0
31048	24.452	0.000	( 0 )	011001000001011001101001101010001010110111100110100110111000001011010110011111111100100000000000000000000000000000000000000000000000000000000000000000000000000000000000000000000000 0 0
31091	24.452	0.000	( 0 )	011001000001011001101001101010001010110111100110100110111000001011010110011111111100100000000000000000000000000000000000000000000000000000000000000000000000000000000000000000000000 0 0
31108	24.452	0.000	( 0 )	011001000001011001101001101010001010110111100110100110111000001011010110011111111100100000000000000000000000000000000000000000000000000000000000000000000000000000000000000000000000 0 0
31041	24.452	0.000	( 0 )	011001000001011001101001101010001010110111100110100110111000001011010110011111111100100000000000000000000000000000000000000000000000000000000000000000000000000000000000000000000000 0 0
31104	24.452	0.000	( 0 )	011001000001011001101001101010001010110111100110100110111000001011010110011111111100100000000000000000000000000000000000000000000000000000000000000000000000000000000000000000000000 0 0
31088	24.452	0.000	( 0 )	011001000001011001101001101010001010110111100110100110111000001011010110011111111100100000000000000000000000000000000000000000000000000000000000000000000000000000000000000000000000 0 0
31024	24.452	0.000	( 0 )	011001000001011001101001101010001010110111100110100110111000001011010110011111111100100000000000000000000000000000000000000000000000000000000000000000000000000000000000000000000000 0 0
31066	24.452	0.000	( 0 )	011001000001011001101001101010001010110111100110100110111000001011010110011111111100100000000000000000000000000000000000000000000000000000000000000000000000000000000000000000000000 0 0
31058	24.452	0.000	( 0 )	011001000001011001101001101010001010110111100110100110111000001011010110011111111100100000000000000000000000000000000000000000000000000000000000000000000000000000000000000000000000 0 0
31049	24.452	0.000	( 0 )	011001000001011001101001101010001010110111100110100110111000001011010110011111111100100000000000000000000000000000000000000000000000000000000000000000000000000000000000000000000000 0 0
31084	24.452	0.000	( 0 )	011001000001011001101001101010001010110111100110100110111000001011010110011111111100100000000000000000000000000000000000000000000000000000000000000000000000000000000000000000000000 0 0
31085	24.452	0.000	( 0 )	011001000001011001101001101010001010110111100110100110111000001011010110011111111100100000000000000000000000000000000000000000000000000000000000000000000000000000000000000000000000 0 0
31109	24.452	0.000	( 0 )	011001000001011001101001101010001010110111100110100110111000001011010110011111111100100000000000000000000000000000000000000000000000000000000000000000000000000000000000000000000000 0 0
31092	24.452	0.000	( 0 )	011001000001011001101001101010001010110111100110100110111000001011010110011111111100100000000000000000000000000000000000000000000000000000000000000000000000000000000000000000000000 0 0
31098	24.452	0.000	( 0 )	011001000001011001101001101010001010110111100110100110111000001011010110011111111100100000000000000000000000000000000000000000000000000000000000000000000000000000000000000000000000 0 0
31087	24.452	0.000	( 0 )	011001000001011001101001101010001010110111100110100110111000001011010110011111111100100000000000000000000000000000000000000000000000000000000000000000000000000000000000000000000000 0 0
31064	24.452	0.000	( 0 )	011001000001011001101001101010001010110111100110100110111000001011010110011111111100100000000000000000000000000000000000000000000000000000000000000000000000000000000000000000000000 0 0
31043	24.452	0.000	( 0 )	011001000001011001101001101010001010110111100110100110111000001011010110011111111100100000000000000000000000000000000000000000000000000000000000000000000000000000000000000000000000 0 0
31067	24.452	0.000	( 0 )	011001000001011001101001101010001010110111100110100110111000001011010110011111111100100000000000000000000000000000000000000000000000000000000000000000000000000000000000000000000000 0 0
31050	24.452	0.000	( 0 )	011001000001011001101001101010001010110111100110100110111000001011010110011111111100100000000000000000000000000000000000000000000000000000000000000000000000000000000000000000000000 0 0
31039	24.452	0.000	( 0 )	011001000001011001101001101010001010110111100110100110111000001011010110011111111100100000000000000000000000000000000000000000000000000000000000000000000000000000000000000000000000 0 0
31042	24.452	0.000	( 0 )	011001000001011001101001101010001010110111100110100110111000001011010110011111111100100000000000000000000000000000000000000000000000000000000000000000000000000000000000000000000000 0 0
31110	24.452	0.000	( 0 )	011001000001011001101001101010001010110111100110100110111000001011010110011111111100100000000000000000000000000000000000000000000000000000000000000000000000000000000000000000000000 0 0
31025	24.452	0.000	( 0 )	011001000001011001101001101010001010110111100110100110111000001011010110011111111100100000000000000000000000000000000000000000000000000000000000000000000000000000000000000000000000 0 0
31093	24.452	0.000	( 0 )	011001000001011001101001101010001010110111100110100110111000001011010110011111111100100000000000000000000000000000000000000000000000000000000000000000000000000000000000000000000000 0 0
31107	24.452	0.000	( 0 )	011001000001011001101001101010001010110111100110100110111000001011010110011111111100100000000000000000000000000000000000000000000000000000000000000000000000000000000000000000000000 0 0
31105	24.452	0.000	( 0 )	011001000001011001101001101010001010110111100110100110111000001011010110011111111100100000000000000000000000000000000000000000000000000000000000000000000000000000000000000000000000 0 0
31014	26.675	0.000	( 0 )	011001000001011001101001101011001010110111110110100110111000001011010110011111111100100000000000000000000000000000000000000000000000000000000000000000000000000000000000000000000000 2 0
31015	26.675	0.000	( 0 )	011001000001011001101001101011001010110111110110100110111000001011010110011111111100100000000000000000000000000000000000000000000000000000000000000000000000000000000000000000000000 0 0
31010	26.675	0.000	( 0 )	011001000001011001101001101011001010110111110110100110111000001011010110011111111100100000000000000000000000000000000000000000000000000000000000000000000000000000000000000000000000 0 0
31009	26.675	0.000	( 0 )	011001000001011001101001101011001010110111110110100110111000001011010110011111111100100000000000000000000000000000000000000000000000000000000000000000000000000000000000000000000000 0 0
31016	26.675	0.000	( 0 )	011001000001011001101001101011001010110111110110100110111000001011010110011111111100100000000000000000000000000000000000000000000000000000000000000000000000000000000000000000000000 0 0
30886	33.382	0.000	( 0 )	011001000001011001101001101111001010110111110110100110111100001011011110110111111100100001000000000000000000000000000000000000000000000000000000000000000000000000000000000000000000 6 0
30860	34.493	0.000	( 0 )	011001000001011001101001101111001010110111010110100110111100001011011110110111111100100001000000000000000000000000000000000000000000000000000000000000000000000000000000000000000000 1 0
30988	34.493	0.000	( 0 )	011001000001011001101001101111001010110111010110100110111100001011011110110111111100100001000000000000000000000000000000000000000000000000000000000000000000000000000000000000000000 0 0
30982	34.493	0.000	( 0 )	011001000001011001101001101111001010110111010110100110111100001011011110110111111100100001000000000000000000000000000000000000000000000000000000000000000000000000000000000000000000 0 0
30983	34.493	0.000	( 0 )	011001000001011001101001101111001010110111010110100110111100001011011110110111111100100001000000000000000000000000000000000000000000000000000000000000000000000000000000000000000000 0 0
30905	34.493	0.000	( 0 )	011001000001011001101001101111001010110111010110100110111100001011011110110111111100100001000000000000000000000000000000000000000000000000000000000000000000000000000000000000000000 0 0
30980	34.493	0.000	( 0 )	011001000001011001101001101111001010110111010110100110111100001011011110110111111100100001000000000000000000000000000000000000000000000000000000000000000000000000000000000000000000 0 0
30941	34.493	0.000	( 0 )	011001000001011001101001101111001010110111010110100110111100001011011110110111111100100001000000000000000000000000000000000000000000000000000000000000000000000000000000000000000000 0 0
30890	34.493	0.000	( 0 )	011001000001011001101001101111001010110111010110100110111100001011011110110111111100100001000000000000000000000000000000000000000000000000000000000000000000000000000000000000000000 0 0
30986	34.493	0.000	( 0 )	011001000001011001101001101111001010110111010110100110111100001011011110110111111100100001000000000000000000000000000000000000000000000000000000000000000000000000000000000000000000 0 0
30900	34.493	0.000	( 0 )	011001000001011001101001101111001010110111010110100110111100001011011110110111111100100001000000000000000000000000000000000000000000000000000000000000000000000000000000000000000000 0 0
30857	34.493	0.000	( 0 )	011001000001011001101001101111001010110111010110100110111100001011011110110111111100100001000000000000000000000000000000000000000000000000000000000000000000000000000000000000000000 0 0
31006	34.493	0.000	( 0 )	011001000001011001101001101111001010110111010110100110111100001011011110110111111100100001000000000000000000000000000000000000000000000000000000000000000000000000000000000000000000 0 0
30939	34.493	0.000	( 0 )	011001000001011001101001101111001010110111010110100110111100001011011110110111111100100001000000000000000000000000000000000000000000000000000000000000000000000000000000000000000000 0 0
30858	34.493	0.000	( 0 )	011001000001011001101001101111001010110111010110100110111100001011011110110111111100100001000000000000000000000000000000000000000000000000000000000000000000000000000000000000000000 0 0
30985	34.493	0.000	( 0 )	011001000001011001101001101111001010110111010110100110111100001011011110110111111100100001000000000000000000000000000000000000000000000000000000000000000000000000000000000000000000 0 0
30995	34.493	0.000	( 0 )	011001000001011001101001101111001010110111010110100110111100001011011110110111111100100001000000000000000000000000000000000000000000000000000000000000000000000000000000000000000000 0 0
30969	34.493	0.000	( 0 )	011001000001011001101001101111001010110111010110100110111100001011011110110111111100100001000000000000000000000000000000000000000000000000000000000000000000000000000000000000000000 0 0
30903	34.493	0.000	( 0 )	011001000001011001101001101111001010110111010110100110111100001011011110110111111100100001000000000000000000000000000000000000000000000000000000000000000000000000000000000000000000 0 0
30869	34.493	0.000	( 0 )	011001000001011001101001101111001010110111010110100110111100001011011110110111111100100001000000000000000000000000000000000000000000000000000000000000000000000000000000000000000000 0 0
30987	34.493	0.000	( 0 )	011001000001011001101001101111001010110111010110100110111100001011011110110111111100100001000000000000000000000000000000000000000000000000000000000000000000000000000000000000000000 0 0
30991	34.493	0.000	( 0 )	011001000001011001101001101111001010110111010110100110111100001011011110110111111100100001000000000000000000000000000000000000000000000000000000000000000000000000000000000000000000 0 0
30943	34.493	0.000	( 0 )	011001000001011001101001101111001010110111010110100110111100001011011110110111111100100001000000000000000000000000000000000000000000000000000000000000000000000000000000000000000000 0 0
30992	34.493	0.000	( 0 )	011001000001011001101001101111001010110111010110100110111100001011011110110111111100100001000000000000000000000000000000000000000000000000000000000000000000000000000000000000000000 0 0
30944	34.493	0.000	( 0 )	011001000001011001101001101111001010110111010110100110111100001011011110110111111100100001000000000000000000000000000000000000000000000000000000000000000000000000000000000000000000 0 0
30896	34.493	0.000	( 0 )	011001000001011001101001101111001010110111010110100110111100001011011110110111111100100001000000000000000000000000000000000000000000000000000000000000000000000000000000000000000000 0 0
30981	34.493	0.000	( 0 )	011001000001011001101001101111001010110111010110100110111100001011011110110111111100100001000000000000000000000000000000000000000000000000000000000000000000000000000000000000000000 0 0
30904	34.493	0.000	( 0 )	011001000001011001101001101111001010110111010110100110111100001011011110110111111100100001000000000000000000000000000000000000000000000000000000000000000000000000000000000000000000 0 0
30984	34.493	0.000	( 0 )	011001000001011001101001101111001010110111010110100110111100001011011110110111111100100001000000000000000000000000000000000000000000000000000000000000000000000000000000000000000000 0 0
30852	36.717	0.000	( 0 )	011001000001111001101001101111001010110111010110100110111100001011011110110111110100100001000000000000000000000000000000000000000000000000000000000000000000000000000000000000000000 2 0
30784	42.296	0.000	( 0 )	011001000001101001101111101111101010110111010110100110111110001011011110110111110100100001000000000000000000000000000000000000000000000000000000000000000000000000000000000000000000 5 0
30778	42.296	0.000	( 0 )	011001000001101001101111101111101010110111010110100110111110001011011110110111110100100001000000000000000000000000000000000000000000000000000000000000000000000000000000000000000000 0 0
30767	42.296	0.000	( 0 )	011001000001101001101111101111101010110111010110100110111110001011011110110111110100100001000000000000000000000000000000000000000000000000000000000000000000000000000000000000000000 0 0
30825	42.296	0.000	( 0 )	011001000001101001101111101111101010110111010110100110111110001011011110110111110100100001000000000000000000000000000000000000000000000000000000000000000000000000000000000000000000 0 0
30782	42.296	0.000	( 0 )	011001000001101001101111101111101010110111010110100110111110001011011110110111110100100001000000000000000000000000000000000000000000000000000000000000000000000000000000000000000000 0 0
30841	42.296	0.000	( 0 )	011001000001101001101111101111101010110111010110100110111110001011011110110111110100100001000000000000000000000000000000000000000000000000000000000000000000000000000000000000000000 0 0
30842	42.296	0.000	( 0 )	011001000001101001101111101111101010110111010110100110111110001011011110110111110100100001000000000000000000000000000000000000000000000000000000000000000000000000000000000000000000 0 0
30766	42.296	0.000	( 0 )	011001000001101001101111101111101010110111010110100110111110001011011110110111110100100001000000000000000000000000000000000000000000000000000000000000000000000000000000000000000000 0 0
30764	42.296	0.000	( 0 )	011001000001101001101111101111101010110111010110100110111110001011011110110111110100100001000000000000000000000000000000000000000000000000000000000000000000000000000000000000000000 0 0
30844	42.296	0.000	( 0 )	011001000001101001101111101111101010110111010110100110111110001011011110110111110100100001000000000000000000000000000000000000000000000000000000000000000000000000000000000000000000 0 0
30787	42.296	0.000	( 0 )	011001000001101001101111101111101010110111010110100110111110001011011110110111110100100001000000000000000000000000000000000000000000000000000000000000000000000000000000000000000000 0 0
30829	42.296	0.000	( 0 )	011001000001101001101111101111101010110111010110100110111110001011011110110111110100100001000000000000000000000000000000000000000000000000000000000000000000000000000000000000000000 0 0
30831	42.296	0.000	( 0 )	011001000001101001101111101111101010110111010110100110111110001011011110110111110100100001000000000000000000000000000000000000000000000000000000000000000000000000000000000000000000 0 0
30786	42.296	0.000	( 0 )	011001000001101001101111101111101010110111010110100110111110001011011110110111110100100001000000000000000000000000000000000000000000000000000000000000000000000000000000000000000000 0 0
30783	42.296	0.000	( 0 )	011001000001101001101111101111101010110111010110100110111110001011011110110111110100100001000000000000000000000000000000000000000000000000000000000000000000000000000000000000000000 0 0
30765	42.296	0.000	( 0 )	011001000001101001101111101111101010110111010110100110111110001011011110110111110100100001000000000000000000000000000000000000000000000000000000000000000000000000000000000000000000 0 0
30785	42.296	0.000	( 0 )	011001000001101001101111101111101010110111010110100110111110001011011110110111110100100001000000000000000000000000000000000000000000000000000000000000000000000000000000000000000000 0 0
30830	42.296	0.000	( 0 )	011001000001101001101111101111101010110111010110100110111110001011011110110111110100100001000000000000000000000000000000000000000000000000000000000000000000000000000000000000000000 0 0
30836	42.296	0.000	( 0 )	011001000001101001101111101111101010110111010110100110111110001011011110110111110100100001000000000000000000000000000000000000000000000000000000000000000000000000000000000000000000 0 0
30834	42.296	0.000	( 0 )	011001000001101001101111101111101010110111010110100110111110001011011110110111110100100001000000000000000000000000000000000000000000000000000000000000000000000000000000000000000000 0 0
30758	43.407	0.000	( 0 )	011001000001101001101111101111101010110111010110100110111110001011011110100111110100100001000000000000000000000000000000000000000000000000000000000000000000000000000000000000000000 1 0
30741	43.407	0.000	( 0 )	011001000001101001101111101111101010110111010110100110111110001011011110100111110100100001000000000000000000000000000000000000000000000000000000000000000000000000000000000000000000 0 0
30740	43.407	0.000	( 0 )	011001000001101001101111101111101010110111010110100110111110001011011110100111110100100001000000000000000000000000000000000000000000000000000000000000000000000000000000000000000000 0 0
30737	43.407	0.000	( 0 )	011001000001101001101111101111101010110111010110100110111110001011011110100111110100100001000000000000000000000000000000000000000000000000000000000000000000000000000000000000000000 0 0
30661	44.518	0.000	( 0 )	011001000001101001101110101111101010110111010110100110111110001011011110100111110100100001000000000000000000000000000000000000000000000000000000000000000000000000000000000000000000 1 0
30662	44.518	0.000	( 0 )	011001000001101001101110101111101010110111010110100110111110001011011110100111110100100001000000000000000000000000000000000000000000000000000000000000000000000000000000000000000000 0 0
30667	44.518	0.000	( 0 )	011001000001101001101110101111101010110111010110100110111110001011011110100111110100100001000000000000000000000000000000000000000000000000000000000000000000000000000000000000000000 0 0
30624	44.518	0.000	( 0 )	011001000001101001101110101111101010110111010110100110111110001011011110100111110100100001000000000000000000000000000000000000000000000000000000000000000000000000000000000000000000 0 0
30620	44.518	0.000	( 0 )	011001000001101001101110101111101010110111010110100110111110001011011110100111110100100001000000000000000000000000000000000000000000000000000000000000000000000000000000000000000000 0 0
30627	44.518	0.000	( 0 )	011001000001101001101110101111101010110111010110100110111110001011011110100111110100100001000000000000000000000000000000000000000000000000000000000000000000000000000000000000000000 0 0
30660	44.518	0.000	( 0 )	011001000001101001101110101111101010110111010110100110111110001011011110100111110100100001000000000000000000000000000000000000000000000000000000000000000000000000000000000000000000 0 0
30623	44.518	0.000	( 0 )	011001000001101001101110101111101010110111010110100110111110001011011110100111110100100001000000000000000000000000000000000000000000000000000000000000000000000000000000000000000000 0 0
30674	45.630	0.000	( 0 )	011001000001101001101110101111101010110111010110100110111110001011001110100111110100100001000000000000000000000000000000000000000000000000000000000000000000000000000000000000000000 1 0
30626	45.630	0.000	( 0 )	011001000001101001101110101111101010110111010110100110111110001011001110100111110100100001000000000000000000000000000000000000000000000000000000000000000000000000000000000000000000 0 0
30670	45.630	0.000	( 0 )	011001000001101001101110101111101010110111010110100110111110001011001110100111110100100001000000000000000000000000000000000000000000000000000000000000000000000000000000000000000000 0 0
30656	45.630	0.000	( 0 )	011001000001101001101110101111101010110111010110100110111110001011001110100111110100100001000000000000000000000000000000000000000000000000000000000000000000000000000000000000000000 0 0
30672	45.630	0.000	( 0 )	011001000001101001101110101111101010110111010110100110111110001011001110100111110100100001000000000000000000000000000000000000000000000000000000000000000000000000000000000000000000 0 0
30655	45.630	0.000	( 0 )	011001000001101001101110101111101010110111010110100110111110001011001110100111110100100001000000000000000000000000000000000000000000000000000000000000000000000000000000000000000000 0 0
30714	45.630	0.000	( 0 )	011001000001101001101110101111101010110111010110100110111110001011001110100111110100100001000000000000000000000000000000000000000000000000000000000000000000000000000000000000000000 0 0
30673	45.630	0.000	( 0 )	011001000001101001101110101111101010110111010110100110111110001011001110100111110100100001000000000000000000000000000000000000000000000000000000000000000000000000000000000000000000 0 0
30671	45.630	0.000	( 0 )	011001000001101001101110101111101010110111010110100110111110001011001110100111110100100001000000000000000000000000000000000000000000000000000000000000000000000000000000000000000000 0 0
30707	46.741	0.000	( 0 )	010001000001101001101110101111101010110111010110100110111110001011001110100111110100100001000000000000000000000000000000000000000000000000000000000000000000000000000000000000000000 1 0
30719	51.197	0.000	( 0 )	010001000001101001101110100111100000110111010110100110111110001001001110100111110100100001000000000000000000000000000000000000000000000000000000000000000000000000000000000000000000 4 0
