#java OrderMarkers2 data=- evaluateOrder=reordermarkers/iterations/ordered.13.1 useKosambi=1 numThreads=4 calculateIntervals=intervals/ordered.13.intervals randSeed=1758952626488156410
Loading file
No grandparents present in family V
Number of individuals = 92
Number of families = 1
File loaded with 31656 SNPs
Number of individuals = 92 excluding grandparents
Number of families = 1
Number of markers = 110
Setting dataScale to 0.8181818181818182 all likelihoods will be multiplied by 1.222222222222222
Initial score = -726.4294887766613
Iteration 1 of 6
884884288488421 done
Polishing map...
score = -733.5326367067137
score = -730.4186215039099
score = -732.3070773233416
score = -729.5463467703888
Iteration 2 of 6
884884288488421 done
Polishing map...
score = -750.1373434413912
score = -741.1620046959946
score = -741.1620046959946
score = -741.1620046959946
Iteration 3 of 6
884884288488421 done
Polishing map...
score = -729.5463467703888
score = -729.5463467703888
score = -729.5463467703888
score = -729.5463467703888
Iteration 4 of 6
884884288488421 done
Polishing map...
score = -727.8476962969702
score = -727.8476962969702
score = -727.8476962969702
score = -727.8476962969702
Iteration 5 of 6
884884288488421 done
Polishing map...
score = -741.1620046959946
score = -741.1620046959946
score = -741.1620046959946
score = -741.1620046959946
Iteration 6 of 6
884884288488421 done
Polishing map...
score = -739.7763774262497
score = -739.7763774262497
score = -739.7763774262497
score = -739.7763774262497
Final score = -726.4294887766613
Setting dataScale to 0.8181818181818182 all likelihoods will be multiplied by 1.222222222222222
logL = -726.4294887766613
number of recombinations = 42.0 logL = -726.4294887766613
Individual	V	P14459_103_S3	recombines	1	times
Individual	V	P14459_104_S4	recombines	1	times
Individual	V	P14459_107_S7	recombines	1	times
Individual	V	P14459_108_S8	recombines	1	times
Individual	V	P14459_109_S9	recombines	1	times
Individual	V	P14459_111_S11	recombines	1	times
Individual	V	P14459_112_S12	recombines	1	times
Individual	V	P14459_114_S14	recombines	1	times
Individual	V	P14459_116_S16	recombines	1	times
Individual	V	P14459_118_S18	recombines	1	times
Individual	V	P14459_120_S20	recombines	1	times
Individual	V	P14459_121_S21	recombines	1	times
Individual	V	P14459_128_S28	recombines	2	times
Individual	V	P14459_129_S29	recombines	1	times
Individual	V	P14459_135_S35	recombines	1	times
Individual	V	P14459_136_S36	recombines	1	times
Individual	V	P14459_137_S37	recombines	1	times
Individual	V	P14459_139_S39	recombines	1	times
Individual	V	P14459_145_S45	recombines	1	times
Individual	V	P14459_150_S50	recombines	1	times
Individual	V	P14459_151_S51	recombines	1	times
Individual	V	P14459_152_S52	recombines	1	times
Individual	V	P14459_154_S54	recombines	1	times
Individual	V	P14459_161_S61	recombines	1	times
Individual	V	P14459_162_S62	recombines	1	times
Individual	V	P14459_172_S72	recombines	2	times
Individual	V	P14459_173_S73	recombines	1	times
Individual	V	P14459_174_S74	recombines	1	times
Individual	V	P14459_177_S77	recombines	1	times
Individual	V	P14459_179_S79	recombines	1	times
Individual	V	P14459_181_S81	recombines	2	times
Individual	V	P14459_183_S83	recombines	1	times
Individual	V	P14459_186_S86	recombines	1	times
Individual	V	P14459_187_S87	recombines	1	times
Individual	V	P14459_188_S88	recombines	1	times
Individual	V	P14459_189_S89	recombines	1	times
Individual	V	P14459_191_S91	recombines	1	times
Individual	V	P14459_192_S92	recombines	1	times
Individual	V	P14459_195_S95	recombines	1	times
#*** LG = 0 likelihood = -726.4295
#marker_number	male_position	female_position	( 0.0 )[	phased data]
5568	0.000	0.000	( 0 )	111001101101010000001111110000100010101010001110100100000111101011010101111010011110111000000000000000000000000000000000000000000000000000000000000000000000000000000000000000000000 0 0
5606	1.111	0.000	( 0 )	111001101101010000001111110000100010101010001110100100000111101011010101101010011110111000000000000000000000000000000000000000000000000000000000000000000000000000000000000000000000 1 0
5606	1.111	0.000	( 0 )	111001101101010000001111110000100010101010001110100100000111101011010101101010011110111000000000000000000000000000000000000000000000000000000000000000000000000000000000000000000000 0 0
5653	2.223	0.000	( 0 )	111001101101010000001111110000100010101010001110101100000111101011010101101010011110111000000000000000000000000000000000000000000000000000000000000000000000000000000000000000000000 1 0
5687	2.223	0.000	( 0 )	111001101101010000001111110000100010101010001110101100000111101011010101101010011110111000000000000000000000000000000000000000000000000000000000000000000000000000000000000000000000 0 0
5604	2.223	0.000	( 0 )	111001101101010000001111110000100010101010001110101100000111101011010101101010011110111000000000000000000000000000000000000000000000000000000000000000000000000000000000000000000000 0 0
5652	2.223	0.000	( 0 )	111001101101010000001111110000100010101010001110101100000111101011010101101010011110111000000000000000000000000000000000000000000000000000000000000000000000000000000000000000000000 0 0
5651	2.223	0.000	( 0 )	111001101101010000001111110000100010101010001110101100000111101011010101101010011110111000000000000000000000000000000000000000000000000000000000000000000000000000000000000000000000 0 0
5777	11.207	0.000	( 0 )	111000101101110000001111111100100110001011001110101100000111101011010101101011011110111000000000000000000000000000000000000000000000000000000000000000000000000000000000000000000000 8 0
5732	11.207	0.000	( 0 )	111000101101110000001111111100100110001011001110101100000111101011010101101011011110111000000000000000000000000000000000000000000000000000000000000000000000000000000000000000000000 0 0
5771	11.207	0.000	( 0 )	111000101101110000001111111100100110001011001110101100000111101011010101101011011110111000000000000000000000000000000000000000000000000000000000000000000000000000000000000000000000 0 0
5730	11.207	0.000	( 0 )	111000101101110000001111111100100110001011001110101100000111101011010101101011011110111000000000000000000000000000000000000000000000000000000000000000000000000000000000000000000000 0 0
5789	11.207	0.000	( 0 )	111000101101110000001111111100100110001011001110101100000111101011010101101011011110111000000000000000000000000000000000000000000000000000000000000000000000000000000000000000000000 0 0
5774	11.207	0.000	( 0 )	111000101101110000001111111100100110001011001110101100000111101011010101101011011110111000000000000000000000000000000000000000000000000000000000000000000000000000000000000000000000 0 0
5772	11.207	0.000	( 0 )	111000101101110000001111111100100110001011001110101100000111101011010101101011011110111000000000000000000000000000000000000000000000000000000000000000000000000000000000000000000000 0 0
5733	11.207	0.000	( 0 )	111000101101110000001111111100100110001011001110101100000111101011010101101011011110111000000000000000000000000000000000000000000000000000000000000000000000000000000000000000000000 0 0
5802	12.318	0.000	( 0 )	110000101101110000001111111100100110001011001110101100000111101011010101101011011110111000000000000000000000000000000000000000000000000000000000000000000000000000000000000000000000 1 0
5799	12.318	0.000	( 0 )	110000101101110000001111111100100110001011001110101100000111101011010101101011011110111000000000000000000000000000000000000000000000000000000000000000000000000000000000000000000000 0 0
5800	12.318	0.000	( 0 )	110000101101110000001111111100100110001011001110101100000111101011010101101011011110111000000000000000000000000000000000000000000000000000000000000000000000000000000000000000000000 0 0
5829	13.430	0.000	( 0 )	110000101101110000001111111100100110001011001110101100000111101011010101101011011100111000000000000000000000000000000000000000000000000000000000000000000000000000000000000000000000 1 0
5878	14.541	0.000	( 0 )	110000101101110000001111111100100110001011001110101100000111101011010101101011011100110000000000000000000000000000000000000000000000000000000000000000000000000000000000000000000000 1 0
5914	14.541	0.000	( 0 )	110000101101110000001111111100100110001011001110101100000111101011010101101011011100110000000000000000000000000000000000000000000000000000000000000000000000000000000000000000000000 0 0
5958	14.541	0.000	( 0 )	110000101101110000001111111100100110001011001110101100000111101011010101101011011100110000000000000000000000000000000000000000000000000000000000000000000000000000000000000000000000 0 0
5877	14.541	0.000	( 0 )	110000101101110000001111111100100110001011001110101100000111101011010101101011011100110000000000000000000000000000000000000000000000000000000000000000000000000000000000000000000000 0 0
5955	14.541	0.000	( 0 )	110000101101110000001111111100100110001011001110101100000111101011010101101011011100110000000000000000000000000000000000000000000000000000000000000000000000000000000000000000000000 0 0
5856	14.541	0.000	( 0 )	110000101101110000001111111100100110001011001110101100000111101011010101101011011100110000000000000000000000000000000000000000000000000000000000000000000000000000000000000000000000 0 0
5880	14.541	0.000	( 0 )	110000101101110000001111111100100110001011001110101100000111101011010101101011011100110000000000000000000000000000000000000000000000000000000000000000000000000000000000000000000000 0 0
5874	14.541	0.000	( 0 )	110000101101110000001111111100100110001011001110101100000111101011010101101011011100110000000000000000000000000000000000000000000000000000000000000000000000000000000000000000000000 0 0
5876	14.541	0.000	( 0 )	110000101101110000001111111100100110001011001110101100000111101011010101101011011100110000000000000000000000000000000000000000000000000000000000000000000000000000000000000000000000 0 0
5879	14.541	0.000	( 0 )	110000101101110000001111111100100110001011001110101100000111101011010101101011011100110000000000000000000000000000000000000000000000000000000000000000000000000000000000000000000000 0 0
5959	14.541	0.000	( 0 )	110000101101110000001111111100100110001011001110101100000111101011010101101011011100110000000000000000000000000000000000000000000000000000000000000000000000000000000000000000000000 0 0
5867	14.541	0.000	( 0 )	110000101101110000001111111100100110001011001110101100000111101011010101101011011100110000000000000000000000000000000000000000000000000000000000000000000000000000000000000000000000 0 0
5855	14.541	0.000	( 0 )	110000101101110000001111111100100110001011001110101100000111101011010101101011011100110000000000000000000000000000000000000000000000000000000000000000000000000000000000000000000000 0 0
5817	15.652	0.000	( 0 )	110000101101110000001111111100100110001011001110101100000111101011000101101011011100110000000000000000000000000000000000000000000000000000000000000000000000000000000000000000000000 1 0
5875	15.652	0.000	( 0 )	110000101101110000001111111100100110001011001110101100000111101011000101101011011100110000000000000000000000000000000000000000000000000000000000000000000000000000000000000000000000 0 0
5816	15.652	0.000	( 0 )	110000101101110000001111111100100110001011001110101100000111101011000101101011011100110000000000000000000000000000000000000000000000000000000000000000000000000000000000000000000000 0 0
5815	15.652	0.000	( 0 )	110000101101110000001111111100100110001011001110101100000111101011000101101011011100110000000000000000000000000000000000000000000000000000000000000000000000000000000000000000000000 0 0
6022	21.231	0.000	( 0 )	110000101101110000001111110100101110001011001100101100000011101011000101101011011000110000000000000000000000000000000000000000000000000000000000000000000000000000000000000000000000 5 0
6024	21.231	0.000	( 0 )	110000101101110000001111110100101110001011001100101100000011101011000101101011011000110000000000000000000000000000000000000000000000000000000000000000000000000000000000000000000000 0 0
5974	22.342	0.000	( 0 )	110000101101110000001111110100101110001011001100101100000011101011010101101011011000110000000000000000000000000000000000000000000000000000000000000000000000000000000000000000000000 1 0
5976	22.342	0.000	( 0 )	110000101101110000001111110100101110001011001100101100000011101011010101101011011000110000000000000000000000000000000000000000000000000000000000000000000000000000000000000000000000 0 0
5977	22.342	0.000	( 0 )	110000101101110000001111110100101110001011001100101100000011101011010101101011011000110000000000000000000000000000000000000000000000000000000000000000000000000000000000000000000000 0 0
6025	23.453	0.000	( 0 )	110000101111110000001111110100101110001011001100101100000011101011010101101011011000110000000000000000000000000000000000000000000000000000000000000000000000000000000000000000000000 1 0
6027	23.453	0.000	( 0 )	110000101111110000001111110100101110001011001100101100000011101011010101101011011000110000000000000000000000000000000000000000000000000000000000000000000000000000000000000000000000 0 0
6026	23.453	0.000	( 0 )	110000101111110000001111110100101110001011001100101100000011101011010101101011011000110000000000000000000000000000000000000000000000000000000000000000000000000000000000000000000000 0 0
6044	25.677	0.000	( 0 )	110000001111110000001111110100101110001011001100101100000011101011010101101111011000110000000000000000000000000000000000000000000000000000000000000000000000000000000000000000000000 2 0
6043	25.677	0.000	( 0 )	110000001111110000001111110100101110001011001100101100000011101011010101101111011000110000000000000000000000000000000000000000000000000000000000000000000000000000000000000000000000 0 0
6191	30.133	0.000	( 0 )	100000001111110000001111110100101100001011001100101100000011101011010100101111011000110001000000000000000000000000000000000000000000000000000000000000000000000000000000000000000000 4 0
6190	30.133	0.000	( 0 )	100000001111110000001111110100101100001011001100101100000011101011010100101111011000110001000000000000000000000000000000000000000000000000000000000000000000000000000000000000000000 0 0
6188	30.133	0.000	( 0 )	100000001111110000001111110100101100001011001100101100000011101011010100101111011000110001000000000000000000000000000000000000000000000000000000000000000000000000000000000000000000 0 0
6192	30.133	0.000	( 0 )	100000001111110000001111110100101100001011001100101100000011101011010100101111011000110001000000000000000000000000000000000000000000000000000000000000000000000000000000000000000000 0 0
6189	30.133	0.000	( 0 )	100000001111110000001111110100101100001011001100101100000011101011010100101111011000110001000000000000000000000000000000000000000000000000000000000000000000000000000000000000000000 0 0
6113	30.133	0.000	( 0 )	100000001111110000001111110100101100001011001100101100000011101011010100101111011000110001000000000000000000000000000000000000000000000000000000000000000000000000000000000000000000 0 0
6055	31.244	0.000	( 0 )	100000001111110000001111110100101100001011001100101100000011101011010100101111011001110001000000000000000000000000000000000000000000000000000000000000000000000000000000000000000000 1 0
6054	31.244	0.000	( 0 )	100000001111110000001111110100101100001011001100101100000011101011010100101111011001110001000000000000000000000000000000000000000000000000000000000000000000000000000000000000000000 0 0
6245	32.356	0.000	( 0 )	100000001111110000001111110100101100001011001100101100000011101011010100101011011001110001000000000000000000000000000000000000000000000000000000000000000000000000000000000000000000 1 0
6177	32.356	0.000	( 0 )	100000001111110000001111110100101100001011001100101100000011101011010100101011011001110001000000000000000000000000000000000000000000000000000000000000000000000000000000000000000000 0 0
6244	32.356	0.000	( 0 )	100000001111110000001111110100101100001011001100101100000011101011010100101011011001110001000000000000000000000000000000000000000000000000000000000000000000000000000000000000000000 0 0
6119	32.356	0.000	( 0 )	100000001111110000001111110100101100001011001100101100000011101011010100101011011001110001000000000000000000000000000000000000000000000000000000000000000000000000000000000000000000 0 0
6254	32.356	0.000	( 0 )	100000001111110000001111110100101100001011001100101100000011101011010100101011011001110001000000000000000000000000000000000000000000000000000000000000000000000000000000000000000000 0 0
6216	32.356	0.000	( 0 )	100000001111110000001111110100101100001011001100101100000011101011010100101011011001110001000000000000000000000000000000000000000000000000000000000000000000000000000000000000000000 0 0
6218	32.356	0.000	( 0 )	100000001111110000001111110100101100001011001100101100000011101011010100101011011001110001000000000000000000000000000000000000000000000000000000000000000000000000000000000000000000 0 0
6180	32.356	0.000	( 0 )	100000001111110000001111110100101100001011001100101100000011101011010100101011011001110001000000000000000000000000000000000000000000000000000000000000000000000000000000000000000000 0 0
6096	32.356	0.000	( 0 )	100000001111110000001111110100101100001011001100101100000011101011010100101011011001110001000000000000000000000000000000000000000000000000000000000000000000000000000000000000000000 0 0
6246	32.356	0.000	( 0 )	100000001111110000001111110100101100001011001100101100000011101011010100101011011001110001000000000000000000000000000000000000000000000000000000000000000000000000000000000000000000 0 0
6111	32.356	0.000	( 0 )	100000001111110000001111110100101100001011001100101100000011101011010100101011011001110001000000000000000000000000000000000000000000000000000000000000000000000000000000000000000000 0 0
6114	32.356	0.000	( 0 )	100000001111110000001111110100101100001011001100101100000011101011010100101011011001110001000000000000000000000000000000000000000000000000000000000000000000000000000000000000000000 0 0
6212	32.356	0.000	( 0 )	100000001111110000001111110100101100001011001100101100000011101011010100101011011001110001000000000000000000000000000000000000000000000000000000000000000000000000000000000000000000 0 0
6176	32.356	0.000	( 0 )	100000001111110000001111110100101100001011001100101100000011101011010100101011011001110001000000000000000000000000000000000000000000000000000000000000000000000000000000000000000000 0 0
6117	32.356	0.000	( 0 )	100000001111110000001111110100101100001011001100101100000011101011010100101011011001110001000000000000000000000000000000000000000000000000000000000000000000000000000000000000000000 0 0
6067	32.356	0.000	( 0 )	100000001111110000001111110100101100001011001100101100000011101011010100101011011001110001000000000000000000000000000000000000000000000000000000000000000000000000000000000000000000 0 0
6211	32.356	0.000	( 0 )	100000001111110000001111110100101100001011001100101100000011101011010100101011011001110001000000000000000000000000000000000000000000000000000000000000000000000000000000000000000000 0 0
6164	32.356	0.000	( 0 )	100000001111110000001111110100101100001011001100101100000011101011010100101011011001110001000000000000000000000000000000000000000000000000000000000000000000000000000000000000000000 0 0
6112	32.356	0.000	( 0 )	100000001111110000001111110100101100001011001100101100000011101011010100101011011001110001000000000000000000000000000000000000000000000000000000000000000000000000000000000000000000 0 0
6178	32.356	0.000	( 0 )	100000001111110000001111110100101100001011001100101100000011101011010100101011011001110001000000000000000000000000000000000000000000000000000000000000000000000000000000000000000000 0 0
6165	32.356	0.000	( 0 )	100000001111110000001111110100101100001011001100101100000011101011010100101011011001110001000000000000000000000000000000000000000000000000000000000000000000000000000000000000000000 0 0
6251	32.356	0.000	( 0 )	100000001111110000001111110100101100001011001100101100000011101011010100101011011001110001000000000000000000000000000000000000000000000000000000000000000000000000000000000000000000 0 0
6175	32.356	0.000	( 0 )	100000001111110000001111110100101100001011001100101100000011101011010100101011011001110001000000000000000000000000000000000000000000000000000000000000000000000000000000000000000000 0 0
6048	32.356	0.000	( 0 )	100000001111110000001111110100101100001011001100101100000011101011010100101011011001110001000000000000000000000000000000000000000000000000000000000000000000000000000000000000000000 0 0
6213	32.356	0.000	( 0 )	100000001111110000001111110100101100001011001100101100000011101011010100101011011001110001000000000000000000000000000000000000000000000000000000000000000000000000000000000000000000 0 0
6068	32.356	0.000	( 0 )	100000001111110000001111110100101100001011001100101100000011101011010100101011011001110001000000000000000000000000000000000000000000000000000000000000000000000000000000000000000000 0 0
6284	33.467	0.000	( 0 )	100000011111110000001111110100101100001011001100101100000011101011010100101011011001110001000000000000000000000000000000000000000000000000000000000000000000000000000000000000000000 1 0
6270	33.467	0.000	( 0 )	100000011111110000001111110100101100001011001100101100000011101011010100101011011001110001000000000000000000000000000000000000000000000000000000000000000000000000000000000000000000 0 0
6342	35.691	0.000	( 0 )	100000011111110000001111110100101100001011001101101100000011101011010100101011011001100001000000000000000000000000000000000000000000000000000000000000000000000000000000000000000000 2 0
6379	35.691	0.000	( 0 )	100000011111110000001111110100101100001011001101101100000011101011010100101011011001100001000000000000000000000000000000000000000000000000000000000000000000000000000000000000000000 0 0
6321	35.691	0.000	( 0 )	100000011111110000001111110100101100001011001101101100000011101011010100101011011001100001000000000000000000000000000000000000000000000000000000000000000000000000000000000000000000 0 0
6420	39.029	0.000	( 0 )	100000011111111000001111110100101100001011001101101100000011101011010000101011010001100001000000000000000000000000000000000000000000000000000000000000000000000000000000000000000000 3 0
6477	40.140	0.000	( 0 )	100000011111111000011111110100101100001011001101101100000011101011010000101011010001100001000000000000000000000000000000000000000000000000000000000000000000000000000000000000000000 1 0
6460	40.140	0.000	( 0 )	100000011111111000011111110100101100001011001101101100000011101011010000101011010001100001000000000000000000000000000000000000000000000000000000000000000000000000000000000000000000 0 0
6471	40.140	0.000	( 0 )	100000011111111000011111110100101100001011001101101100000011101011010000101011010001100001000000000000000000000000000000000000000000000000000000000000000000000000000000000000000000 0 0
6530	40.140	0.000	( 0 )	100000011111111000011111110100101100001011001101101100000011101011010000101011010001100001000000000000000000000000000000000000000000000000000000000000000000000000000000000000000000 0 0
6523	40.140	0.000	( 0 )	100000011111111000011111110100101100001011001101101100000011101011010000101011010001100001000000000000000000000000000000000000000000000000000000000000000000000000000000000000000000 0 0
6478	40.140	0.000	( 0 )	100000011111111000011111110100101100001011001101101100000011101011010000101011010001100001000000000000000000000000000000000000000000000000000000000000000000000000000000000000000000 0 0
6524	40.140	0.000	( 0 )	100000011111111000011111110100101100001011001101101100000011101011010000101011010001100001000000000000000000000000000000000000000000000000000000000000000000000000000000000000000000 0 0
6475	40.140	0.000	( 0 )	100000011111111000011111110100101100001011001101101100000011101011010000101011010001100001000000000000000000000000000000000000000000000000000000000000000000000000000000000000000000 0 0
6476	40.140	0.000	( 0 )	100000011111111000011111110100101100001011001101101100000011101011010000101011010001100001000000000000000000000000000000000000000000000000000000000000000000000000000000000000000000 0 0
6474	40.140	0.000	( 0 )	100000011111111000011111110100101100001011001101101100000011101011010000101011010001100001000000000000000000000000000000000000000000000000000000000000000000000000000000000000000000 0 0
6522	40.140	0.000	( 0 )	100000011111111000011111110100101100001011001101101100000011101011010000101011010001100001000000000000000000000000000000000000000000000000000000000000000000000000000000000000000000 0 0
6473	40.140	0.000	( 0 )	100000011111111000011111110100101100001011001101101100000011101011010000101011010001100001000000000000000000000000000000000000000000000000000000000000000000000000000000000000000000 0 0
6463	40.140	0.000	( 0 )	100000011111111000011111110100101100001011001101101100000011101011010000101011010001100001000000000000000000000000000000000000000000000000000000000000000000000000000000000000000000 0 0
6472	40.140	0.000	( 0 )	100000011111111000011111110100101100001011001101101100000011101011010000101011010001100001000000000000000000000000000000000000000000000000000000000000000000000000000000000000000000 0 0
6572	42.364	0.000	( 0 )	100000011011111010011111110100101100001011001101101100000011101011010000101011010001100001000000000000000000000000000000000000000000000000000000000000000000000000000000000000000000 2 0
6573	42.364	0.000	( 0 )	100000011011111010011111110100101100001011001101101100000011101011010000101011010001100001000000000000000000000000000000000000000000000000000000000000000000000000000000000000000000 0 0
6594	45.702	0.000	( 0 )	100000011011111010111111110100101100001011001101001100000011101011011000101011010001100001000000000000000000000000000000000000000000000000000000000000000000000000000000000000000000 3 0
6595	45.702	0.000	( 0 )	100000011011111010111111110100101100001011001101001100000011101011011000101011010001100001000000000000000000000000000000000000000000000000000000000000000000000000000000000000000000 0 0
6593	45.702	0.000	( 0 )	100000011011111010111111110100101100001011001101001100000011101011011000101011010001100001000000000000000000000000000000000000000000000000000000000000000000000000000000000000000000 0 0
6603	45.702	0.000	( 0 )	100000011011111010111111110100101100001011001101001100000011101011011000101011010001100001000000000000000000000000000000000000000000000000000000000000000000000000000000000000000000 0 0
6597	45.702	0.000	( 0 )	100000011011111010111111110100101100001011001101001100000011101011011000101011010001100001000000000000000000000000000000000000000000000000000000000000000000000000000000000000000000 0 0
6586	45.702	0.000	( 0 )	100000011011111010111111110100101100001011001101001100000011101011011000101011010001100001000000000000000000000000000000000000000000000000000000000000000000000000000000000000000000 0 0
6609	46.814	0.000	( 0 )	100000011011111010111111110100101100001011001101001100000001101011011000101011010001100001000000000000000000000000000000000000000000000000000000000000000000000000000000000000000000 1 0
