#java OrderMarkers2 data=- evaluateOrder=reordermarkers/iterations/ordered.5.2 useKosambi=1 numThreads=4 calculateIntervals=intervals/ordered.5.intervals randSeed=5246452869619073349
Loading file
No grandparents present in family V
Number of individuals = 92
Number of families = 1
File loaded with 31656 SNPs
Number of individuals = 92 excluding grandparents
Number of families = 1
Number of markers = 155
Setting dataScale to 0.5806451612903226 all likelihoods will be multiplied by 1.722222222222222
Initial score = -1427.420705882253
Iteration 1 of 6
884884288488421 done
Polishing map...
score = -1437.652452438353
score = -1437.652452438353
score = -1437.652452438353
score = -1437.652452438353
Iteration 2 of 6
884884288488421 done
Polishing map...
score = -1439.13131424713
score = -1439.13131424713
score = -1439.13131424713
score = -1439.13131424713
Iteration 3 of 6
884884288488421 done
Polishing map...
score = -1442.481433361052
score = -1442.481433361052
score = -1437.652452438353
score = -1437.652452438353
Iteration 4 of 6
884884288488421 done
Polishing map...
score = -1429.7648949317918
score = -1429.7648949317918
score = -1429.7648949317918
score = -1429.7648949317918
Iteration 5 of 6
884884288488421 done
Polishing map...
score = -1437.4583649330125
score = -1437.4583649330125
score = -1437.4583649330125
score = -1437.4583649330125
Iteration 6 of 6
884884288488421 done
Polishing map...
score = -1449.8875813179002
score = -1449.8875813179002
score = -1437.4583649330125
score = -1437.4583649330125
Final score = -1427.420705882253
Setting dataScale to 0.5806451612903226 all likelihoods will be multiplied by 1.722222222222222
logL = -1427.420705882253
number of recombinations = 76.0 logL = -1427.420705882253
Individual	V	P14459_101_S1	recombines	2	times
Individual	V	P14459_103_S3	recombines	1	times
Individual	V	P14459_104_S4	recombines	1	times
Individual	V	P14459_105_S5	recombines	1	times
Individual	V	P14459_106_S6	recombines	1	times
Individual	V	P14459_107_S7	recombines	1	times
Individual	V	P14459_108_S8	recombines	1	times
Individual	V	P14459_109_S9	recombines	1	times
Individual	V	P14459_111_S11	recombines	1	times
Individual	V	P14459_112_S12	recombines	1	times
Individual	V	P14459_114_S14	recombines	1	times
Individual	V	P14459_115_S15	recombines	1	times
Individual	V	P14459_117_S17	recombines	1	times
Individual	V	P14459_118_S18	recombines	1	times
Individual	V	P14459_119_S19	recombines	1	times
Individual	V	P14459_120_S20	recombines	1	times
Individual	V	P14459_121_S21	recombines	1	times
Individual	V	P14459_122_S22	recombines	1	times
Individual	V	P14459_123_S23	recombines	1	times
Individual	V	P14459_124_S24	recombines	1	times
Individual	V	P14459_125_S25	recombines	1	times
Individual	V	P14459_126_S26	recombines	1	times
Individual	V	P14459_127_S27	recombines	1	times
Individual	V	P14459_128_S28	recombines	1	times
Individual	V	P14459_129_S29	recombines	1	times
Individual	V	P14459_131_S31	recombines	1	times
Individual	V	P14459_132_S32	recombines	1	times
Individual	V	P14459_134_S34	recombines	1	times
Individual	V	P14459_135_S35	recombines	1	times
Individual	V	P14459_137_S37	recombines	1	times
Individual	V	P14459_138_S38	recombines	1	times
Individual	V	P14459_139_S39	recombines	1	times
Individual	V	P14459_140_S40	recombines	1	times
Individual	V	P14459_142_S42	recombines	1	times
Individual	V	P14459_144_S44	recombines	1	times
Individual	V	P14459_145_S45	recombines	1	times
Individual	V	P14459_146_S46	recombines	1	times
Individual	V	P14459_147_S47	recombines	1	times
Individual	V	P14459_148_S48	recombines	1	times
Individual	V	P14459_150_S50	recombines	1	times
Individual	V	P14459_151_S51	recombines	1	times
Individual	V	P14459_153_S53	recombines	1	times
Individual	V	P14459_154_S54	recombines	1	times
Individual	V	P14459_155_S55	recombines	1	times
Individual	V	P14459_156_S56	recombines	1	times
Individual	V	P14459_157_S57	recombines	1	times
Individual	V	P14459_158_S58	recombines	1	times
Individual	V	P14459_159_S59	recombines	1	times
Individual	V	P14459_160_S60	recombines	1	times
Individual	V	P14459_161_S61	recombines	1	times
Individual	V	P14459_164_S64	recombines	1	times
Individual	V	P14459_167_S67	recombines	1	times
Individual	V	P14459_168_S68	recombines	1	times
Individual	V	P14459_169_S69	recombines	1	times
Individual	V	P14459_171_S71	recombines	1	times
Individual	V	P14459_172_S72	recombines	3	times
Individual	V	P14459_173_S73	recombines	1	times
Individual	V	P14459_177_S77	recombines	1	times
Individual	V	P14459_179_S79	recombines	1	times
Individual	V	P14459_180_S80	recombines	1	times
Individual	V	P14459_181_S81	recombines	1	times
Individual	V	P14459_182_S82	recombines	1	times
Individual	V	P14459_183_S83	recombines	1	times
Individual	V	P14459_184_S84	recombines	1	times
Individual	V	P14459_185_S85	recombines	1	times
Individual	V	P14459_186_S86	recombines	1	times
Individual	V	P14459_187_S87	recombines	1	times
Individual	V	P14459_188_S88	recombines	1	times
Individual	V	P14459_189_S89	recombines	1	times
Individual	V	P14459_190_S90	recombines	1	times
Individual	V	P14459_191_S91	recombines	1	times
Individual	V	P14459_192_S92	recombines	1	times
Individual	V	P14459_195_S95	recombines	1	times
#*** LG = 0 likelihood = -1427.4207
#marker_number	male_position	female_position	( 0.0 )[	phased data]
2568	0.000	0.000	( 0 )	100011011011000101010001001001111011010001110001001011000011001110000100011000000010100111000000000000000000000000000000000000000000000000000000000000000000000000000000000000000000 0 0
2676	1.111	0.000	( 0 )	100011011011000101010001001001111011010001111001001011000011001110000100011000000010100111000000000000000000000000000000000000000000000000000000000000000000000000000000000000000000 1 0
2549	1.111	0.000	( 0 )	100011011011000101010001001001111011010001111001001011000011001110000100011000000010100111000000000000000000000000000000000000000000000000000000000000000000000000000000000000000000 0 0
2742	1.111	0.000	( 0 )	100011011011000101010001001001111011010001111001001011000011001110000100011000000010100111000000000000000000000000000000000000000000000000000000000000000000000000000000000000000000 0 0
2548	1.111	0.000	( 0 )	100011011011000101010001001001111011010001111001001011000011001110000100011000000010100111000000000000000000000000000000000000000000000000000000000000000000000000000000000000000000 0 0
2674	1.111	0.000	( 0 )	100011011011000101010001001001111011010001111001001011000011001110000100011000000010100111000000000000000000000000000000000000000000000000000000000000000000000000000000000000000000 0 0
2743	1.111	0.000	( 0 )	100011011011000101010001001001111011010001111001001011000011001110000100011000000010100111000000000000000000000000000000000000000000000000000000000000000000000000000000000000000000 0 0
2758	1.111	0.000	( 0 )	100011011011000101010001001001111011010001111001001011000011001110000100011000000010100111000000000000000000000000000000000000000000000000000000000000000000000000000000000000000000 0 0
2667	1.111	0.000	( 0 )	100011011011000101010001001001111011010001111001001011000011001110000100011000000010100111000000000000000000000000000000000000000000000000000000000000000000000000000000000000000000 0 0
2622	1.111	0.000	( 0 )	100011011011000101010001001001111011010001111001001011000011001110000100011000000010100111000000000000000000000000000000000000000000000000000000000000000000000000000000000000000000 0 0
2551	1.111	0.000	( 0 )	100011011011000101010001001001111011010001111001001011000011001110000100011000000010100111000000000000000000000000000000000000000000000000000000000000000000000000000000000000000000 0 0
2531	1.111	0.000	( 0 )	100011011011000101010001001001111011010001111001001011000011001110000100011000000010100111000000000000000000000000000000000000000000000000000000000000000000000000000000000000000000 0 0
2748	1.111	0.000	( 0 )	100011011011000101010001001001111011010001111001001011000011001110000100011000000010100111000000000000000000000000000000000000000000000000000000000000000000000000000000000000000000 0 0
2547	1.111	0.000	( 0 )	100011011011000101010001001001111011010001111001001011000011001110000100011000000010100111000000000000000000000000000000000000000000000000000000000000000000000000000000000000000000 0 0
2669	1.111	0.000	( 0 )	100011011011000101010001001001111011010001111001001011000011001110000100011000000010100111000000000000000000000000000000000000000000000000000000000000000000000000000000000000000000 0 0
2744	1.111	0.000	( 0 )	100011011011000101010001001001111011010001111001001011000011001110000100011000000010100111000000000000000000000000000000000000000000000000000000000000000000000000000000000000000000 0 0
2623	1.111	0.000	( 0 )	100011011011000101010001001001111011010001111001001011000011001110000100011000000010100111000000000000000000000000000000000000000000000000000000000000000000000000000000000000000000 0 0
2545	1.111	0.000	( 0 )	100011011011000101010001001001111011010001111001001011000011001110000100011000000010100111000000000000000000000000000000000000000000000000000000000000000000000000000000000000000000 0 0
2665	1.111	0.000	( 0 )	100011011011000101010001001001111011010001111001001011000011001110000100011000000010100111000000000000000000000000000000000000000000000000000000000000000000000000000000000000000000 0 0
2672	1.111	0.000	( 0 )	100011011011000101010001001001111011010001111001001011000011001110000100011000000010100111000000000000000000000000000000000000000000000000000000000000000000000000000000000000000000 0 0
2729	2.223	0.000	( 0 )	100011011011000101010001001001111011010001111001001011000011001110010100011000000010100111000000000000000000000000000000000000000000000000000000000000000000000000000000000000000000 1 0
2730	2.223	0.000	( 0 )	100011011011000101010001001001111011010001111001001011000011001110010100011000000010100111000000000000000000000000000000000000000000000000000000000000000000000000000000000000000000 0 0
2733	2.223	0.000	( 0 )	100011011011000101010001001001111011010001111001001011000011001110010100011000000010100111000000000000000000000000000000000000000000000000000000000000000000000000000000000000000000 0 0
2734	2.223	0.000	( 0 )	100011011011000101010001001001111011010001111001001011000011001110010100011000000010100111000000000000000000000000000000000000000000000000000000000000000000000000000000000000000000 0 0
2738	2.223	0.000	( 0 )	100011011011000101010001001001111011010001111001001011000011001110010100011000000010100111000000000000000000000000000000000000000000000000000000000000000000000000000000000000000000 0 0
2519	4.446	0.000	( 0 )	000011011011000101010001001001111011010001111001011011000011001110010100011000000010100111000000000000000000000000000000000000000000000000000000000000000000000000000000000000000000 2 0
2518	4.446	0.000	( 0 )	000011011011000101010001001001111011010001111001011011000011001110010100011000000010100111000000000000000000000000000000000000000000000000000000000000000000000000000000000000000000 0 0
2480	6.670	0.000	( 0 )	000011011011000101000001001001111011010001111001011011000011001010010100011000000010100111000000000000000000000000000000000000000000000000000000000000000000000000000000000000000000 2 0
2453	6.670	0.000	( 0 )	000011011011000101000001001001111011010001111001011011000011001010010100011000000010100111000000000000000000000000000000000000000000000000000000000000000000000000000000000000000000 0 0
2423	12.249	0.000	( 0 )	000001011011000101000001001001111001010001111001011001000011001010010100011001000010000111000000000000000000000000000000000000000000000000000000000000000000000000000000000000000000 5 0
2425	12.249	0.000	( 0 )	000001011011000101000001001001111001010001111001011001000011001010010100011001000010000111000000000000000000000000000000000000000000000000000000000000000000000000000000000000000000 0 0
2283	16.705	0.000	( 0 )	000001011011000101000001001001111001010001111001011001000011001010010100010101100110000111000000000000000000000000000000000000000000000000000000000000000000000000000000000000000000 4 0
2296	16.705	0.000	( 0 )	000001011011000101000001001001111001010001111001011001000011001010010100010101100110000111000000000000000000000000000000000000000000000000000000000000000000000000000000000000000000 0 0
2265	16.705	0.000	( 0 )	000001011011000101000001001001111001010001111001011001000011001010010100010101100110000111000000000000000000000000000000000000000000000000000000000000000000000000000000000000000000 0 0
2360	16.705	0.000	( 0 )	000001011011000101000001001001111001010001111001011001000011001010010100010101100110000111000000000000000000000000000000000000000000000000000000000000000000000000000000000000000000 0 0
2339	16.705	0.000	( 0 )	000001011011000101000001001001111001010001111001011001000011001010010100010101100110000111000000000000000000000000000000000000000000000000000000000000000000000000000000000000000000 0 0
2366	16.705	0.000	( 0 )	000001011011000101000001001001111001010001111001011001000011001010010100010101100110000111000000000000000000000000000000000000000000000000000000000000000000000000000000000000000000 0 0
2328	16.705	0.000	( 0 )	000001011011000101000001001001111001010001111001011001000011001010010100010101100110000111000000000000000000000000000000000000000000000000000000000000000000000000000000000000000000 0 0
2326	16.705	0.000	( 0 )	000001011011000101000001001001111001010001111001011001000011001010010100010101100110000111000000000000000000000000000000000000000000000000000000000000000000000000000000000000000000 0 0
2302	16.705	0.000	( 0 )	000001011011000101000001001001111001010001111001011001000011001010010100010101100110000111000000000000000000000000000000000000000000000000000000000000000000000000000000000000000000 0 0
2250	16.705	0.000	( 0 )	000001011011000101000001001001111001010001111001011001000011001010010100010101100110000111000000000000000000000000000000000000000000000000000000000000000000000000000000000000000000 0 0
2294	16.705	0.000	( 0 )	000001011011000101000001001001111001010001111001011001000011001010010100010101100110000111000000000000000000000000000000000000000000000000000000000000000000000000000000000000000000 0 0
2359	16.705	0.000	( 0 )	000001011011000101000001001001111001010001111001011001000011001010010100010101100110000111000000000000000000000000000000000000000000000000000000000000000000000000000000000000000000 0 0
2270	16.705	0.000	( 0 )	000001011011000101000001001001111001010001111001011001000011001010010100010101100110000111000000000000000000000000000000000000000000000000000000000000000000000000000000000000000000 0 0
2323	16.705	0.000	( 0 )	000001011011000101000001001001111001010001111001011001000011001010010100010101100110000111000000000000000000000000000000000000000000000000000000000000000000000000000000000000000000 0 0
2346	16.705	0.000	( 0 )	000001011011000101000001001001111001010001111001011001000011001010010100010101100110000111000000000000000000000000000000000000000000000000000000000000000000000000000000000000000000 0 0
2370	16.705	0.000	( 0 )	000001011011000101000001001001111001010001111001011001000011001010010100010101100110000111000000000000000000000000000000000000000000000000000000000000000000000000000000000000000000 0 0
2332	16.705	0.000	( 0 )	000001011011000101000001001001111001010001111001011001000011001010010100010101100110000111000000000000000000000000000000000000000000000000000000000000000000000000000000000000000000 0 0
2321	16.705	0.000	( 0 )	000001011011000101000001001001111001010001111001011001000011001010010100010101100110000111000000000000000000000000000000000000000000000000000000000000000000000000000000000000000000 0 0
2333	16.705	0.000	( 0 )	000001011011000101000001001001111001010001111001011001000011001010010100010101100110000111000000000000000000000000000000000000000000000000000000000000000000000000000000000000000000 0 0
2320	16.705	0.000	( 0 )	000001011011000101000001001001111001010001111001011001000011001010010100010101100110000111000000000000000000000000000000000000000000000000000000000000000000000000000000000000000000 0 0
2264	17.816	0.000	( 0 )	000001011011000101000001001001111001010001111001011001000011001010011100010101100110000111000000000000000000000000000000000000000000000000000000000000000000000000000000000000000000 1 0
2272	17.816	0.000	( 0 )	000001011011000101000001001001111001010001111001011001000011001010011100010101100110000111000000000000000000000000000000000000000000000000000000000000000000000000000000000000000000 0 0
2273	17.816	0.000	( 0 )	000001011011000101000001001001111001010001111001011001000011001010011100010101100110000111000000000000000000000000000000000000000000000000000000000000000000000000000000000000000000 0 0
2185	27.953	0.000	( 0 )	000000011001000111001001001000110000010001111001011100000011001010011100010101100110000111000000000000000000000000000000000000000000000000000000000000000000000000000000000000000000 9 0
2188	27.953	0.000	( 0 )	000000011001000111001001001000110000010001111001011100000011001010011100010101100110000111000000000000000000000000000000000000000000000000000000000000000000000000000000000000000000 0 0
2201	27.953	0.000	( 0 )	000000011001000111001001001000110000010001111001011100000011001010011100010101100110000111000000000000000000000000000000000000000000000000000000000000000000000000000000000000000000 0 0
2202	27.953	0.000	( 0 )	000000011001000111001001001000110000010001111001011100000011001010011100010101100110000111000000000000000000000000000000000000000000000000000000000000000000000000000000000000000000 0 0
2203	27.953	0.000	( 0 )	000000011001000111001001001000110000010001111001011100000011001010011100010101100110000111000000000000000000000000000000000000000000000000000000000000000000000000000000000000000000 0 0
2215	27.953	0.000	( 0 )	000000011001000111001001001000110000010001111001011100000011001010011100010101100110000111000000000000000000000000000000000000000000000000000000000000000000000000000000000000000000 0 0
2197	27.953	0.000	( 0 )	000000011001000111001001001000110000010001111001011100000011001010011100010101100110000111000000000000000000000000000000000000000000000000000000000000000000000000000000000000000000 0 0
2187	27.953	0.000	( 0 )	000000011001000111001001001000110000010001111001011100000011001010011100010101100110000111000000000000000000000000000000000000000000000000000000000000000000000000000000000000000000 0 0
2184	27.953	0.000	( 0 )	000000011001000111001001001000110000010001111001011100000011001010011100010101100110000111000000000000000000000000000000000000000000000000000000000000000000000000000000000000000000 0 0
2186	27.953	0.000	( 0 )	000000011001000111001001001000110000010001111001011100000011001010011100010101100110000111000000000000000000000000000000000000000000000000000000000000000000000000000000000000000000 0 0
2181	29.064	0.000	( 0 )	000000011001000111001001001000110000010001111001011100000011001010011100010101100110010111000000000000000000000000000000000000000000000000000000000000000000000000000000000000000000 1 0
2170	31.288	0.000	( 0 )	000000011001000111001001001000110000010001101001011100000011001010011100010111100110010111000000000000000000000000000000000000000000000000000000000000000000000000000000000000000000 2 0
2169	31.288	0.000	( 0 )	000000011001000111001001001000110000010001101001011100000011001010011100010111100110010111000000000000000000000000000000000000000000000000000000000000000000000000000000000000000000 0 0
2172	31.288	0.000	( 0 )	000000011001000111001001001000110000010001101001011100000011001010011100010111100110010111000000000000000000000000000000000000000000000000000000000000000000000000000000000000000000 0 0
2016	34.626	0.000	( 0 )	100000011001000111001001001000110000010001101001011100010011001010011100010111100110010110000000000000000000000000000000000000000000000000000000000000000000000000000000000000000000 3 0
2086	34.626	0.000	( 0 )	100000011001000111001001001000110000010001101001011100010011001010011100010111100110010110000000000000000000000000000000000000000000000000000000000000000000000000000000000000000000 0 0
2044	34.626	0.000	( 0 )	100000011001000111001001001000110000010001101001011100010011001010011100010111100110010110000000000000000000000000000000000000000000000000000000000000000000000000000000000000000000 0 0
2071	34.626	0.000	( 0 )	100000011001000111001001001000110000010001101001011100010011001010011100010111100110010110000000000000000000000000000000000000000000000000000000000000000000000000000000000000000000 0 0
2047	34.626	0.000	( 0 )	100000011001000111001001001000110000010001101001011100010011001010011100010111100110010110000000000000000000000000000000000000000000000000000000000000000000000000000000000000000000 0 0
2069	34.626	0.000	( 0 )	100000011001000111001001001000110000010001101001011100010011001010011100010111100110010110000000000000000000000000000000000000000000000000000000000000000000000000000000000000000000 0 0
2066	34.626	0.000	( 0 )	100000011001000111001001001000110000010001101001011100010011001010011100010111100110010110000000000000000000000000000000000000000000000000000000000000000000000000000000000000000000 0 0
2060	34.626	0.000	( 0 )	100000011001000111001001001000110000010001101001011100010011001010011100010111100110010110000000000000000000000000000000000000000000000000000000000000000000000000000000000000000000 0 0
2013	34.626	0.000	( 0 )	100000011001000111001001001000110000010001101001011100010011001010011100010111100110010110000000000000000000000000000000000000000000000000000000000000000000000000000000000000000000 0 0
2070	34.626	0.000	( 0 )	100000011001000111001001001000110000010001101001011100010011001010011100010111100110010110000000000000000000000000000000000000000000000000000000000000000000000000000000000000000000 0 0
2068	34.626	0.000	( 0 )	100000011001000111001001001000110000010001101001011100010011001010011100010111100110010110000000000000000000000000000000000000000000000000000000000000000000000000000000000000000000 0 0
2108	34.626	0.000	( 0 )	100000011001000111001001001000110000010001101001011100010011001010011100010111100110010110000000000000000000000000000000000000000000000000000000000000000000000000000000000000000000 0 0
2027	34.626	0.000	( 0 )	100000011001000111001001001000110000010001101001011100010011001010011100010111100110010110000000000000000000000000000000000000000000000000000000000000000000000000000000000000000000 0 0
2048	34.626	0.000	( 0 )	100000011001000111001001001000110000010001101001011100010011001010011100010111100110010110000000000000000000000000000000000000000000000000000000000000000000000000000000000000000000 0 0
2015	34.626	0.000	( 0 )	100000011001000111001001001000110000010001101001011100010011001010011100010111100110010110000000000000000000000000000000000000000000000000000000000000000000000000000000000000000000 0 0
2022	34.626	0.000	( 0 )	100000011001000111001001001000110000010001101001011100010011001010011100010111100110010110000000000000000000000000000000000000000000000000000000000000000000000000000000000000000000 0 0
2029	34.626	0.000	( 0 )	100000011001000111001001001000110000010001101001011100010011001010011100010111100110010110000000000000000000000000000000000000000000000000000000000000000000000000000000000000000000 0 0
2004	34.626	0.000	( 0 )	100000011001000111001001001000110000010001101001011100010011001010011100010111100110010110000000000000000000000000000000000000000000000000000000000000000000000000000000000000000000 0 0
2025	34.626	0.000	( 0 )	100000011001000111001001001000110000010001101001011100010011001010011100010111100110010110000000000000000000000000000000000000000000000000000000000000000000000000000000000000000000 0 0
2087	35.737	0.000	( 0 )	100000011001010111001001001000110000010001101001011100010011001010011100010111100110010110000000000000000000000000000000000000000000000000000000000000000000000000000000000000000000 1 0
1993	37.961	0.000	( 0 )	100000011001010111001001001000110000010100101001011100010011001010011100010111100110010110000000000000000000000000000000000000000000000000000000000000000000000000000000000000000000 2 0
1989	37.961	0.000	( 0 )	100000011001010111001001001000110000010100101001011100010011001010011100010111100110010110000000000000000000000000000000000000000000000000000000000000000000000000000000000000000000 0 0
1985	37.961	0.000	( 0 )	100000011001010111001001001000110000010100101001011100010011001010011100010111100110010110000000000000000000000000000000000000000000000000000000000000000000000000000000000000000000 0 0
1982	37.961	0.000	( 0 )	100000011001010111001001001000110000010100101001011100010011001010011100010111100110010110000000000000000000000000000000000000000000000000000000000000000000000000000000000000000000 0 0
1964	39.072	0.000	( 0 )	100000011001010111001001001000110000010100101001011100010011001010011100010111100110011110000000000000000000000000000000000000000000000000000000000000000000000000000000000000000000 1 0
1898	39.072	0.000	( 0 )	100000011001010111001001001000110000010100101001011100010011001010011100010111100110011110000000000000000000000000000000000000000000000000000000000000000000000000000000000000000000 0 0
1925	39.072	0.000	( 0 )	100000011001010111001001001000110000010100101001011100010011001010011100010111100110011110000000000000000000000000000000000000000000000000000000000000000000000000000000000000000000 0 0
1936	39.072	0.000	( 0 )	100000011001010111001001001000110000010100101001011100010011001010011100010111100110011110000000000000000000000000000000000000000000000000000000000000000000000000000000000000000000 0 0
1967	39.072	0.000	( 0 )	100000011001010111001001001000110000010100101001011100010011001010011100010111100110011110000000000000000000000000000000000000000000000000000000000000000000000000000000000000000000 0 0
1920	39.072	0.000	( 0 )	100000011001010111001001001000110000010100101001011100010011001010011100010111100110011110000000000000000000000000000000000000000000000000000000000000000000000000000000000000000000 0 0
1918	39.072	0.000	( 0 )	100000011001010111001001001000110000010100101001011100010011001010011100010111100110011110000000000000000000000000000000000000000000000000000000000000000000000000000000000000000000 0 0
1927	39.072	0.000	( 0 )	100000011001010111001001001000110000010100101001011100010011001010011100010111100110011110000000000000000000000000000000000000000000000000000000000000000000000000000000000000000000 0 0
1937	39.072	0.000	( 0 )	100000011001010111001001001000110000010100101001011100010011001010011100010111100110011110000000000000000000000000000000000000000000000000000000000000000000000000000000000000000000 0 0
1966	39.072	0.000	( 0 )	100000011001010111001001001000110000010100101001011100010011001010011100010111100110011110000000000000000000000000000000000000000000000000000000000000000000000000000000000000000000 0 0
1753	42.411	0.000	( 0 )	100000011001010111101000001000110000010100101001011100010011101010011100010111100110011110000000000000000000000000000000000000000000000000000000000000000000000000000000000000000000 3 0
1809	42.411	0.000	( 0 )	100000011001010111101000001000110000010100101001011100010011101010011100010111100110011110000000000000000000000000000000000000000000000000000000000000000000000000000000000000000000 0 0
1742	42.411	0.000	( 0 )	100000011001010111101000001000110000010100101001011100010011101010011100010111100110011110000000000000000000000000000000000000000000000000000000000000000000000000000000000000000000 0 0
1757	42.411	0.000	( 0 )	100000011001010111101000001000110000010100101001011100010011101010011100010111100110011110000000000000000000000000000000000000000000000000000000000000000000000000000000000000000000 0 0
1768	42.411	0.000	( 0 )	100000011001010111101000001000110000010100101001011100010011101010011100010111100110011110000000000000000000000000000000000000000000000000000000000000000000000000000000000000000000 0 0
1642	42.411	0.000	( 0 )	100000011001010111101000001000110000010100101001011100010011101010011100010111100110011110000000000000000000000000000000000000000000000000000000000000000000000000000000000000000000 0 0
1764	42.411	0.000	( 0 )	100000011001010111101000001000110000010100101001011100010011101010011100010111100110011110000000000000000000000000000000000000000000000000000000000000000000000000000000000000000000 0 0
1741	42.411	0.000	( 0 )	100000011001010111101000001000110000010100101001011100010011101010011100010111100110011110000000000000000000000000000000000000000000000000000000000000000000000000000000000000000000 0 0
1800	42.411	0.000	( 0 )	100000011001010111101000001000110000010100101001011100010011101010011100010111100110011110000000000000000000000000000000000000000000000000000000000000000000000000000000000000000000 0 0
1802	42.411	0.000	( 0 )	100000011001010111101000001000110000010100101001011100010011101010011100010111100110011110000000000000000000000000000000000000000000000000000000000000000000000000000000000000000000 0 0
1801	42.411	0.000	( 0 )	100000011001010111101000001000110000010100101001011100010011101010011100010111100110011110000000000000000000000000000000000000000000000000000000000000000000000000000000000000000000 0 0
1804	42.411	0.000	( 0 )	100000011001010111101000001000110000010100101001011100010011101010011100010111100110011110000000000000000000000000000000000000000000000000000000000000000000000000000000000000000000 0 0
1736	42.411	0.000	( 0 )	100000011001010111101000001000110000010100101001011100010011101010011100010111100110011110000000000000000000000000000000000000000000000000000000000000000000000000000000000000000000 0 0
1636	42.411	0.000	( 0 )	100000011001010111101000001000110000010100101001011100010011101010011100010111100110011110000000000000000000000000000000000000000000000000000000000000000000000000000000000000000000 0 0
1752	42.411	0.000	( 0 )	100000011001010111101000001000110000010100101001011100010011101010011100010111100110011110000000000000000000000000000000000000000000000000000000000000000000000000000000000000000000 0 0
1805	42.411	0.000	( 0 )	100000011001010111101000001000110000010100101001011100010011101010011100010111100110011110000000000000000000000000000000000000000000000000000000000000000000000000000000000000000000 0 0
1635	42.411	0.000	( 0 )	100000011001010111101000001000110000010100101001011100010011101010011100010111100110011110000000000000000000000000000000000000000000000000000000000000000000000000000000000000000000 0 0
1700	43.522	0.000	( 0 )	100000011001010111101000001000110000010100101001011100010011101010001100010111100110011110000000000000000000000000000000000000000000000000000000000000000000000000000000000000000000 1 0
1808	43.522	0.000	( 0 )	100000011001010111101000001000110000010100101001011100010011101010001100010111100110011110000000000000000000000000000000000000000000000000000000000000000000000000000000000000000000 0 0
1699	43.522	0.000	( 0 )	100000011001010111101000001000110000010100101001011100010011101010001100010111100110011110000000000000000000000000000000000000000000000000000000000000000000000000000000000000000000 0 0
1806	43.522	0.000	( 0 )	100000011001010111101000001000110000010100101001011100010011101010001100010111100110011110000000000000000000000000000000000000000000000000000000000000000000000000000000000000000000 0 0
1701	43.522	0.000	( 0 )	100000011001010111101000001000110000010100101001011100010011101010001100010111100110011110000000000000000000000000000000000000000000000000000000000000000000000000000000000000000000 0 0
1803	43.522	0.000	( 0 )	100000011001010111101000001000110000010100101001011100010011101010001100010111100110011110000000000000000000000000000000000000000000000000000000000000000000000000000000000000000000 0 0
1807	43.522	0.000	( 0 )	100000011001010111101000001000110000010100101001011100010011101010001100010111100110011110000000000000000000000000000000000000000000000000000000000000000000000000000000000000000000 0 0
1707	43.522	0.000	( 0 )	100000011001010111101000001000110000010100101001011100010011101010001100010111100110011110000000000000000000000000000000000000000000000000000000000000000000000000000000000000000000 0 0
1706	43.522	0.000	( 0 )	100000011001010111101000001000110000010100101001011100010011101010001100010111100110011110000000000000000000000000000000000000000000000000000000000000000000000000000000000000000000 0 0
1799	43.522	0.000	( 0 )	100000011001010111101000001000110000010100101001011100010011101010001100010111100110011110000000000000000000000000000000000000000000000000000000000000000000000000000000000000000000 0 0
1650	44.633	0.000	( 0 )	100000011001010111101000011000110000010100101001011100010011101010001100010111100110011110000000000000000000000000000000000000000000000000000000000000000000000000000000000000000000 1 0
1669	44.633	0.000	( 0 )	100000011001010111101000011000110000010100101001011100010011101010001100010111100110011110000000000000000000000000000000000000000000000000000000000000000000000000000000000000000000 0 0
1652	44.633	0.000	( 0 )	100000011001010111101000011000110000010100101001011100010011101010001100010111100110011110000000000000000000000000000000000000000000000000000000000000000000000000000000000000000000 0 0
1671	45.744	0.000	( 0 )	100000011001010111101000011000110000110100101001011100010011101010001100010111100110011110000000000000000000000000000000000000000000000000000000000000000000000000000000000000000000 1 0
1673	45.744	0.000	( 0 )	100000011001010111101000011000110000110100101001011100010011101010001100010111100110011110000000000000000000000000000000000000000000000000000000000000000000000000000000000000000000 0 0
1830	46.856	0.000	( 0 )	100000011001010111101100011000110000110100101001011100010011101010001100010111100110011110000000000000000000000000000000000000000000000000000000000000000000000000000000000000000000 1 0
1833	46.856	0.000	( 0 )	100000011001010111101100011000110000110100101001011100010011101010001100010111100110011110000000000000000000000000000000000000000000000000000000000000000000000000000000000000000000 0 0
1586	50.194	0.000	( 0 )	101000011001010111101100011000010000110100101001011100010011101010101100010111100110011110000000000000000000000000000000000000000000000000000000000000000000000000000000000000000000 3 0
1546	54.650	0.000	( 0 )	101000011001010011101100011000000000110110101000011100010011101010101100010111100110011110000000000000000000000000000000000000000000000000000000000000000000000000000000000000000000 4 0
1556	54.650	0.000	( 0 )	101000011001010011101100011000000000110110101000011100010011101010101100010111100110011110000000000000000000000000000000000000000000000000000000000000000000000000000000000000000000 0 0
1555	54.650	0.000	( 0 )	101000011001010011101100011000000000110110101000011100010011101010101100010111100110011110000000000000000000000000000000000000000000000000000000000000000000000000000000000000000000 0 0
1554	54.650	0.000	( 0 )	101000011001010011101100011000000000110110101000011100010011101010101100010111100110011110000000000000000000000000000000000000000000000000000000000000000000000000000000000000000000 0 0
1552	54.650	0.000	( 0 )	101000011001010011101100011000000000110110101000011100010011101010101100010111100110011110000000000000000000000000000000000000000000000000000000000000000000000000000000000000000000 0 0
1557	54.650	0.000	( 0 )	101000011001010011101100011000000000110110101000011100010011101010101100010111100110011110000000000000000000000000000000000000000000000000000000000000000000000000000000000000000000 0 0
1558	54.650	0.000	( 0 )	101000011001010011101100011000000000110110101000011100010011101010101100010111100110011110000000000000000000000000000000000000000000000000000000000000000000000000000000000000000000 0 0
1538	55.761	0.000	( 0 )	101000011001010011101100011000000000110110101000011100010011101010101100010111100111011110000000000000000000000000000000000000000000000000000000000000000000000000000000000000000000 1 0
1490	60.218	0.000	( 0 )	111000011101010011101100011000000000110110101000010100010011101010111100010111100111011110000000000000000000000000000000000000000000000000000000000000000000000000000000000000000000 4 0
1478	62.441	0.000	( 0 )	111000011101010011101100011000000000110110101010010100011011101010111100010111100111011110000000000000000000000000000000000000000000000000000000000000000000000000000000000000000000 2 0
1455	63.553	0.000	( 0 )	111100011101010011101100011000000000110110101010010100011011101010111100010111100111011110000000000000000000000000000000000000000000000000000000000000000000000000000000000000000000 1 0
1456	63.553	0.000	( 0 )	111100011101010011101100011000000000110110101010010100011011101010111100010111100111011110000000000000000000000000000000000000000000000000000000000000000000000000000000000000000000 0 0
1458	63.553	0.000	( 0 )	111100011101010011101100011000000000110110101010010100011011101010111100010111100111011110000000000000000000000000000000000000000000000000000000000000000000000000000000000000000000 0 0
1466	63.553	0.000	( 0 )	111100011101010011101100011000000000110110101010010100011011101010111100010111100111011110000000000000000000000000000000000000000000000000000000000000000000000000000000000000000000 0 0
1467	63.553	0.000	( 0 )	111100011101010011101100011000000000110110101010010100011011101010111100010111100111011110000000000000000000000000000000000000000000000000000000000000000000000000000000000000000000 0 0
1459	63.553	0.000	( 0 )	111100011101010011101100011000000000110110101010010100011011101010111100010111100111011110000000000000000000000000000000000000000000000000000000000000000000000000000000000000000000 0 0
1468	63.553	0.000	( 0 )	111100011101010011101100011000000000110110101010010100011011101010111100010111100111011110000000000000000000000000000000000000000000000000000000000000000000000000000000000000000000 0 0
2161	86.072	0.000	( 0 )	111100101101110010101110110100000000100110001010010100111111100000111101000111111101011110000000000000000000000000000000000000000000000000000000000000000000000000000000000000000000 19 0
