#java OrderMarkers2 data=- evaluateOrder=reordermarkers/iterations/ordered.30.1 useKosambi=1 numThreads=4 calculateIntervals=intervals/ordered.30.intervals randSeed=1353682333373937111
Loading file
No grandparents present in family V
Number of individuals = 92
Number of families = 1
File loaded with 31656 SNPs
Number of individuals = 92 excluding grandparents
Number of families = 1
Number of markers = 43
Setting dataScale to 1.0 all likelihoods will be multiplied by 1.0
Initial score = -247.24026541784235
Iteration 1 of 6
884884288488421 done
Polishing map...
score = -250.10970740392634
score = -247.24026541784235
score = -247.24026541784235
score = -247.24026541784235
Iteration 2 of 6
884884288488421 done
Polishing map...
score = -250.10970740392634
score = -250.10970740392634
score = -250.10970740392634
score = -250.10970740392634
Iteration 3 of 6
884884288488421 done
Polishing map...
score = -247.24026541784235
score = -247.24026541784235
score = -247.24026541784235
score = -247.24026541784235
Iteration 4 of 6
884884288488421 done
Polishing map...
score = -250.10970740392634
score = -250.10970740392634
score = -250.10970740392634
score = -250.10970740392634
Iteration 5 of 6
884884288488421 done
Polishing map...
score = -250.10970740392634
score = -247.24026541784235
score = -247.24026541784235
score = -247.24026541784235
Iteration 6 of 6
884884288488421 done
Polishing map...
score = -247.24026541784235
score = -247.24026541784235
score = -247.24026541784235
score = -247.24026541784235
Final score = -247.24026541784235
Setting dataScale to 1.0 all likelihoods will be multiplied by 1.0
logL = -247.24026541784235
number of recombinations = 20.0 logL = -247.24026541784235
Individual	V	P14459_108_S8	recombines	1	times
Individual	V	P14459_113_S13	recombines	1	times
Individual	V	P14459_114_S14	recombines	1	times
Individual	V	P14459_119_S19	recombines	1	times
Individual	V	P14459_120_S20	recombines	1	times
Individual	V	P14459_122_S22	recombines	1	times
Individual	V	P14459_124_S24	recombines	1	times
Individual	V	P14459_132_S32	recombines	1	times
Individual	V	P14459_137_S37	recombines	1	times
Individual	V	P14459_144_S44	recombines	1	times
Individual	V	P14459_147_S47	recombines	1	times
Individual	V	P14459_160_S60	recombines	1	times
Individual	V	P14459_170_S70	recombines	1	times
Individual	V	P14459_171_S71	recombines	1	times
Individual	V	P14459_173_S73	recombines	1	times
Individual	V	P14459_179_S79	recombines	1	times
Individual	V	P14459_187_S87	recombines	1	times
Individual	V	P14459_189_S89	recombines	1	times
Individual	V	P14459_190_S90	recombines	1	times
Individual	V	P14459_194_S94	recombines	1	times
#*** LG = 0 likelihood = -247.2403
#marker_number	male_position	female_position	( 0.0 )[	phased data]
29718	0.000	0.000	( 0 )	101110000111000001111111000100001011110111001111110111100000010110100011101011111001101111000000000000000000000000000000000000000000000000000000000000000000000000000000000000000000 0 0
29713	0.000	0.000	( 0 )	101110000111000001111111000100001011110111001111110111100000010110100011101011111001101111000000000000000000000000000000000000000000000000000000000000000000000000000000000000000000 0 0
29714	0.000	0.000	( 0 )	101110000111000001111111000100001011110111001111110111100000010110100011101011111001101111000000000000000000000000000000000000000000000000000000000000000000000000000000000000000000 0 0
29719	0.000	0.000	( 0 )	101110000111000001111111000100001011110111001111110111100000010110100011101011111001101111000000000000000000000000000000000000000000000000000000000000000000000000000000000000000000 0 0
29720	0.000	0.000	( 0 )	101110000111000001111111000100001011110111001111110111100000010110100011101011111001101111000000000000000000000000000000000000000000000000000000000000000000000000000000000000000000 0 0
29712	0.000	0.000	( 0 )	101110000111000001111111000100001011110111001111110111100000010110100011101011111001101111000000000000000000000000000000000000000000000000000000000000000000000000000000000000000000 0 0
29717	0.000	0.000	( 0 )	101110000111000001111111000100001011110111001111110111100000010110100011101011111001101111000000000000000000000000000000000000000000000000000000000000000000000000000000000000000000 0 0
29719	0.000	0.000	( 0 )	101110000111000001111111000100001011110111001111110111100000010110100011101011111001101111000000000000000000000000000000000000000000000000000000000000000000000000000000000000000000 0 0
29716	0.000	0.000	( 0 )	101110000111000001111111000100001011110111001111110111100000010110100011101011111001101111000000000000000000000000000000000000000000000000000000000000000000000000000000000000000000 0 0
29715	0.000	0.000	( 0 )	101110000111000001111111000100001011110111001111110111100000010110100011101011111001101111000000000000000000000000000000000000000000000000000000000000000000000000000000000000000000 0 0
29736	1.111	0.000	( 0 )	101110000111000001111111000100101011110111001111110111100000010110100011101011111001101111000000000000000000000000000000000000000000000000000000000000000000000000000000000000000000 1 0
29738	2.223	0.000	( 0 )	101110000111000001111111000100101011110111001111110111100000010110101011101011111001101111000000000000000000000000000000000000000000000000000000000000000000000000000000000000000000 1 0
29735	2.223	0.000	( 0 )	101110000111000001111111000100101011110111001111110111100000010110101011101011111001101111000000000000000000000000000000000000000000000000000000000000000000000000000000000000000000 0 0
29737	2.223	0.000	( 0 )	101110000111000001111111000100101011110111001111110111100000010110101011101011111001101111000000000000000000000000000000000000000000000000000000000000000000000000000000000000000000 0 0
29734	2.223	0.000	( 0 )	101110000111000001111111000100101011110111001111110111100000010110101011101011111001101111000000000000000000000000000000000000000000000000000000000000000000000000000000000000000000 0 0
29797	10.064	0.000	( 0 )	101110100110100001111101000100101001110111001111110111101000010110101011101011111001001111000000000000000000000000000000000000000000000000000000000000000000000000000000000000000000 7 0
29801	10.064	0.000	( 0 )	101110100110100001111101000100101001110111001111110111101000010110101011101011111001001111000000000000000000000000000000000000000000000000000000000000000000000000000000000000000000 0 0
29834	13.402	0.000	( 0 )	101110100110100000111101000100101001110101001111110111101000010110101011101011111101001111000000000000000000000000000000000000000000000000000000000000000000000000000000000000000000 3 0
29829	13.402	0.000	( 0 )	101110100110100000111101000100101001110101001111110111101000010110101011101011111101001111000000000000000000000000000000000000000000000000000000000000000000000000000000000000000000 0 0
29849	13.402	0.000	( 0 )	101110100110100000111101000100101001110101001111110111101000010110101011101011111101001111000000000000000000000000000000000000000000000000000000000000000000000000000000000000000000 0 0
29836	13.402	0.000	( 0 )	101110100110100000111101000100101001110101001111110111101000010110101011101011111101001111000000000000000000000000000000000000000000000000000000000000000000000000000000000000000000 0 0
29848	13.402	0.000	( 0 )	101110100110100000111101000100101001110101001111110111101000010110101011101011111101001111000000000000000000000000000000000000000000000000000000000000000000000000000000000000000000 0 0
29844	13.402	0.000	( 0 )	101110100110100000111101000100101001110101001111110111101000010110101011101011111101001111000000000000000000000000000000000000000000000000000000000000000000000000000000000000000000 0 0
29840	13.402	0.000	( 0 )	101110100110100000111101000100101001110101001111110111101000010110101011101011111101001111000000000000000000000000000000000000000000000000000000000000000000000000000000000000000000 0 0
29847	13.402	0.000	( 0 )	101110100110100000111101000100101001110101001111110111101000010110101011101011111101001111000000000000000000000000000000000000000000000000000000000000000000000000000000000000000000 0 0
29827	13.402	0.000	( 0 )	101110100110100000111101000100101001110101001111110111101000010110101011101011111101001111000000000000000000000000000000000000000000000000000000000000000000000000000000000000000000 0 0
29869	15.626	0.000	( 0 )	101110100110100000111101000100101001110101001111110111101000010110101011111011111101001101000000000000000000000000000000000000000000000000000000000000000000000000000000000000000000 2 0
29909	17.850	0.000	( 0 )	101110100110100000110101000100101001110101001111110111101000010110001011111011111101001101000000000000000000000000000000000000000000000000000000000000000000000000000000000000000000 2 0
29899	17.850	0.000	( 0 )	101110100110100000110101000100101001110101001111110111101000010110001011111011111101001101000000000000000000000000000000000000000000000000000000000000000000000000000000000000000000 0 0
29904	18.961	0.000	( 0 )	101110100110100000110101000100101001110101001111110111101000010110001011111011111100001101000000000000000000000000000000000000000000000000000000000000000000000000000000000000000000 1 0
29923	18.961	0.000	( 0 )	101110100110100000110101000100101001110101001111110111101000010110001011111011111100001101000000000000000000000000000000000000000000000000000000000000000000000000000000000000000000 0 0
29925	18.961	0.000	( 0 )	101110100110100000110101000100101001110101001111110111101000010110001011111011111100001101000000000000000000000000000000000000000000000000000000000000000000000000000000000000000000 0 0
29924	18.961	0.000	( 0 )	101110100110100000110101000100101001110101001111110111101000010110001011111011111100001101000000000000000000000000000000000000000000000000000000000000000000000000000000000000000000 0 0
29913	18.961	0.000	( 0 )	101110100110100000110101000100101001110101001111110111101000010110001011111011111100001101000000000000000000000000000000000000000000000000000000000000000000000000000000000000000000 0 0
29922	18.961	0.000	( 0 )	101110100110100000110101000100101001110101001111110111101000010110001011111011111100001101000000000000000000000000000000000000000000000000000000000000000000000000000000000000000000 0 0
29900	18.961	0.000	( 0 )	101110100110100000110101000100101001110101001111110111101000010110001011111011111100001101000000000000000000000000000000000000000000000000000000000000000000000000000000000000000000 0 0
29982	22.299	0.000	( 0 )	101110100110100000010101000100101001110101011111110111101000010111001011111011111100001101000000000000000000000000000000000000000000000000000000000000000000000000000000000000000000 3 0
29964	22.299	0.000	( 0 )	101110100110100000010101000100101001110101011111110111101000010111001011111011111100001101000000000000000000000000000000000000000000000000000000000000000000000000000000000000000000 0 0
29980	22.299	0.000	( 0 )	101110100110100000010101000100101001110101011111110111101000010111001011111011111100001101000000000000000000000000000000000000000000000000000000000000000000000000000000000000000000 0 0
29983	22.299	0.000	( 0 )	101110100110100000010101000100101001110101011111110111101000010111001011111011111100001101000000000000000000000000000000000000000000000000000000000000000000000000000000000000000000 0 0
29972	22.299	0.000	( 0 )	101110100110100000010101000100101001110101011111110111101000010111001011111011111100001101000000000000000000000000000000000000000000000000000000000000000000000000000000000000000000 0 0
29973	22.299	0.000	( 0 )	101110100110100000010101000100101001110101011111110111101000010111001011111011111100001101000000000000000000000000000000000000000000000000000000000000000000000000000000000000000000 0 0
29966	22.299	0.000	( 0 )	101110100110100000010101000100101001110101011111110111101000010111001011111011111100001101000000000000000000000000000000000000000000000000000000000000000000000000000000000000000000 0 0
