#java OrderMarkers2 data=- evaluateOrder=reordermarkers/iterations/ordered.14.5 useKosambi=1 numThreads=4 calculateIntervals=intervals/ordered.14.intervals randSeed=7173953803006779213
Loading file
No grandparents present in family V
Number of individuals = 92
Number of families = 1
File loaded with 31656 SNPs
Number of individuals = 92 excluding grandparents
Number of families = 1
Number of markers = 144
Setting dataScale to 0.625 all likelihoods will be multiplied by 1.6
Initial score = -994.3401140199194
Iteration 1 of 6
884884288488421 done
Polishing map...
score = -1021.2632980540512
score = -1007.4663047729416
score = -995.0370883880539
score = -995.0370883880539
Iteration 2 of 6
884884288488421 done
Polishing map...
score = -1022.7060104547425
score = -1022.6299889324589
score = -1022.5539674101753
score = -1022.5539674101753
Iteration 3 of 6
884884288488421 done
Polishing map...
score = -1019.0551701802756
score = -1001.1756750582142
score = -1001.0996535359307
score = -1001.0996535359307
Iteration 4 of 6
884884288488421 done
Polishing map...
score = -1007.3042560957781
score = -1007.3042560957781
score = -1007.3042560957781
score = -994.4161355422029
Iteration 5 of 6
884884288488421 done
Polishing map...
score = -1013.6809129653855
score = -1007.3902832506581
score = -1001.0996535359307
score = -1001.0996535359307
Iteration 6 of 6
884884288488421 done
Polishing map...
score = -1026.5637433699233
score = -1008.250986706975
score = -1007.3142617283745
score = -1007.3142617283745
Final score = -994.3401140199194
Setting dataScale to 0.625 all likelihoods will be multiplied by 1.6
logL = -994.3401140199194
number of recombinations = 66.0 logL = -994.3401140199194
Individual	V	P14459_103_S3	recombines	1	times
Individual	V	P14459_105_S5	recombines	1	times
Individual	V	P14459_108_S8	recombines	1	times
Individual	V	P14459_109_S9	recombines	1	times
Individual	V	P14459_110_S10	recombines	1	times
Individual	V	P14459_111_S11	recombines	1	times
Individual	V	P14459_112_S12	recombines	3	times
Individual	V	P14459_113_S13	recombines	1	times
Individual	V	P14459_115_S15	recombines	1	times
Individual	V	P14459_116_S16	recombines	1	times
Individual	V	P14459_117_S17	recombines	1	times
Individual	V	P14459_119_S19	recombines	1	times
Individual	V	P14459_120_S20	recombines	1	times
Individual	V	P14459_121_S21	recombines	1	times
Individual	V	P14459_123_S23	recombines	1	times
Individual	V	P14459_124_S24	recombines	1	times
Individual	V	P14459_125_S25	recombines	1	times
Individual	V	P14459_126_S26	recombines	1	times
Individual	V	P14459_127_S27	recombines	1	times
Individual	V	P14459_128_S28	recombines	1	times
Individual	V	P14459_129_S29	recombines	1	times
Individual	V	P14459_130_S30	recombines	1	times
Individual	V	P14459_134_S34	recombines	1	times
Individual	V	P14459_135_S35	recombines	1	times
Individual	V	P14459_136_S36	recombines	1	times
Individual	V	P14459_137_S37	recombines	1	times
Individual	V	P14459_139_S39	recombines	1	times
Individual	V	P14459_145_S45	recombines	1	times
Individual	V	P14459_146_S46	recombines	1	times
Individual	V	P14459_149_S49	recombines	1	times
Individual	V	P14459_151_S51	recombines	1	times
Individual	V	P14459_152_S52	recombines	1	times
Individual	V	P14459_153_S53	recombines	1	times
Individual	V	P14459_154_S54	recombines	1	times
Individual	V	P14459_155_S55	recombines	1	times
Individual	V	P14459_156_S56	recombines	1	times
Individual	V	P14459_157_S57	recombines	1	times
Individual	V	P14459_158_S58	recombines	1	times
Individual	V	P14459_159_S59	recombines	1	times
Individual	V	P14459_160_S60	recombines	1	times
Individual	V	P14459_162_S62	recombines	1	times
Individual	V	P14459_163_S63	recombines	1	times
Individual	V	P14459_166_S66	recombines	1	times
Individual	V	P14459_168_S68	recombines	1	times
Individual	V	P14459_169_S69	recombines	1	times
Individual	V	P14459_170_S70	recombines	1	times
Individual	V	P14459_171_S71	recombines	1	times
Individual	V	P14459_173_S73	recombines	1	times
Individual	V	P14459_174_S74	recombines	1	times
Individual	V	P14459_177_S77	recombines	1	times
Individual	V	P14459_178_S78	recombines	1	times
Individual	V	P14459_180_S80	recombines	1	times
Individual	V	P14459_181_S81	recombines	1	times
Individual	V	P14459_182_S82	recombines	1	times
Individual	V	P14459_183_S83	recombines	1	times
Individual	V	P14459_184_S84	recombines	1	times
Individual	V	P14459_186_S86	recombines	1	times
Individual	V	P14459_188_S88	recombines	1	times
Individual	V	P14459_189_S89	recombines	2	times
Individual	V	P14459_190_S90	recombines	1	times
Individual	V	P14459_191_S91	recombines	1	times
Individual	V	P14459_194_S94	recombines	1	times
Individual	V	P14459_195_S95	recombines	1	times
#*** LG = 0 likelihood = -994.3401
#marker_number	male_position	female_position	( 0.0 )[	phased data]
15173	0.000	0.000	( 0 )	101110101011101111011100011000011110111010110100110001110100001001100011101111000001111111000000000000000000000000000000000000000000000000000000000000000000000000000000000000000000 0 0
15172	0.000	0.000	( 0 )	101110101011101111011100011000011110111010110100110001110100001001100011101111000001111111000000000000000000000000000000000000000000000000000000000000000000000000000000000000000000 0 0
15138	2.224	0.000	( 0 )	101110101011101111011100011000011110111010110100110001110100001011100011001111000001111111000000000000000000000000000000000000000000000000000000000000000000000000000000000000000000 2 0
15133	2.224	0.000	( 0 )	101110101011101111011100011000011110111010110100110001110100001011100011001111000001111111000000000000000000000000000000000000000000000000000000000000000000000000000000000000000000 0 0
15136	2.224	0.000	( 0 )	101110101011101111011100011000011110111010110100110001110100001011100011001111000001111111000000000000000000000000000000000000000000000000000000000000000000000000000000000000000000 0 0
15148	2.224	0.000	( 0 )	101110101011101111011100011000011110111010110100110001110100001011100011001111000001111111000000000000000000000000000000000000000000000000000000000000000000000000000000000000000000 0 0
15127	2.224	0.000	( 0 )	101110101011101111011100011000011110111010110100110001110100001011100011001111000001111111000000000000000000000000000000000000000000000000000000000000000000000000000000000000000000 0 0
15146	2.224	0.000	( 0 )	101110101011101111011100011000011110111010110100110001110100001011100011001111000001111111000000000000000000000000000000000000000000000000000000000000000000000000000000000000000000 0 0
15139	2.224	0.000	( 0 )	101110101011101111011100011000011110111010110100110001110100001011100011001111000001111111000000000000000000000000000000000000000000000000000000000000000000000000000000000000000000 0 0
15137	2.224	0.000	( 0 )	101110101011101111011100011000011110111010110100110001110100001011100011001111000001111111000000000000000000000000000000000000000000000000000000000000000000000000000000000000000000 0 0
15132	2.224	0.000	( 0 )	101110101011101111011100011000011110111010110100110001110100001011100011001111000001111111000000000000000000000000000000000000000000000000000000000000000000000000000000000000000000 0 0
15135	2.224	0.000	( 0 )	101110101011101111011100011000011110111010110100110001110100001011100011001111000001111111000000000000000000000000000000000000000000000000000000000000000000000000000000000000000000 0 0
15147	2.224	0.000	( 0 )	101110101011101111011100011000011110111010110100110001110100001011100011001111000001111111000000000000000000000000000000000000000000000000000000000000000000000000000000000000000000 0 0
15222	3.335	0.000	( 0 )	101110101011101111011100011000011110111010110100110001110100001011100011001011000001111111000000000000000000000000000000000000000000000000000000000000000000000000000000000000000000 1 0
15209	3.335	0.000	( 0 )	101110101011101111011100011000011110111010110100110001110100001011100011001011000001111111000000000000000000000000000000000000000000000000000000000000000000000000000000000000000000 0 0
15194	3.335	0.000	( 0 )	101110101011101111011100011000011110111010110100110001110100001011100011001011000001111111000000000000000000000000000000000000000000000000000000000000000000000000000000000000000000 0 0
15220	3.335	0.000	( 0 )	101110101011101111011100011000011110111010110100110001110100001011100011001011000001111111000000000000000000000000000000000000000000000000000000000000000000000000000000000000000000 0 0
15177	3.335	0.000	( 0 )	101110101011101111011100011000011110111010110100110001110100001011100011001011000001111111000000000000000000000000000000000000000000000000000000000000000000000000000000000000000000 0 0
15217	3.335	0.000	( 0 )	101110101011101111011100011000011110111010110100110001110100001011100011001011000001111111000000000000000000000000000000000000000000000000000000000000000000000000000000000000000000 0 0
15216	3.335	0.000	( 0 )	101110101011101111011100011000011110111010110100110001110100001011100011001011000001111111000000000000000000000000000000000000000000000000000000000000000000000000000000000000000000 0 0
15205	3.335	0.000	( 0 )	101110101011101111011100011000011110111010110100110001110100001011100011001011000001111111000000000000000000000000000000000000000000000000000000000000000000000000000000000000000000 0 0
15221	3.335	0.000	( 0 )	101110101011101111011100011000011110111010110100110001110100001011100011001011000001111111000000000000000000000000000000000000000000000000000000000000000000000000000000000000000000 0 0
15170	3.335	0.000	( 0 )	101110101011101111011100011000011110111010110100110001110100001011100011001011000001111111000000000000000000000000000000000000000000000000000000000000000000000000000000000000000000 0 0
15218	3.335	0.000	( 0 )	101110101011101111011100011000011110111010110100110001110100001011100011001011000001111111000000000000000000000000000000000000000000000000000000000000000000000000000000000000000000 0 0
15171	3.335	0.000	( 0 )	101110101011101111011100011000011110111010110100110001110100001011100011001011000001111111000000000000000000000000000000000000000000000000000000000000000000000000000000000000000000 0 0
15219	3.335	0.000	( 0 )	101110101011101111011100011000011110111010110100110001110100001011100011001011000001111111000000000000000000000000000000000000000000000000000000000000000000000000000000000000000000 0 0
15241	4.446	0.000	( 0 )	101110101011101111011100011000011110111010110100110001110100001011100011001011100001111111000000000000000000000000000000000000000000000000000000000000000000000000000000000000000000 1 0
15249	4.446	0.000	( 0 )	101110101011101111011100011000011110111010110100110001110100001011100011001011100001111111000000000000000000000000000000000000000000000000000000000000000000000000000000000000000000 0 0
15240	4.446	0.000	( 0 )	101110101011101111011100011000011110111010110100110001110100001011100011001011100001111111000000000000000000000000000000000000000000000000000000000000000000000000000000000000000000 0 0
15297	7.785	0.000	( 0 )	101110101011101011011100011000011010111010110100110001110100001011100011001011100001111101000000000000000000000000000000000000000000000000000000000000000000000000000000000000000000 3 0
15317	7.785	0.000	( 0 )	101110101011101011011100011000011010111010110100110001110100001011100011001011100001111101000000000000000000000000000000000000000000000000000000000000000000000000000000000000000000 0 0
15318	7.785	0.000	( 0 )	101110101011101011011100011000011010111010110100110001110100001011100011001011100001111101000000000000000000000000000000000000000000000000000000000000000000000000000000000000000000 0 0
15316	7.785	0.000	( 0 )	101110101011101011011100011000011010111010110100110001110100001011100011001011100001111101000000000000000000000000000000000000000000000000000000000000000000000000000000000000000000 0 0
15322	7.785	0.000	( 0 )	101110101011101011011100011000011010111010110100110001110100001011100011001011100001111101000000000000000000000000000000000000000000000000000000000000000000000000000000000000000000 0 0
15321	7.785	0.000	( 0 )	101110101011101011011100011000011010111010110100110001110100001011100011001011100001111101000000000000000000000000000000000000000000000000000000000000000000000000000000000000000000 0 0
15257	7.785	0.000	( 0 )	101110101011101011011100011000011010111010110100110001110100001011100011001011100001111101000000000000000000000000000000000000000000000000000000000000000000000000000000000000000000 0 0
15296	7.785	0.000	( 0 )	101110101011101011011100011000011010111010110100110001110100001011100011001011100001111101000000000000000000000000000000000000000000000000000000000000000000000000000000000000000000 0 0
15295	7.785	0.000	( 0 )	101110101011101011011100011000011010111010110100110001110100001011100011001011100001111101000000000000000000000000000000000000000000000000000000000000000000000000000000000000000000 0 0
15355	13.363	0.000	( 0 )	101110101011101011011100011000011010111010110001111001110100001011100010001011100001111100000000000000000000000000000000000000000000000000000000000000000000000000000000000000000000 5 0
15356	13.363	0.000	( 0 )	101110101011101011011100011000011010111010110001111001110100001011100010001011100001111100000000000000000000000000000000000000000000000000000000000000000000000000000000000000000000 0 0
15354	13.363	0.000	( 0 )	101110101011101011011100011000011010111010110001111001110100001011100010001011100001111100000000000000000000000000000000000000000000000000000000000000000000000000000000000000000000 0 0
15377	16.701	0.000	( 0 )	111110101011101011011100011000011000011010110001111001110100001011100010001011100001111100000000000000000000000000000000000000000000000000000000000000000000000000000000000000000000 3 0
15380	16.701	0.000	( 0 )	111110101011101011011100011000011000011010110001111001110100001011100010001011100001111100000000000000000000000000000000000000000000000000000000000000000000000000000000000000000000 0 0
15382	16.701	0.000	( 0 )	111110101011101011011100011000011000011010110001111001110100001011100010001011100001111100000000000000000000000000000000000000000000000000000000000000000000000000000000000000000000 0 0
15379	16.701	0.000	( 0 )	111110101011101011011100011000011000011010110001111001110100001011100010001011100001111100000000000000000000000000000000000000000000000000000000000000000000000000000000000000000000 0 0
15381	16.701	0.000	( 0 )	111110101011101011011100011000011000011010110001111001110100001011100010001011100001111100000000000000000000000000000000000000000000000000000000000000000000000000000000000000000000 0 0
15376	16.701	0.000	( 0 )	111110101011101011011100011000011000011010110001111001110100001011100010001011100001111100000000000000000000000000000000000000000000000000000000000000000000000000000000000000000000 0 0
15366	16.701	0.000	( 0 )	111110101011101011011100011000011000011010110001111001110100001011100010001011100001111100000000000000000000000000000000000000000000000000000000000000000000000000000000000000000000 0 0
15375	16.701	0.000	( 0 )	111110101011101011011100011000011000011010110001111001110100001011100010001011100001111100000000000000000000000000000000000000000000000000000000000000000000000000000000000000000000 0 0
15390	17.813	0.000	( 0 )	111110001011101011011100011000011000011010110001111001110100001011100010001011100001111100000000000000000000000000000000000000000000000000000000000000000000000000000000000000000000 1 0
15399	17.813	0.000	( 0 )	111110001011101011011100011000011000011010110001111001110100001011100010001011100001111100000000000000000000000000000000000000000000000000000000000000000000000000000000000000000000 0 0
15475	21.151	0.000	( 0 )	111110001110101011011100011000001000011010110001111001110100001011100010001011100001111100000000000000000000000000000000000000000000000000000000000000000000000000000000000000000000 3 0
15476	21.151	0.000	( 0 )	111110001110101011011100011000001000011010110001111001110100001011100010001011100001111100000000000000000000000000000000000000000000000000000000000000000000000000000000000000000000 0 0
15474	21.151	0.000	( 0 )	111110001110101011011100011000001000011010110001111001110100001011100010001011100001111100000000000000000000000000000000000000000000000000000000000000000000000000000000000000000000 0 0
15460	21.151	0.000	( 0 )	111110001110101011011100011000001000011010110001111001110100001011100010001011100001111100000000000000000000000000000000000000000000000000000000000000000000000000000000000000000000 0 0
15504	21.151	0.000	( 0 )	111110001110101011011100011000001000011010110001111001110100001011100010001011100001111100000000000000000000000000000000000000000000000000000000000000000000000000000000000000000000 0 0
15430	21.151	0.000	( 0 )	111110001110101011011100011000001000011010110001111001110100001011100010001011100001111100000000000000000000000000000000000000000000000000000000000000000000000000000000000000000000 0 0
15522	21.151	0.000	( 0 )	111110001110101011011100011000001000011010110001111001110100001011100010001011100001111100000000000000000000000000000000000000000000000000000000000000000000000000000000000000000000 0 0
15473	21.151	0.000	( 0 )	111110001110101011011100011000001000011010110001111001110100001011100010001011100001111100000000000000000000000000000000000000000000000000000000000000000000000000000000000000000000 0 0
15477	21.151	0.000	( 0 )	111110001110101011011100011000001000011010110001111001110100001011100010001011100001111100000000000000000000000000000000000000000000000000000000000000000000000000000000000000000000 0 0
15499	22.262	0.000	( 0 )	111110001110101011011100011000001000011010110001111001110100001011101010001011100001111100000000000000000000000000000000000000000000000000000000000000000000000000000000000000000000 1 0
15597	26.719	0.000	( 0 )	111010001110101011011100011000000000011010110001111001100100001010101010001011100001111100000000000000000000000000000000000000000000000000000000000000000000000000000000000000000000 4 0
15627	26.719	0.000	( 0 )	111010001110101011011100011000000000011010110001111001100100001010101010001011100001111100000000000000000000000000000000000000000000000000000000000000000000000000000000000000000000 0 0
15632	26.719	0.000	( 0 )	111010001110101011011100011000000000011010110001111001100100001010101010001011100001111100000000000000000000000000000000000000000000000000000000000000000000000000000000000000000000 0 0
15613	26.719	0.000	( 0 )	111010001110101011011100011000000000011010110001111001100100001010101010001011100001111100000000000000000000000000000000000000000000000000000000000000000000000000000000000000000000 0 0
15621	26.719	0.000	( 0 )	111010001110101011011100011000000000011010110001111001100100001010101010001011100001111100000000000000000000000000000000000000000000000000000000000000000000000000000000000000000000 0 0
15630	26.719	0.000	( 0 )	111010001110101011011100011000000000011010110001111001100100001010101010001011100001111100000000000000000000000000000000000000000000000000000000000000000000000000000000000000000000 0 0
15631	26.719	0.000	( 0 )	111010001110101011011100011000000000011010110001111001100100001010101010001011100001111100000000000000000000000000000000000000000000000000000000000000000000000000000000000000000000 0 0
15604	26.719	0.000	( 0 )	111010001110101011011100011000000000011010110001111001100100001010101010001011100001111100000000000000000000000000000000000000000000000000000000000000000000000000000000000000000000 0 0
15625	26.719	0.000	( 0 )	111010001110101011011100011000000000011010110001111001100100001010101010001011100001111100000000000000000000000000000000000000000000000000000000000000000000000000000000000000000000 0 0
15639	28.942	0.000	( 0 )	111010001100101011011100011000000000011010110001111001100100001010101010001011100000111100000000000000000000000000000000000000000000000000000000000000000000000000000000000000000000 2 0
15643	28.942	0.000	( 0 )	111010001100101011011100011000000000011010110001111001100100001010101010001011100000111100000000000000000000000000000000000000000000000000000000000000000000000000000000000000000000 0 0
15640	28.942	0.000	( 0 )	111010001100101011011100011000000000011010110001111001100100001010101010001011100000111100000000000000000000000000000000000000000000000000000000000000000000000000000000000000000000 0 0
15645	28.942	0.000	( 0 )	111010001100101011011100011000000000011010110001111001100100001010101010001011100000111100000000000000000000000000000000000000000000000000000000000000000000000000000000000000000000 0 0
15638	28.942	0.000	( 0 )	111010001100101011011100011000000000011010110001111001100100001010101010001011100000111100000000000000000000000000000000000000000000000000000000000000000000000000000000000000000000 0 0
15646	28.942	0.000	( 0 )	111010001100101011011100011000000000011010110001111001100100001010101010001011100000111100000000000000000000000000000000000000000000000000000000000000000000000000000000000000000000 0 0
15641	28.942	0.000	( 0 )	111010001100101011011100011000000000011010110001111001100100001010101010001011100000111100000000000000000000000000000000000000000000000000000000000000000000000000000000000000000000 0 0
15644	28.942	0.000	( 0 )	111010001100101011011100011000000000011010110001111001100100001010101010001011100000111100000000000000000000000000000000000000000000000000000000000000000000000000000000000000000000 0 0
15642	28.942	0.000	( 0 )	111010001100101011011100011000000000011010110001111001100100001010101010001011100000111100000000000000000000000000000000000000000000000000000000000000000000000000000000000000000000 0 0
15665	31.166	0.000	( 0 )	111010001100101011011100011000000000011010110001111101100100001010101010001011100001111100000000000000000000000000000000000000000000000000000000000000000000000000000000000000000000 2 0
15671	31.166	0.000	( 0 )	111010001100101011011100011000000000011010110001111101100100001010101010001011100001111100000000000000000000000000000000000000000000000000000000000000000000000000000000000000000000 0 0
15651	32.277	0.000	( 0 )	111010001110101011011100011000000000011010110001111101100100001010101010001011100001111100000000000000000000000000000000000000000000000000000000000000000000000000000000000000000000 1 0
15652	32.277	0.000	( 0 )	111010001110101011011100011000000000011010110001111101100100001010101010001011100001111100000000000000000000000000000000000000000000000000000000000000000000000000000000000000000000 0 0
15655	32.277	0.000	( 0 )	111010001110101011011100011000000000011010110001111101100100001010101010001011100001111100000000000000000000000000000000000000000000000000000000000000000000000000000000000000000000 0 0
15662	32.277	0.000	( 0 )	111010001110101011011100011000000000011010110001111101100100001010101010001011100001111100000000000000000000000000000000000000000000000000000000000000000000000000000000000000000000 0 0
15668	32.277	0.000	( 0 )	111010001110101011011100011000000000011010110001111101100100001010101010001011100001111100000000000000000000000000000000000000000000000000000000000000000000000000000000000000000000 0 0
15667	32.277	0.000	( 0 )	111010001110101011011100011000000000011010110001111101100100001010101010001011100001111100000000000000000000000000000000000000000000000000000000000000000000000000000000000000000000 0 0
15660	32.277	0.000	( 0 )	111010001110101011011100011000000000011010110001111101100100001010101010001011100001111100000000000000000000000000000000000000000000000000000000000000000000000000000000000000000000 0 0
15688	34.501	0.000	( 0 )	111010001110101011011100011000000000011010110001111101100100001010101010001010100011111100000000000000000000000000000000000000000000000000000000000000000000000000000000000000000000 2 0
15687	34.501	0.000	( 0 )	111010001110101011011100011000000000011010110001111101100100001010101010001010100011111100000000000000000000000000000000000000000000000000000000000000000000000000000000000000000000 0 0
15702	34.501	0.000	( 0 )	111010001110101011011100011000000000011010110001111101100100001010101010001010100011111100000000000000000000000000000000000000000000000000000000000000000000000000000000000000000000 0 0
15695	34.501	0.000	( 0 )	111010001110101011011100011000000000011010110001111101100100001010101010001010100011111100000000000000000000000000000000000000000000000000000000000000000000000000000000000000000000 0 0
15694	34.501	0.000	( 0 )	111010001110101011011100011000000000011010110001111101100100001010101010001010100011111100000000000000000000000000000000000000000000000000000000000000000000000000000000000000000000 0 0
15705	34.501	0.000	( 0 )	111010001110101011011100011000000000011010110001111101100100001010101010001010100011111100000000000000000000000000000000000000000000000000000000000000000000000000000000000000000000 0 0
15703	34.501	0.000	( 0 )	111010001110101011011100011000000000011010110001111101100100001010101010001010100011111100000000000000000000000000000000000000000000000000000000000000000000000000000000000000000000 0 0
15714	35.612	0.000	( 0 )	111010001110101011011100011000000000011010110001111101100100011010101010001010100011111100000000000000000000000000000000000000000000000000000000000000000000000000000000000000000000 1 0
15718	38.950	0.000	( 0 )	111010001110101011011101010000000000011010110001111101100100011010101010001000100011111100000000000000000000000000000000000000000000000000000000000000000000000000000000000000000000 3 0
15721	38.950	0.000	( 0 )	111010001110101011011101010000000000011010110001111101100100011010101010001000100011111100000000000000000000000000000000000000000000000000000000000000000000000000000000000000000000 0 0
15744	41.174	0.000	( 0 )	111010001110101011011101000000000000011010110001111101100101011010101010001000100011111100000000000000000000000000000000000000000000000000000000000000000000000000000000000000000000 2 0
15745	41.174	0.000	( 0 )	111010001110101011011101000000000000011010110001111101100101011010101010001000100011111100000000000000000000000000000000000000000000000000000000000000000000000000000000000000000000 0 0
15751	41.174	0.000	( 0 )	111010001110101011011101000000000000011010110001111101100101011010101010001000100011111100000000000000000000000000000000000000000000000000000000000000000000000000000000000000000000 0 0
15824	42.285	0.000	( 0 )	111010001100101011011101000000000000011010110001111101100101011010101010001000100011111100000000000000000000000000000000000000000000000000000000000000000000000000000000000000000000 1 0
15830	42.285	0.000	( 0 )	111010001100101011011101000000000000011010110001111101100101011010101010001000100011111100000000000000000000000000000000000000000000000000000000000000000000000000000000000000000000 0 0
15823	42.285	0.000	( 0 )	111010001100101011011101000000000000011010110001111101100101011010101010001000100011111100000000000000000000000000000000000000000000000000000000000000000000000000000000000000000000 0 0
15941	43.397	0.000	( 0 )	111010001100101011011101000000000000011010110001111111100101011010101010001000100011111100000000000000000000000000000000000000000000000000000000000000000000000000000000000000000000 1 0
15868	43.397	0.000	( 0 )	111010001100101011011101000000000000011010110001111111100101011010101010001000100011111100000000000000000000000000000000000000000000000000000000000000000000000000000000000000000000 0 0
15938	43.397	0.000	( 0 )	111010001100101011011101000000000000011010110001111111100101011010101010001000100011111100000000000000000000000000000000000000000000000000000000000000000000000000000000000000000000 0 0
15939	43.397	0.000	( 0 )	111010001100101011011101000000000000011010110001111111100101011010101010001000100011111100000000000000000000000000000000000000000000000000000000000000000000000000000000000000000000 0 0
15940	43.397	0.000	( 0 )	111010001100101011011101000000000000011010110001111111100101011010101010001000100011111100000000000000000000000000000000000000000000000000000000000000000000000000000000000000000000 0 0
15943	43.397	0.000	( 0 )	111010001100101011011101000000000000011010110001111111100101011010101010001000100011111100000000000000000000000000000000000000000000000000000000000000000000000000000000000000000000 0 0
15937	43.397	0.000	( 0 )	111010001100101011011101000000000000011010110001111111100101011010101010001000100011111100000000000000000000000000000000000000000000000000000000000000000000000000000000000000000000 0 0
15942	43.397	0.000	( 0 )	111010001100101011011101000000000000011010110001111111100101011010101010001000100011111100000000000000000000000000000000000000000000000000000000000000000000000000000000000000000000 0 0
15901	43.397	0.000	( 0 )	111010001100101011011101000000000000011010110001111111100101011010101010001000100011111100000000000000000000000000000000000000000000000000000000000000000000000000000000000000000000 0 0
15900	43.397	0.000	( 0 )	111010001100101011011101000000000000011010110001111111100101011010101010001000100011111100000000000000000000000000000000000000000000000000000000000000000000000000000000000000000000 0 0
16028	44.508	0.000	( 0 )	111010001100101011011101000000000000011010110001101111100101011010101010001000100011111100000000000000000000000000000000000000000000000000000000000000000000000000000000000000000000 1 0
16083	44.508	0.000	( 0 )	111010001100101011011101000000000000011010110001101111100101011010101010001000100011111100000000000000000000000000000000000000000000000000000000000000000000000000000000000000000000 0 0
16026	44.508	0.000	( 0 )	111010001100101011011101000000000000011010110001101111100101011010101010001000100011111100000000000000000000000000000000000000000000000000000000000000000000000000000000000000000000 0 0
16046	44.508	0.000	( 0 )	111010001100101011011101000000000000011010110001101111100101011010101010001000100011111100000000000000000000000000000000000000000000000000000000000000000000000000000000000000000000 0 0
16074	44.508	0.000	( 0 )	111010001100101011011101000000000000011010110001101111100101011010101010001000100011111100000000000000000000000000000000000000000000000000000000000000000000000000000000000000000000 0 0
16013	44.508	0.000	( 0 )	111010001100101011011101000000000000011010110001101111100101011010101010001000100011111100000000000000000000000000000000000000000000000000000000000000000000000000000000000000000000 0 0
16139	44.508	0.000	( 0 )	111010001100101011011101000000000000011010110001101111100101011010101010001000100011111100000000000000000000000000000000000000000000000000000000000000000000000000000000000000000000 0 0
16084	44.508	0.000	( 0 )	111010001100101011011101000000000000011010110001101111100101011010101010001000100011111100000000000000000000000000000000000000000000000000000000000000000000000000000000000000000000 0 0
16088	44.508	0.000	( 0 )	111010001100101011011101000000000000011010110001101111100101011010101010001000100011111100000000000000000000000000000000000000000000000000000000000000000000000000000000000000000000 0 0
16045	44.508	0.000	( 0 )	111010001100101011011101000000000000011010110001101111100101011010101010001000100011111100000000000000000000000000000000000000000000000000000000000000000000000000000000000000000000 0 0
16025	44.508	0.000	( 0 )	111010001100101011011101000000000000011010110001101111100101011010101010001000100011111100000000000000000000000000000000000000000000000000000000000000000000000000000000000000000000 0 0
16132	44.508	0.000	( 0 )	111010001100101011011101000000000000011010110001101111100101011010101010001000100011111100000000000000000000000000000000000000000000000000000000000000000000000000000000000000000000 0 0
16078	44.508	0.000	( 0 )	111010001100101011011101000000000000011010110001101111100101011010101010001000100011111100000000000000000000000000000000000000000000000000000000000000000000000000000000000000000000 0 0
16082	44.508	0.000	( 0 )	111010001100101011011101000000000000011010110001101111100101011010101010001000100011111100000000000000000000000000000000000000000000000000000000000000000000000000000000000000000000 0 0
16080	44.508	0.000	( 0 )	111010001100101011011101000000000000011010110001101111100101011010101010001000100011111100000000000000000000000000000000000000000000000000000000000000000000000000000000000000000000 0 0
16112	44.508	0.000	( 0 )	111010001100101011011101000000000000011010110001101111100101011010101010001000100011111100000000000000000000000000000000000000000000000000000000000000000000000000000000000000000000 0 0
16128	44.508	0.000	( 0 )	111010001100101011011101000000000000011010110001101111100101011010101010001000100011111100000000000000000000000000000000000000000000000000000000000000000000000000000000000000000000 0 0
16051	44.508	0.000	( 0 )	111010001100101011011101000000000000011010110001101111100101011010101010001000100011111100000000000000000000000000000000000000000000000000000000000000000000000000000000000000000000 0 0
16079	44.508	0.000	( 0 )	111010001100101011011101000000000000011010110001101111100101011010101010001000100011111100000000000000000000000000000000000000000000000000000000000000000000000000000000000000000000 0 0
16029	44.508	0.000	( 0 )	111010001100101011011101000000000000011010110001101111100101011010101010001000100011111100000000000000000000000000000000000000000000000000000000000000000000000000000000000000000000 0 0
16087	44.508	0.000	( 0 )	111010001100101011011101000000000000011010110001101111100101011010101010001000100011111100000000000000000000000000000000000000000000000000000000000000000000000000000000000000000000 0 0
16121	44.508	0.000	( 0 )	111010001100101011011101000000000000011010110001101111100101011010101010001000100011111100000000000000000000000000000000000000000000000000000000000000000000000000000000000000000000 0 0
16027	44.508	0.000	( 0 )	111010001100101011011101000000000000011010110001101111100101011010101010001000100011111100000000000000000000000000000000000000000000000000000000000000000000000000000000000000000000 0 0
16081	44.508	0.000	( 0 )	111010001100101011011101000000000000011010110001101111100101011010101010001000100011111100000000000000000000000000000000000000000000000000000000000000000000000000000000000000000000 0 0
16106	45.619	0.000	( 0 )	111010001100101011001101000000000000011010110001101111100101011010101010001000100011111100000000000000000000000000000000000000000000000000000000000000000000000000000000000000000000 1 0
16171	46.731	0.000	( 0 )	111010001100101011001101000000000000011010110001101111100101011010001010001000100011111100000000000000000000000000000000000000000000000000000000000000000000000000000000000000000000 1 0
16169	46.731	0.000	( 0 )	111010001100101011001101000000000000011010110001101111100101011010001010001000100011111100000000000000000000000000000000000000000000000000000000000000000000000000000000000000000000 0 0
16164	46.731	0.000	( 0 )	111010001100101011001101000000000000011010110001101111100101011010001010001000100011111100000000000000000000000000000000000000000000000000000000000000000000000000000000000000000000 0 0
16163	46.731	0.000	( 0 )	111010001100101011001101000000000000011010110001101111100101011010001010001000100011111100000000000000000000000000000000000000000000000000000000000000000000000000000000000000000000 0 0
16105	76.470	0.000	( 0 )	111010010100110010101011100110000000011011010001001110001111011110001110000000101011001100000000000000000000000000000000000000000000000000000000000000000000000000000000000000000000 24 0
