#java OrderMarkers2 data=- evaluateOrder=reordermarkers/iterations/ordered.23.1 useKosambi=1 numThreads=4 calculateIntervals=intervals/ordered.23.intervals randSeed=8009572373002770922
Loading file
No grandparents present in family V
Number of individuals = 92
Number of families = 1
File loaded with 31656 SNPs
Number of individuals = 92 excluding grandparents
Number of families = 1
Number of markers = 49
Setting dataScale to 1.0 all likelihoods will be multiplied by 1.0
Initial score = -622.1779929413411
Iteration 1 of 6
884884288488421 done
Polishing map...
score = -624.9505841485172
score = -624.9505841485172
score = -624.9505841485172
score = -624.9505841485172
Iteration 2 of 6
884884288488421 done
Polishing map...
score = -631.4250481721704
score = -627.7930705432535
score = -628.0695031715211
score = -627.7930705432535
Iteration 3 of 6
884884288488421 done
Polishing map...
score = -628.392601133785
score = -624.9505841485172
score = -624.9505841485172
score = -624.9505841485172
Iteration 4 of 6
884884288488421 done
Polishing map...
score = -631.2350875285213
score = -631.2350875285213
score = -631.5115201567888
score = -627.7930705432535
Iteration 5 of 6
884884288488421 done
Polishing map...
score = -628.392601133785
score = -624.9505841485172
score = -624.9505841485172
score = -624.9505841485172
Iteration 6 of 6
884884288488421 done
Polishing map...
score = -647.2494596019343
score = -643.9187389388636
score = -623.4553752886083
score = -622.1779929413411
Final score = -622.1779929413411
Setting dataScale to 1.0 all likelihoods will be multiplied by 1.0
logL = -622.1779929413411
number of recombinations = 66.0 logL = -622.1779929413411
Individual	V	P14459_103_S3	recombines	1	times
Individual	V	P14459_104_S4	recombines	1	times
Individual	V	P14459_106_S6	recombines	1	times
Individual	V	P14459_112_S12	recombines	1	times
Individual	V	P14459_114_S14	recombines	1	times
Individual	V	P14459_115_S15	recombines	1	times
Individual	V	P14459_116_S16	recombines	2	times
Individual	V	P14459_118_S18	recombines	1	times
Individual	V	P14459_119_S19	recombines	1	times
Individual	V	P14459_120_S20	recombines	1	times
Individual	V	P14459_121_S21	recombines	1	times
Individual	V	P14459_122_S22	recombines	1	times
Individual	V	P14459_123_S23	recombines	1	times
Individual	V	P14459_124_S24	recombines	1	times
Individual	V	P14459_125_S25	recombines	1	times
Individual	V	P14459_126_S26	recombines	1	times
Individual	V	P14459_127_S27	recombines	1	times
Individual	V	P14459_128_S28	recombines	1	times
Individual	V	P14459_130_S30	recombines	1	times
Individual	V	P14459_131_S31	recombines	1	times
Individual	V	P14459_132_S32	recombines	1	times
Individual	V	P14459_135_S35	recombines	1	times
Individual	V	P14459_136_S36	recombines	1	times
Individual	V	P14459_139_S39	recombines	1	times
Individual	V	P14459_141_S41	recombines	1	times
Individual	V	P14459_142_S42	recombines	1	times
Individual	V	P14459_144_S44	recombines	1	times
Individual	V	P14459_145_S45	recombines	1	times
Individual	V	P14459_146_S46	recombines	2	times
Individual	V	P14459_148_S48	recombines	1	times
Individual	V	P14459_149_S49	recombines	1	times
Individual	V	P14459_150_S50	recombines	1	times
Individual	V	P14459_151_S51	recombines	1	times
Individual	V	P14459_152_S52	recombines	1	times
Individual	V	P14459_153_S53	recombines	1	times
Individual	V	P14459_154_S54	recombines	1	times
Individual	V	P14459_157_S57	recombines	1	times
Individual	V	P14459_158_S58	recombines	1	times
Individual	V	P14459_159_S59	recombines	1	times
Individual	V	P14459_162_S62	recombines	1	times
Individual	V	P14459_163_S63	recombines	1	times
Individual	V	P14459_164_S64	recombines	1	times
Individual	V	P14459_167_S67	recombines	1	times
Individual	V	P14459_168_S68	recombines	1	times
Individual	V	P14459_169_S69	recombines	1	times
Individual	V	P14459_171_S71	recombines	1	times
Individual	V	P14459_172_S72	recombines	1	times
Individual	V	P14459_173_S73	recombines	1	times
Individual	V	P14459_174_S74	recombines	1	times
Individual	V	P14459_177_S77	recombines	1	times
Individual	V	P14459_179_S79	recombines	1	times
Individual	V	P14459_180_S80	recombines	1	times
Individual	V	P14459_181_S81	recombines	1	times
Individual	V	P14459_182_S82	recombines	1	times
Individual	V	P14459_183_S83	recombines	1	times
Individual	V	P14459_184_S84	recombines	1	times
Individual	V	P14459_185_S85	recombines	1	times
Individual	V	P14459_186_S86	recombines	1	times
Individual	V	P14459_187_S87	recombines	1	times
Individual	V	P14459_188_S88	recombines	1	times
Individual	V	P14459_189_S89	recombines	1	times
Individual	V	P14459_191_S91	recombines	1	times
Individual	V	P14459_193_S93	recombines	1	times
Individual	V	P14459_195_S95	recombines	1	times
#*** LG = 0 likelihood = -622.178
#marker_number	male_position	female_position	( 0.0 )[	phased data]
26657	0.000	0.000	( 0 )	101001001111001111010100100101111000101101111100100001101001000011010011000111110100000101000000000000000000000000000000000000000000000000000000000000000000000000000000000000000000 0 0
26316	31.319	0.000	( 0 )	111011001111101111111000011101011000001001110101010000101001100111010110000010110100000000000000000000000000000000000000000000000000000000000000000000000000000000000000000000000000 25 0
26317	31.319	0.000	( 0 )	111011001111101111111000011101011000001001110101010000101001100111010110000010110100000000000000000000000000000000000000000000000000000000000000000000000000000000000000000000000000 0 0
26314	31.319	0.000	( 0 )	111011001111101111111000011101011000001001110101010000101001100111010110000010110100000000000000000000000000000000000000000000000000000000000000000000000000000000000000000000000000 0 0
26369	39.161	0.000	( 0 )	111011001111101101111000011101011000001001110011011000101001100111000110000000110000000000000000000000000000000000000000000000000000000000000000000000000000000000000000000000000000 7 0
26441	42.499	0.000	( 0 )	111011001111101101111000011101011000001011110011011000101001100101000110000000111000000000000000000000000000000000000000000000000000000000000000000000000000000000000000000000000000 3 0
26442	42.499	0.000	( 0 )	111011001111101101111000011101011000001011110011011000101001100101000110000000111000000000000000000000000000000000000000000000000000000000000000000000000000000000000000000000000000 0 0
26451	42.499	0.000	( 0 )	111011001111101101111000011101011000001011110011011000101001100101000110000000111000000000000000000000000000000000000000000000000000000000000000000000000000000000000000000000000000 0 0
26557	45.837	0.000	( 0 )	111011001111111101111000011101011000001011110011011000101001101101100110000000111000000000000000000000000000000000000000000000000000000000000000000000000000000000000000000000000000 3 0
26508	45.837	0.000	( 0 )	111011001111111101111000011101011000001011110011011000101001101101100110000000111000000000000000000000000000000000000000000000000000000000000000000000000000000000000000000000000000 0 0
26526	45.837	0.000	( 0 )	111011001111111101111000011101011000001011110011011000101001101101100110000000111000000000000000000000000000000000000000000000000000000000000000000000000000000000000000000000000000 0 0
26570	45.837	0.000	( 0 )	111011001111111101111000011101011000001011110011011000101001101101100110000000111000000000000000000000000000000000000000000000000000000000000000000000000000000000000000000000000000 0 0
26545	45.837	0.000	( 0 )	111011001111111101111000011101011000001011110011011000101001101101100110000000111000000000000000000000000000000000000000000000000000000000000000000000000000000000000000000000000000 0 0
26497	45.837	0.000	( 0 )	111011001111111101111000011101011000001011110011011000101001101101100110000000111000000000000000000000000000000000000000000000000000000000000000000000000000000000000000000000000000 0 0
26593	48.061	0.000	( 0 )	111011001111111101111010011100011000001011110011011000101001101101100110000000111000000000000000000000000000000000000000000000000000000000000000000000000000000000000000000000000000 2 0
26589	48.061	0.000	( 0 )	111011001111111101111010011100011000001011110011011000101001101101100110000000111000000000000000000000000000000000000000000000000000000000000000000000000000000000000000000000000000 0 0
26595	48.061	0.000	( 0 )	111011001111111101111010011100011000001011110011011000101001101101100110000000111000000000000000000000000000000000000000000000000000000000000000000000000000000000000000000000000000 0 0
26590	48.061	0.000	( 0 )	111011001111111101111010011100011000001011110011011000101001101101100110000000111000000000000000000000000000000000000000000000000000000000000000000000000000000000000000000000000000 0 0
26594	48.061	0.000	( 0 )	111011001111111101111010011100011000001011110011011000101001101101100110000000111000000000000000000000000000000000000000000000000000000000000000000000000000000000000000000000000000 0 0
26633	53.639	0.000	( 0 )	111011001111111101101010011100011100000011110011011000101001101101100110010000111000010000000000000000000000000000000000000000000000000000000000000000000000000000000000000000000000 5 0
26638	54.751	0.000	( 0 )	111011001101111101101010011100011100000011110011011000101001101101100110010000111000010000000000000000000000000000000000000000000000000000000000000000000000000000000000000000000000 1 0
26640	54.751	0.000	( 0 )	111011001101111101101010011100011100000011110011011000101001101101100110010000111000010000000000000000000000000000000000000000000000000000000000000000000000000000000000000000000000 0 0
26639	54.751	0.000	( 0 )	111011001101111101101010011100011100000011110011011000101001101101100110010000111000010000000000000000000000000000000000000000000000000000000000000000000000000000000000000000000000 0 0
26641	54.751	0.000	( 0 )	111011001101111101101010011100011100000011110011011000101001101101100110010000111000010000000000000000000000000000000000000000000000000000000000000000000000000000000000000000000000 0 0
26659	55.862	0.000	( 0 )	111011001101111101101010011100011100000011110011011000111001101101100110010000111000010000000000000000000000000000000000000000000000000000000000000000000000000000000000000000000000 1 0
26699	56.973	0.000	( 0 )	111011001101111101101011011100011100000011110011011000111001101101100110010000111000010000000000000000000000000000000000000000000000000000000000000000000000000000000000000000000000 1 0
26683	56.973	0.000	( 0 )	111011001101111101101011011100011100000011110011011000111001101101100110010000111000010000000000000000000000000000000000000000000000000000000000000000000000000000000000000000000000 0 0
26686	56.973	0.000	( 0 )	111011001101111101101011011100011100000011110011011000111001101101100110010000111000010000000000000000000000000000000000000000000000000000000000000000000000000000000000000000000000 0 0
26695	56.973	0.000	( 0 )	111011001101111101101011011100011100000011110011011000111001101101100110010000111000010000000000000000000000000000000000000000000000000000000000000000000000000000000000000000000000 0 0
26680	56.973	0.000	( 0 )	111011001101111101101011011100011100000011110011011000111001101101100110010000111000010000000000000000000000000000000000000000000000000000000000000000000000000000000000000000000000 0 0
26850	61.429	0.000	( 0 )	111011001101110100101011011100011100000011010011011000111000101101100110010000111000010000000000000000000000000000000000000000000000000000000000000000000000000000000000000000000000 4 0
26851	62.541	0.000	( 0 )	111011001101110100101011011100011100000011010011011000111000101101100110011000111000010000000000000000000000000000000000000000000000000000000000000000000000000000000000000000000000 1 0
26852	62.541	0.000	( 0 )	111011001101110100101011011100011100000011010011011000111000101101100110011000111000010000000000000000000000000000000000000000000000000000000000000000000000000000000000000000000000 0 0
26853	62.541	0.000	( 0 )	111011001101110100101011011100011100000011010011011000111000101101100110011000111000010000000000000000000000000000000000000000000000000000000000000000000000000000000000000000000000 0 0
26818	65.879	0.000	( 0 )	111011001101111100101011011100011100000011110011011000111000101101101110011000111000010000000000000000000000000000000000000000000000000000000000000000000000000000000000000000000000 3 0
26728	65.879	0.000	( 0 )	111011001101111100101011011100011100000011110011011000111000101101101110011000111000010000000000000000000000000000000000000000000000000000000000000000000000000000000000000000000000 0 0
26776	65.879	0.000	( 0 )	111011001101111100101011011100011100000011110011011000111000101101101110011000111000010000000000000000000000000000000000000000000000000000000000000000000000000000000000000000000000 0 0
26821	65.879	0.000	( 0 )	111011001101111100101011011100011100000011110011011000111000101101101110011000111000010000000000000000000000000000000000000000000000000000000000000000000000000000000000000000000000 0 0
26773	65.879	0.000	( 0 )	111011001101111100101011011100011100000011110011011000111000101101101110011000111000010000000000000000000000000000000000000000000000000000000000000000000000000000000000000000000000 0 0
26761	65.879	0.000	( 0 )	111011001101111100101011011100011100000011110011011000111000101101101110011000111000010000000000000000000000000000000000000000000000000000000000000000000000000000000000000000000000 0 0
26762	65.879	0.000	( 0 )	111011001101111100101011011100011100000011110011011000111000101101101110011000111000010000000000000000000000000000000000000000000000000000000000000000000000000000000000000000000000 0 0
26827	65.879	0.000	( 0 )	111011001101111100101011011100011100000011110011011000111000101101101110011000111000010000000000000000000000000000000000000000000000000000000000000000000000000000000000000000000000 0 0
26774	65.879	0.000	( 0 )	111011001101111100101011011100011100000011110011011000111000101101101110011000111000010000000000000000000000000000000000000000000000000000000000000000000000000000000000000000000000 0 0
26763	65.879	0.000	( 0 )	111011001101111100101011011100011100000011110011011000111000101101101110011000111000010000000000000000000000000000000000000000000000000000000000000000000000000000000000000000000000 0 0
26902	72.586	0.000	( 0 )	110011001101111100101011011110010100000011110011011000111010101101101110011000001000010000000000000000000000000000000000000000000000000000000000000000000000000000000000000000000000 6 0
26904	72.586	0.000	( 0 )	110011001101111100101011011110010100000011110011011000111010101101101110011000001000010000000000000000000000000000000000000000000000000000000000000000000000000000000000000000000000 0 0
26906	72.586	0.000	( 0 )	110011001101111100101011011110010100000011110011011000111010101101101110011000001000010000000000000000000000000000000000000000000000000000000000000000000000000000000000000000000000 0 0
26908	72.586	0.000	( 0 )	110011001101111100101011011110010100000011110011011000111010101101101110011000001000010000000000000000000000000000000000000000000000000000000000000000000000000000000000000000000000 0 0
26928	77.042	0.000	( 0 )	110011001101111100101011011110010100000010110011011000011010101101101110011000001011010000000000000000000000000000000000000000000000000000000000000000000000000000000000000000000000 4 0
