#java OrderMarkers2 data=- evaluateOrder=reordermarkers/iterations/ordered.9.1 useKosambi=1 numThreads=4 calculateIntervals=intervals/ordered.9.intervals randSeed=2594568991839850927
Loading file
No grandparents present in family V
Number of individuals = 92
Number of families = 1
File loaded with 31656 SNPs
Number of individuals = 92 excluding grandparents
Number of families = 1
Number of markers = 128
Setting dataScale to 0.703125 all likelihoods will be multiplied by 1.4222222222222223
Initial score = -610.1902819942358
Iteration 1 of 6
884884288488421 done
Polishing map...
score = -637.4759675612972
score = -628.8243042301061
score = -622.6097112964513
score = -622.6097112964513
Iteration 2 of 6
884884288488421 done
Polishing map...
score = -642.156154786639
score = -642.156154786639
score = -642.156154786639
score = -638.3749157260778
Iteration 3 of 6
884884288488421 done
Polishing map...
score = -629.7367254844235
score = -625.9547630618932
score = -614.8704692195776
score = -614.8704692195776
Iteration 4 of 6
884884288488421 done
Polishing map...
score = -629.7367254844235
score = -620.4122544597509
score = -614.8704692195776
score = -610.1902819942358
Iteration 5 of 6
884884288488421 done
Polishing map...
score = -622.6097112964513
score = -622.6097112964513
score = -622.6097112964513
score = -622.6097112964513
Iteration 6 of 6
884884288488421 done
Polishing map...
score = -637.4759675612972
score = -633.694728500736
score = -633.694728500736
score = -612.3447443317297
Final score = -610.1902819942358
Setting dataScale to 0.703125 all likelihoods will be multiplied by 1.4222222222222223
logL = -610.1902819942358
number of recombinations = 29.0 logL = -610.1902819942358
Individual	V	P14459_103_S3	recombines	1	times
Individual	V	P14459_105_S5	recombines	1	times
Individual	V	P14459_107_S7	recombines	1	times
Individual	V	P14459_109_S9	recombines	1	times
Individual	V	P14459_111_S11	recombines	1	times
Individual	V	P14459_124_S24	recombines	1	times
Individual	V	P14459_126_S26	recombines	1	times
Individual	V	P14459_127_S27	recombines	1	times
Individual	V	P14459_128_S28	recombines	1	times
Individual	V	P14459_130_S30	recombines	1	times
Individual	V	P14459_132_S32	recombines	1	times
Individual	V	P14459_136_S36	recombines	1	times
Individual	V	P14459_137_S37	recombines	1	times
Individual	V	P14459_145_S45	recombines	1	times
Individual	V	P14459_150_S50	recombines	1	times
Individual	V	P14459_152_S52	recombines	1	times
Individual	V	P14459_153_S53	recombines	1	times
Individual	V	P14459_167_S67	recombines	1	times
Individual	V	P14459_168_S68	recombines	1	times
Individual	V	P14459_169_S69	recombines	1	times
Individual	V	P14459_172_S72	recombines	1	times
Individual	V	P14459_178_S78	recombines	1	times
Individual	V	P14459_179_S79	recombines	1	times
Individual	V	P14459_180_S80	recombines	2	times
Individual	V	P14459_181_S81	recombines	1	times
Individual	V	P14459_185_S85	recombines	1	times
Individual	V	P14459_189_S89	recombines	1	times
Individual	V	P14459_192_S92	recombines	1	times
#*** LG = 0 likelihood = -610.1903
#marker_number	male_position	female_position	( 0.0 )[	phased data]
10426	0.000	0.000	( 0 )	000101010010111000101110010010101000111110101111011100011001110100100011111001010011011000000000000000000000000000000000000000000000000000000000000000000000000000000000000000000000 0 0
10426	0.000	0.000	( 0 )	000101010010111000101110010010101000111110101111011100011001110100100011111001010011011000000000000000000000000000000000000000000000000000000000000000000000000000000000000000000000 0 0
10388	3.338	0.000	( 0 )	000101010010111000101110000000101000111110101111011100011001110000100011111001010011011000000000000000000000000000000000000000000000000000000000000000000000000000000000000000000000 3 0
10368	3.338	0.000	( 0 )	000101010010111000101110000000101000111110101111011100011001110000100011111001010011011000000000000000000000000000000000000000000000000000000000000000000000000000000000000000000000 0 0
10365	3.338	0.000	( 0 )	000101010010111000101110000000101000111110101111011100011001110000100011111001010011011000000000000000000000000000000000000000000000000000000000000000000000000000000000000000000000 0 0
10390	3.338	0.000	( 0 )	000101010010111000101110000000101000111110101111011100011001110000100011111001010011011000000000000000000000000000000000000000000000000000000000000000000000000000000000000000000000 0 0
10369	3.338	0.000	( 0 )	000101010010111000101110000000101000111110101111011100011001110000100011111001010011011000000000000000000000000000000000000000000000000000000000000000000000000000000000000000000000 0 0
10361	3.338	0.000	( 0 )	000101010010111000101110000000101000111110101111011100011001110000100011111001010011011000000000000000000000000000000000000000000000000000000000000000000000000000000000000000000000 0 0
10393	3.338	0.000	( 0 )	000101010010111000101110000000101000111110101111011100011001110000100011111001010011011000000000000000000000000000000000000000000000000000000000000000000000000000000000000000000000 0 0
10389	3.338	0.000	( 0 )	000101010010111000101110000000101000111110101111011100011001110000100011111001010011011000000000000000000000000000000000000000000000000000000000000000000000000000000000000000000000 0 0
10366	3.338	0.000	( 0 )	000101010010111000101110000000101000111110101111011100011001110000100011111001010011011000000000000000000000000000000000000000000000000000000000000000000000000000000000000000000000 0 0
10386	3.338	0.000	( 0 )	000101010010111000101110000000101000111110101111011100011001110000100011111001010011011000000000000000000000000000000000000000000000000000000000000000000000000000000000000000000000 0 0
10364	3.338	0.000	( 0 )	000101010010111000101110000000101000111110101111011100011001110000100011111001010011011000000000000000000000000000000000000000000000000000000000000000000000000000000000000000000000 0 0
10359	3.338	0.000	( 0 )	000101010010111000101110000000101000111110101111011100011001110000100011111001010011011000000000000000000000000000000000000000000000000000000000000000000000000000000000000000000000 0 0
10387	3.338	0.000	( 0 )	000101010010111000101110000000101000111110101111011100011001110000100011111001010011011000000000000000000000000000000000000000000000000000000000000000000000000000000000000000000000 0 0
10367	3.338	0.000	( 0 )	000101010010111000101110000000101000111110101111011100011001110000100011111001010011011000000000000000000000000000000000000000000000000000000000000000000000000000000000000000000000 0 0
10349	4.450	0.000	( 0 )	000101010010111000101110000000101000111111101111011100011001110000100011111001010011011000000000000000000000000000000000000000000000000000000000000000000000000000000000000000000000 1 0
10350	4.450	0.000	( 0 )	000101010010111000101110000000101000111111101111011100011001110000100011111001010011011000000000000000000000000000000000000000000000000000000000000000000000000000000000000000000000 0 0
10347	4.450	0.000	( 0 )	000101010010111000101110000000101000111111101111011100011001110000100011111001010011011000000000000000000000000000000000000000000000000000000000000000000000000000000000000000000000 0 0
10352	4.450	0.000	( 0 )	000101010010111000101110000000101000111111101111011100011001110000100011111001010011011000000000000000000000000000000000000000000000000000000000000000000000000000000000000000000000 0 0
10330	6.673	0.000	( 0 )	000101010010111000101110000000001100111111101111011100011001110000100011111001010011011000000000000000000000000000000000000000000000000000000000000000000000000000000000000000000000 2 0
10337	6.673	0.000	( 0 )	000101010010111000101110000000001100111111101111011100011001110000100011111001010011011000000000000000000000000000000000000000000000000000000000000000000000000000000000000000000000 0 0
10329	6.673	0.000	( 0 )	000101010010111000101110000000001100111111101111011100011001110000100011111001010011011000000000000000000000000000000000000000000000000000000000000000000000000000000000000000000000 0 0
10170	14.515	0.000	( 0 )	000001000010111000101100000000001100111111101101011100011001110000100011100001000011011000000000000000000000000000000000000000000000000000000000000000000000000000000000000000000000 7 0
10171	14.515	0.000	( 0 )	000001000010111000101100000000001100111111101101011100011001110000100011100001000011011000000000000000000000000000000000000000000000000000000000000000000000000000000000000000000000 0 0
10169	14.515	0.000	( 0 )	000001000010111000101100000000001100111111101101011100011001110000100011100001000011011000000000000000000000000000000000000000000000000000000000000000000000000000000000000000000000 0 0
10173	14.515	0.000	( 0 )	000001000010111000101100000000001100111111101101011100011001110000100011100001000011011000000000000000000000000000000000000000000000000000000000000000000000000000000000000000000000 0 0
10172	14.515	0.000	( 0 )	000001000010111000101100000000001100111111101101011100011001110000100011100001000011011000000000000000000000000000000000000000000000000000000000000000000000000000000000000000000000 0 0
10175	15.626	0.000	( 0 )	000001000010111000101100000000001100111111101101111100011001110000100011100001000011011000000000000000000000000000000000000000000000000000000000000000000000000000000000000000000000 1 0
10168	15.626	0.000	( 0 )	000001000010111000101100000000001100111111101101111100011001110000100011100001000011011000000000000000000000000000000000000000000000000000000000000000000000000000000000000000000000 0 0
10177	15.626	0.000	( 0 )	000001000010111000101100000000001100111111101101111100011001110000100011100001000011011000000000000000000000000000000000000000000000000000000000000000000000000000000000000000000000 0 0
10046	16.737	0.000	( 0 )	000001000010111000101100000000001100111111101101111100011001110000100011101001000011011000000000000000000000000000000000000000000000000000000000000000000000000000000000000000000000 1 0
10049	16.737	0.000	( 0 )	000001000010111000101100000000001100111111101101111100011001110000100011101001000011011000000000000000000000000000000000000000000000000000000000000000000000000000000000000000000000 0 0
10050	16.737	0.000	( 0 )	000001000010111000101100000000001100111111101101111100011001110000100011101001000011011000000000000000000000000000000000000000000000000000000000000000000000000000000000000000000000 0 0
10121	17.849	0.000	( 0 )	000001000010111000101100000000001100111111101101111100011001110000100011101101000011011000000000000000000000000000000000000000000000000000000000000000000000000000000000000000000000 1 0
10109	17.849	0.000	( 0 )	000001000010111000101100000000001100111111101101111100011001110000100011101101000011011000000000000000000000000000000000000000000000000000000000000000000000000000000000000000000000 0 0
10085	17.849	0.000	( 0 )	000001000010111000101100000000001100111111101101111100011001110000100011101101000011011000000000000000000000000000000000000000000000000000000000000000000000000000000000000000000000 0 0
10120	17.849	0.000	( 0 )	000001000010111000101100000000001100111111101101111100011001110000100011101101000011011000000000000000000000000000000000000000000000000000000000000000000000000000000000000000000000 0 0
10133	17.849	0.000	( 0 )	000001000010111000101100000000001100111111101101111100011001110000100011101101000011011000000000000000000000000000000000000000000000000000000000000000000000000000000000000000000000 0 0
10131	17.849	0.000	( 0 )	000001000010111000101100000000001100111111101101111100011001110000100011101101000011011000000000000000000000000000000000000000000000000000000000000000000000000000000000000000000000 0 0
10134	17.849	0.000	( 0 )	000001000010111000101100000000001100111111101101111100011001110000100011101101000011011000000000000000000000000000000000000000000000000000000000000000000000000000000000000000000000 0 0
10114	17.849	0.000	( 0 )	000001000010111000101100000000001100111111101101111100011001110000100011101101000011011000000000000000000000000000000000000000000000000000000000000000000000000000000000000000000000 0 0
10125	17.849	0.000	( 0 )	000001000010111000101100000000001100111111101101111100011001110000100011101101000011011000000000000000000000000000000000000000000000000000000000000000000000000000000000000000000000 0 0
10210	17.849	0.000	( 0 )	000001000010111000101100000000001100111111101101111100011001110000100011101101000011011000000000000000000000000000000000000000000000000000000000000000000000000000000000000000000000 0 0
10209	17.849	0.000	( 0 )	000001000010111000101100000000001100111111101101111100011001110000100011101101000011011000000000000000000000000000000000000000000000000000000000000000000000000000000000000000000000 0 0
10107	17.849	0.000	( 0 )	000001000010111000101100000000001100111111101101111100011001110000100011101101000011011000000000000000000000000000000000000000000000000000000000000000000000000000000000000000000000 0 0
10118	17.849	0.000	( 0 )	000001000010111000101100000000001100111111101101111100011001110000100011101101000011011000000000000000000000000000000000000000000000000000000000000000000000000000000000000000000000 0 0
10122	17.849	0.000	( 0 )	000001000010111000101100000000001100111111101101111100011001110000100011101101000011011000000000000000000000000000000000000000000000000000000000000000000000000000000000000000000000 0 0
10132	17.849	0.000	( 0 )	000001000010111000101100000000001100111111101101111100011001110000100011101101000011011000000000000000000000000000000000000000000000000000000000000000000000000000000000000000000000 0 0
10123	17.849	0.000	( 0 )	000001000010111000101100000000001100111111101101111100011001110000100011101101000011011000000000000000000000000000000000000000000000000000000000000000000000000000000000000000000000 0 0
10124	17.849	0.000	( 0 )	000001000010111000101100000000001100111111101101111100011001110000100011101101000011011000000000000000000000000000000000000000000000000000000000000000000000000000000000000000000000 0 0
10119	17.849	0.000	( 0 )	000001000010111000101100000000001100111111101101111100011001110000100011101101000011011000000000000000000000000000000000000000000000000000000000000000000000000000000000000000000000 0 0
10117	17.849	0.000	( 0 )	000001000010111000101100000000001100111111101101111100011001110000100011101101000011011000000000000000000000000000000000000000000000000000000000000000000000000000000000000000000000 0 0
10108	17.849	0.000	( 0 )	000001000010111000101100000000001100111111101101111100011001110000100011101101000011011000000000000000000000000000000000000000000000000000000000000000000000000000000000000000000000 0 0
10127	17.849	0.000	( 0 )	000001000010111000101100000000001100111111101101111100011001110000100011101101000011011000000000000000000000000000000000000000000000000000000000000000000000000000000000000000000000 0 0
10126	17.849	0.000	( 0 )	000001000010111000101100000000001100111111101101111100011001110000100011101101000011011000000000000000000000000000000000000000000000000000000000000000000000000000000000000000000000 0 0
10115	17.849	0.000	( 0 )	000001000010111000101100000000001100111111101101111100011001110000100011101101000011011000000000000000000000000000000000000000000000000000000000000000000000000000000000000000000000 0 0
10116	17.849	0.000	( 0 )	000001000010111000101100000000001100111111101101111100011001110000100011101101000011011000000000000000000000000000000000000000000000000000000000000000000000000000000000000000000000 0 0
10028	17.849	0.000	( 0 )	000001000010111000101100000000001100111111101101111100011001110000100011101101000011011000000000000000000000000000000000000000000000000000000000000000000000000000000000000000000000 0 0
10129	17.849	0.000	( 0 )	000001000010111000101100000000001100111111101101111100011001110000100011101101000011011000000000000000000000000000000000000000000000000000000000000000000000000000000000000000000000 0 0
10110	17.849	0.000	( 0 )	000001000010111000101100000000001100111111101101111100011001110000100011101101000011011000000000000000000000000000000000000000000000000000000000000000000000000000000000000000000000 0 0
10111	17.849	0.000	( 0 )	000001000010111000101100000000001100111111101101111100011001110000100011101101000011011000000000000000000000000000000000000000000000000000000000000000000000000000000000000000000000 0 0
10130	17.849	0.000	( 0 )	000001000010111000101100000000001100111111101101111100011001110000100011101101000011011000000000000000000000000000000000000000000000000000000000000000000000000000000000000000000000 0 0
14818	17.849	0.000	( 0 )	000001000010111000101100000000001100111111101101111100011001110000100011101101000011011000000000000000000000000000000000000000000000000000000000000000000000000000000000000000000000 0 0
10083	17.849	0.000	( 0 )	000001000010111000101100000000001100111111101101111100011001110000100011101101000011011000000000000000000000000000000000000000000000000000000000000000000000000000000000000000000000 0 0
10103	17.849	0.000	( 0 )	000001000010111000101100000000001100111111101101111100011001110000100011101101000011011000000000000000000000000000000000000000000000000000000000000000000000000000000000000000000000 0 0
10112	17.849	0.000	( 0 )	000001000010111000101100000000001100111111101101111100011001110000100011101101000011011000000000000000000000000000000000000000000000000000000000000000000000000000000000000000000000 0 0
9946	18.960	0.000	( 0 )	000001000010111000101100000000001110111111101101111100011001110000100011101101000011011000000000000000000000000000000000000000000000000000000000000000000000000000000000000000000000 1 0
9947	18.960	0.000	( 0 )	000001000010111000101100000000001110111111101101111100011001110000100011101101000011011000000000000000000000000000000000000000000000000000000000000000000000000000000000000000000000 0 0
9858	20.071	0.000	( 0 )	000001000010111000101100100000001110111111101101111100011001110000100011101101000011011000000000000000000000000000000000000000000000000000000000000000000000000000000000000000000000 1 0
9914	20.071	0.000	( 0 )	000001000010111000101100100000001110111111101101111100011001110000100011101101000011011000000000000000000000000000000000000000000000000000000000000000000000000000000000000000000000 0 0
9862	20.071	0.000	( 0 )	000001000010111000101100100000001110111111101101111100011001110000100011101101000011011000000000000000000000000000000000000000000000000000000000000000000000000000000000000000000000 0 0
9857	20.071	0.000	( 0 )	000001000010111000101100100000001110111111101101111100011001110000100011101101000011011000000000000000000000000000000000000000000000000000000000000000000000000000000000000000000000 0 0
9932	20.071	0.000	( 0 )	000001000010111000101100100000001110111111101101111100011001110000100011101101000011011000000000000000000000000000000000000000000000000000000000000000000000000000000000000000000000 0 0
9903	20.071	0.000	( 0 )	000001000010111000101100100000001110111111101101111100011001110000100011101101000011011000000000000000000000000000000000000000000000000000000000000000000000000000000000000000000000 0 0
9916	20.071	0.000	( 0 )	000001000010111000101100100000001110111111101101111100011001110000100011101101000011011000000000000000000000000000000000000000000000000000000000000000000000000000000000000000000000 0 0
9900	20.071	0.000	( 0 )	000001000010111000101100100000001110111111101101111100011001110000100011101101000011011000000000000000000000000000000000000000000000000000000000000000000000000000000000000000000000 0 0
9851	20.071	0.000	( 0 )	000001000010111000101100100000001110111111101101111100011001110000100011101101000011011000000000000000000000000000000000000000000000000000000000000000000000000000000000000000000000 0 0
9806	21.182	0.000	( 0 )	000001000110111000101100100000001110111111101101111100011001110000100011101101000011011000000000000000000000000000000000000000000000000000000000000000000000000000000000000000000000 1 0
9739	21.182	0.000	( 0 )	000001000110111000101100100000001110111111101101111100011001110000100011101101000011011000000000000000000000000000000000000000000000000000000000000000000000000000000000000000000000 0 0
9810	21.182	0.000	( 0 )	000001000110111000101100100000001110111111101101111100011001110000100011101101000011011000000000000000000000000000000000000000000000000000000000000000000000000000000000000000000000 0 0
9809	21.182	0.000	( 0 )	000001000110111000101100100000001110111111101101111100011001110000100011101101000011011000000000000000000000000000000000000000000000000000000000000000000000000000000000000000000000 0 0
9805	21.182	0.000	( 0 )	000001000110111000101100100000001110111111101101111100011001110000100011101101000011011000000000000000000000000000000000000000000000000000000000000000000000000000000000000000000000 0 0
9712	21.182	0.000	( 0 )	000001000110111000101100100000001110111111101101111100011001110000100011101101000011011000000000000000000000000000000000000000000000000000000000000000000000000000000000000000000000 0 0
9711	21.182	0.000	( 0 )	000001000110111000101100100000001110111111101101111100011001110000100011101101000011011000000000000000000000000000000000000000000000000000000000000000000000000000000000000000000000 0 0
9705	21.182	0.000	( 0 )	000001000110111000101100100000001110111111101101111100011001110000100011101101000011011000000000000000000000000000000000000000000000000000000000000000000000000000000000000000000000 0 0
9741	21.182	0.000	( 0 )	000001000110111000101100100000001110111111101101111100011001110000100011101101000011011000000000000000000000000000000000000000000000000000000000000000000000000000000000000000000000 0 0
9814	21.182	0.000	( 0 )	000001000110111000101100100000001110111111101101111100011001110000100011101101000011011000000000000000000000000000000000000000000000000000000000000000000000000000000000000000000000 0 0
9708	21.182	0.000	( 0 )	000001000110111000101100100000001110111111101101111100011001110000100011101101000011011000000000000000000000000000000000000000000000000000000000000000000000000000000000000000000000 0 0
9743	21.182	0.000	( 0 )	000001000110111000101100100000001110111111101101111100011001110000100011101101000011011000000000000000000000000000000000000000000000000000000000000000000000000000000000000000000000 0 0
9709	21.182	0.000	( 0 )	000001000110111000101100100000001110111111101101111100011001110000100011101101000011011000000000000000000000000000000000000000000000000000000000000000000000000000000000000000000000 0 0
9793	21.182	0.000	( 0 )	000001000110111000101100100000001110111111101101111100011001110000100011101101000011011000000000000000000000000000000000000000000000000000000000000000000000000000000000000000000000 0 0
9811	21.182	0.000	( 0 )	000001000110111000101100100000001110111111101101111100011001110000100011101101000011011000000000000000000000000000000000000000000000000000000000000000000000000000000000000000000000 0 0
9817	21.182	0.000	( 0 )	000001000110111000101100100000001110111111101101111100011001110000100011101101000011011000000000000000000000000000000000000000000000000000000000000000000000000000000000000000000000 0 0
9677	22.294	0.000	( 0 )	000001000110111000101100100000001110111111101101111100011001110000100011101101000010011000000000000000000000000000000000000000000000000000000000000000000000000000000000000000000000 1 0
9674	22.294	0.000	( 0 )	000001000110111000101100100000001110111111101101111100011001110000100011101101000010011000000000000000000000000000000000000000000000000000000000000000000000000000000000000000000000 0 0
9701	22.294	0.000	( 0 )	000001000110111000101100100000001110111111101101111100011001110000100011101101000010011000000000000000000000000000000000000000000000000000000000000000000000000000000000000000000000 0 0
9673	22.294	0.000	( 0 )	000001000110111000101100100000001110111111101101111100011001110000100011101101000010011000000000000000000000000000000000000000000000000000000000000000000000000000000000000000000000 0 0
9691	22.294	0.000	( 0 )	000001000110111000101100100000001110111111101101111100011001110000100011101101000010011000000000000000000000000000000000000000000000000000000000000000000000000000000000000000000000 0 0
9697	22.294	0.000	( 0 )	000001000110111000101100100000001110111111101101111100011001110000100011101101000010011000000000000000000000000000000000000000000000000000000000000000000000000000000000000000000000 0 0
9622	22.294	0.000	( 0 )	000001000110111000101100100000001110111111101101111100011001110000100011101101000010011000000000000000000000000000000000000000000000000000000000000000000000000000000000000000000000 0 0
9640	22.294	0.000	( 0 )	000001000110111000101100100000001110111111101101111100011001110000100011101101000010011000000000000000000000000000000000000000000000000000000000000000000000000000000000000000000000 0 0
9703	22.294	0.000	( 0 )	000001000110111000101100100000001110111111101101111100011001110000100011101101000010011000000000000000000000000000000000000000000000000000000000000000000000000000000000000000000000 0 0
9683	22.294	0.000	( 0 )	000001000110111000101100100000001110111111101101111100011001110000100011101101000010011000000000000000000000000000000000000000000000000000000000000000000000000000000000000000000000 0 0
9699	22.294	0.000	( 0 )	000001000110111000101100100000001110111111101101111100011001110000100011101101000010011000000000000000000000000000000000000000000000000000000000000000000000000000000000000000000000 0 0
9702	22.294	0.000	( 0 )	000001000110111000101100100000001110111111101101111100011001110000100011101101000010011000000000000000000000000000000000000000000000000000000000000000000000000000000000000000000000 0 0
9621	22.294	0.000	( 0 )	000001000110111000101100100000001110111111101101111100011001110000100011101101000010011000000000000000000000000000000000000000000000000000000000000000000000000000000000000000000000 0 0
9646	22.294	0.000	( 0 )	000001000110111000101100100000001110111111101101111100011001110000100011101101000010011000000000000000000000000000000000000000000000000000000000000000000000000000000000000000000000 0 0
9618	22.294	0.000	( 0 )	000001000110111000101100100000001110111111101101111100011001110000100011101101000010011000000000000000000000000000000000000000000000000000000000000000000000000000000000000000000000 0 0
9617	22.294	0.000	( 0 )	000001000110111000101100100000001110111111101101111100011001110000100011101101000010011000000000000000000000000000000000000000000000000000000000000000000000000000000000000000000000 0 0
9676	22.294	0.000	( 0 )	000001000110111000101100100000001110111111101101111100011001110000100011101101000010011000000000000000000000000000000000000000000000000000000000000000000000000000000000000000000000 0 0
9597	22.294	0.000	( 0 )	000001000110111000101100100000001110111111101101111100011001110000100011101101000010011000000000000000000000000000000000000000000000000000000000000000000000000000000000000000000000 0 0
9616	22.294	0.000	( 0 )	000001000110111000101100100000001110111111101101111100011001110000100011101101000010011000000000000000000000000000000000000000000000000000000000000000000000000000000000000000000000 0 0
9645	22.294	0.000	( 0 )	000001000110111000101100100000001110111111101101111100011001110000100011101101000010011000000000000000000000000000000000000000000000000000000000000000000000000000000000000000000000 0 0
9615	22.294	0.000	( 0 )	000001000110111000101100100000001110111111101101111100011001110000100011101101000010011000000000000000000000000000000000000000000000000000000000000000000000000000000000000000000000 0 0
9649	22.294	0.000	( 0 )	000001000110111000101100100000001110111111101101111100011001110000100011101101000010011000000000000000000000000000000000000000000000000000000000000000000000000000000000000000000000 0 0
9619	22.294	0.000	( 0 )	000001000110111000101100100000001110111111101101111100011001110000100011101101000010011000000000000000000000000000000000000000000000000000000000000000000000000000000000000000000000 0 0
9620	22.294	0.000	( 0 )	000001000110111000101100100000001110111111101101111100011001110000100011101101000010011000000000000000000000000000000000000000000000000000000000000000000000000000000000000000000000 0 0
9642	22.294	0.000	( 0 )	000001000110111000101100100000001110111111101101111100011001110000100011101101000010011000000000000000000000000000000000000000000000000000000000000000000000000000000000000000000000 0 0
9678	22.294	0.000	( 0 )	000001000110111000101100100000001110111111101101111100011001110000100011101101000010011000000000000000000000000000000000000000000000000000000000000000000000000000000000000000000000 0 0
9679	22.294	0.000	( 0 )	000001000110111000101100100000001110111111101101111100011001110000100011101101000010011000000000000000000000000000000000000000000000000000000000000000000000000000000000000000000000 0 0
9675	22.294	0.000	( 0 )	000001000110111000101100100000001110111111101101111100011001110000100011101101000010011000000000000000000000000000000000000000000000000000000000000000000000000000000000000000000000 0 0
9626	23.405	0.000	( 0 )	000001000110111000101100100000001110111111101101101100011001110000100011101101000010011000000000000000000000000000000000000000000000000000000000000000000000000000000000000000000000 1 0
9627	23.405	0.000	( 0 )	000001000110111000101100100000001110111111101101101100011001110000100011101101000010011000000000000000000000000000000000000000000000000000000000000000000000000000000000000000000000 0 0
9441	30.112	0.000	( 0 )	010000000110111000101100101000001110111111101101101100011001111010100011001101000010011000000000000000000000000000000000000000000000000000000000000000000000000000000000000000000000 6 0
9498	31.223	0.000	( 0 )	010000000110111000101100101000001110111111101101101100011001111010100011001101000010010000000000000000000000000000000000000000000000000000000000000000000000000000000000000000000000 1 0
9440	31.223	0.000	( 0 )	010000000110111000101100101000001110111111101101101100011001111010100011001101000010010000000000000000000000000000000000000000000000000000000000000000000000000000000000000000000000 0 0
9483	32.334	0.000	( 0 )	010000000110111000101100101000001110111111101101101100011001111010110011001101000010010000000000000000000000000000000000000000000000000000000000000000000000000000000000000000000000 1 0
