#java OrderMarkers2 data=- evaluateOrder=reordermarkers/iterations/ordered.11.1 useKosambi=1 numThreads=4 calculateIntervals=intervals/ordered.11.intervals randSeed=6773012166026491632
Loading file
No grandparents present in family V
Number of individuals = 92
Number of families = 1
File loaded with 31656 SNPs
Number of individuals = 92 excluding grandparents
Number of families = 1
Number of markers = 161
Setting dataScale to 0.5590062111801242 all likelihoods will be multiplied by 1.788888888888889
Initial score = -1320.2639150427265
Iteration 1 of 6
884884288488421 done
Polishing map...
score = -1320.2639150427265
score = -1320.2640142248554
score = -1320.2639150427265
score = -1320.2639150427265
Iteration 2 of 6
884884288488421 done
Polishing map...
score = -1320.2639150427265
score = -1320.2640142248554
score = -1320.2639150427265
score = -1320.2640142248554
Iteration 3 of 6
884884288488421 done
Polishing map...
score = -1320.2639150427265
score = -1320.2640142248554
score = -1320.2639150427265
score = -1320.2640142248554
Iteration 4 of 6
884884288488421 done
Polishing map...
score = -1320.2639150427265
score = -1320.2639150427265
score = -1320.2639150427265
score = -1320.2640142248554
Iteration 5 of 6
884884288488421 done
Polishing map...
score = -1326.4785089300556
score = -1320.2640142248554
score = -1320.2639150427265
score = -1320.2640142248554
Iteration 6 of 6
884884288488421 done
Polishing map...
score = -1330.6255479611998
score = -1330.6256471433287
score = -1330.6255479611998
score = -1330.6256471433287
Final score = -1320.2639150427265
Setting dataScale to 0.5590062111801242 all likelihoods will be multiplied by 1.788888888888889
logL = -1320.2639150427265
number of recombinations = 69.0 logL = -1320.2639150427265
Individual	V	P14459_101_S1	recombines	1	times
Individual	V	P14459_105_S5	recombines	1	times
Individual	V	P14459_106_S6	recombines	1	times
Individual	V	P14459_107_S7	recombines	1	times
Individual	V	P14459_108_S8	recombines	2	times
Individual	V	P14459_109_S9	recombines	1	times
Individual	V	P14459_111_S11	recombines	1	times
Individual	V	P14459_112_S12	recombines	1	times
Individual	V	P14459_113_S13	recombines	1	times
Individual	V	P14459_114_S14	recombines	1	times
Individual	V	P14459_115_S15	recombines	1	times
Individual	V	P14459_116_S16	recombines	1	times
Individual	V	P14459_117_S17	recombines	2	times
Individual	V	P14459_119_S19	recombines	1	times
Individual	V	P14459_120_S20	recombines	1	times
Individual	V	P14459_122_S22	recombines	1	times
Individual	V	P14459_123_S23	recombines	1	times
Individual	V	P14459_124_S24	recombines	1	times
Individual	V	P14459_125_S25	recombines	1	times
Individual	V	P14459_126_S26	recombines	1	times
Individual	V	P14459_127_S27	recombines	1	times
Individual	V	P14459_129_S29	recombines	1	times
Individual	V	P14459_131_S31	recombines	1	times
Individual	V	P14459_132_S32	recombines	1	times
Individual	V	P14459_135_S35	recombines	1	times
Individual	V	P14459_138_S38	recombines	1	times
Individual	V	P14459_139_S39	recombines	1	times
Individual	V	P14459_140_S40	recombines	1	times
Individual	V	P14459_141_S41	recombines	1	times
Individual	V	P14459_142_S42	recombines	1	times
Individual	V	P14459_144_S44	recombines	1	times
Individual	V	P14459_146_S46	recombines	1	times
Individual	V	P14459_147_S47	recombines	1	times
Individual	V	P14459_148_S48	recombines	1	times
Individual	V	P14459_149_S49	recombines	1	times
Individual	V	P14459_150_S50	recombines	1	times
Individual	V	P14459_151_S51	recombines	1	times
Individual	V	P14459_152_S52	recombines	1	times
Individual	V	P14459_153_S53	recombines	1	times
Individual	V	P14459_156_S56	recombines	1	times
Individual	V	P14459_159_S59	recombines	1	times
Individual	V	P14459_160_S60	recombines	1	times
Individual	V	P14459_164_S64	recombines	1	times
Individual	V	P14459_166_S66	recombines	1	times
Individual	V	P14459_169_S69	recombines	1	times
Individual	V	P14459_170_S70	recombines	1	times
Individual	V	P14459_171_S71	recombines	1	times
Individual	V	P14459_172_S72	recombines	1	times
Individual	V	P14459_173_S73	recombines	1	times
Individual	V	P14459_176_S76	recombines	1	times
Individual	V	P14459_177_S77	recombines	1	times
Individual	V	P14459_178_S78	recombines	1	times
Individual	V	P14459_179_S79	recombines	1	times
Individual	V	P14459_180_S80	recombines	1	times
Individual	V	P14459_181_S81	recombines	1	times
Individual	V	P14459_182_S82	recombines	1	times
Individual	V	P14459_183_S83	recombines	1	times
Individual	V	P14459_185_S85	recombines	1	times
Individual	V	P14459_186_S86	recombines	1	times
Individual	V	P14459_187_S87	recombines	1	times
Individual	V	P14459_188_S88	recombines	1	times
Individual	V	P14459_190_S90	recombines	1	times
Individual	V	P14459_191_S91	recombines	1	times
Individual	V	P14459_192_S92	recombines	1	times
Individual	V	P14459_193_S93	recombines	1	times
Individual	V	P14459_194_S94	recombines	1	times
Individual	V	P14459_195_S95	recombines	1	times
#*** LG = 0 likelihood = -1320.2639
#marker_number	male_position	female_position	( 0.0 )[	phased data]
8375	0.000	0.000	( 0 )	001111001101111101001010010110111001101111001001010111001110001010100011000111100001000110000000000000000000000000000000000000000000000000000000000000000000000000000000000000000000 0 0
7993	23.888	0.000	( 0 )	001101001100011101000011000111110001101111101100100111011110001010001011010111110011001110000000000000000000000000000000000000000000000000000000000000000000000000000000000000000000 20 0
8000	23.888	0.000	( 0 )	001101001100011101000011000111110001101111101100100111011110001010001011010111110011001110000000000000000000000000000000000000000000000000000000000000000000000000000000000000000000 0 0
7992	23.888	0.000	( 0 )	001101001100011101000011000111110001101111101100100111011110001010001011010111110011001110000000000000000000000000000000000000000000000000000000000000000000000000000000000000000000 0 0
7955	23.888	0.000	( 0 )	001101001100011101000011000111110001101111101100100111011110001010001011010111110011001110000000000000000000000000000000000000000000000000000000000000000000000000000000000000000000 0 0
7996	23.888	0.000	( 0 )	001101001100011101000011000111110001101111101100100111011110001010001011010111110011001110000000000000000000000000000000000000000000000000000000000000000000000000000000000000000000 0 0
7994	23.888	0.000	( 0 )	001101001100011101000011000111110001101111101100100111011110001010001011010111110011001110000000000000000000000000000000000000000000000000000000000000000000000000000000000000000000 0 0
8031	26.111	0.000	( 0 )	001101001100011101000011000111110001101111100110100111011110001010001011010111110011001110000000000000000000000000000000000000000000000000000000000000000000000000000000000000000000 2 0
8063	27.223	0.000	( 0 )	001101001100010101000011000111110001101111100110100111011110001010001011010111110011001110000000000000000000000000000000000000000000000000000000000000000000000000000000000000000000 1 0
8062	27.223	0.000	( 0 )	001101001100010101000011000111110001101111100110100111011110001010001011010111110011001110000000000000000000000000000000000000000000000000000000000000000000000000000000000000000000 0 0
8057	27.223	0.000	( 0 )	001101001100010101000011000111110001101111100110100111011110001010001011010111110011001110000000000000000000000000000000000000000000000000000000000000000000000000000000000000000000 0 0
8108	29.446	0.000	( 0 )	001101001100010100000011000111110001001111100110100111011110001010001011010111110011001110000000000000000000000000000000000000000000000000000000000000000000000000000000000000000000 2 0
8103	29.446	0.000	( 0 )	001101001100010100000011000111110001001111100110100111011110001010001011010111110011001110000000000000000000000000000000000000000000000000000000000000000000000000000000000000000000 0 0
8107	29.446	0.000	( 0 )	001101001100010100000011000111110001001111100110100111011110001010001011010111110011001110000000000000000000000000000000000000000000000000000000000000000000000000000000000000000000 0 0
8117	29.446	0.000	( 0 )	001101001100010100000011000111110001001111100110100111011110001010001011010111110011001110000000000000000000000000000000000000000000000000000000000000000000000000000000000000000000 0 0
8106	29.446	0.000	( 0 )	001101001100010100000011000111110001001111100110100111011110001010001011010111110011001110000000000000000000000000000000000000000000000000000000000000000000000000000000000000000000 0 0
8104	29.446	0.000	( 0 )	001101001100010100000011000111110001001111100110100111011110001010001011010111110011001110000000000000000000000000000000000000000000000000000000000000000000000000000000000000000000 0 0
8134	29.446	0.000	( 0 )	001101001100010100000011000111110001001111100110100111011110001010001011010111110011001110000000000000000000000000000000000000000000000000000000000000000000000000000000000000000000 0 0
8136	29.446	0.000	( 0 )	001101001100010100000011000111110001001111100110100111011110001010001011010111110011001110000000000000000000000000000000000000000000000000000000000000000000000000000000000000000000 0 0
8128	29.446	0.000	( 0 )	001101001100010100000011000111110001001111100110100111011110001010001011010111110011001110000000000000000000000000000000000000000000000000000000000000000000000000000000000000000000 0 0
8133	29.446	0.000	( 0 )	001101001100010100000011000111110001001111100110100111011110001010001011010111110011001110000000000000000000000000000000000000000000000000000000000000000000000000000000000000000000 0 0
8112	29.446	0.000	( 0 )	001101001100010100000011000111110001001111100110100111011110001010001011010111110011001110000000000000000000000000000000000000000000000000000000000000000000000000000000000000000000 0 0
8116	29.446	0.000	( 0 )	001101001100010100000011000111110001001111100110100111011110001010001011010111110011001110000000000000000000000000000000000000000000000000000000000000000000000000000000000000000000 0 0
8105	29.446	0.000	( 0 )	001101001100010100000011000111110001001111100110100111011110001010001011010111110011001110000000000000000000000000000000000000000000000000000000000000000000000000000000000000000000 0 0
8127	29.446	0.000	( 0 )	001101001100010100000011000111110001001111100110100111011110001010001011010111110011001110000000000000000000000000000000000000000000000000000000000000000000000000000000000000000000 0 0
8115	29.446	0.000	( 0 )	001101001100010100000011000111110001001111100110100111011110001010001011010111110011001110000000000000000000000000000000000000000000000000000000000000000000000000000000000000000000 0 0
8111	29.446	0.000	( 0 )	001101001100010100000011000111110001001111100110100111011110001010001011010111110011001110000000000000000000000000000000000000000000000000000000000000000000000000000000000000000000 0 0
8135	29.446	0.000	( 0 )	001101001100010100000011000111110001001111100110100111011110001010001011010111110011001110000000000000000000000000000000000000000000000000000000000000000000000000000000000000000000 0 0
8113	29.446	0.000	( 0 )	001101001100010100000011000111110001001111100110100111011110001010001011010111110011001110000000000000000000000000000000000000000000000000000000000000000000000000000000000000000000 0 0
8114	29.446	0.000	( 0 )	001101001100010100000011000111110001001111100110100111011110001010001011010111110011001110000000000000000000000000000000000000000000000000000000000000000000000000000000000000000000 0 0
8118	29.446	0.000	( 0 )	001101001100010100000011000111110001001111100110100111011110001010001011010111110011001110000000000000000000000000000000000000000000000000000000000000000000000000000000000000000000 0 0
8160	30.558	0.000	( 0 )	001101001100010100000011000111110000001111100110100111011110001010001011010111110011001110000000000000000000000000000000000000000000000000000000000000000000000000000000000000000000 1 0
8157	30.558	0.000	( 0 )	001101001100010100000011000111110000001111100110100111011110001010001011010111110011001110000000000000000000000000000000000000000000000000000000000000000000000000000000000000000000 0 0
8182	31.669	0.000	( 0 )	001101011100010100000011000111110000001111100110100111011110001010001011010111110011001110000000000000000000000000000000000000000000000000000000000000000000000000000000000000000000 1 0
8178	31.669	0.000	( 0 )	001101011100010100000011000111110000001111100110100111011110001010001011010111110011001110000000000000000000000000000000000000000000000000000000000000000000000000000000000000000000 0 0
8181	31.669	0.000	( 0 )	001101011100010100000011000111110000001111100110100111011110001010001011010111110011001110000000000000000000000000000000000000000000000000000000000000000000000000000000000000000000 0 0
8176	31.669	0.000	( 0 )	001101011100010100000011000111110000001111100110100111011110001010001011010111110011001110000000000000000000000000000000000000000000000000000000000000000000000000000000000000000000 0 0
8168	31.669	0.000	( 0 )	001101011100010100000011000111110000001111100110100111011110001010001011010111110011001110000000000000000000000000000000000000000000000000000000000000000000000000000000000000000000 0 0
8169	31.669	0.000	( 0 )	001101011100010100000011000111110000001111100110100111011110001010001011010111110011001110000000000000000000000000000000000000000000000000000000000000000000000000000000000000000000 0 0
8192	36.125	0.000	( 0 )	001101011100010100100011000111110000001111100110100111011110001000001011010111110011001101000000000000000000000000000000000000000000000000000000000000000000000000000000000000000000 4 0
8212	39.464	0.000	( 0 )	001101011100000100100011000111110000001111100110100101011110001000001011110111110011001101000000000000000000000000000000000000000000000000000000000000000000000000000000000000000000 3 0
8246	45.042	0.000	( 0 )	101101011000000100100011000111110000001111100110100101011110001000001011110010110011101101000000000000000000000000000000000000000000000000000000000000000000000000000000000000000000 5 0
8271	45.042	0.000	( 0 )	101101011000000100100011000111110000001111100110100101011110001000001011110010110011101101000000000000000000000000000000000000000000000000000000000000000000000000000000000000000000 0 0
8247	45.042	0.000	( 0 )	101101011000000100100011000111110000001111100110100101011110001000001011110010110011101101000000000000000000000000000000000000000000000000000000000000000000000000000000000000000000 0 0
8272	45.042	0.000	( 0 )	101101011000000100100011000111110000001111100110100101011110001000001011110010110011101101000000000000000000000000000000000000000000000000000000000000000000000000000000000000000000 0 0
8304	46.153	0.000	( 0 )	101101011000000100100011000111110000001111100110100101011110001000001011110000110011101101000000000000000000000000000000000000000000000000000000000000000000000000000000000000000000 1 0
8297	46.153	0.000	( 0 )	101101011000000100100011000111110000001111100110100101011110001000001011110000110011101101000000000000000000000000000000000000000000000000000000000000000000000000000000000000000000 0 0
8372	49.492	0.000	( 0 )	101101011000000100100011000011110000001111100110100101011110001000001010110000110011101001000000000000000000000000000000000000000000000000000000000000000000000000000000000000000000 3 0
8381	49.492	0.000	( 0 )	101101011000000100100011000011110000001111100110100101011110001000001010110000110011101001000000000000000000000000000000000000000000000000000000000000000000000000000000000000000000 0 0
8401	50.603	0.000	( 0 )	101101011000000100100011000011110000001111100110100101011110001000001000110000110011101001000000000000000000000000000000000000000000000000000000000000000000000000000000000000000000 1 0
8395	50.603	0.000	( 0 )	101101011000000100100011000011110000001111100110100101011110001000001000110000110011101001000000000000000000000000000000000000000000000000000000000000000000000000000000000000000000 0 0
8400	50.603	0.000	( 0 )	101101011000000100100011000011110000001111100110100101011110001000001000110000110011101001000000000000000000000000000000000000000000000000000000000000000000000000000000000000000000 0 0
8399	50.603	0.000	( 0 )	101101011000000100100011000011110000001111100110100101011110001000001000110000110011101001000000000000000000000000000000000000000000000000000000000000000000000000000000000000000000 0 0
8396	50.603	0.000	( 0 )	101101011000000100100011000011110000001111100110100101011110001000001000110000110011101001000000000000000000000000000000000000000000000000000000000000000000000000000000000000000000 0 0
8388	51.714	0.000	( 0 )	101101011000000100100011000011110000001111100110100101011110001000011000110000110011101001000000000000000000000000000000000000000000000000000000000000000000000000000000000000000000 1 0
8384	51.714	0.000	( 0 )	101101011000000100100011000011110000001111100110100101011110001000011000110000110011101001000000000000000000000000000000000000000000000000000000000000000000000000000000000000000000 0 0
8423	57.293	0.000	( 0 )	101101011010000000100011000011110000001011100110100101010110001000011000111000110011101001000000000000000000000000000000000000000000000000000000000000000000000000000000000000000000 5 0
8421	57.293	0.000	( 0 )	101101011010000000100011000011110000001011100110100101010110001000011000111000110011101001000000000000000000000000000000000000000000000000000000000000000000000000000000000000000000 0 0
8433	58.404	0.000	( 0 )	101101011010000000100011000011110000000011100110100101010110001000011000111000110011101001000000000000000000000000000000000000000000000000000000000000000000000000000000000000000000 1 0
8441	59.515	0.000	( 0 )	101101011010000000100111000011110000000011100110100101010110001000011000111000110011101001000000000000000000000000000000000000000000000000000000000000000000000000000000000000000000 1 0
8438	59.515	0.000	( 0 )	101101011010000000100111000011110000000011100110100101010110001000011000111000110011101001000000000000000000000000000000000000000000000000000000000000000000000000000000000000000000 0 0
8444	59.515	0.000	( 0 )	101101011010000000100111000011110000000011100110100101010110001000011000111000110011101001000000000000000000000000000000000000000000000000000000000000000000000000000000000000000000 0 0
8440	59.515	0.000	( 0 )	101101011010000000100111000011110000000011100110100101010110001000011000111000110011101001000000000000000000000000000000000000000000000000000000000000000000000000000000000000000000 0 0
8442	59.515	0.000	( 0 )	101101011010000000100111000011110000000011100110100101010110001000011000111000110011101001000000000000000000000000000000000000000000000000000000000000000000000000000000000000000000 0 0
8443	59.515	0.000	( 0 )	101101011010000000100111000011110000000011100110100101010110001000011000111000110011101001000000000000000000000000000000000000000000000000000000000000000000000000000000000000000000 0 0
8437	59.515	0.000	( 0 )	101101011010000000100111000011110000000011100110100101010110001000011000111000110011101001000000000000000000000000000000000000000000000000000000000000000000000000000000000000000000 0 0
8439	59.515	0.000	( 0 )	101101011010000000100111000011110000000011100110100101010110001000011000111000110011101001000000000000000000000000000000000000000000000000000000000000000000000000000000000000000000 0 0
8451	60.627	0.000	( 0 )	101100011010000000100111000011110000000011100110100101010110001000011000111000110011101001000000000000000000000000000000000000000000000000000000000000000000000000000000000000000000 1 0
8499	61.738	0.000	( 0 )	101100011010000000100101000011110000000011100110100101010110001000011000111000110011101001000000000000000000000000000000000000000000000000000000000000000000000000000000000000000000 1 0
8502	61.738	0.000	( 0 )	101100011010000000100101000011110000000011100110100101010110001000011000111000110011101001000000000000000000000000000000000000000000000000000000000000000000000000000000000000000000 0 0
8524	61.738	0.000	( 0 )	101100011010000000100101000011110000000011100110100101010110001000011000111000110011101001000000000000000000000000000000000000000000000000000000000000000000000000000000000000000000 0 0
8526	61.738	0.000	( 0 )	101100011010000000100101000011110000000011100110100101010110001000011000111000110011101001000000000000000000000000000000000000000000000000000000000000000000000000000000000000000000 0 0
8471	61.738	0.000	( 0 )	101100011010000000100101000011110000000011100110100101010110001000011000111000110011101001000000000000000000000000000000000000000000000000000000000000000000000000000000000000000000 0 0
8495	61.738	0.000	( 0 )	101100011010000000100101000011110000000011100110100101010110001000011000111000110011101001000000000000000000000000000000000000000000000000000000000000000000000000000000000000000000 0 0
8486	61.738	0.000	( 0 )	101100011010000000100101000011110000000011100110100101010110001000011000111000110011101001000000000000000000000000000000000000000000000000000000000000000000000000000000000000000000 0 0
8521	61.738	0.000	( 0 )	101100011010000000100101000011110000000011100110100101010110001000011000111000110011101001000000000000000000000000000000000000000000000000000000000000000000000000000000000000000000 0 0
8525	61.738	0.000	( 0 )	101100011010000000100101000011110000000011100110100101010110001000011000111000110011101001000000000000000000000000000000000000000000000000000000000000000000000000000000000000000000 0 0
8498	61.738	0.000	( 0 )	101100011010000000100101000011110000000011100110100101010110001000011000111000110011101001000000000000000000000000000000000000000000000000000000000000000000000000000000000000000000 0 0
8468	61.738	0.000	( 0 )	101100011010000000100101000011110000000011100110100101010110001000011000111000110011101001000000000000000000000000000000000000000000000000000000000000000000000000000000000000000000 0 0
8527	61.738	0.000	( 0 )	101100011010000000100101000011110000000011100110100101010110001000011000111000110011101001000000000000000000000000000000000000000000000000000000000000000000000000000000000000000000 0 0
8497	61.738	0.000	( 0 )	101100011010000000100101000011110000000011100110100101010110001000011000111000110011101001000000000000000000000000000000000000000000000000000000000000000000000000000000000000000000 0 0
8496	61.738	0.000	( 0 )	101100011010000000100101000011110000000011100110100101010110001000011000111000110011101001000000000000000000000000000000000000000000000000000000000000000000000000000000000000000000 0 0
8501	61.738	0.000	( 0 )	101100011010000000100101000011110000000011100110100101010110001000011000111000110011101001000000000000000000000000000000000000000000000000000000000000000000000000000000000000000000 0 0
8470	61.738	0.000	( 0 )	101100011010000000100101000011110000000011100110100101010110001000011000111000110011101001000000000000000000000000000000000000000000000000000000000000000000000000000000000000000000 0 0
8522	61.738	0.000	( 0 )	101100011010000000100101000011110000000011100110100101010110001000011000111000110011101001000000000000000000000000000000000000000000000000000000000000000000000000000000000000000000 0 0
8649	63.962	0.000	( 0 )	101100011010000000100101100011110000000011100110100101010110001000011000111000111011101001000000000000000000000000000000000000000000000000000000000000000000000000000000000000000000 2 0
8689	63.962	0.000	( 0 )	101100011010000000100101100011110000000011100110100101010110001000011000111000111011101001000000000000000000000000000000000000000000000000000000000000000000000000000000000000000000 0 0
8691	63.962	0.000	( 0 )	101100011010000000100101100011110000000011100110100101010110001000011000111000111011101001000000000000000000000000000000000000000000000000000000000000000000000000000000000000000000 0 0
8600	63.962	0.000	( 0 )	101100011010000000100101100011110000000011100110100101010110001000011000111000111011101001000000000000000000000000000000000000000000000000000000000000000000000000000000000000000000 0 0
8690	63.962	0.000	( 0 )	101100011010000000100101100011110000000011100110100101010110001000011000111000111011101001000000000000000000000000000000000000000000000000000000000000000000000000000000000000000000 0 0
8601	63.962	0.000	( 0 )	101100011010000000100101100011110000000011100110100101010110001000011000111000111011101001000000000000000000000000000000000000000000000000000000000000000000000000000000000000000000 0 0
8662	63.962	0.000	( 0 )	101100011010000000100101100011110000000011100110100101010110001000011000111000111011101001000000000000000000000000000000000000000000000000000000000000000000000000000000000000000000 0 0
8684	63.962	0.000	( 0 )	101100011010000000100101100011110000000011100110100101010110001000011000111000111011101001000000000000000000000000000000000000000000000000000000000000000000000000000000000000000000 0 0
8589	63.962	0.000	( 0 )	101100011010000000100101100011110000000011100110100101010110001000011000111000111011101001000000000000000000000000000000000000000000000000000000000000000000000000000000000000000000 0 0
8651	63.962	0.000	( 0 )	101100011010000000100101100011110000000011100110100101010110001000011000111000111011101001000000000000000000000000000000000000000000000000000000000000000000000000000000000000000000 0 0
8568	63.962	0.000	( 0 )	101100011010000000100101100011110000000011100110100101010110001000011000111000111011101001000000000000000000000000000000000000000000000000000000000000000000000000000000000000000000 0 0
8682	63.962	0.000	( 0 )	101100011010000000100101100011110000000011100110100101010110001000011000111000111011101001000000000000000000000000000000000000000000000000000000000000000000000000000000000000000000 0 0
8605	63.962	0.000	( 0 )	101100011010000000100101100011110000000011100110100101010110001000011000111000111011101001000000000000000000000000000000000000000000000000000000000000000000000000000000000000000000 0 0
8584	63.962	0.000	( 0 )	101100011010000000100101100011110000000011100110100101010110001000011000111000111011101001000000000000000000000000000000000000000000000000000000000000000000000000000000000000000000 0 0
8678	63.962	0.000	( 0 )	101100011010000000100101100011110000000011100110100101010110001000011000111000111011101001000000000000000000000000000000000000000000000000000000000000000000000000000000000000000000 0 0
8778	67.300	0.000	( 0 )	101100011010000000100101100011110000010011100110100101010110101001011000111000111011101001000000000000000000000000000000000000000000000000000000000000000000000000000000000000000000 3 0
8707	67.300	0.000	( 0 )	101100011010000000100101100011110000010011100110100101010110101001011000111000111011101001000000000000000000000000000000000000000000000000000000000000000000000000000000000000000000 0 0
8784	67.300	0.000	( 0 )	101100011010000000100101100011110000010011100110100101010110101001011000111000111011101001000000000000000000000000000000000000000000000000000000000000000000000000000000000000000000 0 0
8781	67.300	0.000	( 0 )	101100011010000000100101100011110000010011100110100101010110101001011000111000111011101001000000000000000000000000000000000000000000000000000000000000000000000000000000000000000000 0 0
8774	67.300	0.000	( 0 )	101100011010000000100101100011110000010011100110100101010110101001011000111000111011101001000000000000000000000000000000000000000000000000000000000000000000000000000000000000000000 0 0
8770	67.300	0.000	( 0 )	101100011010000000100101100011110000010011100110100101010110101001011000111000111011101001000000000000000000000000000000000000000000000000000000000000000000000000000000000000000000 0 0
8844	67.300	0.000	( 0 )	101100011010000000100101100011110000010011100110100101010110101001011000111000111011101001000000000000000000000000000000000000000000000000000000000000000000000000000000000000000000 0 0
8782	67.300	0.000	( 0 )	101100011010000000100101100011110000010011100110100101010110101001011000111000111011101001000000000000000000000000000000000000000000000000000000000000000000000000000000000000000000 0 0
8739	67.300	0.000	( 0 )	101100011010000000100101100011110000010011100110100101010110101001011000111000111011101001000000000000000000000000000000000000000000000000000000000000000000000000000000000000000000 0 0
8708	67.300	0.000	( 0 )	101100011010000000100101100011110000010011100110100101010110101001011000111000111011101001000000000000000000000000000000000000000000000000000000000000000000000000000000000000000000 0 0
8771	67.300	0.000	( 0 )	101100011010000000100101100011110000010011100110100101010110101001011000111000111011101001000000000000000000000000000000000000000000000000000000000000000000000000000000000000000000 0 0
8776	67.300	0.000	( 0 )	101100011010000000100101100011110000010011100110100101010110101001011000111000111011101001000000000000000000000000000000000000000000000000000000000000000000000000000000000000000000 0 0
8842	67.300	0.000	( 0 )	101100011010000000100101100011110000010011100110100101010110101001011000111000111011101001000000000000000000000000000000000000000000000000000000000000000000000000000000000000000000 0 0
8805	67.300	0.000	( 0 )	101100011010000000100101100011110000010011100110100101010110101001011000111000111011101001000000000000000000000000000000000000000000000000000000000000000000000000000000000000000000 0 0
8783	67.300	0.000	( 0 )	101100011010000000100101100011110000010011100110100101010110101001011000111000111011101001000000000000000000000000000000000000000000000000000000000000000000000000000000000000000000 0 0
8718	67.300	0.000	( 0 )	101100011010000000100101100011110000010011100110100101010110101001011000111000111011101001000000000000000000000000000000000000000000000000000000000000000000000000000000000000000000 0 0
8792	67.300	0.000	( 0 )	101100011010000000100101100011110000010011100110100101010110101001011000111000111011101001000000000000000000000000000000000000000000000000000000000000000000000000000000000000000000 0 0
8706	67.300	0.000	( 0 )	101100011010000000100101100011110000010011100110100101010110101001011000111000111011101001000000000000000000000000000000000000000000000000000000000000000000000000000000000000000000 0 0
8715	67.300	0.000	( 0 )	101100011010000000100101100011110000010011100110100101010110101001011000111000111011101001000000000000000000000000000000000000000000000000000000000000000000000000000000000000000000 0 0
8734	67.300	0.000	( 0 )	101100011010000000100101100011110000010011100110100101010110101001011000111000111011101001000000000000000000000000000000000000000000000000000000000000000000000000000000000000000000 0 0
8729	67.300	0.000	( 0 )	101100011010000000100101100011110000010011100110100101010110101001011000111000111011101001000000000000000000000000000000000000000000000000000000000000000000000000000000000000000000 0 0
8803	67.300	0.000	( 0 )	101100011010000000100101100011110000010011100110100101010110101001011000111000111011101001000000000000000000000000000000000000000000000000000000000000000000000000000000000000000000 0 0
8732	67.300	0.000	( 0 )	101100011010000000100101100011110000010011100110100101010110101001011000111000111011101001000000000000000000000000000000000000000000000000000000000000000000000000000000000000000000 0 0
8726	67.300	0.000	( 0 )	101100011010000000100101100011110000010011100110100101010110101001011000111000111011101001000000000000000000000000000000000000000000000000000000000000000000000000000000000000000000 0 0
8712	67.300	0.000	( 0 )	101100011010000000100101100011110000010011100110100101010110101001011000111000111011101001000000000000000000000000000000000000000000000000000000000000000000000000000000000000000000 0 0
8731	67.300	0.000	( 0 )	101100011010000000100101100011110000010011100110100101010110101001011000111000111011101001000000000000000000000000000000000000000000000000000000000000000000000000000000000000000000 0 0
8809	67.300	0.000	( 0 )	101100011010000000100101100011110000010011100110100101010110101001011000111000111011101001000000000000000000000000000000000000000000000000000000000000000000000000000000000000000000 0 0
8709	67.300	0.000	( 0 )	101100011010000000100101100011110000010011100110100101010110101001011000111000111011101001000000000000000000000000000000000000000000000000000000000000000000000000000000000000000000 0 0
8705	67.300	0.000	( 0 )	101100011010000000100101100011110000010011100110100101010110101001011000111000111011101001000000000000000000000000000000000000000000000000000000000000000000000000000000000000000000 0 0
8765	67.300	0.000	( 0 )	101100011010000000100101100011110000010011100110100101010110101001011000111000111011101001000000000000000000000000000000000000000000000000000000000000000000000000000000000000000000 0 0
8843	67.300	0.000	( 0 )	101100011010000000100101100011110000010011100110100101010110101001011000111000111011101001000000000000000000000000000000000000000000000000000000000000000000000000000000000000000000 0 0
8991	68.411	0.000	( 0 )	101000011010000000100101100011110000010011100110100101010110101001011000111000111011101001000000000000000000000000000000000000000000000000000000000000000000000000000000000000000000 1 0
9013	68.411	0.000	( 0 )	101000011010000000100101100011110000010011100110100101010110101001011000111000111011101001000000000000000000000000000000000000000000000000000000000000000000000000000000000000000000 0 0
9012	68.411	0.000	( 0 )	101000011010000000100101100011110000010011100110100101010110101001011000111000111011101001000000000000000000000000000000000000000000000000000000000000000000000000000000000000000000 0 0
8849	68.411	0.000	( 0 )	101000011010000000100101100011110000010011100110100101010110101001011000111000111011101001000000000000000000000000000000000000000000000000000000000000000000000000000000000000000000 0 0
9005	68.411	0.000	( 0 )	101000011010000000100101100011110000010011100110100101010110101001011000111000111011101001000000000000000000000000000000000000000000000000000000000000000000000000000000000000000000 0 0
8886	68.411	0.000	( 0 )	101000011010000000100101100011110000010011100110100101010110101001011000111000111011101001000000000000000000000000000000000000000000000000000000000000000000000000000000000000000000 0 0
9016	68.411	0.000	( 0 )	101000011010000000100101100011110000010011100110100101010110101001011000111000111011101001000000000000000000000000000000000000000000000000000000000000000000000000000000000000000000 0 0
8848	68.411	0.000	( 0 )	101000011010000000100101100011110000010011100110100101010110101001011000111000111011101001000000000000000000000000000000000000000000000000000000000000000000000000000000000000000000 0 0
8901	68.411	0.000	( 0 )	101000011010000000100101100011110000010011100110100101010110101001011000111000111011101001000000000000000000000000000000000000000000000000000000000000000000000000000000000000000000 0 0
9004	68.411	0.000	( 0 )	101000011010000000100101100011110000010011100110100101010110101001011000111000111011101001000000000000000000000000000000000000000000000000000000000000000000000000000000000000000000 0 0
9037	68.411	0.000	( 0 )	101000011010000000100101100011110000010011100110100101010110101001011000111000111011101001000000000000000000000000000000000000000000000000000000000000000000000000000000000000000000 0 0
8885	68.411	0.000	( 0 )	101000011010000000100101100011110000010011100110100101010110101001011000111000111011101001000000000000000000000000000000000000000000000000000000000000000000000000000000000000000000 0 0
8993	68.411	0.000	( 0 )	101000011010000000100101100011110000010011100110100101010110101001011000111000111011101001000000000000000000000000000000000000000000000000000000000000000000000000000000000000000000 0 0
9017	68.411	0.000	( 0 )	101000011010000000100101100011110000010011100110100101010110101001011000111000111011101001000000000000000000000000000000000000000000000000000000000000000000000000000000000000000000 0 0
8992	68.411	0.000	( 0 )	101000011010000000100101100011110000010011100110100101010110101001011000111000111011101001000000000000000000000000000000000000000000000000000000000000000000000000000000000000000000 0 0
8857	68.411	0.000	( 0 )	101000011010000000100101100011110000010011100110100101010110101001011000111000111011101001000000000000000000000000000000000000000000000000000000000000000000000000000000000000000000 0 0
9052	70.635	0.000	( 0 )	101000111010000100100101100011110000010011100110100101010110101001011000111000111011101001000000000000000000000000000000000000000000000000000000000000000000000000000000000000000000 2 0
9046	70.635	0.000	( 0 )	101000111010000100100101100011110000010011100110100101010110101001011000111000111011101001000000000000000000000000000000000000000000000000000000000000000000000000000000000000000000 0 0
9044	70.635	0.000	( 0 )	101000111010000100100101100011110000010011100110100101010110101001011000111000111011101001000000000000000000000000000000000000000000000000000000000000000000000000000000000000000000 0 0
9049	70.635	0.000	( 0 )	101000111010000100100101100011110000010011100110100101010110101001011000111000111011101001000000000000000000000000000000000000000000000000000000000000000000000000000000000000000000 0 0
9047	70.635	0.000	( 0 )	101000111010000100100101100011110000010011100110100101010110101001011000111000111011101001000000000000000000000000000000000000000000000000000000000000000000000000000000000000000000 0 0
9048	70.635	0.000	( 0 )	101000111010000100100101100011110000010011100110100101010110101001011000111000111011101001000000000000000000000000000000000000000000000000000000000000000000000000000000000000000000 0 0
9055	71.746	0.000	( 0 )	101000111010000100100101100011110000010011100110100101010110101001011000111000111011111001000000000000000000000000000000000000000000000000000000000000000000000000000000000000000000 1 0
9082	75.085	0.000	( 0 )	101000011010000100100101100011110000010001100110100101010110111001011000111000111011111001000000000000000000000000000000000000000000000000000000000000000000000000000000000000000000 3 0
9078	75.085	0.000	( 0 )	101000011010000100100101100011110000010001100110100101010110111001011000111000111011111001000000000000000000000000000000000000000000000000000000000000000000000000000000000000000000 0 0
9142	76.196	0.000	( 0 )	101000011010000100100101100011110000010001110110100101010110111001011000111000111011111001000000000000000000000000000000000000000000000000000000000000000000000000000000000000000000 1 0
9177	78.420	0.000	( 0 )	101000011010000100100101100011010000010001110110100101010110111001011000111000111111111001000000000000000000000000000000000000000000000000000000000000000000000000000000000000000000 2 0
9178	78.420	0.000	( 0 )	101000011010000100100101100011010000010001110110100101010110111001011000111000111111111001000000000000000000000000000000000000000000000000000000000000000000000000000000000000000000 0 0
9208	78.420	0.000	( 0 )	101000011010000100100101100011010000010001110110100101010110111001011000111000111111111001000000000000000000000000000000000000000000000000000000000000000000000000000000000000000000 0 0
9159	78.420	0.000	( 0 )	101000011010000100100101100011010000010001110110100101010110111001011000111000111111111001000000000000000000000000000000000000000000000000000000000000000000000000000000000000000000 0 0
