#java OrderMarkers2 data=- evaluateOrder=reordermarkers/iterations/ordered.2.1 useKosambi=1 numThreads=4 calculateIntervals=intervals/ordered.2.intervals randSeed=5111385649590938466
Loading file
No grandparents present in family V
Number of individuals = 92
Number of families = 1
File loaded with 31656 SNPs
Number of individuals = 92 excluding grandparents
Number of families = 1
Number of markers = 128
Setting dataScale to 0.703125 all likelihoods will be multiplied by 1.4222222222222223
Initial score = -1046.1060913653562
Iteration 1 of 6
884884288488421 done
Polishing map...
score = -1052.430008109257
score = -1052.430008109257
score = -1052.430008109257
score = -1052.430008109257
Iteration 2 of 6
884884288488421 done
Polishing map...
score = -1048.5674132864935
score = -1048.5674132864935
score = -1048.5674132864935
score = -1048.5674132864935
Iteration 3 of 6
884884288488421 done
Polishing map...
score = -1046.1060913653562
score = -1046.1060913653562
score = -1046.1060913653562
score = -1046.1060913653562
Iteration 4 of 6
884884288488421 done
Polishing map...
score = -1052.430008109257
score = -1052.430008109257
score = -1052.430008109257
score = -1048.5674132864935
Iteration 5 of 6
884884288488421 done
Polishing map...
score = -1046.1060913653562
score = -1046.1060913653562
score = -1046.1060913653562
score = -1046.1060913653562
Iteration 6 of 6
884884288488421 done
Polishing map...
score = -1046.1060913653562
score = -1046.1060913653562
score = -1046.1060913653562
score = -1046.1060913653562
Final score = -1046.1060913653562
Setting dataScale to 0.703125 all likelihoods will be multiplied by 1.4222222222222223
logL = -1046.1060913653562
number of recombinations = 74.0 logL = -1046.1060913653562
Individual	V	P14459_101_S1	recombines	1	times
Individual	V	P14459_103_S3	recombines	1	times
Individual	V	P14459_104_S4	recombines	1	times
Individual	V	P14459_105_S5	recombines	1	times
Individual	V	P14459_106_S6	recombines	1	times
Individual	V	P14459_107_S7	recombines	1	times
Individual	V	P14459_108_S8	recombines	1	times
Individual	V	P14459_110_S10	recombines	1	times
Individual	V	P14459_111_S11	recombines	1	times
Individual	V	P14459_112_S12	recombines	1	times
Individual	V	P14459_113_S13	recombines	1	times
Individual	V	P14459_114_S14	recombines	1	times
Individual	V	P14459_116_S16	recombines	1	times
Individual	V	P14459_117_S17	recombines	1	times
Individual	V	P14459_119_S19	recombines	1	times
Individual	V	P14459_120_S20	recombines	1	times
Individual	V	P14459_121_S21	recombines	1	times
Individual	V	P14459_123_S23	recombines	1	times
Individual	V	P14459_124_S24	recombines	1	times
Individual	V	P14459_126_S26	recombines	1	times
Individual	V	P14459_128_S28	recombines	1	times
Individual	V	P14459_129_S29	recombines	1	times
Individual	V	P14459_130_S30	recombines	1	times
Individual	V	P14459_134_S34	recombines	1	times
Individual	V	P14459_136_S36	recombines	1	times
Individual	V	P14459_137_S37	recombines	1	times
Individual	V	P14459_139_S39	recombines	1	times
Individual	V	P14459_141_S41	recombines	1	times
Individual	V	P14459_145_S45	recombines	1	times
Individual	V	P14459_146_S46	recombines	1	times
Individual	V	P14459_147_S47	recombines	1	times
Individual	V	P14459_149_S49	recombines	1	times
Individual	V	P14459_151_S51	recombines	1	times
Individual	V	P14459_152_S52	recombines	1	times
Individual	V	P14459_153_S53	recombines	1	times
Individual	V	P14459_154_S54	recombines	1	times
Individual	V	P14459_155_S55	recombines	1	times
Individual	V	P14459_157_S57	recombines	1	times
Individual	V	P14459_158_S58	recombines	1	times
Individual	V	P14459_159_S59	recombines	1	times
Individual	V	P14459_161_S61	recombines	1	times
Individual	V	P14459_162_S62	recombines	1	times
Individual	V	P14459_163_S63	recombines	1	times
Individual	V	P14459_164_S64	recombines	1	times
Individual	V	P14459_166_S66	recombines	1	times
Individual	V	P14459_167_S67	recombines	1	times
Individual	V	P14459_168_S68	recombines	1	times
Individual	V	P14459_169_S69	recombines	1	times
Individual	V	P14459_170_S70	recombines	1	times
Individual	V	P14459_171_S71	recombines	1	times
Individual	V	P14459_172_S72	recombines	4	times
Individual	V	P14459_173_S73	recombines	2	times
Individual	V	P14459_174_S74	recombines	1	times
Individual	V	P14459_176_S76	recombines	1	times
Individual	V	P14459_179_S79	recombines	1	times
Individual	V	P14459_180_S80	recombines	1	times
Individual	V	P14459_181_S81	recombines	1	times
Individual	V	P14459_182_S82	recombines	1	times
Individual	V	P14459_183_S83	recombines	1	times
Individual	V	P14459_184_S84	recombines	1	times
Individual	V	P14459_185_S85	recombines	1	times
Individual	V	P14459_186_S86	recombines	1	times
Individual	V	P14459_187_S87	recombines	1	times
Individual	V	P14459_188_S88	recombines	1	times
Individual	V	P14459_189_S89	recombines	1	times
Individual	V	P14459_190_S90	recombines	1	times
Individual	V	P14459_191_S91	recombines	1	times
Individual	V	P14459_192_S92	recombines	1	times
Individual	V	P14459_193_S93	recombines	1	times
Individual	V	P14459_195_S95	recombines	1	times
#*** LG = 0 likelihood = -1046.1061
#marker_number	male_position	female_position	( 0.0 )[	phased data]
7541	0.000	0.000	( 0 )	101100001000010101111000101000110101000110000010111110010110101001111110110110011001011000000000000000000000000000000000000000000000000000000000000000000000000000000000000000000000 0 0
7944	26.730	0.000	( 0 )	000110000010010101101100101000100101000110000010110011010011001101111110110011010010111001000000000000000000000000000000000000000000000000000000000000000000000000000000000000000000 22 0
7945	26.730	0.000	( 0 )	000110000010010101101100101000100101000110000010110011010011001101111110110011010010111001000000000000000000000000000000000000000000000000000000000000000000000000000000000000000000 0 0
7856	27.841	0.000	( 0 )	000110000010010101101100101000100101100110000010110011010011001101111110110011010010111001000000000000000000000000000000000000000000000000000000000000000000000000000000000000000000 1 0
7860	27.841	0.000	( 0 )	000110000010010101101100101000100101100110000010110011010011001101111110110011010010111001000000000000000000000000000000000000000000000000000000000000000000000000000000000000000000 0 0
7908	27.841	0.000	( 0 )	000110000010010101101100101000100101100110000010110011010011001101111110110011010010111001000000000000000000000000000000000000000000000000000000000000000000000000000000000000000000 0 0
7887	27.841	0.000	( 0 )	000110000010010101101100101000100101100110000010110011010011001101111110110011010010111001000000000000000000000000000000000000000000000000000000000000000000000000000000000000000000 0 0
7917	27.841	0.000	( 0 )	000110000010010101101100101000100101100110000010110011010011001101111110110011010010111001000000000000000000000000000000000000000000000000000000000000000000000000000000000000000000 0 0
7859	27.841	0.000	( 0 )	000110000010010101101100101000100101100110000010110011010011001101111110110011010010111001000000000000000000000000000000000000000000000000000000000000000000000000000000000000000000 0 0
7889	27.841	0.000	( 0 )	000110000010010101101100101000100101100110000010110011010011001101111110110011010010111001000000000000000000000000000000000000000000000000000000000000000000000000000000000000000000 0 0
7888	27.841	0.000	( 0 )	000110000010010101101100101000100101100110000010110011010011001101111110110011010010111001000000000000000000000000000000000000000000000000000000000000000000000000000000000000000000 0 0
7864	27.841	0.000	( 0 )	000110000010010101101100101000100101100110000010110011010011001101111110110011010010111001000000000000000000000000000000000000000000000000000000000000000000000000000000000000000000 0 0
7858	28.953	0.000	( 0 )	010110000010010101101100101000100101100110000010110011010011001101111110110011010010111001000000000000000000000000000000000000000000000000000000000000000000000000000000000000000000 1 0
7857	28.953	0.000	( 0 )	010110000010010101101100101000100101100110000010110011010011001101111110110011010010111001000000000000000000000000000000000000000000000000000000000000000000000000000000000000000000 0 0
7862	28.953	0.000	( 0 )	010110000010010101101100101000100101100110000010110011010011001101111110110011010010111001000000000000000000000000000000000000000000000000000000000000000000000000000000000000000000 0 0
7735	34.531	0.000	( 0 )	010110000110010101101100100000100101101110000010110011000011001101111110110011010010111101000000000000000000000000000000000000000000000000000000000000000000000000000000000000000000 5 0
7721	34.531	0.000	( 0 )	010110000110010101101100100000100101101110000010110011000011001101111110110011010010111101000000000000000000000000000000000000000000000000000000000000000000000000000000000000000000 0 0
7768	34.531	0.000	( 0 )	010110000110010101101100100000100101101110000010110011000011001101111110110011010010111101000000000000000000000000000000000000000000000000000000000000000000000000000000000000000000 0 0
7716	34.531	0.000	( 0 )	010110000110010101101100100000100101101110000010110011000011001101111110110011010010111101000000000000000000000000000000000000000000000000000000000000000000000000000000000000000000 0 0
7781	34.531	0.000	( 0 )	010110000110010101101100100000100101101110000010110011000011001101111110110011010010111101000000000000000000000000000000000000000000000000000000000000000000000000000000000000000000 0 0
7778	34.531	0.000	( 0 )	010110000110010101101100100000100101101110000010110011000011001101111110110011010010111101000000000000000000000000000000000000000000000000000000000000000000000000000000000000000000 0 0
7713	34.531	0.000	( 0 )	010110000110010101101100100000100101101110000010110011000011001101111110110011010010111101000000000000000000000000000000000000000000000000000000000000000000000000000000000000000000 0 0
7770	34.531	0.000	( 0 )	010110000110010101101100100000100101101110000010110011000011001101111110110011010010111101000000000000000000000000000000000000000000000000000000000000000000000000000000000000000000 0 0
7779	34.531	0.000	( 0 )	010110000110010101101100100000100101101110000010110011000011001101111110110011010010111101000000000000000000000000000000000000000000000000000000000000000000000000000000000000000000 0 0
7769	34.531	0.000	( 0 )	010110000110010101101100100000100101101110000010110011000011001101111110110011010010111101000000000000000000000000000000000000000000000000000000000000000000000000000000000000000000 0 0
7649	43.515	0.000	( 0 )	010110000111010000001100100010100101101111000010110011000011001101011010110011010010111101000000000000000000000000000000000000000000000000000000000000000000000000000000000000000000 8 0
7650	43.515	0.000	( 0 )	010110000111010000001100100010100101101111000010110011000011001101011010110011010010111101000000000000000000000000000000000000000000000000000000000000000000000000000000000000000000 0 0
7646	43.515	0.000	( 0 )	010110000111010000001100100010100101101111000010110011000011001101011010110011010010111101000000000000000000000000000000000000000000000000000000000000000000000000000000000000000000 0 0
7643	43.515	0.000	( 0 )	010110000111010000001100100010100101101111000010110011000011001101011010110011010010111101000000000000000000000000000000000000000000000000000000000000000000000000000000000000000000 0 0
7635	46.854	0.000	( 0 )	010110000111010000001100100010100101101111000010110011000011001100011010100011000010111101000000000000000000000000000000000000000000000000000000000000000000000000000000000000000000 3 0
7589	46.854	0.000	( 0 )	010110000111010000001100100010100101101111000010110011000011001100011010100011000010111101000000000000000000000000000000000000000000000000000000000000000000000000000000000000000000 0 0
7622	46.854	0.000	( 0 )	010110000111010000001100100010100101101111000010110011000011001100011010100011000010111101000000000000000000000000000000000000000000000000000000000000000000000000000000000000000000 0 0
7625	46.854	0.000	( 0 )	010110000111010000001100100010100101101111000010110011000011001100011010100011000010111101000000000000000000000000000000000000000000000000000000000000000000000000000000000000000000 0 0
7633	46.854	0.000	( 0 )	010110000111010000001100100010100101101111000010110011000011001100011010100011000010111101000000000000000000000000000000000000000000000000000000000000000000000000000000000000000000 0 0
7590	46.854	0.000	( 0 )	010110000111010000001100100010100101101111000010110011000011001100011010100011000010111101000000000000000000000000000000000000000000000000000000000000000000000000000000000000000000 0 0
7495	53.560	0.000	( 0 )	010111000111011000001100000010100101101111000010110011100001001100001010100011000010111101000000000000000000000000000000000000000000000000000000000000000000000000000000000000000000 6 0
7430	53.560	0.000	( 0 )	010111000111011000001100000010100101101111000010110011100001001100001010100011000010111101000000000000000000000000000000000000000000000000000000000000000000000000000000000000000000 0 0
7432	53.560	0.000	( 0 )	010111000111011000001100000010100101101111000010110011100001001100001010100011000010111101000000000000000000000000000000000000000000000000000000000000000000000000000000000000000000 0 0
7428	53.560	0.000	( 0 )	010111000111011000001100000010100101101111000010110011100001001100001010100011000010111101000000000000000000000000000000000000000000000000000000000000000000000000000000000000000000 0 0
7426	53.560	0.000	( 0 )	010111000111011000001100000010100101101111000010110011100001001100001010100011000010111101000000000000000000000000000000000000000000000000000000000000000000000000000000000000000000 0 0
7429	53.560	0.000	( 0 )	010111000111011000001100000010100101101111000010110011100001001100001010100011000010111101000000000000000000000000000000000000000000000000000000000000000000000000000000000000000000 0 0
7431	53.560	0.000	( 0 )	010111000111011000001100000010100101101111000010110011100001001100001010100011000010111101000000000000000000000000000000000000000000000000000000000000000000000000000000000000000000 0 0
7483	53.560	0.000	( 0 )	010111000111011000001100000010100101101111000010110011100001001100001010100011000010111101000000000000000000000000000000000000000000000000000000000000000000000000000000000000000000 0 0
7438	53.560	0.000	( 0 )	010111000111011000001100000010100101101111000010110011100001001100001010100011000010111101000000000000000000000000000000000000000000000000000000000000000000000000000000000000000000 0 0
7498	54.672	0.000	( 0 )	010111000111011000001100000010100101101111000010110011100001001100000010100011000010111101000000000000000000000000000000000000000000000000000000000000000000000000000000000000000000 1 0
7499	54.672	0.000	( 0 )	010111000111011000001100000010100101101111000010110011100001001100000010100011000010111101000000000000000000000000000000000000000000000000000000000000000000000000000000000000000000 0 0
7399	62.513	0.000	( 0 )	010011000111111000001100000010100111101111000011100011100001000100000010100011000110111101000000000000000000000000000000000000000000000000000000000000000000000000000000000000000000 7 0
7387	62.513	0.000	( 0 )	010011000111111000001100000010100111101111000011100011100001000100000010100011000110111101000000000000000000000000000000000000000000000000000000000000000000000000000000000000000000 0 0
7394	62.513	0.000	( 0 )	010011000111111000001100000010100111101111000011100011100001000100000010100011000110111101000000000000000000000000000000000000000000000000000000000000000000000000000000000000000000 0 0
7388	62.513	0.000	( 0 )	010011000111111000001100000010100111101111000011100011100001000100000010100011000110111101000000000000000000000000000000000000000000000000000000000000000000000000000000000000000000 0 0
7328	65.851	0.000	( 0 )	010011000111111000001100000010100111101111000011100011100001000100001010101011000110110101000000000000000000000000000000000000000000000000000000000000000000000000000000000000000000 3 0
7337	65.851	0.000	( 0 )	010011000111111000001100000010100111101111000011100011100001000100001010101011000110110101000000000000000000000000000000000000000000000000000000000000000000000000000000000000000000 0 0
7297	66.963	0.000	( 0 )	010011000111111000001100000010100111101111000011100011100001000100011010101011000110110101000000000000000000000000000000000000000000000000000000000000000000000000000000000000000000 1 0
7295	66.963	0.000	( 0 )	010011000111111000001100000010100111101111000011100011100001000100011010101011000110110101000000000000000000000000000000000000000000000000000000000000000000000000000000000000000000 0 0
7321	66.963	0.000	( 0 )	010011000111111000001100000010100111101111000011100011100001000100011010101011000110110101000000000000000000000000000000000000000000000000000000000000000000000000000000000000000000 0 0
7294	66.963	0.000	( 0 )	010011000111111000001100000010100111101111000011100011100001000100011010101011000110110101000000000000000000000000000000000000000000000000000000000000000000000000000000000000000000 0 0
7281	66.963	0.000	( 0 )	010011000111111000001100000010100111101111000011100011100001000100011010101011000110110101000000000000000000000000000000000000000000000000000000000000000000000000000000000000000000 0 0
7322	66.963	0.000	( 0 )	010011000111111000001100000010100111101111000011100011100001000100011010101011000110110101000000000000000000000000000000000000000000000000000000000000000000000000000000000000000000 0 0
7293	66.963	0.000	( 0 )	010011000111111000001100000010100111101111000011100011100001000100011010101011000110110101000000000000000000000000000000000000000000000000000000000000000000000000000000000000000000 0 0
7291	66.963	0.000	( 0 )	010011000111111000001100000010100111101111000011100011100001000100011010101011000110110101000000000000000000000000000000000000000000000000000000000000000000000000000000000000000000 0 0
7289	66.963	0.000	( 0 )	010011000111111000001100000010100111101111000011100011100001000100011010101011000110110101000000000000000000000000000000000000000000000000000000000000000000000000000000000000000000 0 0
7279	66.963	0.000	( 0 )	010011000111111000001100000010100111101111000011100011100001000100011010101011000110110101000000000000000000000000000000000000000000000000000000000000000000000000000000000000000000 0 0
7290	66.963	0.000	( 0 )	010011000111111000001100000010100111101111000011100011100001000100011010101011000110110101000000000000000000000000000000000000000000000000000000000000000000000000000000000000000000 0 0
7278	66.963	0.000	( 0 )	010011000111111000001100000010100111101111000011100011100001000100011010101011000110110101000000000000000000000000000000000000000000000000000000000000000000000000000000000000000000 0 0
7280	66.963	0.000	( 0 )	010011000111111000001100000010100111101111000011100011100001000100011010101011000110110101000000000000000000000000000000000000000000000000000000000000000000000000000000000000000000 0 0
7292	66.963	0.000	( 0 )	010011000111111000001100000010100111101111000011100011100001000100011010101011000110110101000000000000000000000000000000000000000000000000000000000000000000000000000000000000000000 0 0
7234	70.301	0.000	( 0 )	010011000111111000001100000110100111101111000111100011100001000100011010101001000110110101000000000000000000000000000000000000000000000000000000000000000000000000000000000000000000 3 0
7204	71.412	0.000	( 0 )	010011000111111000001100000110100111101111010111100011100001000100011010101001000110110101000000000000000000000000000000000000000000000000000000000000000000000000000000000000000000 1 0
7144	72.524	0.000	( 0 )	010011000111111000001100000110100111101111010111100011100001000100011010101001000110100101000000000000000000000000000000000000000000000000000000000000000000000000000000000000000000 1 0
7145	72.524	0.000	( 0 )	010011000111111000001100000110100111101111010111100011100001000100011010101001000110100101000000000000000000000000000000000000000000000000000000000000000000000000000000000000000000 0 0
7147	72.524	0.000	( 0 )	010011000111111000001100000110100111101111010111100011100001000100011010101001000110100101000000000000000000000000000000000000000000000000000000000000000000000000000000000000000000 0 0
7146	72.524	0.000	( 0 )	010011000111111000001100000110100111101111010111100011100001000100011010101001000110100101000000000000000000000000000000000000000000000000000000000000000000000000000000000000000000 0 0
7159	73.635	0.000	( 0 )	010011000111111000001100000110100111101111010111100011100001000110011010101001000110100101000000000000000000000000000000000000000000000000000000000000000000000000000000000000000000 1 0
7157	73.635	0.000	( 0 )	010011000111111000001100000110100111101111010111100011100001000110011010101001000110100101000000000000000000000000000000000000000000000000000000000000000000000000000000000000000000 0 0
7163	73.635	0.000	( 0 )	010011000111111000001100000110100111101111010111100011100001000110011010101001000110100101000000000000000000000000000000000000000000000000000000000000000000000000000000000000000000 0 0
7158	73.635	0.000	( 0 )	010011000111111000001100000110100111101111010111100011100001000110011010101001000110100101000000000000000000000000000000000000000000000000000000000000000000000000000000000000000000 0 0
7062	74.746	0.000	( 0 )	010011000111111000001100000110100111101111110111100011100001000110011010101001000110100101000000000000000000000000000000000000000000000000000000000000000000000000000000000000000000 1 0
7108	74.746	0.000	( 0 )	010011000111111000001100000110100111101111110111100011100001000110011010101001000110100101000000000000000000000000000000000000000000000000000000000000000000000000000000000000000000 0 0
7110	74.746	0.000	( 0 )	010011000111111000001100000110100111101111110111100011100001000110011010101001000110100101000000000000000000000000000000000000000000000000000000000000000000000000000000000000000000 0 0
7007	74.746	0.000	( 0 )	010011000111111000001100000110100111101111110111100011100001000110011010101001000110100101000000000000000000000000000000000000000000000000000000000000000000000000000000000000000000 0 0
7039	74.746	0.000	( 0 )	010011000111111000001100000110100111101111110111100011100001000110011010101001000110100101000000000000000000000000000000000000000000000000000000000000000000000000000000000000000000 0 0
7103	74.746	0.000	( 0 )	010011000111111000001100000110100111101111110111100011100001000110011010101001000110100101000000000000000000000000000000000000000000000000000000000000000000000000000000000000000000 0 0
6971	74.746	0.000	( 0 )	010011000111111000001100000110100111101111110111100011100001000110011010101001000110100101000000000000000000000000000000000000000000000000000000000000000000000000000000000000000000 0 0
7111	74.746	0.000	( 0 )	010011000111111000001100000110100111101111110111100011100001000110011010101001000110100101000000000000000000000000000000000000000000000000000000000000000000000000000000000000000000 0 0
7106	74.746	0.000	( 0 )	010011000111111000001100000110100111101111110111100011100001000110011010101001000110100101000000000000000000000000000000000000000000000000000000000000000000000000000000000000000000 0 0
7104	74.746	0.000	( 0 )	010011000111111000001100000110100111101111110111100011100001000110011010101001000110100101000000000000000000000000000000000000000000000000000000000000000000000000000000000000000000 0 0
7107	74.746	0.000	( 0 )	010011000111111000001100000110100111101111110111100011100001000110011010101001000110100101000000000000000000000000000000000000000000000000000000000000000000000000000000000000000000 0 0
7008	74.746	0.000	( 0 )	010011000111111000001100000110100111101111110111100011100001000110011010101001000110100101000000000000000000000000000000000000000000000000000000000000000000000000000000000000000000 0 0
7105	74.746	0.000	( 0 )	010011000111111000001100000110100111101111110111100011100001000110011010101001000110100101000000000000000000000000000000000000000000000000000000000000000000000000000000000000000000 0 0
7109	74.746	0.000	( 0 )	010011000111111000001100000110100111101111110111100011100001000110011010101001000110100101000000000000000000000000000000000000000000000000000000000000000000000000000000000000000000 0 0
7041	75.857	0.000	( 0 )	010011000111111000001100000110100111101111110111100011100001000110001010101001000110100101000000000000000000000000000000000000000000000000000000000000000000000000000000000000000000 1 0
7040	75.857	0.000	( 0 )	010011000111111000001100000110100111101111110111100011100001000110001010101001000110100101000000000000000000000000000000000000000000000000000000000000000000000000000000000000000000 0 0
7046	75.857	0.000	( 0 )	010011000111111000001100000110100111101111110111100011100001000110001010101001000110100101000000000000000000000000000000000000000000000000000000000000000000000000000000000000000000 0 0
6921	78.081	0.000	( 0 )	010011000111111000001100000110100111101111110111000011100001000110001000101001000110100101000000000000000000000000000000000000000000000000000000000000000000000000000000000000000000 2 0
6917	78.081	0.000	( 0 )	010011000111111000001100000110100111101111110111000011100001000110001000101001000110100101000000000000000000000000000000000000000000000000000000000000000000000000000000000000000000 0 0
6919	78.081	0.000	( 0 )	010011000111111000001100000110100111101111110111000011100001000110001000101001000110100101000000000000000000000000000000000000000000000000000000000000000000000000000000000000000000 0 0
6925	78.081	0.000	( 0 )	010011000111111000001100000110100111101111110111000011100001000110001000101001000110100101000000000000000000000000000000000000000000000000000000000000000000000000000000000000000000 0 0
6920	78.081	0.000	( 0 )	010011000111111000001100000110100111101111110111000011100001000110001000101001000110100101000000000000000000000000000000000000000000000000000000000000000000000000000000000000000000 0 0
6916	78.081	0.000	( 0 )	010011000111111000001100000110100111101111110111000011100001000110001000101001000110100101000000000000000000000000000000000000000000000000000000000000000000000000000000000000000000 0 0
6922	78.081	0.000	( 0 )	010011000111111000001100000110100111101111110111000011100001000110001000101001000110100101000000000000000000000000000000000000000000000000000000000000000000000000000000000000000000 0 0
6923	78.081	0.000	( 0 )	010011000111111000001100000110100111101111110111000011100001000110001000101001000110100101000000000000000000000000000000000000000000000000000000000000000000000000000000000000000000 0 0
6924	78.081	0.000	( 0 )	010011000111111000001100000110100111101111110111000011100001000110001000101001000110100101000000000000000000000000000000000000000000000000000000000000000000000000000000000000000000 0 0
6918	78.081	0.000	( 0 )	010011000111111000001100000110100111101111110111000011100001000110001000101001000110100101000000000000000000000000000000000000000000000000000000000000000000000000000000000000000000 0 0
6841	81.419	0.000	( 0 )	010011000111111000001100000110100011101111110111000011100001010110011000101001000110100101000000000000000000000000000000000000000000000000000000000000000000000000000000000000000000 3 0
6865	81.419	0.000	( 0 )	010011000111111000001100000110100011101111110111000011100001010110011000101001000110100101000000000000000000000000000000000000000000000000000000000000000000000000000000000000000000 0 0
6863	81.419	0.000	( 0 )	010011000111111000001100000110100011101111110111000011100001010110011000101001000110100101000000000000000000000000000000000000000000000000000000000000000000000000000000000000000000 0 0
6864	81.419	0.000	( 0 )	010011000111111000001100000110100011101111110111000011100001010110011000101001000110100101000000000000000000000000000000000000000000000000000000000000000000000000000000000000000000 0 0
6815	82.531	0.000	( 0 )	010011000111111000001110000110100011101111110111000011100001010110011000101001000110100101000000000000000000000000000000000000000000000000000000000000000000000000000000000000000000 1 0
6818	82.531	0.000	( 0 )	010011000111111000001110000110100011101111110111000011100001010110011000101001000110100101000000000000000000000000000000000000000000000000000000000000000000000000000000000000000000 0 0
6816	82.531	0.000	( 0 )	010011000111111000001110000110100011101111110111000011100001010110011000101001000110100101000000000000000000000000000000000000000000000000000000000000000000000000000000000000000000 0 0
6836	82.531	0.000	( 0 )	010011000111111000001110000110100011101111110111000011100001010110011000101001000110100101000000000000000000000000000000000000000000000000000000000000000000000000000000000000000000 0 0
6773	83.642	0.000	( 0 )	010011100111111000001110000110100011101111110111000011100001010110011000101001000110100101000000000000000000000000000000000000000000000000000000000000000000000000000000000000000000 1 0
6771	83.642	0.000	( 0 )	010011100111111000001110000110100011101111110111000011100001010110011000101001000110100101000000000000000000000000000000000000000000000000000000000000000000000000000000000000000000 0 0
6772	83.642	0.000	( 0 )	010011100111111000001110000110100011101111110111000011100001010110011000101001000110100101000000000000000000000000000000000000000000000000000000000000000000000000000000000000000000 0 0
6804	83.642	0.000	( 0 )	010011100111111000001110000110100011101111110111000011100001010110011000101001000110100101000000000000000000000000000000000000000000000000000000000000000000000000000000000000000000 0 0
6689	84.753	0.000	( 0 )	010011100111111000001110000110100011101111110111000011100001010110011000101001100110100101000000000000000000000000000000000000000000000000000000000000000000000000000000000000000000 1 0
6726	84.753	0.000	( 0 )	010011100111111000001110000110100011101111110111000011100001010110011000101001100110100101000000000000000000000000000000000000000000000000000000000000000000000000000000000000000000 0 0
6702	84.753	0.000	( 0 )	010011100111111000001110000110100011101111110111000011100001010110011000101001100110100101000000000000000000000000000000000000000000000000000000000000000000000000000000000000000000 0 0
6673	84.753	0.000	( 0 )	010011100111111000001110000110100011101111110111000011100001010110011000101001100110100101000000000000000000000000000000000000000000000000000000000000000000000000000000000000000000 0 0
6705	84.753	0.000	( 0 )	010011100111111000001110000110100011101111110111000011100001010110011000101001100110100101000000000000000000000000000000000000000000000000000000000000000000000000000000000000000000 0 0
6762	84.753	0.000	( 0 )	010011100111111000001110000110100011101111110111000011100001010110011000101001100110100101000000000000000000000000000000000000000000000000000000000000000000000000000000000000000000 0 0
6683	84.753	0.000	( 0 )	010011100111111000001110000110100011101111110111000011100001010110011000101001100110100101000000000000000000000000000000000000000000000000000000000000000000000000000000000000000000 0 0
6676	84.753	0.000	( 0 )	010011100111111000001110000110100011101111110111000011100001010110011000101001100110100101000000000000000000000000000000000000000000000000000000000000000000000000000000000000000000 0 0
6701	84.753	0.000	( 0 )	010011100111111000001110000110100011101111110111000011100001010110011000101001100110100101000000000000000000000000000000000000000000000000000000000000000000000000000000000000000000 0 0
6688	84.753	0.000	( 0 )	010011100111111000001110000110100011101111110111000011100001010110011000101001100110100101000000000000000000000000000000000000000000000000000000000000000000000000000000000000000000 0 0
6682	84.753	0.000	( 0 )	010011100111111000001110000110100011101111110111000011100001010110011000101001100110100101000000000000000000000000000000000000000000000000000000000000000000000000000000000000000000 0 0
6675	84.753	0.000	( 0 )	010011100111111000001110000110100011101111110111000011100001010110011000101001100110100101000000000000000000000000000000000000000000000000000000000000000000000000000000000000000000 0 0
6741	84.753	0.000	( 0 )	010011100111111000001110000110100011101111110111000011100001010110011000101001100110100101000000000000000000000000000000000000000000000000000000000000000000000000000000000000000000 0 0
