#java OrderMarkers2 data=- evaluateOrder=reordermarkers/iterations/ordered.17.1 useKosambi=1 numThreads=4 calculateIntervals=intervals/ordered.17.intervals randSeed=-911519353864665445
Loading file
No grandparents present in family V
Number of individuals = 92
Number of families = 1
File loaded with 31656 SNPs
Number of individuals = 92 excluding grandparents
Number of families = 1
Number of markers = 115
Setting dataScale to 0.782608695652174 all likelihoods will be multiplied by 1.2777777777777777
Initial score = -920.0438455347953
Iteration 1 of 6
884884288488421 done
Polishing map...
score = -923.4911863174639
score = -920.0438455347953
score = -920.0438455347953
score = -920.0438455347953
Iteration 2 of 6
884884288488421 done
Polishing map...
score = -941.4520278741609
score = -941.4520278741609
score = -941.4520278741609
score = -941.4522486497651
Iteration 3 of 6
884884288488421 done
Polishing map...
score = -941.4520278741609
score = -941.4520278741609
score = -941.4520278741609
score = -941.4520278741609
Iteration 4 of 6
884884288488421 done
Polishing map...
score = -920.0438455347953
score = -920.0438455347953
score = -920.0438455347953
score = -920.0440663103996
Iteration 5 of 6
884884288488421 done
Polishing map...
score = -922.6686433685568
score = -920.0438455347953
score = -920.0438455347953
score = -920.0438455347953
Iteration 6 of 6
884884288488421 done
Polishing map...
score = -926.2726163234911
score = -920.0438455347953
score = -920.0438455347953
score = -920.0438455347953
Final score = -920.0438455347953
Setting dataScale to 0.782608695652174 all likelihoods will be multiplied by 1.2777777777777777
logL = -920.0438455347953
number of recombinations = 63.0 logL = -920.0438455347953
Individual	V	P14459_103_S3	recombines	1	times
Individual	V	P14459_104_S4	recombines	1	times
Individual	V	P14459_105_S5	recombines	1	times
Individual	V	P14459_106_S6	recombines	1	times
Individual	V	P14459_108_S8	recombines	1	times
Individual	V	P14459_109_S9	recombines	1	times
Individual	V	P14459_110_S10	recombines	1	times
Individual	V	P14459_112_S12	recombines	1	times
Individual	V	P14459_113_S13	recombines	1	times
Individual	V	P14459_114_S14	recombines	1	times
Individual	V	P14459_115_S15	recombines	1	times
Individual	V	P14459_116_S16	recombines	1	times
Individual	V	P14459_119_S19	recombines	1	times
Individual	V	P14459_120_S20	recombines	1	times
Individual	V	P14459_122_S22	recombines	1	times
Individual	V	P14459_124_S24	recombines	1	times
Individual	V	P14459_125_S25	recombines	1	times
Individual	V	P14459_126_S26	recombines	1	times
Individual	V	P14459_127_S27	recombines	1	times
Individual	V	P14459_129_S29	recombines	1	times
Individual	V	P14459_130_S30	recombines	1	times
Individual	V	P14459_131_S31	recombines	1	times
Individual	V	P14459_132_S32	recombines	1	times
Individual	V	P14459_134_S34	recombines	1	times
Individual	V	P14459_136_S36	recombines	1	times
Individual	V	P14459_137_S37	recombines	1	times
Individual	V	P14459_138_S38	recombines	1	times
Individual	V	P14459_139_S39	recombines	1	times
Individual	V	P14459_140_S40	recombines	1	times
Individual	V	P14459_141_S41	recombines	1	times
Individual	V	P14459_144_S44	recombines	1	times
Individual	V	P14459_145_S45	recombines	1	times
Individual	V	P14459_146_S46	recombines	1	times
Individual	V	P14459_148_S48	recombines	1	times
Individual	V	P14459_150_S50	recombines	1	times
Individual	V	P14459_152_S52	recombines	1	times
Individual	V	P14459_154_S54	recombines	1	times
Individual	V	P14459_155_S55	recombines	1	times
Individual	V	P14459_157_S57	recombines	1	times
Individual	V	P14459_159_S59	recombines	1	times
Individual	V	P14459_160_S60	recombines	1	times
Individual	V	P14459_161_S61	recombines	1	times
Individual	V	P14459_162_S62	recombines	1	times
Individual	V	P14459_164_S64	recombines	1	times
Individual	V	P14459_166_S66	recombines	1	times
Individual	V	P14459_167_S67	recombines	1	times
Individual	V	P14459_169_S69	recombines	1	times
Individual	V	P14459_170_S70	recombines	1	times
Individual	V	P14459_171_S71	recombines	1	times
Individual	V	P14459_173_S73	recombines	1	times
Individual	V	P14459_174_S74	recombines	1	times
Individual	V	P14459_176_S76	recombines	1	times
Individual	V	P14459_177_S77	recombines	1	times
Individual	V	P14459_178_S78	recombines	1	times
Individual	V	P14459_179_S79	recombines	1	times
Individual	V	P14459_181_S81	recombines	1	times
Individual	V	P14459_182_S82	recombines	1	times
Individual	V	P14459_183_S83	recombines	1	times
Individual	V	P14459_184_S84	recombines	1	times
Individual	V	P14459_185_S85	recombines	1	times
Individual	V	P14459_188_S88	recombines	1	times
Individual	V	P14459_191_S91	recombines	1	times
Individual	V	P14459_194_S94	recombines	1	times
#*** LG = 0 likelihood = -920.0438
#marker_number	male_position	female_position	( 0.0 )[	phased data]
23493	0.000	0.000	( 0 )	000111011011100011110101100000100100101101110110011111111010100001111000100110101101001011000000000000000000000000000000000000000000000000000000000000000000000000000000000000000000 0 0
24393	14.868	0.000	( 0 )	000011001011100010111101100000100110100110110100011111111010110011111000100110001101001001000000000000000000000000000000000000000000000000000000000000000000000000000000000000000000 13 0
24430	15.979	0.000	( 0 )	000011001011100010111101100000100110100110110100011111111010110011111000100010001101001001000000000000000000000000000000000000000000000000000000000000000000000000000000000000000000 1 0
24388	15.979	0.000	( 0 )	000011001011100010111101100000100110100110110100011111111010110011111000100010001101001001000000000000000000000000000000000000000000000000000000000000000000000000000000000000000000 0 0
24363	17.090	0.000	( 0 )	000011001011100010111101100000100110100110110100011111101010110011111000100010001101001001000000000000000000000000000000000000000000000000000000000000000000000000000000000000000000 1 0
24310	17.090	0.000	( 0 )	000011001011100010111101100000100110100110110100011111101010110011111000100010001101001001000000000000000000000000000000000000000000000000000000000000000000000000000000000000000000 0 0
24309	17.090	0.000	( 0 )	000011001011100010111101100000100110100110110100011111101010110011111000100010001101001001000000000000000000000000000000000000000000000000000000000000000000000000000000000000000000 0 0
24294	19.314	0.000	( 0 )	000011001011100010111101100000100110100110110100011011101010110011011000100010001101001001000000000000000000000000000000000000000000000000000000000000000000000000000000000000000000 2 0
24295	19.314	0.000	( 0 )	000011001011100010111101100000100110100110110100011011101010110011011000100010001101001001000000000000000000000000000000000000000000000000000000000000000000000000000000000000000000 0 0
24275	20.425	0.000	( 0 )	000011001011100010111101100000100110100110110100011011101010110011011010100010001101001001000000000000000000000000000000000000000000000000000000000000000000000000000000000000000000 1 0
24285	20.425	0.000	( 0 )	000011001011100010111101100000100110100110110100011011101010110011011010100010001101001001000000000000000000000000000000000000000000000000000000000000000000000000000000000000000000 0 0
24267	20.425	0.000	( 0 )	000011001011100010111101100000100110100110110100011011101010110011011010100010001101001001000000000000000000000000000000000000000000000000000000000000000000000000000000000000000000 0 0
24281	20.425	0.000	( 0 )	000011001011100010111101100000100110100110110100011011101010110011011010100010001101001001000000000000000000000000000000000000000000000000000000000000000000000000000000000000000000 0 0
24264	21.537	0.000	( 0 )	000011001011100010111101100000100110100110110100011011101010110011011010100010011101001001000000000000000000000000000000000000000000000000000000000000000000000000000000000000000000 1 0
24201	24.875	0.000	( 0 )	000011001011010010111101100000100110100110110100011011101010110011011010100000011101001001000000000000000000000000000000000000000000000000000000000000000000000000000000000000000000 3 0
24195	24.875	0.000	( 0 )	000011001011010010111101100000100110100110110100011011101010110011011010100000011101001001000000000000000000000000000000000000000000000000000000000000000000000000000000000000000000 0 0
24146	24.875	0.000	( 0 )	000011001011010010111101100000100110100110110100011011101010110011011010100000011101001001000000000000000000000000000000000000000000000000000000000000000000000000000000000000000000 0 0
24200	24.875	0.000	( 0 )	000011001011010010111101100000100110100110110100011011101010110011011010100000011101001001000000000000000000000000000000000000000000000000000000000000000000000000000000000000000000 0 0
24221	24.875	0.000	( 0 )	000011001011010010111101100000100110100110110100011011101010110011011010100000011101001001000000000000000000000000000000000000000000000000000000000000000000000000000000000000000000 0 0
24196	24.875	0.000	( 0 )	000011001011010010111101100000100110100110110100011011101010110011011010100000011101001001000000000000000000000000000000000000000000000000000000000000000000000000000000000000000000 0 0
24145	24.875	0.000	( 0 )	000011001011010010111101100000100110100110110100011011101010110011011010100000011101001001000000000000000000000000000000000000000000000000000000000000000000000000000000000000000000 0 0
24114	29.331	0.000	( 0 )	000011001010010010111111100000100110110110110100011011101010010011011010100000011101001001000000000000000000000000000000000000000000000000000000000000000000000000000000000000000000 4 0
24092	29.331	0.000	( 0 )	000011001010010010111111100000100110110110110100011011101010010011011010100000011101001001000000000000000000000000000000000000000000000000000000000000000000000000000000000000000000 0 0
24113	29.331	0.000	( 0 )	000011001010010010111111100000100110110110110100011011101010010011011010100000011101001001000000000000000000000000000000000000000000000000000000000000000000000000000000000000000000 0 0
24088	29.331	0.000	( 0 )	000011001010010010111111100000100110110110110100011011101010010011011010100000011101001001000000000000000000000000000000000000000000000000000000000000000000000000000000000000000000 0 0
24116	29.331	0.000	( 0 )	000011001010010010111111100000100110110110110100011011101010010011011010100000011101001001000000000000000000000000000000000000000000000000000000000000000000000000000000000000000000 0 0
24093	29.331	0.000	( 0 )	000011001010010010111111100000100110110110110100011011101010010011011010100000011101001001000000000000000000000000000000000000000000000000000000000000000000000000000000000000000000 0 0
24064	30.442	0.000	( 0 )	000011001010010010111111100000100110010110110100011011101010010011011010100000011101001001000000000000000000000000000000000000000000000000000000000000000000000000000000000000000000 1 0
24073	30.442	0.000	( 0 )	000011001010010010111111100000100110010110110100011011101010010011011010100000011101001001000000000000000000000000000000000000000000000000000000000000000000000000000000000000000000 0 0
24063	30.442	0.000	( 0 )	000011001010010010111111100000100110010110110100011011101010010011011010100000011101001001000000000000000000000000000000000000000000000000000000000000000000000000000000000000000000 0 0
24072	30.442	0.000	( 0 )	000011001010010010111111100000100110010110110100011011101010010011011010100000011101001001000000000000000000000000000000000000000000000000000000000000000000000000000000000000000000 0 0
24053	31.554	0.000	( 0 )	000011001010010010111111100000100110010110110100011011101110010011011010100000011101001001000000000000000000000000000000000000000000000000000000000000000000000000000000000000000000 1 0
24052	31.554	0.000	( 0 )	000011001010010010111111100000100110010110110100011011101110010011011010100000011101001001000000000000000000000000000000000000000000000000000000000000000000000000000000000000000000 0 0
24000	32.665	0.000	( 0 )	000011001010010010111110100000100110010110110100011011101110010011011010100000011101001001000000000000000000000000000000000000000000000000000000000000000000000000000000000000000000 1 0
24001	32.665	0.000	( 0 )	000011001010010010111110100000100110010110110100011011101110010011011010100000011101001001000000000000000000000000000000000000000000000000000000000000000000000000000000000000000000 0 0
23899	37.121	0.000	( 0 )	000011001010010010111110100110100110010110110100011011101110010010011010100001011101001001000000000000000000000000000000000000000000000000000000000000000000000000000000000000000000 4 0
23903	37.121	0.000	( 0 )	000011001010010010111110100110100110010110110100011011101110010010011010100001011101001001000000000000000000000000000000000000000000000000000000000000000000000000000000000000000000 0 0
23935	37.121	0.000	( 0 )	000011001010010010111110100110100110010110110100011011101110010010011010100001011101001001000000000000000000000000000000000000000000000000000000000000000000000000000000000000000000 0 0
23893	37.121	0.000	( 0 )	000011001010010010111110100110100110010110110100011011101110010010011010100001011101001001000000000000000000000000000000000000000000000000000000000000000000000000000000000000000000 0 0
23936	37.121	0.000	( 0 )	000011001010010010111110100110100110010110110100011011101110010010011010100001011101001001000000000000000000000000000000000000000000000000000000000000000000000000000000000000000000 0 0
23901	37.121	0.000	( 0 )	000011001010010010111110100110100110010110110100011011101110010010011010100001011101001001000000000000000000000000000000000000000000000000000000000000000000000000000000000000000000 0 0
23928	37.121	0.000	( 0 )	000011001010010010111110100110100110010110110100011011101110010010011010100001011101001001000000000000000000000000000000000000000000000000000000000000000000000000000000000000000000 0 0
23934	37.121	0.000	( 0 )	000011001010010010111110100110100110010110110100011011101110010010011010100001011101001001000000000000000000000000000000000000000000000000000000000000000000000000000000000000000000 0 0
23900	37.121	0.000	( 0 )	000011001010010010111110100110100110010110110100011011101110010010011010100001011101001001000000000000000000000000000000000000000000000000000000000000000000000000000000000000000000 0 0
23902	37.121	0.000	( 0 )	000011001010010010111110100110100110010110110100011011101110010010011010100001011101001001000000000000000000000000000000000000000000000000000000000000000000000000000000000000000000 0 0
23894	37.121	0.000	( 0 )	000011001010010010111110100110100110010110110100011011101110010010011010100001011101001001000000000000000000000000000000000000000000000000000000000000000000000000000000000000000000 0 0
23929	37.121	0.000	( 0 )	000011001010010010111110100110100110010110110100011011101110010010011010100001011101001001000000000000000000000000000000000000000000000000000000000000000000000000000000000000000000 0 0
23873	39.345	0.000	( 0 )	000011001010010010111110100110100010010110110100011011101110010010011010110001011101001001000000000000000000000000000000000000000000000000000000000000000000000000000000000000000000 2 0
23837	39.345	0.000	( 0 )	000011001010010010111110100110100010010110110100011011101110010010011010110001011101001001000000000000000000000000000000000000000000000000000000000000000000000000000000000000000000 0 0
23876	39.345	0.000	( 0 )	000011001010010010111110100110100010010110110100011011101110010010011010110001011101001001000000000000000000000000000000000000000000000000000000000000000000000000000000000000000000 0 0
23845	39.345	0.000	( 0 )	000011001010010010111110100110100010010110110100011011101110010010011010110001011101001001000000000000000000000000000000000000000000000000000000000000000000000000000000000000000000 0 0
23872	39.345	0.000	( 0 )	000011001010010010111110100110100010010110110100011011101110010010011010110001011101001001000000000000000000000000000000000000000000000000000000000000000000000000000000000000000000 0 0
23875	39.345	0.000	( 0 )	000011001010010010111110100110100010010110110100011011101110010010011010110001011101001001000000000000000000000000000000000000000000000000000000000000000000000000000000000000000000 0 0
23820	39.345	0.000	( 0 )	000011001010010010111110100110100010010110110100011011101110010010011010110001011101001001000000000000000000000000000000000000000000000000000000000000000000000000000000000000000000 0 0
23874	39.345	0.000	( 0 )	000011001010010010111110100110100010010110110100011011101110010010011010110001011101001001000000000000000000000000000000000000000000000000000000000000000000000000000000000000000000 0 0
23843	39.345	0.000	( 0 )	000011001010010010111110100110100010010110110100011011101110010010011010110001011101001001000000000000000000000000000000000000000000000000000000000000000000000000000000000000000000 0 0
23821	39.345	0.000	( 0 )	000011001010010010111110100110100010010110110100011011101110010010011010110001011101001001000000000000000000000000000000000000000000000000000000000000000000000000000000000000000000 0 0
23842	39.345	0.000	( 0 )	000011001010010010111110100110100010010110110100011011101110010010011010110001011101001001000000000000000000000000000000000000000000000000000000000000000000000000000000000000000000 0 0
23822	39.345	0.000	( 0 )	000011001010010010111110100110100010010110110100011011101110010010011010110001011101001001000000000000000000000000000000000000000000000000000000000000000000000000000000000000000000 0 0
23846	39.345	0.000	( 0 )	000011001010010010111110100110100010010110110100011011101110010010011010110001011101001001000000000000000000000000000000000000000000000000000000000000000000000000000000000000000000 0 0
23840	39.345	0.000	( 0 )	000011001010010010111110100110100010010110110100011011101110010010011010110001011101001001000000000000000000000000000000000000000000000000000000000000000000000000000000000000000000 0 0
23839	39.345	0.000	( 0 )	000011001010010010111110100110100010010110110100011011101110010010011010110001011101001001000000000000000000000000000000000000000000000000000000000000000000000000000000000000000000 0 0
23806	40.456	0.000	( 0 )	000011001010010010111110100111100010010110110100011011101110010010011010110001011101001001000000000000000000000000000000000000000000000000000000000000000000000000000000000000000000 1 0
23797	43.794	0.000	( 0 )	000011101010010010011110100111100010010110110100011010101110010010011010110001011101001001000000000000000000000000000000000000000000000000000000000000000000000000000000000000000000 3 0
23793	43.794	0.000	( 0 )	000011101010010010011110100111100010010110110100011010101110010010011010110001011101001001000000000000000000000000000000000000000000000000000000000000000000000000000000000000000000 0 0
23798	43.794	0.000	( 0 )	000011101010010010011110100111100010010110110100011010101110010010011010110001011101001001000000000000000000000000000000000000000000000000000000000000000000000000000000000000000000 0 0
23790	43.794	0.000	( 0 )	000011101010010010011110100111100010010110110100011010101110010010011010110001011101001001000000000000000000000000000000000000000000000000000000000000000000000000000000000000000000 0 0
23716	43.794	0.000	( 0 )	000011101010010010011110100111100010010110110100011010101110010010011010110001011101001001000000000000000000000000000000000000000000000000000000000000000000000000000000000000000000 0 0
23789	43.794	0.000	( 0 )	000011101010010010011110100111100010010110110100011010101110010010011010110001011101001001000000000000000000000000000000000000000000000000000000000000000000000000000000000000000000 0 0
23718	43.794	0.000	( 0 )	000011101010010010011110100111100010010110110100011010101110010010011010110001011101001001000000000000000000000000000000000000000000000000000000000000000000000000000000000000000000 0 0
23750	44.906	0.000	( 0 )	010011101010010010011110100111100010010110110100011010101110010010011010110001011101001001000000000000000000000000000000000000000000000000000000000000000000000000000000000000000000 1 0
23759	44.906	0.000	( 0 )	010011101010010010011110100111100010010110110100011010101110010010011010110001011101001001000000000000000000000000000000000000000000000000000000000000000000000000000000000000000000 0 0
23777	44.906	0.000	( 0 )	010011101010010010011110100111100010010110110100011010101110010010011010110001011101001001000000000000000000000000000000000000000000000000000000000000000000000000000000000000000000 0 0
23740	44.906	0.000	( 0 )	010011101010010010011110100111100010010110110100011010101110010010011010110001011101001001000000000000000000000000000000000000000000000000000000000000000000000000000000000000000000 0 0
23765	46.017	0.000	( 0 )	010011101010010010011110100111100010010110110100011010101110010010010010110001011101001001000000000000000000000000000000000000000000000000000000000000000000000000000000000000000000 1 0
23752	46.017	0.000	( 0 )	010011101010010010011110100111100010010110110100011010101110010010010010110001011101001001000000000000000000000000000000000000000000000000000000000000000000000000000000000000000000 0 0
23773	46.017	0.000	( 0 )	010011101010010010011110100111100010010110110100011010101110010010010010110001011101001001000000000000000000000000000000000000000000000000000000000000000000000000000000000000000000 0 0
23758	46.017	0.000	( 0 )	010011101010010010011110100111100010010110110100011010101110010010010010110001011101001001000000000000000000000000000000000000000000000000000000000000000000000000000000000000000000 0 0
23774	46.017	0.000	( 0 )	010011101010010010011110100111100010010110110100011010101110010010010010110001011101001001000000000000000000000000000000000000000000000000000000000000000000000000000000000000000000 0 0
23775	46.017	0.000	( 0 )	010011101010010010011110100111100010010110110100011010101110010010010010110001011101001001000000000000000000000000000000000000000000000000000000000000000000000000000000000000000000 0 0
23769	46.017	0.000	( 0 )	010011101010010010011110100111100010010110110100011010101110010010010010110001011101001001000000000000000000000000000000000000000000000000000000000000000000000000000000000000000000 0 0
23776	46.017	0.000	( 0 )	010011101010010010011110100111100010010110110100011010101110010010010010110001011101001001000000000000000000000000000000000000000000000000000000000000000000000000000000000000000000 0 0
23737	48.241	0.000	( 0 )	010001101010010010011110100111100010010110110100011010101100010010010010110001011101001001000000000000000000000000000000000000000000000000000000000000000000000000000000000000000000 2 0
23549	59.540	0.000	( 0 )	011001100010010010011110110111010010010110111100011010101100011010010010010001011111011001000000000000000000000000000000000000000000000000000000000000000000000000000000000000000000 10 0
23547	59.540	0.000	( 0 )	011001100010010010011110110111010010010110111100011010101100011010010010010001011111011001000000000000000000000000000000000000000000000000000000000000000000000000000000000000000000 0 0
23579	60.652	0.000	( 0 )	011001100010011010011110110111010010010110111100011010101100011010010010010001011111011001000000000000000000000000000000000000000000000000000000000000000000000000000000000000000000 1 0
23587	60.652	0.000	( 0 )	011001100010011010011110110111010010010110111100011010101100011010010010010001011111011001000000000000000000000000000000000000000000000000000000000000000000000000000000000000000000 0 0
23586	60.652	0.000	( 0 )	011001100010011010011110110111010010010110111100011010101100011010010010010001011111011001000000000000000000000000000000000000000000000000000000000000000000000000000000000000000000 0 0
23551	60.652	0.000	( 0 )	011001100010011010011110110111010010010110111100011010101100011010010010010001011111011001000000000000000000000000000000000000000000000000000000000000000000000000000000000000000000 0 0
23576	60.652	0.000	( 0 )	011001100010011010011110110111010010010110111100011010101100011010010010010001011111011001000000000000000000000000000000000000000000000000000000000000000000000000000000000000000000 0 0
23583	60.652	0.000	( 0 )	011001100010011010011110110111010010010110111100011010101100011010010010010001011111011001000000000000000000000000000000000000000000000000000000000000000000000000000000000000000000 0 0
23581	60.652	0.000	( 0 )	011001100010011010011110110111010010010110111100011010101100011010010010010001011111011001000000000000000000000000000000000000000000000000000000000000000000000000000000000000000000 0 0
23573	60.652	0.000	( 0 )	011001100010011010011110110111010010010110111100011010101100011010010010010001011111011001000000000000000000000000000000000000000000000000000000000000000000000000000000000000000000 0 0
23585	60.652	0.000	( 0 )	011001100010011010011110110111010010010110111100011010101100011010010010010001011111011001000000000000000000000000000000000000000000000000000000000000000000000000000000000000000000 0 0
23584	60.652	0.000	( 0 )	011001100010011010011110110111010010010110111100011010101100011010010010010001011111011001000000000000000000000000000000000000000000000000000000000000000000000000000000000000000000 0 0
23572	60.652	0.000	( 0 )	011001100010011010011110110111010010010110111100011010101100011010010010010001011111011001000000000000000000000000000000000000000000000000000000000000000000000000000000000000000000 0 0
23582	60.652	0.000	( 0 )	011001100010011010011110110111010010010110111100011010101100011010010010010001011111011001000000000000000000000000000000000000000000000000000000000000000000000000000000000000000000 0 0
23521	62.875	0.000	( 0 )	011001100010011010011110110111010011010110111100011010101100011010010011010001011111011001000000000000000000000000000000000000000000000000000000000000000000000000000000000000000000 2 0
23479	62.875	0.000	( 0 )	011001100010011010011110110111010011010110111100011010101100011010010011010001011111011001000000000000000000000000000000000000000000000000000000000000000000000000000000000000000000 0 0
23516	62.875	0.000	( 0 )	011001100010011010011110110111010011010110111100011010101100011010010011010001011111011001000000000000000000000000000000000000000000000000000000000000000000000000000000000000000000 0 0
23502	62.875	0.000	( 0 )	011001100010011010011110110111010011010110111100011010101100011010010011010001011111011001000000000000000000000000000000000000000000000000000000000000000000000000000000000000000000 0 0
23529	62.875	0.000	( 0 )	011001100010011010011110110111010011010110111100011010101100011010010011010001011111011001000000000000000000000000000000000000000000000000000000000000000000000000000000000000000000 0 0
23522	62.875	0.000	( 0 )	011001100010011010011110110111010011010110111100011010101100011010010011010001011111011001000000000000000000000000000000000000000000000000000000000000000000000000000000000000000000 0 0
23517	62.875	0.000	( 0 )	011001100010011010011110110111010011010110111100011010101100011010010011010001011111011001000000000000000000000000000000000000000000000000000000000000000000000000000000000000000000 0 0
23473	62.875	0.000	( 0 )	011001100010011010011110110111010011010110111100011010101100011010010011010001011111011001000000000000000000000000000000000000000000000000000000000000000000000000000000000000000000 0 0
23478	62.875	0.000	( 0 )	011001100010011010011110110111010011010110111100011010101100011010010011010001011111011001000000000000000000000000000000000000000000000000000000000000000000000000000000000000000000 0 0
23518	62.875	0.000	( 0 )	011001100010011010011110110111010011010110111100011010101100011010010011010001011111011001000000000000000000000000000000000000000000000000000000000000000000000000000000000000000000 0 0
23476	62.875	0.000	( 0 )	011001100010011010011110110111010011010110111100011010101100011010010011010001011111011001000000000000000000000000000000000000000000000000000000000000000000000000000000000000000000 0 0
23422	67.331	0.000	( 0 )	011001100010011010011110010111010011010110111100110010100100011010010011010001011111011001000000000000000000000000000000000000000000000000000000000000000000000000000000000000000000 4 0
23420	67.331	0.000	( 0 )	011001100010011010011110010111010011010110111100110010100100011010010011010001011111011001000000000000000000000000000000000000000000000000000000000000000000000000000000000000000000 0 0
23400	68.443	0.000	( 0 )	011001100010011010011110010111010011010110111100110010100100011010010111010001011111011001000000000000000000000000000000000000000000000000000000000000000000000000000000000000000000 1 0
23399	68.443	0.000	( 0 )	011001100010011010011110010111010011010110111100110010100100011010010111010001011111011001000000000000000000000000000000000000000000000000000000000000000000000000000000000000000000 0 0
23409	68.443	0.000	( 0 )	011001100010011010011110010111010011010110111100110010100100011010010111010001011111011001000000000000000000000000000000000000000000000000000000000000000000000000000000000000000000 0 0
23396	68.443	0.000	( 0 )	011001100010011010011110010111010011010110111100110010100100011010010111010001011111011001000000000000000000000000000000000000000000000000000000000000000000000000000000000000000000 0 0
23393	70.666	0.000	( 0 )	011001100000011010011110010111010011010110011100110010100100011010010111010001011111011001000000000000000000000000000000000000000000000000000000000000000000000000000000000000000000 2 0
