#java OrderMarkers2 data=- evaluateOrder=reordermarkers/iterations/ordered.8.1 useKosambi=1 numThreads=4 calculateIntervals=intervals/ordered.8.intervals randSeed=-4945831747573959094
Loading file
No grandparents present in family V
Number of individuals = 92
Number of families = 1
File loaded with 31656 SNPs
Number of individuals = 92 excluding grandparents
Number of families = 1
Number of markers = 159
Setting dataScale to 0.5660377358490566 all likelihoods will be multiplied by 1.7666666666666666
Initial score = -974.8232440520644
Iteration 1 of 6
884884288488421 done
Polishing map...
score = -985.2621026621765
score = -984.8769613491005
score = -984.4917298839993
score = -984.4917298839993
Iteration 2 of 6
884884288488421 done
Polishing map...
score = -984.8769613491005
score = -984.8769613491005
score = -984.4917298839993
score = -984.4917298839993
Iteration 3 of 6
884884288488421 done
Polishing map...
score = -1053.7459158388758
score = -1045.7334213329336
score = -1015.7724521828674
score = -1014.6944972945236
Iteration 4 of 6
884884288488421 done
Polishing map...
score = -1040.337172755399
score = -1033.705741063367
score = -1017.3224834045872
score = -1017.3224834045872
Iteration 5 of 6
884884288488421 done
Polishing map...
score = -1014.3093559516452
score = -1014.3093559516452
score = -1014.3093559516452
score = -1014.3093559516452
Iteration 6 of 6
884884288488421 done
Polishing map...
score = -1014.3093559516452
score = -1014.3093559516452
score = -1014.3093559516452
score = -1014.3093559516452
Final score = -974.8232440520644
Setting dataScale to 0.5660377358490566 all likelihoods will be multiplied by 1.7666666666666666
logL = -974.8232440520644
number of recombinations = 37.0 logL = -974.8232440520644
Individual	V	P14459_103_S3	recombines	1	times
Individual	V	P14459_107_S7	recombines	1	times
Individual	V	P14459_112_S12	recombines	1	times
Individual	V	P14459_115_S15	recombines	1	times
Individual	V	P14459_116_S16	recombines	1	times
Individual	V	P14459_117_S17	recombines	1	times
Individual	V	P14459_118_S18	recombines	1	times
Individual	V	P14459_119_S19	recombines	1	times
Individual	V	P14459_121_S21	recombines	1	times
Individual	V	P14459_126_S26	recombines	1	times
Individual	V	P14459_135_S35	recombines	1	times
Individual	V	P14459_136_S36	recombines	1	times
Individual	V	P14459_137_S37	recombines	1	times
Individual	V	P14459_139_S39	recombines	1	times
Individual	V	P14459_150_S50	recombines	1	times
Individual	V	P14459_157_S57	recombines	1	times
Individual	V	P14459_158_S58	recombines	1	times
Individual	V	P14459_159_S59	recombines	2	times
Individual	V	P14459_160_S60	recombines	1	times
Individual	V	P14459_161_S61	recombines	1	times
Individual	V	P14459_166_S66	recombines	1	times
Individual	V	P14459_168_S68	recombines	1	times
Individual	V	P14459_172_S72	recombines	1	times
Individual	V	P14459_176_S76	recombines	1	times
Individual	V	P14459_178_S78	recombines	1	times
Individual	V	P14459_180_S80	recombines	1	times
Individual	V	P14459_181_S81	recombines	1	times
Individual	V	P14459_183_S83	recombines	1	times
Individual	V	P14459_185_S85	recombines	1	times
Individual	V	P14459_187_S87	recombines	1	times
Individual	V	P14459_188_S88	recombines	1	times
Individual	V	P14459_190_S90	recombines	1	times
Individual	V	P14459_191_S91	recombines	1	times
Individual	V	P14459_192_S92	recombines	1	times
Individual	V	P14459_193_S93	recombines	1	times
Individual	V	P14459_194_S94	recombines	1	times
#*** LG = 0 likelihood = -974.8232
#marker_number	male_position	female_position	( 0.0 )[	phased data]
3080	0.000	0.000	( 0 )	011011101001101000100110000011111100110001101001010100000111001111110100001010100010100111000000000000000000000000000000000000000000000000000000000000000000000000000000000000000000 0 0
3080	0.000	0.000	( 0 )	011011101001101000100110000011111100110001101001010100000111001111110100001010100010100111000000000000000000000000000000000000000000000000000000000000000000000000000000000000000000 0 0
3076	0.000	0.000	( 0 )	011011101001101000100110000011111100110001101001010100000111001111110100001010100010100111000000000000000000000000000000000000000000000000000000000000000000000000000000000000000000 0 0
3077	0.000	0.000	( 0 )	011011101001101000100110000011111100110001101001010100000111001111110100001010100010100111000000000000000000000000000000000000000000000000000000000000000000000000000000000000000000 0 0
3081	0.000	0.000	( 0 )	011011101001101000100110000011111100110001101001010100000111001111110100001010100010100111000000000000000000000000000000000000000000000000000000000000000000000000000000000000000000 0 0
3078	0.000	0.000	( 0 )	011011101001101000100110000011111100110001101001010100000111001111110100001010100010100111000000000000000000000000000000000000000000000000000000000000000000000000000000000000000000 0 0
3079	0.000	0.000	( 0 )	011011101001101000100110000011111100110001101001010100000111001111110100001010100010100111000000000000000000000000000000000000000000000000000000000000000000000000000000000000000000 0 0
3082	1.111	0.000	( 0 )	011011101001101000100110000011111100110001101011010100000111001111110100001010100010100111000000000000000000000000000000000000000000000000000000000000000000000000000000000000000000 1 0
2999	2.223	0.000	( 0 )	011011101001101000100110000011111100110001101011010100010111001111110100001010100010100111000000000000000000000000000000000000000000000000000000000000000000000000000000000000000000 1 0
3058	2.223	0.000	( 0 )	011011101001101000100110000011111100110001101011010100010111001111110100001010100010100111000000000000000000000000000000000000000000000000000000000000000000000000000000000000000000 0 0
3031	3.334	0.000	( 0 )	011011101011101000100110000011111100110001101011010100010111001111110100001010100010100111000000000000000000000000000000000000000000000000000000000000000000000000000000000000000000 1 0
3033	3.334	0.000	( 0 )	011011101011101000100110000011111100110001101011010100010111001111110100001010100010100111000000000000000000000000000000000000000000000000000000000000000000000000000000000000000000 0 0
3006	3.334	0.000	( 0 )	011011101011101000100110000011111100110001101011010100010111001111110100001010100010100111000000000000000000000000000000000000000000000000000000000000000000000000000000000000000000 0 0
2964	4.445	0.000	( 0 )	011011101011101000100110000011111100110001101011010100010111001111110100001110100010100111000000000000000000000000000000000000000000000000000000000000000000000000000000000000000000 1 0
3032	4.445	0.000	( 0 )	011011101011101000100110000011111100110001101011010100010111001111110100001110100010100111000000000000000000000000000000000000000000000000000000000000000000000000000000000000000000 0 0
3008	4.445	0.000	( 0 )	011011101011101000100110000011111100110001101011010100010111001111110100001110100010100111000000000000000000000000000000000000000000000000000000000000000000000000000000000000000000 0 0
2962	4.445	0.000	( 0 )	011011101011101000100110000011111100110001101011010100010111001111110100001110100010100111000000000000000000000000000000000000000000000000000000000000000000000000000000000000000000 0 0
3034	4.445	0.000	( 0 )	011011101011101000100110000011111100110001101011010100010111001111110100001110100010100111000000000000000000000000000000000000000000000000000000000000000000000000000000000000000000 0 0
2932	4.445	0.000	( 0 )	011011101011101000100110000011111100110001101011010100010111001111110100001110100010100111000000000000000000000000000000000000000000000000000000000000000000000000000000000000000000 0 0
2965	4.445	0.000	( 0 )	011011101011101000100110000011111100110001101011010100010111001111110100001110100010100111000000000000000000000000000000000000000000000000000000000000000000000000000000000000000000 0 0
2933	4.445	0.000	( 0 )	011011101011101000100110000011111100110001101011010100010111001111110100001110100010100111000000000000000000000000000000000000000000000000000000000000000000000000000000000000000000 0 0
3061	4.445	0.000	( 0 )	011011101011101000100110000011111100110001101011010100010111001111110100001110100010100111000000000000000000000000000000000000000000000000000000000000000000000000000000000000000000 0 0
2888	5.556	0.000	( 0 )	011011101011101000100110000011111100110001101011010100010111001111100100001110100010100111000000000000000000000000000000000000000000000000000000000000000000000000000000000000000000 1 0
2973	5.556	0.000	( 0 )	011011101011101000100110000011111100110001101011010100010111001111100100001110100010100111000000000000000000000000000000000000000000000000000000000000000000000000000000000000000000 0 0
3053	5.556	0.000	( 0 )	011011101011101000100110000011111100110001101011010100010111001111100100001110100010100111000000000000000000000000000000000000000000000000000000000000000000000000000000000000000000 0 0
2974	5.556	0.000	( 0 )	011011101011101000100110000011111100110001101011010100010111001111100100001110100010100111000000000000000000000000000000000000000000000000000000000000000000000000000000000000000000 0 0
3047	5.556	0.000	( 0 )	011011101011101000100110000011111100110001101011010100010111001111100100001110100010100111000000000000000000000000000000000000000000000000000000000000000000000000000000000000000000 0 0
2967	5.556	0.000	( 0 )	011011101011101000100110000011111100110001101011010100010111001111100100001110100010100111000000000000000000000000000000000000000000000000000000000000000000000000000000000000000000 0 0
2889	5.556	0.000	( 0 )	011011101011101000100110000011111100110001101011010100010111001111100100001110100010100111000000000000000000000000000000000000000000000000000000000000000000000000000000000000000000 0 0
2966	5.556	0.000	( 0 )	011011101011101000100110000011111100110001101011010100010111001111100100001110100010100111000000000000000000000000000000000000000000000000000000000000000000000000000000000000000000 0 0
2963	5.556	0.000	( 0 )	011011101011101000100110000011111100110001101011010100010111001111100100001110100010100111000000000000000000000000000000000000000000000000000000000000000000000000000000000000000000 0 0
2975	5.556	0.000	( 0 )	011011101011101000100110000011111100110001101011010100010111001111100100001110100010100111000000000000000000000000000000000000000000000000000000000000000000000000000000000000000000 0 0
3012	5.556	0.000	( 0 )	011011101011101000100110000011111100110001101011010100010111001111100100001110100010100111000000000000000000000000000000000000000000000000000000000000000000000000000000000000000000 0 0
3171	7.780	0.000	( 0 )	011011101011100000100110000011111100110001101011010100010111001111100100101110100010100111000000000000000000000000000000000000000000000000000000000000000000000000000000000000000000 2 0
3176	7.780	0.000	( 0 )	011011101011100000100110000011111100110001101011010100010111001111100100101110100010100111000000000000000000000000000000000000000000000000000000000000000000000000000000000000000000 0 0
3175	7.780	0.000	( 0 )	011011101011100000100110000011111100110001101011010100010111001111100100101110100010100111000000000000000000000000000000000000000000000000000000000000000000000000000000000000000000 0 0
3145	7.780	0.000	( 0 )	011011101011100000100110000011111100110001101011010100010111001111100100101110100010100111000000000000000000000000000000000000000000000000000000000000000000000000000000000000000000 0 0
3172	7.780	0.000	( 0 )	011011101011100000100110000011111100110001101011010100010111001111100100101110100010100111000000000000000000000000000000000000000000000000000000000000000000000000000000000000000000 0 0
3179	7.780	0.000	( 0 )	011011101011100000100110000011111100110001101011010100010111001111100100101110100010100111000000000000000000000000000000000000000000000000000000000000000000000000000000000000000000 0 0
3188	7.780	0.000	( 0 )	011011101011100000100110000011111100110001101011010100010111001111100100101110100010100111000000000000000000000000000000000000000000000000000000000000000000000000000000000000000000 0 0
3167	7.780	0.000	( 0 )	011011101011100000100110000011111100110001101011010100010111001111100100101110100010100111000000000000000000000000000000000000000000000000000000000000000000000000000000000000000000 0 0
3148	7.780	0.000	( 0 )	011011101011100000100110000011111100110001101011010100010111001111100100101110100010100111000000000000000000000000000000000000000000000000000000000000000000000000000000000000000000 0 0
3260	10.004	0.000	( 0 )	011011101011100000100110000011111100010001101011010100011111001111100100101110100010100111000000000000000000000000000000000000000000000000000000000000000000000000000000000000000000 2 0
3247	10.004	0.000	( 0 )	011011101011100000100110000011111100010001101011010100011111001111100100101110100010100111000000000000000000000000000000000000000000000000000000000000000000000000000000000000000000 0 0
3261	10.004	0.000	( 0 )	011011101011100000100110000011111100010001101011010100011111001111100100101110100010100111000000000000000000000000000000000000000000000000000000000000000000000000000000000000000000 0 0
3259	10.004	0.000	( 0 )	011011101011100000100110000011111100010001101011010100011111001111100100101110100010100111000000000000000000000000000000000000000000000000000000000000000000000000000000000000000000 0 0
3262	10.004	0.000	( 0 )	011011101011100000100110000011111100010001101011010100011111001111100100101110100010100111000000000000000000000000000000000000000000000000000000000000000000000000000000000000000000 0 0
3244	10.004	0.000	( 0 )	011011101011100000100110000011111100010001101011010100011111001111100100101110100010100111000000000000000000000000000000000000000000000000000000000000000000000000000000000000000000 0 0
3286	10.004	0.000	( 0 )	011011101011100000100110000011111100010001101011010100011111001111100100101110100010100111000000000000000000000000000000000000000000000000000000000000000000000000000000000000000000 0 0
3374	12.228	0.000	( 0 )	011011101011110000100110000011111100010001101011010100111111001111100100101110100010100111000000000000000000000000000000000000000000000000000000000000000000000000000000000000000000 2 0
3373	12.228	0.000	( 0 )	011011101011110000100110000011111100010001101011010100111111001111100100101110100010100111000000000000000000000000000000000000000000000000000000000000000000000000000000000000000000 0 0
3328	12.228	0.000	( 0 )	011011101011110000100110000011111100010001101011010100111111001111100100101110100010100111000000000000000000000000000000000000000000000000000000000000000000000000000000000000000000 0 0
3311	12.228	0.000	( 0 )	011011101011110000100110000011111100010001101011010100111111001111100100101110100010100111000000000000000000000000000000000000000000000000000000000000000000000000000000000000000000 0 0
3321	12.228	0.000	( 0 )	011011101011110000100110000011111100010001101011010100111111001111100100101110100010100111000000000000000000000000000000000000000000000000000000000000000000000000000000000000000000 0 0
3297	12.228	0.000	( 0 )	011011101011110000100110000011111100010001101011010100111111001111100100101110100010100111000000000000000000000000000000000000000000000000000000000000000000000000000000000000000000 0 0
3306	12.228	0.000	( 0 )	011011101011110000100110000011111100010001101011010100111111001111100100101110100010100111000000000000000000000000000000000000000000000000000000000000000000000000000000000000000000 0 0
3351	12.228	0.000	( 0 )	011011101011110000100110000011111100010001101011010100111111001111100100101110100010100111000000000000000000000000000000000000000000000000000000000000000000000000000000000000000000 0 0
3295	12.228	0.000	( 0 )	011011101011110000100110000011111100010001101011010100111111001111100100101110100010100111000000000000000000000000000000000000000000000000000000000000000000000000000000000000000000 0 0
3369	12.228	0.000	( 0 )	011011101011110000100110000011111100010001101011010100111111001111100100101110100010100111000000000000000000000000000000000000000000000000000000000000000000000000000000000000000000 0 0
3312	12.228	0.000	( 0 )	011011101011110000100110000011111100010001101011010100111111001111100100101110100010100111000000000000000000000000000000000000000000000000000000000000000000000000000000000000000000 0 0
3382	12.228	0.000	( 0 )	011011101011110000100110000011111100010001101011010100111111001111100100101110100010100111000000000000000000000000000000000000000000000000000000000000000000000000000000000000000000 0 0
3414	12.228	0.000	( 0 )	011011101011110000100110000011111100010001101011010100111111001111100100101110100010100111000000000000000000000000000000000000000000000000000000000000000000000000000000000000000000 0 0
3330	12.228	0.000	( 0 )	011011101011110000100110000011111100010001101011010100111111001111100100101110100010100111000000000000000000000000000000000000000000000000000000000000000000000000000000000000000000 0 0
3418	13.339	0.000	( 0 )	011011101011110000100110000011111100010001101011010100111111001111100100101110100110100111000000000000000000000000000000000000000000000000000000000000000000000000000000000000000000 1 0
3519	13.339	0.000	( 0 )	011011101011110000100110000011111100010001101011010100111111001111100100101110100110100111000000000000000000000000000000000000000000000000000000000000000000000000000000000000000000 0 0
3426	13.339	0.000	( 0 )	011011101011110000100110000011111100010001101011010100111111001111100100101110100110100111000000000000000000000000000000000000000000000000000000000000000000000000000000000000000000 0 0
3440	13.339	0.000	( 0 )	011011101011110000100110000011111100010001101011010100111111001111100100101110100110100111000000000000000000000000000000000000000000000000000000000000000000000000000000000000000000 0 0
3504	13.339	0.000	( 0 )	011011101011110000100110000011111100010001101011010100111111001111100100101110100110100111000000000000000000000000000000000000000000000000000000000000000000000000000000000000000000 0 0
3516	13.339	0.000	( 0 )	011011101011110000100110000011111100010001101011010100111111001111100100101110100110100111000000000000000000000000000000000000000000000000000000000000000000000000000000000000000000 0 0
3437	13.339	0.000	( 0 )	011011101011110000100110000011111100010001101011010100111111001111100100101110100110100111000000000000000000000000000000000000000000000000000000000000000000000000000000000000000000 0 0
3508	13.339	0.000	( 0 )	011011101011110000100110000011111100010001101011010100111111001111100100101110100110100111000000000000000000000000000000000000000000000000000000000000000000000000000000000000000000 0 0
3483	13.339	0.000	( 0 )	011011101011110000100110000011111100010001101011010100111111001111100100101110100110100111000000000000000000000000000000000000000000000000000000000000000000000000000000000000000000 0 0
3518	13.339	0.000	( 0 )	011011101011110000100110000011111100010001101011010100111111001111100100101110100110100111000000000000000000000000000000000000000000000000000000000000000000000000000000000000000000 0 0
3423	13.339	0.000	( 0 )	011011101011110000100110000011111100010001101011010100111111001111100100101110100110100111000000000000000000000000000000000000000000000000000000000000000000000000000000000000000000 0 0
3517	13.339	0.000	( 0 )	011011101011110000100110000011111100010001101011010100111111001111100100101110100110100111000000000000000000000000000000000000000000000000000000000000000000000000000000000000000000 0 0
3490	13.339	0.000	( 0 )	011011101011110000100110000011111100010001101011010100111111001111100100101110100110100111000000000000000000000000000000000000000000000000000000000000000000000000000000000000000000 0 0
3534	13.339	0.000	( 0 )	011011101011110000100110000011111100010001101011010100111111001111100100101110100110100111000000000000000000000000000000000000000000000000000000000000000000000000000000000000000000 0 0
3513	13.339	0.000	( 0 )	011011101011110000100110000011111100010001101011010100111111001111100100101110100110100111000000000000000000000000000000000000000000000000000000000000000000000000000000000000000000 0 0
3553	14.450	0.000	( 0 )	011011101011110000100110000011111000010001101011010100111111001111100100101110100110100111000000000000000000000000000000000000000000000000000000000000000000000000000000000000000000 1 0
3552	14.450	0.000	( 0 )	011011101011110000100110000011111000010001101011010100111111001111100100101110100110100111000000000000000000000000000000000000000000000000000000000000000000000000000000000000000000 0 0
3551	14.450	0.000	( 0 )	011011101011110000100110000011111000010001101011010100111111001111100100101110100110100111000000000000000000000000000000000000000000000000000000000000000000000000000000000000000000 0 0
3547	14.450	0.000	( 0 )	011011101011110000100110000011111000010001101011010100111111001111100100101110100110100111000000000000000000000000000000000000000000000000000000000000000000000000000000000000000000 0 0
3554	14.450	0.000	( 0 )	011011101011110000100110000011111000010001101011010100111111001111100100101110100110100111000000000000000000000000000000000000000000000000000000000000000000000000000000000000000000 0 0
3603	15.561	0.000	( 0 )	011011101011110000100110000011111000010001101011010100111111011111100100101110100110100111000000000000000000000000000000000000000000000000000000000000000000000000000000000000000000 1 0
3634	15.561	0.000	( 0 )	011011101011110000100110000011111000010001101011010100111111011111100100101110100110100111000000000000000000000000000000000000000000000000000000000000000000000000000000000000000000 0 0
3614	15.561	0.000	( 0 )	011011101011110000100110000011111000010001101011010100111111011111100100101110100110100111000000000000000000000000000000000000000000000000000000000000000000000000000000000000000000 0 0
3602	15.561	0.000	( 0 )	011011101011110000100110000011111000010001101011010100111111011111100100101110100110100111000000000000000000000000000000000000000000000000000000000000000000000000000000000000000000 0 0
3631	15.561	0.000	( 0 )	011011101011110000100110000011111000010001101011010100111111011111100100101110100110100111000000000000000000000000000000000000000000000000000000000000000000000000000000000000000000 0 0
3632	15.561	0.000	( 0 )	011011101011110000100110000011111000010001101011010100111111011111100100101110100110100111000000000000000000000000000000000000000000000000000000000000000000000000000000000000000000 0 0
3619	15.561	0.000	( 0 )	011011101011110000100110000011111000010001101011010100111111011111100100101110100110100111000000000000000000000000000000000000000000000000000000000000000000000000000000000000000000 0 0
3617	15.561	0.000	( 0 )	011011101011110000100110000011111000010001101011010100111111011111100100101110100110100111000000000000000000000000000000000000000000000000000000000000000000000000000000000000000000 0 0
3635	15.561	0.000	( 0 )	011011101011110000100110000011111000010001101011010100111111011111100100101110100110100111000000000000000000000000000000000000000000000000000000000000000000000000000000000000000000 0 0
3618	15.561	0.000	( 0 )	011011101011110000100110000011111000010001101011010100111111011111100100101110100110100111000000000000000000000000000000000000000000000000000000000000000000000000000000000000000000 0 0
3669	17.785	0.000	( 0 )	011011101011110000100110000011111000010001101011010100111111011111100100101111100110100011000000000000000000000000000000000000000000000000000000000000000000000000000000000000000000 2 0
3696	17.785	0.000	( 0 )	011011101011110000100110000011111000010001101011010100111111011111100100101111100110100011000000000000000000000000000000000000000000000000000000000000000000000000000000000000000000 0 0
3697	17.785	0.000	( 0 )	011011101011110000100110000011111000010001101011010100111111011111100100101111100110100011000000000000000000000000000000000000000000000000000000000000000000000000000000000000000000 0 0
3722	23.364	0.000	( 0 )	011010101011110000110110000011110000010001101011010100111111011111100100101111110110101011000000000000000000000000000000000000000000000000000000000000000000000000000000000000000000 5 0
3746	23.364	0.000	( 0 )	011010101011110000110110000011110000010001101011010100111111011111100100101111110110101011000000000000000000000000000000000000000000000000000000000000000000000000000000000000000000 0 0
3737	23.364	0.000	( 0 )	011010101011110000110110000011110000010001101011010100111111011111100100101111110110101011000000000000000000000000000000000000000000000000000000000000000000000000000000000000000000 0 0
3728	23.364	0.000	( 0 )	011010101011110000110110000011110000010001101011010100111111011111100100101111110110101011000000000000000000000000000000000000000000000000000000000000000000000000000000000000000000 0 0
3738	23.364	0.000	( 0 )	011010101011110000110110000011110000010001101011010100111111011111100100101111110110101011000000000000000000000000000000000000000000000000000000000000000000000000000000000000000000 0 0
3724	23.364	0.000	( 0 )	011010101011110000110110000011110000010001101011010100111111011111100100101111110110101011000000000000000000000000000000000000000000000000000000000000000000000000000000000000000000 0 0
3744	23.364	0.000	( 0 )	011010101011110000110110000011110000010001101011010100111111011111100100101111110110101011000000000000000000000000000000000000000000000000000000000000000000000000000000000000000000 0 0
3723	23.364	0.000	( 0 )	011010101011110000110110000011110000010001101011010100111111011111100100101111110110101011000000000000000000000000000000000000000000000000000000000000000000000000000000000000000000 0 0
3797	24.475	0.000	( 0 )	011010101011110000110110000011110000010001101011010100101111011111100100101111110110101011000000000000000000000000000000000000000000000000000000000000000000000000000000000000000000 1 0
3779	24.475	0.000	( 0 )	011010101011110000110110000011110000010001101011010100101111011111100100101111110110101011000000000000000000000000000000000000000000000000000000000000000000000000000000000000000000 0 0
3778	24.475	0.000	( 0 )	011010101011110000110110000011110000010001101011010100101111011111100100101111110110101011000000000000000000000000000000000000000000000000000000000000000000000000000000000000000000 0 0
3780	24.475	0.000	( 0 )	011010101011110000110110000011110000010001101011010100101111011111100100101111110110101011000000000000000000000000000000000000000000000000000000000000000000000000000000000000000000 0 0
3796	24.475	0.000	( 0 )	011010101011110000110110000011110000010001101011010100101111011111100100101111110110101011000000000000000000000000000000000000000000000000000000000000000000000000000000000000000000 0 0
3783	24.475	0.000	( 0 )	011010101011110000110110000011110000010001101011010100101111011111100100101111110110101011000000000000000000000000000000000000000000000000000000000000000000000000000000000000000000 0 0
3794	24.475	0.000	( 0 )	011010101011110000110110000011110000010001101011010100101111011111100100101111110110101011000000000000000000000000000000000000000000000000000000000000000000000000000000000000000000 0 0
3782	24.475	0.000	( 0 )	011010101011110000110110000011110000010001101011010100101111011111100100101111110110101011000000000000000000000000000000000000000000000000000000000000000000000000000000000000000000 0 0
3763	24.475	0.000	( 0 )	011010101011110000110110000011110000010001101011010100101111011111100100101111110110101011000000000000000000000000000000000000000000000000000000000000000000000000000000000000000000 0 0
3781	24.475	0.000	( 0 )	011010101011110000110110000011110000010001101011010100101111011111100100101111110110101011000000000000000000000000000000000000000000000000000000000000000000000000000000000000000000 0 0
3820	27.813	0.000	( 0 )	011010101011110001110110000011110000010001101011010100101111011111100110101111110110101001000000000000000000000000000000000000000000000000000000000000000000000000000000000000000000 3 0
3837	28.925	0.000	( 0 )	011010101011110001110110000011110000010001101011010100101111011111100110101111110110111001000000000000000000000000000000000000000000000000000000000000000000000000000000000000000000 1 0
3846	28.925	0.000	( 0 )	011010101011110001110110000011110000010001101011010100101111011111100110101111110110111001000000000000000000000000000000000000000000000000000000000000000000000000000000000000000000 0 0
3847	28.925	0.000	( 0 )	011010101011110001110110000011110000010001101011010100101111011111100110101111110110111001000000000000000000000000000000000000000000000000000000000000000000000000000000000000000000 0 0
3835	28.925	0.000	( 0 )	011010101011110001110110000011110000010001101011010100101111011111100110101111110110111001000000000000000000000000000000000000000000000000000000000000000000000000000000000000000000 0 0
3834	28.925	0.000	( 0 )	011010101011110001110110000011110000010001101011010100101111011111100110101111110110111001000000000000000000000000000000000000000000000000000000000000000000000000000000000000000000 0 0
3833	28.925	0.000	( 0 )	011010101011110001110110000011110000010001101011010100101111011111100110101111110110111001000000000000000000000000000000000000000000000000000000000000000000000000000000000000000000 0 0
3832	28.925	0.000	( 0 )	011010101011110001110110000011110000010001101011010100101111011111100110101111110110111001000000000000000000000000000000000000000000000000000000000000000000000000000000000000000000 0 0
3862	30.036	0.000	( 0 )	011010101011110001110110000011110010010001101011010100101111011111100110101111110110111001000000000000000000000000000000000000000000000000000000000000000000000000000000000000000000 1 0
3958	35.614	0.000	( 0 )	001010101011110001110110000011110010010001101011010101101111011111100110100111110100011001000000000000000000000000000000000000000000000000000000000000000000000000000000000000000000 5 0
3889	36.726	0.000	( 0 )	001010101011110001110110100011110010010001101011010101101111011111100110100111110100011001000000000000000000000000000000000000000000000000000000000000000000000000000000000000000000 1 0
3890	36.726	0.000	( 0 )	001010101011110001110110100011110010010001101011010101101111011111100110100111110100011001000000000000000000000000000000000000000000000000000000000000000000000000000000000000000000 0 0
3894	36.726	0.000	( 0 )	001010101011110001110110100011110010010001101011010101101111011111100110100111110100011001000000000000000000000000000000000000000000000000000000000000000000000000000000000000000000 0 0
3892	36.726	0.000	( 0 )	001010101011110001110110100011110010010001101011010101101111011111100110100111110100011001000000000000000000000000000000000000000000000000000000000000000000000000000000000000000000 0 0
3891	36.726	0.000	( 0 )	001010101011110001110110100011110010010001101011010101101111011111100110100111110100011001000000000000000000000000000000000000000000000000000000000000000000000000000000000000000000 0 0
3893	36.726	0.000	( 0 )	001010101011110001110110100011110010010001101011010101101111011111100110100111110100011001000000000000000000000000000000000000000000000000000000000000000000000000000000000000000000 0 0
3888	36.726	0.000	( 0 )	001010101011110001110110100011110010010001101011010101101111011111100110100111110100011001000000000000000000000000000000000000000000000000000000000000000000000000000000000000000000 0 0
3887	36.726	0.000	( 0 )	001010101011110001110110100011110010010001101011010101101111011111100110100111110100011001000000000000000000000000000000000000000000000000000000000000000000000000000000000000000000 0 0
3886	36.726	0.000	( 0 )	001010101011110001110110100011110010010001101011010101101111011111100110100111110100011001000000000000000000000000000000000000000000000000000000000000000000000000000000000000000000 0 0
3930	37.837	0.000	( 0 )	001010101011110101110110100011110010010001101011010101101111011111100110100111110100011001000000000000000000000000000000000000000000000000000000000000000000000000000000000000000000 1 0
3909	37.837	0.000	( 0 )	001010101011110101110110100011110010010001101011010101101111011111100110100111110100011001000000000000000000000000000000000000000000000000000000000000000000000000000000000000000000 0 0
3912	37.837	0.000	( 0 )	001010101011110101110110100011110010010001101011010101101111011111100110100111110100011001000000000000000000000000000000000000000000000000000000000000000000000000000000000000000000 0 0
3969	37.837	0.000	( 0 )	001010101011110101110110100011110010010001101011010101101111011111100110100111110100011001000000000000000000000000000000000000000000000000000000000000000000000000000000000000000000 0 0
3952	37.837	0.000	( 0 )	001010101011110101110110100011110010010001101011010101101111011111100110100111110100011001000000000000000000000000000000000000000000000000000000000000000000000000000000000000000000 0 0
3911	37.837	0.000	( 0 )	001010101011110101110110100011110010010001101011010101101111011111100110100111110100011001000000000000000000000000000000000000000000000000000000000000000000000000000000000000000000 0 0
3944	37.837	0.000	( 0 )	001010101011110101110110100011110010010001101011010101101111011111100110100111110100011001000000000000000000000000000000000000000000000000000000000000000000000000000000000000000000 0 0
3939	37.837	0.000	( 0 )	001010101011110101110110100011110010010001101011010101101111011111100110100111110100011001000000000000000000000000000000000000000000000000000000000000000000000000000000000000000000 0 0
3951	37.837	0.000	( 0 )	001010101011110101110110100011110010010001101011010101101111011111100110100111110100011001000000000000000000000000000000000000000000000000000000000000000000000000000000000000000000 0 0
3915	37.837	0.000	( 0 )	001010101011110101110110100011110010010001101011010101101111011111100110100111110100011001000000000000000000000000000000000000000000000000000000000000000000000000000000000000000000 0 0
3913	37.837	0.000	( 0 )	001010101011110101110110100011110010010001101011010101101111011111100110100111110100011001000000000000000000000000000000000000000000000000000000000000000000000000000000000000000000 0 0
3971	37.837	0.000	( 0 )	001010101011110101110110100011110010010001101011010101101111011111100110100111110100011001000000000000000000000000000000000000000000000000000000000000000000000000000000000000000000 0 0
3979	38.948	0.000	( 0 )	001010101011110111110110100011110010010001101011010101101111011111100110100111110100011001000000000000000000000000000000000000000000000000000000000000000000000000000000000000000000 1 0
4013	38.948	0.000	( 0 )	001010101011110111110110100011110010010001101011010101101111011111100110100111110100011001000000000000000000000000000000000000000000000000000000000000000000000000000000000000000000 0 0
3980	38.948	0.000	( 0 )	001010101011110111110110100011110010010001101011010101101111011111100110100111110100011001000000000000000000000000000000000000000000000000000000000000000000000000000000000000000000 0 0
3977	38.948	0.000	( 0 )	001010101011110111110110100011110010010001101011010101101111011111100110100111110100011001000000000000000000000000000000000000000000000000000000000000000000000000000000000000000000 0 0
3976	38.948	0.000	( 0 )	001010101011110111110110100011110010010001101011010101101111011111100110100111110100011001000000000000000000000000000000000000000000000000000000000000000000000000000000000000000000 0 0
4060	41.172	0.000	( 0 )	001010101011110111110110100011110010010001101011010101101011011011100110100111110100011001000000000000000000000000000000000000000000000000000000000000000000000000000000000000000000 2 0
4082	41.172	0.000	( 0 )	001010101011110111110110100011110010010001101011010101101011011011100110100111110100011001000000000000000000000000000000000000000000000000000000000000000000000000000000000000000000 0 0
4061	41.172	0.000	( 0 )	001010101011110111110110100011110010010001101011010101101011011011100110100111110100011001000000000000000000000000000000000000000000000000000000000000000000000000000000000000000000 0 0
4075	41.172	0.000	( 0 )	001010101011110111110110100011110010010001101011010101101011011011100110100111110100011001000000000000000000000000000000000000000000000000000000000000000000000000000000000000000000 0 0
4058	41.172	0.000	( 0 )	001010101011110111110110100011110010010001101011010101101011011011100110100111110100011001000000000000000000000000000000000000000000000000000000000000000000000000000000000000000000 0 0
4059	41.172	0.000	( 0 )	001010101011110111110110100011110010010001101011010101101011011011100110100111110100011001000000000000000000000000000000000000000000000000000000000000000000000000000000000000000000 0 0
4080	41.172	0.000	( 0 )	001010101011110111110110100011110010010001101011010101101011011011100110100111110100011001000000000000000000000000000000000000000000000000000000000000000000000000000000000000000000 0 0
4054	41.172	0.000	( 0 )	001010101011110111110110100011110010010001101011010101101011011011100110100111110100011001000000000000000000000000000000000000000000000000000000000000000000000000000000000000000000 0 0
4081	41.172	0.000	( 0 )	001010101011110111110110100011110010010001101011010101101011011011100110100111110100011001000000000000000000000000000000000000000000000000000000000000000000000000000000000000000000 0 0
