#java OrderMarkers2 data=- evaluateOrder=reordermarkers/iterations/ordered.3.1 useKosambi=1 numThreads=4 calculateIntervals=intervals/ordered.3.intervals randSeed=-3529288454922245778
Loading file
No grandparents present in family V
Number of individuals = 92
Number of families = 1
File loaded with 31656 SNPs
Number of individuals = 92 excluding grandparents
Number of families = 1
Number of markers = 117
Setting dataScale to 0.7692307692307693 all likelihoods will be multiplied by 1.2999999999999998
Initial score = -974.6380937159937
Iteration 1 of 6
884884288488421 done
Polishing map...
score = -985.5433677290517
score = -977.9566947153717
score = -977.9566947153717
score = -977.9566947153717
Iteration 2 of 6
884884288488421 done
Polishing map...
score = -1000.2582983045646
score = -995.5075338267268
score = -995.5075338267268
score = -991.7579759214956
Iteration 3 of 6
884884288488421 done
Polishing map...
score = -991.7579759214956
score = -991.7579759214956
score = -985.5433677290517
score = -977.9566947153717
Iteration 4 of 6
884884288488421 done
Polishing map...
score = -994.8055674089599
score = -994.1219065569819
score = -994.1219065569819
score = -989.0002838305145
Iteration 5 of 6
884884288488421 done
Polishing map...
score = -985.3470058772926
score = -982.8888521122957
score = -982.8888521122957
score = -982.8888521122957
Iteration 6 of 6
884884288488421 done
Polishing map...
score = -1001.4217186361504
score = -990.3859111002594
score = -976.7822809940147
score = -976.7822809940147
Final score = -974.6380937159937
Setting dataScale to 0.7692307692307693 all likelihoods will be multiplied by 1.2999999999999998
logL = -974.6380937159937
number of recombinations = 66.0 logL = -974.6380937159937
Individual	V	P14459_103_S3	recombines	1	times
Individual	V	P14459_104_S4	recombines	1	times
Individual	V	P14459_106_S6	recombines	1	times
Individual	V	P14459_107_S7	recombines	1	times
Individual	V	P14459_108_S8	recombines	2	times
Individual	V	P14459_110_S10	recombines	1	times
Individual	V	P14459_111_S11	recombines	1	times
Individual	V	P14459_113_S13	recombines	1	times
Individual	V	P14459_115_S15	recombines	1	times
Individual	V	P14459_116_S16	recombines	1	times
Individual	V	P14459_117_S17	recombines	1	times
Individual	V	P14459_119_S19	recombines	1	times
Individual	V	P14459_121_S21	recombines	1	times
Individual	V	P14459_124_S24	recombines	1	times
Individual	V	P14459_126_S26	recombines	1	times
Individual	V	P14459_127_S27	recombines	1	times
Individual	V	P14459_128_S28	recombines	1	times
Individual	V	P14459_134_S34	recombines	1	times
Individual	V	P14459_135_S35	recombines	1	times
Individual	V	P14459_136_S36	recombines	1	times
Individual	V	P14459_137_S37	recombines	1	times
Individual	V	P14459_138_S38	recombines	1	times
Individual	V	P14459_139_S39	recombines	1	times
Individual	V	P14459_140_S40	recombines	1	times
Individual	V	P14459_142_S42	recombines	1	times
Individual	V	P14459_145_S45	recombines	1	times
Individual	V	P14459_146_S46	recombines	1	times
Individual	V	P14459_149_S49	recombines	1	times
Individual	V	P14459_150_S50	recombines	1	times
Individual	V	P14459_152_S52	recombines	1	times
Individual	V	P14459_153_S53	recombines	1	times
Individual	V	P14459_154_S54	recombines	1	times
Individual	V	P14459_155_S55	recombines	1	times
Individual	V	P14459_156_S56	recombines	1	times
Individual	V	P14459_157_S57	recombines	1	times
Individual	V	P14459_160_S60	recombines	1	times
Individual	V	P14459_161_S61	recombines	1	times
Individual	V	P14459_162_S62	recombines	1	times
Individual	V	P14459_163_S63	recombines	1	times
Individual	V	P14459_164_S64	recombines	1	times
Individual	V	P14459_166_S66	recombines	1	times
Individual	V	P14459_167_S67	recombines	1	times
Individual	V	P14459_168_S68	recombines	1	times
Individual	V	P14459_169_S69	recombines	1	times
Individual	V	P14459_170_S70	recombines	1	times
Individual	V	P14459_171_S71	recombines	1	times
Individual	V	P14459_172_S72	recombines	2	times
Individual	V	P14459_173_S73	recombines	1	times
Individual	V	P14459_176_S76	recombines	1	times
Individual	V	P14459_177_S77	recombines	1	times
Individual	V	P14459_178_S78	recombines	1	times
Individual	V	P14459_179_S79	recombines	1	times
Individual	V	P14459_180_S80	recombines	1	times
Individual	V	P14459_181_S81	recombines	1	times
Individual	V	P14459_182_S82	recombines	1	times
Individual	V	P14459_184_S84	recombines	1	times
Individual	V	P14459_185_S85	recombines	1	times
Individual	V	P14459_186_S86	recombines	1	times
Individual	V	P14459_187_S87	recombines	1	times
Individual	V	P14459_190_S90	recombines	2	times
Individual	V	P14459_191_S91	recombines	1	times
Individual	V	P14459_194_S94	recombines	1	times
Individual	V	P14459_195_S95	recombines	1	times
#*** LG = 0 likelihood = -974.6381
#marker_number	male_position	female_position	( 0.0 )[	phased data]
19004	0.000	0.000	( 0 )	000010110000110110110001100000011010010101100110010110111010001101011010011010100111100000000000000000000000000000000000000000000000000000000000000000000000000000000000000000000000 0 0
19007	0.000	0.000	( 0 )	000010110000110110110001100000011010010101100110010110111010001101011010011010100111100000000000000000000000000000000000000000000000000000000000000000000000000000000000000000000000 0 0
19010	0.000	0.000	( 0 )	000010110000110110110001100000011010010101100110010110111010001101011010011010100111100000000000000000000000000000000000000000000000000000000000000000000000000000000000000000000000 0 0
19006	0.000	0.000	( 0 )	000010110000110110110001100000011010010101100110010110111010001101011010011010100111100000000000000000000000000000000000000000000000000000000000000000000000000000000000000000000000 0 0
18991	1.111	0.000	( 0 )	000010110000110110110001100000011010010101100110010110111010001101001010011010100111100000000000000000000000000000000000000000000000000000000000000000000000000000000000000000000000 1 0
18984	1.111	0.000	( 0 )	000010110000110110110001100000011010010101100110010110111010001101001010011010100111100000000000000000000000000000000000000000000000000000000000000000000000000000000000000000000000 0 0
19011	1.111	0.000	( 0 )	000010110000110110110001100000011010010101100110010110111010001101001010011010100111100000000000000000000000000000000000000000000000000000000000000000000000000000000000000000000000 0 0
18983	1.111	0.000	( 0 )	000010110000110110110001100000011010010101100110010110111010001101001010011010100111100000000000000000000000000000000000000000000000000000000000000000000000000000000000000000000000 0 0
18986	1.111	0.000	( 0 )	000010110000110110110001100000011010010101100110010110111010001101001010011010100111100000000000000000000000000000000000000000000000000000000000000000000000000000000000000000000000 0 0
18992	1.111	0.000	( 0 )	000010110000110110110001100000011010010101100110010110111010001101001010011010100111100000000000000000000000000000000000000000000000000000000000000000000000000000000000000000000000 0 0
18985	1.111	0.000	( 0 )	000010110000110110110001100000011010010101100110010110111010001101001010011010100111100000000000000000000000000000000000000000000000000000000000000000000000000000000000000000000000 0 0
19025	7.818	0.000	( 0 )	000010110000110110110001000000001010010101100010010110111010001111101010111010100111100000000000000000000000000000000000000000000000000000000000000000000000000000000000000000000000 6 0
19055	8.929	0.000	( 0 )	000010110000110110110001000000000010010101100010010110111010001111101010111010100111100000000000000000000000000000000000000000000000000000000000000000000000000000000000000000000000 1 0
19033	8.929	0.000	( 0 )	000010110000110110110001000000000010010101100010010110111010001111101010111010100111100000000000000000000000000000000000000000000000000000000000000000000000000000000000000000000000 0 0
19061	10.040	0.000	( 0 )	000010111000110110110001000000000010010101100010010110111010001111101010111010100111100000000000000000000000000000000000000000000000000000000000000000000000000000000000000000000000 1 0
19100	14.497	0.000	( 0 )	000010111000110110110001010000000010010101100010010010111010000111101010111000100111100000000000000000000000000000000000000000000000000000000000000000000000000000000000000000000000 4 0
19095	14.497	0.000	( 0 )	000010111000110110110001010000000010010101100010010010111010000111101010111000100111100000000000000000000000000000000000000000000000000000000000000000000000000000000000000000000000 0 0
19103	14.497	0.000	( 0 )	000010111000110110110001010000000010010101100010010010111010000111101010111000100111100000000000000000000000000000000000000000000000000000000000000000000000000000000000000000000000 0 0
19111	15.608	0.000	( 0 )	000010111000110110110001010000000010010101100010010010111010010111101010111000100111100000000000000000000000000000000000000000000000000000000000000000000000000000000000000000000000 1 0
19127	15.608	0.000	( 0 )	000010111000110110110001010000000010010101100010010010111010010111101010111000100111100000000000000000000000000000000000000000000000000000000000000000000000000000000000000000000000 0 0
19133	15.608	0.000	( 0 )	000010111000110110110001010000000010010101100010010010111010010111101010111000100111100000000000000000000000000000000000000000000000000000000000000000000000000000000000000000000000 0 0
19115	15.608	0.000	( 0 )	000010111000110110110001010000000010010101100010010010111010010111101010111000100111100000000000000000000000000000000000000000000000000000000000000000000000000000000000000000000000 0 0
19126	15.608	0.000	( 0 )	000010111000110110110001010000000010010101100010010010111010010111101010111000100111100000000000000000000000000000000000000000000000000000000000000000000000000000000000000000000000 0 0
19122	15.608	0.000	( 0 )	000010111000110110110001010000000010010101100010010010111010010111101010111000100111100000000000000000000000000000000000000000000000000000000000000000000000000000000000000000000000 0 0
19128	15.608	0.000	( 0 )	000010111000110110110001010000000010010101100010010010111010010111101010111000100111100000000000000000000000000000000000000000000000000000000000000000000000000000000000000000000000 0 0
19142	15.608	0.000	( 0 )	000010111000110110110001010000000010010101100010010010111010010111101010111000100111100000000000000000000000000000000000000000000000000000000000000000000000000000000000000000000000 0 0
19231	17.832	0.000	( 0 )	000010111000110110110011010000000010010101100010010010111000010111101010111000100111100000000000000000000000000000000000000000000000000000000000000000000000000000000000000000000000 2 0
19226	17.832	0.000	( 0 )	000010111000110110110011010000000010010101100010010010111000010111101010111000100111100000000000000000000000000000000000000000000000000000000000000000000000000000000000000000000000 0 0
19225	17.832	0.000	( 0 )	000010111000110110110011010000000010010101100010010010111000010111101010111000100111100000000000000000000000000000000000000000000000000000000000000000000000000000000000000000000000 0 0
19230	17.832	0.000	( 0 )	000010111000110110110011010000000010010101100010010010111000010111101010111000100111100000000000000000000000000000000000000000000000000000000000000000000000000000000000000000000000 0 0
19287	26.816	0.000	( 0 )	010010111000110110110011010000000010010001000010010000111000110111101010110000101111100001000000000000000000000000000000000000000000000000000000000000000000000000000000000000000000 8 0
19282	27.927	0.000	( 0 )	010010111000110110110011010000000010110001000010010000111000110111101010110000101111100001000000000000000000000000000000000000000000000000000000000000000000000000000000000000000000 1 0
19281	27.927	0.000	( 0 )	010010111000110110110011010000000010110001000010010000111000110111101010110000101111100001000000000000000000000000000000000000000000000000000000000000000000000000000000000000000000 0 0
19263	27.927	0.000	( 0 )	010010111000110110110011010000000010110001000010010000111000110111101010110000101111100001000000000000000000000000000000000000000000000000000000000000000000000000000000000000000000 0 0
19321	29.039	0.000	( 0 )	010010111000111110110011010000000010110001000010010000111000110111101010110000101111100001000000000000000000000000000000000000000000000000000000000000000000000000000000000000000000 1 0
19372	29.039	0.000	( 0 )	010010111000111110110011010000000010110001000010010000111000110111101010110000101111100001000000000000000000000000000000000000000000000000000000000000000000000000000000000000000000 0 0
19339	29.039	0.000	( 0 )	010010111000111110110011010000000010110001000010010000111000110111101010110000101111100001000000000000000000000000000000000000000000000000000000000000000000000000000000000000000000 0 0
19360	29.039	0.000	( 0 )	010010111000111110110011010000000010110001000010010000111000110111101010110000101111100001000000000000000000000000000000000000000000000000000000000000000000000000000000000000000000 0 0
19333	29.039	0.000	( 0 )	010010111000111110110011010000000010110001000010010000111000110111101010110000101111100001000000000000000000000000000000000000000000000000000000000000000000000000000000000000000000 0 0
19367	29.039	0.000	( 0 )	010010111000111110110011010000000010110001000010010000111000110111101010110000101111100001000000000000000000000000000000000000000000000000000000000000000000000000000000000000000000 0 0
19369	29.039	0.000	( 0 )	010010111000111110110011010000000010110001000010010000111000110111101010110000101111100001000000000000000000000000000000000000000000000000000000000000000000000000000000000000000000 0 0
19373	29.039	0.000	( 0 )	010010111000111110110011010000000010110001000010010000111000110111101010110000101111100001000000000000000000000000000000000000000000000000000000000000000000000000000000000000000000 0 0
19368	29.039	0.000	( 0 )	010010111000111110110011010000000010110001000010010000111000110111101010110000101111100001000000000000000000000000000000000000000000000000000000000000000000000000000000000000000000 0 0
19437	29.039	0.000	( 0 )	010010111000111110110011010000000010110001000010010000111000110111101010110000101111100001000000000000000000000000000000000000000000000000000000000000000000000000000000000000000000 0 0
19364	29.039	0.000	( 0 )	010010111000111110110011010000000010110001000010010000111000110111101010110000101111100001000000000000000000000000000000000000000000000000000000000000000000000000000000000000000000 0 0
19361	29.039	0.000	( 0 )	010010111000111110110011010000000010110001000010010000111000110111101010110000101111100001000000000000000000000000000000000000000000000000000000000000000000000000000000000000000000 0 0
19396	32.377	0.000	( 0 )	010010111000111111110011010000000010110001000010010001111000110111111010110000101111100001000000000000000000000000000000000000000000000000000000000000000000000000000000000000000000 3 0
19392	32.377	0.000	( 0 )	010010111000111111110011010000000010110001000010010001111000110111111010110000101111100001000000000000000000000000000000000000000000000000000000000000000000000000000000000000000000 0 0
19391	32.377	0.000	( 0 )	010010111000111111110011010000000010110001000010010001111000110111111010110000101111100001000000000000000000000000000000000000000000000000000000000000000000000000000000000000000000 0 0
19397	32.377	0.000	( 0 )	010010111000111111110011010000000010110001000010010001111000110111111010110000101111100001000000000000000000000000000000000000000000000000000000000000000000000000000000000000000000 0 0
19394	32.377	0.000	( 0 )	010010111000111111110011010000000010110001000010010001111000110111111010110000101111100001000000000000000000000000000000000000000000000000000000000000000000000000000000000000000000 0 0
19393	32.377	0.000	( 0 )	010010111000111111110011010000000010110001000010010001111000110111111010110000101111100001000000000000000000000000000000000000000000000000000000000000000000000000000000000000000000 0 0
19395	32.377	0.000	( 0 )	010010111000111111110011010000000010110001000010010001111000110111111010110000101111100001000000000000000000000000000000000000000000000000000000000000000000000000000000000000000000 0 0
19464	33.488	0.000	( 0 )	010010111100111111110011010000000010110001000010010001111000110111111010110000101111100001000000000000000000000000000000000000000000000000000000000000000000000000000000000000000000 1 0
19448	34.599	0.000	( 0 )	010010111100111111110011010000000010110001000010110001111000110111111010110000101111100001000000000000000000000000000000000000000000000000000000000000000000000000000000000000000000 1 0
19457	34.599	0.000	( 0 )	010010111100111111110011010000000010110001000010110001111000110111111010110000101111100001000000000000000000000000000000000000000000000000000000000000000000000000000000000000000000 0 0
19459	34.599	0.000	( 0 )	010010111100111111110011010000000010110001000010110001111000110111111010110000101111100001000000000000000000000000000000000000000000000000000000000000000000000000000000000000000000 0 0
19465	34.599	0.000	( 0 )	010010111100111111110011010000000010110001000010110001111000110111111010110000101111100001000000000000000000000000000000000000000000000000000000000000000000000000000000000000000000 0 0
19529	35.711	0.000	( 0 )	010010111100111111110011011000000010110001000010110001111000110111111010110000101111100001000000000000000000000000000000000000000000000000000000000000000000000000000000000000000000 1 0
19527	35.711	0.000	( 0 )	010010111100111111110011011000000010110001000010110001111000110111111010110000101111100001000000000000000000000000000000000000000000000000000000000000000000000000000000000000000000 0 0
19528	35.711	0.000	( 0 )	010010111100111111110011011000000010110001000010110001111000110111111010110000101111100001000000000000000000000000000000000000000000000000000000000000000000000000000000000000000000 0 0
19479	36.822	0.000	( 0 )	010010111100111111110011011000000010110001000010110001111000110111111010110000101111100011000000000000000000000000000000000000000000000000000000000000000000000000000000000000000000 1 0
19604	36.822	0.000	( 0 )	010010111100111111110011011000000010110001000010110001111000110111111010110000101111100011000000000000000000000000000000000000000000000000000000000000000000000000000000000000000000 0 0
19523	36.822	0.000	( 0 )	010010111100111111110011011000000010110001000010110001111000110111111010110000101111100011000000000000000000000000000000000000000000000000000000000000000000000000000000000000000000 0 0
19606	36.822	0.000	( 0 )	010010111100111111110011011000000010110001000010110001111000110111111010110000101111100011000000000000000000000000000000000000000000000000000000000000000000000000000000000000000000 0 0
19520	36.822	0.000	( 0 )	010010111100111111110011011000000010110001000010110001111000110111111010110000101111100011000000000000000000000000000000000000000000000000000000000000000000000000000000000000000000 0 0
19517	36.822	0.000	( 0 )	010010111100111111110011011000000010110001000010110001111000110111111010110000101111100011000000000000000000000000000000000000000000000000000000000000000000000000000000000000000000 0 0
19536	36.822	0.000	( 0 )	010010111100111111110011011000000010110001000010110001111000110111111010110000101111100011000000000000000000000000000000000000000000000000000000000000000000000000000000000000000000 0 0
19525	36.822	0.000	( 0 )	010010111100111111110011011000000010110001000010110001111000110111111010110000101111100011000000000000000000000000000000000000000000000000000000000000000000000000000000000000000000 0 0
19696	39.046	0.000	( 0 )	010011111100111111110011011000000010110001000010110001111100110111111010110000101111100011000000000000000000000000000000000000000000000000000000000000000000000000000000000000000000 2 0
19718	39.046	0.000	( 0 )	010011111100111111110011011000000010110001000010110001111100110111111010110000101111100011000000000000000000000000000000000000000000000000000000000000000000000000000000000000000000 0 0
19699	39.046	0.000	( 0 )	010011111100111111110011011000000010110001000010110001111100110111111010110000101111100011000000000000000000000000000000000000000000000000000000000000000000000000000000000000000000 0 0
19660	39.046	0.000	( 0 )	010011111100111111110011011000000010110001000010110001111100110111111010110000101111100011000000000000000000000000000000000000000000000000000000000000000000000000000000000000000000 0 0
19719	39.046	0.000	( 0 )	010011111100111111110011011000000010110001000010110001111100110111111010110000101111100011000000000000000000000000000000000000000000000000000000000000000000000000000000000000000000 0 0
19662	39.046	0.000	( 0 )	010011111100111111110011011000000010110001000010110001111100110111111010110000101111100011000000000000000000000000000000000000000000000000000000000000000000000000000000000000000000 0 0
19665	39.046	0.000	( 0 )	010011111100111111110011011000000010110001000010110001111100110111111010110000101111100011000000000000000000000000000000000000000000000000000000000000000000000000000000000000000000 0 0
19664	39.046	0.000	( 0 )	010011111100111111110011011000000010110001000010110001111100110111111010110000101111100011000000000000000000000000000000000000000000000000000000000000000000000000000000000000000000 0 0
19697	39.046	0.000	( 0 )	010011111100111111110011011000000010110001000010110001111100110111111010110000101111100011000000000000000000000000000000000000000000000000000000000000000000000000000000000000000000 0 0
19711	39.046	0.000	( 0 )	010011111100111111110011011000000010110001000010110001111100110111111010110000101111100011000000000000000000000000000000000000000000000000000000000000000000000000000000000000000000 0 0
19690	39.046	0.000	( 0 )	010011111100111111110011011000000010110001000010110001111100110111111010110000101111100011000000000000000000000000000000000000000000000000000000000000000000000000000000000000000000 0 0
19703	39.046	0.000	( 0 )	010011111100111111110011011000000010110001000010110001111100110111111010110000101111100011000000000000000000000000000000000000000000000000000000000000000000000000000000000000000000 0 0
19695	39.046	0.000	( 0 )	010011111100111111110011011000000010110001000010110001111100110111111010110000101111100011000000000000000000000000000000000000000000000000000000000000000000000000000000000000000000 0 0
19661	39.046	0.000	( 0 )	010011111100111111110011011000000010110001000010110001111100110111111010110000101111100011000000000000000000000000000000000000000000000000000000000000000000000000000000000000000000 0 0
19653	39.046	0.000	( 0 )	010011111100111111110011011000000010110001000010110001111100110111111010110000101111100011000000000000000000000000000000000000000000000000000000000000000000000000000000000000000000 0 0
19751	39.046	0.000	( 0 )	010011111100111111110011011000000010110001000010110001111100110111111010110000101111100011000000000000000000000000000000000000000000000000000000000000000000000000000000000000000000 0 0
19659	39.046	0.000	( 0 )	010011111100111111110011011000000010110001000010110001111100110111111010110000101111100011000000000000000000000000000000000000000000000000000000000000000000000000000000000000000000 0 0
19771	39.046	0.000	( 0 )	010011111100111111110011011000000010110001000010110001111100110111111010110000101111100011000000000000000000000000000000000000000000000000000000000000000000000000000000000000000000 0 0
19748	40.157	0.000	( 0 )	010011111100111111110011011000000010110001000010110001111100110111111010110100101111100011000000000000000000000000000000000000000000000000000000000000000000000000000000000000000000 1 0
19750	40.157	0.000	( 0 )	010011111100111111110011011000000010110001000010110001111100110111111010110100101111100011000000000000000000000000000000000000000000000000000000000000000000000000000000000000000000 0 0
19749	40.157	0.000	( 0 )	010011111100111111110011011000000010110001000010110001111100110111111010110100101111100011000000000000000000000000000000000000000000000000000000000000000000000000000000000000000000 0 0
19790	42.381	0.000	( 0 )	010011011100111111110011011000000010110001000010111001111100110111111010110100101111100011000000000000000000000000000000000000000000000000000000000000000000000000000000000000000000 2 0
19883	43.492	0.000	( 0 )	010011011100111111110011011000000010110001000010111001110100110111111010110100101111100011000000000000000000000000000000000000000000000000000000000000000000000000000000000000000000 1 0
19882	43.492	0.000	( 0 )	010011011100111111110011011000000010110001000010111001110100110111111010110100101111100011000000000000000000000000000000000000000000000000000000000000000000000000000000000000000000 0 0
19923	46.830	0.000	( 0 )	010011011100111111100011011000000110110001000010111001110100110111111010110100101011100011000000000000000000000000000000000000000000000000000000000000000000000000000000000000000000 3 0
19924	46.830	0.000	( 0 )	010011011100111111100011011000000110110001000010111001110100110111111010110100101011100011000000000000000000000000000000000000000000000000000000000000000000000000000000000000000000 0 0
19922	46.830	0.000	( 0 )	010011011100111111100011011000000110110001000010111001110100110111111010110100101011100011000000000000000000000000000000000000000000000000000000000000000000000000000000000000000000 0 0
19947	47.942	0.000	( 0 )	010011011100111111100011011000000110110001000010111001110100110111111010110100101011000011000000000000000000000000000000000000000000000000000000000000000000000000000000000000000000 1 0
19941	47.942	0.000	( 0 )	010011011100111111100011011000000110110001000010111001110100110111111010110100101011000011000000000000000000000000000000000000000000000000000000000000000000000000000000000000000000 0 0
19949	47.942	0.000	( 0 )	010011011100111111100011011000000110110001000010111001110100110111111010110100101011000011000000000000000000000000000000000000000000000000000000000000000000000000000000000000000000 0 0
19932	47.942	0.000	( 0 )	010011011100111111100011011000000110110001000010111001110100110111111010110100101011000011000000000000000000000000000000000000000000000000000000000000000000000000000000000000000000 0 0
19944	47.942	0.000	( 0 )	010011011100111111100011011000000110110001000010111001110100110111111010110100101011000011000000000000000000000000000000000000000000000000000000000000000000000000000000000000000000 0 0
19939	47.942	0.000	( 0 )	010011011100111111100011011000000110110001000010111001110100110111111010110100101011000011000000000000000000000000000000000000000000000000000000000000000000000000000000000000000000 0 0
20017	50.165	0.000	( 0 )	010011011100111111100011011000000110110001000010111001110100110111111010110100111011100011000000000000000000000000000000000000000000000000000000000000000000000000000000000000000000 2 0
20088	50.165	0.000	( 0 )	010011011100111111100011011000000110110001000010111001110100110111111010110100111011100011000000000000000000000000000000000000000000000000000000000000000000000000000000000000000000 0 0
20002	50.165	0.000	( 0 )	010011011100111111100011011000000110110001000010111001110100110111111010110100111011100011000000000000000000000000000000000000000000000000000000000000000000000000000000000000000000 0 0
20033	50.165	0.000	( 0 )	010011011100111111100011011000000110110001000010111001110100110111111010110100111011100011000000000000000000000000000000000000000000000000000000000000000000000000000000000000000000 0 0
19996	50.165	0.000	( 0 )	010011011100111111100011011000000110110001000010111001110100110111111010110100111011100011000000000000000000000000000000000000000000000000000000000000000000000000000000000000000000 0 0
20016	50.165	0.000	( 0 )	010011011100111111100011011000000110110001000010111001110100110111111010110100111011100011000000000000000000000000000000000000000000000000000000000000000000000000000000000000000000 0 0
20019	50.165	0.000	( 0 )	010011011100111111100011011000000110110001000010111001110100110111111010110100111011100011000000000000000000000000000000000000000000000000000000000000000000000000000000000000000000 0 0
19997	50.165	0.000	( 0 )	010011011100111111100011011000000110110001000010111001110100110111111010110100111011100011000000000000000000000000000000000000000000000000000000000000000000000000000000000000000000 0 0
20015	50.165	0.000	( 0 )	010011011100111111100011011000000110110001000010111001110100110111111010110100111011100011000000000000000000000000000000000000000000000000000000000000000000000000000000000000000000 0 0
20001	50.165	0.000	( 0 )	010011011100111111100011011000000110110001000010111001110100110111111010110100111011100011000000000000000000000000000000000000000000000000000000000000000000000000000000000000000000 0 0
20018	50.165	0.000	( 0 )	010011011100111111100011011000000110110001000010111001110100110111111010110100111011100011000000000000000000000000000000000000000000000000000000000000000000000000000000000000000000 0 0
20005	52.389	0.000	( 0 )	011011111100111111100011011000000110110001000010111001110100110111111010110100111011100011000000000000000000000000000000000000000000000000000000000000000000000000000000000000000000 2 0
20003	52.389	0.000	( 0 )	011011111100111111100011011000000110110001000010111001110100110111111010110100111011100011000000000000000000000000000000000000000000000000000000000000000000000000000000000000000000 0 0
20004	52.389	0.000	( 0 )	011011111100111111100011011000000110110001000010111001110100110111111010110100111011100011000000000000000000000000000000000000000000000000000000000000000000000000000000000000000000 0 0
20022	74.909	0.000	( 0 )	011001111101101011100011011000000101100000000000101001110101110010110001100100011011110011000000000000000000000000000000000000000000000000000000000000000000000000000000000000000000 19 0
