chrom begin end count_rpt length_rpt count_SINE length_SINE count_DNA length_DNA count_TcM length_TcM count_LINE length_LINE count_LTR length_LTR count_nonLTR length_nonLTR count_simple length_simple
LR999951.1 1 100000 192 27994 25 5013 13 2155 1 642 15 4023 1 276 23 6978 35 1732
LR999951.1 100001 200000 224 29524 57 10316 15 1009 4 312 10 1367 5 593 33 7967 26 1004
LR999951.1 200001 300000 241 31633 60 9853 25 3811 3 2165 14 2361 5 2362 33 4483 28 1048
LR999951.1 300001 400000 247 24928 51 8801 13 965 1 96 8 837 4 234 21 2550 41 1585
LR999951.1 400001 500000 232 26433 42 7698 12 1270   7 624 6 790 35 4631 30 1072
LR999951.1 500001 600000 226 28548 52 9306 11 871   9 1284 2 148 24 3429 26 1060
LR999951.1 600001 700000 283 33391 61 10861 15 1052   9 930 2 265 30 4578 21 866
LR999951.1 700001 800000 222 29067 56 10494 9 1212   11 4198 3 216 33 4588 35 1407
LR999951.1 800001 900000 282 37459 67 13030 16 1600   9 1406 3 316 44 7226 27 1047
LR999951.1 900001 1e+06 302 37493 57 11056 17 1618 2 382 9 1577 5 458 43 6697 40 1449
LR999951.1 1e+06 1.1e+06 298 42282 50 9325 20 3148   17 3745 5 459 48 11407 36 1265
LR999951.1 1.1e+06 1.2e+06 324 40605 69 11957 24 4114 2 1090 15 2377   44 7364 46 1640
LR999951.1 1.2e+06 1.3e+06 291 43093 55 10594 18 1863   14 6026   28 7504 37 1390
LR999951.1 1.3e+06 1.4e+06 260 31055 53 9872 18 2474   6 522 3 248 36 5398 35 1324
LR999951.1 1.4e+06 1.5e+06 241 27335 50 8360 19 2021 3 1021 8 1235 3 288 29 5492 29 1048
LR999951.1 1.5e+06 1.6e+06 237 32161 50 8082 13 902   10 3367 3 2220 22 4483 27 1070
LR999951.1 1.6e+06 1.7e+06 285 41712 56 9140 17 4173 4 2616 26 7911 2 187 45 9836 41 1802
LR999951.1 1.7e+06 1.8e+06 227 35881 39 7282 17 1888   13 4061   32 10467 29 1251
LR999951.1 1.8e+06 1.9e+06 229 25415 52 9986 19 1867 1 486 10 1568 1 100 26 3059 36 1354
LR999951.1 1.9e+06 2e+06 210 25664 48 8684 18 1882 3 398 3 241 4 1889 18 2474 25 1067
LR999951.1 2e+06 2.1e+06 241 32465 36 6053 20 3373   10 1081 5 4711 30 6710 39 1445
LR999951.1 2.1e+06 2.2e+06 220 27111 30 5943 29 2929   6 702 3 772 21 2693 31 1137
LR999951.1 2.2e+06 2.3e+06 226 25728 39 7358 19 1730   10 1494 4 568 28 4699 37 1681
LR999951.1 2.3e+06 2.4e+06 239 29375 41 8303 26 4366 1 85 3 309 5 483 21 2700 39 1544
LR999951.1 2.4e+06 2.5e+06 200 27270 40 6217 12 2792   12 4784   32 4648 34 1358
LR999951.1 2.5e+06 2.6e+06 154 23580 23 4473 13 1874   6 881 9 2387 21 6504 30 1055
LR999951.1 2.6e+06 2.7e+06 217 23698 46 7336 9 557   10 2056 1 107 31 3940 25 1053
LR999951.1 2.7e+06 2.8e+06 120 12715 14 3209 8 1082   2 843   8 1054 35 1545
LR999951.1 2.8e+06 2.9e+06 102 10234 15 3078 2 287   4 465 1 82 12 1485 29 1241
LR999951.1 2.9e+06 3e+06 163 22065 26 5010 15 2238   8 4268 6 860 20 2223 29 1092
LR999951.1 3e+06 3.1e+06 243 30987 43 8227 11 1111   8 911 3 307 33 6225 36 1356
LR999951.1 3.1e+06 3.2e+06 271 37107 47 9756 24 2267 2 158 18 2749 4 3008 29 6812 39 1504
LR999951.1 3.2e+06 3.3e+06 260 35794 54 9231 13 2475   19 3232 4 2500 36 6045 31 1124
LR999951.1 3.3e+06 3.4e+06 263 35197 61 12611 17 2022   13 2991 3 300 37 6399 28 1144
LR999951.1 3.4e+06 3.5e+06 241 30883 48 8437 19 2153   9 2767 6 757 30 6557 29 1053
LR999951.1 3.5e+06 3.6e+06 263 42170 55 10855 31 4349   14 4237 4 1562 27 8468 27 1046
LR999951.1 3.6e+06 3.7e+06 170 27712 24 4964 15 2234   22 8474 6 1786 22 4074 33 1806
LR999951.1 3.7e+06 3.8e+06 169 42010 13 2599 19 2335   20 6077 24 13418 21 12189 35 1444
LR999951.1 3.8e+06 3.9e+06 185 44304 17 3494 23 2573   21 5977 11 2923 30 20633 31 3154
LR999951.1 3.9e+06 4e+06 152 17232 22 5297 13 1350 1 120 6 501 1 93 17 2258 34 1502
LR999951.1 4e+06 4.1e+06 142 14902 30 5691 10 759   4 384 1 70 9 1211 33 1260
LR999951.1 4.1e+06 4.2e+06 181 29496 36 5441 15 996 1 95 12 6754   20 7661 39 1771
LR999951.1 4.2e+06 4.3e+06 210 25895 39 7920 21 2015 1 72 6 2350 1 12 25 3831 40 1673
LR999951.1 4.3e+06 4.4e+06 248 50611 37 6955 21 3706 4 2052 21 8730 8 6717 34 11911 23 887
LR999951.1 4.4e+06 4.5e+06 269 40985 65 11264 23 2958 1 79 14 3503 1 104 43 12391 25 867
LR999951.1 4.5e+06 4.6e+06 246 29832 60 10606 7 678 1 154 9 1230 3 239 30 4772 42 1494
LR999951.1 4.6e+06 4.7e+06 207 25761 37 6358 22 2650   13 3306 2 111 14 2310 27 1048
LR999951.1 4.7e+06 4.8e+06 218 25110 39 7101 26 3265 1 71 8 1072 1 55 19 2470 22 827
LR999951.1 4.8e+06 4.9e+06 279 41972 81 13623 7 771 1 258 14 5515 2 3601 43 7815 38 1617
LR999951.1 4.9e+06 5e+06 262 30871 45 7275 15 1452   11 1155   21 4987 34 1333
LR999951.1 5e+06 5.1e+06 275 33110 69 12847 18 2199   18 1768 1 79 36 3733 35 1350
LR999951.1 5.1e+06 5.2e+06 262 31378 68 11580 24 2696 1 186 16 2795 1 58 22 3443 37 1303
LR999951.1 5.2e+06 5.3e+06 208 28540 34 5813 14 2421 1 619 17 4169 11 3949 21 3433 35 1296
LR999951.1 5.3e+06 5.4e+06 225 24756 53 8786 14 984   3 421 1 57 21 2743 34 1234
LR999951.1 5.4e+06 5.5e+06 291 32500 65 11534 11 1738   23 2680 5 624 34 4319 45 1729
LR999951.1 5.5e+06 5.6e+06 209 34014 52 9629 17 4384 3 1899 19 4351 5 5387 15 1813 29 1151
LR999951.1 5.6e+06 5.7e+06 269 34651 60 10032 25 4345 2 904 16 2659 3 369 25 4964 36 1261
LR999951.1 5.7e+06 5.8e+06 239 33803 69 12766 8 878   12 4012 2 86 28 6545 32 1227
LR999951.1 5.8e+06 5.9e+06 281 35879 54 9415 18 2131   12 1668 1 280 38 8280 36 1583
LR999951.1 5.9e+06 6e+06 228 32241 50 8879 16 3231 3 1794 11 1755 4 307 27 8777 27 926
LR999951.1 6e+06 6.1e+06 205 30639 50 10413 16 1912   9 2161 2 1901 24 5682 39 1556
LR999951.1 6.1e+06 6.2e+06 217 27981 41 6539 17 4485   10 3918 4 615 29 3145 41 1767
LR999951.1 6.2e+06 6.3e+06 247 32559 65 12522 17 1691 3 486 13 4035   28 3814 30 1130
LR999951.1 6.3e+06 6.4e+06 291 42177 70 13539 17 3294   15 5395 5 380 37 7903 30 1245
LR999951.1 6.4e+06 6.5e+06 260 33957 49 8302 23 2077   15 3770 1 77 28 5928 30 1152
LR999951.1 6.5e+06 6.6e+06 262 38261 63 12646 15 1389 4 510 7 1163 2 203 32 9172 29 1038
LR999951.1 6.6e+06 6.7e+06 303 35142 55 9474 20 1231   10 1542 6 3053 41 4989 31 1238
LR999951.1 6.7e+06 6.8e+06 251 36222 55 10386 9 1961   25 4630 5 416 36 8848 31 934
LR999951.1 6.8e+06 6.9e+06 266 32907 52 9248 26 4829 2 1631 11 2112 5 434 18 3348 24 842
LR999951.1 6.9e+06 7e+06 261 38828 56 10543 15 3546   20 3637 4 221 41 11291 38 1782
LR999951.1 7e+06 7.1e+06 266 35195 45 7188 24 3860 4 833 9 1777 4 228 34 7838 36 1332
LR999951.1 7.1e+06 7.2e+06 235 33222 55 10593 13 2154   16 5520 4 299 21 4820 38 1508
LR999951.1 7.2e+06 7.3e+06 189 22696 37 6100 11 1321 1 210 4 943 6 1002 21 4718 27 1011
LR999951.1 7.3e+06 7.4e+06 191 22470 46 9422 18 2169 2 532 1 64 1 93 17 2239 36 1606
LR999951.1 7.4e+06 7.5e+06 211 24234 32 6286 14 2086   5 475 2 188 21 3486 42 1912
LR999951.1 7.5e+06 7.6e+06 191 26898 37 7056 14 2302   3 429 8 1027 32 8867 21 830
LR999951.1 7.6e+06 7.7e+06 270 27574 48 8022 11 1353 2 458 9 808 1 66 22 3498 45 1651
LR999951.1 7.7e+06 7.8e+06 213 31057 28 5467 22 4488 4 1748 4 487 11 4932 18 3843 36 1386
LR999951.1 7.8e+06 7.9e+06 227 23754 53 7980 17 2801 3 1700 9 935 1 77 22 2575 38 1287
LR999951.1 7.9e+06 8e+06 224 26320 48 8494 16 1519   5 1321   34 6458 32 1305
LR999951.1 8e+06 8.1e+06 235 23940 42 7944 12 1481   8 1406 3 203 17 1737 46 1924
LR999951.1 8.1e+06 8.2e+06 189 20614 26 5254 28 3419   8 1070 3 225 26 2865 37 1303
LR999951.1 8.2e+06 8.3e+06 184 19453 37 5356 8 664   7 1245 2 108 20 2576 25 995
LR999951.1 8.3e+06 8.4e+06 186 20077 41 6748 8 709 1 223 8 1381 2 132 20 2608 30 1240
LR999951.1 8.4e+06 8.5e+06 173 24507 32 6794 4 360   14 1682 1 39 17 8860 42 1520
LR999951.1 8.5e+06 8.6e+06 176 21266 41 7904 14 3897   3 443   21 2407 36 1277
LR999951.1 8.6e+06 8.7e+06 288 34436 54 9852 28 3513 1 46 10 2021 12 822 36 5043 60 3082
LR999951.1 8.7e+06 8.8e+06 256 25818 45 7454 18 1937 3 424 7 449 1 72 37 3993 44 1813
LR999951.1 8.8e+06 8.9e+06 196 27152 35 5856 9 629   8 2595 5 355 24 8663 34 1225
LR999951.1 8.9e+06 9e+06 239 26394 59 10236 9 688   13 1606 5 353 29 3165 31 1273
LR999951.1 9e+06 9.1e+06 194 24887 33 4020 19 2797   4 1018 4 234 24 6956 33 1375
LR999951.1 9.1e+06 9.2e+06 173 23652 27 5583 11 3516 2 1608 7 733 1 96 19 5072 39 1462
LR999951.1 9.2e+06 9.3e+06 164 19407 24 3998 22 2760   5 544 2 179 11 4728 34 1308
LR999951.1 9.3e+06 9.4e+06 138 16670 32 5348 11 885   2 181 7 3304 14 1732 22 1018
LR999951.1 9.4e+06 9.5e+06 239 30469 51 9290 15 942   11 1750 2 2270 21 2839 27 1017
LR999951.1 9.5e+06 9.6e+06 189 29889 48 9751 10 1126   16 7076 1 2265 20 2587 32 1309
LR999951.1 9.6e+06 9.7e+06 212 28683 27 4941 20 2811   12 1336 3 4059 21 4528 30 1181
LR999951.1 9.7e+06 9.8e+06 163 27208 17 3525 12 3130 4 1898 6 767 1 87 29 9877 31 2155
LR999951.1 9.8e+06 9839934 75 29432   12 1270 12 1270 15 3422 2 120 27 23219 18 955
