chrom begin end count_rpt length_rpt count_SINE length_SINE count_DNA length_DNA count_TcM length_TcM count_LINE length_LINE count_LTR length_LTR count_nonLTR length_nonLTR count_simple length_simple
LR999940.1 1 100000 185 70450 4 905 16 3431 1 13 28 15961 13 5527 35 33563 29 1632
LR999940.1 100001 200000 216 72249 1 282 30 10312 1 178 21 9176 12 7840 69 34482 20 973
LR999940.1 200001 300000 164 66654 2 457 14 1934 4 624 23 14292 6 4023 58 39934 33 1848
LR999940.1 300001 400000 188 70645 3 672 13 2836   14 9618 30 19009 47 29491 36 1427
LR999940.1 400001 500000 180 71405 3 894 11 4129 1 13 24 15031 18 14319 44 30337 42 1909
LR999940.1 500001 600000 170 68942 1 275 13 3792   15 10028 10 5815 41 34517 26 1060
LR999940.1 600001 700000 147 67500 3 638 10 2775   13 4524 34 15923 42 39768 19 952
LR999940.1 700001 800000 196 64462 7 1112 9 4504 3 990 17 8666 21 10499 59 31104 40 2072
LR999940.1 800001 900000 185 71224 1 310 8 1844 2 504 26 14395 32 16521 52 31124 23 1123
LR999940.1 900001 1e+06 222 77147 8 775 14 2256 2 264 20 10097 19 9206 55 39751 30 1164
LR999940.1 1e+06 1.1e+06 166 61135 4 1030 5 2115 1 609 21 8413 15 7666 59 36331 26 1321
LR999940.1 1.1e+06 1.2e+06 185 73365 1 192 12 4953 2 361 32 20010 2 802 65 39360 31 1362
LR999940.1 1.2e+06 1.3e+06 163 73016   3 1729   23 12122 22 15378 56 36342 22 2155
LR999940.1 1.3e+06 1.4e+06 177 68290 8 1539 7 778 1 182 27 16678 28 11740 44 31847 33 1307
LR999940.1 1.4e+06 1.5e+06 210 64982 1 275 13 6596 3 821 31 16367 5 2438 43 26674 39 2163
LR999940.1 1.5e+06 1.6e+06 221 73922 2 486 21 3019   30 13003 15 4898 60 40981 26 1081
LR999940.1 1.6e+06 1.7e+06 167 73034 1 49 1 110   27 13699 23 14993 46 38657 39 1779
LR999940.1 1.7e+06 1.8e+06 184 76558 1 49 13 3849 1 142 14 10043 41 18980 24 17064 23 1064
LR999940.1 1.8e+06 1.9e+06 195 69137 5 894 6 729 2 426 26 18787 19 5981 59 35556 35 1833
LR999940.1 1.9e+06 2e+06 212 70793 2 588 8 1962 1 366 21 14938 40 18117 36 23902 38 1898
LR999940.1 2e+06 2.1e+06 164 71033 2 578 8 1038 3 483 32 14947 15 10672 52 38001 23 1083
LR999940.1 2.1e+06 2.2e+06 180 78638 1 289 4 409   30 15623 14 5353 63 51125 31 1225
LR999940.1 2.2e+06 2.3e+06 182 83600 2 573 15 1951   24 20508 11 6342 55 45475 17 735
LR999940.1 2.3e+06 2.4e+06 179 60805 2 506 7 2164   18 8993 37 17450 39 23277 29 1274
LR999940.1 2.4e+06 2.5e+06 181 69485   6 2153 1 684 25 13027 35 17593 38 27049 23 1051
LR999940.1 2.5e+06 2.6e+06 148 71718 2 560 3 1071 1 176 16 12638 26 14276 51 36522 33 4284
LR999940.1 2.6e+06 2.7e+06 151 63842 3 887 10 1206 1 190 22 11623 20 14401 42 28276 26 1303
LR999940.1 2.7e+06 2.8e+06 149 67006 3 815 16 5893 2 489 14 7708 16 15359 47 31824 25 1226
LR999940.1 2.8e+06 2.9e+06 197 71518 4 701 15 4661 4 323 18 13567 26 10418 46 33249 23 1138
LR999940.1 2.9e+06 3e+06 181 64884 4 819 18 9538 4 1826 20 14940 12 5311 54 26135 26 983
LR999940.1 3e+06 3.1e+06 184 67657 4 1066 14 3066 2 1299 19 9634 30 8931 57 38798 25 1135
LR999940.1 3.1e+06 3.2e+06 186 70921 3 635 18 3071 4 710 16 8142 14 5440 46 42724 36 1707
LR999940.1 3.2e+06 3.3e+06 182 58790 2 422 9 2083   25 15863 18 13156 43 19411 32 2232
LR999940.1 3.3e+06 3.4e+06 200 53881 7 1468 21 7328 3 519 12 7231 31 12333 35 14722 31 1676
LR999940.1 3.4e+06 3.5e+06 187 71270 3 828 10 4982   16 12261 15 5711 43 36956 37 1665
LR999940.1 3.5e+06 3.6e+06 194 56558 9 1349 19 6905 1 31 16 7553 15 7297 35 23073 31 1278
LR999940.1 3.6e+06 3.7e+06 174 65408 4 485 20 3234 7 833 8 11131 23 12521 42 26960 21 1408
LR999940.1 3.7e+06 3.8e+06 165 54953 4 1004 17 3945 1 409 20 9790 22 14527 35 16961 23 1290
LR999940.1 3.8e+06 3.9e+06 189 68669 4 1099 5 1212   26 16410 22 14580 48 27763 34 1369
LR999940.1 3.9e+06 4e+06 169 65193 5 847 10 2307   23 18759 24 9253 40 28335 38 1970
LR999940.1 4e+06 4.1e+06 164 71366 5 1211 4 343 4 343 21 19374 17 12390 55 34901 42 2038
LR999940.1 4.1e+06 4.2e+06 143 60638 3 587 12 4517 1 46 22 9977 15 9330 45 32792 16 739
LR999940.1 4.2e+06 4.3e+06 194 70315 14 2915 17 9794 2 124 10 4749 21 9816 48 33480 29 1330
LR999940.1 4.3e+06 4.4e+06 182 65187 3 620 14 5064 1 109 27 21103 16 9670 30 16967 26 1060
LR999940.1 4.4e+06 4.5e+06 209 68910   11 1237 3 754 18 16887 10 6573 51 29372 29 1276
LR999940.1 4.5e+06 4.6e+06 209 66948 3 397 12 1191   25 9154 13 11267 35 31601 44 2271
LR999940.1 4.6e+06 4.7e+06 184 71566 3 468 10 1663   19 6274 30 15725 49 39172 22 1050
LR999940.1 4.7e+06 4.8e+06 190 63920 7 1133 26 4616 7 857 23 13302 22 14829 38 22003 24 974
LR999940.1 4.8e+06 4.9e+06 149 70003 3 633 13 2920 2 592 21 10036 14 10558 54 42066 23 1058
LR999940.1 4.9e+06 5e+06 141 71735 2 152 2 1400   19 12234 24 16525 53 38455 26 1142
LR999940.1 5e+06 5.1e+06 150 60635 4 1162 14 4294 2 555 19 5846 10 4210 49 40610 25 1363
LR999940.1 5.1e+06 5.2e+06 202 52753 6 1456 18 1789 3 464 13 3869 22 10109 46 24983 26 1454
LR999940.1 5.2e+06 5.3e+06 152 65222 4 1225 2 183 2 183 21 8873 31 17306 47 33331 21 1069
LR999940.1 5.3e+06 5.4e+06 184 62673 5 1328 9 2948   12 5639 26 10785 37 31442 27 1414
LR999940.1 5.4e+06 5.5e+06 126 54664   11 3794 1 473 6 5425 25 15987 33 25329 26 1305
LR999940.1 5.5e+06 5.6e+06 195 62761 5 796 10 2211 1 409 29 14587 23 13576 44 23087 28 1262
LR999940.1 5.6e+06 5.7e+06 147 58709 7 1693 11 2581   17 6597 2 309 52 42625 23 910
LR999940.1 5.7e+06 5.8e+06 126 47575 6 733 25 10823 2 627 5 2734 13 5291 20 21822 20 862
LR999940.1 5.8e+06 5.9e+06 136 54024 2 481 23 7429   9 6886 12 11012 26 21610 24 1085
LR999940.1 5.9e+06 6e+06 166 59759 4 826 24 5906   13 3857 20 10798 39 31360 25 1348
LR999940.1 6e+06 6.1e+06 173 62368 1 218 14 4454 5 993 28 13207 17 9607 35 25356 17 783
LR999940.1 6.1e+06 6.2e+06 173 62523 7 800 12 2834 3 346 37 17371 8 3607 59 33312 22 1122
LR999940.1 6.2e+06 6.3e+06 162 67485 2 600 14 3498   22 15213 23 10061 34 32369 32 1509
LR999940.1 6.3e+06 6.4e+06 194 64660 4 1155 18 6731 1 79 31 14965 11 2647 59 31164 26 1325
LR999940.1 6.4e+06 6.5e+06 168 63749 4 626 5 1235   22 12751 19 7674 52 35051 27 1160
LR999940.1 6.5e+06 6.6e+06 42 18308 2 194 1 99   12 6036 1 85 14 9079 3 190
LR999940.1 6.6e+06 6.7e+06 111 42098 2 488 25 10216   8 5928 14 7608 17 8289 13 523
LR999940.1 6.7e+06 6.8e+06 130 37608 5 851 27 15183 2 293 2 99 12 7657 9 5782 21 799
LR999940.1 6.8e+06 6.9e+06 159 43947 11 1787 37 12099 4 1107   17 11206 18 11988 18 758
LR999940.1 6.9e+06 7e+06 153 50769 3 426 24 6028 7 2007 12 8274 15 8514 29 18948 36 1514
LR999940.1 7e+06 7.1e+06 156 64241 4 951 18 3933   12 9222 28 23242 32 16507 28 1314
LR999940.1 7.1e+06 7.2e+06 200 69742 3 501 15 1748 5 737 23 14840 15 7055 47 35550 25 1248
LR999940.1 7.2e+06 7.3e+06 94 29851 1 98 8 1386 3 456 6 3759 29 8395 17 13239 18 760
LR999940.1 7.3e+06 7.4e+06 61 35381   2 338 1 261 11 5449 2 521 26 27665 8 422
LR999940.1 7.4e+06 7.5e+06 167 71243 2 497 2 1925   29 16065 33 17479 48 31373 28 1226
LR999940.1 7.5e+06 7.6e+06 160 64651 3 769 11 5782 2 396 19 8062 32 21880 38 22900 20 850
LR999940.1 7.6e+06 7.7e+06 205 72655 4 1081 13 3088 1 116 19 9582 39 16312 56 34955 35 2098
LR999940.1 7.7e+06 7.8e+06 152 68062 3 528 8 3677   11 6756 34 22424 35 28920 22 942
LR999940.1 7.8e+06 7.9e+06 158 64795 2 457 7 929   16 9526 27 7998 42 38250 22 1250
LR999940.1 7.9e+06 8e+06 177 67756 3 429 17 2144 12 1703 41 18357 14 7474 45 34181 24 1086
LR999940.1 8e+06 8.1e+06 71 25595   10 2277 4 1388 8 8855 3 1497 16 9000 9 348
LR999940.1 8.1e+06 8.2e+06 146 72464 1 289 4 2660   21 18501 11 6769 46 39853 32 1469
LR999940.1 8.2e+06 8.3e+06 166 66846 4 862 13 1076 1 72 21 11847 9 5461 53 41073 32 1350
LR999940.1 8.3e+06 8.4e+06 171 71669 1 184 11 1511 5 1026 21 14253 27 15547 54 34275 29 1213
LR999940.1 8.4e+06 8.5e+06 154 63379 1 318 14 6688 3 630 23 8239 36 20385 23 20589 20 794
LR999940.1 8.5e+06 8.6e+06 169 74726 5 815 8 1507   22 13195 23 11875 45 41390 27 1247
LR999940.1 8.6e+06 8.7e+06 175 65649 3 690 9 1687 4 615 21 11619 20 8977 55 37448 29 1326
LR999940.1 8.7e+06 8.8e+06 180 65669 3 701 7 928   23 12481 17 8854 63 35670 26 1192
LR999940.1 8.8e+06 8.9e+06 182 63252 7 1878 9 1801   29 10851 16 12617 52 29136 22 753
LR999940.1 8.9e+06 9e+06 171 58477 3 760 11 3571 2 917 26 14144 23 13391 51 21729 31 1350
LR999940.1 9e+06 9.1e+06 194 61066 3 883 9 976 4 511 21 7364 40 21696 41 22166 26 1160
LR999940.1 9.1e+06 9.2e+06 185 62128 4 992 12 2117   20 10948 13 6594 54 33387 39 1875
LR999940.1 9.2e+06 9.3e+06 160 75744 1 300 10 7281   24 14930 17 9286 58 38136 20 1015
LR999940.1 9.3e+06 9.4e+06 177 64386 2 595 16 3861 1 197 32 11385 12 2753 41 34814 31 1223
LR999940.1 9.4e+06 9.5e+06 200 65630 4 1170 9 2020 1 53 37 15263 13 12382 36 23167 26 1090
LR999940.1 9.5e+06 9.6e+06 189 73403 2 590 4 1234 1 242 25 10234 14 4535 84 51245 23 1206
LR999940.1 9.6e+06 9.7e+06 171 76640 7 1491 8 614 1 75 27 12121 23 14922 60 43513 19 937
LR999940.1 9.7e+06 9.8e+06 182 74087 3 522 13 3347 3 1429 27 15852 13 10076 46 36986 29 1261
LR999940.1 9.8e+06 9.9e+06 182 65306 5 1144 14 7690 2 228 16 6508 25 8562 47 33463 21 981
LR999940.1 9.9e+06 1e+07 173 70037 4 1178 9 811 2 334 20 8952 11 7173 58 45453 30 1166
LR999940.1 1e+07 1.01e+07 211 70374 5 1169 13 2587   20 6103 11 7358 63 40382 36 1614
LR999940.1 1.01e+07 1.02e+07 184 63377 5 1481 10 1446 2 194 25 16976 27 12769 46 24587 34 1718
LR999940.1 1.02e+07 1.03e+07 197 66743 6 1328 12 2003 3 564 29 15054 1 105 48 38836 42 2017
LR999940.1 1.03e+07 1.04e+07 202 66979 4 676 22 4664 4 257 22 10468 11 9442 53 32881 39 1874
LR999940.1 1.04e+07 1.05e+07 187 57836 5 1152 6 1650 2 305 41 16954 15 11348 45 17936 27 1667
LR999940.1 1.05e+07 1.06e+07 195 67152 1 279 12 2047 2 169 23 12796 29 18574 52 26875 40 1704
LR999940.1 1.06e+07 1.07e+07 180 66134 4 1032 16 3985 3 714 23 15453 25 12207 31 25639 32 1378
LR999940.1 1.07e+07 1.08e+07 200 64129 2 597 12 2353 2 760 14 11347 26 13470 31 21854 42 1895
LR999940.1 1.08e+07 1.09e+07 199 69827 4 1201 14 3743 2 907 27 15836 9 6907 56 31164 26 1263
LR999940.1 1.09e+07 1.1e+07 180 57424   14 5420 7 2402 16 5864 17 7091 59 32133 32 1515
LR999940.1 1.1e+07 1.11e+07 218 77903 4 832 23 7338 1 66 19 11457 26 14917 44 29391 18 950
LR999940.1 1.11e+07 1.12e+07 191 69044 9 1442 5 938   36 16239 30 11064 58 34790 19 782
LR999940.1 1.12e+07 1.13e+07 175 64567 3 816 22 11162 3 1755 20 10298 9 3021 39 29459 14 708
LR999940.1 1.13e+07 1.14e+07 178 72832 7 1214 11 1399   27 16759 21 16019 42 30226 39 1749
LR999940.1 1.14e+07 1.15e+07 196 71023 4 1070 20 10656 1 92 13 3718 13 7690 54 33722 25 1252
LR999940.1 1.15e+07 1.16e+07 192 65612 3 877 12 3106   25 14695 18 7535 49 29203 26 1223
LR999940.1 1.16e+07 1.17e+07 189 72992 3 758 11 2691 1 175 20 13607 1 94 69 46528 27 1192
LR999940.1 1.17e+07 1.18e+07 180 67753 6 1218 7 700   32 13020 5 7858 50 37449 26 1163
LR999940.1 1.18e+07 1.19e+07 178 64825 2 574 10 905   14 4422 10 4070 56 44789 32 1178
LR999940.1 1.19e+07 1.2e+07 200 71222 5 684 8 1746 1 1134 40 24097 3 736 52 36024 32 1724
LR999940.1 1.2e+07 1.21e+07 181 74110 2 467 11 5374   39 23532 23 10943 48 27780 20 938
LR999940.1 1.21e+07 1.22e+07 164 65686 5 1383 3 332 3 332 21 9822 19 13837 51 35898 41 1974
LR999940.1 1.22e+07 1.23e+07 192 63042 4 1126 18 3240 9 1931 39 17009 19 8770 44 27889 33 1423
LR999940.1 1.23e+07 1.24e+07 216 69291 2 106 16 3640 2 429 23 14386 22 11313 45 27556 32 1206
LR999940.1 1.24e+07 1.25e+07 207 68857 5 1100 15 2470 2 567 25 19002 14 8606 35 25156 30 1359
LR999940.1 1.25e+07 1.26e+07 143 64219 1 281     23 12273 24 9074 57 39111 20 890
LR999940.1 1.26e+07 1.27e+07 184 59824 4 517 12 3244 2 410 20 8784 24 16746 41 22185 36 1424
LR999940.1 1.27e+07 1.28e+07 191 72877 2 568 10 2547 4 1035 17 10767 30 11407 55 38492 34 1502
LR999940.1 1.28e+07 1.29e+07 219 67356 1 43 14 1236 1 13 11 7443 14 10419 42 32890 39 1946
LR999940.1 1.29e+07 1.3e+07 215 74931 3 866 8 2941 1 364 15 7741 26 8848 60 43457 34 1519
LR999940.1 1.3e+07 1.31e+07 157 71563   7 2559   25 10719 32 16582 41 32985 13 544
LR999940.1 1.31e+07 1.32e+07 177 67414 3 657 14 1516   15 11072 26 15517 48 31862 31 1399
LR999940.1 1.32e+07 1.33e+07 172 67652 6 1771 9 1646   17 13642 20 11702 33 28764 33 1793
LR999940.1 1.33e+07 1.34e+07 189 70504 2 275 11 2358 1 182 21 13491 20 9426 47 34316 25 1176
LR999940.1 1.34e+07 1.35e+07 191 67776 7 1399 8 1643   30 19189 4 3206 44 33670 38 1627
LR999940.1 1.35e+07 1.36e+07 183 72258 1 289 8 652   13 5199 24 16121 48 34775 25 1192
LR999940.1 1.36e+07 1.37e+07 160 71051   8 902 5 704 24 17537 13 7472 46 40509 46 2165
LR999940.1 1.37e+07 1.38e+07 195 68867   13 2465 7 721 24 19211 16 9744 34 20780 45 2383
LR999940.1 1.38e+07 13819298 43 12014   1 83   4 4109 4 2089 4 1148 8 315
