chrom begin end count_rpt length_rpt count_SINE length_SINE count_DNA length_DNA count_TcM length_TcM count_LINE length_LINE count_LTR length_LTR count_nonLTR length_nonLTR count_simple length_simple
LR999953.1 1 100000 135 19215 19 2840 11 3008   7 3026 1 105 14 4232 31 1432
LR999953.1 100001 200000 216 30843 35 6905 14 1087   7 1259 4 4191 29 6592 33 1375
LR999953.1 200001 300000 198 28497 39 7648 23 3250 5 583 3 1224 2 104 27 6540 34 1653
LR999953.1 300001 400000 263 34524 46 7692 22 2980   8 1061   41 10932 45 1900
LR999953.1 400001 500000 235 31386 40 7381 20 3714 5 992 7 1405 2 147 40 7932 36 1639
LR999953.1 500001 600000 274 41265 58 10236 28 4335 1 1579 14 3221 2 157 39 10754 28 1345
LR999953.1 600001 700000 303 33209 52 9327 28 2876   5 588 4 396 31 4625 51 2170
LR999953.1 700001 800000 264 28421 51 9196 10 1118   7 1643   34 3513 44 1844
LR999953.1 800001 900000 239 29884 47 7056 20 1900   9 744 3 2687 39 7874 34 1221
LR999953.1 900001 1e+06 309 37807 68 12655 32 4369 4 605 19 2199 1 90 44 5838 25 962
LR999953.1 1e+06 1.1e+06 290 41381 63 12202 25 3306 3 351 6 598 5 4138 52 7959 25 983
LR999953.1 1.1e+06 1.2e+06 250 34439 49 9250 24 3694   11 1185 1 83 33 7710 27 1131
LR999953.1 1.2e+06 1.3e+06 332 41365 96 18482 22 2098   6 891 5 272 37 5675 30 1277
LR999953.1 1.3e+06 1.4e+06 280 40442 49 8554 28 2840 4 465 4 406 2 151 46 15561 34 1359
LR999953.1 1.4e+06 1.5e+06 252 38213 58 9179 22 2618   8 2337 1 112 40 11847 27 1110
LR999953.1 1.5e+06 1.6e+06 259 28700 48 7955 17 2060   9 1226 4 374 36 4662 34 1277
LR999953.1 1.6e+06 1.7e+06 312 37028 62 10678 39 4883 2 234 13 1827 1 100 48 6186 41 1443
LR999953.1 1.7e+06 1.8e+06 316 39489 78 15306 24 2517 5 496 20 2730 3 314 35 4880 31 1555
LR999953.1 1.8e+06 1.9e+06 331 43383 55 9730 37 3833 3 529 9 1126 4 2758 42 6385 33 1377
LR999953.1 1.9e+06 2e+06 282 38123 55 10451 21 4689 3 245 10 1557 6 916 42 6015 49 2287
LR999953.1 2e+06 2.1e+06 320 47482 51 9973 30 5913 6 3372 9 838 2 154 65 15451 41 1598
LR999953.1 2.1e+06 2.2e+06 290 36814 58 10624 28 3600 5 1639 11 1304 6 1050 33 4367 28 1065
LR999953.1 2.2e+06 2.3e+06 248 30376 55 10280 24 3801   9 1310 5 565 25 3537 39 1692
LR999953.1 2.3e+06 2.4e+06 282 43581 50 9019 27 2587   20 7418 1 76 56 12929 38 1513
LR999953.1 2.4e+06 2.5e+06 262 35044 62 13214 21 2161 1 337 5 761 3 284 32 6941 32 1398
LR999953.1 2.5e+06 2.6e+06 313 37650 70 12106 12 832   16 2223 4 336 47 9022 31 1296
LR999953.1 2.6e+06 2.7e+06 260 27832 52 9349 10 877   4 614 6 492 32 4258 44 1801
LR999953.1 2.7e+06 2.8e+06 200 36884 21 3792 33 10496 7 2332 3 253 9 4752 26 6517 24 1120
LR999953.1 2.8e+06 2.9e+06 137 38054 1 295 34 7113 6 1554 13 5554 8 5443 17 10249 19 941
LR999953.1 2.9e+06 3e+06 141 48538 5 1020 36 11650 4 449 10 6686 14 11692 33 11025 17 657
LR999953.1 3e+06 3.1e+06 140 48934 5 1267 30 12158   6 1221 30 18421 24 12418 22 1036
LR999953.1 3.1e+06 3.2e+06 158 37386 15 2089 45 16637 5 988 8 2965 4 1723 24 8213 26 1072
LR999953.1 3.2e+06 3.3e+06 270 32374 44 7213 12 1915   6 4030 9 3589 25 4749 114 4815
LR999953.1 3.3e+06 3.4e+06 283 33219 72 12002 18 2624 1 413 1 109 2 210 23 4561 56 2336
LR999953.1 3.4e+06 3.5e+06 212 36097 24 3945 48 8149 3 395 10 3056 23 8115 29 7481 42 1672
LR999953.1 3.5e+06 3.6e+06 163 42188 5 1078 44 9956 6 1382 15 6539 11 2957 28 17158 23 975
LR999953.1 3.6e+06 3.7e+06 155 43569 4 815 41 12470 4 2855 7 2098 25 13741 9 5087 21 1016
LR999953.1 3.7e+06 3.8e+06 166 41718 3 873 42 11741 11 2173 8 3188 8 1358 32 16932 22 976
LR999953.1 3.8e+06 3.9e+06 175 50829 5 1417 24 5111 5 583 11 5091 4 916 65 31140 20 930
LR999953.1 3.9e+06 4e+06 270 33444 7 1170 17 1834 4 709 19 9928 6 979 20 5398 108 3891
LR999953.1 4e+06 4.1e+06 190 52424 7 1135 23 4721   26 11360 14 6487 29 17381 20 919
LR999953.1 4.1e+06 4.2e+06 142 46147 6 1506 32 9818 1 189 13 11553 13 4271 25 12431 27 1009
LR999953.1 4.2e+06 4.3e+06 144 41089 1 59 32 10937 7 985 11 3832 20 12388 30 8856 14 771
LR999953.1 4.3e+06 4.4e+06 149 39312 6 892 21 6340 1 193 7 5321 20 5716 21 12478 30 1325
LR999953.1 4.4e+06 4.5e+06 151 30364 8 1442 35 9668 4 545 15 4323 9 1105 29 9022 23 1022
LR999953.1 4.5e+06 4.6e+06 129 42180   29 10764   4 3924 16 7575 17 12723 25 1302
LR999953.1 4.6e+06 4.7e+06 144 36850 2 396 32 8072 6 1140 12 5884 14 3756 28 11991 22 1039
LR999953.1 4.7e+06 4.8e+06 166 29619 39 8248 13 1353 1 120 7 1270 3 1876 21 9330 23 979
LR999953.1 4.8e+06 4.9e+06 291 38768 60 11425 23 2970 2 394 13 2252 2 186 34 7813 32 1234
LR999953.1 4.9e+06 5e+06 293 40683 66 13084 23 2065   13 1740 4 300 49 11485 19 734
LR999953.1 5e+06 5.1e+06 245 34819 50 9513 16 1955 1 74 11 2378 2 166 31 8078 30 1249
LR999953.1 5.1e+06 5.2e+06 328 38349 68 12185 27 2178 1 87 9 1046 4 366 34 4762 44 2113
LR999953.1 5.2e+06 5.3e+06 266 33933 45 10174 27 2153 2 268 7 2808 3 291 34 6322 36 1495
LR999953.1 5.3e+06 5.4e+06 301 37536 73 11082 10 2729 1 334 10 1830 3 190 53 8426 38 1725
LR999953.1 5.4e+06 5.5e+06 291 33436 66 11766 25 3536 1 46 2 134   29 3086 41 1803
LR999953.1 5.5e+06 5.6e+06 278 37063 54 11207 31 3059 1 356 11 2137 2 350 40 7501 30 1162
LR999953.1 5.6e+06 5.7e+06 119 23897 16 3080 7 2907   13 1681 10 5610 20 6800 23 945
LR999953.1 5.7e+06 5.8e+06 219 32697 41 8283 23 2237 4 515 18 6820 1 34 27 6002 32 1350
LR999953.1 5.8e+06 5.9e+06 168 30643 30 6175 10 1009   27 14366   23 3059 24 846
LR999953.1 5.9e+06 6e+06 283 37025 47 6535 25 3126 3 373 9 2203 8 2236 35 7985 42 1813
LR999953.1 6e+06 6.1e+06 334 42084 76 13970 34 5394 3 941 13 2075   42 7441 46 1585
LR999953.1 6.1e+06 6.2e+06 238 37651 45 7470 32 9058 1 101 8 1020 5 663 28 8415 26 1199
LR999953.1 6.2e+06 6.3e+06 176 48077 2 294 44 14170 7 2801 21 7603 9 3207 24 13379 22 900
LR999953.1 6.3e+06 6.4e+06 164 44407 8 982 61 19449 12 2502 8 1591 11 4665 21 12600 21 1073
LR999953.1 6.4e+06 6.5e+06 261 47101 43 8439 43 16124 4 1536 9 4374 2 127 44 8672 35 1261
LR999953.1 6.5e+06 6.6e+06 355 46274 81 14172 29 5271 1 371 12 2152 5 559 46 8895 34 1358
LR999953.1 6.6e+06 6.7e+06 267 39079 55 9596 18 1836   20 3658 5 4331 39 8203 31 1105
LR999953.1 6.7e+06 6.8e+06 343 44982 78 14410 33 3532 5 645 13 2014 3 204 54 8516 23 921
LR999953.1 6.8e+06 6.9e+06 337 47796 70 15088 29 3128 1 70 13 1321 1 38 49 9515 28 1099
LR999953.1 6.9e+06 7e+06 330 51493 86 16537 17 3792 6 1586 11 1892 2 158 51 11812 24 965
LR999953.1 7e+06 7.1e+06 307 48002 86 14365 18 2897 2 451 19 6760 3 236 67 13586 36 1621
LR999953.1 7.1e+06 7.2e+06 386 49993 79 14190 26 4089 4 550 18 3606 11 724 55 9696 35 1342
LR999953.1 7.2e+06 7.3e+06 342 45417 71 12026 18 2889   9 1002 4 272 58 12220 25 965
LR999953.1 7.3e+06 7.4e+06 306 39866 61 10670 22 2608   11 1402 3 304 47 9424 33 1544
LR999953.1 7.4e+06 7.5e+06 279 33384 53 8885 19 2046 1 540 12 2326 3 254 34 5690 30 1066
LR999953.1 7.5e+06 7.6e+06 288 33411 54 10108 21 1792 1 88 8 1198 4 240 38 6738 37 1529
LR999953.1 7.6e+06 7.7e+06 251 36987 31 6406 9 1770   23 4880 11 5472 32 4548 37 2299
LR999953.1 7.7e+06 7.8e+06 266 34707 48 8964 27 2542   9 637 5 308 34 7357 30 1530
LR999953.1 7.8e+06 7.9e+06 254 30989 59 10821 12 1055   13 1972 7 489 29 5606 30 1047
LR999953.1 7.9e+06 8e+06 354 48605 61 11316 20 3392 1 966 13 1204 3 209 52 12709 39 1578
LR999953.1 8e+06 8.1e+06 298 49772 51 10652 17 1157   18 5871 2 189 50 19332 41 1873
LR999953.1 8.1e+06 8178468 185 29878 30 5561 12 1228 1 255 12 6105 5 531 32 7747 17 603
