chrom begin end count_rpt length_rpt count_SINE length_SINE count_DNA length_DNA count_TcM length_TcM count_LINE length_LINE count_LTR length_LTR count_nonLTR length_nonLTR count_simple length_simple
LR999943.1 1 100000 131 21431 10 1867 17 1722 1 179 13 4035 4 168 20 5170 31 4837
LR999943.1 100001 200000 98 13629 17 3093 6 627   4 697 1 42 12 4561 17 858
LR999943.1 200001 300000 139 18157 17 2820 20 3919 3 280 7 1418 1 256 15 2306 26 1013
LR999943.1 300001 400000 152 17314 29 4465 6 510   5 815   16 1913 30 1429
LR999943.1 400001 500000 118 11316 12 2063 10 802   5 546   13 2283 30 1230
LR999943.1 500001 600000 165 19742 23 4059 8 892   7 3982 1 43 19 2666 53 2311
LR999943.1 600001 700000 199 27043 36 7402 11 1391 1 440 12 1718 2 216 26 7386 42 1905
LR999943.1 700001 800000 124 19162 19 3868 12 2295   8 3199 2 221 13 3632 24 998
LR999943.1 800001 900000 183 27317 31 5829 13 2180 4 595 8 1825 1 34 35 9301 32 1449
LR999943.1 900001 1e+06 207 32369 41 7960 15 1885   7 676 10 5422 32 8654 32 1147
LR999943.1 1e+06 1.1e+06 284 39770 48 7745 22 1622   11 1495 6 5821 29 7167 41 1437
LR999943.1 1.1e+06 1.2e+06 248 30365 53 10302 8 586   12 1372 4 281 33 5325 34 1145
LR999943.1 1.2e+06 1.3e+06 209 27721 54 8339 16 1138 1 54 5 763 3 259 26 8452 28 1251
LR999943.1 1.3e+06 1.4e+06 248 37818 42 7840 14 7305   10 1521 16 5388 30 4751 27 1190
LR999943.1 1.4e+06 1.5e+06 230 29978 56 9708 8 537   8 2688 2 132 28 6884 27 945
LR999943.1 1.5e+06 1.6e+06 244 41063 55 8296 14 1045   13 7121 2 196 39 13722 42 1873
LR999943.1 1.6e+06 1.7e+06 262 36961 67 12596 9 1914 1 57 21 6149 3 206 45 6095 33 1355
LR999943.1 1.7e+06 1.8e+06 229 34431 46 8486 9 619   21 6076 3 229 30 8353 39 1458
LR999943.1 1.8e+06 1.9e+06 230 35340 46 7862 16 1286 1 182 8 7295 14 6825 19 2737 32 1201
LR999943.1 1.9e+06 2e+06 210 26421 40 7075 12 1299   6 1465 2 927 30 5609 30 1253
LR999943.1 2e+06 2.1e+06 232 27739 49 9514 10 717 1 153 9 1056   27 5545 35 1513
LR999943.1 2.1e+06 2.2e+06 232 25528 42 7582 12 1318   5 712 6 558 19 1844 40 1617
LR999943.1 2.2e+06 2.3e+06 201 28013 33 6736 30 4162 2 297 10 1345 2 145 25 7016 28 1158
LR999943.1 2.3e+06 2.4e+06 217 23915 45 7893 15 2020 1 79 5 704 1 86 25 3882 42 1661
LR999943.1 2.4e+06 2.5e+06 223 22297 41 7082 16 1326   5 717 2 95 24 3222 30 1233
LR999943.1 2.5e+06 2.6e+06 180 20348 33 6181 14 1036 1 64 6 1858 2 151 20 3214 39 1706
LR999943.1 2.6e+06 2.7e+06 213 26630 50 8646 16 2468   13 2473 1 67 16 2838 25 972
LR999943.1 2.7e+06 2.8e+06 156 14600 22 3523 10 611 1 82 7 828 1 93 13 1361 30 1285
LR999943.1 2.8e+06 2.9e+06 196 21817 29 5751 13 1501   8 1054 1 54 21 3313 45 2101
LR999943.1 2.9e+06 3e+06 214 27805 40 6559 14 1281   9 1477 1 80 26 6530 29 1279
LR999943.1 3e+06 3.1e+06 199 23852 31 5316 17 2357   11 1762 8 676 22 3453 31 1196
LR999943.1 3.1e+06 3.2e+06 216 31381 37 6363 18 1401 1 92 17 6362 2 88 19 6235 38 1346
LR999943.1 3.2e+06 3.3e+06 224 31333 44 7658 9 711   10 3074   16 6038 34 1560
LR999943.1 3.3e+06 3.4e+06 145 14770 20 3493 10 1126   2 862 2 158 13 1953 39 1628
LR999943.1 3.4e+06 3.5e+06 136 14242 15 2373 7 966 4 626 6 1453 2 211 21 2969 42 1705
LR999943.1 3.5e+06 3.6e+06 127 13789 14 2621 13 2802   3 392 2 129 8 1799 45 2056
LR999943.1 3.6e+06 3.7e+06 134 16036 16 4068 13 2040 2 112 6 627 5 1795 6 967 43 2261
LR999943.1 3.7e+06 3.8e+06 123 14208 23 3960 17 3601 2 304 2 282   5 451 33 1392
LR999943.1 3.8e+06 3.9e+06 141 19264 18 4347 12 1967   8 2945 2 165 15 3059 36 1550
LR999943.1 3.9e+06 4e+06 159 19592 27 4831 10 711 1 43 13 2117 1 53 13 4499 35 1468
LR999943.1 4e+06 4.1e+06 152 15510 26 4308 12 1153   9 1493   22 2325 27 1263
LR999943.1 4.1e+06 4.2e+06 190 23629 50 8498 13 2628 1 1564 2 237 1 74 10 2752 39 1532
LR999943.1 4.2e+06 4.3e+06 144 28566 12 2196 19 4648   2 2067 7 6676 19 5738 34 1743
LR999943.1 4.3e+06 4.4e+06 124 13677 20 3824 8 1785   6 913 2 145 10 919 42 1898
LR999943.1 4.4e+06 4.5e+06 119 20479 12 2923 7 797   3 503 7 2227 17 7580 27 1219
LR999943.1 4.5e+06 4.6e+06 164 23647 26 4427 11 749   15 4163   19 4685 42 1668
LR999943.1 4.6e+06 4.7e+06 154 22477 27 4730 11 1214   4 1454 1 64 19 6948 28 1157
LR999943.1 4.7e+06 4.8e+06 149 20655 31 5323 11 1017 1 39 7 2070 7 5079 14 1691 31 1386
LR999943.1 4.8e+06 4.9e+06 144 15495 31 5600 9 875   6 1004 1 38 14 2616 41 1673
LR999943.1 4.9e+06 5e+06 119 17276 12 2449 6 574   5 2586 2 137 14 5708 43 2304
LR999943.1 5e+06 5.1e+06 125 12713 20 3666 6 464   5 924 1 87 6 656 35 1511
LR999943.1 5.1e+06 5.2e+06 140 16806 22 4330 7 1023 1 486 11 1552 1 87 8 1744 42 1802
LR999943.1 5.2e+06 5.3e+06 122 14318 18 2836 10 1096   2 329 1 82 7 3576 30 1164
LR999943.1 5.3e+06 5.4e+06 107 13727 12 2775 4 1769 2 1608 6 675   14 3808 36 1451
LR999943.1 5.4e+06 5.5e+06 115 15704 14 3027 9 1107   4 494 2 3714 11 2320 36 1405
LR999943.1 5.5e+06 5.6e+06 177 19782 19 3310 19 2374 1 323 11 1325 2 71 13 1873 38 1624
LR999943.1 5.6e+06 5.7e+06 178 28593 31 6301 12 1085   14 3112   19 9839 33 1300
LR999943.1 5.7e+06 5.8e+06 177 25433 42 7920 6 551   6 807 2 4200 23 5033 32 1377
LR999943.1 5.8e+06 5.9e+06 163 19692 27 4424 14 2325   6 581 1 81 14 4363 32 1334
LR999943.1 5.9e+06 6e+06 170 16418 26 4097 11 895   3 161 3 224 6 949 39 1683
LR999943.1 6e+06 6.1e+06 175 27487 24 4782 15 2569 1 69 4 508 1 83 13 8628 30 1096
LR999943.1 6.1e+06 6.2e+06 142 15252 19 3110 12 1456 1 167 7 479   10 1899 34 1322
LR999943.1 6.2e+06 6.3e+06 146 22207 32 6471 5 441   9 4002   15 5506 33 1502
LR999943.1 6.3e+06 6.4e+06 165 16122 34 5666 6 345   5 538 2 180 15 1931 45 1906
LR999943.1 6.4e+06 6.5e+06 169 19087 32 5468 11 1025   5 613 1 41 9 1941 39 1658
LR999943.1 6.5e+06 6.6e+06 173 24791 27 5185 11 2538 2 417 10 5413 3 246 15 2903 36 1436
LR999943.1 6.6e+06 6.7e+06 237 29719 22 3522 31 4520 1 90 18 3471 1 78 20 3515 31 1176
LR999943.1 6.7e+06 6.8e+06 182 22208 36 6520 10 1863   11 1172 2 186 23 4310 42 1472
LR999943.1 6.8e+06 6.9e+06 183 24158 30 4729 6 286   5 1098 3 4133 21 5487 40 1395
LR999943.1 6.9e+06 7e+06 84 9210 16 2787 3 380     1 85 8 2086 29 1296
LR999943.1 7e+06 7.1e+06 160 18465 23 4405 16 3042 2 446 9 997 3 180 12 1567 35 1458
LR999943.1 7.1e+06 7.2e+06 152 18208 25 4089 9 1459 1 660 10 1267 2 117 18 4526 32 1416
LR999943.1 7.2e+06 7.3e+06 160 19465 19 3982 14 1812 3 418 6 859 1 39 14 5198 51 2046
LR999943.1 7.3e+06 7.4e+06 137 18722 19 3354 12 1232   7 1599   16 3986 29 1357
LR999943.1 7.4e+06 7.5e+06 173 27785 32 6003 14 6141   11 1416 7 3309 15 3159 31 1445
LR999943.1 7.5e+06 7.6e+06 192 32637 23 3896 20 2945 1 68 8 3044 2 309 15 9798 38 1543
LR999943.1 7.6e+06 7.7e+06 141 29849 22 4299 9 1796   9 1747 7 5854 19 10428 28 1119
LR999943.1 7.7e+06 7.8e+06 202 35307 43 7051 8 1122   13 5600 2 487 35 11685 31 1404
LR999943.1 7.8e+06 7.9e+06 171 24254 23 4285 10 953 1 111 14 5731 3 1866 7 893 36 1419
LR999943.1 7.9e+06 8e+06 78 8071 13 2772 9 1171   3 270   3 315 29 1246
LR999943.1 8e+06 8.1e+06 131 13767 17 3422 17 2310   3 269   8 1043 33 1351
LR999943.1 8.1e+06 8.2e+06 111 9857 24 3792 7 675   5 558   5 615 29 1061
LR999943.1 8.2e+06 8.3e+06 146 13796 30 4964 10 713   3 517 1 86 16 1665 31 1156
LR999943.1 8.3e+06 8.4e+06 151 16633 18 4091 15 1475 1 64 3 361   13 2294 26 1212
LR999943.1 8.4e+06 8.5e+06 109 15003 16 3046 11 3094 2 769 4 914 5 2541 4 1119 37 1611
LR999943.1 8.5e+06 8.6e+06 112 11579 17 2938 12 1059   4 366 1 86 5 911 25 1208
LR999943.1 8.6e+06 8.7e+06 197 22409 34 6337 25 2917 2 214 6 849 2 167 17 2262 31 1274
LR999943.1 8.7e+06 8.8e+06 186 23705 39 7764 13 2507 1 360 8 1690 2 122 19 3018 31 1355
LR999943.1 8.8e+06 8.9e+06 231 25882 51 9373 14 1210 1 78 8 965 1 101 23 3439 43 1652
LR999943.1 8.9e+06 9e+06 180 22023 23 5014 25 3852 5 918 7 822 4 248 16 2865 37 1568
LR999943.1 9e+06 9.1e+06 151 18466 25 4169 9 765 1 46 10 1553 1 79 19 3614 30 1112
LR999943.1 9.1e+06 9.2e+06 193 20347 36 6176 11 893   13 1504 4 379 16 2613 45 1769
LR999943.1 9.2e+06 9.3e+06 128 24192 16 3559 8 2193   5 2042 7 6260 15 4144 30 1180
LR999943.1 9.3e+06 9.4e+06 96 12823 7 1471 7 1897   4 604 1 79 9 4011 31 1427
LR999943.1 9.4e+06 9.5e+06 99 13649 7 1185 9 2323 4 1444 4 694   14 3768 33 1463
LR999943.1 9.5e+06 9.6e+06 139 20656 16 3168 16 2441 2 184 10 5128 2 252 9 1337 39 2106
LR999943.1 9.6e+06 9.7e+06 165 21172 15 3896 17 3429 2 371 8 2463 1 94 11 1351 36 1524
LR999943.1 9.7e+06 9.8e+06 188 27275 23 4436 19 3133 5 1966 10 1915 2 3779 16 3806 36 1619
LR999943.1 9.8e+06 9.9e+06 151 16094 23 4839 10 1297   8 1191 1 76 13 1259 42 1692
LR999943.1 9.9e+06 1e+07 150 17051 25 4600 13 1307 1 78 6 740 2 149 18 4173 39 1558
LR999943.1 1e+07 1.01e+07 194 22179 27 4596 16 1268   5 814   26 5537 45 1807
LR999943.1 1.01e+07 1.02e+07 139 16317 34 6230 7 667   8 2136 2 212 16 2028 32 1226
LR999943.1 1.02e+07 1.03e+07 216 25549 32 6072 20 1570 3 190 12 1603   20 2419 36 1372
LR999943.1 1.03e+07 1.04e+07 195 25042 51 9090 10 1590   8 2189 3 412 18 3194 30 1279
LR999943.1 1.04e+07 1.05e+07 199 24573 44 7975 11 1009 1 71 4 368 12 3892 17 2348 38 1631
LR999943.1 1.05e+07 1.06e+07 199 24202 37 7452 5 371   7 1110 2 228 20 5346 45 1642
LR999943.1 1.06e+07 1.07e+07 210 31854 38 6473 12 2070   15 6222 1 96 19 5228 40 1529
LR999943.1 1.07e+07 1.08e+07 229 34268 36 6959 11 786 4 449 14 2531 1 43 27 10844 31 1260
LR999943.1 1.08e+07 1.09e+07 181 30051 35 6604 7 1032   13 2948 4 3782 23 7449 37 1362
LR999943.1 1.09e+07 1.1e+07 240 29126 36 6387 7 740 2 161 8 581 2 129 24 6075 48 1868
LR999943.1 1.1e+07 1.11e+07 199 28344 31 6351 24 2031   8 1592 5 3148 31 6246 31 1133
LR999943.1 1.11e+07 1.12e+07 227 27095 53 8585 15 3148 4 2121 4 561 2 136 23 3759 36 1265
LR999943.1 1.12e+07 1.13e+07 141 19297 18 3181 15 3707   8 3997 1 36 16 2591 32 1459
LR999943.1 1.13e+07 1.14e+07 162 18999 29 6470 16 1524 2 291 6 949 1 78 10 1493 32 1329
LR999943.1 1.14e+07 1.15e+07 139 17102 14 2889 11 1023   1 95 5 3868 7 779 30 1243
LR999943.1 1.15e+07 1.16e+07 136 14347 17 3204 14 2085 1 688   1 171 8 784 40 1896
LR999943.1 1.16e+07 1.17e+07 137 20987 26 5737 13 3129 1 75 13 2696 3 207 20 5271 27 1115
LR999943.1 1.17e+07 1.18e+07 236 26983 61 9999 10 828   16 1789 4 287 32 5202 37 1359
LR999943.1 1.18e+07 1.19e+07 199 20271 43 7555 10 626   10 1377 3 183 15 2293 38 1702
LR999943.1 1.19e+07 1.2e+07 193 23876 56 10111 9 678 1 50 9 953 3 137 25 4433 33 1299
LR999943.1 1.2e+07 1.21e+07 214 30138 40 7378 8 865   18 2038 2 94 23 6643 35 1371
LR999943.1 1.21e+07 1.22e+07 169 17816 37 5837 10 660 1 71 13 2190 2 194 18 2123 39 1470
LR999943.1 1.22e+07 1.23e+07 150 16285 35 6370 12 891 1 60 3 280   16 1969 24 1037
LR999943.1 1.23e+07 1.24e+07 187 23948 49 9385 15 2240 2 1255 6 1412 4 446 21 2551 33 1429
LR999943.1 1.24e+07 1.25e+07 194 20740 42 7727 16 1098 1 70 7 1052 3 235 23 3233 29 1202
LR999943.1 1.25e+07 1.26e+07 225 30848 42 7706 12 1153 1 60 12 4419 2 474 24 4901 29 1202
LR999943.1 1.26e+07 1.27e+07 196 22197 44 8787 4 279   12 1683 2 139 24 3345 34 1379
LR999943.1 1.27e+07 1.28e+07 110 12458 22 3587 10 1380   4 1297 3 193 18 2132 25 1157
LR999943.1 1.28e+07 1.29e+07 149 22616 16 2257 7 472   14 3892 7 5080 13 1997 34 1649
LR999943.1 1.29e+07 1.3e+07 161 20683 32 5648 6 1081 1 701 9 1271 4 3110 11 1832 40 1440
LR999943.1 1.3e+07 1.31e+07 177 34929 23 4612 10 870 2 360 11 3171 1 77 21 14941 29 1204
LR999943.1 1.31e+07 1.32e+07 112 25058 9 971 5 1995 1 1579 18 7334 1 170 16 9018 20 830
LR999943.1 1.32e+07 13236624 50 10955 5 826 4 755   5 1895 1 79 7 5135 12 428
