chrom begin end count_rpt length_rpt count_SINE length_SINE count_DNA length_DNA count_TcM length_TcM count_LINE length_LINE count_LTR length_LTR count_nonLTR length_nonLTR count_simple length_simple
LR999946.1 1 100000 166 73649   20 1585 20 1585 32 6518   65 62538 38 2010
LR999946.1 100001 200000 104 27819 3 659 7 620 6 515 20 6646   34 17494 35 1798
LR999946.1 200001 300000 70 9197 8 1436 1 78   3 3404   7 1049 29 1175
LR999946.1 300001 400000 84 8664 16 3600 7 750   3 208   9 958 27 1137
LR999946.1 400001 500000 117 17126 29 5993 6 419   2 146   14 5969 24 1055
LR999946.1 500001 600000 117 19426 5 969 23 6220 2 1149 1 124 4 2040 20 4525 28 1061
LR999946.1 600001 700000 160 41526 7 1589 47 12561 6 907 3 2265 31 12133 12 6898 17 602
LR999946.1 700001 800000 149 39474 8 872 33 10924 8 2594 7 2118 19 7924 13 9690 25 1001
LR999946.1 800001 900000 143 49796 3 169 36 15827 4 1822 12 7519 9 8332 25 12971 21 891
LR999946.1 900001 1e+06 239 31698 50 9430 17 2679   9 1194 5 441 33 7833 41 1607
LR999946.1 1e+06 1.1e+06 227 35633 35 6382 20 3411 2 264 15 4266 8 4465 31 6933 35 1646
LR999946.1 1.1e+06 1.2e+06 253 32154 48 8508 23 3772   9 2049 4 275 27 4564 30 1155
LR999946.1 1.2e+06 1.3e+06 162 27203 23 4209 9 994 2 334 13 5372 4 3468 26 7164 38 1760
LR999946.1 1.3e+06 1.4e+06 196 25523 38 8185 16 3101 2 1623 8 892 1 65 34 4619 31 1413
LR999946.1 1.4e+06 1.5e+06 197 25765 42 9046 11 2965 1 1054 6 685 1 79 24 3389 35 1633
LR999946.1 1.5e+06 1.6e+06 176 21671 38 7341 9 714   5 566 6 475 20 3320 33 1412
LR999946.1 1.6e+06 1.7e+06 293 46429 55 11493 23 2971 2 686 14 2774 3 283 40 14647 24 967
LR999946.1 1.7e+06 1.8e+06 216 39559 40 8016 7 334 1 56 24 5634 4 1584 28 14747 38 1475
LR999946.1 1.8e+06 1.9e+06 271 32875 66 12575 14 1618   6 820 4 498 25 3102 32 1180
LR999946.1 1.9e+06 2e+06 234 38118 49 9697 11 2155 2 1610 14 1775 3 198 26 13510 40 1415
LR999946.1 2e+06 2.1e+06 297 33415 54 9099 15 1714 1 448 16 2526 1 92 35 4451 44 1808
LR999946.1 2.1e+06 2.2e+06 251 36078 28 5071 22 4404 2 150 15 6965   22 4412 39 1556
LR999946.1 2.2e+06 2.3e+06 191 21584 29 4829 16 2744 2 1623 7 819 1 50 19 3619 36 1485
LR999946.1 2.3e+06 2.4e+06 258 30623 59 10592 21 3312   10 1291 4 308 41 4308 33 1294
LR999946.1 2.4e+06 2.5e+06 236 30840 54 9817 13 1773   9 3131 5 532 27 4420 27 1022
LR999946.1 2.5e+06 2.6e+06 263 32146 47 6612 20 2794   12 2172 3 98 36 7935 47 2086
LR999946.1 2.6e+06 2.7e+06 234 26986 53 10461 10 1015   6 611 4 369 33 4320 31 1385
LR999946.1 2.7e+06 2.8e+06 217 27003 31 4616 18 1531 2 266 16 3912 3 290 22 5912 34 1521
LR999946.1 2.8e+06 2.9e+06 190 29085 56 10686 12 1191   11 1572 15 7901 24 3316 32 1332
LR999946.1 2.9e+06 3e+06 236 35354 63 9437 9 1297   14 2992 2 222 34 12425 33 1264
LR999946.1 3e+06 3.1e+06 203 34770 40 7256 13 1318   9 3056   30 12200 34 1156
LR999946.1 3.1e+06 3.2e+06 218 38857 28 5477 16 1862   22 3767 12 4301 34 13893 30 1215
LR999946.1 3.2e+06 3.3e+06 187 29605 45 8535 9 2600 1 689 11 4708 2 275 23 5395 22 778
LR999946.1 3.3e+06 3.4e+06 182 29360 25 4013 24 3779 1 71 13 2476 5 4561 24 5381 32 1381
LR999946.1 3.4e+06 3.5e+06 274 28818 45 7480 17 1172   14 1726 5 781 34 4182 37 1442
LR999946.1 3.5e+06 3.6e+06 211 23932 43 8222 12 1039   8 1026 1 247 16 1918 41 1653
LR999946.1 3.6e+06 3.7e+06 251 28648 46 8083 25 1907   5 534 3 254 29 3624 23 974
LR999946.1 3.7e+06 3.8e+06 219 20819 38 6796 20 1939   5 468 3 192 24 2497 37 1635
LR999946.1 3.8e+06 3.9e+06 222 22210 42 7158 7 556   9 786 4 236 24 2780 37 1410
LR999946.1 3.9e+06 4e+06 169 19662 40 7091 13 1945   6 702 1 86 19 3168 32 1272
LR999946.1 4e+06 4.1e+06 190 22752 34 5578 11 664   8 2213   15 4596 35 1286
LR999946.1 4.1e+06 4.2e+06 170 21570 38 6973 9 1177 1 44 6 690 1 57 19 6138 35 1394
LR999946.1 4.2e+06 4.3e+06 215 26266 42 7295 17 1074   10 1127 4 309 15 5481 41 1674
LR999946.1 4.3e+06 4.4e+06 160 19415 25 4914 14 2912   4 456 5 1174 17 2370 26 1211
LR999946.1 4.4e+06 4.5e+06 160 22442 30 5183 17 4344 1 1189 5 904 2 114 17 3963 28 1051
LR999946.1 4.5e+06 4.6e+06 167 17533 28 5803 10 1150   3 236 2 170 18 1968 44 1978
LR999946.1 4.6e+06 4.7e+06 186 20435 30 6115 27 2218   4 702 1 89 7 1521 31 1155
LR999946.1 4.7e+06 4.8e+06 197 23766 34 6750 8 1030   11 2076 2 108 15 2894 42 1825
LR999946.1 4.8e+06 4.9e+06 91 8518 13 2485 7 678 1 72 2 142     34 1408
LR999946.1 4.9e+06 5e+06 134 17037 25 4919 5 1743   4 455   15 2073 37 2574
LR999946.1 5e+06 5.1e+06 170 21696 30 5681 12 1304 1 82 8 2620 5 413 23 4498 34 1682
LR999946.1 5.1e+06 5.2e+06 205 24445 36 5062 15 2311   11 1268 4 314 24 6253 40 1423
LR999946.1 5.2e+06 5.3e+06 174 36329 36 6858 15 5337 2 1286 10 2930 3 4577 18 8420 22 947
LR999946.1 5.3e+06 5.4e+06 186 23005 41 8335 16 1432 2 369 15 1901 1 67 22 2645 26 1142
LR999946.1 5.4e+06 5.5e+06 127 11847 30 4635 8 782   4 889 3 189 6 817 37 1442
LR999946.1 5.5e+06 5.6e+06 108 13418 28 4427 5 422   3 437   13 4329 26 956
LR999946.1 5.6e+06 5.7e+06 216 25737 43 6218 11 912 1 66 15 1758 3 286 23 4402 29 1376
LR999946.1 5.7e+06 5.8e+06 184 23612 20 3898 19 3217 4 1192 17 2760 2 173 14 4550 42 1900
LR999946.1 5.8e+06 5.9e+06 127 12662 20 3031 9 914   2 393 2 126 18 2279 31 1241
LR999946.1 5.9e+06 6e+06 171 21117 21 3434 16 3631   6 880 3 192 15 4081 43 1989
LR999946.1 6e+06 6.1e+06 186 27617 31 6247 25 5223 1 287 9 2024 5 614 24 5994 40 1698
LR999946.1 6.1e+06 6.2e+06 148 24878 35 6839 4 208   7 1382 7 5046 13 4480 42 2073
LR999946.1 6.2e+06 6.3e+06 145 22278 35 7295 5 1575   8 1133 1 4078 9 1319 30 1200
LR999946.1 6.3e+06 6.4e+06 154 19279 38 6524 14 1382 2 172 12 2547   19 3479 25 1107
LR999946.1 6.4e+06 6.5e+06 132 15450 17 3198 10 1060   7 1560   13 1713 35 2020
LR999946.1 6.5e+06 6.6e+06 170 21952 18 3815 16 1918 1 35 13 3521   21 3708 31 1211
LR999946.1 6.6e+06 6.7e+06 177 27412 30 6157 8 4257   15 3971 4 830 23 3685 29 1149
LR999946.1 6.7e+06 6.8e+06 208 25409 38 6471 15 1563   10 1309 2 116 19 5596 36 1358
LR999946.1 6.8e+06 6.9e+06 147 20635 25 4280 12 3421 2 1623 13 1189 2 201 12 5631 35 1362
LR999946.1 6.9e+06 7e+06 104 12791 17 3161 4 169   2 235 3 211 13 4880 29 1274
LR999946.1 7e+06 7.1e+06 115 14358 14 2016 8 1662   5 560 3 252 20 3653 32 1363
LR999946.1 7.1e+06 7.2e+06 154 22686 16 2344 12 1350 1 86 7 6239 1 70 8 2737 51 2250
LR999946.1 7.2e+06 7.3e+06 126 16335 14 3057 9 1006   4 745 4 1740 8 2526 39 1667
LR999946.1 7.3e+06 7.4e+06 87 10577 12 2526 4 487 1 49 3 433 6 2799 10 1253 30 1241
LR999946.1 7.4e+06 7.5e+06 123 20473 24 3634 11 1967   3 2350 5 1576 13 4596 30 1201
LR999946.1 7.5e+06 7.6e+06 157 16992 23 3635 17 1791   11 2651 4 697 6 648 44 1730
LR999946.1 7.6e+06 7.7e+06 115 15315 18 3424 6 2911   8 1861   8 1956 35 1469
LR999946.1 7.7e+06 7.8e+06 129 14778 26 5833 6 1577 1 69 9 1075 2 177 11 1420 42 1797
LR999946.1 7.8e+06 7.9e+06 118 12558 27 4138 6 540   5 494   10 1433 21 884
LR999946.1 7.9e+06 8e+06 155 21730 30 6034 2 171   4 2126 6 3684 13 1576 44 1723
LR999946.1 8e+06 8.1e+06 133 14855 29 5859 5 505   8 659   8 1302 30 1208
LR999946.1 8.1e+06 8.2e+06 159 18315 33 6653 14 2124   4 373 1 86 20 3058 43 1861
LR999946.1 8.2e+06 8.3e+06 101 11520 18 3125 6 646   4 492   10 2332 25 1172
LR999946.1 8.3e+06 8.4e+06 132 13785 27 3203 8 1602 1 1068 1 45 4 697 9 1213 28 1044
LR999946.1 8.4e+06 8.5e+06 78 7002 17 2839     2 274 1 45 3 560 30 1391
LR999946.1 8.5e+06 8.6e+06 172 17852 32 4449 12 2600 1 513 2 443 2 181 23 3041 46 2151
LR999946.1 8.6e+06 8.7e+06 157 24814 27 4720 5 793   11 5373 4 697 14 4881 29 1181
LR999946.1 8.7e+06 8.8e+06 140 23842 30 5227 13 2549   5 1366 8 5182 9 3859 35 1438
LR999946.1 8.8e+06 8.9e+06 145 17423 32 4508 9 2597   6 1880   13 2028 44 2115
LR999946.1 8.9e+06 9e+06 157 17225 32 4950 7 591   3 409 4 393 19 4800 40 1651
LR999946.1 9e+06 9.1e+06 137 12758 37 5699 5 322   3 346   14 1716 40 1658
LR999946.1 9.1e+06 9.2e+06 189 21819 56 9188 11 1492   7 1010 1 83 17 2031 28 1079
LR999946.1 9.2e+06 9.3e+06 228 25961 47 8741 14 752   5 521 2 172 26 5313 41 1491
LR999946.1 9.3e+06 9.4e+06 172 21126 33 6535 5 418   11 2746 2 126 15 3851 34 1624
LR999946.1 9.4e+06 9.5e+06 175 22587 40 8407 10 1212 1 449 13 3166   26 3546 29 1146
LR999946.1 9.5e+06 9.6e+06 131 16926 33 6283 5 305   3 3349 3 138 17 2633 35 1518
LR999946.1 9.6e+06 9.7e+06 172 18995 33 5274 21 2849   9 840 5 1199 12 1861 32 1277
LR999946.1 9.7e+06 9.8e+06 162 18781 16 2200 8 852 1 39 11 2682 2 154 25 4617 31 1180
LR999946.1 9.8e+06 9.9e+06 158 49126 12 2801 19 4955 2 1265 10 2846 4 4226 50 28680 20 881
LR999946.1 9.9e+06 1e+07 213 31778 23 4565 17 2034 2 196 18 4341 3 328 26 8999 37 1661
LR999946.1 1e+07 1.01e+07 230 26485 43 7505 15 1225   13 3145 4 281 27 3683 39 1440
LR999946.1 1.01e+07 1.02e+07 155 18610 28 5463 3 331   12 3305 2 117 24 3106 36 1436
LR999946.1 1.02e+07 1.03e+07 215 31491 33 5423 13 1204   13 4779 2 126 35 9016 34 1459
LR999946.1 1.03e+07 1.04e+07 192 23975 53 9396 6 395   5 401 1 41 30 5947 39 1582
LR999946.1 1.04e+07 1.05e+07 196 20014 37 6399 11 820 1 66 5 584   14 2215 44 1891
LR999946.1 1.05e+07 1.06e+07 173 19561 41 7556 12 1592 1 324 1 166   14 1915 40 1538
LR999946.1 1.06e+07 1.07e+07 186 20867 35 5826 9 1649   7 1010 1 76 22 2144 45 1972
LR999946.1 1.07e+07 1.08e+07 221 25952 49 7808 8 766   17 2966 2 219 37 6505 41 1869
LR999946.1 1.08e+07 1.09e+07 155 21037 30 5554 5 477   5 3260 1 87 18 4542 32 1172
LR999946.1 1.09e+07 1.1e+07 175 19799 41 7164 5 380   3 1729 1 78 20 2408 35 1270
LR999946.1 1.1e+07 1.11e+07 167 20845 28 4563 18 4260   6 910 3 475 20 2978 39 1609
LR999946.1 1.11e+07 1.12e+07 198 22667 43 7731 18 1900 1 78 8 768   26 3700 33 1419
LR999946.1 1.12e+07 1.13e+07 198 23610 40 7314 21 3137 2 292 8 901 6 526 22 3131 38 1646
LR999946.1 1.13e+07 1.14e+07 174 19650 29 4332 13 1522   11 1173 2 72 17 4051 36 1432
LR999946.1 1.14e+07 1.15e+07 189 30830 46 8946 14 1488   7 3837 3 2936 25 6227 29 1109
LR999946.1 1.15e+07 1.16e+07 191 36689 14 3054 13 2351   21 9421 4 429 55 12948 27 1279
LR999946.1 1.16e+07 1.17e+07 197 34429 33 6551 9 1279 2 193 17 3809 7 5514 35 9168 28 1137
LR999946.1 1.17e+07 1.18e+07 129 12272 26 4290 11 921   3 309 2 132 14 1666 29 1111
LR999946.1 1.18e+07 1.19e+07 147 21902 40 6681 11 488   5 1828 2 278 15 7252 26 1141
LR999946.1 1.19e+07 1.2e+07 184 30532 25 4870 10 1136 1 421 13 2721 10 5650 28 8475 37 1606
LR999946.1 1.2e+07 1.21e+07 106 20787 21 3809 4 436   8 723 1 44 18 11424 16 737
LR999946.1 1.21e+07 1.22e+07 172 21258 27 4160 15 2207   9 3163 1 39 28 5316 30 1363
LR999946.1 1.22e+07 1.23e+07 135 16399 29 5165 3 103   11 2048 3 275 22 4671 27 1075
LR999946.1 1.23e+07 1.24e+07 125 13538 15 3007 4 463   10 1481   17 2762 34 1476
LR999946.1 1.24e+07 1.25e+07 116 15167 17 3889 10 2443   13 1827   17 2974 30 1413
LR999946.1 1.25e+07 12594674 84 33642 5 1123 3 276   7 3510 6 2126 16 7378 37 18155
