chrom begin end count_rpt length_rpt count_SINE length_SINE count_DNA length_DNA count_TcM length_TcM count_LINE length_LINE count_LTR length_LTR count_nonLTR length_nonLTR count_simple length_simple
LR999932.1 1 100000 160 24097 10 1758 14 1828 1 82 13 3561 1 47 32 9920 37 1834
LR999932.1 100001 200000 140 19922 32 5912 11 1106 2 462 7 830 5 4132 18 2203 22 833
LR999932.1 200001 300000 166 32646 21 4682 12 1659   4 1249 17 8977 17 6837 30 1491
LR999932.1 300001 400000 199 31580 40 8161 19 2216   15 3898 3 221 40 10595 31 1602
LR999932.1 400001 500000 208 23326 40 7386 11 912   7 749 2 103 18 3083 46 1680
LR999932.1 500001 600000 255 31559 60 10346 15 1415 1 283 8 966 2 250 28 5766 41 1528
LR999932.1 600001 700000 218 30937 60 10812 11 640   11 5013 4 352 35 6723 27 979
LR999932.1 700001 800000 222 28051 43 7997 17 2228   6 818 3 207 24 6355 37 1502
LR999932.1 800001 900000 217 26517 40 8000 16 2584   13 1475 1 99 27 3399 31 1151
LR999932.1 900001 1e+06 212 28587 49 8205 10 1273 1 482 12 1329 3 283 39 8698 28 1234
LR999932.1 1e+06 1.1e+06 212 26173 33 6947 19 2396 2 557 9 1794 3 198 25 5247 49 2340
LR999932.1 1.1e+06 1.2e+06 146 24205 30 5508 17 1757   2 168 5 8007 10 802 36 1518
LR999932.1 1.2e+06 1.3e+06 173 18571 36 5950 4 362   8 904 1 82 23 2524 29 1069
LR999932.1 1.3e+06 1.4e+06 146 17941 22 4033 5 356   6 2355 3 266 17 3668 27 1094
LR999932.1 1.4e+06 1.5e+06 139 16772 30 5353 7 295   9 844 1 104 15 4645 23 961
LR999932.1 1.5e+06 1.6e+06 147 14785 29 6014 7 507 2 116 5 846 1 74 18 1927 34 1317
LR999932.1 1.6e+06 1.7e+06 176 21073 36 7427 8 1743   4 613   21 2805 32 1406
LR999932.1 1.7e+06 1.8e+06 163 22260 36 7199 8 1131   4 625 3 228 31 6586 30 1226
LR999932.1 1.8e+06 1.9e+06 179 18916 37 5410 13 1912   8 1041 2 120 19 2009 34 1496
LR999932.1 1.9e+06 2e+06 216 33804 30 6112 16 2824   10 1787 8 3368 25 7098 40 1710
LR999932.1 2e+06 2.1e+06 195 27765 50 9599 9 784   13 2927 4 489 20 5781 27 1070
LR999932.1 2.1e+06 2.2e+06 237 29721 42 7344 25 1879   12 2934 4 277 27 5620 28 1140
LR999932.1 2.2e+06 2.3e+06 218 28346 49 8788 13 1013   11 2540 2 158 30 6897 30 1144
LR999932.1 2.3e+06 2.4e+06 259 37931 51 9938 26 3197 1 47 12 2097 6 5141 13 2891 33 1131
LR999932.1 2.4e+06 2.5e+06 236 31895 60 11485 24 3547 2 412 14 2436 1 47 26 5164 29 1095
LR999932.1 2.5e+06 2.6e+06 217 34704 40 8129 13 1319   12 2579 9 6622 32 5419 26 1015
LR999932.1 2.6e+06 2.7e+06 216 26099 41 8085 16 1202 1 91 14 2364   21 4546 35 1580
LR999932.1 2.7e+06 2.8e+06 258 38308 42 7423 16 2219   13 2479 6 3613 27 4982 30 1186
LR999932.1 2.8e+06 2.9e+06 213 28533 46 8006 11 981 1 42 18 3489   29 7846 39 1447
LR999932.1 2.9e+06 3e+06 250 34752 52 8906 27 4076 3 1044 8 2866 2 127 18 5580 34 1358
LR999932.1 3e+06 3.1e+06 248 34291 43 9281 15 1870   16 2748 3 246 33 7425 26 1169
LR999932.1 3.1e+06 3.2e+06 234 29831 54 10496 12 2239   12 2281 5 453 23 4122 45 1998
LR999932.1 3.2e+06 3.3e+06 191 25310 32 6729 19 2694   1 94 2 85 23 6533 53 2442
LR999932.1 3.3e+06 3.4e+06 155 18504 31 6202 9 668   3 311 4 547 12 1891 35 1567
LR999932.1 3.4e+06 3.5e+06 208 27103 21 4018 29 2972 2 384 12 1877 1 84 24 6865 38 1650
LR999932.1 3.5e+06 3.6e+06 203 25922 37 7211 16 2835   8 1221   21 3582 32 1491
LR999932.1 3.6e+06 3.7e+06 240 31841 42 7399 10 820   10 2653 2 135 31 9474 33 1404
LR999932.1 3.7e+06 3.8e+06 217 32371 47 9245 11 3124 2 779 13 2526 3 4698 25 2802 30 1233
LR999932.1 3.8e+06 3.9e+06 183 28277 40 7149 12 2702 1 203 12 4587 3 212 21 5378 26 1134
LR999932.1 3.9e+06 4e+06 187 28534 34 6902 8 1226   6 2719 1 83 23 6328 32 1240
LR999932.1 4e+06 4.1e+06 207 30486 56 11109 15 1545   12 2618 3 237 17 6313 29 1184
LR999932.1 4.1e+06 4.2e+06 237 33200 41 8064 10 879   15 2564 2 145 21 8729 33 1335
LR999932.1 4.2e+06 4.3e+06 253 33626 45 8692 18 1540 1 41 12 3326 2 144 25 7376 31 1075
LR999932.1 4.3e+06 4.4e+06 242 37669 41 8052 15 2406   8 1325 4 517 15 7364 37 1628
LR999932.1 4.4e+06 4.5e+06 208 25291 45 8472 20 3230 1 675 11 2181 3 427 20 3051 42 1794
LR999932.1 4.5e+06 4.6e+06 160 17064 30 5614 13 1327   3 388   6 419 32 1381
LR999932.1 4.6e+06 4.7e+06 158 19429 24 4981 18 2371   9 1487 4 328 12 2606 30 1346
LR999932.1 4.7e+06 4.8e+06 161 16419 27 4991 7 619   4 518 3 344 22 3949 49 2074
LR999932.1 4.8e+06 4.9e+06 118 12615 19 3466 12 1353   2 137 4 321 7 646 32 1512
LR999932.1 4.9e+06 5e+06 121 14916 18 3976 13 2691 3 305 10 1227   12 1414 36 1835
LR999932.1 5e+06 5.1e+06 199 23751 46 9075 12 987 2 216 7 842 7 1237 34 5080 34 1238
LR999932.1 5.1e+06 5.2e+06 205 28375 44 8153 9 1155 1 626 17 5789 3 277 28 3890 33 1524
LR999932.1 5.2e+06 5.3e+06 246 32436 41 8216 28 5930 2 376 9 921 6 1209 24 3595 33 1276
LR999932.1 5.3e+06 5.4e+06 183 20875 25 4338 12 1424   10 1777 4 283 13 2568 31 1326
LR999932.1 5.4e+06 5.5e+06 162 19457 23 5850 8 1024   2 156 2 100 12 3317 58 2847
LR999932.1 5.5e+06 5.6e+06 145 27596 13 2260 11 1815 2 521 13 7491 1 52 22 9680 35 1404
LR999932.1 5.6e+06 5.7e+06 132 20504 21 4027 15 3456   4 804 4 1975 9 4699 38 2464
LR999932.1 5.7e+06 5.8e+06 121 13277 18 3314 15 1568     3 313 9 3641 43 1687
LR999932.1 5.8e+06 5.9e+06 117 12469 14 2499 8 806   1 137 1 55 12 3497 40 1617
LR999932.1 5.9e+06 6e+06 159 26197 11 1988 16 6421 2 378 18 5579 2 369 20 3468 34 1486
LR999932.1 6e+06 6.1e+06 163 29493 22 3753 13 2584 1 110 11 2053   23 10710 32 1292
LR999932.1 6.1e+06 6.2e+06 173 25139 21 4222 12 3454 1 220 16 3120 2 262 18 6268 43 1713
LR999932.1 6.2e+06 6.3e+06 159 18475 17 4025 14 1505 1 79 7 709 1 97 14 3041 38 1475
LR999932.1 6.3e+06 6.4e+06 158 21377 17 3889 20 4351 4 1624 12 2128 2 185 15 3867 49 1963
LR999932.1 6.4e+06 6.5e+06 130 13245 24 3709 11 1165 1 103 5 966   9 1173 34 1358
LR999932.1 6.5e+06 6.6e+06 151 24241 8 1428 13 2017   7 2936 5 1644 20 7766 42 1838
LR999932.1 6.6e+06 6.7e+06 121 23266 6 1335 8 1065 1 280 6 1070 18 4456 19 9892 23 1041
LR999932.1 6.7e+06 6.8e+06 142 16942 20 4200 15 1955 2 310 5 806   6 2148 45 1925
LR999932.1 6.8e+06 6.9e+06 108 23334 16 2935 6 1996 2 1532 2 1909   11 9765 30 1257
LR999932.1 6.9e+06 7e+06 158 18934 21 3194 15 1577 2 336 15 2454 8 1341 12 3022 24 869
LR999932.1 7e+06 7.1e+06 133 13713 12 2052 11 910 1 114 11 1905 4 251 12 2157 37 1483
LR999932.1 7.1e+06 7.2e+06 162 16620 18 2549 7 594 1 135 7 695 1 77 10 2037 46 1873
LR999932.1 7.2e+06 7.3e+06 177 30185 19 3381 19 5106 4 1005 10 2391 2 122 14 7563 38 1570
LR999932.1 7.3e+06 7.4e+06 138 23114 15 1890 11 1391   16 5452   14 7986 34 1335
LR999932.1 7.4e+06 7.5e+06 116 13900 12 2397 6 1725   8 1090 2 614 5 2284 45 1782
LR999932.1 7.5e+06 7.6e+06 95 12773 8 1372 8 3662 3 2083 2 438 1 45 8 1797 31 1480
LR999932.1 7.6e+06 7.7e+06 117 14719 15 3519 6 631   12 4055   9 1563 41 1739
LR999932.1 7.7e+06 7.8e+06 45 2447 2 509 1 123   2 148 2 100   30 1213
LR999932.1 7.8e+06 7.9e+06 106 13285 5 810 9 1170 3 730 6 2255 3 658 9 3600 45 1762
LR999932.1 7.9e+06 8e+06 97 10308 2 391 13 1777 3 790 6 672 2 254 7 1395 28 1368
LR999932.1 8e+06 8.1e+06 119 10161 6 968 10 1562 3 1021 5 467 2 164 8 906 39 1614
LR999932.1 8.1e+06 8.2e+06 132 18896 16 2454 5 1056 1 75 6 1751 3 230 25 6752 29 1280
LR999932.1 8.2e+06 8.3e+06 108 12181 20 3557 4 1546   6 1386   12 1965 33 1561
LR999932.1 8.3e+06 8.4e+06 123 21315 20 3679 11 1192   1 111 11 8378 7 998 24 937
LR999932.1 8.4e+06 8.5e+06 129 13497 11 2288 11 1307 1 86 5 663 2 157 10 1379 32 1382
LR999932.1 8.5e+06 8.6e+06 102 7855 10 1523 8 436   2 413 1 84 3 238 43 1860
LR999932.1 8.6e+06 8.7e+06 104 9637 7 750 7 590 1 103 6 1524 1 87 16 2733 39 1706
LR999932.1 8.7e+06 8.8e+06 95 14524 15 2651 5 1695   10 4506   7 1269 25 1048
LR999932.1 8.8e+06 8.9e+06 115 10573 10 1902 7 761   5 809 1 76 3 446 47 1940
LR999932.1 8.9e+06 9e+06 127 13283 14 2333 10 1538   11 1420 2 151 8 758 42 1720
LR999932.1 9e+06 9.1e+06 97 9075 11 1733 6 1368   6 493 1 83 4 148 35 1748
LR999932.1 9.1e+06 9.2e+06 165 25282 10 1270 18 2074   16 6898 3 326 23 4442 30 1254
LR999932.1 9.2e+06 9.3e+06 162 27256 14 2438 14 3771 3 1336 15 7498 1 242 24 4699 37 1464
LR999932.1 9.3e+06 9.4e+06 139 22795 8 1507 16 2240 2 677 10 3562 3 516 11 7460 35 1548
LR999932.1 9.4e+06 9.5e+06 137 19659 15 2142 17 5179 1 256 10 1570 2 160 16 4795 37 1569
LR999932.1 9.5e+06 9.6e+06 112 15285 10 1531 8 927   7 2264 5 2451 12 2861 29 1185
LR999932.1 9.6e+06 9.7e+06 168 24897 21 4264 14 3417 1 490 14 2304 4 2495 22 4722 46 1803
LR999932.1 9.7e+06 9.8e+06 129 18359 11 1883 9 684   7 2003 4 3579 15 3278 36 1435
LR999932.1 9.8e+06 9.9e+06 112 10048 6 1428 6 650   3 176   7 1019 50 2004
LR999932.1 9.9e+06 1e+07 143 21633 30 5690 25 6665   3 372   12 1955 33 1427
LR999932.1 1e+07 1.01e+07 115 10359 14 2353 5 580   10 1387 1 85 11 1230 44 1776
LR999932.1 1.01e+07 1.02e+07 153 16330 24 3564 9 722   5 584 1 40 15 3599 33 1370
LR999932.1 1.02e+07 1.03e+07 117 19448 14 2574 10 844 1 94 7 4660 2 80 6 4106 26 1062
LR999932.1 1.03e+07 1.04e+07 144 20883 13 2000 13 2153 2 568 6 3112   12 3968 39 1668
LR999932.1 1.04e+07 1.05e+07 92 10134 12 1698 2 210   6 782 1 70 11 3507 29 1173
LR999932.1 1.05e+07 1.06e+07 137 19260 13 2939 8 1991   6 909 2 124 12 4696 34 1618
LR999932.1 1.06e+07 1.07e+07 143 20538 11 1622 5 1218   7 1182 4 3180 13 5468 45 1945
LR999932.1 1.07e+07 1.08e+07 129 21026 19 3210 14 3253   6 3570   6 2822 28 1105
LR999932.1 1.08e+07 1.09e+07 100 8920 14 1767 8 1763   9 1211 2 168 4 290 30 1288
LR999932.1 1.09e+07 1.1e+07 146 20707 25 3870 3 566   14 6504   14 3203 41 1690
LR999932.1 1.1e+07 1.11e+07 147 24514 10 1878 25 4785 5 817 13 2362 2 1947 15 6491 31 1324
LR999932.1 1.11e+07 1.12e+07 146 17870 12 2205 10 1552 1 101 12 3520 10 1806 12 2862 46 2050
LR999932.1 1.12e+07 1.13e+07 144 26268 9 1281 13 1740 1 626 5 1272 3 2410 23 11143 27 1077
LR999932.1 1.13e+07 1.14e+07 174 26581 11 1858 44 9222 7 1747 9 1615   11 3293 23 1016
LR999932.1 1.14e+07 1.15e+07 107 12741 21 3129 6 2103   1 41 1 57 6 496 26 921
LR999932.1 1.15e+07 1.16e+07 103 10177 12 2504 10 1901   3 253 1 56 7 1078 35 1375
LR999932.1 1.16e+07 1.17e+07 106 11535 18 3510 7 795   4 473 1 61 6 1176 26 1033
LR999932.1 1.17e+07 1.18e+07 172 16653 22 3463 8 852 2 413 6 454 3 300 21 4169 47 1920
LR999932.1 1.18e+07 1.19e+07 148 15461 19 3694 9 835 1 218 13 1612   10 1040 39 1691
LR999932.1 1.19e+07 1.2e+07 126 16640 17 2536 8 487   5 794 1 32 15 6594 27 1232
LR999932.1 1.2e+07 1.21e+07 176 22792 21 3968 20 4052 2 1764 11 4002   18 1842 34 1503
LR999932.1 1.21e+07 1.22e+07 156 33727 13 2133 14 3970   23 8703 5 4878 20 7083 28 1099
LR999932.1 1.22e+07 1.23e+07 155 22211 38 6747 9 858   16 7036 3 202 10 1746 33 1396
LR999932.1 1.23e+07 1.24e+07 165 18403 35 5414 8 903   14 1605 4 1007 15 2062 32 1352
LR999932.1 1.24e+07 1.25e+07 206 27350 36 6932 9 643   11 3040 5 2046 17 2479 37 1364
LR999932.1 1.25e+07 1.26e+07 170 26529 17 3676 6 537   12 3071 12 3473 31 7894 34 1434
LR999932.1 1.26e+07 1.27e+07 176 19076 22 3944 19 2242 3 302 11 2640   16 3083 57 2105
LR999932.1 1.27e+07 1.28e+07 141 16707 34 6713 9 1264   3 182 1 72 21 2976 34 1427
LR999932.1 1.28e+07 1.29e+07 217 34164 28 5292 17 3773   19 7853 3 224 27 4898 34 1403
LR999932.1 1.29e+07 1.3e+07 181 26839 33 6541 13 1859 1 677 8 1148 17 6531 21 3635 42 1669
LR999932.1 1.3e+07 1.31e+07 121 25517 14 3613 9 1733   11 3352 5 2609 24 10010 30 1399
LR999932.1 1.31e+07 1.32e+07 183 20588 22 4479 17 2174 2 233 10 1306 2 164 20 2700 42 1761
LR999932.1 1.32e+07 1.33e+07 207 25833 39 8015 21 3248   7 2190 5 530 19 2863 36 1619
LR999932.1 1.33e+07 1.34e+07 185 32231 48 8766 5 1306 1 682 12 4368 2 3494 34 7129 23 849
LR999932.1 1.34e+07 1.35e+07 225 31363 55 8666 13 2082   15 2756 2 209 32 6687 32 1413
LR999932.1 1.35e+07 1.36e+07 261 35326 57 10110 21 1868 1 83 12 3691 3 240 29 4634 37 1536
LR999932.1 1.36e+07 1.37e+07 159 18675 43 8452 9 863   6 614 3 260 16 2083 20 875
LR999932.1 1.37e+07 1.38e+07 170 18307 52 9237 8 464   4 529 1 97 18 2228 35 1346
LR999932.1 1.38e+07 1.39e+07 171 17430 40 7279 11 758   5 462 1 69 20 2607 36 1480
LR999932.1 1.39e+07 1.4e+07 161 18101 24 3641 25 3927 1 95 2 171   15 3586 40 1508
LR999932.1 1.4e+07 1.41e+07 263 36855 50 8646 24 3042   11 1063   40 10954 31 1330
LR999932.1 1.41e+07 1.42e+07 192 27473 34 6069 8 696   10 4574 2 153 31 7244 25 870
LR999932.1 1.42e+07 1.43e+07 148 15453 24 4401 8 1156   1 357   10 1622 32 1424
LR999932.1 1.43e+07 1.44e+07 237 27382 47 9627 15 1368   5 679   22 3892 53 2044
LR999932.1 1.44e+07 1.45e+07 252 31149 55 10663 14 1031 1 50 16 1934 3 281 37 6485 40 1548
LR999932.1 1.45e+07 1.46e+07 247 32123 57 10708 17 1591 3 237 11 2048 2 501 42 7284 29 1183
LR999932.1 1.46e+07 1.47e+07 143 32111 28 6074 8 465   11 4871 3 2053 24 12742 32 1645
LR999932.1 1.47e+07 1.48e+07 191 20916 32 6061 17 2136   10 1112   25 3066 35 1979
LR999932.1 1.48e+07 1.49e+07 152 18588 29 5836 7 1573 2 369 6 753 3 374 18 3304 37 1740
LR999932.1 1.49e+07 1.5e+07 134 19484 28 5315 9 1584   13 3146 2 136 13 3200 31 1354
LR999932.1 1.5e+07 1.51e+07 167 19496 38 8248 8 602   9 1007   22 3386 28 998
LR999932.1 1.51e+07 1.52e+07 122 13248 14 2599 8 805   3 1711 4 278 12 1736 30 1359
LR999932.1 1.52e+07 1.53e+07 98 9837 11 1846 11 1989   3 405   7 951 37 1572
LR999932.1 1.53e+07 1.54e+07 82 7565 7 1606 5 688   4 384 2 129 4 493 39 1633
LR999932.1 1.54e+07 15426761 30 9244 3 842 1 118 1 118 2 1850 8 3934 2 1003 6 375
