chrom begin end count_rpt length_rpt count_SINE length_SINE count_DNA length_DNA count_TcM length_TcM count_LINE length_LINE count_LTR length_LTR count_nonLTR length_nonLTR count_simple length_simple
LR999945.1 1 100000 114 18688 7 1310 7 442   3 1882 7 4681 11 4320 43 1873
LR999945.1 100001 200000 105 15943 11 1824 5 528   9 1087 2 129 20 7259 24 984
LR999945.1 200001 300000 119 19944 8 809 14 2585 3 1463 6 3640 3 431 12 5917 31 1405
LR999945.1 300001 400000 104 12697 16 2834 10 2908 4 965 10 1419 3 420 11 1369 25 923
LR999945.1 400001 500000 147 19506 18 3730 11 1688 2 602 7 3722 5 349 17 3427 34 1542
LR999945.1 500001 600000 116 12709 15 3018 8 494   5 698 1 63 16 3217 27 1216
LR999945.1 600001 700000 186 19205 28 5525 16 1572   4 276 1 35 18 2573 45 2075
LR999945.1 700001 800000 180 24434 38 7025 14 3157 2 110 7 3609 2 179 34 4689 38 1381
LR999945.1 800001 900000 176 19079 26 5369 13 1555   7 1158 2 192 19 2706 43 1945
LR999945.1 900001 1e+06 129 16205 18 3807 9 1020 1 50 4 2516 1 86 16 1890 32 1248
LR999945.1 1e+06 1.1e+06 202 24540 30 6357 14 2461   7 734 2 128 24 3856 44 1629
LR999945.1 1.1e+06 1.2e+06 71 5113 4 508 2 127   3 414 1 54 9 873 29 1121
LR999945.1 1.2e+06 1.3e+06 66 5459 8 1296 6 469   2 173 2 143 3 364 24 989
LR999945.1 1.3e+06 1.4e+06 132 11762 20 3443 6 579   7 684 4 326 16 1874 40 1735
LR999945.1 1.4e+06 1.5e+06 175 29696 29 4458 8 537   16 3381 2 146 20 13673 34 1378
LR999945.1 1.5e+06 1.6e+06 138 14216 36 6981 7 573 1 51 7 413 1 31 9 913 40 1595
LR999945.1 1.6e+06 1.7e+06 233 26755 50 7815 16 1900   7 933   24 3666 33 1377
LR999945.1 1.7e+06 1.8e+06 259 33817 55 10496 17 2219   17 2044 2 177 29 7686 35 1440
LR999945.1 1.8e+06 1.9e+06 261 28889 50 9348 12 982   11 1245 1 48 29 4440 45 1552
LR999945.1 1.9e+06 2e+06 246 30857 51 8779 14 1460 1 454 10 1902 2 109 28 6902 27 1116
LR999945.1 2e+06 2.1e+06 225 31170 50 10946 13 1676 2 321 12 1523 4 448 30 8397 39 1572
LR999945.1 2.1e+06 2.2e+06 229 30258 40 7540 12 1794 1 102 19 5223 5 574 28 4372 34 1303
LR999945.1 2.2e+06 2.3e+06 224 34846 61 10689 12 1076   18 4285 3 153 29 9462 24 759
LR999945.1 2.3e+06 2.4e+06 227 33478 33 5860 17 2097   13 3281 1 97 23 5703 33 1312
LR999945.1 2.4e+06 2.5e+06 259 33235 51 9608 8 1280 1 330 12 1893 4 220 26 5824 38 1440
LR999945.1 2.5e+06 2.6e+06 160 19435 41 6586 9 867   6 732 8 2169 17 1872 24 1049
LR999945.1 2.6e+06 2.7e+06 175 20797 40 6601 7 539 1 218 6 935 7 877 19 3456 29 1022
LR999945.1 2.7e+06 2.8e+06 259 40316 63 10034 19 2572   21 7043 2 201 23 6562 29 1067
LR999945.1 2.8e+06 2.9e+06 249 35329 37 7013 21 3162 2 292 10 1134 10 5107 28 5475 40 1574
LR999945.1 2.9e+06 3e+06 250 36787 56 9246 20 2066 2 272 10 1563 3 4452 46 8834 30 1065
LR999945.1 3e+06 3.1e+06 159 24791 35 7251 11 2451 2 420 9 1920 2 2371 24 5658 29 1283
LR999945.1 3.1e+06 3.2e+06 185 26765 30 5693 9 1131   12 1277 8 4802 22 5096 32 1500
LR999945.1 3.2e+06 3.3e+06 192 21880 28 6043 11 922   11 3012 1 86 22 2995 32 1124
LR999945.1 3.3e+06 3.4e+06 104 8222 7 1114 7 544   6 697 2 138 8 684 33 1404
LR999945.1 3.4e+06 3.5e+06 177 21044 34 6607 15 2020   2 855 2 115 22 3817 48 2000
LR999945.1 3.5e+06 3.6e+06 182 21178 25 4171 16 1605   14 3891 2 149 10 2428 36 1381
LR999945.1 3.6e+06 3.7e+06 210 23272 38 7147 19 2825   4 573 3 189 13 1923 31 1276
LR999945.1 3.7e+06 3.8e+06 194 21347 44 7019 10 654 1 84 13 1805   20 3505 34 1213
LR999945.1 3.8e+06 3.9e+06 214 27250 34 5867 18 1801 1 80 11 1362 1 34 17 4597 34 1339
LR999945.1 3.9e+06 4e+06 219 29760 39 6668 11 1125   13 7378 1 71 18 3362 34 1353
LR999945.1 4e+06 4.1e+06 230 25316 38 6597 16 1196   14 2060 2 226 25 3528 26 965
LR999945.1 4.1e+06 4.2e+06 183 20643 36 6641 14 2476   3 474 3 241 22 2933 29 1169
LR999945.1 4.2e+06 4.3e+06 183 27466 22 4957 12 1298   13 5441 5 478 21 4699 37 1803
LR999945.1 4.3e+06 4.4e+06 88 10789 12 1841 4 554   3 252 1 46 10 4214 34 1495
LR999945.1 4.4e+06 4.5e+06 151 15525 30 4353 9 782   4 528   7 781 38 1691
LR999945.1 4.5e+06 4.6e+06 148 13603 25 4694 12 832   10 1106 4 226 11 1448 46 1617
LR999945.1 4.6e+06 4.7e+06 120 14453 21 3747 12 1328 2 204 3 407 1 72 10 1687 25 1036
LR999945.1 4.7e+06 4.8e+06 135 25075 12 1946 14 4833 3 1361 4 1088 4 1726 18 7846 36 1731
LR999945.1 4.8e+06 4.9e+06 108 11600 7 1709 11 1121 2 116 6 1433 2 168 7 1776 39 1853
LR999945.1 4.9e+06 5e+06 130 22320 13 2436 11 3063 1 606 1 155 3 1172 20 8188 38 1785
LR999945.1 5e+06 5.1e+06 109 10890 20 2967 5 636   3 314 1 86 12 1379 35 1846
LR999945.1 5.1e+06 5.2e+06 80 7565 16 2712 8 885   2 369   4 462 30 1267
LR999945.1 5.2e+06 5.3e+06 155 17013 21 4065 14 2434   6 781 3 319 11 1844 41 1672
LR999945.1 5.3e+06 5.4e+06 135 21851 27 5499 3 166   12 7328 1 75 13 1570 23 1148
LR999945.1 5.4e+06 5.5e+06 216 26430 34 5043 19 3679   12 4384 5 490 23 3944 44 1934
LR999945.1 5.5e+06 5.6e+06 171 25422 36 7726 17 3189   11 2829   26 3379 28 1187
LR999945.1 5.6e+06 5.7e+06 105 9797 16 2881 13 1193   4 594 2 205 5 312 33 1390
LR999945.1 5.7e+06 5.8e+06 128 12518 27 4391 5 445   6 962 1 77 8 1301 35 1321
LR999945.1 5.8e+06 5.9e+06 116 11787 10 1310 17 1759   5 875 2 257 11 1453 30 1221
LR999945.1 5.9e+06 6e+06 172 19661 21 3673 29 4986 1 678 7 782 1 112 9 898 32 1308
LR999945.1 6e+06 6.1e+06 143 18721 19 4371 13 4133 1 106 3 382   10 1036 45 1859
LR999945.1 6.1e+06 6.2e+06 251 33294 48 8694 16 1558 1 112 19 6488 4 256 20 3575 33 1307
LR999945.1 6.2e+06 6.3e+06 203 24351 51 9291 15 1073 1 113 10 1368 2 441 24 3268 26 1064
LR999945.1 6.3e+06 6.4e+06 136 20163 30 5736 8 3541 2 1593 6 829 1 345 14 3455 26 1317
LR999945.1 6.4e+06 6.5e+06 183 20213 32 5184 12 1029 1 78 13 1676   19 3663 37 1534
LR999945.1 6.5e+06 6.6e+06 204 26549 39 6347 2 194   12 1220   24 7388 33 1219
LR999945.1 6.6e+06 6.7e+06 174 20050 37 7254 12 859   9 1493   11 2308 39 1805
LR999945.1 6.7e+06 6.8e+06 177 23083 30 5591 11 3119   12 1407 1 87 21 5511 35 1342
LR999945.1 6.8e+06 6.9e+06 170 23909 22 3599 19 3625   4 616 10 6009 17 2354 40 1784
LR999945.1 6.9e+06 7e+06 117 9552 10 1868 11 1183 1 192 4 400   3 468 44 1884
LR999945.1 7e+06 7.1e+06 155 18625 26 4176 14 2031 1 42 8 2045 1 135 20 3147 33 1617
LR999945.1 7.1e+06 7.2e+06 98 16779 12 2531 4 375   2 273 5 6171 9 2029 36 1598
LR999945.1 7.2e+06 7.3e+06 110 19963 15 2968 4 471 2 357 5 3064   4 4079 29 1319
LR999945.1 7.3e+06 7.4e+06 142 26751 18 3532 16 1841   3 1805   20 13700 49 2395
LR999945.1 7.4e+06 7.5e+06 150 26235 22 4099 12 2697 4 1577 6 2396 4 3813 17 4833 35 1565
LR999945.1 7.5e+06 7.6e+06 96 17952 9 1803 7 544 1 63 2 1884 9 4860 3 3601 29 1081
LR999945.1 7.6e+06 7.7e+06 156 16956 17 3037 9 1993 1 75 6 540 1 57 8 682 34 1393
LR999945.1 7.7e+06 7.8e+06 172 21200 35 6607 20 2188   11 2339 1 57 16 3428 34 1386
LR999945.1 7.8e+06 7.9e+06 186 21489 36 6576 21 2431   8 1034   16 1697 29 1028
LR999945.1 7.9e+06 8e+06 200 22751 37 6353 21 3381 1 185 8 728 2 288 20 2402 25 953
LR999945.1 8e+06 8.1e+06 132 16565 23 4739 6 1524   6 598 1 126 9 1214 30 1241
LR999945.1 8.1e+06 8.2e+06 157 17177 23 3928 12 3241   7 863   16 1483 40 1630
LR999945.1 8.2e+06 8.3e+06 138 17721 22 4886 6 619   2 266 2 242 11 4178 34 1332
LR999945.1 8.3e+06 8.4e+06 190 22199 36 6699 23 3517   11 1886 5 505 17 2315 33 1357
LR999945.1 8.4e+06 8.5e+06 159 25930 25 4426 14 2183   12 5302 2 102 21 7629 35 1191
LR999945.1 8.5e+06 8.6e+06 175 18941 32 4982 12 1197   7 1570   18 3051 46 2099
LR999945.1 8.6e+06 8.7e+06 140 15950 25 5041 13 1711   3 617   15 1747 34 1408
LR999945.1 8.7e+06 8.8e+06 106 15809 6 888 5 366   6 855 6 1209 11 6172 26 1605
LR999945.1 8.8e+06 8.9e+06 192 16766 27 4239 12 1055 1 346 6 724 1 113 14 1639 81 3746
LR999945.1 8.9e+06 9e+06 147 16682 29 5008 9 1806   5 670   14 4376 43 2047
LR999945.1 9e+06 9.1e+06 126 12915 23 4024 8 1129 1 171 7 904 5 384 8 870 33 1470
LR999945.1 9.1e+06 9.2e+06 155 26598 20 4066 17 3104 3 2048 4 459 3 229 24 12137 32 1581
LR999945.1 9.2e+06 9.3e+06 162 26441 32 6422 5 443   4 1051 7 6306 13 4828 44 1696
LR999945.1 9.3e+06 9.4e+06 136 21315 23 3887 11 3789 3 1758 5 2227 2 122 16 4684 23 1165
LR999945.1 9.4e+06 9.5e+06 119 18692 16 3872 11 1310 2 205 4 550 1 92 13 6343 35 1458
LR999945.1 9.5e+06 9.6e+06 104 10513 13 3155 6 634   2 269   5 610 40 1547
LR999945.1 9.6e+06 9.7e+06 176 36075 12 2705 15 3352 4 1353 23 6227 12 5588 35 13062 42 1784
LR999945.1 9.7e+06 9.8e+06 209 32108 43 8468 15 2835 2 1268 13 6817 2 180 34 5982 34 1272
LR999945.1 9.8e+06 9.9e+06 182 44650 43 8526 8 642 1 76 20 14676 1 42 17 12624 24 837
LR999945.1 9.9e+06 1e+07 148 19066 28 6006 8 1060   6 924 3 192 22 5161 36 1633
LR999945.1 1e+07 1.01e+07 212 26224 35 5640 23 4802 1 1068 7 2041 2 165 19 2518 24 837
LR999945.1 1.01e+07 1.02e+07 120 17921 11 2029 15 1690 3 329 4 4558 1 79 15 2978 24 1063
LR999945.1 1.02e+07 1.03e+07 206 23159 28 6124 19 1714   12 1316 1 56 14 2378 45 1919
LR999945.1 1.03e+07 1.04e+07 192 24824 38 6597 13 1119   16 2369 1 53 20 5444 27 1168
LR999945.1 1.04e+07 1.05e+07 181 29823 38 6831 4 483 1 121 13 4721 4 1832 19 8211 38 1629
LR999945.1 1.05e+07 1.06e+07 174 23363 30 6916 8 681 2 188 11 1426 1 40 22 6886 41 1659
LR999945.1 1.06e+07 1.07e+07 164 20503 39 6523 15 3156 2 1606 9 1090 1 84 12 2266 24 979
LR999945.1 1.07e+07 1.08e+07 185 23649 44 7198 8 694   7 867 7 4287 20 2445 39 1661
LR999945.1 1.08e+07 1.09e+07 199 22297 48 8329 13 1302   10 1075   18 2029 31 1336
LR999945.1 1.09e+07 1.1e+07 224 33207 30 6277 18 1442 2 337 21 6113 2 165 35 8905 36 1224
LR999945.1 1.1e+07 1.11e+07 146 21266 26 4672 10 1562 1 317 13 2162   20 4561 24 1013
LR999945.1 1.11e+07 1.12e+07 164 22098 20 4431 14 1417   4 676 4 2029 23 4770 42 1942
LR999945.1 1.12e+07 1.13e+07 155 17931 36 6905 16 1862   8 1111 3 169 12 1732 25 1065
LR999945.1 1.13e+07 1.14e+07 185 20440 33 6099 13 2047   9 1188 2 184 16 2570 36 1323
LR999945.1 1.14e+07 1.15e+07 200 22588 42 7803 9 767   14 1672 4 697 26 2974 31 1167
LR999945.1 1.15e+07 1.16e+07 186 28690 27 4383 11 1560   18 3948 1 5038 17 2192 25 944
LR999945.1 1.16e+07 1.17e+07 208 25475 48 8202 17 2282   16 2466 2 333 17 2386 32 1159
LR999945.1 1.17e+07 1.18e+07 192 21940 39 6682 13 1265   6 765 1 87 30 4918 29 1218
LR999945.1 1.18e+07 1.19e+07 167 27407 37 6029 8 1109   14 6350 2 139 22 7133 24 956
LR999945.1 1.19e+07 1.2e+07 169 21557 20 2884 16 1661 2 135 14 5432 1 77 16 3252 34 1275
LR999945.1 1.2e+07 1.21e+07 183 24719 30 6468 10 1062   13 1966 2 474 22 5890 27 1119
LR999945.1 1.21e+07 1.22e+07 204 24348 45 7402 8 1188 2 215 10 2024 2 145 35 4029 27 950
LR999945.1 1.22e+07 1.23e+07 190 29962 42 7761 6 1650   14 2472 4 3663 24 6374 26 1001
LR999945.1 1.23e+07 1.24e+07 222 30207 47 8751 10 762 1 41 17 4340 3 207 27 6810 32 1232
LR999945.1 1.24e+07 1.25e+07 218 31952 34 6182 15 3083 3 1137 19 3861 3 431 27 6463 38 1895
LR999945.1 1.25e+07 1.26e+07 177 20787 32 6480 9 892   11 1327 1 98 19 3905 44 1955
LR999945.1 1.26e+07 1.27e+07 132 14275 28 4463 9 748   9 1149 1 144 16 2158 21 806
LR999945.1 1.27e+07 1.28e+07 80 8803 7 1504 6 890   3 531 3 410 20 2562 22 1006
LR999945.1 1.28e+07 12861081 40 3496 2 575 2 453       4 571 22 907
