chrom begin end count_rpt length_rpt count_SINE length_SINE count_DNA length_DNA count_TcM length_TcM count_LINE length_LINE count_LTR length_LTR count_nonLTR length_nonLTR count_simple length_simple
LR999929.1 1 100000 163 21107 29 5134 13 2331   13 3608 2 117 20 2734 22 956
LR999929.1 100001 200000 155 21018 24 4878 19 3043 4 482 9 1133   17 5556 30 1215
LR999929.1 200001 300000 166 16658 30 5222 9 905   10 1114 2 170 16 2273 38 1568
LR999929.1 300001 400000 127 19562 26 5014 6 1402   5 3230 11 4363 10 1021 23 934
LR999929.1 400001 500000 193 22468 29 5150 12 2367 1 881 11 1104 2 201 31 5577 43 1828
LR999929.1 500001 600000 150 25685 19 3227 8 735   5 497 2 3859 21 9958 34 1443
LR999929.1 600001 700000 139 15261 20 3566 8 776 1 125 5 1610 1 71 16 2205 26 1310
LR999929.1 700001 800000 106 8631 5 707 3 480 1 125 3 392 1 88 12 1490 38 1872
LR999929.1 800001 900000 137 26086 14 2395 10 2321   11 8587   11 4241 35 1673
LR999929.1 900001 1e+06 137 15543 17 3451 9 1909 1 97 4 290 2 122 17 1801 25 994
LR999929.1 1e+06 1.1e+06 199 28972 43 8809 13 1983 1 427 7 2582 4 504 21 7059 40 1815
LR999929.1 1.1e+06 1.2e+06 187 34757 32 6086 17 2362   18 7146 8 6274 25 5856 23 810
LR999929.1 1.2e+06 1.3e+06 191 25448 43 7604 12 2514 2 419 8 960   19 5555 35 1534
LR999929.1 1.3e+06 1.4e+06 210 31639 43 7580 10 1029 1 61 16 8504 9 1514 17 2484 38 1441
LR999929.1 1.4e+06 1.5e+06 210 33189 32 7082 22 2073 1 56 10 3290 5 514 30 10695 29 1113
LR999929.1 1.5e+06 1.6e+06 210 32575 38 6439 7 584 1 81 17 7680 1 87 29 8237 41 1906
LR999929.1 1.6e+06 1.7e+06 215 30794 46 9161 12 3126 1 1580 7 550 1 77 30 8018 42 1702
LR999929.1 1.7e+06 1.8e+06 176 18395 39 6853 13 1111   7 763 1 115 20 2100 28 1170
LR999929.1 1.8e+06 1.9e+06 197 27095 37 7286 27 4918 1 56 12 4433 1 98 17 2488 39 1768
LR999929.1 1.9e+06 2e+06 221 28472 28 5434 20 3107 2 137 11 1947 1 30 21 5910 36 1301
LR999929.1 2e+06 2.1e+06 195 31818 25 4309 14 2050   12 3262   24 10386 30 1257
LR999929.1 2.1e+06 2.2e+06 209 33989 31 4880 18 2619 3 586 8 3702 7 5663 30 7094 36 1415
LR999929.1 2.2e+06 2.3e+06 201 27466 42 7852 11 1044   10 1056 9 3756 15 4582 37 1468
LR999929.1 2.3e+06 2.4e+06 212 37262 31 5327 9 1762 1 55 16 6160 5 1875 20 9827 32 1393
LR999929.1 2.4e+06 2.5e+06 182 33592 29 5768 12 2350   5 1373 11 5131 22 10056 25 1024
LR999929.1 2.5e+06 2.6e+06 145 18905 28 5269 12 1284   5 584 1 50 24 6679 31 1306
LR999929.1 2.6e+06 2.7e+06 112 15282 20 3273 9 674 1 128 2 243 2 150 14 6220 29 1201
LR999929.1 2.7e+06 2.8e+06 174 24296 24 3869 21 3448 2 185 6 2716 4 310 21 4880 32 1433
LR999929.1 2.8e+06 2.9e+06 126 12999 20 4075 5 452   8 1251 1 27 9 1514 34 1382
LR999929.1 2.9e+06 3e+06 135 20826 18 3838 6 323 1 13 13 1795 9 1933 10 7217 30 1598
LR999929.1 3e+06 3.1e+06 205 26665 36 6832 9 713   16 5869 1 57 21 2992 27 1088
LR999929.1 3.1e+06 3.2e+06 151 20514 31 5886 9 952   11 1521 1 143 20 5328 39 1789
LR999929.1 3.2e+06 3.3e+06 202 25486 35 4684 15 2032 1 47 11 2692 3 254 18 4291 38 1386
LR999929.1 3.3e+06 3.4e+06 241 32686 31 5985 20 3368   10 973 6 1986 16 2259 33 1416
LR999929.1 3.4e+06 3.5e+06 171 27046 32 6586 12 1531 1 88 17 5749 1 101 11 3876 26 1061
LR999929.1 3.5e+06 3.6e+06 142 19658 31 5592 8 701   6 1843 2 109 15 5212 30 1262
LR999929.1 3.6e+06 3.7e+06 146 16822 26 4762 17 1755 1 124 4 1196 2 122 9 2112 39 1792
LR999929.1 3.7e+06 3.8e+06 151 25219 31 5398 6 2951 1 64 6 2414   21 7845 38 1721
LR999929.1 3.8e+06 3.9e+06 152 17881 17 3036 12 2409 3 629 4 713   17 2598 37 1561
LR999929.1 3.9e+06 4e+06 130 15466 27 3870 8 519 1 42 3 1449   11 3495 34 1256
LR999929.1 4e+06 4.1e+06 132 18575 23 4432 16 2400   5 562 2 143 14 5251 15 617
LR999929.1 4.1e+06 4.2e+06 202 30836 23 4287 15 1398 2 177 6 691 4 3193 20 10067 35 1292
LR999929.1 4.2e+06 4.3e+06 151 21863 33 6286 9 1229   8 2358   20 4827 23 997
LR999929.1 4.3e+06 4.4e+06 243 44680 5 1448 43 9942 3 1992 7 2992 6 939 29 11503 34 1802
LR999929.1 4.4e+06 4.5e+06 187 26250 25 5147 17 3117 2 1925 9 1692 4 2787 13 2380 32 1144
LR999929.1 4.5e+06 4.6e+06 175 18905 33 6262 18 1389 2 237 8 1133 2 154 23 3030 34 1448
LR999929.1 4.6e+06 4.7e+06 155 23710 20 3410 16 3431   12 3520 1 87 11 5757 41 1912
LR999929.1 4.7e+06 4.8e+06 150 15395 28 4280 16 1294   6 703 1 76 14 2024 27 979
LR999929.1 4.8e+06 4.9e+06 157 23253 37 5760 8 4066   6 1093 2 198 21 5046 38 1806
LR999929.1 4.9e+06 5e+06 202 36102 34 6027 16 2368 1 177 10 4445 4 3789 21 9376 35 1500
LR999929.1 5e+06 5.1e+06 158 19334 25 4553 12 818   7 1188 3 1528 8 1148 38 1347
LR999929.1 5.1e+06 5.2e+06 153 17735 21 3870 6 1825   8 1394 2 124 13 2292 34 1482
LR999929.1 5.2e+06 5.3e+06 121 20240 18 3855 8 1364 2 557 8 2263 4 2812 8 3689 29 1302
LR999929.1 5.3e+06 5.4e+06 140 18468 12 2750 10 932   7 2474 1 69 13 4380 28 1199
LR999929.1 5.4e+06 5.5e+06 90 12325 12 2707 6 1303   3 452 7 3193 6 845 28 1084
LR999929.1 5.5e+06 5.6e+06 157 19774 32 7408 11 2945 2 364 3 427 2 130 18 2083 44 1850
LR999929.1 5.6e+06 5.7e+06 193 23447 24 5254 23 4756   10 935   13 1699 44 1648
LR999929.1 5.7e+06 5.8e+06 155 20853 18 3251 20 5195   7 912   12 3598 41 1745
LR999929.1 5.8e+06 5.9e+06 108 15035 15 2219 13 2139   4 1553 2 100 5 2939 25 1233
LR999929.1 5.9e+06 6e+06 119 19997 14 2811 6 393   4 1604 5 3029 20 7805 37 1521
LR999929.1 6e+06 6.1e+06 119 11372 16 3260 3 396   4 458 3 157 8 994 27 1064
LR999929.1 6.1e+06 6.2e+06 171 18243 24 4007 11 1982   10 1283   11 1807 41 1964
LR999929.1 6.2e+06 6.3e+06 211 27353 31 5964 22 5927   11 1482 4 289 24 4502 39 1678
LR999929.1 6.3e+06 6.4e+06 176 30224 31 4751 12 2039 1 335 12 4995 1 71 20 8605 27 1141
LR999929.1 6.4e+06 6.5e+06 180 26278 34 6543 9 1332   11 4618   16 2369 30 1207
LR999929.1 6.5e+06 6.6e+06 170 22288 28 5360 13 2339   8 1653 2 126 23 5645 34 1241
LR999929.1 6.6e+06 6.7e+06 171 25710 35 7484 14 3763   14 1714   13 4523 28 1163
LR999929.1 6.7e+06 6.8e+06 190 24323 25 5216 10 599 1 112 11 1343 3 3932 20 4377 46 1874
LR999929.1 6.8e+06 6.9e+06 157 14850 25 5097 4 149   4 649 3 293 13 1936 54 2325
LR999929.1 6.9e+06 7e+06 115 16318 15 2820 9 588   9 4106 1 72 10 3495 29 1345
LR999929.1 7e+06 7.1e+06 170 20690 29 5623 14 2412   10 1223   18 2801 33 1449
LR999929.1 7.1e+06 7.2e+06 120 14157 27 5436 3 289   4 378   10 2406 36 1453
LR999929.1 7.2e+06 7.3e+06 151 17499 24 4961 22 2667 1 115 8 807 3 180 10 1396 25 1113
LR999929.1 7.3e+06 7.4e+06 183 31892 45 8735 14 2420 3 417 6 906 5 495 16 10347 35 1434
LR999929.1 7.4e+06 7.5e+06 199 23675 31 7165 16 1828 3 507 9 1244 4 287 13 1743 42 1789
LR999929.1 7.5e+06 7.6e+06 209 31851 40 8335 12 1934 1 42 19 7757 1 105 14 4374 40 1713
LR999929.1 7.6e+06 7.7e+06 217 32311 25 5226 17 2974 2 805 17 2262 2 195 26 7740 38 1472
LR999929.1 7.7e+06 7.8e+06 162 25133 36 6478 15 2210   13 4750 1 111 18 3986 34 1436
LR999929.1 7.8e+06 7.9e+06 172 26288 22 3777 22 4203 1 127 11 2143 4 2174 19 4468 24 1022
LR999929.1 7.9e+06 8e+06 113 15957 26 4927 6 476   5 915 1 94 17 4533 20 794
LR999929.1 8e+06 8.1e+06 129 12549 19 3811 6 473   5 939 2 129 8 1587 39 1615
LR999929.1 8.1e+06 8.2e+06 120 20983 14 3483 15 3052 3 772 1 69 1 91 8 6946 40 1984
LR999929.1 8.2e+06 8.3e+06 98 15898 8 2136 8 2268   5 3017 1 183 7 2789 29 1283
LR999929.1 8.3e+06 8.4e+06 144 16172 14 2386 11 1877 3 757 12 1721   13 2260 31 1344
LR999929.1 8.4e+06 8.5e+06 114 15503 28 4951 10 776 2 211 4 718   11 4774 32 1372
LR999929.1 8.5e+06 8.6e+06 109 11377 8 1900 12 3314 2 1012 5 542   4 330 45 1700
LR999929.1 8.6e+06 8.7e+06 114 13833 16 3376 13 2236   7 1037 1 41 6 1859 39 1675
LR999929.1 8.7e+06 8.8e+06 106 21311 19 3005 8 1418 3 740 10 3174   11 8773 28 1206
LR999929.1 8.8e+06 8.9e+06 110 15140 8 1103 12 3560   6 775 1 59 10 4184 29 1169
LR999929.1 8.9e+06 9e+06 156 19459 36 7137 7 544   10 2158   15 2191 35 1550
LR999929.1 9e+06 9.1e+06 135 16348 22 3905 8 713   7 3322 1 44 11 2510 34 1423
LR999929.1 9.1e+06 9.2e+06 160 27542 23 4516 18 3408 2 251 8 1401   12 8034 33 1435
LR999929.1 9.2e+06 9.3e+06 164 22696 31 6401 5 320   8 1215 2 285 18 7187 41 1627
LR999929.1 9.3e+06 9.4e+06 166 22175 35 5722 5 483   8 2510 9 4289 22 3354 34 1555
LR999929.1 9.4e+06 9.5e+06 163 27508 26 3818 15 4219   13 3907 1 64 15 6245 24 961
LR999929.1 9.5e+06 9.6e+06 161 20452 24 4665 8 1718   5 1056 4 2319 11 1344 31 1305
LR999929.1 9.6e+06 9.7e+06 199 28821 19 3454 27 5545   10 1147 1 64 19 8307 34 1352
LR999929.1 9.7e+06 9.8e+06 183 24680 25 4255 14 2871 2 700 1 306 4 3245 14 3727 44 1684
LR999929.1 9.8e+06 9.9e+06 194 27470 25 4870 20 4596   4 449 2 236 13 4564 39 1533
LR999929.1 9.9e+06 1e+07 234 47485 39 8306 23 3185   15 4350 9 10014 25 8397 27 1202
LR999929.1 1e+07 1.01e+07 213 32258 29 5010 12 1495   12 5305 3 392 39 11004 41 1675
LR999929.1 1.01e+07 1.02e+07 186 22954 28 5643 16 2151   13 2088   18 3522 25 950
LR999929.1 1.02e+07 1.03e+07 228 39963 26 4805 20 2712   12 5910 2 138 24 11601 37 1527
LR999929.1 1.03e+07 1.04e+07 185 22984 33 5897 7 653 1 67 13 2211 3 556 27 4632 28 1206
LR999929.1 1.04e+07 1.05e+07 207 29506 41 6697 16 3933 2 204 13 2691 2 164 16 5367 26 1002
LR999929.1 1.05e+07 1.06e+07 159 36703 16 2595 12 4244   10 3974 10 6111 28 11766 24 1017
LR999929.1 1.06e+07 1.07e+07 162 27785 15 2798 15 1135   9 1268 3 3236 44 12021 28 1288
LR999929.1 1.07e+07 1.08e+07 187 26017 16 2724 22 3774   8 904   34 7396 29 1450
LR999929.1 1.08e+07 1.09e+07 173 22459 39 7278 8 808 1 284 11 2741 2 157 25 4470 33 1309
LR999929.1 1.09e+07 1.1e+07 234 32261 40 7369 19 1740   9 1657 1 101 28 6840 35 1441
LR999929.1 1.1e+07 1.11e+07 172 19429 26 4913 9 913   4 562 2 834 13 3327 55 2274
LR999929.1 1.11e+07 1.12e+07 144 15310 15 2979 7 2469   5 417 2 166 8 872 37 1815
LR999929.1 1.12e+07 1.13e+07 192 23025 28 4863 25 2737 1 62 7 3363   16 2185 34 1321
LR999929.1 1.13e+07 1.14e+07 254 37302 32 6171 24 2485   15 2756 1 51 19 8219 29 1187
LR999929.1 1.14e+07 1.15e+07 205 27753 44 8602 16 3656 1 71 8 1223 6 752 18 4248 33 1217
LR999929.1 1.15e+07 1.16e+07 184 27525 40 7219 10 5301   12 3470   14 1930 34 1952
LR999929.1 1.16e+07 1.17e+07 218 32701 38 7113 14 1341 1 91 12 3673 3 254 24 8060 30 1300
LR999929.1 1.17e+07 1.18e+07 246 30273 34 6502 18 1706 1 71 6 696 8 1167 28 3516 30 1077
LR999929.1 1.18e+07 1.19e+07 221 42873 31 6696 21 4025   12 4276 17 5611 13 8845 18 637
LR999929.1 1.19e+07 1.2e+07 178 27542 30 5313 8 814   11 1643 7 5060 12 5488 28 1179
LR999929.1 1.2e+07 1.21e+07 230 26037 45 7620 6 348   16 3285 5 598 22 2182 40 1733
LR999929.1 1.21e+07 1.22e+07 149 19144 22 3427 14 1277   5 757 3 250 19 6744 47 2099
LR999929.1 1.22e+07 1.23e+07 119 14425 22 4197 12 742   2 385 1 53 10 3978 32 1424
LR999929.1 1.23e+07 1.24e+07 120 12415 13 2578 13 1044 2 207 5 2580   7 786 39 1534
LR999929.1 1.24e+07 1.25e+07 123 16374 23 4218 6 1727   8 984 1 85 10 3190 25 1016
LR999929.1 1.25e+07 1.26e+07 164 23107 16 2811 15 1818   16 6753 1 69 15 3763 43 1818
LR999929.1 1.26e+07 1.27e+07 122 11099 15 3209 7 612   2 195   9 1002 36 1504
LR999929.1 1.27e+07 1.28e+07 126 12800 13 3080 8 880   2 231   9 1183 45 1895
LR999929.1 1.28e+07 1.29e+07 126 25246 12 2151 5 2569   12 4508 5 6741 11 2202 30 1372
LR999929.1 1.29e+07 1.3e+07 159 21270 16 3466 15 1850 4 587 4 1118 12 3224 9 2604 44 1804
LR999929.1 1.3e+07 1.31e+07 77 8350 16 2876 8 1259 1 659 1 95 3 261 10 1049 24 1082
LR999929.1 1.31e+07 1.32e+07 94 9928 8 1967 8 1973 1 180 8 1226 1 111 11 1140 29 1033
LR999929.1 1.32e+07 1.33e+07 85 8316 11 2191 8 847   5 779 1 101 9 1390 30 1116
LR999929.1 1.33e+07 1.34e+07 151 22777 13 2274 21 3550 6 1030 12 2253 1 13 15 6574 27 1087
LR999929.1 1.34e+07 1.35e+07 90 8082 9 1940 7 773 1 161 3 319 1 127 4 490 41 1967
LR999929.1 1.35e+07 1.36e+07 155 19567 18 3548 20 2526 2 365 9 1730 3 699 15 3576 35 1624
LR999929.1 1.36e+07 1.37e+07 181 25709 29 5074 22 3288 1 57 6 989 2 2872 15 2426 32 1143
LR999929.1 1.37e+07 1.38e+07 220 38968 31 5365 19 2760 2 150 13 1286 7 5003 31 11220 22 903
LR999929.1 1.38e+07 1.39e+07 231 30580 29 4862 21 3611 4 1112 11 3050 4 359 25 6072 48 1967
LR999929.1 1.39e+07 1.4e+07 221 27622 48 9501 16 1184 1 69 6 1143 1 87 28 5671 39 1551
LR999929.1 1.4e+07 1.41e+07 196 23546 40 7736 12 723   9 968 1 64 20 4556 27 1145
LR999929.1 1.41e+07 1.42e+07 229 30908 35 6705 9 1828   13 3274 2 101 20 5607 42 1642
LR999929.1 1.42e+07 1.43e+07 214 25771 49 10101 12 989   4 468 1 72 21 3015 39 1770
LR999929.1 1.43e+07 1.44e+07 242 31618 63 10582 12 1055 1 57 13 4400 8 2441 21 2183 34 1275
LR999929.1 1.44e+07 1.45e+07 257 33968 49 9712 11 2045   15 1493 2 151 25 7452 47 1883
LR999929.1 1.45e+07 1.46e+07 268 36083 37 6742 12 1094   7 1138 3 238 32 9198 38 1464
LR999929.1 1.46e+07 1.47e+07 156 16773 24 4631 8 1852   3 191 1 45 18 2398 30 1218
LR999929.1 1.47e+07 1.48e+07 119 19120 29 4889 7 1904   4 130 1 88 16 7295 21 987
LR999929.1 1.48e+07 1.49e+07 238 29635 44 8152 19 2180 2 469 14 4160 2 169 28 3352 34 1413
LR999929.1 1.49e+07 1.5e+07 246 32437 46 8569 10 765 1 69 17 4747 4 1179 28 4220 36 1385
LR999929.1 1.5e+07 1.51e+07 227 30653 44 8951 7 381   14 3086 2 474 30 7779 30 1145
LR999929.1 1.51e+07 1.52e+07 282 35263 58 10403 16 1398 1 208 12 2729 1 35 31 5828 37 1494
LR999929.1 1.52e+07 1.53e+07 218 29120 49 8556 10 535 1 67 15 2565   34 8112 28 1103
LR999929.1 1.53e+07 1.54e+07 220 39663 38 6959 17 1583   19 10053 12 3499 39 9630 22 1058
LR999929.1 1.54e+07 1.55e+07 160 33139 17 3525 15 1596   9 3279 2 92 27 17111 38 1860
LR999929.1 1.55e+07 1.56e+07 132 18733 21 4388 4 328   6 2528 2 3173 15 2176 35 1476
LR999929.1 1.56e+07 1.57e+07 120 25734 13 2298 11 1824   9 1614 7 5256 11 9247 26 1324
LR999929.1 1.57e+07 1.58e+07 143 14564 25 3835 5 466   8 1202   16 2378 45 1998
LR999929.1 1.58e+07 1.59e+07 109 15434 7 1583 7 2366 1 513 4 1956 2 302 15 2478 32 1467
LR999929.1 1.59e+07 15952094 101 16424 10 1870 8 1000   5 852 7 4799 13 1763 21 954
