chrom begin end count_rpt length_rpt count_SINE length_SINE count_DNA length_DNA count_TcM length_TcM count_LINE length_LINE count_LTR length_LTR count_nonLTR length_nonLTR count_simple length_simple
LR999950.1 1 100000 144 42996 7 1480 10 3566 2 1900 11 5143 17 5060 26 14278 25 5184
LR999950.1 100001 200000 104 11313 9 1450 9 997   5 716   15 3786 42 1761
LR999950.1 200001 300000 129 23131 17 2778 7 523   15 7682 2 176 24 7668 28 1107
LR999950.1 300001 400000 139 27847 27 4752 11 1872   11 1278 3 3830 16 10227 18 787
LR999950.1 400001 500000 162 18189 35 5093 9 1326 1 627 9 1415 3 273 28 4393 23 806
LR999950.1 500001 600000 142 17435 29 4800 5 593 1 210 8 748 2 153 29 5570 32 1471
LR999950.1 600001 700000 231 28449 51 8424 17 1288   5 798 4 314 39 7528 26 1007
LR999950.1 700001 800000 209 24227 50 9071 12 925 1 63 7 1347 4 491 22 4269 38 1443
LR999950.1 800001 900000 222 36535 51 7824 14 1995   13 2668 2 81 29 11475 30 1303
LR999950.1 900001 1e+06 211 26582 29 5665 18 1732 1 83 12 2902 5 299 23 6349 28 1172
LR999950.1 1e+06 1.1e+06 223 28610 39 8059 24 3743 3 547 10 1679 6 2874 25 3119 30 1093
LR999950.1 1.1e+06 1.2e+06 193 30060 26 5202 18 3226 1 312 10 3578 1 86 27 8222 45 2232
LR999950.1 1.2e+06 1.3e+06 209 22084 33 4997 14 1322   15 1731 3 253 20 3862 31 1271
LR999950.1 1.3e+06 1.4e+06 210 21386 36 6163 15 1220   9 1218 2 173 23 3079 30 1153
LR999950.1 1.4e+06 1.5e+06 191 31823 37 7311 10 784   6 1025 2 2163 30 11129 34 1336
LR999950.1 1.5e+06 1.6e+06 226 29287 60 12288 13 1593   9 1290 1 91 30 6028 32 1317
LR999950.1 1.6e+06 1.7e+06 253 31696 52 9145 15 1358   9 2869   26 4473 35 1275
LR999950.1 1.7e+06 1.8e+06 209 36309 52 9092 10 3084 1 228 12 4906 2 91 31 11257 25 1089
LR999950.1 1.8e+06 1.9e+06 221 28339 39 7438 15 1395 3 241 12 2932 3 272 36 6412 33 1488
LR999950.1 1.9e+06 2e+06 212 33092 41 8190 16 3257 2 319 5 1672 3 301 28 8926 21 953
LR999950.1 2e+06 2.1e+06 162 19182 37 6842 28 3926   7 637 1 79 17 1727 25 1093
LR999950.1 2.1e+06 2.2e+06 223 23392 46 9210 10 819   6 564 1 38 23 2427 50 2229
LR999950.1 2.2e+06 2.3e+06 189 23154 34 5380 11 1046   8 997 1 118 20 5541 35 1421
LR999950.1 2.3e+06 2.4e+06 186 28084 33 6342 10 1418 1 464 7 926   24 11091 36 1458
LR999950.1 2.4e+06 2.5e+06 177 22520 35 6719 19 3316   8 818 1 61 20 4895 20 804
LR999950.1 2.5e+06 2.6e+06 201 27837 37 6977 12 1984 1 1050 11 2409 2 277 24 7086 28 1188
LR999950.1 2.6e+06 2.7e+06 212 32353 45 7888 12 2223   13 6596 2 69 24 5583 33 1420
LR999950.1 2.7e+06 2.8e+06 188 26364 37 6388 17 1878   13 4379 2 102 21 6229 36 1326
LR999950.1 2.8e+06 2.9e+06 210 22373 43 7673 16 2006   5 463 2 209 25 3099 35 1268
LR999950.1 2.9e+06 3e+06 198 24500 44 7909 10 983   6 979 8 3614 15 2308 29 1218
LR999950.1 3e+06 3.1e+06 191 29871 29 6253 18 3560   7 2894 2 127 17 6003 27 1187
LR999950.1 3.1e+06 3.2e+06 215 30247 44 8021 10 987   4 472 4 4447 27 5455 24 952
LR999950.1 3.2e+06 3.3e+06 215 26814 39 7214 12 880   14 2494 1 45 20 5537 37 1436
LR999950.1 3.3e+06 3.4e+06 122 11467 21 3261 9 845   2 239 1 67 7 950 26 1122
LR999950.1 3.4e+06 3.5e+06 156 36181 13 3294 15 2766   4 767 11 11943 18 8978 45 2143
LR999950.1 3.5e+06 3.6e+06 165 24755 25 5179 18 3574 3 439 7 952 9 2135 20 4570 33 1377
LR999950.1 3.6e+06 3.7e+06 233 26770 47 7490 15 2540   16 2313 1 79 28 5191 31 1173
LR999950.1 3.7e+06 3.8e+06 128 19468 20 3332 5 387   2 408 5 5161 21 5350 40 1560
LR999950.1 3.8e+06 3.9e+06 148 16900 36 6507 14 2960 2 547 4 247 1 78 17 2358 41 1688
LR999950.1 3.9e+06 4e+06 98 9840 27 4897 3 324   1 73 2 88 5 953 34 1261
LR999950.1 4e+06 4.1e+06 131 14115 29 5359 10 735   4 531 1 85 11 1269 26 992
LR999950.1 4.1e+06 4.2e+06 176 18359 32 4233 24 2412 3 289 4 354   17 2892 26 1139
LR999950.1 4.2e+06 4.3e+06 168 22635 30 5629 10 632   8 4092 1 50 26 5205 25 969
LR999950.1 4.3e+06 4.4e+06 223 23988 42 8063 13 1481   17 2172 4 331 26 3297 49 2008
LR999950.1 4.4e+06 4.5e+06 208 29904 50 9868 8 907   11 3494 3 319 23 6916 39 1528
LR999950.1 4.5e+06 4.6e+06 215 27568 45 8512 24 3663 3 1113 7 1060 3 1541 21 3378 41 1732
LR999950.1 4.6e+06 4.7e+06 150 21695 30 5540 19 2011   3 269 2 4830 11 1999 33 1293
LR999950.1 4.7e+06 4.8e+06 130 15876 38 6801 4 1446   8 1026 1 99 13 1493 22 964
LR999950.1 4.8e+06 4.9e+06 132 12881 30 4039 10 666   5 648   10 1315 32 1445
LR999950.1 4.9e+06 5e+06 165 23888 27 5105 16 4217 1 65 7 2386 7 1327 14 2972 26 1212
LR999950.1 5e+06 5.1e+06 164 21974 43 8420 14 1585   6 1623 1 1003 14 3402 33 1421
LR999950.1 5.1e+06 5.2e+06 132 15272 16 2993 18 2371   4 1376 1 120 11 1365 29 1150
LR999950.1 5.2e+06 5.3e+06 136 31776 13 2811 8 633   14 6520 4 2330 21 12806 24 1162
LR999950.1 5.3e+06 5.4e+06 172 19442 28 5158 12 2064   2 212 2 184 10 3012 51 2339
LR999950.1 5.4e+06 5.5e+06 194 23644 52 9023 15 2870 2 892 9 1746 3 228 19 2501 31 1209
LR999950.1 5.5e+06 5.6e+06 229 32413 62 10263 18 4274 4 1916 7 2549 2 130 27 6768 38 1412
LR999950.1 5.6e+06 5.7e+06 203 36167 51 9429 11 1274 1 233 15 7266 1 74 28 9835 30 1033
LR999950.1 5.7e+06 5.8e+06 148 15307 28 4912 14 984   5 795   5 597 19 702
LR999950.1 5.8e+06 5.9e+06 157 17579 37 6985 5 540   5 830 1 56 17 1771 24 982
LR999950.1 5.9e+06 6e+06 193 20026 30 5377 20 2220   5 922 1 98 10 1511 37 1550
LR999950.1 6e+06 6.1e+06 164 21000 35 6573 8 678   6 1122 5 3279 17 2730 45 1657
LR999950.1 6.1e+06 6.2e+06 254 34763 35 6064 23 5374 1 400 11 1634 2 630 17 5645 28 1153
LR999950.1 6.2e+06 6.3e+06 147 16109 24 4359 6 408   3 331 2 138 19 3976 31 1348
LR999950.1 6.3e+06 6.4e+06 109 10509 17 2607 9 1744   2 324 2 106 12 1233 25 930
LR999950.1 6.4e+06 6.5e+06 162 17938 47 7484 10 865   8 961 1 93 15 2590 25 1137
LR999950.1 6.5e+06 6.6e+06 172 19255 30 4798 9 993 3 242 12 1338 4 619 16 3426 31 1397
LR999950.1 6.6e+06 6.7e+06 217 24599 39 7347 18 2629   11 1531 2 148 26 2899 44 2071
LR999950.1 6.7e+06 6.8e+06 131 14425 21 4504 8 729   9 1133   11 1866 32 1488
LR999950.1 6.8e+06 6.9e+06 216 25028 29 4990 12 2075   15 2958 4 797 18 3050 42 1777
LR999950.1 6.9e+06 7e+06 219 24703 45 8442 11 800   17 2175 5 400 22 3305 38 1611
LR999950.1 7e+06 7.1e+06 174 25484 30 5835 12 1358   11 4595   18 5318 41 1836
LR999950.1 7.1e+06 7.2e+06 192 18551 24 3117 11 652   7 1198 3 219 30 5355 47 1958
LR999950.1 7.2e+06 7.3e+06 160 19271 36 6023 8 536 1 64 5 750 3 246 27 5996 36 1520
LR999950.1 7.3e+06 7.4e+06 151 13730 24 4226 6 1582 1 74 7 975   11 1291 50 1924
LR999950.1 7.4e+06 7.5e+06 196 21471 42 7286 10 984   15 1799 2 160 28 4633 42 1793
LR999950.1 7.5e+06 7.6e+06 207 22246 45 8302 12 1307   7 837 4 366 29 3356 33 1409
LR999950.1 7.6e+06 7.7e+06 146 19187 33 6067 7 553   4 655 5 4344 13 1901 39 1743
LR999950.1 7.7e+06 7.8e+06 192 24368 29 5726 19 1672   9 4135 1 96 24 4604 48 1767
LR999950.1 7.8e+06 7.9e+06 178 23693 31 6094 16 1379   12 2487 2 85 29 6238 44 1816
LR999950.1 7.9e+06 8e+06 150 24224 18 4098 12 1324 2 587 6 812 10 5141 13 4525 28 1304
LR999950.1 8e+06 8.1e+06 164 20748 21 4084 16 2474   3 373 1 89 9 4815 40 1689
LR999950.1 8.1e+06 8.2e+06 222 22518 38 6078 17 2638   9 728 6 783 20 2138 44 1865
LR999950.1 8.2e+06 8.3e+06 208 31708 37 7041 18 4417   17 1723 2 240 24 8681 34 1288
LR999950.1 8.3e+06 8.4e+06 171 19999 37 5756 4 409 1 58 7 1273 3 313 27 5170 31 1028
LR999950.1 8.4e+06 8.5e+06 171 26015 47 8196 5 476   8 2251 3 263 28 9272 30 1317
LR999950.1 8.5e+06 8.6e+06 189 21281 36 6775 7 524 1 70 3 225 4 697 27 4688 39 1364
LR999950.1 8.6e+06 8.7e+06 210 23181 31 4559 11 1055   8 887 1 80 29 5149 47 2223
LR999950.1 8.7e+06 8.8e+06 148 21652 26 4444 13 877 1 42 11 4036 1 88 22 5407 23 1166
LR999950.1 8.8e+06 8.9e+06 276 38453 45 7089 22 3184 1 58 22 2292 1 81 46 14089 34 1358
LR999950.1 8.9e+06 9e+06 192 29420 34 6259 12 2218 2 920 6 659 9 6257 31 4718 23 1048
LR999950.1 9e+06 9.1e+06 218 27698 36 6752 22 3067 4 1067 10 1766 3 682 28 5460 33 1425
LR999950.1 9.1e+06 9.2e+06 218 24038 43 8142 14 1199   8 828 4 350 36 5392 38 1567
LR999950.1 9.2e+06 9.3e+06 206 29448 45 8494 12 2523   9 2333 4 3368 29 5118 32 1247
LR999950.1 9.3e+06 9.4e+06 277 38323 55 9528 18 1631 1 108 21 5835 16 5006 33 5907 16 657
LR999950.1 9.4e+06 9.5e+06 226 32913 52 9726 12 966   23 3701 6 3682 28 6147 19 635
LR999950.1 9.5e+06 9.6e+06 253 42353 52 9765 16 2157   11 4932 4 3353 28 7993 30 1197
LR999950.1 9.6e+06 9.7e+06 237 30691 47 9231 17 1395 1 35 18 3545 2 181 30 4736 28 1073
LR999950.1 9.7e+06 9.8e+06 212 33920 36 6471 10 848   12 1624 4 3094 30 9290 22 845
LR999950.1 9.8e+06 9.9e+06 177 22295 42 7770 10 1118 1 71 11 1649   23 5463 33 1334
LR999950.1 9.9e+06 9960137 81 15828 7 1748 1 83   6 720 21 9279 8 889 15 631
