chrom begin end count_rpt length_rpt count_SINE length_SINE count_DNA length_DNA count_TcM length_TcM count_LINE length_LINE count_LTR length_LTR count_nonLTR length_nonLTR count_simple length_simple
LR999926.1 1 100000 157 24414 7 1153 14 2390 2 378 12 3732 1 63 21 4385 28 3621
LR999926.1 100001 200000 127 19591 10 2423 6 1351   3 668 3 2616 8 2798 32 1214
LR999926.1 200001 300000 93 12420 3 227 8 769 1 73 1 71   4 5211 43 2376
LR999926.1 300001 400000 100 15985 7 1567 6 1160 3 351 7 1582 1 41 11 7521 45 2083
LR999926.1 400001 500000 47 4225   2 252       4 1679 26 1076
LR999926.1 500001 600000 82 6437 11 1991 1 96   1 55 1 33 2 284 30 1239
LR999926.1 600001 700000 168 24612 17 3535 10 1849   11 2295 5 726 19 7361 33 1246
LR999926.1 700001 800000 136 13027 17 2910 7 852   5 1054 4 379 17 2130 48 2034
LR999926.1 800001 900000 127 23057 12 2043 4 520   7 4163   20 8422 33 1485
LR999926.1 900001 1e+06 146 21106 30 5450 9 685   8 1028 2 129 20 7821 31 1423
LR999926.1 1e+06 1.1e+06 124 11996 14 2346 12 971   2 226 3 220 14 3341 41 1674
LR999926.1 1.1e+06 1.2e+06 115 16059 16 2895 12 1133   8 2078 4 2089 10 2773 23 1092
LR999926.1 1.2e+06 1.3e+06 110 16876 13 2572 5 498   4 1190 5 4921 9 2957 41 2242
LR999926.1 1.3e+06 1.4e+06 115 15743 16 2739 6 1045   3 406 4 317 13 5342 37 1701
LR999926.1 1.4e+06 1.5e+06 143 18324 22 4120 9 749   7 1915 2 115 14 5266 39 1501
LR999926.1 1.5e+06 1.6e+06 146 17149 21 4002 12 853   9 4064 3 261 19 2109 36 1580
LR999926.1 1.6e+06 1.7e+06 167 21685 25 4430 10 808   12 3689 2 142 16 3594 27 1228
LR999926.1 1.7e+06 1.8e+06 180 24820 43 7993 9 940 3 175 6 627 9 5966 25 3354 31 1228
LR999926.1 1.8e+06 1.9e+06 87 8591 15 2868 6 549   2 263 1 84 6 1104 18 790
LR999926.1 1.9e+06 2e+06 180 20191 28 5017 16 1847   2 211   15 2690 39 1426
LR999926.1 2e+06 2.1e+06 202 24663 32 5480 12 4096 1 102 6 865   20 2993 41 1582
LR999926.1 2.1e+06 2.2e+06 251 35618 48 9400 17 1441   12 1105 8 4488 23 6416 24 1040
LR999926.1 2.2e+06 2.3e+06 211 41238 37 8377 15 2159   18 7301 10 4998 24 9317 23 920
LR999926.1 2.3e+06 2.4e+06 205 38409 38 6883 15 1956 1 334 21 8867 15 4807 38 10524 33 1383
LR999926.1 2.4e+06 2.5e+06 196 28589 57 10756 14 1008   11 4600 4 311 23 4770 24 894
LR999926.1 2.5e+06 2.6e+06 164 22788 29 4759 14 2667 2 511 10 3043   20 5324 32 1142
LR999926.1 2.6e+06 2.7e+06 151 14783 28 4400 9 1214   6 922 1 76 15 1896 37 1411
LR999926.1 2.7e+06 2.8e+06 206 27947 33 6380 27 4429   8 1243 1 68 23 5644 30 1123
LR999926.1 2.8e+06 2.9e+06 233 38365 38 6976 15 4713   12 5922 2 127 31 8578 37 1584
LR999926.1 2.9e+06 3e+06 270 35911 56 10552 21 1538 1 79 11 1350 1 78 21 6650 30 1102
LR999926.1 3e+06 3.1e+06 207 29276 31 6072 14 1724 1 378 16 2529 8 1523 22 5733 30 1065
LR999926.1 3.1e+06 3.2e+06 208 28480 22 4007 23 2311 2 678 13 5837 2 113 15 4890 31 1528
LR999926.1 3.2e+06 3.3e+06 128 13660 18 3161 6 1802 2 1445 4 568   8 1029 30 1243
LR999926.1 3.3e+06 3.4e+06 169 19410 28 6214 9 1466   6 1122 3 278 14 1455 35 1687
LR999926.1 3.4e+06 3.5e+06 119 19093 20 3058 10 964   3 1032 2 4194 11 5490 34 1419
LR999926.1 3.5e+06 3.6e+06 128 18819 19 3469 14 2591   3 598 3 4110 13 3003 38 1735
LR999926.1 3.6e+06 3.7e+06 127 13060 18 3749 2 122   7 901   8 1283 48 1831
LR999926.1 3.7e+06 3.8e+06 113 11540 8 1565 9 1885   3 939 1 40 8 1274 39 1814
LR999926.1 3.8e+06 3.9e+06 154 22091 26 5490 10 1141 2 407 11 1887 2 124 15 6300 40 1643
LR999926.1 3.9e+06 4e+06 162 22608 30 5825 8 1215   9 3023 3 1305 17 4866 40 1746
LR999926.1 4e+06 4.1e+06 118 15177 24 4629 8 1134   4 792 2 175 10 3231 32 1405
LR999926.1 4.1e+06 4.2e+06 123 16950 7 1491 12 1071   5 783 1 68 10 6308 32 1407
LR999926.1 4.2e+06 4.3e+06 158 28519 20 3544 13 996   10 1494 4 7473 14 6324 33 1417
LR999926.1 4.3e+06 4.4e+06 115 12775 12 2400 9 1573 1 403 4 665 3 233 10 2113 37 1574
LR999926.1 4.4e+06 4.5e+06 64 5771 8 1827 1 147   4 387   6 705 25 1149
LR999926.1 4.5e+06 4.6e+06 61 4872 3 700 7 965   1 91 1 64 3 284 25 1015
LR999926.1 4.6e+06 4.7e+06 92 17250 18 3771 4 442   7 879 3 639 11 8575 30 1231
LR999926.1 4.7e+06 4.8e+06 102 9996 13 2361 10 847 1 59 3 297   8 1381 39 1813
LR999926.1 4.8e+06 4.9e+06 83 7679 14 2812 3 141   2 228 1 44 2 125 29 1247
LR999926.1 4.9e+06 5e+06 108 11012 7 1132 10 1545 3 498 4 491 1 79 13 2948 39 1821
LR999926.1 5e+06 5.1e+06 131 16746 12 2396 9 2261 1 1558 8 1191   13 4202 34 1394
LR999926.1 5.1e+06 5.2e+06 185 23147 27 4762 12 2171 1 354 7 1564 12 4997 18 2157 49 2034
LR999926.1 5.2e+06 5.3e+06 123 11611 16 3463 9 480   7 1521 1 82 3 468 37 1519
LR999926.1 5.3e+06 5.4e+06 149 16506 14 2135 18 3641 2 170 4 450 1 58 14 1644 28 1105
LR999926.1 5.4e+06 5.5e+06 178 19690 26 5712 15 1261   5 1609 1 88 21 2646 39 1719
LR999926.1 5.5e+06 5.6e+06 168 23623 28 5462 11 2283   10 3304 2 320 14 2951 43 1855
LR999926.1 5.6e+06 5.7e+06 121 10896 11 2139 8 546   5 936   5 494 42 1701
LR999926.1 5.7e+06 5.8e+06 161 17749 25 3849 14 2115 1 70 9 1425 1 76 14 2795 36 1393
LR999926.1 5.8e+06 5.9e+06 154 17340 30 5505 14 2532 2 1605 4 456 1 59 18 2605 28 1103
LR999926.1 5.9e+06 6e+06 171 23585 34 5828 11 1134 2 575 8 978 3 167 12 8202 39 1500
LR999926.1 6e+06 6.1e+06 117 13836 19 4011 7 594   7 2142 1 98 9 1475 36 1650
LR999926.1 6.1e+06 6.2e+06 127 12877 20 3962 10 757 1 31 1 73 1 87 11 1758 44 1708
LR999926.1 6.2e+06 6.3e+06 169 22305 23 4160 12 2164   10 815 8 4179 11 1462 39 1688
LR999926.1 6.3e+06 6.4e+06 98 8296 9 1355 6 1243   4 429   2 114 29 1288
LR999926.1 6.4e+06 6.5e+06 130 16932 19 3667 7 577   5 581 8 4536 9 1752 41 1786
LR999926.1 6.5e+06 6.6e+06 144 19822 18 3927 15 2287 1 166 5 3898 3 355 6 933 41 1732
LR999926.1 6.6e+06 6.7e+06 211 36201 24 3815 22 4100 2 498 18 7709   26 7689 35 1334
LR999926.1 6.7e+06 6.8e+06 131 18895 22 4671 6 415   12 4768   8 3215 32 1402
LR999926.1 6.8e+06 6.9e+06 180 28870 33 6550 12 1663   12 2852 4 2220 22 7442 31 1314
LR999926.1 6.9e+06 7e+06 137 17155 13 2501 18 1743   4 689 2 137 9 4040 29 1209
LR999926.1 7e+06 7.1e+06 102 9671 21 3908 6 573     3 234 8 917 35 1536
LR999926.1 7.1e+06 7.2e+06 119 19398 20 3445 9 637   13 2309 7 6672 8 1864 34 1502
LR999926.1 7.2e+06 7.3e+06 117 11545 23 3624 7 759   9 1195 1 82 8 960 37 1650
LR999926.1 7.3e+06 7.4e+06 145 20961 22 4697 8 792   8 4308   17 4451 34 1403
LR999926.1 7.4e+06 7.5e+06 94 10442 14 2594 6 421   1 52   14 3257 30 1200
LR999926.1 7.5e+06 7.6e+06 164 27276 13 2146 29 3388 3 474 16 4775 4 4677 11 2007 32 1369
LR999926.1 7.6e+06 7.7e+06 208 47290 8 1716 20 4999 3 1688 14 1807 23 14963 28 12541 39 1722
LR999926.1 7.7e+06 7.8e+06 176 21096 35 5325 17 1497 1 39 7 3001 3 255 20 2307 25 1005
LR999926.1 7.8e+06 7.9e+06 146 19358 20 2879 8 1025   12 5172 1 87 12 1527 27 1143
LR999926.1 7.9e+06 8e+06 116 12334 13 2472 9 1550   2 342 1 62 5 362 42 1809
LR999926.1 8e+06 8.1e+06 122 14585 22 4473 7 736   6 880 5 459 11 2182 28 1226
LR999926.1 8.1e+06 8.2e+06 155 18388 33 5843 6 631   7 631 2 349 15 3745 35 1456
LR999926.1 8.2e+06 8.3e+06 180 21391 32 6591 12 1390   5 895 1 63 13 1811 37 1551
LR999926.1 8.3e+06 8.4e+06 150 15160 31 4788 16 1433   5 622 2 97 7 858 27 1130
LR999926.1 8.4e+06 8.5e+06 166 22066 31 6179 23 3320   3 269 7 2954 15 2783 36 1337
LR999926.1 8.5e+06 8.6e+06 159 25917 23 4536 17 3016   11 3912   20 7041 21 906
LR999926.1 8.6e+06 8.7e+06 149 18155 34 6463 4 595   7 1032 2 117 14 2398 34 1455
LR999926.1 8.7e+06 8.8e+06 126 12705 14 2928 9 846   6 683 1 106 13 1535 33 1504
LR999926.1 8.8e+06 8.9e+06 139 19170 20 4309 8 894 1 88 4 550 5 719 11 4323 37 1565
LR999926.1 8.9e+06 9e+06 178 19668 29 5800 15 1453   10 1440   10 1446 30 1329
LR999926.1 9e+06 9.1e+06 176 20487 30 4808 12 1272 1 88 8 917   12 3751 32 1349
LR999926.1 9.1e+06 9.2e+06 107 11799 21 3998 8 766 1 191 11 1353 2 173 8 1266 25 978
LR999926.1 9.2e+06 9.3e+06 102 19723 5 1029 18 2540   5 734   10 9123 28 1025
LR999926.1 9.3e+06 9.4e+06 119 14747 12 2790 7 706 2 176 3 2672 1 97 5 790 39 1636
LR999926.1 9.4e+06 9.5e+06 87 12036 7 1758 6 622 1 74 2 227   9 4333 38 1764
LR999926.1 9.5e+06 9.6e+06 85 11516 8 1483 2 276   2 310 2 170 6 3115 33 1736
LR999926.1 9.6e+06 9.7e+06 114 14510 19 2862 9 1627 2 345 2 436   8 4319 43 1898
LR999926.1 9.7e+06 9.8e+06 115 10974 5 1008 21 3215   3 298   8 1173 44 1712
LR999926.1 9.8e+06 9.9e+06 142 20950 27 5464 13 1247 1 73 11 3008 1 69 10 5532 29 1190
LR999926.1 9.9e+06 1e+07 109 11040 14 2191 7 558   7 729 1 38 5 593 25 1104
LR999926.1 1e+07 1.01e+07 151 18919 23 4860 17 4202   1 44 5 769 13 1416 34 1557
LR999926.1 1.01e+07 1.02e+07 144 23289 21 4299 11 1413 1 38 7 3241   15 6918 36 1592
LR999926.1 1.02e+07 1.03e+07 176 24445 13 2331 15 3107 1 181 15 5778 5 301 20 3256 40 1372
LR999926.1 1.03e+07 1.04e+07 225 37207 23 4377 14 2554 2 192 22 6847 3 3718 18 5388 37 1650
LR999926.1 1.04e+07 1.05e+07 181 21809 36 7404 13 1953   9 1212 1 104 15 3332 39 1640
LR999926.1 1.05e+07 1.06e+07 157 20587 31 4530 8 681   8 1292   14 6299 31 1106
LR999926.1 1.06e+07 1.07e+07 129 15811 27 5697 11 1322   6 756 1 81 11 977 28 1304
LR999926.1 1.07e+07 1.08e+07 128 14250 22 4151 9 682 1 115 1 95 3 1377 6 1062 43 1774
LR999926.1 1.08e+07 1.09e+07 172 20078 29 5034 14 1120   7 697 5 3232 17 2355 42 1566
LR999926.1 1.09e+07 1.1e+07 126 18232 8 1813 15 1982 2 338 4 3543 4 1946 12 1906 44 1957
LR999926.1 1.1e+07 1.11e+07 106 18162 14 2752 8 1626   6 687 4 2776 9 2257 29 1292
LR999926.1 1.11e+07 1.12e+07 138 24153 24 3858 4 801 2 665 15 6959 1 79 18 7168 33 1332
LR999926.1 1.12e+07 1.13e+07 100 10457 16 3157 4 391   6 749 2 94 10 1501 33 1292
LR999926.1 1.13e+07 1.14e+07 106 15058 13 2366 10 1947 2 851 5 684 1 54 16 5173 28 1234
LR999926.1 1.14e+07 1.15e+07 112 14298 10 2235 4 1632 2 174 3 311   11 3702 36 1773
LR999926.1 1.15e+07 1.16e+07 183 20367 32 6791 12 711   3 573 1 64 12 1471 41 1530
LR999926.1 1.16e+07 1.17e+07 147 23551 24 4756 14 1816 1 64 3 329 5 6075 9 3998 25 998
LR999926.1 1.17e+07 1.18e+07 129 14957 16 2911 4 243   4 2929 1 65 8 1688 35 1550
LR999926.1 1.18e+07 1.19e+07 211 27848 30 4769 13 1151   12 4458 1 66 26 5724 39 1468
LR999926.1 1.19e+07 1.2e+07 276 34171 42 7357 27 3087   12 1580 7 3601 23 1987 39 1588
LR999926.1 1.2e+07 1.21e+07 230 37621 42 7873 16 1759   9 1742 8 5372 21 8221 30 1112
LR999926.1 1.21e+07 1.22e+07 284 36657 32 6282 26 3163 4 748 14 3348 1 158 27 6214 47 1889
LR999926.1 1.22e+07 1.23e+07 232 38796 28 4755 19 5141 2 683 6 1624 12 5320 14 7109 36 1303
LR999926.1 1.23e+07 1.24e+07 235 29026 34 6891 12 855 1 64 4 1071 2 209 21 3522 46 1816
LR999926.1 1.24e+07 1.25e+07 254 36234 48 10033 21 1659   10 5039 3 396 26 5330 30 1068
LR999926.1 1.25e+07 1.26e+07 224 31615 39 7984 20 3082   10 3422 2 87 22 5206 38 1427
LR999926.1 1.26e+07 1.27e+07 245 29036 46 8064 21 1789 2 359 13 3453 5 805 25 2556 46 1836
LR999926.1 1.27e+07 1.28e+07 221 28585 33 6036 25 3830 1 54 18 2581 2 188 31 6935 41 1858
LR999926.1 1.28e+07 1.29e+07 179 24919 39 8136 11 1328   11 1395   19 6146 22 861
LR999926.1 1.29e+07 1.3e+07 143 21187 31 5314 6 587   4 2009 1 110 24 7274 31 1491
LR999926.1 1.3e+07 1.31e+07 159 17851 21 4940 13 1059 1 70 10 1768 2 220 11 2797 33 1481
LR999926.1 1.31e+07 1.32e+07 151 15376 16 3503 14 2509   4 547 2 136 14 1758 37 1618
LR999926.1 1.32e+07 1.33e+07 124 18699 23 4722 3 315   2 442 5 4463 9 2694 36 1844
LR999926.1 1.33e+07 1.34e+07 140 13885 22 3117 12 1514 1 344 8 952 2 148 12 1384 34 1432
LR999926.1 1.34e+07 1.35e+07 135 17613 6 1182 12 1039   4 587 1 81 18 6276 34 1414
LR999926.1 1.35e+07 1.36e+07 203 25942 32 5599 10 770   7 787 19 5900 20 3710 37 1452
LR999926.1 1.36e+07 1.37e+07 180 24295 34 6492 12 1291 1 44 4 578 9 5749 14 1723 47 1932
LR999926.1 1.37e+07 1.38e+07 246 33904 30 5714 26 4149 1 141 10 1212 4 545 38 8962 31 1283
LR999926.1 1.38e+07 1.39e+07 214 30794 37 5382 24 3878 1 98 12 4809 1 96 13 4994 26 1051
LR999926.1 1.39e+07 1.4e+07 212 38250 38 7732 12 984   21 8447 2 198 27 9749 22 789
LR999926.1 1.4e+07 1.41e+07 209 25515 54 8191 12 1192 2 205 14 2790   20 3374 27 1053
LR999926.1 1.41e+07 1.42e+07 176 21420 46 8762 9 1497 1 149 12 1488 2 262 16 2141 27 938
LR999926.1 1.42e+07 1.43e+07 199 27768 36 7768 9 1311 1 57 5 1670 2 3734 21 3047 40 1657
LR999926.1 1.43e+07 1.44e+07 196 27076 41 8006 6 344   12 1653 4 327 35 9506 31 1368
LR999926.1 1.44e+07 1.45e+07 197 26642 35 7071 9 909   9 2352 2 132 21 5830 38 1584
LR999926.1 1.45e+07 1.46e+07 171 26144 28 6451 10 1065   14 3452 2 3753 20 4031 29 1118
LR999926.1 1.46e+07 1.47e+07 216 27165 39 6945 21 2198 1 75 9 1335 2 158 26 6323 38 1319
LR999926.1 1.47e+07 1.48e+07 176 27886 34 6953 9 623   17 6057 1 100 15 5110 29 1624
LR999926.1 1.48e+07 1.49e+07 247 36579 43 7510 13 1626 1 143 7 2971 2 211 26 9766 39 1480
LR999926.1 1.49e+07 1.5e+07 199 27617 32 5969 11 1666   12 1762 4 1819 28 7267 30 1251
LR999926.1 1.5e+07 1.51e+07 175 25872 24 5210 11 870 1 42 11 1344 4 1585 26 9205 32 1181
LR999926.1 1.51e+07 1.52e+07 224 34451 43 7503 17 7147 1 694 16 1820   28 6923 29 1168
LR999926.1 1.52e+07 1.53e+07 212 41642 35 6552 17 5695 1 265 12 6032 1 64 20 9307 21 818
LR999926.1 1.53e+07 1.54e+07 235 34735 42 6810 16 5743 1 45 18 5765 2 165 24 3840 30 1430
LR999926.1 1.54e+07 1.55e+07 197 22380 28 5258 8 611 1 60 11 1875 3 288 25 3550 37 1631
LR999926.1 1.55e+07 1.56e+07 184 39234 23 3755 13 2141   12 5662 12 9881 31 9335 27 1100
LR999926.1 1.56e+07 1.57e+07 161 27830 32 5320 11 2628   6 704 5 3137 26 9596 20 794
LR999926.1 1.57e+07 1.58e+07 175 21055 24 4051 19 2322 1 48 8 963 1 87 23 4478 33 1242
LR999926.1 1.58e+07 1.59e+07 198 23700 32 5223 11 1787   12 1866   18 3228 27 1265
LR999926.1 1.59e+07 1.6e+07 141 19101 23 3562 7 578 1 69 10 1092   19 8009 42 1624
LR999926.1 1.6e+07 1.61e+07 125 20490 28 3454 6 426   5 660 1 69 15 10514 31 1370
LR999926.1 1.61e+07 1.62e+07 138 17260 23 3676 8 632   4 708 1 58 14 4620 36 1831
LR999926.1 1.62e+07 1.63e+07 91 9170 5 563 5 393   1 106 3 201 5 2553 41 1633
LR999926.1 1.63e+07 16362069 55 7830 7 1355 3 237   1 134   10 3458 22 1071
