#java OrderMarkers2 data=- evaluateOrder=reordermarkers/iterations/ordered.3.10 useKosambi=1 numThreads=4 calculateIntervals=intervals/ordered.3.intervals randSeed=-2684351658686071588
Loading file
No grandparents present in family V
Number of individuals = 92
Number of families = 1
File loaded with 42521 SNPs
Number of individuals = 92 excluding grandparents
Number of families = 1
Number of markers = 230
Setting dataScale to 0.391304347826087 all likelihoods will be multiplied by 2.5555555555555554
Initial score = -5092.789847158494
Iteration 1 of 6
884884288488421 done
Polishing map...
score = -4421.5666925966925
*score = -4398.6868929196335
score = -4278.6955326557345
*score = -4278.6955326557345
Iteration 2 of 6
884884288488421 done
Polishing map...
score = -4765.812806741872
score = -4745.749258334662
score = -4689.589730466629
score = -4660.398267288026
Iteration 3 of 6
884884288488421 done
Polishing map...
score = -4786.969191172683
score = -4697.099362948501
score = -4687.081755708029
score = -4680.655874826847
Iteration 4 of 6
884884288488421 done
Polishing map...
score = -6383.109822950144
score = -6324.294250230741
score = -5280.783033075066
score = -5192.9760033629
Iteration 5 of 6
884884288488421 done
Polishing map...
score = -4718.285219698542
score = -4718.285219698542
score = -4707.646762161845
score = -4688.133251511242
Iteration 6 of 6
884884288488421 done
Polishing map...
score = -4827.980913883247
score = -4818.2647562899965
score = -4795.307019589223
score = -4795.307033417501
Final score = -4278.6955326557345
Setting dataScale to 0.391304347826087 all likelihoods will be multiplied by 2.5555555555555554
logL = -4278.6955326557345
number of recombinations = 98.0 logL = -4278.6955326557345
Individual	V	P14459_101_S1	recombines	1	times
Individual	V	P14459_103_S3	recombines	1	times
Individual	V	P14459_104_S4	recombines	1	times
Individual	V	P14459_105_S5	recombines	1	times
Individual	V	P14459_106_S6	recombines	1	times
Individual	V	P14459_107_S7	recombines	1	times
Individual	V	P14459_108_S8	recombines	1	times
Individual	V	P14459_109_S9	recombines	2	times
Individual	V	P14459_110_S10	recombines	1	times
Individual	V	P14459_111_S11	recombines	2	times
Individual	V	P14459_112_S12	recombines	1	times
Individual	V	P14459_113_S13	recombines	1	times
Individual	V	P14459_114_S14	recombines	1	times
Individual	V	P14459_115_S15	recombines	2	times
Individual	V	P14459_116_S16	recombines	2	times
Individual	V	P14459_117_S17	recombines	1	times
Individual	V	P14459_118_S18	recombines	1	times
Individual	V	P14459_119_S19	recombines	2	times
Individual	V	P14459_120_S20	recombines	1	times
Individual	V	P14459_121_S21	recombines	1	times
Individual	V	P14459_122_S22	recombines	1	times
Individual	V	P14459_123_S23	recombines	1	times
Individual	V	P14459_124_S24	recombines	2	times
Individual	V	P14459_126_S26	recombines	1	times
Individual	V	P14459_127_S27	recombines	1	times
Individual	V	P14459_128_S28	recombines	1	times
Individual	V	P14459_129_S29	recombines	2	times
Individual	V	P14459_130_S30	recombines	1	times
Individual	V	P14459_134_S34	recombines	1	times
Individual	V	P14459_135_S35	recombines	1	times
Individual	V	P14459_136_S36	recombines	1	times
Individual	V	P14459_137_S37	recombines	1	times
Individual	V	P14459_138_S38	recombines	2	times
Individual	V	P14459_139_S39	recombines	2	times
Individual	V	P14459_140_S40	recombines	1	times
Individual	V	P14459_141_S41	recombines	1	times
Individual	V	P14459_142_S42	recombines	1	times
Individual	V	P14459_144_S44	recombines	1	times
Individual	V	P14459_145_S45	recombines	1	times
Individual	V	P14459_147_S47	recombines	1	times
Individual	V	P14459_148_S48	recombines	2	times
Individual	V	P14459_150_S50	recombines	1	times
Individual	V	P14459_151_S51	recombines	1	times
Individual	V	P14459_153_S53	recombines	1	times
Individual	V	P14459_154_S54	recombines	1	times
Individual	V	P14459_155_S55	recombines	1	times
Individual	V	P14459_156_S56	recombines	2	times
Individual	V	P14459_157_S57	recombines	1	times
Individual	V	P14459_158_S58	recombines	1	times
Individual	V	P14459_160_S60	recombines	2	times
Individual	V	P14459_161_S61	recombines	1	times
Individual	V	P14459_162_S62	recombines	1	times
Individual	V	P14459_163_S63	recombines	1	times
Individual	V	P14459_164_S64	recombines	1	times
Individual	V	P14459_166_S66	recombines	1	times
Individual	V	P14459_167_S67	recombines	1	times
Individual	V	P14459_168_S68	recombines	1	times
Individual	V	P14459_169_S69	recombines	2	times
Individual	V	P14459_170_S70	recombines	1	times
Individual	V	P14459_171_S71	recombines	1	times
Individual	V	P14459_172_S72	recombines	1	times
Individual	V	P14459_174_S74	recombines	1	times
Individual	V	P14459_176_S76	recombines	1	times
Individual	V	P14459_177_S77	recombines	1	times
Individual	V	P14459_178_S78	recombines	2	times
Individual	V	P14459_180_S80	recombines	1	times
Individual	V	P14459_181_S81	recombines	2	times
Individual	V	P14459_182_S82	recombines	2	times
Individual	V	P14459_183_S83	recombines	2	times
Individual	V	P14459_184_S84	recombines	1	times
Individual	V	P14459_186_S86	recombines	1	times
Individual	V	P14459_187_S87	recombines	1	times
Individual	V	P14459_189_S89	recombines	1	times
Individual	V	P14459_190_S90	recombines	1	times
Individual	V	P14459_191_S91	recombines	1	times
Individual	V	P14459_193_S93	recombines	2	times
Individual	V	P14459_194_S94	recombines	2	times
Individual	V	P14459_195_S95	recombines	2	times
#*** LG = 0 likelihood = -4278.6955
#marker_number	male_position	female_position	( 0.0 )[	phased data]
10441	0.000	0.000	( 0 )	110010110011100010111100111000001110010000010011011000100001110101110100101000001100110001000000000000000000000000000000000000000000000000000000000000000000000000000000000000000000 0 0
10476	0.000	0.000	( 0 )	110010110011100010111100111000001110010000010011011000100001110101110100101000001100110001000000000000000000000000000000000000000000000000000000000000000000000000000000000000000000 0 0
10599	0.000	0.000	( 0 )	110010110011100010111100111000001110010000010011011000100001110101110100101000001100110001000000000000000000000000000000000000000000000000000000000000000000000000000000000000000000 0 0
10470	0.000	0.000	( 0 )	110010110011100010111100111000001110010000010011011000100001110101110100101000001100110001000000000000000000000000000000000000000000000000000000000000000000000000000000000000000000 0 0
10472	0.000	0.000	( 0 )	110010110011100010111100111000001110010000010011011000100001110101110100101000001100110001000000000000000000000000000000000000000000000000000000000000000000000000000000000000000000 0 0
10469	0.000	0.000	( 0 )	110010110011100010111100111000001110010000010011011000100001110101110100101000001100110001000000000000000000000000000000000000000000000000000000000000000000000000000000000000000000 0 0
10470	0.000	0.000	( 0 )	110010110011100010111100111000001110010000010011011000100001110101110100101000001100110001000000000000000000000000000000000000000000000000000000000000000000000000000000000000000000 0 0
10370	0.000	0.000	( 0 )	110010110011100010111100111000001110010000010011011000100001110101110100101000001100110001000000000000000000000000000000000000000000000000000000000000000000000000000000000000000000 0 0
10468	0.000	0.000	( 0 )	110010110011100010111100111000001110010000010011011000100001110101110100101000001100110001000000000000000000000000000000000000000000000000000000000000000000000000000000000000000000 0 0
10516	2.224	0.000	( 0 )	110010110011100010111100111000001110010000011001011000100001110101110100101000001100110001000000000000000000000000000000000000000000000000000000000000000000000000000000000000000000 2 0
10611	3.335	0.000	( 0 )	110010110011101010111100111000001110010000011001011000100001110101110100101000001100110001000000000000000000000000000000000000000000000000000000000000000000000000000000000000000000 1 0
10604	3.335	0.000	( 0 )	110010110011101010111100111000001110010000011001011000100001110101110100101000001100110001000000000000000000000000000000000000000000000000000000000000000000000000000000000000000000 0 0
10610	3.335	0.000	( 0 )	110010110011101010111100111000001110010000011001011000100001110101110100101000001100110001000000000000000000000000000000000000000000000000000000000000000000000000000000000000000000 0 0
10609	3.335	0.000	( 0 )	110010110011101010111100111000001110010000011001011000100001110101110100101000001100110001000000000000000000000000000000000000000000000000000000000000000000000000000000000000000000 0 0
10602	3.335	0.000	( 0 )	110010110011101010111100111000001110010000011001011000100001110101110100101000001100110001000000000000000000000000000000000000000000000000000000000000000000000000000000000000000000 0 0
10655	5.559	0.000	( 0 )	110010110011101011111100111000001110110000011001011000100001110101110100101000001100110001000000000000000000000000000000000000000000000000000000000000000000000000000000000000000000 2 0
10681	5.559	0.000	( 0 )	110010110011101011111100111000001110110000011001011000100001110101110100101000001100110001000000000000000000000000000000000000000000000000000000000000000000000000000000000000000000 0 0
10669	5.559	0.000	( 0 )	110010110011101011111100111000001110110000011001011000100001110101110100101000001100110001000000000000000000000000000000000000000000000000000000000000000000000000000000000000000000 0 0
10658	5.559	0.000	( 0 )	110010110011101011111100111000001110110000011001011000100001110101110100101000001100110001000000000000000000000000000000000000000000000000000000000000000000000000000000000000000000 0 0
10664	5.559	0.000	( 0 )	110010110011101011111100111000001110110000011001011000100001110101110100101000001100110001000000000000000000000000000000000000000000000000000000000000000000000000000000000000000000 0 0
10680	5.559	0.000	( 0 )	110010110011101011111100111000001110110000011001011000100001110101110100101000001100110001000000000000000000000000000000000000000000000000000000000000000000000000000000000000000000 0 0
10663	5.559	0.000	( 0 )	110010110011101011111100111000001110110000011001011000100001110101110100101000001100110001000000000000000000000000000000000000000000000000000000000000000000000000000000000000000000 0 0
10656	5.559	0.000	( 0 )	110010110011101011111100111000001110110000011001011000100001110101110100101000001100110001000000000000000000000000000000000000000000000000000000000000000000000000000000000000000000 0 0
10667	5.559	0.000	( 0 )	110010110011101011111100111000001110110000011001011000100001110101110100101000001100110001000000000000000000000000000000000000000000000000000000000000000000000000000000000000000000 0 0
10665	5.559	0.000	( 0 )	110010110011101011111100111000001110110000011001011000100001110101110100101000001100110001000000000000000000000000000000000000000000000000000000000000000000000000000000000000000000 0 0
10657	5.559	0.000	( 0 )	110010110011101011111100111000001110110000011001011000100001110101110100101000001100110001000000000000000000000000000000000000000000000000000000000000000000000000000000000000000000 0 0
10670	5.559	0.000	( 0 )	110010110011101011111100111000001110110000011001011000100001110101110100101000001100110001000000000000000000000000000000000000000000000000000000000000000000000000000000000000000000 0 0
10687	5.559	0.000	( 0 )	110010110011101011111100111000001110110000011001011000100001110101110100101000001100110001000000000000000000000000000000000000000000000000000000000000000000000000000000000000000000 0 0
10659	5.559	0.000	( 0 )	110010110011101011111100111000001110110000011001011000100001110101110100101000001100110001000000000000000000000000000000000000000000000000000000000000000000000000000000000000000000 0 0
10686	5.559	0.000	( 0 )	110010110011101011111100111000001110110000011001011000100001110101110100101000001100110001000000000000000000000000000000000000000000000000000000000000000000000000000000000000000000 0 0
10666	5.559	0.000	( 0 )	110010110011101011111100111000001110110000011001011000100001110101110100101000001100110001000000000000000000000000000000000000000000000000000000000000000000000000000000000000000000 0 0
10689	5.559	0.000	( 0 )	110010110011101011111100111000001110110000011001011000100001110101110100101000001100110001000000000000000000000000000000000000000000000000000000000000000000000000000000000000000000 0 0
10668	5.559	0.000	( 0 )	110010110011101011111100111000001110110000011001011000100001110101110100101000001100110001000000000000000000000000000000000000000000000000000000000000000000000000000000000000000000 0 0
10660	5.559	0.000	( 0 )	110010110011101011111100111000001110110000011001011000100001110101110100101000001100110001000000000000000000000000000000000000000000000000000000000000000000000000000000000000000000 0 0
10688	5.559	0.000	( 0 )	110010110011101011111100111000001110110000011001011000100001110101110100101000001100110001000000000000000000000000000000000000000000000000000000000000000000000000000000000000000000 0 0
10710	6.670	0.000	( 0 )	110010110011101011111100111000001111110000011001011000100001110101110100101000001100110001000000000000000000000000000000000000000000000000000000000000000000000000000000000000000000 1 0
10713	6.670	0.000	( 0 )	110010110011101011111100111000001111110000011001011000100001110101110100101000001100110001000000000000000000000000000000000000000000000000000000000000000000000000000000000000000000 0 0
10739	7.781	0.000	( 0 )	110010100011101011111100111000001111110000011001011000100001110101110100101000001100110001000000000000000000000000000000000000000000000000000000000000000000000000000000000000000000 1 0
10722	7.781	0.000	( 0 )	110010100011101011111100111000001111110000011001011000100001110101110100101000001100110001000000000000000000000000000000000000000000000000000000000000000000000000000000000000000000 0 0
10742	7.781	0.000	( 0 )	110010100011101011111100111000001111110000011001011000100001110101110100101000001100110001000000000000000000000000000000000000000000000000000000000000000000000000000000000000000000 0 0
10723	7.781	0.000	( 0 )	110010100011101011111100111000001111110000011001011000100001110101110100101000001100110001000000000000000000000000000000000000000000000000000000000000000000000000000000000000000000 0 0
10743	7.781	0.000	( 0 )	110010100011101011111100111000001111110000011001011000100001110101110100101000001100110001000000000000000000000000000000000000000000000000000000000000000000000000000000000000000000 0 0
10737	7.781	0.000	( 0 )	110010100011101011111100111000001111110000011001011000100001110101110100101000001100110001000000000000000000000000000000000000000000000000000000000000000000000000000000000000000000 0 0
10757	12.237	0.000	( 0 )	110010100011101011011100111000001111110000011001011000100001110111110100101000001100110010000000000000000000000000000000000000000000000000000000000000000000000000000000000000000000 4 0
10756	12.237	0.000	( 0 )	110010100011101011011100111000001111110000011001011000100001110111110100101000001100110010000000000000000000000000000000000000000000000000000000000000000000000000000000000000000000 0 0
10788	15.576	0.000	( 0 )	110010100011111011011100111000001111110000011001011010100001110111110100001000001100110010000000000000000000000000000000000000000000000000000000000000000000000000000000000000000000 3 0
10818	20.032	0.000	( 0 )	010010100111111011011100111000001111110000011001011010100001110111110100001101001100110010000000000000000000000000000000000000000000000000000000000000000000000000000000000000000000 4 0
10847	21.143	0.000	( 0 )	010010100111111011011100111000001111110000011001011010100001110111110100001101001100010010000000000000000000000000000000000000000000000000000000000000000000000000000000000000000000 1 0
10846	21.143	0.000	( 0 )	010010100111111011011100111000001111110000011001011010100001110111110100001101001100010010000000000000000000000000000000000000000000000000000000000000000000000000000000000000000000 0 0
10876	21.143	0.000	( 0 )	010010100111111011011100111000001111110000011001011010100001110111110100001101001100010010000000000000000000000000000000000000000000000000000000000000000000000000000000000000000000 0 0
10875	21.143	0.000	( 0 )	010010100111111011011100111000001111110000011001011010100001110111110100001101001100010010000000000000000000000000000000000000000000000000000000000000000000000000000000000000000000 0 0
10913	22.255	0.000	( 0 )	010010100111111011011100111000001111110000011001011010100001110111110100001111001100010010000000000000000000000000000000000000000000000000000000000000000000000000000000000000000000 1 0
10911	22.255	0.000	( 0 )	010010100111111011011100111000001111110000011001011010100001110111110100001111001100010010000000000000000000000000000000000000000000000000000000000000000000000000000000000000000000 0 0
10912	22.255	0.000	( 0 )	010010100111111011011100111000001111110000011001011010100001110111110100001111001100010010000000000000000000000000000000000000000000000000000000000000000000000000000000000000000000 0 0
10910	22.255	0.000	( 0 )	010010100111111011011100111000001111110000011001011010100001110111110100001111001100010010000000000000000000000000000000000000000000000000000000000000000000000000000000000000000000 0 0
10903	22.255	0.000	( 0 )	010010100111111011011100111000001111110000011001011010100001110111110100001111001100010010000000000000000000000000000000000000000000000000000000000000000000000000000000000000000000 0 0
10993	25.593	0.000	( 0 )	010010100111111011011100111100001111110000011001011010100001110111110101001111001100010110000000000000000000000000000000000000000000000000000000000000000000000000000000000000000000 3 0
10984	25.593	0.000	( 0 )	010010100111111011011100111100001111110000011001011010100001110111110101001111001100010110000000000000000000000000000000000000000000000000000000000000000000000000000000000000000000 0 0
11008	26.704	0.000	( 0 )	010010100111111011011100111100001111110000011001011010100001110111110111001111001100010110000000000000000000000000000000000000000000000000000000000000000000000000000000000000000000 1 0
11013	26.704	0.000	( 0 )	010010100111111011011100111100001111110000011001011010100001110111110111001111001100010110000000000000000000000000000000000000000000000000000000000000000000000000000000000000000000 0 0
11012	26.704	0.000	( 0 )	010010100111111011011100111100001111110000011001011010100001110111110111001111001100010110000000000000000000000000000000000000000000000000000000000000000000000000000000000000000000 0 0
11007	26.704	0.000	( 0 )	010010100111111011011100111100001111110000011001011010100001110111110111001111001100010110000000000000000000000000000000000000000000000000000000000000000000000000000000000000000000 0 0
11011	26.704	0.000	( 0 )	010010100111111011011100111100001111110000011001011010100001110111110111001111001100010110000000000000000000000000000000000000000000000000000000000000000000000000000000000000000000 0 0
10996	27.815	0.000	( 0 )	010010100111111011011100111100001111110000011001011010100001110111100111001111001100010110000000000000000000000000000000000000000000000000000000000000000000000000000000000000000000 1 0
11000	27.815	0.000	( 0 )	010010100111111011011100111100001111110000011001011010100001110111100111001111001100010110000000000000000000000000000000000000000000000000000000000000000000000000000000000000000000 0 0
11014	27.815	0.000	( 0 )	010010100111111011011100111100001111110000011001011010100001110111100111001111001100010110000000000000000000000000000000000000000000000000000000000000000000000000000000000000000000 0 0
11038	33.394	0.000	( 0 )	010010100101111111011100111100001111110100011001011010101001110111100111000111001100010110000000000000000000000000000000000000000000000000000000000000000000000000000000000000000000 5 0
11036	33.394	0.000	( 0 )	010010100101111111011100111100001111110100011001011010101001110111100111000111001100010110000000000000000000000000000000000000000000000000000000000000000000000000000000000000000000 0 0
11048	34.505	0.000	( 0 )	010010100101111111011100111100001111111100011001011010101001110111100111000111001100010110000000000000000000000000000000000000000000000000000000000000000000000000000000000000000000 1 0
11055	35.617	0.000	( 0 )	010010100101111111011000111100001111111100011001011010101001110111100111000111001100010110000000000000000000000000000000000000000000000000000000000000000000000000000000000000000000 1 0
11058	35.617	0.000	( 0 )	010010100101111111011000111100001111111100011001011010101001110111100111000111001100010110000000000000000000000000000000000000000000000000000000000000000000000000000000000000000000 0 0
11061	35.617	0.000	( 0 )	010010100101111111011000111100001111111100011001011010101001110111100111000111001100010110000000000000000000000000000000000000000000000000000000000000000000000000000000000000000000 0 0
11057	35.617	0.000	( 0 )	010010100101111111011000111100001111111100011001011010101001110111100111000111001100010110000000000000000000000000000000000000000000000000000000000000000000000000000000000000000000 0 0
11054	35.617	0.000	( 0 )	010010100101111111011000111100001111111100011001011010101001110111100111000111001100010110000000000000000000000000000000000000000000000000000000000000000000000000000000000000000000 0 0
11060	35.617	0.000	( 0 )	010010100101111111011000111100001111111100011001011010101001110111100111000111001100010110000000000000000000000000000000000000000000000000000000000000000000000000000000000000000000 0 0
11056	35.617	0.000	( 0 )	010010100101111111011000111100001111111100011001011010101001110111100111000111001100010110000000000000000000000000000000000000000000000000000000000000000000000000000000000000000000 0 0
11059	35.617	0.000	( 0 )	010010100101111111011000111100001111111100011001011010101001110111100111000111001100010110000000000000000000000000000000000000000000000000000000000000000000000000000000000000000000 0 0
11096	37.840	0.000	( 0 )	010011100101111111011010111100001111111100011001011010101001110111100111000111001100010110000000000000000000000000000000000000000000000000000000000000000000000000000000000000000000 2 0
11157	37.840	0.000	( 0 )	010011100101111111011010111100001111111100011001011010101001110111100111000111001100010110000000000000000000000000000000000000000000000000000000000000000000000000000000000000000000 0 0
11094	37.840	0.000	( 0 )	010011100101111111011010111100001111111100011001011010101001110111100111000111001100010110000000000000000000000000000000000000000000000000000000000000000000000000000000000000000000 0 0
11158	37.840	0.000	( 0 )	010011100101111111011010111100001111111100011001011010101001110111100111000111001100010110000000000000000000000000000000000000000000000000000000000000000000000000000000000000000000 0 0
11131	37.840	0.000	( 0 )	010011100101111111011010111100001111111100011001011010101001110111100111000111001100010110000000000000000000000000000000000000000000000000000000000000000000000000000000000000000000 0 0
11161	37.840	0.000	( 0 )	010011100101111111011010111100001111111100011001011010101001110111100111000111001100010110000000000000000000000000000000000000000000000000000000000000000000000000000000000000000000 0 0
11118	37.840	0.000	( 0 )	010011100101111111011010111100001111111100011001011010101001110111100111000111001100010110000000000000000000000000000000000000000000000000000000000000000000000000000000000000000000 0 0
11128	37.840	0.000	( 0 )	010011100101111111011010111100001111111100011001011010101001110111100111000111001100010110000000000000000000000000000000000000000000000000000000000000000000000000000000000000000000 0 0
11163	37.840	0.000	( 0 )	010011100101111111011010111100001111111100011001011010101001110111100111000111001100010110000000000000000000000000000000000000000000000000000000000000000000000000000000000000000000 0 0
11162	37.840	0.000	( 0 )	010011100101111111011010111100001111111100011001011010101001110111100111000111001100010110000000000000000000000000000000000000000000000000000000000000000000000000000000000000000000 0 0
11134	37.840	0.000	( 0 )	010011100101111111011010111100001111111100011001011010101001110111100111000111001100010110000000000000000000000000000000000000000000000000000000000000000000000000000000000000000000 0 0
11133	37.840	0.000	( 0 )	010011100101111111011010111100001111111100011001011010101001110111100111000111001100010110000000000000000000000000000000000000000000000000000000000000000000000000000000000000000000 0 0
11156	37.840	0.000	( 0 )	010011100101111111011010111100001111111100011001011010101001110111100111000111001100010110000000000000000000000000000000000000000000000000000000000000000000000000000000000000000000 0 0
11127	37.840	0.000	( 0 )	010011100101111111011010111100001111111100011001011010101001110111100111000111001100010110000000000000000000000000000000000000000000000000000000000000000000000000000000000000000000 0 0
11068	37.840	0.000	( 0 )	010011100101111111011010111100001111111100011001011010101001110111100111000111001100010110000000000000000000000000000000000000000000000000000000000000000000000000000000000000000000 0 0
11130	37.840	0.000	( 0 )	010011100101111111011010111100001111111100011001011010101001110111100111000111001100010110000000000000000000000000000000000000000000000000000000000000000000000000000000000000000000 0 0
11129	37.840	0.000	( 0 )	010011100101111111011010111100001111111100011001011010101001110111100111000111001100010110000000000000000000000000000000000000000000000000000000000000000000000000000000000000000000 0 0
11097	37.840	0.000	( 0 )	010011100101111111011010111100001111111100011001011010101001110111100111000111001100010110000000000000000000000000000000000000000000000000000000000000000000000000000000000000000000 0 0
11160	37.840	0.000	( 0 )	010011100101111111011010111100001111111100011001011010101001110111100111000111001100010110000000000000000000000000000000000000000000000000000000000000000000000000000000000000000000 0 0
5783	38.952	0.000	( 0 )	010011100101111111011010111100001111111100011001011010101001110111100111000111000100010110000000000000000000000000000000000000000000000000000000000000000000000000000000000000000000 1 0
11352	40.063	0.000	( 0 )	010011100101111111011010011100001111111100011001011010101001110111100111000111000100010110000000000000000000000000000000000000000000000000000000000000000000000000000000000000000000 1 0
11307	40.063	0.000	( 0 )	010011100101111111011010011100001111111100011001011010101001110111100111000111000100010110000000000000000000000000000000000000000000000000000000000000000000000000000000000000000000 0 0
11188	40.063	0.000	( 0 )	010011100101111111011010011100001111111100011001011010101001110111100111000111000100010110000000000000000000000000000000000000000000000000000000000000000000000000000000000000000000 0 0
11225	40.063	0.000	( 0 )	010011100101111111011010011100001111111100011001011010101001110111100111000111000100010110000000000000000000000000000000000000000000000000000000000000000000000000000000000000000000 0 0
11353	40.063	0.000	( 0 )	010011100101111111011010011100001111111100011001011010101001110111100111000111000100010110000000000000000000000000000000000000000000000000000000000000000000000000000000000000000000 0 0
11243	40.063	0.000	( 0 )	010011100101111111011010011100001111111100011001011010101001110111100111000111000100010110000000000000000000000000000000000000000000000000000000000000000000000000000000000000000000 0 0
11261	40.063	0.000	( 0 )	010011100101111111011010011100001111111100011001011010101001110111100111000111000100010110000000000000000000000000000000000000000000000000000000000000000000000000000000000000000000 0 0
11231	40.063	0.000	( 0 )	010011100101111111011010011100001111111100011001011010101001110111100111000111000100010110000000000000000000000000000000000000000000000000000000000000000000000000000000000000000000 0 0
11344	40.063	0.000	( 0 )	010011100101111111011010011100001111111100011001011010101001110111100111000111000100010110000000000000000000000000000000000000000000000000000000000000000000000000000000000000000000 0 0
11305	40.063	0.000	( 0 )	010011100101111111011010011100001111111100011001011010101001110111100111000111000100010110000000000000000000000000000000000000000000000000000000000000000000000000000000000000000000 0 0
19549	40.063	0.000	( 0 )	010011100101111111011010011100001111111100011001011010101001110111100111000111000100010110000000000000000000000000000000000000000000000000000000000000000000000000000000000000000000 0 0
11242	40.063	0.000	( 0 )	010011100101111111011010011100001111111100011001011010101001110111100111000111000100010110000000000000000000000000000000000000000000000000000000000000000000000000000000000000000000 0 0
11318	40.063	0.000	( 0 )	010011100101111111011010011100001111111100011001011010101001110111100111000111000100010110000000000000000000000000000000000000000000000000000000000000000000000000000000000000000000 0 0
11320	40.063	0.000	( 0 )	010011100101111111011010011100001111111100011001011010101001110111100111000111000100010110000000000000000000000000000000000000000000000000000000000000000000000000000000000000000000 0 0
19553	40.063	0.000	( 0 )	010011100101111111011010011100001111111100011001011010101001110111100111000111000100010110000000000000000000000000000000000000000000000000000000000000000000000000000000000000000000 0 0
19551	40.063	0.000	( 0 )	010011100101111111011010011100001111111100011001011010101001110111100111000111000100010110000000000000000000000000000000000000000000000000000000000000000000000000000000000000000000 0 0
11340	40.063	0.000	( 0 )	010011100101111111011010011100001111111100011001011010101001110111100111000111000100010110000000000000000000000000000000000000000000000000000000000000000000000000000000000000000000 0 0
11351	40.063	0.000	( 0 )	010011100101111111011010011100001111111100011001011010101001110111100111000111000100010110000000000000000000000000000000000000000000000000000000000000000000000000000000000000000000 0 0
11346	40.063	0.000	( 0 )	010011100101111111011010011100001111111100011001011010101001110111100111000111000100010110000000000000000000000000000000000000000000000000000000000000000000000000000000000000000000 0 0
11209	40.063	0.000	( 0 )	010011100101111111011010011100001111111100011001011010101001110111100111000111000100010110000000000000000000000000000000000000000000000000000000000000000000000000000000000000000000 0 0
19552	40.063	0.000	( 0 )	010011100101111111011010011100001111111100011001011010101001110111100111000111000100010110000000000000000000000000000000000000000000000000000000000000000000000000000000000000000000 0 0
29679	43.401	0.000	( 0 )	010011100101111111011010011100001111101100011001011010101001010110100111000111000100010110000000000000000000000000000000000000000000000000000000000000000000000000000000000000000000 3 0
11367	43.401	0.000	( 0 )	010011100101111111011010011100001111101100011001011010101001010110100111000111000100010110000000000000000000000000000000000000000000000000000000000000000000000000000000000000000000 0 0
11443	43.401	0.000	( 0 )	010011100101111111011010011100001111101100011001011010101001010110100111000111000100010110000000000000000000000000000000000000000000000000000000000000000000000000000000000000000000 0 0
11532	43.401	0.000	( 0 )	010011100101111111011010011100001111101100011001011010101001010110100111000111000100010110000000000000000000000000000000000000000000000000000000000000000000000000000000000000000000 0 0
11445	43.401	0.000	( 0 )	010011100101111111011010011100001111101100011001011010101001010110100111000111000100010110000000000000000000000000000000000000000000000000000000000000000000000000000000000000000000 0 0
11370	43.401	0.000	( 0 )	010011100101111111011010011100001111101100011001011010101001010110100111000111000100010110000000000000000000000000000000000000000000000000000000000000000000000000000000000000000000 0 0
11371	43.401	0.000	( 0 )	010011100101111111011010011100001111101100011001011010101001010110100111000111000100010110000000000000000000000000000000000000000000000000000000000000000000000000000000000000000000 0 0
11368	43.401	0.000	( 0 )	010011100101111111011010011100001111101100011001011010101001010110100111000111000100010110000000000000000000000000000000000000000000000000000000000000000000000000000000000000000000 0 0
11436	43.401	0.000	( 0 )	010011100101111111011010011100001111101100011001011010101001010110100111000111000100010110000000000000000000000000000000000000000000000000000000000000000000000000000000000000000000 0 0
11396	43.401	0.000	( 0 )	010011100101111111011010011100001111101100011001011010101001010110100111000111000100010110000000000000000000000000000000000000000000000000000000000000000000000000000000000000000000 0 0
11446	43.401	0.000	( 0 )	010011100101111111011010011100001111101100011001011010101001010110100111000111000100010110000000000000000000000000000000000000000000000000000000000000000000000000000000000000000000 0 0
11478	43.401	0.000	( 0 )	010011100101111111011010011100001111101100011001011010101001010110100111000111000100010110000000000000000000000000000000000000000000000000000000000000000000000000000000000000000000 0 0
11374	43.401	0.000	( 0 )	010011100101111111011010011100001111101100011001011010101001010110100111000111000100010110000000000000000000000000000000000000000000000000000000000000000000000000000000000000000000 0 0
11438	43.401	0.000	( 0 )	010011100101111111011010011100001111101100011001011010101001010110100111000111000100010110000000000000000000000000000000000000000000000000000000000000000000000000000000000000000000 0 0
11380	43.401	0.000	( 0 )	010011100101111111011010011100001111101100011001011010101001010110100111000111000100010110000000000000000000000000000000000000000000000000000000000000000000000000000000000000000000 0 0
11486	43.401	0.000	( 0 )	010011100101111111011010011100001111101100011001011010101001010110100111000111000100010110000000000000000000000000000000000000000000000000000000000000000000000000000000000000000000 0 0
11444	43.401	0.000	( 0 )	010011100101111111011010011100001111101100011001011010101001010110100111000111000100010110000000000000000000000000000000000000000000000000000000000000000000000000000000000000000000 0 0
11391	43.401	0.000	( 0 )	010011100101111111011010011100001111101100011001011010101001010110100111000111000100010110000000000000000000000000000000000000000000000000000000000000000000000000000000000000000000 0 0
11533	43.401	0.000	( 0 )	010011100101111111011010011100001111101100011001011010101001010110100111000111000100010110000000000000000000000000000000000000000000000000000000000000000000000000000000000000000000 0 0
11393	43.401	0.000	( 0 )	010011100101111111011010011100001111101100011001011010101001010110100111000111000100010110000000000000000000000000000000000000000000000000000000000000000000000000000000000000000000 0 0
11388	43.401	0.000	( 0 )	010011100101111111011010011100001111101100011001011010101001010110100111000111000100010110000000000000000000000000000000000000000000000000000000000000000000000000000000000000000000 0 0
11432	43.401	0.000	( 0 )	010011100101111111011010011100001111101100011001011010101001010110100111000111000100010110000000000000000000000000000000000000000000000000000000000000000000000000000000000000000000 0 0
11440	43.401	0.000	( 0 )	010011100101111111011010011100001111101100011001011010101001010110100111000111000100010110000000000000000000000000000000000000000000000000000000000000000000000000000000000000000000 0 0
11433	43.401	0.000	( 0 )	010011100101111111011010011100001111101100011001011010101001010110100111000111000100010110000000000000000000000000000000000000000000000000000000000000000000000000000000000000000000 0 0
11377	43.401	0.000	( 0 )	010011100101111111011010011100001111101100011001011010101001010110100111000111000100010110000000000000000000000000000000000000000000000000000000000000000000000000000000000000000000 0 0
11369	43.401	0.000	( 0 )	010011100101111111011010011100001111101100011001011010101001010110100111000111000100010110000000000000000000000000000000000000000000000000000000000000000000000000000000000000000000 0 0
11394	43.401	0.000	( 0 )	010011100101111111011010011100001111101100011001011010101001010110100111000111000100010110000000000000000000000000000000000000000000000000000000000000000000000000000000000000000000 0 0
11427	43.401	0.000	( 0 )	010011100101111111011010011100001111101100011001011010101001010110100111000111000100010110000000000000000000000000000000000000000000000000000000000000000000000000000000000000000000 0 0
11401	43.401	0.000	( 0 )	010011100101111111011010011100001111101100011001011010101001010110100111000111000100010110000000000000000000000000000000000000000000000000000000000000000000000000000000000000000000 0 0
11534	43.401	0.000	( 0 )	010011100101111111011010011100001111101100011001011010101001010110100111000111000100010110000000000000000000000000000000000000000000000000000000000000000000000000000000000000000000 0 0
11482	43.401	0.000	( 0 )	010011100101111111011010011100001111101100011001011010101001010110100111000111000100010110000000000000000000000000000000000000000000000000000000000000000000000000000000000000000000 0 0
11464	43.401	0.000	( 0 )	010011100101111111011010011100001111101100011001011010101001010110100111000111000100010110000000000000000000000000000000000000000000000000000000000000000000000000000000000000000000 0 0
11722	44.512	0.000	( 0 )	010111100101111111011010011100001111101100011001011010101001010110100111000111000100010110000000000000000000000000000000000000000000000000000000000000000000000000000000000000000000 1 0
11637	44.512	0.000	( 0 )	010111100101111111011010011100001111101100011001011010101001010110100111000111000100010110000000000000000000000000000000000000000000000000000000000000000000000000000000000000000000 0 0
11775	44.512	0.000	( 0 )	010111100101111111011010011100001111101100011001011010101001010110100111000111000100010110000000000000000000000000000000000000000000000000000000000000000000000000000000000000000000 0 0
11752	44.512	0.000	( 0 )	010111100101111111011010011100001111101100011001011010101001010110100111000111000100010110000000000000000000000000000000000000000000000000000000000000000000000000000000000000000000 0 0
11583	44.512	0.000	( 0 )	010111100101111111011010011100001111101100011001011010101001010110100111000111000100010110000000000000000000000000000000000000000000000000000000000000000000000000000000000000000000 0 0
5784	44.512	0.000	( 0 )	010111100101111111011010011100001111101100011001011010101001010110100111000111000100010110000000000000000000000000000000000000000000000000000000000000000000000000000000000000000000 0 0
11751	44.512	0.000	( 0 )	010111100101111111011010011100001111101100011001011010101001010110100111000111000100010110000000000000000000000000000000000000000000000000000000000000000000000000000000000000000000 0 0
11736	44.512	0.000	( 0 )	010111100101111111011010011100001111101100011001011010101001010110100111000111000100010110000000000000000000000000000000000000000000000000000000000000000000000000000000000000000000 0 0
11723	44.512	0.000	( 0 )	010111100101111111011010011100001111101100011001011010101001010110100111000111000100010110000000000000000000000000000000000000000000000000000000000000000000000000000000000000000000 0 0
11582	44.512	0.000	( 0 )	010111100101111111011010011100001111101100011001011010101001010110100111000111000100010110000000000000000000000000000000000000000000000000000000000000000000000000000000000000000000 0 0
11655	44.512	0.000	( 0 )	010111100101111111011010011100001111101100011001011010101001010110100111000111000100010110000000000000000000000000000000000000000000000000000000000000000000000000000000000000000000 0 0
11789	44.512	0.000	( 0 )	010111100101111111011010011100001111101100011001011010101001010110100111000111000100010110000000000000000000000000000000000000000000000000000000000000000000000000000000000000000000 0 0
11549	44.512	0.000	( 0 )	010111100101111111011010011100001111101100011001011010101001010110100111000111000100010110000000000000000000000000000000000000000000000000000000000000000000000000000000000000000000 0 0
11708	44.512	0.000	( 0 )	010111100101111111011010011100001111101100011001011010101001010110100111000111000100010110000000000000000000000000000000000000000000000000000000000000000000000000000000000000000000 0 0
11750	44.512	0.000	( 0 )	010111100101111111011010011100001111101100011001011010101001010110100111000111000100010110000000000000000000000000000000000000000000000000000000000000000000000000000000000000000000 0 0
11744	44.512	0.000	( 0 )	010111100101111111011010011100001111101100011001011010101001010110100111000111000100010110000000000000000000000000000000000000000000000000000000000000000000000000000000000000000000 0 0
11745	44.512	0.000	( 0 )	010111100101111111011010011100001111101100011001011010101001010110100111000111000100010110000000000000000000000000000000000000000000000000000000000000000000000000000000000000000000 0 0
11721	44.512	0.000	( 0 )	010111100101111111011010011100001111101100011001011010101001010110100111000111000100010110000000000000000000000000000000000000000000000000000000000000000000000000000000000000000000 0 0
11737	44.512	0.000	( 0 )	010111100101111111011010011100001111101100011001011010101001010110100111000111000100010110000000000000000000000000000000000000000000000000000000000000000000000000000000000000000000 0 0
11798	44.512	0.000	( 0 )	010111100101111111011010011100001111101100011001011010101001010110100111000111000100010110000000000000000000000000000000000000000000000000000000000000000000000000000000000000000000 0 0
11792	44.512	0.000	( 0 )	010111100101111111011010011100001111101100011001011010101001010110100111000111000100010110000000000000000000000000000000000000000000000000000000000000000000000000000000000000000000 0 0
11787	44.512	0.000	( 0 )	010111100101111111011010011100001111101100011001011010101001010110100111000111000100010110000000000000000000000000000000000000000000000000000000000000000000000000000000000000000000 0 0
11795	44.512	0.000	( 0 )	010111100101111111011010011100001111101100011001011010101001010110100111000111000100010110000000000000000000000000000000000000000000000000000000000000000000000000000000000000000000 0 0
11754	44.512	0.000	( 0 )	010111100101111111011010011100001111101100011001011010101001010110100111000111000100010110000000000000000000000000000000000000000000000000000000000000000000000000000000000000000000 0 0
11753	44.512	0.000	( 0 )	010111100101111111011010011100001111101100011001011010101001010110100111000111000100010110000000000000000000000000000000000000000000000000000000000000000000000000000000000000000000 0 0
11589	44.512	0.000	( 0 )	010111100101111111011010011100001111101100011001011010101001010110100111000111000100010110000000000000000000000000000000000000000000000000000000000000000000000000000000000000000000 0 0
11541	44.512	0.000	( 0 )	010111100101111111011010011100001111101100011001011010101001010110100111000111000100010110000000000000000000000000000000000000000000000000000000000000000000000000000000000000000000 0 0
11540	44.512	0.000	( 0 )	010111100101111111011010011100001111101100011001011010101001010110100111000111000100010110000000000000000000000000000000000000000000000000000000000000000000000000000000000000000000 0 0
11709	44.512	0.000	( 0 )	010111100101111111011010011100001111101100011001011010101001010110100111000111000100010110000000000000000000000000000000000000000000000000000000000000000000000000000000000000000000 0 0
11588	44.512	0.000	( 0 )	010111100101111111011010011100001111101100011001011010101001010110100111000111000100010110000000000000000000000000000000000000000000000000000000000000000000000000000000000000000000 0 0
11790	44.512	0.000	( 0 )	010111100101111111011010011100001111101100011001011010101001010110100111000111000100010110000000000000000000000000000000000000000000000000000000000000000000000000000000000000000000 0 0
11791	44.512	0.000	( 0 )	010111100101111111011010011100001111101100011001011010101001010110100111000111000100010110000000000000000000000000000000000000000000000000000000000000000000000000000000000000000000 0 0
11707	44.512	0.000	( 0 )	010111100101111111011010011100001111101100011001011010101001010110100111000111000100010110000000000000000000000000000000000000000000000000000000000000000000000000000000000000000000 0 0
11825	45.624	0.000	( 0 )	010111100101111111011010011100001111101100011001011010101001000110100111000111000100010110000000000000000000000000000000000000000000000000000000000000000000000000000000000000000000 1 0
11821	45.624	0.000	( 0 )	010111100101111111011010011100001111101100011001011010101001000110100111000111000100010110000000000000000000000000000000000000000000000000000000000000000000000000000000000000000000 0 0
11887	45.624	0.000	( 0 )	010111100101111111011010011100001111101100011001011010101001000110100111000111000100010110000000000000000000000000000000000000000000000000000000000000000000000000000000000000000000 0 0
11970	46.735	0.000	( 0 )	010111100101111111011010011100001111101100011001011010101001000110100111000111000000010110000000000000000000000000000000000000000000000000000000000000000000000000000000000000000000 1 0
11614	46.735	0.000	( 0 )	010111100101111111011010011100001111101100011001011010101001000110100111000111000000010110000000000000000000000000000000000000000000000000000000000000000000000000000000000000000000 0 0
11936	46.735	0.000	( 0 )	010111100101111111011010011100001111101100011001011010101001000110100111000111000000010110000000000000000000000000000000000000000000000000000000000000000000000000000000000000000000 0 0
11935	46.735	0.000	( 0 )	010111100101111111011010011100001111101100011001011010101001000110100111000111000000010110000000000000000000000000000000000000000000000000000000000000000000000000000000000000000000 0 0
11979	46.735	0.000	( 0 )	010111100101111111011010011100001111101100011001011010101001000110100111000111000000010110000000000000000000000000000000000000000000000000000000000000000000000000000000000000000000 0 0
11915	46.735	0.000	( 0 )	010111100101111111011010011100001111101100011001011010101001000110100111000111000000010110000000000000000000000000000000000000000000000000000000000000000000000000000000000000000000 0 0
11681	48.959	0.000	( 0 )	010111100101101111011010011100001111101100011001011010101001000110100111000111000000010100000000000000000000000000000000000000000000000000000000000000000000000000000000000000000000 2 0
11677	48.959	0.000	( 0 )	010111100101101111011010011100001111101100011001011010101001000110100111000111000000010100000000000000000000000000000000000000000000000000000000000000000000000000000000000000000000 0 0
29682	55.665	0.000	( 0 )	000111100101101101001010011000001111101100011001010010100001000110100111000111000000010100000000000000000000000000000000000000000000000000000000000000000000000000000000000000000000 6 0
29685	56.777	0.000	( 0 )	000111100101101101001010011000001011101100011001010010100001000110100111000111000000010100000000000000000000000000000000000000000000000000000000000000000000000000000000000000000000 1 0
11448	71.644	0.000	( 0 )	000111100001101100001000010000001000001100011001010000000000000000100011000111000000010100000000000000000000000000000000000000000000000000000000000000000000000000000000000000000000 13 0
11450	71.644	0.000	( 0 )	000111100001101100001000010000001000001100011001010000000000000000100011000111000000010100000000000000000000000000000000000000000000000000000000000000000000000000000000000000000000 0 0
11455	71.644	0.000	( 0 )	000111100001101100001000010000001000001100011001010000000000000000100011000111000000010100000000000000000000000000000000000000000000000000000000000000000000000000000000000000000000 0 0
11449	71.644	0.000	( 0 )	000111100001101100001000010000001000001100011001010000000000000000100011000111000000010100000000000000000000000000000000000000000000000000000000000000000000000000000000000000000000 0 0
11454	71.644	0.000	( 0 )	000111100001101100001000010000001000001100011001010000000000000000100011000111000000010100000000000000000000000000000000000000000000000000000000000000000000000000000000000000000000 0 0
11807	72.756	0.000	( 0 )	000111100001101100001000010000001000001100011001010000000000000000100011000011000000010100000000000000000000000000000000000000000000000000000000000000000000000000000000000000000000 1 0
11451	72.756	0.000	( 0 )	000111100001101100001000010000001000001100011001010000000000000000100011000011000000010100000000000000000000000000000000000000000000000000000000000000000000000000000000000000000000 0 0
11812	73.867	0.000	( 0 )	000101100001101100001000010000001000001100011001010000000000000000100011000011000000010100000000000000000000000000000000000000000000000000000000000000000000000000000000000000000000 1 0
11805	73.867	0.000	( 0 )	000101100001101100001000010000001000001100011001010000000000000000100011000011000000010100000000000000000000000000000000000000000000000000000000000000000000000000000000000000000000 0 0
11811	73.867	0.000	( 0 )	000101100001101100001000010000001000001100011001010000000000000000100011000011000000010100000000000000000000000000000000000000000000000000000000000000000000000000000000000000000000 0 0
11816	73.867	0.000	( 0 )	000101100001101100001000010000001000001100011001010000000000000000100011000011000000010100000000000000000000000000000000000000000000000000000000000000000000000000000000000000000000 0 0
11808	73.867	0.000	( 0 )	000101100001101100001000010000001000001100011001010000000000000000100011000011000000010100000000000000000000000000000000000000000000000000000000000000000000000000000000000000000000 0 0
11739	78.323	0.000	( 0 )	000101110001101100001000010000001000001110011001010000000100000000100011100011000000010100000000000000000000000000000000000000000000000000000000000000000000000000000000000000000000 4 0
11205	88.460	0.000	( 0 )	001101110001101100001000010010011000001110011001010101000110001000100011100011100000010101000000000000000000000000000000000000000000000000000000000000000000000000000000000000000000 9 0
10978	91.798	0.000	( 0 )	001101111001101100001000010010011000001111011001010101000110001000100011100011100001010101000000000000000000000000000000000000000000000000000000000000000000000000000000000000000000 3 0
10987	91.798	0.000	( 0 )	001101111001101100001000010010011000001111011001010101000110001000100011100011100001010101000000000000000000000000000000000000000000000000000000000000000000000000000000000000000000 0 0
39631	91.798	0.000	( 0 )	001101111001101100001000010010011000001111011001010101000110001000100011100011100001010101000000000000000000000000000000000000000000000000000000000000000000000000000000000000000000 0 0
11802	106.666	0.000	( 0 )	001101011000000100000000000010010000001111000000000101000110001000000011100011100001000101000000000000000000000000000000000000000000000000000000000000000000000000000000000000000000 13 0
10860	107.777	0.000	( 0 )	001101011000000100000000000010010000001111000000000101000110001000000011100010100001000101000000000000000000000000000000000000000000000000000000000000000000000000000000000000000000 1 0
10861	107.777	0.000	( 0 )	001101011000000100000000000010010000001111000000000101000110001000000011100010100001000101000000000000000000000000000000000000000000000000000000000000000000000000000000000000000000 0 0
10865	107.777	0.000	( 0 )	001101011000000100000000000010010000001111000000000101000110001000000011100010100001000101000000000000000000000000000000000000000000000000000000000000000000000000000000000000000000 0 0
10864	107.777	0.000	( 0 )	001101011000000100000000000010010000001111000000000101000110001000000011100010100001000101000000000000000000000000000000000000000000000000000000000000000000000000000000000000000000 0 0
10929	108.888	0.000	( 0 )	001101011000000100000000000010010000001111000000000101000110001000000011100000100001000101000000000000000000000000000000000000000000000000000000000000000000000000000000000000000000 1 0
11504	110.000	0.000	( 0 )	001101011000000100000000000010010000001111000000000101000110001000000011100000100001000001000000000000000000000000000000000000000000000000000000000000000000000000000000000000000000 1 0
10937	110.000	0.000	( 0 )	001101011000000100000000000010010000001111000000000101000110001000000011100000100001000001000000000000000000000000000000000000000000000000000000000000000000000000000000000000000000 0 0
11570	110.000	0.000	( 0 )	001101011000000100000000000010010000001111000000000101000110001000000011100000100001000001000000000000000000000000000000000000000000000000000000000000000000000000000000000000000000 0 0
11568	110.000	0.000	( 0 )	001101011000000100000000000010010000001111000000000101000110001000000011100000100001000001000000000000000000000000000000000000000000000000000000000000000000000000000000000000000000 0 0
10940	110.000	0.000	( 0 )	001101011000000100000000000010010000001111000000000101000110001000000011100000100001000001000000000000000000000000000000000000000000000000000000000000000000000000000000000000000000 0 0
10943	110.000	0.000	( 0 )	001101011000000100000000000010010000001111000000000101000110001000000011100000100001000001000000000000000000000000000000000000000000000000000000000000000000000000000000000000000000 0 0
11569	110.000	0.000	( 0 )	001101011000000100000000000010010000001111000000000101000110001000000011100000100001000001000000000000000000000000000000000000000000000000000000000000000000000000000000000000000000 0 0
11136	110.000	0.000	( 0 )	001101011000000100000000000010010000001111000000000101000110001000000011100000100001000001000000000000000000000000000000000000000000000000000000000000000000000000000000000000000000 0 0
10944	110.000	0.000	( 0 )	001101011000000100000000000010010000001111000000000101000110001000000011100000100001000001000000000000000000000000000000000000000000000000000000000000000000000000000000000000000000 0 0
10938	110.000	0.000	( 0 )	001101011000000100000000000010010000001111000000000101000110001000000011100000100001000001000000000000000000000000000000000000000000000000000000000000000000000000000000000000000000 0 0
10939	110.000	0.000	( 0 )	001101011000000100000000000010010000001111000000000101000110001000000011100000100001000001000000000000000000000000000000000000000000000000000000000000000000000000000000000000000000 0 0
