#java OrderMarkers2 data=- evaluateOrder=reordermarkers/iterations/ordered.12.20 useKosambi=1 numThreads=4 calculateIntervals=intervals/ordered.12.intervals randSeed=7620281307914774408
Loading file
No grandparents present in family V
Number of individuals = 92
Number of families = 1
File loaded with 42521 SNPs
Number of individuals = 92 excluding grandparents
Number of families = 1
Number of markers = 268
Setting dataScale to 0.3358208955223881 all likelihoods will be multiplied by 2.9777777777777774
Initial score = -4316.119563472808
Iteration 1 of 6
884884288488421 done
Polishing map...
score = -4164.762003433333
*score = -4164.762003433333
score = -4140.120261042954
*score = -4127.691044658066
Iteration 2 of 6
884884288488421 done
Polishing map...
score = -4149.449219267394
*score = -4103.751275257871
score = -4092.327922060674
*score = -4086.1133138682303
Iteration 3 of 6
884884288488421 done
Polishing map...
score = -4166.896263050388
score = -4151.764140060712
score = -4129.8936519714025
score = -4129.8936519714025
Iteration 4 of 6
884884288488421 done
Polishing map...
score = -4229.599498220528
score = -4169.7398959290595
score = -4169.7398959290595
score = -4167.703050147142
Iteration 5 of 6
884884288488421 done
Polishing map...
score = -4456.889382313743
score = -4364.5578376164585
score = -4213.739445197874
score = -4196.159223084019
Iteration 6 of 6
884884288488421 done
Polishing map...
score = -4154.646154614637
score = -4151.764140060712
score = -4129.8936519714025
score = -4129.8936519714025
Final score = -4086.1133138682303
Setting dataScale to 0.3358208955223881 all likelihoods will be multiplied by 2.9777777777777774
logL = -4086.1133138682303
number of recombinations = 88.0 logL = -4086.1133138682303
Individual	V	P14459_101_S1	recombines	1	times
Individual	V	P14459_103_S3	recombines	1	times
Individual	V	P14459_104_S4	recombines	1	times
Individual	V	P14459_105_S5	recombines	1	times
Individual	V	P14459_106_S6	recombines	1	times
Individual	V	P14459_107_S7	recombines	1	times
Individual	V	P14459_108_S8	recombines	1	times
Individual	V	P14459_109_S9	recombines	1	times
Individual	V	P14459_110_S10	recombines	1	times
Individual	V	P14459_111_S11	recombines	1	times
Individual	V	P14459_112_S12	recombines	1	times
Individual	V	P14459_113_S13	recombines	1	times
Individual	V	P14459_114_S14	recombines	1	times
Individual	V	P14459_115_S15	recombines	1	times
Individual	V	P14459_116_S16	recombines	1	times
Individual	V	P14459_117_S17	recombines	1	times
Individual	V	P14459_118_S18	recombines	2	times
Individual	V	P14459_119_S19	recombines	1	times
Individual	V	P14459_120_S20	recombines	1	times
Individual	V	P14459_121_S21	recombines	1	times
Individual	V	P14459_122_S22	recombines	2	times
Individual	V	P14459_124_S24	recombines	1	times
Individual	V	P14459_125_S25	recombines	1	times
Individual	V	P14459_127_S27	recombines	1	times
Individual	V	P14459_129_S29	recombines	2	times
Individual	V	P14459_130_S30	recombines	1	times
Individual	V	P14459_131_S31	recombines	2	times
Individual	V	P14459_132_S32	recombines	1	times
Individual	V	P14459_134_S34	recombines	1	times
Individual	V	P14459_135_S35	recombines	1	times
Individual	V	P14459_139_S39	recombines	1	times
Individual	V	P14459_140_S40	recombines	1	times
Individual	V	P14459_142_S42	recombines	2	times
Individual	V	P14459_147_S47	recombines	1	times
Individual	V	P14459_148_S48	recombines	1	times
Individual	V	P14459_149_S49	recombines	2	times
Individual	V	P14459_150_S50	recombines	2	times
Individual	V	P14459_153_S53	recombines	1	times
Individual	V	P14459_154_S54	recombines	1	times
Individual	V	P14459_155_S55	recombines	1	times
Individual	V	P14459_156_S56	recombines	1	times
Individual	V	P14459_157_S57	recombines	1	times
Individual	V	P14459_158_S58	recombines	1	times
Individual	V	P14459_159_S59	recombines	1	times
Individual	V	P14459_161_S61	recombines	1	times
Individual	V	P14459_162_S62	recombines	1	times
Individual	V	P14459_163_S63	recombines	2	times
Individual	V	P14459_166_S66	recombines	2	times
Individual	V	P14459_167_S67	recombines	1	times
Individual	V	P14459_168_S68	recombines	1	times
Individual	V	P14459_169_S69	recombines	1	times
Individual	V	P14459_170_S70	recombines	1	times
Individual	V	P14459_171_S71	recombines	2	times
Individual	V	P14459_172_S72	recombines	1	times
Individual	V	P14459_173_S73	recombines	1	times
Individual	V	P14459_174_S74	recombines	1	times
Individual	V	P14459_176_S76	recombines	1	times
Individual	V	P14459_178_S78	recombines	1	times
Individual	V	P14459_179_S79	recombines	1	times
Individual	V	P14459_180_S80	recombines	2	times
Individual	V	P14459_181_S81	recombines	1	times
Individual	V	P14459_182_S82	recombines	1	times
Individual	V	P14459_183_S83	recombines	1	times
Individual	V	P14459_184_S84	recombines	1	times
Individual	V	P14459_185_S85	recombines	1	times
Individual	V	P14459_186_S86	recombines	1	times
Individual	V	P14459_187_S87	recombines	1	times
Individual	V	P14459_188_S88	recombines	2	times
Individual	V	P14459_189_S89	recombines	1	times
Individual	V	P14459_190_S90	recombines	1	times
Individual	V	P14459_191_S91	recombines	1	times
Individual	V	P14459_192_S92	recombines	2	times
Individual	V	P14459_193_S93	recombines	1	times
Individual	V	P14459_194_S94	recombines	1	times
Individual	V	P14459_195_S95	recombines	1	times
#*** LG = 0 likelihood = -4086.1133
#marker_number	male_position	female_position	( 0.0 )[	phased data]
13602	0.000	0.000	( 0 )	111000010111100011001011000010000000110100001000010101100100010110010100010000011000110001000000000000000000000000000000000000000000000000000000000000000000000000000000000000000000 0 0
13680	2.224	0.000	( 0 )	111000010111100011001010000010000000110100001000010101100100010100010100010000011000110001000000000000000000000000000000000000000000000000000000000000000000000000000000000000000000 2 0
14153	6.680	0.000	( 0 )	111000011111100011001010000010010000110100001000010101100110010100010100010000011000110101000000000000000000000000000000000000000000000000000000000000000000000000000000000000000000 4 0
13653	13.386	0.000	( 0 )	111100011111110111001010000010011000110100001000010111100110011100010100010000011000110101000000000000000000000000000000000000000000000000000000000000000000000000000000000000000000 6 0
13656	13.386	0.000	( 0 )	111100011111110111001010000010011000110100001000010111100110011100010100010000011000110101000000000000000000000000000000000000000000000000000000000000000000000000000000000000000000 0 0
13651	13.386	0.000	( 0 )	111100011111110111001010000010011000110100001000010111100110011100010100010000011000110101000000000000000000000000000000000000000000000000000000000000000000000000000000000000000000 0 0
13657	13.386	0.000	( 0 )	111100011111110111001010000010011000110100001000010111100110011100010100010000011000110101000000000000000000000000000000000000000000000000000000000000000000000000000000000000000000 0 0
13679	14.498	0.000	( 0 )	111100011111110111001010000010011000110100001000010111100110011100010100010001011000110101000000000000000000000000000000000000000000000000000000000000000000000000000000000000000000 1 0
13631	14.498	0.000	( 0 )	111100011111110111001010000010011000110100001000010111100110011100010100010001011000110101000000000000000000000000000000000000000000000000000000000000000000000000000000000000000000 0 0
13702	14.498	0.000	( 0 )	111100011111110111001010000010011000110100001000010111100110011100010100010001011000110101000000000000000000000000000000000000000000000000000000000000000000000000000000000000000000 0 0
13673	14.498	0.000	( 0 )	111100011111110111001010000010011000110100001000010111100110011100010100010001011000110101000000000000000000000000000000000000000000000000000000000000000000000000000000000000000000 0 0
13676	14.498	0.000	( 0 )	111100011111110111001010000010011000110100001000010111100110011100010100010001011000110101000000000000000000000000000000000000000000000000000000000000000000000000000000000000000000 0 0
13674	14.498	0.000	( 0 )	111100011111110111001010000010011000110100001000010111100110011100010100010001011000110101000000000000000000000000000000000000000000000000000000000000000000000000000000000000000000 0 0
13630	14.498	0.000	( 0 )	111100011111110111001010000010011000110100001000010111100110011100010100010001011000110101000000000000000000000000000000000000000000000000000000000000000000000000000000000000000000 0 0
13678	14.498	0.000	( 0 )	111100011111110111001010000010011000110100001000010111100110011100010100010001011000110101000000000000000000000000000000000000000000000000000000000000000000000000000000000000000000 0 0
13677	14.498	0.000	( 0 )	111100011111110111001010000010011000110100001000010111100110011100010100010001011000110101000000000000000000000000000000000000000000000000000000000000000000000000000000000000000000 0 0
13675	14.498	0.000	( 0 )	111100011111110111001010000010011000110100001000010111100110011100010100010001011000110101000000000000000000000000000000000000000000000000000000000000000000000000000000000000000000 0 0
13713	15.609	0.000	( 0 )	111100011111110111001010000010011000110100001000010111100110011100110100010001011000110101000000000000000000000000000000000000000000000000000000000000000000000000000000000000000000 1 0
13723	16.720	0.000	( 0 )	111100011111110111001010000010011000110100001000010111100110011100110100011001011000110101000000000000000000000000000000000000000000000000000000000000000000000000000000000000000000 1 0
13728	16.720	0.000	( 0 )	111100011111110111001010000010011000110100001000010111100110011100110100011001011000110101000000000000000000000000000000000000000000000000000000000000000000000000000000000000000000 0 0
13774	20.059	0.000	( 0 )	011100011111111111001010000010011000110100001000010111100110011100110100011101011000110101000000000000000000000000000000000000000000000000000000000000000000000000000000000000000000 3 0
13771	21.170	0.000	( 0 )	011100011111111111001010000010011000110100001000010111100110011100110100011101011001110101000000000000000000000000000000000000000000000000000000000000000000000000000000000000000000 1 0
13792	22.281	0.000	( 0 )	011100011111111111001010000000011000110100001000010111100110011100110100011101011001110101000000000000000000000000000000000000000000000000000000000000000000000000000000000000000000 1 0
13791	22.281	0.000	( 0 )	011100011111111111001010000000011000110100001000010111100110011100110100011101011001110101000000000000000000000000000000000000000000000000000000000000000000000000000000000000000000 0 0
13793	22.281	0.000	( 0 )	011100011111111111001010000000011000110100001000010111100110011100110100011101011001110101000000000000000000000000000000000000000000000000000000000000000000000000000000000000000000 0 0
13790	22.281	0.000	( 0 )	011100011111111111001010000000011000110100001000010111100110011100110100011101011001110101000000000000000000000000000000000000000000000000000000000000000000000000000000000000000000 0 0
13795	22.281	0.000	( 0 )	011100011111111111001010000000011000110100001000010111100110011100110100011101011001110101000000000000000000000000000000000000000000000000000000000000000000000000000000000000000000 0 0
13794	22.281	0.000	( 0 )	011100011111111111001010000000011000110100001000010111100110011100110100011101011001110101000000000000000000000000000000000000000000000000000000000000000000000000000000000000000000 0 0
13789	22.281	0.000	( 0 )	011100011111111111001010000000011000110100001000010111100110011100110100011101011001110101000000000000000000000000000000000000000000000000000000000000000000000000000000000000000000 0 0
13832	27.860	0.000	( 0 )	011110011111111111001010000001011000110100001000010011100110011101110100011101011011110101000000000000000000000000000000000000000000000000000000000000000000000000000000000000000000 5 0
13867	30.084	0.000	( 0 )	011110011111111111001010000001011000110100001000010011100110011101110110011101011011111101000000000000000000000000000000000000000000000000000000000000000000000000000000000000000000 2 0
13863	30.084	0.000	( 0 )	011110011111111111001010000001011000110100001000010011100110011101110110011101011011111101000000000000000000000000000000000000000000000000000000000000000000000000000000000000000000 0 0
13864	30.084	0.000	( 0 )	011110011111111111001010000001011000110100001000010011100110011101110110011101011011111101000000000000000000000000000000000000000000000000000000000000000000000000000000000000000000 0 0
13855	30.084	0.000	( 0 )	011110011111111111001010000001011000110100001000010011100110011101110110011101011011111101000000000000000000000000000000000000000000000000000000000000000000000000000000000000000000 0 0
13861	30.084	0.000	( 0 )	011110011111111111001010000001011000110100001000010011100110011101110110011101011011111101000000000000000000000000000000000000000000000000000000000000000000000000000000000000000000 0 0
13858	30.084	0.000	( 0 )	011110011111111111001010000001011000110100001000010011100110011101110110011101011011111101000000000000000000000000000000000000000000000000000000000000000000000000000000000000000000 0 0
13852	30.084	0.000	( 0 )	011110011111111111001010000001011000110100001000010011100110011101110110011101011011111101000000000000000000000000000000000000000000000000000000000000000000000000000000000000000000 0 0
13862	30.084	0.000	( 0 )	011110011111111111001010000001011000110100001000010011100110011101110110011101011011111101000000000000000000000000000000000000000000000000000000000000000000000000000000000000000000 0 0
13868	30.084	0.000	( 0 )	011110011111111111001010000001011000110100001000010011100110011101110110011101011011111101000000000000000000000000000000000000000000000000000000000000000000000000000000000000000000 0 0
13856	30.084	0.000	( 0 )	011110011111111111001010000001011000110100001000010011100110011101110110011101011011111101000000000000000000000000000000000000000000000000000000000000000000000000000000000000000000 0 0
13859	30.084	0.000	( 0 )	011110011111111111001010000001011000110100001000010011100110011101110110011101011011111101000000000000000000000000000000000000000000000000000000000000000000000000000000000000000000 0 0
13860	30.084	0.000	( 0 )	011110011111111111001010000001011000110100001000010011100110011101110110011101011011111101000000000000000000000000000000000000000000000000000000000000000000000000000000000000000000 0 0
13866	30.084	0.000	( 0 )	011110011111111111001010000001011000110100001000010011100110011101110110011101011011111101000000000000000000000000000000000000000000000000000000000000000000000000000000000000000000 0 0
13854	30.084	0.000	( 0 )	011110011111111111001010000001011000110100001000010011100110011101110110011101011011111101000000000000000000000000000000000000000000000000000000000000000000000000000000000000000000 0 0
13893	31.195	0.000	( 0 )	011110011111111111001010000001011000110100001000011011100110011101110110011101011011111101000000000000000000000000000000000000000000000000000000000000000000000000000000000000000000 1 0
13939	32.306	0.000	( 0 )	011110011111111111001010000001011000110100001010011011100110011101110110011101011011111101000000000000000000000000000000000000000000000000000000000000000000000000000000000000000000 1 0
13951	32.306	0.000	( 0 )	011110011111111111001010000001011000110100001010011011100110011101110110011101011011111101000000000000000000000000000000000000000000000000000000000000000000000000000000000000000000 0 0
14037	34.530	0.000	( 0 )	011110011111111101001010000001011000110100001110011011100110011101110110011101011011111101000000000000000000000000000000000000000000000000000000000000000000000000000000000000000000 2 0
14045	34.530	0.000	( 0 )	011110011111111101001010000001011000110100001110011011100110011101110110011101011011111101000000000000000000000000000000000000000000000000000000000000000000000000000000000000000000 0 0
14043	34.530	0.000	( 0 )	011110011111111101001010000001011000110100001110011011100110011101110110011101011011111101000000000000000000000000000000000000000000000000000000000000000000000000000000000000000000 0 0
14041	34.530	0.000	( 0 )	011110011111111101001010000001011000110100001110011011100110011101110110011101011011111101000000000000000000000000000000000000000000000000000000000000000000000000000000000000000000 0 0
14039	34.530	0.000	( 0 )	011110011111111101001010000001011000110100001110011011100110011101110110011101011011111101000000000000000000000000000000000000000000000000000000000000000000000000000000000000000000 0 0
14048	34.530	0.000	( 0 )	011110011111111101001010000001011000110100001110011011100110011101110110011101011011111101000000000000000000000000000000000000000000000000000000000000000000000000000000000000000000 0 0
14066	34.530	0.000	( 0 )	011110011111111101001010000001011000110100001110011011100110011101110110011101011011111101000000000000000000000000000000000000000000000000000000000000000000000000000000000000000000 0 0
14034	34.530	0.000	( 0 )	011110011111111101001010000001011000110100001110011011100110011101110110011101011011111101000000000000000000000000000000000000000000000000000000000000000000000000000000000000000000 0 0
14038	34.530	0.000	( 0 )	011110011111111101001010000001011000110100001110011011100110011101110110011101011011111101000000000000000000000000000000000000000000000000000000000000000000000000000000000000000000 0 0
14049	34.530	0.000	( 0 )	011110011111111101001010000001011000110100001110011011100110011101110110011101011011111101000000000000000000000000000000000000000000000000000000000000000000000000000000000000000000 0 0
14046	34.530	0.000	( 0 )	011110011111111101001010000001011000110100001110011011100110011101110110011101011011111101000000000000000000000000000000000000000000000000000000000000000000000000000000000000000000 0 0
14052	34.530	0.000	( 0 )	011110011111111101001010000001011000110100001110011011100110011101110110011101011011111101000000000000000000000000000000000000000000000000000000000000000000000000000000000000000000 0 0
14047	34.530	0.000	( 0 )	011110011111111101001010000001011000110100001110011011100110011101110110011101011011111101000000000000000000000000000000000000000000000000000000000000000000000000000000000000000000 0 0
14050	34.530	0.000	( 0 )	011110011111111101001010000001011000110100001110011011100110011101110110011101011011111101000000000000000000000000000000000000000000000000000000000000000000000000000000000000000000 0 0
14051	34.530	0.000	( 0 )	011110011111111101001010000001011000110100001110011011100110011101110110011101011011111101000000000000000000000000000000000000000000000000000000000000000000000000000000000000000000 0 0
14044	34.530	0.000	( 0 )	011110011111111101001010000001011000110100001110011011100110011101110110011101011011111101000000000000000000000000000000000000000000000000000000000000000000000000000000000000000000 0 0
14085	34.530	0.000	( 0 )	011110011111111101001010000001011000110100001110011011100110011101110110011101011011111101000000000000000000000000000000000000000000000000000000000000000000000000000000000000000000 0 0
14053	34.530	0.000	( 0 )	011110011111111101001010000001011000110100001110011011100110011101110110011101011011111101000000000000000000000000000000000000000000000000000000000000000000000000000000000000000000 0 0
14040	34.530	0.000	( 0 )	011110011111111101001010000001011000110100001110011011100110011101110110011101011011111101000000000000000000000000000000000000000000000000000000000000000000000000000000000000000000 0 0
14068	34.530	0.000	( 0 )	011110011111111101001010000001011000110100001110011011100110011101110110011101011011111101000000000000000000000000000000000000000000000000000000000000000000000000000000000000000000 0 0
14096	35.641	0.000	( 0 )	011110011111111101001010000001011000110100001110011011110110011101110110011101011011111101000000000000000000000000000000000000000000000000000000000000000000000000000000000000000000 1 0
14130	35.641	0.000	( 0 )	011110011111111101001010000001011000110100001110011011110110011101110110011101011011111101000000000000000000000000000000000000000000000000000000000000000000000000000000000000000000 0 0
14098	35.641	0.000	( 0 )	011110011111111101001010000001011000110100001110011011110110011101110110011101011011111101000000000000000000000000000000000000000000000000000000000000000000000000000000000000000000 0 0
14095	35.641	0.000	( 0 )	011110011111111101001010000001011000110100001110011011110110011101110110011101011011111101000000000000000000000000000000000000000000000000000000000000000000000000000000000000000000 0 0
14137	35.641	0.000	( 0 )	011110011111111101001010000001011000110100001110011011110110011101110110011101011011111101000000000000000000000000000000000000000000000000000000000000000000000000000000000000000000 0 0
14145	35.641	0.000	( 0 )	011110011111111101001010000001011000110100001110011011110110011101110110011101011011111101000000000000000000000000000000000000000000000000000000000000000000000000000000000000000000 0 0
14116	35.641	0.000	( 0 )	011110011111111101001010000001011000110100001110011011110110011101110110011101011011111101000000000000000000000000000000000000000000000000000000000000000000000000000000000000000000 0 0
14144	35.641	0.000	( 0 )	011110011111111101001010000001011000110100001110011011110110011101110110011101011011111101000000000000000000000000000000000000000000000000000000000000000000000000000000000000000000 0 0
14141	35.641	0.000	( 0 )	011110011111111101001010000001011000110100001110011011110110011101110110011101011011111101000000000000000000000000000000000000000000000000000000000000000000000000000000000000000000 0 0
14119	35.641	0.000	( 0 )	011110011111111101001010000001011000110100001110011011110110011101110110011101011011111101000000000000000000000000000000000000000000000000000000000000000000000000000000000000000000 0 0
14127	35.641	0.000	( 0 )	011110011111111101001010000001011000110100001110011011110110011101110110011101011011111101000000000000000000000000000000000000000000000000000000000000000000000000000000000000000000 0 0
14122	35.641	0.000	( 0 )	011110011111111101001010000001011000110100001110011011110110011101110110011101011011111101000000000000000000000000000000000000000000000000000000000000000000000000000000000000000000 0 0
14097	35.641	0.000	( 0 )	011110011111111101001010000001011000110100001110011011110110011101110110011101011011111101000000000000000000000000000000000000000000000000000000000000000000000000000000000000000000 0 0
14131	35.641	0.000	( 0 )	011110011111111101001010000001011000110100001110011011110110011101110110011101011011111101000000000000000000000000000000000000000000000000000000000000000000000000000000000000000000 0 0
14118	35.641	0.000	( 0 )	011110011111111101001010000001011000110100001110011011110110011101110110011101011011111101000000000000000000000000000000000000000000000000000000000000000000000000000000000000000000 0 0
14123	35.641	0.000	( 0 )	011110011111111101001010000001011000110100001110011011110110011101110110011101011011111101000000000000000000000000000000000000000000000000000000000000000000000000000000000000000000 0 0
14125	35.641	0.000	( 0 )	011110011111111101001010000001011000110100001110011011110110011101110110011101011011111101000000000000000000000000000000000000000000000000000000000000000000000000000000000000000000 0 0
14161	37.865	0.000	( 0 )	011110011111111101000010000001011000110100001110011011010110011101110110011101011011111101000000000000000000000000000000000000000000000000000000000000000000000000000000000000000000 2 0
14344	43.443	0.000	( 0 )	011110011111111101000010000001011000110100001110011011010111011101111110011101001011111110000000000000000000000000000000000000000000000000000000000000000000000000000000000000000000 5 0
14342	43.443	0.000	( 0 )	011110011111111101000010000001011000110100001110011011010111011101111110011101001011111110000000000000000000000000000000000000000000000000000000000000000000000000000000000000000000 0 0
14338	43.443	0.000	( 0 )	011110011111111101000010000001011000110100001110011011010111011101111110011101001011111110000000000000000000000000000000000000000000000000000000000000000000000000000000000000000000 0 0
14343	43.443	0.000	( 0 )	011110011111111101000010000001011000110100001110011011010111011101111110011101001011111110000000000000000000000000000000000000000000000000000000000000000000000000000000000000000000 0 0
14341	43.443	0.000	( 0 )	011110011111111101000010000001011000110100001110011011010111011101111110011101001011111110000000000000000000000000000000000000000000000000000000000000000000000000000000000000000000 0 0
14339	43.443	0.000	( 0 )	011110011111111101000010000001011000110100001110011011010111011101111110011101001011111110000000000000000000000000000000000000000000000000000000000000000000000000000000000000000000 0 0
14266	44.555	0.000	( 0 )	010110011111111101000010000001011000110100001110011011010111011101111110011101001011111110000000000000000000000000000000000000000000000000000000000000000000000000000000000000000000 1 0
14233	44.555	0.000	( 0 )	010110011111111101000010000001011000110100001110011011010111011101111110011101001011111110000000000000000000000000000000000000000000000000000000000000000000000000000000000000000000 0 0
14261	44.555	0.000	( 0 )	010110011111111101000010000001011000110100001110011011010111011101111110011101001011111110000000000000000000000000000000000000000000000000000000000000000000000000000000000000000000 0 0
14355	44.555	0.000	( 0 )	010110011111111101000010000001011000110100001110011011010111011101111110011101001011111110000000000000000000000000000000000000000000000000000000000000000000000000000000000000000000 0 0
14204	44.555	0.000	( 0 )	010110011111111101000010000001011000110100001110011011010111011101111110011101001011111110000000000000000000000000000000000000000000000000000000000000000000000000000000000000000000 0 0
14262	44.555	0.000	( 0 )	010110011111111101000010000001011000110100001110011011010111011101111110011101001011111110000000000000000000000000000000000000000000000000000000000000000000000000000000000000000000 0 0
14347	44.555	0.000	( 0 )	010110011111111101000010000001011000110100001110011011010111011101111110011101001011111110000000000000000000000000000000000000000000000000000000000000000000000000000000000000000000 0 0
14359	44.555	0.000	( 0 )	010110011111111101000010000001011000110100001110011011010111011101111110011101001011111110000000000000000000000000000000000000000000000000000000000000000000000000000000000000000000 0 0
14294	44.555	0.000	( 0 )	010110011111111101000010000001011000110100001110011011010111011101111110011101001011111110000000000000000000000000000000000000000000000000000000000000000000000000000000000000000000 0 0
14257	44.555	0.000	( 0 )	010110011111111101000010000001011000110100001110011011010111011101111110011101001011111110000000000000000000000000000000000000000000000000000000000000000000000000000000000000000000 0 0
14253	44.555	0.000	( 0 )	010110011111111101000010000001011000110100001110011011010111011101111110011101001011111110000000000000000000000000000000000000000000000000000000000000000000000000000000000000000000 0 0
14263	44.555	0.000	( 0 )	010110011111111101000010000001011000110100001110011011010111011101111110011101001011111110000000000000000000000000000000000000000000000000000000000000000000000000000000000000000000 0 0
14251	44.555	0.000	( 0 )	010110011111111101000010000001011000110100001110011011010111011101111110011101001011111110000000000000000000000000000000000000000000000000000000000000000000000000000000000000000000 0 0
14348	44.555	0.000	( 0 )	010110011111111101000010000001011000110100001110011011010111011101111110011101001011111110000000000000000000000000000000000000000000000000000000000000000000000000000000000000000000 0 0
14259	44.555	0.000	( 0 )	010110011111111101000010000001011000110100001110011011010111011101111110011101001011111110000000000000000000000000000000000000000000000000000000000000000000000000000000000000000000 0 0
14265	44.555	0.000	( 0 )	010110011111111101000010000001011000110100001110011011010111011101111110011101001011111110000000000000000000000000000000000000000000000000000000000000000000000000000000000000000000 0 0
14252	44.555	0.000	( 0 )	010110011111111101000010000001011000110100001110011011010111011101111110011101001011111110000000000000000000000000000000000000000000000000000000000000000000000000000000000000000000 0 0
14236	44.555	0.000	( 0 )	010110011111111101000010000001011000110100001110011011010111011101111110011101001011111110000000000000000000000000000000000000000000000000000000000000000000000000000000000000000000 0 0
14254	44.555	0.000	( 0 )	010110011111111101000010000001011000110100001110011011010111011101111110011101001011111110000000000000000000000000000000000000000000000000000000000000000000000000000000000000000000 0 0
14264	44.555	0.000	( 0 )	010110011111111101000010000001011000110100001110011011010111011101111110011101001011111110000000000000000000000000000000000000000000000000000000000000000000000000000000000000000000 0 0
14370	45.666	0.000	( 0 )	010110011011111101000010000001011000110100001110011011010111011101111110011101001011111110000000000000000000000000000000000000000000000000000000000000000000000000000000000000000000 1 0
14371	45.666	0.000	( 0 )	010110011011111101000010000001011000110100001110011011010111011101111110011101001011111110000000000000000000000000000000000000000000000000000000000000000000000000000000000000000000 0 0
14386	45.666	0.000	( 0 )	010110011011111101000010000001011000110100001110011011010111011101111110011101001011111110000000000000000000000000000000000000000000000000000000000000000000000000000000000000000000 0 0
14390	45.666	0.000	( 0 )	010110011011111101000010000001011000110100001110011011010111011101111110011101001011111110000000000000000000000000000000000000000000000000000000000000000000000000000000000000000000 0 0
14447	45.666	0.000	( 0 )	010110011011111101000010000001011000110100001110011011010111011101111110011101001011111110000000000000000000000000000000000000000000000000000000000000000000000000000000000000000000 0 0
14385	45.666	0.000	( 0 )	010110011011111101000010000001011000110100001110011011010111011101111110011101001011111110000000000000000000000000000000000000000000000000000000000000000000000000000000000000000000 0 0
14424	45.666	0.000	( 0 )	010110011011111101000010000001011000110100001110011011010111011101111110011101001011111110000000000000000000000000000000000000000000000000000000000000000000000000000000000000000000 0 0
14495	45.666	0.000	( 0 )	010110011011111101000010000001011000110100001110011011010111011101111110011101001011111110000000000000000000000000000000000000000000000000000000000000000000000000000000000000000000 0 0
14397	45.666	0.000	( 0 )	010110011011111101000010000001011000110100001110011011010111011101111110011101001011111110000000000000000000000000000000000000000000000000000000000000000000000000000000000000000000 0 0
14427	45.666	0.000	( 0 )	010110011011111101000010000001011000110100001110011011010111011101111110011101001011111110000000000000000000000000000000000000000000000000000000000000000000000000000000000000000000 0 0
14498	45.666	0.000	( 0 )	010110011011111101000010000001011000110100001110011011010111011101111110011101001011111110000000000000000000000000000000000000000000000000000000000000000000000000000000000000000000 0 0
14429	45.666	0.000	( 0 )	010110011011111101000010000001011000110100001110011011010111011101111110011101001011111110000000000000000000000000000000000000000000000000000000000000000000000000000000000000000000 0 0
14423	45.666	0.000	( 0 )	010110011011111101000010000001011000110100001110011011010111011101111110011101001011111110000000000000000000000000000000000000000000000000000000000000000000000000000000000000000000 0 0
14455	45.666	0.000	( 0 )	010110011011111101000010000001011000110100001110011011010111011101111110011101001011111110000000000000000000000000000000000000000000000000000000000000000000000000000000000000000000 0 0
14433	45.666	0.000	( 0 )	010110011011111101000010000001011000110100001110011011010111011101111110011101001011111110000000000000000000000000000000000000000000000000000000000000000000000000000000000000000000 0 0
14395	45.666	0.000	( 0 )	010110011011111101000010000001011000110100001110011011010111011101111110011101001011111110000000000000000000000000000000000000000000000000000000000000000000000000000000000000000000 0 0
14422	45.666	0.000	( 0 )	010110011011111101000010000001011000110100001110011011010111011101111110011101001011111110000000000000000000000000000000000000000000000000000000000000000000000000000000000000000000 0 0
14369	45.666	0.000	( 0 )	010110011011111101000010000001011000110100001110011011010111011101111110011101001011111110000000000000000000000000000000000000000000000000000000000000000000000000000000000000000000 0 0
14499	45.666	0.000	( 0 )	010110011011111101000010000001011000110100001110011011010111011101111110011101001011111110000000000000000000000000000000000000000000000000000000000000000000000000000000000000000000 0 0
14421	45.666	0.000	( 0 )	010110011011111101000010000001011000110100001110011011010111011101111110011101001011111110000000000000000000000000000000000000000000000000000000000000000000000000000000000000000000 0 0
14439	45.666	0.000	( 0 )	010110011011111101000010000001011000110100001110011011010111011101111110011101001011111110000000000000000000000000000000000000000000000000000000000000000000000000000000000000000000 0 0
14449	45.666	0.000	( 0 )	010110011011111101000010000001011000110100001110011011010111011101111110011101001011111110000000000000000000000000000000000000000000000000000000000000000000000000000000000000000000 0 0
14440	45.666	0.000	( 0 )	010110011011111101000010000001011000110100001110011011010111011101111110011101001011111110000000000000000000000000000000000000000000000000000000000000000000000000000000000000000000 0 0
14426	45.666	0.000	( 0 )	010110011011111101000010000001011000110100001110011011010111011101111110011101001011111110000000000000000000000000000000000000000000000000000000000000000000000000000000000000000000 0 0
14456	45.666	0.000	( 0 )	010110011011111101000010000001011000110100001110011011010111011101111110011101001011111110000000000000000000000000000000000000000000000000000000000000000000000000000000000000000000 0 0
14428	45.666	0.000	( 0 )	010110011011111101000010000001011000110100001110011011010111011101111110011101001011111110000000000000000000000000000000000000000000000000000000000000000000000000000000000000000000 0 0
14434	45.666	0.000	( 0 )	010110011011111101000010000001011000110100001110011011010111011101111110011101001011111110000000000000000000000000000000000000000000000000000000000000000000000000000000000000000000 0 0
14420	45.666	0.000	( 0 )	010110011011111101000010000001011000110100001110011011010111011101111110011101001011111110000000000000000000000000000000000000000000000000000000000000000000000000000000000000000000 0 0
14452	45.666	0.000	( 0 )	010110011011111101000010000001011000110100001110011011010111011101111110011101001011111110000000000000000000000000000000000000000000000000000000000000000000000000000000000000000000 0 0
14381	45.666	0.000	( 0 )	010110011011111101000010000001011000110100001110011011010111011101111110011101001011111110000000000000000000000000000000000000000000000000000000000000000000000000000000000000000000 0 0
14372	45.666	0.000	( 0 )	010110011011111101000010000001011000110100001110011011010111011101111110011101001011111110000000000000000000000000000000000000000000000000000000000000000000000000000000000000000000 0 0
14373	45.666	0.000	( 0 )	010110011011111101000010000001011000110100001110011011010111011101111110011101001011111110000000000000000000000000000000000000000000000000000000000000000000000000000000000000000000 0 0
14391	45.666	0.000	( 0 )	010110011011111101000010000001011000110100001110011011010111011101111110011101001011111110000000000000000000000000000000000000000000000000000000000000000000000000000000000000000000 0 0
14505	46.777	0.000	( 0 )	010110011011111101000010000001011000110100001110011011010111011101111010011101001011111110000000000000000000000000000000000000000000000000000000000000000000000000000000000000000000 1 0
14557	46.777	0.000	( 0 )	010110011011111101000010000001011000110100001110011011010111011101111010011101001011111110000000000000000000000000000000000000000000000000000000000000000000000000000000000000000000 0 0
14504	46.777	0.000	( 0 )	010110011011111101000010000001011000110100001110011011010111011101111010011101001011111110000000000000000000000000000000000000000000000000000000000000000000000000000000000000000000 0 0
14512	46.777	0.000	( 0 )	010110011011111101000010000001011000110100001110011011010111011101111010011101001011111110000000000000000000000000000000000000000000000000000000000000000000000000000000000000000000 0 0
14564	46.777	0.000	( 0 )	010110011011111101000010000001011000110100001110011011010111011101111010011101001011111110000000000000000000000000000000000000000000000000000000000000000000000000000000000000000000 0 0
14503	46.777	0.000	( 0 )	010110011011111101000010000001011000110100001110011011010111011101111010011101001011111110000000000000000000000000000000000000000000000000000000000000000000000000000000000000000000 0 0
14507	46.777	0.000	( 0 )	010110011011111101000010000001011000110100001110011011010111011101111010011101001011111110000000000000000000000000000000000000000000000000000000000000000000000000000000000000000000 0 0
14563	46.777	0.000	( 0 )	010110011011111101000010000001011000110100001110011011010111011101111010011101001011111110000000000000000000000000000000000000000000000000000000000000000000000000000000000000000000 0 0
14560	46.777	0.000	( 0 )	010110011011111101000010000001011000110100001110011011010111011101111010011101001011111110000000000000000000000000000000000000000000000000000000000000000000000000000000000000000000 0 0
14509	46.777	0.000	( 0 )	010110011011111101000010000001011000110100001110011011010111011101111010011101001011111110000000000000000000000000000000000000000000000000000000000000000000000000000000000000000000 0 0
14548	46.777	0.000	( 0 )	010110011011111101000010000001011000110100001110011011010111011101111010011101001011111110000000000000000000000000000000000000000000000000000000000000000000000000000000000000000000 0 0
14518	46.777	0.000	( 0 )	010110011011111101000010000001011000110100001110011011010111011101111010011101001011111110000000000000000000000000000000000000000000000000000000000000000000000000000000000000000000 0 0
14508	46.777	0.000	( 0 )	010110011011111101000010000001011000110100001110011011010111011101111010011101001011111110000000000000000000000000000000000000000000000000000000000000000000000000000000000000000000 0 0
14511	46.777	0.000	( 0 )	010110011011111101000010000001011000110100001110011011010111011101111010011101001011111110000000000000000000000000000000000000000000000000000000000000000000000000000000000000000000 0 0
14510	46.777	0.000	( 0 )	010110011011111101000010000001011000110100001110011011010111011101111010011101001011111110000000000000000000000000000000000000000000000000000000000000000000000000000000000000000000 0 0
14550	46.777	0.000	( 0 )	010110011011111101000010000001011000110100001110011011010111011101111010011101001011111110000000000000000000000000000000000000000000000000000000000000000000000000000000000000000000 0 0
14506	46.777	0.000	( 0 )	010110011011111101000010000001011000110100001110011011010111011101111010011101001011111110000000000000000000000000000000000000000000000000000000000000000000000000000000000000000000 0 0
14514	46.777	0.000	( 0 )	010110011011111101000010000001011000110100001110011011010111011101111010011101001011111110000000000000000000000000000000000000000000000000000000000000000000000000000000000000000000 0 0
14580	47.889	0.000	( 0 )	010110011011111101000010000001011000110000001110011011010111011101111010011101001011111110000000000000000000000000000000000000000000000000000000000000000000000000000000000000000000 1 0
14581	47.889	0.000	( 0 )	010110011011111101000010000001011000110000001110011011010111011101111010011101001011111110000000000000000000000000000000000000000000000000000000000000000000000000000000000000000000 0 0
14579	47.889	0.000	( 0 )	010110011011111101000010000001011000110000001110011011010111011101111010011101001011111110000000000000000000000000000000000000000000000000000000000000000000000000000000000000000000 0 0
14743	51.227	0.000	( 0 )	010110101011111101000010000001011000110000001110011011010111011001111010011101001011111110000000000000000000000000000000000000000000000000000000000000000000000000000000000000000000 3 0
14680	51.227	0.000	( 0 )	010110101011111101000010000001011000110000001110011011010111011001111010011101001011111110000000000000000000000000000000000000000000000000000000000000000000000000000000000000000000 0 0
14737	51.227	0.000	( 0 )	010110101011111101000010000001011000110000001110011011010111011001111010011101001011111110000000000000000000000000000000000000000000000000000000000000000000000000000000000000000000 0 0
14740	51.227	0.000	( 0 )	010110101011111101000010000001011000110000001110011011010111011001111010011101001011111110000000000000000000000000000000000000000000000000000000000000000000000000000000000000000000 0 0
14685	51.227	0.000	( 0 )	010110101011111101000010000001011000110000001110011011010111011001111010011101001011111110000000000000000000000000000000000000000000000000000000000000000000000000000000000000000000 0 0
14688	51.227	0.000	( 0 )	010110101011111101000010000001011000110000001110011011010111011001111010011101001011111110000000000000000000000000000000000000000000000000000000000000000000000000000000000000000000 0 0
14920	52.338	0.000	( 0 )	010110101011111101000010000001011000110000001110011011010111011001111010011101000011111110000000000000000000000000000000000000000000000000000000000000000000000000000000000000000000 1 0
14689	52.338	0.000	( 0 )	010110101011111101000010000001011000110000001110011011010111011001111010011101000011111110000000000000000000000000000000000000000000000000000000000000000000000000000000000000000000 0 0
14814	52.338	0.000	( 0 )	010110101011111101000010000001011000110000001110011011010111011001111010011101000011111110000000000000000000000000000000000000000000000000000000000000000000000000000000000000000000 0 0
14919	52.338	0.000	( 0 )	010110101011111101000010000001011000110000001110011011010111011001111010011101000011111110000000000000000000000000000000000000000000000000000000000000000000000000000000000000000000 0 0
14683	52.338	0.000	( 0 )	010110101011111101000010000001011000110000001110011011010111011001111010011101000011111110000000000000000000000000000000000000000000000000000000000000000000000000000000000000000000 0 0
14917	52.338	0.000	( 0 )	010110101011111101000010000001011000110000001110011011010111011001111010011101000011111110000000000000000000000000000000000000000000000000000000000000000000000000000000000000000000 0 0
14878	52.338	0.000	( 0 )	010110101011111101000010000001011000110000001110011011010111011001111010011101000011111110000000000000000000000000000000000000000000000000000000000000000000000000000000000000000000 0 0
14877	52.338	0.000	( 0 )	010110101011111101000010000001011000110000001110011011010111011001111010011101000011111110000000000000000000000000000000000000000000000000000000000000000000000000000000000000000000 0 0
14932	52.338	0.000	( 0 )	010110101011111101000010000001011000110000001110011011010111011001111010011101000011111110000000000000000000000000000000000000000000000000000000000000000000000000000000000000000000 0 0
14826	52.338	0.000	( 0 )	010110101011111101000010000001011000110000001110011011010111011001111010011101000011111110000000000000000000000000000000000000000000000000000000000000000000000000000000000000000000 0 0
14831	52.338	0.000	( 0 )	010110101011111101000010000001011000110000001110011011010111011001111010011101000011111110000000000000000000000000000000000000000000000000000000000000000000000000000000000000000000 0 0
14921	52.338	0.000	( 0 )	010110101011111101000010000001011000110000001110011011010111011001111010011101000011111110000000000000000000000000000000000000000000000000000000000000000000000000000000000000000000 0 0
14874	52.338	0.000	( 0 )	010110101011111101000010000001011000110000001110011011010111011001111010011101000011111110000000000000000000000000000000000000000000000000000000000000000000000000000000000000000000 0 0
14924	52.338	0.000	( 0 )	010110101011111101000010000001011000110000001110011011010111011001111010011101000011111110000000000000000000000000000000000000000000000000000000000000000000000000000000000000000000 0 0
14872	52.338	0.000	( 0 )	010110101011111101000010000001011000110000001110011011010111011001111010011101000011111110000000000000000000000000000000000000000000000000000000000000000000000000000000000000000000 0 0
14875	52.338	0.000	( 0 )	010110101011111101000010000001011000110000001110011011010111011001111010011101000011111110000000000000000000000000000000000000000000000000000000000000000000000000000000000000000000 0 0
14918	52.338	0.000	( 0 )	010110101011111101000010000001011000110000001110011011010111011001111010011101000011111110000000000000000000000000000000000000000000000000000000000000000000000000000000000000000000 0 0
14800	52.338	0.000	( 0 )	010110101011111101000010000001011000110000001110011011010111011001111010011101000011111110000000000000000000000000000000000000000000000000000000000000000000000000000000000000000000 0 0
14923	52.338	0.000	( 0 )	010110101011111101000010000001011000110000001110011011010111011001111010011101000011111110000000000000000000000000000000000000000000000000000000000000000000000000000000000000000000 0 0
14818	52.338	0.000	( 0 )	010110101011111101000010000001011000110000001110011011010111011001111010011101000011111110000000000000000000000000000000000000000000000000000000000000000000000000000000000000000000 0 0
14879	52.338	0.000	( 0 )	010110101011111101000010000001011000110000001110011011010111011001111010011101000011111110000000000000000000000000000000000000000000000000000000000000000000000000000000000000000000 0 0
14819	52.338	0.000	( 0 )	010110101011111101000010000001011000110000001110011011010111011001111010011101000011111110000000000000000000000000000000000000000000000000000000000000000000000000000000000000000000 0 0
14817	52.338	0.000	( 0 )	010110101011111101000010000001011000110000001110011011010111011001111010011101000011111110000000000000000000000000000000000000000000000000000000000000000000000000000000000000000000 0 0
14882	52.338	0.000	( 0 )	010110101011111101000010000001011000110000001110011011010111011001111010011101000011111110000000000000000000000000000000000000000000000000000000000000000000000000000000000000000000 0 0
14816	52.338	0.000	( 0 )	010110101011111101000010000001011000110000001110011011010111011001111010011101000011111110000000000000000000000000000000000000000000000000000000000000000000000000000000000000000000 0 0
14867	52.338	0.000	( 0 )	010110101011111101000010000001011000110000001110011011010111011001111010011101000011111110000000000000000000000000000000000000000000000000000000000000000000000000000000000000000000 0 0
14880	52.338	0.000	( 0 )	010110101011111101000010000001011000110000001110011011010111011001111010011101000011111110000000000000000000000000000000000000000000000000000000000000000000000000000000000000000000 0 0
14927	52.338	0.000	( 0 )	010110101011111101000010000001011000110000001110011011010111011001111010011101000011111110000000000000000000000000000000000000000000000000000000000000000000000000000000000000000000 0 0
14828	52.338	0.000	( 0 )	010110101011111101000010000001011000110000001110011011010111011001111010011101000011111110000000000000000000000000000000000000000000000000000000000000000000000000000000000000000000 0 0
14930	52.338	0.000	( 0 )	010110101011111101000010000001011000110000001110011011010111011001111010011101000011111110000000000000000000000000000000000000000000000000000000000000000000000000000000000000000000 0 0
14881	52.338	0.000	( 0 )	010110101011111101000010000001011000110000001110011011010111011001111010011101000011111110000000000000000000000000000000000000000000000000000000000000000000000000000000000000000000 0 0
14829	52.338	0.000	( 0 )	010110101011111101000010000001011000110000001110011011010111011001111010011101000011111110000000000000000000000000000000000000000000000000000000000000000000000000000000000000000000 0 0
14873	52.338	0.000	( 0 )	010110101011111101000010000001011000110000001110011011010111011001111010011101000011111110000000000000000000000000000000000000000000000000000000000000000000000000000000000000000000 0 0
14692	52.338	0.000	( 0 )	010110101011111101000010000001011000110000001110011011010111011001111010011101000011111110000000000000000000000000000000000000000000000000000000000000000000000000000000000000000000 0 0
14871	52.338	0.000	( 0 )	010110101011111101000010000001011000110000001110011011010111011001111010011101000011111110000000000000000000000000000000000000000000000000000000000000000000000000000000000000000000 0 0
14975	53.449	0.000	( 0 )	010110101011011101000010000001011000110000001110011011010111011001111010011101000011111110000000000000000000000000000000000000000000000000000000000000000000000000000000000000000000 1 0
14947	53.449	0.000	( 0 )	010110101011011101000010000001011000110000001110011011010111011001111010011101000011111110000000000000000000000000000000000000000000000000000000000000000000000000000000000000000000 0 0
14970	53.449	0.000	( 0 )	010110101011011101000010000001011000110000001110011011010111011001111010011101000011111110000000000000000000000000000000000000000000000000000000000000000000000000000000000000000000 0 0
14972	53.449	0.000	( 0 )	010110101011011101000010000001011000110000001110011011010111011001111010011101000011111110000000000000000000000000000000000000000000000000000000000000000000000000000000000000000000 0 0
14954	53.449	0.000	( 0 )	010110101011011101000010000001011000110000001110011011010111011001111010011101000011111110000000000000000000000000000000000000000000000000000000000000000000000000000000000000000000 0 0
14974	53.449	0.000	( 0 )	010110101011011101000010000001011000110000001110011011010111011001111010011101000011111110000000000000000000000000000000000000000000000000000000000000000000000000000000000000000000 0 0
14955	53.449	0.000	( 0 )	010110101011011101000010000001011000110000001110011011010111011001111010011101000011111110000000000000000000000000000000000000000000000000000000000000000000000000000000000000000000 0 0
15043	57.906	0.000	( 0 )	010111101001011101000010000001011000100000001110001011010111011001111010011101000011111110000000000000000000000000000000000000000000000000000000000000000000000000000000000000000000 4 0
15046	59.017	0.000	( 0 )	010111101001011101000010000101011000100000001110001011010111011001111010011101000011111110000000000000000000000000000000000000000000000000000000000000000000000000000000000000000000 1 0
15049	59.017	0.000	( 0 )	010111101001011101000010000101011000100000001110001011010111011001111010011101000011111110000000000000000000000000000000000000000000000000000000000000000000000000000000000000000000 0 0
15084	59.017	0.000	( 0 )	010111101001011101000010000101011000100000001110001011010111011001111010011101000011111110000000000000000000000000000000000000000000000000000000000000000000000000000000000000000000 0 0
15058	60.128	0.000	( 0 )	010111101001011101000010000101011000100000001110001011010111011001101010011101000011111110000000000000000000000000000000000000000000000000000000000000000000000000000000000000000000 1 0
15051	60.128	0.000	( 0 )	010111101001011101000010000101011000100000001110001011010111011001101010011101000011111110000000000000000000000000000000000000000000000000000000000000000000000000000000000000000000 0 0
15090	60.128	0.000	( 0 )	010111101001011101000010000101011000100000001110001011010111011001101010011101000011111110000000000000000000000000000000000000000000000000000000000000000000000000000000000000000000 0 0
15053	60.128	0.000	( 0 )	010111101001011101000010000101011000100000001110001011010111011001101010011101000011111110000000000000000000000000000000000000000000000000000000000000000000000000000000000000000000 0 0
15047	60.128	0.000	( 0 )	010111101001011101000010000101011000100000001110001011010111011001101010011101000011111110000000000000000000000000000000000000000000000000000000000000000000000000000000000000000000 0 0
15038	60.128	0.000	( 0 )	010111101001011101000010000101011000100000001110001011010111011001101010011101000011111110000000000000000000000000000000000000000000000000000000000000000000000000000000000000000000 0 0
15050	60.128	0.000	( 0 )	010111101001011101000010000101011000100000001110001011010111011001101010011101000011111110000000000000000000000000000000000000000000000000000000000000000000000000000000000000000000 0 0
15036	60.128	0.000	( 0 )	010111101001011101000010000101011000100000001110001011010111011001101010011101000011111110000000000000000000000000000000000000000000000000000000000000000000000000000000000000000000 0 0
15039	60.128	0.000	( 0 )	010111101001011101000010000101011000100000001110001011010111011001101010011101000011111110000000000000000000000000000000000000000000000000000000000000000000000000000000000000000000 0 0
15091	60.128	0.000	( 0 )	010111101001011101000010000101011000100000001110001011010111011001101010011101000011111110000000000000000000000000000000000000000000000000000000000000000000000000000000000000000000 0 0
15023	60.128	0.000	( 0 )	010111101001011101000010000101011000100000001110001011010111011001101010011101000011111110000000000000000000000000000000000000000000000000000000000000000000000000000000000000000000 0 0
15100	60.128	0.000	( 0 )	010111101001011101000010000101011000100000001110001011010111011001101010011101000011111110000000000000000000000000000000000000000000000000000000000000000000000000000000000000000000 0 0
15104	61.240	0.000	( 0 )	010111101001011101000010000101011000100000011110001011010111011001101010011101000011111110000000000000000000000000000000000000000000000000000000000000000000000000000000000000000000 1 0
15106	61.240	0.000	( 0 )	010111101001011101000010000101011000100000011110001011010111011001101010011101000011111110000000000000000000000000000000000000000000000000000000000000000000000000000000000000000000 0 0
15116	62.351	0.000	( 0 )	010111101001011101000010000101011000100000010110001011010111011001101010011101000011111110000000000000000000000000000000000000000000000000000000000000000000000000000000000000000000 1 0
15187	63.462	0.000	( 0 )	010111101001011101000010000101011000100000010110001011010111001001101010011101000011111110000000000000000000000000000000000000000000000000000000000000000000000000000000000000000000 1 0
15195	64.573	0.000	( 0 )	010111101001011101000010010101011000100000010110001011010111001001101010011101000011111110000000000000000000000000000000000000000000000000000000000000000000000000000000000000000000 1 0
15173	64.573	0.000	( 0 )	010111101001011101000010010101011000100000010110001011010111001001101010011101000011111110000000000000000000000000000000000000000000000000000000000000000000000000000000000000000000 0 0
15126	64.573	0.000	( 0 )	010111101001011101000010010101011000100000010110001011010111001001101010011101000011111110000000000000000000000000000000000000000000000000000000000000000000000000000000000000000000 0 0
15124	64.573	0.000	( 0 )	010111101001011101000010010101011000100000010110001011010111001001101010011101000011111110000000000000000000000000000000000000000000000000000000000000000000000000000000000000000000 0 0
15130	64.573	0.000	( 0 )	010111101001011101000010010101011000100000010110001011010111001001101010011101000011111110000000000000000000000000000000000000000000000000000000000000000000000000000000000000000000 0 0
15128	64.573	0.000	( 0 )	010111101001011101000010010101011000100000010110001011010111001001101010011101000011111110000000000000000000000000000000000000000000000000000000000000000000000000000000000000000000 0 0
15127	64.573	0.000	( 0 )	010111101001011101000010010101011000100000010110001011010111001001101010011101000011111110000000000000000000000000000000000000000000000000000000000000000000000000000000000000000000 0 0
15130	64.573	0.000	( 0 )	010111101001011101000010010101011000100000010110001011010111001001101010011101000011111110000000000000000000000000000000000000000000000000000000000000000000000000000000000000000000 0 0
15131	64.573	0.000	( 0 )	010111101001011101000010010101011000100000010110001011010111001001101010011101000011111110000000000000000000000000000000000000000000000000000000000000000000000000000000000000000000 0 0
15240	64.573	0.000	( 0 )	010111101001011101000010010101011000100000010110001011010111001001101010011101000011111110000000000000000000000000000000000000000000000000000000000000000000000000000000000000000000 0 0
15258	64.573	0.000	( 0 )	010111101001011101000010010101011000100000010110001011010111001001101010011101000011111110000000000000000000000000000000000000000000000000000000000000000000000000000000000000000000 0 0
22616	64.573	0.000	( 0 )	010111101001011101000010010101011000100000010110001011010111001001101010011101000011111110000000000000000000000000000000000000000000000000000000000000000000000000000000000000000000 0 0
15194	64.573	0.000	( 0 )	010111101001011101000010010101011000100000010110001011010111001001101010011101000011111110000000000000000000000000000000000000000000000000000000000000000000000000000000000000000000 0 0
15295	64.573	0.000	( 0 )	010111101001011101000010010101011000100000010110001011010111001001101010011101000011111110000000000000000000000000000000000000000000000000000000000000000000000000000000000000000000 0 0
15122	64.573	0.000	( 0 )	010111101001011101000010010101011000100000010110001011010111001001101010011101000011111110000000000000000000000000000000000000000000000000000000000000000000000000000000000000000000 0 0
15123	64.573	0.000	( 0 )	010111101001011101000010010101011000100000010110001011010111001001101010011101000011111110000000000000000000000000000000000000000000000000000000000000000000000000000000000000000000 0 0
15260	64.573	0.000	( 0 )	010111101001011101000010010101011000100000010110001011010111001001101010011101000011111110000000000000000000000000000000000000000000000000000000000000000000000000000000000000000000 0 0
15129	64.573	0.000	( 0 )	010111101001011101000010010101011000100000010110001011010111001001101010011101000011111110000000000000000000000000000000000000000000000000000000000000000000000000000000000000000000 0 0
15118	69.030	0.000	( 0 )	010111101001011111001010010101011000100000010110001011010111011001101010111101000011111110000000000000000000000000000000000000000000000000000000000000000000000000000000000000000000 4 0
15115	69.030	0.000	( 0 )	010111101001011111001010010101011000100000010110001011010111011001101010111101000011111110000000000000000000000000000000000000000000000000000000000000000000000000000000000000000000 0 0
15113	69.030	0.000	( 0 )	010111101001011111001010010101011000100000010110001011010111011001101010111101000011111110000000000000000000000000000000000000000000000000000000000000000000000000000000000000000000 0 0
15114	69.030	0.000	( 0 )	010111101001011111001010010101011000100000010110001011010111011001101010111101000011111110000000000000000000000000000000000000000000000000000000000000000000000000000000000000000000 0 0
15112	69.030	0.000	( 0 )	010111101001011111001010010101011000100000010110001011010111011001101010111101000011111110000000000000000000000000000000000000000000000000000000000000000000000000000000000000000000 0 0
15111	69.030	0.000	( 0 )	010111101001011111001010010101011000100000010110001011010111011001101010111101000011111110000000000000000000000000000000000000000000000000000000000000000000000000000000000000000000 0 0
15188	76.871	0.000	( 0 )	010111101001011111111010010101111000100100010110001011010111011001101010111111100111111110000000000000000000000000000000000000000000000000000000000000000000000000000000000000000000 7 0
13803	88.171	0.000	( 0 )	000111101001011111111000010101111000100100010010001010010010011001001010100111100111110110000000000000000000000000000000000000000000000000000000000000000000000000000000000000000000 10 0
13804	90.394	0.000	( 0 )	000111101001011111111000010101111000100100010000001010010010011001001010100111100111100110000000000000000000000000000000000000000000000000000000000000000000000000000000000000000000 2 0
14742	98.236	0.000	( 0 )	000111101000011110111000010000111000000100010000001010010010011001001010100111100101000110000000000000000000000000000000000000000000000000000000000000000000000000000000000000000000 7 0
14808	98.236	0.000	( 0 )	000111101000011110111000010000111000000100010000001010010010011001001010100111100101000110000000000000000000000000000000000000000000000000000000000000000000000000000000000000000000 0 0
14415	98.236	0.000	( 0 )	000111101000011110111000010000111000000100010000001010010010011001001010100111100101000110000000000000000000000000000000000000000000000000000000000000000000000000000000000000000000 0 0
40862	98.236	0.000	( 0 )	000111101000011110111000010000111000000100010000001010010010011001001010100111100101000110000000000000000000000000000000000000000000000000000000000000000000000000000000000000000000 0 0
13665	98.236	0.000	( 0 )	000111101000011110111000010000111000000100010000001010010010011001001010100111100101000110000000000000000000000000000000000000000000000000000000000000000000000000000000000000000000 0 0
13806	98.236	0.000	( 0 )	000111101000011110111000010000111000000100010000001010010010011001001010100111100101000110000000000000000000000000000000000000000000000000000000000000000000000000000000000000000000 0 0
13732	98.236	0.000	( 0 )	000111101000011110111000010000111000000100010000001010010010011001001010100111100101000110000000000000000000000000000000000000000000000000000000000000000000000000000000000000000000 0 0
14522	98.236	0.000	( 0 )	000111101000011110111000010000111000000100010000001010010010011001001010100111100101000110000000000000000000000000000000000000000000000000000000000000000000000000000000000000000000 0 0
