#java OrderMarkers2 data=- evaluateOrder=reordermarkers/iterations/ordered.6.10 useKosambi=1 numThreads=4 calculateIntervals=intervals/ordered.6.intervals randSeed=187960432093424472
Loading file
No grandparents present in family V
Number of individuals = 92
Number of families = 1
File loaded with 42521 SNPs
Number of individuals = 92 excluding grandparents
Number of families = 1
Number of markers = 254
Setting dataScale to 0.3543307086614173 all likelihoods will be multiplied by 2.8222222222222224
Initial score = -6709.891187149403
Iteration 1 of 6
884884288488421 done
Polishing map...
score = -6020.640424739481
*score = -6008.971949588419
score = -5220.7868820847
*score = -5173.836055751453
Iteration 2 of 6
884884288488421 done
Polishing map...
score = -5392.586884109328
score = -5386.372275916884
score = -5347.5821867008735
score = -5308.814523423552
Iteration 3 of 6
884884288488421 done
Polishing map...
score = -5266.832092248793
*score = -5156.443408784818
score = -5162.947010931921
*score = -5087.281838355016
Iteration 4 of 6
884884288488421 done
Polishing map...
score = -5220.377124587009
score = -5143.1636374286245
score = -5192.4270771971915
score = -5126.364070259688
Iteration 5 of 6
884884288488421 done
Polishing map...
score = -5804.649309119462
score = -5776.543769644086
score = -5142.691840247901
score = -5130.014800559052
Iteration 6 of 6
884884288488421 done
Polishing map...
score = -5271.632646742775
score = -5226.755141573561
score = -5215.711749749792
score = -5215.711749749792
Final score = -5087.281838355016
Setting dataScale to 0.3543307086614173 all likelihoods will be multiplied by 2.8222222222222224
logL = -5087.281838355016
number of recombinations = 104.0 logL = -5087.281838355016
Individual	V	P14459_101_S1	recombines	1	times
Individual	V	P14459_103_S3	recombines	1	times
Individual	V	P14459_104_S4	recombines	1	times
Individual	V	P14459_105_S5	recombines	1	times
Individual	V	P14459_106_S6	recombines	1	times
Individual	V	P14459_107_S7	recombines	1	times
Individual	V	P14459_108_S8	recombines	1	times
Individual	V	P14459_109_S9	recombines	1	times
Individual	V	P14459_110_S10	recombines	1	times
Individual	V	P14459_111_S11	recombines	1	times
Individual	V	P14459_112_S12	recombines	1	times
Individual	V	P14459_113_S13	recombines	2	times
Individual	V	P14459_114_S14	recombines	1	times
Individual	V	P14459_115_S15	recombines	2	times
Individual	V	P14459_116_S16	recombines	1	times
Individual	V	P14459_117_S17	recombines	2	times
Individual	V	P14459_118_S18	recombines	1	times
Individual	V	P14459_119_S19	recombines	1	times
Individual	V	P14459_120_S20	recombines	1	times
Individual	V	P14459_121_S21	recombines	1	times
Individual	V	P14459_122_S22	recombines	1	times
Individual	V	P14459_123_S23	recombines	1	times
Individual	V	P14459_124_S24	recombines	1	times
Individual	V	P14459_125_S25	recombines	2	times
Individual	V	P14459_126_S26	recombines	1	times
Individual	V	P14459_127_S27	recombines	2	times
Individual	V	P14459_128_S28	recombines	1	times
Individual	V	P14459_129_S29	recombines	1	times
Individual	V	P14459_130_S30	recombines	1	times
Individual	V	P14459_131_S31	recombines	1	times
Individual	V	P14459_132_S32	recombines	1	times
Individual	V	P14459_134_S34	recombines	1	times
Individual	V	P14459_135_S35	recombines	1	times
Individual	V	P14459_136_S36	recombines	1	times
Individual	V	P14459_137_S37	recombines	1	times
Individual	V	P14459_139_S39	recombines	2	times
Individual	V	P14459_140_S40	recombines	1	times
Individual	V	P14459_141_S41	recombines	1	times
Individual	V	P14459_144_S44	recombines	1	times
Individual	V	P14459_145_S45	recombines	1	times
Individual	V	P14459_146_S46	recombines	2	times
Individual	V	P14459_147_S47	recombines	1	times
Individual	V	P14459_148_S48	recombines	1	times
Individual	V	P14459_149_S49	recombines	2	times
Individual	V	P14459_151_S51	recombines	2	times
Individual	V	P14459_152_S52	recombines	1	times
Individual	V	P14459_153_S53	recombines	1	times
Individual	V	P14459_154_S54	recombines	2	times
Individual	V	P14459_155_S55	recombines	2	times
Individual	V	P14459_156_S56	recombines	2	times
Individual	V	P14459_157_S57	recombines	1	times
Individual	V	P14459_158_S58	recombines	1	times
Individual	V	P14459_159_S59	recombines	2	times
Individual	V	P14459_160_S60	recombines	1	times
Individual	V	P14459_161_S61	recombines	1	times
Individual	V	P14459_162_S62	recombines	1	times
Individual	V	P14459_163_S63	recombines	1	times
Individual	V	P14459_164_S64	recombines	1	times
Individual	V	P14459_166_S66	recombines	1	times
Individual	V	P14459_167_S67	recombines	1	times
Individual	V	P14459_168_S68	recombines	1	times
Individual	V	P14459_169_S69	recombines	1	times
Individual	V	P14459_170_S70	recombines	1	times
Individual	V	P14459_171_S71	recombines	2	times
Individual	V	P14459_173_S73	recombines	1	times
Individual	V	P14459_174_S74	recombines	1	times
Individual	V	P14459_176_S76	recombines	1	times
Individual	V	P14459_177_S77	recombines	1	times
Individual	V	P14459_178_S78	recombines	1	times
Individual	V	P14459_180_S80	recombines	1	times
Individual	V	P14459_181_S81	recombines	1	times
Individual	V	P14459_182_S82	recombines	2	times
Individual	V	P14459_183_S83	recombines	2	times
Individual	V	P14459_184_S84	recombines	2	times
Individual	V	P14459_185_S85	recombines	1	times
Individual	V	P14459_186_S86	recombines	1	times
Individual	V	P14459_188_S88	recombines	2	times
Individual	V	P14459_189_S89	recombines	1	times
Individual	V	P14459_190_S90	recombines	1	times
Individual	V	P14459_191_S91	recombines	2	times
Individual	V	P14459_192_S92	recombines	1	times
Individual	V	P14459_193_S93	recombines	1	times
Individual	V	P14459_194_S94	recombines	2	times
Individual	V	P14459_195_S95	recombines	1	times
#*** LG = 0 likelihood = -5087.2818
#marker_number	male_position	female_position	( 0.0 )[	phased data]
21201	0.000	0.000	( 0 )	101111110010110011111011101110111110011001010001011110001110001111000101100000101010101101000000000000000000000000000000000000000000000000000000000000000000000000000000000000000000 0 0
21370	2.224	0.000	( 0 )	101111110010110011111011101110111110011011010001011110001110001111000111100000101010101101000000000000000000000000000000000000000000000000000000000000000000000000000000000000000000 2 0
21368	2.224	0.000	( 0 )	101111110010110011111011101110111110011011010001011110001110001111000111100000101010101101000000000000000000000000000000000000000000000000000000000000000000000000000000000000000000 0 0
40875	4.447	0.000	( 0 )	101111110010110011111011101110011110011011010001011110001110001111000111000000101010101101000000000000000000000000000000000000000000000000000000000000000000000000000000000000000000 2 0
20067	5.559	0.000	( 0 )	101110110010110011111011101110011110011011010001011110001110001111000111000000101010101101000000000000000000000000000000000000000000000000000000000000000000000000000000000000000000 1 0
21369	5.559	0.000	( 0 )	101110110010110011111011101110011110011011010001011110001110001111000111000000101010101101000000000000000000000000000000000000000000000000000000000000000000000000000000000000000000 0 0
21307	5.559	0.000	( 0 )	101110110010110011111011101110011110011011010001011110001110001111000111000000101010101101000000000000000000000000000000000000000000000000000000000000000000000000000000000000000000 0 0
21287	7.782	0.000	( 0 )	101110110010110011111011101110011110011011010001011110001110001111000111001000101011101101000000000000000000000000000000000000000000000000000000000000000000000000000000000000000000 2 0
20583	10.006	0.000	( 0 )	101110110010111011111011101110011110011011010001011110101110001111000111001000101011101101000000000000000000000000000000000000000000000000000000000000000000000000000000000000000000 2 0
20841	13.344	0.000	( 0 )	101110111010111011111111101110011110011011010001011111101110001111000111001000101011101101000000000000000000000000000000000000000000000000000000000000000000000000000000000000000000 3 0
20840	13.344	0.000	( 0 )	101110111010111011111111101110011110011011010001011111101110001111000111001000101011101101000000000000000000000000000000000000000000000000000000000000000000000000000000000000000000 0 0
20837	13.344	0.000	( 0 )	101110111010111011111111101110011110011011010001011111101110001111000111001000101011101101000000000000000000000000000000000000000000000000000000000000000000000000000000000000000000 0 0
20838	13.344	0.000	( 0 )	101110111010111011111111101110011110011011010001011111101110001111000111001000101011101101000000000000000000000000000000000000000000000000000000000000000000000000000000000000000000 0 0
20842	13.344	0.000	( 0 )	101110111010111011111111101110011110011011010001011111101110001111000111001000101011101101000000000000000000000000000000000000000000000000000000000000000000000000000000000000000000 0 0
21506	14.456	0.000	( 0 )	101110111010111011111111101110011110011011010001111111101110001111000111001000101011101101000000000000000000000000000000000000000000000000000000000000000000000000000000000000000000 1 0
21505	14.456	0.000	( 0 )	101110111010111011111111101110011110011011010001111111101110001111000111001000101011101101000000000000000000000000000000000000000000000000000000000000000000000000000000000000000000 0 0
21244	17.794	0.000	( 0 )	101110111010111011111111101110011110011011110001111111101110001111100111001000101011111101000000000000000000000000000000000000000000000000000000000000000000000000000000000000000000 3 0
20457	22.250	0.000	( 0 )	101110111010111011111111111110011110011011110001111111111110001111100111001011101011111101000000000000000000000000000000000000000000000000000000000000000000000000000000000000000000 4 0
20455	22.250	0.000	( 0 )	101110111010111011111111111110011110011011110001111111111110001111100111001011101011111101000000000000000000000000000000000000000000000000000000000000000000000000000000000000000000 0 0
20736	34.725	0.000	( 0 )	101110101010101011111101011110011110011011110001111101110100001011100011001011100001111101000000000000000000000000000000000000000000000000000000000000000000000000000000000000000000 11 0
20060	49.593	0.000	( 0 )	101110101011101111011100011100011110111010110100110001110100001011100011001011000001111111000000000000000000000000000000000000000000000000000000000000000000000000000000000000000000 13 0
20035	50.704	0.000	( 0 )	101110101011101111011100011000011110111010110100110001110100001011100011001011000001111111000000000000000000000000000000000000000000000000000000000000000000000000000000000000000000 1 0
20037	50.704	0.000	( 0 )	101110101011101111011100011000011110111010110100110001110100001011100011001011000001111111000000000000000000000000000000000000000000000000000000000000000000000000000000000000000000 0 0
20038	50.704	0.000	( 0 )	101110101011101111011100011000011110111010110100110001110100001011100011001011000001111111000000000000000000000000000000000000000000000000000000000000000000000000000000000000000000 0 0
20042	50.704	0.000	( 0 )	101110101011101111011100011000011110111010110100110001110100001011100011001011000001111111000000000000000000000000000000000000000000000000000000000000000000000000000000000000000000 0 0
20036	50.704	0.000	( 0 )	101110101011101111011100011000011110111010110100110001110100001011100011001011000001111111000000000000000000000000000000000000000000000000000000000000000000000000000000000000000000 0 0
20083	50.704	0.000	( 0 )	101110101011101111011100011000011110111010110100110001110100001011100011001011000001111111000000000000000000000000000000000000000000000000000000000000000000000000000000000000000000 0 0
20038	50.704	0.000	( 0 )	101110101011101111011100011000011110111010110100110001110100001011100011001011000001111111000000000000000000000000000000000000000000000000000000000000000000000000000000000000000000 0 0
20096	50.704	0.000	( 0 )	101110101011101111011100011000011110111010110100110001110100001011100011001011000001111111000000000000000000000000000000000000000000000000000000000000000000000000000000000000000000 0 0
20059	50.704	0.000	( 0 )	101110101011101111011100011000011110111010110100110001110100001011100011001011000001111111000000000000000000000000000000000000000000000000000000000000000000000000000000000000000000 0 0
19994	50.704	0.000	( 0 )	101110101011101111011100011000011110111010110100110001110100001011100011001011000001111111000000000000000000000000000000000000000000000000000000000000000000000000000000000000000000 0 0
20100	50.704	0.000	( 0 )	101110101011101111011100011000011110111010110100110001110100001011100011001011000001111111000000000000000000000000000000000000000000000000000000000000000000000000000000000000000000 0 0
19991	50.704	0.000	( 0 )	101110101011101111011100011000011110111010110100110001110100001011100011001011000001111111000000000000000000000000000000000000000000000000000000000000000000000000000000000000000000 0 0
20005	50.704	0.000	( 0 )	101110101011101111011100011000011110111010110100110001110100001011100011001011000001111111000000000000000000000000000000000000000000000000000000000000000000000000000000000000000000 0 0
20076	50.704	0.000	( 0 )	101110101011101111011100011000011110111010110100110001110100001011100011001011000001111111000000000000000000000000000000000000000000000000000000000000000000000000000000000000000000 0 0
19997	50.704	0.000	( 0 )	101110101011101111011100011000011110111010110100110001110100001011100011001011000001111111000000000000000000000000000000000000000000000000000000000000000000000000000000000000000000 0 0
19990	50.704	0.000	( 0 )	101110101011101111011100011000011110111010110100110001110100001011100011001011000001111111000000000000000000000000000000000000000000000000000000000000000000000000000000000000000000 0 0
20101	50.704	0.000	( 0 )	101110101011101111011100011000011110111010110100110001110100001011100011001011000001111111000000000000000000000000000000000000000000000000000000000000000000000000000000000000000000 0 0
20099	50.704	0.000	( 0 )	101110101011101111011100011000011110111010110100110001110100001011100011001011000001111111000000000000000000000000000000000000000000000000000000000000000000000000000000000000000000 0 0
20004	50.704	0.000	( 0 )	101110101011101111011100011000011110111010110100110001110100001011100011001011000001111111000000000000000000000000000000000000000000000000000000000000000000000000000000000000000000 0 0
20077	50.704	0.000	( 0 )	101110101011101111011100011000011110111010110100110001110100001011100011001011000001111111000000000000000000000000000000000000000000000000000000000000000000000000000000000000000000 0 0
19985	50.704	0.000	( 0 )	101110101011101111011100011000011110111010110100110001110100001011100011001011000001111111000000000000000000000000000000000000000000000000000000000000000000000000000000000000000000 0 0
20088	50.704	0.000	( 0 )	101110101011101111011100011000011110111010110100110001110100001011100011001011000001111111000000000000000000000000000000000000000000000000000000000000000000000000000000000000000000 0 0
20078	50.704	0.000	( 0 )	101110101011101111011100011000011110111010110100110001110100001011100011001011000001111111000000000000000000000000000000000000000000000000000000000000000000000000000000000000000000 0 0
19993	50.704	0.000	( 0 )	101110101011101111011100011000011110111010110100110001110100001011100011001011000001111111000000000000000000000000000000000000000000000000000000000000000000000000000000000000000000 0 0
19996	50.704	0.000	( 0 )	101110101011101111011100011000011110111010110100110001110100001011100011001011000001111111000000000000000000000000000000000000000000000000000000000000000000000000000000000000000000 0 0
20079	50.704	0.000	( 0 )	101110101011101111011100011000011110111010110100110001110100001011100011001011000001111111000000000000000000000000000000000000000000000000000000000000000000000000000000000000000000 0 0
19995	50.704	0.000	( 0 )	101110101011101111011100011000011110111010110100110001110100001011100011001011000001111111000000000000000000000000000000000000000000000000000000000000000000000000000000000000000000 0 0
20006	50.704	0.000	( 0 )	101110101011101111011100011000011110111010110100110001110100001011100011001011000001111111000000000000000000000000000000000000000000000000000000000000000000000000000000000000000000 0 0
20095	50.704	0.000	( 0 )	101110101011101111011100011000011110111010110100110001110100001011100011001011000001111111000000000000000000000000000000000000000000000000000000000000000000000000000000000000000000 0 0
20097	50.704	0.000	( 0 )	101110101011101111011100011000011110111010110100110001110100001011100011001011000001111111000000000000000000000000000000000000000000000000000000000000000000000000000000000000000000 0 0
20098	50.704	0.000	( 0 )	101110101011101111011100011000011110111010110100110001110100001011100011001011000001111111000000000000000000000000000000000000000000000000000000000000000000000000000000000000000000 0 0
20141	51.815	0.000	( 0 )	101110101011101111011100011000011110111010110100110001110100001011100011001011100001111111000000000000000000000000000000000000000000000000000000000000000000000000000000000000000000 1 0
20132	51.815	0.000	( 0 )	101110101011101111011100011000011110111010110100110001110100001011100011001011100001111111000000000000000000000000000000000000000000000000000000000000000000000000000000000000000000 0 0
20133	51.815	0.000	( 0 )	101110101011101111011100011000011110111010110100110001110100001011100011001011100001111111000000000000000000000000000000000000000000000000000000000000000000000000000000000000000000 0 0
20267	55.153	0.000	( 0 )	101110101011101011011100011000011010111010110100110001110100001011100011001011100001111101000000000000000000000000000000000000000000000000000000000000000000000000000000000000000000 3 0
20254	55.153	0.000	( 0 )	101110101011101011011100011000011010111010110100110001110100001011100011001011100001111101000000000000000000000000000000000000000000000000000000000000000000000000000000000000000000 0 0
20194	55.153	0.000	( 0 )	101110101011101011011100011000011010111010110100110001110100001011100011001011100001111101000000000000000000000000000000000000000000000000000000000000000000000000000000000000000000 0 0
20256	55.153	0.000	( 0 )	101110101011101011011100011000011010111010110100110001110100001011100011001011100001111101000000000000000000000000000000000000000000000000000000000000000000000000000000000000000000 0 0
20259	55.153	0.000	( 0 )	101110101011101011011100011000011010111010110100110001110100001011100011001011100001111101000000000000000000000000000000000000000000000000000000000000000000000000000000000000000000 0 0
20206	55.153	0.000	( 0 )	101110101011101011011100011000011010111010110100110001110100001011100011001011100001111101000000000000000000000000000000000000000000000000000000000000000000000000000000000000000000 0 0
20196	55.153	0.000	( 0 )	101110101011101011011100011000011010111010110100110001110100001011100011001011100001111101000000000000000000000000000000000000000000000000000000000000000000000000000000000000000000 0 0
20255	55.153	0.000	( 0 )	101110101011101011011100011000011010111010110100110001110100001011100011001011100001111101000000000000000000000000000000000000000000000000000000000000000000000000000000000000000000 0 0
20205	55.153	0.000	( 0 )	101110101011101011011100011000011010111010110100110001110100001011100011001011100001111101000000000000000000000000000000000000000000000000000000000000000000000000000000000000000000 0 0
20195	55.153	0.000	( 0 )	101110101011101011011100011000011010111010110100110001110100001011100011001011100001111101000000000000000000000000000000000000000000000000000000000000000000000000000000000000000000 0 0
20198	55.153	0.000	( 0 )	101110101011101011011100011000011010111010110100110001110100001011100011001011100001111101000000000000000000000000000000000000000000000000000000000000000000000000000000000000000000 0 0
20203	55.153	0.000	( 0 )	101110101011101011011100011000011010111010110100110001110100001011100011001011100001111101000000000000000000000000000000000000000000000000000000000000000000000000000000000000000000 0 0
20197	55.153	0.000	( 0 )	101110101011101011011100011000011010111010110100110001110100001011100011001011100001111101000000000000000000000000000000000000000000000000000000000000000000000000000000000000000000 0 0
20149	55.153	0.000	( 0 )	101110101011101011011100011000011010111010110100110001110100001011100011001011100001111101000000000000000000000000000000000000000000000000000000000000000000000000000000000000000000 0 0
20260	55.153	0.000	( 0 )	101110101011101011011100011000011010111010110100110001110100001011100011001011100001111101000000000000000000000000000000000000000000000000000000000000000000000000000000000000000000 0 0
20230	55.153	0.000	( 0 )	101110101011101011011100011000011010111010110100110001110100001011100011001011100001111101000000000000000000000000000000000000000000000000000000000000000000000000000000000000000000 0 0
20159	57.377	0.000	( 0 )	101110101011101011011100011000011000111010110000110001110100001011100011001011100001111101000000000000000000000000000000000000000000000000000000000000000000000000000000000000000000 2 0
20164	57.377	0.000	( 0 )	101110101011101011011100011000011000111010110000110001110100001011100011001011100001111101000000000000000000000000000000000000000000000000000000000000000000000000000000000000000000 0 0
20157	57.377	0.000	( 0 )	101110101011101011011100011000011000111010110000110001110100001011100011001011100001111101000000000000000000000000000000000000000000000000000000000000000000000000000000000000000000 0 0
20156	57.377	0.000	( 0 )	101110101011101011011100011000011000111010110000110001110100001011100011001011100001111101000000000000000000000000000000000000000000000000000000000000000000000000000000000000000000 0 0
20319	61.833	0.000	( 0 )	101110101011101011011100011000011000111010110001111001110100001011100010001011100001111100000000000000000000000000000000000000000000000000000000000000000000000000000000000000000000 4 0
20301	61.833	0.000	( 0 )	101110101011101011011100011000011000111010110001111001110100001011100010001011100001111100000000000000000000000000000000000000000000000000000000000000000000000000000000000000000000 0 0
20320	61.833	0.000	( 0 )	101110101011101011011100011000011000111010110001111001110100001011100010001011100001111100000000000000000000000000000000000000000000000000000000000000000000000000000000000000000000 0 0
20321	61.833	0.000	( 0 )	101110101011101011011100011000011000111010110001111001110100001011100010001011100001111100000000000000000000000000000000000000000000000000000000000000000000000000000000000000000000 0 0
20360	64.057	0.000	( 0 )	111110101011101011011100011000011000011010110001111001110100001011100010001011100001111100000000000000000000000000000000000000000000000000000000000000000000000000000000000000000000 2 0
20362	64.057	0.000	( 0 )	111110101011101011011100011000011000011010110001111001110100001011100010001011100001111100000000000000000000000000000000000000000000000000000000000000000000000000000000000000000000 0 0
20359	64.057	0.000	( 0 )	111110101011101011011100011000011000011010110001111001110100001011100010001011100001111100000000000000000000000000000000000000000000000000000000000000000000000000000000000000000000 0 0
20356	64.057	0.000	( 0 )	111110101011101011011100011000011000011010110001111001110100001011100010001011100001111100000000000000000000000000000000000000000000000000000000000000000000000000000000000000000000 0 0
20341	64.057	0.000	( 0 )	111110101011101011011100011000011000011010110001111001110100001011100010001011100001111100000000000000000000000000000000000000000000000000000000000000000000000000000000000000000000 0 0
20361	64.057	0.000	( 0 )	111110101011101011011100011000011000011010110001111001110100001011100010001011100001111100000000000000000000000000000000000000000000000000000000000000000000000000000000000000000000 0 0
20355	64.057	0.000	( 0 )	111110101011101011011100011000011000011010110001111001110100001011100010001011100001111100000000000000000000000000000000000000000000000000000000000000000000000000000000000000000000 0 0
20357	64.057	0.000	( 0 )	111110101011101011011100011000011000011010110001111001110100001011100010001011100001111100000000000000000000000000000000000000000000000000000000000000000000000000000000000000000000 0 0
20391	65.168	0.000	( 0 )	111110001011101011011100011000011000011010110001111001110100001011100010001011100001111100000000000000000000000000000000000000000000000000000000000000000000000000000000000000000000 1 0
20382	65.168	0.000	( 0 )	111110001011101011011100011000011000011010110001111001110100001011100010001011100001111100000000000000000000000000000000000000000000000000000000000000000000000000000000000000000000 0 0
20500	68.507	0.000	( 0 )	111110001110101011011100011000001000011010110001111001110100001011100010001011100001111100000000000000000000000000000000000000000000000000000000000000000000000000000000000000000000 3 0
20493	68.507	0.000	( 0 )	111110001110101011011100011000001000011010110001111001110100001011100010001011100001111100000000000000000000000000000000000000000000000000000000000000000000000000000000000000000000 0 0
20495	68.507	0.000	( 0 )	111110001110101011011100011000001000011010110001111001110100001011100010001011100001111100000000000000000000000000000000000000000000000000000000000000000000000000000000000000000000 0 0
20498	68.507	0.000	( 0 )	111110001110101011011100011000001000011010110001111001110100001011100010001011100001111100000000000000000000000000000000000000000000000000000000000000000000000000000000000000000000 0 0
20462	68.507	0.000	( 0 )	111110001110101011011100011000001000011010110001111001110100001011100010001011100001111100000000000000000000000000000000000000000000000000000000000000000000000000000000000000000000 0 0
20554	68.507	0.000	( 0 )	111110001110101011011100011000001000011010110001111001110100001011100010001011100001111100000000000000000000000000000000000000000000000000000000000000000000000000000000000000000000 0 0
20505	68.507	0.000	( 0 )	111110001110101011011100011000001000011010110001111001110100001011100010001011100001111100000000000000000000000000000000000000000000000000000000000000000000000000000000000000000000 0 0
20428	68.507	0.000	( 0 )	111110001110101011011100011000001000011010110001111001110100001011100010001011100001111100000000000000000000000000000000000000000000000000000000000000000000000000000000000000000000 0 0
20506	68.507	0.000	( 0 )	111110001110101011011100011000001000011010110001111001110100001011100010001011100001111100000000000000000000000000000000000000000000000000000000000000000000000000000000000000000000 0 0
20494	68.507	0.000	( 0 )	111110001110101011011100011000001000011010110001111001110100001011100010001011100001111100000000000000000000000000000000000000000000000000000000000000000000000000000000000000000000 0 0
20504	68.507	0.000	( 0 )	111110001110101011011100011000001000011010110001111001110100001011100010001011100001111100000000000000000000000000000000000000000000000000000000000000000000000000000000000000000000 0 0
20496	68.507	0.000	( 0 )	111110001110101011011100011000001000011010110001111001110100001011100010001011100001111100000000000000000000000000000000000000000000000000000000000000000000000000000000000000000000 0 0
20499	68.507	0.000	( 0 )	111110001110101011011100011000001000011010110001111001110100001011100010001011100001111100000000000000000000000000000000000000000000000000000000000000000000000000000000000000000000 0 0
20501	68.507	0.000	( 0 )	111110001110101011011100011000001000011010110001111001110100001011100010001011100001111100000000000000000000000000000000000000000000000000000000000000000000000000000000000000000000 0 0
20552	68.507	0.000	( 0 )	111110001110101011011100011000001000011010110001111001110100001011100010001011100001111100000000000000000000000000000000000000000000000000000000000000000000000000000000000000000000 0 0
20497	68.507	0.000	( 0 )	111110001110101011011100011000001000011010110001111001110100001011100010001011100001111100000000000000000000000000000000000000000000000000000000000000000000000000000000000000000000 0 0
20502	68.507	0.000	( 0 )	111110001110101011011100011000001000011010110001111001110100001011100010001011100001111100000000000000000000000000000000000000000000000000000000000000000000000000000000000000000000 0 0
20503	68.507	0.000	( 0 )	111110001110101011011100011000001000011010110001111001110100001011100010001011100001111100000000000000000000000000000000000000000000000000000000000000000000000000000000000000000000 0 0
20534	68.507	0.000	( 0 )	111110001110101011011100011000001000011010110001111001110100001011100010001011100001111100000000000000000000000000000000000000000000000000000000000000000000000000000000000000000000 0 0
20557	68.507	0.000	( 0 )	111110001110101011011100011000001000011010110001111001110100001011100010001011100001111100000000000000000000000000000000000000000000000000000000000000000000000000000000000000000000 0 0
20553	68.507	0.000	( 0 )	111110001110101011011100011000001000011010110001111001110100001011100010001011100001111100000000000000000000000000000000000000000000000000000000000000000000000000000000000000000000 0 0
20529	69.618	0.000	( 0 )	111110001110101011011100011000001000011010110001111001110100001011101010001011100001111100000000000000000000000000000000000000000000000000000000000000000000000000000000000000000000 1 0
20588	71.842	0.000	( 0 )	111010001110101011011100011000000000011010110001111001110100001011101010001011100001111100000000000000000000000000000000000000000000000000000000000000000000000000000000000000000000 2 0
20590	71.842	0.000	( 0 )	111010001110101011011100011000000000011010110001111001110100001011101010001011100001111100000000000000000000000000000000000000000000000000000000000000000000000000000000000000000000 0 0
20589	71.842	0.000	( 0 )	111010001110101011011100011000000000011010110001111001110100001011101010001011100001111100000000000000000000000000000000000000000000000000000000000000000000000000000000000000000000 0 0
20758	72.953	0.000	( 0 )	111010001110101011011100011000000000011010110001111001110100001010101010001011100001111100000000000000000000000000000000000000000000000000000000000000000000000000000000000000000000 1 0
20696	74.064	0.000	( 0 )	111010001110101011011100011000000000011010110001111001100100001010101010001011100001111100000000000000000000000000000000000000000000000000000000000000000000000000000000000000000000 1 0
20681	74.064	0.000	( 0 )	111010001110101011011100011000000000011010110001111001100100001010101010001011100001111100000000000000000000000000000000000000000000000000000000000000000000000000000000000000000000 0 0
20709	74.064	0.000	( 0 )	111010001110101011011100011000000000011010110001111001100100001010101010001011100001111100000000000000000000000000000000000000000000000000000000000000000000000000000000000000000000 0 0
20686	74.064	0.000	( 0 )	111010001110101011011100011000000000011010110001111001100100001010101010001011100001111100000000000000000000000000000000000000000000000000000000000000000000000000000000000000000000 0 0
20653	74.064	0.000	( 0 )	111010001110101011011100011000000000011010110001111001100100001010101010001011100001111100000000000000000000000000000000000000000000000000000000000000000000000000000000000000000000 0 0
20402	74.064	0.000	( 0 )	111010001110101011011100011000000000011010110001111001100100001010101010001011100001111100000000000000000000000000000000000000000000000000000000000000000000000000000000000000000000 0 0
20707	74.064	0.000	( 0 )	111010001110101011011100011000000000011010110001111001100100001010101010001011100001111100000000000000000000000000000000000000000000000000000000000000000000000000000000000000000000 0 0
20692	74.064	0.000	( 0 )	111010001110101011011100011000000000011010110001111001100100001010101010001011100001111100000000000000000000000000000000000000000000000000000000000000000000000000000000000000000000 0 0
20710	74.064	0.000	( 0 )	111010001110101011011100011000000000011010110001111001100100001010101010001011100001111100000000000000000000000000000000000000000000000000000000000000000000000000000000000000000000 0 0
20705	74.064	0.000	( 0 )	111010001110101011011100011000000000011010110001111001100100001010101010001011100001111100000000000000000000000000000000000000000000000000000000000000000000000000000000000000000000 0 0
20662	74.064	0.000	( 0 )	111010001110101011011100011000000000011010110001111001100100001010101010001011100001111100000000000000000000000000000000000000000000000000000000000000000000000000000000000000000000 0 0
20703	74.064	0.000	( 0 )	111010001110101011011100011000000000011010110001111001100100001010101010001011100001111100000000000000000000000000000000000000000000000000000000000000000000000000000000000000000000 0 0
20697	74.064	0.000	( 0 )	111010001110101011011100011000000000011010110001111001100100001010101010001011100001111100000000000000000000000000000000000000000000000000000000000000000000000000000000000000000000 0 0
20704	74.064	0.000	( 0 )	111010001110101011011100011000000000011010110001111001100100001010101010001011100001111100000000000000000000000000000000000000000000000000000000000000000000000000000000000000000000 0 0
20711	74.064	0.000	( 0 )	111010001110101011011100011000000000011010110001111001100100001010101010001011100001111100000000000000000000000000000000000000000000000000000000000000000000000000000000000000000000 0 0
20708	74.064	0.000	( 0 )	111010001110101011011100011000000000011010110001111001100100001010101010001011100001111100000000000000000000000000000000000000000000000000000000000000000000000000000000000000000000 0 0
20671	74.064	0.000	( 0 )	111010001110101011011100011000000000011010110001111001100100001010101010001011100001111100000000000000000000000000000000000000000000000000000000000000000000000000000000000000000000 0 0
20695	74.064	0.000	( 0 )	111010001110101011011100011000000000011010110001111001100100001010101010001011100001111100000000000000000000000000000000000000000000000000000000000000000000000000000000000000000000 0 0
20690	74.064	0.000	( 0 )	111010001110101011011100011000000000011010110001111001100100001010101010001011100001111100000000000000000000000000000000000000000000000000000000000000000000000000000000000000000000 0 0
20655	74.064	0.000	( 0 )	111010001110101011011100011000000000011010110001111001100100001010101010001011100001111100000000000000000000000000000000000000000000000000000000000000000000000000000000000000000000 0 0
20682	74.064	0.000	( 0 )	111010001110101011011100011000000000011010110001111001100100001010101010001011100001111100000000000000000000000000000000000000000000000000000000000000000000000000000000000000000000 0 0
20706	74.064	0.000	( 0 )	111010001110101011011100011000000000011010110001111001100100001010101010001011100001111100000000000000000000000000000000000000000000000000000000000000000000000000000000000000000000 0 0
20740	75.175	0.000	( 0 )	111010001110101011011100011000000000011010110001111101100100001010101010001011100001111100000000000000000000000000000000000000000000000000000000000000000000000000000000000000000000 1 0
20720	75.175	0.000	( 0 )	111010001110101011011100011000000000011010110001111101100100001010101010001011100001111100000000000000000000000000000000000000000000000000000000000000000000000000000000000000000000 0 0
20734	75.175	0.000	( 0 )	111010001110101011011100011000000000011010110001111101100100001010101010001011100001111100000000000000000000000000000000000000000000000000000000000000000000000000000000000000000000 0 0
20731	75.175	0.000	( 0 )	111010001110101011011100011000000000011010110001111101100100001010101010001011100001111100000000000000000000000000000000000000000000000000000000000000000000000000000000000000000000 0 0
20717	75.175	0.000	( 0 )	111010001110101011011100011000000000011010110001111101100100001010101010001011100001111100000000000000000000000000000000000000000000000000000000000000000000000000000000000000000000 0 0
20728	75.175	0.000	( 0 )	111010001110101011011100011000000000011010110001111101100100001010101010001011100001111100000000000000000000000000000000000000000000000000000000000000000000000000000000000000000000 0 0
20729	75.175	0.000	( 0 )	111010001110101011011100011000000000011010110001111101100100001010101010001011100001111100000000000000000000000000000000000000000000000000000000000000000000000000000000000000000000 0 0
20743	75.175	0.000	( 0 )	111010001110101011011100011000000000011010110001111101100100001010101010001011100001111100000000000000000000000000000000000000000000000000000000000000000000000000000000000000000000 0 0
20727	75.175	0.000	( 0 )	111010001110101011011100011000000000011010110001111101100100001010101010001011100001111100000000000000000000000000000000000000000000000000000000000000000000000000000000000000000000 0 0
20742	75.175	0.000	( 0 )	111010001110101011011100011000000000011010110001111101100100001010101010001011100001111100000000000000000000000000000000000000000000000000000000000000000000000000000000000000000000 0 0
20730	75.175	0.000	( 0 )	111010001110101011011100011000000000011010110001111101100100001010101010001011100001111100000000000000000000000000000000000000000000000000000000000000000000000000000000000000000000 0 0
20716	75.175	0.000	( 0 )	111010001110101011011100011000000000011010110001111101100100001010101010001011100001111100000000000000000000000000000000000000000000000000000000000000000000000000000000000000000000 0 0
20746	75.175	0.000	( 0 )	111010001110101011011100011000000000011010110001111101100100001010101010001011100001111100000000000000000000000000000000000000000000000000000000000000000000000000000000000000000000 0 0
20725	75.175	0.000	( 0 )	111010001110101011011100011000000000011010110001111101100100001010101010001011100001111100000000000000000000000000000000000000000000000000000000000000000000000000000000000000000000 0 0
20790	77.399	0.000	( 0 )	111010001110101011011100011000000000011010110001111101100100001010101010001010100011111100000000000000000000000000000000000000000000000000000000000000000000000000000000000000000000 2 0
20791	77.399	0.000	( 0 )	111010001110101011011100011000000000011010110001111101100100001010101010001010100011111100000000000000000000000000000000000000000000000000000000000000000000000000000000000000000000 0 0
20778	77.399	0.000	( 0 )	111010001110101011011100011000000000011010110001111101100100001010101010001010100011111100000000000000000000000000000000000000000000000000000000000000000000000000000000000000000000 0 0
20798	77.399	0.000	( 0 )	111010001110101011011100011000000000011010110001111101100100001010101010001010100011111100000000000000000000000000000000000000000000000000000000000000000000000000000000000000000000 0 0
20801	77.399	0.000	( 0 )	111010001110101011011100011000000000011010110001111101100100001010101010001010100011111100000000000000000000000000000000000000000000000000000000000000000000000000000000000000000000 0 0
20779	77.399	0.000	( 0 )	111010001110101011011100011000000000011010110001111101100100001010101010001010100011111100000000000000000000000000000000000000000000000000000000000000000000000000000000000000000000 0 0
20799	77.399	0.000	( 0 )	111010001110101011011100011000000000011010110001111101100100001010101010001010100011111100000000000000000000000000000000000000000000000000000000000000000000000000000000000000000000 0 0
20812	78.510	0.000	( 0 )	111010001110101011011100011000000000011010110001111101100100011010101010001010100011111100000000000000000000000000000000000000000000000000000000000000000000000000000000000000000000 1 0
20811	78.510	0.000	( 0 )	111010001110101011011100011000000000011010110001111101100100011010101010001010100011111100000000000000000000000000000000000000000000000000000000000000000000000000000000000000000000 0 0
20810	78.510	0.000	( 0 )	111010001110101011011100011000000000011010110001111101100100011010101010001010100011111100000000000000000000000000000000000000000000000000000000000000000000000000000000000000000000 0 0
20817	81.849	0.000	( 0 )	111010001110101011011101010000000000011010110001111101100100011010101010001000100011111100000000000000000000000000000000000000000000000000000000000000000000000000000000000000000000 3 0
20828	81.849	0.000	( 0 )	111010001110101011011101010000000000011010110001111101100100011010101010001000100011111100000000000000000000000000000000000000000000000000000000000000000000000000000000000000000000 0 0
20820	81.849	0.000	( 0 )	111010001110101011011101010000000000011010110001111101100100011010101010001000100011111100000000000000000000000000000000000000000000000000000000000000000000000000000000000000000000 0 0
20850	84.072	0.000	( 0 )	111010001110101011011101000000000000011010110001111101100101011010101010001000100011111100000000000000000000000000000000000000000000000000000000000000000000000000000000000000000000 2 0
20851	84.072	0.000	( 0 )	111010001110101011011101000000000000011010110001111101100101011010101010001000100011111100000000000000000000000000000000000000000000000000000000000000000000000000000000000000000000 0 0
20857	84.072	0.000	( 0 )	111010001110101011011101000000000000011010110001111101100101011010101010001000100011111100000000000000000000000000000000000000000000000000000000000000000000000000000000000000000000 0 0
20950	85.184	0.000	( 0 )	111010001100101011011101000000000000011010110001111101100101011010101010001000100011111100000000000000000000000000000000000000000000000000000000000000000000000000000000000000000000 1 0
20870	85.184	0.000	( 0 )	111010001100101011011101000000000000011010110001111101100101011010101010001000100011111100000000000000000000000000000000000000000000000000000000000000000000000000000000000000000000 0 0
20944	85.184	0.000	( 0 )	111010001100101011011101000000000000011010110001111101100101011010101010001000100011111100000000000000000000000000000000000000000000000000000000000000000000000000000000000000000000 0 0
20943	85.184	0.000	( 0 )	111010001100101011011101000000000000011010110001111101100101011010101010001000100011111100000000000000000000000000000000000000000000000000000000000000000000000000000000000000000000 0 0
21107	86.295	0.000	( 0 )	111010001100101011011101000000000000011010110001111111100101011010101010001000100011111100000000000000000000000000000000000000000000000000000000000000000000000000000000000000000000 1 0
21071	86.295	0.000	( 0 )	111010001100101011011101000000000000011010110001111111100101011010101010001000100011111100000000000000000000000000000000000000000000000000000000000000000000000000000000000000000000 0 0
20239	86.295	0.000	( 0 )	111010001100101011011101000000000000011010110001111111100101011010101010001000100011111100000000000000000000000000000000000000000000000000000000000000000000000000000000000000000000 0 0
21110	86.295	0.000	( 0 )	111010001100101011011101000000000000011010110001111111100101011010101010001000100011111100000000000000000000000000000000000000000000000000000000000000000000000000000000000000000000 0 0
21072	86.295	0.000	( 0 )	111010001100101011011101000000000000011010110001111111100101011010101010001000100011111100000000000000000000000000000000000000000000000000000000000000000000000000000000000000000000 0 0
21111	86.295	0.000	( 0 )	111010001100101011011101000000000000011010110001111111100101011010101010001000100011111100000000000000000000000000000000000000000000000000000000000000000000000000000000000000000000 0 0
21112	86.295	0.000	( 0 )	111010001100101011011101000000000000011010110001111111100101011010101010001000100011111100000000000000000000000000000000000000000000000000000000000000000000000000000000000000000000 0 0
21028	86.295	0.000	( 0 )	111010001100101011011101000000000000011010110001111111100101011010101010001000100011111100000000000000000000000000000000000000000000000000000000000000000000000000000000000000000000 0 0
20240	86.295	0.000	( 0 )	111010001100101011011101000000000000011010110001111111100101011010101010001000100011111100000000000000000000000000000000000000000000000000000000000000000000000000000000000000000000 0 0
21027	86.295	0.000	( 0 )	111010001100101011011101000000000000011010110001111111100101011010101010001000100011111100000000000000000000000000000000000000000000000000000000000000000000000000000000000000000000 0 0
21023	86.295	0.000	( 0 )	111010001100101011011101000000000000011010110001111111100101011010101010001000100011111100000000000000000000000000000000000000000000000000000000000000000000000000000000000000000000 0 0
21106	86.295	0.000	( 0 )	111010001100101011011101000000000000011010110001111111100101011010101010001000100011111100000000000000000000000000000000000000000000000000000000000000000000000000000000000000000000 0 0
20248	86.295	0.000	( 0 )	111010001100101011011101000000000000011010110001111111100101011010101010001000100011111100000000000000000000000000000000000000000000000000000000000000000000000000000000000000000000 0 0
20244	86.295	0.000	( 0 )	111010001100101011011101000000000000011010110001111111100101011010101010001000100011111100000000000000000000000000000000000000000000000000000000000000000000000000000000000000000000 0 0
20235	86.295	0.000	( 0 )	111010001100101011011101000000000000011010110001111111100101011010101010001000100011111100000000000000000000000000000000000000000000000000000000000000000000000000000000000000000000 0 0
21024	86.295	0.000	( 0 )	111010001100101011011101000000000000011010110001111111100101011010101010001000100011111100000000000000000000000000000000000000000000000000000000000000000000000000000000000000000000 0 0
21097	86.295	0.000	( 0 )	111010001100101011011101000000000000011010110001111111100101011010101010001000100011111100000000000000000000000000000000000000000000000000000000000000000000000000000000000000000000 0 0
21025	86.295	0.000	( 0 )	111010001100101011011101000000000000011010110001111111100101011010101010001000100011111100000000000000000000000000000000000000000000000000000000000000000000000000000000000000000000 0 0
21108	86.295	0.000	( 0 )	111010001100101011011101000000000000011010110001111111100101011010101010001000100011111100000000000000000000000000000000000000000000000000000000000000000000000000000000000000000000 0 0
20247	86.295	0.000	( 0 )	111010001100101011011101000000000000011010110001111111100101011010101010001000100011111100000000000000000000000000000000000000000000000000000000000000000000000000000000000000000000 0 0
20245	86.295	0.000	( 0 )	111010001100101011011101000000000000011010110001111111100101011010101010001000100011111100000000000000000000000000000000000000000000000000000000000000000000000000000000000000000000 0 0
21109	86.295	0.000	( 0 )	111010001100101011011101000000000000011010110001111111100101011010101010001000100011111100000000000000000000000000000000000000000000000000000000000000000000000000000000000000000000 0 0
20989	86.295	0.000	( 0 )	111010001100101011011101000000000000011010110001111111100101011010101010001000100011111100000000000000000000000000000000000000000000000000000000000000000000000000000000000000000000 0 0
21245	87.406	0.000	( 0 )	111010001100101011011101000000000000011010110001101111100101011010101010001000100011111100000000000000000000000000000000000000000000000000000000000000000000000000000000000000000000 1 0
21362	87.406	0.000	( 0 )	111010001100101011011101000000000000011010110001101111100101011010101010001000100011111100000000000000000000000000000000000000000000000000000000000000000000000000000000000000000000 0 0
21352	87.406	0.000	( 0 )	111010001100101011011101000000000000011010110001101111100101011010101010001000100011111100000000000000000000000000000000000000000000000000000000000000000000000000000000000000000000 0 0
21228	87.406	0.000	( 0 )	111010001100101011011101000000000000011010110001101111100101011010101010001000100011111100000000000000000000000000000000000000000000000000000000000000000000000000000000000000000000 0 0
21281	87.406	0.000	( 0 )	111010001100101011011101000000000000011010110001101111100101011010101010001000100011111100000000000000000000000000000000000000000000000000000000000000000000000000000000000000000000 0 0
21283	87.406	0.000	( 0 )	111010001100101011011101000000000000011010110001101111100101011010101010001000100011111100000000000000000000000000000000000000000000000000000000000000000000000000000000000000000000 0 0
21280	87.406	0.000	( 0 )	111010001100101011011101000000000000011010110001101111100101011010101010001000100011111100000000000000000000000000000000000000000000000000000000000000000000000000000000000000000000 0 0
21226	87.406	0.000	( 0 )	111010001100101011011101000000000000011010110001101111100101011010101010001000100011111100000000000000000000000000000000000000000000000000000000000000000000000000000000000000000000 0 0
21282	87.406	0.000	( 0 )	111010001100101011011101000000000000011010110001101111100101011010101010001000100011111100000000000000000000000000000000000000000000000000000000000000000000000000000000000000000000 0 0
21284	87.406	0.000	( 0 )	111010001100101011011101000000000000011010110001101111100101011010101010001000100011111100000000000000000000000000000000000000000000000000000000000000000000000000000000000000000000 0 0
21275	87.406	0.000	( 0 )	111010001100101011011101000000000000011010110001101111100101011010101010001000100011111100000000000000000000000000000000000000000000000000000000000000000000000000000000000000000000 0 0
21341	87.406	0.000	( 0 )	111010001100101011011101000000000000011010110001101111100101011010101010001000100011111100000000000000000000000000000000000000000000000000000000000000000000000000000000000000000000 0 0
21289	87.406	0.000	( 0 )	111010001100101011011101000000000000011010110001101111100101011010101010001000100011111100000000000000000000000000000000000000000000000000000000000000000000000000000000000000000000 0 0
21279	87.406	0.000	( 0 )	111010001100101011011101000000000000011010110001101111100101011010101010001000100011111100000000000000000000000000000000000000000000000000000000000000000000000000000000000000000000 0 0
21285	87.406	0.000	( 0 )	111010001100101011011101000000000000011010110001101111100101011010101010001000100011111100000000000000000000000000000000000000000000000000000000000000000000000000000000000000000000 0 0
21204	87.406	0.000	( 0 )	111010001100101011011101000000000000011010110001101111100101011010101010001000100011111100000000000000000000000000000000000000000000000000000000000000000000000000000000000000000000 0 0
21318	87.406	0.000	( 0 )	111010001100101011011101000000000000011010110001101111100101011010101010001000100011111100000000000000000000000000000000000000000000000000000000000000000000000000000000000000000000 0 0
21246	87.406	0.000	( 0 )	111010001100101011011101000000000000011010110001101111100101011010101010001000100011111100000000000000000000000000000000000000000000000000000000000000000000000000000000000000000000 0 0
21333	87.406	0.000	( 0 )	111010001100101011011101000000000000011010110001101111100101011010101010001000100011111100000000000000000000000000000000000000000000000000000000000000000000000000000000000000000000 0 0
21348	87.406	0.000	( 0 )	111010001100101011011101000000000000011010110001101111100101011010101010001000100011111100000000000000000000000000000000000000000000000000000000000000000000000000000000000000000000 0 0
21251	87.406	0.000	( 0 )	111010001100101011011101000000000000011010110001101111100101011010101010001000100011111100000000000000000000000000000000000000000000000000000000000000000000000000000000000000000000 0 0
21328	87.406	0.000	( 0 )	111010001100101011011101000000000000011010110001101111100101011010101010001000100011111100000000000000000000000000000000000000000000000000000000000000000000000000000000000000000000 0 0
21225	87.406	0.000	( 0 )	111010001100101011011101000000000000011010110001101111100101011010101010001000100011111100000000000000000000000000000000000000000000000000000000000000000000000000000000000000000000 0 0
20241	87.406	0.000	( 0 )	111010001100101011011101000000000000011010110001101111100101011010101010001000100011111100000000000000000000000000000000000000000000000000000000000000000000000000000000000000000000 0 0
21332	87.406	0.000	( 0 )	111010001100101011011101000000000000011010110001101111100101011010101010001000100011111100000000000000000000000000000000000000000000000000000000000000000000000000000000000000000000 0 0
21229	87.406	0.000	( 0 )	111010001100101011011101000000000000011010110001101111100101011010101010001000100011111100000000000000000000000000000000000000000000000000000000000000000000000000000000000000000000 0 0
21227	87.406	0.000	( 0 )	111010001100101011011101000000000000011010110001101111100101011010101010001000100011111100000000000000000000000000000000000000000000000000000000000000000000000000000000000000000000 0 0
21329	87.406	0.000	( 0 )	111010001100101011011101000000000000011010110001101111100101011010101010001000100011111100000000000000000000000000000000000000000000000000000000000000000000000000000000000000000000 0 0
21288	87.406	0.000	( 0 )	111010001100101011011101000000000000011010110001101111100101011010101010001000100011111100000000000000000000000000000000000000000000000000000000000000000000000000000000000000000000 0 0
21330	87.406	0.000	( 0 )	111010001100101011011101000000000000011010110001101111100101011010101010001000100011111100000000000000000000000000000000000000000000000000000000000000000000000000000000000000000000 0 0
21331	87.406	0.000	( 0 )	111010001100101011011101000000000000011010110001101111100101011010101010001000100011111100000000000000000000000000000000000000000000000000000000000000000000000000000000000000000000 0 0
21337	87.406	0.000	( 0 )	111010001100101011011101000000000000011010110001101111100101011010101010001000100011111100000000000000000000000000000000000000000000000000000000000000000000000000000000000000000000 0 0
21308	88.518	0.000	( 0 )	111010001100101011001101000000000000011010110001101111100101011010101010001000100011111100000000000000000000000000000000000000000000000000000000000000000000000000000000000000000000 1 0
21395	89.629	0.000	( 0 )	111010001100101011001101000000000000011010110001101111100101011010001010001000100011111100000000000000000000000000000000000000000000000000000000000000000000000000000000000000000000 1 0
21394	89.629	0.000	( 0 )	111010001100101011001101000000000000011010110001101111100101011010001010001000100011111100000000000000000000000000000000000000000000000000000000000000000000000000000000000000000000 0 0
21396	89.629	0.000	( 0 )	111010001100101011001101000000000000011010110001101111100101011010001010001000100011111100000000000000000000000000000000000000000000000000000000000000000000000000000000000000000000 0 0
21404	89.629	0.000	( 0 )	111010001100101011001101000000000000011010110001101111100101011010001010001000100011111100000000000000000000000000000000000000000000000000000000000000000000000000000000000000000000 0 0
21397	89.629	0.000	( 0 )	111010001100101011001101000000000000011010110001101111100101011010001010001000100011111100000000000000000000000000000000000000000000000000000000000000000000000000000000000000000000 0 0
21402	89.629	0.000	( 0 )	111010001100101011001101000000000000011010110001101111100101011010001010001000100011111100000000000000000000000000000000000000000000000000000000000000000000000000000000000000000000 0 0
21419	90.740	0.000	( 0 )	111010001100101011001101000000000000011010010001101111100101011010001010001000100011111100000000000000000000000000000000000000000000000000000000000000000000000000000000000000000000 1 0
21426	90.740	0.000	( 0 )	111010001100101011001101000000000000011010010001101111100101011010001010001000100011111100000000000000000000000000000000000000000000000000000000000000000000000000000000000000000000 0 0
21301	91.851	0.000	( 0 )	111010001100101011001101000000000000011010010001101111100101011010001010001000100011101100000000000000000000000000000000000000000000000000000000000000000000000000000000000000000000 1 0
21079	92.963	0.000	( 0 )	111010001100101011001101000000000000011010000001101111100101011010001010001000100011101100000000000000000000000000000000000000000000000000000000000000000000000000000000000000000000 1 0
21078	92.963	0.000	( 0 )	111010001100101011001101000000000000011010000001101111100101011010001010001000100011101100000000000000000000000000000000000000000000000000000000000000000000000000000000000000000000 0 0
21080	92.963	0.000	( 0 )	111010001100101011001101000000000000011010000001101111100101011010001010001000100011101100000000000000000000000000000000000000000000000000000000000000000000000000000000000000000000 0 0
21473	99.669	0.000	( 0 )	111010001100111001001101000001000000011010000001101111100001011010001010001000110011101000000000000000000000000000000000000000000000000000000000000000000000000000000000000000000000 6 0
21472	99.669	0.000	( 0 )	111010001100111001001101000001000000011010000001101111100001011010001010001000110011101000000000000000000000000000000000000000000000000000000000000000000000000000000000000000000000 0 0
21475	99.669	0.000	( 0 )	111010001100111001001101000001000000011010000001101111100001011010001010001000110011101000000000000000000000000000000000000000000000000000000000000000000000000000000000000000000000 0 0
21496	100.781	0.000	( 0 )	011010001100111001001101000001000000011010000001101111100001011010001010001000110011101000000000000000000000000000000000000000000000000000000000000000000000000000000000000000000000 1 0
21516	100.781	0.000	( 0 )	011010001100111001001101000001000000011010000001101111100001011010001010001000110011101000000000000000000000000000000000000000000000000000000000000000000000000000000000000000000000 0 0
21513	100.781	0.000	( 0 )	011010001100111001001101000001000000011010000001101111100001011010001010001000110011101000000000000000000000000000000000000000000000000000000000000000000000000000000000000000000000 0 0
21512	100.781	0.000	( 0 )	011010001100111001001101000001000000011010000001101111100001011010001010001000110011101000000000000000000000000000000000000000000000000000000000000000000000000000000000000000000000 0 0
21552	101.892	0.000	( 0 )	011010001100111001001101000001000000011010000001101111100001011010001010001100110011101000000000000000000000000000000000000000000000000000000000000000000000000000000000000000000000 1 0
21555	101.892	0.000	( 0 )	011010001100111001001101000001000000011010000001101111100001011010001010001100110011101000000000000000000000000000000000000000000000000000000000000000000000000000000000000000000000 0 0
21551	101.892	0.000	( 0 )	011010001100111001001101000001000000011010000001101111100001011010001010001100110011101000000000000000000000000000000000000000000000000000000000000000000000000000000000000000000000 0 0
21563	104.116	0.000	( 0 )	011010001100111001001101000001000000011010001001101111100001111010001010001100110011101000000000000000000000000000000000000000000000000000000000000000000000000000000000000000000000 2 0
21560	104.116	0.000	( 0 )	011010001100111001001101000001000000011010001001101111100001111010001010001100110011101000000000000000000000000000000000000000000000000000000000000000000000000000000000000000000000 0 0
21588	104.116	0.000	( 0 )	011010001100111001001101000001000000011010001001101111100001111010001010001100110011101000000000000000000000000000000000000000000000000000000000000000000000000000000000000000000000 0 0
21562	104.116	0.000	( 0 )	011010001100111001001101000001000000011010001001101111100001111010001010001100110011101000000000000000000000000000000000000000000000000000000000000000000000000000000000000000000000 0 0
21202	116.590	0.000	( 0 )	010000001100011000000101000001000000000010001001101111100001110000001010001100110011000000000000000000000000000000000000000000000000000000000000000000000000000000000000000000000000 11 0
