#java OrderMarkers2 data=- evaluateOrder=reordermarkers/iterations/ordered.30.14 useKosambi=1 numThreads=4 calculateIntervals=intervals/ordered.30.intervals randSeed=7985727042443930611
Loading file
No grandparents present in family V
Number of individuals = 92
Number of families = 1
File loaded with 42521 SNPs
Number of individuals = 92 excluding grandparents
Number of families = 1
Number of markers = 34
Setting dataScale to 1.0 all likelihoods will be multiplied by 1.0
Initial score = -864.4604454943845
Iteration 1 of 6
884884288488421 done
Polishing map...
score = -741.7347611449608
*score = -741.7347611449608
score = -741.7347611449608
score = -741.7347611449608
Iteration 2 of 6
884884288488421 done
Polishing map...
score = -741.7347611449608
score = -741.7347611449608
score = -741.7347611449608
*score = -740.9757883329823
Iteration 3 of 6
884884288488421 done
Polishing map...
score = -741.7347611449608
score = -741.7347611449608
score = -741.7347611449608
score = -741.7347611449608
Iteration 4 of 6
884884288488421 done
Polishing map...
score = -753.0772666595825
score = -741.7347611449608
score = -741.7347611449608
score = -741.7347611449608
Iteration 5 of 6
884884288488421 done
Polishing map...
score = -905.0873332186533
score = -905.0873332186533
score = -905.0873332186533
score = -873.3234360977006
Iteration 6 of 6
884884288488421 done
Polishing map...
score = -829.6298375655828
score = -828.9309071963817
score = -822.2209434076142
score = -822.2209434076142
Final score = -740.9757883329823
Setting dataScale to 1.0 all likelihoods will be multiplied by 1.0
logL = -740.9757883329823
number of recombinations = 61.0 logL = -740.9757883329823
Individual	V	P14459_101_S1	recombines	1	times
Individual	V	P14459_103_S3	recombines	2	times
Individual	V	P14459_104_S4	recombines	1	times
Individual	V	P14459_105_S5	recombines	1	times
Individual	V	P14459_106_S6	recombines	1	times
Individual	V	P14459_108_S8	recombines	1	times
Individual	V	P14459_111_S11	recombines	1	times
Individual	V	P14459_112_S12	recombines	1	times
Individual	V	P14459_113_S13	recombines	1	times
Individual	V	P14459_115_S15	recombines	1	times
Individual	V	P14459_118_S18	recombines	2	times
Individual	V	P14459_119_S19	recombines	1	times
Individual	V	P14459_122_S22	recombines	1	times
Individual	V	P14459_123_S23	recombines	1	times
Individual	V	P14459_124_S24	recombines	1	times
Individual	V	P14459_125_S25	recombines	1	times
Individual	V	P14459_126_S26	recombines	1	times
Individual	V	P14459_128_S28	recombines	1	times
Individual	V	P14459_129_S29	recombines	1	times
Individual	V	P14459_131_S31	recombines	1	times
Individual	V	P14459_134_S34	recombines	1	times
Individual	V	P14459_136_S36	recombines	1	times
Individual	V	P14459_137_S37	recombines	1	times
Individual	V	P14459_138_S38	recombines	1	times
Individual	V	P14459_139_S39	recombines	1	times
Individual	V	P14459_140_S40	recombines	1	times
Individual	V	P14459_141_S41	recombines	1	times
Individual	V	P14459_144_S44	recombines	1	times
Individual	V	P14459_146_S46	recombines	1	times
Individual	V	P14459_147_S47	recombines	1	times
Individual	V	P14459_151_S51	recombines	1	times
Individual	V	P14459_154_S54	recombines	1	times
Individual	V	P14459_155_S55	recombines	1	times
Individual	V	P14459_156_S56	recombines	1	times
Individual	V	P14459_157_S57	recombines	2	times
Individual	V	P14459_160_S60	recombines	1	times
Individual	V	P14459_163_S63	recombines	1	times
Individual	V	P14459_164_S64	recombines	1	times
Individual	V	P14459_168_S68	recombines	1	times
Individual	V	P14459_170_S70	recombines	2	times
Individual	V	P14459_173_S73	recombines	1	times
Individual	V	P14459_174_S74	recombines	1	times
Individual	V	P14459_176_S76	recombines	2	times
Individual	V	P14459_178_S78	recombines	1	times
Individual	V	P14459_179_S79	recombines	1	times
Individual	V	P14459_180_S80	recombines	1	times
Individual	V	P14459_181_S81	recombines	1	times
Individual	V	P14459_182_S82	recombines	1	times
Individual	V	P14459_184_S84	recombines	1	times
Individual	V	P14459_185_S85	recombines	1	times
Individual	V	P14459_187_S87	recombines	1	times
Individual	V	P14459_189_S89	recombines	1	times
Individual	V	P14459_192_S92	recombines	1	times
Individual	V	P14459_193_S93	recombines	1	times
Individual	V	P14459_194_S94	recombines	2	times
#*** LG = 0 likelihood = -740.9758
#marker_number	male_position	female_position	( 0.0 )[	phased data]
16805	0.000	0.000	( 0 )	010111001100100111111110111101001111010110100010010101011110011000010010110011011110101111000000000000000000000000000000000000000000000000000000000000000000000000000000000000000000 0 0
40209	10.137	0.000	( 0 )	010111001101110111111111111101011111010110110010011101011110011000011010110011111111101111000000000000000000000000000000000000000000000000000000000000000000000000000000000000000000 9 0
40210	10.137	0.000	( 0 )	010111001101110111111111111101011111010110110010011101011110011000011010110011111111101111000000000000000000000000000000000000000000000000000000000000000000000000000000000000000000 0 0
40206	10.137	0.000	( 0 )	010111001101110111111111111101011111010110110010011101011110011000011010110011111111101111000000000000000000000000000000000000000000000000000000000000000000000000000000000000000000 0 0
40211	10.137	0.000	( 0 )	010111001101110111111111111101011111010110110010011101011110011000011010110011111111101111000000000000000000000000000000000000000000000000000000000000000000000000000000000000000000 0 0
40208	10.137	0.000	( 0 )	010111001101110111111111111101011111010110110010011101011110011000011010110011111111101111000000000000000000000000000000000000000000000000000000000000000000000000000000000000000000 0 0
40212	10.137	0.000	( 0 )	010111001101110111111111111101011111010110110010011101011110011000011010110011111111101111000000000000000000000000000000000000000000000000000000000000000000000000000000000000000000 0 0
40207	10.137	0.000	( 0 )	010111001101110111111111111101011111010110110010011101011110011000011010110011111111101111000000000000000000000000000000000000000000000000000000000000000000000000000000000000000000 0 0
40133	32.656	0.000	( 0 )	000111001001110100111101110000011100010100010010011100010110011000011000110001101111101001000000000000000000000000000000000000000000000000000000000000000000000000000000000000000000 19 0
40104	34.880	0.000	( 0 )	000111001001110100111101110000011100010100010010011100010110111001011000110001101111101001000000000000000000000000000000000000000000000000000000000000000000000000000000000000000000 2 0
40105	34.880	0.000	( 0 )	000111001001110100111101110000011100010100010010011100010110111001011000110001101111101001000000000000000000000000000000000000000000000000000000000000000000000000000000000000000000 0 0
40142	35.991	0.000	( 0 )	000111001001110100111101110000011100010100010010011100010110111001011000110101101111101001000000000000000000000000000000000000000000000000000000000000000000000000000000000000000000 1 0
40128	35.991	0.000	( 0 )	000111001001110100111101110000011100010100010010011100010110111001011000110101101111101001000000000000000000000000000000000000000000000000000000000000000000000000000000000000000000 0 0
40111	35.991	0.000	( 0 )	000111001001110100111101110000011100010100010010011100010110111001011000110101101111101001000000000000000000000000000000000000000000000000000000000000000000000000000000000000000000 0 0
40136	35.991	0.000	( 0 )	000111001001110100111101110000011100010100010010011100010110111001011000110101101111101001000000000000000000000000000000000000000000000000000000000000000000000000000000000000000000 0 0
40130	35.991	0.000	( 0 )	000111001001110100111101110000011100010100010010011100010110111001011000110101101111101001000000000000000000000000000000000000000000000000000000000000000000000000000000000000000000 0 0
40054	35.991	0.000	( 0 )	000111001001110100111101110000011100010100010010011100010110111001011000110101101111101001000000000000000000000000000000000000000000000000000000000000000000000000000000000000000000 0 0
40141	35.991	0.000	( 0 )	000111001001110100111101110000011100010100010010011100010110111001011000110101101111101001000000000000000000000000000000000000000000000000000000000000000000000000000000000000000000 0 0
40138	35.991	0.000	( 0 )	000111001001110100111101110000011100010100010010011100010110111001011000110101101111101001000000000000000000000000000000000000000000000000000000000000000000000000000000000000000000 0 0
40131	35.991	0.000	( 0 )	000111001001110100111101110000011100010100010010011100010110111001011000110101101111101001000000000000000000000000000000000000000000000000000000000000000000000000000000000000000000 0 0
40067	38.215	0.000	( 0 )	000111001011110100111101110000011100010100010010011100010111111001011000110101101111101001000000000000000000000000000000000000000000000000000000000000000000000000000000000000000000 2 0
40151	41.553	0.000	( 0 )	100011001011110100111101110000011100010100010010011100010111111001011000110101101111100001000000000000000000000000000000000000000000000000000000000000000000000000000000000000000000 3 0
40154	41.553	0.000	( 0 )	100011001011110100111101110000011100010100010010011100010111111001011000110101101111100001000000000000000000000000000000000000000000000000000000000000000000000000000000000000000000 0 0
40150	41.553	0.000	( 0 )	100011001011110100111101110000011100010100010010011100010111111001011000110101101111100001000000000000000000000000000000000000000000000000000000000000000000000000000000000000000000 0 0
40262	49.395	0.000	( 0 )	111011001011110110110101110000011100010100010010011100010111111100011000110101101111100011000000000000000000000000000000000000000000000000000000000000000000000000000000000000000000 7 0
40264	49.395	0.000	( 0 )	111011001011110110110101110000011100010100010010011100010111111100011000110101101111100011000000000000000000000000000000000000000000000000000000000000000000000000000000000000000000 0 0
40263	49.395	0.000	( 0 )	111011001011110110110101110000011100010100010010011100010111111100011000110101101111100011000000000000000000000000000000000000000000000000000000000000000000000000000000000000000000 0 0
40318	53.851	0.000	( 0 )	111001101011110110110101110000011100000100010010011100010111111100011000100101101111100011000000000000000000000000000000000000000000000000000000000000000000000000000000000000000000 4 0
40311	53.851	0.000	( 0 )	111001101011110110110101110000011100000100010010011100010111111100011000100101101111100011000000000000000000000000000000000000000000000000000000000000000000000000000000000000000000 0 0
40352	60.557	0.000	( 0 )	111001101011110110110001110000011000000100010010011000010111111100011010000101101011100011000000000000000000000000000000000000000000000000000000000000000000000000000000000000000000 6 0
40378	65.014	0.000	( 0 )	111001101011110110110001010000011000000100010011011011010111111100011010000101101011100011000000000000000000000000000000000000000000000000000000000000000000000000000000000000000000 4 0
40375	65.014	0.000	( 0 )	111001101011110110110001010000011000000100010011011011010111111100011010000101101011100011000000000000000000000000000000000000000000000000000000000000000000000000000000000000000000 0 0
40372	65.014	0.000	( 0 )	111001101011110110110001010000011000000100010011011011010111111100011010000101101011100011000000000000000000000000000000000000000000000000000000000000000000000000000000000000000000 0 0
40382	69.470	0.000	( 0 )	111001101011110110110001010000011000101100010011011011010111111100011110001101101011100011000000000000000000000000000000000000000000000000000000000000000000000000000000000000000000 4 0
