#java OrderMarkers2 data=- evaluateOrder=reordermarkers/iterations/ordered.23.39 useKosambi=1 numThreads=4 calculateIntervals=intervals/ordered.23.intervals randSeed=5981118311766924855
Loading file
No grandparents present in family V
Number of individuals = 92
Number of families = 1
File loaded with 42521 SNPs
Number of individuals = 92 excluding grandparents
Number of families = 1
Number of markers = 197
Setting dataScale to 0.45685279187817257 all likelihoods will be multiplied by 2.188888888888889
Initial score = -3777.2494489673704
Iteration 1 of 6
884884288488421 done
Polishing map...
score = -4317.550717107958
score = -4231.207609078527
score = -4222.85051790255
score = -4215.46825979529
Iteration 2 of 6
884884288488421 done
Polishing map...
score = -3838.3107777093
*score = -3743.0345182739593
score = -3737.904217036853
*score = -3736.5376330394674
Iteration 3 of 6
884884288488421 done
Polishing map...
score = -3843.9010376461956
score = -3749.065947947762
score = -3743.9358798840262
score = -3743.9358798840262
Iteration 4 of 6
884884288488421 done
Polishing map...
score = -4590.159789948381
score = -4525.0488863370765
score = -4524.825033308085
score = -4456.950867594297
Iteration 5 of 6
884884288488421 done
Polishing map...
score = -3861.52080359347
*score = -3733.9137041665604
score = -3733.9137041665604
*score = -3733.2969121433784
Iteration 6 of 6
884884288488421 done
Polishing map...
score = -4431.232173319685
score = -4393.039449916207
score = -4244.294167765135
score = -4238.935403245306
Final score = -3733.2969121433784
Setting dataScale to 0.45685279187817257 all likelihoods will be multiplied by 2.188888888888889
logL = -3733.2969121433784
number of recombinations = 111.0 logL = -3733.2969121433784
Individual	V	P14459_101_S1	recombines	1	times
Individual	V	P14459_103_S3	recombines	2	times
Individual	V	P14459_104_S4	recombines	1	times
Individual	V	P14459_105_S5	recombines	1	times
Individual	V	P14459_106_S6	recombines	1	times
Individual	V	P14459_107_S7	recombines	1	times
Individual	V	P14459_108_S8	recombines	1	times
Individual	V	P14459_109_S9	recombines	1	times
Individual	V	P14459_110_S10	recombines	1	times
Individual	V	P14459_111_S11	recombines	1	times
Individual	V	P14459_112_S12	recombines	1	times
Individual	V	P14459_113_S13	recombines	1	times
Individual	V	P14459_114_S14	recombines	2	times
Individual	V	P14459_115_S15	recombines	1	times
Individual	V	P14459_116_S16	recombines	1	times
Individual	V	P14459_117_S17	recombines	2	times
Individual	V	P14459_118_S18	recombines	1	times
Individual	V	P14459_119_S19	recombines	2	times
Individual	V	P14459_120_S20	recombines	2	times
Individual	V	P14459_121_S21	recombines	1	times
Individual	V	P14459_122_S22	recombines	1	times
Individual	V	P14459_123_S23	recombines	1	times
Individual	V	P14459_124_S24	recombines	1	times
Individual	V	P14459_125_S25	recombines	1	times
Individual	V	P14459_126_S26	recombines	2	times
Individual	V	P14459_127_S27	recombines	1	times
Individual	V	P14459_128_S28	recombines	2	times
Individual	V	P14459_129_S29	recombines	1	times
Individual	V	P14459_130_S30	recombines	1	times
Individual	V	P14459_131_S31	recombines	1	times
Individual	V	P14459_132_S32	recombines	1	times
Individual	V	P14459_134_S34	recombines	1	times
Individual	V	P14459_135_S35	recombines	1	times
Individual	V	P14459_136_S36	recombines	1	times
Individual	V	P14459_137_S37	recombines	1	times
Individual	V	P14459_138_S38	recombines	1	times
Individual	V	P14459_139_S39	recombines	1	times
Individual	V	P14459_140_S40	recombines	1	times
Individual	V	P14459_141_S41	recombines	1	times
Individual	V	P14459_142_S42	recombines	1	times
Individual	V	P14459_144_S44	recombines	1	times
Individual	V	P14459_145_S45	recombines	2	times
Individual	V	P14459_146_S46	recombines	2	times
Individual	V	P14459_147_S47	recombines	2	times
Individual	V	P14459_148_S48	recombines	1	times
Individual	V	P14459_149_S49	recombines	1	times
Individual	V	P14459_150_S50	recombines	1	times
Individual	V	P14459_151_S51	recombines	1	times
Individual	V	P14459_152_S52	recombines	2	times
Individual	V	P14459_153_S53	recombines	1	times
Individual	V	P14459_154_S54	recombines	1	times
Individual	V	P14459_155_S55	recombines	1	times
Individual	V	P14459_156_S56	recombines	1	times
Individual	V	P14459_157_S57	recombines	1	times
Individual	V	P14459_158_S58	recombines	1	times
Individual	V	P14459_159_S59	recombines	2	times
Individual	V	P14459_160_S60	recombines	1	times
Individual	V	P14459_161_S61	recombines	1	times
Individual	V	P14459_162_S62	recombines	1	times
Individual	V	P14459_163_S63	recombines	1	times
Individual	V	P14459_164_S64	recombines	1	times
Individual	V	P14459_166_S66	recombines	1	times
Individual	V	P14459_167_S67	recombines	1	times
Individual	V	P14459_168_S68	recombines	1	times
Individual	V	P14459_169_S69	recombines	2	times
Individual	V	P14459_170_S70	recombines	2	times
Individual	V	P14459_171_S71	recombines	1	times
Individual	V	P14459_172_S72	recombines	2	times
Individual	V	P14459_173_S73	recombines	2	times
Individual	V	P14459_174_S74	recombines	1	times
Individual	V	P14459_176_S76	recombines	1	times
Individual	V	P14459_177_S77	recombines	1	times
Individual	V	P14459_178_S78	recombines	1	times
Individual	V	P14459_179_S79	recombines	2	times
Individual	V	P14459_180_S80	recombines	2	times
Individual	V	P14459_181_S81	recombines	1	times
Individual	V	P14459_182_S82	recombines	2	times
Individual	V	P14459_183_S83	recombines	1	times
Individual	V	P14459_184_S84	recombines	1	times
Individual	V	P14459_185_S85	recombines	1	times
Individual	V	P14459_186_S86	recombines	1	times
Individual	V	P14459_187_S87	recombines	2	times
Individual	V	P14459_188_S88	recombines	1	times
Individual	V	P14459_189_S89	recombines	1	times
Individual	V	P14459_190_S90	recombines	1	times
Individual	V	P14459_191_S91	recombines	1	times
Individual	V	P14459_192_S92	recombines	2	times
Individual	V	P14459_193_S93	recombines	1	times
Individual	V	P14459_194_S94	recombines	1	times
Individual	V	P14459_195_S95	recombines	1	times
#*** LG = 0 likelihood = -3733.2969
#marker_number	male_position	female_position	( 0.0 )[	phased data]
10219	0.000	0.000	( 0 )	111100011000110010011001010001111101010111111010011110001110101010111111101100011101010010000000000000000000000000000000000000000000000000000000000000000000000000000000000000000000 0 0
10282	4.456	0.000	( 0 )	111100001000110000011001010001111101000111111010011110001110101010111110101100011101010010000000000000000000000000000000000000000000000000000000000000000000000000000000000000000000 4 0
9819	12.298	0.000	( 0 )	111100001000110000011000000000110101000111110010011110000110101010111110101100011101010000000000000000000000000000000000000000000000000000000000000000000000000000000000000000000000 7 0
9816	12.298	0.000	( 0 )	111100001000110000011000000000110101000111110010011110000110101010111110101100011101010000000000000000000000000000000000000000000000000000000000000000000000000000000000000000000000 0 0
9388	12.298	0.000	( 0 )	111100001000110000011000000000110101000111110010011110000110101010111110101100011101010000000000000000000000000000000000000000000000000000000000000000000000000000000000000000000000 0 0
9387	12.298	0.000	( 0 )	111100001000110000011000000000110101000111110010011110000110101010111110101100011101010000000000000000000000000000000000000000000000000000000000000000000000000000000000000000000000 0 0
9818	12.298	0.000	( 0 )	111100001000110000011000000000110101000111110010011110000110101010111110101100011101010000000000000000000000000000000000000000000000000000000000000000000000000000000000000000000000 0 0
9390	12.298	0.000	( 0 )	111100001000110000011000000000110101000111110010011110000110101010111110101100011101010000000000000000000000000000000000000000000000000000000000000000000000000000000000000000000000 0 0
9815	12.298	0.000	( 0 )	111100001000110000011000000000110101000111110010011110000110101010111110101100011101010000000000000000000000000000000000000000000000000000000000000000000000000000000000000000000000 0 0
8973	12.298	0.000	( 0 )	111100001000110000011000000000110101000111110010011110000110101010111110101100011101010000000000000000000000000000000000000000000000000000000000000000000000000000000000000000000000 0 0
9814	12.298	0.000	( 0 )	111100001000110000011000000000110101000111110010011110000110101010111110101100011101010000000000000000000000000000000000000000000000000000000000000000000000000000000000000000000000 0 0
10191	12.298	0.000	( 0 )	111100001000110000011000000000110101000111110010011110000110101010111110101100011101010000000000000000000000000000000000000000000000000000000000000000000000000000000000000000000000 0 0
10037	12.298	0.000	( 0 )	111100001000110000011000000000110101000111110010011110000110101010111110101100011101010000000000000000000000000000000000000000000000000000000000000000000000000000000000000000000000 0 0
9389	12.298	0.000	( 0 )	111100001000110000011000000000110101000111110010011110000110101010111110101100011101010000000000000000000000000000000000000000000000000000000000000000000000000000000000000000000000 0 0
9263	12.298	0.000	( 0 )	111100001000110000011000000000110101000111110010011110000110101010111110101100011101010000000000000000000000000000000000000000000000000000000000000000000000000000000000000000000000 0 0
9817	12.298	0.000	( 0 )	111100001000110000011000000000110101000111110010011110000110101010111110101100011101010000000000000000000000000000000000000000000000000000000000000000000000000000000000000000000000 0 0
9680	13.409	0.000	( 0 )	111100001000110000011000000000110101000111110010011110000110101010111110101000011101010000000000000000000000000000000000000000000000000000000000000000000000000000000000000000000000 1 0
9250	13.409	0.000	( 0 )	111100001000110000011000000000110101000111110010011110000110101010111110101000011101010000000000000000000000000000000000000000000000000000000000000000000000000000000000000000000000 0 0
9681	13.409	0.000	( 0 )	111100001000110000011000000000110101000111110010011110000110101010111110101000011101010000000000000000000000000000000000000000000000000000000000000000000000000000000000000000000000 0 0
9267	14.520	0.000	( 0 )	111100001000110000011000000000110101000111110010011110000110101010111110101000011100010000000000000000000000000000000000000000000000000000000000000000000000000000000000000000000000 1 0
9041	14.520	0.000	( 0 )	111100001000110000011000000000110101000111110010011110000110101010111110101000011100010000000000000000000000000000000000000000000000000000000000000000000000000000000000000000000000 0 0
9424	15.632	0.000	( 0 )	111100001000110000011000000000110101000111110010010110000110101010111110101000011100010000000000000000000000000000000000000000000000000000000000000000000000000000000000000000000000 1 0
9795	16.743	0.000	( 0 )	111100001000110000011000000000110101000111110010010110000010101010111110101000011100010000000000000000000000000000000000000000000000000000000000000000000000000000000000000000000000 1 0
9481	22.321	0.000	( 0 )	010100000000110000001000000000110101000111110010010010000010101010111110101000011100010000000000000000000000000000000000000000000000000000000000000000000000000000000000000000000000 5 0
9242	25.660	0.000	( 0 )	010100000000110000001000000000100101000111110010010010000010001010111110101000010100010000000000000000000000000000000000000000000000000000000000000000000000000000000000000000000000 3 0
9467	30.116	0.000	( 0 )	010100000010110000001000000000100101000111000010010010000010001000111110101000010100010000000000000000000000000000000000000000000000000000000000000000000000000000000000000000000000 4 0
9477	30.116	0.000	( 0 )	010100000010110000001000000000100101000111000010010010000010001000111110101000010100010000000000000000000000000000000000000000000000000000000000000000000000000000000000000000000000 0 0
9478	30.116	0.000	( 0 )	010100000010110000001000000000100101000111000010010010000010001000111110101000010100010000000000000000000000000000000000000000000000000000000000000000000000000000000000000000000000 0 0
9778	33.454	0.000	( 0 )	010100000010010000001000000000100101000111000010010010000010001000111110100000010000010000000000000000000000000000000000000000000000000000000000000000000000000000000000000000000000 3 0
15426	41.296	0.000	( 0 )	010100000010010000001100100000100101000111000010010011000011001000111110110001010000010001000000000000000000000000000000000000000000000000000000000000000000000000000000000000000000 7 0
10099	52.595	0.000	( 0 )	000100000010010101101100100000100101100110000010010011000011001100111110110011010010110001000000000000000000000000000000000000000000000000000000000000000000000000000000000000000000 10 0
10102	52.595	0.000	( 0 )	000100000010010101101100100000100101100110000010010011000011001100111110110011010010110001000000000000000000000000000000000000000000000000000000000000000000000000000000000000000000 0 0
10231	58.174	0.000	( 0 )	000100000010010101101100101000100101100110000010110011010011001101111110110011010010111001000000000000000000000000000000000000000000000000000000000000000000000000000000000000000000 5 0
10266	59.285	0.000	( 0 )	000110000010010101101100101000100101100110000010110011010011001101111110110011010010111001000000000000000000000000000000000000000000000000000000000000000000000000000000000000000000 1 0
10234	59.285	0.000	( 0 )	000110000010010101101100101000100101100110000010110011010011001101111110110011010010111001000000000000000000000000000000000000000000000000000000000000000000000000000000000000000000 0 0
10239	59.285	0.000	( 0 )	000110000010010101101100101000100101100110000010110011010011001101111110110011010010111001000000000000000000000000000000000000000000000000000000000000000000000000000000000000000000 0 0
10353	59.285	0.000	( 0 )	000110000010010101101100101000100101100110000010110011010011001101111110110011010010111001000000000000000000000000000000000000000000000000000000000000000000000000000000000000000000 0 0
10354	59.285	0.000	( 0 )	000110000010010101101100101000100101100110000010110011010011001101111110110011010010111001000000000000000000000000000000000000000000000000000000000000000000000000000000000000000000 0 0
10265	59.285	0.000	( 0 )	000110000010010101101100101000100101100110000010110011010011001101111110110011010010111001000000000000000000000000000000000000000000000000000000000000000000000000000000000000000000 0 0
10296	59.285	0.000	( 0 )	000110000010010101101100101000100101100110000010110011010011001101111110110011010010111001000000000000000000000000000000000000000000000000000000000000000000000000000000000000000000 0 0
10302	59.285	0.000	( 0 )	000110000010010101101100101000100101100110000010110011010011001101111110110011010010111001000000000000000000000000000000000000000000000000000000000000000000000000000000000000000000 0 0
10235	59.285	0.000	( 0 )	000110000010010101101100101000100101100110000010110011010011001101111110110011010010111001000000000000000000000000000000000000000000000000000000000000000000000000000000000000000000 0 0
10294	59.285	0.000	( 0 )	000110000010010101101100101000100101100110000010110011010011001101111110110011010010111001000000000000000000000000000000000000000000000000000000000000000000000000000000000000000000 0 0
10267	59.285	0.000	( 0 )	000110000010010101101100101000100101100110000010110011010011001101111110110011010010111001000000000000000000000000000000000000000000000000000000000000000000000000000000000000000000 0 0
10314	59.285	0.000	( 0 )	000110000010010101101100101000100101100110000010110011010011001101111110110011010010111001000000000000000000000000000000000000000000000000000000000000000000000000000000000000000000 0 0
10295	59.285	0.000	( 0 )	000110000010010101101100101000100101100110000010110011010011001101111110110011010010111001000000000000000000000000000000000000000000000000000000000000000000000000000000000000000000 0 0
10293	59.285	0.000	( 0 )	000110000010010101101100101000100101100110000010110011010011001101111110110011010010111001000000000000000000000000000000000000000000000000000000000000000000000000000000000000000000 0 0
10233	60.396	0.000	( 0 )	010110000010010101101100101000100101100110000010110011010011001101111110110011010010111001000000000000000000000000000000000000000000000000000000000000000000000000000000000000000000 1 0
10232	60.396	0.000	( 0 )	010110000010010101101100101000100101100110000010110011010011001101111110110011010010111001000000000000000000000000000000000000000000000000000000000000000000000000000000000000000000 0 0
10237	60.396	0.000	( 0 )	010110000010010101101100101000100101100110000010110011010011001101111110110011010010111001000000000000000000000000000000000000000000000000000000000000000000000000000000000000000000 0 0
10074	65.975	0.000	( 0 )	010110000110010101101100100000100101101110000010110011000011001101111110110011010010111101000000000000000000000000000000000000000000000000000000000000000000000000000000000000000000 5 0
10052	65.975	0.000	( 0 )	010110000110010101101100100000100101101110000010110011000011001101111110110011010010111101000000000000000000000000000000000000000000000000000000000000000000000000000000000000000000 0 0
10107	65.975	0.000	( 0 )	010110000110010101101100100000100101101110000010110011000011001101111110110011010010111101000000000000000000000000000000000000000000000000000000000000000000000000000000000000000000 0 0
10117	65.975	0.000	( 0 )	010110000110010101101100100000100101101110000010110011000011001101111110110011010010111101000000000000000000000000000000000000000000000000000000000000000000000000000000000000000000 0 0
10109	65.975	0.000	( 0 )	010110000110010101101100100000100101101110000010110011000011001101111110110011010010111101000000000000000000000000000000000000000000000000000000000000000000000000000000000000000000 0 0
10126	65.975	0.000	( 0 )	010110000110010101101100100000100101101110000010110011000011001101111110110011010010111101000000000000000000000000000000000000000000000000000000000000000000000000000000000000000000 0 0
10155	65.975	0.000	( 0 )	010110000110010101101100100000100101101110000010110011000011001101111110110011010010111101000000000000000000000000000000000000000000000000000000000000000000000000000000000000000000 0 0
10039	65.975	0.000	( 0 )	010110000110010101101100100000100101101110000010110011000011001101111110110011010010111101000000000000000000000000000000000000000000000000000000000000000000000000000000000000000000 0 0
10055	65.975	0.000	( 0 )	010110000110010101101100100000100101101110000010110011000011001101111110110011010010111101000000000000000000000000000000000000000000000000000000000000000000000000000000000000000000 0 0
10060	65.975	0.000	( 0 )	010110000110010101101100100000100101101110000010110011000011001101111110110011010010111101000000000000000000000000000000000000000000000000000000000000000000000000000000000000000000 0 0
10108	65.975	0.000	( 0 )	010110000110010101101100100000100101101110000010110011000011001101111110110011010010111101000000000000000000000000000000000000000000000000000000000000000000000000000000000000000000 0 0
10121	65.975	0.000	( 0 )	010110000110010101101100100000100101101110000010110011000011001101111110110011010010111101000000000000000000000000000000000000000000000000000000000000000000000000000000000000000000 0 0
38695	65.975	0.000	( 0 )	010110000110010101101100100000100101101110000010110011000011001101111110110011010010111101000000000000000000000000000000000000000000000000000000000000000000000000000000000000000000 0 0
10120	65.975	0.000	( 0 )	010110000110010101101100100000100101101110000010110011000011001101111110110011010010111101000000000000000000000000000000000000000000000000000000000000000000000000000000000000000000 0 0
10118	65.975	0.000	( 0 )	010110000110010101101100100000100101101110000010110011000011001101111110110011010010111101000000000000000000000000000000000000000000000000000000000000000000000000000000000000000000 0 0
10082	65.975	0.000	( 0 )	010110000110010101101100100000100101101110000010110011000011001101111110110011010010111101000000000000000000000000000000000000000000000000000000000000000000000000000000000000000000 0 0
38691	65.975	0.000	( 0 )	010110000110010101101100100000100101101110000010110011000011001101111110110011010010111101000000000000000000000000000000000000000000000000000000000000000000000000000000000000000000 0 0
10152	65.975	0.000	( 0 )	010110000110010101101100100000100101101110000010110011000011001101111110110011010010111101000000000000000000000000000000000000000000000000000000000000000000000000000000000000000000 0 0
9961	70.431	0.000	( 0 )	010110000110010001001100100000100101101111000010110011000011001101011110110011010010111101000000000000000000000000000000000000000000000000000000000000000000000000000000000000000000 4 0
9962	70.431	0.000	( 0 )	010110000110010001001100100000100101101111000010110011000011001101011110110011010010111101000000000000000000000000000000000000000000000000000000000000000000000000000000000000000000 0 0
9972	70.431	0.000	( 0 )	010110000110010001001100100000100101101111000010110011000011001101011110110011010010111101000000000000000000000000000000000000000000000000000000000000000000000000000000000000000000 0 0
9928	74.887	0.000	( 0 )	010110000111010000001100100010100101101111000010110011000011001101011010110011010010111101000000000000000000000000000000000000000000000000000000000000000000000000000000000000000000 4 0
9935	74.887	0.000	( 0 )	010110000111010000001100100010100101101111000010110011000011001101011010110011010010111101000000000000000000000000000000000000000000000000000000000000000000000000000000000000000000 0 0
9934	74.887	0.000	( 0 )	010110000111010000001100100010100101101111000010110011000011001101011010110011010010111101000000000000000000000000000000000000000000000000000000000000000000000000000000000000000000 0 0
9931	74.887	0.000	( 0 )	010110000111010000001100100010100101101111000010110011000011001101011010110011010010111101000000000000000000000000000000000000000000000000000000000000000000000000000000000000000000 0 0
9920	78.226	0.000	( 0 )	010110000111010000001100100010100101101111000010110011000011001100011010100011000010111101000000000000000000000000000000000000000000000000000000000000000000000000000000000000000000 3 0
9864	78.226	0.000	( 0 )	010110000111010000001100100010100101101111000010110011000011001100011010100011000010111101000000000000000000000000000000000000000000000000000000000000000000000000000000000000000000 0 0
9863	78.226	0.000	( 0 )	010110000111010000001100100010100101101111000010110011000011001100011010100011000010111101000000000000000000000000000000000000000000000000000000000000000000000000000000000000000000 0 0
9907	78.226	0.000	( 0 )	010110000111010000001100100010100101101111000010110011000011001100011010100011000010111101000000000000000000000000000000000000000000000000000000000000000000000000000000000000000000 0 0
9910	78.226	0.000	( 0 )	010110000111010000001100100010100101101111000010110011000011001100011010100011000010111101000000000000000000000000000000000000000000000000000000000000000000000000000000000000000000 0 0
9918	78.226	0.000	( 0 )	010110000111010000001100100010100101101111000010110011000011001100011010100011000010111101000000000000000000000000000000000000000000000000000000000000000000000000000000000000000000 0 0
9711	82.682	0.000	( 0 )	010111000111011000001100000010100101101111000010110011100011001100011010100011000010111101000000000000000000000000000000000000000000000000000000000000000000000000000000000000000000 4 0
9754	84.906	0.000	( 0 )	010111000111011000001100000010100101101111000010110011100001001100001010100011000010111101000000000000000000000000000000000000000000000000000000000000000000000000000000000000000000 2 0
9687	84.906	0.000	( 0 )	010111000111011000001100000010100101101111000010110011100001001100001010100011000010111101000000000000000000000000000000000000000000000000000000000000000000000000000000000000000000 0 0
9693	84.906	0.000	( 0 )	010111000111011000001100000010100101101111000010110011100001001100001010100011000010111101000000000000000000000000000000000000000000000000000000000000000000000000000000000000000000 0 0
9689	84.906	0.000	( 0 )	010111000111011000001100000010100101101111000010110011100001001100001010100011000010111101000000000000000000000000000000000000000000000000000000000000000000000000000000000000000000 0 0
9691	84.906	0.000	( 0 )	010111000111011000001100000010100101101111000010110011100001001100001010100011000010111101000000000000000000000000000000000000000000000000000000000000000000000000000000000000000000 0 0
9690	84.906	0.000	( 0 )	010111000111011000001100000010100101101111000010110011100001001100001010100011000010111101000000000000000000000000000000000000000000000000000000000000000000000000000000000000000000 0 0
9692	84.906	0.000	( 0 )	010111000111011000001100000010100101101111000010110011100001001100001010100011000010111101000000000000000000000000000000000000000000000000000000000000000000000000000000000000000000 0 0
9766	84.906	0.000	( 0 )	010111000111011000001100000010100101101111000010110011100001001100001010100011000010111101000000000000000000000000000000000000000000000000000000000000000000000000000000000000000000 0 0
9699	84.906	0.000	( 0 )	010111000111011000001100000010100101101111000010110011100001001100001010100011000010111101000000000000000000000000000000000000000000000000000000000000000000000000000000000000000000 0 0
9769	86.017	0.000	( 0 )	010111000111011000001100000010100101101111000010110011100001001100000010100011000010111101000000000000000000000000000000000000000000000000000000000000000000000000000000000000000000 1 0
9770	86.017	0.000	( 0 )	010111000111011000001100000010100101101111000010110011100001001100000010100011000010111101000000000000000000000000000000000000000000000000000000000000000000000000000000000000000000 0 0
9647	91.595	0.000	( 0 )	010011000111011000001100000010100111101111000011100011100001000100000010100011000010111101000000000000000000000000000000000000000000000000000000000000000000000000000000000000000000 5 0
9654	93.819	0.000	( 0 )	010011000111111000001100000010100111101111000011100011100001000100000010100011000110111101000000000000000000000000000000000000000000000000000000000000000000000000000000000000000000 2 0
9644	93.819	0.000	( 0 )	010011000111111000001100000010100111101111000011100011100001000100000010100011000110111101000000000000000000000000000000000000000000000000000000000000000000000000000000000000000000 0 0
9651	93.819	0.000	( 0 )	010011000111111000001100000010100111101111000011100011100001000100000010100011000110111101000000000000000000000000000000000000000000000000000000000000000000000000000000000000000000 0 0
9652	93.819	0.000	( 0 )	010011000111111000001100000010100111101111000011100011100001000100000010100011000110111101000000000000000000000000000000000000000000000000000000000000000000000000000000000000000000 0 0
9650	93.819	0.000	( 0 )	010011000111111000001100000010100111101111000011100011100001000100000010100011000110111101000000000000000000000000000000000000000000000000000000000000000000000000000000000000000000 0 0
9653	93.819	0.000	( 0 )	010011000111111000001100000010100111101111000011100011100001000100000010100011000110111101000000000000000000000000000000000000000000000000000000000000000000000000000000000000000000 0 0
9638	93.819	0.000	( 0 )	010011000111111000001100000010100111101111000011100011100001000100000010100011000110111101000000000000000000000000000000000000000000000000000000000000000000000000000000000000000000 0 0
9655	93.819	0.000	( 0 )	010011000111111000001100000010100111101111000011100011100001000100000010100011000110111101000000000000000000000000000000000000000000000000000000000000000000000000000000000000000000 0 0
9637	93.819	0.000	( 0 )	010011000111111000001100000010100111101111000011100011100001000100000010100011000110111101000000000000000000000000000000000000000000000000000000000000000000000000000000000000000000 0 0
9578	97.157	0.000	( 0 )	010011000111111000001100000010100111101111000011100011100001000100001010101011000110110101000000000000000000000000000000000000000000000000000000000000000000000000000000000000000000 3 0
9587	97.157	0.000	( 0 )	010011000111111000001100000010100111101111000011100011100001000100001010101011000110110101000000000000000000000000000000000000000000000000000000000000000000000000000000000000000000 0 0
9535	98.269	0.000	( 0 )	010011000111111000001100000010100111101111000011100011100001000100011010101011000110110101000000000000000000000000000000000000000000000000000000000000000000000000000000000000000000 1 0
9572	98.269	0.000	( 0 )	010011000111111000001100000010100111101111000011100011100001000100011010101011000110110101000000000000000000000000000000000000000000000000000000000000000000000000000000000000000000 0 0
9537	98.269	0.000	( 0 )	010011000111111000001100000010100111101111000011100011100001000100011010101011000110110101000000000000000000000000000000000000000000000000000000000000000000000000000000000000000000 0 0
9590	98.269	0.000	( 0 )	010011000111111000001100000010100111101111000011100011100001000100011010101011000110110101000000000000000000000000000000000000000000000000000000000000000000000000000000000000000000 0 0
9543	98.269	0.000	( 0 )	010011000111111000001100000010100111101111000011100011100001000100011010101011000110110101000000000000000000000000000000000000000000000000000000000000000000000000000000000000000000 0 0
9524	98.269	0.000	( 0 )	010011000111111000001100000010100111101111000011100011100001000100011010101011000110110101000000000000000000000000000000000000000000000000000000000000000000000000000000000000000000 0 0
9571	98.269	0.000	( 0 )	010011000111111000001100000010100111101111000011100011100001000100011010101011000110110101000000000000000000000000000000000000000000000000000000000000000000000000000000000000000000 0 0
9544	98.269	0.000	( 0 )	010011000111111000001100000010100111101111000011100011100001000100011010101011000110110101000000000000000000000000000000000000000000000000000000000000000000000000000000000000000000 0 0
9539	98.269	0.000	( 0 )	010011000111111000001100000010100111101111000011100011100001000100011010101011000110110101000000000000000000000000000000000000000000000000000000000000000000000000000000000000000000 0 0
9538	98.269	0.000	( 0 )	010011000111111000001100000010100111101111000011100011100001000100011010101011000110110101000000000000000000000000000000000000000000000000000000000000000000000000000000000000000000 0 0
9534	98.269	0.000	( 0 )	010011000111111000001100000010100111101111000011100011100001000100011010101011000110110101000000000000000000000000000000000000000000000000000000000000000000000000000000000000000000 0 0
9541	98.269	0.000	( 0 )	010011000111111000001100000010100111101111000011100011100001000100011010101011000110110101000000000000000000000000000000000000000000000000000000000000000000000000000000000000000000 0 0
9542	98.269	0.000	( 0 )	010011000111111000001100000010100111101111000011100011100001000100011010101011000110110101000000000000000000000000000000000000000000000000000000000000000000000000000000000000000000 0 0
9540	98.269	0.000	( 0 )	010011000111111000001100000010100111101111000011100011100001000100011010101011000110110101000000000000000000000000000000000000000000000000000000000000000000000000000000000000000000 0 0
9522	98.269	0.000	( 0 )	010011000111111000001100000010100111101111000011100011100001000100011010101011000110110101000000000000000000000000000000000000000000000000000000000000000000000000000000000000000000 0 0
9533	98.269	0.000	( 0 )	010011000111111000001100000010100111101111000011100011100001000100011010101011000110110101000000000000000000000000000000000000000000000000000000000000000000000000000000000000000000 0 0
9525	98.269	0.000	( 0 )	010011000111111000001100000010100111101111000011100011100001000100011010101011000110110101000000000000000000000000000000000000000000000000000000000000000000000000000000000000000000 0 0
9536	98.269	0.000	( 0 )	010011000111111000001100000010100111101111000011100011100001000100011010101011000110110101000000000000000000000000000000000000000000000000000000000000000000000000000000000000000000 0 0
9523	98.269	0.000	( 0 )	010011000111111000001100000010100111101111000011100011100001000100011010101011000110110101000000000000000000000000000000000000000000000000000000000000000000000000000000000000000000 0 0
9546	98.269	0.000	( 0 )	010011000111111000001100000010100111101111000011100011100001000100011010101011000110110101000000000000000000000000000000000000000000000000000000000000000000000000000000000000000000 0 0
9552	99.380	0.000	( 0 )	010011000111111000001100000010100111101111000111100011100001000100011010101011000110110101000000000000000000000000000000000000000000000000000000000000000000000000000000000000000000 1 0
9450	100.491	0.000	( 0 )	010011000111111000001100000110100111101111000111100011100001000100011010101011000110110101000000000000000000000000000000000000000000000000000000000000000000000000000000000000000000 1 0
9461	101.603	0.000	( 0 )	010011000111111000001100000110100111101111000111100011100001000100011010101001000110110101000000000000000000000000000000000000000000000000000000000000000000000000000000000000000000 1 0
9432	102.714	0.000	( 0 )	010011000111111000001100000110100111101111010111100011100001000100011010101001000110110101000000000000000000000000000000000000000000000000000000000000000000000000000000000000000000 1 0
9429	102.714	0.000	( 0 )	010011000111111000001100000110100111101111010111100011100001000100011010101001000110110101000000000000000000000000000000000000000000000000000000000000000000000000000000000000000000 0 0
9344	103.825	0.000	( 0 )	010011000111111000001100000110100111101111010111100011100001000100011010101001000110100101000000000000000000000000000000000000000000000000000000000000000000000000000000000000000000 1 0
9345	103.825	0.000	( 0 )	010011000111111000001100000110100111101111010111100011100001000100011010101001000110100101000000000000000000000000000000000000000000000000000000000000000000000000000000000000000000 0 0
9347	103.825	0.000	( 0 )	010011000111111000001100000110100111101111010111100011100001000100011010101001000110100101000000000000000000000000000000000000000000000000000000000000000000000000000000000000000000 0 0
9346	103.825	0.000	( 0 )	010011000111111000001100000110100111101111010111100011100001000100011010101001000110100101000000000000000000000000000000000000000000000000000000000000000000000000000000000000000000 0 0
9363	104.937	0.000	( 0 )	010011000111111000001100000110100111101111010111100011100001000110011010101001000110100101000000000000000000000000000000000000000000000000000000000000000000000000000000000000000000 1 0
9358	104.937	0.000	( 0 )	010011000111111000001100000110100111101111010111100011100001000110011010101001000110100101000000000000000000000000000000000000000000000000000000000000000000000000000000000000000000 0 0
9357	104.937	0.000	( 0 )	010011000111111000001100000110100111101111010111100011100001000110011010101001000110100101000000000000000000000000000000000000000000000000000000000000000000000000000000000000000000 0 0
9359	104.937	0.000	( 0 )	010011000111111000001100000110100111101111010111100011100001000110011010101001000110100101000000000000000000000000000000000000000000000000000000000000000000000000000000000000000000 0 0
9236	106.048	0.000	( 0 )	010011000111111000001100000110100111101111110111100011100001000110011010101001000110100101000000000000000000000000000000000000000000000000000000000000000000000000000000000000000000 1 0
9220	106.048	0.000	( 0 )	010011000111111000001100000110100111101111110111100011100001000110011010101001000110100101000000000000000000000000000000000000000000000000000000000000000000000000000000000000000000 0 0
9293	106.048	0.000	( 0 )	010011000111111000001100000110100111101111110111100011100001000110011010101001000110100101000000000000000000000000000000000000000000000000000000000000000000000000000000000000000000 0 0
9292	106.048	0.000	( 0 )	010011000111111000001100000110100111101111110111100011100001000110011010101001000110100101000000000000000000000000000000000000000000000000000000000000000000000000000000000000000000 0 0
9214	106.048	0.000	( 0 )	010011000111111000001100000110100111101111110111100011100001000110011010101001000110100101000000000000000000000000000000000000000000000000000000000000000000000000000000000000000000 0 0
9291	106.048	0.000	( 0 )	010011000111111000001100000110100111101111110111100011100001000110011010101001000110100101000000000000000000000000000000000000000000000000000000000000000000000000000000000000000000 0 0
9295	106.048	0.000	( 0 )	010011000111111000001100000110100111101111110111100011100001000110011010101001000110100101000000000000000000000000000000000000000000000000000000000000000000000000000000000000000000 0 0
9213	106.048	0.000	( 0 )	010011000111111000001100000110100111101111110111100011100001000110011010101001000110100101000000000000000000000000000000000000000000000000000000000000000000000000000000000000000000 0 0
9294	106.048	0.000	( 0 )	010011000111111000001100000110100111101111110111100011100001000110011010101001000110100101000000000000000000000000000000000000000000000000000000000000000000000000000000000000000000 0 0
9174	106.048	0.000	( 0 )	010011000111111000001100000110100111101111110111100011100001000110011010101001000110100101000000000000000000000000000000000000000000000000000000000000000000000000000000000000000000 0 0
9297	106.048	0.000	( 0 )	010011000111111000001100000110100111101111110111100011100001000110011010101001000110100101000000000000000000000000000000000000000000000000000000000000000000000000000000000000000000 0 0
9296	106.048	0.000	( 0 )	010011000111111000001100000110100111101111110111100011100001000110011010101001000110100101000000000000000000000000000000000000000000000000000000000000000000000000000000000000000000 0 0
9173	106.048	0.000	( 0 )	010011000111111000001100000110100111101111110111100011100001000110011010101001000110100101000000000000000000000000000000000000000000000000000000000000000000000000000000000000000000 0 0
9298	106.048	0.000	( 0 )	010011000111111000001100000110100111101111110111100011100001000110011010101001000110100101000000000000000000000000000000000000000000000000000000000000000000000000000000000000000000 0 0
9299	106.048	0.000	( 0 )	010011000111111000001100000110100111101111110111100011100001000110011010101001000110100101000000000000000000000000000000000000000000000000000000000000000000000000000000000000000000 0 0
9215	106.048	0.000	( 0 )	010011000111111000001100000110100111101111110111100011100001000110011010101001000110100101000000000000000000000000000000000000000000000000000000000000000000000000000000000000000000 0 0
9137	106.048	0.000	( 0 )	010011000111111000001100000110100111101111110111100011100001000110011010101001000110100101000000000000000000000000000000000000000000000000000000000000000000000000000000000000000000 0 0
9070	107.159	0.000	( 0 )	010011000111111000001100000110100111101111110111000011100001000110011010101001000110100101000000000000000000000000000000000000000000000000000000000000000000000000000000000000000000 1 0
9080	108.270	0.000	( 0 )	010011000111111000001100000110100111101111110111000011100001000110011000101001000110100101000000000000000000000000000000000000000000000000000000000000000000000000000000000000000000 1 0
9074	108.270	0.000	( 0 )	010011000111111000001100000110100111101111110111000011100001000110011000101001000110100101000000000000000000000000000000000000000000000000000000000000000000000000000000000000000000 0 0
9078	108.270	0.000	( 0 )	010011000111111000001100000110100111101111110111000011100001000110011000101001000110100101000000000000000000000000000000000000000000000000000000000000000000000000000000000000000000 0 0
9077	108.270	0.000	( 0 )	010011000111111000001100000110100111101111110111000011100001000110011000101001000110100101000000000000000000000000000000000000000000000000000000000000000000000000000000000000000000 0 0
9079	108.270	0.000	( 0 )	010011000111111000001100000110100111101111110111000011100001000110011000101001000110100101000000000000000000000000000000000000000000000000000000000000000000000000000000000000000000 0 0
9083	108.270	0.000	( 0 )	010011000111111000001100000110100111101111110111000011100001000110011000101001000110100101000000000000000000000000000000000000000000000000000000000000000000000000000000000000000000 0 0
9076	108.270	0.000	( 0 )	010011000111111000001100000110100111101111110111000011100001000110011000101001000110100101000000000000000000000000000000000000000000000000000000000000000000000000000000000000000000 0 0
9082	108.270	0.000	( 0 )	010011000111111000001100000110100111101111110111000011100001000110011000101001000110100101000000000000000000000000000000000000000000000000000000000000000000000000000000000000000000 0 0
9075	108.270	0.000	( 0 )	010011000111111000001100000110100111101111110111000011100001000110011000101001000110100101000000000000000000000000000000000000000000000000000000000000000000000000000000000000000000 0 0
9081	108.270	0.000	( 0 )	010011000111111000001100000110100111101111110111000011100001000110011000101001000110100101000000000000000000000000000000000000000000000000000000000000000000000000000000000000000000 0 0
8987	110.494	0.000	( 0 )	010011000111111000001100000110100011101111110111000011100001010110011000101001000110100101000000000000000000000000000000000000000000000000000000000000000000000000000000000000000000 2 0
9012	110.494	0.000	( 0 )	010011000111111000001100000110100011101111110111000011100001010110011000101001000110100101000000000000000000000000000000000000000000000000000000000000000000000000000000000000000000 0 0
9013	110.494	0.000	( 0 )	010011000111111000001100000110100011101111110111000011100001010110011000101001000110100101000000000000000000000000000000000000000000000000000000000000000000000000000000000000000000 0 0
9014	110.494	0.000	( 0 )	010011000111111000001100000110100011101111110111000011100001010110011000101001000110100101000000000000000000000000000000000000000000000000000000000000000000000000000000000000000000 0 0
8960	111.605	0.000	( 0 )	010011000111111000001110000110100011101111110111000011100001010110011000101001000110100101000000000000000000000000000000000000000000000000000000000000000000000000000000000000000000 1 0
8982	111.605	0.000	( 0 )	010011000111111000001110000110100011101111110111000011100001010110011000101001000110100101000000000000000000000000000000000000000000000000000000000000000000000000000000000000000000 0 0
8961	111.605	0.000	( 0 )	010011000111111000001110000110100011101111110111000011100001010110011000101001000110100101000000000000000000000000000000000000000000000000000000000000000000000000000000000000000000 0 0
8963	111.605	0.000	( 0 )	010011000111111000001110000110100011101111110111000011100001010110011000101001000110100101000000000000000000000000000000000000000000000000000000000000000000000000000000000000000000 0 0
8914	112.717	0.000	( 0 )	010011100111111000001110000110100011101111110111000011100001010110011000101001000110100101000000000000000000000000000000000000000000000000000000000000000000000000000000000000000000 1 0
8913	112.717	0.000	( 0 )	010011100111111000001110000110100011101111110111000011100001010110011000101001000110100101000000000000000000000000000000000000000000000000000000000000000000000000000000000000000000 0 0
8915	112.717	0.000	( 0 )	010011100111111000001110000110100011101111110111000011100001010110011000101001000110100101000000000000000000000000000000000000000000000000000000000000000000000000000000000000000000 0 0
8946	112.717	0.000	( 0 )	010011100111111000001110000110100011101111110111000011100001010110011000101001000110100101000000000000000000000000000000000000000000000000000000000000000000000000000000000000000000 0 0
8802	113.828	0.000	( 0 )	010011100111111000001110000110100011101111110111000011100001010110011000101001100110100101000000000000000000000000000000000000000000000000000000000000000000000000000000000000000000 1 0
8778	113.828	0.000	( 0 )	010011100111111000001110000110100011101111110111000011100001010110011000101001100110100101000000000000000000000000000000000000000000000000000000000000000000000000000000000000000000 0 0
8832	113.828	0.000	( 0 )	010011100111111000001110000110100011101111110111000011100001010110011000101001100110100101000000000000000000000000000000000000000000000000000000000000000000000000000000000000000000 0 0
8799	113.828	0.000	( 0 )	010011100111111000001110000110100011101111110111000011100001010110011000101001100110100101000000000000000000000000000000000000000000000000000000000000000000000000000000000000000000 0 0
8863	113.828	0.000	( 0 )	010011100111111000001110000110100011101111110111000011100001010110011000101001100110100101000000000000000000000000000000000000000000000000000000000000000000000000000000000000000000 0 0
8798	113.828	0.000	( 0 )	010011100111111000001110000110100011101111110111000011100001010110011000101001100110100101000000000000000000000000000000000000000000000000000000000000000000000000000000000000000000 0 0
8855	113.828	0.000	( 0 )	010011100111111000001110000110100011101111110111000011100001010110011000101001100110100101000000000000000000000000000000000000000000000000000000000000000000000000000000000000000000 0 0
8772	113.828	0.000	( 0 )	010011100111111000001110000110100011101111110111000011100001010110011000101001100110100101000000000000000000000000000000000000000000000000000000000000000000000000000000000000000000 0 0
8779	113.828	0.000	( 0 )	010011100111111000001110000110100011101111110111000011100001010110011000101001100110100101000000000000000000000000000000000000000000000000000000000000000000000000000000000000000000 0 0
8857	113.828	0.000	( 0 )	010011100111111000001110000110100011101111110111000011100001010110011000101001100110100101000000000000000000000000000000000000000000000000000000000000000000000000000000000000000000 0 0
8771	113.828	0.000	( 0 )	010011100111111000001110000110100011101111110111000011100001010110011000101001100110100101000000000000000000000000000000000000000000000000000000000000000000000000000000000000000000 0 0
8852	113.828	0.000	( 0 )	010011100111111000001110000110100011101111110111000011100001010110011000101001100110100101000000000000000000000000000000000000000000000000000000000000000000000000000000000000000000 0 0
8785	113.828	0.000	( 0 )	010011100111111000001110000110100011101111110111000011100001010110011000101001100110100101000000000000000000000000000000000000000000000000000000000000000000000000000000000000000000 0 0
8859	113.828	0.000	( 0 )	010011100111111000001110000110100011101111110111000011100001010110011000101001100110100101000000000000000000000000000000000000000000000000000000000000000000000000000000000000000000 0 0
8769	113.828	0.000	( 0 )	010011100111111000001110000110100011101111110111000011100001010110011000101001100110100101000000000000000000000000000000000000000000000000000000000000000000000000000000000000000000 0 0
8903	113.828	0.000	( 0 )	010011100111111000001110000110100011101111110111000011100001010110011000101001100110100101000000000000000000000000000000000000000000000000000000000000000000000000000000000000000000 0 0
8853	113.828	0.000	( 0 )	010011100111111000001110000110100011101111110111000011100001010110011000101001100110100101000000000000000000000000000000000000000000000000000000000000000000000000000000000000000000 0 0
8784	113.828	0.000	( 0 )	010011100111111000001110000110100011101111110111000011100001010110011000101001100110100101000000000000000000000000000000000000000000000000000000000000000000000000000000000000000000 0 0
9201	123.965	0.000	( 0 )	010011100111101000000110000110000010101001110101000001100001010110011000001001100110100101000000000000000000000000000000000000000000000000000000000000000000000000000000000000000000 9 0
