#java OrderMarkers2 data=- evaluateOrder=reordermarkers/iterations/ordered.28.8 useKosambi=1 numThreads=4 calculateIntervals=intervals/ordered.28.intervals randSeed=5322401699667875322
Loading file
No grandparents present in family V
Number of individuals = 92
Number of families = 1
File loaded with 42521 SNPs
Number of individuals = 92 excluding grandparents
Number of families = 1
Number of markers = 80
Setting dataScale to 1.0 all likelihoods will be multiplied by 1.0
Initial score = -1142.1357591804067
Iteration 1 of 6
884884288488421 done
Polishing map...
score = -1159.586564078835
score = -1159.586564078835
score = -1160.3592331060156
score = -1153.6741132443262
Iteration 2 of 6
884884288488421 done
Polishing map...
score = -1432.677710158187
score = -1428.805641272647
score = -1311.4315278539352
score = -1311.4315278539352
Iteration 3 of 6
884884288488421 done
Polishing map...
score = -1294.2450975901365
score = -1294.2450975901365
score = -1283.140142393756
score = -1283.140142393756
Iteration 4 of 6
884884288488421 done
Polishing map...
score = -1374.6868629348833
score = -1343.31261562094
score = -1343.31261562094
score = -1343.31261562094
Iteration 5 of 6
884884288488421 done
Polishing map...
score = -1094.7125672944767
*score = -1088.472486749199
score = -1089.2451557763798
score = -1088.472486749199
Iteration 6 of 6
884884288488421 done
Polishing map...
score = -1280.1060021633984
score = -1235.3180172071063
score = -1215.0110310656219
score = -1215.0110310656219
Final score = -1088.472486749199
Setting dataScale to 1.0 all likelihoods will be multiplied by 1.0
logL = -1088.472486749199
number of recombinations = 63.0 logL = -1088.472486749199
Individual	V	P14459_101_S1	recombines	1	times
Individual	V	P14459_103_S3	recombines	2	times
Individual	V	P14459_104_S4	recombines	1	times
Individual	V	P14459_105_S5	recombines	1	times
Individual	V	P14459_106_S6	recombines	1	times
Individual	V	P14459_108_S8	recombines	1	times
Individual	V	P14459_109_S9	recombines	1	times
Individual	V	P14459_110_S10	recombines	1	times
Individual	V	P14459_112_S12	recombines	2	times
Individual	V	P14459_115_S15	recombines	1	times
Individual	V	P14459_116_S16	recombines	1	times
Individual	V	P14459_118_S18	recombines	1	times
Individual	V	P14459_119_S19	recombines	1	times
Individual	V	P14459_120_S20	recombines	1	times
Individual	V	P14459_122_S22	recombines	1	times
Individual	V	P14459_123_S23	recombines	1	times
Individual	V	P14459_125_S25	recombines	1	times
Individual	V	P14459_127_S27	recombines	1	times
Individual	V	P14459_128_S28	recombines	1	times
Individual	V	P14459_129_S29	recombines	1	times
Individual	V	P14459_134_S34	recombines	1	times
Individual	V	P14459_135_S35	recombines	1	times
Individual	V	P14459_136_S36	recombines	1	times
Individual	V	P14459_137_S37	recombines	1	times
Individual	V	P14459_138_S38	recombines	1	times
Individual	V	P14459_139_S39	recombines	1	times
Individual	V	P14459_141_S41	recombines	2	times
Individual	V	P14459_142_S42	recombines	1	times
Individual	V	P14459_144_S44	recombines	1	times
Individual	V	P14459_145_S45	recombines	1	times
Individual	V	P14459_146_S46	recombines	2	times
Individual	V	P14459_148_S48	recombines	1	times
Individual	V	P14459_151_S51	recombines	2	times
Individual	V	P14459_153_S53	recombines	1	times
Individual	V	P14459_155_S55	recombines	2	times
Individual	V	P14459_156_S56	recombines	1	times
Individual	V	P14459_157_S57	recombines	1	times
Individual	V	P14459_164_S64	recombines	1	times
Individual	V	P14459_166_S66	recombines	1	times
Individual	V	P14459_167_S67	recombines	1	times
Individual	V	P14459_168_S68	recombines	1	times
Individual	V	P14459_170_S70	recombines	1	times
Individual	V	P14459_171_S71	recombines	1	times
Individual	V	P14459_172_S72	recombines	2	times
Individual	V	P14459_173_S73	recombines	1	times
Individual	V	P14459_174_S74	recombines	1	times
Individual	V	P14459_177_S77	recombines	2	times
Individual	V	P14459_180_S80	recombines	1	times
Individual	V	P14459_181_S81	recombines	1	times
Individual	V	P14459_182_S82	recombines	1	times
Individual	V	P14459_183_S83	recombines	1	times
Individual	V	P14459_186_S86	recombines	1	times
Individual	V	P14459_187_S87	recombines	1	times
Individual	V	P14459_190_S90	recombines	1	times
Individual	V	P14459_192_S92	recombines	1	times
#*** LG = 0 likelihood = -1088.4725
#marker_number	male_position	female_position	( 0.0 )[	phased data]
39340	0.000	0.000	( 0 )	110101011110111100011001100001001000101010001010110111110000000011111011001011010111011100000000000000000000000000000000000000000000000000000000000000000000000000000000000000000000 0 0
39341	0.000	0.000	( 0 )	110101011110111100011001100001001000101010001010110111110000000011111011001011010111011100000000000000000000000000000000000000000000000000000000000000000000000000000000000000000000 0 0
39346	0.000	0.000	( 0 )	110101011110111100011001100001001000101010001010110111110000000011111011001011010111011100000000000000000000000000000000000000000000000000000000000000000000000000000000000000000000 0 0
39342	0.000	0.000	( 0 )	110101011110111100011001100001001000101010001010110111110000000011111011001011010111011100000000000000000000000000000000000000000000000000000000000000000000000000000000000000000000 0 0
39345	0.000	0.000	( 0 )	110101011110111100011001100001001000101010001010110111110000000011111011001011010111011100000000000000000000000000000000000000000000000000000000000000000000000000000000000000000000 0 0
39350	0.000	0.000	( 0 )	110101011110111100011001100001001000101010001010110111110000000011111011001011010111011100000000000000000000000000000000000000000000000000000000000000000000000000000000000000000000 0 0
39352	0.000	0.000	( 0 )	110101011110111100011001100001001000101010001010110111110000000011111011001011010111011100000000000000000000000000000000000000000000000000000000000000000000000000000000000000000000 0 0
39344	0.000	0.000	( 0 )	110101011110111100011001100001001000101010001010110111110000000011111011001011010111011100000000000000000000000000000000000000000000000000000000000000000000000000000000000000000000 0 0
39347	0.000	0.000	( 0 )	110101011110111100011001100001001000101010001010110111110000000011111011001011010111011100000000000000000000000000000000000000000000000000000000000000000000000000000000000000000000 0 0
39295	1.111	0.000	( 0 )	110101011110111100011001100001001000101010001010110111110000000011101011001011010111011100000000000000000000000000000000000000000000000000000000000000000000000000000000000000000000 1 0
39294	1.111	0.000	( 0 )	110101011110111100011001100001001000101010001010110111110000000011101011001011010111011100000000000000000000000000000000000000000000000000000000000000000000000000000000000000000000 0 0
39293	1.111	0.000	( 0 )	110101011110111100011001100001001000101010001010110111110000000011101011001011010111011100000000000000000000000000000000000000000000000000000000000000000000000000000000000000000000 0 0
39304	1.111	0.000	( 0 )	110101011110111100011001100001001000101010001010110111110000000011101011001011010111011100000000000000000000000000000000000000000000000000000000000000000000000000000000000000000000 0 0
8137	3.335	0.000	( 0 )	110101011110111100011001101001001000101010101010110111110000000011101011001011010111011100000000000000000000000000000000000000000000000000000000000000000000000000000000000000000000 2 0
39167	4.446	0.000	( 0 )	110001011110111100011001101001001000101010101010110111110000000011101011001011010111011100000000000000000000000000000000000000000000000000000000000000000000000000000000000000000000 1 0
39166	4.446	0.000	( 0 )	110001011110111100011001101001001000101010101010110111110000000011101011001011010111011100000000000000000000000000000000000000000000000000000000000000000000000000000000000000000000 0 0
39109	5.558	0.000	( 0 )	110001011110111100011001101001001000101010101010110111110000000011001011001011010111011100000000000000000000000000000000000000000000000000000000000000000000000000000000000000000000 1 0
39129	5.558	0.000	( 0 )	110001011110111100011001101001001000101010101010110111110000000011001011001011010111011100000000000000000000000000000000000000000000000000000000000000000000000000000000000000000000 0 0
39114	5.558	0.000	( 0 )	110001011110111100011001101001001000101010101010110111110000000011001011001011010111011100000000000000000000000000000000000000000000000000000000000000000000000000000000000000000000 0 0
39181	5.558	0.000	( 0 )	110001011110111100011001101001001000101010101010110111110000000011001011001011010111011100000000000000000000000000000000000000000000000000000000000000000000000000000000000000000000 0 0
39112	5.558	0.000	( 0 )	110001011110111100011001101001001000101010101010110111110000000011001011001011010111011100000000000000000000000000000000000000000000000000000000000000000000000000000000000000000000 0 0
39127	5.558	0.000	( 0 )	110001011110111100011001101001001000101010101010110111110000000011001011001011010111011100000000000000000000000000000000000000000000000000000000000000000000000000000000000000000000 0 0
39113	5.558	0.000	( 0 )	110001011110111100011001101001001000101010101010110111110000000011001011001011010111011100000000000000000000000000000000000000000000000000000000000000000000000000000000000000000000 0 0
39111	5.558	0.000	( 0 )	110001011110111100011001101001001000101010101010110111110000000011001011001011010111011100000000000000000000000000000000000000000000000000000000000000000000000000000000000000000000 0 0
39124	5.558	0.000	( 0 )	110001011110111100011001101001001000101010101010110111110000000011001011001011010111011100000000000000000000000000000000000000000000000000000000000000000000000000000000000000000000 0 0
39177	5.558	0.000	( 0 )	110001011110111100011001101001001000101010101010110111110000000011001011001011010111011100000000000000000000000000000000000000000000000000000000000000000000000000000000000000000000 0 0
39125	5.558	0.000	( 0 )	110001011110111100011001101001001000101010101010110111110000000011001011001011010111011100000000000000000000000000000000000000000000000000000000000000000000000000000000000000000000 0 0
39178	5.558	0.000	( 0 )	110001011110111100011001101001001000101010101010110111110000000011001011001011010111011100000000000000000000000000000000000000000000000000000000000000000000000000000000000000000000 0 0
39123	5.558	0.000	( 0 )	110001011110111100011001101001001000101010101010110111110000000011001011001011010111011100000000000000000000000000000000000000000000000000000000000000000000000000000000000000000000 0 0
39179	5.558	0.000	( 0 )	110001011110111100011001101001001000101010101010110111110000000011001011001011010111011100000000000000000000000000000000000000000000000000000000000000000000000000000000000000000000 0 0
39072	6.669	0.000	( 0 )	110001011110111100011001101001001000101010101010110111110000000011001010001011010111011100000000000000000000000000000000000000000000000000000000000000000000000000000000000000000000 1 0
39061	6.669	0.000	( 0 )	110001011110111100011001101001001000101010101010110111110000000011001010001011010111011100000000000000000000000000000000000000000000000000000000000000000000000000000000000000000000 0 0
39106	6.669	0.000	( 0 )	110001011110111100011001101001001000101010101010110111110000000011001010001011010111011100000000000000000000000000000000000000000000000000000000000000000000000000000000000000000000 0 0
1923	6.669	0.000	( 0 )	110001011110111100011001101001001000101010101010110111110000000011001010001011010111011100000000000000000000000000000000000000000000000000000000000000000000000000000000000000000000 0 0
39066	7.780	0.000	( 0 )	110001011110110100011001101001001000101010101010110111110000000011001010001011010111011100000000000000000000000000000000000000000000000000000000000000000000000000000000000000000000 1 0
39027	8.891	0.000	( 0 )	110001010110110100011001101001001000101010101010110111110000000011001010001011010111011100000000000000000000000000000000000000000000000000000000000000000000000000000000000000000000 1 0
39028	8.891	0.000	( 0 )	110001010110110100011001101001001000101010101010110111110000000011001010001011010111011100000000000000000000000000000000000000000000000000000000000000000000000000000000000000000000 0 0
39037	8.891	0.000	( 0 )	110001010110110100011001101001001000101010101010110111110000000011001010001011010111011100000000000000000000000000000000000000000000000000000000000000000000000000000000000000000000 0 0
39021	8.891	0.000	( 0 )	110001010110110100011001101001001000101010101010110111110000000011001010001011010111011100000000000000000000000000000000000000000000000000000000000000000000000000000000000000000000 0 0
39038	8.891	0.000	( 0 )	110001010110110100011001101001001000101010101010110111110000000011001010001011010111011100000000000000000000000000000000000000000000000000000000000000000000000000000000000000000000 0 0
39020	8.891	0.000	( 0 )	110001010110110100011001101001001000101010101010110111110000000011001010001011010111011100000000000000000000000000000000000000000000000000000000000000000000000000000000000000000000 0 0
39017	8.891	0.000	( 0 )	110001010110110100011001101001001000101010101010110111110000000011001010001011010111011100000000000000000000000000000000000000000000000000000000000000000000000000000000000000000000 0 0
39031	8.891	0.000	( 0 )	110001010110110100011001101001001000101010101010110111110000000011001010001011010111011100000000000000000000000000000000000000000000000000000000000000000000000000000000000000000000 0 0
39016	8.891	0.000	( 0 )	110001010110110100011001101001001000101010101010110111110000000011001010001011010111011100000000000000000000000000000000000000000000000000000000000000000000000000000000000000000000 0 0
39018	8.891	0.000	( 0 )	110001010110110100011001101001001000101010101010110111110000000011001010001011010111011100000000000000000000000000000000000000000000000000000000000000000000000000000000000000000000 0 0
39011	8.891	0.000	( 0 )	110001010110110100011001101001001000101010101010110111110000000011001010001011010111011100000000000000000000000000000000000000000000000000000000000000000000000000000000000000000000 0 0
38996	11.115	0.000	( 0 )	100001010110110100011000101001001000101010101010110111110000000011001010001011010111011100000000000000000000000000000000000000000000000000000000000000000000000000000000000000000000 2 0
38993	11.115	0.000	( 0 )	100001010110110100011000101001001000101010101010110111110000000011001010001011010111011100000000000000000000000000000000000000000000000000000000000000000000000000000000000000000000 0 0
38988	11.115	0.000	( 0 )	100001010110110100011000101001001000101010101010110111110000000011001010001011010111011100000000000000000000000000000000000000000000000000000000000000000000000000000000000000000000 0 0
38991	11.115	0.000	( 0 )	100001010110110100011000101001001000101010101010110111110000000011001010001011010111011100000000000000000000000000000000000000000000000000000000000000000000000000000000000000000000 0 0
38981	12.226	0.000	( 0 )	100001010110110100011000101001011000101010101010110111110000000011001010001011010111011100000000000000000000000000000000000000000000000000000000000000000000000000000000000000000000 1 0
38971	13.338	0.000	( 0 )	100001010100110100011000101001011000101010101010110111110000000011001010001011010111011100000000000000000000000000000000000000000000000000000000000000000000000000000000000000000000 1 0
38970	13.338	0.000	( 0 )	100001010100110100011000101001011000101010101010110111110000000011001010001011010111011100000000000000000000000000000000000000000000000000000000000000000000000000000000000000000000 0 0
38850	23.474	0.000	( 0 )	101011010100110100011000111101010001101010101010100111110000000111000010001011010111011100000000000000000000000000000000000000000000000000000000000000000000000000000000000000000000 9 0
38844	24.586	0.000	( 0 )	101011010100110100011000111101010001101010101010100011110000000111000010001011010111011100000000000000000000000000000000000000000000000000000000000000000000000000000000000000000000 1 0
38838	24.586	0.000	( 0 )	101011010100110100011000111101010001101010101010100011110000000111000010001011010111011100000000000000000000000000000000000000000000000000000000000000000000000000000000000000000000 0 0
38840	24.586	0.000	( 0 )	101011010100110100011000111101010001101010101010100011110000000111000010001011010111011100000000000000000000000000000000000000000000000000000000000000000000000000000000000000000000 0 0
38842	24.586	0.000	( 0 )	101011010100110100011000111101010001101010101010100011110000000111000010001011010111011100000000000000000000000000000000000000000000000000000000000000000000000000000000000000000000 0 0
38841	25.697	0.000	( 0 )	101011010100110100011000111101010001101010101010100011110000000111010010001011010111011100000000000000000000000000000000000000000000000000000000000000000000000000000000000000000000 1 0
38843	25.697	0.000	( 0 )	101011010100110100011000111101010001101010101010100011110000000111010010001011010111011100000000000000000000000000000000000000000000000000000000000000000000000000000000000000000000 0 0
38738	29.035	0.000	( 0 )	101011010100100100011000111101010001100010101010100010110000000111010010001011010111011100000000000000000000000000000000000000000000000000000000000000000000000000000000000000000000 3 0
38735	29.035	0.000	( 0 )	101011010100100100011000111101010001100010101010100010110000000111010010001011010111011100000000000000000000000000000000000000000000000000000000000000000000000000000000000000000000 0 0
38739	29.035	0.000	( 0 )	101011010100100100011000111101010001100010101010100010110000000111010010001011010111011100000000000000000000000000000000000000000000000000000000000000000000000000000000000000000000 0 0
38737	29.035	0.000	( 0 )	101011010100100100011000111101010001100010101010100010110000000111010010001011010111011100000000000000000000000000000000000000000000000000000000000000000000000000000000000000000000 0 0
38732	30.147	0.000	( 0 )	101011010100100100011000111101010001100010101011100010110000000111010010001011010111011100000000000000000000000000000000000000000000000000000000000000000000000000000000000000000000 1 0
38733	30.147	0.000	( 0 )	101011010100100100011000111101010001100010101011100010110000000111010010001011010111011100000000000000000000000000000000000000000000000000000000000000000000000000000000000000000000 0 0
38731	30.147	0.000	( 0 )	101011010100100100011000111101010001100010101011100010110000000111010010001011010111011100000000000000000000000000000000000000000000000000000000000000000000000000000000000000000000 0 0
38725	32.370	0.000	( 0 )	101011010100100110011000111101010001100010100011100010110000000111010010001011010111011100000000000000000000000000000000000000000000000000000000000000000000000000000000000000000000 2 0
38667	35.708	0.000	( 0 )	001011010100100110011000111101010001100010100011100010110000010111010010001011010111111100000000000000000000000000000000000000000000000000000000000000000000000000000000000000000000 3 0
26748	36.820	0.000	( 0 )	001011010100100111011000111101010001100010100011100010110000010111010010001011010111111100000000000000000000000000000000000000000000000000000000000000000000000000000000000000000000 1 0
38778	50.483	0.000	( 0 )	011011010110100111111000111101010001101110000010100110110000110111010111001111010111111100000000000000000000000000000000000000000000000000000000000000000000000000000000000000000000 12 0
38776	50.483	0.000	( 0 )	011011010110100111111000111101010001101110000010100110110000110111010111001111010111111100000000000000000000000000000000000000000000000000000000000000000000000000000000000000000000 0 0
38775	50.483	0.000	( 0 )	011011010110100111111000111101010001101110000010100110110000110111010111001111010111111100000000000000000000000000000000000000000000000000000000000000000000000000000000000000000000 0 0
38773	50.483	0.000	( 0 )	011011010110100111111000111101010001101110000010100110110000110111010111001111010111111100000000000000000000000000000000000000000000000000000000000000000000000000000000000000000000 0 0
38774	50.483	0.000	( 0 )	011011010110100111111000111101010001101110000010100110110000110111010111001111010111111100000000000000000000000000000000000000000000000000000000000000000000000000000000000000000000 0 0
38772	50.483	0.000	( 0 )	011011010110100111111000111101010001101110000010100110110000110111010111001111010111111100000000000000000000000000000000000000000000000000000000000000000000000000000000000000000000 0 0
38777	50.483	0.000	( 0 )	011011010110100111111000111101010001101110000010100110110000110111010111001111010111111100000000000000000000000000000000000000000000000000000000000000000000000000000000000000000000 0 0
38779	50.483	0.000	( 0 )	011011010110100111111000111101010001101110000010100110110000110111010111001111010111111100000000000000000000000000000000000000000000000000000000000000000000000000000000000000000000 0 0
38780	51.595	0.000	( 0 )	011011010110100111111000111101010001101110000010100110110000110110010111001111010111111100000000000000000000000000000000000000000000000000000000000000000000000000000000000000000000 1 0
10830	71.468	0.000	( 0 )	011011100110100111110100111101010111001101000010100100110000111110010111000100011011110100000000000000000000000000000000000000000000000000000000000000000000000000000000000000000000 17 0
