#java OrderMarkers2 data=- evaluateOrder=reordermarkers/iterations/ordered.27.38 useKosambi=1 numThreads=4 calculateIntervals=intervals/ordered.27.intervals randSeed=-7254536967504365921
Loading file
No grandparents present in family V
Number of individuals = 92
Number of families = 1
File loaded with 42521 SNPs
Number of individuals = 92 excluding grandparents
Number of families = 1
Number of markers = 101
Setting dataScale to 0.8910891089108911 all likelihoods will be multiplied by 1.1222222222222222
Initial score = -1379.4404772818136
Iteration 1 of 6
884884288488421 done
Polishing map...
score = -1392.646841003945
score = -1391.2612137342
score = -1391.2612137342
score = -1391.2612137342
Iteration 2 of 6
884884288488421 done
Polishing map...
score = -1345.4283855506053
*score = -1343.5862332484103
score = -1343.5862332484103
score = -1343.5862332484103
Iteration 3 of 6
884884288488421 done
Polishing map...
score = -1457.850770182186
score = -1396.8037226045633
score = -1373.1036970572052
score = -1371.409673746067
Iteration 4 of 6
884884288488421 done
Polishing map...
score = -1394.2491643344804
score = -1391.2612137342
score = -1391.2612137342
score = -1367.561188186842
Iteration 5 of 6
884884288488421 done
Polishing map...
score = -1399.4559011386734
score = -1388.411201487846
score = -1388.411201487846
score = -1388.411201487846
Iteration 6 of 6
884884288488421 done
Polishing map...
score = -1346.3574875494817
score = -1345.6646739742139
score = -1343.5862332484103
score = -1343.5862332484103
Final score = -1343.5862332484103
Setting dataScale to 0.8910891089108911 all likelihoods will be multiplied by 1.1222222222222222
logL = -1343.5862332484103
number of recombinations = 71.0 logL = -1343.5862332484103
Individual	V	P14459_101_S1	recombines	2	times
Individual	V	P14459_103_S3	recombines	1	times
Individual	V	P14459_105_S5	recombines	1	times
Individual	V	P14459_106_S6	recombines	1	times
Individual	V	P14459_107_S7	recombines	2	times
Individual	V	P14459_109_S9	recombines	1	times
Individual	V	P14459_110_S10	recombines	1	times
Individual	V	P14459_112_S12	recombines	2	times
Individual	V	P14459_116_S16	recombines	1	times
Individual	V	P14459_117_S17	recombines	1	times
Individual	V	P14459_118_S18	recombines	1	times
Individual	V	P14459_119_S19	recombines	1	times
Individual	V	P14459_121_S21	recombines	1	times
Individual	V	P14459_122_S22	recombines	2	times
Individual	V	P14459_123_S23	recombines	1	times
Individual	V	P14459_125_S25	recombines	1	times
Individual	V	P14459_126_S26	recombines	1	times
Individual	V	P14459_128_S28	recombines	2	times
Individual	V	P14459_129_S29	recombines	1	times
Individual	V	P14459_130_S30	recombines	1	times
Individual	V	P14459_131_S31	recombines	1	times
Individual	V	P14459_132_S32	recombines	3	times
Individual	V	P14459_134_S34	recombines	1	times
Individual	V	P14459_136_S36	recombines	1	times
Individual	V	P14459_138_S38	recombines	1	times
Individual	V	P14459_139_S39	recombines	1	times
Individual	V	P14459_140_S40	recombines	1	times
Individual	V	P14459_141_S41	recombines	1	times
Individual	V	P14459_144_S44	recombines	1	times
Individual	V	P14459_146_S46	recombines	1	times
Individual	V	P14459_148_S48	recombines	1	times
Individual	V	P14459_150_S50	recombines	1	times
Individual	V	P14459_152_S52	recombines	1	times
Individual	V	P14459_154_S54	recombines	1	times
Individual	V	P14459_155_S55	recombines	1	times
Individual	V	P14459_156_S56	recombines	1	times
Individual	V	P14459_157_S57	recombines	1	times
Individual	V	P14459_158_S58	recombines	2	times
Individual	V	P14459_159_S59	recombines	1	times
Individual	V	P14459_160_S60	recombines	1	times
Individual	V	P14459_161_S61	recombines	2	times
Individual	V	P14459_162_S62	recombines	1	times
Individual	V	P14459_163_S63	recombines	1	times
Individual	V	P14459_164_S64	recombines	1	times
Individual	V	P14459_166_S66	recombines	1	times
Individual	V	P14459_170_S70	recombines	2	times
Individual	V	P14459_171_S71	recombines	1	times
Individual	V	P14459_172_S72	recombines	2	times
Individual	V	P14459_174_S74	recombines	1	times
Individual	V	P14459_176_S76	recombines	1	times
Individual	V	P14459_178_S78	recombines	1	times
Individual	V	P14459_179_S79	recombines	1	times
Individual	V	P14459_180_S80	recombines	1	times
Individual	V	P14459_181_S81	recombines	1	times
Individual	V	P14459_182_S82	recombines	1	times
Individual	V	P14459_185_S85	recombines	1	times
Individual	V	P14459_186_S86	recombines	1	times
Individual	V	P14459_187_S87	recombines	1	times
Individual	V	P14459_190_S90	recombines	1	times
Individual	V	P14459_192_S92	recombines	1	times
#*** LG = 0 likelihood = -1343.5862
#marker_number	male_position	female_position	( 0.0 )[	phased data]
33273	0.000	0.000	( 0 )	110111011000000100111000101111010100000010000000000010100101110010011001000001100001011100000000000000000000000000000000000000000000000000000000000000000000000000000000000000000000 0 0
33244	0.000	0.000	( 0 )	110111011000000100111000101111010100000010000000000010100101110010011001000001100001011100000000000000000000000000000000000000000000000000000000000000000000000000000000000000000000 0 0
33274	0.000	0.000	( 0 )	110111011000000100111000101111010100000010000000000010100101110010011001000001100001011100000000000000000000000000000000000000000000000000000000000000000000000000000000000000000000 0 0
33276	0.000	0.000	( 0 )	110111011000000100111000101111010100000010000000000010100101110010011001000001100001011100000000000000000000000000000000000000000000000000000000000000000000000000000000000000000000 0 0
33272	0.000	0.000	( 0 )	110111011000000100111000101111010100000010000000000010100101110010011001000001100001011100000000000000000000000000000000000000000000000000000000000000000000000000000000000000000000 0 0
33271	0.000	0.000	( 0 )	110111011000000100111000101111010100000010000000000010100101110010011001000001100001011100000000000000000000000000000000000000000000000000000000000000000000000000000000000000000000 0 0
33246	0.000	0.000	( 0 )	110111011000000100111000101111010100000010000000000010100101110010011001000001100001011100000000000000000000000000000000000000000000000000000000000000000000000000000000000000000000 0 0
33275	0.000	0.000	( 0 )	110111011000000100111000101111010100000010000000000010100101110010011001000001100001011100000000000000000000000000000000000000000000000000000000000000000000000000000000000000000000 0 0
33293	1.111	0.000	( 0 )	110111011000000100111100101111010100000010000000000010100101110010011001000001100001011100000000000000000000000000000000000000000000000000000000000000000000000000000000000000000000 1 0
33296	1.111	0.000	( 0 )	110111011000000100111100101111010100000010000000000010100101110010011001000001100001011100000000000000000000000000000000000000000000000000000000000000000000000000000000000000000000 0 0
33313	1.111	0.000	( 0 )	110111011000000100111100101111010100000010000000000010100101110010011001000001100001011100000000000000000000000000000000000000000000000000000000000000000000000000000000000000000000 0 0
33316	1.111	0.000	( 0 )	110111011000000100111100101111010100000010000000000010100101110010011001000001100001011100000000000000000000000000000000000000000000000000000000000000000000000000000000000000000000 0 0
33284	1.111	0.000	( 0 )	110111011000000100111100101111010100000010000000000010100101110010011001000001100001011100000000000000000000000000000000000000000000000000000000000000000000000000000000000000000000 0 0
33301	1.111	0.000	( 0 )	110111011000000100111100101111010100000010000000000010100101110010011001000001100001011100000000000000000000000000000000000000000000000000000000000000000000000000000000000000000000 0 0
33319	1.111	0.000	( 0 )	110111011000000100111100101111010100000010000000000010100101110010011001000001100001011100000000000000000000000000000000000000000000000000000000000000000000000000000000000000000000 0 0
33283	1.111	0.000	( 0 )	110111011000000100111100101111010100000010000000000010100101110010011001000001100001011100000000000000000000000000000000000000000000000000000000000000000000000000000000000000000000 0 0
33285	1.111	0.000	( 0 )	110111011000000100111100101111010100000010000000000010100101110010011001000001100001011100000000000000000000000000000000000000000000000000000000000000000000000000000000000000000000 0 0
33304	2.223	0.000	( 0 )	110111011000000100111100101111010100000010000000000010100101110010001001000001100001011100000000000000000000000000000000000000000000000000000000000000000000000000000000000000000000 1 0
33306	2.223	0.000	( 0 )	110111011000000100111100101111010100000010000000000010100101110010001001000001100001011100000000000000000000000000000000000000000000000000000000000000000000000000000000000000000000 0 0
33302	2.223	0.000	( 0 )	110111011000000100111100101111010100000010000000000010100101110010001001000001100001011100000000000000000000000000000000000000000000000000000000000000000000000000000000000000000000 0 0
33317	2.223	0.000	( 0 )	110111011000000100111100101111010100000010000000000010100101110010001001000001100001011100000000000000000000000000000000000000000000000000000000000000000000000000000000000000000000 0 0
33390	7.801	0.000	( 0 )	110111011000000100111100101100010100000000000000000010100001110010001001000001100001010100000000000000000000000000000000000000000000000000000000000000000000000000000000000000000000 5 0
33389	7.801	0.000	( 0 )	110111011000000100111100101100010100000000000000000010100001110010001001000001100001010100000000000000000000000000000000000000000000000000000000000000000000000000000000000000000000 0 0
41099	11.139	0.000	( 0 )	110111011000000100111100101100110100000000000000000110100001110010001001000001110001010100000000000000000000000000000000000000000000000000000000000000000000000000000000000000000000 3 0
41101	12.251	0.000	( 0 )	110111011000000100111101101100110100000000000000000110100001110010001001000001110001010100000000000000000000000000000000000000000000000000000000000000000000000000000000000000000000 1 0
33394	12.251	0.000	( 0 )	110111011000000100111101101100110100000000000000000110100001110010001001000001110001010100000000000000000000000000000000000000000000000000000000000000000000000000000000000000000000 0 0
33393	12.251	0.000	( 0 )	110111011000000100111101101100110100000000000000000110100001110010001001000001110001010100000000000000000000000000000000000000000000000000000000000000000000000000000000000000000000 0 0
33396	12.251	0.000	( 0 )	110111011000000100111101101100110100000000000000000110100001110010001001000001110001010100000000000000000000000000000000000000000000000000000000000000000000000000000000000000000000 0 0
33419	14.474	0.000	( 0 )	110111011000000100111101101100110100000000000000000110100011110010011001000001110001010100000000000000000000000000000000000000000000000000000000000000000000000000000000000000000000 2 0
33420	14.474	0.000	( 0 )	110111011000000100111101101100110100000000000000000110100011110010011001000001110001010100000000000000000000000000000000000000000000000000000000000000000000000000000000000000000000 0 0
33441	15.586	0.000	( 0 )	110111011000000100111101101100110100000000000000000110100011110010011001010001110001010100000000000000000000000000000000000000000000000000000000000000000000000000000000000000000000 1 0
33436	15.586	0.000	( 0 )	110111011000000100111101101100110100000000000000000110100011110010011001010001110001010100000000000000000000000000000000000000000000000000000000000000000000000000000000000000000000 0 0
33442	15.586	0.000	( 0 )	110111011000000100111101101100110100000000000000000110100011110010011001010001110001010100000000000000000000000000000000000000000000000000000000000000000000000000000000000000000000 0 0
33438	15.586	0.000	( 0 )	110111011000000100111101101100110100000000000000000110100011110010011001010001110001010100000000000000000000000000000000000000000000000000000000000000000000000000000000000000000000 0 0
33437	15.586	0.000	( 0 )	110111011000000100111101101100110100000000000000000110100011110010011001010001110001010100000000000000000000000000000000000000000000000000000000000000000000000000000000000000000000 0 0
22325	15.586	0.000	( 0 )	110111011000000100111101101100110100000000000000000110100011110010011001010001110001010100000000000000000000000000000000000000000000000000000000000000000000000000000000000000000000 0 0
33455	15.586	0.000	( 0 )	110111011000000100111101101100110100000000000000000110100011110010011001010001110001010100000000000000000000000000000000000000000000000000000000000000000000000000000000000000000000 0 0
33440	15.586	0.000	( 0 )	110111011000000100111101101100110100000000000000000110100011110010011001010001110001010100000000000000000000000000000000000000000000000000000000000000000000000000000000000000000000 0 0
33443	15.586	0.000	( 0 )	110111011000000100111101101100110100000000000000000110100011110010011001010001110001010100000000000000000000000000000000000000000000000000000000000000000000000000000000000000000000 0 0
22332	15.586	0.000	( 0 )	110111011000000100111101101100110100000000000000000110100011110010011001010001110001010100000000000000000000000000000000000000000000000000000000000000000000000000000000000000000000 0 0
33416	15.586	0.000	( 0 )	110111011000000100111101101100110100000000000000000110100011110010011001010001110001010100000000000000000000000000000000000000000000000000000000000000000000000000000000000000000000 0 0
33454	15.586	0.000	( 0 )	110111011000000100111101101100110100000000000000000110100011110010011001010001110001010100000000000000000000000000000000000000000000000000000000000000000000000000000000000000000000 0 0
33439	15.586	0.000	( 0 )	110111011000000100111101101100110100000000000000000110100011110010011001010001110001010100000000000000000000000000000000000000000000000000000000000000000000000000000000000000000000 0 0
33477	17.809	0.000	( 0 )	110101011000000100111101101100010100000000000000000110100011110010011001010001110001010100000000000000000000000000000000000000000000000000000000000000000000000000000000000000000000 2 0
33478	17.809	0.000	( 0 )	110101011000000100111101101100010100000000000000000110100011110010011001010001110001010100000000000000000000000000000000000000000000000000000000000000000000000000000000000000000000 0 0
33505	18.921	0.000	( 0 )	110101011000000100111101101100010100000000000000100110100011110010011001010001110001010100000000000000000000000000000000000000000000000000000000000000000000000000000000000000000000 1 0
33506	18.921	0.000	( 0 )	110101011000000100111101101100010100000000000000100110100011110010011001010001110001010100000000000000000000000000000000000000000000000000000000000000000000000000000000000000000000 0 0
33485	18.921	0.000	( 0 )	110101011000000100111101101100010100000000000000100110100011110010011001010001110001010100000000000000000000000000000000000000000000000000000000000000000000000000000000000000000000 0 0
33508	18.921	0.000	( 0 )	110101011000000100111101101100010100000000000000100110100011110010011001010001110001010100000000000000000000000000000000000000000000000000000000000000000000000000000000000000000000 0 0
33520	20.032	0.000	( 0 )	110101011000000100101101101100010100000000000000100110100011110010011001010001110001010100000000000000000000000000000000000000000000000000000000000000000000000000000000000000000000 1 0
33519	20.032	0.000	( 0 )	110101011000000100101101101100010100000000000000100110100011110010011001010001110001010100000000000000000000000000000000000000000000000000000000000000000000000000000000000000000000 0 0
33534	21.143	0.000	( 0 )	110101011000000100101101101100010100000000000000100110100011110010011101010001110001010100000000000000000000000000000000000000000000000000000000000000000000000000000000000000000000 1 0
33596	21.143	0.000	( 0 )	110101011000000100101101101100010100000000000000100110100011110010011101010001110001010100000000000000000000000000000000000000000000000000000000000000000000000000000000000000000000 0 0
33544	21.143	0.000	( 0 )	110101011000000100101101101100010100000000000000100110100011110010011101010001110001010100000000000000000000000000000000000000000000000000000000000000000000000000000000000000000000 0 0
33643	23.367	0.000	( 0 )	110101011010001100101101101100010100000000000000100110100011110010011101010001110001010100000000000000000000000000000000000000000000000000000000000000000000000000000000000000000000 2 0
33647	23.367	0.000	( 0 )	110101011010001100101101101100010100000000000000100110100011110010011101010001110001010100000000000000000000000000000000000000000000000000000000000000000000000000000000000000000000 0 0
33649	23.367	0.000	( 0 )	110101011010001100101101101100010100000000000000100110100011110010011101010001110001010100000000000000000000000000000000000000000000000000000000000000000000000000000000000000000000 0 0
33646	23.367	0.000	( 0 )	110101011010001100101101101100010100000000000000100110100011110010011101010001110001010100000000000000000000000000000000000000000000000000000000000000000000000000000000000000000000 0 0
33648	23.367	0.000	( 0 )	110101011010001100101101101100010100000000000000100110100011110010011101010001110001010100000000000000000000000000000000000000000000000000000000000000000000000000000000000000000000 0 0
33644	24.478	0.000	( 0 )	110101011000001100101101101100010100000000000000100110100011110010011101010001110001010100000000000000000000000000000000000000000000000000000000000000000000000000000000000000000000 1 0
33679	25.590	0.000	( 0 )	110101011000001100101101101100010100000000000000100110100011110010111101010001110001010100000000000000000000000000000000000000000000000000000000000000000000000000000000000000000000 1 0
33675	25.590	0.000	( 0 )	110101011000001100101101101100010100000000000000100110100011110010111101010001110001010100000000000000000000000000000000000000000000000000000000000000000000000000000000000000000000 0 0
33681	28.928	0.000	( 0 )	110101011000001100100101101100010100000000000000100110000011110010111101010101110001010100000000000000000000000000000000000000000000000000000000000000000000000000000000000000000000 3 0
33680	28.928	0.000	( 0 )	110101011000001100100101101100010100000000000000100110000011110010111101010101110001010100000000000000000000000000000000000000000000000000000000000000000000000000000000000000000000 0 0
33692	31.152	0.000	( 0 )	110101011000001110100101001100010100000000000000100110000011110010111101010101110001010100000000000000000000000000000000000000000000000000000000000000000000000000000000000000000000 2 0
33694	31.152	0.000	( 0 )	110101011000001110100101001100010100000000000000100110000011110010111101010101110001010100000000000000000000000000000000000000000000000000000000000000000000000000000000000000000000 0 0
33690	31.152	0.000	( 0 )	110101011000001110100101001100010100000000000000100110000011110010111101010101110001010100000000000000000000000000000000000000000000000000000000000000000000000000000000000000000000 0 0
33693	31.152	0.000	( 0 )	110101011000001110100101001100010100000000000000100110000011110010111101010101110001010100000000000000000000000000000000000000000000000000000000000000000000000000000000000000000000 0 0
33687	32.263	0.000	( 0 )	110101011000001110101101001100010100000000000000100110000011110010111101010101110001010100000000000000000000000000000000000000000000000000000000000000000000000000000000000000000000 1 0
33704	33.374	0.000	( 0 )	110101011000001111101101001100010100000000000000100110000011110010111101010101110001010100000000000000000000000000000000000000000000000000000000000000000000000000000000000000000000 1 0
33724	36.712	0.000	( 0 )	110101011000001111101101001100010100000000000010101110000011110010111101010101110101010100000000000000000000000000000000000000000000000000000000000000000000000000000000000000000000 3 0
33752	37.824	0.000	( 0 )	110101011000001111101101001100010100010000000010101110000011110010111101010101110101010100000000000000000000000000000000000000000000000000000000000000000000000000000000000000000000 1 0
13148	37.824	0.000	( 0 )	110101011000001111101101001100010100010000000010101110000011110010111101010101110101010100000000000000000000000000000000000000000000000000000000000000000000000000000000000000000000 0 0
33751	37.824	0.000	( 0 )	110101011000001111101101001100010100010000000010101110000011110010111101010101110101010100000000000000000000000000000000000000000000000000000000000000000000000000000000000000000000 0 0
33750	37.824	0.000	( 0 )	110101011000001111101101001100010100010000000010101110000011110010111101010101110101010100000000000000000000000000000000000000000000000000000000000000000000000000000000000000000000 0 0
33887	40.047	0.000	( 0 )	110101011000001111101101001100010100010000000010101110000011110010111101110101111101010100000000000000000000000000000000000000000000000000000000000000000000000000000000000000000000 2 0
33801	40.047	0.000	( 0 )	110101011000001111101101001100010100010000000010101110000011110010111101110101111101010100000000000000000000000000000000000000000000000000000000000000000000000000000000000000000000 0 0
33839	40.047	0.000	( 0 )	110101011000001111101101001100010100010000000010101110000011110010111101110101111101010100000000000000000000000000000000000000000000000000000000000000000000000000000000000000000000 0 0
33890	40.047	0.000	( 0 )	110101011000001111101101001100010100010000000010101110000011110010111101110101111101010100000000000000000000000000000000000000000000000000000000000000000000000000000000000000000000 0 0
33878	40.047	0.000	( 0 )	110101011000001111101101001100010100010000000010101110000011110010111101110101111101010100000000000000000000000000000000000000000000000000000000000000000000000000000000000000000000 0 0
33798	40.047	0.000	( 0 )	110101011000001111101101001100010100010000000010101110000011110010111101110101111101010100000000000000000000000000000000000000000000000000000000000000000000000000000000000000000000 0 0
33896	40.047	0.000	( 0 )	110101011000001111101101001100010100010000000010101110000011110010111101110101111101010100000000000000000000000000000000000000000000000000000000000000000000000000000000000000000000 0 0
33881	40.047	0.000	( 0 )	110101011000001111101101001100010100010000000010101110000011110010111101110101111101010100000000000000000000000000000000000000000000000000000000000000000000000000000000000000000000 0 0
33862	40.047	0.000	( 0 )	110101011000001111101101001100010100010000000010101110000011110010111101110101111101010100000000000000000000000000000000000000000000000000000000000000000000000000000000000000000000 0 0
33840	40.047	0.000	( 0 )	110101011000001111101101001100010100010000000010101110000011110010111101110101111101010100000000000000000000000000000000000000000000000000000000000000000000000000000000000000000000 0 0
33943	41.159	0.000	( 0 )	110101011000001111101101001000010100010000000010101110000011110010111101110101111101010100000000000000000000000000000000000000000000000000000000000000000000000000000000000000000000 1 0
33952	41.159	0.000	( 0 )	110101011000001111101101001000010100010000000010101110000011110010111101110101111101010100000000000000000000000000000000000000000000000000000000000000000000000000000000000000000000 0 0
33946	41.159	0.000	( 0 )	110101011000001111101101001000010100010000000010101110000011110010111101110101111101010100000000000000000000000000000000000000000000000000000000000000000000000000000000000000000000 0 0
33949	41.159	0.000	( 0 )	110101011000001111101101001000010100010000000010101110000011110010111101110101111101010100000000000000000000000000000000000000000000000000000000000000000000000000000000000000000000 0 0
33944	41.159	0.000	( 0 )	110101011000001111101101001000010100010000000010101110000011110010111101110101111101010100000000000000000000000000000000000000000000000000000000000000000000000000000000000000000000 0 0
33945	41.159	0.000	( 0 )	110101011000001111101101001000010100010000000010101110000011110010111101110101111101010100000000000000000000000000000000000000000000000000000000000000000000000000000000000000000000 0 0
34012	44.497	0.000	( 0 )	010101011000001111101101001000010101010000000010101110000011110010111111110101111101010100000000000000000000000000000000000000000000000000000000000000000000000000000000000000000000 3 0
34141	48.953	0.000	( 0 )	010100011000001111101101000000010101011000000010101110010011110010111111110101111101010100000000000000000000000000000000000000000000000000000000000000000000000000000000000000000000 4 0
34223	50.064	0.000	( 0 )	010100011000001111101101000000010101011000000010101110010011110011111111110101111101010100000000000000000000000000000000000000000000000000000000000000000000000000000000000000000000 1 0
34182	50.064	0.000	( 0 )	010100011000001111101101000000010101011000000010101110010011110011111111110101111101010100000000000000000000000000000000000000000000000000000000000000000000000000000000000000000000 0 0
34284	51.176	0.000	( 0 )	010100011000001111101101000000010101111000000010101110010011110011111111110101111101010100000000000000000000000000000000000000000000000000000000000000000000000000000000000000000000 1 0
34279	51.176	0.000	( 0 )	010100011000001111101101000000010101111000000010101110010011110011111111110101111101010100000000000000000000000000000000000000000000000000000000000000000000000000000000000000000000 0 0
34263	64.839	0.000	( 0 )	110101011000001111101101001000110101111000101010101110111111110011111111111111111101110100000000000000000000000000000000000000000000000000000000000000000000000000000000000000000000 12 0
34041	65.951	0.000	( 0 )	110101011000001111101101001000110101111000101010101110111111110010111111111111111101110100000000000000000000000000000000000000000000000000000000000000000000000000000000000000000000 1 0
34040	65.951	0.000	( 0 )	110101011000001111101101001000110101111000101010101110111111110010111111111111111101110100000000000000000000000000000000000000000000000000000000000000000000000000000000000000000000 0 0
20401	79.614	0.000	( 0 )	100001000000001011101101001000100001111000101010101101111110000010111111111111111101110100000000000000000000000000000000000000000000000000000000000000000000000000000000000000000000 12 0
