#java OrderMarkers2 data=- evaluateOrder=reordermarkers/iterations/ordered.21.22 useKosambi=1 numThreads=4 calculateIntervals=intervals/ordered.21.intervals randSeed=-4165565495361424921
Loading file
No grandparents present in family V
Number of individuals = 92
Number of families = 1
File loaded with 42521 SNPs
Number of individuals = 92 excluding grandparents
Number of families = 1
Number of markers = 133
Setting dataScale to 0.6766917293233082 all likelihoods will be multiplied by 1.4777777777777779
Initial score = -1599.34450613627
Iteration 1 of 6
884884288488421 done
Polishing map...
score = -1594.5962807331257
*score = -1594.5962807331257
score = -1594.5962807331257
score = -1594.5962807331257
Iteration 2 of 6
884884288488421 done
Polishing map...
score = -1598.510711372327
*score = -1592.2961031798832
score = -1592.2961031798832
score = -1592.2961031798832
Iteration 3 of 6
884884288488421 done
Polishing map...
score = -1607.3358505723415
score = -1601.1212423798977
score = -1601.1212423798977
score = -1601.1212423798977
Iteration 4 of 6
884884288488421 done
Polishing map...
score = -1592.2961031798832
score = -1592.2961031798832
score = -1592.2961031798832
*score = -1589.694239036577
Iteration 5 of 6
884884288488421 done
Polishing map...
score = -1602.6495179439107
score = -1602.6495179439107
score = -1601.1212423798977
score = -1600.688386997636
Iteration 6 of 6
884884288488421 done
Polishing map...
score = -1594.5962807331257
score = -1594.5962807331257
score = -1594.5962807331257
score = -1594.5962807331257
Final score = -1589.694239036577
Setting dataScale to 0.6766917293233082 all likelihoods will be multiplied by 1.4777777777777779
logL = -1589.694239036577
number of recombinations = 51.0 logL = -1589.694239036577
Individual	V	P14459_103_S3	recombines	1	times
Individual	V	P14459_105_S5	recombines	1	times
Individual	V	P14459_106_S6	recombines	2	times
Individual	V	P14459_107_S7	recombines	1	times
Individual	V	P14459_108_S8	recombines	1	times
Individual	V	P14459_111_S11	recombines	1	times
Individual	V	P14459_112_S12	recombines	1	times
Individual	V	P14459_113_S13	recombines	1	times
Individual	V	P14459_115_S15	recombines	1	times
Individual	V	P14459_116_S16	recombines	2	times
Individual	V	P14459_118_S18	recombines	1	times
Individual	V	P14459_120_S20	recombines	1	times
Individual	V	P14459_125_S25	recombines	1	times
Individual	V	P14459_126_S26	recombines	1	times
Individual	V	P14459_127_S27	recombines	1	times
Individual	V	P14459_128_S28	recombines	1	times
Individual	V	P14459_129_S29	recombines	1	times
Individual	V	P14459_136_S36	recombines	1	times
Individual	V	P14459_137_S37	recombines	1	times
Individual	V	P14459_139_S39	recombines	1	times
Individual	V	P14459_145_S45	recombines	1	times
Individual	V	P14459_146_S46	recombines	1	times
Individual	V	P14459_148_S48	recombines	1	times
Individual	V	P14459_149_S49	recombines	1	times
Individual	V	P14459_150_S50	recombines	1	times
Individual	V	P14459_152_S52	recombines	1	times
Individual	V	P14459_155_S55	recombines	1	times
Individual	V	P14459_157_S57	recombines	1	times
Individual	V	P14459_158_S58	recombines	1	times
Individual	V	P14459_159_S59	recombines	1	times
Individual	V	P14459_161_S61	recombines	1	times
Individual	V	P14459_164_S64	recombines	1	times
Individual	V	P14459_166_S66	recombines	1	times
Individual	V	P14459_168_S68	recombines	1	times
Individual	V	P14459_169_S69	recombines	1	times
Individual	V	P14459_171_S71	recombines	1	times
Individual	V	P14459_172_S72	recombines	1	times
Individual	V	P14459_173_S73	recombines	1	times
Individual	V	P14459_174_S74	recombines	1	times
Individual	V	P14459_176_S76	recombines	1	times
Individual	V	P14459_180_S80	recombines	1	times
Individual	V	P14459_183_S83	recombines	1	times
Individual	V	P14459_185_S85	recombines	1	times
Individual	V	P14459_187_S87	recombines	1	times
Individual	V	P14459_189_S89	recombines	1	times
Individual	V	P14459_190_S90	recombines	1	times
Individual	V	P14459_191_S91	recombines	1	times
Individual	V	P14459_194_S94	recombines	1	times
Individual	V	P14459_195_S95	recombines	1	times
#*** LG = 0 likelihood = -1589.6942
#marker_number	male_position	female_position	( 0.0 )[	phased data]
31919	0.000	0.000	( 0 )	110010011001001011011111000111011100101010101001101010001010000000101001000000001100000101000000000000000000000000000000000000000000000000000000000000000000000000000000000000000000 0 0
31919	0.000	0.000	( 0 )	110010011001001011011111000111011100101010101001101010001010000000101001000000001100000101000000000000000000000000000000000000000000000000000000000000000000000000000000000000000000 0 0
31920	0.000	0.000	( 0 )	110010011001001011011111000111011100101010101001101010001010000000101001000000001100000101000000000000000000000000000000000000000000000000000000000000000000000000000000000000000000 0 0
31897	1.111	0.000	( 0 )	110010011001001011011111000111011100101010101001101010001010000000100001000000001100000101000000000000000000000000000000000000000000000000000000000000000000000000000000000000000000 1 0
31895	1.111	0.000	( 0 )	110010011001001011011111000111011100101010101001101010001010000000100001000000001100000101000000000000000000000000000000000000000000000000000000000000000000000000000000000000000000 0 0
31924	1.111	0.000	( 0 )	110010011001001011011111000111011100101010101001101010001010000000100001000000001100000101000000000000000000000000000000000000000000000000000000000000000000000000000000000000000000 0 0
31896	1.111	0.000	( 0 )	110010011001001011011111000111011100101010101001101010001010000000100001000000001100000101000000000000000000000000000000000000000000000000000000000000000000000000000000000000000000 0 0
31921	1.111	0.000	( 0 )	110010011001001011011111000111011100101010101001101010001010000000100001000000001100000101000000000000000000000000000000000000000000000000000000000000000000000000000000000000000000 0 0
31918	1.111	0.000	( 0 )	110010011001001011011111000111011100101010101001101010001010000000100001000000001100000101000000000000000000000000000000000000000000000000000000000000000000000000000000000000000000 0 0
40983	2.223	0.000	( 0 )	110010011001001011011111000111011100101010101001101010001010000000110001000000001100000101000000000000000000000000000000000000000000000000000000000000000000000000000000000000000000 1 0
31904	2.223	0.000	( 0 )	110010011001001011011111000111011100101010101001101010001010000000110001000000001100000101000000000000000000000000000000000000000000000000000000000000000000000000000000000000000000 0 0
31966	5.561	0.000	( 0 )	110110011000001011011110000111011100101010101001101010001010000000110001000000001100000101000000000000000000000000000000000000000000000000000000000000000000000000000000000000000000 3 0
31987	5.561	0.000	( 0 )	110110011000001011011110000111011100101010101001101010001010000000110001000000001100000101000000000000000000000000000000000000000000000000000000000000000000000000000000000000000000 0 0
31967	5.561	0.000	( 0 )	110110011000001011011110000111011100101010101001101010001010000000110001000000001100000101000000000000000000000000000000000000000000000000000000000000000000000000000000000000000000 0 0
31980	5.561	0.000	( 0 )	110110011000001011011110000111011100101010101001101010001010000000110001000000001100000101000000000000000000000000000000000000000000000000000000000000000000000000000000000000000000 0 0
31973	5.561	0.000	( 0 )	110110011000001011011110000111011100101010101001101010001010000000110001000000001100000101000000000000000000000000000000000000000000000000000000000000000000000000000000000000000000 0 0
32008	8.899	0.000	( 0 )	110110011000001011011110001011011100101010101001101010001010000000110011000000001100000101000000000000000000000000000000000000000000000000000000000000000000000000000000000000000000 3 0
32007	8.899	0.000	( 0 )	110110011000001011011110001011011100101010101001101010001010000000110011000000001100000101000000000000000000000000000000000000000000000000000000000000000000000000000000000000000000 0 0
32072	10.010	0.000	( 0 )	110110011000000011011110001011011100101010101001101010001010000000110011000000001100000101000000000000000000000000000000000000000000000000000000000000000000000000000000000000000000 1 0
32004	10.010	0.000	( 0 )	110110011000000011011110001011011100101010101001101010001010000000110011000000001100000101000000000000000000000000000000000000000000000000000000000000000000000000000000000000000000 0 0
32066	10.010	0.000	( 0 )	110110011000000011011110001011011100101010101001101010001010000000110011000000001100000101000000000000000000000000000000000000000000000000000000000000000000000000000000000000000000 0 0
32073	10.010	0.000	( 0 )	110110011000000011011110001011011100101010101001101010001010000000110011000000001100000101000000000000000000000000000000000000000000000000000000000000000000000000000000000000000000 0 0
32075	10.010	0.000	( 0 )	110110011000000011011110001011011100101010101001101010001010000000110011000000001100000101000000000000000000000000000000000000000000000000000000000000000000000000000000000000000000 0 0
32078	10.010	0.000	( 0 )	110110011000000011011110001011011100101010101001101010001010000000110011000000001100000101000000000000000000000000000000000000000000000000000000000000000000000000000000000000000000 0 0
32067	10.010	0.000	( 0 )	110110011000000011011110001011011100101010101001101010001010000000110011000000001100000101000000000000000000000000000000000000000000000000000000000000000000000000000000000000000000 0 0
32076	10.010	0.000	( 0 )	110110011000000011011110001011011100101010101001101010001010000000110011000000001100000101000000000000000000000000000000000000000000000000000000000000000000000000000000000000000000 0 0
32065	10.010	0.000	( 0 )	110110011000000011011110001011011100101010101001101010001010000000110011000000001100000101000000000000000000000000000000000000000000000000000000000000000000000000000000000000000000 0 0
32071	10.010	0.000	( 0 )	110110011000000011011110001011011100101010101001101010001010000000110011000000001100000101000000000000000000000000000000000000000000000000000000000000000000000000000000000000000000 0 0
32056	10.010	0.000	( 0 )	110110011000000011011110001011011100101010101001101010001010000000110011000000001100000101000000000000000000000000000000000000000000000000000000000000000000000000000000000000000000 0 0
32069	10.010	0.000	( 0 )	110110011000000011011110001011011100101010101001101010001010000000110011000000001100000101000000000000000000000000000000000000000000000000000000000000000000000000000000000000000000 0 0
32062	10.010	0.000	( 0 )	110110011000000011011110001011011100101010101001101010001010000000110011000000001100000101000000000000000000000000000000000000000000000000000000000000000000000000000000000000000000 0 0
32070	10.010	0.000	( 0 )	110110011000000011011110001011011100101010101001101010001010000000110011000000001100000101000000000000000000000000000000000000000000000000000000000000000000000000000000000000000000 0 0
32064	10.010	0.000	( 0 )	110110011000000011011110001011011100101010101001101010001010000000110011000000001100000101000000000000000000000000000000000000000000000000000000000000000000000000000000000000000000 0 0
32063	10.010	0.000	( 0 )	110110011000000011011110001011011100101010101001101010001010000000110011000000001100000101000000000000000000000000000000000000000000000000000000000000000000000000000000000000000000 0 0
32074	10.010	0.000	( 0 )	110110011000000011011110001011011100101010101001101010001010000000110011000000001100000101000000000000000000000000000000000000000000000000000000000000000000000000000000000000000000 0 0
32068	10.010	0.000	( 0 )	110110011000000011011110001011011100101010101001101010001010000000110011000000001100000101000000000000000000000000000000000000000000000000000000000000000000000000000000000000000000 0 0
32016	11.122	0.000	( 0 )	110110011000001011011110001011011100101010101001101010001010000000110011000000001100000101000000000000000000000000000000000000000000000000000000000000000000000000000000000000000000 1 0
32103	14.460	0.000	( 0 )	110110011000001011111110001011011100101011101001001010001010000000110011000000001100000101000000000000000000000000000000000000000000000000000000000000000000000000000000000000000000 3 0
32104	14.460	0.000	( 0 )	110110011000001011111110001011011100101011101001001010001010000000110011000000001100000101000000000000000000000000000000000000000000000000000000000000000000000000000000000000000000 0 0
32242	24.597	0.000	( 0 )	110100011000001011111110001011011100101011101101001010101010010100110011001001001000000100000000000000000000000000000000000000000000000000000000000000000000000000000000000000000000 9 0
32240	25.708	0.000	( 0 )	110100011000001011111110011011011100101011101101001010101010010100110011001001001000000100000000000000000000000000000000000000000000000000000000000000000000000000000000000000000000 1 0
32207	25.708	0.000	( 0 )	110100011000001011111110011011011100101011101101001010101010010100110011001001001000000100000000000000000000000000000000000000000000000000000000000000000000000000000000000000000000 0 0
32208	25.708	0.000	( 0 )	110100011000001011111110011011011100101011101101001010101010010100110011001001001000000100000000000000000000000000000000000000000000000000000000000000000000000000000000000000000000 0 0
32234	25.708	0.000	( 0 )	110100011000001011111110011011011100101011101101001010101010010100110011001001001000000100000000000000000000000000000000000000000000000000000000000000000000000000000000000000000000 0 0
32213	25.708	0.000	( 0 )	110100011000001011111110011011011100101011101101001010101010010100110011001001001000000100000000000000000000000000000000000000000000000000000000000000000000000000000000000000000000 0 0
32210	25.708	0.000	( 0 )	110100011000001011111110011011011100101011101101001010101010010100110011001001001000000100000000000000000000000000000000000000000000000000000000000000000000000000000000000000000000 0 0
32211	25.708	0.000	( 0 )	110100011000001011111110011011011100101011101101001010101010010100110011001001001000000100000000000000000000000000000000000000000000000000000000000000000000000000000000000000000000 0 0
32243	29.046	0.000	( 0 )	110100111000011011111110011011011100101011101101001010101110010100110011001001001000000100000000000000000000000000000000000000000000000000000000000000000000000000000000000000000000 3 0
32245	29.046	0.000	( 0 )	110100111000011011111110011011011100101011101101001010101110010100110011001001001000000100000000000000000000000000000000000000000000000000000000000000000000000000000000000000000000 0 0
32244	29.046	0.000	( 0 )	110100111000011011111110011011011100101011101101001010101110010100110011001001001000000100000000000000000000000000000000000000000000000000000000000000000000000000000000000000000000 0 0
32288	31.270	0.000	( 0 )	110100111000011011111110111011011100101011100101001010101110010100110011001001001000000100000000000000000000000000000000000000000000000000000000000000000000000000000000000000000000 2 0
32306	32.381	0.000	( 0 )	110100111000011011111110111011011100101011100101001010101110010100110011001001001000010100000000000000000000000000000000000000000000000000000000000000000000000000000000000000000000 1 0
32336	32.381	0.000	( 0 )	110100111000011011111110111011011100101011100101001010101110010100110011001001001000010100000000000000000000000000000000000000000000000000000000000000000000000000000000000000000000 0 0
32309	32.381	0.000	( 0 )	110100111000011011111110111011011100101011100101001010101110010100110011001001001000010100000000000000000000000000000000000000000000000000000000000000000000000000000000000000000000 0 0
32313	32.381	0.000	( 0 )	110100111000011011111110111011011100101011100101001010101110010100110011001001001000010100000000000000000000000000000000000000000000000000000000000000000000000000000000000000000000 0 0
32335	32.381	0.000	( 0 )	110100111000011011111110111011011100101011100101001010101110010100110011001001001000010100000000000000000000000000000000000000000000000000000000000000000000000000000000000000000000 0 0
32311	32.381	0.000	( 0 )	110100111000011011111110111011011100101011100101001010101110010100110011001001001000010100000000000000000000000000000000000000000000000000000000000000000000000000000000000000000000 0 0
32337	32.381	0.000	( 0 )	110100111000011011111110111011011100101011100101001010101110010100110011001001001000010100000000000000000000000000000000000000000000000000000000000000000000000000000000000000000000 0 0
32312	32.381	0.000	( 0 )	110100111000011011111110111011011100101011100101001010101110010100110011001001001000010100000000000000000000000000000000000000000000000000000000000000000000000000000000000000000000 0 0
32314	32.381	0.000	( 0 )	110100111000011011111110111011011100101011100101001010101110010100110011001001001000010100000000000000000000000000000000000000000000000000000000000000000000000000000000000000000000 0 0
32334	32.381	0.000	( 0 )	110100111000011011111110111011011100101011100101001010101110010100110011001001001000010100000000000000000000000000000000000000000000000000000000000000000000000000000000000000000000 0 0
32343	33.493	0.000	( 0 )	110100111000011011111110111011011100101011000101001010101110010100110011001001001000010100000000000000000000000000000000000000000000000000000000000000000000000000000000000000000000 1 0
32403	36.831	0.000	( 0 )	110100111000011011111110111011011010101011000101001011101110010100110011001001001000010100000000000000000000000000000000000000000000000000000000000000000000000000000000000000000000 3 0
32396	36.831	0.000	( 0 )	110100111000011011111110111011011010101011000101001011101110010100110011001001001000010100000000000000000000000000000000000000000000000000000000000000000000000000000000000000000000 0 0
32395	36.831	0.000	( 0 )	110100111000011011111110111011011010101011000101001011101110010100110011001001001000010100000000000000000000000000000000000000000000000000000000000000000000000000000000000000000000 0 0
32398	36.831	0.000	( 0 )	110100111000011011111110111011011010101011000101001011101110010100110011001001001000010100000000000000000000000000000000000000000000000000000000000000000000000000000000000000000000 0 0
32388	36.831	0.000	( 0 )	110100111000011011111110111011011010101011000101001011101110010100110011001001001000010100000000000000000000000000000000000000000000000000000000000000000000000000000000000000000000 0 0
32446	37.942	0.000	( 0 )	110100111000011011111110111011011010001011000101001011101110010100110011001001001000010100000000000000000000000000000000000000000000000000000000000000000000000000000000000000000000 1 0
32576	37.942	0.000	( 0 )	110100111000011011111110111011011010001011000101001011101110010100110011001001001000010100000000000000000000000000000000000000000000000000000000000000000000000000000000000000000000 0 0
32445	37.942	0.000	( 0 )	110100111000011011111110111011011010001011000101001011101110010100110011001001001000010100000000000000000000000000000000000000000000000000000000000000000000000000000000000000000000 0 0
32414	37.942	0.000	( 0 )	110100111000011011111110111011011010001011000101001011101110010100110011001001001000010100000000000000000000000000000000000000000000000000000000000000000000000000000000000000000000 0 0
32467	37.942	0.000	( 0 )	110100111000011011111110111011011010001011000101001011101110010100110011001001001000010100000000000000000000000000000000000000000000000000000000000000000000000000000000000000000000 0 0
32577	37.942	0.000	( 0 )	110100111000011011111110111011011010001011000101001011101110010100110011001001001000010100000000000000000000000000000000000000000000000000000000000000000000000000000000000000000000 0 0
32609	37.942	0.000	( 0 )	110100111000011011111110111011011010001011000101001011101110010100110011001001001000010100000000000000000000000000000000000000000000000000000000000000000000000000000000000000000000 0 0
32417	37.942	0.000	( 0 )	110100111000011011111110111011011010001011000101001011101110010100110011001001001000010100000000000000000000000000000000000000000000000000000000000000000000000000000000000000000000 0 0
32605	37.942	0.000	( 0 )	110100111000011011111110111011011010001011000101001011101110010100110011001001001000010100000000000000000000000000000000000000000000000000000000000000000000000000000000000000000000 0 0
32540	37.942	0.000	( 0 )	110100111000011011111110111011011010001011000101001011101110010100110011001001001000010100000000000000000000000000000000000000000000000000000000000000000000000000000000000000000000 0 0
32450	37.942	0.000	( 0 )	110100111000011011111110111011011010001011000101001011101110010100110011001001001000010100000000000000000000000000000000000000000000000000000000000000000000000000000000000000000000 0 0
32427	37.942	0.000	( 0 )	110100111000011011111110111011011010001011000101001011101110010100110011001001001000010100000000000000000000000000000000000000000000000000000000000000000000000000000000000000000000 0 0
32525	37.942	0.000	( 0 )	110100111000011011111110111011011010001011000101001011101110010100110011001001001000010100000000000000000000000000000000000000000000000000000000000000000000000000000000000000000000 0 0
32607	37.942	0.000	( 0 )	110100111000011011111110111011011010001011000101001011101110010100110011001001001000010100000000000000000000000000000000000000000000000000000000000000000000000000000000000000000000 0 0
32484	39.053	0.000	( 0 )	110100111000011011111110111011011010001011000101001011101110010100110011001001001001010100000000000000000000000000000000000000000000000000000000000000000000000000000000000000000000 1 0
32665	39.053	0.000	( 0 )	110100111000011011111110111011011010001011000101001011101110010100110011001001001001010100000000000000000000000000000000000000000000000000000000000000000000000000000000000000000000 0 0
32664	39.053	0.000	( 0 )	110100111000011011111110111011011010001011000101001011101110010100110011001001001001010100000000000000000000000000000000000000000000000000000000000000000000000000000000000000000000 0 0
32637	39.053	0.000	( 0 )	110100111000011011111110111011011010001011000101001011101110010100110011001001001001010100000000000000000000000000000000000000000000000000000000000000000000000000000000000000000000 0 0
32639	39.053	0.000	( 0 )	110100111000011011111110111011011010001011000101001011101110010100110011001001001001010100000000000000000000000000000000000000000000000000000000000000000000000000000000000000000000 0 0
32641	39.053	0.000	( 0 )	110100111000011011111110111011011010001011000101001011101110010100110011001001001001010100000000000000000000000000000000000000000000000000000000000000000000000000000000000000000000 0 0
32699	40.165	0.000	( 0 )	110101111000011011111110111011011010001011000101001011101110010100110011001001001001010100000000000000000000000000000000000000000000000000000000000000000000000000000000000000000000 1 0
32693	40.165	0.000	( 0 )	110101111000011011111110111011011010001011000101001011101110010100110011001001001001010100000000000000000000000000000000000000000000000000000000000000000000000000000000000000000000 0 0
32692	40.165	0.000	( 0 )	110101111000011011111110111011011010001011000101001011101110010100110011001001001001010100000000000000000000000000000000000000000000000000000000000000000000000000000000000000000000 0 0
32702	40.165	0.000	( 0 )	110101111000011011111110111011011010001011000101001011101110010100110011001001001001010100000000000000000000000000000000000000000000000000000000000000000000000000000000000000000000 0 0
32701	40.165	0.000	( 0 )	110101111000011011111110111011011010001011000101001011101110010100110011001001001001010100000000000000000000000000000000000000000000000000000000000000000000000000000000000000000000 0 0
32560	41.276	0.000	( 0 )	110111111000011011111110111011011010001011000101001011101110010100110011001001001001010100000000000000000000000000000000000000000000000000000000000000000000000000000000000000000000 1 0
32779	41.276	0.000	( 0 )	110111111000011011111110111011011010001011000101001011101110010100110011001001001001010100000000000000000000000000000000000000000000000000000000000000000000000000000000000000000000 0 0
32561	41.276	0.000	( 0 )	110111111000011011111110111011011010001011000101001011101110010100110011001001001001010100000000000000000000000000000000000000000000000000000000000000000000000000000000000000000000 0 0
32734	41.276	0.000	( 0 )	110111111000011011111110111011011010001011000101001011101110010100110011001001001001010100000000000000000000000000000000000000000000000000000000000000000000000000000000000000000000 0 0
32721	41.276	0.000	( 0 )	110111111000011011111110111011011010001011000101001011101110010100110011001001001001010100000000000000000000000000000000000000000000000000000000000000000000000000000000000000000000 0 0
32559	41.276	0.000	( 0 )	110111111000011011111110111011011010001011000101001011101110010100110011001001001001010100000000000000000000000000000000000000000000000000000000000000000000000000000000000000000000 0 0
32773	41.276	0.000	( 0 )	110111111000011011111110111011011010001011000101001011101110010100110011001001001001010100000000000000000000000000000000000000000000000000000000000000000000000000000000000000000000 0 0
32753	41.276	0.000	( 0 )	110111111000011011111110111011011010001011000101001011101110010100110011001001001001010100000000000000000000000000000000000000000000000000000000000000000000000000000000000000000000 0 0
32716	41.276	0.000	( 0 )	110111111000011011111110111011011010001011000101001011101110010100110011001001001001010100000000000000000000000000000000000000000000000000000000000000000000000000000000000000000000 0 0
32717	41.276	0.000	( 0 )	110111111000011011111110111011011010001011000101001011101110010100110011001001001001010100000000000000000000000000000000000000000000000000000000000000000000000000000000000000000000 0 0
32754	41.276	0.000	( 0 )	110111111000011011111110111011011010001011000101001011101110010100110011001001001001010100000000000000000000000000000000000000000000000000000000000000000000000000000000000000000000 0 0
32711	41.276	0.000	( 0 )	110111111000011011111110111011011010001011000101001011101110010100110011001001001001010100000000000000000000000000000000000000000000000000000000000000000000000000000000000000000000 0 0
32709	41.276	0.000	( 0 )	110111111000011011111110111011011010001011000101001011101110010100110011001001001001010100000000000000000000000000000000000000000000000000000000000000000000000000000000000000000000 0 0
32742	41.276	0.000	( 0 )	110111111000011011111110111011011010001011000101001011101110010100110011001001001001010100000000000000000000000000000000000000000000000000000000000000000000000000000000000000000000 0 0
32741	41.276	0.000	( 0 )	110111111000011011111110111011011010001011000101001011101110010100110011001001001001010100000000000000000000000000000000000000000000000000000000000000000000000000000000000000000000 0 0
32731	41.276	0.000	( 0 )	110111111000011011111110111011011010001011000101001011101110010100110011001001001001010100000000000000000000000000000000000000000000000000000000000000000000000000000000000000000000 0 0
32712	41.276	0.000	( 0 )	110111111000011011111110111011011010001011000101001011101110010100110011001001001001010100000000000000000000000000000000000000000000000000000000000000000000000000000000000000000000 0 0
32562	41.276	0.000	( 0 )	110111111000011011111110111011011010001011000101001011101110010100110011001001001001010100000000000000000000000000000000000000000000000000000000000000000000000000000000000000000000 0 0
32829	42.387	0.000	( 0 )	100111111000011011111110111011011010001011000101001011101110010100110011001001001001010100000000000000000000000000000000000000000000000000000000000000000000000000000000000000000000 1 0
32789	42.387	0.000	( 0 )	100111111000011011111110111011011010001011000101001011101110010100110011001001001001010100000000000000000000000000000000000000000000000000000000000000000000000000000000000000000000 0 0
32835	42.387	0.000	( 0 )	100111111000011011111110111011011010001011000101001011101110010100110011001001001001010100000000000000000000000000000000000000000000000000000000000000000000000000000000000000000000 0 0
32831	42.387	0.000	( 0 )	100111111000011011111110111011011010001011000101001011101110010100110011001001001001010100000000000000000000000000000000000000000000000000000000000000000000000000000000000000000000 0 0
32832	42.387	0.000	( 0 )	100111111000011011111110111011011010001011000101001011101110010100110011001001001001010100000000000000000000000000000000000000000000000000000000000000000000000000000000000000000000 0 0
32830	42.387	0.000	( 0 )	100111111000011011111110111011011010001011000101001011101110010100110011001001001001010100000000000000000000000000000000000000000000000000000000000000000000000000000000000000000000 0 0
32833	42.387	0.000	( 0 )	100111111000011011111110111011011010001011000101001011101110010100110011001001001001010100000000000000000000000000000000000000000000000000000000000000000000000000000000000000000000 0 0
32793	42.387	0.000	( 0 )	100111111000011011111110111011011010001011000101001011101110010100110011001001001001010100000000000000000000000000000000000000000000000000000000000000000000000000000000000000000000 0 0
32783	42.387	0.000	( 0 )	100111111000011011111110111011011010001011000101001011101110010100110011001001001001010100000000000000000000000000000000000000000000000000000000000000000000000000000000000000000000 0 0
32690	44.611	0.000	( 0 )	100111111000011011111110111011011010001011000101001011101110010110110111001001001001010100000000000000000000000000000000000000000000000000000000000000000000000000000000000000000000 2 0
32688	45.722	0.000	( 0 )	100111111000011011111110111011011010001011000101001011101110010110110111001001001001010110000000000000000000000000000000000000000000000000000000000000000000000000000000000000000000 1 0
32689	45.722	0.000	( 0 )	100111111000011011111110111011011010001011000101001011101110010110110111001001001001010110000000000000000000000000000000000000000000000000000000000000000000000000000000000000000000 0 0
33014	53.564	0.000	( 0 )	100111111100011001111110111011011010001011000111001111101110110110010111001001011001010110000000000000000000000000000000000000000000000000000000000000000000000000000000000000000000 7 0
33016	53.564	0.000	( 0 )	100111111100011001111110111011011010001011000111001111101110110110010111001001011001010110000000000000000000000000000000000000000000000000000000000000000000000000000000000000000000 0 0
33020	53.564	0.000	( 0 )	100111111100011001111110111011011010001011000111001111101110110110010111001001011001010110000000000000000000000000000000000000000000000000000000000000000000000000000000000000000000 0 0
33010	53.564	0.000	( 0 )	100111111100011001111110111011011010001011000111001111101110110110010111001001011001010110000000000000000000000000000000000000000000000000000000000000000000000000000000000000000000 0 0
33009	53.564	0.000	( 0 )	100111111100011001111110111011011010001011000111001111101110110110010111001001011001010110000000000000000000000000000000000000000000000000000000000000000000000000000000000000000000 0 0
33015	53.564	0.000	( 0 )	100111111100011001111110111011011010001011000111001111101110110110010111001001011001010110000000000000000000000000000000000000000000000000000000000000000000000000000000000000000000 0 0
33022	53.564	0.000	( 0 )	100111111100011001111110111011011010001011000111001111101110110110010111001001011001010110000000000000000000000000000000000000000000000000000000000000000000000000000000000000000000 0 0
33013	53.564	0.000	( 0 )	100111111100011001111110111011011010001011000111001111101110110110010111001001011001010110000000000000000000000000000000000000000000000000000000000000000000000000000000000000000000 0 0
33124	54.675	0.000	( 0 )	100111111110011001111110111011011010001011000111001111101110110110010111001001011001010110000000000000000000000000000000000000000000000000000000000000000000000000000000000000000000 1 0
33125	54.675	0.000	( 0 )	100111111110011001111110111011011010001011000111001111101110110110010111001001011001010110000000000000000000000000000000000000000000000000000000000000000000000000000000000000000000 0 0
33029	56.899	0.000	( 0 )	100111111110011001111110111011011010001011000111001111111110110110010111001001011001110110000000000000000000000000000000000000000000000000000000000000000000000000000000000000000000 2 0
