#java OrderMarkers2 data=- evaluateOrder=reordermarkers/iterations/ordered.18.12 useKosambi=1 numThreads=4 calculateIntervals=intervals/ordered.18.intervals randSeed=-6641729118372101785
Loading file
No grandparents present in family V
Number of individuals = 92
Number of families = 1
File loaded with 42521 SNPs
Number of individuals = 92 excluding grandparents
Number of families = 1
Number of markers = 362
Setting dataScale to 0.24861878453038674 all likelihoods will be multiplied by 4.022222222222222
Initial score = -6427.374316957551
Iteration 1 of 6
884884288488421 done
Polishing map...
score = -5487.106177064007
*score = -5455.049328980219
score = -5448.227439200283
*score = -5448.1437139485
Iteration 2 of 6
884884288488421 done
Polishing map...
score = -5398.1093679243895
*score = -5388.763950663266
score = -5388.763950663266
score = -5388.763950663266
Iteration 3 of 6
884884288488421 done
Polishing map...
score = -5473.872212155605
score = -5448.143317696821
score = -5448.227042948604
score = -5448.143317696821
Iteration 4 of 6
884884288488421 done
Polishing map...
score = -5420.689312496433
score = -5404.996421707734
score = -5399.52993430005
score = -5399.52993430005
Iteration 5 of 6
884884288488421 done
Polishing map...
score = -5421.782664673981
score = -5394.976752119717
score = -5394.085811631431
*score = -5387.873017327537
Iteration 6 of 6
884884288488421 done
Polishing map...
score = -5385.384017103787
*score = -5378.476991587754
score = -5378.476991587754
score = -5378.4769987403115
Final score = -5378.476991587754
Setting dataScale to 0.24861878453038674 all likelihoods will be multiplied by 4.022222222222222
logL = -5378.476991587754
number of recombinations = 98.0 logL = -5378.476991587754
Individual	V	P14459_101_S1	recombines	1	times
Individual	V	P14459_103_S3	recombines	1	times
Individual	V	P14459_104_S4	recombines	1	times
Individual	V	P14459_105_S5	recombines	1	times
Individual	V	P14459_106_S6	recombines	1	times
Individual	V	P14459_107_S7	recombines	1	times
Individual	V	P14459_108_S8	recombines	2	times
Individual	V	P14459_109_S9	recombines	1	times
Individual	V	P14459_110_S10	recombines	1	times
Individual	V	P14459_111_S11	recombines	1	times
Individual	V	P14459_112_S12	recombines	1	times
Individual	V	P14459_113_S13	recombines	1	times
Individual	V	P14459_114_S14	recombines	1	times
Individual	V	P14459_115_S15	recombines	1	times
Individual	V	P14459_116_S16	recombines	1	times
Individual	V	P14459_117_S17	recombines	1	times
Individual	V	P14459_118_S18	recombines	1	times
Individual	V	P14459_119_S19	recombines	1	times
Individual	V	P14459_120_S20	recombines	1	times
Individual	V	P14459_121_S21	recombines	1	times
Individual	V	P14459_123_S23	recombines	1	times
Individual	V	P14459_124_S24	recombines	1	times
Individual	V	P14459_125_S25	recombines	2	times
Individual	V	P14459_127_S27	recombines	2	times
Individual	V	P14459_128_S28	recombines	1	times
Individual	V	P14459_129_S29	recombines	2	times
Individual	V	P14459_131_S31	recombines	1	times
Individual	V	P14459_132_S32	recombines	2	times
Individual	V	P14459_134_S34	recombines	1	times
Individual	V	P14459_135_S35	recombines	1	times
Individual	V	P14459_136_S36	recombines	1	times
Individual	V	P14459_137_S37	recombines	1	times
Individual	V	P14459_138_S38	recombines	1	times
Individual	V	P14459_139_S39	recombines	1	times
Individual	V	P14459_140_S40	recombines	1	times
Individual	V	P14459_141_S41	recombines	1	times
Individual	V	P14459_144_S44	recombines	2	times
Individual	V	P14459_145_S45	recombines	1	times
Individual	V	P14459_146_S46	recombines	1	times
Individual	V	P14459_147_S47	recombines	2	times
Individual	V	P14459_148_S48	recombines	1	times
Individual	V	P14459_149_S49	recombines	2	times
Individual	V	P14459_150_S50	recombines	1	times
Individual	V	P14459_151_S51	recombines	1	times
Individual	V	P14459_152_S52	recombines	1	times
Individual	V	P14459_153_S53	recombines	1	times
Individual	V	P14459_154_S54	recombines	1	times
Individual	V	P14459_157_S57	recombines	1	times
Individual	V	P14459_158_S58	recombines	1	times
Individual	V	P14459_159_S59	recombines	1	times
Individual	V	P14459_160_S60	recombines	1	times
Individual	V	P14459_161_S61	recombines	1	times
Individual	V	P14459_162_S62	recombines	2	times
Individual	V	P14459_163_S63	recombines	1	times
Individual	V	P14459_164_S64	recombines	2	times
Individual	V	P14459_166_S66	recombines	1	times
Individual	V	P14459_167_S67	recombines	1	times
Individual	V	P14459_168_S68	recombines	1	times
Individual	V	P14459_169_S69	recombines	1	times
Individual	V	P14459_170_S70	recombines	2	times
Individual	V	P14459_171_S71	recombines	1	times
Individual	V	P14459_172_S72	recombines	1	times
Individual	V	P14459_173_S73	recombines	2	times
Individual	V	P14459_174_S74	recombines	1	times
Individual	V	P14459_176_S76	recombines	1	times
Individual	V	P14459_177_S77	recombines	1	times
Individual	V	P14459_178_S78	recombines	1	times
Individual	V	P14459_179_S79	recombines	2	times
Individual	V	P14459_180_S80	recombines	2	times
Individual	V	P14459_181_S81	recombines	2	times
Individual	V	P14459_183_S83	recombines	1	times
Individual	V	P14459_184_S84	recombines	1	times
Individual	V	P14459_186_S86	recombines	2	times
Individual	V	P14459_187_S87	recombines	1	times
Individual	V	P14459_188_S88	recombines	1	times
Individual	V	P14459_189_S89	recombines	1	times
Individual	V	P14459_190_S90	recombines	1	times
Individual	V	P14459_191_S91	recombines	1	times
Individual	V	P14459_192_S92	recombines	1	times
Individual	V	P14459_193_S93	recombines	1	times
Individual	V	P14459_194_S94	recombines	1	times
Individual	V	P14459_195_S95	recombines	1	times
#*** LG = 0 likelihood = -5378.477
#marker_number	male_position	female_position	( 0.0 )[	phased data]
41987	0.000	0.000	( 0 )	011101110111011011101001111010011111100101100000011111111000111110110100011010111011110100000000000000000000000000000000000000000000000000000000000000000000000000000000000000000000 0 0
42518	12.475	0.000	( 0 )	011101100111011001101001111010001010100101100000000111111000111010010100011010111011100000000000000000000000000000000000000000000000000000000000000000000000000000000000000000000000 11 0
42504	12.475	0.000	( 0 )	011101100111011001101001111010001010100101100000000111111000111010010100011010111011100000000000000000000000000000000000000000000000000000000000000000000000000000000000000000000000 0 0
42514	12.475	0.000	( 0 )	011101100111011001101001111010001010100101100000000111111000111010010100011010111011100000000000000000000000000000000000000000000000000000000000000000000000000000000000000000000000 0 0
42507	12.475	0.000	( 0 )	011101100111011001101001111010001010100101100000000111111000111010010100011010111011100000000000000000000000000000000000000000000000000000000000000000000000000000000000000000000000 0 0
42505	12.475	0.000	( 0 )	011101100111011001101001111010001010100101100000000111111000111010010100011010111011100000000000000000000000000000000000000000000000000000000000000000000000000000000000000000000000 0 0
42519	12.475	0.000	( 0 )	011101100111011001101001111010001010100101100000000111111000111010010100011010111011100000000000000000000000000000000000000000000000000000000000000000000000000000000000000000000000 0 0
42506	12.475	0.000	( 0 )	011101100111011001101001111010001010100101100000000111111000111010010100011010111011100000000000000000000000000000000000000000000000000000000000000000000000000000000000000000000000 0 0
42520	12.475	0.000	( 0 )	011101100111011001101001111010001010100101100000000111111000111010010100011010111011100000000000000000000000000000000000000000000000000000000000000000000000000000000000000000000000 0 0
42517	12.475	0.000	( 0 )	011101100111011001101001111010001010100101100000000111111000111010010100011010111011100000000000000000000000000000000000000000000000000000000000000000000000000000000000000000000000 0 0
42503	12.475	0.000	( 0 )	011101100111011001101001111010001010100101100000000111111000111010010100011010111011100000000000000000000000000000000000000000000000000000000000000000000000000000000000000000000000 0 0
42482	13.586	0.000	( 0 )	011101100111011001101001111010001010100101100000100111111000111010010100011010111011100000000000000000000000000000000000000000000000000000000000000000000000000000000000000000000000 1 0
42446	13.586	0.000	( 0 )	011101100111011001101001111010001010100101100000100111111000111010010100011010111011100000000000000000000000000000000000000000000000000000000000000000000000000000000000000000000000 0 0
42443	13.586	0.000	( 0 )	011101100111011001101001111010001010100101100000100111111000111010010100011010111011100000000000000000000000000000000000000000000000000000000000000000000000000000000000000000000000 0 0
42448	13.586	0.000	( 0 )	011101100111011001101001111010001010100101100000100111111000111010010100011010111011100000000000000000000000000000000000000000000000000000000000000000000000000000000000000000000000 0 0
42451	13.586	0.000	( 0 )	011101100111011001101001111010001010100101100000100111111000111010010100011010111011100000000000000000000000000000000000000000000000000000000000000000000000000000000000000000000000 0 0
42477	13.586	0.000	( 0 )	011101100111011001101001111010001010100101100000100111111000111010010100011010111011100000000000000000000000000000000000000000000000000000000000000000000000000000000000000000000000 0 0
42455	13.586	0.000	( 0 )	011101100111011001101001111010001010100101100000100111111000111010010100011010111011100000000000000000000000000000000000000000000000000000000000000000000000000000000000000000000000 0 0
42484	13.586	0.000	( 0 )	011101100111011001101001111010001010100101100000100111111000111010010100011010111011100000000000000000000000000000000000000000000000000000000000000000000000000000000000000000000000 0 0
42444	13.586	0.000	( 0 )	011101100111011001101001111010001010100101100000100111111000111010010100011010111011100000000000000000000000000000000000000000000000000000000000000000000000000000000000000000000000 0 0
42481	13.586	0.000	( 0 )	011101100111011001101001111010001010100101100000100111111000111010010100011010111011100000000000000000000000000000000000000000000000000000000000000000000000000000000000000000000000 0 0
42497	13.586	0.000	( 0 )	011101100111011001101001111010001010100101100000100111111000111010010100011010111011100000000000000000000000000000000000000000000000000000000000000000000000000000000000000000000000 0 0
42445	13.586	0.000	( 0 )	011101100111011001101001111010001010100101100000100111111000111010010100011010111011100000000000000000000000000000000000000000000000000000000000000000000000000000000000000000000000 0 0
42476	13.586	0.000	( 0 )	011101100111011001101001111010001010100101100000100111111000111010010100011010111011100000000000000000000000000000000000000000000000000000000000000000000000000000000000000000000000 0 0
42498	13.586	0.000	( 0 )	011101100111011001101001111010001010100101100000100111111000111010010100011010111011100000000000000000000000000000000000000000000000000000000000000000000000000000000000000000000000 0 0
42456	13.586	0.000	( 0 )	011101100111011001101001111010001010100101100000100111111000111010010100011010111011100000000000000000000000000000000000000000000000000000000000000000000000000000000000000000000000 0 0
42442	13.586	0.000	( 0 )	011101100111011001101001111010001010100101100000100111111000111010010100011010111011100000000000000000000000000000000000000000000000000000000000000000000000000000000000000000000000 0 0
42496	13.586	0.000	( 0 )	011101100111011001101001111010001010100101100000100111111000111010010100011010111011100000000000000000000000000000000000000000000000000000000000000000000000000000000000000000000000 0 0
42450	13.586	0.000	( 0 )	011101100111011001101001111010001010100101100000100111111000111010010100011010111011100000000000000000000000000000000000000000000000000000000000000000000000000000000000000000000000 0 0
42447	13.586	0.000	( 0 )	011101100111011001101001111010001010100101100000100111111000111010010100011010111011100000000000000000000000000000000000000000000000000000000000000000000000000000000000000000000000 0 0
42449	13.586	0.000	( 0 )	011101100111011001101001111010001010100101100000100111111000111010010100011010111011100000000000000000000000000000000000000000000000000000000000000000000000000000000000000000000000 0 0
42452	13.586	0.000	( 0 )	011101100111011001101001111010001010100101100000100111111000111010010100011010111011100000000000000000000000000000000000000000000000000000000000000000000000000000000000000000000000 0 0
42454	13.586	0.000	( 0 )	011101100111011001101001111010001010100101100000100111111000111010010100011010111011100000000000000000000000000000000000000000000000000000000000000000000000000000000000000000000000 0 0
42453	13.586	0.000	( 0 )	011101100111011001101001111010001010100101100000100111111000111010010100011010111011100000000000000000000000000000000000000000000000000000000000000000000000000000000000000000000000 0 0
42469	14.697	0.000	( 0 )	011101100111011001101001111010001010100101100000100111111000111010010100011110111011100000000000000000000000000000000000000000000000000000000000000000000000000000000000000000000000 1 0
42468	14.697	0.000	( 0 )	011101100111011001101001111010001010100101100000100111111000111010010100011110111011100000000000000000000000000000000000000000000000000000000000000000000000000000000000000000000000 0 0
42467	14.697	0.000	( 0 )	011101100111011001101001111010001010100101100000100111111000111010010100011110111011100000000000000000000000000000000000000000000000000000000000000000000000000000000000000000000000 0 0
42466	14.697	0.000	( 0 )	011101100111011001101001111010001010100101100000100111111000111010010100011110111011100000000000000000000000000000000000000000000000000000000000000000000000000000000000000000000000 0 0
42465	14.697	0.000	( 0 )	011101100111011001101001111010001010100101100000100111111000111010010100011110111011100000000000000000000000000000000000000000000000000000000000000000000000000000000000000000000000 0 0
42470	14.697	0.000	( 0 )	011101100111011001101001111010001010100101100000100111111000111010010100011110111011100000000000000000000000000000000000000000000000000000000000000000000000000000000000000000000000 0 0
42418	15.809	0.000	( 0 )	011101100111011001101001111010001010100101100000100111111000111010010100011110111111100000000000000000000000000000000000000000000000000000000000000000000000000000000000000000000000 1 0
42417	15.809	0.000	( 0 )	011101100111011001101001111010001010100101100000100111111000111010010100011110111111100000000000000000000000000000000000000000000000000000000000000000000000000000000000000000000000 0 0
42421	16.920	0.000	( 0 )	011101100101011001101001111010001010100101100000100111111000111010010100011110111111100000000000000000000000000000000000000000000000000000000000000000000000000000000000000000000000 1 0
42422	16.920	0.000	( 0 )	011101100101011001101001111010001010100101100000100111111000111010010100011110111111100000000000000000000000000000000000000000000000000000000000000000000000000000000000000000000000 0 0
42387	18.031	0.000	( 0 )	011101100101011001101001111010001010100101100000100110111000111010010100011110111111100000000000000000000000000000000000000000000000000000000000000000000000000000000000000000000000 1 0
42388	18.031	0.000	( 0 )	011101100101011001101001111010001010100101100000100110111000111010010100011110111111100000000000000000000000000000000000000000000000000000000000000000000000000000000000000000000000 0 0
42402	18.031	0.000	( 0 )	011101100101011001101001111010001010100101100000100110111000111010010100011110111111100000000000000000000000000000000000000000000000000000000000000000000000000000000000000000000000 0 0
42389	18.031	0.000	( 0 )	011101100101011001101001111010001010100101100000100110111000111010010100011110111111100000000000000000000000000000000000000000000000000000000000000000000000000000000000000000000000 0 0
42374	19.143	0.000	( 0 )	011101100101011001101001111010001010100101100100100110111000111010010100011110111111100000000000000000000000000000000000000000000000000000000000000000000000000000000000000000000000 1 0
42377	19.143	0.000	( 0 )	011101100101011001101001111010001010100101100100100110111000111010010100011110111111100000000000000000000000000000000000000000000000000000000000000000000000000000000000000000000000 0 0
42373	19.143	0.000	( 0 )	011101100101011001101001111010001010100101100100100110111000111010010100011110111111100000000000000000000000000000000000000000000000000000000000000000000000000000000000000000000000 0 0
42376	19.143	0.000	( 0 )	011101100101011001101001111010001010100101100100100110111000111010010100011110111111100000000000000000000000000000000000000000000000000000000000000000000000000000000000000000000000 0 0
42375	19.143	0.000	( 0 )	011101100101011001101001111010001010100101100100100110111000111010010100011110111111100000000000000000000000000000000000000000000000000000000000000000000000000000000000000000000000 0 0
42336	20.254	0.000	( 0 )	011101100101011001101001111010001010100101100100100110111000111011010100011110111111100000000000000000000000000000000000000000000000000000000000000000000000000000000000000000000000 1 0
42311	20.254	0.000	( 0 )	011101100101011001101001111010001010100101100100100110111000111011010100011110111111100000000000000000000000000000000000000000000000000000000000000000000000000000000000000000000000 0 0
42327	20.254	0.000	( 0 )	011101100101011001101001111010001010100101100100100110111000111011010100011110111111100000000000000000000000000000000000000000000000000000000000000000000000000000000000000000000000 0 0
42306	20.254	0.000	( 0 )	011101100101011001101001111010001010100101100100100110111000111011010100011110111111100000000000000000000000000000000000000000000000000000000000000000000000000000000000000000000000 0 0
42312	20.254	0.000	( 0 )	011101100101011001101001111010001010100101100100100110111000111011010100011110111111100000000000000000000000000000000000000000000000000000000000000000000000000000000000000000000000 0 0
42313	20.254	0.000	( 0 )	011101100101011001101001111010001010100101100100100110111000111011010100011110111111100000000000000000000000000000000000000000000000000000000000000000000000000000000000000000000000 0 0
42303	20.254	0.000	( 0 )	011101100101011001101001111010001010100101100100100110111000111011010100011110111111100000000000000000000000000000000000000000000000000000000000000000000000000000000000000000000000 0 0
42333	20.254	0.000	( 0 )	011101100101011001101001111010001010100101100100100110111000111011010100011110111111100000000000000000000000000000000000000000000000000000000000000000000000000000000000000000000000 0 0
42334	20.254	0.000	( 0 )	011101100101011001101001111010001010100101100100100110111000111011010100011110111111100000000000000000000000000000000000000000000000000000000000000000000000000000000000000000000000 0 0
42328	20.254	0.000	( 0 )	011101100101011001101001111010001010100101100100100110111000111011010100011110111111100000000000000000000000000000000000000000000000000000000000000000000000000000000000000000000000 0 0
42319	20.254	0.000	( 0 )	011101100101011001101001111010001010100101100100100110111000111011010100011110111111100000000000000000000000000000000000000000000000000000000000000000000000000000000000000000000000 0 0
42314	20.254	0.000	( 0 )	011101100101011001101001111010001010100101100100100110111000111011010100011110111111100000000000000000000000000000000000000000000000000000000000000000000000000000000000000000000000 0 0
42310	20.254	0.000	( 0 )	011101100101011001101001111010001010100101100100100110111000111011010100011110111111100000000000000000000000000000000000000000000000000000000000000000000000000000000000000000000000 0 0
42323	20.254	0.000	( 0 )	011101100101011001101001111010001010100101100100100110111000111011010100011110111111100000000000000000000000000000000000000000000000000000000000000000000000000000000000000000000000 0 0
42302	20.254	0.000	( 0 )	011101100101011001101001111010001010100101100100100110111000111011010100011110111111100000000000000000000000000000000000000000000000000000000000000000000000000000000000000000000000 0 0
42335	20.254	0.000	( 0 )	011101100101011001101001111010001010100101100100100110111000111011010100011110111111100000000000000000000000000000000000000000000000000000000000000000000000000000000000000000000000 0 0
42301	20.254	0.000	( 0 )	011101100101011001101001111010001010100101100100100110111000111011010100011110111111100000000000000000000000000000000000000000000000000000000000000000000000000000000000000000000000 0 0
42295	21.365	0.000	( 0 )	011101100101011001101001111010001010100101100100100110111000111011010100011111111111100000000000000000000000000000000000000000000000000000000000000000000000000000000000000000000000 1 0
42247	21.365	0.000	( 0 )	011101100101011001101001111010001010100101100100100110111000111011010100011111111111100000000000000000000000000000000000000000000000000000000000000000000000000000000000000000000000 0 0
42291	21.365	0.000	( 0 )	011101100101011001101001111010001010100101100100100110111000111011010100011111111111100000000000000000000000000000000000000000000000000000000000000000000000000000000000000000000000 0 0
42296	21.365	0.000	( 0 )	011101100101011001101001111010001010100101100100100110111000111011010100011111111111100000000000000000000000000000000000000000000000000000000000000000000000000000000000000000000000 0 0
42292	21.365	0.000	( 0 )	011101100101011001101001111010001010100101100100100110111000111011010100011111111111100000000000000000000000000000000000000000000000000000000000000000000000000000000000000000000000 0 0
42246	21.365	0.000	( 0 )	011101100101011001101001111010001010100101100100100110111000111011010100011111111111100000000000000000000000000000000000000000000000000000000000000000000000000000000000000000000000 0 0
42290	21.365	0.000	( 0 )	011101100101011001101001111010001010100101100100100110111000111011010100011111111111100000000000000000000000000000000000000000000000000000000000000000000000000000000000000000000000 0 0
42252	21.365	0.000	( 0 )	011101100101011001101001111010001010100101100100100110111000111011010100011111111111100000000000000000000000000000000000000000000000000000000000000000000000000000000000000000000000 0 0
42286	21.365	0.000	( 0 )	011101100101011001101001111010001010100101100100100110111000111011010100011111111111100000000000000000000000000000000000000000000000000000000000000000000000000000000000000000000000 0 0
42251	21.365	0.000	( 0 )	011101100101011001101001111010001010100101100100100110111000111011010100011111111111100000000000000000000000000000000000000000000000000000000000000000000000000000000000000000000000 0 0
42267	21.365	0.000	( 0 )	011101100101011001101001111010001010100101100100100110111000111011010100011111111111100000000000000000000000000000000000000000000000000000000000000000000000000000000000000000000000 0 0
42287	21.365	0.000	( 0 )	011101100101011001101001111010001010100101100100100110111000111011010100011111111111100000000000000000000000000000000000000000000000000000000000000000000000000000000000000000000000 0 0
42226	22.476	0.000	( 0 )	011101100101011001101001111010001010100111100100100110111000111011010100011111111111100000000000000000000000000000000000000000000000000000000000000000000000000000000000000000000000 1 0
42219	22.476	0.000	( 0 )	011101100101011001101001111010001010100111100100100110111000111011010100011111111111100000000000000000000000000000000000000000000000000000000000000000000000000000000000000000000000 0 0
42227	22.476	0.000	( 0 )	011101100101011001101001111010001010100111100100100110111000111011010100011111111111100000000000000000000000000000000000000000000000000000000000000000000000000000000000000000000000 0 0
42223	22.476	0.000	( 0 )	011101100101011001101001111010001010100111100100100110111000111011010100011111111111100000000000000000000000000000000000000000000000000000000000000000000000000000000000000000000000 0 0
42215	22.476	0.000	( 0 )	011101100101011001101001111010001010100111100100100110111000111011010100011111111111100000000000000000000000000000000000000000000000000000000000000000000000000000000000000000000000 0 0
42222	22.476	0.000	( 0 )	011101100101011001101001111010001010100111100100100110111000111011010100011111111111100000000000000000000000000000000000000000000000000000000000000000000000000000000000000000000000 0 0
42216	22.476	0.000	( 0 )	011101100101011001101001111010001010100111100100100110111000111011010100011111111111100000000000000000000000000000000000000000000000000000000000000000000000000000000000000000000000 0 0
42170	23.588	0.000	( 0 )	011101000101011001101001111010001010100111100100100110111000111011010100011111111111100000000000000000000000000000000000000000000000000000000000000000000000000000000000000000000000 1 0
42169	23.588	0.000	( 0 )	011101000101011001101001111010001010100111100100100110111000111011010100011111111111100000000000000000000000000000000000000000000000000000000000000000000000000000000000000000000000 0 0
42176	23.588	0.000	( 0 )	011101000101011001101001111010001010100111100100100110111000111011010100011111111111100000000000000000000000000000000000000000000000000000000000000000000000000000000000000000000000 0 0
42172	23.588	0.000	( 0 )	011101000101011001101001111010001010100111100100100110111000111011010100011111111111100000000000000000000000000000000000000000000000000000000000000000000000000000000000000000000000 0 0
42177	23.588	0.000	( 0 )	011101000101011001101001111010001010100111100100100110111000111011010100011111111111100000000000000000000000000000000000000000000000000000000000000000000000000000000000000000000000 0 0
42171	23.588	0.000	( 0 )	011101000101011001101001111010001010100111100100100110111000111011010100011111111111100000000000000000000000000000000000000000000000000000000000000000000000000000000000000000000000 0 0
42106	24.699	0.000	( 0 )	011101000101011001101001111010001010100111100110100110111000111011010100011111111111100000000000000000000000000000000000000000000000000000000000000000000000000000000000000000000000 1 0
42097	24.699	0.000	( 0 )	011101000101011001101001111010001010100111100110100110111000111011010100011111111111100000000000000000000000000000000000000000000000000000000000000000000000000000000000000000000000 0 0
42115	24.699	0.000	( 0 )	011101000101011001101001111010001010100111100110100110111000111011010100011111111111100000000000000000000000000000000000000000000000000000000000000000000000000000000000000000000000 0 0
42095	24.699	0.000	( 0 )	011101000101011001101001111010001010100111100110100110111000111011010100011111111111100000000000000000000000000000000000000000000000000000000000000000000000000000000000000000000000 0 0
42114	24.699	0.000	( 0 )	011101000101011001101001111010001010100111100110100110111000111011010100011111111111100000000000000000000000000000000000000000000000000000000000000000000000000000000000000000000000 0 0
42098	24.699	0.000	( 0 )	011101000101011001101001111010001010100111100110100110111000111011010100011111111111100000000000000000000000000000000000000000000000000000000000000000000000000000000000000000000000 0 0
42124	24.699	0.000	( 0 )	011101000101011001101001111010001010100111100110100110111000111011010100011111111111100000000000000000000000000000000000000000000000000000000000000000000000000000000000000000000000 0 0
42094	24.699	0.000	( 0 )	011101000101011001101001111010001010100111100110100110111000111011010100011111111111100000000000000000000000000000000000000000000000000000000000000000000000000000000000000000000000 0 0
42107	24.699	0.000	( 0 )	011101000101011001101001111010001010100111100110100110111000111011010100011111111111100000000000000000000000000000000000000000000000000000000000000000000000000000000000000000000000 0 0
42116	24.699	0.000	( 0 )	011101000101011001101001111010001010100111100110100110111000111011010100011111111111100000000000000000000000000000000000000000000000000000000000000000000000000000000000000000000000 0 0
42126	24.699	0.000	( 0 )	011101000101011001101001111010001010100111100110100110111000111011010100011111111111100000000000000000000000000000000000000000000000000000000000000000000000000000000000000000000000 0 0
42125	24.699	0.000	( 0 )	011101000101011001101001111010001010100111100110100110111000111011010100011111111111100000000000000000000000000000000000000000000000000000000000000000000000000000000000000000000000 0 0
42076	25.810	0.000	( 0 )	011101000101011001101001101010001010100111100110100110111000111011010100011111111111100000000000000000000000000000000000000000000000000000000000000000000000000000000000000000000000 1 0
42072	25.810	0.000	( 0 )	011101000101011001101001101010001010100111100110100110111000111011010100011111111111100000000000000000000000000000000000000000000000000000000000000000000000000000000000000000000000 0 0
42088	25.810	0.000	( 0 )	011101000101011001101001101010001010100111100110100110111000111011010100011111111111100000000000000000000000000000000000000000000000000000000000000000000000000000000000000000000000 0 0
42070	25.810	0.000	( 0 )	011101000101011001101001101010001010100111100110100110111000111011010100011111111111100000000000000000000000000000000000000000000000000000000000000000000000000000000000000000000000 0 0
42078	25.810	0.000	( 0 )	011101000101011001101001101010001010100111100110100110111000111011010100011111111111100000000000000000000000000000000000000000000000000000000000000000000000000000000000000000000000 0 0
42075	25.810	0.000	( 0 )	011101000101011001101001101010001010100111100110100110111000111011010100011111111111100000000000000000000000000000000000000000000000000000000000000000000000000000000000000000000000 0 0
42086	25.810	0.000	( 0 )	011101000101011001101001101010001010100111100110100110111000111011010100011111111111100000000000000000000000000000000000000000000000000000000000000000000000000000000000000000000000 0 0
42071	25.810	0.000	( 0 )	011101000101011001101001101010001010100111100110100110111000111011010100011111111111100000000000000000000000000000000000000000000000000000000000000000000000000000000000000000000000 0 0
42087	25.810	0.000	( 0 )	011101000101011001101001101010001010100111100110100110111000111011010100011111111111100000000000000000000000000000000000000000000000000000000000000000000000000000000000000000000000 0 0
42066	25.810	0.000	( 0 )	011101000101011001101001101010001010100111100110100110111000111011010100011111111111100000000000000000000000000000000000000000000000000000000000000000000000000000000000000000000000 0 0
42074	25.810	0.000	( 0 )	011101000101011001101001101010001010100111100110100110111000111011010100011111111111100000000000000000000000000000000000000000000000000000000000000000000000000000000000000000000000 0 0
42067	25.810	0.000	( 0 )	011101000101011001101001101010001010100111100110100110111000111011010100011111111111100000000000000000000000000000000000000000000000000000000000000000000000000000000000000000000000 0 0
42077	25.810	0.000	( 0 )	011101000101011001101001101010001010100111100110100110111000111011010100011111111111100000000000000000000000000000000000000000000000000000000000000000000000000000000000000000000000 0 0
42068	25.810	0.000	( 0 )	011101000101011001101001101010001010100111100110100110111000111011010100011111111111100000000000000000000000000000000000000000000000000000000000000000000000000000000000000000000000 0 0
42069	25.810	0.000	( 0 )	011101000101011001101001101010001010100111100110100110111000111011010100011111111111100000000000000000000000000000000000000000000000000000000000000000000000000000000000000000000000 0 0
42085	25.810	0.000	( 0 )	011101000101011001101001101010001010100111100110100110111000111011010100011111111111100000000000000000000000000000000000000000000000000000000000000000000000000000000000000000000000 0 0
42056	25.810	0.000	( 0 )	011101000101011001101001101010001010100111100110100110111000111011010100011111111111100000000000000000000000000000000000000000000000000000000000000000000000000000000000000000000000 0 0
42062	25.810	0.000	( 0 )	011101000101011001101001101010001010100111100110100110111000111011010100011111111111100000000000000000000000000000000000000000000000000000000000000000000000000000000000000000000000 0 0
42044	26.922	0.000	( 0 )	011101000101011001101001101010001010100111100110100110111000111011010110011111111111100000000000000000000000000000000000000000000000000000000000000000000000000000000000000000000000 1 0
42035	26.922	0.000	( 0 )	011101000101011001101001101010001010100111100110100110111000111011010110011111111111100000000000000000000000000000000000000000000000000000000000000000000000000000000000000000000000 0 0
42037	26.922	0.000	( 0 )	011101000101011001101001101010001010100111100110100110111000111011010110011111111111100000000000000000000000000000000000000000000000000000000000000000000000000000000000000000000000 0 0
42038	26.922	0.000	( 0 )	011101000101011001101001101010001010100111100110100110111000111011010110011111111111100000000000000000000000000000000000000000000000000000000000000000000000000000000000000000000000 0 0
42032	26.922	0.000	( 0 )	011101000101011001101001101010001010100111100110100110111000111011010110011111111111100000000000000000000000000000000000000000000000000000000000000000000000000000000000000000000000 0 0
42002	28.033	0.000	( 0 )	011101000101011001101001101010001010100111100110100110111000111011010110011111111110100000000000000000000000000000000000000000000000000000000000000000000000000000000000000000000000 1 0
42005	28.033	0.000	( 0 )	011101000101011001101001101010001010100111100110100110111000111011010110011111111110100000000000000000000000000000000000000000000000000000000000000000000000000000000000000000000000 0 0
42000	28.033	0.000	( 0 )	011101000101011001101001101010001010100111100110100110111000111011010110011111111110100000000000000000000000000000000000000000000000000000000000000000000000000000000000000000000000 0 0
42004	28.033	0.000	( 0 )	011101000101011001101001101010001010100111100110100110111000111011010110011111111110100000000000000000000000000000000000000000000000000000000000000000000000000000000000000000000000 0 0
42018	28.033	0.000	( 0 )	011101000101011001101001101010001010100111100110100110111000111011010110011111111110100000000000000000000000000000000000000000000000000000000000000000000000000000000000000000000000 0 0
42013	28.033	0.000	( 0 )	011101000101011001101001101010001010100111100110100110111000111011010110011111111110100000000000000000000000000000000000000000000000000000000000000000000000000000000000000000000000 0 0
42041	28.033	0.000	( 0 )	011101000101011001101001101010001010100111100110100110111000111011010110011111111110100000000000000000000000000000000000000000000000000000000000000000000000000000000000000000000000 0 0
42019	28.033	0.000	( 0 )	011101000101011001101001101010001010100111100110100110111000111011010110011111111110100000000000000000000000000000000000000000000000000000000000000000000000000000000000000000000000 0 0
42007	28.033	0.000	( 0 )	011101000101011001101001101010001010100111100110100110111000111011010110011111111110100000000000000000000000000000000000000000000000000000000000000000000000000000000000000000000000 0 0
42043	28.033	0.000	( 0 )	011101000101011001101001101010001010100111100110100110111000111011010110011111111110100000000000000000000000000000000000000000000000000000000000000000000000000000000000000000000000 0 0
42030	28.033	0.000	( 0 )	011101000101011001101001101010001010100111100110100110111000111011010110011111111110100000000000000000000000000000000000000000000000000000000000000000000000000000000000000000000000 0 0
42014	28.033	0.000	( 0 )	011101000101011001101001101010001010100111100110100110111000111011010110011111111110100000000000000000000000000000000000000000000000000000000000000000000000000000000000000000000000 0 0
42031	28.033	0.000	( 0 )	011101000101011001101001101010001010100111100110100110111000111011010110011111111110100000000000000000000000000000000000000000000000000000000000000000000000000000000000000000000000 0 0
42006	28.033	0.000	( 0 )	011101000101011001101001101010001010100111100110100110111000111011010110011111111110100000000000000000000000000000000000000000000000000000000000000000000000000000000000000000000000 0 0
42001	28.033	0.000	( 0 )	011101000101011001101001101010001010100111100110100110111000111011010110011111111110100000000000000000000000000000000000000000000000000000000000000000000000000000000000000000000000 0 0
41995	28.033	0.000	( 0 )	011101000101011001101001101010001010100111100110100110111000111011010110011111111110100000000000000000000000000000000000000000000000000000000000000000000000000000000000000000000000 0 0
42021	28.033	0.000	( 0 )	011101000101011001101001101010001010100111100110100110111000111011010110011111111110100000000000000000000000000000000000000000000000000000000000000000000000000000000000000000000000 0 0
42027	28.033	0.000	( 0 )	011101000101011001101001101010001010100111100110100110111000111011010110011111111110100000000000000000000000000000000000000000000000000000000000000000000000000000000000000000000000 0 0
41990	29.144	0.000	( 0 )	011101000101011001101001101010001010100111100110100110111000101011010110011111111110100000000000000000000000000000000000000000000000000000000000000000000000000000000000000000000000 1 0
41973	29.144	0.000	( 0 )	011101000101011001101001101010001010100111100110100110111000101011010110011111111110100000000000000000000000000000000000000000000000000000000000000000000000000000000000000000000000 0 0
41968	29.144	0.000	( 0 )	011101000101011001101001101010001010100111100110100110111000101011010110011111111110100000000000000000000000000000000000000000000000000000000000000000000000000000000000000000000000 0 0
41993	29.144	0.000	( 0 )	011101000101011001101001101010001010100111100110100110111000101011010110011111111110100000000000000000000000000000000000000000000000000000000000000000000000000000000000000000000000 0 0
41994	29.144	0.000	( 0 )	011101000101011001101001101010001010100111100110100110111000101011010110011111111110100000000000000000000000000000000000000000000000000000000000000000000000000000000000000000000000 0 0
41989	29.144	0.000	( 0 )	011101000101011001101001101010001010100111100110100110111000101011010110011111111110100000000000000000000000000000000000000000000000000000000000000000000000000000000000000000000000 0 0
41924	30.255	0.000	( 0 )	011101000101011001101001101010001010100111100110100110111000101011010110011111111100100000000000000000000000000000000000000000000000000000000000000000000000000000000000000000000000 1 0
41923	30.255	0.000	( 0 )	011101000101011001101001101010001010100111100110100110111000101011010110011111111100100000000000000000000000000000000000000000000000000000000000000000000000000000000000000000000000 0 0
41894	31.367	0.000	( 0 )	011101000101011001101001101010001010100111100110100110111000001011010110011111111100100000000000000000000000000000000000000000000000000000000000000000000000000000000000000000000000 1 0
41904	31.367	0.000	( 0 )	011101000101011001101001101010001010100111100110100110111000001011010110011111111100100000000000000000000000000000000000000000000000000000000000000000000000000000000000000000000000 0 0
41901	31.367	0.000	( 0 )	011101000101011001101001101010001010100111100110100110111000001011010110011111111100100000000000000000000000000000000000000000000000000000000000000000000000000000000000000000000000 0 0
41899	31.367	0.000	( 0 )	011101000101011001101001101010001010100111100110100110111000001011010110011111111100100000000000000000000000000000000000000000000000000000000000000000000000000000000000000000000000 0 0
41871	32.478	0.000	( 0 )	011101000001011001101001101010001010100111100110100110111000001011010110011111111100100000000000000000000000000000000000000000000000000000000000000000000000000000000000000000000000 1 0
41838	32.478	0.000	( 0 )	011101000001011001101001101010001010100111100110100110111000001011010110011111111100100000000000000000000000000000000000000000000000000000000000000000000000000000000000000000000000 0 0
41881	32.478	0.000	( 0 )	011101000001011001101001101010001010100111100110100110111000001011010110011111111100100000000000000000000000000000000000000000000000000000000000000000000000000000000000000000000000 0 0
41841	32.478	0.000	( 0 )	011101000001011001101001101010001010100111100110100110111000001011010110011111111100100000000000000000000000000000000000000000000000000000000000000000000000000000000000000000000000 0 0
41857	32.478	0.000	( 0 )	011101000001011001101001101010001010100111100110100110111000001011010110011111111100100000000000000000000000000000000000000000000000000000000000000000000000000000000000000000000000 0 0
41820	32.478	0.000	( 0 )	011101000001011001101001101010001010100111100110100110111000001011010110011111111100100000000000000000000000000000000000000000000000000000000000000000000000000000000000000000000000 0 0
41840	32.478	0.000	( 0 )	011101000001011001101001101010001010100111100110100110111000001011010110011111111100100000000000000000000000000000000000000000000000000000000000000000000000000000000000000000000000 0 0
41877	32.478	0.000	( 0 )	011101000001011001101001101010001010100111100110100110111000001011010110011111111100100000000000000000000000000000000000000000000000000000000000000000000000000000000000000000000000 0 0
41880	32.478	0.000	( 0 )	011101000001011001101001101010001010100111100110100110111000001011010110011111111100100000000000000000000000000000000000000000000000000000000000000000000000000000000000000000000000 0 0
41863	32.478	0.000	( 0 )	011101000001011001101001101010001010100111100110100110111000001011010110011111111100100000000000000000000000000000000000000000000000000000000000000000000000000000000000000000000000 0 0
41831	32.478	0.000	( 0 )	011101000001011001101001101010001010100111100110100110111000001011010110011111111100100000000000000000000000000000000000000000000000000000000000000000000000000000000000000000000000 0 0
41843	32.478	0.000	( 0 )	011101000001011001101001101010001010100111100110100110111000001011010110011111111100100000000000000000000000000000000000000000000000000000000000000000000000000000000000000000000000 0 0
41875	32.478	0.000	( 0 )	011101000001011001101001101010001010100111100110100110111000001011010110011111111100100000000000000000000000000000000000000000000000000000000000000000000000000000000000000000000000 0 0
41839	32.478	0.000	( 0 )	011101000001011001101001101010001010100111100110100110111000001011010110011111111100100000000000000000000000000000000000000000000000000000000000000000000000000000000000000000000000 0 0
41832	32.478	0.000	( 0 )	011101000001011001101001101010001010100111100110100110111000001011010110011111111100100000000000000000000000000000000000000000000000000000000000000000000000000000000000000000000000 0 0
41822	32.478	0.000	( 0 )	011101000001011001101001101010001010100111100110100110111000001011010110011111111100100000000000000000000000000000000000000000000000000000000000000000000000000000000000000000000000 0 0
41810	32.478	0.000	( 0 )	011101000001011001101001101010001010100111100110100110111000001011010110011111111100100000000000000000000000000000000000000000000000000000000000000000000000000000000000000000000000 0 0
41858	32.478	0.000	( 0 )	011101000001011001101001101010001010100111100110100110111000001011010110011111111100100000000000000000000000000000000000000000000000000000000000000000000000000000000000000000000000 0 0
41862	32.478	0.000	( 0 )	011101000001011001101001101010001010100111100110100110111000001011010110011111111100100000000000000000000000000000000000000000000000000000000000000000000000000000000000000000000000 0 0
41870	32.478	0.000	( 0 )	011101000001011001101001101010001010100111100110100110111000001011010110011111111100100000000000000000000000000000000000000000000000000000000000000000000000000000000000000000000000 0 0
41864	32.478	0.000	( 0 )	011101000001011001101001101010001010100111100110100110111000001011010110011111111100100000000000000000000000000000000000000000000000000000000000000000000000000000000000000000000000 0 0
41833	32.478	0.000	( 0 )	011101000001011001101001101010001010100111100110100110111000001011010110011111111100100000000000000000000000000000000000000000000000000000000000000000000000000000000000000000000000 0 0
41874	32.478	0.000	( 0 )	011101000001011001101001101010001010100111100110100110111000001011010110011111111100100000000000000000000000000000000000000000000000000000000000000000000000000000000000000000000000 0 0
41779	33.589	0.000	( 0 )	011001000001011001101001101010001010100111100110100110111000001011010110011111111100100000000000000000000000000000000000000000000000000000000000000000000000000000000000000000000000 1 0
41685	34.701	0.000	( 0 )	011001000001011001101001101010001010110111100110100110111000001011010110011111111100100000000000000000000000000000000000000000000000000000000000000000000000000000000000000000000000 1 0
41717	34.701	0.000	( 0 )	011001000001011001101001101010001010110111100110100110111000001011010110011111111100100000000000000000000000000000000000000000000000000000000000000000000000000000000000000000000000 0 0
41821	34.701	0.000	( 0 )	011001000001011001101001101010001010110111100110100110111000001011010110011111111100100000000000000000000000000000000000000000000000000000000000000000000000000000000000000000000000 0 0
41686	34.701	0.000	( 0 )	011001000001011001101001101010001010110111100110100110111000001011010110011111111100100000000000000000000000000000000000000000000000000000000000000000000000000000000000000000000000 0 0
41777	34.701	0.000	( 0 )	011001000001011001101001101010001010110111100110100110111000001011010110011111111100100000000000000000000000000000000000000000000000000000000000000000000000000000000000000000000000 0 0
41737	34.701	0.000	( 0 )	011001000001011001101001101010001010110111100110100110111000001011010110011111111100100000000000000000000000000000000000000000000000000000000000000000000000000000000000000000000000 0 0
41773	34.701	0.000	( 0 )	011001000001011001101001101010001010110111100110100110111000001011010110011111111100100000000000000000000000000000000000000000000000000000000000000000000000000000000000000000000000 0 0
41781	34.701	0.000	( 0 )	011001000001011001101001101010001010110111100110100110111000001011010110011111111100100000000000000000000000000000000000000000000000000000000000000000000000000000000000000000000000 0 0
41772	34.701	0.000	( 0 )	011001000001011001101001101010001010110111100110100110111000001011010110011111111100100000000000000000000000000000000000000000000000000000000000000000000000000000000000000000000000 0 0
41794	34.701	0.000	( 0 )	011001000001011001101001101010001010110111100110100110111000001011010110011111111100100000000000000000000000000000000000000000000000000000000000000000000000000000000000000000000000 0 0
41787	34.701	0.000	( 0 )	011001000001011001101001101010001010110111100110100110111000001011010110011111111100100000000000000000000000000000000000000000000000000000000000000000000000000000000000000000000000 0 0
41782	34.701	0.000	( 0 )	011001000001011001101001101010001010110111100110100110111000001011010110011111111100100000000000000000000000000000000000000000000000000000000000000000000000000000000000000000000000 0 0
41756	34.701	0.000	( 0 )	011001000001011001101001101010001010110111100110100110111000001011010110011111111100100000000000000000000000000000000000000000000000000000000000000000000000000000000000000000000000 0 0
41714	34.701	0.000	( 0 )	011001000001011001101001101010001010110111100110100110111000001011010110011111111100100000000000000000000000000000000000000000000000000000000000000000000000000000000000000000000000 0 0
41786	34.701	0.000	( 0 )	011001000001011001101001101010001010110111100110100110111000001011010110011111111100100000000000000000000000000000000000000000000000000000000000000000000000000000000000000000000000 0 0
41716	34.701	0.000	( 0 )	011001000001011001101001101010001010110111100110100110111000001011010110011111111100100000000000000000000000000000000000000000000000000000000000000000000000000000000000000000000000 0 0
41688	34.701	0.000	( 0 )	011001000001011001101001101010001010110111100110100110111000001011010110011111111100100000000000000000000000000000000000000000000000000000000000000000000000000000000000000000000000 0 0
41774	34.701	0.000	( 0 )	011001000001011001101001101010001010110111100110100110111000001011010110011111111100100000000000000000000000000000000000000000000000000000000000000000000000000000000000000000000000 0 0
41793	34.701	0.000	( 0 )	011001000001011001101001101010001010110111100110100110111000001011010110011111111100100000000000000000000000000000000000000000000000000000000000000000000000000000000000000000000000 0 0
41785	34.701	0.000	( 0 )	011001000001011001101001101010001010110111100110100110111000001011010110011111111100100000000000000000000000000000000000000000000000000000000000000000000000000000000000000000000000 0 0
41771	34.701	0.000	( 0 )	011001000001011001101001101010001010110111100110100110111000001011010110011111111100100000000000000000000000000000000000000000000000000000000000000000000000000000000000000000000000 0 0
41707	34.701	0.000	( 0 )	011001000001011001101001101010001010110111100110100110111000001011010110011111111100100000000000000000000000000000000000000000000000000000000000000000000000000000000000000000000000 0 0
41742	34.701	0.000	( 0 )	011001000001011001101001101010001010110111100110100110111000001011010110011111111100100000000000000000000000000000000000000000000000000000000000000000000000000000000000000000000000 0 0
41798	34.701	0.000	( 0 )	011001000001011001101001101010001010110111100110100110111000001011010110011111111100100000000000000000000000000000000000000000000000000000000000000000000000000000000000000000000000 0 0
41705	34.701	0.000	( 0 )	011001000001011001101001101010001010110111100110100110111000001011010110011111111100100000000000000000000000000000000000000000000000000000000000000000000000000000000000000000000000 0 0
41708	34.701	0.000	( 0 )	011001000001011001101001101010001010110111100110100110111000001011010110011111111100100000000000000000000000000000000000000000000000000000000000000000000000000000000000000000000000 0 0
41709	34.701	0.000	( 0 )	011001000001011001101001101010001010110111100110100110111000001011010110011111111100100000000000000000000000000000000000000000000000000000000000000000000000000000000000000000000000 0 0
41715	34.701	0.000	( 0 )	011001000001011001101001101010001010110111100110100110111000001011010110011111111100100000000000000000000000000000000000000000000000000000000000000000000000000000000000000000000000 0 0
41784	34.701	0.000	( 0 )	011001000001011001101001101010001010110111100110100110111000001011010110011111111100100000000000000000000000000000000000000000000000000000000000000000000000000000000000000000000000 0 0
41776	34.701	0.000	( 0 )	011001000001011001101001101010001010110111100110100110111000001011010110011111111100100000000000000000000000000000000000000000000000000000000000000000000000000000000000000000000000 0 0
41683	34.701	0.000	( 0 )	011001000001011001101001101010001010110111100110100110111000001011010110011111111100100000000000000000000000000000000000000000000000000000000000000000000000000000000000000000000000 0 0
41795	34.701	0.000	( 0 )	011001000001011001101001101010001010110111100110100110111000001011010110011111111100100000000000000000000000000000000000000000000000000000000000000000000000000000000000000000000000 0 0
41780	34.701	0.000	( 0 )	011001000001011001101001101010001010110111100110100110111000001011010110011111111100100000000000000000000000000000000000000000000000000000000000000000000000000000000000000000000000 0 0
41684	34.701	0.000	( 0 )	011001000001011001101001101010001010110111100110100110111000001011010110011111111100100000000000000000000000000000000000000000000000000000000000000000000000000000000000000000000000 0 0
41799	34.701	0.000	( 0 )	011001000001011001101001101010001010110111100110100110111000001011010110011111111100100000000000000000000000000000000000000000000000000000000000000000000000000000000000000000000000 0 0
41796	34.701	0.000	( 0 )	011001000001011001101001101010001010110111100110100110111000001011010110011111111100100000000000000000000000000000000000000000000000000000000000000000000000000000000000000000000000 0 0
41689	34.701	0.000	( 0 )	011001000001011001101001101010001010110111100110100110111000001011010110011111111100100000000000000000000000000000000000000000000000000000000000000000000000000000000000000000000000 0 0
41691	34.701	0.000	( 0 )	011001000001011001101001101010001010110111100110100110111000001011010110011111111100100000000000000000000000000000000000000000000000000000000000000000000000000000000000000000000000 0 0
41736	34.701	0.000	( 0 )	011001000001011001101001101010001010110111100110100110111000001011010110011111111100100000000000000000000000000000000000000000000000000000000000000000000000000000000000000000000000 0 0
41755	34.701	0.000	( 0 )	011001000001011001101001101010001010110111100110100110111000001011010110011111111100100000000000000000000000000000000000000000000000000000000000000000000000000000000000000000000000 0 0
41797	34.701	0.000	( 0 )	011001000001011001101001101010001010110111100110100110111000001011010110011111111100100000000000000000000000000000000000000000000000000000000000000000000000000000000000000000000000 0 0
41740	34.701	0.000	( 0 )	011001000001011001101001101010001010110111100110100110111000001011010110011111111100100000000000000000000000000000000000000000000000000000000000000000000000000000000000000000000000 0 0
41775	34.701	0.000	( 0 )	011001000001011001101001101010001010110111100110100110111000001011010110011111111100100000000000000000000000000000000000000000000000000000000000000000000000000000000000000000000000 0 0
41753	34.701	0.000	( 0 )	011001000001011001101001101010001010110111100110100110111000001011010110011111111100100000000000000000000000000000000000000000000000000000000000000000000000000000000000000000000000 0 0
41739	34.701	0.000	( 0 )	011001000001011001101001101010001010110111100110100110111000001011010110011111111100100000000000000000000000000000000000000000000000000000000000000000000000000000000000000000000000 0 0
41783	34.701	0.000	( 0 )	011001000001011001101001101010001010110111100110100110111000001011010110011111111100100000000000000000000000000000000000000000000000000000000000000000000000000000000000000000000000 0 0
41665	36.924	0.000	( 0 )	011001000001011001101001101011001010110111110110100110111000001011010110011111111100100000000000000000000000000000000000000000000000000000000000000000000000000000000000000000000000 2 0
41658	36.924	0.000	( 0 )	011001000001011001101001101011001010110111110110100110111000001011010110011111111100100000000000000000000000000000000000000000000000000000000000000000000000000000000000000000000000 0 0
41657	36.924	0.000	( 0 )	011001000001011001101001101011001010110111110110100110111000001011010110011111111100100000000000000000000000000000000000000000000000000000000000000000000000000000000000000000000000 0 0
41660	36.924	0.000	( 0 )	011001000001011001101001101011001010110111110110100110111000001011010110011111111100100000000000000000000000000000000000000000000000000000000000000000000000000000000000000000000000 0 0
41666	36.924	0.000	( 0 )	011001000001011001101001101011001010110111110110100110111000001011010110011111111100100000000000000000000000000000000000000000000000000000000000000000000000000000000000000000000000 0 0
41659	36.924	0.000	( 0 )	011001000001011001101001101011001010110111110110100110111000001011010110011111111100100000000000000000000000000000000000000000000000000000000000000000000000000000000000000000000000 0 0
41664	36.924	0.000	( 0 )	011001000001011001101001101011001010110111110110100110111000001011010110011111111100100000000000000000000000000000000000000000000000000000000000000000000000000000000000000000000000 0 0
41654	41.381	0.000	( 0 )	011001000001011001101001101011001010110111110110100110111000001011011110110111111100100001000000000000000000000000000000000000000000000000000000000000000000000000000000000000000000 4 0
41653	41.381	0.000	( 0 )	011001000001011001101001101011001010110111110110100110111000001011011110110111111100100001000000000000000000000000000000000000000000000000000000000000000000000000000000000000000000 0 0
41496	43.604	0.000	( 0 )	011001000001011001101001101111001010110111110110100110111100001011011110110111111100100001000000000000000000000000000000000000000000000000000000000000000000000000000000000000000000 2 0
41515	44.716	0.000	( 0 )	011001000001011001101001101111001010110111010110100110111100001011011110110111111100100001000000000000000000000000000000000000000000000000000000000000000000000000000000000000000000 1 0
41605	44.716	0.000	( 0 )	011001000001011001101001101111001010110111010110100110111100001011011110110111111100100001000000000000000000000000000000000000000000000000000000000000000000000000000000000000000000 0 0
41513	44.716	0.000	( 0 )	011001000001011001101001101111001010110111010110100110111100001011011110110111111100100001000000000000000000000000000000000000000000000000000000000000000000000000000000000000000000 0 0
41651	44.716	0.000	( 0 )	011001000001011001101001101111001010110111010110100110111100001011011110110111111100100001000000000000000000000000000000000000000000000000000000000000000000000000000000000000000000 0 0
41535	44.716	0.000	( 0 )	011001000001011001101001101111001010110111010110100110111100001011011110110111111100100001000000000000000000000000000000000000000000000000000000000000000000000000000000000000000000 0 0
41619	44.716	0.000	( 0 )	011001000001011001101001101111001010110111010110100110111100001011011110110111111100100001000000000000000000000000000000000000000000000000000000000000000000000000000000000000000000 0 0
41609	44.716	0.000	( 0 )	011001000001011001101001101111001010110111010110100110111100001011011110110111111100100001000000000000000000000000000000000000000000000000000000000000000000000000000000000000000000 0 0
41608	44.716	0.000	( 0 )	011001000001011001101001101111001010110111010110100110111100001011011110110111111100100001000000000000000000000000000000000000000000000000000000000000000000000000000000000000000000 0 0
41602	44.716	0.000	( 0 )	011001000001011001101001101111001010110111010110100110111100001011011110110111111100100001000000000000000000000000000000000000000000000000000000000000000000000000000000000000000000 0 0
41601	44.716	0.000	( 0 )	011001000001011001101001101111001010110111010110100110111100001011011110110111111100100001000000000000000000000000000000000000000000000000000000000000000000000000000000000000000000 0 0
41617	44.716	0.000	( 0 )	011001000001011001101001101111001010110111010110100110111100001011011110110111111100100001000000000000000000000000000000000000000000000000000000000000000000000000000000000000000000 0 0
41555	44.716	0.000	( 0 )	011001000001011001101001101111001010110111010110100110111100001011011110110111111100100001000000000000000000000000000000000000000000000000000000000000000000000000000000000000000000 0 0
41584	44.716	0.000	( 0 )	011001000001011001101001101111001010110111010110100110111100001011011110110111111100100001000000000000000000000000000000000000000000000000000000000000000000000000000000000000000000 0 0
41477	44.716	0.000	( 0 )	011001000001011001101001101111001010110111010110100110111100001011011110110111111100100001000000000000000000000000000000000000000000000000000000000000000000000000000000000000000000 0 0
41622	44.716	0.000	( 0 )	011001000001011001101001101111001010110111010110100110111100001011011110110111111100100001000000000000000000000000000000000000000000000000000000000000000000000000000000000000000000 0 0
41551	44.716	0.000	( 0 )	011001000001011001101001101111001010110111010110100110111100001011011110110111111100100001000000000000000000000000000000000000000000000000000000000000000000000000000000000000000000 0 0
41510	44.716	0.000	( 0 )	011001000001011001101001101111001010110111010110100110111100001011011110110111111100100001000000000000000000000000000000000000000000000000000000000000000000000000000000000000000000 0 0
41614	44.716	0.000	( 0 )	011001000001011001101001101111001010110111010110100110111100001011011110110111111100100001000000000000000000000000000000000000000000000000000000000000000000000000000000000000000000 0 0
41607	44.716	0.000	( 0 )	011001000001011001101001101111001010110111010110100110111100001011011110110111111100100001000000000000000000000000000000000000000000000000000000000000000000000000000000000000000000 0 0
41553	44.716	0.000	( 0 )	011001000001011001101001101111001010110111010110100110111100001011011110110111111100100001000000000000000000000000000000000000000000000000000000000000000000000000000000000000000000 0 0
41634	44.716	0.000	( 0 )	011001000001011001101001101111001010110111010110100110111100001011011110110111111100100001000000000000000000000000000000000000000000000000000000000000000000000000000000000000000000 0 0
41606	44.716	0.000	( 0 )	011001000001011001101001101111001010110111010110100110111100001011011110110111111100100001000000000000000000000000000000000000000000000000000000000000000000000000000000000000000000 0 0
41618	44.716	0.000	( 0 )	011001000001011001101001101111001010110111010110100110111100001011011110110111111100100001000000000000000000000000000000000000000000000000000000000000000000000000000000000000000000 0 0
41464	44.716	0.000	( 0 )	011001000001011001101001101111001010110111010110100110111100001011011110110111111100100001000000000000000000000000000000000000000000000000000000000000000000000000000000000000000000 0 0
41603	44.716	0.000	( 0 )	011001000001011001101001101111001010110111010110100110111100001011011110110111111100100001000000000000000000000000000000000000000000000000000000000000000000000000000000000000000000 0 0
41616	44.716	0.000	( 0 )	011001000001011001101001101111001010110111010110100110111100001011011110110111111100100001000000000000000000000000000000000000000000000000000000000000000000000000000000000000000000 0 0
41604	44.716	0.000	( 0 )	011001000001011001101001101111001010110111010110100110111100001011011110110111111100100001000000000000000000000000000000000000000000000000000000000000000000000000000000000000000000 0 0
41465	44.716	0.000	( 0 )	011001000001011001101001101111001010110111010110100110111100001011011110110111111100100001000000000000000000000000000000000000000000000000000000000000000000000000000000000000000000 0 0
41459	44.716	0.000	( 0 )	011001000001011001101001101111001010110111010110100110111100001011011110110111111100100001000000000000000000000000000000000000000000000000000000000000000000000000000000000000000000 0 0
41506	44.716	0.000	( 0 )	011001000001011001101001101111001010110111010110100110111100001011011110110111111100100001000000000000000000000000000000000000000000000000000000000000000000000000000000000000000000 0 0
41613	44.716	0.000	( 0 )	011001000001011001101001101111001010110111010110100110111100001011011110110111111100100001000000000000000000000000000000000000000000000000000000000000000000000000000000000000000000 0 0
41517	44.716	0.000	( 0 )	011001000001011001101001101111001010110111010110100110111100001011011110110111111100100001000000000000000000000000000000000000000000000000000000000000000000000000000000000000000000 0 0
41635	44.716	0.000	( 0 )	011001000001011001101001101111001010110111010110100110111100001011011110110111111100100001000000000000000000000000000000000000000000000000000000000000000000000000000000000000000000 0 0
41500	44.716	0.000	( 0 )	011001000001011001101001101111001010110111010110100110111100001011011110110111111100100001000000000000000000000000000000000000000000000000000000000000000000000000000000000000000000 0 0
41467	44.716	0.000	( 0 )	011001000001011001101001101111001010110111010110100110111100001011011110110111111100100001000000000000000000000000000000000000000000000000000000000000000000000000000000000000000000 0 0
41556	44.716	0.000	( 0 )	011001000001011001101001101111001010110111010110100110111100001011011110110111111100100001000000000000000000000000000000000000000000000000000000000000000000000000000000000000000000 0 0
41516	44.716	0.000	( 0 )	011001000001011001101001101111001010110111010110100110111100001011011110110111111100100001000000000000000000000000000000000000000000000000000000000000000000000000000000000000000000 0 0
41633	44.716	0.000	( 0 )	011001000001011001101001101111001010110111010110100110111100001011011110110111111100100001000000000000000000000000000000000000000000000000000000000000000000000000000000000000000000 0 0
41642	45.827	0.000	( 0 )	011001000001011001101011101111001010110111010110100110111100001011011110110111111100100001000000000000000000000000000000000000000000000000000000000000000000000000000000000000000000 1 0
41652	46.938	0.000	( 0 )	011001000001011001101011101111101010110111010110100110111100001011011110110111111100100001000000000000000000000000000000000000000000000000000000000000000000000000000000000000000000 1 0
41349	51.394	0.000	( 0 )	011001000001101001101111101111101010110111010110100110111110001011011110110111111100100001000000000000000000000000000000000000000000000000000000000000000000000000000000000000000000 4 0
41346	51.394	0.000	( 0 )	011001000001101001101111101111101010110111010110100110111110001011011110110111111100100001000000000000000000000000000000000000000000000000000000000000000000000000000000000000000000 0 0
41347	51.394	0.000	( 0 )	011001000001101001101111101111101010110111010110100110111110001011011110110111111100100001000000000000000000000000000000000000000000000000000000000000000000000000000000000000000000 0 0
41345	51.394	0.000	( 0 )	011001000001101001101111101111101010110111010110100110111110001011011110110111111100100001000000000000000000000000000000000000000000000000000000000000000000000000000000000000000000 0 0
41348	51.394	0.000	( 0 )	011001000001101001101111101111101010110111010110100110111110001011011110110111111100100001000000000000000000000000000000000000000000000000000000000000000000000000000000000000000000 0 0
41366	52.506	0.000	( 0 )	011001000001101001101111101111101010110111010110100110111110001011011110110111110100100001000000000000000000000000000000000000000000000000000000000000000000000000000000000000000000 1 0
41447	52.506	0.000	( 0 )	011001000001101001101111101111101010110111010110100110111110001011011110110111110100100001000000000000000000000000000000000000000000000000000000000000000000000000000000000000000000 0 0
41449	52.506	0.000	( 0 )	011001000001101001101111101111101010110111010110100110111110001011011110110111110100100001000000000000000000000000000000000000000000000000000000000000000000000000000000000000000000 0 0
41384	52.506	0.000	( 0 )	011001000001101001101111101111101010110111010110100110111110001011011110110111110100100001000000000000000000000000000000000000000000000000000000000000000000000000000000000000000000 0 0
41364	52.506	0.000	( 0 )	011001000001101001101111101111101010110111010110100110111110001011011110110111110100100001000000000000000000000000000000000000000000000000000000000000000000000000000000000000000000 0 0
41435	52.506	0.000	( 0 )	011001000001101001101111101111101010110111010110100110111110001011011110110111110100100001000000000000000000000000000000000000000000000000000000000000000000000000000000000000000000 0 0
41377	52.506	0.000	( 0 )	011001000001101001101111101111101010110111010110100110111110001011011110110111110100100001000000000000000000000000000000000000000000000000000000000000000000000000000000000000000000 0 0
41430	52.506	0.000	( 0 )	011001000001101001101111101111101010110111010110100110111110001011011110110111110100100001000000000000000000000000000000000000000000000000000000000000000000000000000000000000000000 0 0
41434	52.506	0.000	( 0 )	011001000001101001101111101111101010110111010110100110111110001011011110110111110100100001000000000000000000000000000000000000000000000000000000000000000000000000000000000000000000 0 0
41363	52.506	0.000	( 0 )	011001000001101001101111101111101010110111010110100110111110001011011110110111110100100001000000000000000000000000000000000000000000000000000000000000000000000000000000000000000000 0 0
41386	52.506	0.000	( 0 )	011001000001101001101111101111101010110111010110100110111110001011011110110111110100100001000000000000000000000000000000000000000000000000000000000000000000000000000000000000000000 0 0
41439	52.506	0.000	( 0 )	011001000001101001101111101111101010110111010110100110111110001011011110110111110100100001000000000000000000000000000000000000000000000000000000000000000000000000000000000000000000 0 0
41436	52.506	0.000	( 0 )	011001000001101001101111101111101010110111010110100110111110001011011110110111110100100001000000000000000000000000000000000000000000000000000000000000000000000000000000000000000000 0 0
41383	52.506	0.000	( 0 )	011001000001101001101111101111101010110111010110100110111110001011011110110111110100100001000000000000000000000000000000000000000000000000000000000000000000000000000000000000000000 0 0
41381	52.506	0.000	( 0 )	011001000001101001101111101111101010110111010110100110111110001011011110110111110100100001000000000000000000000000000000000000000000000000000000000000000000000000000000000000000000 0 0
41385	52.506	0.000	( 0 )	011001000001101001101111101111101010110111010110100110111110001011011110110111110100100001000000000000000000000000000000000000000000000000000000000000000000000000000000000000000000 0 0
41382	52.506	0.000	( 0 )	011001000001101001101111101111101010110111010110100110111110001011011110110111110100100001000000000000000000000000000000000000000000000000000000000000000000000000000000000000000000 0 0
41446	52.506	0.000	( 0 )	011001000001101001101111101111101010110111010110100110111110001011011110110111110100100001000000000000000000000000000000000000000000000000000000000000000000000000000000000000000000 0 0
41365	52.506	0.000	( 0 )	011001000001101001101111101111101010110111010110100110111110001011011110110111110100100001000000000000000000000000000000000000000000000000000000000000000000000000000000000000000000 0 0
41441	52.506	0.000	( 0 )	011001000001101001101111101111101010110111010110100110111110001011011110110111110100100001000000000000000000000000000000000000000000000000000000000000000000000000000000000000000000 0 0
41338	53.617	0.000	( 0 )	011001000001101001101111101111101010110111010110100110111110001011011110100111110100100001000000000000000000000000000000000000000000000000000000000000000000000000000000000000000000 1 0
41357	53.617	0.000	( 0 )	011001000001101001101111101111101010110111010110100110111110001011011110100111110100100001000000000000000000000000000000000000000000000000000000000000000000000000000000000000000000 0 0
41339	53.617	0.000	( 0 )	011001000001101001101111101111101010110111010110100110111110001011011110100111110100100001000000000000000000000000000000000000000000000000000000000000000000000000000000000000000000 0 0
41335	53.617	0.000	( 0 )	011001000001101001101111101111101010110111010110100110111110001011011110100111110100100001000000000000000000000000000000000000000000000000000000000000000000000000000000000000000000 0 0
41246	54.728	0.000	( 0 )	011001000001101001101110101111101010110111010110100110111110001011011110100111110100100001000000000000000000000000000000000000000000000000000000000000000000000000000000000000000000 1 0
41242	54.728	0.000	( 0 )	011001000001101001101110101111101010110111010110100110111110001011011110100111110100100001000000000000000000000000000000000000000000000000000000000000000000000000000000000000000000 0 0
41258	54.728	0.000	( 0 )	011001000001101001101110101111101010110111010110100110111110001011011110100111110100100001000000000000000000000000000000000000000000000000000000000000000000000000000000000000000000 0 0
41203	54.728	0.000	( 0 )	011001000001101001101110101111101010110111010110100110111110001011011110100111110100100001000000000000000000000000000000000000000000000000000000000000000000000000000000000000000000 0 0
41199	54.728	0.000	( 0 )	011001000001101001101110101111101010110111010110100110111110001011011110100111110100100001000000000000000000000000000000000000000000000000000000000000000000000000000000000000000000 0 0
41206	54.728	0.000	( 0 )	011001000001101001101110101111101010110111010110100110111110001011011110100111110100100001000000000000000000000000000000000000000000000000000000000000000000000000000000000000000000 0 0
41259	54.728	0.000	( 0 )	011001000001101001101110101111101010110111010110100110111110001011011110100111110100100001000000000000000000000000000000000000000000000000000000000000000000000000000000000000000000 0 0
41243	54.728	0.000	( 0 )	011001000001101001101110101111101010110111010110100110111110001011011110100111110100100001000000000000000000000000000000000000000000000000000000000000000000000000000000000000000000 0 0
41202	54.728	0.000	( 0 )	011001000001101001101110101111101010110111010110100110111110001011011110100111110100100001000000000000000000000000000000000000000000000000000000000000000000000000000000000000000000 0 0
41256	54.728	0.000	( 0 )	011001000001101001101110101111101010110111010110100110111110001011011110100111110100100001000000000000000000000000000000000000000000000000000000000000000000000000000000000000000000 0 0
41241	54.728	0.000	( 0 )	011001000001101001101110101111101010110111010110100110111110001011011110100111110100100001000000000000000000000000000000000000000000000000000000000000000000000000000000000000000000 0 0
41205	55.840	0.000	( 0 )	011001000001101001101110101111101010110111010110100110111110001011001110100111110100100001000000000000000000000000000000000000000000000000000000000000000000000000000000000000000000 1 0
41264	55.840	0.000	( 0 )	011001000001101001101110101111101010110111010110100110111110001011001110100111110100100001000000000000000000000000000000000000000000000000000000000000000000000000000000000000000000 0 0
41266	55.840	0.000	( 0 )	011001000001101001101110101111101010110111010110100110111110001011001110100111110100100001000000000000000000000000000000000000000000000000000000000000000000000000000000000000000000 0 0
41236	55.840	0.000	( 0 )	011001000001101001101110101111101010110111010110100110111110001011001110100111110100100001000000000000000000000000000000000000000000000000000000000000000000000000000000000000000000 0 0
41265	55.840	0.000	( 0 )	011001000001101001101110101111101010110111010110100110111110001011001110100111110100100001000000000000000000000000000000000000000000000000000000000000000000000000000000000000000000 0 0
41237	55.840	0.000	( 0 )	011001000001101001101110101111101010110111010110100110111110001011001110100111110100100001000000000000000000000000000000000000000000000000000000000000000000000000000000000000000000 0 0
41263	55.840	0.000	( 0 )	011001000001101001101110101111101010110111010110100110111110001011001110100111110100100001000000000000000000000000000000000000000000000000000000000000000000000000000000000000000000 0 0
41230	55.840	0.000	( 0 )	011001000001101001101110101111101010110111010110100110111110001011001110100111110100100001000000000000000000000000000000000000000000000000000000000000000000000000000000000000000000 0 0
41267	55.840	0.000	( 0 )	011001000001101001101110101111101010110111010110100110111110001011001110100111110100100001000000000000000000000000000000000000000000000000000000000000000000000000000000000000000000 0 0
41232	56.951	0.000	( 0 )	011001000001101001101111101111101010110111010110100110111110001011001110100111110100100001000000000000000000000000000000000000000000000000000000000000000000000000000000000000000000 1 0
41350	56.951	0.000	( 0 )	011001000001101001101111101111101010110111010110100110111110001011001110100111110100100001000000000000000000000000000000000000000000000000000000000000000000000000000000000000000000 0 0
41312	56.951	0.000	( 0 )	011001000001101001101111101111101010110111010110100110111110001011001110100111110100100001000000000000000000000000000000000000000000000000000000000000000000000000000000000000000000 0 0
41356	56.951	0.000	( 0 )	011001000001101001101111101111101010110111010110100110111110001011001110100111110100100001000000000000000000000000000000000000000000000000000000000000000000000000000000000000000000 0 0
41304	56.951	0.000	( 0 )	011001000001101001101111101111101010110111010110100110111110001011001110100111110100100001000000000000000000000000000000000000000000000000000000000000000000000000000000000000000000 0 0
41344	56.951	0.000	( 0 )	011001000001101001101111101111101010110111010110100110111110001011001110100111110100100001000000000000000000000000000000000000000000000000000000000000000000000000000000000000000000 0 0
41422	59.174	0.000	( 0 )	011001000001101001101111101111101010110111010110100110111110001011000110100011110100100001000000000000000000000000000000000000000000000000000000000000000000000000000000000000000000 2 0
41343	61.398	0.000	( 0 )	011001000001100001101111101111101010110111010110100110111100001011000110100011110100100001000000000000000000000000000000000000000000000000000000000000000000000000000000000000000000 2 0
41276	62.509	0.000	( 0 )	011001000001100001101111101111100010110111010110100110111100001011000110100011110100100001000000000000000000000000000000000000000000000000000000000000000000000000000000000000000000 1 0
41401	64.733	0.000	( 0 )	011001000001100001101111101111100010110111010110100110111100001000000110100011110100100001000000000000000000000000000000000000000000000000000000000000000000000000000000000000000000 2 0
41317	69.189	0.000	( 0 )	010001000001100001101111100111100000110111010010100110111100001000000110100011110100100001000000000000000000000000000000000000000000000000000000000000000000000000000000000000000000 4 0
41252	79.326	0.000	( 0 )	010001000000100001001111100111000000010101010010100110000100001000000110100011110100000001000000000000000000000000000000000000000000000000000000000000000000000000000000000000000000 9 0
41250	79.326	0.000	( 0 )	010001000000100001001111100111000000010101010010100110000100001000000110100011110100000001000000000000000000000000000000000000000000000000000000000000000000000000000000000000000000 0 0
41251	79.326	0.000	( 0 )	010001000000100001001111100111000000010101010010100110000100001000000110100011110100000001000000000000000000000000000000000000000000000000000000000000000000000000000000000000000000 0 0
41492	83.782	0.000	( 0 )	010001000000100001001111100011000000010101000010100110000100001000000110110011111100000001000000000000000000000000000000000000000000000000000000000000000000000000000000000000000000 4 0
41554	83.782	0.000	( 0 )	010001000000100001001111100011000000010101000010100110000100001000000110110011111100000001000000000000000000000000000000000000000000000000000000000000000000000000000000000000000000 0 0
41732	84.893	0.000	( 0 )	010001000000100001001111100011000000010101000010100110000100001000000110111011111100000001000000000000000000000000000000000000000000000000000000000000000000000000000000000000000000 1 0
41735	84.893	0.000	( 0 )	010001000000100001001111100011000000010101000010100110000100001000000110111011111100000001000000000000000000000000000000000000000000000000000000000000000000000000000000000000000000 0 0
41741	84.893	0.000	( 0 )	010001000000100001001111100011000000010101000010100110000100001000000110111011111100000001000000000000000000000000000000000000000000000000000000000000000000000000000000000000000000 0 0
41733	84.893	0.000	( 0 )	010001000000100001001111100011000000010101000010100110000100001000000110111011111100000001000000000000000000000000000000000000000000000000000000000000000000000000000000000000000000 0 0
41734	84.893	0.000	( 0 )	010001000000100001001111100011000000010101000010100110000100001000000110111011111100000001000000000000000000000000000000000000000000000000000000000000000000000000000000000000000000 0 0
41921	86.005	0.000	( 0 )	010001000000100001001111100011000000010101000010100110000100101000000110111011111100000001000000000000000000000000000000000000000000000000000000000000000000000000000000000000000000 1 0
42288	88.228	0.000	( 0 )	010001100000100001001111110011000000010101000010100110000100101000000110111011111100000001000000000000000000000000000000000000000000000000000000000000000000000000000000000000000000 2 0
42289	88.228	0.000	( 0 )	010001100000100001001111110011000000010101000010100110000100101000000110111011111100000001000000000000000000000000000000000000000000000000000000000000000000000000000000000000000000 0 0
42354	90.452	0.000	( 0 )	010001100000100001011111110011000000010101001010100110000100101000000110111011111100000001000000000000000000000000000000000000000000000000000000000000000000000000000000000000000000 2 0
41145	101.752	0.000	( 0 )	110011101000100101011111110011000000011101001011100110000101101000000111111011111100001011000000000000000000000000000000000000000000000000000000000000000000000000000000000000000000 10 0
42353	101.752	0.000	( 0 )	110011101000100101011111110011000000011101001011100110000101101000000111111011111100001011000000000000000000000000000000000000000000000000000000000000000000000000000000000000000000 0 0
41177	101.752	0.000	( 0 )	110011101000100101011111110011000000011101001011100110000101101000000111111011111100001011000000000000000000000000000000000000000000000000000000000000000000000000000000000000000000 0 0
40825	101.752	0.000	( 0 )	110011101000100101011111110011000000011101001011100110000101101000000111111011111100001011000000000000000000000000000000000000000000000000000000000000000000000000000000000000000000 0 0
41132	101.752	0.000	( 0 )	110011101000100101011111110011000000011101001011100110000101101000000111111011111100001011000000000000000000000000000000000000000000000000000000000000000000000000000000000000000000 0 0
41143	101.752	0.000	( 0 )	110011101000100101011111110011000000011101001011100110000101101000000111111011111100001011000000000000000000000000000000000000000000000000000000000000000000000000000000000000000000 0 0
41133	101.752	0.000	( 0 )	110011101000100101011111110011000000011101001011100110000101101000000111111011111100001011000000000000000000000000000000000000000000000000000000000000000000000000000000000000000000 0 0
42355	109.593	0.000	( 0 )	100010101000100100011111110011000000011100001011100110000101100000000011111011011100001011000000000000000000000000000000000000000000000000000000000000000000000000000000000000000000 7 0
