#java OrderMarkers2 data=- evaluateOrder=reordermarkers/iterations/ordered.20.13 useKosambi=1 numThreads=4 calculateIntervals=intervals/ordered.20.intervals randSeed=7868427212703827446
Loading file
No grandparents present in family V
Number of individuals = 92
Number of families = 1
File loaded with 42521 SNPs
Number of individuals = 92 excluding grandparents
Number of families = 1
Number of markers = 164
Setting dataScale to 0.5487804878048781 all likelihoods will be multiplied by 1.8222222222222222
Initial score = -4235.145997037928
Iteration 1 of 6
884884288488421 done
Polishing map...
score = -4102.054265898457
*score = -4041.9047380297507
score = -3764.3387623332046
*score = -3762.5679939291977
Iteration 2 of 6
884884288488421 done
Polishing map...
score = -4332.660849014638
score = -4135.893606507385
score = -3849.596495087947
score = -3792.240603782528
Iteration 3 of 6
884884288488421 done
Polishing map...
score = -3973.8388069278017
score = -3936.74287864968
score = -3921.3003019521207
score = -3919.4440348842527
Iteration 4 of 6
884884288488421 done
Polishing map...
score = -4738.855390785778
score = -4654.998870035684
score = -4397.121498663047
score = -4387.677731620971
Iteration 5 of 6
884884288488421 done
Polishing map...
score = -4452.717874673161
score = -4439.94128231639
score = -4318.73910054647
score = -4301.308460087409
Iteration 6 of 6
884884288488421 done
Polishing map...
score = -4240.5356832947955
score = -4139.434180141731
score = -4194.064971209808
score = -4116.281341792389
Final score = -3762.5679939291977
Setting dataScale to 0.5487804878048781 all likelihoods will be multiplied by 1.8222222222222222
logL = -3762.5679939291977
number of recombinations = 128.0 logL = -3762.5679939291977
Individual	V	P14459_101_S1	recombines	1	times
Individual	V	P14459_103_S3	recombines	2	times
Individual	V	P14459_104_S4	recombines	1	times
Individual	V	P14459_105_S5	recombines	1	times
Individual	V	P14459_106_S6	recombines	1	times
Individual	V	P14459_107_S7	recombines	2	times
Individual	V	P14459_108_S8	recombines	1	times
Individual	V	P14459_109_S9	recombines	1	times
Individual	V	P14459_110_S10	recombines	1	times
Individual	V	P14459_111_S11	recombines	1	times
Individual	V	P14459_112_S12	recombines	1	times
Individual	V	P14459_113_S13	recombines	2	times
Individual	V	P14459_114_S14	recombines	2	times
Individual	V	P14459_115_S15	recombines	1	times
Individual	V	P14459_116_S16	recombines	2	times
Individual	V	P14459_117_S17	recombines	1	times
Individual	V	P14459_118_S18	recombines	1	times
Individual	V	P14459_119_S19	recombines	1	times
Individual	V	P14459_120_S20	recombines	2	times
Individual	V	P14459_121_S21	recombines	1	times
Individual	V	P14459_122_S22	recombines	2	times
Individual	V	P14459_123_S23	recombines	1	times
Individual	V	P14459_124_S24	recombines	2	times
Individual	V	P14459_125_S25	recombines	1	times
Individual	V	P14459_126_S26	recombines	1	times
Individual	V	P14459_127_S27	recombines	1	times
Individual	V	P14459_128_S28	recombines	2	times
Individual	V	P14459_129_S29	recombines	2	times
Individual	V	P14459_130_S30	recombines	1	times
Individual	V	P14459_131_S31	recombines	1	times
Individual	V	P14459_132_S32	recombines	2	times
Individual	V	P14459_134_S34	recombines	1	times
Individual	V	P14459_135_S35	recombines	2	times
Individual	V	P14459_136_S36	recombines	1	times
Individual	V	P14459_137_S37	recombines	1	times
Individual	V	P14459_138_S38	recombines	2	times
Individual	V	P14459_139_S39	recombines	1	times
Individual	V	P14459_140_S40	recombines	2	times
Individual	V	P14459_141_S41	recombines	1	times
Individual	V	P14459_142_S42	recombines	2	times
Individual	V	P14459_144_S44	recombines	1	times
Individual	V	P14459_145_S45	recombines	2	times
Individual	V	P14459_146_S46	recombines	2	times
Individual	V	P14459_147_S47	recombines	1	times
Individual	V	P14459_148_S48	recombines	2	times
Individual	V	P14459_149_S49	recombines	2	times
Individual	V	P14459_150_S50	recombines	2	times
Individual	V	P14459_151_S51	recombines	2	times
Individual	V	P14459_152_S52	recombines	1	times
Individual	V	P14459_153_S53	recombines	1	times
Individual	V	P14459_154_S54	recombines	1	times
Individual	V	P14459_155_S55	recombines	1	times
Individual	V	P14459_156_S56	recombines	1	times
Individual	V	P14459_157_S57	recombines	1	times
Individual	V	P14459_158_S58	recombines	1	times
Individual	V	P14459_159_S59	recombines	1	times
Individual	V	P14459_160_S60	recombines	1	times
Individual	V	P14459_161_S61	recombines	1	times
Individual	V	P14459_162_S62	recombines	1	times
Individual	V	P14459_163_S63	recombines	2	times
Individual	V	P14459_164_S64	recombines	1	times
Individual	V	P14459_166_S66	recombines	1	times
Individual	V	P14459_167_S67	recombines	1	times
Individual	V	P14459_168_S68	recombines	2	times
Individual	V	P14459_169_S69	recombines	1	times
Individual	V	P14459_170_S70	recombines	2	times
Individual	V	P14459_171_S71	recombines	1	times
Individual	V	P14459_172_S72	recombines	2	times
Individual	V	P14459_173_S73	recombines	2	times
Individual	V	P14459_174_S74	recombines	1	times
Individual	V	P14459_176_S76	recombines	2	times
Individual	V	P14459_177_S77	recombines	2	times
Individual	V	P14459_178_S78	recombines	2	times
Individual	V	P14459_179_S79	recombines	1	times
Individual	V	P14459_180_S80	recombines	1	times
Individual	V	P14459_181_S81	recombines	2	times
Individual	V	P14459_182_S82	recombines	1	times
Individual	V	P14459_183_S83	recombines	2	times
Individual	V	P14459_184_S84	recombines	1	times
Individual	V	P14459_185_S85	recombines	2	times
Individual	V	P14459_186_S86	recombines	1	times
Individual	V	P14459_187_S87	recombines	1	times
Individual	V	P14459_188_S88	recombines	2	times
Individual	V	P14459_189_S89	recombines	1	times
Individual	V	P14459_190_S90	recombines	3	times
Individual	V	P14459_191_S91	recombines	2	times
Individual	V	P14459_192_S92	recombines	2	times
Individual	V	P14459_193_S93	recombines	2	times
Individual	V	P14459_194_S94	recombines	1	times
Individual	V	P14459_195_S95	recombines	1	times
#*** LG = 0 likelihood = -3762.568
#marker_number	male_position	female_position	( 0.0 )[	phased data]
16580	0.000	0.000	( 0 )	111110111110010111010111110011010110101010110010111111111111111011100100111011101101110011000000000000000000000000000000000000000000000000000000000000000000000000000000000000000000 0 0
16320	14.868	0.000	( 0 )	110110011110000111000011000011000110101010110010111110110011111001100100101011101101110011000000000000000000000000000000000000000000000000000000000000000000000000000000000000000000 13 0
16397	14.868	0.000	( 0 )	110110011110000111000011000011000110101010110010111110110011111001100100101011101101110011000000000000000000000000000000000000000000000000000000000000000000000000000000000000000000 0 0
16396	14.868	0.000	( 0 )	110110011110000111000011000011000110101010110010111110110011111001100100101011101101110011000000000000000000000000000000000000000000000000000000000000000000000000000000000000000000 0 0
16321	14.868	0.000	( 0 )	110110011110000111000011000011000110101010110010111110110011111001100100101011101101110011000000000000000000000000000000000000000000000000000000000000000000000000000000000000000000 0 0
16397	14.868	0.000	( 0 )	110110011110000111000011000011000110101010110010111110110011111001100100101011101101110011000000000000000000000000000000000000000000000000000000000000000000000000000000000000000000 0 0
16243	15.979	0.000	( 0 )	110110011110000111000011000011000110101010110010111110110011111001100100101011101101010011000000000000000000000000000000000000000000000000000000000000000000000000000000000000000000 1 0
16514	17.090	0.000	( 0 )	110110011110000111000011000011000110101010110010111110110011111001100100101011101100010011000000000000000000000000000000000000000000000000000000000000000000000000000000000000000000 1 0
15729	17.090	0.000	( 0 )	110110011110000111000011000011000110101010110010111110110011111001100100101011101100010011000000000000000000000000000000000000000000000000000000000000000000000000000000000000000000 0 0
15330	17.090	0.000	( 0 )	110110011110000111000011000011000110101010110010111110110011111001100100101011101100010011000000000000000000000000000000000000000000000000000000000000000000000000000000000000000000 0 0
16513	17.090	0.000	( 0 )	110110011110000111000011000011000110101010110010111110110011111001100100101011101100010011000000000000000000000000000000000000000000000000000000000000000000000000000000000000000000 0 0
16515	17.090	0.000	( 0 )	110110011110000111000011000011000110101010110010111110110011111001100100101011101100010011000000000000000000000000000000000000000000000000000000000000000000000000000000000000000000 0 0
15971	17.090	0.000	( 0 )	110110011110000111000011000011000110101010110010111110110011111001100100101011101100010011000000000000000000000000000000000000000000000000000000000000000000000000000000000000000000 0 0
15331	20.429	0.000	( 0 )	110110011110000111000011000111000110101010110010111110110011111001110100101011101100010111000000000000000000000000000000000000000000000000000000000000000000000000000000000000000000 3 0
16443	32.903	0.000	( 0 )	110111011110000111100011000111000110111110110011111110110011111001011110101111101110011111000000000000000000000000000000000000000000000000000000000000000000000000000000000000000000 11 0
16447	32.903	0.000	( 0 )	110111011110000111100011000111000110111110110011111110110011111001011110101111101110011111000000000000000000000000000000000000000000000000000000000000000000000000000000000000000000 0 0
16442	32.903	0.000	( 0 )	110111011110000111100011000111000110111110110011111110110011111001011110101111101110011111000000000000000000000000000000000000000000000000000000000000000000000000000000000000000000 0 0
15306	50.232	0.000	( 0 )	100111011110000111100001000111001110111100111001101110100010111101011111001110111110001111000000000000000000000000000000000000000000000000000000000000000000000000000000000000000000 15 0
15305	52.456	0.000	( 0 )	100111011110000111100001000111001110111100111001101110000010111101011111001110110110001111000000000000000000000000000000000000000000000000000000000000000000000000000000000000000000 2 0
15302	55.794	0.000	( 0 )	100101011110000111100001000111001110110100011001101110000010111101011111001110110110001111000000000000000000000000000000000000000000000000000000000000000000000000000000000000000000 3 0
15303	55.794	0.000	( 0 )	100101011110000111100001000111001110110100011001101110000010111101011111001110110110001111000000000000000000000000000000000000000000000000000000000000000000000000000000000000000000 0 0
15322	56.905	0.000	( 0 )	100101011010000111100001000111001110110100011001101110000010111101011111001110110110001111000000000000000000000000000000000000000000000000000000000000000000000000000000000000000000 1 0
15342	59.129	0.000	( 0 )	100101011011001111100001000111001110110100011001101110000010111101011111001110110110001111000000000000000000000000000000000000000000000000000000000000000000000000000000000000000000 2 0
15345	59.129	0.000	( 0 )	100101011011001111100001000111001110110100011001101110000010111101011111001110110110001111000000000000000000000000000000000000000000000000000000000000000000000000000000000000000000 0 0
15564	65.836	0.000	( 0 )	100101001011001111100001000111000110110100011101100110000010111101011111001111110110101111000000000000000000000000000000000000000000000000000000000000000000000000000000000000000000 6 0
15579	65.836	0.000	( 0 )	100101001011001111100001000111000110110100011101100110000010111101011111001111110110101111000000000000000000000000000000000000000000000000000000000000000000000000000000000000000000 0 0
15580	65.836	0.000	( 0 )	100101001011001111100001000111000110110100011101100110000010111101011111001111110110101111000000000000000000000000000000000000000000000000000000000000000000000000000000000000000000 0 0
15578	65.836	0.000	( 0 )	100101001011001111100001000111000110110100011101100110000010111101011111001111110110101111000000000000000000000000000000000000000000000000000000000000000000000000000000000000000000 0 0
15569	66.947	0.000	( 0 )	100101001011001111000001000111000110110100011101100110000010111101011111001111110110101111000000000000000000000000000000000000000000000000000000000000000000000000000000000000000000 1 0
15551	66.947	0.000	( 0 )	100101001011001111000001000111000110110100011101100110000010111101011111001111110110101111000000000000000000000000000000000000000000000000000000000000000000000000000000000000000000 0 0
15550	66.947	0.000	( 0 )	100101001011001111000001000111000110110100011101100110000010111101011111001111110110101111000000000000000000000000000000000000000000000000000000000000000000000000000000000000000000 0 0
15544	66.947	0.000	( 0 )	100101001011001111000001000111000110110100011101100110000010111101011111001111110110101111000000000000000000000000000000000000000000000000000000000000000000000000000000000000000000 0 0
15570	66.947	0.000	( 0 )	100101001011001111000001000111000110110100011101100110000010111101011111001111110110101111000000000000000000000000000000000000000000000000000000000000000000000000000000000000000000 0 0
15568	66.947	0.000	( 0 )	100101001011001111000001000111000110110100011101100110000010111101011111001111110110101111000000000000000000000000000000000000000000000000000000000000000000000000000000000000000000 0 0
15562	66.947	0.000	( 0 )	100101001011001111000001000111000110110100011101100110000010111101011111001111110110101111000000000000000000000000000000000000000000000000000000000000000000000000000000000000000000 0 0
15561	66.947	0.000	( 0 )	100101001011001111000001000111000110110100011101100110000010111101011111001111110110101111000000000000000000000000000000000000000000000000000000000000000000000000000000000000000000 0 0
15552	66.947	0.000	( 0 )	100101001011001111000001000111000110110100011101100110000010111101011111001111110110101111000000000000000000000000000000000000000000000000000000000000000000000000000000000000000000 0 0
15556	66.947	0.000	( 0 )	100101001011001111000001000111000110110100011101100110000010111101011111001111110110101111000000000000000000000000000000000000000000000000000000000000000000000000000000000000000000 0 0
15565	66.947	0.000	( 0 )	100101001011001111000001000111000110110100011101100110000010111101011111001111110110101111000000000000000000000000000000000000000000000000000000000000000000000000000000000000000000 0 0
15563	66.947	0.000	( 0 )	100101001011001111000001000111000110110100011101100110000010111101011111001111110110101111000000000000000000000000000000000000000000000000000000000000000000000000000000000000000000 0 0
15698	68.058	0.000	( 0 )	100001001011001111000001000111000110110100011101100110000010111101011111001111110110101111000000000000000000000000000000000000000000000000000000000000000000000000000000000000000000 1 0
15713	68.058	0.000	( 0 )	100001001011001111000001000111000110110100011101100110000010111101011111001111110110101111000000000000000000000000000000000000000000000000000000000000000000000000000000000000000000 0 0
15743	68.058	0.000	( 0 )	100001001011001111000001000111000110110100011101100110000010111101011111001111110110101111000000000000000000000000000000000000000000000000000000000000000000000000000000000000000000 0 0
15699	68.058	0.000	( 0 )	100001001011001111000001000111000110110100011101100110000010111101011111001111110110101111000000000000000000000000000000000000000000000000000000000000000000000000000000000000000000 0 0
15714	68.058	0.000	( 0 )	100001001011001111000001000111000110110100011101100110000010111101011111001111110110101111000000000000000000000000000000000000000000000000000000000000000000000000000000000000000000 0 0
15700	68.058	0.000	( 0 )	100001001011001111000001000111000110110100011101100110000010111101011111001111110110101111000000000000000000000000000000000000000000000000000000000000000000000000000000000000000000 0 0
15553	68.058	0.000	( 0 )	100001001011001111000001000111000110110100011101100110000010111101011111001111110110101111000000000000000000000000000000000000000000000000000000000000000000000000000000000000000000 0 0
15701	68.058	0.000	( 0 )	100001001011001111000001000111000110110100011101100110000010111101011111001111110110101111000000000000000000000000000000000000000000000000000000000000000000000000000000000000000000 0 0
15742	68.058	0.000	( 0 )	100001001011001111000001000111000110110100011101100110000010111101011111001111110110101111000000000000000000000000000000000000000000000000000000000000000000000000000000000000000000 0 0
15712	68.058	0.000	( 0 )	100001001011001111000001000111000110110100011101100110000010111101011111001111110110101111000000000000000000000000000000000000000000000000000000000000000000000000000000000000000000 0 0
15715	68.058	0.000	( 0 )	100001001011001111000001000111000110110100011101100110000010111101011111001111110110101111000000000000000000000000000000000000000000000000000000000000000000000000000000000000000000 0 0
15710	69.169	0.000	( 0 )	100001001011001111000001000111000110110100011101100110000010111100011111001111110110101111000000000000000000000000000000000000000000000000000000000000000000000000000000000000000000 1 0
15705	69.169	0.000	( 0 )	100001001011001111000001000111000110110100011101100110000010111100011111001111110110101111000000000000000000000000000000000000000000000000000000000000000000000000000000000000000000 0 0
15708	69.169	0.000	( 0 )	100001001011001111000001000111000110110100011101100110000010111100011111001111110110101111000000000000000000000000000000000000000000000000000000000000000000000000000000000000000000 0 0
15709	69.169	0.000	( 0 )	100001001011001111000001000111000110110100011101100110000010111100011111001111110110101111000000000000000000000000000000000000000000000000000000000000000000000000000000000000000000 0 0
15707	69.169	0.000	( 0 )	100001001011001111000001000111000110110100011101100110000010111100011111001111110110101111000000000000000000000000000000000000000000000000000000000000000000000000000000000000000000 0 0
15747	73.626	0.000	( 0 )	100001001011001111000001000111100110010100011111100110000010111100011111001111110010101111000000000000000000000000000000000000000000000000000000000000000000000000000000000000000000 4 0
15750	73.626	0.000	( 0 )	100001001011001111000001000111100110010100011111100110000010111100011111001111110010101111000000000000000000000000000000000000000000000000000000000000000000000000000000000000000000 0 0
15813	75.849	0.000	( 0 )	100001001011001111001001000111100110010100111111100110000010111100011111001111110010101111000000000000000000000000000000000000000000000000000000000000000000000000000000000000000000 2 0
15858	76.961	0.000	( 0 )	100001001011001111001001001111100110010100111111100110000010111100011111001111110010101111000000000000000000000000000000000000000000000000000000000000000000000000000000000000000000 1 0
15856	76.961	0.000	( 0 )	100001001011001111001001001111100110010100111111100110000010111100011111001111110010101111000000000000000000000000000000000000000000000000000000000000000000000000000000000000000000 0 0
15859	76.961	0.000	( 0 )	100001001011001111001001001111100110010100111111100110000010111100011111001111110010101111000000000000000000000000000000000000000000000000000000000000000000000000000000000000000000 0 0
15852	76.961	0.000	( 0 )	100001001011001111001001001111100110010100111111100110000010111100011111001111110010101111000000000000000000000000000000000000000000000000000000000000000000000000000000000000000000 0 0
15857	76.961	0.000	( 0 )	100001001011001111001001001111100110010100111111100110000010111100011111001111110010101111000000000000000000000000000000000000000000000000000000000000000000000000000000000000000000 0 0
15913	78.072	0.000	( 0 )	100001001011001110001001001111100110010100111111100110000010111100011111001111110010101111000000000000000000000000000000000000000000000000000000000000000000000000000000000000000000 1 0
15924	78.072	0.000	( 0 )	100001001011001110001001001111100110010100111111100110000010111100011111001111110010101111000000000000000000000000000000000000000000000000000000000000000000000000000000000000000000 0 0
15918	78.072	0.000	( 0 )	100001001011001110001001001111100110010100111111100110000010111100011111001111110010101111000000000000000000000000000000000000000000000000000000000000000000000000000000000000000000 0 0
15912	78.072	0.000	( 0 )	100001001011001110001001001111100110010100111111100110000010111100011111001111110010101111000000000000000000000000000000000000000000000000000000000000000000000000000000000000000000 0 0
15936	78.072	0.000	( 0 )	100001001011001110001001001111100110010100111111100110000010111100011111001111110010101111000000000000000000000000000000000000000000000000000000000000000000000000000000000000000000 0 0
15917	78.072	0.000	( 0 )	100001001011001110001001001111100110010100111111100110000010111100011111001111110010101111000000000000000000000000000000000000000000000000000000000000000000000000000000000000000000 0 0
15910	78.072	0.000	( 0 )	100001001011001110001001001111100110010100111111100110000010111100011111001111110010101111000000000000000000000000000000000000000000000000000000000000000000000000000000000000000000 0 0
15973	79.183	0.000	( 0 )	100001001011001110001001001111100110010100111111100100000010111100011111001111110010101111000000000000000000000000000000000000000000000000000000000000000000000000000000000000000000 1 0
15979	79.183	0.000	( 0 )	100001001011001110001001001111100110010100111111100100000010111100011111001111110010101111000000000000000000000000000000000000000000000000000000000000000000000000000000000000000000 0 0
15978	79.183	0.000	( 0 )	100001001011001110001001001111100110010100111111100100000010111100011111001111110010101111000000000000000000000000000000000000000000000000000000000000000000000000000000000000000000 0 0
15980	79.183	0.000	( 0 )	100001001011001110001001001111100110010100111111100100000010111100011111001111110010101111000000000000000000000000000000000000000000000000000000000000000000000000000000000000000000 0 0
15981	79.183	0.000	( 0 )	100001001011001110001001001111100110010100111111100100000010111100011111001111110010101111000000000000000000000000000000000000000000000000000000000000000000000000000000000000000000 0 0
16087	81.407	0.000	( 0 )	100001001011001110001001001111100110010100101111100100000010111100011111001111110010111111000000000000000000000000000000000000000000000000000000000000000000000000000000000000000000 2 0
16047	82.518	0.000	( 0 )	110001001011001110001001001111100110010100101111100100000010111100011111001111110010111111000000000000000000000000000000000000000000000000000000000000000000000000000000000000000000 1 0
16049	82.518	0.000	( 0 )	110001001011001110001001001111100110010100101111100100000010111100011111001111110010111111000000000000000000000000000000000000000000000000000000000000000000000000000000000000000000 0 0
16050	82.518	0.000	( 0 )	110001001011001110001001001111100110010100101111100100000010111100011111001111110010111111000000000000000000000000000000000000000000000000000000000000000000000000000000000000000000 0 0
16107	83.629	0.000	( 0 )	110001001011001110001001001111100110010100101111100100000010111100011011001111110010111111000000000000000000000000000000000000000000000000000000000000000000000000000000000000000000 1 0
16119	83.629	0.000	( 0 )	110001001011001110001001001111100110010100101111100100000010111100011011001111110010111111000000000000000000000000000000000000000000000000000000000000000000000000000000000000000000 0 0
16110	83.629	0.000	( 0 )	110001001011001110001001001111100110010100101111100100000010111100011011001111110010111111000000000000000000000000000000000000000000000000000000000000000000000000000000000000000000 0 0
16118	83.629	0.000	( 0 )	110001001011001110001001001111100110010100101111100100000010111100011011001111110010111111000000000000000000000000000000000000000000000000000000000000000000000000000000000000000000 0 0
16109	83.629	0.000	( 0 )	110001001011001110001001001111100110010100101111100100000010111100011011001111110010111111000000000000000000000000000000000000000000000000000000000000000000000000000000000000000000 0 0
16114	84.741	0.000	( 0 )	110001001001001110001001001111100110010100101111100100000010111100011011001111110010111111000000000000000000000000000000000000000000000000000000000000000000000000000000000000000000 1 0
16111	84.741	0.000	( 0 )	110001001001001110001001001111100110010100101111100100000010111100011011001111110010111111000000000000000000000000000000000000000000000000000000000000000000000000000000000000000000 0 0
16125	84.741	0.000	( 0 )	110001001001001110001001001111100110010100101111100100000010111100011011001111110010111111000000000000000000000000000000000000000000000000000000000000000000000000000000000000000000 0 0
16112	84.741	0.000	( 0 )	110001001001001110001001001111100110010100101111100100000010111100011011001111110010111111000000000000000000000000000000000000000000000000000000000000000000000000000000000000000000 0 0
16123	84.741	0.000	( 0 )	110001001001001110001001001111100110010100101111100100000010111100011011001111110010111111000000000000000000000000000000000000000000000000000000000000000000000000000000000000000000 0 0
16150	84.741	0.000	( 0 )	110001001001001110001001001111100110010100101111100100000010111100011011001111110010111111000000000000000000000000000000000000000000000000000000000000000000000000000000000000000000 0 0
16129	84.741	0.000	( 0 )	110001001001001110001001001111100110010100101111100100000010111100011011001111110010111111000000000000000000000000000000000000000000000000000000000000000000000000000000000000000000 0 0
16176	86.964	0.000	( 0 )	110001001001001110001001001111100110010101101111100100000010111100011011101111110010111111000000000000000000000000000000000000000000000000000000000000000000000000000000000000000000 2 0
16175	86.964	0.000	( 0 )	110001001001001110001001001111100110010101101111100100000010111100011011101111110010111111000000000000000000000000000000000000000000000000000000000000000000000000000000000000000000 0 0
16174	86.964	0.000	( 0 )	110001001001001110001001001111100110010101101111100100000010111100011011101111110010111111000000000000000000000000000000000000000000000000000000000000000000000000000000000000000000 0 0
16250	88.076	0.000	( 0 )	110001001001001110001001001111100110010101101111100100000010111100011010101111110010111111000000000000000000000000000000000000000000000000000000000000000000000000000000000000000000 1 0
16249	88.076	0.000	( 0 )	110001001001001110001001001111100110010101101111100100000010111100011010101111110010111111000000000000000000000000000000000000000000000000000000000000000000000000000000000000000000 0 0
16196	88.076	0.000	( 0 )	110001001001001110001001001111100110010101101111100100000010111100011010101111110010111111000000000000000000000000000000000000000000000000000000000000000000000000000000000000000000 0 0
16251	88.076	0.000	( 0 )	110001001001001110001001001111100110010101101111100100000010111100011010101111110010111111000000000000000000000000000000000000000000000000000000000000000000000000000000000000000000 0 0
16198	88.076	0.000	( 0 )	110001001001001110001001001111100110010101101111100100000010111100011010101111110010111111000000000000000000000000000000000000000000000000000000000000000000000000000000000000000000 0 0
16247	88.076	0.000	( 0 )	110001001001001110001001001111100110010101101111100100000010111100011010101111110010111111000000000000000000000000000000000000000000000000000000000000000000000000000000000000000000 0 0
16266	88.076	0.000	( 0 )	110001001001001110001001001111100110010101101111100100000010111100011010101111110010111111000000000000000000000000000000000000000000000000000000000000000000000000000000000000000000 0 0
16271	89.187	0.000	( 0 )	110001001001001110001001001111100110010101101111100100000010111100011010100111110010111111000000000000000000000000000000000000000000000000000000000000000000000000000000000000000000 1 0
16224	89.187	0.000	( 0 )	110001001001001110001001001111100110010101101111100100000010111100011010100111110010111111000000000000000000000000000000000000000000000000000000000000000000000000000000000000000000 0 0
16274	89.187	0.000	( 0 )	110001001001001110001001001111100110010101101111100100000010111100011010100111110010111111000000000000000000000000000000000000000000000000000000000000000000000000000000000000000000 0 0
16293	90.298	0.000	( 0 )	110001001001001110001001001111100110010101101111000100000010111100011010100111110010111111000000000000000000000000000000000000000000000000000000000000000000000000000000000000000000 1 0
16297	90.298	0.000	( 0 )	110001001001001110001001001111100110010101101111000100000010111100011010100111110010111111000000000000000000000000000000000000000000000000000000000000000000000000000000000000000000 0 0
16299	90.298	0.000	( 0 )	110001001001001110001001001111100110010101101111000100000010111100011010100111110010111111000000000000000000000000000000000000000000000000000000000000000000000000000000000000000000 0 0
16301	90.298	0.000	( 0 )	110001001001001110001001001111100110010101101111000100000010111100011010100111110010111111000000000000000000000000000000000000000000000000000000000000000000000000000000000000000000 0 0
16290	90.298	0.000	( 0 )	110001001001001110001001001111100110010101101111000100000010111100011010100111110010111111000000000000000000000000000000000000000000000000000000000000000000000000000000000000000000 0 0
16302	90.298	0.000	( 0 )	110001001001001110001001001111100110010101101111000100000010111100011010100111110010111111000000000000000000000000000000000000000000000000000000000000000000000000000000000000000000 0 0
16298	90.298	0.000	( 0 )	110001001001001110001001001111100110010101101111000100000010111100011010100111110010111111000000000000000000000000000000000000000000000000000000000000000000000000000000000000000000 0 0
16433	94.755	0.000	( 0 )	110001000001001110001001001111100111010101101111000100000011111100011010100111110010110111000000000000000000000000000000000000000000000000000000000000000000000000000000000000000000 4 0
16405	94.755	0.000	( 0 )	110001000001001110001001001111100111010101101111000100000011111100011010100111110010110111000000000000000000000000000000000000000000000000000000000000000000000000000000000000000000 0 0
16382	94.755	0.000	( 0 )	110001000001001110001001001111100111010101101111000100000011111100011010100111110010110111000000000000000000000000000000000000000000000000000000000000000000000000000000000000000000 0 0
16378	94.755	0.000	( 0 )	110001000001001110001001001111100111010101101111000100000011111100011010100111110010110111000000000000000000000000000000000000000000000000000000000000000000000000000000000000000000 0 0
16410	94.755	0.000	( 0 )	110001000001001110001001001111100111010101101111000100000011111100011010100111110010110111000000000000000000000000000000000000000000000000000000000000000000000000000000000000000000 0 0
16413	94.755	0.000	( 0 )	110001000001001110001001001111100111010101101111000100000011111100011010100111110010110111000000000000000000000000000000000000000000000000000000000000000000000000000000000000000000 0 0
16403	94.755	0.000	( 0 )	110001000001001110001001001111100111010101101111000100000011111100011010100111110010110111000000000000000000000000000000000000000000000000000000000000000000000000000000000000000000 0 0
16355	94.755	0.000	( 0 )	110001000001001110001001001111100111010101101111000100000011111100011010100111110010110111000000000000000000000000000000000000000000000000000000000000000000000000000000000000000000 0 0
16404	94.755	0.000	( 0 )	110001000001001110001001001111100111010101101111000100000011111100011010100111110010110111000000000000000000000000000000000000000000000000000000000000000000000000000000000000000000 0 0
16377	94.755	0.000	( 0 )	110001000001001110001001001111100111010101101111000100000011111100011010100111110010110111000000000000000000000000000000000000000000000000000000000000000000000000000000000000000000 0 0
16406	94.755	0.000	( 0 )	110001000001001110001001001111100111010101101111000100000011111100011010100111110010110111000000000000000000000000000000000000000000000000000000000000000000000000000000000000000000 0 0
16386	94.755	0.000	( 0 )	110001000001001110001001001111100111010101101111000100000011111100011010100111110010110111000000000000000000000000000000000000000000000000000000000000000000000000000000000000000000 0 0
16407	94.755	0.000	( 0 )	110001000001001110001001001111100111010101101111000100000011111100011010100111110010110111000000000000000000000000000000000000000000000000000000000000000000000000000000000000000000 0 0
16388	94.755	0.000	( 0 )	110001000001001110001001001111100111010101101111000100000011111100011010100111110010110111000000000000000000000000000000000000000000000000000000000000000000000000000000000000000000 0 0
16387	94.755	0.000	( 0 )	110001000001001110001001001111100111010101101111000100000011111100011010100111110010110111000000000000000000000000000000000000000000000000000000000000000000000000000000000000000000 0 0
16384	94.755	0.000	( 0 )	110001000001001110001001001111100111010101101111000100000011111100011010100111110010110111000000000000000000000000000000000000000000000000000000000000000000000000000000000000000000 0 0
16389	94.755	0.000	( 0 )	110001000001001110001001001111100111010101101111000100000011111100011010100111110010110111000000000000000000000000000000000000000000000000000000000000000000000000000000000000000000 0 0
16383	94.755	0.000	( 0 )	110001000001001110001001001111100111010101101111000100000011111100011010100111110010110111000000000000000000000000000000000000000000000000000000000000000000000000000000000000000000 0 0
16478	94.755	0.000	( 0 )	110001000001001110001001001111100111010101101111000100000011111100011010100111110010110111000000000000000000000000000000000000000000000000000000000000000000000000000000000000000000 0 0
16379	94.755	0.000	( 0 )	110001000001001110001001001111100111010101101111000100000011111100011010100111110010110111000000000000000000000000000000000000000000000000000000000000000000000000000000000000000000 0 0
16411	94.755	0.000	( 0 )	110001000001001110001001001111100111010101101111000100000011111100011010100111110010110111000000000000000000000000000000000000000000000000000000000000000000000000000000000000000000 0 0
16474	95.866	0.000	( 0 )	110001000001001110001001001111100111010101101111000100000011111100010010100111110010110111000000000000000000000000000000000000000000000000000000000000000000000000000000000000000000 1 0
16359	95.866	0.000	( 0 )	110001000001001110001001001111100111010101101111000100000011111100010010100111110010110111000000000000000000000000000000000000000000000000000000000000000000000000000000000000000000 0 0
16473	95.866	0.000	( 0 )	110001000001001110001001001111100111010101101111000100000011111100010010100111110010110111000000000000000000000000000000000000000000000000000000000000000000000000000000000000000000 0 0
16476	95.866	0.000	( 0 )	110001000001001110001001001111100111010101101111000100000011111100010010100111110010110111000000000000000000000000000000000000000000000000000000000000000000000000000000000000000000 0 0
16475	96.977	0.000	( 0 )	110001000001001110001001001111100111010101101111000100000011111101010010100111110010110111000000000000000000000000000000000000000000000000000000000000000000000000000000000000000000 1 0
16535	99.201	0.000	( 0 )	110001000001101110001011001111100111010101101111000100000011111101010010100111110010110111000000000000000000000000000000000000000000000000000000000000000000000000000000000000000000 2 0
16531	99.201	0.000	( 0 )	110001000001101110001011001111100111010101101111000100000011111101010010100111110010110111000000000000000000000000000000000000000000000000000000000000000000000000000000000000000000 0 0
16534	99.201	0.000	( 0 )	110001000001101110001011001111100111010101101111000100000011111101010010100111110010110111000000000000000000000000000000000000000000000000000000000000000000000000000000000000000000 0 0
16533	99.201	0.000	( 0 )	110001000001101110001011001111100111010101101111000100000011111101010010100111110010110111000000000000000000000000000000000000000000000000000000000000000000000000000000000000000000 0 0
16527	99.201	0.000	( 0 )	110001000001101110001011001111100111010101101111000100000011111101010010100111110010110111000000000000000000000000000000000000000000000000000000000000000000000000000000000000000000 0 0
16521	99.201	0.000	( 0 )	110001000001101110001011001111100111010101101111000100000011111101010010100111110010110111000000000000000000000000000000000000000000000000000000000000000000000000000000000000000000 0 0
16553	100.312	0.000	( 0 )	110001000001101110001011001111100111010101101111000100000011111101010010100111110000110111000000000000000000000000000000000000000000000000000000000000000000000000000000000000000000 1 0
16560	100.312	0.000	( 0 )	110001000001101110001011001111100111010101101111000100000011111101010010100111110000110111000000000000000000000000000000000000000000000000000000000000000000000000000000000000000000 0 0
16554	100.312	0.000	( 0 )	110001000001101110001011001111100111010101101111000100000011111101010010100111110000110111000000000000000000000000000000000000000000000000000000000000000000000000000000000000000000 0 0
16558	100.312	0.000	( 0 )	110001000001101110001011001111100111010101101111000100000011111101010010100111110000110111000000000000000000000000000000000000000000000000000000000000000000000000000000000000000000 0 0
16619	101.423	0.000	( 0 )	110001000001101110001011001011100111010101101111000100000011111101010010100111110000110111000000000000000000000000000000000000000000000000000000000000000000000000000000000000000000 1 0
16559	102.535	0.000	( 0 )	110001000001101110001011001011100111010101101111000100000011111101010010100011110000110111000000000000000000000000000000000000000000000000000000000000000000000000000000000000000000 1 0
16555	104.758	0.000	( 0 )	110001000000100110001011001011100111010101101111000100000011111101010010100011110000110111000000000000000000000000000000000000000000000000000000000000000000000000000000000000000000 2 0
16456	117.233	0.000	( 0 )	110000000000000110000011001011100110000001101110000100000011111101000000100011110000010011000000000000000000000000000000000000000000000000000000000000000000000000000000000000000000 11 0
16454	117.233	0.000	( 0 )	110000000000000110000011001011100110000001101110000100000011111101000000100011110000010011000000000000000000000000000000000000000000000000000000000000000000000000000000000000000000 0 0
16457	117.233	0.000	( 0 )	110000000000000110000011001011100110000001101110000100000011111101000000100011110000010011000000000000000000000000000000000000000000000000000000000000000000000000000000000000000000 0 0
16458	117.233	0.000	( 0 )	110000000000000110000011001011100110000001101110000100000011111101000000100011110000010011000000000000000000000000000000000000000000000000000000000000000000000000000000000000000000 0 0
16451	117.233	0.000	( 0 )	110000000000000110000011001011100110000001101110000100000011111101000000100011110000010011000000000000000000000000000000000000000000000000000000000000000000000000000000000000000000 0 0
16459	117.233	0.000	( 0 )	110000000000000110000011001011100110000001101110000100000011111101000000100011110000010011000000000000000000000000000000000000000000000000000000000000000000000000000000000000000000 0 0
16453	117.233	0.000	( 0 )	110000000000000110000011001011100110000001101110000100000011111101000000100011110000010011000000000000000000000000000000000000000000000000000000000000000000000000000000000000000000 0 0
16455	117.233	0.000	( 0 )	110000000000000110000011001011100110000001101110000100000011111101000000100011110000010011000000000000000000000000000000000000000000000000000000000000000000000000000000000000000000 0 0
16461	125.075	0.000	( 0 )	110000000000000110000011000011000110000000100010000100000011111001000000100011100000010011000000000000000000000000000000000000000000000000000000000000000000000000000000000000000000 7 0
16569	125.075	0.000	( 0 )	110000000000000110000011000011000110000000100010000100000011111001000000100011100000010011000000000000000000000000000000000000000000000000000000000000000000000000000000000000000000 0 0
16462	125.075	0.000	( 0 )	110000000000000110000011000011000110000000100010000100000011111001000000100011100000010011000000000000000000000000000000000000000000000000000000000000000000000000000000000000000000 0 0
16226	125.075	0.000	( 0 )	110000000000000110000011000011000110000000100010000100000011111001000000100011100000010011000000000000000000000000000000000000000000000000000000000000000000000000000000000000000000 0 0
15960	144.948	0.000	( 0 )	010000000000000000000010000000000000000000100010000000000001000001000000100001000000010000000000000000000000000000000000000000000000000000000000000000000000000000000000000000000000 17 0
