#java OrderMarkers2 data=- evaluateOrder=reordermarkers/iterations/ordered.2.26 useKosambi=1 numThreads=4 calculateIntervals=intervals/ordered.2.intervals randSeed=-3549048853532462411
Loading file
No grandparents present in family V
Number of individuals = 92
Number of families = 1
File loaded with 42521 SNPs
Number of individuals = 92 excluding grandparents
Number of families = 1
Number of markers = 263
Setting dataScale to 0.34220532319391633 all likelihoods will be multiplied by 2.9222222222222225
Initial score = -5356.969910746458
Iteration 1 of 6
884884288488421 done
Polishing map...
score = -5362.601982052466
*score = -5291.502262776524
score = -5345.340409567076
score = -5342.318182237237
Iteration 2 of 6
884884288488421 done
Polishing map...
score = -5639.745817396218
score = -5582.807204657142
score = -5571.55758404016
score = -5549.475983158527
Iteration 3 of 6
884884288488421 done
Polishing map...
score = -5413.197705544719
score = -5399.815392915781
score = -5451.166999930402
score = -5444.630727608571
Iteration 4 of 6
884884288488421 done
Polishing map...
score = -5330.180452954445
score = -5313.319382914305
score = -5292.266606740198
score = -5292.266606740198
Iteration 5 of 6
884884288488421 done
Polishing map...
score = -5461.741950164528
score = -5395.288347614583
score = -5221.314105244016
*score = -5218.417841009527
Iteration 6 of 6
884884288488421 done
Polishing map...
score = -5464.19844054105
score = -5450.512726351257
score = -5392.559230854596
score = -5348.119672681294
Final score = -5218.417841009527
Setting dataScale to 0.34220532319391633 all likelihoods will be multiplied by 2.9222222222222225
logL = -5218.417841009527
number of recombinations = 92.0 logL = -5218.417841009527
Individual	V	P14459_101_S1	recombines	1	times
Individual	V	P14459_103_S3	recombines	1	times
Individual	V	P14459_104_S4	recombines	1	times
Individual	V	P14459_105_S5	recombines	1	times
Individual	V	P14459_106_S6	recombines	1	times
Individual	V	P14459_107_S7	recombines	1	times
Individual	V	P14459_109_S9	recombines	1	times
Individual	V	P14459_110_S10	recombines	2	times
Individual	V	P14459_111_S11	recombines	1	times
Individual	V	P14459_112_S12	recombines	1	times
Individual	V	P14459_114_S14	recombines	1	times
Individual	V	P14459_115_S15	recombines	2	times
Individual	V	P14459_116_S16	recombines	1	times
Individual	V	P14459_117_S17	recombines	1	times
Individual	V	P14459_118_S18	recombines	1	times
Individual	V	P14459_119_S19	recombines	2	times
Individual	V	P14459_120_S20	recombines	1	times
Individual	V	P14459_121_S21	recombines	1	times
Individual	V	P14459_122_S22	recombines	1	times
Individual	V	P14459_124_S24	recombines	1	times
Individual	V	P14459_125_S25	recombines	1	times
Individual	V	P14459_126_S26	recombines	1	times
Individual	V	P14459_127_S27	recombines	1	times
Individual	V	P14459_128_S28	recombines	1	times
Individual	V	P14459_129_S29	recombines	1	times
Individual	V	P14459_131_S31	recombines	1	times
Individual	V	P14459_132_S32	recombines	1	times
Individual	V	P14459_135_S35	recombines	1	times
Individual	V	P14459_136_S36	recombines	1	times
Individual	V	P14459_137_S37	recombines	1	times
Individual	V	P14459_138_S38	recombines	1	times
Individual	V	P14459_139_S39	recombines	1	times
Individual	V	P14459_141_S41	recombines	1	times
Individual	V	P14459_142_S42	recombines	1	times
Individual	V	P14459_144_S44	recombines	1	times
Individual	V	P14459_145_S45	recombines	1	times
Individual	V	P14459_147_S47	recombines	1	times
Individual	V	P14459_149_S49	recombines	1	times
Individual	V	P14459_150_S50	recombines	1	times
Individual	V	P14459_151_S51	recombines	2	times
Individual	V	P14459_152_S52	recombines	1	times
Individual	V	P14459_153_S53	recombines	1	times
Individual	V	P14459_154_S54	recombines	1	times
Individual	V	P14459_155_S55	recombines	1	times
Individual	V	P14459_156_S56	recombines	1	times
Individual	V	P14459_157_S57	recombines	1	times
Individual	V	P14459_158_S58	recombines	2	times
Individual	V	P14459_159_S59	recombines	1	times
Individual	V	P14459_160_S60	recombines	1	times
Individual	V	P14459_161_S61	recombines	1	times
Individual	V	P14459_162_S62	recombines	2	times
Individual	V	P14459_163_S63	recombines	2	times
Individual	V	P14459_164_S64	recombines	1	times
Individual	V	P14459_166_S66	recombines	1	times
Individual	V	P14459_167_S67	recombines	1	times
Individual	V	P14459_168_S68	recombines	1	times
Individual	V	P14459_169_S69	recombines	1	times
Individual	V	P14459_170_S70	recombines	1	times
Individual	V	P14459_171_S71	recombines	1	times
Individual	V	P14459_172_S72	recombines	1	times
Individual	V	P14459_173_S73	recombines	1	times
Individual	V	P14459_174_S74	recombines	2	times
Individual	V	P14459_176_S76	recombines	1	times
Individual	V	P14459_177_S77	recombines	1	times
Individual	V	P14459_178_S78	recombines	1	times
Individual	V	P14459_179_S79	recombines	1	times
Individual	V	P14459_180_S80	recombines	1	times
Individual	V	P14459_181_S81	recombines	1	times
Individual	V	P14459_183_S83	recombines	2	times
Individual	V	P14459_185_S85	recombines	2	times
Individual	V	P14459_186_S86	recombines	1	times
Individual	V	P14459_187_S87	recombines	1	times
Individual	V	P14459_188_S88	recombines	1	times
Individual	V	P14459_189_S89	recombines	1	times
Individual	V	P14459_190_S90	recombines	2	times
Individual	V	P14459_191_S91	recombines	1	times
Individual	V	P14459_192_S92	recombines	1	times
Individual	V	P14459_193_S93	recombines	1	times
Individual	V	P14459_194_S94	recombines	2	times
Individual	V	P14459_195_S95	recombines	1	times
#*** LG = 0 likelihood = -5218.4178
#marker_number	male_position	female_position	( 0.0 )[	phased data]
4931	0.000	0.000	( 0 )	001000101001110111110110100011110010010001101001010101101011011011000110100011110100011000000000000000000000000000000000000000000000000000000000000000000000000000000000000000000000 0 0
5101	4.456	0.000	( 0 )	001010101001110111110110100011110010010001101011010101101011011011100110100011110100011001000000000000000000000000000000000000000000000000000000000000000000000000000000000000000000 4 0
5097	5.567	0.000	( 0 )	001010101011110111110110100011110010010001101011010101101011011011100110100011110100011001000000000000000000000000000000000000000000000000000000000000000000000000000000000000000000 1 0
5125	5.567	0.000	( 0 )	001010101011110111110110100011110010010001101011010101101011011011100110100011110100011001000000000000000000000000000000000000000000000000000000000000000000000000000000000000000000 0 0
5104	5.567	0.000	( 0 )	001010101011110111110110100011110010010001101011010101101011011011100110100011110100011001000000000000000000000000000000000000000000000000000000000000000000000000000000000000000000 0 0
5124	5.567	0.000	( 0 )	001010101011110111110110100011110010010001101011010101101011011011100110100011110100011001000000000000000000000000000000000000000000000000000000000000000000000000000000000000000000 0 0
5127	5.567	0.000	( 0 )	001010101011110111110110100011110010010001101011010101101011011011100110100011110100011001000000000000000000000000000000000000000000000000000000000000000000000000000000000000000000 0 0
5103	5.567	0.000	( 0 )	001010101011110111110110100011110010010001101011010101101011011011100110100011110100011001000000000000000000000000000000000000000000000000000000000000000000000000000000000000000000 0 0
5126	5.567	0.000	( 0 )	001010101011110111110110100011110010010001101011010101101011011011100110100011110100011001000000000000000000000000000000000000000000000000000000000000000000000000000000000000000000 0 0
5119	5.567	0.000	( 0 )	001010101011110111110110100011110010010001101011010101101011011011100110100011110100011001000000000000000000000000000000000000000000000000000000000000000000000000000000000000000000 0 0
5102	5.567	0.000	( 0 )	001010101011110111110110100011110010010001101011010101101011011011100110100011110100011001000000000000000000000000000000000000000000000000000000000000000000000000000000000000000000 0 0
5104	5.567	0.000	( 0 )	001010101011110111110110100011110010010001101011010101101011011011100110100011110100011001000000000000000000000000000000000000000000000000000000000000000000000000000000000000000000 0 0
4987	8.906	0.000	( 0 )	001010101011110111110110100011110010010001101011010101101111011111100110100111110100011001000000000000000000000000000000000000000000000000000000000000000000000000000000000000000000 3 0
4991	8.906	0.000	( 0 )	001010101011110111110110100011110010010001101011010101101111011111100110100111110100011001000000000000000000000000000000000000000000000000000000000000000000000000000000000000000000 0 0
5035	8.906	0.000	( 0 )	001010101011110111110110100011110010010001101011010101101111011111100110100111110100011001000000000000000000000000000000000000000000000000000000000000000000000000000000000000000000 0 0
5047	8.906	0.000	( 0 )	001010101011110111110110100011110010010001101011010101101111011111100110100111110100011001000000000000000000000000000000000000000000000000000000000000000000000000000000000000000000 0 0
4988	8.906	0.000	( 0 )	001010101011110111110110100011110010010001101011010101101111011111100110100111110100011001000000000000000000000000000000000000000000000000000000000000000000000000000000000000000000 0 0
5041	8.906	0.000	( 0 )	001010101011110111110110100011110010010001101011010101101111011111100110100111110100011001000000000000000000000000000000000000000000000000000000000000000000000000000000000000000000 0 0
4990	8.906	0.000	( 0 )	001010101011110111110110100011110010010001101011010101101111011111100110100111110100011001000000000000000000000000000000000000000000000000000000000000000000000000000000000000000000 0 0
5046	8.906	0.000	( 0 )	001010101011110111110110100011110010010001101011010101101111011111100110100111110100011001000000000000000000000000000000000000000000000000000000000000000000000000000000000000000000 0 0
4950	10.017	0.000	( 0 )	001010101011110101110110100011110010010001101011010101101111011111100110100111110100011001000000000000000000000000000000000000000000000000000000000000000000000000000000000000000000 1 0
4948	10.017	0.000	( 0 )	001010101011110101110110100011110010010001101011010101101111011111100110100111110100011001000000000000000000000000000000000000000000000000000000000000000000000000000000000000000000 0 0
4891	10.017	0.000	( 0 )	001010101011110101110110100011110010010001101011010101101111011111100110100111110100011001000000000000000000000000000000000000000000000000000000000000000000000000000000000000000000 0 0
4933	10.017	0.000	( 0 )	001010101011110101110110100011110010010001101011010101101111011111100110100111110100011001000000000000000000000000000000000000000000000000000000000000000000000000000000000000000000 0 0
4943	10.017	0.000	( 0 )	001010101011110101110110100011110010010001101011010101101111011111100110100111110100011001000000000000000000000000000000000000000000000000000000000000000000000000000000000000000000 0 0
4885	10.017	0.000	( 0 )	001010101011110101110110100011110010010001101011010101101111011111100110100111110100011001000000000000000000000000000000000000000000000000000000000000000000000000000000000000000000 0 0
4979	10.017	0.000	( 0 )	001010101011110101110110100011110010010001101011010101101111011111100110100111110100011001000000000000000000000000000000000000000000000000000000000000000000000000000000000000000000 0 0
4887	10.017	0.000	( 0 )	001010101011110101110110100011110010010001101011010101101111011111100110100111110100011001000000000000000000000000000000000000000000000000000000000000000000000000000000000000000000 0 0
4945	10.017	0.000	( 0 )	001010101011110101110110100011110010010001101011010101101111011111100110100111110100011001000000000000000000000000000000000000000000000000000000000000000000000000000000000000000000 0 0
4947	10.017	0.000	( 0 )	001010101011110101110110100011110010010001101011010101101111011111100110100111110100011001000000000000000000000000000000000000000000000000000000000000000000000000000000000000000000 0 0
4919	10.017	0.000	( 0 )	001010101011110101110110100011110010010001101011010101101111011111100110100111110100011001000000000000000000000000000000000000000000000000000000000000000000000000000000000000000000 0 0
4949	10.017	0.000	( 0 )	001010101011110101110110100011110010010001101011010101101111011111100110100111110100011001000000000000000000000000000000000000000000000000000000000000000000000000000000000000000000 0 0
4981	10.017	0.000	( 0 )	001010101011110101110110100011110010010001101011010101101111011111100110100111110100011001000000000000000000000000000000000000000000000000000000000000000000000000000000000000000000 0 0
4888	10.017	0.000	( 0 )	001010101011110101110110100011110010010001101011010101101111011111100110100111110100011001000000000000000000000000000000000000000000000000000000000000000000000000000000000000000000 0 0
4946	10.017	0.000	( 0 )	001010101011110101110110100011110010010001101011010101101111011111100110100111110100011001000000000000000000000000000000000000000000000000000000000000000000000000000000000000000000 0 0
4889	10.017	0.000	( 0 )	001010101011110101110110100011110010010001101011010101101111011111100110100111110100011001000000000000000000000000000000000000000000000000000000000000000000000000000000000000000000 0 0
4928	10.017	0.000	( 0 )	001010101011110101110110100011110010010001101011010101101111011111100110100111110100011001000000000000000000000000000000000000000000000000000000000000000000000000000000000000000000 0 0
4869	11.128	0.000	( 0 )	001010101011110001110110100011110010010001101011010101101111011111100110100111110100011001000000000000000000000000000000000000000000000000000000000000000000000000000000000000000000 1 0
4867	11.128	0.000	( 0 )	001010101011110001110110100011110010010001101011010101101111011111100110100111110100011001000000000000000000000000000000000000000000000000000000000000000000000000000000000000000000 0 0
4870	11.128	0.000	( 0 )	001010101011110001110110100011110010010001101011010101101111011111100110100111110100011001000000000000000000000000000000000000000000000000000000000000000000000000000000000000000000 0 0
4868	11.128	0.000	( 0 )	001010101011110001110110100011110010010001101011010101101111011111100110100111110100011001000000000000000000000000000000000000000000000000000000000000000000000000000000000000000000 0 0
4865	11.128	0.000	( 0 )	001010101011110001110110100011110010010001101011010101101111011111100110100111110100011001000000000000000000000000000000000000000000000000000000000000000000000000000000000000000000 0 0
4862	11.128	0.000	( 0 )	001010101011110001110110100011110010010001101011010101101111011111100110100111110100011001000000000000000000000000000000000000000000000000000000000000000000000000000000000000000000 0 0
4859	11.128	0.000	( 0 )	001010101011110001110110100011110010010001101011010101101111011111100110100111110100011001000000000000000000000000000000000000000000000000000000000000000000000000000000000000000000 0 0
4864	11.128	0.000	( 0 )	001010101011110001110110100011110010010001101011010101101111011111100110100111110100011001000000000000000000000000000000000000000000000000000000000000000000000000000000000000000000 0 0
4863	11.128	0.000	( 0 )	001010101011110001110110100011110010010001101011010101101111011111100110100111110100011001000000000000000000000000000000000000000000000000000000000000000000000000000000000000000000 0 0
4866	11.128	0.000	( 0 )	001010101011110001110110100011110010010001101011010101101111011111100110100111110100011001000000000000000000000000000000000000000000000000000000000000000000000000000000000000000000 0 0
4960	12.240	0.000	( 0 )	001010101011110001110110000011110010010001101011010101101111011111100110100111110100011001000000000000000000000000000000000000000000000000000000000000000000000000000000000000000000 1 0
4793	17.818	0.000	( 0 )	011010101011110001110110000011110010010001101011010100101111011111100110101111110110111001000000000000000000000000000000000000000000000000000000000000000000000000000000000000000000 5 0
4836	17.818	0.000	( 0 )	011010101011110001110110000011110010010001101011010100101111011111100110101111110110111001000000000000000000000000000000000000000000000000000000000000000000000000000000000000000000 0 0
4803	18.930	0.000	( 0 )	011010101011110001110110000011110000010001101011010100101111011111100110101111110110111001000000000000000000000000000000000000000000000000000000000000000000000000000000000000000000 1 0
4807	18.930	0.000	( 0 )	011010101011110001110110000011110000010001101011010100101111011111100110101111110110111001000000000000000000000000000000000000000000000000000000000000000000000000000000000000000000 0 0
4809	18.930	0.000	( 0 )	011010101011110001110110000011110000010001101011010100101111011111100110101111110110111001000000000000000000000000000000000000000000000000000000000000000000000000000000000000000000 0 0
4804	18.930	0.000	( 0 )	011010101011110001110110000011110000010001101011010100101111011111100110101111110110111001000000000000000000000000000000000000000000000000000000000000000000000000000000000000000000 0 0
4820	18.930	0.000	( 0 )	011010101011110001110110000011110000010001101011010100101111011111100110101111110110111001000000000000000000000000000000000000000000000000000000000000000000000000000000000000000000 0 0
4802	18.930	0.000	( 0 )	011010101011110001110110000011110000010001101011010100101111011111100110101111110110111001000000000000000000000000000000000000000000000000000000000000000000000000000000000000000000 0 0
4810	18.930	0.000	( 0 )	011010101011110001110110000011110000010001101011010100101111011111100110101111110110111001000000000000000000000000000000000000000000000000000000000000000000000000000000000000000000 0 0
4821	18.930	0.000	( 0 )	011010101011110001110110000011110000010001101011010100101111011111100110101111110110111001000000000000000000000000000000000000000000000000000000000000000000000000000000000000000000 0 0
4805	18.930	0.000	( 0 )	011010101011110001110110000011110000010001101011010100101111011111100110101111110110111001000000000000000000000000000000000000000000000000000000000000000000000000000000000000000000 0 0
4785	20.041	0.000	( 0 )	011010101011110001110110000011110000010001101011010100101111011111100110101111110110101001000000000000000000000000000000000000000000000000000000000000000000000000000000000000000000 1 0
4796	21.152	0.000	( 0 )	011010101011110001110110000011110000010001101011010100101111011111100110101111110110101011000000000000000000000000000000000000000000000000000000000000000000000000000000000000000000 1 0
4721	22.263	0.000	( 0 )	011010101011110000110110000011110000010001101011010100101111011111100110101111110110101011000000000000000000000000000000000000000000000000000000000000000000000000000000000000000000 1 0
4754	23.375	0.000	( 0 )	011010101011110000110110000011110000010001101011010100101111011111100100101111110110101011000000000000000000000000000000000000000000000000000000000000000000000000000000000000000000 1 0
4745	23.375	0.000	( 0 )	011010101011110000110110000011110000010001101011010100101111011111100100101111110110101011000000000000000000000000000000000000000000000000000000000000000000000000000000000000000000 0 0
4725	23.375	0.000	( 0 )	011010101011110000110110000011110000010001101011010100101111011111100100101111110110101011000000000000000000000000000000000000000000000000000000000000000000000000000000000000000000 0 0
4727	23.375	0.000	( 0 )	011010101011110000110110000011110000010001101011010100101111011111100100101111110110101011000000000000000000000000000000000000000000000000000000000000000000000000000000000000000000 0 0
4752	23.375	0.000	( 0 )	011010101011110000110110000011110000010001101011010100101111011111100100101111110110101011000000000000000000000000000000000000000000000000000000000000000000000000000000000000000000 0 0
4722	23.375	0.000	( 0 )	011010101011110000110110000011110000010001101011010100101111011111100100101111110110101011000000000000000000000000000000000000000000000000000000000000000000000000000000000000000000 0 0
4742	23.375	0.000	( 0 )	011010101011110000110110000011110000010001101011010100101111011111100100101111110110101011000000000000000000000000000000000000000000000000000000000000000000000000000000000000000000 0 0
4707	23.375	0.000	( 0 )	011010101011110000110110000011110000010001101011010100101111011111100100101111110110101011000000000000000000000000000000000000000000000000000000000000000000000000000000000000000000 0 0
4724	23.375	0.000	( 0 )	011010101011110000110110000011110000010001101011010100101111011111100100101111110110101011000000000000000000000000000000000000000000000000000000000000000000000000000000000000000000 0 0
4726	23.375	0.000	( 0 )	011010101011110000110110000011110000010001101011010100101111011111100100101111110110101011000000000000000000000000000000000000000000000000000000000000000000000000000000000000000000 0 0
4723	23.375	0.000	( 0 )	011010101011110000110110000011110000010001101011010100101111011111100100101111110110101011000000000000000000000000000000000000000000000000000000000000000000000000000000000000000000 0 0
4755	23.375	0.000	( 0 )	011010101011110000110110000011110000010001101011010100101111011111100100101111110110101011000000000000000000000000000000000000000000000000000000000000000000000000000000000000000000 0 0
4694	23.375	0.000	( 0 )	011010101011110000110110000011110000010001101011010100101111011111100100101111110110101011000000000000000000000000000000000000000000000000000000000000000000000000000000000000000000 0 0
4741	23.375	0.000	( 0 )	011010101011110000110110000011110000010001101011010100101111011111100100101111110110101011000000000000000000000000000000000000000000000000000000000000000000000000000000000000000000 0 0
4744	23.375	0.000	( 0 )	011010101011110000110110000011110000010001101011010100101111011111100100101111110110101011000000000000000000000000000000000000000000000000000000000000000000000000000000000000000000 0 0
4672	24.486	0.000	( 0 )	011010101011110000110110000011110000010001101011010100111111011111100100101111110110101011000000000000000000000000000000000000000000000000000000000000000000000000000000000000000000 1 0
4656	24.486	0.000	( 0 )	011010101011110000110110000011110000010001101011010100111111011111100100101111110110101011000000000000000000000000000000000000000000000000000000000000000000000000000000000000000000 0 0
4648	24.486	0.000	( 0 )	011010101011110000110110000011110000010001101011010100111111011111100100101111110110101011000000000000000000000000000000000000000000000000000000000000000000000000000000000000000000 0 0
4665	24.486	0.000	( 0 )	011010101011110000110110000011110000010001101011010100111111011111100100101111110110101011000000000000000000000000000000000000000000000000000000000000000000000000000000000000000000 0 0
4680	24.486	0.000	( 0 )	011010101011110000110110000011110000010001101011010100111111011111100100101111110110101011000000000000000000000000000000000000000000000000000000000000000000000000000000000000000000 0 0
4647	24.486	0.000	( 0 )	011010101011110000110110000011110000010001101011010100111111011111100100101111110110101011000000000000000000000000000000000000000000000000000000000000000000000000000000000000000000 0 0
4646	24.486	0.000	( 0 )	011010101011110000110110000011110000010001101011010100111111011111100100101111110110101011000000000000000000000000000000000000000000000000000000000000000000000000000000000000000000 0 0
4674	24.486	0.000	( 0 )	011010101011110000110110000011110000010001101011010100111111011111100100101111110110101011000000000000000000000000000000000000000000000000000000000000000000000000000000000000000000 0 0
4666	24.486	0.000	( 0 )	011010101011110000110110000011110000010001101011010100111111011111100100101111110110101011000000000000000000000000000000000000000000000000000000000000000000000000000000000000000000 0 0
4652	24.486	0.000	( 0 )	011010101011110000110110000011110000010001101011010100111111011111100100101111110110101011000000000000000000000000000000000000000000000000000000000000000000000000000000000000000000 0 0
4602	30.065	0.000	( 0 )	011011101011110000100110000011111000010001101011010100111111011111100100101111100110100011000000000000000000000000000000000000000000000000000000000000000000000000000000000000000000 5 0
22333	30.065	0.000	( 0 )	011011101011110000100110000011111000010001101011010100111111011111100100101111100110100011000000000000000000000000000000000000000000000000000000000000000000000000000000000000000000 0 0
4585	30.065	0.000	( 0 )	011011101011110000100110000011111000010001101011010100111111011111100100101111100110100011000000000000000000000000000000000000000000000000000000000000000000000000000000000000000000 0 0
4604	30.065	0.000	( 0 )	011011101011110000100110000011111000010001101011010100111111011111100100101111100110100011000000000000000000000000000000000000000000000000000000000000000000000000000000000000000000 0 0
4620	30.065	0.000	( 0 )	011011101011110000100110000011111000010001101011010100111111011111100100101111100110100011000000000000000000000000000000000000000000000000000000000000000000000000000000000000000000 0 0
4621	30.065	0.000	( 0 )	011011101011110000100110000011111000010001101011010100111111011111100100101111100110100011000000000000000000000000000000000000000000000000000000000000000000000000000000000000000000 0 0
4605	30.065	0.000	( 0 )	011011101011110000100110000011111000010001101011010100111111011111100100101111100110100011000000000000000000000000000000000000000000000000000000000000000000000000000000000000000000 0 0
4575	31.176	0.000	( 0 )	011011101011110000100110000011111000010001101011010100111111011111100100101111100110100111000000000000000000000000000000000000000000000000000000000000000000000000000000000000000000 1 0
4576	31.176	0.000	( 0 )	011011101011110000100110000011111000010001101011010100111111011111100100101111100110100111000000000000000000000000000000000000000000000000000000000000000000000000000000000000000000 0 0
4573	31.176	0.000	( 0 )	011011101011110000100110000011111000010001101011010100111111011111100100101111100110100111000000000000000000000000000000000000000000000000000000000000000000000000000000000000000000 0 0
4541	32.287	0.000	( 0 )	011011101011110000100110000011111000010001101011010100111111011111100100101110100110100111000000000000000000000000000000000000000000000000000000000000000000000000000000000000000000 1 0
4546	32.287	0.000	( 0 )	011011101011110000100110000011111000010001101011010100111111011111100100101110100110100111000000000000000000000000000000000000000000000000000000000000000000000000000000000000000000 0 0
4349	32.287	0.000	( 0 )	011011101011110000100110000011111000010001101011010100111111011111100100101110100110100111000000000000000000000000000000000000000000000000000000000000000000000000000000000000000000 0 0
4346	32.287	0.000	( 0 )	011011101011110000100110000011111000010001101011010100111111011111100100101110100110100111000000000000000000000000000000000000000000000000000000000000000000000000000000000000000000 0 0
4348	32.287	0.000	( 0 )	011011101011110000100110000011111000010001101011010100111111011111100100101110100110100111000000000000000000000000000000000000000000000000000000000000000000000000000000000000000000 0 0
4544	32.287	0.000	( 0 )	011011101011110000100110000011111000010001101011010100111111011111100100101110100110100111000000000000000000000000000000000000000000000000000000000000000000000000000000000000000000 0 0
4505	32.287	0.000	( 0 )	011011101011110000100110000011111000010001101011010100111111011111100100101110100110100111000000000000000000000000000000000000000000000000000000000000000000000000000000000000000000 0 0
4347	32.287	0.000	( 0 )	011011101011110000100110000011111000010001101011010100111111011111100100101110100110100111000000000000000000000000000000000000000000000000000000000000000000000000000000000000000000 0 0
4545	32.287	0.000	( 0 )	011011101011110000100110000011111000010001101011010100111111011111100100101110100110100111000000000000000000000000000000000000000000000000000000000000000000000000000000000000000000 0 0
4529	32.287	0.000	( 0 )	011011101011110000100110000011111000010001101011010100111111011111100100101110100110100111000000000000000000000000000000000000000000000000000000000000000000000000000000000000000000 0 0
4491	32.287	0.000	( 0 )	011011101011110000100110000011111000010001101011010100111111011111100100101110100110100111000000000000000000000000000000000000000000000000000000000000000000000000000000000000000000 0 0
4527	32.287	0.000	( 0 )	011011101011110000100110000011111000010001101011010100111111011111100100101110100110100111000000000000000000000000000000000000000000000000000000000000000000000000000000000000000000 0 0
4524	32.287	0.000	( 0 )	011011101011110000100110000011111000010001101011010100111111011111100100101110100110100111000000000000000000000000000000000000000000000000000000000000000000000000000000000000000000 0 0
4528	32.287	0.000	( 0 )	011011101011110000100110000011111000010001101011010100111111011111100100101110100110100111000000000000000000000000000000000000000000000000000000000000000000000000000000000000000000 0 0
4542	32.287	0.000	( 0 )	011011101011110000100110000011111000010001101011010100111111011111100100101110100110100111000000000000000000000000000000000000000000000000000000000000000000000000000000000000000000 0 0
4504	32.287	0.000	( 0 )	011011101011110000100110000011111000010001101011010100111111011111100100101110100110100111000000000000000000000000000000000000000000000000000000000000000000000000000000000000000000 0 0
4350	32.287	0.000	( 0 )	011011101011110000100110000011111000010001101011010100111111011111100100101110100110100111000000000000000000000000000000000000000000000000000000000000000000000000000000000000000000 0 0
4552	32.287	0.000	( 0 )	011011101011110000100110000011111000010001101011010100111111011111100100101110100110100111000000000000000000000000000000000000000000000000000000000000000000000000000000000000000000 0 0
4437	33.398	0.000	( 0 )	011011101011110000100110000011111000010001101011010100111111001111100100101110100110100111000000000000000000000000000000000000000000000000000000000000000000000000000000000000000000 1 0
4434	33.398	0.000	( 0 )	011011101011110000100110000011111000010001101011010100111111001111100100101110100110100111000000000000000000000000000000000000000000000000000000000000000000000000000000000000000000 0 0
4319	33.398	0.000	( 0 )	011011101011110000100110000011111000010001101011010100111111001111100100101110100110100111000000000000000000000000000000000000000000000000000000000000000000000000000000000000000000 0 0
4435	33.398	0.000	( 0 )	011011101011110000100110000011111000010001101011010100111111001111100100101110100110100111000000000000000000000000000000000000000000000000000000000000000000000000000000000000000000 0 0
4436	33.398	0.000	( 0 )	011011101011110000100110000011111000010001101011010100111111001111100100101110100110100111000000000000000000000000000000000000000000000000000000000000000000000000000000000000000000 0 0
4430	33.398	0.000	( 0 )	011011101011110000100110000011111000010001101011010100111111001111100100101110100110100111000000000000000000000000000000000000000000000000000000000000000000000000000000000000000000 0 0
15950	34.510	0.000	( 0 )	011011101011110000100110000011111100010001101011010100111111001111100100101110100110100111000000000000000000000000000000000000000000000000000000000000000000000000000000000000000000 1 0
4330	34.510	0.000	( 0 )	011011101011110000100110000011111100010001101011010100111111001111100100101110100110100111000000000000000000000000000000000000000000000000000000000000000000000000000000000000000000 0 0
4392	34.510	0.000	( 0 )	011011101011110000100110000011111100010001101011010100111111001111100100101110100110100111000000000000000000000000000000000000000000000000000000000000000000000000000000000000000000 0 0
4299	34.510	0.000	( 0 )	011011101011110000100110000011111100010001101011010100111111001111100100101110100110100111000000000000000000000000000000000000000000000000000000000000000000000000000000000000000000 0 0
4397	34.510	0.000	( 0 )	011011101011110000100110000011111100010001101011010100111111001111100100101110100110100111000000000000000000000000000000000000000000000000000000000000000000000000000000000000000000 0 0
4285	34.510	0.000	( 0 )	011011101011110000100110000011111100010001101011010100111111001111100100101110100110100111000000000000000000000000000000000000000000000000000000000000000000000000000000000000000000 0 0
4359	34.510	0.000	( 0 )	011011101011110000100110000011111100010001101011010100111111001111100100101110100110100111000000000000000000000000000000000000000000000000000000000000000000000000000000000000000000 0 0
4329	34.510	0.000	( 0 )	011011101011110000100110000011111100010001101011010100111111001111100100101110100110100111000000000000000000000000000000000000000000000000000000000000000000000000000000000000000000 0 0
4395	34.510	0.000	( 0 )	011011101011110000100110000011111100010001101011010100111111001111100100101110100110100111000000000000000000000000000000000000000000000000000000000000000000000000000000000000000000 0 0
4396	34.510	0.000	( 0 )	011011101011110000100110000011111100010001101011010100111111001111100100101110100110100111000000000000000000000000000000000000000000000000000000000000000000000000000000000000000000 0 0
4302	34.510	0.000	( 0 )	011011101011110000100110000011111100010001101011010100111111001111100100101110100110100111000000000000000000000000000000000000000000000000000000000000000000000000000000000000000000 0 0
4165	34.510	0.000	( 0 )	011011101011110000100110000011111100010001101011010100111111001111100100101110100110100111000000000000000000000000000000000000000000000000000000000000000000000000000000000000000000 0 0
4383	34.510	0.000	( 0 )	011011101011110000100110000011111100010001101011010100111111001111100100101110100110100111000000000000000000000000000000000000000000000000000000000000000000000000000000000000000000 0 0
15954	34.510	0.000	( 0 )	011011101011110000100110000011111100010001101011010100111111001111100100101110100110100111000000000000000000000000000000000000000000000000000000000000000000000000000000000000000000 0 0
4310	34.510	0.000	( 0 )	011011101011110000100110000011111100010001101011010100111111001111100100101110100110100111000000000000000000000000000000000000000000000000000000000000000000000000000000000000000000 0 0
4366	34.510	0.000	( 0 )	011011101011110000100110000011111100010001101011010100111111001111100100101110100110100111000000000000000000000000000000000000000000000000000000000000000000000000000000000000000000 0 0
4164	34.510	0.000	( 0 )	011011101011110000100110000011111100010001101011010100111111001111100100101110100110100111000000000000000000000000000000000000000000000000000000000000000000000000000000000000000000 0 0
15942	34.510	0.000	( 0 )	011011101011110000100110000011111100010001101011010100111111001111100100101110100110100111000000000000000000000000000000000000000000000000000000000000000000000000000000000000000000 0 0
4398	34.510	0.000	( 0 )	011011101011110000100110000011111100010001101011010100111111001111100100101110100110100111000000000000000000000000000000000000000000000000000000000000000000000000000000000000000000 0 0
15941	34.510	0.000	( 0 )	011011101011110000100110000011111100010001101011010100111111001111100100101110100110100111000000000000000000000000000000000000000000000000000000000000000000000000000000000000000000 0 0
4387	34.510	0.000	( 0 )	011011101011110000100110000011111100010001101011010100111111001111100100101110100110100111000000000000000000000000000000000000000000000000000000000000000000000000000000000000000000 0 0
4279	34.510	0.000	( 0 )	011011101011110000100110000011111100010001101011010100111111001111100100101110100110100111000000000000000000000000000000000000000000000000000000000000000000000000000000000000000000 0 0
4415	34.510	0.000	( 0 )	011011101011110000100110000011111100010001101011010100111111001111100100101110100110100111000000000000000000000000000000000000000000000000000000000000000000000000000000000000000000 0 0
4163	34.510	0.000	( 0 )	011011101011110000100110000011111100010001101011010100111111001111100100101110100110100111000000000000000000000000000000000000000000000000000000000000000000000000000000000000000000 0 0
4288	34.510	0.000	( 0 )	011011101011110000100110000011111100010001101011010100111111001111100100101110100110100111000000000000000000000000000000000000000000000000000000000000000000000000000000000000000000 0 0
4284	34.510	0.000	( 0 )	011011101011110000100110000011111100010001101011010100111111001111100100101110100110100111000000000000000000000000000000000000000000000000000000000000000000000000000000000000000000 0 0
4136	35.621	0.000	( 0 )	011011101011110000100110000011111100010001101011010100111111001111100100101110100010100111000000000000000000000000000000000000000000000000000000000000000000000000000000000000000000 1 0
4162	35.621	0.000	( 0 )	011011101011110000100110000011111100010001101011010100111111001111100100101110100010100111000000000000000000000000000000000000000000000000000000000000000000000000000000000000000000 0 0
4121	35.621	0.000	( 0 )	011011101011110000100110000011111100010001101011010100111111001111100100101110100010100111000000000000000000000000000000000000000000000000000000000000000000000000000000000000000000 0 0
4127	35.621	0.000	( 0 )	011011101011110000100110000011111100010001101011010100111111001111100100101110100010100111000000000000000000000000000000000000000000000000000000000000000000000000000000000000000000 0 0
4275	35.621	0.000	( 0 )	011011101011110000100110000011111100010001101011010100111111001111100100101110100010100111000000000000000000000000000000000000000000000000000000000000000000000000000000000000000000 0 0
4211	35.621	0.000	( 0 )	011011101011110000100110000011111100010001101011010100111111001111100100101110100010100111000000000000000000000000000000000000000000000000000000000000000000000000000000000000000000 0 0
4126	35.621	0.000	( 0 )	011011101011110000100110000011111100010001101011010100111111001111100100101110100010100111000000000000000000000000000000000000000000000000000000000000000000000000000000000000000000 0 0
4221	35.621	0.000	( 0 )	011011101011110000100110000011111100010001101011010100111111001111100100101110100010100111000000000000000000000000000000000000000000000000000000000000000000000000000000000000000000 0 0
4150	35.621	0.000	( 0 )	011011101011110000100110000011111100010001101011010100111111001111100100101110100010100111000000000000000000000000000000000000000000000000000000000000000000000000000000000000000000 0 0
4241	35.621	0.000	( 0 )	011011101011110000100110000011111100010001101011010100111111001111100100101110100010100111000000000000000000000000000000000000000000000000000000000000000000000000000000000000000000 0 0
4191	35.621	0.000	( 0 )	011011101011110000100110000011111100010001101011010100111111001111100100101110100010100111000000000000000000000000000000000000000000000000000000000000000000000000000000000000000000 0 0
4158	35.621	0.000	( 0 )	011011101011110000100110000011111100010001101011010100111111001111100100101110100010100111000000000000000000000000000000000000000000000000000000000000000000000000000000000000000000 0 0
4222	35.621	0.000	( 0 )	011011101011110000100110000011111100010001101011010100111111001111100100101110100010100111000000000000000000000000000000000000000000000000000000000000000000000000000000000000000000 0 0
4149	35.621	0.000	( 0 )	011011101011110000100110000011111100010001101011010100111111001111100100101110100010100111000000000000000000000000000000000000000000000000000000000000000000000000000000000000000000 0 0
4216	35.621	0.000	( 0 )	011011101011110000100110000011111100010001101011010100111111001111100100101110100010100111000000000000000000000000000000000000000000000000000000000000000000000000000000000000000000 0 0
4110	35.621	0.000	( 0 )	011011101011110000100110000011111100010001101011010100111111001111100100101110100010100111000000000000000000000000000000000000000000000000000000000000000000000000000000000000000000 0 0
4147	35.621	0.000	( 0 )	011011101011110000100110000011111100010001101011010100111111001111100100101110100010100111000000000000000000000000000000000000000000000000000000000000000000000000000000000000000000 0 0
4143	35.621	0.000	( 0 )	011011101011110000100110000011111100010001101011010100111111001111100100101110100010100111000000000000000000000000000000000000000000000000000000000000000000000000000000000000000000 0 0
4112	35.621	0.000	( 0 )	011011101011110000100110000011111100010001101011010100111111001111100100101110100010100111000000000000000000000000000000000000000000000000000000000000000000000000000000000000000000 0 0
4148	35.621	0.000	( 0 )	011011101011110000100110000011111100010001101011010100111111001111100100101110100010100111000000000000000000000000000000000000000000000000000000000000000000000000000000000000000000 0 0
4069	37.845	0.000	( 0 )	011011101011100000100110000011111100010001101011010100011111001111100100101110100010100111000000000000000000000000000000000000000000000000000000000000000000000000000000000000000000 2 0
4101	37.845	0.000	( 0 )	011011101011100000100110000011111100010001101011010100011111001111100100101110100010100111000000000000000000000000000000000000000000000000000000000000000000000000000000000000000000 0 0
4070	37.845	0.000	( 0 )	011011101011100000100110000011111100010001101011010100011111001111100100101110100010100111000000000000000000000000000000000000000000000000000000000000000000000000000000000000000000 0 0
4067	37.845	0.000	( 0 )	011011101011100000100110000011111100010001101011010100011111001111100100101110100010100111000000000000000000000000000000000000000000000000000000000000000000000000000000000000000000 0 0
4068	37.845	0.000	( 0 )	011011101011100000100110000011111100010001101011010100011111001111100100101110100010100111000000000000000000000000000000000000000000000000000000000000000000000000000000000000000000 0 0
4052	37.845	0.000	( 0 )	011011101011100000100110000011111100010001101011010100011111001111100100101110100010100111000000000000000000000000000000000000000000000000000000000000000000000000000000000000000000 0 0
4055	37.845	0.000	( 0 )	011011101011100000100110000011111100010001101011010100011111001111100100101110100010100111000000000000000000000000000000000000000000000000000000000000000000000000000000000000000000 0 0
3992	38.956	0.000	( 0 )	011011101011100000100110000011111100010001101011010100010111001111100100101110100010100111000000000000000000000000000000000000000000000000000000000000000000000000000000000000000000 1 0
3914	40.067	0.000	( 0 )	011011101011100000100110000011111100110001101011010100010111001111100100101110100010100111000000000000000000000000000000000000000000000000000000000000000000000000000000000000000000 1 0
3975	40.067	0.000	( 0 )	011011101011100000100110000011111100110001101011010100010111001111100100101110100010100111000000000000000000000000000000000000000000000000000000000000000000000000000000000000000000 0 0
3909	40.067	0.000	( 0 )	011011101011100000100110000011111100110001101011010100010111001111100100101110100010100111000000000000000000000000000000000000000000000000000000000000000000000000000000000000000000 0 0
3915	40.067	0.000	( 0 )	011011101011100000100110000011111100110001101011010100010111001111100100101110100010100111000000000000000000000000000000000000000000000000000000000000000000000000000000000000000000 0 0
3947	40.067	0.000	( 0 )	011011101011100000100110000011111100110001101011010100010111001111100100101110100010100111000000000000000000000000000000000000000000000000000000000000000000000000000000000000000000 0 0
3913	40.067	0.000	( 0 )	011011101011100000100110000011111100110001101011010100010111001111100100101110100010100111000000000000000000000000000000000000000000000000000000000000000000000000000000000000000000 0 0
3912	40.067	0.000	( 0 )	011011101011100000100110000011111100110001101011010100010111001111100100101110100010100111000000000000000000000000000000000000000000000000000000000000000000000000000000000000000000 0 0
3908	40.067	0.000	( 0 )	011011101011100000100110000011111100110001101011010100010111001111100100101110100010100111000000000000000000000000000000000000000000000000000000000000000000000000000000000000000000 0 0
3967	40.067	0.000	( 0 )	011011101011100000100110000011111100110001101011010100010111001111100100101110100010100111000000000000000000000000000000000000000000000000000000000000000000000000000000000000000000 0 0
3911	40.067	0.000	( 0 )	011011101011100000100110000011111100110001101011010100010111001111100100101110100010100111000000000000000000000000000000000000000000000000000000000000000000000000000000000000000000 0 0
3972	40.067	0.000	( 0 )	011011101011100000100110000011111100110001101011010100010111001111100100101110100010100111000000000000000000000000000000000000000000000000000000000000000000000000000000000000000000 0 0
3910	40.067	0.000	( 0 )	011011101011100000100110000011111100110001101011010100010111001111100100101110100010100111000000000000000000000000000000000000000000000000000000000000000000000000000000000000000000 0 0
3993	40.067	0.000	( 0 )	011011101011100000100110000011111100110001101011010100010111001111100100101110100010100111000000000000000000000000000000000000000000000000000000000000000000000000000000000000000000 0 0
3944	40.067	0.000	( 0 )	011011101011100000100110000011111100110001101011010100010111001111100100101110100010100111000000000000000000000000000000000000000000000000000000000000000000000000000000000000000000 0 0
3979	40.067	0.000	( 0 )	011011101011100000100110000011111100110001101011010100010111001111100100101110100010100111000000000000000000000000000000000000000000000000000000000000000000000000000000000000000000 0 0
3971	40.067	0.000	( 0 )	011011101011100000100110000011111100110001101011010100010111001111100100101110100010100111000000000000000000000000000000000000000000000000000000000000000000000000000000000000000000 0 0
3976	40.067	0.000	( 0 )	011011101011100000100110000011111100110001101011010100010111001111100100101110100010100111000000000000000000000000000000000000000000000000000000000000000000000000000000000000000000 0 0
3876	41.179	0.000	( 0 )	011011101011100000100110000011111100110001101011010100010111001111100100001110100010100111000000000000000000000000000000000000000000000000000000000000000000000000000000000000000000 1 0
3877	41.179	0.000	( 0 )	011011101011100000100110000011111100110001101011010100010111001111100100001110100010100111000000000000000000000000000000000000000000000000000000000000000000000000000000000000000000 0 0
3864	42.290	0.000	( 0 )	011011101011101000100110000011111100110001101011010100010111001111100100001110100010100111000000000000000000000000000000000000000000000000000000000000000000000000000000000000000000 1 0
3747	42.290	0.000	( 0 )	011011101011101000100110000011111100110001101011010100010111001111100100001110100010100111000000000000000000000000000000000000000000000000000000000000000000000000000000000000000000 0 0
3831	42.290	0.000	( 0 )	011011101011101000100110000011111100110001101011010100010111001111100100001110100010100111000000000000000000000000000000000000000000000000000000000000000000000000000000000000000000 0 0
3740	42.290	0.000	( 0 )	011011101011101000100110000011111100110001101011010100010111001111100100001110100010100111000000000000000000000000000000000000000000000000000000000000000000000000000000000000000000 0 0
3867	42.290	0.000	( 0 )	011011101011101000100110000011111100110001101011010100010111001111100100001110100010100111000000000000000000000000000000000000000000000000000000000000000000000000000000000000000000 0 0
3789	42.290	0.000	( 0 )	011011101011101000100110000011111100110001101011010100010111001111100100001110100010100111000000000000000000000000000000000000000000000000000000000000000000000000000000000000000000 0 0
3838	42.290	0.000	( 0 )	011011101011101000100110000011111100110001101011010100010111001111100100001110100010100111000000000000000000000000000000000000000000000000000000000000000000000000000000000000000000 0 0
3861	42.290	0.000	( 0 )	011011101011101000100110000011111100110001101011010100010111001111100100001110100010100111000000000000000000000000000000000000000000000000000000000000000000000000000000000000000000 0 0
3825	42.290	0.000	( 0 )	011011101011101000100110000011111100110001101011010100010111001111100100001110100010100111000000000000000000000000000000000000000000000000000000000000000000000000000000000000000000 0 0
3748	42.290	0.000	( 0 )	011011101011101000100110000011111100110001101011010100010111001111100100001110100010100111000000000000000000000000000000000000000000000000000000000000000000000000000000000000000000 0 0
3866	42.290	0.000	( 0 )	011011101011101000100110000011111100110001101011010100010111001111100100001110100010100111000000000000000000000000000000000000000000000000000000000000000000000000000000000000000000 0 0
3833	42.290	0.000	( 0 )	011011101011101000100110000011111100110001101011010100010111001111100100001110100010100111000000000000000000000000000000000000000000000000000000000000000000000000000000000000000000 0 0
3749	42.290	0.000	( 0 )	011011101011101000100110000011111100110001101011010100010111001111100100001110100010100111000000000000000000000000000000000000000000000000000000000000000000000000000000000000000000 0 0
3781	42.290	0.000	( 0 )	011011101011101000100110000011111100110001101011010100010111001111100100001110100010100111000000000000000000000000000000000000000000000000000000000000000000000000000000000000000000 0 0
3863	42.290	0.000	( 0 )	011011101011101000100110000011111100110001101011010100010111001111100100001110100010100111000000000000000000000000000000000000000000000000000000000000000000000000000000000000000000 0 0
3832	42.290	0.000	( 0 )	011011101011101000100110000011111100110001101011010100010111001111100100001110100010100111000000000000000000000000000000000000000000000000000000000000000000000000000000000000000000 0 0
3730	42.290	0.000	( 0 )	011011101011101000100110000011111100110001101011010100010111001111100100001110100010100111000000000000000000000000000000000000000000000000000000000000000000000000000000000000000000 0 0
3739	42.290	0.000	( 0 )	011011101011101000100110000011111100110001101011010100010111001111100100001110100010100111000000000000000000000000000000000000000000000000000000000000000000000000000000000000000000 0 0
3736	42.290	0.000	( 0 )	011011101011101000100110000011111100110001101011010100010111001111100100001110100010100111000000000000000000000000000000000000000000000000000000000000000000000000000000000000000000 0 0
3810	43.401	0.000	( 0 )	011011101011101000100110000011111100110001101011010100010111001111110100001110100010100111000000000000000000000000000000000000000000000000000000000000000000000000000000000000000000 1 0
3738	43.401	0.000	( 0 )	011011101011101000100110000011111100110001101011010100010111001111110100001110100010100111000000000000000000000000000000000000000000000000000000000000000000000000000000000000000000 0 0
3774	43.401	0.000	( 0 )	011011101011101000100110000011111100110001101011010100010111001111110100001110100010100111000000000000000000000000000000000000000000000000000000000000000000000000000000000000000000 0 0
3865	43.401	0.000	( 0 )	011011101011101000100110000011111100110001101011010100010111001111110100001110100010100111000000000000000000000000000000000000000000000000000000000000000000000000000000000000000000 0 0
3862	43.401	0.000	( 0 )	011011101011101000100110000011111100110001101011010100010111001111110100001110100010100111000000000000000000000000000000000000000000000000000000000000000000000000000000000000000000 0 0
3783	43.401	0.000	( 0 )	011011101011101000100110000011111100110001101011010100010111001111110100001110100010100111000000000000000000000000000000000000000000000000000000000000000000000000000000000000000000 0 0
3737	43.401	0.000	( 0 )	011011101011101000100110000011111100110001101011010100010111001111110100001110100010100111000000000000000000000000000000000000000000000000000000000000000000000000000000000000000000 0 0
3845	43.401	0.000	( 0 )	011011101011101000100110000011111100110001101011010100010111001111110100001110100010100111000000000000000000000000000000000000000000000000000000000000000000000000000000000000000000 0 0
3809	43.401	0.000	( 0 )	011011101011101000100110000011111100110001101011010100010111001111110100001110100010100111000000000000000000000000000000000000000000000000000000000000000000000000000000000000000000 0 0
3811	43.401	0.000	( 0 )	011011101011101000100110000011111100110001101011010100010111001111110100001110100010100111000000000000000000000000000000000000000000000000000000000000000000000000000000000000000000 0 0
3812	43.401	0.000	( 0 )	011011101011101000100110000011111100110001101011010100010111001111110100001110100010100111000000000000000000000000000000000000000000000000000000000000000000000000000000000000000000 0 0
3703	43.401	0.000	( 0 )	011011101011101000100110000011111100110001101011010100010111001111110100001110100010100111000000000000000000000000000000000000000000000000000000000000000000000000000000000000000000 0 0
3735	43.401	0.000	( 0 )	011011101011101000100110000011111100110001101011010100010111001111110100001110100010100111000000000000000000000000000000000000000000000000000000000000000000000000000000000000000000 0 0
3841	43.401	0.000	( 0 )	011011101011101000100110000011111100110001101011010100010111001111110100001110100010100111000000000000000000000000000000000000000000000000000000000000000000000000000000000000000000 0 0
1987	44.513	0.000	( 0 )	011011101011101000000110000011111100110001101011010100010111001111110100001110100010100111000000000000000000000000000000000000000000000000000000000000000000000000000000000000000000 1 0
3684	44.513	0.000	( 0 )	011011101011101000000110000011111100110001101011010100010111001111110100001110100010100111000000000000000000000000000000000000000000000000000000000000000000000000000000000000000000 0 0
3683	44.513	0.000	( 0 )	011011101011101000000110000011111100110001101011010100010111001111110100001110100010100111000000000000000000000000000000000000000000000000000000000000000000000000000000000000000000 0 0
1983	46.736	0.000	( 0 )	011011100011101000000110000011111100110001101011010000010111001111110100001110100010100111000000000000000000000000000000000000000000000000000000000000000000000000000000000000000000 2 0
3627	47.848	0.000	( 0 )	011011100011101000000110000011111100110001101011010000010110001111110100001110100010100111000000000000000000000000000000000000000000000000000000000000000000000000000000000000000000 1 0
3626	47.848	0.000	( 0 )	011011100011101000000110000011111100110001101011010000010110001111110100001110100010100111000000000000000000000000000000000000000000000000000000000000000000000000000000000000000000 0 0
3550	51.186	0.000	( 0 )	011011100011101000000110000011111100110001101010010000010100001111110000001110100010100111000000000000000000000000000000000000000000000000000000000000000000000000000000000000000000 3 0
3546	51.186	0.000	( 0 )	011011100011101000000110000011111100110001101010010000010100001111110000001110100010100111000000000000000000000000000000000000000000000000000000000000000000000000000000000000000000 0 0
3574	51.186	0.000	( 0 )	011011100011101000000110000011111100110001101010010000010100001111110000001110100010100111000000000000000000000000000000000000000000000000000000000000000000000000000000000000000000 0 0
3576	51.186	0.000	( 0 )	011011100011101000000110000011111100110001101010010000010100001111110000001110100010100111000000000000000000000000000000000000000000000000000000000000000000000000000000000000000000 0 0
3547	51.186	0.000	( 0 )	011011100011101000000110000011111100110001101010010000010100001111110000001110100010100111000000000000000000000000000000000000000000000000000000000000000000000000000000000000000000 0 0
3575	51.186	0.000	( 0 )	011011100011101000000110000011111100110001101010010000010100001111110000001110100010100111000000000000000000000000000000000000000000000000000000000000000000000000000000000000000000 0 0
3517	51.186	0.000	( 0 )	011011100011101000000110000011111100110001101010010000010100001111110000001110100010100111000000000000000000000000000000000000000000000000000000000000000000000000000000000000000000 0 0
3578	51.186	0.000	( 0 )	011011100011101000000110000011111100110001101010010000010100001111110000001110100010100111000000000000000000000000000000000000000000000000000000000000000000000000000000000000000000 0 0
3552	51.186	0.000	( 0 )	011011100011101000000110000011111100110001101010010000010100001111110000001110100010100111000000000000000000000000000000000000000000000000000000000000000000000000000000000000000000 0 0
3516	51.186	0.000	( 0 )	011011100011101000000110000011111100110001101010010000010100001111110000001110100010100111000000000000000000000000000000000000000000000000000000000000000000000000000000000000000000 0 0
3553	51.186	0.000	( 0 )	011011100011101000000110000011111100110001101010010000010100001111110000001110100010100111000000000000000000000000000000000000000000000000000000000000000000000000000000000000000000 0 0
3518	51.186	0.000	( 0 )	011011100011101000000110000011111100110001101010010000010100001111110000001110100010100111000000000000000000000000000000000000000000000000000000000000000000000000000000000000000000 0 0
3577	51.186	0.000	( 0 )	011011100011101000000110000011111100110001101010010000010100001111110000001110100010100111000000000000000000000000000000000000000000000000000000000000000000000000000000000000000000 0 0
3617	53.409	0.000	( 0 )	011011100011101000000110000011111100110001101010010000010110001101110000001110100010100111000000000000000000000000000000000000000000000000000000000000000000000000000000000000000000 2 0
3619	53.409	0.000	( 0 )	011011100011101000000110000011111100110001101010010000010110001101110000001110100010100111000000000000000000000000000000000000000000000000000000000000000000000000000000000000000000 0 0
3618	53.409	0.000	( 0 )	011011100011101000000110000011111100110001101010010000010110001101110000001110100010100111000000000000000000000000000000000000000000000000000000000000000000000000000000000000000000 0 0
3529	56.748	0.000	( 0 )	010011100011101000000110000011011100110001101010010000010110001100110000001110100010100111000000000000000000000000000000000000000000000000000000000000000000000000000000000000000000 3 0
4320	64.589	0.000	( 0 )	010011101011101000000110000011011100110000101011000000010110001100110100001110100010000101000000000000000000000000000000000000000000000000000000000000000000000000000000000000000000 7 0
4321	64.589	0.000	( 0 )	010011101011101000000110000011011100110000101011000000010110001100110100001110100010000101000000000000000000000000000000000000000000000000000000000000000000000000000000000000000000 0 0
3795	67.927	0.000	( 0 )	010011101011001000000110000011011100110000101011000000010111000100110100001110100010000101000000000000000000000000000000000000000000000000000000000000000000000000000000000000000000 3 0
4043	69.039	0.000	( 0 )	110011101011001000000110000011011100110000101011000000010111000100110100001110100010000101000000000000000000000000000000000000000000000000000000000000000000000000000000000000000000 1 0
4046	69.039	0.000	( 0 )	110011101011001000000110000011011100110000101011000000010111000100110100001110100010000101000000000000000000000000000000000000000000000000000000000000000000000000000000000000000000 0 0
4045	69.039	0.000	( 0 )	110011101011001000000110000011011100110000101011000000010111000100110100001110100010000101000000000000000000000000000000000000000000000000000000000000000000000000000000000000000000 0 0
5001	74.617	0.000	( 0 )	110011101011011001000110000011011100110000101011000000110111000100110100001111110010000101000000000000000000000000000000000000000000000000000000000000000000000000000000000000000000 5 0
4594	83.602	0.000	( 0 )	110011111111011001000110010011011100110100101111001000110111000100110100011111110011000101000000000000000000000000000000000000000000000000000000000000000000000000000000000000000000 8 0
4009	84.713	0.000	( 0 )	110011111111011001000110010010011100110100101111001000110111000100110100011111110011000101000000000000000000000000000000000000000000000000000000000000000000000000000000000000000000 1 0
3960	85.824	0.000	( 0 )	110011111111011001000100010010011100110100101111001000110111000100110100011111110011000101000000000000000000000000000000000000000000000000000000000000000000000000000000000000000000 1 0
4010	85.824	0.000	( 0 )	110011111111011001000100010010011100110100101111001000110111000100110100011111110011000101000000000000000000000000000000000000000000000000000000000000000000000000000000000000000000 0 0
3673	86.936	0.000	( 0 )	110011111111011001000100010010011100110100101111001000110111000100110101011111110011000101000000000000000000000000000000000000000000000000000000000000000000000000000000000000000000 1 0
4759	103.024	0.000	( 0 )	110111111111011001001101011110011101111110111111101010110111100100111101011111111011000101000000000000000000000000000000000000000000000000000000000000000000000000000000000000000000 14 0
