#java OrderMarkers2 data=- evaluateOrder=reordermarkers/iterations/ordered.26.34 useKosambi=1 numThreads=4 calculateIntervals=intervals/ordered.26.intervals randSeed=3555033651018596464
Loading file
No grandparents present in family V
Number of individuals = 92
Number of families = 1
File loaded with 42521 SNPs
Number of individuals = 92 excluding grandparents
Number of families = 1
Number of markers = 136
Setting dataScale to 0.6617647058823529 all likelihoods will be multiplied by 1.511111111111111
Initial score = -1731.8818832526576
Iteration 1 of 6
884884288488421 done
Polishing map...
score = -1817.916588290042
score = -1814.7387221882154
score = -1811.7316008820849
score = -1798.2423474544562
Iteration 2 of 6
884884288488421 done
Polishing map...
score = -1761.5635822462666
score = -1745.1574953843444
score = -1732.2167537140558
*score = -1722.4974921401292
Iteration 3 of 6
884884288488421 done
Polishing map...
score = -1749.3562879485603
score = -1740.374197845587
score = -1741.2225242181994
score = -1740.374197845587
Iteration 4 of 6
884884288488421 done
Polishing map...
score = -1749.3562879485603
score = -1748.507961575948
score = -1749.3562879485603
score = -1748.507961575948
Iteration 5 of 6
884884288488421 done
Polishing map...
score = -1748.5079682516682
score = -1748.5079682516682
score = -1749.3562946242805
score = -1746.5887841035217
Iteration 6 of 6
884884288488421 done
Polishing map...
score = -1755.3504260825741
score = -1748.507961575948
score = -1749.3562879485603
score = -1748.507961575948
Final score = -1722.4974921401292
Setting dataScale to 0.6617647058823529 all likelihoods will be multiplied by 1.511111111111111
logL = -1722.4974921401292
number of recombinations = 78.0 logL = -1722.4974921401292
Individual	V	P14459_101_S1	recombines	1	times
Individual	V	P14459_103_S3	recombines	1	times
Individual	V	P14459_105_S5	recombines	1	times
Individual	V	P14459_106_S6	recombines	1	times
Individual	V	P14459_108_S8	recombines	1	times
Individual	V	P14459_109_S9	recombines	1	times
Individual	V	P14459_110_S10	recombines	1	times
Individual	V	P14459_111_S11	recombines	1	times
Individual	V	P14459_112_S12	recombines	3	times
Individual	V	P14459_113_S13	recombines	1	times
Individual	V	P14459_115_S15	recombines	1	times
Individual	V	P14459_116_S16	recombines	1	times
Individual	V	P14459_117_S17	recombines	1	times
Individual	V	P14459_118_S18	recombines	1	times
Individual	V	P14459_119_S19	recombines	1	times
Individual	V	P14459_120_S20	recombines	1	times
Individual	V	P14459_121_S21	recombines	1	times
Individual	V	P14459_122_S22	recombines	1	times
Individual	V	P14459_124_S24	recombines	1	times
Individual	V	P14459_125_S25	recombines	1	times
Individual	V	P14459_127_S27	recombines	1	times
Individual	V	P14459_129_S29	recombines	1	times
Individual	V	P14459_131_S31	recombines	1	times
Individual	V	P14459_132_S32	recombines	1	times
Individual	V	P14459_134_S34	recombines	1	times
Individual	V	P14459_135_S35	recombines	1	times
Individual	V	P14459_136_S36	recombines	1	times
Individual	V	P14459_137_S37	recombines	1	times
Individual	V	P14459_138_S38	recombines	1	times
Individual	V	P14459_140_S40	recombines	1	times
Individual	V	P14459_141_S41	recombines	1	times
Individual	V	P14459_142_S42	recombines	1	times
Individual	V	P14459_144_S44	recombines	1	times
Individual	V	P14459_145_S45	recombines	1	times
Individual	V	P14459_146_S46	recombines	1	times
Individual	V	P14459_148_S48	recombines	1	times
Individual	V	P14459_149_S49	recombines	1	times
Individual	V	P14459_150_S50	recombines	1	times
Individual	V	P14459_151_S51	recombines	1	times
Individual	V	P14459_153_S53	recombines	1	times
Individual	V	P14459_154_S54	recombines	1	times
Individual	V	P14459_156_S56	recombines	1	times
Individual	V	P14459_157_S57	recombines	1	times
Individual	V	P14459_158_S58	recombines	1	times
Individual	V	P14459_159_S59	recombines	1	times
Individual	V	P14459_160_S60	recombines	1	times
Individual	V	P14459_161_S61	recombines	1	times
Individual	V	P14459_162_S62	recombines	1	times
Individual	V	P14459_164_S64	recombines	1	times
Individual	V	P14459_166_S66	recombines	1	times
Individual	V	P14459_167_S67	recombines	1	times
Individual	V	P14459_168_S68	recombines	1	times
Individual	V	P14459_169_S69	recombines	1	times
Individual	V	P14459_171_S71	recombines	1	times
Individual	V	P14459_172_S72	recombines	4	times
Individual	V	P14459_173_S73	recombines	1	times
Individual	V	P14459_174_S74	recombines	1	times
Individual	V	P14459_176_S76	recombines	1	times
Individual	V	P14459_178_S78	recombines	1	times
Individual	V	P14459_179_S79	recombines	1	times
Individual	V	P14459_180_S80	recombines	1	times
Individual	V	P14459_181_S81	recombines	1	times
Individual	V	P14459_183_S83	recombines	1	times
Individual	V	P14459_184_S84	recombines	1	times
Individual	V	P14459_185_S85	recombines	1	times
Individual	V	P14459_186_S86	recombines	1	times
Individual	V	P14459_188_S88	recombines	1	times
Individual	V	P14459_189_S89	recombines	1	times
Individual	V	P14459_190_S90	recombines	1	times
Individual	V	P14459_191_S91	recombines	1	times
Individual	V	P14459_192_S92	recombines	1	times
Individual	V	P14459_194_S94	recombines	1	times
Individual	V	P14459_195_S95	recombines	1	times
#*** LG = 0 likelihood = -1722.4975
#marker_number	male_position	female_position	( 0.0 )[	phased data]
29947	0.000	0.000	( 0 )	001101010011011010010010100010001001101010110000100001000000101000110101100100000011010100000000000000000000000000000000000000000000000000000000000000000000000000000000000000000000 0 0
30436	17.329	0.000	( 0 )	011101110111011011010010100011111011101010110100101011101000101000110101100100001011010101000000000000000000000000000000000000000000000000000000000000000000000000000000000000000000 15 0
30438	17.329	0.000	( 0 )	011101110111011011010010100011111011101010110100101011101000101000110101100100001011010101000000000000000000000000000000000000000000000000000000000000000000000000000000000000000000 0 0
30434	18.440	0.000	( 0 )	011101110111011011010010110011111011101010110100101011101000101000110101100100001011010101000000000000000000000000000000000000000000000000000000000000000000000000000000000000000000 1 0
30426	18.440	0.000	( 0 )	011101110111011011010010110011111011101010110100101011101000101000110101100100001011010101000000000000000000000000000000000000000000000000000000000000000000000000000000000000000000 0 0
30452	18.440	0.000	( 0 )	011101110111011011010010110011111011101010110100101011101000101000110101100100001011010101000000000000000000000000000000000000000000000000000000000000000000000000000000000000000000 0 0
30451	18.440	0.000	( 0 )	011101110111011011010010110011111011101010110100101011101000101000110101100100001011010101000000000000000000000000000000000000000000000000000000000000000000000000000000000000000000 0 0
30425	18.440	0.000	( 0 )	011101110111011011010010110011111011101010110100101011101000101000110101100100001011010101000000000000000000000000000000000000000000000000000000000000000000000000000000000000000000 0 0
30463	19.551	0.000	( 0 )	011101110111011011010010110011111011101010110100101011101000101000100101100100001011010101000000000000000000000000000000000000000000000000000000000000000000000000000000000000000000 1 0
30458	19.551	0.000	( 0 )	011101110111011011010010110011111011101010110100101011101000101000100101100100001011010101000000000000000000000000000000000000000000000000000000000000000000000000000000000000000000 0 0
30453	19.551	0.000	( 0 )	011101110111011011010010110011111011101010110100101011101000101000100101100100001011010101000000000000000000000000000000000000000000000000000000000000000000000000000000000000000000 0 0
30459	19.551	0.000	( 0 )	011101110111011011010010110011111011101010110100101011101000101000100101100100001011010101000000000000000000000000000000000000000000000000000000000000000000000000000000000000000000 0 0
30455	19.551	0.000	( 0 )	011101110111011011010010110011111011101010110100101011101000101000100101100100001011010101000000000000000000000000000000000000000000000000000000000000000000000000000000000000000000 0 0
30456	19.551	0.000	( 0 )	011101110111011011010010110011111011101010110100101011101000101000100101100100001011010101000000000000000000000000000000000000000000000000000000000000000000000000000000000000000000 0 0
30404	21.775	0.000	( 0 )	011101110101011011010010110011111011101010110100101011101000101000100101000100001011010101000000000000000000000000000000000000000000000000000000000000000000000000000000000000000000 2 0
30349	23.999	0.000	( 0 )	011101110101011011000010110011111011101010010100101011101000101000100101000100001011010101000000000000000000000000000000000000000000000000000000000000000000000000000000000000000000 2 0
30366	23.999	0.000	( 0 )	011101110101011011000010110011111011101010010100101011101000101000100101000100001011010101000000000000000000000000000000000000000000000000000000000000000000000000000000000000000000 0 0
30354	23.999	0.000	( 0 )	011101110101011011000010110011111011101010010100101011101000101000100101000100001011010101000000000000000000000000000000000000000000000000000000000000000000000000000000000000000000 0 0
30308	26.222	0.000	( 0 )	011101110101011011000010110011111011101010010100101011101000101000100101000001001011010101000000000000000000000000000000000000000000000000000000000000000000000000000000000000000000 2 0
30309	26.222	0.000	( 0 )	011101110101011011000010110011111011101010010100101011101000101000100101000001001011010101000000000000000000000000000000000000000000000000000000000000000000000000000000000000000000 0 0
30306	26.222	0.000	( 0 )	011101110101011011000010110011111011101010010100101011101000101000100101000001001011010101000000000000000000000000000000000000000000000000000000000000000000000000000000000000000000 0 0
30216	29.561	0.000	( 0 )	111101110101011011000010110011111011111010010100101011101000101000100101000001101011010101000000000000000000000000000000000000000000000000000000000000000000000000000000000000000000 3 0
30218	29.561	0.000	( 0 )	111101110101011011000010110011111011111010010100101011101000101000100101000001101011010101000000000000000000000000000000000000000000000000000000000000000000000000000000000000000000 0 0
30217	29.561	0.000	( 0 )	111101110101011011000010110011111011111010010100101011101000101000100101000001101011010101000000000000000000000000000000000000000000000000000000000000000000000000000000000000000000 0 0
30179	30.672	0.000	( 0 )	111101110101011011000010110011111011111010010100101011101000100000100101000001101011010101000000000000000000000000000000000000000000000000000000000000000000000000000000000000000000 1 0
30161	30.672	0.000	( 0 )	111101110101011011000010110011111011111010010100101011101000100000100101000001101011010101000000000000000000000000000000000000000000000000000000000000000000000000000000000000000000 0 0
30186	30.672	0.000	( 0 )	111101110101011011000010110011111011111010010100101011101000100000100101000001101011010101000000000000000000000000000000000000000000000000000000000000000000000000000000000000000000 0 0
30177	30.672	0.000	( 0 )	111101110101011011000010110011111011111010010100101011101000100000100101000001101011010101000000000000000000000000000000000000000000000000000000000000000000000000000000000000000000 0 0
30137	30.672	0.000	( 0 )	111101110101011011000010110011111011111010010100101011101000100000100101000001101011010101000000000000000000000000000000000000000000000000000000000000000000000000000000000000000000 0 0
30150	30.672	0.000	( 0 )	111101110101011011000010110011111011111010010100101011101000100000100101000001101011010101000000000000000000000000000000000000000000000000000000000000000000000000000000000000000000 0 0
30178	30.672	0.000	( 0 )	111101110101011011000010110011111011111010010100101011101000100000100101000001101011010101000000000000000000000000000000000000000000000000000000000000000000000000000000000000000000 0 0
30171	31.783	0.000	( 0 )	111101110101011011000010110011111011111010010100101011101000100000110101000001101011010101000000000000000000000000000000000000000000000000000000000000000000000000000000000000000000 1 0
30170	31.783	0.000	( 0 )	111101110101011011000010110011111011111010010100101011101000100000110101000001101011010101000000000000000000000000000000000000000000000000000000000000000000000000000000000000000000 0 0
30151	31.783	0.000	( 0 )	111101110101011011000010110011111011111010010100101011101000100000110101000001101011010101000000000000000000000000000000000000000000000000000000000000000000000000000000000000000000 0 0
30172	31.783	0.000	( 0 )	111101110101011011000010110011111011111010010100101011101000100000110101000001101011010101000000000000000000000000000000000000000000000000000000000000000000000000000000000000000000 0 0
30185	31.783	0.000	( 0 )	111101110101011011000010110011111011111010010100101011101000100000110101000001101011010101000000000000000000000000000000000000000000000000000000000000000000000000000000000000000000 0 0
30176	31.783	0.000	( 0 )	111101110101011011000010110011111011111010010100101011101000100000110101000001101011010101000000000000000000000000000000000000000000000000000000000000000000000000000000000000000000 0 0
30173	31.783	0.000	( 0 )	111101110101011011000010110011111011111010010100101011101000100000110101000001101011010101000000000000000000000000000000000000000000000000000000000000000000000000000000000000000000 0 0
30155	31.783	0.000	( 0 )	111101110101011011000010110011111011111010010100101011101000100000110101000001101011010101000000000000000000000000000000000000000000000000000000000000000000000000000000000000000000 0 0
30174	31.783	0.000	( 0 )	111101110101011011000010110011111011111010010100101011101000100000110101000001101011010101000000000000000000000000000000000000000000000000000000000000000000000000000000000000000000 0 0
30175	31.783	0.000	( 0 )	111101110101011011000010110011111011111010010100101011101000100000110101000001101011010101000000000000000000000000000000000000000000000000000000000000000000000000000000000000000000 0 0
30013	36.239	0.000	( 0 )	111101110101010011000010110011111011111010010100101010101000100000110001000001101011000101000000000000000000000000000000000000000000000000000000000000000000000000000000000000000000 4 0
30011	36.239	0.000	( 0 )	111101110101010011000010110011111011111010010100101010101000100000110001000001101011000101000000000000000000000000000000000000000000000000000000000000000000000000000000000000000000 0 0
30009	36.239	0.000	( 0 )	111101110101010011000010110011111011111010010100101010101000100000110001000001101011000101000000000000000000000000000000000000000000000000000000000000000000000000000000000000000000 0 0
29983	36.239	0.000	( 0 )	111101110101010011000010110011111011111010010100101010101000100000110001000001101011000101000000000000000000000000000000000000000000000000000000000000000000000000000000000000000000 0 0
29982	36.239	0.000	( 0 )	111101110101010011000010110011111011111010010100101010101000100000110001000001101011000101000000000000000000000000000000000000000000000000000000000000000000000000000000000000000000 0 0
30012	37.351	0.000	( 0 )	111101110101010011000010110011111011111010010100101010101000100000110001000001101010000101000000000000000000000000000000000000000000000000000000000000000000000000000000000000000000 1 0
30037	37.351	0.000	( 0 )	111101110101010011000010110011111011111010010100101010101000100000110001000001101010000101000000000000000000000000000000000000000000000000000000000000000000000000000000000000000000 0 0
29998	37.351	0.000	( 0 )	111101110101010011000010110011111011111010010100101010101000100000110001000001101010000101000000000000000000000000000000000000000000000000000000000000000000000000000000000000000000 0 0
30010	37.351	0.000	( 0 )	111101110101010011000010110011111011111010010100101010101000100000110001000001101010000101000000000000000000000000000000000000000000000000000000000000000000000000000000000000000000 0 0
30045	37.351	0.000	( 0 )	111101110101010011000010110011111011111010010100101010101000100000110001000001101010000101000000000000000000000000000000000000000000000000000000000000000000000000000000000000000000 0 0
30047	37.351	0.000	( 0 )	111101110101010011000010110011111011111010010100101010101000100000110001000001101010000101000000000000000000000000000000000000000000000000000000000000000000000000000000000000000000 0 0
30046	37.351	0.000	( 0 )	111101110101010011000010110011111011111010010100101010101000100000110001000001101010000101000000000000000000000000000000000000000000000000000000000000000000000000000000000000000000 0 0
30039	37.351	0.000	( 0 )	111101110101010011000010110011111011111010010100101010101000100000110001000001101010000101000000000000000000000000000000000000000000000000000000000000000000000000000000000000000000 0 0
29989	38.462	0.000	( 0 )	111101110101010011000010110011110011111010010100101010101000100000110001000001101010000101000000000000000000000000000000000000000000000000000000000000000000000000000000000000000000 1 0
29916	45.169	0.000	( 0 )	111101110100010011000001110011110011111000010110101010101000100000110011000001101010000101000000000000000000000000000000000000000000000000000000000000000000000000000000000000000000 6 0
29893	46.280	0.000	( 0 )	111101111100010011000001110011110011111000010110101010101000100000110011000001101010000101000000000000000000000000000000000000000000000000000000000000000000000000000000000000000000 1 0
29875	46.280	0.000	( 0 )	111101111100010011000001110011110011111000010110101010101000100000110011000001101010000101000000000000000000000000000000000000000000000000000000000000000000000000000000000000000000 0 0
29853	48.504	0.000	( 0 )	111101111110010111000001110011110011111000010110101010101000100000110011000001101010000101000000000000000000000000000000000000000000000000000000000000000000000000000000000000000000 2 0
29852	48.504	0.000	( 0 )	111101111110010111000001110011110011111000010110101010101000100000110011000001101010000101000000000000000000000000000000000000000000000000000000000000000000000000000000000000000000 0 0
29817	48.504	0.000	( 0 )	111101111110010111000001110011110011111000010110101010101000100000110011000001101010000101000000000000000000000000000000000000000000000000000000000000000000000000000000000000000000 0 0
29813	48.504	0.000	( 0 )	111101111110010111000001110011110011111000010110101010101000100000110011000001101010000101000000000000000000000000000000000000000000000000000000000000000000000000000000000000000000 0 0
29788	48.504	0.000	( 0 )	111101111110010111000001110011110011111000010110101010101000100000110011000001101010000101000000000000000000000000000000000000000000000000000000000000000000000000000000000000000000 0 0
29808	48.504	0.000	( 0 )	111101111110010111000001110011110011111000010110101010101000100000110011000001101010000101000000000000000000000000000000000000000000000000000000000000000000000000000000000000000000 0 0
29787	48.504	0.000	( 0 )	111101111110010111000001110011110011111000010110101010101000100000110011000001101010000101000000000000000000000000000000000000000000000000000000000000000000000000000000000000000000 0 0
29807	48.504	0.000	( 0 )	111101111110010111000001110011110011111000010110101010101000100000110011000001101010000101000000000000000000000000000000000000000000000000000000000000000000000000000000000000000000 0 0
29818	48.504	0.000	( 0 )	111101111110010111000001110011110011111000010110101010101000100000110011000001101010000101000000000000000000000000000000000000000000000000000000000000000000000000000000000000000000 0 0
29814	48.504	0.000	( 0 )	111101111110010111000001110011110011111000010110101010101000100000110011000001101010000101000000000000000000000000000000000000000000000000000000000000000000000000000000000000000000 0 0
29816	48.504	0.000	( 0 )	111101111110010111000001110011110011111000010110101010101000100000110011000001101010000101000000000000000000000000000000000000000000000000000000000000000000000000000000000000000000 0 0
29811	49.615	0.000	( 0 )	111101111110010111000001110011110011111000010110101010101000100000100011000001101010000101000000000000000000000000000000000000000000000000000000000000000000000000000000000000000000 1 0
29777	50.726	0.000	( 0 )	111101111100010111000001110011110011111000010110101010101000100000100011000001101010000101000000000000000000000000000000000000000000000000000000000000000000000000000000000000000000 1 0
29738	50.726	0.000	( 0 )	111101111100010111000001110011110011111000010110101010101000100000100011000001101010000101000000000000000000000000000000000000000000000000000000000000000000000000000000000000000000 0 0
29780	50.726	0.000	( 0 )	111101111100010111000001110011110011111000010110101010101000100000100011000001101010000101000000000000000000000000000000000000000000000000000000000000000000000000000000000000000000 0 0
29786	50.726	0.000	( 0 )	111101111100010111000001110011110011111000010110101010101000100000100011000001101010000101000000000000000000000000000000000000000000000000000000000000000000000000000000000000000000 0 0
29746	50.726	0.000	( 0 )	111101111100010111000001110011110011111000010110101010101000100000100011000001101010000101000000000000000000000000000000000000000000000000000000000000000000000000000000000000000000 0 0
29756	50.726	0.000	( 0 )	111101111100010111000001110011110011111000010110101010101000100000100011000001101010000101000000000000000000000000000000000000000000000000000000000000000000000000000000000000000000 0 0
29851	50.726	0.000	( 0 )	111101111100010111000001110011110011111000010110101010101000100000100011000001101010000101000000000000000000000000000000000000000000000000000000000000000000000000000000000000000000 0 0
29741	50.726	0.000	( 0 )	111101111100010111000001110011110011111000010110101010101000100000100011000001101010000101000000000000000000000000000000000000000000000000000000000000000000000000000000000000000000 0 0
29810	50.726	0.000	( 0 )	111101111100010111000001110011110011111000010110101010101000100000100011000001101010000101000000000000000000000000000000000000000000000000000000000000000000000000000000000000000000 0 0
29758	50.726	0.000	( 0 )	111101111100010111000001110011110011111000010110101010101000100000100011000001101010000101000000000000000000000000000000000000000000000000000000000000000000000000000000000000000000 0 0
29748	50.726	0.000	( 0 )	111101111100010111000001110011110011111000010110101010101000100000100011000001101010000101000000000000000000000000000000000000000000000000000000000000000000000000000000000000000000 0 0
29740	50.726	0.000	( 0 )	111101111100010111000001110011110011111000010110101010101000100000100011000001101010000101000000000000000000000000000000000000000000000000000000000000000000000000000000000000000000 0 0
29861	50.726	0.000	( 0 )	111101111100010111000001110011110011111000010110101010101000100000100011000001101010000101000000000000000000000000000000000000000000000000000000000000000000000000000000000000000000 0 0
29747	50.726	0.000	( 0 )	111101111100010111000001110011110011111000010110101010101000100000100011000001101010000101000000000000000000000000000000000000000000000000000000000000000000000000000000000000000000 0 0
38045	50.726	0.000	( 0 )	111101111100010111000001110011110011111000010110101010101000100000100011000001101010000101000000000000000000000000000000000000000000000000000000000000000000000000000000000000000000 0 0
38037	50.726	0.000	( 0 )	111101111100010111000001110011110011111000010110101010101000100000100011000001101010000101000000000000000000000000000000000000000000000000000000000000000000000000000000000000000000 0 0
29783	50.726	0.000	( 0 )	111101111100010111000001110011110011111000010110101010101000100000100011000001101010000101000000000000000000000000000000000000000000000000000000000000000000000000000000000000000000 0 0
29855	50.726	0.000	( 0 )	111101111100010111000001110011110011111000010110101010101000100000100011000001101010000101000000000000000000000000000000000000000000000000000000000000000000000000000000000000000000 0 0
29743	50.726	0.000	( 0 )	111101111100010111000001110011110011111000010110101010101000100000100011000001101010000101000000000000000000000000000000000000000000000000000000000000000000000000000000000000000000 0 0
29749	50.726	0.000	( 0 )	111101111100010111000001110011110011111000010110101010101000100000100011000001101010000101000000000000000000000000000000000000000000000000000000000000000000000000000000000000000000 0 0
29742	50.726	0.000	( 0 )	111101111100010111000001110011110011111000010110101010101000100000100011000001101010000101000000000000000000000000000000000000000000000000000000000000000000000000000000000000000000 0 0
38042	50.726	0.000	( 0 )	111101111100010111000001110011110011111000010110101010101000100000100011000001101010000101000000000000000000000000000000000000000000000000000000000000000000000000000000000000000000 0 0
29673	52.950	0.000	( 0 )	111101111100010101000001110011110011111000010110101010101000100100100011000001101010000101000000000000000000000000000000000000000000000000000000000000000000000000000000000000000000 2 0
29620	54.061	0.000	( 0 )	111101111100010101000001110011110011111000010111101010101000100100100011000001101010000101000000000000000000000000000000000000000000000000000000000000000000000000000000000000000000 1 0
29604	54.061	0.000	( 0 )	111101111100010101000001110011110011111000010111101010101000100100100011000001101010000101000000000000000000000000000000000000000000000000000000000000000000000000000000000000000000 0 0
29621	54.061	0.000	( 0 )	111101111100010101000001110011110011111000010111101010101000100100100011000001101010000101000000000000000000000000000000000000000000000000000000000000000000000000000000000000000000 0 0
29592	55.172	0.000	( 0 )	111101111100010101000001110011110011111000010111101010101000100100100011000001101000000101000000000000000000000000000000000000000000000000000000000000000000000000000000000000000000 1 0
29593	55.172	0.000	( 0 )	111101111100010101000001110011110011111000010111101010101000100100100011000001101000000101000000000000000000000000000000000000000000000000000000000000000000000000000000000000000000 0 0
29584	56.284	0.000	( 0 )	111101111100010101000001110011110011111000010111101010101000000100100011000001101000000101000000000000000000000000000000000000000000000000000000000000000000000000000000000000000000 1 0
29585	56.284	0.000	( 0 )	111101111100010101000001110011110011111000010111101010101000000100100011000001101000000101000000000000000000000000000000000000000000000000000000000000000000000000000000000000000000 0 0
29578	56.284	0.000	( 0 )	111101111100010101000001110011110011111000010111101010101000000100100011000001101000000101000000000000000000000000000000000000000000000000000000000000000000000000000000000000000000 0 0
29579	56.284	0.000	( 0 )	111101111100010101000001110011110011111000010111101010101000000100100011000001101000000101000000000000000000000000000000000000000000000000000000000000000000000000000000000000000000 0 0
29583	56.284	0.000	( 0 )	111101111100010101000001110011110011111000010111101010101000000100100011000001101000000101000000000000000000000000000000000000000000000000000000000000000000000000000000000000000000 0 0
29581	56.284	0.000	( 0 )	111101111100010101000001110011110011111000010111101010101000000100100011000001101000000101000000000000000000000000000000000000000000000000000000000000000000000000000000000000000000 0 0
29577	56.284	0.000	( 0 )	111101111100010101000001110011110011111000010111101010101000000100100011000001101000000101000000000000000000000000000000000000000000000000000000000000000000000000000000000000000000 0 0
29576	56.284	0.000	( 0 )	111101111100010101000001110011110011111000010111101010101000000100100011000001101000000101000000000000000000000000000000000000000000000000000000000000000000000000000000000000000000 0 0
29484	58.507	0.000	( 0 )	111101111100010101100001110011110011111000010111101010101000000100100011010001101000000101000000000000000000000000000000000000000000000000000000000000000000000000000000000000000000 2 0
29516	58.507	0.000	( 0 )	111101111100010101100001110011110011111000010111101010101000000100100011010001101000000101000000000000000000000000000000000000000000000000000000000000000000000000000000000000000000 0 0
29459	61.846	0.000	( 0 )	111001111100010101100001110011110010111000011111101010101000000100100011010001101000000101000000000000000000000000000000000000000000000000000000000000000000000000000000000000000000 3 0
29357	61.846	0.000	( 0 )	111001111100010101100001110011110010111000011111101010101000000100100011010001101000000101000000000000000000000000000000000000000000000000000000000000000000000000000000000000000000 0 0
29355	61.846	0.000	( 0 )	111001111100010101100001110011110010111000011111101010101000000100100011010001101000000101000000000000000000000000000000000000000000000000000000000000000000000000000000000000000000 0 0
29458	61.846	0.000	( 0 )	111001111100010101100001110011110010111000011111101010101000000100100011010001101000000101000000000000000000000000000000000000000000000000000000000000000000000000000000000000000000 0 0
29359	61.846	0.000	( 0 )	111001111100010101100001110011110010111000011111101010101000000100100011010001101000000101000000000000000000000000000000000000000000000000000000000000000000000000000000000000000000 0 0
29450	61.846	0.000	( 0 )	111001111100010101100001110011110010111000011111101010101000000100100011010001101000000101000000000000000000000000000000000000000000000000000000000000000000000000000000000000000000 0 0
29403	62.957	0.000	( 0 )	111001111100010101100001110011110010111000011111101010101000000100110011010001101000000101000000000000000000000000000000000000000000000000000000000000000000000000000000000000000000 1 0
29333	62.957	0.000	( 0 )	111001111100010101100001110011110010111000011111101010101000000100110011010001101000000101000000000000000000000000000000000000000000000000000000000000000000000000000000000000000000 0 0
29330	62.957	0.000	( 0 )	111001111100010101100001110011110010111000011111101010101000000100110011010001101000000101000000000000000000000000000000000000000000000000000000000000000000000000000000000000000000 0 0
29395	62.957	0.000	( 0 )	111001111100010101100001110011110010111000011111101010101000000100110011010001101000000101000000000000000000000000000000000000000000000000000000000000000000000000000000000000000000 0 0
29334	62.957	0.000	( 0 )	111001111100010101100001110011110010111000011111101010101000000100110011010001101000000101000000000000000000000000000000000000000000000000000000000000000000000000000000000000000000 0 0
29393	62.957	0.000	( 0 )	111001111100010101100001110011110010111000011111101010101000000100110011010001101000000101000000000000000000000000000000000000000000000000000000000000000000000000000000000000000000 0 0
29405	62.957	0.000	( 0 )	111001111100010101100001110011110010111000011111101010101000000100110011010001101000000101000000000000000000000000000000000000000000000000000000000000000000000000000000000000000000 0 0
29351	65.181	0.000	( 0 )	111001111100010101100001110111110010111000011111101010101000000110110011010001101000000101000000000000000000000000000000000000000000000000000000000000000000000000000000000000000000 2 0
29299	73.022	0.000	( 0 )	111011101100000101100001110111110010110000011111101010101100010110010011010001101000000101000000000000000000000000000000000000000000000000000000000000000000000000000000000000000000 7 0
29252	73.022	0.000	( 0 )	111011101100000101100001110111110010110000011111101010101100010110010011010001101000000101000000000000000000000000000000000000000000000000000000000000000000000000000000000000000000 0 0
29267	73.022	0.000	( 0 )	111011101100000101100001110111110010110000011111101010101100010110010011010001101000000101000000000000000000000000000000000000000000000000000000000000000000000000000000000000000000 0 0
29268	73.022	0.000	( 0 )	111011101100000101100001110111110010110000011111101010101100010110010011010001101000000101000000000000000000000000000000000000000000000000000000000000000000000000000000000000000000 0 0
29298	73.022	0.000	( 0 )	111011101100000101100001110111110010110000011111101010101100010110010011010001101000000101000000000000000000000000000000000000000000000000000000000000000000000000000000000000000000 0 0
29301	73.022	0.000	( 0 )	111011101100000101100001110111110010110000011111101010101100010110010011010001101000000101000000000000000000000000000000000000000000000000000000000000000000000000000000000000000000 0 0
29269	73.022	0.000	( 0 )	111011101100000101100001110111110010110000011111101010101100010110010011010001101000000101000000000000000000000000000000000000000000000000000000000000000000000000000000000000000000 0 0
29257	73.022	0.000	( 0 )	111011101100000101100001110111110010110000011111101010101100010110010011010001101000000101000000000000000000000000000000000000000000000000000000000000000000000000000000000000000000 0 0
29253	74.133	0.000	( 0 )	111011101100000101100001110111110010110000011111111010101100010110010011010001101000000101000000000000000000000000000000000000000000000000000000000000000000000000000000000000000000 1 0
29300	74.133	0.000	( 0 )	111011101100000101100001110111110010110000011111111010101100010110010011010001101000000101000000000000000000000000000000000000000000000000000000000000000000000000000000000000000000 0 0
29255	74.133	0.000	( 0 )	111011101100000101100001110111110010110000011111111010101100010110010011010001101000000101000000000000000000000000000000000000000000000000000000000000000000000000000000000000000000 0 0
29254	75.245	0.000	( 0 )	111011101100000101100001110111110010110000011111111010101100010110010011010001101000100101000000000000000000000000000000000000000000000000000000000000000000000000000000000000000000 1 0
29256	77.468	0.000	( 0 )	111011101100000101100001110111110010110000011111111010101100010110011011010001101000100111000000000000000000000000000000000000000000000000000000000000000000000000000000000000000000 2 0
29437	87.605	0.000	( 0 )	111011101100000101101001110111110110110101011111111010111110010110011011011001111000101111000000000000000000000000000000000000000000000000000000000000000000000000000000000000000000 9 0
