#java OrderMarkers2 data=- evaluateOrder=reordermarkers/iterations/ordered.5.10 useKosambi=1 numThreads=4 calculateIntervals=intervals/ordered.5.intervals randSeed=4264605272165495718
Loading file
No grandparents present in family V
Number of individuals = 92
Number of families = 1
File loaded with 42521 SNPs
Number of individuals = 92 excluding grandparents
Number of families = 1
Number of markers = 244
Setting dataScale to 0.36885245901639346 all likelihoods will be multiplied by 2.711111111111111
Initial score = -3836.229780874166
Iteration 1 of 6
884884288488421 done
Polishing map...
score = -4563.506710637798
score = -4468.698926475333
score = -4461.936427803961
score = -4461.936427803961
Iteration 2 of 6
884884288488421 done
Polishing map...
score = -3697.44390185559
*score = -3697.44390185559
score = -3685.0140527077933
*score = -3678.7994478532096
Iteration 3 of 6
884884288488421 done
Polishing map...
score = -3779.367626079091
score = -3752.519046041453
score = -3754.6459008591614
score = -3752.518793794596
Iteration 4 of 6
884884288488421 done
Polishing map...
score = -3772.5826932328187
score = -3762.945638391459
score = -3764.524384566316
score = -3762.9453861446023
Iteration 5 of 6
884884288488421 done
Polishing map...
score = -3773.614425799614
score = -3752.5190460414533
score = -3754.0977922163097
score = -3752.518793794596
Iteration 6 of 6
884884288488421 done
Polishing map...
score = -3803.367289503597
score = -3783.101814812307
score = -3781.731902547845
score = -3777.7132914991025
Final score = -3678.7994478532096
Setting dataScale to 0.36885245901639346 all likelihoods will be multiplied by 2.711111111111111
logL = -3678.7994478532096
number of recombinations = 87.0 logL = -3678.7994478532096
Individual	V	P14459_101_S1	recombines	1	times
Individual	V	P14459_103_S3	recombines	1	times
Individual	V	P14459_104_S4	recombines	3	times
Individual	V	P14459_105_S5	recombines	1	times
Individual	V	P14459_106_S6	recombines	1	times
Individual	V	P14459_108_S8	recombines	1	times
Individual	V	P14459_109_S9	recombines	1	times
Individual	V	P14459_111_S11	recombines	2	times
Individual	V	P14459_112_S12	recombines	1	times
Individual	V	P14459_113_S13	recombines	1	times
Individual	V	P14459_115_S15	recombines	1	times
Individual	V	P14459_116_S16	recombines	1	times
Individual	V	P14459_117_S17	recombines	1	times
Individual	V	P14459_119_S19	recombines	1	times
Individual	V	P14459_121_S21	recombines	1	times
Individual	V	P14459_122_S22	recombines	1	times
Individual	V	P14459_123_S23	recombines	2	times
Individual	V	P14459_125_S25	recombines	1	times
Individual	V	P14459_126_S26	recombines	1	times
Individual	V	P14459_127_S27	recombines	1	times
Individual	V	P14459_129_S29	recombines	1	times
Individual	V	P14459_130_S30	recombines	1	times
Individual	V	P14459_131_S31	recombines	1	times
Individual	V	P14459_132_S32	recombines	1	times
Individual	V	P14459_134_S34	recombines	1	times
Individual	V	P14459_135_S35	recombines	1	times
Individual	V	P14459_136_S36	recombines	2	times
Individual	V	P14459_137_S37	recombines	2	times
Individual	V	P14459_138_S38	recombines	1	times
Individual	V	P14459_139_S39	recombines	1	times
Individual	V	P14459_140_S40	recombines	1	times
Individual	V	P14459_141_S41	recombines	1	times
Individual	V	P14459_142_S42	recombines	2	times
Individual	V	P14459_145_S45	recombines	1	times
Individual	V	P14459_146_S46	recombines	1	times
Individual	V	P14459_148_S48	recombines	2	times
Individual	V	P14459_149_S49	recombines	1	times
Individual	V	P14459_150_S50	recombines	1	times
Individual	V	P14459_151_S51	recombines	1	times
Individual	V	P14459_154_S54	recombines	1	times
Individual	V	P14459_155_S55	recombines	1	times
Individual	V	P14459_158_S58	recombines	2	times
Individual	V	P14459_159_S59	recombines	1	times
Individual	V	P14459_162_S62	recombines	1	times
Individual	V	P14459_163_S63	recombines	2	times
Individual	V	P14459_164_S64	recombines	1	times
Individual	V	P14459_166_S66	recombines	1	times
Individual	V	P14459_167_S67	recombines	1	times
Individual	V	P14459_168_S68	recombines	1	times
Individual	V	P14459_169_S69	recombines	1	times
Individual	V	P14459_170_S70	recombines	1	times
Individual	V	P14459_171_S71	recombines	1	times
Individual	V	P14459_172_S72	recombines	1	times
Individual	V	P14459_173_S73	recombines	1	times
Individual	V	P14459_174_S74	recombines	2	times
Individual	V	P14459_176_S76	recombines	1	times
Individual	V	P14459_177_S77	recombines	1	times
Individual	V	P14459_179_S79	recombines	2	times
Individual	V	P14459_180_S80	recombines	1	times
Individual	V	P14459_181_S81	recombines	2	times
Individual	V	P14459_182_S82	recombines	1	times
Individual	V	P14459_183_S83	recombines	1	times
Individual	V	P14459_184_S84	recombines	1	times
Individual	V	P14459_186_S86	recombines	2	times
Individual	V	P14459_187_S87	recombines	1	times
Individual	V	P14459_188_S88	recombines	2	times
Individual	V	P14459_189_S89	recombines	1	times
Individual	V	P14459_190_S90	recombines	1	times
Individual	V	P14459_192_S92	recombines	1	times
Individual	V	P14459_193_S93	recombines	1	times
Individual	V	P14459_194_S94	recombines	1	times
Individual	V	P14459_195_S95	recombines	1	times
#*** LG = 0 likelihood = -3678.7994
#marker_number	male_position	female_position	( 0.0 )[	phased data]
18728	0.000	0.000	( 0 )	111111111110100111101111111111111001000111111011111011101110011110000011110000111101111001000000000000000000000000000000000000000000000000000000000000000000000000000000000000000000 0 0
18802	11.300	0.000	( 0 )	111011111110100011101111111110011000000111111001111011101110000110000000110000111101111001000000000000000000000000000000000000000000000000000000000000000000000000000000000000000000 10 0
18473	12.411	0.000	( 0 )	111011111110100010101111111110011000000111111001111011101110000110000000110000111101111001000000000000000000000000000000000000000000000000000000000000000000000000000000000000000000 1 0
18472	12.411	0.000	( 0 )	111011111110100010101111111110011000000111111001111011101110000110000000110000111101111001000000000000000000000000000000000000000000000000000000000000000000000000000000000000000000 0 0
18472	12.411	0.000	( 0 )	111011111110100010101111111110011000000111111001111011101110000110000000110000111101111001000000000000000000000000000000000000000000000000000000000000000000000000000000000000000000 0 0
18942	13.522	0.000	( 0 )	111001111110100010101111111110011000000111111001111011101110000110000000110000111101111001000000000000000000000000000000000000000000000000000000000000000000000000000000000000000000 1 0
18941	13.522	0.000	( 0 )	111001111110100010101111111110011000000111111001111011101110000110000000110000111101111001000000000000000000000000000000000000000000000000000000000000000000000000000000000000000000 0 0
19112	13.522	0.000	( 0 )	111001111110100010101111111110011000000111111001111011101110000110000000110000111101111001000000000000000000000000000000000000000000000000000000000000000000000000000000000000000000 0 0
18959	13.522	0.000	( 0 )	111001111110100010101111111110011000000111111001111011101110000110000000110000111101111001000000000000000000000000000000000000000000000000000000000000000000000000000000000000000000 0 0
19822	13.522	0.000	( 0 )	111001111110100010101111111110011000000111111001111011101110000110000000110000111101111001000000000000000000000000000000000000000000000000000000000000000000000000000000000000000000 0 0
18937	13.522	0.000	( 0 )	111001111110100010101111111110011000000111111001111011101110000110000000110000111101111001000000000000000000000000000000000000000000000000000000000000000000000000000000000000000000 0 0
18936	13.522	0.000	( 0 )	111001111110100010101111111110011000000111111001111011101110000110000000110000111101111001000000000000000000000000000000000000000000000000000000000000000000000000000000000000000000 0 0
19421	13.522	0.000	( 0 )	111001111110100010101111111110011000000111111001111011101110000110000000110000111101111001000000000000000000000000000000000000000000000000000000000000000000000000000000000000000000 0 0
18935	13.522	0.000	( 0 )	111001111110100010101111111110011000000111111001111011101110000110000000110000111101111001000000000000000000000000000000000000000000000000000000000000000000000000000000000000000000 0 0
18932	13.522	0.000	( 0 )	111001111110100010101111111110011000000111111001111011101110000110000000110000111101111001000000000000000000000000000000000000000000000000000000000000000000000000000000000000000000 0 0
18938	13.522	0.000	( 0 )	111001111110100010101111111110011000000111111001111011101110000110000000110000111101111001000000000000000000000000000000000000000000000000000000000000000000000000000000000000000000 0 0
19422	13.522	0.000	( 0 )	111001111110100010101111111110011000000111111001111011101110000110000000110000111101111001000000000000000000000000000000000000000000000000000000000000000000000000000000000000000000 0 0
18933	13.522	0.000	( 0 )	111001111110100010101111111110011000000111111001111011101110000110000000110000111101111001000000000000000000000000000000000000000000000000000000000000000000000000000000000000000000 0 0
18940	13.522	0.000	( 0 )	111001111110100010101111111110011000000111111001111011101110000110000000110000111101111001000000000000000000000000000000000000000000000000000000000000000000000000000000000000000000 0 0
18939	13.522	0.000	( 0 )	111001111110100010101111111110011000000111111001111011101110000110000000110000111101111001000000000000000000000000000000000000000000000000000000000000000000000000000000000000000000 0 0
18934	13.522	0.000	( 0 )	111001111110100010101111111110011000000111111001111011101110000110000000110000111101111001000000000000000000000000000000000000000000000000000000000000000000000000000000000000000000 0 0
18945	15.746	0.000	( 0 )	111001111110100010101111111110010000000111111001111011101100000110000000110000111101111001000000000000000000000000000000000000000000000000000000000000000000000000000000000000000000 2 0
19767	20.202	0.000	( 0 )	111001111110100010101011001110010000000111111001111011101100000110000000110000111001111001000000000000000000000000000000000000000000000000000000000000000000000000000000000000000000 4 0
19044	22.426	0.000	( 0 )	111001111110100010101011001110000000000111111001110011101100000110000000110000111001111001000000000000000000000000000000000000000000000000000000000000000000000000000000000000000000 2 0
18652	24.649	0.000	( 0 )	111001111110100010101011001100000000000111111001110011101100000010000000110000111001111001000000000000000000000000000000000000000000000000000000000000000000000000000000000000000000 2 0
18651	24.649	0.000	( 0 )	111001111110100010101011001100000000000111111001110011101100000010000000110000111001111001000000000000000000000000000000000000000000000000000000000000000000000000000000000000000000 0 0
19346	29.106	0.000	( 0 )	111001111010100010101011001100000000000011110001110011101100000010000000100000111001111001000000000000000000000000000000000000000000000000000000000000000000000000000000000000000000 4 0
19543	30.217	0.000	( 0 )	110001111010100010101011001100000000000011110001110011101100000010000000100000111001111001000000000000000000000000000000000000000000000000000000000000000000000000000000000000000000 1 0
19545	30.217	0.000	( 0 )	110001111010100010101011001100000000000011110001110011101100000010000000100000111001111001000000000000000000000000000000000000000000000000000000000000000000000000000000000000000000 0 0
19296	33.555	0.000	( 0 )	110001111010101010101011001100000000000011110001110011101100000010001000100000111011111001000000000000000000000000000000000000000000000000000000000000000000000000000000000000000000 3 0
19939	46.030	0.000	( 0 )	110001111010111010101011001100000110001011110001110111001101000010001100100110110011111001000000000000000000000000000000000000000000000000000000000000000000000000000000000000000000 11 0
19942	46.030	0.000	( 0 )	110001111010111010101011001100000110001011110001110111001101000010001100100110110011111001000000000000000000000000000000000000000000000000000000000000000000000000000000000000000000 0 0
19970	47.141	0.000	( 0 )	110001111010111010101011001100000110001011110001110111001101000011001100100110110011111001000000000000000000000000000000000000000000000000000000000000000000000000000000000000000000 1 0
19968	47.141	0.000	( 0 )	110001111010111010101011001100000110001011110001110111001101000011001100100110110011111001000000000000000000000000000000000000000000000000000000000000000000000000000000000000000000 0 0
19969	47.141	0.000	( 0 )	110001111010111010101011001100000110001011110001110111001101000011001100100110110011111001000000000000000000000000000000000000000000000000000000000000000000000000000000000000000000 0 0
19976	47.141	0.000	( 0 )	110001111010111010101011001100000110001011110001110111001101000011001100100110110011111001000000000000000000000000000000000000000000000000000000000000000000000000000000000000000000 0 0
19966	47.141	0.000	( 0 )	110001111010111010101011001100000110001011110001110111001101000011001100100110110011111001000000000000000000000000000000000000000000000000000000000000000000000000000000000000000000 0 0
19797	49.365	0.000	( 0 )	110001111010111010101011001100000110001011010001110111001101000011101100100110110011111001000000000000000000000000000000000000000000000000000000000000000000000000000000000000000000 2 0
19735	49.365	0.000	( 0 )	110001111010111010101011001100000110001011010001110111001101000011101100100110110011111001000000000000000000000000000000000000000000000000000000000000000000000000000000000000000000 0 0
19790	49.365	0.000	( 0 )	110001111010111010101011001100000110001011010001110111001101000011101100100110110011111001000000000000000000000000000000000000000000000000000000000000000000000000000000000000000000 0 0
19734	49.365	0.000	( 0 )	110001111010111010101011001100000110001011010001110111001101000011101100100110110011111001000000000000000000000000000000000000000000000000000000000000000000000000000000000000000000 0 0
19793	49.365	0.000	( 0 )	110001111010111010101011001100000110001011010001110111001101000011101100100110110011111001000000000000000000000000000000000000000000000000000000000000000000000000000000000000000000 0 0
19796	49.365	0.000	( 0 )	110001111010111010101011001100000110001011010001110111001101000011101100100110110011111001000000000000000000000000000000000000000000000000000000000000000000000000000000000000000000 0 0
19791	49.365	0.000	( 0 )	110001111010111010101011001100000110001011010001110111001101000011101100100110110011111001000000000000000000000000000000000000000000000000000000000000000000000000000000000000000000 0 0
19870	50.476	0.000	( 0 )	110001111010111010101011001100000110001011010001110111001101000011101100100110110010111001000000000000000000000000000000000000000000000000000000000000000000000000000000000000000000 1 0
19863	50.476	0.000	( 0 )	110001111010111010101011001100000110001011010001110111001101000011101100100110110010111001000000000000000000000000000000000000000000000000000000000000000000000000000000000000000000 0 0
19792	50.476	0.000	( 0 )	110001111010111010101011001100000110001011010001110111001101000011101100100110110010111001000000000000000000000000000000000000000000000000000000000000000000000000000000000000000000 0 0
19864	50.476	0.000	( 0 )	110001111010111010101011001100000110001011010001110111001101000011101100100110110010111001000000000000000000000000000000000000000000000000000000000000000000000000000000000000000000 0 0
19866	50.476	0.000	( 0 )	110001111010111010101011001100000110001011010001110111001101000011101100100110110010111001000000000000000000000000000000000000000000000000000000000000000000000000000000000000000000 0 0
19869	50.476	0.000	( 0 )	110001111010111010101011001100000110001011010001110111001101000011101100100110110010111001000000000000000000000000000000000000000000000000000000000000000000000000000000000000000000 0 0
19867	50.476	0.000	( 0 )	110001111010111010101011001100000110001011010001110111001101000011101100100110110010111001000000000000000000000000000000000000000000000000000000000000000000000000000000000000000000 0 0
19885	50.476	0.000	( 0 )	110001111010111010101011001100000110001011010001110111001101000011101100100110110010111001000000000000000000000000000000000000000000000000000000000000000000000000000000000000000000 0 0
19794	50.476	0.000	( 0 )	110001111010111010101011001100000110001011010001110111001101000011101100100110110010111001000000000000000000000000000000000000000000000000000000000000000000000000000000000000000000 0 0
19795	50.476	0.000	( 0 )	110001111010111010101011001100000110001011010001110111001101000011101100100110110010111001000000000000000000000000000000000000000000000000000000000000000000000000000000000000000000 0 0
19868	50.476	0.000	( 0 )	110001111010111010101011001100000110001011010001110111001101000011101100100110110010111001000000000000000000000000000000000000000000000000000000000000000000000000000000000000000000 0 0
19837	51.588	0.000	( 0 )	110001111010111010101011001100000110001011010001110111001101000011101100100010110010111001000000000000000000000000000000000000000000000000000000000000000000000000000000000000000000 1 0
19843	51.588	0.000	( 0 )	110001111010111010101011001100000110001011010001110111001101000011101100100010110010111001000000000000000000000000000000000000000000000000000000000000000000000000000000000000000000 0 0
19741	52.699	0.000	( 0 )	110001111010111010101011001100000110001011010001110111001101000011101100100010110010011001000000000000000000000000000000000000000000000000000000000000000000000000000000000000000000 1 0
19742	52.699	0.000	( 0 )	110001111010111010101011001100000110001011010001110111001101000011101100100010110010011001000000000000000000000000000000000000000000000000000000000000000000000000000000000000000000 0 0
19678	53.810	0.000	( 0 )	110001111010111010101011001100000110001011010101110111001101000011101100100010110010011001000000000000000000000000000000000000000000000000000000000000000000000000000000000000000000 1 0
19685	53.810	0.000	( 0 )	110001111010111010101011001100000110001011010101110111001101000011101100100010110010011001000000000000000000000000000000000000000000000000000000000000000000000000000000000000000000 0 0
19687	53.810	0.000	( 0 )	110001111010111010101011001100000110001011010101110111001101000011101100100010110010011001000000000000000000000000000000000000000000000000000000000000000000000000000000000000000000 0 0
19724	53.810	0.000	( 0 )	110001111010111010101011001100000110001011010101110111001101000011101100100010110010011001000000000000000000000000000000000000000000000000000000000000000000000000000000000000000000 0 0
19712	54.921	0.000	( 0 )	110001101010111010101011001100000110001011010101110111001101000011101100100010110010011001000000000000000000000000000000000000000000000000000000000000000000000000000000000000000000 1 0
19660	57.145	0.000	( 0 )	110001101010111010101011001100000110011011010101110111001101000011101100100010110010011101000000000000000000000000000000000000000000000000000000000000000000000000000000000000000000 2 0
19597	57.145	0.000	( 0 )	110001101010111010101011001100000110011011010101110111001101000011101100100010110010011101000000000000000000000000000000000000000000000000000000000000000000000000000000000000000000 0 0
19616	57.145	0.000	( 0 )	110001101010111010101011001100000110011011010101110111001101000011101100100010110010011101000000000000000000000000000000000000000000000000000000000000000000000000000000000000000000 0 0
19600	57.145	0.000	( 0 )	110001101010111010101011001100000110011011010101110111001101000011101100100010110010011101000000000000000000000000000000000000000000000000000000000000000000000000000000000000000000 0 0
19598	57.145	0.000	( 0 )	110001101010111010101011001100000110011011010101110111001101000011101100100010110010011101000000000000000000000000000000000000000000000000000000000000000000000000000000000000000000 0 0
19602	57.145	0.000	( 0 )	110001101010111010101011001100000110011011010101110111001101000011101100100010110010011101000000000000000000000000000000000000000000000000000000000000000000000000000000000000000000 0 0
19662	57.145	0.000	( 0 )	110001101010111010101011001100000110011011010101110111001101000011101100100010110010011101000000000000000000000000000000000000000000000000000000000000000000000000000000000000000000 0 0
19659	57.145	0.000	( 0 )	110001101010111010101011001100000110011011010101110111001101000011101100100010110010011101000000000000000000000000000000000000000000000000000000000000000000000000000000000000000000 0 0
19622	57.145	0.000	( 0 )	110001101010111010101011001100000110011011010101110111001101000011101100100010110010011101000000000000000000000000000000000000000000000000000000000000000000000000000000000000000000 0 0
19606	57.145	0.000	( 0 )	110001101010111010101011001100000110011011010101110111001101000011101100100010110010011101000000000000000000000000000000000000000000000000000000000000000000000000000000000000000000 0 0
19627	57.145	0.000	( 0 )	110001101010111010101011001100000110011011010101110111001101000011101100100010110010011101000000000000000000000000000000000000000000000000000000000000000000000000000000000000000000 0 0
19599	57.145	0.000	( 0 )	110001101010111010101011001100000110011011010101110111001101000011101100100010110010011101000000000000000000000000000000000000000000000000000000000000000000000000000000000000000000 0 0
19605	57.145	0.000	( 0 )	110001101010111010101011001100000110011011010101110111001101000011101100100010110010011101000000000000000000000000000000000000000000000000000000000000000000000000000000000000000000 0 0
19604	57.145	0.000	( 0 )	110001101010111010101011001100000110011011010101110111001101000011101100100010110010011101000000000000000000000000000000000000000000000000000000000000000000000000000000000000000000 0 0
19532	61.601	0.000	( 0 )	110001101010111010101011001100000110111011010101110111101101000011101100100011111010011101000000000000000000000000000000000000000000000000000000000000000000000000000000000000000000 4 0
19534	61.601	0.000	( 0 )	110001101010111010101011001100000110111011010101110111101101000011101100100011111010011101000000000000000000000000000000000000000000000000000000000000000000000000000000000000000000 0 0
19524	62.713	0.000	( 0 )	110001101110111010101011001100000110111011010101110111101101000011101100100011111010011101000000000000000000000000000000000000000000000000000000000000000000000000000000000000000000 1 0
19523	63.824	0.000	( 0 )	110001101110111010101011001100000110111010010101110111101101000011101100100011111010011101000000000000000000000000000000000000000000000000000000000000000000000000000000000000000000 1 0
19522	63.824	0.000	( 0 )	110001101110111010101011001100000110111010010101110111101101000011101100100011111010011101000000000000000000000000000000000000000000000000000000000000000000000000000000000000000000 0 0
19519	63.824	0.000	( 0 )	110001101110111010101011001100000110111010010101110111101101000011101100100011111010011101000000000000000000000000000000000000000000000000000000000000000000000000000000000000000000 0 0
19515	63.824	0.000	( 0 )	110001101110111010101011001100000110111010010101110111101101000011101100100011111010011101000000000000000000000000000000000000000000000000000000000000000000000000000000000000000000 0 0
19516	63.824	0.000	( 0 )	110001101110111010101011001100000110111010010101110111101101000011101100100011111010011101000000000000000000000000000000000000000000000000000000000000000000000000000000000000000000 0 0
19521	63.824	0.000	( 0 )	110001101110111010101011001100000110111010010101110111101101000011101100100011111010011101000000000000000000000000000000000000000000000000000000000000000000000000000000000000000000 0 0
19517	63.824	0.000	( 0 )	110001101110111010101011001100000110111010010101110111101101000011101100100011111010011101000000000000000000000000000000000000000000000000000000000000000000000000000000000000000000 0 0
19513	63.824	0.000	( 0 )	110001101110111010101011001100000110111010010101110111101101000011101100100011111010011101000000000000000000000000000000000000000000000000000000000000000000000000000000000000000000 0 0
19507	64.935	0.000	( 0 )	111001101110111010101011001100000110111010010101110111101101000011101100100011111010011101000000000000000000000000000000000000000000000000000000000000000000000000000000000000000000 1 0
19508	64.935	0.000	( 0 )	111001101110111010101011001100000110111010010101110111101101000011101100100011111010011101000000000000000000000000000000000000000000000000000000000000000000000000000000000000000000 0 0
19410	66.047	0.000	( 0 )	111001101110111010101011001100000110111010010101110111101101000011101100101011111010011101000000000000000000000000000000000000000000000000000000000000000000000000000000000000000000 1 0
19406	66.047	0.000	( 0 )	111001101110111010101011001100000110111010010101110111101101000011101100101011111010011101000000000000000000000000000000000000000000000000000000000000000000000000000000000000000000 0 0
19455	66.047	0.000	( 0 )	111001101110111010101011001100000110111010010101110111101101000011101100101011111010011101000000000000000000000000000000000000000000000000000000000000000000000000000000000000000000 0 0
19408	66.047	0.000	( 0 )	111001101110111010101011001100000110111010010101110111101101000011101100101011111010011101000000000000000000000000000000000000000000000000000000000000000000000000000000000000000000 0 0
19453	66.047	0.000	( 0 )	111001101110111010101011001100000110111010010101110111101101000011101100101011111010011101000000000000000000000000000000000000000000000000000000000000000000000000000000000000000000 0 0
19409	66.047	0.000	( 0 )	111001101110111010101011001100000110111010010101110111101101000011101100101011111010011101000000000000000000000000000000000000000000000000000000000000000000000000000000000000000000 0 0
19405	66.047	0.000	( 0 )	111001101110111010101011001100000110111010010101110111101101000011101100101011111010011101000000000000000000000000000000000000000000000000000000000000000000000000000000000000000000 0 0
19456	66.047	0.000	( 0 )	111001101110111010101011001100000110111010010101110111101101000011101100101011111010011101000000000000000000000000000000000000000000000000000000000000000000000000000000000000000000 0 0
19454	66.047	0.000	( 0 )	111001101110111010101011001100000110111010010101110111101101000011101100101011111010011101000000000000000000000000000000000000000000000000000000000000000000000000000000000000000000 0 0
19452	66.047	0.000	( 0 )	111001101110111010101011001100000110111010010101110111101101000011101100101011111010011101000000000000000000000000000000000000000000000000000000000000000000000000000000000000000000 0 0
19395	66.047	0.000	( 0 )	111001101110111010101011001100000110111010010101110111101101000011101100101011111010011101000000000000000000000000000000000000000000000000000000000000000000000000000000000000000000 0 0
19446	66.047	0.000	( 0 )	111001101110111010101011001100000110111010010101110111101101000011101100101011111010011101000000000000000000000000000000000000000000000000000000000000000000000000000000000000000000 0 0
19449	66.047	0.000	( 0 )	111001101110111010101011001100000110111010010101110111101101000011101100101011111010011101000000000000000000000000000000000000000000000000000000000000000000000000000000000000000000 0 0
19440	66.047	0.000	( 0 )	111001101110111010101011001100000110111010010101110111101101000011101100101011111010011101000000000000000000000000000000000000000000000000000000000000000000000000000000000000000000 0 0
19469	66.047	0.000	( 0 )	111001101110111010101011001100000110111010010101110111101101000011101100101011111010011101000000000000000000000000000000000000000000000000000000000000000000000000000000000000000000 0 0
19447	66.047	0.000	( 0 )	111001101110111010101011001100000110111010010101110111101101000011101100101011111010011101000000000000000000000000000000000000000000000000000000000000000000000000000000000000000000 0 0
19442	66.047	0.000	( 0 )	111001101110111010101011001100000110111010010101110111101101000011101100101011111010011101000000000000000000000000000000000000000000000000000000000000000000000000000000000000000000 0 0
19445	66.047	0.000	( 0 )	111001101110111010101011001100000110111010010101110111101101000011101100101011111010011101000000000000000000000000000000000000000000000000000000000000000000000000000000000000000000 0 0
19444	66.047	0.000	( 0 )	111001101110111010101011001100000110111010010101110111101101000011101100101011111010011101000000000000000000000000000000000000000000000000000000000000000000000000000000000000000000 0 0
19407	66.047	0.000	( 0 )	111001101110111010101011001100000110111010010101110111101101000011101100101011111010011101000000000000000000000000000000000000000000000000000000000000000000000000000000000000000000 0 0
19448	66.047	0.000	( 0 )	111001101110111010101011001100000110111010010101110111101101000011101100101011111010011101000000000000000000000000000000000000000000000000000000000000000000000000000000000000000000 0 0
19320	67.158	0.000	( 0 )	111001101110111010101011001100000110111010010101110111101101000011101100101011111010010101000000000000000000000000000000000000000000000000000000000000000000000000000000000000000000 1 0
19313	67.158	0.000	( 0 )	111001101110111010101011001100000110111010010101110111101101000011101100101011111010010101000000000000000000000000000000000000000000000000000000000000000000000000000000000000000000 0 0
19319	67.158	0.000	( 0 )	111001101110111010101011001100000110111010010101110111101101000011101100101011111010010101000000000000000000000000000000000000000000000000000000000000000000000000000000000000000000 0 0
19317	67.158	0.000	( 0 )	111001101110111010101011001100000110111010010101110111101101000011101100101011111010010101000000000000000000000000000000000000000000000000000000000000000000000000000000000000000000 0 0
19316	67.158	0.000	( 0 )	111001101110111010101011001100000110111010010101110111101101000011101100101011111010010101000000000000000000000000000000000000000000000000000000000000000000000000000000000000000000 0 0
19318	67.158	0.000	( 0 )	111001101110111010101011001100000110111010010101110111101101000011101100101011111010010101000000000000000000000000000000000000000000000000000000000000000000000000000000000000000000 0 0
19277	69.382	0.000	( 0 )	111001101110111010101011001100000110111010010100110111101101000011101100101011111010010111000000000000000000000000000000000000000000000000000000000000000000000000000000000000000000 2 0
19278	69.382	0.000	( 0 )	111001101110111010101011001100000110111010010100110111101101000011101100101011111010010111000000000000000000000000000000000000000000000000000000000000000000000000000000000000000000 0 0
19276	69.382	0.000	( 0 )	111001101110111010101011001100000110111010010100110111101101000011101100101011111010010111000000000000000000000000000000000000000000000000000000000000000000000000000000000000000000 0 0
19274	69.382	0.000	( 0 )	111001101110111010101011001100000110111010010100110111101101000011101100101011111010010111000000000000000000000000000000000000000000000000000000000000000000000000000000000000000000 0 0
19279	69.382	0.000	( 0 )	111001101110111010101011001100000110111010010100110111101101000011101100101011111010010111000000000000000000000000000000000000000000000000000000000000000000000000000000000000000000 0 0
19249	71.605	0.000	( 0 )	111001101110111010101010001100000110111010010100110111101101000001101100101011111010010111000000000000000000000000000000000000000000000000000000000000000000000000000000000000000000 2 0
19252	71.605	0.000	( 0 )	111001101110111010101010001100000110111010010100110111101101000001101100101011111010010111000000000000000000000000000000000000000000000000000000000000000000000000000000000000000000 0 0
19248	71.605	0.000	( 0 )	111001101110111010101010001100000110111010010100110111101101000001101100101011111010010111000000000000000000000000000000000000000000000000000000000000000000000000000000000000000000 0 0
19268	71.605	0.000	( 0 )	111001101110111010101010001100000110111010010100110111101101000001101100101011111010010111000000000000000000000000000000000000000000000000000000000000000000000000000000000000000000 0 0
19250	71.605	0.000	( 0 )	111001101110111010101010001100000110111010010100110111101101000001101100101011111010010111000000000000000000000000000000000000000000000000000000000000000000000000000000000000000000 0 0
19177	72.717	0.000	( 0 )	111001101110111010101010001100000110111010011100110111101101000001101100101011111010010111000000000000000000000000000000000000000000000000000000000000000000000000000000000000000000 1 0
19189	72.717	0.000	( 0 )	111001101110111010101010001100000110111010011100110111101101000001101100101011111010010111000000000000000000000000000000000000000000000000000000000000000000000000000000000000000000 0 0
19198	72.717	0.000	( 0 )	111001101110111010101010001100000110111010011100110111101101000001101100101011111010010111000000000000000000000000000000000000000000000000000000000000000000000000000000000000000000 0 0
8136	72.717	0.000	( 0 )	111001101110111010101010001100000110111010011100110111101101000001101100101011111010010111000000000000000000000000000000000000000000000000000000000000000000000000000000000000000000 0 0
19182	72.717	0.000	( 0 )	111001101110111010101010001100000110111010011100110111101101000001101100101011111010010111000000000000000000000000000000000000000000000000000000000000000000000000000000000000000000 0 0
19199	72.717	0.000	( 0 )	111001101110111010101010001100000110111010011100110111101101000001101100101011111010010111000000000000000000000000000000000000000000000000000000000000000000000000000000000000000000 0 0
19183	72.717	0.000	( 0 )	111001101110111010101010001100000110111010011100110111101101000001101100101011111010010111000000000000000000000000000000000000000000000000000000000000000000000000000000000000000000 0 0
19176	72.717	0.000	( 0 )	111001101110111010101010001100000110111010011100110111101101000001101100101011111010010111000000000000000000000000000000000000000000000000000000000000000000000000000000000000000000 0 0
19200	72.717	0.000	( 0 )	111001101110111010101010001100000110111010011100110111101101000001101100101011111010010111000000000000000000000000000000000000000000000000000000000000000000000000000000000000000000 0 0
19220	72.717	0.000	( 0 )	111001101110111010101010001100000110111010011100110111101101000001101100101011111010010111000000000000000000000000000000000000000000000000000000000000000000000000000000000000000000 0 0
19221	72.717	0.000	( 0 )	111001101110111010101010001100000110111010011100110111101101000001101100101011111010010111000000000000000000000000000000000000000000000000000000000000000000000000000000000000000000 0 0
8132	72.717	0.000	( 0 )	111001101110111010101010001100000110111010011100110111101101000001101100101011111010010111000000000000000000000000000000000000000000000000000000000000000000000000000000000000000000 0 0
19184	72.717	0.000	( 0 )	111001101110111010101010001100000110111010011100110111101101000001101100101011111010010111000000000000000000000000000000000000000000000000000000000000000000000000000000000000000000 0 0
19154	73.828	0.000	( 0 )	111001101110111010101010001100000110111110011100110111101101000001101100101011111010010111000000000000000000000000000000000000000000000000000000000000000000000000000000000000000000 1 0
19158	73.828	0.000	( 0 )	111001101110111010101010001100000110111110011100110111101101000001101100101011111010010111000000000000000000000000000000000000000000000000000000000000000000000000000000000000000000 0 0
19152	73.828	0.000	( 0 )	111001101110111010101010001100000110111110011100110111101101000001101100101011111010010111000000000000000000000000000000000000000000000000000000000000000000000000000000000000000000 0 0
19159	73.828	0.000	( 0 )	111001101110111010101010001100000110111110011100110111101101000001101100101011111010010111000000000000000000000000000000000000000000000000000000000000000000000000000000000000000000 0 0
19153	73.828	0.000	( 0 )	111001101110111010101010001100000110111110011100110111101101000001101100101011111010010111000000000000000000000000000000000000000000000000000000000000000000000000000000000000000000 0 0
19155	73.828	0.000	( 0 )	111001101110111010101010001100000110111110011100110111101101000001101100101011111010010111000000000000000000000000000000000000000000000000000000000000000000000000000000000000000000 0 0
19157	73.828	0.000	( 0 )	111001101110111010101010001100000110111110011100110111101101000001101100101011111010010111000000000000000000000000000000000000000000000000000000000000000000000000000000000000000000 0 0
19156	73.828	0.000	( 0 )	111001101110111010101010001100000110111110011100110111101101000001101100101011111010010111000000000000000000000000000000000000000000000000000000000000000000000000000000000000000000 0 0
19084	77.166	0.000	( 0 )	011001101110111010100010001100000110111110011100110111101101000001101100111011111010010111000000000000000000000000000000000000000000000000000000000000000000000000000000000000000000 3 0
19088	77.166	0.000	( 0 )	011001101110111010100010001100000110111110011100110111101101000001101100111011111010010111000000000000000000000000000000000000000000000000000000000000000000000000000000000000000000 0 0
19140	77.166	0.000	( 0 )	011001101110111010100010001100000110111110011100110111101101000001101100111011111010010111000000000000000000000000000000000000000000000000000000000000000000000000000000000000000000 0 0
19081	77.166	0.000	( 0 )	011001101110111010100010001100000110111110011100110111101101000001101100111011111010010111000000000000000000000000000000000000000000000000000000000000000000000000000000000000000000 0 0
19058	78.277	0.000	( 0 )	011001101110111010100010001000000110111110011100110111101101000001101100111011111010010111000000000000000000000000000000000000000000000000000000000000000000000000000000000000000000 1 0
19057	78.277	0.000	( 0 )	011001101110111010100010001000000110111110011100110111101101000001101100111011111010010111000000000000000000000000000000000000000000000000000000000000000000000000000000000000000000 0 0
19059	78.277	0.000	( 0 )	011001101110111010100010001000000110111110011100110111101101000001101100111011111010010111000000000000000000000000000000000000000000000000000000000000000000000000000000000000000000 0 0
19056	78.277	0.000	( 0 )	011001101110111010100010001000000110111110011100110111101101000001101100111011111010010111000000000000000000000000000000000000000000000000000000000000000000000000000000000000000000 0 0
19046	81.616	0.000	( 0 )	001001001110111010100010001000000110111110011100110111101101100001101100111011111010010111000000000000000000000000000000000000000000000000000000000000000000000000000000000000000000 3 0
19043	81.616	0.000	( 0 )	001001001110111010100010001000000110111110011100110111101101100001101100111011111010010111000000000000000000000000000000000000000000000000000000000000000000000000000000000000000000 0 0
18948	81.616	0.000	( 0 )	001001001110111010100010001000000110111110011100110111101101100001101100111011111010010111000000000000000000000000000000000000000000000000000000000000000000000000000000000000000000 0 0
18968	81.616	0.000	( 0 )	001001001110111010100010001000000110111110011100110111101101100001101100111011111010010111000000000000000000000000000000000000000000000000000000000000000000000000000000000000000000 0 0
19045	81.616	0.000	( 0 )	001001001110111010100010001000000110111110011100110111101101100001101100111011111010010111000000000000000000000000000000000000000000000000000000000000000000000000000000000000000000 0 0
19042	81.616	0.000	( 0 )	001001001110111010100010001000000110111110011100110111101101100001101100111011111010010111000000000000000000000000000000000000000000000000000000000000000000000000000000000000000000 0 0
19047	81.616	0.000	( 0 )	001001001110111010100010001000000110111110011100110111101101100001101100111011111010010111000000000000000000000000000000000000000000000000000000000000000000000000000000000000000000 0 0
19040	81.616	0.000	( 0 )	001001001110111010100010001000000110111110011100110111101101100001101100111011111010010111000000000000000000000000000000000000000000000000000000000000000000000000000000000000000000 0 0
18901	83.839	0.000	( 0 )	001001001110111010110010001000000110111110011100110111111101100001101100111011111010010111000000000000000000000000000000000000000000000000000000000000000000000000000000000000000000 2 0
18899	83.839	0.000	( 0 )	001001001110111010110010001000000110111110011100110111111101100001101100111011111010010111000000000000000000000000000000000000000000000000000000000000000000000000000000000000000000 0 0
18867	84.951	0.000	( 0 )	001001001110111010110010001000000100111110011100110111111101100001101100111011111010010111000000000000000000000000000000000000000000000000000000000000000000000000000000000000000000 1 0
18882	84.951	0.000	( 0 )	001001001110111010110010001000000100111110011100110111111101100001101100111011111010010111000000000000000000000000000000000000000000000000000000000000000000000000000000000000000000 0 0
18897	84.951	0.000	( 0 )	001001001110111010110010001000000100111110011100110111111101100001101100111011111010010111000000000000000000000000000000000000000000000000000000000000000000000000000000000000000000 0 0
18871	84.951	0.000	( 0 )	001001001110111010110010001000000100111110011100110111111101100001101100111011111010010111000000000000000000000000000000000000000000000000000000000000000000000000000000000000000000 0 0
18896	84.951	0.000	( 0 )	001001001110111010110010001000000100111110011100110111111101100001101100111011111010010111000000000000000000000000000000000000000000000000000000000000000000000000000000000000000000 0 0
18881	84.951	0.000	( 0 )	001001001110111010110010001000000100111110011100110111111101100001101100111011111010010111000000000000000000000000000000000000000000000000000000000000000000000000000000000000000000 0 0
18875	84.951	0.000	( 0 )	001001001110111010110010001000000100111110011100110111111101100001101100111011111010010111000000000000000000000000000000000000000000000000000000000000000000000000000000000000000000 0 0
18840	86.062	0.000	( 0 )	001001001110111010110010001000000100111110011100110111111101100001101000111011111010010111000000000000000000000000000000000000000000000000000000000000000000000000000000000000000000 1 0
32760	86.062	0.000	( 0 )	001001001110111010110010001000000100111110011100110111111101100001101000111011111010010111000000000000000000000000000000000000000000000000000000000000000000000000000000000000000000 0 0
18841	86.062	0.000	( 0 )	001001001110111010110010001000000100111110011100110111111101100001101000111011111010010111000000000000000000000000000000000000000000000000000000000000000000000000000000000000000000 0 0
18704	87.173	0.000	( 0 )	001001001110111010110010001000000100111110011100110111111101100001101000111011011010010111000000000000000000000000000000000000000000000000000000000000000000000000000000000000000000 1 0
18731	87.173	0.000	( 0 )	001001001110111010110010001000000100111110011100110111111101100001101000111011011010010111000000000000000000000000000000000000000000000000000000000000000000000000000000000000000000 0 0
18732	87.173	0.000	( 0 )	001001001110111010110010001000000100111110011100110111111101100001101000111011011010010111000000000000000000000000000000000000000000000000000000000000000000000000000000000000000000 0 0
18696	87.173	0.000	( 0 )	001001001110111010110010001000000100111110011100110111111101100001101000111011011010010111000000000000000000000000000000000000000000000000000000000000000000000000000000000000000000 0 0
18789	87.173	0.000	( 0 )	001001001110111010110010001000000100111110011100110111111101100001101000111011011010010111000000000000000000000000000000000000000000000000000000000000000000000000000000000000000000 0 0
18787	87.173	0.000	( 0 )	001001001110111010110010001000000100111110011100110111111101100001101000111011011010010111000000000000000000000000000000000000000000000000000000000000000000000000000000000000000000 0 0
18788	87.173	0.000	( 0 )	001001001110111010110010001000000100111110011100110111111101100001101000111011011010010111000000000000000000000000000000000000000000000000000000000000000000000000000000000000000000 0 0
18784	87.173	0.000	( 0 )	001001001110111010110010001000000100111110011100110111111101100001101000111011011010010111000000000000000000000000000000000000000000000000000000000000000000000000000000000000000000 0 0
18785	87.173	0.000	( 0 )	001001001110111010110010001000000100111110011100110111111101100001101000111011011010010111000000000000000000000000000000000000000000000000000000000000000000000000000000000000000000 0 0
18736	87.173	0.000	( 0 )	001001001110111010110010001000000100111110011100110111111101100001101000111011011010010111000000000000000000000000000000000000000000000000000000000000000000000000000000000000000000 0 0
18761	87.173	0.000	( 0 )	001001001110111010110010001000000100111110011100110111111101100001101000111011011010010111000000000000000000000000000000000000000000000000000000000000000000000000000000000000000000 0 0
18791	87.173	0.000	( 0 )	001001001110111010110010001000000100111110011100110111111101100001101000111011011010010111000000000000000000000000000000000000000000000000000000000000000000000000000000000000000000 0 0
18721	88.285	0.000	( 0 )	001001001110111010110010001000000100111110011100110111111101100001111000111011011010010111000000000000000000000000000000000000000000000000000000000000000000000000000000000000000000 1 0
18764	88.285	0.000	( 0 )	001001001110111010110010001000000100111110011100110111111101100001111000111011011010010111000000000000000000000000000000000000000000000000000000000000000000000000000000000000000000 0 0
18720	88.285	0.000	( 0 )	001001001110111010110010001000000100111110011100110111111101100001111000111011011010010111000000000000000000000000000000000000000000000000000000000000000000000000000000000000000000 0 0
18657	88.285	0.000	( 0 )	001001001110111010110010001000000100111110011100110111111101100001111000111011011010010111000000000000000000000000000000000000000000000000000000000000000000000000000000000000000000 0 0
18722	88.285	0.000	( 0 )	001001001110111010110010001000000100111110011100110111111101100001111000111011011010010111000000000000000000000000000000000000000000000000000000000000000000000000000000000000000000 0 0
18650	88.285	0.000	( 0 )	001001001110111010110010001000000100111110011100110111111101100001111000111011011010010111000000000000000000000000000000000000000000000000000000000000000000000000000000000000000000 0 0
18664	88.285	0.000	( 0 )	001001001110111010110010001000000100111110011100110111111101100001111000111011011010010111000000000000000000000000000000000000000000000000000000000000000000000000000000000000000000 0 0
18716	88.285	0.000	( 0 )	001001001110111010110010001000000100111110011100110111111101100001111000111011011010010111000000000000000000000000000000000000000000000000000000000000000000000000000000000000000000 0 0
18689	88.285	0.000	( 0 )	001001001110111010110010001000000100111110011100110111111101100001111000111011011010010111000000000000000000000000000000000000000000000000000000000000000000000000000000000000000000 0 0
18713	88.285	0.000	( 0 )	001001001110111010110010001000000100111110011100110111111101100001111000111011011010010111000000000000000000000000000000000000000000000000000000000000000000000000000000000000000000 0 0
18656	88.285	0.000	( 0 )	001001001110111010110010001000000100111110011100110111111101100001111000111011011010010111000000000000000000000000000000000000000000000000000000000000000000000000000000000000000000 0 0
18686	88.285	0.000	( 0 )	001001001110111010110010001000000100111110011100110111111101100001111000111011011010010111000000000000000000000000000000000000000000000000000000000000000000000000000000000000000000 0 0
18644	88.285	0.000	( 0 )	001001001110111010110010001000000100111110011100110111111101100001111000111011011010010111000000000000000000000000000000000000000000000000000000000000000000000000000000000000000000 0 0
18677	88.285	0.000	( 0 )	001001001110111010110010001000000100111110011100110111111101100001111000111011011010010111000000000000000000000000000000000000000000000000000000000000000000000000000000000000000000 0 0
18718	88.285	0.000	( 0 )	001001001110111010110010001000000100111110011100110111111101100001111000111011011010010111000000000000000000000000000000000000000000000000000000000000000000000000000000000000000000 0 0
18717	88.285	0.000	( 0 )	001001001110111010110010001000000100111110011100110111111101100001111000111011011010010111000000000000000000000000000000000000000000000000000000000000000000000000000000000000000000 0 0
18719	88.285	0.000	( 0 )	001001001110111010110010001000000100111110011100110111111101100001111000111011011010010111000000000000000000000000000000000000000000000000000000000000000000000000000000000000000000 0 0
18700	88.285	0.000	( 0 )	001001001110111010110010001000000100111110011100110111111101100001111000111011011010010111000000000000000000000000000000000000000000000000000000000000000000000000000000000000000000 0 0
18763	88.285	0.000	( 0 )	001001001110111010110010001000000100111110011100110111111101100001111000111011011010010111000000000000000000000000000000000000000000000000000000000000000000000000000000000000000000 0 0
18641	88.285	0.000	( 0 )	001001001110111010110010001000000100111110011100110111111101100001111000111011011010010111000000000000000000000000000000000000000000000000000000000000000000000000000000000000000000 0 0
18666	88.285	0.000	( 0 )	001001001110111010110010001000000100111110011100110111111101100001111000111011011010010111000000000000000000000000000000000000000000000000000000000000000000000000000000000000000000 0 0
18574	90.508	0.000	( 0 )	001001001110111010110010001000000100111110011100110111111100100001111000111011011010010110000000000000000000000000000000000000000000000000000000000000000000000000000000000000000000 2 0
18547	90.508	0.000	( 0 )	001001001110111010110010001000000100111110011100110111111100100001111000111011011010010110000000000000000000000000000000000000000000000000000000000000000000000000000000000000000000 0 0
18572	90.508	0.000	( 0 )	001001001110111010110010001000000100111110011100110111111100100001111000111011011010010110000000000000000000000000000000000000000000000000000000000000000000000000000000000000000000 0 0
18504	90.508	0.000	( 0 )	001001001110111010110010001000000100111110011100110111111100100001111000111011011010010110000000000000000000000000000000000000000000000000000000000000000000000000000000000000000000 0 0
18536	90.508	0.000	( 0 )	001001001110111010110010001000000100111110011100110111111100100001111000111011011010010110000000000000000000000000000000000000000000000000000000000000000000000000000000000000000000 0 0
18507	90.508	0.000	( 0 )	001001001110111010110010001000000100111110011100110111111100100001111000111011011010010110000000000000000000000000000000000000000000000000000000000000000000000000000000000000000000 0 0
18506	90.508	0.000	( 0 )	001001001110111010110010001000000100111110011100110111111100100001111000111011011010010110000000000000000000000000000000000000000000000000000000000000000000000000000000000000000000 0 0
18560	90.508	0.000	( 0 )	001001001110111010110010001000000100111110011100110111111100100001111000111011011010010110000000000000000000000000000000000000000000000000000000000000000000000000000000000000000000 0 0
18550	90.508	0.000	( 0 )	001001001110111010110010001000000100111110011100110111111100100001111000111011011010010110000000000000000000000000000000000000000000000000000000000000000000000000000000000000000000 0 0
18581	90.508	0.000	( 0 )	001001001110111010110010001000000100111110011100110111111100100001111000111011011010010110000000000000000000000000000000000000000000000000000000000000000000000000000000000000000000 0 0
18551	90.508	0.000	( 0 )	001001001110111010110010001000000100111110011100110111111100100001111000111011011010010110000000000000000000000000000000000000000000000000000000000000000000000000000000000000000000 0 0
18553	90.508	0.000	( 0 )	001001001110111010110010001000000100111110011100110111111100100001111000111011011010010110000000000000000000000000000000000000000000000000000000000000000000000000000000000000000000 0 0
18552	90.508	0.000	( 0 )	001001001110111010110010001000000100111110011100110111111100100001111000111011011010010110000000000000000000000000000000000000000000000000000000000000000000000000000000000000000000 0 0
18548	90.508	0.000	( 0 )	001001001110111010110010001000000100111110011100110111111100100001111000111011011010010110000000000000000000000000000000000000000000000000000000000000000000000000000000000000000000 0 0
18549	90.508	0.000	( 0 )	001001001110111010110010001000000100111110011100110111111100100001111000111011011010010110000000000000000000000000000000000000000000000000000000000000000000000000000000000000000000 0 0
18505	90.508	0.000	( 0 )	001001001110111010110010001000000100111110011100110111111100100001111000111011011010010110000000000000000000000000000000000000000000000000000000000000000000000000000000000000000000 0 0
18579	90.508	0.000	( 0 )	001001001110111010110010001000000100111110011100110111111100100001111000111011011010010110000000000000000000000000000000000000000000000000000000000000000000000000000000000000000000 0 0
18577	90.508	0.000	( 0 )	001001001110111010110010001000000100111110011100110111111100100001111000111011011010010110000000000000000000000000000000000000000000000000000000000000000000000000000000000000000000 0 0
18478	94.964	0.000	( 0 )	001001001111111010110110001000000000111110011100110111111100100001111000111011011000010110000000000000000000000000000000000000000000000000000000000000000000000000000000000000000000 4 0
18469	96.076	0.000	( 0 )	000001001111111010110110001000000000111110011100110111111100100001111000111011011000010110000000000000000000000000000000000000000000000000000000000000000000000000000000000000000000 1 0
18470	96.076	0.000	( 0 )	000001001111111010110110001000000000111110011100110111111100100001111000111011011000010110000000000000000000000000000000000000000000000000000000000000000000000000000000000000000000 0 0
18459	96.076	0.000	( 0 )	000001001111111010110110001000000000111110011100110111111100100001111000111011011000010110000000000000000000000000000000000000000000000000000000000000000000000000000000000000000000 0 0
18401	96.076	0.000	( 0 )	000001001111111010110110001000000000111110011100110111111100100001111000111011011000010110000000000000000000000000000000000000000000000000000000000000000000000000000000000000000000 0 0
18466	96.076	0.000	( 0 )	000001001111111010110110001000000000111110011100110111111100100001111000111011011000010110000000000000000000000000000000000000000000000000000000000000000000000000000000000000000000 0 0
18456	96.076	0.000	( 0 )	000001001111111010110110001000000000111110011100110111111100100001111000111011011000010110000000000000000000000000000000000000000000000000000000000000000000000000000000000000000000 0 0
18455	96.076	0.000	( 0 )	000001001111111010110110001000000000111110011100110111111100100001111000111011011000010110000000000000000000000000000000000000000000000000000000000000000000000000000000000000000000 0 0
18457	96.076	0.000	( 0 )	000001001111111010110110001000000000111110011100110111111100100001111000111011011000010110000000000000000000000000000000000000000000000000000000000000000000000000000000000000000000 0 0
18465	96.076	0.000	( 0 )	000001001111111010110110001000000000111110011100110111111100100001111000111011011000010110000000000000000000000000000000000000000000000000000000000000000000000000000000000000000000 0 0
18403	96.076	0.000	( 0 )	000001001111111010110110001000000000111110011100110111111100100001111000111011011000010110000000000000000000000000000000000000000000000000000000000000000000000000000000000000000000 0 0
18464	96.076	0.000	( 0 )	000001001111111010110110001000000000111110011100110111111100100001111000111011011000010110000000000000000000000000000000000000000000000000000000000000000000000000000000000000000000 0 0
18428	96.076	0.000	( 0 )	000001001111111010110110001000000000111110011100110111111100100001111000111011011000010110000000000000000000000000000000000000000000000000000000000000000000000000000000000000000000 0 0
18468	96.076	0.000	( 0 )	000001001111111010110110001000000000111110011100110111111100100001111000111011011000010110000000000000000000000000000000000000000000000000000000000000000000000000000000000000000000 0 0
18438	96.076	0.000	( 0 )	000001001111111010110110001000000000111110011100110111111100100001111000111011011000010110000000000000000000000000000000000000000000000000000000000000000000000000000000000000000000 0 0
18441	97.187	0.000	( 0 )	000001001101111010110110001000000000111110011100110111111100100001111000111011011000010110000000000000000000000000000000000000000000000000000000000000000000000000000000000000000000 1 0
