#java OrderMarkers2 data=- evaluateOrder=reordermarkers/iterations/ordered.7.49 useKosambi=1 numThreads=4 calculateIntervals=intervals/ordered.7.intervals randSeed=-4979954076133601227
Loading file
No grandparents present in family V
Number of individuals = 92
Number of families = 1
File loaded with 42521 SNPs
Number of individuals = 92 excluding grandparents
Number of families = 1
Number of markers = 161
Setting dataScale to 0.5590062111801242 all likelihoods will be multiplied by 1.788888888888889
Initial score = -2263.152023876551
Iteration 1 of 6
884884288488421 done
Polishing map...
score = -2251.0518951079075
*score = -2249.6662678381626
score = -2249.6662678381626
score = -2249.6662678381626
Iteration 2 of 6
884884288488421 done
Polishing map...
score = -2251.0518951079075
score = -2249.6662678381626
score = -2249.6662678381626
score = -2249.6662678381626
Iteration 3 of 6
884884288488421 done
Polishing map...
score = -2251.0518951079075
score = -2249.6662678381626
score = -2249.6662678381626
score = -2249.666488613767
Iteration 4 of 6
884884288488421 done
Polishing map...
score = -2390.4019901956226
*score = -2233.3388247411904
score = -2210.8687810223755
*score = -2210.8687810223755
Iteration 5 of 6
884884288488421 done
Polishing map...
score = -2410.8040690544613
score = -2276.926589249871
score = -2282.0285130892617
score = -2267.6797907574696
Iteration 6 of 6
884884288488421 done
Polishing map...
score = -2251.0518951079075
score = -2249.6662678381626
score = -2249.6662678381626
score = -2249.6662678381626
Final score = -2210.8687810223755
Setting dataScale to 0.5590062111801242 all likelihoods will be multiplied by 1.788888888888889
logL = -2210.8687810223755
number of recombinations = 91.0 logL = -2210.8687810223755
Individual	V	P14459_101_S1	recombines	1	times
Individual	V	P14459_103_S3	recombines	1	times
Individual	V	P14459_104_S4	recombines	2	times
Individual	V	P14459_105_S5	recombines	1	times
Individual	V	P14459_106_S6	recombines	1	times
Individual	V	P14459_108_S8	recombines	2	times
Individual	V	P14459_109_S9	recombines	1	times
Individual	V	P14459_110_S10	recombines	1	times
Individual	V	P14459_111_S11	recombines	1	times
Individual	V	P14459_112_S12	recombines	1	times
Individual	V	P14459_113_S13	recombines	1	times
Individual	V	P14459_114_S14	recombines	1	times
Individual	V	P14459_115_S15	recombines	2	times
Individual	V	P14459_116_S16	recombines	1	times
Individual	V	P14459_117_S17	recombines	1	times
Individual	V	P14459_118_S18	recombines	1	times
Individual	V	P14459_119_S19	recombines	1	times
Individual	V	P14459_120_S20	recombines	1	times
Individual	V	P14459_121_S21	recombines	1	times
Individual	V	P14459_124_S24	recombines	1	times
Individual	V	P14459_125_S25	recombines	1	times
Individual	V	P14459_126_S26	recombines	1	times
Individual	V	P14459_127_S27	recombines	2	times
Individual	V	P14459_128_S28	recombines	1	times
Individual	V	P14459_129_S29	recombines	1	times
Individual	V	P14459_130_S30	recombines	2	times
Individual	V	P14459_131_S31	recombines	1	times
Individual	V	P14459_132_S32	recombines	1	times
Individual	V	P14459_134_S34	recombines	2	times
Individual	V	P14459_135_S35	recombines	1	times
Individual	V	P14459_136_S36	recombines	1	times
Individual	V	P14459_138_S38	recombines	1	times
Individual	V	P14459_139_S39	recombines	1	times
Individual	V	P14459_140_S40	recombines	2	times
Individual	V	P14459_141_S41	recombines	1	times
Individual	V	P14459_142_S42	recombines	1	times
Individual	V	P14459_145_S45	recombines	1	times
Individual	V	P14459_146_S46	recombines	1	times
Individual	V	P14459_147_S47	recombines	1	times
Individual	V	P14459_148_S48	recombines	1	times
Individual	V	P14459_149_S49	recombines	1	times
Individual	V	P14459_150_S50	recombines	1	times
Individual	V	P14459_151_S51	recombines	1	times
Individual	V	P14459_152_S52	recombines	2	times
Individual	V	P14459_154_S54	recombines	1	times
Individual	V	P14459_155_S55	recombines	1	times
Individual	V	P14459_157_S57	recombines	1	times
Individual	V	P14459_158_S58	recombines	1	times
Individual	V	P14459_159_S59	recombines	1	times
Individual	V	P14459_160_S60	recombines	1	times
Individual	V	P14459_161_S61	recombines	1	times
Individual	V	P14459_162_S62	recombines	1	times
Individual	V	P14459_163_S63	recombines	1	times
Individual	V	P14459_164_S64	recombines	1	times
Individual	V	P14459_167_S67	recombines	2	times
Individual	V	P14459_168_S68	recombines	1	times
Individual	V	P14459_170_S70	recombines	1	times
Individual	V	P14459_171_S71	recombines	1	times
Individual	V	P14459_173_S73	recombines	1	times
Individual	V	P14459_174_S74	recombines	1	times
Individual	V	P14459_176_S76	recombines	1	times
Individual	V	P14459_177_S77	recombines	2	times
Individual	V	P14459_178_S78	recombines	1	times
Individual	V	P14459_179_S79	recombines	1	times
Individual	V	P14459_180_S80	recombines	1	times
Individual	V	P14459_181_S81	recombines	1	times
Individual	V	P14459_182_S82	recombines	1	times
Individual	V	P14459_183_S83	recombines	2	times
Individual	V	P14459_184_S84	recombines	1	times
Individual	V	P14459_185_S85	recombines	1	times
Individual	V	P14459_186_S86	recombines	1	times
Individual	V	P14459_187_S87	recombines	1	times
Individual	V	P14459_188_S88	recombines	2	times
Individual	V	P14459_190_S90	recombines	1	times
Individual	V	P14459_191_S91	recombines	1	times
Individual	V	P14459_192_S92	recombines	1	times
Individual	V	P14459_193_S93	recombines	1	times
Individual	V	P14459_194_S94	recombines	1	times
Individual	V	P14459_195_S95	recombines	1	times
#*** LG = 0 likelihood = -2210.8688
#marker_number	male_position	female_position	( 0.0 )[	phased data]
30668	0.000	0.000	( 0 )	101111111111110101101101111010111110111011000011111111011011111111111001101111100011100110000000000000000000000000000000000000000000000000000000000000000000000000000000000000000000 0 0
31414	10.137	0.000	( 0 )	101011101111110100101101111010111110110010000001111111011011111111111001101011000011100100000000000000000000000000000000000000000000000000000000000000000000000000000000000000000000 9 0
31773	22.611	0.000	( 0 )	101011101111110110111101111010111110110110110101111111111011111111111001101011001111101101000000000000000000000000000000000000000000000000000000000000000000000000000000000000000000 11 0
31774	22.611	0.000	( 0 )	101011101111110110111101111010111110110110110101111111111011111111111001101011001111101101000000000000000000000000000000000000000000000000000000000000000000000000000000000000000000 0 0
31772	22.611	0.000	( 0 )	101011101111110110111101111010111110110110110101111111111011111111111001101011001111101101000000000000000000000000000000000000000000000000000000000000000000000000000000000000000000 0 0
31775	22.611	0.000	( 0 )	101011101111110110111101111010111110110110110101111111111011111111111001101011001111101101000000000000000000000000000000000000000000000000000000000000000000000000000000000000000000 0 0
31821	49.341	0.000	( 0 )	000011001011100010111101110000100110100110110100011111111010110011111000100010001101001001000000000000000000000000000000000000000000000000000000000000000000000000000000000000000000 22 0
31867	50.453	0.000	( 0 )	000011001011100010111101100000100110100110110100011111111010110011111000100010001101001001000000000000000000000000000000000000000000000000000000000000000000000000000000000000000000 1 0
31830	50.453	0.000	( 0 )	000011001011100010111101100000100110100110110100011111111010110011111000100010001101001001000000000000000000000000000000000000000000000000000000000000000000000000000000000000000000 0 0
31764	51.564	0.000	( 0 )	000011001011100010111101100000100110100110110100011111101010110011111000100010001101001001000000000000000000000000000000000000000000000000000000000000000000000000000000000000000000 1 0
31690	51.564	0.000	( 0 )	000011001011100010111101100000100110100110110100011111101010110011111000100010001101001001000000000000000000000000000000000000000000000000000000000000000000000000000000000000000000 0 0
31688	51.564	0.000	( 0 )	000011001011100010111101100000100110100110110100011111101010110011111000100010001101001001000000000000000000000000000000000000000000000000000000000000000000000000000000000000000000 0 0
31691	51.564	0.000	( 0 )	000011001011100010111101100000100110100110110100011111101010110011111000100010001101001001000000000000000000000000000000000000000000000000000000000000000000000000000000000000000000 0 0
31676	53.788	0.000	( 0 )	000011001011100010111101100000100110100110110100011011101010110011011000100010001101001001000000000000000000000000000000000000000000000000000000000000000000000000000000000000000000 2 0
31675	53.788	0.000	( 0 )	000011001011100010111101100000100110100110110100011011101010110011011000100010001101001001000000000000000000000000000000000000000000000000000000000000000000000000000000000000000000 0 0
31649	54.899	0.000	( 0 )	000011001011100010111101100000100110100110110100011011101010110011011010100010001101001001000000000000000000000000000000000000000000000000000000000000000000000000000000000000000000 1 0
31665	54.899	0.000	( 0 )	000011001011100010111101100000100110100110110100011011101010110011011010100010001101001001000000000000000000000000000000000000000000000000000000000000000000000000000000000000000000 0 0
31640	54.899	0.000	( 0 )	000011001011100010111101100000100110100110110100011011101010110011011010100010001101001001000000000000000000000000000000000000000000000000000000000000000000000000000000000000000000 0 0
31657	54.899	0.000	( 0 )	000011001011100010111101100000100110100110110100011011101010110011011010100010001101001001000000000000000000000000000000000000000000000000000000000000000000000000000000000000000000 0 0
31651	54.899	0.000	( 0 )	000011001011100010111101100000100110100110110100011011101010110011011010100010001101001001000000000000000000000000000000000000000000000000000000000000000000000000000000000000000000 0 0
31641	54.899	0.000	( 0 )	000011001011100010111101100000100110100110110100011011101010110011011010100010001101001001000000000000000000000000000000000000000000000000000000000000000000000000000000000000000000 0 0
31631	56.010	0.000	( 0 )	000011001011100010111101100000100110100110110100011011101010110011011010100010011101001001000000000000000000000000000000000000000000000000000000000000000000000000000000000000000000 1 0
31475	59.349	0.000	( 0 )	000011001011010010111101100000100110100110110100011011101010110011011010100000011101001001000000000000000000000000000000000000000000000000000000000000000000000000000000000000000000 3 0
31477	59.349	0.000	( 0 )	000011001011010010111101100000100110100110110100011011101010110011011010100000011101001001000000000000000000000000000000000000000000000000000000000000000000000000000000000000000000 0 0
31545	59.349	0.000	( 0 )	000011001011010010111101100000100110100110110100011011101010110011011010100000011101001001000000000000000000000000000000000000000000000000000000000000000000000000000000000000000000 0 0
31544	59.349	0.000	( 0 )	000011001011010010111101100000100110100110110100011011101010110011011010100000011101001001000000000000000000000000000000000000000000000000000000000000000000000000000000000000000000 0 0
31472	59.349	0.000	( 0 )	000011001011010010111101100000100110100110110100011011101010110011011010100000011101001001000000000000000000000000000000000000000000000000000000000000000000000000000000000000000000 0 0
31539	59.349	0.000	( 0 )	000011001011010010111101100000100110100110110100011011101010110011011010100000011101001001000000000000000000000000000000000000000000000000000000000000000000000000000000000000000000 0 0
31478	59.349	0.000	( 0 )	000011001011010010111101100000100110100110110100011011101010110011011010100000011101001001000000000000000000000000000000000000000000000000000000000000000000000000000000000000000000 0 0
31572	59.349	0.000	( 0 )	000011001011010010111101100000100110100110110100011011101010110011011010100000011101001001000000000000000000000000000000000000000000000000000000000000000000000000000000000000000000 0 0
31479	59.349	0.000	( 0 )	000011001011010010111101100000100110100110110100011011101010110011011010100000011101001001000000000000000000000000000000000000000000000000000000000000000000000000000000000000000000 0 0
31474	59.349	0.000	( 0 )	000011001011010010111101100000100110100110110100011011101010110011011010100000011101001001000000000000000000000000000000000000000000000000000000000000000000000000000000000000000000 0 0
31549	59.349	0.000	( 0 )	000011001011010010111101100000100110100110110100011011101010110011011010100000011101001001000000000000000000000000000000000000000000000000000000000000000000000000000000000000000000 0 0
31550	59.349	0.000	( 0 )	000011001011010010111101100000100110100110110100011011101010110011011010100000011101001001000000000000000000000000000000000000000000000000000000000000000000000000000000000000000000 0 0
31396	63.805	0.000	( 0 )	000011001010010010111111100000100110110110110100011011101010010011011010100000011101001001000000000000000000000000000000000000000000000000000000000000000000000000000000000000000000 4 0
31431	63.805	0.000	( 0 )	000011001010010010111111100000100110110110110100011011101010010011011010100000011101001001000000000000000000000000000000000000000000000000000000000000000000000000000000000000000000 0 0
31397	63.805	0.000	( 0 )	000011001010010010111111100000100110110110110100011011101010010011011010100000011101001001000000000000000000000000000000000000000000000000000000000000000000000000000000000000000000 0 0
31433	63.805	0.000	( 0 )	000011001010010010111111100000100110110110110100011011101010010011011010100000011101001001000000000000000000000000000000000000000000000000000000000000000000000000000000000000000000 0 0
31430	63.805	0.000	( 0 )	000011001010010010111111100000100110110110110100011011101010010011011010100000011101001001000000000000000000000000000000000000000000000000000000000000000000000000000000000000000000 0 0
31392	63.805	0.000	( 0 )	000011001010010010111111100000100110110110110100011011101010010011011010100000011101001001000000000000000000000000000000000000000000000000000000000000000000000000000000000000000000 0 0
31361	64.916	0.000	( 0 )	000011001010010010111111100000100110010110110100011011101010010011011010100000011101001001000000000000000000000000000000000000000000000000000000000000000000000000000000000000000000 1 0
31370	64.916	0.000	( 0 )	000011001010010010111111100000100110010110110100011011101010010011011010100000011101001001000000000000000000000000000000000000000000000000000000000000000000000000000000000000000000 0 0
31362	64.916	0.000	( 0 )	000011001010010010111111100000100110010110110100011011101010010011011010100000011101001001000000000000000000000000000000000000000000000000000000000000000000000000000000000000000000 0 0
31371	64.916	0.000	( 0 )	000011001010010010111111100000100110010110110100011011101010010011011010100000011101001001000000000000000000000000000000000000000000000000000000000000000000000000000000000000000000 0 0
31350	66.027	0.000	( 0 )	000011001010010010111111100000100110010110110100011011101110010011011010100000011101001001000000000000000000000000000000000000000000000000000000000000000000000000000000000000000000 1 0
31351	66.027	0.000	( 0 )	000011001010010010111111100000100110010110110100011011101110010011011010100000011101001001000000000000000000000000000000000000000000000000000000000000000000000000000000000000000000 0 0
31289	67.139	0.000	( 0 )	000011001010010010111110100000100110010110110100011011101110010011011010100000011101001001000000000000000000000000000000000000000000000000000000000000000000000000000000000000000000 1 0
31292	67.139	0.000	( 0 )	000011001010010010111110100000100110010110110100011011101110010011011010100000011101001001000000000000000000000000000000000000000000000000000000000000000000000000000000000000000000 0 0
31299	67.139	0.000	( 0 )	000011001010010010111110100000100110010110110100011011101110010011011010100000011101001001000000000000000000000000000000000000000000000000000000000000000000000000000000000000000000 0 0
31166	70.477	0.000	( 0 )	000011001010010010111110100110100110010110110100011011101110010010011010100000011101001001000000000000000000000000000000000000000000000000000000000000000000000000000000000000000000 3 0
31161	71.588	0.000	( 0 )	000011001010010010111110100110100110010110110100011011101110010010011010100001011101001001000000000000000000000000000000000000000000000000000000000000000000000000000000000000000000 1 0
31160	71.588	0.000	( 0 )	000011001010010010111110100110100110010110110100011011101110010010011010100001011101001001000000000000000000000000000000000000000000000000000000000000000000000000000000000000000000 0 0
31177	71.588	0.000	( 0 )	000011001010010010111110100110100110010110110100011011101110010010011010100001011101001001000000000000000000000000000000000000000000000000000000000000000000000000000000000000000000 0 0
31203	71.588	0.000	( 0 )	000011001010010010111110100110100110010110110100011011101110010010011010100001011101001001000000000000000000000000000000000000000000000000000000000000000000000000000000000000000000 0 0
31204	71.588	0.000	( 0 )	000011001010010010111110100110100110010110110100011011101110010010011010100001011101001001000000000000000000000000000000000000000000000000000000000000000000000000000000000000000000 0 0
31210	71.588	0.000	( 0 )	000011001010010010111110100110100110010110110100011011101110010010011010100001011101001001000000000000000000000000000000000000000000000000000000000000000000000000000000000000000000 0 0
31171	71.588	0.000	( 0 )	000011001010010010111110100110100110010110110100011011101110010010011010100001011101001001000000000000000000000000000000000000000000000000000000000000000000000000000000000000000000 0 0
31172	71.588	0.000	( 0 )	000011001010010010111110100110100110010110110100011011101110010010011010100001011101001001000000000000000000000000000000000000000000000000000000000000000000000000000000000000000000 0 0
31211	71.588	0.000	( 0 )	000011001010010010111110100110100110010110110100011011101110010010011010100001011101001001000000000000000000000000000000000000000000000000000000000000000000000000000000000000000000 0 0
31268	71.588	0.000	( 0 )	000011001010010010111110100110100110010110110100011011101110010010011010100001011101001001000000000000000000000000000000000000000000000000000000000000000000000000000000000000000000 0 0
31175	71.588	0.000	( 0 )	000011001010010010111110100110100110010110110100011011101110010010011010100001011101001001000000000000000000000000000000000000000000000000000000000000000000000000000000000000000000 0 0
31173	71.588	0.000	( 0 )	000011001010010010111110100110100110010110110100011011101110010010011010100001011101001001000000000000000000000000000000000000000000000000000000000000000000000000000000000000000000 0 0
31209	71.588	0.000	( 0 )	000011001010010010111110100110100110010110110100011011101110010010011010100001011101001001000000000000000000000000000000000000000000000000000000000000000000000000000000000000000000 0 0
31176	71.588	0.000	( 0 )	000011001010010010111110100110100110010110110100011011101110010010011010100001011101001001000000000000000000000000000000000000000000000000000000000000000000000000000000000000000000 0 0
31174	71.588	0.000	( 0 )	000011001010010010111110100110100110010110110100011011101110010010011010100001011101001001000000000000000000000000000000000000000000000000000000000000000000000000000000000000000000 0 0
31178	71.588	0.000	( 0 )	000011001010010010111110100110100110010110110100011011101110010010011010100001011101001001000000000000000000000000000000000000000000000000000000000000000000000000000000000000000000 0 0
31079	73.812	0.000	( 0 )	000011001010010010111110100110100010010110110100011011101110010010011010110001011101001001000000000000000000000000000000000000000000000000000000000000000000000000000000000000000000 2 0
31142	73.812	0.000	( 0 )	000011001010010010111110100110100010010110110100011011101110010010011010110001011101001001000000000000000000000000000000000000000000000000000000000000000000000000000000000000000000 0 0
31081	73.812	0.000	( 0 )	000011001010010010111110100110100010010110110100011011101110010010011010110001011101001001000000000000000000000000000000000000000000000000000000000000000000000000000000000000000000 0 0
31047	73.812	0.000	( 0 )	000011001010010010111110100110100010010110110100011011101110010010011010110001011101001001000000000000000000000000000000000000000000000000000000000000000000000000000000000000000000 0 0
31082	73.812	0.000	( 0 )	000011001010010010111110100110100010010110110100011011101110010010011010110001011101001001000000000000000000000000000000000000000000000000000000000000000000000000000000000000000000 0 0
31076	73.812	0.000	( 0 )	000011001010010010111110100110100010010110110100011011101110010010011010110001011101001001000000000000000000000000000000000000000000000000000000000000000000000000000000000000000000 0 0
31140	73.812	0.000	( 0 )	000011001010010010111110100110100010010110110100011011101110010010011010110001011101001001000000000000000000000000000000000000000000000000000000000000000000000000000000000000000000 0 0
31048	73.812	0.000	( 0 )	000011001010010010111110100110100010010110110100011011101110010010011010110001011101001001000000000000000000000000000000000000000000000000000000000000000000000000000000000000000000 0 0
31078	73.812	0.000	( 0 )	000011001010010010111110100110100010010110110100011011101110010010011010110001011101001001000000000000000000000000000000000000000000000000000000000000000000000000000000000000000000 0 0
31049	73.812	0.000	( 0 )	000011001010010010111110100110100010010110110100011011101110010010011010110001011101001001000000000000000000000000000000000000000000000000000000000000000000000000000000000000000000 0 0
31141	73.812	0.000	( 0 )	000011001010010010111110100110100010010110110100011011101110010010011010110001011101001001000000000000000000000000000000000000000000000000000000000000000000000000000000000000000000 0 0
31137	73.812	0.000	( 0 )	000011001010010010111110100110100010010110110100011011101110010010011010110001011101001001000000000000000000000000000000000000000000000000000000000000000000000000000000000000000000 0 0
31139	73.812	0.000	( 0 )	000011001010010010111110100110100010010110110100011011101110010010011010110001011101001001000000000000000000000000000000000000000000000000000000000000000000000000000000000000000000 0 0
31084	73.812	0.000	( 0 )	000011001010010010111110100110100010010110110100011011101110010010011010110001011101001001000000000000000000000000000000000000000000000000000000000000000000000000000000000000000000 0 0
31085	73.812	0.000	( 0 )	000011001010010010111110100110100010010110110100011011101110010010011010110001011101001001000000000000000000000000000000000000000000000000000000000000000000000000000000000000000000 0 0
31138	73.812	0.000	( 0 )	000011001010010010111110100110100010010110110100011011101110010010011010110001011101001001000000000000000000000000000000000000000000000000000000000000000000000000000000000000000000 0 0
31030	74.923	0.000	( 0 )	000011001010010010111110100111100010010110110100011011101110010010011010110001011101001001000000000000000000000000000000000000000000000000000000000000000000000000000000000000000000 1 0
30918	78.261	0.000	( 0 )	000011101010010010011110100111100010010110110100011010101110010010011010110001011101001001000000000000000000000000000000000000000000000000000000000000000000000000000000000000000000 3 0
30919	78.261	0.000	( 0 )	000011101010010010011110100111100010010110110100011010101110010010011010110001011101001001000000000000000000000000000000000000000000000000000000000000000000000000000000000000000000 0 0
31014	78.261	0.000	( 0 )	000011101010010010011110100111100010010110110100011010101110010010011010110001011101001001000000000000000000000000000000000000000000000000000000000000000000000000000000000000000000 0 0
31021	78.261	0.000	( 0 )	000011101010010010011110100111100010010110110100011010101110010010011010110001011101001001000000000000000000000000000000000000000000000000000000000000000000000000000000000000000000 0 0
30921	78.261	0.000	( 0 )	000011101010010010011110100111100010010110110100011010101110010010011010110001011101001001000000000000000000000000000000000000000000000000000000000000000000000000000000000000000000 0 0
31017	78.261	0.000	( 0 )	000011101010010010011110100111100010010110110100011010101110010010011010110001011101001001000000000000000000000000000000000000000000000000000000000000000000000000000000000000000000 0 0
30917	78.261	0.000	( 0 )	000011101010010010011110100111100010010110110100011010101110010010011010110001011101001001000000000000000000000000000000000000000000000000000000000000000000000000000000000000000000 0 0
31022	78.261	0.000	( 0 )	000011101010010010011110100111100010010110110100011010101110010010011010110001011101001001000000000000000000000000000000000000000000000000000000000000000000000000000000000000000000 0 0
31013	78.261	0.000	( 0 )	000011101010010010011110100111100010010110110100011010101110010010011010110001011101001001000000000000000000000000000000000000000000000000000000000000000000000000000000000000000000 0 0
31001	79.373	0.000	( 0 )	010011101010010010011110100111100010010110110100011010101110010010011010110001011101001001000000000000000000000000000000000000000000000000000000000000000000000000000000000000000000 1 0
30953	79.373	0.000	( 0 )	010011101010010010011110100111100010010110110100011010101110010010011010110001011101001001000000000000000000000000000000000000000000000000000000000000000000000000000000000000000000 0 0
30983	79.373	0.000	( 0 )	010011101010010010011110100111100010010110110100011010101110010010011010110001011101001001000000000000000000000000000000000000000000000000000000000000000000000000000000000000000000 0 0
30974	79.373	0.000	( 0 )	010011101010010010011110100111100010010110110100011010101110010010011010110001011101001001000000000000000000000000000000000000000000000000000000000000000000000000000000000000000000 0 0
30956	79.373	0.000	( 0 )	010011101010010010011110100111100010010110110100011010101110010010011010110001011101001001000000000000000000000000000000000000000000000000000000000000000000000000000000000000000000 0 0
30970	80.484	0.000	( 0 )	010011101010010010011110100111100010010110110100011010101110010010010010110001011101001001000000000000000000000000000000000000000000000000000000000000000000000000000000000000000000 1 0
30999	80.484	0.000	( 0 )	010011101010010010011110100111100010010110110100011010101110010010010010110001011101001001000000000000000000000000000000000000000000000000000000000000000000000000000000000000000000 0 0
31000	80.484	0.000	( 0 )	010011101010010010011110100111100010010110110100011010101110010010010010110001011101001001000000000000000000000000000000000000000000000000000000000000000000000000000000000000000000 0 0
30997	80.484	0.000	( 0 )	010011101010010010011110100111100010010110110100011010101110010010010010110001011101001001000000000000000000000000000000000000000000000000000000000000000000000000000000000000000000 0 0
30998	80.484	0.000	( 0 )	010011101010010010011110100111100010010110110100011010101110010010010010110001011101001001000000000000000000000000000000000000000000000000000000000000000000000000000000000000000000 0 0
30993	80.484	0.000	( 0 )	010011101010010010011110100111100010010110110100011010101110010010010010110001011101001001000000000000000000000000000000000000000000000000000000000000000000000000000000000000000000 0 0
30982	80.484	0.000	( 0 )	010011101010010010011110100111100010010110110100011010101110010010010010110001011101001001000000000000000000000000000000000000000000000000000000000000000000000000000000000000000000 0 0
30989	80.484	0.000	( 0 )	010011101010010010011110100111100010010110110100011010101110010010010010110001011101001001000000000000000000000000000000000000000000000000000000000000000000000000000000000000000000 0 0
30976	80.484	0.000	( 0 )	010011101010010010011110100111100010010110110100011010101110010010010010110001011101001001000000000000000000000000000000000000000000000000000000000000000000000000000000000000000000 0 0
30972	80.484	0.000	( 0 )	010011101010010010011110100111100010010110110100011010101110010010010010110001011101001001000000000000000000000000000000000000000000000000000000000000000000000000000000000000000000 0 0
30971	80.484	0.000	( 0 )	010011101010010010011110100111100010010110110100011010101110010010010010110001011101001001000000000000000000000000000000000000000000000000000000000000000000000000000000000000000000 0 0
30907	84.940	0.000	( 0 )	010011101010011010011110100111010010010110110100011010101110010010010010110001011111001001000000000000000000000000000000000000000000000000000000000000000000000000000000000000000000 4 0
30906	84.940	0.000	( 0 )	010011101010011010011110100111010010010110110100011010101110010010010010110001011111001001000000000000000000000000000000000000000000000000000000000000000000000000000000000000000000 0 0
30897	84.940	0.000	( 0 )	010011101010011010011110100111010010010110110100011010101110010010010010110001011111001001000000000000000000000000000000000000000000000000000000000000000000000000000000000000000000 0 0
30883	84.940	0.000	( 0 )	010011101010011010011110100111010010010110110100011010101110010010010010110001011111001001000000000000000000000000000000000000000000000000000000000000000000000000000000000000000000 0 0
30903	84.940	0.000	( 0 )	010011101010011010011110100111010010010110110100011010101110010010010010110001011111001001000000000000000000000000000000000000000000000000000000000000000000000000000000000000000000 0 0
30807	87.164	0.000	( 0 )	010011100010011010011110100111010010010110110100011010101110010010010010010001011111001001000000000000000000000000000000000000000000000000000000000000000000000000000000000000000000 2 0
30826	87.164	0.000	( 0 )	010011100010011010011110100111010010010110110100011010101110010010010010010001011111001001000000000000000000000000000000000000000000000000000000000000000000000000000000000000000000 0 0
30777	87.164	0.000	( 0 )	010011100010011010011110100111010010010110110100011010101110010010010010010001011111001001000000000000000000000000000000000000000000000000000000000000000000000000000000000000000000 0 0
30806	87.164	0.000	( 0 )	010011100010011010011110100111010010010110110100011010101110010010010010010001011111001001000000000000000000000000000000000000000000000000000000000000000000000000000000000000000000 0 0
30791	87.164	0.000	( 0 )	010011100010011010011110100111010010010110110100011010101110010010010010010001011111001001000000000000000000000000000000000000000000000000000000000000000000000000000000000000000000 0 0
30778	87.164	0.000	( 0 )	010011100010011010011110100111010010010110110100011010101110010010010010010001011111001001000000000000000000000000000000000000000000000000000000000000000000000000000000000000000000 0 0
30797	87.164	0.000	( 0 )	010011100010011010011110100111010010010110110100011010101110010010010010010001011111001001000000000000000000000000000000000000000000000000000000000000000000000000000000000000000000 0 0
30825	89.388	0.000	( 0 )	010001100010011010011110100111010010010110110100011010101100010010010010010001011111001001000000000000000000000000000000000000000000000000000000000000000000000000000000000000000000 2 0
30714	92.726	0.000	( 0 )	011001100010011010011110110111010010010110110100011010101100011010010010010001011111001001000000000000000000000000000000000000000000000000000000000000000000000000000000000000000000 3 0
30768	93.837	0.000	( 0 )	011001100010011010011110110111010010010110111100011010101100011010010010010001011111001001000000000000000000000000000000000000000000000000000000000000000000000000000000000000000000 1 0
30748	94.948	0.000	( 0 )	011001100010011010011110110111010010010110111100011010101100011010010010010001011111011001000000000000000000000000000000000000000000000000000000000000000000000000000000000000000000 1 0
30733	94.948	0.000	( 0 )	011001100010011010011110110111010010010110111100011010101100011010010010010001011111011001000000000000000000000000000000000000000000000000000000000000000000000000000000000000000000 0 0
30747	94.948	0.000	( 0 )	011001100010011010011110110111010010010110111100011010101100011010010010010001011111011001000000000000000000000000000000000000000000000000000000000000000000000000000000000000000000 0 0
30708	94.948	0.000	( 0 )	011001100010011010011110110111010010010110111100011010101100011010010010010001011111011001000000000000000000000000000000000000000000000000000000000000000000000000000000000000000000 0 0
30712	94.948	0.000	( 0 )	011001100010011010011110110111010010010110111100011010101100011010010010010001011111011001000000000000000000000000000000000000000000000000000000000000000000000000000000000000000000 0 0
30744	94.948	0.000	( 0 )	011001100010011010011110110111010010010110111100011010101100011010010010010001011111011001000000000000000000000000000000000000000000000000000000000000000000000000000000000000000000 0 0
30734	94.948	0.000	( 0 )	011001100010011010011110110111010010010110111100011010101100011010010010010001011111011001000000000000000000000000000000000000000000000000000000000000000000000000000000000000000000 0 0
30735	94.948	0.000	( 0 )	011001100010011010011110110111010010010110111100011010101100011010010010010001011111011001000000000000000000000000000000000000000000000000000000000000000000000000000000000000000000 0 0
30741	94.948	0.000	( 0 )	011001100010011010011110110111010010010110111100011010101100011010010010010001011111011001000000000000000000000000000000000000000000000000000000000000000000000000000000000000000000 0 0
30749	94.948	0.000	( 0 )	011001100010011010011110110111010010010110111100011010101100011010010010010001011111011001000000000000000000000000000000000000000000000000000000000000000000000000000000000000000000 0 0
30743	94.948	0.000	( 0 )	011001100010011010011110110111010010010110111100011010101100011010010010010001011111011001000000000000000000000000000000000000000000000000000000000000000000000000000000000000000000 0 0
30706	94.948	0.000	( 0 )	011001100010011010011110110111010010010110111100011010101100011010010010010001011111011001000000000000000000000000000000000000000000000000000000000000000000000000000000000000000000 0 0
30738	94.948	0.000	( 0 )	011001100010011010011110110111010010010110111100011010101100011010010010010001011111011001000000000000000000000000000000000000000000000000000000000000000000000000000000000000000000 0 0
30745	94.948	0.000	( 0 )	011001100010011010011110110111010010010110111100011010101100011010010010010001011111011001000000000000000000000000000000000000000000000000000000000000000000000000000000000000000000 0 0
30746	94.948	0.000	( 0 )	011001100010011010011110110111010010010110111100011010101100011010010010010001011111011001000000000000000000000000000000000000000000000000000000000000000000000000000000000000000000 0 0
30710	94.948	0.000	( 0 )	011001100010011010011110110111010010010110111100011010101100011010010010010001011111011001000000000000000000000000000000000000000000000000000000000000000000000000000000000000000000 0 0
30704	94.948	0.000	( 0 )	011001100010011010011110110111010010010110111100011010101100011010010010010001011111011001000000000000000000000000000000000000000000000000000000000000000000000000000000000000000000 0 0
30711	94.948	0.000	( 0 )	011001100010011010011110110111010010010110111100011010101100011010010010010001011111011001000000000000000000000000000000000000000000000000000000000000000000000000000000000000000000 0 0
30709	94.948	0.000	( 0 )	011001100010011010011110110111010010010110111100011010101100011010010010010001011111011001000000000000000000000000000000000000000000000000000000000000000000000000000000000000000000 0 0
30702	94.948	0.000	( 0 )	011001100010011010011110110111010010010110111100011010101100011010010010010001011111011001000000000000000000000000000000000000000000000000000000000000000000000000000000000000000000 0 0
30591	97.172	0.000	( 0 )	011001100010011010011110110111010011010110111100011010101100011010010011010001011111011001000000000000000000000000000000000000000000000000000000000000000000000000000000000000000000 2 0
30640	97.172	0.000	( 0 )	011001100010011010011110110111010011010110111100011010101100011010010011010001011111011001000000000000000000000000000000000000000000000000000000000000000000000000000000000000000000 0 0
30594	97.172	0.000	( 0 )	011001100010011010011110110111010011010110111100011010101100011010010011010001011111011001000000000000000000000000000000000000000000000000000000000000000000000000000000000000000000 0 0
30660	97.172	0.000	( 0 )	011001100010011010011110110111010011010110111100011010101100011010010011010001011111011001000000000000000000000000000000000000000000000000000000000000000000000000000000000000000000 0 0
30593	97.172	0.000	( 0 )	011001100010011010011110110111010011010110111100011010101100011010010011010001011111011001000000000000000000000000000000000000000000000000000000000000000000000000000000000000000000 0 0
30655	97.172	0.000	( 0 )	011001100010011010011110110111010011010110111100011010101100011010010011010001011111011001000000000000000000000000000000000000000000000000000000000000000000000000000000000000000000 0 0
30654	97.172	0.000	( 0 )	011001100010011010011110110111010011010110111100011010101100011010010011010001011111011001000000000000000000000000000000000000000000000000000000000000000000000000000000000000000000 0 0
30667	97.172	0.000	( 0 )	011001100010011010011110110111010011010110111100011010101100011010010011010001011111011001000000000000000000000000000000000000000000000000000000000000000000000000000000000000000000 0 0
30659	97.172	0.000	( 0 )	011001100010011010011110110111010011010110111100011010101100011010010011010001011111011001000000000000000000000000000000000000000000000000000000000000000000000000000000000000000000 0 0
30588	97.172	0.000	( 0 )	011001100010011010011110110111010011010110111100011010101100011010010011010001011111011001000000000000000000000000000000000000000000000000000000000000000000000000000000000000000000 0 0
30656	97.172	0.000	( 0 )	011001100010011010011110110111010011010110111100011010101100011010010011010001011111011001000000000000000000000000000000000000000000000000000000000000000000000000000000000000000000 0 0
30533	101.628	0.000	( 0 )	011001100010011010011110010111010011010110111100110010100100011010010011010001011111011001000000000000000000000000000000000000000000000000000000000000000000000000000000000000000000 4 0
30535	101.628	0.000	( 0 )	011001100010011010011110010111010011010110111100110010100100011010010011010001011111011001000000000000000000000000000000000000000000000000000000000000000000000000000000000000000000 0 0
30520	102.740	0.000	( 0 )	011001100010011010011110010111010011010110111100110010100100011010010111010001011111011001000000000000000000000000000000000000000000000000000000000000000000000000000000000000000000 1 0
30511	102.740	0.000	( 0 )	011001100010011010011110010111010011010110111100110010100100011010010111010001011111011001000000000000000000000000000000000000000000000000000000000000000000000000000000000000000000 0 0
30507	102.740	0.000	( 0 )	011001100010011010011110010111010011010110111100110010100100011010010111010001011111011001000000000000000000000000000000000000000000000000000000000000000000000000000000000000000000 0 0
30510	102.740	0.000	( 0 )	011001100010011010011110010111010011010110111100110010100100011010010111010001011111011001000000000000000000000000000000000000000000000000000000000000000000000000000000000000000000 0 0
30504	103.851	0.000	( 0 )	011001100000011010011110010111010011010110111100110010100100011010010111010001011111011001000000000000000000000000000000000000000000000000000000000000000000000000000000000000000000 1 0
