#java OrderMarkers2 data=- evaluateOrder=reordermarkers/iterations/ordered.11.14 useKosambi=1 numThreads=4 calculateIntervals=intervals/ordered.11.intervals randSeed=-8994035447877360453
Loading file
No grandparents present in family V
Number of individuals = 92
Number of families = 1
File loaded with 42521 SNPs
Number of individuals = 92 excluding grandparents
Number of families = 1
Number of markers = 183
Setting dataScale to 0.4918032786885246 all likelihoods will be multiplied by 2.033333333333333
Initial score = -4025.4605153704256
Iteration 1 of 6
884884288488421 done
Polishing map...
score = -3588.715193959914
*score = -3570.0715062348468
score = -3570.0715062348468
score = -3570.071630212508
Iteration 2 of 6
884884288488421 done
Polishing map...
score = -3757.1548039900763
score = -3655.665543971334
score = -3624.5925869324547
score = -3595.7328192917926
Iteration 3 of 6
884884288488421 done
Polishing map...
score = -4009.6033120105308
score = -3993.102974254105
score = -4009.361952334575
score = -3944.0563834171276
Iteration 4 of 6
884884288488421 done
Polishing map...
score = -3698.2355119701065
*score = -3565.5102679595866
score = -3559.2956597671428
*score = -3559.296223865501
Iteration 5 of 6
884884288488421 done
Polishing map...
score = -3620.0159516519266
score = -3610.374670523997
score = -3605.9394144811363
score = -3590.4600369374903
Iteration 6 of 6
884884288488421 done
Polishing map...
score = -4323.140504112034
score = -4313.19551284744
score = -4014.2873100596908
score = -3982.242185728474
Final score = -3559.296223865501
Setting dataScale to 0.4918032786885246 all likelihoods will be multiplied by 2.033333333333333
logL = -3559.296223865501
number of recombinations = 81.0 logL = -3559.296223865501
Individual	V	P14459_101_S1	recombines	1	times
Individual	V	P14459_103_S3	recombines	1	times
Individual	V	P14459_104_S4	recombines	1	times
Individual	V	P14459_106_S6	recombines	1	times
Individual	V	P14459_107_S7	recombines	1	times
Individual	V	P14459_108_S8	recombines	1	times
Individual	V	P14459_109_S9	recombines	1	times
Individual	V	P14459_110_S10	recombines	2	times
Individual	V	P14459_111_S11	recombines	2	times
Individual	V	P14459_112_S12	recombines	1	times
Individual	V	P14459_114_S14	recombines	1	times
Individual	V	P14459_116_S16	recombines	2	times
Individual	V	P14459_118_S18	recombines	1	times
Individual	V	P14459_119_S19	recombines	2	times
Individual	V	P14459_120_S20	recombines	1	times
Individual	V	P14459_121_S21	recombines	1	times
Individual	V	P14459_122_S22	recombines	1	times
Individual	V	P14459_124_S24	recombines	2	times
Individual	V	P14459_125_S25	recombines	1	times
Individual	V	P14459_126_S26	recombines	1	times
Individual	V	P14459_127_S27	recombines	1	times
Individual	V	P14459_128_S28	recombines	2	times
Individual	V	P14459_131_S31	recombines	1	times
Individual	V	P14459_132_S32	recombines	1	times
Individual	V	P14459_134_S34	recombines	1	times
Individual	V	P14459_135_S35	recombines	1	times
Individual	V	P14459_136_S36	recombines	2	times
Individual	V	P14459_137_S37	recombines	2	times
Individual	V	P14459_139_S39	recombines	2	times
Individual	V	P14459_142_S42	recombines	1	times
Individual	V	P14459_145_S45	recombines	1	times
Individual	V	P14459_146_S46	recombines	1	times
Individual	V	P14459_149_S49	recombines	1	times
Individual	V	P14459_152_S52	recombines	1	times
Individual	V	P14459_153_S53	recombines	1	times
Individual	V	P14459_154_S54	recombines	2	times
Individual	V	P14459_155_S55	recombines	1	times
Individual	V	P14459_156_S56	recombines	1	times
Individual	V	P14459_157_S57	recombines	2	times
Individual	V	P14459_158_S58	recombines	1	times
Individual	V	P14459_159_S59	recombines	2	times
Individual	V	P14459_160_S60	recombines	1	times
Individual	V	P14459_161_S61	recombines	1	times
Individual	V	P14459_162_S62	recombines	1	times
Individual	V	P14459_164_S64	recombines	2	times
Individual	V	P14459_166_S66	recombines	1	times
Individual	V	P14459_167_S67	recombines	1	times
Individual	V	P14459_169_S69	recombines	1	times
Individual	V	P14459_170_S70	recombines	1	times
Individual	V	P14459_171_S71	recombines	1	times
Individual	V	P14459_172_S72	recombines	1	times
Individual	V	P14459_176_S76	recombines	1	times
Individual	V	P14459_178_S78	recombines	2	times
Individual	V	P14459_180_S80	recombines	1	times
Individual	V	P14459_181_S81	recombines	2	times
Individual	V	P14459_182_S82	recombines	1	times
Individual	V	P14459_185_S85	recombines	2	times
Individual	V	P14459_186_S86	recombines	1	times
Individual	V	P14459_187_S87	recombines	1	times
Individual	V	P14459_188_S88	recombines	1	times
Individual	V	P14459_189_S89	recombines	1	times
Individual	V	P14459_190_S90	recombines	1	times
Individual	V	P14459_194_S94	recombines	2	times
Individual	V	P14459_195_S95	recombines	1	times
#*** LG = 0 likelihood = -3559.2962
#marker_number	male_position	female_position	( 0.0 )[	phased data]
25951	0.000	0.000	( 0 )	001100111111101011111111101111111101101110111101011111011011101000000101101111010111111110000000000000000000000000000000000000000000000000000000000000000000000000000000000000000000 0 0
25955	0.000	0.000	( 0 )	001100111111101011111111101111111101101110111101011111011011101000000101101111010111111110000000000000000000000000000000000000000000000000000000000000000000000000000000000000000000 0 0
25953	0.000	0.000	( 0 )	001100111111101011111111101111111101101110111101011111011011101000000101101111010111111110000000000000000000000000000000000000000000000000000000000000000000000000000000000000000000 0 0
25954	0.000	0.000	( 0 )	001100111111101011111111101111111101101110111101011111011011101000000101101111010111111110000000000000000000000000000000000000000000000000000000000000000000000000000000000000000000 0 0
25950	0.000	0.000	( 0 )	001100111111101011111111101111111101101110111101011111011011101000000101101111010111111110000000000000000000000000000000000000000000000000000000000000000000000000000000000000000000 0 0
25374	1.111	0.000	( 0 )	001100111111101011111111101111111101101110111101001111011011101000000101101111010111111110000000000000000000000000000000000000000000000000000000000000000000000000000000000000000000 1 0
26080	2.223	0.000	( 0 )	101100111111101011111111101111111101101110111101001111011011101000000101101111010111111110000000000000000000000000000000000000000000000000000000000000000000000000000000000000000000 1 0
26195	2.223	0.000	( 0 )	101100111111101011111111101111111101101110111101001111011011101000000101101111010111111110000000000000000000000000000000000000000000000000000000000000000000000000000000000000000000 0 0
25720	2.223	0.000	( 0 )	101100111111101011111111101111111101101110111101001111011011101000000101101111010111111110000000000000000000000000000000000000000000000000000000000000000000000000000000000000000000 0 0
25975	2.223	0.000	( 0 )	101100111111101011111111101111111101101110111101001111011011101000000101101111010111111110000000000000000000000000000000000000000000000000000000000000000000000000000000000000000000 0 0
25572	8.929	0.000	( 0 )	101100101011001011111111100111111101001110111101001110011011101000000101101111010111111110000000000000000000000000000000000000000000000000000000000000000000000000000000000000000000 6 0
26087	25.018	0.000	( 0 )	101100100011000000011100100111111101001110111101000110001011001000000101001111010100111100000000000000000000000000000000000000000000000000000000000000000000000000000000000000000000 14 0
26086	27.242	0.000	( 0 )	101100100011000000011100100111111001001110111101000110001011001000000101001011010100111100000000000000000000000000000000000000000000000000000000000000000000000000000000000000000000 2 0
26079	27.242	0.000	( 0 )	101100100011000000011100100111111001001110111101000110001011001000000101001011010100111100000000000000000000000000000000000000000000000000000000000000000000000000000000000000000000 0 0
26096	27.242	0.000	( 0 )	101100100011000000011100100111111001001110111101000110001011001000000101001011010100111100000000000000000000000000000000000000000000000000000000000000000000000000000000000000000000 0 0
26094	27.242	0.000	( 0 )	101100100011000000011100100111111001001110111101000110001011001000000101001011010100111100000000000000000000000000000000000000000000000000000000000000000000000000000000000000000000 0 0
26091	27.242	0.000	( 0 )	101100100011000000011100100111111001001110111101000110001011001000000101001011010100111100000000000000000000000000000000000000000000000000000000000000000000000000000000000000000000 0 0
26088	27.242	0.000	( 0 )	101100100011000000011100100111111001001110111101000110001011001000000101001011010100111100000000000000000000000000000000000000000000000000000000000000000000000000000000000000000000 0 0
26071	28.353	0.000	( 0 )	101100100011000000011100100111111001001110111101000110001011001000000101001011010100011100000000000000000000000000000000000000000000000000000000000000000000000000000000000000000000 1 0
26128	28.353	0.000	( 0 )	101100100011000000011100100111111001001110111101000110001011001000000101001011010100011100000000000000000000000000000000000000000000000000000000000000000000000000000000000000000000 0 0
26069	28.353	0.000	( 0 )	101100100011000000011100100111111001001110111101000110001011001000000101001011010100011100000000000000000000000000000000000000000000000000000000000000000000000000000000000000000000 0 0
26126	28.353	0.000	( 0 )	101100100011000000011100100111111001001110111101000110001011001000000101001011010100011100000000000000000000000000000000000000000000000000000000000000000000000000000000000000000000 0 0
26125	28.353	0.000	( 0 )	101100100011000000011100100111111001001110111101000110001011001000000101001011010100011100000000000000000000000000000000000000000000000000000000000000000000000000000000000000000000 0 0
26127	28.353	0.000	( 0 )	101100100011000000011100100111111001001110111101000110001011001000000101001011010100011100000000000000000000000000000000000000000000000000000000000000000000000000000000000000000000 0 0
26070	28.353	0.000	( 0 )	101100100011000000011100100111111001001110111101000110001011001000000101001011010100011100000000000000000000000000000000000000000000000000000000000000000000000000000000000000000000 0 0
26179	29.464	0.000	( 0 )	101100100011000000011100100111111001001110111101000110001011001000000101001011000100011100000000000000000000000000000000000000000000000000000000000000000000000000000000000000000000 1 0
26171	29.464	0.000	( 0 )	101100100011000000011100100111111001001110111101000110001011001000000101001011000100011100000000000000000000000000000000000000000000000000000000000000000000000000000000000000000000 0 0
26281	29.464	0.000	( 0 )	101100100011000000011100100111111001001110111101000110001011001000000101001011000100011100000000000000000000000000000000000000000000000000000000000000000000000000000000000000000000 0 0
26175	29.464	0.000	( 0 )	101100100011000000011100100111111001001110111101000110001011001000000101001011000100011100000000000000000000000000000000000000000000000000000000000000000000000000000000000000000000 0 0
26177	29.464	0.000	( 0 )	101100100011000000011100100111111001001110111101000110001011001000000101001011000100011100000000000000000000000000000000000000000000000000000000000000000000000000000000000000000000 0 0
26281	29.464	0.000	( 0 )	101100100011000000011100100111111001001110111101000110001011001000000101001011000100011100000000000000000000000000000000000000000000000000000000000000000000000000000000000000000000 0 0
26178	29.464	0.000	( 0 )	101100100011000000011100100111111001001110111101000110001011001000000101001011000100011100000000000000000000000000000000000000000000000000000000000000000000000000000000000000000000 0 0
26216	29.464	0.000	( 0 )	101100100011000000011100100111111001001110111101000110001011001000000101001011000100011100000000000000000000000000000000000000000000000000000000000000000000000000000000000000000000 0 0
26193	29.464	0.000	( 0 )	101100100011000000011100100111111001001110111101000110001011001000000101001011000100011100000000000000000000000000000000000000000000000000000000000000000000000000000000000000000000 0 0
26190	29.464	0.000	( 0 )	101100100011000000011100100111111001001110111101000110001011001000000101001011000100011100000000000000000000000000000000000000000000000000000000000000000000000000000000000000000000 0 0
26199	29.464	0.000	( 0 )	101100100011000000011100100111111001001110111101000110001011001000000101001011000100011100000000000000000000000000000000000000000000000000000000000000000000000000000000000000000000 0 0
26176	29.464	0.000	( 0 )	101100100011000000011100100111111001001110111101000110001011001000000101001011000100011100000000000000000000000000000000000000000000000000000000000000000000000000000000000000000000 0 0
26191	29.464	0.000	( 0 )	101100100011000000011100100111111001001110111101000110001011001000000101001011000100011100000000000000000000000000000000000000000000000000000000000000000000000000000000000000000000 0 0
26170	29.464	0.000	( 0 )	101100100011000000011100100111111001001110111101000110001011001000000101001011000100011100000000000000000000000000000000000000000000000000000000000000000000000000000000000000000000 0 0
26192	29.464	0.000	( 0 )	101100100011000000011100100111111001001110111101000110001011001000000101001011000100011100000000000000000000000000000000000000000000000000000000000000000000000000000000000000000000 0 0
26189	29.464	0.000	( 0 )	101100100011000000011100100111111001001110111101000110001011001000000101001011000100011100000000000000000000000000000000000000000000000000000000000000000000000000000000000000000000 0 0
26063	31.688	0.000	( 0 )	101100100011000000001100100111111001001110111101000110001011001000000101001011000000011100000000000000000000000000000000000000000000000000000000000000000000000000000000000000000000 2 0
25980	33.912	0.000	( 0 )	101100100011000000001100100111111101001110111101000110001011001000000101001011010000011100000000000000000000000000000000000000000000000000000000000000000000000000000000000000000000 2 0
26027	33.912	0.000	( 0 )	101100100011000000001100100111111101001110111101000110001011001000000101001011010000011100000000000000000000000000000000000000000000000000000000000000000000000000000000000000000000 0 0
26028	33.912	0.000	( 0 )	101100100011000000001100100111111101001110111101000110001011001000000101001011010000011100000000000000000000000000000000000000000000000000000000000000000000000000000000000000000000 0 0
25914	35.023	0.000	( 0 )	101100100011000000001100100111111101001110111101000110000011001000000101001011010000011100000000000000000000000000000000000000000000000000000000000000000000000000000000000000000000 1 0
25847	36.134	0.000	( 0 )	101100000011000000001100100111111101001110111101000110000011001000000101001011010000011100000000000000000000000000000000000000000000000000000000000000000000000000000000000000000000 1 0
25731	36.134	0.000	( 0 )	101100000011000000001100100111111101001110111101000110000011001000000101001011010000011100000000000000000000000000000000000000000000000000000000000000000000000000000000000000000000 0 0
25871	37.245	0.000	( 0 )	101100000011000000001100100111111101001110111101001110000011001000000101001011010000011100000000000000000000000000000000000000000000000000000000000000000000000000000000000000000000 1 0
25869	37.245	0.000	( 0 )	101100000011000000001100100111111101001110111101001110000011001000000101001011010000011100000000000000000000000000000000000000000000000000000000000000000000000000000000000000000000 0 0
25870	37.245	0.000	( 0 )	101100000011000000001100100111111101001110111101001110000011001000000101001011010000011100000000000000000000000000000000000000000000000000000000000000000000000000000000000000000000 0 0
25842	37.245	0.000	( 0 )	101100000011000000001100100111111101001110111101001110000011001000000101001011010000011100000000000000000000000000000000000000000000000000000000000000000000000000000000000000000000 0 0
25788	38.357	0.000	( 0 )	101100000011000000001100100111111101001110111101001110000011001000000101001111010000011100000000000000000000000000000000000000000000000000000000000000000000000000000000000000000000 1 0
25805	38.357	0.000	( 0 )	101100000011000000001100100111111101001110111101001110000011001000000101001111010000011100000000000000000000000000000000000000000000000000000000000000000000000000000000000000000000 0 0
25739	38.357	0.000	( 0 )	101100000011000000001100100111111101001110111101001110000011001000000101001111010000011100000000000000000000000000000000000000000000000000000000000000000000000000000000000000000000 0 0
25737	38.357	0.000	( 0 )	101100000011000000001100100111111101001110111101001110000011001000000101001111010000011100000000000000000000000000000000000000000000000000000000000000000000000000000000000000000000 0 0
25772	38.357	0.000	( 0 )	101100000011000000001100100111111101001110111101001110000011001000000101001111010000011100000000000000000000000000000000000000000000000000000000000000000000000000000000000000000000 0 0
25778	38.357	0.000	( 0 )	101100000011000000001100100111111101001110111101001110000011001000000101001111010000011100000000000000000000000000000000000000000000000000000000000000000000000000000000000000000000 0 0
25811	38.357	0.000	( 0 )	101100000011000000001100100111111101001110111101001110000011001000000101001111010000011100000000000000000000000000000000000000000000000000000000000000000000000000000000000000000000 0 0
25779	38.357	0.000	( 0 )	101100000011000000001100100111111101001110111101001110000011001000000101001111010000011100000000000000000000000000000000000000000000000000000000000000000000000000000000000000000000 0 0
25872	38.357	0.000	( 0 )	101100000011000000001100100111111101001110111101001110000011001000000101001111010000011100000000000000000000000000000000000000000000000000000000000000000000000000000000000000000000 0 0
25740	38.357	0.000	( 0 )	101100000011000000001100100111111101001110111101001110000011001000000101001111010000011100000000000000000000000000000000000000000000000000000000000000000000000000000000000000000000 0 0
25736	38.357	0.000	( 0 )	101100000011000000001100100111111101001110111101001110000011001000000101001111010000011100000000000000000000000000000000000000000000000000000000000000000000000000000000000000000000 0 0
25846	38.357	0.000	( 0 )	101100000011000000001100100111111101001110111101001110000011001000000101001111010000011100000000000000000000000000000000000000000000000000000000000000000000000000000000000000000000 0 0
25781	38.357	0.000	( 0 )	101100000011000000001100100111111101001110111101001110000011001000000101001111010000011100000000000000000000000000000000000000000000000000000000000000000000000000000000000000000000 0 0
25777	38.357	0.000	( 0 )	101100000011000000001100100111111101001110111101001110000011001000000101001111010000011100000000000000000000000000000000000000000000000000000000000000000000000000000000000000000000 0 0
25787	38.357	0.000	( 0 )	101100000011000000001100100111111101001110111101001110000011001000000101001111010000011100000000000000000000000000000000000000000000000000000000000000000000000000000000000000000000 0 0
25785	38.357	0.000	( 0 )	101100000011000000001100100111111101001110111101001110000011001000000101001111010000011100000000000000000000000000000000000000000000000000000000000000000000000000000000000000000000 0 0
25893	38.357	0.000	( 0 )	101100000011000000001100100111111101001110111101001110000011001000000101001111010000011100000000000000000000000000000000000000000000000000000000000000000000000000000000000000000000 0 0
25735	38.357	0.000	( 0 )	101100000011000000001100100111111101001110111101001110000011001000000101001111010000011100000000000000000000000000000000000000000000000000000000000000000000000000000000000000000000 0 0
25798	38.357	0.000	( 0 )	101100000011000000001100100111111101001110111101001110000011001000000101001111010000011100000000000000000000000000000000000000000000000000000000000000000000000000000000000000000000 0 0
25734	38.357	0.000	( 0 )	101100000011000000001100100111111101001110111101001110000011001000000101001111010000011100000000000000000000000000000000000000000000000000000000000000000000000000000000000000000000 0 0
25728	38.357	0.000	( 0 )	101100000011000000001100100111111101001110111101001110000011001000000101001111010000011100000000000000000000000000000000000000000000000000000000000000000000000000000000000000000000 0 0
25817	38.357	0.000	( 0 )	101100000011000000001100100111111101001110111101001110000011001000000101001111010000011100000000000000000000000000000000000000000000000000000000000000000000000000000000000000000000 0 0
25818	39.468	0.000	( 0 )	101101000011000000001100100111111101001110111101001110000011001000000101001111010000011100000000000000000000000000000000000000000000000000000000000000000000000000000000000000000000 1 0
25820	39.468	0.000	( 0 )	101101000011000000001100100111111101001110111101001110000011001000000101001111010000011100000000000000000000000000000000000000000000000000000000000000000000000000000000000000000000 0 0
25815	39.468	0.000	( 0 )	101101000011000000001100100111111101001110111101001110000011001000000101001111010000011100000000000000000000000000000000000000000000000000000000000000000000000000000000000000000000 0 0
25814	39.468	0.000	( 0 )	101101000011000000001100100111111101001110111101001110000011001000000101001111010000011100000000000000000000000000000000000000000000000000000000000000000000000000000000000000000000 0 0
25576	40.579	0.000	( 0 )	101101000011000000001100100111111101001110111101001110000111001000000101001111010000011100000000000000000000000000000000000000000000000000000000000000000000000000000000000000000000 1 0
7576	40.579	0.000	( 0 )	101101000011000000001100100111111101001110111101001110000111001000000101001111010000011100000000000000000000000000000000000000000000000000000000000000000000000000000000000000000000 0 0
25621	40.579	0.000	( 0 )	101101000011000000001100100111111101001110111101001110000111001000000101001111010000011100000000000000000000000000000000000000000000000000000000000000000000000000000000000000000000 0 0
25614	40.579	0.000	( 0 )	101101000011000000001100100111111101001110111101001110000111001000000101001111010000011100000000000000000000000000000000000000000000000000000000000000000000000000000000000000000000 0 0
25573	40.579	0.000	( 0 )	101101000011000000001100100111111101001110111101001110000111001000000101001111010000011100000000000000000000000000000000000000000000000000000000000000000000000000000000000000000000 0 0
25531	40.579	0.000	( 0 )	101101000011000000001100100111111101001110111101001110000111001000000101001111010000011100000000000000000000000000000000000000000000000000000000000000000000000000000000000000000000 0 0
25681	40.579	0.000	( 0 )	101101000011000000001100100111111101001110111101001110000111001000000101001111010000011100000000000000000000000000000000000000000000000000000000000000000000000000000000000000000000 0 0
25596	40.579	0.000	( 0 )	101101000011000000001100100111111101001110111101001110000111001000000101001111010000011100000000000000000000000000000000000000000000000000000000000000000000000000000000000000000000 0 0
25809	40.579	0.000	( 0 )	101101000011000000001100100111111101001110111101001110000111001000000101001111010000011100000000000000000000000000000000000000000000000000000000000000000000000000000000000000000000 0 0
25579	40.579	0.000	( 0 )	101101000011000000001100100111111101001110111101001110000111001000000101001111010000011100000000000000000000000000000000000000000000000000000000000000000000000000000000000000000000 0 0
25581	40.579	0.000	( 0 )	101101000011000000001100100111111101001110111101001110000111001000000101001111010000011100000000000000000000000000000000000000000000000000000000000000000000000000000000000000000000 0 0
25676	40.579	0.000	( 0 )	101101000011000000001100100111111101001110111101001110000111001000000101001111010000011100000000000000000000000000000000000000000000000000000000000000000000000000000000000000000000 0 0
25585	41.691	0.000	( 0 )	101101000011000000001100100111111101001110111101001110000111001000000101001111010000011110000000000000000000000000000000000000000000000000000000000000000000000000000000000000000000 1 0
25584	41.691	0.000	( 0 )	101101000011000000001100100111111101001110111101001110000111001000000101001111010000011110000000000000000000000000000000000000000000000000000000000000000000000000000000000000000000 0 0
25583	41.691	0.000	( 0 )	101101000011000000001100100111111101001110111101001110000111001000000101001111010000011110000000000000000000000000000000000000000000000000000000000000000000000000000000000000000000 0 0
25513	42.802	0.000	( 0 )	101101000011000000001100101111111101001110111101001110000111001000000101001111010000011110000000000000000000000000000000000000000000000000000000000000000000000000000000000000000000 1 0
25507	42.802	0.000	( 0 )	101101000011000000001100101111111101001110111101001110000111001000000101001111010000011110000000000000000000000000000000000000000000000000000000000000000000000000000000000000000000 0 0
25505	42.802	0.000	( 0 )	101101000011000000001100101111111101001110111101001110000111001000000101001111010000011110000000000000000000000000000000000000000000000000000000000000000000000000000000000000000000 0 0
25496	42.802	0.000	( 0 )	101101000011000000001100101111111101001110111101001110000111001000000101001111010000011110000000000000000000000000000000000000000000000000000000000000000000000000000000000000000000 0 0
25512	43.913	0.000	( 0 )	101101000011000000001100101111111101001110111101101110000111001000000101001111010000011110000000000000000000000000000000000000000000000000000000000000000000000000000000000000000000 1 0
25433	45.025	0.000	( 0 )	101101000111000000001100101111111101001110111101101110000111001000000101001111010000011110000000000000000000000000000000000000000000000000000000000000000000000000000000000000000000 1 0
25434	45.025	0.000	( 0 )	101101000111000000001100101111111101001110111101101110000111001000000101001111010000011110000000000000000000000000000000000000000000000000000000000000000000000000000000000000000000 0 0
25432	45.025	0.000	( 0 )	101101000111000000001100101111111101001110111101101110000111001000000101001111010000011110000000000000000000000000000000000000000000000000000000000000000000000000000000000000000000 0 0
25431	45.025	0.000	( 0 )	101101000111000000001100101111111101001110111101101110000111001000000101001111010000011110000000000000000000000000000000000000000000000000000000000000000000000000000000000000000000 0 0
25428	45.025	0.000	( 0 )	101101000111000000001100101111111101001110111101101110000111001000000101001111010000011110000000000000000000000000000000000000000000000000000000000000000000000000000000000000000000 0 0
25430	45.025	0.000	( 0 )	101101000111000000001100101111111101001110111101101110000111001000000101001111010000011110000000000000000000000000000000000000000000000000000000000000000000000000000000000000000000 0 0
25429	45.025	0.000	( 0 )	101101000111000000001100101111111101001110111101101110000111001000000101001111010000011110000000000000000000000000000000000000000000000000000000000000000000000000000000000000000000 0 0
25426	47.248	0.000	( 0 )	101101000111000001001100101111111101001110111101101111000111001000000101001111010000011110000000000000000000000000000000000000000000000000000000000000000000000000000000000000000000 2 0
25399	48.360	0.000	( 0 )	101101000111000001001100101111111101001110111101101111000111001000010101001111010000011110000000000000000000000000000000000000000000000000000000000000000000000000000000000000000000 1 0
25403	48.360	0.000	( 0 )	101101000111000001001100101111111101001110111101101111000111001000010101001111010000011110000000000000000000000000000000000000000000000000000000000000000000000000000000000000000000 0 0
25363	48.360	0.000	( 0 )	101101000111000001001100101111111101001110111101101111000111001000010101001111010000011110000000000000000000000000000000000000000000000000000000000000000000000000000000000000000000 0 0
25480	48.360	0.000	( 0 )	101101000111000001001100101111111101001110111101101111000111001000010101001111010000011110000000000000000000000000000000000000000000000000000000000000000000000000000000000000000000 0 0
25345	48.360	0.000	( 0 )	101101000111000001001100101111111101001110111101101111000111001000010101001111010000011110000000000000000000000000000000000000000000000000000000000000000000000000000000000000000000 0 0
25398	48.360	0.000	( 0 )	101101000111000001001100101111111101001110111101101111000111001000010101001111010000011110000000000000000000000000000000000000000000000000000000000000000000000000000000000000000000 0 0
25395	48.360	0.000	( 0 )	101101000111000001001100101111111101001110111101101111000111001000010101001111010000011110000000000000000000000000000000000000000000000000000000000000000000000000000000000000000000 0 0
25391	48.360	0.000	( 0 )	101101000111000001001100101111111101001110111101101111000111001000010101001111010000011110000000000000000000000000000000000000000000000000000000000000000000000000000000000000000000 0 0
25400	48.360	0.000	( 0 )	101101000111000001001100101111111101001110111101101111000111001000010101001111010000011110000000000000000000000000000000000000000000000000000000000000000000000000000000000000000000 0 0
25357	48.360	0.000	( 0 )	101101000111000001001100101111111101001110111101101111000111001000010101001111010000011110000000000000000000000000000000000000000000000000000000000000000000000000000000000000000000 0 0
25392	48.360	0.000	( 0 )	101101000111000001001100101111111101001110111101101111000111001000010101001111010000011110000000000000000000000000000000000000000000000000000000000000000000000000000000000000000000 0 0
25404	48.360	0.000	( 0 )	101101000111000001001100101111111101001110111101101111000111001000010101001111010000011110000000000000000000000000000000000000000000000000000000000000000000000000000000000000000000 0 0
25283	49.471	0.000	( 0 )	101101000111001001001100101111111101001110111101101111000111001000010101001111010000011110000000000000000000000000000000000000000000000000000000000000000000000000000000000000000000 1 0
25302	49.471	0.000	( 0 )	101101000111001001001100101111111101001110111101101111000111001000010101001111010000011110000000000000000000000000000000000000000000000000000000000000000000000000000000000000000000 0 0
25301	49.471	0.000	( 0 )	101101000111001001001100101111111101001110111101101111000111001000010101001111010000011110000000000000000000000000000000000000000000000000000000000000000000000000000000000000000000 0 0
25307	50.582	0.000	( 0 )	101101000111001001001100101111111101101110111101101111000111001000010101001111010000011110000000000000000000000000000000000000000000000000000000000000000000000000000000000000000000 1 0
25239	57.289	0.000	( 0 )	111101000111001001001100101111111111101110111101101101000111101000010101001111011000011111000000000000000000000000000000000000000000000000000000000000000000000000000000000000000000 6 0
25202	60.627	0.000	( 0 )	111101000111001001001100101111111111101010011101101101000111101000010101000111011000011111000000000000000000000000000000000000000000000000000000000000000000000000000000000000000000 3 0
25212	60.627	0.000	( 0 )	111101000111001001001100101111111111101010011101101101000111101000010101000111011000011111000000000000000000000000000000000000000000000000000000000000000000000000000000000000000000 0 0
25224	60.627	0.000	( 0 )	111101000111001001001100101111111111101010011101101101000111101000010101000111011000011111000000000000000000000000000000000000000000000000000000000000000000000000000000000000000000 0 0
25204	60.627	0.000	( 0 )	111101000111001001001100101111111111101010011101101101000111101000010101000111011000011111000000000000000000000000000000000000000000000000000000000000000000000000000000000000000000 0 0
25215	60.627	0.000	( 0 )	111101000111001001001100101111111111101010011101101101000111101000010101000111011000011111000000000000000000000000000000000000000000000000000000000000000000000000000000000000000000 0 0
25221	60.627	0.000	( 0 )	111101000111001001001100101111111111101010011101101101000111101000010101000111011000011111000000000000000000000000000000000000000000000000000000000000000000000000000000000000000000 0 0
25216	60.627	0.000	( 0 )	111101000111001001001100101111111111101010011101101101000111101000010101000111011000011111000000000000000000000000000000000000000000000000000000000000000000000000000000000000000000 0 0
25217	60.627	0.000	( 0 )	111101000111001001001100101111111111101010011101101101000111101000010101000111011000011111000000000000000000000000000000000000000000000000000000000000000000000000000000000000000000 0 0
25222	60.627	0.000	( 0 )	111101000111001001001100101111111111101010011101101101000111101000010101000111011000011111000000000000000000000000000000000000000000000000000000000000000000000000000000000000000000 0 0
25246	61.738	0.000	( 0 )	111101000111001001001100101111111101101010011101101101000111101000010101000111011000011111000000000000000000000000000000000000000000000000000000000000000000000000000000000000000000 1 0
25236	61.738	0.000	( 0 )	111101000111001001001100101111111101101010011101101101000111101000010101000111011000011111000000000000000000000000000000000000000000000000000000000000000000000000000000000000000000 0 0
25244	61.738	0.000	( 0 )	111101000111001001001100101111111101101010011101101101000111101000010101000111011000011111000000000000000000000000000000000000000000000000000000000000000000000000000000000000000000 0 0
25247	61.738	0.000	( 0 )	111101000111001001001100101111111101101010011101101101000111101000010101000111011000011111000000000000000000000000000000000000000000000000000000000000000000000000000000000000000000 0 0
25235	61.738	0.000	( 0 )	111101000111001001001100101111111101101010011101101101000111101000010101000111011000011111000000000000000000000000000000000000000000000000000000000000000000000000000000000000000000 0 0
25198	61.738	0.000	( 0 )	111101000111001001001100101111111101101010011101101101000111101000010101000111011000011111000000000000000000000000000000000000000000000000000000000000000000000000000000000000000000 0 0
25110	63.962	0.000	( 0 )	111101000111001001001110101111111101101010011101101101000101101000010101000111011000011111000000000000000000000000000000000000000000000000000000000000000000000000000000000000000000 2 0
25105	63.962	0.000	( 0 )	111101000111001001001110101111111101101010011101101101000101101000010101000111011000011111000000000000000000000000000000000000000000000000000000000000000000000000000000000000000000 0 0
25111	63.962	0.000	( 0 )	111101000111001001001110101111111101101010011101101101000101101000010101000111011000011111000000000000000000000000000000000000000000000000000000000000000000000000000000000000000000 0 0
25116	63.962	0.000	( 0 )	111101000111001001001110101111111101101010011101101101000101101000010101000111011000011111000000000000000000000000000000000000000000000000000000000000000000000000000000000000000000 0 0
25125	63.962	0.000	( 0 )	111101000111001001001110101111111101101010011101101101000101101000010101000111011000011111000000000000000000000000000000000000000000000000000000000000000000000000000000000000000000 0 0
25109	63.962	0.000	( 0 )	111101000111001001001110101111111101101010011101101101000101101000010101000111011000011111000000000000000000000000000000000000000000000000000000000000000000000000000000000000000000 0 0
25094	63.962	0.000	( 0 )	111101000111001001001110101111111101101010011101101101000101101000010101000111011000011111000000000000000000000000000000000000000000000000000000000000000000000000000000000000000000 0 0
25098	63.962	0.000	( 0 )	111101000111001001001110101111111101101010011101101101000101101000010101000111011000011111000000000000000000000000000000000000000000000000000000000000000000000000000000000000000000 0 0
25083	65.073	0.000	( 0 )	111101000111001001001110101111111101101010011101101101000101111000010101000111011000011111000000000000000000000000000000000000000000000000000000000000000000000000000000000000000000 1 0
25086	65.073	0.000	( 0 )	111101000111001001001110101111111101101010011101101101000101111000010101000111011000011111000000000000000000000000000000000000000000000000000000000000000000000000000000000000000000 0 0
25078	65.073	0.000	( 0 )	111101000111001001001110101111111101101010011101101101000101111000010101000111011000011111000000000000000000000000000000000000000000000000000000000000000000000000000000000000000000 0 0
25056	68.412	0.000	( 0 )	111101000111001001001110111111111101101010011101101001000101110000010101000111011000011111000000000000000000000000000000000000000000000000000000000000000000000000000000000000000000 3 0
25039	69.523	0.000	( 0 )	111101000111001001001110111111111101101010011101101001000101110000010101000101011000011111000000000000000000000000000000000000000000000000000000000000000000000000000000000000000000 1 0
24988	70.634	0.000	( 0 )	111101001111001001001110111111111101101010011101101001000101110000010101000101011000011111000000000000000000000000000000000000000000000000000000000000000000000000000000000000000000 1 0
25016	70.634	0.000	( 0 )	111101001111001001001110111111111101101010011101101001000101110000010101000101011000011111000000000000000000000000000000000000000000000000000000000000000000000000000000000000000000 0 0
25033	70.634	0.000	( 0 )	111101001111001001001110111111111101101010011101101001000101110000010101000101011000011111000000000000000000000000000000000000000000000000000000000000000000000000000000000000000000 0 0
24980	71.745	0.000	( 0 )	111101001111001001001110111111110101101010011101101001000101110000010101000101011000011111000000000000000000000000000000000000000000000000000000000000000000000000000000000000000000 1 0
24946	78.452	0.000	( 0 )	111101001111001001001110011111100101101010011001101001000101110010110101100101011000011111000000000000000000000000000000000000000000000000000000000000000000000000000000000000000000 6 0
24959	78.452	0.000	( 0 )	111101001111001001001110011111100101101010011001101001000101110010110101100101011000011111000000000000000000000000000000000000000000000000000000000000000000000000000000000000000000 0 0
24966	78.452	0.000	( 0 )	111101001111001001001110011111100101101010011001101001000101110010110101100101011000011111000000000000000000000000000000000000000000000000000000000000000000000000000000000000000000 0 0
24938	78.452	0.000	( 0 )	111101001111001001001110011111100101101010011001101001000101110010110101100101011000011111000000000000000000000000000000000000000000000000000000000000000000000000000000000000000000 0 0
24939	78.452	0.000	( 0 )	111101001111001001001110011111100101101010011001101001000101110010110101100101011000011111000000000000000000000000000000000000000000000000000000000000000000000000000000000000000000 0 0
24947	78.452	0.000	( 0 )	111101001111001001001110011111100101101010011001101001000101110010110101100101011000011111000000000000000000000000000000000000000000000000000000000000000000000000000000000000000000 0 0
24962	78.452	0.000	( 0 )	111101001111001001001110011111100101101010011001101001000101110010110101100101011000011111000000000000000000000000000000000000000000000000000000000000000000000000000000000000000000 0 0
24940	78.452	0.000	( 0 )	111101001111001001001110011111100101101010011001101001000101110010110101100101011000011111000000000000000000000000000000000000000000000000000000000000000000000000000000000000000000 0 0
24961	78.452	0.000	( 0 )	111101001111001001001110011111100101101010011001101001000101110010110101100101011000011111000000000000000000000000000000000000000000000000000000000000000000000000000000000000000000 0 0
24941	78.452	0.000	( 0 )	111101001111001001001110011111100101101010011001101001000101110010110101100101011000011111000000000000000000000000000000000000000000000000000000000000000000000000000000000000000000 0 0
24965	78.452	0.000	( 0 )	111101001111001001001110011111100101101010011001101001000101110010110101100101011000011111000000000000000000000000000000000000000000000000000000000000000000000000000000000000000000 0 0
24871	85.159	0.000	( 0 )	110111001111001001001110011110000101101010011001101001010101110011110101100101011000011111000000000000000000000000000000000000000000000000000000000000000000000000000000000000000000 6 0
24883	85.159	0.000	( 0 )	110111001111001001001110011110000101101010011001101001010101110011110101100101011000011111000000000000000000000000000000000000000000000000000000000000000000000000000000000000000000 0 0
24851	85.159	0.000	( 0 )	110111001111001001001110011110000101101010011001101001010101110011110101100101011000011111000000000000000000000000000000000000000000000000000000000000000000000000000000000000000000 0 0
24853	85.159	0.000	( 0 )	110111001111001001001110011110000101101010011001101001010101110011110101100101011000011111000000000000000000000000000000000000000000000000000000000000000000000000000000000000000000 0 0
24849	85.159	0.000	( 0 )	110111001111001001001110011110000101101010011001101001010101110011110101100101011000011111000000000000000000000000000000000000000000000000000000000000000000000000000000000000000000 0 0
24885	85.159	0.000	( 0 )	110111001111001001001110011110000101101010011001101001010101110011110101100101011000011111000000000000000000000000000000000000000000000000000000000000000000000000000000000000000000 0 0
24886	85.159	0.000	( 0 )	110111001111001001001110011110000101101010011001101001010101110011110101100101011000011111000000000000000000000000000000000000000000000000000000000000000000000000000000000000000000 0 0
24852	85.159	0.000	( 0 )	110111001111001001001110011110000101101010011001101001010101110011110101100101011000011111000000000000000000000000000000000000000000000000000000000000000000000000000000000000000000 0 0
24855	85.159	0.000	( 0 )	110111001111001001001110011110000101101010011001101001010101110011110101100101011000011111000000000000000000000000000000000000000000000000000000000000000000000000000000000000000000 0 0
24850	85.159	0.000	( 0 )	110111001111001001001110011110000101101010011001101001010101110011110101100101011000011111000000000000000000000000000000000000000000000000000000000000000000000000000000000000000000 0 0
24822	86.270	0.000	( 0 )	110111001111001001001110011110000101101011011001101001010101110011110101100101011000011111000000000000000000000000000000000000000000000000000000000000000000000000000000000000000000 1 0
24823	86.270	0.000	( 0 )	110111001111001001001110011110000101101011011001101001010101110011110101100101011000011111000000000000000000000000000000000000000000000000000000000000000000000000000000000000000000 0 0
24826	86.270	0.000	( 0 )	110111001111001001001110011110000101101011011001101001010101110011110101100101011000011111000000000000000000000000000000000000000000000000000000000000000000000000000000000000000000 0 0
24898	89.608	0.000	( 0 )	110111001101001001001110011110000101101011011001101001110101110011110111100101011000011111000000000000000000000000000000000000000000000000000000000000000000000000000000000000000000 3 0
24908	89.608	0.000	( 0 )	110111001101001001001110011110000101101011011001101001110101110011110111100101011000011111000000000000000000000000000000000000000000000000000000000000000000000000000000000000000000 0 0
24909	89.608	0.000	( 0 )	110111001101001001001110011110000101101011011001101001110101110011110111100101011000011111000000000000000000000000000000000000000000000000000000000000000000000000000000000000000000 0 0
24901	90.720	0.000	( 0 )	110111001101001001000110011110000101101011011001101001110101110011110111100101011000011111000000000000000000000000000000000000000000000000000000000000000000000000000000000000000000 1 0
