#java OrderMarkers2 data=- evaluateOrder=reordermarkers/iterations/ordered.22.12 useKosambi=1 numThreads=4 calculateIntervals=intervals/ordered.22.intervals randSeed=-3184943901818135227
Loading file
No grandparents present in family V
Number of individuals = 92
Number of families = 1
File loaded with 42521 SNPs
Number of individuals = 92 excluding grandparents
Number of families = 1
Number of markers = 95
Setting dataScale to 0.9473684210526315 all likelihoods will be multiplied by 1.0555555555555556
Initial score = -784.2250542223146
Iteration 1 of 6
884884288488421 done
Polishing map...
score = -740.1901973477117
*score = -728.6941750106432
score = -727.3085478601076
*score = -727.3085478601076
Iteration 2 of 6
884884288488421 done
Polishing map...
score = -730.6593346690894
score = -728.6948983726122
score = -727.3092712220766
score = -727.3092712220766
Iteration 3 of 6
884884288488421 done
Polishing map...
score = -730.6593346690894
score = -728.6948983726122
score = -727.3092712220766
*score = -723.8065590877011
Iteration 4 of 6
884884288488421 done
Polishing map...
score = -751.204445309416
score = -744.9905604789411
score = -739.5193765116302
score = -729.9887975511172
Iteration 5 of 6
884884288488421 done
Polishing map...
score = -740.1901973477117
score = -735.6015967783549
score = -733.5231560525515
score = -727.3085478601076
Iteration 6 of 6
884884288488421 done
Polishing map...
score = -744.9898371169721
score = -744.9898371169721
score = -739.5186531496612
score = -726.4860854167416
Final score = -723.8065590877011
Setting dataScale to 0.9473684210526315 all likelihoods will be multiplied by 1.0555555555555556
logL = -723.8065590877011
number of recombinations = 45.0 logL = -723.8065590877011
Individual	V	P14459_103_S3	recombines	1	times
Individual	V	P14459_105_S5	recombines	1	times
Individual	V	P14459_109_S9	recombines	1	times
Individual	V	P14459_111_S11	recombines	1	times
Individual	V	P14459_112_S12	recombines	2	times
Individual	V	P14459_117_S17	recombines	1	times
Individual	V	P14459_118_S18	recombines	1	times
Individual	V	P14459_120_S20	recombines	1	times
Individual	V	P14459_121_S21	recombines	1	times
Individual	V	P14459_122_S22	recombines	1	times
Individual	V	P14459_123_S23	recombines	1	times
Individual	V	P14459_124_S24	recombines	1	times
Individual	V	P14459_125_S25	recombines	1	times
Individual	V	P14459_127_S27	recombines	1	times
Individual	V	P14459_128_S28	recombines	1	times
Individual	V	P14459_130_S30	recombines	1	times
Individual	V	P14459_132_S32	recombines	1	times
Individual	V	P14459_134_S34	recombines	1	times
Individual	V	P14459_135_S35	recombines	1	times
Individual	V	P14459_138_S38	recombines	1	times
Individual	V	P14459_139_S39	recombines	1	times
Individual	V	P14459_140_S40	recombines	1	times
Individual	V	P14459_147_S47	recombines	1	times
Individual	V	P14459_148_S48	recombines	1	times
Individual	V	P14459_150_S50	recombines	1	times
Individual	V	P14459_155_S55	recombines	1	times
Individual	V	P14459_158_S58	recombines	1	times
Individual	V	P14459_162_S62	recombines	1	times
Individual	V	P14459_163_S63	recombines	1	times
Individual	V	P14459_166_S66	recombines	1	times
Individual	V	P14459_167_S67	recombines	1	times
Individual	V	P14459_172_S72	recombines	1	times
Individual	V	P14459_178_S78	recombines	1	times
Individual	V	P14459_179_S79	recombines	1	times
Individual	V	P14459_181_S81	recombines	1	times
Individual	V	P14459_182_S82	recombines	1	times
Individual	V	P14459_183_S83	recombines	1	times
Individual	V	P14459_186_S86	recombines	2	times
Individual	V	P14459_189_S89	recombines	1	times
Individual	V	P14459_191_S91	recombines	1	times
Individual	V	P14459_193_S93	recombines	1	times
Individual	V	P14459_194_S94	recombines	1	times
Individual	V	P14459_195_S95	recombines	1	times
#*** LG = 0 likelihood = -723.8066
#marker_number	male_position	female_position	( 0.0 )[	phased data]
37577	0.000	0.000	( 0 )	001001101001011011010000011100011110011001111111111111101111100010011010011011101101010100000000000000000000000000000000000000000000000000000000000000000000000000000000000000000000 0 0
37556	0.000	0.000	( 0 )	001001101001011011010000011100011110011001111111111111101111100010011010011011101101010100000000000000000000000000000000000000000000000000000000000000000000000000000000000000000000 0 0
37558	0.000	0.000	( 0 )	001001101001011011010000011100011110011001111111111111101111100010011010011011101101010100000000000000000000000000000000000000000000000000000000000000000000000000000000000000000000 0 0
37543	1.111	0.000	( 0 )	001001101001011011010000011100011110011001111111111111101111100010011010011011100101010100000000000000000000000000000000000000000000000000000000000000000000000000000000000000000000 1 0
37613	1.111	0.000	( 0 )	001001101001011011010000011100011110011001111111111111101111100010011010011011100101010100000000000000000000000000000000000000000000000000000000000000000000000000000000000000000000 0 0
37587	1.111	0.000	( 0 )	001001101001011011010000011100011110011001111111111111101111100010011010011011100101010100000000000000000000000000000000000000000000000000000000000000000000000000000000000000000000 0 0
37542	1.111	0.000	( 0 )	001001101001011011010000011100011110011001111111111111101111100010011010011011100101010100000000000000000000000000000000000000000000000000000000000000000000000000000000000000000000 0 0
37549	1.111	0.000	( 0 )	001001101001011011010000011100011110011001111111111111101111100010011010011011100101010100000000000000000000000000000000000000000000000000000000000000000000000000000000000000000000 0 0
37616	1.111	0.000	( 0 )	001001101001011011010000011100011110011001111111111111101111100010011010011011100101010100000000000000000000000000000000000000000000000000000000000000000000000000000000000000000000 0 0
37643	5.567	0.000	( 0 )	001001101001011011010001011100011110011001111101111111101110100010011010011011100101010000000000000000000000000000000000000000000000000000000000000000000000000000000000000000000000 4 0
37636	5.567	0.000	( 0 )	001001101001011011010001011100011110011001111101111111101110100010011010011011100101010000000000000000000000000000000000000000000000000000000000000000000000000000000000000000000000 0 0
37634	5.567	0.000	( 0 )	001001101001011011010001011100011110011001111101111111101110100010011010011011100101010000000000000000000000000000000000000000000000000000000000000000000000000000000000000000000000 0 0
37630	5.567	0.000	( 0 )	001001101001011011010001011100011110011001111101111111101110100010011010011011100101010000000000000000000000000000000000000000000000000000000000000000000000000000000000000000000000 0 0
37665	6.679	0.000	( 0 )	001001101001011011010001011100011110011001111101111111101110100010011010001011100101010000000000000000000000000000000000000000000000000000000000000000000000000000000000000000000000 1 0
37674	6.679	0.000	( 0 )	001001101001011011010001011100011110011001111101111111101110100010011010001011100101010000000000000000000000000000000000000000000000000000000000000000000000000000000000000000000000 0 0
37723	11.135	0.000	( 0 )	001001101101011011011001011110011110011001111101111111101110100010011010001011100101010010000000000000000000000000000000000000000000000000000000000000000000000000000000000000000000 4 0
37737	11.135	0.000	( 0 )	001001101101011011011001011110011110011001111101111111101110100010011010001011100101010010000000000000000000000000000000000000000000000000000000000000000000000000000000000000000000 0 0
37728	11.135	0.000	( 0 )	001001101101011011011001011110011110011001111101111111101110100010011010001011100101010010000000000000000000000000000000000000000000000000000000000000000000000000000000000000000000 0 0
37701	11.135	0.000	( 0 )	001001101101011011011001011110011110011001111101111111101110100010011010001011100101010010000000000000000000000000000000000000000000000000000000000000000000000000000000000000000000 0 0
37724	11.135	0.000	( 0 )	001001101101011011011001011110011110011001111101111111101110100010011010001011100101010010000000000000000000000000000000000000000000000000000000000000000000000000000000000000000000 0 0
37706	11.135	0.000	( 0 )	001001101101011011011001011110011110011001111101111111101110100010011010001011100101010010000000000000000000000000000000000000000000000000000000000000000000000000000000000000000000 0 0
37698	11.135	0.000	( 0 )	001001101101011011011001011110011110011001111101111111101110100010011010001011100101010010000000000000000000000000000000000000000000000000000000000000000000000000000000000000000000 0 0
37738	11.135	0.000	( 0 )	001001101101011011011001011110011110011001111101111111101110100010011010001011100101010010000000000000000000000000000000000000000000000000000000000000000000000000000000000000000000 0 0
37702	11.135	0.000	( 0 )	001001101101011011011001011110011110011001111101111111101110100010011010001011100101010010000000000000000000000000000000000000000000000000000000000000000000000000000000000000000000 0 0
37739	11.135	0.000	( 0 )	001001101101011011011001011110011110011001111101111111101110100010011010001011100101010010000000000000000000000000000000000000000000000000000000000000000000000000000000000000000000 0 0
37697	11.135	0.000	( 0 )	001001101101011011011001011110011110011001111101111111101110100010011010001011100101010010000000000000000000000000000000000000000000000000000000000000000000000000000000000000000000 0 0
37740	11.135	0.000	( 0 )	001001101101011011011001011110011110011001111101111111101110100010011010001011100101010010000000000000000000000000000000000000000000000000000000000000000000000000000000000000000000 0 0
37705	11.135	0.000	( 0 )	001001101101011011011001011110011110011001111101111111101110100010011010001011100101010010000000000000000000000000000000000000000000000000000000000000000000000000000000000000000000 0 0
37703	11.135	0.000	( 0 )	001001101101011011011001011110011110011001111101111111101110100010011010001011100101010010000000000000000000000000000000000000000000000000000000000000000000000000000000000000000000 0 0
37741	11.135	0.000	( 0 )	001001101101011011011001011110011110011001111101111111101110100010011010001011100101010010000000000000000000000000000000000000000000000000000000000000000000000000000000000000000000 0 0
37733	11.135	0.000	( 0 )	001001101101011011011001011110011110011001111101111111101110100010011010001011100101010010000000000000000000000000000000000000000000000000000000000000000000000000000000000000000000 0 0
37734	11.135	0.000	( 0 )	001001101101011011011001011110011110011001111101111111101110100010011010001011100101010010000000000000000000000000000000000000000000000000000000000000000000000000000000000000000000 0 0
37690	11.135	0.000	( 0 )	001001101101011011011001011110011110011001111101111111101110100010011010001011100101010010000000000000000000000000000000000000000000000000000000000000000000000000000000000000000000 0 0
37742	11.135	0.000	( 0 )	001001101101011011011001011110011110011001111101111111101110100010011010001011100101010010000000000000000000000000000000000000000000000000000000000000000000000000000000000000000000 0 0
37689	11.135	0.000	( 0 )	001001101101011011011001011110011110011001111101111111101110100010011010001011100101010010000000000000000000000000000000000000000000000000000000000000000000000000000000000000000000 0 0
37700	11.135	0.000	( 0 )	001001101101011011011001011110011110011001111101111111101110100010011010001011100101010010000000000000000000000000000000000000000000000000000000000000000000000000000000000000000000 0 0
37736	11.135	0.000	( 0 )	001001101101011011011001011110011110011001111101111111101110100010011010001011100101010010000000000000000000000000000000000000000000000000000000000000000000000000000000000000000000 0 0
37830	12.246	0.000	( 0 )	001001101101011011011001011110011110011001111101111111101110110010011010001011100101010010000000000000000000000000000000000000000000000000000000000000000000000000000000000000000000 1 0
37826	12.246	0.000	( 0 )	001001101101011011011001011110011110011001111101111111101110110010011010001011100101010010000000000000000000000000000000000000000000000000000000000000000000000000000000000000000000 0 0
37831	12.246	0.000	( 0 )	001001101101011011011001011110011110011001111101111111101110110010011010001011100101010010000000000000000000000000000000000000000000000000000000000000000000000000000000000000000000 0 0
37823	12.246	0.000	( 0 )	001001101101011011011001011110011110011001111101111111101110110010011010001011100101010010000000000000000000000000000000000000000000000000000000000000000000000000000000000000000000 0 0
37827	12.246	0.000	( 0 )	001001101101011011011001011110011110011001111101111111101110110010011010001011100101010010000000000000000000000000000000000000000000000000000000000000000000000000000000000000000000 0 0
37829	12.246	0.000	( 0 )	001001101101011011011001011110011110011001111101111111101110110010011010001011100101010010000000000000000000000000000000000000000000000000000000000000000000000000000000000000000000 0 0
37800	13.358	0.000	( 0 )	001001101111011011011001011110011110011001111101111111101110110010011010001011100101010010000000000000000000000000000000000000000000000000000000000000000000000000000000000000000000 1 0
37794	13.358	0.000	( 0 )	001001101111011011011001011110011110011001111101111111101110110010011010001011100101010010000000000000000000000000000000000000000000000000000000000000000000000000000000000000000000 0 0
37801	13.358	0.000	( 0 )	001001101111011011011001011110011110011001111101111111101110110010011010001011100101010010000000000000000000000000000000000000000000000000000000000000000000000000000000000000000000 0 0
37802	13.358	0.000	( 0 )	001001101111011011011001011110011110011001111101111111101110110010011010001011100101010010000000000000000000000000000000000000000000000000000000000000000000000000000000000000000000 0 0
37792	13.358	0.000	( 0 )	001001101111011011011001011110011110011001111101111111101110110010011010001011100101010010000000000000000000000000000000000000000000000000000000000000000000000000000000000000000000 0 0
37804	14.469	0.000	( 0 )	001001101111011011011001011110011110011001111101111111101110110010011010001011100100010010000000000000000000000000000000000000000000000000000000000000000000000000000000000000000000 1 0
37843	14.469	0.000	( 0 )	001001101111011011011001011110011110011001111101111111101110110010011010001011100100010010000000000000000000000000000000000000000000000000000000000000000000000000000000000000000000 0 0
37842	14.469	0.000	( 0 )	001001101111011011011001011110011110011001111101111111101110110010011010001011100100010010000000000000000000000000000000000000000000000000000000000000000000000000000000000000000000 0 0
37809	15.580	0.000	( 0 )	001101101111011011011001011110011110011001111101111111101110110010011010001011100100010010000000000000000000000000000000000000000000000000000000000000000000000000000000000000000000 1 0
37810	15.580	0.000	( 0 )	001101101111011011011001011110011110011001111101111111101110110010011010001011100100010010000000000000000000000000000000000000000000000000000000000000000000000000000000000000000000 0 0
37807	15.580	0.000	( 0 )	001101101111011011011001011110011110011001111101111111101110110010011010001011100100010010000000000000000000000000000000000000000000000000000000000000000000000000000000000000000000 0 0
37808	15.580	0.000	( 0 )	001101101111011011011001011110011110011001111101111111101110110010011010001011100100010010000000000000000000000000000000000000000000000000000000000000000000000000000000000000000000 0 0
37884	20.036	0.000	( 0 )	001101101111011011011101011110011110011001111101111111101100110010011010001011101100010011000000000000000000000000000000000000000000000000000000000000000000000000000000000000000000 4 0
37885	21.148	0.000	( 0 )	001101101101011011011101011110011110011001111101111111101100110010011010001011101100010011000000000000000000000000000000000000000000000000000000000000000000000000000000000000000000 1 0
37896	21.148	0.000	( 0 )	001101101101011011011101011110011110011001111101111111101100110010011010001011101100010011000000000000000000000000000000000000000000000000000000000000000000000000000000000000000000 0 0
37893	21.148	0.000	( 0 )	001101101101011011011101011110011110011001111101111111101100110010011010001011101100010011000000000000000000000000000000000000000000000000000000000000000000000000000000000000000000 0 0
37894	21.148	0.000	( 0 )	001101101101011011011101011110011110011001111101111111101100110010011010001011101100010011000000000000000000000000000000000000000000000000000000000000000000000000000000000000000000 0 0
37907	21.148	0.000	( 0 )	001101101101011011011101011110011110011001111101111111101100110010011010001011101100010011000000000000000000000000000000000000000000000000000000000000000000000000000000000000000000 0 0
37897	21.148	0.000	( 0 )	001101101101011011011101011110011110011001111101111111101100110010011010001011101100010011000000000000000000000000000000000000000000000000000000000000000000000000000000000000000000 0 0
37895	21.148	0.000	( 0 )	001101101101011011011101011110011110011001111101111111101100110010011010001011101100010011000000000000000000000000000000000000000000000000000000000000000000000000000000000000000000 0 0
38013	22.259	0.000	( 0 )	001101101101011011011101011110010110011001111101111111101100110010011010001011101100010011000000000000000000000000000000000000000000000000000000000000000000000000000000000000000000 1 0
37992	22.259	0.000	( 0 )	001101101101011011011101011110010110011001111101111111101100110010011010001011101100010011000000000000000000000000000000000000000000000000000000000000000000000000000000000000000000 0 0
38012	22.259	0.000	( 0 )	001101101101011011011101011110010110011001111101111111101100110010011010001011101100010011000000000000000000000000000000000000000000000000000000000000000000000000000000000000000000 0 0
38007	22.259	0.000	( 0 )	001101101101011011011101011110010110011001111101111111101100110010011010001011101100010011000000000000000000000000000000000000000000000000000000000000000000000000000000000000000000 0 0
37993	22.259	0.000	( 0 )	001101101101011011011101011110010110011001111101111111101100110010011010001011101100010011000000000000000000000000000000000000000000000000000000000000000000000000000000000000000000 0 0
37955	22.259	0.000	( 0 )	001101101101011011011101011110010110011001111101111111101100110010011010001011101100010011000000000000000000000000000000000000000000000000000000000000000000000000000000000000000000 0 0
37965	22.259	0.000	( 0 )	001101101101011011011101011110010110011001111101111111101100110010011010001011101100010011000000000000000000000000000000000000000000000000000000000000000000000000000000000000000000 0 0
37940	22.259	0.000	( 0 )	001101101101011011011101011110010110011001111101111111101100110010011010001011101100010011000000000000000000000000000000000000000000000000000000000000000000000000000000000000000000 0 0
37994	22.259	0.000	( 0 )	001101101101011011011101011110010110011001111101111111101100110010011010001011101100010011000000000000000000000000000000000000000000000000000000000000000000000000000000000000000000 0 0
37988	22.259	0.000	( 0 )	001101101101011011011101011110010110011001111101111111101100110010011010001011101100010011000000000000000000000000000000000000000000000000000000000000000000000000000000000000000000 0 0
38008	22.259	0.000	( 0 )	001101101101011011011101011110010110011001111101111111101100110010011010001011101100010011000000000000000000000000000000000000000000000000000000000000000000000000000000000000000000 0 0
37962	22.259	0.000	( 0 )	001101101101011011011101011110010110011001111101111111101100110010011010001011101100010011000000000000000000000000000000000000000000000000000000000000000000000000000000000000000000 0 0
37963	22.259	0.000	( 0 )	001101101101011011011101011110010110011001111101111111101100110010011010001011101100010011000000000000000000000000000000000000000000000000000000000000000000000000000000000000000000 0 0
38006	22.259	0.000	( 0 )	001101101101011011011101011110010110011001111101111111101100110010011010001011101100010011000000000000000000000000000000000000000000000000000000000000000000000000000000000000000000 0 0
37964	22.259	0.000	( 0 )	001101101101011011011101011110010110011001111101111111101100110010011010001011101100010011000000000000000000000000000000000000000000000000000000000000000000000000000000000000000000 0 0
37996	23.370	0.000	( 0 )	001101101101011011011101011110010110011001111101111111101100110010011010101011101100010011000000000000000000000000000000000000000000000000000000000000000000000000000000000000000000 1 0
38000	23.370	0.000	( 0 )	001101101101011011011101011110010110011001111101111111101100110010011010101011101100010011000000000000000000000000000000000000000000000000000000000000000000000000000000000000000000 0 0
38061	25.594	0.000	( 0 )	001101101101011011011111011110010110011001111101111111101100110010011010101001101100010011000000000000000000000000000000000000000000000000000000000000000000000000000000000000000000 2 0
38067	26.705	0.000	( 0 )	001101101101011011011111011110010110011001111101111111101100110010001010101001101100010011000000000000000000000000000000000000000000000000000000000000000000000000000000000000000000 1 0
38068	26.705	0.000	( 0 )	001101101101011011011111011110010110011001111101111111101100110010001010101001101100010011000000000000000000000000000000000000000000000000000000000000000000000000000000000000000000 0 0
38065	26.705	0.000	( 0 )	001101101101011011011111011110010110011001111101111111101100110010001010101001101100010011000000000000000000000000000000000000000000000000000000000000000000000000000000000000000000 0 0
38066	26.705	0.000	( 0 )	001101101101011011011111011110010110011001111101111111101100110010001010101001101100010011000000000000000000000000000000000000000000000000000000000000000000000000000000000000000000 0 0
38064	26.705	0.000	( 0 )	001101101101011011011111011110010110011001111101111111101100110010001010101001101100010011000000000000000000000000000000000000000000000000000000000000000000000000000000000000000000 0 0
38069	28.929	0.000	( 0 )	001101101101011001011111011110010110011001111101111111101100110010001010101101101100010011000000000000000000000000000000000000000000000000000000000000000000000000000000000000000000 2 0
38093	30.040	0.000	( 0 )	001101101101011001111111011110010110011001111101111111101100110010001010101101101100010011000000000000000000000000000000000000000000000000000000000000000000000000000000000000000000 1 0
38095	30.040	0.000	( 0 )	001101101101011001111111011110010110011001111101111111101100110010001010101101101100010011000000000000000000000000000000000000000000000000000000000000000000000000000000000000000000 0 0
38091	30.040	0.000	( 0 )	001101101101011001111111011110010110011001111101111111101100110010001010101101101100010011000000000000000000000000000000000000000000000000000000000000000000000000000000000000000000 0 0
38094	30.040	0.000	( 0 )	001101101101011001111111011110010110011001111101111111101100110010001010101101101100010011000000000000000000000000000000000000000000000000000000000000000000000000000000000000000000 0 0
38124	31.152	0.000	( 0 )	001101101101011001111111011110010110011001111101111111101100110010001010101100101100010011000000000000000000000000000000000000000000000000000000000000000000000000000000000000000000 1 0
38125	31.152	0.000	( 0 )	001101101101011001111111011110010110011001111101111111101100110010001010101100101100010011000000000000000000000000000000000000000000000000000000000000000000000000000000000000000000 0 0
38138	32.263	0.000	( 0 )	001101101101011001111111001110010110011001111101111111101100110010001010101100101100010011000000000000000000000000000000000000000000000000000000000000000000000000000000000000000000 1 0
38612	50.852	0.000	( 0 )	011101111101011101101111000110100111101001100101111011001100111010001010101100101100000011000000000000000000000000000000000000000000000000000000000000000000000000000000000000000000 16 0
