#java OrderMarkers2 data=- evaluateOrder=reordermarkers/iterations/ordered.10.10 useKosambi=1 numThreads=4 calculateIntervals=intervals/ordered.10.intervals randSeed=-2499869974870038134
Loading file
No grandparents present in family V
Number of individuals = 92
Number of families = 1
File loaded with 42521 SNPs
Number of individuals = 92 excluding grandparents
Number of families = 1
Number of markers = 163
Setting dataScale to 0.5521472392638037 all likelihoods will be multiplied by 1.8111111111111111
Initial score = -1689.927189510012
Iteration 1 of 6
884884288488421 done
Polishing map...
score = -1641.416819324686
*score = -1641.416819324686
score = -1641.416819324686
score = -1641.416819324686
Iteration 2 of 6
884884288488421 done
Polishing map...
score = -1644.1880736257572
score = -1641.416819324686
score = -1641.416819324686
score = -1641.416819324686
Iteration 3 of 6
884884288488421 done
Polishing map...
score = -1652.5906450520208
score = -1652.5906450520208
score = -1652.5906450520208
score = -1652.5906450520208
Iteration 4 of 6
884884288488421 done
Polishing map...
score = -1641.416819324686
score = -1641.416819324686
score = -1641.416819324686
score = -1641.416819324686
Iteration 5 of 6
884884288488421 done
Polishing map...
score = -1641.416819324686
score = -1641.416819324686
score = -1641.416819324686
score = -1641.416819324686
Iteration 6 of 6
884884288488421 done
Polishing map...
score = -1660.9143944137486
score = -1658.1431401126774
score = -1658.1431401126774
score = -1658.1431401126774
Final score = -1641.416819324686
Setting dataScale to 0.5521472392638037 all likelihoods will be multiplied by 1.8111111111111111
logL = -1641.416819324686
number of recombinations = 64.0 logL = -1641.416819324686
Individual	V	P14459_101_S1	recombines	1	times
Individual	V	P14459_103_S3	recombines	1	times
Individual	V	P14459_104_S4	recombines	1	times
Individual	V	P14459_105_S5	recombines	1	times
Individual	V	P14459_107_S7	recombines	1	times
Individual	V	P14459_108_S8	recombines	1	times
Individual	V	P14459_109_S9	recombines	1	times
Individual	V	P14459_110_S10	recombines	1	times
Individual	V	P14459_111_S11	recombines	1	times
Individual	V	P14459_112_S12	recombines	1	times
Individual	V	P14459_114_S14	recombines	1	times
Individual	V	P14459_116_S16	recombines	1	times
Individual	V	P14459_118_S18	recombines	1	times
Individual	V	P14459_119_S19	recombines	1	times
Individual	V	P14459_120_S20	recombines	1	times
Individual	V	P14459_121_S21	recombines	1	times
Individual	V	P14459_124_S24	recombines	1	times
Individual	V	P14459_127_S27	recombines	1	times
Individual	V	P14459_128_S28	recombines	2	times
Individual	V	P14459_129_S29	recombines	1	times
Individual	V	P14459_130_S30	recombines	1	times
Individual	V	P14459_135_S35	recombines	1	times
Individual	V	P14459_136_S36	recombines	1	times
Individual	V	P14459_137_S37	recombines	1	times
Individual	V	P14459_138_S38	recombines	1	times
Individual	V	P14459_139_S39	recombines	1	times
Individual	V	P14459_141_S41	recombines	1	times
Individual	V	P14459_142_S42	recombines	1	times
Individual	V	P14459_144_S44	recombines	1	times
Individual	V	P14459_145_S45	recombines	1	times
Individual	V	P14459_148_S48	recombines	1	times
Individual	V	P14459_149_S49	recombines	1	times
Individual	V	P14459_150_S50	recombines	1	times
Individual	V	P14459_151_S51	recombines	1	times
Individual	V	P14459_152_S52	recombines	1	times
Individual	V	P14459_155_S55	recombines	1	times
Individual	V	P14459_161_S61	recombines	1	times
Individual	V	P14459_164_S64	recombines	1	times
Individual	V	P14459_166_S66	recombines	1	times
Individual	V	P14459_167_S67	recombines	1	times
Individual	V	P14459_169_S69	recombines	1	times
Individual	V	P14459_170_S70	recombines	1	times
Individual	V	P14459_172_S72	recombines	1	times
Individual	V	P14459_173_S73	recombines	1	times
Individual	V	P14459_174_S74	recombines	1	times
Individual	V	P14459_176_S76	recombines	1	times
Individual	V	P14459_177_S77	recombines	1	times
Individual	V	P14459_178_S78	recombines	1	times
Individual	V	P14459_179_S79	recombines	1	times
Individual	V	P14459_180_S80	recombines	1	times
Individual	V	P14459_181_S81	recombines	1	times
Individual	V	P14459_182_S82	recombines	1	times
Individual	V	P14459_183_S83	recombines	1	times
Individual	V	P14459_184_S84	recombines	1	times
Individual	V	P14459_185_S85	recombines	1	times
Individual	V	P14459_186_S86	recombines	1	times
Individual	V	P14459_187_S87	recombines	1	times
Individual	V	P14459_188_S88	recombines	1	times
Individual	V	P14459_189_S89	recombines	1	times
Individual	V	P14459_190_S90	recombines	1	times
Individual	V	P14459_191_S91	recombines	1	times
Individual	V	P14459_192_S92	recombines	1	times
Individual	V	P14459_195_S95	recombines	1	times
#*** LG = 0 likelihood = -1641.4168
#marker_number	male_position	female_position	( 0.0 )[	phased data]
8679	0.000	0.000	( 0 )	011111100100000100000000001001010011110100110010110011111100000100100111010100101110011110000000000000000000000000000000000000000000000000000000000000000000000000000000000000000000 0 0
8674	0.000	0.000	( 0 )	011111100100000100000000001001010011110100110010110011111100000100100111010100101110011110000000000000000000000000000000000000000000000000000000000000000000000000000000000000000000 0 0
8675	0.000	0.000	( 0 )	011111100100000100000000001001010011110100110010110011111100000100100111010100101110011110000000000000000000000000000000000000000000000000000000000000000000000000000000000000000000 0 0
8678	3.338	0.000	( 0 )	011111100100000101000000001011010011110100110010110011111100010100100111010100101110011110000000000000000000000000000000000000000000000000000000000000000000000000000000000000000000 3 0
8688	3.338	0.000	( 0 )	011111100100000101000000001011010011110100110010110011111100010100100111010100101110011110000000000000000000000000000000000000000000000000000000000000000000000000000000000000000000 0 0
8693	3.338	0.000	( 0 )	011111100100000101000000001011010011110100110010110011111100010100100111010100101110011110000000000000000000000000000000000000000000000000000000000000000000000000000000000000000000 0 0
8670	3.338	0.000	( 0 )	011111100100000101000000001011010011110100110010110011111100010100100111010100101110011110000000000000000000000000000000000000000000000000000000000000000000000000000000000000000000 0 0
8668	3.338	0.000	( 0 )	011111100100000101000000001011010011110100110010110011111100010100100111010100101110011110000000000000000000000000000000000000000000000000000000000000000000000000000000000000000000 0 0
8660	3.338	0.000	( 0 )	011111100100000101000000001011010011110100110010110011111100010100100111010100101110011110000000000000000000000000000000000000000000000000000000000000000000000000000000000000000000 0 0
8669	3.338	0.000	( 0 )	011111100100000101000000001011010011110100110010110011111100010100100111010100101110011110000000000000000000000000000000000000000000000000000000000000000000000000000000000000000000 0 0
8672	3.338	0.000	( 0 )	011111100100000101000000001011010011110100110010110011111100010100100111010100101110011110000000000000000000000000000000000000000000000000000000000000000000000000000000000000000000 0 0
8643	6.677	0.000	( 0 )	011111100100000101100000001011010011110100110010010011111100010100101111010100101110011110000000000000000000000000000000000000000000000000000000000000000000000000000000000000000000 3 0
8642	6.677	0.000	( 0 )	011111100100000101100000001011010011110100110010010011111100010100101111010100101110011110000000000000000000000000000000000000000000000000000000000000000000000000000000000000000000 0 0
8617	8.900	0.000	( 0 )	011111100000000111100000001011010011110100110010010011111100010100101111010100101110011110000000000000000000000000000000000000000000000000000000000000000000000000000000000000000000 2 0
8562	8.900	0.000	( 0 )	011111100000000111100000001011010011110100110010010011111100010100101111010100101110011110000000000000000000000000000000000000000000000000000000000000000000000000000000000000000000 0 0
8570	8.900	0.000	( 0 )	011111100000000111100000001011010011110100110010010011111100010100101111010100101110011110000000000000000000000000000000000000000000000000000000000000000000000000000000000000000000 0 0
8498	8.900	0.000	( 0 )	011111100000000111100000001011010011110100110010010011111100010100101111010100101110011110000000000000000000000000000000000000000000000000000000000000000000000000000000000000000000 0 0
8625	8.900	0.000	( 0 )	011111100000000111100000001011010011110100110010010011111100010100101111010100101110011110000000000000000000000000000000000000000000000000000000000000000000000000000000000000000000 0 0
8615	8.900	0.000	( 0 )	011111100000000111100000001011010011110100110010010011111100010100101111010100101110011110000000000000000000000000000000000000000000000000000000000000000000000000000000000000000000 0 0
8561	8.900	0.000	( 0 )	011111100000000111100000001011010011110100110010010011111100010100101111010100101110011110000000000000000000000000000000000000000000000000000000000000000000000000000000000000000000 0 0
8620	8.900	0.000	( 0 )	011111100000000111100000001011010011110100110010010011111100010100101111010100101110011110000000000000000000000000000000000000000000000000000000000000000000000000000000000000000000 0 0
8485	8.900	0.000	( 0 )	011111100000000111100000001011010011110100110010010011111100010100101111010100101110011110000000000000000000000000000000000000000000000000000000000000000000000000000000000000000000 0 0
8560	8.900	0.000	( 0 )	011111100000000111100000001011010011110100110010010011111100010100101111010100101110011110000000000000000000000000000000000000000000000000000000000000000000000000000000000000000000 0 0
8499	8.900	0.000	( 0 )	011111100000000111100000001011010011110100110010010011111100010100101111010100101110011110000000000000000000000000000000000000000000000000000000000000000000000000000000000000000000 0 0
8493	8.900	0.000	( 0 )	011111100000000111100000001011010011110100110010010011111100010100101111010100101110011110000000000000000000000000000000000000000000000000000000000000000000000000000000000000000000 0 0
8482	8.900	0.000	( 0 )	011111100000000111100000001011010011110100110010010011111100010100101111010100101110011110000000000000000000000000000000000000000000000000000000000000000000000000000000000000000000 0 0
8494	8.900	0.000	( 0 )	011111100000000111100000001011010011110100110010010011111100010100101111010100101110011110000000000000000000000000000000000000000000000000000000000000000000000000000000000000000000 0 0
8495	8.900	0.000	( 0 )	011111100000000111100000001011010011110100110010010011111100010100101111010100101110011110000000000000000000000000000000000000000000000000000000000000000000000000000000000000000000 0 0
8507	8.900	0.000	( 0 )	011111100000000111100000001011010011110100110010010011111100010100101111010100101110011110000000000000000000000000000000000000000000000000000000000000000000000000000000000000000000 0 0
8619	8.900	0.000	( 0 )	011111100000000111100000001011010011110100110010010011111100010100101111010100101110011110000000000000000000000000000000000000000000000000000000000000000000000000000000000000000000 0 0
8500	8.900	0.000	( 0 )	011111100000000111100000001011010011110100110010010011111100010100101111010100101110011110000000000000000000000000000000000000000000000000000000000000000000000000000000000000000000 0 0
8616	8.900	0.000	( 0 )	011111100000000111100000001011010011110100110010010011111100010100101111010100101110011110000000000000000000000000000000000000000000000000000000000000000000000000000000000000000000 0 0
8496	8.900	0.000	( 0 )	011111100000000111100000001011010011110100110010010011111100010100101111010100101110011110000000000000000000000000000000000000000000000000000000000000000000000000000000000000000000 0 0
8497	8.900	0.000	( 0 )	011111100000000111100000001011010011110100110010010011111100010100101111010100101110011110000000000000000000000000000000000000000000000000000000000000000000000000000000000000000000 0 0
8626	8.900	0.000	( 0 )	011111100000000111100000001011010011110100110010010011111100010100101111010100101110011110000000000000000000000000000000000000000000000000000000000000000000000000000000000000000000 0 0
8423	10.012	0.000	( 0 )	011111100000000111110000001011010011110100110010010011111100010100101111010100101110011110000000000000000000000000000000000000000000000000000000000000000000000000000000000000000000 1 0
8422	10.012	0.000	( 0 )	011111100000000111110000001011010011110100110010010011111100010100101111010100101110011110000000000000000000000000000000000000000000000000000000000000000000000000000000000000000000 0 0
8365	13.350	0.000	( 0 )	011111100000001111110000001011010011110100110010010011111100010100101011010100100110011110000000000000000000000000000000000000000000000000000000000000000000000000000000000000000000 3 0
8306	13.350	0.000	( 0 )	011111100000001111110000001011010011110100110010010011111100010100101011010100100110011110000000000000000000000000000000000000000000000000000000000000000000000000000000000000000000 0 0
8371	13.350	0.000	( 0 )	011111100000001111110000001011010011110100110010010011111100010100101011010100100110011110000000000000000000000000000000000000000000000000000000000000000000000000000000000000000000 0 0
8328	13.350	0.000	( 0 )	011111100000001111110000001011010011110100110010010011111100010100101011010100100110011110000000000000000000000000000000000000000000000000000000000000000000000000000000000000000000 0 0
8225	15.574	0.000	( 0 )	011111100000001111110000001011010011110100110011010011111100010100101011010100100110001110000000000000000000000000000000000000000000000000000000000000000000000000000000000000000000 2 0
8260	15.574	0.000	( 0 )	011111100000001111110000001011010011110100110011010011111100010100101011010100100110001110000000000000000000000000000000000000000000000000000000000000000000000000000000000000000000 0 0
8249	15.574	0.000	( 0 )	011111100000001111110000001011010011110100110011010011111100010100101011010100100110001110000000000000000000000000000000000000000000000000000000000000000000000000000000000000000000 0 0
8037	16.685	0.000	( 0 )	011111110000001111110000001011010011110100110011010011111100010100101011010100100110001110000000000000000000000000000000000000000000000000000000000000000000000000000000000000000000 1 0
8029	16.685	0.000	( 0 )	011111110000001111110000001011010011110100110011010011111100010100101011010100100110001110000000000000000000000000000000000000000000000000000000000000000000000000000000000000000000 0 0
8191	16.685	0.000	( 0 )	011111110000001111110000001011010011110100110011010011111100010100101011010100100110001110000000000000000000000000000000000000000000000000000000000000000000000000000000000000000000 0 0
7995	16.685	0.000	( 0 )	011111110000001111110000001011010011110100110011010011111100010100101011010100100110001110000000000000000000000000000000000000000000000000000000000000000000000000000000000000000000 0 0
7935	16.685	0.000	( 0 )	011111110000001111110000001011010011110100110011010011111100010100101011010100100110001110000000000000000000000000000000000000000000000000000000000000000000000000000000000000000000 0 0
8104	16.685	0.000	( 0 )	011111110000001111110000001011010011110100110011010011111100010100101011010100100110001110000000000000000000000000000000000000000000000000000000000000000000000000000000000000000000 0 0
7965	16.685	0.000	( 0 )	011111110000001111110000001011010011110100110011010011111100010100101011010100100110001110000000000000000000000000000000000000000000000000000000000000000000000000000000000000000000 0 0
8201	16.685	0.000	( 0 )	011111110000001111110000001011010011110100110011010011111100010100101011010100100110001110000000000000000000000000000000000000000000000000000000000000000000000000000000000000000000 0 0
8035	16.685	0.000	( 0 )	011111110000001111110000001011010011110100110011010011111100010100101011010100100110001110000000000000000000000000000000000000000000000000000000000000000000000000000000000000000000 0 0
8192	16.685	0.000	( 0 )	011111110000001111110000001011010011110100110011010011111100010100101011010100100110001110000000000000000000000000000000000000000000000000000000000000000000000000000000000000000000 0 0
8099	16.685	0.000	( 0 )	011111110000001111110000001011010011110100110011010011111100010100101011010100100110001110000000000000000000000000000000000000000000000000000000000000000000000000000000000000000000 0 0
8030	16.685	0.000	( 0 )	011111110000001111110000001011010011110100110011010011111100010100101011010100100110001110000000000000000000000000000000000000000000000000000000000000000000000000000000000000000000 0 0
8100	16.685	0.000	( 0 )	011111110000001111110000001011010011110100110011010011111100010100101011010100100110001110000000000000000000000000000000000000000000000000000000000000000000000000000000000000000000 0 0
8102	16.685	0.000	( 0 )	011111110000001111110000001011010011110100110011010011111100010100101011010100100110001110000000000000000000000000000000000000000000000000000000000000000000000000000000000000000000 0 0
7928	16.685	0.000	( 0 )	011111110000001111110000001011010011110100110011010011111100010100101011010100100110001110000000000000000000000000000000000000000000000000000000000000000000000000000000000000000000 0 0
7929	16.685	0.000	( 0 )	011111110000001111110000001011010011110100110011010011111100010100101011010100100110001110000000000000000000000000000000000000000000000000000000000000000000000000000000000000000000 0 0
8098	16.685	0.000	( 0 )	011111110000001111110000001011010011110100110011010011111100010100101011010100100110001110000000000000000000000000000000000000000000000000000000000000000000000000000000000000000000 0 0
8162	16.685	0.000	( 0 )	011111110000001111110000001011010011110100110011010011111100010100101011010100100110001110000000000000000000000000000000000000000000000000000000000000000000000000000000000000000000 0 0
7933	16.685	0.000	( 0 )	011111110000001111110000001011010011110100110011010011111100010100101011010100100110001110000000000000000000000000000000000000000000000000000000000000000000000000000000000000000000 0 0
8160	16.685	0.000	( 0 )	011111110000001111110000001011010011110100110011010011111100010100101011010100100110001110000000000000000000000000000000000000000000000000000000000000000000000000000000000000000000 0 0
7996	16.685	0.000	( 0 )	011111110000001111110000001011010011110100110011010011111100010100101011010100100110001110000000000000000000000000000000000000000000000000000000000000000000000000000000000000000000 0 0
7940	16.685	0.000	( 0 )	011111110000001111110000001011010011110100110011010011111100010100101011010100100110001110000000000000000000000000000000000000000000000000000000000000000000000000000000000000000000 0 0
7934	16.685	0.000	( 0 )	011111110000001111110000001011010011110100110011010011111100010100101011010100100110001110000000000000000000000000000000000000000000000000000000000000000000000000000000000000000000 0 0
8156	16.685	0.000	( 0 )	011111110000001111110000001011010011110100110011010011111100010100101011010100100110001110000000000000000000000000000000000000000000000000000000000000000000000000000000000000000000 0 0
8106	16.685	0.000	( 0 )	011111110000001111110000001011010011110100110011010011111100010100101011010100100110001110000000000000000000000000000000000000000000000000000000000000000000000000000000000000000000 0 0
8155	16.685	0.000	( 0 )	011111110000001111110000001011010011110100110011010011111100010100101011010100100110001110000000000000000000000000000000000000000000000000000000000000000000000000000000000000000000 0 0
7936	16.685	0.000	( 0 )	011111110000001111110000001011010011110100110011010011111100010100101011010100100110001110000000000000000000000000000000000000000000000000000000000000000000000000000000000000000000 0 0
7932	16.685	0.000	( 0 )	011111110000001111110000001011010011110100110011010011111100010100101011010100100110001110000000000000000000000000000000000000000000000000000000000000000000000000000000000000000000 0 0
8193	16.685	0.000	( 0 )	011111110000001111110000001011010011110100110011010011111100010100101011010100100110001110000000000000000000000000000000000000000000000000000000000000000000000000000000000000000000 0 0
8198	16.685	0.000	( 0 )	011111110000001111110000001011010011110100110011010011111100010100101011010100100110001110000000000000000000000000000000000000000000000000000000000000000000000000000000000000000000 0 0
8157	16.685	0.000	( 0 )	011111110000001111110000001011010011110100110011010011111100010100101011010100100110001110000000000000000000000000000000000000000000000000000000000000000000000000000000000000000000 0 0
8101	16.685	0.000	( 0 )	011111110000001111110000001011010011110100110011010011111100010100101011010100100110001110000000000000000000000000000000000000000000000000000000000000000000000000000000000000000000 0 0
8032	16.685	0.000	( 0 )	011111110000001111110000001011010011110100110011010011111100010100101011010100100110001110000000000000000000000000000000000000000000000000000000000000000000000000000000000000000000 0 0
7952	16.685	0.000	( 0 )	011111110000001111110000001011010011110100110011010011111100010100101011010100100110001110000000000000000000000000000000000000000000000000000000000000000000000000000000000000000000 0 0
7966	16.685	0.000	( 0 )	011111110000001111110000001011010011110100110011010011111100010100101011010100100110001110000000000000000000000000000000000000000000000000000000000000000000000000000000000000000000 0 0
8088	16.685	0.000	( 0 )	011111110000001111110000001011010011110100110011010011111100010100101011010100100110001110000000000000000000000000000000000000000000000000000000000000000000000000000000000000000000 0 0
7953	16.685	0.000	( 0 )	011111110000001111110000001011010011110100110011010011111100010100101011010100100110001110000000000000000000000000000000000000000000000000000000000000000000000000000000000000000000 0 0
8087	16.685	0.000	( 0 )	011111110000001111110000001011010011110100110011010011111100010100101011010100100110001110000000000000000000000000000000000000000000000000000000000000000000000000000000000000000000 0 0
8121	17.796	0.000	( 0 )	011111110000001111110000001011010011110100110011010011111100010100101011010100100111001110000000000000000000000000000000000000000000000000000000000000000000000000000000000000000000 1 0
8119	17.796	0.000	( 0 )	011111110000001111110000001011010011110100110011010011111100010100101011010100100111001110000000000000000000000000000000000000000000000000000000000000000000000000000000000000000000 0 0
8118	17.796	0.000	( 0 )	011111110000001111110000001011010011110100110011010011111100010100101011010100100111001110000000000000000000000000000000000000000000000000000000000000000000000000000000000000000000 0 0
8122	17.796	0.000	( 0 )	011111110000001111110000001011010011110100110011010011111100010100101011010100100111001110000000000000000000000000000000000000000000000000000000000000000000000000000000000000000000 0 0
8031	17.796	0.000	( 0 )	011111110000001111110000001011010011110100110011010011111100010100101011010100100111001110000000000000000000000000000000000000000000000000000000000000000000000000000000000000000000 0 0
8120	17.796	0.000	( 0 )	011111110000001111110000001011010011110100110011010011111100010100101011010100100111001110000000000000000000000000000000000000000000000000000000000000000000000000000000000000000000 0 0
7920	22.252	0.000	( 0 )	001111110000001111110000001011010001110100110011010011111100010100101010010100100111001111000000000000000000000000000000000000000000000000000000000000000000000000000000000000000000 4 0
7921	22.252	0.000	( 0 )	001111110000001111110000001011010001110100110011010011111100010100101010010100100111001111000000000000000000000000000000000000000000000000000000000000000000000000000000000000000000 0 0
7922	22.252	0.000	( 0 )	001111110000001111110000001011010001110100110011010011111100010100101010010100100111001111000000000000000000000000000000000000000000000000000000000000000000000000000000000000000000 0 0
7897	23.364	0.000	( 0 )	001111010000001111110000001011010001110100110011010011111100010100101010010100100111001111000000000000000000000000000000000000000000000000000000000000000000000000000000000000000000 1 0
7896	23.364	0.000	( 0 )	001111010000001111110000001011010001110100110011010011111100010100101010010100100111001111000000000000000000000000000000000000000000000000000000000000000000000000000000000000000000 0 0
7895	23.364	0.000	( 0 )	001111010000001111110000001011010001110100110011010011111100010100101010010100100111001111000000000000000000000000000000000000000000000000000000000000000000000000000000000000000000 0 0
7892	23.364	0.000	( 0 )	001111010000001111110000001011010001110100110011010011111100010100101010010100100111001111000000000000000000000000000000000000000000000000000000000000000000000000000000000000000000 0 0
7894	23.364	0.000	( 0 )	001111010000001111110000001011010001110100110011010011111100010100101010010100100111001111000000000000000000000000000000000000000000000000000000000000000000000000000000000000000000 0 0
7893	23.364	0.000	( 0 )	001111010000001111110000001011010001110100110011010011111100010100101010010100100111001111000000000000000000000000000000000000000000000000000000000000000000000000000000000000000000 0 0
7891	24.475	0.000	( 0 )	001111010010001111110000001011010001110100110011010011111100010100101010010100100111001111000000000000000000000000000000000000000000000000000000000000000000000000000000000000000000 1 0
7832	24.475	0.000	( 0 )	001111010010001111110000001011010001110100110011010011111100010100101010010100100111001111000000000000000000000000000000000000000000000000000000000000000000000000000000000000000000 0 0
7889	24.475	0.000	( 0 )	001111010010001111110000001011010001110100110011010011111100010100101010010100100111001111000000000000000000000000000000000000000000000000000000000000000000000000000000000000000000 0 0
7830	24.475	0.000	( 0 )	001111010010001111110000001011010001110100110011010011111100010100101010010100100111001111000000000000000000000000000000000000000000000000000000000000000000000000000000000000000000 0 0
7833	24.475	0.000	( 0 )	001111010010001111110000001011010001110100110011010011111100010100101010010100100111001111000000000000000000000000000000000000000000000000000000000000000000000000000000000000000000 0 0
7824	27.813	0.000	( 0 )	001111010010001111110000000011011001110100110011010011111000010100101010010100100111001111000000000000000000000000000000000000000000000000000000000000000000000000000000000000000000 3 0
7823	27.813	0.000	( 0 )	001111010010001111110000000011011001110100110011010011111000010100101010010100100111001111000000000000000000000000000000000000000000000000000000000000000000000000000000000000000000 0 0
7791	30.037	0.000	( 0 )	001111010010001111110000000011011001110100110001010011111000010100101010010100100011001111000000000000000000000000000000000000000000000000000000000000000000000000000000000000000000 2 0
7653	30.037	0.000	( 0 )	001111010010001111110000000011011001110100110001010011111000010100101010010100100011001111000000000000000000000000000000000000000000000000000000000000000000000000000000000000000000 0 0
7650	30.037	0.000	( 0 )	001111010010001111110000000011011001110100110001010011111000010100101010010100100011001111000000000000000000000000000000000000000000000000000000000000000000000000000000000000000000 0 0
7578	30.037	0.000	( 0 )	001111010010001111110000000011011001110100110001010011111000010100101010010100100011001111000000000000000000000000000000000000000000000000000000000000000000000000000000000000000000 0 0
7626	30.037	0.000	( 0 )	001111010010001111110000000011011001110100110001010011111000010100101010010100100011001111000000000000000000000000000000000000000000000000000000000000000000000000000000000000000000 0 0
7643	30.037	0.000	( 0 )	001111010010001111110000000011011001110100110001010011111000010100101010010100100011001111000000000000000000000000000000000000000000000000000000000000000000000000000000000000000000 0 0
7710	30.037	0.000	( 0 )	001111010010001111110000000011011001110100110001010011111000010100101010010100100011001111000000000000000000000000000000000000000000000000000000000000000000000000000000000000000000 0 0
7655	30.037	0.000	( 0 )	001111010010001111110000000011011001110100110001010011111000010100101010010100100011001111000000000000000000000000000000000000000000000000000000000000000000000000000000000000000000 0 0
7654	30.037	0.000	( 0 )	001111010010001111110000000011011001110100110001010011111000010100101010010100100011001111000000000000000000000000000000000000000000000000000000000000000000000000000000000000000000 0 0
7580	30.037	0.000	( 0 )	001111010010001111110000000011011001110100110001010011111000010100101010010100100011001111000000000000000000000000000000000000000000000000000000000000000000000000000000000000000000 0 0
7639	30.037	0.000	( 0 )	001111010010001111110000000011011001110100110001010011111000010100101010010100100011001111000000000000000000000000000000000000000000000000000000000000000000000000000000000000000000 0 0
7792	30.037	0.000	( 0 )	001111010010001111110000000011011001110100110001010011111000010100101010010100100011001111000000000000000000000000000000000000000000000000000000000000000000000000000000000000000000 0 0
7579	30.037	0.000	( 0 )	001111010010001111110000000011011001110100110001010011111000010100101010010100100011001111000000000000000000000000000000000000000000000000000000000000000000000000000000000000000000 0 0
7627	30.037	0.000	( 0 )	001111010010001111110000000011011001110100110001010011111000010100101010010100100011001111000000000000000000000000000000000000000000000000000000000000000000000000000000000000000000 0 0
7652	30.037	0.000	( 0 )	001111010010001111110000000011011001110100110001010011111000010100101010010100100011001111000000000000000000000000000000000000000000000000000000000000000000000000000000000000000000 0 0
7651	30.037	0.000	( 0 )	001111010010001111110000000011011001110100110001010011111000010100101010010100100011001111000000000000000000000000000000000000000000000000000000000000000000000000000000000000000000 0 0
7656	30.037	0.000	( 0 )	001111010010001111110000000011011001110100110001010011111000010100101010010100100011001111000000000000000000000000000000000000000000000000000000000000000000000000000000000000000000 0 0
7696	30.037	0.000	( 0 )	001111010010001111110000000011011001110100110001010011111000010100101010010100100011001111000000000000000000000000000000000000000000000000000000000000000000000000000000000000000000 0 0
7638	30.037	0.000	( 0 )	001111010010001111110000000011011001110100110001010011111000010100101010010100100011001111000000000000000000000000000000000000000000000000000000000000000000000000000000000000000000 0 0
7637	30.037	0.000	( 0 )	001111010010001111110000000011011001110100110001010011111000010100101010010100100011001111000000000000000000000000000000000000000000000000000000000000000000000000000000000000000000 0 0
7711	30.037	0.000	( 0 )	001111010010001111110000000011011001110100110001010011111000010100101010010100100011001111000000000000000000000000000000000000000000000000000000000000000000000000000000000000000000 0 0
7772	30.037	0.000	( 0 )	001111010010001111110000000011011001110100110001010011111000010100101010010100100011001111000000000000000000000000000000000000000000000000000000000000000000000000000000000000000000 0 0
7788	30.037	0.000	( 0 )	001111010010001111110000000011011001110100110001010011111000010100101010010100100011001111000000000000000000000000000000000000000000000000000000000000000000000000000000000000000000 0 0
7596	31.148	0.000	( 0 )	001111010010001111110000000011011001110100110001010011111000010100101010010100100011000111000000000000000000000000000000000000000000000000000000000000000000000000000000000000000000 1 0
7547	32.259	0.000	( 0 )	001111010010001111110000000011011001110100110001010011111000010100101010010100100001000111000000000000000000000000000000000000000000000000000000000000000000000000000000000000000000 1 0
7550	32.259	0.000	( 0 )	001111010010001111110000000011011001110100110001010011111000010100101010010100100001000111000000000000000000000000000000000000000000000000000000000000000000000000000000000000000000 0 0
7548	32.259	0.000	( 0 )	001111010010001111110000000011011001110100110001010011111000010100101010010100100001000111000000000000000000000000000000000000000000000000000000000000000000000000000000000000000000 0 0
7463	33.371	0.000	( 0 )	000111010010001111110000000011011001110100110001010011111000010100101010010100100001000111000000000000000000000000000000000000000000000000000000000000000000000000000000000000000000 1 0
7507	33.371	0.000	( 0 )	000111010010001111110000000011011001110100110001010011111000010100101010010100100001000111000000000000000000000000000000000000000000000000000000000000000000000000000000000000000000 0 0
7528	33.371	0.000	( 0 )	000111010010001111110000000011011001110100110001010011111000010100101010010100100001000111000000000000000000000000000000000000000000000000000000000000000000000000000000000000000000 0 0
7460	33.371	0.000	( 0 )	000111010010001111110000000011011001110100110001010011111000010100101010010100100001000111000000000000000000000000000000000000000000000000000000000000000000000000000000000000000000 0 0
7462	33.371	0.000	( 0 )	000111010010001111110000000011011001110100110001010011111000010100101010010100100001000111000000000000000000000000000000000000000000000000000000000000000000000000000000000000000000 0 0
7514	33.371	0.000	( 0 )	000111010010001111110000000011011001110100110001010011111000010100101010010100100001000111000000000000000000000000000000000000000000000000000000000000000000000000000000000000000000 0 0
7501	33.371	0.000	( 0 )	000111010010001111110000000011011001110100110001010011111000010100101010010100100001000111000000000000000000000000000000000000000000000000000000000000000000000000000000000000000000 0 0
7502	33.371	0.000	( 0 )	000111010010001111110000000011011001110100110001010011111000010100101010010100100001000111000000000000000000000000000000000000000000000000000000000000000000000000000000000000000000 0 0
7504	33.371	0.000	( 0 )	000111010010001111110000000011011001110100110001010011111000010100101010010100100001000111000000000000000000000000000000000000000000000000000000000000000000000000000000000000000000 0 0
7472	34.482	0.000	( 0 )	000111010010001111110000000011011001110101110001010011111000010100101010010100100001000111000000000000000000000000000000000000000000000000000000000000000000000000000000000000000000 1 0
7469	34.482	0.000	( 0 )	000111010010001111110000000011011001110101110001010011111000010100101010010100100001000111000000000000000000000000000000000000000000000000000000000000000000000000000000000000000000 0 0
7429	41.189	0.000	( 0 )	000111010010101111110000001111011101010101110001010011111000010100101010010101100001000111000000000000000000000000000000000000000000000000000000000000000000000000000000000000000000 6 0
7223	41.189	0.000	( 0 )	000111010010101111110000001111011101010101110001010011111000010100101010010101100001000111000000000000000000000000000000000000000000000000000000000000000000000000000000000000000000 0 0
7269	42.300	0.000	( 0 )	000110010010101111110000001111011101010101110001010011111000010100101010010101100001000111000000000000000000000000000000000000000000000000000000000000000000000000000000000000000000 1 0
7371	42.300	0.000	( 0 )	000110010010101111110000001111011101010101110001010011111000010100101010010101100001000111000000000000000000000000000000000000000000000000000000000000000000000000000000000000000000 0 0
7370	42.300	0.000	( 0 )	000110010010101111110000001111011101010101110001010011111000010100101010010101100001000111000000000000000000000000000000000000000000000000000000000000000000000000000000000000000000 0 0
7369	42.300	0.000	( 0 )	000110010010101111110000001111011101010101110001010011111000010100101010010101100001000111000000000000000000000000000000000000000000000000000000000000000000000000000000000000000000 0 0
7409	42.300	0.000	( 0 )	000110010010101111110000001111011101010101110001010011111000010100101010010101100001000111000000000000000000000000000000000000000000000000000000000000000000000000000000000000000000 0 0
7271	42.300	0.000	( 0 )	000110010010101111110000001111011101010101110001010011111000010100101010010101100001000111000000000000000000000000000000000000000000000000000000000000000000000000000000000000000000 0 0
7229	43.411	0.000	( 0 )	000110010010101111110000001111011101010101110001010011111000010100101010000101100001000111000000000000000000000000000000000000000000000000000000000000000000000000000000000000000000 1 0
7243	44.523	0.000	( 0 )	000110010010101111110000001111011101010101110001010011111000010100101010000001100001000111000000000000000000000000000000000000000000000000000000000000000000000000000000000000000000 1 0
7120	48.979	0.000	( 0 )	000110010010101111110000011111011101010101110001010011111000010101101000100001100001000111000000000000000000000000000000000000000000000000000000000000000000000000000000000000000000 4 0
7122	48.979	0.000	( 0 )	000110010010101111110000011111011101010101110001010011111000010101101000100001100001000111000000000000000000000000000000000000000000000000000000000000000000000000000000000000000000 0 0
7134	48.979	0.000	( 0 )	000110010010101111110000011111011101010101110001010011111000010101101000100001100001000111000000000000000000000000000000000000000000000000000000000000000000000000000000000000000000 0 0
7125	48.979	0.000	( 0 )	000110010010101111110000011111011101010101110001010011111000010101101000100001100001000111000000000000000000000000000000000000000000000000000000000000000000000000000000000000000000 0 0
7127	48.979	0.000	( 0 )	000110010010101111110000011111011101010101110001010011111000010101101000100001100001000111000000000000000000000000000000000000000000000000000000000000000000000000000000000000000000 0 0
7128	48.979	0.000	( 0 )	000110010010101111110000011111011101010101110001010011111000010101101000100001100001000111000000000000000000000000000000000000000000000000000000000000000000000000000000000000000000 0 0
7126	48.979	0.000	( 0 )	000110010010101111110000011111011101010101110001010011111000010101101000100001100001000111000000000000000000000000000000000000000000000000000000000000000000000000000000000000000000 0 0
7124	48.979	0.000	( 0 )	000110010010101111110000011111011101010101110001010011111000010101101000100001100001000111000000000000000000000000000000000000000000000000000000000000000000000000000000000000000000 0 0
7131	48.979	0.000	( 0 )	000110010010101111110000011111011101010101110001010011111000010101101000100001100001000111000000000000000000000000000000000000000000000000000000000000000000000000000000000000000000 0 0
7133	48.979	0.000	( 0 )	000110010010101111110000011111011101010101110001010011111000010101101000100001100001000111000000000000000000000000000000000000000000000000000000000000000000000000000000000000000000 0 0
7164	72.867	0.000	( 0 )	100010011010101111110010011111011100011011111101010111111000111111111000101011010001100111000000000000000000000000000000000000000000000000000000000000000000000000000000000000000000 20 0
