#java OrderMarkers2 data=- evaluateOrder=reordermarkers/iterations/ordered.1.10 useKosambi=1 numThreads=4 calculateIntervals=intervals/ordered.1.intervals randSeed=8728162977981220192
Loading file
No grandparents present in family V
Number of individuals = 92
Number of families = 1
File loaded with 42521 SNPs
Number of individuals = 92 excluding grandparents
Number of families = 1
Number of markers = 338
Setting dataScale to 0.26627218934911245 all likelihoods will be multiplied by 3.755555555555555
Initial score = -6216.695763112545
Iteration 1 of 6
884884288488421 done
Polishing map...
score = -7229.558318645732
score = -7194.532595394228
score = -7083.318809159386
score = -7067.768168338705
Iteration 2 of 6
884884288488421 done
Polishing map...
score = -6277.067701503968
score = -6242.6075950139875
score = -6285.407489496404
score = -6280.227688378892
Iteration 3 of 6
884884288488421 done
Polishing map...
score = -6428.131456798753
score = -6325.781043459918
score = -6157.65909971724
*score = -6150.244598974089
Iteration 4 of 6
884884288488421 done
Polishing map...
score = -6286.033763649041
score = -6242.712544204766
score = -6154.60461946541
score = -6154.60461946541
Iteration 5 of 6
884884288488421 done
Polishing map...
score = -6316.900334047914
score = -6251.791141229511
score = -6155.629884634714
score = -6151.321830142836
Iteration 6 of 6
884884288488421 done
Polishing map...
score = -6138.058908460836
*score = -6127.233583249884
score = -6125.869337358313
*score = -6119.464426227646
Final score = -6119.464426227646
Setting dataScale to 0.26627218934911245 all likelihoods will be multiplied by 3.755555555555555
logL = -6119.464426227646
number of recombinations = 92.0 logL = -6119.464426227646
Individual	V	P14459_101_S1	recombines	2	times
Individual	V	P14459_103_S3	recombines	1	times
Individual	V	P14459_105_S5	recombines	2	times
Individual	V	P14459_106_S6	recombines	1	times
Individual	V	P14459_107_S7	recombines	1	times
Individual	V	P14459_108_S8	recombines	2	times
Individual	V	P14459_109_S9	recombines	1	times
Individual	V	P14459_111_S11	recombines	1	times
Individual	V	P14459_112_S12	recombines	1	times
Individual	V	P14459_113_S13	recombines	1	times
Individual	V	P14459_114_S14	recombines	1	times
Individual	V	P14459_115_S15	recombines	1	times
Individual	V	P14459_116_S16	recombines	2	times
Individual	V	P14459_119_S19	recombines	1	times
Individual	V	P14459_120_S20	recombines	1	times
Individual	V	P14459_121_S21	recombines	1	times
Individual	V	P14459_122_S22	recombines	1	times
Individual	V	P14459_123_S23	recombines	1	times
Individual	V	P14459_124_S24	recombines	1	times
Individual	V	P14459_125_S25	recombines	1	times
Individual	V	P14459_126_S26	recombines	1	times
Individual	V	P14459_127_S27	recombines	2	times
Individual	V	P14459_128_S28	recombines	2	times
Individual	V	P14459_129_S29	recombines	2	times
Individual	V	P14459_131_S31	recombines	1	times
Individual	V	P14459_132_S32	recombines	1	times
Individual	V	P14459_134_S34	recombines	1	times
Individual	V	P14459_135_S35	recombines	1	times
Individual	V	P14459_138_S38	recombines	2	times
Individual	V	P14459_139_S39	recombines	2	times
Individual	V	P14459_140_S40	recombines	1	times
Individual	V	P14459_141_S41	recombines	1	times
Individual	V	P14459_142_S42	recombines	1	times
Individual	V	P14459_144_S44	recombines	2	times
Individual	V	P14459_146_S46	recombines	1	times
Individual	V	P14459_147_S47	recombines	1	times
Individual	V	P14459_148_S48	recombines	1	times
Individual	V	P14459_149_S49	recombines	1	times
Individual	V	P14459_150_S50	recombines	1	times
Individual	V	P14459_151_S51	recombines	1	times
Individual	V	P14459_152_S52	recombines	1	times
Individual	V	P14459_153_S53	recombines	1	times
Individual	V	P14459_154_S54	recombines	1	times
Individual	V	P14459_155_S55	recombines	1	times
Individual	V	P14459_156_S56	recombines	1	times
Individual	V	P14459_158_S58	recombines	1	times
Individual	V	P14459_160_S60	recombines	1	times
Individual	V	P14459_162_S62	recombines	1	times
Individual	V	P14459_163_S63	recombines	2	times
Individual	V	P14459_164_S64	recombines	2	times
Individual	V	P14459_166_S66	recombines	1	times
Individual	V	P14459_167_S67	recombines	2	times
Individual	V	P14459_168_S68	recombines	1	times
Individual	V	P14459_169_S69	recombines	2	times
Individual	V	P14459_170_S70	recombines	1	times
Individual	V	P14459_171_S71	recombines	2	times
Individual	V	P14459_173_S73	recombines	1	times
Individual	V	P14459_176_S76	recombines	2	times
Individual	V	P14459_177_S77	recombines	1	times
Individual	V	P14459_179_S79	recombines	1	times
Individual	V	P14459_180_S80	recombines	1	times
Individual	V	P14459_181_S81	recombines	1	times
Individual	V	P14459_182_S82	recombines	1	times
Individual	V	P14459_183_S83	recombines	1	times
Individual	V	P14459_184_S84	recombines	1	times
Individual	V	P14459_185_S85	recombines	1	times
Individual	V	P14459_186_S86	recombines	1	times
Individual	V	P14459_187_S87	recombines	1	times
Individual	V	P14459_189_S89	recombines	1	times
Individual	V	P14459_190_S90	recombines	1	times
Individual	V	P14459_191_S91	recombines	1	times
Individual	V	P14459_192_S92	recombines	2	times
Individual	V	P14459_194_S94	recombines	1	times
Individual	V	P14459_195_S95	recombines	2	times
#*** LG = 0 likelihood = -6119.4644
#marker_number	male_position	female_position	( 0.0 )[	phased data]
6206	0.000	0.000	( 0 )	010011010000000001101110010101000000001000001101101010001000100000001010011111111001100010000000000000000000000000000000000000000000000000000000000000000000000000000000000000000000 0 0
6214	0.000	0.000	( 0 )	010011010000000001101110010101000000001000001101101010001000100000001010011111111001100010000000000000000000000000000000000000000000000000000000000000000000000000000000000000000000 0 0
6205	0.000	0.000	( 0 )	010011010000000001101110010101000000001000001101101010001000100000001010011111111001100010000000000000000000000000000000000000000000000000000000000000000000000000000000000000000000 0 0
6208	0.000	0.000	( 0 )	010011010000000001101110010101000000001000001101101010001000100000001010011111111001100010000000000000000000000000000000000000000000000000000000000000000000000000000000000000000000 0 0
6209	0.000	0.000	( 0 )	010011010000000001101110010101000000001000001101101010001000100000001010011111111001100010000000000000000000000000000000000000000000000000000000000000000000000000000000000000000000 0 0
6264	1.111	0.000	( 0 )	010011010000000001101110010101000000001000001101101010001000100000001010010111111001100010000000000000000000000000000000000000000000000000000000000000000000000000000000000000000000 1 0
5229	1.111	0.000	( 0 )	010011010000000001101110010101000000001000001101101010001000100000001010010111111001100010000000000000000000000000000000000000000000000000000000000000000000000000000000000000000000 0 0
5219	1.111	0.000	( 0 )	010011010000000001101110010101000000001000001101101010001000100000001010010111111001100010000000000000000000000000000000000000000000000000000000000000000000000000000000000000000000 0 0
6939	1.111	0.000	( 0 )	010011010000000001101110010101000000001000001101101010001000100000001010010111111001100010000000000000000000000000000000000000000000000000000000000000000000000000000000000000000000 0 0
6799	1.111	0.000	( 0 )	010011010000000001101110010101000000001000001101101010001000100000001010010111111001100010000000000000000000000000000000000000000000000000000000000000000000000000000000000000000000 0 0
5687	1.111	0.000	( 0 )	010011010000000001101110010101000000001000001101101010001000100000001010010111111001100010000000000000000000000000000000000000000000000000000000000000000000000000000000000000000000 0 0
5684	1.111	0.000	( 0 )	010011010000000001101110010101000000001000001101101010001000100000001010010111111001100010000000000000000000000000000000000000000000000000000000000000000000000000000000000000000000 0 0
19847	1.111	0.000	( 0 )	010011010000000001101110010101000000001000001101101010001000100000001010010111111001100010000000000000000000000000000000000000000000000000000000000000000000000000000000000000000000 0 0
6207	1.111	0.000	( 0 )	010011010000000001101110010101000000001000001101101010001000100000001010010111111001100010000000000000000000000000000000000000000000000000000000000000000000000000000000000000000000 0 0
5458	1.111	0.000	( 0 )	010011010000000001101110010101000000001000001101101010001000100000001010010111111001100010000000000000000000000000000000000000000000000000000000000000000000000000000000000000000000 0 0
5463	1.111	0.000	( 0 )	010011010000000001101110010101000000001000001101101010001000100000001010010111111001100010000000000000000000000000000000000000000000000000000000000000000000000000000000000000000000 0 0
6462	1.111	0.000	( 0 )	010011010000000001101110010101000000001000001101101010001000100000001010010111111001100010000000000000000000000000000000000000000000000000000000000000000000000000000000000000000000 0 0
5468	1.111	0.000	( 0 )	010011010000000001101110010101000000001000001101101010001000100000001010010111111001100010000000000000000000000000000000000000000000000000000000000000000000000000000000000000000000 0 0
6940	1.111	0.000	( 0 )	010011010000000001101110010101000000001000001101101010001000100000001010010111111001100010000000000000000000000000000000000000000000000000000000000000000000000000000000000000000000 0 0
6261	1.111	0.000	( 0 )	010011010000000001101110010101000000001000001101101010001000100000001010010111111001100010000000000000000000000000000000000000000000000000000000000000000000000000000000000000000000 0 0
6681	1.111	0.000	( 0 )	010011010000000001101110010101000000001000001101101010001000100000001010010111111001100010000000000000000000000000000000000000000000000000000000000000000000000000000000000000000000 0 0
6000	1.111	0.000	( 0 )	010011010000000001101110010101000000001000001101101010001000100000001010010111111001100010000000000000000000000000000000000000000000000000000000000000000000000000000000000000000000 0 0
5220	1.111	0.000	( 0 )	010011010000000001101110010101000000001000001101101010001000100000001010010111111001100010000000000000000000000000000000000000000000000000000000000000000000000000000000000000000000 0 0
5686	1.111	0.000	( 0 )	010011010000000001101110010101000000001000001101101010001000100000001010010111111001100010000000000000000000000000000000000000000000000000000000000000000000000000000000000000000000 0 0
5686	1.111	0.000	( 0 )	010011010000000001101110010101000000001000001101101010001000100000001010010111111001100010000000000000000000000000000000000000000000000000000000000000000000000000000000000000000000 0 0
5544	1.111	0.000	( 0 )	010011010000000001101110010101000000001000001101101010001000100000001010010111111001100010000000000000000000000000000000000000000000000000000000000000000000000000000000000000000000 0 0
6006	1.111	0.000	( 0 )	010011010000000001101110010101000000001000001101101010001000100000001010010111111001100010000000000000000000000000000000000000000000000000000000000000000000000000000000000000000000 0 0
5218	1.111	0.000	( 0 )	010011010000000001101110010101000000001000001101101010001000100000001010010111111001100010000000000000000000000000000000000000000000000000000000000000000000000000000000000000000000 0 0
6188	2.223	0.000	( 0 )	010011010000100001101110010101000000001000001101101010001000100000001010010111111001100010000000000000000000000000000000000000000000000000000000000000000000000000000000000000000000 1 0
6192	2.223	0.000	( 0 )	010011010000100001101110010101000000001000001101101010001000100000001010010111111001100010000000000000000000000000000000000000000000000000000000000000000000000000000000000000000000 0 0
6190	2.223	0.000	( 0 )	010011010000100001101110010101000000001000001101101010001000100000001010010111111001100010000000000000000000000000000000000000000000000000000000000000000000000000000000000000000000 0 0
6189	3.334	0.000	( 0 )	010011010000100001101110010101000000001000001101101010001001100000001010010111111001100010000000000000000000000000000000000000000000000000000000000000000000000000000000000000000000 1 0
6193	3.334	0.000	( 0 )	010011010000100001101110010101000000001000001101101010001001100000001010010111111001100010000000000000000000000000000000000000000000000000000000000000000000000000000000000000000000 0 0
5462	7.790	0.000	( 0 )	010011110100110001101111010101000000001000001101101010001001100000001010010111111001100010000000000000000000000000000000000000000000000000000000000000000000000000000000000000000000 4 0
5469	8.901	0.000	( 0 )	010011110100110001101111110101000000001000001101101010001001100000001010010111111001100010000000000000000000000000000000000000000000000000000000000000000000000000000000000000000000 1 0
5464	10.013	0.000	( 0 )	010011110101110001101111110101000000001000001101101010001001100000001010010111111001100010000000000000000000000000000000000000000000000000000000000000000000000000000000000000000000 1 0
5454	10.013	0.000	( 0 )	010011110101110001101111110101000000001000001101101010001001100000001010010111111001100010000000000000000000000000000000000000000000000000000000000000000000000000000000000000000000 0 0
5451	10.013	0.000	( 0 )	010011110101110001101111110101000000001000001101101010001001100000001010010111111001100010000000000000000000000000000000000000000000000000000000000000000000000000000000000000000000 0 0
5457	10.013	0.000	( 0 )	010011110101110001101111110101000000001000001101101010001001100000001010010111111001100010000000000000000000000000000000000000000000000000000000000000000000000000000000000000000000 0 0
3926	16.719	0.000	( 0 )	110011110101111001101111110101000000001010001111111010001001100000001010010111111001100011000000000000000000000000000000000000000000000000000000000000000000000000000000000000000000 6 0
3927	17.831	0.000	( 0 )	110011110101111001101111110101000000001010101111111010001001100000001010010111111001100011000000000000000000000000000000000000000000000000000000000000000000000000000000000000000000 1 0
6445	25.672	0.000	( 0 )	110011110101111001101111110101100000101010101111111010001001100110001011010111111001111011000000000000000000000000000000000000000000000000000000000000000000000000000000000000000000 7 0
6389	25.672	0.000	( 0 )	110011110101111001101111110101100000101010101111111010001001100110001011010111111001111011000000000000000000000000000000000000000000000000000000000000000000000000000000000000000000 0 0
6390	25.672	0.000	( 0 )	110011110101111001101111110101100000101010101111111010001001100110001011010111111001111011000000000000000000000000000000000000000000000000000000000000000000000000000000000000000000 0 0
6102	26.783	0.000	( 0 )	110011110101111001101111110101100001101010101111111010001001100110001011010111111001111011000000000000000000000000000000000000000000000000000000000000000000000000000000000000000000 1 0
5693	29.007	0.000	( 0 )	110111110101111001101111110101100001101010101111111010001001100110101011010111111001111011000000000000000000000000000000000000000000000000000000000000000000000000000000000000000000 2 0
5315	31.231	0.000	( 0 )	110111110101111001101111111101100001101010101111111010001001101110101011010111111001111011000000000000000000000000000000000000000000000000000000000000000000000000000000000000000000 2 0
5330	32.342	0.000	( 0 )	110111110101111001101111111101100001101010101111111010001001101110101011000111111001111011000000000000000000000000000000000000000000000000000000000000000000000000000000000000000000 1 0
5320	33.453	0.000	( 0 )	110111110101111001101111101101100001101010101111111010001001101110101011000111111001111011000000000000000000000000000000000000000000000000000000000000000000000000000000000000000000 1 0
5329	34.565	0.000	( 0 )	110111110101111001101111101101100001101010101111111010001001101110100011000111111001111011000000000000000000000000000000000000000000000000000000000000000000000000000000000000000000 1 0
5328	36.788	0.000	( 0 )	110111110101111001101111101101100001101010101111111010001001001110100001000111111001111011000000000000000000000000000000000000000000000000000000000000000000000000000000000000000000 2 0
5314	40.127	0.000	( 0 )	110111110101111001101111101101100001101010101111011010001001001110100001000111001001111011000000000000000000000000000000000000000000000000000000000000000000000000000000000000000000 3 0
5347	41.238	0.000	( 0 )	110111110101111000101111101101100001101010101111011010001001001110100001000111001001111011000000000000000000000000000000000000000000000000000000000000000000000000000000000000000000 1 0
5197	44.576	0.000	( 0 )	110100110101111000101111101001100001101010101111011010001001001110100001000111001001111011000000000000000000000000000000000000000000000000000000000000000000000000000000000000000000 3 0
5207	44.576	0.000	( 0 )	110100110101111000101111101001100001101010101111011010001001001110100001000111001001111011000000000000000000000000000000000000000000000000000000000000000000000000000000000000000000 0 0
5196	44.576	0.000	( 0 )	110100110101111000101111101001100001101010101111011010001001001110100001000111001001111011000000000000000000000000000000000000000000000000000000000000000000000000000000000000000000 0 0
5205	44.576	0.000	( 0 )	110100110101111000101111101001100001101010101111011010001001001110100001000111001001111011000000000000000000000000000000000000000000000000000000000000000000000000000000000000000000 0 0
5211	44.576	0.000	( 0 )	110100110101111000101111101001100001101010101111011010001001001110100001000111001001111011000000000000000000000000000000000000000000000000000000000000000000000000000000000000000000 0 0
5202	44.576	0.000	( 0 )	110100110101111000101111101001100001101010101111011010001001001110100001000111001001111011000000000000000000000000000000000000000000000000000000000000000000000000000000000000000000 0 0
5210	44.576	0.000	( 0 )	110100110101111000101111101001100001101010101111011010001001001110100001000111001001111011000000000000000000000000000000000000000000000000000000000000000000000000000000000000000000 0 0
5206	44.576	0.000	( 0 )	110100110101111000101111101001100001101010101111011010001001001110100001000111001001111011000000000000000000000000000000000000000000000000000000000000000000000000000000000000000000 0 0
5199	44.576	0.000	( 0 )	110100110101111000101111101001100001101010101111011010001001001110100001000111001001111011000000000000000000000000000000000000000000000000000000000000000000000000000000000000000000 0 0
5195	44.576	0.000	( 0 )	110100110101111000101111101001100001101010101111011010001001001110100001000111001001111011000000000000000000000000000000000000000000000000000000000000000000000000000000000000000000 0 0
5378	44.576	0.000	( 0 )	110100110101111000101111101001100001101010101111011010001001001110100001000111001001111011000000000000000000000000000000000000000000000000000000000000000000000000000000000000000000 0 0
5209	44.576	0.000	( 0 )	110100110101111000101111101001100001101010101111011010001001001110100001000111001001111011000000000000000000000000000000000000000000000000000000000000000000000000000000000000000000 0 0
5189	45.687	0.000	( 0 )	110100110101111000101111101001100001101010101111011010001001001110100001000111001000111011000000000000000000000000000000000000000000000000000000000000000000000000000000000000000000 1 0
5188	45.687	0.000	( 0 )	110100110101111000101111101001100001101010101111011010001001001110100001000111001000111011000000000000000000000000000000000000000000000000000000000000000000000000000000000000000000 0 0
5193	45.687	0.000	( 0 )	110100110101111000101111101001100001101010101111011010001001001110100001000111001000111011000000000000000000000000000000000000000000000000000000000000000000000000000000000000000000 0 0
5396	45.687	0.000	( 0 )	110100110101111000101111101001100001101010101111011010001001001110100001000111001000111011000000000000000000000000000000000000000000000000000000000000000000000000000000000000000000 0 0
5187	45.687	0.000	( 0 )	110100110101111000101111101001100001101010101111011010001001001110100001000111001000111011000000000000000000000000000000000000000000000000000000000000000000000000000000000000000000 0 0
5184	45.687	0.000	( 0 )	110100110101111000101111101001100001101010101111011010001001001110100001000111001000111011000000000000000000000000000000000000000000000000000000000000000000000000000000000000000000 0 0
5183	45.687	0.000	( 0 )	110100110101111000101111101001100001101010101111011010001001001110100001000111001000111011000000000000000000000000000000000000000000000000000000000000000000000000000000000000000000 0 0
5191	45.687	0.000	( 0 )	110100110101111000101111101001100001101010101111011010001001001110100001000111001000111011000000000000000000000000000000000000000000000000000000000000000000000000000000000000000000 0 0
5185	45.687	0.000	( 0 )	110100110101111000101111101001100001101010101111011010001001001110100001000111001000111011000000000000000000000000000000000000000000000000000000000000000000000000000000000000000000 0 0
5264	46.799	0.000	( 0 )	110100110101111000101111101001100001101010101111011010001001001110100001000011001000111011000000000000000000000000000000000000000000000000000000000000000000000000000000000000000000 1 0
5253	46.799	0.000	( 0 )	110100110101111000101111101001100001101010101111011010001001001110100001000011001000111011000000000000000000000000000000000000000000000000000000000000000000000000000000000000000000 0 0
5242	46.799	0.000	( 0 )	110100110101111000101111101001100001101010101111011010001001001110100001000011001000111011000000000000000000000000000000000000000000000000000000000000000000000000000000000000000000 0 0
5300	46.799	0.000	( 0 )	110100110101111000101111101001100001101010101111011010001001001110100001000011001000111011000000000000000000000000000000000000000000000000000000000000000000000000000000000000000000 0 0
5255	46.799	0.000	( 0 )	110100110101111000101111101001100001101010101111011010001001001110100001000011001000111011000000000000000000000000000000000000000000000000000000000000000000000000000000000000000000 0 0
5400	46.799	0.000	( 0 )	110100110101111000101111101001100001101010101111011010001001001110100001000011001000111011000000000000000000000000000000000000000000000000000000000000000000000000000000000000000000 0 0
5180	46.799	0.000	( 0 )	110100110101111000101111101001100001101010101111011010001001001110100001000011001000111011000000000000000000000000000000000000000000000000000000000000000000000000000000000000000000 0 0
5403	46.799	0.000	( 0 )	110100110101111000101111101001100001101010101111011010001001001110100001000011001000111011000000000000000000000000000000000000000000000000000000000000000000000000000000000000000000 0 0
5267	46.799	0.000	( 0 )	110100110101111000101111101001100001101010101111011010001001001110100001000011001000111011000000000000000000000000000000000000000000000000000000000000000000000000000000000000000000 0 0
5406	46.799	0.000	( 0 )	110100110101111000101111101001100001101010101111011010001001001110100001000011001000111011000000000000000000000000000000000000000000000000000000000000000000000000000000000000000000 0 0
5404	46.799	0.000	( 0 )	110100110101111000101111101001100001101010101111011010001001001110100001000011001000111011000000000000000000000000000000000000000000000000000000000000000000000000000000000000000000 0 0
5186	46.799	0.000	( 0 )	110100110101111000101111101001100001101010101111011010001001001110100001000011001000111011000000000000000000000000000000000000000000000000000000000000000000000000000000000000000000 0 0
5177	46.799	0.000	( 0 )	110100110101111000101111101001100001101010101111011010001001001110100001000011001000111011000000000000000000000000000000000000000000000000000000000000000000000000000000000000000000 0 0
5256	46.799	0.000	( 0 )	110100110101111000101111101001100001101010101111011010001001001110100001000011001000111011000000000000000000000000000000000000000000000000000000000000000000000000000000000000000000 0 0
5179	46.799	0.000	( 0 )	110100110101111000101111101001100001101010101111011010001001001110100001000011001000111011000000000000000000000000000000000000000000000000000000000000000000000000000000000000000000 0 0
5393	46.799	0.000	( 0 )	110100110101111000101111101001100001101010101111011010001001001110100001000011001000111011000000000000000000000000000000000000000000000000000000000000000000000000000000000000000000 0 0
5254	46.799	0.000	( 0 )	110100110101111000101111101001100001101010101111011010001001001110100001000011001000111011000000000000000000000000000000000000000000000000000000000000000000000000000000000000000000 0 0
5178	46.799	0.000	( 0 )	110100110101111000101111101001100001101010101111011010001001001110100001000011001000111011000000000000000000000000000000000000000000000000000000000000000000000000000000000000000000 0 0
5243	46.799	0.000	( 0 )	110100110101111000101111101001100001101010101111011010001001001110100001000011001000111011000000000000000000000000000000000000000000000000000000000000000000000000000000000000000000 0 0
5175	46.799	0.000	( 0 )	110100110101111000101111101001100001101010101111011010001001001110100001000011001000111011000000000000000000000000000000000000000000000000000000000000000000000000000000000000000000 0 0
5176	46.799	0.000	( 0 )	110100110101111000101111101001100001101010101111011010001001001110100001000011001000111011000000000000000000000000000000000000000000000000000000000000000000000000000000000000000000 0 0
5395	46.799	0.000	( 0 )	110100110101111000101111101001100001101010101111011010001001001110100001000011001000111011000000000000000000000000000000000000000000000000000000000000000000000000000000000000000000 0 0
5299	46.799	0.000	( 0 )	110100110101111000101111101001100001101010101111011010001001001110100001000011001000111011000000000000000000000000000000000000000000000000000000000000000000000000000000000000000000 0 0
5402	46.799	0.000	( 0 )	110100110101111000101111101001100001101010101111011010001001001110100001000011001000111011000000000000000000000000000000000000000000000000000000000000000000000000000000000000000000 0 0
5170	46.799	0.000	( 0 )	110100110101111000101111101001100001101010101111011010001001001110100001000011001000111011000000000000000000000000000000000000000000000000000000000000000000000000000000000000000000 0 0
5174	46.799	0.000	( 0 )	110100110101111000101111101001100001101010101111011010001001001110100001000011001000111011000000000000000000000000000000000000000000000000000000000000000000000000000000000000000000 0 0
5429	47.910	0.000	( 0 )	110100110101111000101111100001100001101010101111011010001001001110100001000011001000111011000000000000000000000000000000000000000000000000000000000000000000000000000000000000000000 1 0
5459	47.910	0.000	( 0 )	110100110101111000101111100001100001101010101111011010001001001110100001000011001000111011000000000000000000000000000000000000000000000000000000000000000000000000000000000000000000 0 0
5430	47.910	0.000	( 0 )	110100110101111000101111100001100001101010101111011010001001001110100001000011001000111011000000000000000000000000000000000000000000000000000000000000000000000000000000000000000000 0 0
5475	47.910	0.000	( 0 )	110100110101111000101111100001100001101010101111011010001001001110100001000011001000111011000000000000000000000000000000000000000000000000000000000000000000000000000000000000000000 0 0
5460	47.910	0.000	( 0 )	110100110101111000101111100001100001101010101111011010001001001110100001000011001000111011000000000000000000000000000000000000000000000000000000000000000000000000000000000000000000 0 0
5465	47.910	0.000	( 0 )	110100110101111000101111100001100001101010101111011010001001001110100001000011001000111011000000000000000000000000000000000000000000000000000000000000000000000000000000000000000000 0 0
5427	47.910	0.000	( 0 )	110100110101111000101111100001100001101010101111011010001001001110100001000011001000111011000000000000000000000000000000000000000000000000000000000000000000000000000000000000000000 0 0
5487	50.134	0.000	( 0 )	110100110101111000001111100001100001101010101111011010001001000110100001000011001000111011000000000000000000000000000000000000000000000000000000000000000000000000000000000000000000 2 0
5579	50.134	0.000	( 0 )	110100110101111000001111100001100001101010101111011010001001000110100001000011001000111011000000000000000000000000000000000000000000000000000000000000000000000000000000000000000000 0 0
5494	50.134	0.000	( 0 )	110100110101111000001111100001100001101010101111011010001001000110100001000011001000111011000000000000000000000000000000000000000000000000000000000000000000000000000000000000000000 0 0
5517	50.134	0.000	( 0 )	110100110101111000001111100001100001101010101111011010001001000110100001000011001000111011000000000000000000000000000000000000000000000000000000000000000000000000000000000000000000 0 0
5488	50.134	0.000	( 0 )	110100110101111000001111100001100001101010101111011010001001000110100001000011001000111011000000000000000000000000000000000000000000000000000000000000000000000000000000000000000000 0 0
5508	50.134	0.000	( 0 )	110100110101111000001111100001100001101010101111011010001001000110100001000011001000111011000000000000000000000000000000000000000000000000000000000000000000000000000000000000000000 0 0
5515	50.134	0.000	( 0 )	110100110101111000001111100001100001101010101111011010001001000110100001000011001000111011000000000000000000000000000000000000000000000000000000000000000000000000000000000000000000 0 0
5497	50.134	0.000	( 0 )	110100110101111000001111100001100001101010101111011010001001000110100001000011001000111011000000000000000000000000000000000000000000000000000000000000000000000000000000000000000000 0 0
5501	50.134	0.000	( 0 )	110100110101111000001111100001100001101010101111011010001001000110100001000011001000111011000000000000000000000000000000000000000000000000000000000000000000000000000000000000000000 0 0
5485	50.134	0.000	( 0 )	110100110101111000001111100001100001101010101111011010001001000110100001000011001000111011000000000000000000000000000000000000000000000000000000000000000000000000000000000000000000 0 0
5518	50.134	0.000	( 0 )	110100110101111000001111100001100001101010101111011010001001000110100001000011001000111011000000000000000000000000000000000000000000000000000000000000000000000000000000000000000000 0 0
5500	50.134	0.000	( 0 )	110100110101111000001111100001100001101010101111011010001001000110100001000011001000111011000000000000000000000000000000000000000000000000000000000000000000000000000000000000000000 0 0
5519	50.134	0.000	( 0 )	110100110101111000001111100001100001101010101111011010001001000110100001000011001000111011000000000000000000000000000000000000000000000000000000000000000000000000000000000000000000 0 0
5502	50.134	0.000	( 0 )	110100110101111000001111100001100001101010101111011010001001000110100001000011001000111011000000000000000000000000000000000000000000000000000000000000000000000000000000000000000000 0 0
5580	50.134	0.000	( 0 )	110100110101111000001111100001100001101010101111011010001001000110100001000011001000111011000000000000000000000000000000000000000000000000000000000000000000000000000000000000000000 0 0
5499	50.134	0.000	( 0 )	110100110101111000001111100001100001101010101111011010001001000110100001000011001000111011000000000000000000000000000000000000000000000000000000000000000000000000000000000000000000 0 0
5631	52.357	0.000	( 0 )	110100110101111000001111100000100001101010101111010010001001000110100001000011001000111011000000000000000000000000000000000000000000000000000000000000000000000000000000000000000000 2 0
5679	52.357	0.000	( 0 )	110100110101111000001111100000100001101010101111010010001001000110100001000011001000111011000000000000000000000000000000000000000000000000000000000000000000000000000000000000000000 0 0
5705	52.357	0.000	( 0 )	110100110101111000001111100000100001101010101111010010001001000110100001000011001000111011000000000000000000000000000000000000000000000000000000000000000000000000000000000000000000 0 0
5739	52.357	0.000	( 0 )	110100110101111000001111100000100001101010101111010010001001000110100001000011001000111011000000000000000000000000000000000000000000000000000000000000000000000000000000000000000000 0 0
5698	52.357	0.000	( 0 )	110100110101111000001111100000100001101010101111010010001001000110100001000011001000111011000000000000000000000000000000000000000000000000000000000000000000000000000000000000000000 0 0
5717	52.357	0.000	( 0 )	110100110101111000001111100000100001101010101111010010001001000110100001000011001000111011000000000000000000000000000000000000000000000000000000000000000000000000000000000000000000 0 0
5632	52.357	0.000	( 0 )	110100110101111000001111100000100001101010101111010010001001000110100001000011001000111011000000000000000000000000000000000000000000000000000000000000000000000000000000000000000000 0 0
5629	52.357	0.000	( 0 )	110100110101111000001111100000100001101010101111010010001001000110100001000011001000111011000000000000000000000000000000000000000000000000000000000000000000000000000000000000000000 0 0
5661	52.357	0.000	( 0 )	110100110101111000001111100000100001101010101111010010001001000110100001000011001000111011000000000000000000000000000000000000000000000000000000000000000000000000000000000000000000 0 0
5761	52.357	0.000	( 0 )	110100110101111000001111100000100001101010101111010010001001000110100001000011001000111011000000000000000000000000000000000000000000000000000000000000000000000000000000000000000000 0 0
5765	52.357	0.000	( 0 )	110100110101111000001111100000100001101010101111010010001001000110100001000011001000111011000000000000000000000000000000000000000000000000000000000000000000000000000000000000000000 0 0
5716	52.357	0.000	( 0 )	110100110101111000001111100000100001101010101111010010001001000110100001000011001000111011000000000000000000000000000000000000000000000000000000000000000000000000000000000000000000 0 0
5700	52.357	0.000	( 0 )	110100110101111000001111100000100001101010101111010010001001000110100001000011001000111011000000000000000000000000000000000000000000000000000000000000000000000000000000000000000000 0 0
5770	54.581	0.000	( 0 )	110100100101111000001111100000100001101010101111010010000001000110100001000011001000111011000000000000000000000000000000000000000000000000000000000000000000000000000000000000000000 2 0
5482	55.692	0.000	( 0 )	110100100101111000001111100000100001101010101111010010000001000110100001000010001000111011000000000000000000000000000000000000000000000000000000000000000000000000000000000000000000 1 0
5367	55.692	0.000	( 0 )	110100100101111000001111100000100001101010101111010010000001000110100001000010001000111011000000000000000000000000000000000000000000000000000000000000000000000000000000000000000000 0 0
5793	56.804	0.000	( 0 )	110100100101111000001111100100100001101010101111010010000001000110100001000010001000111011000000000000000000000000000000000000000000000000000000000000000000000000000000000000000000 1 0
5912	60.142	0.000	( 0 )	110100000101111000001111100100100000101010101111010010000001000110000001000010001000111011000000000000000000000000000000000000000000000000000000000000000000000000000000000000000000 3 0
5826	61.253	0.000	( 0 )	110100000101111000001111100100100000101010101111010010000001000110000011000010001000111011000000000000000000000000000000000000000000000000000000000000000000000000000000000000000000 1 0
5923	61.253	0.000	( 0 )	110100000101111000001111100100100000101010101111010010000001000110000011000010001000111011000000000000000000000000000000000000000000000000000000000000000000000000000000000000000000 0 0
5842	61.253	0.000	( 0 )	110100000101111000001111100100100000101010101111010010000001000110000011000010001000111011000000000000000000000000000000000000000000000000000000000000000000000000000000000000000000 0 0
5856	61.253	0.000	( 0 )	110100000101111000001111100100100000101010101111010010000001000110000011000010001000111011000000000000000000000000000000000000000000000000000000000000000000000000000000000000000000 0 0
5813	61.253	0.000	( 0 )	110100000101111000001111100100100000101010101111010010000001000110000011000010001000111011000000000000000000000000000000000000000000000000000000000000000000000000000000000000000000 0 0
5862	61.253	0.000	( 0 )	110100000101111000001111100100100000101010101111010010000001000110000011000010001000111011000000000000000000000000000000000000000000000000000000000000000000000000000000000000000000 0 0
5821	61.253	0.000	( 0 )	110100000101111000001111100100100000101010101111010010000001000110000011000010001000111011000000000000000000000000000000000000000000000000000000000000000000000000000000000000000000 0 0
5828	61.253	0.000	( 0 )	110100000101111000001111100100100000101010101111010010000001000110000011000010001000111011000000000000000000000000000000000000000000000000000000000000000000000000000000000000000000 0 0
5916	61.253	0.000	( 0 )	110100000101111000001111100100100000101010101111010010000001000110000011000010001000111011000000000000000000000000000000000000000000000000000000000000000000000000000000000000000000 0 0
5861	61.253	0.000	( 0 )	110100000101111000001111100100100000101010101111010010000001000110000011000010001000111011000000000000000000000000000000000000000000000000000000000000000000000000000000000000000000 0 0
5816	61.253	0.000	( 0 )	110100000101111000001111100100100000101010101111010010000001000110000011000010001000111011000000000000000000000000000000000000000000000000000000000000000000000000000000000000000000 0 0
5808	61.253	0.000	( 0 )	110100000101111000001111100100100000101010101111010010000001000110000011000010001000111011000000000000000000000000000000000000000000000000000000000000000000000000000000000000000000 0 0
5817	61.253	0.000	( 0 )	110100000101111000001111100100100000101010101111010010000001000110000011000010001000111011000000000000000000000000000000000000000000000000000000000000000000000000000000000000000000 0 0
5908	61.253	0.000	( 0 )	110100000101111000001111100100100000101010101111010010000001000110000011000010001000111011000000000000000000000000000000000000000000000000000000000000000000000000000000000000000000 0 0
5844	61.253	0.000	( 0 )	110100000101111000001111100100100000101010101111010010000001000110000011000010001000111011000000000000000000000000000000000000000000000000000000000000000000000000000000000000000000 0 0
5858	61.253	0.000	( 0 )	110100000101111000001111100100100000101010101111010010000001000110000011000010001000111011000000000000000000000000000000000000000000000000000000000000000000000000000000000000000000 0 0
5913	61.253	0.000	( 0 )	110100000101111000001111100100100000101010101111010010000001000110000011000010001000111011000000000000000000000000000000000000000000000000000000000000000000000000000000000000000000 0 0
5814	61.253	0.000	( 0 )	110100000101111000001111100100100000101010101111010010000001000110000011000010001000111011000000000000000000000000000000000000000000000000000000000000000000000000000000000000000000 0 0
30104	61.253	0.000	( 0 )	110100000101111000001111100100100000101010101111010010000001000110000011000010001000111011000000000000000000000000000000000000000000000000000000000000000000000000000000000000000000 0 0
5921	61.253	0.000	( 0 )	110100000101111000001111100100100000101010101111010010000001000110000011000010001000111011000000000000000000000000000000000000000000000000000000000000000000000000000000000000000000 0 0
5911	61.253	0.000	( 0 )	110100000101111000001111100100100000101010101111010010000001000110000011000010001000111011000000000000000000000000000000000000000000000000000000000000000000000000000000000000000000 0 0
5845	61.253	0.000	( 0 )	110100000101111000001111100100100000101010101111010010000001000110000011000010001000111011000000000000000000000000000000000000000000000000000000000000000000000000000000000000000000 0 0
5807	61.253	0.000	( 0 )	110100000101111000001111100100100000101010101111010010000001000110000011000010001000111011000000000000000000000000000000000000000000000000000000000000000000000000000000000000000000 0 0
5806	61.253	0.000	( 0 )	110100000101111000001111100100100000101010101111010010000001000110000011000010001000111011000000000000000000000000000000000000000000000000000000000000000000000000000000000000000000 0 0
6075	64.592	0.000	( 0 )	110000000101111000001111100100110000111010101111010010000001000110000011000010001000111011000000000000000000000000000000000000000000000000000000000000000000000000000000000000000000 3 0
6068	64.592	0.000	( 0 )	110000000101111000001111100100110000111010101111010010000001000110000011000010001000111011000000000000000000000000000000000000000000000000000000000000000000000000000000000000000000 0 0
6072	64.592	0.000	( 0 )	110000000101111000001111100100110000111010101111010010000001000110000011000010001000111011000000000000000000000000000000000000000000000000000000000000000000000000000000000000000000 0 0
5969	64.592	0.000	( 0 )	110000000101111000001111100100110000111010101111010010000001000110000011000010001000111011000000000000000000000000000000000000000000000000000000000000000000000000000000000000000000 0 0
6035	64.592	0.000	( 0 )	110000000101111000001111100100110000111010101111010010000001000110000011000010001000111011000000000000000000000000000000000000000000000000000000000000000000000000000000000000000000 0 0
6017	64.592	0.000	( 0 )	110000000101111000001111100100110000111010101111010010000001000110000011000010001000111011000000000000000000000000000000000000000000000000000000000000000000000000000000000000000000 0 0
6067	64.592	0.000	( 0 )	110000000101111000001111100100110000111010101111010010000001000110000011000010001000111011000000000000000000000000000000000000000000000000000000000000000000000000000000000000000000 0 0
5986	64.592	0.000	( 0 )	110000000101111000001111100100110000111010101111010010000001000110000011000010001000111011000000000000000000000000000000000000000000000000000000000000000000000000000000000000000000 0 0
6019	64.592	0.000	( 0 )	110000000101111000001111100100110000111010101111010010000001000110000011000010001000111011000000000000000000000000000000000000000000000000000000000000000000000000000000000000000000 0 0
6016	64.592	0.000	( 0 )	110000000101111000001111100100110000111010101111010010000001000110000011000010001000111011000000000000000000000000000000000000000000000000000000000000000000000000000000000000000000 0 0
6127	65.703	0.000	( 0 )	110000000101110000001111100100110000111010101111010010000001000110000011000010001000111011000000000000000000000000000000000000000000000000000000000000000000000000000000000000000000 1 0
6106	65.703	0.000	( 0 )	110000000101110000001111100100110000111010101111010010000001000110000011000010001000111011000000000000000000000000000000000000000000000000000000000000000000000000000000000000000000 0 0
6111	65.703	0.000	( 0 )	110000000101110000001111100100110000111010101111010010000001000110000011000010001000111011000000000000000000000000000000000000000000000000000000000000000000000000000000000000000000 0 0
6110	65.703	0.000	( 0 )	110000000101110000001111100100110000111010101111010010000001000110000011000010001000111011000000000000000000000000000000000000000000000000000000000000000000000000000000000000000000 0 0
6360	65.703	0.000	( 0 )	110000000101110000001111100100110000111010101111010010000001000110000011000010001000111011000000000000000000000000000000000000000000000000000000000000000000000000000000000000000000 0 0
6104	65.703	0.000	( 0 )	110000000101110000001111100100110000111010101111010010000001000110000011000010001000111011000000000000000000000000000000000000000000000000000000000000000000000000000000000000000000 0 0
6109	65.703	0.000	( 0 )	110000000101110000001111100100110000111010101111010010000001000110000011000010001000111011000000000000000000000000000000000000000000000000000000000000000000000000000000000000000000 0 0
6120	65.703	0.000	( 0 )	110000000101110000001111100100110000111010101111010010000001000110000011000010001000111011000000000000000000000000000000000000000000000000000000000000000000000000000000000000000000 0 0
6123	65.703	0.000	( 0 )	110000000101110000001111100100110000111010101111010010000001000110000011000010001000111011000000000000000000000000000000000000000000000000000000000000000000000000000000000000000000 0 0
6116	65.703	0.000	( 0 )	110000000101110000001111100100110000111010101111010010000001000110000011000010001000111011000000000000000000000000000000000000000000000000000000000000000000000000000000000000000000 0 0
6129	65.703	0.000	( 0 )	110000000101110000001111100100110000111010101111010010000001000110000011000010001000111011000000000000000000000000000000000000000000000000000000000000000000000000000000000000000000 0 0
6112	65.703	0.000	( 0 )	110000000101110000001111100100110000111010101111010010000001000110000011000010001000111011000000000000000000000000000000000000000000000000000000000000000000000000000000000000000000 0 0
6121	65.703	0.000	( 0 )	110000000101110000001111100100110000111010101111010010000001000110000011000010001000111011000000000000000000000000000000000000000000000000000000000000000000000000000000000000000000 0 0
6107	65.703	0.000	( 0 )	110000000101110000001111100100110000111010101111010010000001000110000011000010001000111011000000000000000000000000000000000000000000000000000000000000000000000000000000000000000000 0 0
6108	65.703	0.000	( 0 )	110000000101110000001111100100110000111010101111010010000001000110000011000010001000111011000000000000000000000000000000000000000000000000000000000000000000000000000000000000000000 0 0
6128	65.703	0.000	( 0 )	110000000101110000001111100100110000111010101111010010000001000110000011000010001000111011000000000000000000000000000000000000000000000000000000000000000000000000000000000000000000 0 0
6115	65.703	0.000	( 0 )	110000000101110000001111100100110000111010101111010010000001000110000011000010001000111011000000000000000000000000000000000000000000000000000000000000000000000000000000000000000000 0 0
6122	65.703	0.000	( 0 )	110000000101110000001111100100110000111010101111010010000001000110000011000010001000111011000000000000000000000000000000000000000000000000000000000000000000000000000000000000000000 0 0
6131	65.703	0.000	( 0 )	110000000101110000001111100100110000111010101111010010000001000110000011000010001000111011000000000000000000000000000000000000000000000000000000000000000000000000000000000000000000 0 0
6124	65.703	0.000	( 0 )	110000000101110000001111100100110000111010101111010010000001000110000011000010001000111011000000000000000000000000000000000000000000000000000000000000000000000000000000000000000000 0 0
6237	66.814	0.000	( 0 )	110000000101110000001111100100110000110010101111010010000001000110000011000010001000111011000000000000000000000000000000000000000000000000000000000000000000000000000000000000000000 1 0
6215	66.814	0.000	( 0 )	110000000101110000001111100100110000110010101111010010000001000110000011000010001000111011000000000000000000000000000000000000000000000000000000000000000000000000000000000000000000 0 0
6241	66.814	0.000	( 0 )	110000000101110000001111100100110000110010101111010010000001000110000011000010001000111011000000000000000000000000000000000000000000000000000000000000000000000000000000000000000000 0 0
6228	66.814	0.000	( 0 )	110000000101110000001111100100110000110010101111010010000001000110000011000010001000111011000000000000000000000000000000000000000000000000000000000000000000000000000000000000000000 0 0
6284	66.814	0.000	( 0 )	110000000101110000001111100100110000110010101111010010000001000110000011000010001000111011000000000000000000000000000000000000000000000000000000000000000000000000000000000000000000 0 0
6246	66.814	0.000	( 0 )	110000000101110000001111100100110000110010101111010010000001000110000011000010001000111011000000000000000000000000000000000000000000000000000000000000000000000000000000000000000000 0 0
6243	66.814	0.000	( 0 )	110000000101110000001111100100110000110010101111010010000001000110000011000010001000111011000000000000000000000000000000000000000000000000000000000000000000000000000000000000000000 0 0
6230	66.814	0.000	( 0 )	110000000101110000001111100100110000110010101111010010000001000110000011000010001000111011000000000000000000000000000000000000000000000000000000000000000000000000000000000000000000 0 0
6134	66.814	0.000	( 0 )	110000000101110000001111100100110000110010101111010010000001000110000011000010001000111011000000000000000000000000000000000000000000000000000000000000000000000000000000000000000000 0 0
6233	66.814	0.000	( 0 )	110000000101110000001111100100110000110010101111010010000001000110000011000010001000111011000000000000000000000000000000000000000000000000000000000000000000000000000000000000000000 0 0
6244	66.814	0.000	( 0 )	110000000101110000001111100100110000110010101111010010000001000110000011000010001000111011000000000000000000000000000000000000000000000000000000000000000000000000000000000000000000 0 0
6220	66.814	0.000	( 0 )	110000000101110000001111100100110000110010101111010010000001000110000011000010001000111011000000000000000000000000000000000000000000000000000000000000000000000000000000000000000000 0 0
6274	66.814	0.000	( 0 )	110000000101110000001111100100110000110010101111010010000001000110000011000010001000111011000000000000000000000000000000000000000000000000000000000000000000000000000000000000000000 0 0
6245	66.814	0.000	( 0 )	110000000101110000001111100100110000110010101111010010000001000110000011000010001000111011000000000000000000000000000000000000000000000000000000000000000000000000000000000000000000 0 0
6227	66.814	0.000	( 0 )	110000000101110000001111100100110000110010101111010010000001000110000011000010001000111011000000000000000000000000000000000000000000000000000000000000000000000000000000000000000000 0 0
6147	66.814	0.000	( 0 )	110000000101110000001111100100110000110010101111010010000001000110000011000010001000111011000000000000000000000000000000000000000000000000000000000000000000000000000000000000000000 0 0
6144	66.814	0.000	( 0 )	110000000101110000001111100100110000110010101111010010000001000110000011000010001000111011000000000000000000000000000000000000000000000000000000000000000000000000000000000000000000 0 0
6240	66.814	0.000	( 0 )	110000000101110000001111100100110000110010101111010010000001000110000011000010001000111011000000000000000000000000000000000000000000000000000000000000000000000000000000000000000000 0 0
6285	66.814	0.000	( 0 )	110000000101110000001111100100110000110010101111010010000001000110000011000010001000111011000000000000000000000000000000000000000000000000000000000000000000000000000000000000000000 0 0
6225	66.814	0.000	( 0 )	110000000101110000001111100100110000110010101111010010000001000110000011000010001000111011000000000000000000000000000000000000000000000000000000000000000000000000000000000000000000 0 0
6146	66.814	0.000	( 0 )	110000000101110000001111100100110000110010101111010010000001000110000011000010001000111011000000000000000000000000000000000000000000000000000000000000000000000000000000000000000000 0 0
6229	66.814	0.000	( 0 )	110000000101110000001111100100110000110010101111010010000001000110000011000010001000111011000000000000000000000000000000000000000000000000000000000000000000000000000000000000000000 0 0
6325	67.925	0.000	( 0 )	110000000101110000001111100100110000110010111111010010000001000110000011000010001000111011000000000000000000000000000000000000000000000000000000000000000000000000000000000000000000 1 0
6373	67.925	0.000	( 0 )	110000000101110000001111100100110000110010111111010010000001000110000011000010001000111011000000000000000000000000000000000000000000000000000000000000000000000000000000000000000000 0 0
6372	67.925	0.000	( 0 )	110000000101110000001111100100110000110010111111010010000001000110000011000010001000111011000000000000000000000000000000000000000000000000000000000000000000000000000000000000000000 0 0
6346	67.925	0.000	( 0 )	110000000101110000001111100100110000110010111111010010000001000110000011000010001000111011000000000000000000000000000000000000000000000000000000000000000000000000000000000000000000 0 0
6336	67.925	0.000	( 0 )	110000000101110000001111100100110000110010111111010010000001000110000011000010001000111011000000000000000000000000000000000000000000000000000000000000000000000000000000000000000000 0 0
6351	67.925	0.000	( 0 )	110000000101110000001111100100110000110010111111010010000001000110000011000010001000111011000000000000000000000000000000000000000000000000000000000000000000000000000000000000000000 0 0
6348	67.925	0.000	( 0 )	110000000101110000001111100100110000110010111111010010000001000110000011000010001000111011000000000000000000000000000000000000000000000000000000000000000000000000000000000000000000 0 0
6374	67.925	0.000	( 0 )	110000000101110000001111100100110000110010111111010010000001000110000011000010001000111011000000000000000000000000000000000000000000000000000000000000000000000000000000000000000000 0 0
6375	67.925	0.000	( 0 )	110000000101110000001111100100110000110010111111010010000001000110000011000010001000111011000000000000000000000000000000000000000000000000000000000000000000000000000000000000000000 0 0
6338	67.925	0.000	( 0 )	110000000101110000001111100100110000110010111111010010000001000110000011000010001000111011000000000000000000000000000000000000000000000000000000000000000000000000000000000000000000 0 0
6366	67.925	0.000	( 0 )	110000000101110000001111100100110000110010111111010010000001000110000011000010001000111011000000000000000000000000000000000000000000000000000000000000000000000000000000000000000000 0 0
6330	67.925	0.000	( 0 )	110000000101110000001111100100110000110010111111010010000001000110000011000010001000111011000000000000000000000000000000000000000000000000000000000000000000000000000000000000000000 0 0
6376	67.925	0.000	( 0 )	110000000101110000001111100100110000110010111111010010000001000110000011000010001000111011000000000000000000000000000000000000000000000000000000000000000000000000000000000000000000 0 0
6334	67.925	0.000	( 0 )	110000000101110000001111100100110000110010111111010010000001000110000011000010001000111011000000000000000000000000000000000000000000000000000000000000000000000000000000000000000000 0 0
6331	67.925	0.000	( 0 )	110000000101110000001111100100110000110010111111010010000001000110000011000010001000111011000000000000000000000000000000000000000000000000000000000000000000000000000000000000000000 0 0
6358	67.925	0.000	( 0 )	110000000101110000001111100100110000110010111111010010000001000110000011000010001000111011000000000000000000000000000000000000000000000000000000000000000000000000000000000000000000 0 0
6367	67.925	0.000	( 0 )	110000000101110000001111100100110000110010111111010010000001000110000011000010001000111011000000000000000000000000000000000000000000000000000000000000000000000000000000000000000000 0 0
6318	67.925	0.000	( 0 )	110000000101110000001111100100110000110010111111010010000001000110000011000010001000111011000000000000000000000000000000000000000000000000000000000000000000000000000000000000000000 0 0
6329	67.925	0.000	( 0 )	110000000101110000001111100100110000110010111111010010000001000110000011000010001000111011000000000000000000000000000000000000000000000000000000000000000000000000000000000000000000 0 0
6321	67.925	0.000	( 0 )	110000000101110000001111100100110000110010111111010010000001000110000011000010001000111011000000000000000000000000000000000000000000000000000000000000000000000000000000000000000000 0 0
6341	67.925	0.000	( 0 )	110000000101110000001111100100110000110010111111010010000001000110000011000010001000111011000000000000000000000000000000000000000000000000000000000000000000000000000000000000000000 0 0
6371	67.925	0.000	( 0 )	110000000101110000001111100100110000110010111111010010000001000110000011000010001000111011000000000000000000000000000000000000000000000000000000000000000000000000000000000000000000 0 0
6345	67.925	0.000	( 0 )	110000000101110000001111100100110000110010111111010010000001000110000011000010001000111011000000000000000000000000000000000000000000000000000000000000000000000000000000000000000000 0 0
6332	67.925	0.000	( 0 )	110000000101110000001111100100110000110010111111010010000001000110000011000010001000111011000000000000000000000000000000000000000000000000000000000000000000000000000000000000000000 0 0
6324	67.925	0.000	( 0 )	110000000101110000001111100100110000110010111111010010000001000110000011000010001000111011000000000000000000000000000000000000000000000000000000000000000000000000000000000000000000 0 0
6400	70.149	0.000	( 0 )	110000000101110000001111100100110000110010111111010110000001010110000011000010001000111011000000000000000000000000000000000000000000000000000000000000000000000000000000000000000000 2 0
6395	70.149	0.000	( 0 )	110000000101110000001111100100110000110010111111010110000001010110000011000010001000111011000000000000000000000000000000000000000000000000000000000000000000000000000000000000000000 0 0
6384	70.149	0.000	( 0 )	110000000101110000001111100100110000110010111111010110000001010110000011000010001000111011000000000000000000000000000000000000000000000000000000000000000000000000000000000000000000 0 0
6399	70.149	0.000	( 0 )	110000000101110000001111100100110000110010111111010110000001010110000011000010001000111011000000000000000000000000000000000000000000000000000000000000000000000000000000000000000000 0 0
6396	70.149	0.000	( 0 )	110000000101110000001111100100110000110010111111010110000001010110000011000010001000111011000000000000000000000000000000000000000000000000000000000000000000000000000000000000000000 0 0
6422	71.260	0.000	( 0 )	110000000101110000001111100100110000110010111111010110000000010110000011000010001000111011000000000000000000000000000000000000000000000000000000000000000000000000000000000000000000 1 0
6425	71.260	0.000	( 0 )	110000000101110000001111100100110000110010111111010110000000010110000011000010001000111011000000000000000000000000000000000000000000000000000000000000000000000000000000000000000000 0 0
6456	72.372	0.000	( 0 )	110000000101110000001111100100110000110010111111010110000000010110000011000010001000011011000000000000000000000000000000000000000000000000000000000000000000000000000000000000000000 1 0
6477	72.372	0.000	( 0 )	110000000101110000001111100100110000110010111111010110000000010110000011000010001000011011000000000000000000000000000000000000000000000000000000000000000000000000000000000000000000 0 0
6486	72.372	0.000	( 0 )	110000000101110000001111100100110000110010111111010110000000010110000011000010001000011011000000000000000000000000000000000000000000000000000000000000000000000000000000000000000000 0 0
6447	72.372	0.000	( 0 )	110000000101110000001111100100110000110010111111010110000000010110000011000010001000011011000000000000000000000000000000000000000000000000000000000000000000000000000000000000000000 0 0
6476	72.372	0.000	( 0 )	110000000101110000001111100100110000110010111111010110000000010110000011000010001000011011000000000000000000000000000000000000000000000000000000000000000000000000000000000000000000 0 0
6535	73.483	0.000	( 0 )	110000000101110000001101100100110000110010111111010110000000010110000011000010001000011011000000000000000000000000000000000000000000000000000000000000000000000000000000000000000000 1 0
6412	73.483	0.000	( 0 )	110000000101110000001101100100110000110010111111010110000000010110000011000010001000011011000000000000000000000000000000000000000000000000000000000000000000000000000000000000000000 0 0
6527	73.483	0.000	( 0 )	110000000101110000001101100100110000110010111111010110000000010110000011000010001000011011000000000000000000000000000000000000000000000000000000000000000000000000000000000000000000 0 0
6539	73.483	0.000	( 0 )	110000000101110000001101100100110000110010111111010110000000010110000011000010001000011011000000000000000000000000000000000000000000000000000000000000000000000000000000000000000000 0 0
6537	73.483	0.000	( 0 )	110000000101110000001101100100110000110010111111010110000000010110000011000010001000011011000000000000000000000000000000000000000000000000000000000000000000000000000000000000000000 0 0
6532	73.483	0.000	( 0 )	110000000101110000001101100100110000110010111111010110000000010110000011000010001000011011000000000000000000000000000000000000000000000000000000000000000000000000000000000000000000 0 0
6533	73.483	0.000	( 0 )	110000000101110000001101100100110000110010111111010110000000010110000011000010001000011011000000000000000000000000000000000000000000000000000000000000000000000000000000000000000000 0 0
6528	73.483	0.000	( 0 )	110000000101110000001101100100110000110010111111010110000000010110000011000010001000011011000000000000000000000000000000000000000000000000000000000000000000000000000000000000000000 0 0
6529	73.483	0.000	( 0 )	110000000101110000001101100100110000110010111111010110000000010110000011000010001000011011000000000000000000000000000000000000000000000000000000000000000000000000000000000000000000 0 0
6538	73.483	0.000	( 0 )	110000000101110000001101100100110000110010111111010110000000010110000011000010001000011011000000000000000000000000000000000000000000000000000000000000000000000000000000000000000000 0 0
6531	73.483	0.000	( 0 )	110000000101110000001101100100110000110010111111010110000000010110000011000010001000011011000000000000000000000000000000000000000000000000000000000000000000000000000000000000000000 0 0
6530	73.483	0.000	( 0 )	110000000101110000001101100100110000110010111111010110000000010110000011000010001000011011000000000000000000000000000000000000000000000000000000000000000000000000000000000000000000 0 0
6524	74.594	0.000	( 0 )	110000000101110000001101100100110000010010111111010110000000010110000011000010001000011011000000000000000000000000000000000000000000000000000000000000000000000000000000000000000000 1 0
6577	76.818	0.000	( 0 )	110000000101110000001101100100110000010000111111010110000000010100000011000010001000011011000000000000000000000000000000000000000000000000000000000000000000000000000000000000000000 2 0
6559	76.818	0.000	( 0 )	110000000101110000001101100100110000010000111111010110000000010100000011000010001000011011000000000000000000000000000000000000000000000000000000000000000000000000000000000000000000 0 0
6558	76.818	0.000	( 0 )	110000000101110000001101100100110000010000111111010110000000010100000011000010001000011011000000000000000000000000000000000000000000000000000000000000000000000000000000000000000000 0 0
6570	76.818	0.000	( 0 )	110000000101110000001101100100110000010000111111010110000000010100000011000010001000011011000000000000000000000000000000000000000000000000000000000000000000000000000000000000000000 0 0
6550	76.818	0.000	( 0 )	110000000101110000001101100100110000010000111111010110000000010100000011000010001000011011000000000000000000000000000000000000000000000000000000000000000000000000000000000000000000 0 0
6574	76.818	0.000	( 0 )	110000000101110000001101100100110000010000111111010110000000010100000011000010001000011011000000000000000000000000000000000000000000000000000000000000000000000000000000000000000000 0 0
6548	76.818	0.000	( 0 )	110000000101110000001101100100110000010000111111010110000000010100000011000010001000011011000000000000000000000000000000000000000000000000000000000000000000000000000000000000000000 0 0
6573	76.818	0.000	( 0 )	110000000101110000001101100100110000010000111111010110000000010100000011000010001000011011000000000000000000000000000000000000000000000000000000000000000000000000000000000000000000 0 0
6571	76.818	0.000	( 0 )	110000000101110000001101100100110000010000111111010110000000010100000011000010001000011011000000000000000000000000000000000000000000000000000000000000000000000000000000000000000000 0 0
6545	76.818	0.000	( 0 )	110000000101110000001101100100110000010000111111010110000000010100000011000010001000011011000000000000000000000000000000000000000000000000000000000000000000000000000000000000000000 0 0
6564	76.818	0.000	( 0 )	110000000101110000001101100100110000010000111111010110000000010100000011000010001000011011000000000000000000000000000000000000000000000000000000000000000000000000000000000000000000 0 0
6557	76.818	0.000	( 0 )	110000000101110000001101100100110000010000111111010110000000010100000011000010001000011011000000000000000000000000000000000000000000000000000000000000000000000000000000000000000000 0 0
6566	76.818	0.000	( 0 )	110000000101110000001101100100110000010000111111010110000000010100000011000010001000011011000000000000000000000000000000000000000000000000000000000000000000000000000000000000000000 0 0
6562	76.818	0.000	( 0 )	110000000101110000001101100100110000010000111111010110000000010100000011000010001000011011000000000000000000000000000000000000000000000000000000000000000000000000000000000000000000 0 0
6589	77.929	0.000	( 0 )	110000000101110000011101100100110000010000111111010110000000010100000011000010001000011011000000000000000000000000000000000000000000000000000000000000000000000000000000000000000000 1 0
6586	77.929	0.000	( 0 )	110000000101110000011101100100110000010000111111010110000000010100000011000010001000011011000000000000000000000000000000000000000000000000000000000000000000000000000000000000000000 0 0
6593	77.929	0.000	( 0 )	110000000101110000011101100100110000010000111111010110000000010100000011000010001000011011000000000000000000000000000000000000000000000000000000000000000000000000000000000000000000 0 0
6591	77.929	0.000	( 0 )	110000000101110000011101100100110000010000111111010110000000010100000011000010001000011011000000000000000000000000000000000000000000000000000000000000000000000000000000000000000000 0 0
6588	77.929	0.000	( 0 )	110000000101110000011101100100110000010000111111010110000000010100000011000010001000011011000000000000000000000000000000000000000000000000000000000000000000000000000000000000000000 0 0
6585	77.929	0.000	( 0 )	110000000101110000011101100100110000010000111111010110000000010100000011000010001000011011000000000000000000000000000000000000000000000000000000000000000000000000000000000000000000 0 0
6605	85.771	0.000	( 0 )	110000000101110000011001100100110000010000111110010110100000110101000011000010001000011000000000000000000000000000000000000000000000000000000000000000000000000000000000000000000000 7 0
6644	85.771	0.000	( 0 )	110000000101110000011001100100110000010000111110010110100000110101000011000010001000011000000000000000000000000000000000000000000000000000000000000000000000000000000000000000000000 0 0
6648	85.771	0.000	( 0 )	110000000101110000011001100100110000010000111110010110100000110101000011000010001000011000000000000000000000000000000000000000000000000000000000000000000000000000000000000000000000 0 0
6599	86.882	0.000	( 0 )	110000000101110000011001100100110000010000111110010110100000110101000011000010001000010000000000000000000000000000000000000000000000000000000000000000000000000000000000000000000000 1 0
6661	89.106	0.000	( 0 )	110000000101110000011001100100110000010000111110010110100010110101000011000010001100010000000000000000000000000000000000000000000000000000000000000000000000000000000000000000000000 2 0
6815	91.329	0.000	( 0 )	010000000101110000011001100100110000010100111110010110100010110101000011000010001100010000000000000000000000000000000000000000000000000000000000000000000000000000000000000000000000 2 0
6924	91.329	0.000	( 0 )	010000000101110000011001100100110000010100111110010110100010110101000011000010001100010000000000000000000000000000000000000000000000000000000000000000000000000000000000000000000000 0 0
6667	91.329	0.000	( 0 )	010000000101110000011001100100110000010100111110010110100010110101000011000010001100010000000000000000000000000000000000000000000000000000000000000000000000000000000000000000000000 0 0
6668	91.329	0.000	( 0 )	010000000101110000011001100100110000010100111110010110100010110101000011000010001100010000000000000000000000000000000000000000000000000000000000000000000000000000000000000000000000 0 0
6704	92.441	0.000	( 0 )	010000000101110000011001110100110000010100111110010110100010110101000011000010001100010000000000000000000000000000000000000000000000000000000000000000000000000000000000000000000000 1 0
6706	92.441	0.000	( 0 )	010000000101110000011001110100110000010100111110010110100010110101000011000010001100010000000000000000000000000000000000000000000000000000000000000000000000000000000000000000000000 0 0
6753	92.441	0.000	( 0 )	010000000101110000011001110100110000010100111110010110100010110101000011000010001100010000000000000000000000000000000000000000000000000000000000000000000000000000000000000000000000 0 0
6889	92.441	0.000	( 0 )	010000000101110000011001110100110000010100111110010110100010110101000011000010001100010000000000000000000000000000000000000000000000000000000000000000000000000000000000000000000000 0 0
6700	92.441	0.000	( 0 )	010000000101110000011001110100110000010100111110010110100010110101000011000010001100010000000000000000000000000000000000000000000000000000000000000000000000000000000000000000000000 0 0
6885	92.441	0.000	( 0 )	010000000101110000011001110100110000010100111110010110100010110101000011000010001100010000000000000000000000000000000000000000000000000000000000000000000000000000000000000000000000 0 0
6705	92.441	0.000	( 0 )	010000000101110000011001110100110000010100111110010110100010110101000011000010001100010000000000000000000000000000000000000000000000000000000000000000000000000000000000000000000000 0 0
6887	92.441	0.000	( 0 )	010000000101110000011001110100110000010100111110010110100010110101000011000010001100010000000000000000000000000000000000000000000000000000000000000000000000000000000000000000000000 0 0
6692	92.441	0.000	( 0 )	010000000101110000011001110100110000010100111110010110100010110101000011000010001100010000000000000000000000000000000000000000000000000000000000000000000000000000000000000000000000 0 0
6884	92.441	0.000	( 0 )	010000000101110000011001110100110000010100111110010110100010110101000011000010001100010000000000000000000000000000000000000000000000000000000000000000000000000000000000000000000000 0 0
6893	92.441	0.000	( 0 )	010000000101110000011001110100110000010100111110010110100010110101000011000010001100010000000000000000000000000000000000000000000000000000000000000000000000000000000000000000000000 0 0
6814	92.441	0.000	( 0 )	010000000101110000011001110100110000010100111110010110100010110101000011000010001100010000000000000000000000000000000000000000000000000000000000000000000000000000000000000000000000 0 0
6923	93.552	0.000	( 0 )	010000000111110000011001110100110000010100111110010110100010110101000011000010001100010000000000000000000000000000000000000000000000000000000000000000000000000000000000000000000000 1 0
6890	93.552	0.000	( 0 )	010000000111110000011001110100110000010100111110010110100010110101000011000010001100010000000000000000000000000000000000000000000000000000000000000000000000000000000000000000000000 0 0
6913	93.552	0.000	( 0 )	010000000111110000011001110100110000010100111110010110100010110101000011000010001100010000000000000000000000000000000000000000000000000000000000000000000000000000000000000000000000 0 0
7004	95.776	0.000	( 0 )	010000000111110000011001110100111000010100111010010110100010110101000011000010001100010000000000000000000000000000000000000000000000000000000000000000000000000000000000000000000000 2 0
6949	95.776	0.000	( 0 )	010000000111110000011001110100111000010100111010010110100010110101000011000010001100010000000000000000000000000000000000000000000000000000000000000000000000000000000000000000000000 0 0
7078	95.776	0.000	( 0 )	010000000111110000011001110100111000010100111010010110100010110101000011000010001100010000000000000000000000000000000000000000000000000000000000000000000000000000000000000000000000 0 0
6929	95.776	0.000	( 0 )	010000000111110000011001110100111000010100111010010110100010110101000011000010001100010000000000000000000000000000000000000000000000000000000000000000000000000000000000000000000000 0 0
6959	95.776	0.000	( 0 )	010000000111110000011001110100111000010100111010010110100010110101000011000010001100010000000000000000000000000000000000000000000000000000000000000000000000000000000000000000000000 0 0
7042	95.776	0.000	( 0 )	010000000111110000011001110100111000010100111010010110100010110101000011000010001100010000000000000000000000000000000000000000000000000000000000000000000000000000000000000000000000 0 0
6971	95.776	0.000	( 0 )	010000000111110000011001110100111000010100111010010110100010110101000011000010001100010000000000000000000000000000000000000000000000000000000000000000000000000000000000000000000000 0 0
6994	95.776	0.000	( 0 )	010000000111110000011001110100111000010100111010010110100010110101000011000010001100010000000000000000000000000000000000000000000000000000000000000000000000000000000000000000000000 0 0
6954	95.776	0.000	( 0 )	010000000111110000011001110100111000010100111010010110100010110101000011000010001100010000000000000000000000000000000000000000000000000000000000000000000000000000000000000000000000 0 0
7005	95.776	0.000	( 0 )	010000000111110000011001110100111000010100111010010110100010110101000011000010001100010000000000000000000000000000000000000000000000000000000000000000000000000000000000000000000000 0 0
6997	95.776	0.000	( 0 )	010000000111110000011001110100111000010100111010010110100010110101000011000010001100010000000000000000000000000000000000000000000000000000000000000000000000000000000000000000000000 0 0
6960	95.776	0.000	( 0 )	010000000111110000011001110100111000010100111010010110100010110101000011000010001100010000000000000000000000000000000000000000000000000000000000000000000000000000000000000000000000 0 0
7043	95.776	0.000	( 0 )	010000000111110000011001110100111000010100111010010110100010110101000011000010001100010000000000000000000000000000000000000000000000000000000000000000000000000000000000000000000000 0 0
6930	95.776	0.000	( 0 )	010000000111110000011001110100111000010100111010010110100010110101000011000010001100010000000000000000000000000000000000000000000000000000000000000000000000000000000000000000000000 0 0
6932	95.776	0.000	( 0 )	010000000111110000011001110100111000010100111010010110100010110101000011000010001100010000000000000000000000000000000000000000000000000000000000000000000000000000000000000000000000 0 0
7079	95.776	0.000	( 0 )	010000000111110000011001110100111000010100111010010110100010110101000011000010001100010000000000000000000000000000000000000000000000000000000000000000000000000000000000000000000000 0 0
6952	95.776	0.000	( 0 )	010000000111110000011001110100111000010100111010010110100010110101000011000010001100010000000000000000000000000000000000000000000000000000000000000000000000000000000000000000000000 0 0
6946	95.776	0.000	( 0 )	010000000111110000011001110100111000010100111010010110100010110101000011000010001100010000000000000000000000000000000000000000000000000000000000000000000000000000000000000000000000 0 0
7077	95.776	0.000	( 0 )	010000000111110000011001110100111000010100111010010110100010110101000011000010001100010000000000000000000000000000000000000000000000000000000000000000000000000000000000000000000000 0 0
6951	95.776	0.000	( 0 )	010000000111110000011001110100111000010100111010010110100010110101000011000010001100010000000000000000000000000000000000000000000000000000000000000000000000000000000000000000000000 0 0
7080	95.776	0.000	( 0 )	010000000111110000011001110100111000010100111010010110100010110101000011000010001100010000000000000000000000000000000000000000000000000000000000000000000000000000000000000000000000 0 0
7047	95.776	0.000	( 0 )	010000000111110000011001110100111000010100111010010110100010110101000011000010001100010000000000000000000000000000000000000000000000000000000000000000000000000000000000000000000000 0 0
7076	95.776	0.000	( 0 )	010000000111110000011001110100111000010100111010010110100010110101000011000010001100010000000000000000000000000000000000000000000000000000000000000000000000000000000000000000000000 0 0
6931	95.776	0.000	( 0 )	010000000111110000011001110100111000010100111010010110100010110101000011000010001100010000000000000000000000000000000000000000000000000000000000000000000000000000000000000000000000 0 0
6811	102.482	0.000	( 0 )	000000000111110000010001110100111000010100110010010100100010110101000011000000000100010000000000000000000000000000000000000000000000000000000000000000000000000000000000000000000000 6 0
6800	102.482	0.000	( 0 )	000000000111110000010001110100111000010100110010010100100010110101000011000000000100010000000000000000000000000000000000000000000000000000000000000000000000000000000000000000000000 0 0
6798	102.482	0.000	( 0 )	000000000111110000010001110100111000010100110010010100100010110101000011000000000100010000000000000000000000000000000000000000000000000000000000000000000000000000000000000000000000 0 0
