#java OrderMarkers2 data=- evaluateOrder=reordermarkers/iterations/ordered.14.9 useKosambi=1 numThreads=4 calculateIntervals=intervals/ordered.14.intervals randSeed=-1819731837781894564
Loading file
No grandparents present in family V
Number of individuals = 92
Number of families = 1
File loaded with 42521 SNPs
Number of individuals = 92 excluding grandparents
Number of families = 1
Number of markers = 243
Setting dataScale to 0.37037037037037035 all likelihoods will be multiplied by 2.7
Initial score = -4971.553918131598
Iteration 1 of 6
884884288488421 done
Polishing map...
score = -5179.529931287395
score = -5136.599862163562
score = -4956.971474746676
*score = -4956.875511078132
Iteration 2 of 6
884884288488421 done
Polishing map...
score = -5353.859781420313
score = -5353.859657919489
score = -5071.359542989419
score = -5070.92074241607
Iteration 3 of 6
884884288488421 done
Polishing map...
score = -4542.430683326954
*score = -4539.3608338527765
score = -4512.647664635667
*score = -4512.647664635667
Iteration 4 of 6
884884288488421 done
Polishing map...
score = -4825.047760996218
score = -4809.190294775362
score = -4781.545503649111
score = -4780.526548548711
Iteration 5 of 6
884884288488421 done
Polishing map...
score = -4787.084912129382
score = -4772.074869557393
score = -4738.613779231084
score = -4738.613779231084
Iteration 6 of 6
884884288488421 done
Polishing map...
score = -4841.797087781967
score = -4841.797087781967
score = -4738.6790400358805
score = -4738.6790400358805
Final score = -4512.647664635667
Setting dataScale to 0.37037037037037035 all likelihoods will be multiplied by 2.7
logL = -4512.647664635667
number of recombinations = 94.0 logL = -4512.647664635667
Individual	V	P14459_101_S1	recombines	1	times
Individual	V	P14459_103_S3	recombines	1	times
Individual	V	P14459_104_S4	recombines	1	times
Individual	V	P14459_105_S5	recombines	1	times
Individual	V	P14459_106_S6	recombines	1	times
Individual	V	P14459_107_S7	recombines	2	times
Individual	V	P14459_109_S9	recombines	2	times
Individual	V	P14459_110_S10	recombines	1	times
Individual	V	P14459_111_S11	recombines	2	times
Individual	V	P14459_113_S13	recombines	2	times
Individual	V	P14459_114_S14	recombines	1	times
Individual	V	P14459_115_S15	recombines	1	times
Individual	V	P14459_116_S16	recombines	1	times
Individual	V	P14459_117_S17	recombines	1	times
Individual	V	P14459_118_S18	recombines	1	times
Individual	V	P14459_119_S19	recombines	1	times
Individual	V	P14459_120_S20	recombines	1	times
Individual	V	P14459_121_S21	recombines	1	times
Individual	V	P14459_122_S22	recombines	1	times
Individual	V	P14459_123_S23	recombines	1	times
Individual	V	P14459_124_S24	recombines	1	times
Individual	V	P14459_125_S25	recombines	2	times
Individual	V	P14459_126_S26	recombines	1	times
Individual	V	P14459_127_S27	recombines	1	times
Individual	V	P14459_128_S28	recombines	2	times
Individual	V	P14459_130_S30	recombines	1	times
Individual	V	P14459_131_S31	recombines	1	times
Individual	V	P14459_132_S32	recombines	1	times
Individual	V	P14459_134_S34	recombines	1	times
Individual	V	P14459_135_S35	recombines	2	times
Individual	V	P14459_136_S36	recombines	1	times
Individual	V	P14459_137_S37	recombines	1	times
Individual	V	P14459_138_S38	recombines	1	times
Individual	V	P14459_139_S39	recombines	1	times
Individual	V	P14459_140_S40	recombines	2	times
Individual	V	P14459_141_S41	recombines	1	times
Individual	V	P14459_144_S44	recombines	2	times
Individual	V	P14459_146_S46	recombines	1	times
Individual	V	P14459_147_S47	recombines	1	times
Individual	V	P14459_149_S49	recombines	1	times
Individual	V	P14459_150_S50	recombines	1	times
Individual	V	P14459_151_S51	recombines	2	times
Individual	V	P14459_152_S52	recombines	1	times
Individual	V	P14459_153_S53	recombines	1	times
Individual	V	P14459_154_S54	recombines	1	times
Individual	V	P14459_155_S55	recombines	1	times
Individual	V	P14459_156_S56	recombines	1	times
Individual	V	P14459_157_S57	recombines	2	times
Individual	V	P14459_159_S59	recombines	2	times
Individual	V	P14459_160_S60	recombines	2	times
Individual	V	P14459_161_S61	recombines	1	times
Individual	V	P14459_162_S62	recombines	1	times
Individual	V	P14459_163_S63	recombines	1	times
Individual	V	P14459_164_S64	recombines	1	times
Individual	V	P14459_166_S66	recombines	1	times
Individual	V	P14459_168_S68	recombines	1	times
Individual	V	P14459_169_S69	recombines	1	times
Individual	V	P14459_170_S70	recombines	1	times
Individual	V	P14459_171_S71	recombines	1	times
Individual	V	P14459_172_S72	recombines	1	times
Individual	V	P14459_173_S73	recombines	1	times
Individual	V	P14459_174_S74	recombines	1	times
Individual	V	P14459_176_S76	recombines	1	times
Individual	V	P14459_177_S77	recombines	2	times
Individual	V	P14459_178_S78	recombines	1	times
Individual	V	P14459_179_S79	recombines	1	times
Individual	V	P14459_180_S80	recombines	1	times
Individual	V	P14459_181_S81	recombines	2	times
Individual	V	P14459_182_S82	recombines	1	times
Individual	V	P14459_184_S84	recombines	1	times
Individual	V	P14459_186_S86	recombines	1	times
Individual	V	P14459_188_S88	recombines	1	times
Individual	V	P14459_190_S90	recombines	2	times
Individual	V	P14459_191_S91	recombines	1	times
Individual	V	P14459_192_S92	recombines	1	times
Individual	V	P14459_193_S93	recombines	1	times
Individual	V	P14459_194_S94	recombines	1	times
Individual	V	P14459_195_S95	recombines	1	times
#*** LG = 0 likelihood = -4512.6477
#marker_number	male_position	female_position	( 0.0 )[	phased data]
27235	0.000	0.000	( 0 )	110001001100000010010001011000101001000000010000000101001000100000001110100010000000011011000000000000000000000000000000000000000000000000000000000000000000000000000000000000000000 0 0
27237	0.000	0.000	( 0 )	110001001100000010010001011000101001000000010000000101001000100000001110100010000000011011000000000000000000000000000000000000000000000000000000000000000000000000000000000000000000 0 0
27107	0.000	0.000	( 0 )	110001001100000010010001011000101001000000010000000101001000100000001110100010000000011011000000000000000000000000000000000000000000000000000000000000000000000000000000000000000000 0 0
27318	12.475	0.000	( 0 )	110001001100000111010101011010111001000000010100010111001000100101101110100010000000011011000000000000000000000000000000000000000000000000000000000000000000000000000000000000000000 11 0
27538	13.586	0.000	( 0 )	110001001100001111010101011010111001000000010100010111001000100101101110100010000000011011000000000000000000000000000000000000000000000000000000000000000000000000000000000000000000 1 0
27397	13.586	0.000	( 0 )	110001001100001111010101011010111001000000010100010111001000100101101110100010000000011011000000000000000000000000000000000000000000000000000000000000000000000000000000000000000000 0 0
27394	13.586	0.000	( 0 )	110001001100001111010101011010111001000000010100010111001000100101101110100010000000011011000000000000000000000000000000000000000000000000000000000000000000000000000000000000000000 0 0
27539	13.586	0.000	( 0 )	110001001100001111010101011010111001000000010100010111001000100101101110100010000000011011000000000000000000000000000000000000000000000000000000000000000000000000000000000000000000 0 0
27316	13.586	0.000	( 0 )	110001001100001111010101011010111001000000010100010111001000100101101110100010000000011011000000000000000000000000000000000000000000000000000000000000000000000000000000000000000000 0 0
26914	13.586	0.000	( 0 )	110001001100001111010101011010111001000000010100010111001000100101101110100010000000011011000000000000000000000000000000000000000000000000000000000000000000000000000000000000000000 0 0
26552	14.697	0.000	( 0 )	110001001100001111010101011010111001000000010100010111001000100101101110100010000000111011000000000000000000000000000000000000000000000000000000000000000000000000000000000000000000 1 0
27718	15.809	0.000	( 0 )	110001001100001111010101011010111001000000010100010111001000100101101110100110000000111011000000000000000000000000000000000000000000000000000000000000000000000000000000000000000000 1 0
26907	15.809	0.000	( 0 )	110001001100001111010101011010111001000000010100010111001000100101101110100110000000111011000000000000000000000000000000000000000000000000000000000000000000000000000000000000000000 0 0
26906	15.809	0.000	( 0 )	110001001100001111010101011010111001000000010100010111001000100101101110100110000000111011000000000000000000000000000000000000000000000000000000000000000000000000000000000000000000 0 0
26905	15.809	0.000	( 0 )	110001001100001111010101011010111001000000010100010111001000100101101110100110000000111011000000000000000000000000000000000000000000000000000000000000000000000000000000000000000000 0 0
27534	16.920	0.000	( 0 )	110001001100001111010101011010111011000000010100010111001000100101101110100110000000111011000000000000000000000000000000000000000000000000000000000000000000000000000000000000000000 1 0
26546	16.920	0.000	( 0 )	110001001100001111010101011010111011000000010100010111001000100101101110100110000000111011000000000000000000000000000000000000000000000000000000000000000000000000000000000000000000 0 0
27199	16.920	0.000	( 0 )	110001001100001111010101011010111011000000010100010111001000100101101110100110000000111011000000000000000000000000000000000000000000000000000000000000000000000000000000000000000000 0 0
26543	16.920	0.000	( 0 )	110001001100001111010101011010111011000000010100010111001000100101101110100110000000111011000000000000000000000000000000000000000000000000000000000000000000000000000000000000000000 0 0
26545	16.920	0.000	( 0 )	110001001100001111010101011010111011000000010100010111001000100101101110100110000000111011000000000000000000000000000000000000000000000000000000000000000000000000000000000000000000 0 0
27200	16.920	0.000	( 0 )	110001001100001111010101011010111011000000010100010111001000100101101110100110000000111011000000000000000000000000000000000000000000000000000000000000000000000000000000000000000000 0 0
27533	16.920	0.000	( 0 )	110001001100001111010101011010111011000000010100010111001000100101101110100110000000111011000000000000000000000000000000000000000000000000000000000000000000000000000000000000000000 0 0
27201	16.920	0.000	( 0 )	110001001100001111010101011010111011000000010100010111001000100101101110100110000000111011000000000000000000000000000000000000000000000000000000000000000000000000000000000000000000 0 0
27716	25.904	0.000	( 0 )	100001001100001101010101011010111010000000000100010111001000100101101010000110000000111000000000000000000000000000000000000000000000000000000000000000000000000000000000000000000000 8 0
27717	29.243	0.000	( 0 )	100001000100001101010101011010111010000000000100010111001000100101100010001110000000111000000000000000000000000000000000000000000000000000000000000000000000000000000000000000000000 3 0
26842	34.821	0.000	( 0 )	100000000000001101010100011010110010000000100100010111001000100101100010001110000000111000000000000000000000000000000000000000000000000000000000000000000000000000000000000000000000 5 0
26308	53.411	0.000	( 0 )	100000010000101101110100110010110110010010100101010110010000100101100011011110000010111100000000000000000000000000000000000000000000000000000000000000000000000000000000000000000000 16 0
26316	54.522	0.000	( 0 )	100000010001101101110100110010110110010010100101010110010000100101100011011110000010111100000000000000000000000000000000000000000000000000000000000000000000000000000000000000000000 1 0
26367	54.522	0.000	( 0 )	100000010001101101110100110010110110010010100101010110010000100101100011011110000010111100000000000000000000000000000000000000000000000000000000000000000000000000000000000000000000 0 0
26376	54.522	0.000	( 0 )	100000010001101101110100110010110110010010100101010110010000100101100011011110000010111100000000000000000000000000000000000000000000000000000000000000000000000000000000000000000000 0 0
26374	54.522	0.000	( 0 )	100000010001101101110100110010110110010010100101010110010000100101100011011110000010111100000000000000000000000000000000000000000000000000000000000000000000000000000000000000000000 0 0
26404	55.633	0.000	( 0 )	100000010001101101110100110010110110010010100101110110010000100101100011011110000010111100000000000000000000000000000000000000000000000000000000000000000000000000000000000000000000 1 0
26396	55.633	0.000	( 0 )	100000010001101101110100110010110110010010100101110110010000100101100011011110000010111100000000000000000000000000000000000000000000000000000000000000000000000000000000000000000000 0 0
26395	55.633	0.000	( 0 )	100000010001101101110100110010110110010010100101110110010000100101100011011110000010111100000000000000000000000000000000000000000000000000000000000000000000000000000000000000000000 0 0
26391	55.633	0.000	( 0 )	100000010001101101110100110010110110010010100101110110010000100101100011011110000010111100000000000000000000000000000000000000000000000000000000000000000000000000000000000000000000 0 0
26406	55.633	0.000	( 0 )	100000010001101101110100110010110110010010100101110110010000100101100011011110000010111100000000000000000000000000000000000000000000000000000000000000000000000000000000000000000000 0 0
26394	55.633	0.000	( 0 )	100000010001101101110100110010110110010010100101110110010000100101100011011110000010111100000000000000000000000000000000000000000000000000000000000000000000000000000000000000000000 0 0
26398	55.633	0.000	( 0 )	100000010001101101110100110010110110010010100101110110010000100101100011011110000010111100000000000000000000000000000000000000000000000000000000000000000000000000000000000000000000 0 0
26393	55.633	0.000	( 0 )	100000010001101101110100110010110110010010100101110110010000100101100011011110000010111100000000000000000000000000000000000000000000000000000000000000000000000000000000000000000000 0 0
26392	55.633	0.000	( 0 )	100000010001101101110100110010110110010010100101110110010000100101100011011110000010111100000000000000000000000000000000000000000000000000000000000000000000000000000000000000000000 0 0
26454	57.857	0.000	( 0 )	100000010001101101110100110010010110010010100101110110010000100111100011011110000010111100000000000000000000000000000000000000000000000000000000000000000000000000000000000000000000 2 0
26453	57.857	0.000	( 0 )	100000010001101101110100110010010110010010100101110110010000100111100011011110000010111100000000000000000000000000000000000000000000000000000000000000000000000000000000000000000000 0 0
26455	57.857	0.000	( 0 )	100000010001101101110100110010010110010010100101110110010000100111100011011110000010111100000000000000000000000000000000000000000000000000000000000000000000000000000000000000000000 0 0
26452	57.857	0.000	( 0 )	100000010001101101110100110010010110010010100101110110010000100111100011011110000010111100000000000000000000000000000000000000000000000000000000000000000000000000000000000000000000 0 0
26560	58.968	0.000	( 0 )	100000010001101101110100110010010110010010100101110110010000100111100010011110000010111100000000000000000000000000000000000000000000000000000000000000000000000000000000000000000000 1 0
26467	58.968	0.000	( 0 )	100000010001101101110100110010010110010010100101110110010000100111100010011110000010111100000000000000000000000000000000000000000000000000000000000000000000000000000000000000000000 0 0
26561	58.968	0.000	( 0 )	100000010001101101110100110010010110010010100101110110010000100111100010011110000010111100000000000000000000000000000000000000000000000000000000000000000000000000000000000000000000 0 0
26489	58.968	0.000	( 0 )	100000010001101101110100110010010110010010100101110110010000100111100010011110000010111100000000000000000000000000000000000000000000000000000000000000000000000000000000000000000000 0 0
26443	58.968	0.000	( 0 )	100000010001101101110100110010010110010010100101110110010000100111100010011110000010111100000000000000000000000000000000000000000000000000000000000000000000000000000000000000000000 0 0
26557	58.968	0.000	( 0 )	100000010001101101110100110010010110010010100101110110010000100111100010011110000010111100000000000000000000000000000000000000000000000000000000000000000000000000000000000000000000 0 0
26450	58.968	0.000	( 0 )	100000010001101101110100110010010110010010100101110110010000100111100010011110000010111100000000000000000000000000000000000000000000000000000000000000000000000000000000000000000000 0 0
26471	58.968	0.000	( 0 )	100000010001101101110100110010010110010010100101110110010000100111100010011110000010111100000000000000000000000000000000000000000000000000000000000000000000000000000000000000000000 0 0
26422	58.968	0.000	( 0 )	100000010001101101110100110010010110010010100101110110010000100111100010011110000010111100000000000000000000000000000000000000000000000000000000000000000000000000000000000000000000 0 0
26562	58.968	0.000	( 0 )	100000010001101101110100110010010110010010100101110110010000100111100010011110000010111100000000000000000000000000000000000000000000000000000000000000000000000000000000000000000000 0 0
26469	58.968	0.000	( 0 )	100000010001101101110100110010010110010010100101110110010000100111100010011110000010111100000000000000000000000000000000000000000000000000000000000000000000000000000000000000000000 0 0
26444	58.968	0.000	( 0 )	100000010001101101110100110010010110010010100101110110010000100111100010011110000010111100000000000000000000000000000000000000000000000000000000000000000000000000000000000000000000 0 0
26588	61.192	0.000	( 0 )	100000010001101101110100111010010110011010100101110110010000100111100010011110000010111100000000000000000000000000000000000000000000000000000000000000000000000000000000000000000000 2 0
26601	61.192	0.000	( 0 )	100000010001101101110100111010010110011010100101110110010000100111100010011110000010111100000000000000000000000000000000000000000000000000000000000000000000000000000000000000000000 0 0
26597	61.192	0.000	( 0 )	100000010001101101110100111010010110011010100101110110010000100111100010011110000010111100000000000000000000000000000000000000000000000000000000000000000000000000000000000000000000 0 0
26586	61.192	0.000	( 0 )	100000010001101101110100111010010110011010100101110110010000100111100010011110000010111100000000000000000000000000000000000000000000000000000000000000000000000000000000000000000000 0 0
26605	61.192	0.000	( 0 )	100000010001101101110100111010010110011010100101110110010000100111100010011110000010111100000000000000000000000000000000000000000000000000000000000000000000000000000000000000000000 0 0
26596	61.192	0.000	( 0 )	100000010001101101110100111010010110011010100101110110010000100111100010011110000010111100000000000000000000000000000000000000000000000000000000000000000000000000000000000000000000 0 0
26595	61.192	0.000	( 0 )	100000010001101101110100111010010110011010100101110110010000100111100010011110000010111100000000000000000000000000000000000000000000000000000000000000000000000000000000000000000000 0 0
26591	61.192	0.000	( 0 )	100000010001101101110100111010010110011010100101110110010000100111100010011110000010111100000000000000000000000000000000000000000000000000000000000000000000000000000000000000000000 0 0
26603	61.192	0.000	( 0 )	100000010001101101110100111010010110011010100101110110010000100111100010011110000010111100000000000000000000000000000000000000000000000000000000000000000000000000000000000000000000 0 0
26572	61.192	0.000	( 0 )	100000010001101101110100111010010110011010100101110110010000100111100010011110000010111100000000000000000000000000000000000000000000000000000000000000000000000000000000000000000000 0 0
26594	61.192	0.000	( 0 )	100000010001101101110100111010010110011010100101110110010000100111100010011110000010111100000000000000000000000000000000000000000000000000000000000000000000000000000000000000000000 0 0
26579	61.192	0.000	( 0 )	100000010001101101110100111010010110011010100101110110010000100111100010011110000010111100000000000000000000000000000000000000000000000000000000000000000000000000000000000000000000 0 0
26593	61.192	0.000	( 0 )	100000010001101101110100111010010110011010100101110110010000100111100010011110000010111100000000000000000000000000000000000000000000000000000000000000000000000000000000000000000000 0 0
26592	61.192	0.000	( 0 )	100000010001101101110100111010010110011010100101110110010000100111100010011110000010111100000000000000000000000000000000000000000000000000000000000000000000000000000000000000000000 0 0
26578	61.192	0.000	( 0 )	100000010001101101110100111010010110011010100101110110010000100111100010011110000010111100000000000000000000000000000000000000000000000000000000000000000000000000000000000000000000 0 0
26587	61.192	0.000	( 0 )	100000010001101101110100111010010110011010100101110110010000100111100010011110000010111100000000000000000000000000000000000000000000000000000000000000000000000000000000000000000000 0 0
26604	61.192	0.000	( 0 )	100000010001101101110100111010010110011010100101110110010000100111100010011110000010111100000000000000000000000000000000000000000000000000000000000000000000000000000000000000000000 0 0
26602	61.192	0.000	( 0 )	100000010001101101110100111010010110011010100101110110010000100111100010011110000010111100000000000000000000000000000000000000000000000000000000000000000000000000000000000000000000 0 0
26599	61.192	0.000	( 0 )	100000010001101101110100111010010110011010100101110110010000100111100010011110000010111100000000000000000000000000000000000000000000000000000000000000000000000000000000000000000000 0 0
26589	61.192	0.000	( 0 )	100000010001101101110100111010010110011010100101110110010000100111100010011110000010111100000000000000000000000000000000000000000000000000000000000000000000000000000000000000000000 0 0
26581	61.192	0.000	( 0 )	100000010001101101110100111010010110011010100101110110010000100111100010011110000010111100000000000000000000000000000000000000000000000000000000000000000000000000000000000000000000 0 0
26577	61.192	0.000	( 0 )	100000010001101101110100111010010110011010100101110110010000100111100010011110000010111100000000000000000000000000000000000000000000000000000000000000000000000000000000000000000000 0 0
26598	61.192	0.000	( 0 )	100000010001101101110100111010010110011010100101110110010000100111100010011110000010111100000000000000000000000000000000000000000000000000000000000000000000000000000000000000000000 0 0
26571	61.192	0.000	( 0 )	100000010001101101110100111010010110011010100101110110010000100111100010011110000010111100000000000000000000000000000000000000000000000000000000000000000000000000000000000000000000 0 0
26590	61.192	0.000	( 0 )	100000010001101101110100111010010110011010100101110110010000100111100010011110000010111100000000000000000000000000000000000000000000000000000000000000000000000000000000000000000000 0 0
26582	62.303	0.000	( 0 )	100000010001111101110100111010010110011010100101110110010000100111100010011110000010111100000000000000000000000000000000000000000000000000000000000000000000000000000000000000000000 1 0
26645	63.414	0.000	( 0 )	100000010001111101110100111010010110011010100101110110010000000111100010011110000010111100000000000000000000000000000000000000000000000000000000000000000000000000000000000000000000 1 0
26629	63.414	0.000	( 0 )	100000010001111101110100111010010110011010100101110110010000000111100010011110000010111100000000000000000000000000000000000000000000000000000000000000000000000000000000000000000000 0 0
26659	63.414	0.000	( 0 )	100000010001111101110100111010010110011010100101110110010000000111100010011110000010111100000000000000000000000000000000000000000000000000000000000000000000000000000000000000000000 0 0
26634	63.414	0.000	( 0 )	100000010001111101110100111010010110011010100101110110010000000111100010011110000010111100000000000000000000000000000000000000000000000000000000000000000000000000000000000000000000 0 0
26646	63.414	0.000	( 0 )	100000010001111101110100111010010110011010100101110110010000000111100010011110000010111100000000000000000000000000000000000000000000000000000000000000000000000000000000000000000000 0 0
26658	63.414	0.000	( 0 )	100000010001111101110100111010010110011010100101110110010000000111100010011110000010111100000000000000000000000000000000000000000000000000000000000000000000000000000000000000000000 0 0
26644	63.414	0.000	( 0 )	100000010001111101110100111010010110011010100101110110010000000111100010011110000010111100000000000000000000000000000000000000000000000000000000000000000000000000000000000000000000 0 0
26633	63.414	0.000	( 0 )	100000010001111101110100111010010110011010100101110110010000000111100010011110000010111100000000000000000000000000000000000000000000000000000000000000000000000000000000000000000000 0 0
26698	67.871	0.000	( 0 )	100000000001111101100100111010010110111010100101110110010000000111100010011110000010110100000000000000000000000000000000000000000000000000000000000000000000000000000000000000000000 4 0
26694	67.871	0.000	( 0 )	100000000001111101100100111010010110111010100101110110010000000111100010011110000010110100000000000000000000000000000000000000000000000000000000000000000000000000000000000000000000 0 0
26794	68.982	0.000	( 0 )	100100000001111101100100111010010110111010100101110110010000000111100010011110000010110100000000000000000000000000000000000000000000000000000000000000000000000000000000000000000000 1 0
26791	68.982	0.000	( 0 )	100100000001111101100100111010010110111010100101110110010000000111100010011110000010110100000000000000000000000000000000000000000000000000000000000000000000000000000000000000000000 0 0
26758	68.982	0.000	( 0 )	100100000001111101100100111010010110111010100101110110010000000111100010011110000010110100000000000000000000000000000000000000000000000000000000000000000000000000000000000000000000 0 0
26744	68.982	0.000	( 0 )	100100000001111101100100111010010110111010100101110110010000000111100010011110000010110100000000000000000000000000000000000000000000000000000000000000000000000000000000000000000000 0 0
26792	68.982	0.000	( 0 )	100100000001111101100100111010010110111010100101110110010000000111100010011110000010110100000000000000000000000000000000000000000000000000000000000000000000000000000000000000000000 0 0
26742	68.982	0.000	( 0 )	100100000001111101100100111010010110111010100101110110010000000111100010011110000010110100000000000000000000000000000000000000000000000000000000000000000000000000000000000000000000 0 0
26747	68.982	0.000	( 0 )	100100000001111101100100111010010110111010100101110110010000000111100010011110000010110100000000000000000000000000000000000000000000000000000000000000000000000000000000000000000000 0 0
26815	72.320	0.000	( 0 )	100100000001111101100100101010010110111010100101110110011010000111100010011110000010110100000000000000000000000000000000000000000000000000000000000000000000000000000000000000000000 3 0
26871	73.432	0.000	( 0 )	100100000001111101100100101011010110111010100101110110011010000111100010011110000010110100000000000000000000000000000000000000000000000000000000000000000000000000000000000000000000 1 0
26880	73.432	0.000	( 0 )	100100000001111101100100101011010110111010100101110110011010000111100010011110000010110100000000000000000000000000000000000000000000000000000000000000000000000000000000000000000000 0 0
26860	73.432	0.000	( 0 )	100100000001111101100100101011010110111010100101110110011010000111100010011110000010110100000000000000000000000000000000000000000000000000000000000000000000000000000000000000000000 0 0
26855	73.432	0.000	( 0 )	100100000001111101100100101011010110111010100101110110011010000111100010011110000010110100000000000000000000000000000000000000000000000000000000000000000000000000000000000000000000 0 0
26870	73.432	0.000	( 0 )	100100000001111101100100101011010110111010100101110110011010000111100010011110000010110100000000000000000000000000000000000000000000000000000000000000000000000000000000000000000000 0 0
26873	73.432	0.000	( 0 )	100100000001111101100100101011010110111010100101110110011010000111100010011110000010110100000000000000000000000000000000000000000000000000000000000000000000000000000000000000000000 0 0
26872	73.432	0.000	( 0 )	100100000001111101100100101011010110111010100101110110011010000111100010011110000010110100000000000000000000000000000000000000000000000000000000000000000000000000000000000000000000 0 0
26834	73.432	0.000	( 0 )	100100000001111101100100101011010110111010100101110110011010000111100010011110000010110100000000000000000000000000000000000000000000000000000000000000000000000000000000000000000000 0 0
26930	75.655	0.000	( 0 )	100100000001111101100100101011010110111000100101110110001010000111100010011110000010110100000000000000000000000000000000000000000000000000000000000000000000000000000000000000000000 2 0
26919	75.655	0.000	( 0 )	100100000001111101100100101011010110111000100101110110001010000111100010011110000010110100000000000000000000000000000000000000000000000000000000000000000000000000000000000000000000 0 0
26929	75.655	0.000	( 0 )	100100000001111101100100101011010110111000100101110110001010000111100010011110000010110100000000000000000000000000000000000000000000000000000000000000000000000000000000000000000000 0 0
26927	75.655	0.000	( 0 )	100100000001111101100100101011010110111000100101110110001010000111100010011110000010110100000000000000000000000000000000000000000000000000000000000000000000000000000000000000000000 0 0
27032	76.767	0.000	( 0 )	100100000001111101100100101011010110111000100101110110001010000111100000011110000010110100000000000000000000000000000000000000000000000000000000000000000000000000000000000000000000 1 0
27036	77.878	0.000	( 0 )	100100000001111101100100101011010110111000100101110110001011000111100000011110000010110100000000000000000000000000000000000000000000000000000000000000000000000000000000000000000000 1 0
27026	77.878	0.000	( 0 )	100100000001111101100100101011010110111000100101110110001011000111100000011110000010110100000000000000000000000000000000000000000000000000000000000000000000000000000000000000000000 0 0
27040	77.878	0.000	( 0 )	100100000001111101100100101011010110111000100101110110001011000111100000011110000010110100000000000000000000000000000000000000000000000000000000000000000000000000000000000000000000 0 0
27190	77.878	0.000	( 0 )	100100000001111101100100101011010110111000100101110110001011000111100000011110000010110100000000000000000000000000000000000000000000000000000000000000000000000000000000000000000000 0 0
27048	77.878	0.000	( 0 )	100100000001111101100100101011010110111000100101110110001011000111100000011110000010110100000000000000000000000000000000000000000000000000000000000000000000000000000000000000000000 0 0
27101	77.878	0.000	( 0 )	100100000001111101100100101011010110111000100101110110001011000111100000011110000010110100000000000000000000000000000000000000000000000000000000000000000000000000000000000000000000 0 0
27049	77.878	0.000	( 0 )	100100000001111101100100101011010110111000100101110110001011000111100000011110000010110100000000000000000000000000000000000000000000000000000000000000000000000000000000000000000000 0 0
27035	77.878	0.000	( 0 )	100100000001111101100100101011010110111000100101110110001011000111100000011110000010110100000000000000000000000000000000000000000000000000000000000000000000000000000000000000000000 0 0
27047	77.878	0.000	( 0 )	100100000001111101100100101011010110111000100101110110001011000111100000011110000010110100000000000000000000000000000000000000000000000000000000000000000000000000000000000000000000 0 0
27092	77.878	0.000	( 0 )	100100000001111101100100101011010110111000100101110110001011000111100000011110000010110100000000000000000000000000000000000000000000000000000000000000000000000000000000000000000000 0 0
27038	77.878	0.000	( 0 )	100100000001111101100100101011010110111000100101110110001011000111100000011110000010110100000000000000000000000000000000000000000000000000000000000000000000000000000000000000000000 0 0
27037	77.878	0.000	( 0 )	100100000001111101100100101011010110111000100101110110001011000111100000011110000010110100000000000000000000000000000000000000000000000000000000000000000000000000000000000000000000 0 0
27025	77.878	0.000	( 0 )	100100000001111101100100101011010110111000100101110110001011000111100000011110000010110100000000000000000000000000000000000000000000000000000000000000000000000000000000000000000000 0 0
27028	77.878	0.000	( 0 )	100100000001111101100100101011010110111000100101110110001011000111100000011110000010110100000000000000000000000000000000000000000000000000000000000000000000000000000000000000000000 0 0
27046	77.878	0.000	( 0 )	100100000001111101100100101011010110111000100101110110001011000111100000011110000010110100000000000000000000000000000000000000000000000000000000000000000000000000000000000000000000 0 0
27050	77.878	0.000	( 0 )	100100000001111101100100101011010110111000100101110110001011000111100000011110000010110100000000000000000000000000000000000000000000000000000000000000000000000000000000000000000000 0 0
27011	77.878	0.000	( 0 )	100100000001111101100100101011010110111000100101110110001011000111100000011110000010110100000000000000000000000000000000000000000000000000000000000000000000000000000000000000000000 0 0
27081	77.878	0.000	( 0 )	100100000001111101100100101011010110111000100101110110001011000111100000011110000010110100000000000000000000000000000000000000000000000000000000000000000000000000000000000000000000 0 0
27149	77.878	0.000	( 0 )	100100000001111101100100101011010110111000100101110110001011000111100000011110000010110100000000000000000000000000000000000000000000000000000000000000000000000000000000000000000000 0 0
27022	77.878	0.000	( 0 )	100100000001111101100100101011010110111000100101110110001011000111100000011110000010110100000000000000000000000000000000000000000000000000000000000000000000000000000000000000000000 0 0
26958	77.878	0.000	( 0 )	100100000001111101100100101011010110111000100101110110001011000111100000011110000010110100000000000000000000000000000000000000000000000000000000000000000000000000000000000000000000 0 0
27044	77.878	0.000	( 0 )	100100000001111101100100101011010110111000100101110110001011000111100000011110000010110100000000000000000000000000000000000000000000000000000000000000000000000000000000000000000000 0 0
27080	77.878	0.000	( 0 )	100100000001111101100100101011010110111000100101110110001011000111100000011110000010110100000000000000000000000000000000000000000000000000000000000000000000000000000000000000000000 0 0
27065	77.878	0.000	( 0 )	100100000001111101100100101011010110111000100101110110001011000111100000011110000010110100000000000000000000000000000000000000000000000000000000000000000000000000000000000000000000 0 0
27078	77.878	0.000	( 0 )	100100000001111101100100101011010110111000100101110110001011000111100000011110000010110100000000000000000000000000000000000000000000000000000000000000000000000000000000000000000000 0 0
27079	77.878	0.000	( 0 )	100100000001111101100100101011010110111000100101110110001011000111100000011110000010110100000000000000000000000000000000000000000000000000000000000000000000000000000000000000000000 0 0
27062	77.878	0.000	( 0 )	100100000001111101100100101011010110111000100101110110001011000111100000011110000010110100000000000000000000000000000000000000000000000000000000000000000000000000000000000000000000 0 0
27029	77.878	0.000	( 0 )	100100000001111101100100101011010110111000100101110110001011000111100000011110000010110100000000000000000000000000000000000000000000000000000000000000000000000000000000000000000000 0 0
27083	77.878	0.000	( 0 )	100100000001111101100100101011010110111000100101110110001011000111100000011110000010110100000000000000000000000000000000000000000000000000000000000000000000000000000000000000000000 0 0
27039	77.878	0.000	( 0 )	100100000001111101100100101011010110111000100101110110001011000111100000011110000010110100000000000000000000000000000000000000000000000000000000000000000000000000000000000000000000 0 0
27100	77.878	0.000	( 0 )	100100000001111101100100101011010110111000100101110110001011000111100000011110000010110100000000000000000000000000000000000000000000000000000000000000000000000000000000000000000000 0 0
27102	77.878	0.000	( 0 )	100100000001111101100100101011010110111000100101110110001011000111100000011110000010110100000000000000000000000000000000000000000000000000000000000000000000000000000000000000000000 0 0
26951	77.878	0.000	( 0 )	100100000001111101100100101011010110111000100101110110001011000111100000011110000010110100000000000000000000000000000000000000000000000000000000000000000000000000000000000000000000 0 0
26954	77.878	0.000	( 0 )	100100000001111101100100101011010110111000100101110110001011000111100000011110000010110100000000000000000000000000000000000000000000000000000000000000000000000000000000000000000000 0 0
27214	77.878	0.000	( 0 )	100100000001111101100100101011010110111000100101110110001011000111100000011110000010110100000000000000000000000000000000000000000000000000000000000000000000000000000000000000000000 0 0
27012	77.878	0.000	( 0 )	100100000001111101100100101011010110111000100101110110001011000111100000011110000010110100000000000000000000000000000000000000000000000000000000000000000000000000000000000000000000 0 0
27144	77.878	0.000	( 0 )	100100000001111101100100101011010110111000100101110110001011000111100000011110000010110100000000000000000000000000000000000000000000000000000000000000000000000000000000000000000000 0 0
27010	77.878	0.000	( 0 )	100100000001111101100100101011010110111000100101110110001011000111100000011110000010110100000000000000000000000000000000000000000000000000000000000000000000000000000000000000000000 0 0
27090	77.878	0.000	( 0 )	100100000001111101100100101011010110111000100101110110001011000111100000011110000010110100000000000000000000000000000000000000000000000000000000000000000000000000000000000000000000 0 0
27043	77.878	0.000	( 0 )	100100000001111101100100101011010110111000100101110110001011000111100000011110000010110100000000000000000000000000000000000000000000000000000000000000000000000000000000000000000000 0 0
27009	77.878	0.000	( 0 )	100100000001111101100100101011010110111000100101110110001011000111100000011110000010110100000000000000000000000000000000000000000000000000000000000000000000000000000000000000000000 0 0
27184	77.878	0.000	( 0 )	100100000001111101100100101011010110111000100101110110001011000111100000011110000010110100000000000000000000000000000000000000000000000000000000000000000000000000000000000000000000 0 0
27033	77.878	0.000	( 0 )	100100000001111101100100101011010110111000100101110110001011000111100000011110000010110100000000000000000000000000000000000000000000000000000000000000000000000000000000000000000000 0 0
27088	77.878	0.000	( 0 )	100100000001111101100100101011010110111000100101110110001011000111100000011110000010110100000000000000000000000000000000000000000000000000000000000000000000000000000000000000000000 0 0
27024	77.878	0.000	( 0 )	100100000001111101100100101011010110111000100101110110001011000111100000011110000010110100000000000000000000000000000000000000000000000000000000000000000000000000000000000000000000 0 0
27084	77.878	0.000	( 0 )	100100000001111101100100101011010110111000100101110110001011000111100000011110000010110100000000000000000000000000000000000000000000000000000000000000000000000000000000000000000000 0 0
27179	77.878	0.000	( 0 )	100100000001111101100100101011010110111000100101110110001011000111100000011110000010110100000000000000000000000000000000000000000000000000000000000000000000000000000000000000000000 0 0
27045	77.878	0.000	( 0 )	100100000001111101100100101011010110111000100101110110001011000111100000011110000010110100000000000000000000000000000000000000000000000000000000000000000000000000000000000000000000 0 0
26956	77.878	0.000	( 0 )	100100000001111101100100101011010110111000100101110110001011000111100000011110000010110100000000000000000000000000000000000000000000000000000000000000000000000000000000000000000000 0 0
26960	77.878	0.000	( 0 )	100100000001111101100100101011010110111000100101110110001011000111100000011110000010110100000000000000000000000000000000000000000000000000000000000000000000000000000000000000000000 0 0
27194	77.878	0.000	( 0 )	100100000001111101100100101011010110111000100101110110001011000111100000011110000010110100000000000000000000000000000000000000000000000000000000000000000000000000000000000000000000 0 0
27064	77.878	0.000	( 0 )	100100000001111101100100101011010110111000100101110110001011000111100000011110000010110100000000000000000000000000000000000000000000000000000000000000000000000000000000000000000000 0 0
27086	77.878	0.000	( 0 )	100100000001111101100100101011010110111000100101110110001011000111100000011110000010110100000000000000000000000000000000000000000000000000000000000000000000000000000000000000000000 0 0
27008	77.878	0.000	( 0 )	100100000001111101100100101011010110111000100101110110001011000111100000011110000010110100000000000000000000000000000000000000000000000000000000000000000000000000000000000000000000 0 0
27091	77.878	0.000	( 0 )	100100000001111101100100101011010110111000100101110110001011000111100000011110000010110100000000000000000000000000000000000000000000000000000000000000000000000000000000000000000000 0 0
27085	77.878	0.000	( 0 )	100100000001111101100100101011010110111000100101110110001011000111100000011110000010110100000000000000000000000000000000000000000000000000000000000000000000000000000000000000000000 0 0
27180	77.878	0.000	( 0 )	100100000001111101100100101011010110111000100101110110001011000111100000011110000010110100000000000000000000000000000000000000000000000000000000000000000000000000000000000000000000 0 0
27089	77.878	0.000	( 0 )	100100000001111101100100101011010110111000100101110110001011000111100000011110000010110100000000000000000000000000000000000000000000000000000000000000000000000000000000000000000000 0 0
27082	77.878	0.000	( 0 )	100100000001111101100100101011010110111000100101110110001011000111100000011110000010110100000000000000000000000000000000000000000000000000000000000000000000000000000000000000000000 0 0
27277	78.989	0.000	( 0 )	100110000001111101100100101011010110111000100101110110001011000111100000011110000010110100000000000000000000000000000000000000000000000000000000000000000000000000000000000000000000 1 0
27273	78.989	0.000	( 0 )	100110000001111101100100101011010110111000100101110110001011000111100000011110000010110100000000000000000000000000000000000000000000000000000000000000000000000000000000000000000000 0 0
27274	78.989	0.000	( 0 )	100110000001111101100100101011010110111000100101110110001011000111100000011110000010110100000000000000000000000000000000000000000000000000000000000000000000000000000000000000000000 0 0
27272	78.989	0.000	( 0 )	100110000001111101100100101011010110111000100101110110001011000111100000011110000010110100000000000000000000000000000000000000000000000000000000000000000000000000000000000000000000 0 0
27187	78.989	0.000	( 0 )	100110000001111101100100101011010110111000100101110110001011000111100000011110000010110100000000000000000000000000000000000000000000000000000000000000000000000000000000000000000000 0 0
27278	78.989	0.000	( 0 )	100110000001111101100100101011010110111000100101110110001011000111100000011110000010110100000000000000000000000000000000000000000000000000000000000000000000000000000000000000000000 0 0
27280	78.989	0.000	( 0 )	100110000001111101100100101011010110111000100101110110001011000111100000011110000010110100000000000000000000000000000000000000000000000000000000000000000000000000000000000000000000 0 0
27271	78.989	0.000	( 0 )	100110000001111101100100101011010110111000100101110110001011000111100000011110000010110100000000000000000000000000000000000000000000000000000000000000000000000000000000000000000000 0 0
27186	78.989	0.000	( 0 )	100110000001111101100100101011010110111000100101110110001011000111100000011110000010110100000000000000000000000000000000000000000000000000000000000000000000000000000000000000000000 0 0
27270	78.989	0.000	( 0 )	100110000001111101100100101011010110111000100101110110001011000111100000011110000010110100000000000000000000000000000000000000000000000000000000000000000000000000000000000000000000 0 0
27276	78.989	0.000	( 0 )	100110000001111101100100101011010110111000100101110110001011000111100000011110000010110100000000000000000000000000000000000000000000000000000000000000000000000000000000000000000000 0 0
27275	78.989	0.000	( 0 )	100110000001111101100100101011010110111000100101110110001011000111100000011110000010110100000000000000000000000000000000000000000000000000000000000000000000000000000000000000000000 0 0
27007	78.989	0.000	( 0 )	100110000001111101100100101011010110111000100101110110001011000111100000011110000010110100000000000000000000000000000000000000000000000000000000000000000000000000000000000000000000 0 0
27288	80.100	0.000	( 0 )	100110000001111101100100101011010110111000100101110110001011000111100000011100000010110100000000000000000000000000000000000000000000000000000000000000000000000000000000000000000000 1 0
27298	81.212	0.000	( 0 )	100110000001111101100100101011010110111000100111110110001011000111100000011100000010110100000000000000000000000000000000000000000000000000000000000000000000000000000000000000000000 1 0
27296	81.212	0.000	( 0 )	100110000001111101100100101011010110111000100111110110001011000111100000011100000010110100000000000000000000000000000000000000000000000000000000000000000000000000000000000000000000 0 0
27303	81.212	0.000	( 0 )	100110000001111101100100101011010110111000100111110110001011000111100000011100000010110100000000000000000000000000000000000000000000000000000000000000000000000000000000000000000000 0 0
27300	81.212	0.000	( 0 )	100110000001111101100100101011010110111000100111110110001011000111100000011100000010110100000000000000000000000000000000000000000000000000000000000000000000000000000000000000000000 0 0
27294	81.212	0.000	( 0 )	100110000001111101100100101011010110111000100111110110001011000111100000011100000010110100000000000000000000000000000000000000000000000000000000000000000000000000000000000000000000 0 0
27302	82.323	0.000	( 0 )	100110000001111101100100101011010110111000100111110110001011000111100000011100100010110100000000000000000000000000000000000000000000000000000000000000000000000000000000000000000000 1 0
27301	82.323	0.000	( 0 )	100110000001111101100100101011010110111000100111110110001011000111100000011100100010110100000000000000000000000000000000000000000000000000000000000000000000000000000000000000000000 0 0
27344	85.661	0.000	( 0 )	100110000001111101101101101011010110111000100111110110001011000111110000011100100010110100000000000000000000000000000000000000000000000000000000000000000000000000000000000000000000 3 0
27342	85.661	0.000	( 0 )	100110000001111101101101101011010110111000100111110110001011000111110000011100100010110100000000000000000000000000000000000000000000000000000000000000000000000000000000000000000000 0 0
27341	85.661	0.000	( 0 )	100110000001111101101101101011010110111000100111110110001011000111110000011100100010110100000000000000000000000000000000000000000000000000000000000000000000000000000000000000000000 0 0
27339	85.661	0.000	( 0 )	100110000001111101101101101011010110111000100111110110001011000111110000011100100010110100000000000000000000000000000000000000000000000000000000000000000000000000000000000000000000 0 0
27359	87.885	0.000	( 0 )	100111000101111101101101101011010110111000100111110110001011000111110000011100100010110100000000000000000000000000000000000000000000000000000000000000000000000000000000000000000000 2 0
27412	90.109	0.000	( 0 )	100111000100111101101101101011010110101000100111110110001011000111110000011100100010110100000000000000000000000000000000000000000000000000000000000000000000000000000000000000000000 2 0
27386	90.109	0.000	( 0 )	100111000100111101101101101011010110101000100111110110001011000111110000011100100010110100000000000000000000000000000000000000000000000000000000000000000000000000000000000000000000 0 0
27403	90.109	0.000	( 0 )	100111000100111101101101101011010110101000100111110110001011000111110000011100100010110100000000000000000000000000000000000000000000000000000000000000000000000000000000000000000000 0 0
27410	90.109	0.000	( 0 )	100111000100111101101101101011010110101000100111110110001011000111110000011100100010110100000000000000000000000000000000000000000000000000000000000000000000000000000000000000000000 0 0
27421	91.220	0.000	( 0 )	100111000100111101101101101011010110101000100111110110001011000111110000011000100010110100000000000000000000000000000000000000000000000000000000000000000000000000000000000000000000 1 0
27426	91.220	0.000	( 0 )	100111000100111101101101101011010110101000100111110110001011000111110000011000100010110100000000000000000000000000000000000000000000000000000000000000000000000000000000000000000000 0 0
27418	91.220	0.000	( 0 )	100111000100111101101101101011010110101000100111110110001011000111110000011000100010110100000000000000000000000000000000000000000000000000000000000000000000000000000000000000000000 0 0
27422	91.220	0.000	( 0 )	100111000100111101101101101011010110101000100111110110001011000111110000011000100010110100000000000000000000000000000000000000000000000000000000000000000000000000000000000000000000 0 0
27459	93.444	0.000	( 0 )	100111000100111101101101101011010110101000100111110110001011010111110000011000100010010100000000000000000000000000000000000000000000000000000000000000000000000000000000000000000000 2 0
27433	93.444	0.000	( 0 )	100111000100111101101101101011010110101000100111110110001011010111110000011000100010010100000000000000000000000000000000000000000000000000000000000000000000000000000000000000000000 0 0
27460	93.444	0.000	( 0 )	100111000100111101101101101011010110101000100111110110001011010111110000011000100010010100000000000000000000000000000000000000000000000000000000000000000000000000000000000000000000 0 0
27439	94.555	0.000	( 0 )	000111000100111101101101101011010110101000100111110110001011010111110000011000100010010100000000000000000000000000000000000000000000000000000000000000000000000000000000000000000000 1 0
27575	94.555	0.000	( 0 )	000111000100111101101101101011010110101000100111110110001011010111110000011000100010010100000000000000000000000000000000000000000000000000000000000000000000000000000000000000000000 0 0
27438	94.555	0.000	( 0 )	000111000100111101101101101011010110101000100111110110001011010111110000011000100010010100000000000000000000000000000000000000000000000000000000000000000000000000000000000000000000 0 0
27441	94.555	0.000	( 0 )	000111000100111101101101101011010110101000100111110110001011010111110000011000100010010100000000000000000000000000000000000000000000000000000000000000000000000000000000000000000000 0 0
27451	94.555	0.000	( 0 )	000111000100111101101101101011010110101000100111110110001011010111110000011000100010010100000000000000000000000000000000000000000000000000000000000000000000000000000000000000000000 0 0
27443	94.555	0.000	( 0 )	000111000100111101101101101011010110101000100111110110001011010111110000011000100010010100000000000000000000000000000000000000000000000000000000000000000000000000000000000000000000 0 0
27503	95.666	0.000	( 0 )	000111000100111101101101101011010110101000100111111110001011010111110000011000100010010100000000000000000000000000000000000000000000000000000000000000000000000000000000000000000000 1 0
27502	95.666	0.000	( 0 )	000111000100111101101101101011010110101000100111111110001011010111110000011000100010010100000000000000000000000000000000000000000000000000000000000000000000000000000000000000000000 0 0
27511	95.666	0.000	( 0 )	000111000100111101101101101011010110101000100111111110001011010111110000011000100010010100000000000000000000000000000000000000000000000000000000000000000000000000000000000000000000 0 0
27512	95.666	0.000	( 0 )	000111000100111101101101101011010110101000100111111110001011010111110000011000100010010100000000000000000000000000000000000000000000000000000000000000000000000000000000000000000000 0 0
27517	95.666	0.000	( 0 )	000111000100111101101101101011010110101000100111111110001011010111110000011000100010010100000000000000000000000000000000000000000000000000000000000000000000000000000000000000000000 0 0
27509	95.666	0.000	( 0 )	000111000100111101101101101011010110101000100111111110001011010111110000011000100010010100000000000000000000000000000000000000000000000000000000000000000000000000000000000000000000 0 0
27505	95.666	0.000	( 0 )	000111000100111101101101101011010110101000100111111110001011010111110000011000100010010100000000000000000000000000000000000000000000000000000000000000000000000000000000000000000000 0 0
27507	95.666	0.000	( 0 )	000111000100111101101101101011010110101000100111111110001011010111110000011000100010010100000000000000000000000000000000000000000000000000000000000000000000000000000000000000000000 0 0
27510	95.666	0.000	( 0 )	000111000100111101101101101011010110101000100111111110001011010111110000011000100010010100000000000000000000000000000000000000000000000000000000000000000000000000000000000000000000 0 0
27572	96.778	0.000	( 0 )	000111000100111101101101101011011110101000100111111110001011010111110000011000100010010100000000000000000000000000000000000000000000000000000000000000000000000000000000000000000000 1 0
27564	96.778	0.000	( 0 )	000111000100111101101101101011011110101000100111111110001011010111110000011000100010010100000000000000000000000000000000000000000000000000000000000000000000000000000000000000000000 0 0
27571	96.778	0.000	( 0 )	000111000100111101101101101011011110101000100111111110001011010111110000011000100010010100000000000000000000000000000000000000000000000000000000000000000000000000000000000000000000 0 0
27608	97.889	0.000	( 0 )	000111000100111101101101101011011110101000100111111010001011010111110000011000100010010100000000000000000000000000000000000000000000000000000000000000000000000000000000000000000000 1 0
27607	97.889	0.000	( 0 )	000111000100111101101101101011011110101000100111111010001011010111110000011000100010010100000000000000000000000000000000000000000000000000000000000000000000000000000000000000000000 0 0
27604	97.889	0.000	( 0 )	000111000100111101101101101011011110101000100111111010001011010111110000011000100010010100000000000000000000000000000000000000000000000000000000000000000000000000000000000000000000 0 0
27606	97.889	0.000	( 0 )	000111000100111101101101101011011110101000100111111010001011010111110000011000100010010100000000000000000000000000000000000000000000000000000000000000000000000000000000000000000000 0 0
27657	103.467	0.000	( 0 )	001111000100111101101101101011011110101000100110111011001011010111110000011000101010000100000000000000000000000000000000000000000000000000000000000000000000000000000000000000000000 5 0
27618	103.467	0.000	( 0 )	001111000100111101101101101011011110101000100110111011001011010111110000011000101010000100000000000000000000000000000000000000000000000000000000000000000000000000000000000000000000 0 0
27654	103.467	0.000	( 0 )	001111000100111101101101101011011110101000100110111011001011010111110000011000101010000100000000000000000000000000000000000000000000000000000000000000000000000000000000000000000000 0 0
27656	103.467	0.000	( 0 )	001111000100111101101101101011011110101000100110111011001011010111110000011000101010000100000000000000000000000000000000000000000000000000000000000000000000000000000000000000000000 0 0
27696	103.467	0.000	( 0 )	001111000100111101101101101011011110101000100110111011001011010111110000011000101010000100000000000000000000000000000000000000000000000000000000000000000000000000000000000000000000 0 0
27623	103.467	0.000	( 0 )	001111000100111101101101101011011110101000100110111011001011010111110000011000101010000100000000000000000000000000000000000000000000000000000000000000000000000000000000000000000000 0 0
27619	103.467	0.000	( 0 )	001111000100111101101101101011011110101000100110111011001011010111110000011000101010000100000000000000000000000000000000000000000000000000000000000000000000000000000000000000000000 0 0
27622	103.467	0.000	( 0 )	001111000100111101101101101011011110101000100110111011001011010111110000011000101010000100000000000000000000000000000000000000000000000000000000000000000000000000000000000000000000 0 0
27657	103.467	0.000	( 0 )	001111000100111101101101101011011110101000100110111011001011010111110000011000101010000100000000000000000000000000000000000000000000000000000000000000000000000000000000000000000000 0 0
27730	105.691	0.000	( 0 )	001111000100111101101111101011011110101000100110111011001111010111110000011000101010000100000000000000000000000000000000000000000000000000000000000000000000000000000000000000000000 2 0
27732	105.691	0.000	( 0 )	001111000100111101101111101011011110101000100110111011001111010111110000011000101010000100000000000000000000000000000000000000000000000000000000000000000000000000000000000000000000 0 0
27721	105.691	0.000	( 0 )	001111000100111101101111101011011110101000100110111011001111010111110000011000101010000100000000000000000000000000000000000000000000000000000000000000000000000000000000000000000000 0 0
