#java OrderMarkers2 data=- evaluateOrder=reordermarkers/iterations/ordered.31.13 useKosambi=1 numThreads=4 calculateIntervals=intervals/ordered.31.intervals randSeed=-3961605486262500569
Loading file
No grandparents present in family V
Number of individuals = 92
Number of families = 1
File loaded with 42521 SNPs
Number of individuals = 92 excluding grandparents
Number of families = 1
Number of markers = 68
Setting dataScale to 1.0 all likelihoods will be multiplied by 1.0
Initial score = -1476.1659622928048
Iteration 1 of 6
884884288488421 done
Polishing map...
score = -1443.1912000263019
*score = -1436.9784057224078
score = -1436.9784057224078
score = -1436.9784057224078
Iteration 2 of 6
884884288488421 done
Polishing map...
score = -1595.2928513484005
score = -1483.9574932698076
score = -1462.5510025601745
score = -1450.0804340923114
Iteration 3 of 6
884884288488421 done
Polishing map...
score = -1558.3163863271386
score = -1540.6540757268579
score = -1540.6540757268579
score = -1540.6540757268579
Iteration 4 of 6
884884288488421 done
Polishing map...
score = -1603.3840594778
score = -1603.3840594778
score = -1576.5827602194968
score = -1576.2960580634299
Iteration 5 of 6
884884288488421 done
Polishing map...
score = -1441.6479418538408
*score = -1434.7686662338572
score = -1434.7686662338572
*score = -1433.4040091894465
Iteration 6 of 6
884884288488421 done
Polishing map...
score = -1546.5117483949205
score = -1484.6533946012992
score = -1484.6533946012992
score = -1475.6893349606455
Final score = -1433.4040091894465
Setting dataScale to 1.0 all likelihoods will be multiplied by 1.0
logL = -1433.4040091894465
number of recombinations = 93.0 logL = -1433.4040091894465
Individual	V	P14459_101_S1	recombines	1	times
Individual	V	P14459_103_S3	recombines	1	times
Individual	V	P14459_105_S5	recombines	1	times
Individual	V	P14459_107_S7	recombines	2	times
Individual	V	P14459_108_S8	recombines	2	times
Individual	V	P14459_109_S9	recombines	1	times
Individual	V	P14459_110_S10	recombines	1	times
Individual	V	P14459_113_S13	recombines	2	times
Individual	V	P14459_114_S14	recombines	2	times
Individual	V	P14459_115_S15	recombines	1	times
Individual	V	P14459_116_S16	recombines	2	times
Individual	V	P14459_117_S17	recombines	2	times
Individual	V	P14459_118_S18	recombines	1	times
Individual	V	P14459_119_S19	recombines	2	times
Individual	V	P14459_120_S20	recombines	2	times
Individual	V	P14459_121_S21	recombines	1	times
Individual	V	P14459_122_S22	recombines	1	times
Individual	V	P14459_123_S23	recombines	1	times
Individual	V	P14459_124_S24	recombines	1	times
Individual	V	P14459_126_S26	recombines	1	times
Individual	V	P14459_127_S27	recombines	1	times
Individual	V	P14459_130_S30	recombines	1	times
Individual	V	P14459_131_S31	recombines	1	times
Individual	V	P14459_132_S32	recombines	2	times
Individual	V	P14459_134_S34	recombines	2	times
Individual	V	P14459_135_S35	recombines	1	times
Individual	V	P14459_137_S37	recombines	3	times
Individual	V	P14459_139_S39	recombines	1	times
Individual	V	P14459_141_S41	recombines	1	times
Individual	V	P14459_144_S44	recombines	2	times
Individual	V	P14459_145_S45	recombines	1	times
Individual	V	P14459_146_S46	recombines	2	times
Individual	V	P14459_147_S47	recombines	2	times
Individual	V	P14459_148_S48	recombines	1	times
Individual	V	P14459_151_S51	recombines	1	times
Individual	V	P14459_154_S54	recombines	1	times
Individual	V	P14459_156_S56	recombines	1	times
Individual	V	P14459_159_S59	recombines	2	times
Individual	V	P14459_160_S60	recombines	3	times
Individual	V	P14459_161_S61	recombines	1	times
Individual	V	P14459_162_S62	recombines	1	times
Individual	V	P14459_163_S63	recombines	2	times
Individual	V	P14459_164_S64	recombines	1	times
Individual	V	P14459_167_S67	recombines	2	times
Individual	V	P14459_170_S70	recombines	2	times
Individual	V	P14459_171_S71	recombines	1	times
Individual	V	P14459_172_S72	recombines	1	times
Individual	V	P14459_173_S73	recombines	2	times
Individual	V	P14459_174_S74	recombines	2	times
Individual	V	P14459_176_S76	recombines	1	times
Individual	V	P14459_177_S77	recombines	1	times
Individual	V	P14459_179_S79	recombines	2	times
Individual	V	P14459_180_S80	recombines	1	times
Individual	V	P14459_181_S81	recombines	2	times
Individual	V	P14459_186_S86	recombines	1	times
Individual	V	P14459_187_S87	recombines	3	times
Individual	V	P14459_188_S88	recombines	1	times
Individual	V	P14459_189_S89	recombines	3	times
Individual	V	P14459_190_S90	recombines	2	times
Individual	V	P14459_191_S91	recombines	1	times
Individual	V	P14459_193_S93	recombines	1	times
Individual	V	P14459_194_S94	recombines	2	times
#*** LG = 0 likelihood = -1433.404
#marker_number	male_position	female_position	( 0.0 )[	phased data]
39836	0.000	0.000	( 0 )	000000000000011001100000111000010110000010100000000000000110100000000000000000000011010000000000000000000000000000000000000000000000000000000000000000000000000000000000000000000000 0 0
39832	0.000	0.000	( 0 )	000000000000011001100000111000010110000010100000000000000110100000000000000000000011010000000000000000000000000000000000000000000000000000000000000000000000000000000000000000000000 0 0
39831	0.000	0.000	( 0 )	000000000000011001100000111000010110000010100000000000000110100000000000000000000011010000000000000000000000000000000000000000000000000000000000000000000000000000000000000000000000 0 0
39839	0.000	0.000	( 0 )	000000000000011001100000111000010110000010100000000000000110100000000000000000000011010000000000000000000000000000000000000000000000000000000000000000000000000000000000000000000000 0 0
39834	0.000	0.000	( 0 )	000000000000011001100000111000010110000010100000000000000110100000000000000000000011010000000000000000000000000000000000000000000000000000000000000000000000000000000000000000000000 0 0
39373	40.236	0.000	( 0 )	010001111000111110000000111011110100001000110000001000011111101001011100010100000110010000000000000000000000000000000000000000000000000000000000000000000000000000000000000000000000 30 0
39366	40.236	0.000	( 0 )	010001111000111110000000111011110100001000110000001000011111101001011100010100000110010000000000000000000000000000000000000000000000000000000000000000000000000000000000000000000000 0 0
39371	40.236	0.000	( 0 )	010001111000111110000000111011110100001000110000001000011111101001011100010100000110010000000000000000000000000000000000000000000000000000000000000000000000000000000000000000000000 0 0
39368	40.236	0.000	( 0 )	010001111000111110000000111011110100001000110000001000011111101001011100010100000110010000000000000000000000000000000000000000000000000000000000000000000000000000000000000000000000 0 0
39370	40.236	0.000	( 0 )	010001111000111110000000111011110100001000110000001000011111101001011100010100000110010000000000000000000000000000000000000000000000000000000000000000000000000000000000000000000000 0 0
39367	40.236	0.000	( 0 )	010001111000111110000000111011110100001000110000001000011111101001011100010100000110010000000000000000000000000000000000000000000000000000000000000000000000000000000000000000000000 0 0
39373	40.236	0.000	( 0 )	010001111000111110000000111011110100001000110000001000011111101001011100010100000110010000000000000000000000000000000000000000000000000000000000000000000000000000000000000000000000 0 0
39372	40.236	0.000	( 0 )	010001111000111110000000111011110100001000110000001000011111101001011100010100000110010000000000000000000000000000000000000000000000000000000000000000000000000000000000000000000000 0 0
39374	40.236	0.000	( 0 )	010001111000111110000000111011110100001000110000001000011111101001011100010100000110010000000000000000000000000000000000000000000000000000000000000000000000000000000000000000000000 0 0
39369	40.236	0.000	( 0 )	010001111000111110000000111011110100001000110000001000011111101001011100010100000110010000000000000000000000000000000000000000000000000000000000000000000000000000000000000000000000 0 0
39390	41.347	0.000	( 0 )	010001111000111110000000111011010100001000110000001000011111101001011100010100000110010000000000000000000000000000000000000000000000000000000000000000000000000000000000000000000000 1 0
39389	42.459	0.000	( 0 )	010001111000111110000000111011010100001000110000001000011111101001010100010100000110010000000000000000000000000000000000000000000000000000000000000000000000000000000000000000000000 1 0
39388	42.459	0.000	( 0 )	010001111000111110000000111011010100001000110000001000011111101001010100010100000110010000000000000000000000000000000000000000000000000000000000000000000000000000000000000000000000 0 0
39392	42.459	0.000	( 0 )	010001111000111110000000111011010100001000110000001000011111101001010100010100000110010000000000000000000000000000000000000000000000000000000000000000000000000000000000000000000000 0 0
39391	42.459	0.000	( 0 )	010001111000111110000000111011010100001000110000001000011111101001010100010100000110010000000000000000000000000000000000000000000000000000000000000000000000000000000000000000000000 0 0
39459	50.300	0.000	( 0 )	010001011001011110000010111011010110001000110000001000010111101001010100010100000110110000000000000000000000000000000000000000000000000000000000000000000000000000000000000000000000 7 0
39420	50.300	0.000	( 0 )	010001011001011110000010111011010110001000110000001000010111101001010100010100000110110000000000000000000000000000000000000000000000000000000000000000000000000000000000000000000000 0 0
39455	50.300	0.000	( 0 )	010001011001011110000010111011010110001000110000001000010111101001010100010100000110110000000000000000000000000000000000000000000000000000000000000000000000000000000000000000000000 0 0
39499	53.638	0.000	( 0 )	010001011001011111000010111011010110001010110000001000010111101001010100010100000010110000000000000000000000000000000000000000000000000000000000000000000000000000000000000000000000 3 0
39514	53.638	0.000	( 0 )	010001011001011111000010111011010110001010110000001000010111101001010100010100000010110000000000000000000000000000000000000000000000000000000000000000000000000000000000000000000000 0 0
39510	53.638	0.000	( 0 )	010001011001011111000010111011010110001010110000001000010111101001010100010100000010110000000000000000000000000000000000000000000000000000000000000000000000000000000000000000000000 0 0
39517	53.638	0.000	( 0 )	010001011001011111000010111011010110001010110000001000010111101001010100010100000010110000000000000000000000000000000000000000000000000000000000000000000000000000000000000000000000 0 0
39519	53.638	0.000	( 0 )	010001011001011111000010111011010110001010110000001000010111101001010100010100000010110000000000000000000000000000000000000000000000000000000000000000000000000000000000000000000000 0 0
39506	53.638	0.000	( 0 )	010001011001011111000010111011010110001010110000001000010111101001010100010100000010110000000000000000000000000000000000000000000000000000000000000000000000000000000000000000000000 0 0
39518	53.638	0.000	( 0 )	010001011001011111000010111011010110001010110000001000010111101001010100010100000010110000000000000000000000000000000000000000000000000000000000000000000000000000000000000000000000 0 0
39504	53.638	0.000	( 0 )	010001011001011111000010111011010110001010110000001000010111101001010100010100000010110000000000000000000000000000000000000000000000000000000000000000000000000000000000000000000000 0 0
39497	53.638	0.000	( 0 )	010001011001011111000010111011010110001010110000001000010111101001010100010100000010110000000000000000000000000000000000000000000000000000000000000000000000000000000000000000000000 0 0
39625	55.862	0.000	( 0 )	010001011001011111000010111011010110001010110000001000010111101001010100000100000010110010000000000000000000000000000000000000000000000000000000000000000000000000000000000000000000 2 0
39606	56.973	0.000	( 0 )	010001011001011111000010111011010110001010110000001000010111101001010100000100000011110010000000000000000000000000000000000000000000000000000000000000000000000000000000000000000000 1 0
39566	56.973	0.000	( 0 )	010001011001011111000010111011010110001010110000001000010111101001010100000100000011110010000000000000000000000000000000000000000000000000000000000000000000000000000000000000000000 0 0
39571	56.973	0.000	( 0 )	010001011001011111000010111011010110001010110000001000010111101001010100000100000011110010000000000000000000000000000000000000000000000000000000000000000000000000000000000000000000 0 0
39537	56.973	0.000	( 0 )	010001011001011111000010111011010110001010110000001000010111101001010100000100000011110010000000000000000000000000000000000000000000000000000000000000000000000000000000000000000000 0 0
39697	59.197	0.000	( 0 )	010001011001011111001010111011010110001010110000001000010111101001110100000100000011110010000000000000000000000000000000000000000000000000000000000000000000000000000000000000000000 2 0
39706	59.197	0.000	( 0 )	010001011001011111001010111011010110001010110000001000010111101001110100000100000011110010000000000000000000000000000000000000000000000000000000000000000000000000000000000000000000 0 0
39693	59.197	0.000	( 0 )	010001011001011111001010111011010110001010110000001000010111101001110100000100000011110010000000000000000000000000000000000000000000000000000000000000000000000000000000000000000000 0 0
39709	59.197	0.000	( 0 )	010001011001011111001010111011010110001010110000001000010111101001110100000100000011110010000000000000000000000000000000000000000000000000000000000000000000000000000000000000000000 0 0
39707	59.197	0.000	( 0 )	010001011001011111001010111011010110001010110000001000010111101001110100000100000011110010000000000000000000000000000000000000000000000000000000000000000000000000000000000000000000 0 0
39643	59.197	0.000	( 0 )	010001011001011111001010111011010110001010110000001000010111101001110100000100000011110010000000000000000000000000000000000000000000000000000000000000000000000000000000000000000000 0 0
39677	59.197	0.000	( 0 )	010001011001011111001010111011010110001010110000001000010111101001110100000100000011110010000000000000000000000000000000000000000000000000000000000000000000000000000000000000000000 0 0
39708	59.197	0.000	( 0 )	010001011001011111001010111011010110001010110000001000010111101001110100000100000011110010000000000000000000000000000000000000000000000000000000000000000000000000000000000000000000 0 0
39678	60.308	0.000	( 0 )	010001011001010111001010111011010110001010110000001000010111101001110100000100000011110010000000000000000000000000000000000000000000000000000000000000000000000000000000000000000000 1 0
39690	60.308	0.000	( 0 )	010001011001010111001010111011010110001010110000001000010111101001110100000100000011110010000000000000000000000000000000000000000000000000000000000000000000000000000000000000000000 0 0
39682	60.308	0.000	( 0 )	010001011001010111001010111011010110001010110000001000010111101001110100000100000011110010000000000000000000000000000000000000000000000000000000000000000000000000000000000000000000 0 0
39585	60.308	0.000	( 0 )	010001011001010111001010111011010110001010110000001000010111101001110100000100000011110010000000000000000000000000000000000000000000000000000000000000000000000000000000000000000000 0 0
39688	60.308	0.000	( 0 )	010001011001010111001010111011010110001010110000001000010111101001110100000100000011110010000000000000000000000000000000000000000000000000000000000000000000000000000000000000000000 0 0
39808	64.764	0.000	( 0 )	010001011001011111101010111011010110001010100000001000010111101000110100000100000011110010000000000000000000000000000000000000000000000000000000000000000000000000000000000000000000 4 0
39779	64.764	0.000	( 0 )	010001011001011111101010111011010110001010100000001000010111101000110100000100000011110010000000000000000000000000000000000000000000000000000000000000000000000000000000000000000000 0 0
39777	64.764	0.000	( 0 )	010001011001011111101010111011010110001010100000001000010111101000110100000100000011110010000000000000000000000000000000000000000000000000000000000000000000000000000000000000000000 0 0
39799	64.764	0.000	( 0 )	010001011001011111101010111011010110001010100000001000010111101000110100000100000011110010000000000000000000000000000000000000000000000000000000000000000000000000000000000000000000 0 0
39798	64.764	0.000	( 0 )	010001011001011111101010111011010110001010100000001000010111101000110100000100000011110010000000000000000000000000000000000000000000000000000000000000000000000000000000000000000000 0 0
39810	64.764	0.000	( 0 )	010001011001011111101010111011010110001010100000001000010111101000110100000100000011110010000000000000000000000000000000000000000000000000000000000000000000000000000000000000000000 0 0
39811	64.764	0.000	( 0 )	010001011001011111101010111011010110001010100000001000010111101000110100000100000011110010000000000000000000000000000000000000000000000000000000000000000000000000000000000000000000 0 0
39773	64.764	0.000	( 0 )	010001011001011111101010111011010110001010100000001000010111101000110100000100000011110010000000000000000000000000000000000000000000000000000000000000000000000000000000000000000000 0 0
39782	76.064	0.000	( 0 )	010001011001001111101010001011000100001010000000001000010101001000110100000100000000110010000000000000000000000000000000000000000000000000000000000000000000000000000000000000000000 10 0
39781	76.064	0.000	( 0 )	010001011001001111101010001011000100001010000000001000010101001000110100000100000000110010000000000000000000000000000000000000000000000000000000000000000000000000000000000000000000 0 0
39901	83.905	0.000	( 0 )	010001011001001111101010001011001100101010000000001000010100000000110110000100001000110110000000000000000000000000000000000000000000000000000000000000000000000000000000000000000000 7 0
39899	83.905	0.000	( 0 )	010001011001001111101010001011001100101010000000001000010100000000110110000100001000110110000000000000000000000000000000000000000000000000000000000000000000000000000000000000000000 0 0
32131	112.117	0.000	( 0 )	110100011000001011111110001011011100101011101001001010001000000000110011001100001100000100000000000000000000000000000000000000000000000000000000000000000000000000000000000000000000 23 0
32134	113.228	0.000	( 0 )	110100011000001011111110001011011100101011101001001010001000000000110011001000001100000100000000000000000000000000000000000000000000000000000000000000000000000000000000000000000000 1 0
32128	113.228	0.000	( 0 )	110100011000001011111110001011011100101011101001001010001000000000110011001000001100000100000000000000000000000000000000000000000000000000000000000000000000000000000000000000000000 0 0
32129	113.228	0.000	( 0 )	110100011000001011111110001011011100101011101001001010001000000000110011001000001100000100000000000000000000000000000000000000000000000000000000000000000000000000000000000000000000 0 0
32132	113.228	0.000	( 0 )	110100011000001011111110001011011100101011101001001010001000000000110011001000001100000100000000000000000000000000000000000000000000000000000000000000000000000000000000000000000000 0 0
32136	113.228	0.000	( 0 )	110100011000001011111110001011011100101011101001001010001000000000110011001000001100000100000000000000000000000000000000000000000000000000000000000000000000000000000000000000000000 0 0
