#java OrderMarkers2 data=- evaluateOrder=reordermarkers/iterations/ordered.4.17 useKosambi=1 numThreads=4 calculateIntervals=intervals/ordered.4.intervals randSeed=-7172647514929602437
Loading file
No grandparents present in family V
Number of individuals = 92
Number of families = 1
File loaded with 42521 SNPs
Number of individuals = 92 excluding grandparents
Number of families = 1
Number of markers = 254
Setting dataScale to 0.3543307086614173 all likelihoods will be multiplied by 2.8222222222222224
Initial score = -6025.326814356933
Iteration 1 of 6
884884288488421 done
Polishing map...
score = -6591.057307045286
score = -6571.722109339894
score = -6552.743724074735
score = -6552.743724074735
Iteration 2 of 6
884884288488421 done
Polishing map...
score = -6182.8782064420275
score = -6139.365482370269
score = -5951.248764175404
*score = -5897.592280849572
Iteration 3 of 6
884884288488421 done
Polishing map...
score = -6578.635228593118
score = -6564.648201628035
score = -6514.811109585804
score = -6508.380836175345
Iteration 4 of 6
884884288488421 done
Polishing map...
score = -5971.7477544499
score = -5934.460105295237
score = -5926.9135801745015
score = -5921.309829620323
Iteration 5 of 6
884884288488421 done
Polishing map...
score = -6584.724252733828
score = -6515.4062836500425
score = -6515.4062836500425
score = -6515.4062836500425
Iteration 6 of 6
884884288488421 done
Polishing map...
score = -7094.786416678419
score = -7048.317812596467
score = -6629.229469430119
score = -6601.6024112596315
Final score = -5897.592280849572
Setting dataScale to 0.3543307086614173 all likelihoods will be multiplied by 2.8222222222222224
logL = -5897.592280849572
number of recombinations = 109.0 logL = -5897.592280849572
Individual	V	P14459_101_S1	recombines	3	times
Individual	V	P14459_103_S3	recombines	1	times
Individual	V	P14459_104_S4	recombines	1	times
Individual	V	P14459_105_S5	recombines	1	times
Individual	V	P14459_106_S6	recombines	3	times
Individual	V	P14459_107_S7	recombines	1	times
Individual	V	P14459_108_S8	recombines	1	times
Individual	V	P14459_110_S10	recombines	1	times
Individual	V	P14459_111_S11	recombines	2	times
Individual	V	P14459_112_S12	recombines	1	times
Individual	V	P14459_113_S13	recombines	1	times
Individual	V	P14459_114_S14	recombines	1	times
Individual	V	P14459_115_S15	recombines	1	times
Individual	V	P14459_116_S16	recombines	1	times
Individual	V	P14459_117_S17	recombines	1	times
Individual	V	P14459_118_S18	recombines	1	times
Individual	V	P14459_120_S20	recombines	1	times
Individual	V	P14459_121_S21	recombines	1	times
Individual	V	P14459_122_S22	recombines	1	times
Individual	V	P14459_123_S23	recombines	2	times
Individual	V	P14459_124_S24	recombines	1	times
Individual	V	P14459_125_S25	recombines	1	times
Individual	V	P14459_126_S26	recombines	1	times
Individual	V	P14459_127_S27	recombines	1	times
Individual	V	P14459_129_S29	recombines	1	times
Individual	V	P14459_130_S30	recombines	1	times
Individual	V	P14459_131_S31	recombines	2	times
Individual	V	P14459_132_S32	recombines	2	times
Individual	V	P14459_134_S34	recombines	2	times
Individual	V	P14459_135_S35	recombines	2	times
Individual	V	P14459_136_S36	recombines	1	times
Individual	V	P14459_137_S37	recombines	1	times
Individual	V	P14459_138_S38	recombines	1	times
Individual	V	P14459_139_S39	recombines	2	times
Individual	V	P14459_141_S41	recombines	1	times
Individual	V	P14459_142_S42	recombines	2	times
Individual	V	P14459_144_S44	recombines	1	times
Individual	V	P14459_145_S45	recombines	1	times
Individual	V	P14459_147_S47	recombines	3	times
Individual	V	P14459_148_S48	recombines	1	times
Individual	V	P14459_149_S49	recombines	1	times
Individual	V	P14459_150_S50	recombines	2	times
Individual	V	P14459_151_S51	recombines	1	times
Individual	V	P14459_152_S52	recombines	1	times
Individual	V	P14459_153_S53	recombines	1	times
Individual	V	P14459_154_S54	recombines	1	times
Individual	V	P14459_155_S55	recombines	2	times
Individual	V	P14459_156_S56	recombines	1	times
Individual	V	P14459_157_S57	recombines	1	times
Individual	V	P14459_158_S58	recombines	1	times
Individual	V	P14459_159_S59	recombines	1	times
Individual	V	P14459_160_S60	recombines	2	times
Individual	V	P14459_161_S61	recombines	1	times
Individual	V	P14459_162_S62	recombines	1	times
Individual	V	P14459_163_S63	recombines	1	times
Individual	V	P14459_164_S64	recombines	1	times
Individual	V	P14459_166_S66	recombines	1	times
Individual	V	P14459_168_S68	recombines	2	times
Individual	V	P14459_170_S70	recombines	1	times
Individual	V	P14459_171_S71	recombines	2	times
Individual	V	P14459_172_S72	recombines	1	times
Individual	V	P14459_173_S73	recombines	1	times
Individual	V	P14459_174_S74	recombines	1	times
Individual	V	P14459_176_S76	recombines	1	times
Individual	V	P14459_177_S77	recombines	1	times
Individual	V	P14459_178_S78	recombines	1	times
Individual	V	P14459_180_S80	recombines	3	times
Individual	V	P14459_181_S81	recombines	2	times
Individual	V	P14459_182_S82	recombines	1	times
Individual	V	P14459_183_S83	recombines	2	times
Individual	V	P14459_184_S84	recombines	2	times
Individual	V	P14459_185_S85	recombines	1	times
Individual	V	P14459_186_S86	recombines	1	times
Individual	V	P14459_187_S87	recombines	2	times
Individual	V	P14459_189_S89	recombines	2	times
Individual	V	P14459_190_S90	recombines	2	times
Individual	V	P14459_191_S91	recombines	1	times
Individual	V	P14459_192_S92	recombines	2	times
Individual	V	P14459_193_S93	recombines	1	times
Individual	V	P14459_194_S94	recombines	1	times
Individual	V	P14459_195_S95	recombines	1	times
#*** LG = 0 likelihood = -5897.5923
#marker_number	male_position	female_position	( 0.0 )[	phased data]
1852	0.000	0.000	( 0 )	111100011101010011101100011000000000110110101010010100011011101010111100010111100111011110000000000000000000000000000000000000000000000000000000000000000000000000000000000000000000 0 0
1854	0.000	0.000	( 0 )	111100011101010011101100011000000000110110101010010100011011101010111100010111100111011110000000000000000000000000000000000000000000000000000000000000000000000000000000000000000000 0 0
1853	0.000	0.000	( 0 )	111100011101010011101100011000000000110110101010010100011011101010111100010111100111011110000000000000000000000000000000000000000000000000000000000000000000000000000000000000000000 0 0
1844	0.000	0.000	( 0 )	111100011101010011101100011000000000110110101010010100011011101010111100010111100111011110000000000000000000000000000000000000000000000000000000000000000000000000000000000000000000 0 0
1841	0.000	0.000	( 0 )	111100011101010011101100011000000000110110101010010100011011101010111100010111100111011110000000000000000000000000000000000000000000000000000000000000000000000000000000000000000000 0 0
1845	0.000	0.000	( 0 )	111100011101010011101100011000000000110110101010010100011011101010111100010111100111011110000000000000000000000000000000000000000000000000000000000000000000000000000000000000000000 0 0
1842	0.000	0.000	( 0 )	111100011101010011101100011000000000110110101010010100011011101010111100010111100111011110000000000000000000000000000000000000000000000000000000000000000000000000000000000000000000 0 0
1867	1.111	0.000	( 0 )	111000011101010011101100011000000000110110101010010100011011101010111100010111100111011110000000000000000000000000000000000000000000000000000000000000000000000000000000000000000000 1 0
1888	3.335	0.000	( 0 )	111000011101010011101100011000000000110110101000010100010011101010111100010111100111011110000000000000000000000000000000000000000000000000000000000000000000000000000000000000000000 2 0
1956	6.673	0.000	( 0 )	101000011001010011101100011000000000110110101000011100010011101010111100010111100111011110000000000000000000000000000000000000000000000000000000000000000000000000000000000000000000 3 0
1954	6.673	0.000	( 0 )	101000011001010011101100011000000000110110101000011100010011101010111100010111100111011110000000000000000000000000000000000000000000000000000000000000000000000000000000000000000000 0 0
1974	7.785	0.000	( 0 )	101000011001010011101100011000000000110110101000011100010011101010111100010111100110011110000000000000000000000000000000000000000000000000000000000000000000000000000000000000000000 1 0
1975	7.785	0.000	( 0 )	101000011001010011101100011000000000110110101000011100010011101010111100010111100110011110000000000000000000000000000000000000000000000000000000000000000000000000000000000000000000 0 0
1966	7.785	0.000	( 0 )	101000011001010011101100011000000000110110101000011100010011101010111100010111100110011110000000000000000000000000000000000000000000000000000000000000000000000000000000000000000000 0 0
1978	7.785	0.000	( 0 )	101000011001010011101100011000000000110110101000011100010011101010111100010111100110011110000000000000000000000000000000000000000000000000000000000000000000000000000000000000000000 0 0
1972	7.785	0.000	( 0 )	101000011001010011101100011000000000110110101000011100010011101010111100010111100110011110000000000000000000000000000000000000000000000000000000000000000000000000000000000000000000 0 0
1977	7.785	0.000	( 0 )	101000011001010011101100011000000000110110101000011100010011101010111100010111100110011110000000000000000000000000000000000000000000000000000000000000000000000000000000000000000000 0 0
1976	7.785	0.000	( 0 )	101000011001010011101100011000000000110110101000011100010011101010111100010111100110011110000000000000000000000000000000000000000000000000000000000000000000000000000000000000000000 0 0
2002	8.896	0.000	( 0 )	101000011001010011101100011000000000110100101000011100010011101010111100010111100110011110000000000000000000000000000000000000000000000000000000000000000000000000000000000000000000 1 0
1998	8.896	0.000	( 0 )	101000011001010011101100011000000000110100101000011100010011101010111100010111100110011110000000000000000000000000000000000000000000000000000000000000000000000000000000000000000000 0 0
2017	13.352	0.000	( 0 )	101000011001010111101000011000010000110100101001011100010011101010111100010111100110011110000000000000000000000000000000000000000000000000000000000000000000000000000000000000000000 4 0
2018	13.352	0.000	( 0 )	101000011001010111101000011000010000110100101001011100010011101010111100010111100110011110000000000000000000000000000000000000000000000000000000000000000000000000000000000000000000 0 0
2272	16.690	0.000	( 0 )	100000011001010111101000011000110000110100101001011100010011101010011100010111100110011110000000000000000000000000000000000000000000000000000000000000000000000000000000000000000000 3 0
2155	16.690	0.000	( 0 )	100000011001010111101000011000110000110100101001011100010011101010011100010111100110011110000000000000000000000000000000000000000000000000000000000000000000000000000000000000000000 0 0
2153	16.690	0.000	( 0 )	100000011001010111101000011000110000110100101001011100010011101010011100010111100110011110000000000000000000000000000000000000000000000000000000000000000000000000000000000000000000 0 0
2111	17.802	0.000	( 0 )	100000011001010111101000011000110000010100101001011100010011101010011100010111100110011110000000000000000000000000000000000000000000000000000000000000000000000000000000000000000000 1 0
25192	17.802	0.000	( 0 )	100000011001010111101000011000110000010100101001011100010011101010011100010111100110011110000000000000000000000000000000000000000000000000000000000000000000000000000000000000000000 0 0
2151	17.802	0.000	( 0 )	100000011001010111101000011000110000010100101001011100010011101010011100010111100110011110000000000000000000000000000000000000000000000000000000000000000000000000000000000000000000 0 0
2096	17.802	0.000	( 0 )	100000011001010111101000011000110000010100101001011100010011101010011100010111100110011110000000000000000000000000000000000000000000000000000000000000000000000000000000000000000000 0 0
25195	17.802	0.000	( 0 )	100000011001010111101000011000110000010100101001011100010011101010011100010111100110011110000000000000000000000000000000000000000000000000000000000000000000000000000000000000000000 0 0
25199	17.802	0.000	( 0 )	100000011001010111101000011000110000010100101001011100010011101010011100010111100110011110000000000000000000000000000000000000000000000000000000000000000000000000000000000000000000 0 0
2128	17.802	0.000	( 0 )	100000011001010111101000011000110000010100101001011100010011101010011100010111100110011110000000000000000000000000000000000000000000000000000000000000000000000000000000000000000000 0 0
25191	17.802	0.000	( 0 )	100000011001010111101000011000110000010100101001011100010011101010011100010111100110011110000000000000000000000000000000000000000000000000000000000000000000000000000000000000000000 0 0
2072	17.802	0.000	( 0 )	100000011001010111101000011000110000010100101001011100010011101010011100010111100110011110000000000000000000000000000000000000000000000000000000000000000000000000000000000000000000 0 0
2130	17.802	0.000	( 0 )	100000011001010111101000011000110000010100101001011100010011101010011100010111100110011110000000000000000000000000000000000000000000000000000000000000000000000000000000000000000000 0 0
25193	17.802	0.000	( 0 )	100000011001010111101000011000110000010100101001011100010011101010011100010111100110011110000000000000000000000000000000000000000000000000000000000000000000000000000000000000000000 0 0
25194	17.802	0.000	( 0 )	100000011001010111101000011000110000010100101001011100010011101010011100010111100110011110000000000000000000000000000000000000000000000000000000000000000000000000000000000000000000 0 0
2110	17.802	0.000	( 0 )	100000011001010111101000011000110000010100101001011100010011101010011100010111100110011110000000000000000000000000000000000000000000000000000000000000000000000000000000000000000000 0 0
2211	17.802	0.000	( 0 )	100000011001010111101000011000110000010100101001011100010011101010011100010111100110011110000000000000000000000000000000000000000000000000000000000000000000000000000000000000000000 0 0
2097	17.802	0.000	( 0 )	100000011001010111101000011000110000010100101001011100010011101010011100010111100110011110000000000000000000000000000000000000000000000000000000000000000000000000000000000000000000 0 0
2271	18.913	0.000	( 0 )	100000011001010111101000001000110000010100101001011100010011101010011100010111100110011110000000000000000000000000000000000000000000000000000000000000000000000000000000000000000000 1 0
2207	18.913	0.000	( 0 )	100000011001010111101000001000110000010100101001011100010011101010011100010111100110011110000000000000000000000000000000000000000000000000000000000000000000000000000000000000000000 0 0
2199	18.913	0.000	( 0 )	100000011001010111101000001000110000010100101001011100010011101010011100010111100110011110000000000000000000000000000000000000000000000000000000000000000000000000000000000000000000 0 0
2192	18.913	0.000	( 0 )	100000011001010111101000001000110000010100101001011100010011101010011100010111100110011110000000000000000000000000000000000000000000000000000000000000000000000000000000000000000000 0 0
2326	18.913	0.000	( 0 )	100000011001010111101000001000110000010100101001011100010011101010011100010111100110011110000000000000000000000000000000000000000000000000000000000000000000000000000000000000000000 0 0
2301	18.913	0.000	( 0 )	100000011001010111101000001000110000010100101001011100010011101010011100010111100110011110000000000000000000000000000000000000000000000000000000000000000000000000000000000000000000 0 0
2193	18.913	0.000	( 0 )	100000011001010111101000001000110000010100101001011100010011101010011100010111100110011110000000000000000000000000000000000000000000000000000000000000000000000000000000000000000000 0 0
2208	18.913	0.000	( 0 )	100000011001010111101000001000110000010100101001011100010011101010011100010111100110011110000000000000000000000000000000000000000000000000000000000000000000000000000000000000000000 0 0
2250	18.913	0.000	( 0 )	100000011001010111101000001000110000010100101001011100010011101010011100010111100110011110000000000000000000000000000000000000000000000000000000000000000000000000000000000000000000 0 0
2298	18.913	0.000	( 0 )	100000011001010111101000001000110000010100101001011100010011101010011100010111100110011110000000000000000000000000000000000000000000000000000000000000000000000000000000000000000000 0 0
2296	18.913	0.000	( 0 )	100000011001010111101000001000110000010100101001011100010011101010011100010111100110011110000000000000000000000000000000000000000000000000000000000000000000000000000000000000000000 0 0
2185	18.913	0.000	( 0 )	100000011001010111101000001000110000010100101001011100010011101010011100010111100110011110000000000000000000000000000000000000000000000000000000000000000000000000000000000000000000 0 0
2299	18.913	0.000	( 0 )	100000011001010111101000001000110000010100101001011100010011101010011100010111100110011110000000000000000000000000000000000000000000000000000000000000000000000000000000000000000000 0 0
2246	18.913	0.000	( 0 )	100000011001010111101000001000110000010100101001011100010011101010011100010111100110011110000000000000000000000000000000000000000000000000000000000000000000000000000000000000000000 0 0
2292	18.913	0.000	( 0 )	100000011001010111101000001000110000010100101001011100010011101010011100010111100110011110000000000000000000000000000000000000000000000000000000000000000000000000000000000000000000 0 0
2312	18.913	0.000	( 0 )	100000011001010111101000001000110000010100101001011100010011101010011100010111100110011110000000000000000000000000000000000000000000000000000000000000000000000000000000000000000000 0 0
2245	18.913	0.000	( 0 )	100000011001010111101000001000110000010100101001011100010011101010011100010111100110011110000000000000000000000000000000000000000000000000000000000000000000000000000000000000000000 0 0
2294	18.913	0.000	( 0 )	100000011001010111101000001000110000010100101001011100010011101010011100010111100110011110000000000000000000000000000000000000000000000000000000000000000000000000000000000000000000 0 0
2186	18.913	0.000	( 0 )	100000011001010111101000001000110000010100101001011100010011101010011100010111100110011110000000000000000000000000000000000000000000000000000000000000000000000000000000000000000000 0 0
2293	18.913	0.000	( 0 )	100000011001010111101000001000110000010100101001011100010011101010011100010111100110011110000000000000000000000000000000000000000000000000000000000000000000000000000000000000000000 0 0
2251	18.913	0.000	( 0 )	100000011001010111101000001000110000010100101001011100010011101010011100010111100110011110000000000000000000000000000000000000000000000000000000000000000000000000000000000000000000 0 0
2235	18.913	0.000	( 0 )	100000011001010111101000001000110000010100101001011100010011101010011100010111100110011110000000000000000000000000000000000000000000000000000000000000000000000000000000000000000000 0 0
2187	18.913	0.000	( 0 )	100000011001010111101000001000110000010100101001011100010011101010011100010111100110011110000000000000000000000000000000000000000000000000000000000000000000000000000000000000000000 0 0
2300	18.913	0.000	( 0 )	100000011001010111101000001000110000010100101001011100010011101010011100010111100110011110000000000000000000000000000000000000000000000000000000000000000000000000000000000000000000 0 0
2257	18.913	0.000	( 0 )	100000011001010111101000001000110000010100101001011100010011101010011100010111100110011110000000000000000000000000000000000000000000000000000000000000000000000000000000000000000000 0 0
2242	18.913	0.000	( 0 )	100000011001010111101000001000110000010100101001011100010011101010011100010111100110011110000000000000000000000000000000000000000000000000000000000000000000000000000000000000000000 0 0
2329	18.913	0.000	( 0 )	100000011001010111101000001000110000010100101001011100010011101010011100010111100110011110000000000000000000000000000000000000000000000000000000000000000000000000000000000000000000 0 0
2295	18.913	0.000	( 0 )	100000011001010111101000001000110000010100101001011100010011101010011100010111100110011110000000000000000000000000000000000000000000000000000000000000000000000000000000000000000000 0 0
2302	18.913	0.000	( 0 )	100000011001010111101000001000110000010100101001011100010011101010011100010111100110011110000000000000000000000000000000000000000000000000000000000000000000000000000000000000000000 0 0
2234	18.913	0.000	( 0 )	100000011001010111101000001000110000010100101001011100010011101010011100010111100110011110000000000000000000000000000000000000000000000000000000000000000000000000000000000000000000 0 0
2229	18.913	0.000	( 0 )	100000011001010111101000001000110000010100101001011100010011101010011100010111100110011110000000000000000000000000000000000000000000000000000000000000000000000000000000000000000000 0 0
2297	18.913	0.000	( 0 )	100000011001010111101000001000110000010100101001011100010011101010011100010111100110011110000000000000000000000000000000000000000000000000000000000000000000000000000000000000000000 0 0
2261	18.913	0.000	( 0 )	100000011001010111101000001000110000010100101001011100010011101010011100010111100110011110000000000000000000000000000000000000000000000000000000000000000000000000000000000000000000 0 0
2480	22.251	0.000	( 0 )	100000011001010111001001001000110000010100101001011100010011001010011100010111100110011110000000000000000000000000000000000000000000000000000000000000000000000000000000000000000000 3 0
2438	22.251	0.000	( 0 )	100000011001010111001001001000110000010100101001011100010011001010011100010111100110011110000000000000000000000000000000000000000000000000000000000000000000000000000000000000000000 0 0
2447	22.251	0.000	( 0 )	100000011001010111001001001000110000010100101001011100010011001010011100010111100110011110000000000000000000000000000000000000000000000000000000000000000000000000000000000000000000 0 0
2436	22.251	0.000	( 0 )	100000011001010111001001001000110000010100101001011100010011001010011100010111100110011110000000000000000000000000000000000000000000000000000000000000000000000000000000000000000000 0 0
2408	22.251	0.000	( 0 )	100000011001010111001001001000110000010100101001011100010011001010011100010111100110011110000000000000000000000000000000000000000000000000000000000000000000000000000000000000000000 0 0
2448	22.251	0.000	( 0 )	100000011001010111001001001000110000010100101001011100010011001010011100010111100110011110000000000000000000000000000000000000000000000000000000000000000000000000000000000000000000 0 0
2477	22.251	0.000	( 0 )	100000011001010111001001001000110000010100101001011100010011001010011100010111100110011110000000000000000000000000000000000000000000000000000000000000000000000000000000000000000000 0 0
2431	22.251	0.000	( 0 )	100000011001010111001001001000110000010100101001011100010011001010011100010111100110011110000000000000000000000000000000000000000000000000000000000000000000000000000000000000000000 0 0
2479	22.251	0.000	( 0 )	100000011001010111001001001000110000010100101001011100010011001010011100010111100110011110000000000000000000000000000000000000000000000000000000000000000000000000000000000000000000 0 0
2429	22.251	0.000	( 0 )	100000011001010111001001001000110000010100101001011100010011001010011100010111100110011110000000000000000000000000000000000000000000000000000000000000000000000000000000000000000000 0 0
2503	23.363	0.000	( 0 )	100000011001010111001001001000110000010100101001011100010011001010011100010111100110010110000000000000000000000000000000000000000000000000000000000000000000000000000000000000000000 1 0
2496	23.363	0.000	( 0 )	100000011001010111001001001000110000010100101001011100010011001010011100010111100110010110000000000000000000000000000000000000000000000000000000000000000000000000000000000000000000 0 0
2499	23.363	0.000	( 0 )	100000011001010111001001001000110000010100101001011100010011001010011100010111100110010110000000000000000000000000000000000000000000000000000000000000000000000000000000000000000000 0 0
2507	23.363	0.000	( 0 )	100000011001010111001001001000110000010100101001011100010011001010011100010111100110010110000000000000000000000000000000000000000000000000000000000000000000000000000000000000000000 0 0
2610	25.586	0.000	( 0 )	100000011001010111001001001000110000010001101001011100010011001010011100010111100110010110000000000000000000000000000000000000000000000000000000000000000000000000000000000000000000 2 0
2565	26.697	0.000	( 0 )	100000011001000111001001001000110000010001101001011100010011001010011100010111100110010110000000000000000000000000000000000000000000000000000000000000000000000000000000000000000000 1 0
2591	26.697	0.000	( 0 )	100000011001000111001001001000110000010001101001011100010011001010011100010111100110010110000000000000000000000000000000000000000000000000000000000000000000000000000000000000000000 0 0
2518	26.697	0.000	( 0 )	100000011001000111001001001000110000010001101001011100010011001010011100010111100110010110000000000000000000000000000000000000000000000000000000000000000000000000000000000000000000 0 0
2566	26.697	0.000	( 0 )	100000011001000111001001001000110000010001101001011100010011001010011100010111100110010110000000000000000000000000000000000000000000000000000000000000000000000000000000000000000000 0 0
2592	26.697	0.000	( 0 )	100000011001000111001001001000110000010001101001011100010011001010011100010111100110010110000000000000000000000000000000000000000000000000000000000000000000000000000000000000000000 0 0
2633	26.697	0.000	( 0 )	100000011001000111001001001000110000010001101001011100010011001010011100010111100110010110000000000000000000000000000000000000000000000000000000000000000000000000000000000000000000 0 0
2529	26.697	0.000	( 0 )	100000011001000111001001001000110000010001101001011100010011001010011100010111100110010110000000000000000000000000000000000000000000000000000000000000000000000000000000000000000000 0 0
2530	26.697	0.000	( 0 )	100000011001000111001001001000110000010001101001011100010011001010011100010111100110010110000000000000000000000000000000000000000000000000000000000000000000000000000000000000000000 0 0
2543	26.697	0.000	( 0 )	100000011001000111001001001000110000010001101001011100010011001010011100010111100110010110000000000000000000000000000000000000000000000000000000000000000000000000000000000000000000 0 0
2547	26.697	0.000	( 0 )	100000011001000111001001001000110000010001101001011100010011001010011100010111100110010110000000000000000000000000000000000000000000000000000000000000000000000000000000000000000000 0 0
2562	26.697	0.000	( 0 )	100000011001000111001001001000110000010001101001011100010011001010011100010111100110010110000000000000000000000000000000000000000000000000000000000000000000000000000000000000000000 0 0
2527	26.697	0.000	( 0 )	100000011001000111001001001000110000010001101001011100010011001010011100010111100110010110000000000000000000000000000000000000000000000000000000000000000000000000000000000000000000 0 0
2593	26.697	0.000	( 0 )	100000011001000111001001001000110000010001101001011100010011001010011100010111100110010110000000000000000000000000000000000000000000000000000000000000000000000000000000000000000000 0 0
2609	26.697	0.000	( 0 )	100000011001000111001001001000110000010001101001011100010011001010011100010111100110010110000000000000000000000000000000000000000000000000000000000000000000000000000000000000000000 0 0
2540	26.697	0.000	( 0 )	100000011001000111001001001000110000010001101001011100010011001010011100010111100110010110000000000000000000000000000000000000000000000000000000000000000000000000000000000000000000 0 0
2582	26.697	0.000	( 0 )	100000011001000111001001001000110000010001101001011100010011001010011100010111100110010110000000000000000000000000000000000000000000000000000000000000000000000000000000000000000000 0 0
2588	26.697	0.000	( 0 )	100000011001000111001001001000110000010001101001011100010011001010011100010111100110010110000000000000000000000000000000000000000000000000000000000000000000000000000000000000000000 0 0
2545	26.697	0.000	( 0 )	100000011001000111001001001000110000010001101001011100010011001010011100010111100110010110000000000000000000000000000000000000000000000000000000000000000000000000000000000000000000 0 0
2590	26.697	0.000	( 0 )	100000011001000111001001001000110000010001101001011100010011001010011100010111100110010110000000000000000000000000000000000000000000000000000000000000000000000000000000000000000000 0 0
2741	30.036	0.000	( 0 )	000000011001000111001001001000110000010001101001011100000011001010011100010111100110010111000000000000000000000000000000000000000000000000000000000000000000000000000000000000000000 3 0
2742	30.036	0.000	( 0 )	000000011001000111001001001000110000010001101001011100000011001010011100010111100110010111000000000000000000000000000000000000000000000000000000000000000000000000000000000000000000 0 0
2744	30.036	0.000	( 0 )	000000011001000111001001001000110000010001101001011100000011001010011100010111100110010111000000000000000000000000000000000000000000000000000000000000000000000000000000000000000000 0 0
2753	32.259	0.000	( 0 )	000000011001000111001001001000110000010001111001011100000011001010011100010101100110010111000000000000000000000000000000000000000000000000000000000000000000000000000000000000000000 2 0
13144	32.259	0.000	( 0 )	000000011001000111001001001000110000010001111001011100000011001010011100010101100110010111000000000000000000000000000000000000000000000000000000000000000000000000000000000000000000 0 0
13147	32.259	0.000	( 0 )	000000011001000111001001001000110000010001111001011100000011001010011100010101100110010111000000000000000000000000000000000000000000000000000000000000000000000000000000000000000000 0 0
2776	33.371	0.000	( 0 )	000000011001000111001001001000110000010001111001011100000011001010011100010101100110000111000000000000000000000000000000000000000000000000000000000000000000000000000000000000000000 1 0
2780	33.371	0.000	( 0 )	000000011001000111001001001000110000010001111001011100000011001010011100010101100110000111000000000000000000000000000000000000000000000000000000000000000000000000000000000000000000 0 0
2760	33.371	0.000	( 0 )	000000011001000111001001001000110000010001111001011100000011001010011100010101100110000111000000000000000000000000000000000000000000000000000000000000000000000000000000000000000000 0 0
2798	33.371	0.000	( 0 )	000000011001000111001001001000110000010001111001011100000011001010011100010101100110000111000000000000000000000000000000000000000000000000000000000000000000000000000000000000000000 0 0
2759	33.371	0.000	( 0 )	000000011001000111001001001000110000010001111001011100000011001010011100010101100110000111000000000000000000000000000000000000000000000000000000000000000000000000000000000000000000 0 0
2779	33.371	0.000	( 0 )	000000011001000111001001001000110000010001111001011100000011001010011100010101100110000111000000000000000000000000000000000000000000000000000000000000000000000000000000000000000000 0 0
2757	33.371	0.000	( 0 )	000000011001000111001001001000110000010001111001011100000011001010011100010101100110000111000000000000000000000000000000000000000000000000000000000000000000000000000000000000000000 0 0
2770	33.371	0.000	( 0 )	000000011001000111001001001000110000010001111001011100000011001010011100010101100110000111000000000000000000000000000000000000000000000000000000000000000000000000000000000000000000 0 0
2756	33.371	0.000	( 0 )	000000011001000111001001001000110000010001111001011100000011001010011100010101100110000111000000000000000000000000000000000000000000000000000000000000000000000000000000000000000000 0 0
2758	33.371	0.000	( 0 )	000000011001000111001001001000110000010001111001011100000011001010011100010101100110000111000000000000000000000000000000000000000000000000000000000000000000000000000000000000000000 0 0
2781	33.371	0.000	( 0 )	000000011001000111001001001000110000010001111001011100000011001010011100010101100110000111000000000000000000000000000000000000000000000000000000000000000000000000000000000000000000 0 0
2774	33.371	0.000	( 0 )	000000011001000111001001001000110000010001111001011100000011001010011100010101100110000111000000000000000000000000000000000000000000000000000000000000000000000000000000000000000000 0 0
2775	33.371	0.000	( 0 )	000000011001000111001001001000110000010001111001011100000011001010011100010101100110000111000000000000000000000000000000000000000000000000000000000000000000000000000000000000000000 0 0
2859	43.507	0.000	( 0 )	000001011011000101000001001001111001010001111001011001000011001010011100010101100110000111000000000000000000000000000000000000000000000000000000000000000000000000000000000000000000 9 0
2867	43.507	0.000	( 0 )	000001011011000101000001001001111001010001111001011001000011001010011100010101100110000111000000000000000000000000000000000000000000000000000000000000000000000000000000000000000000 0 0
2868	43.507	0.000	( 0 )	000001011011000101000001001001111001010001111001011001000011001010011100010101100110000111000000000000000000000000000000000000000000000000000000000000000000000000000000000000000000 0 0
3042	43.507	0.000	( 0 )	000001011011000101000001001001111001010001111001011001000011001010011100010101100110000111000000000000000000000000000000000000000000000000000000000000000000000000000000000000000000 0 0
2918	44.619	0.000	( 0 )	000001011011000101000001001001111001010001111001011001000011001010010100010101100110000111000000000000000000000000000000000000000000000000000000000000000000000000000000000000000000 1 0
2845	44.619	0.000	( 0 )	000001011011000101000001001001111001010001111001011001000011001010010100010101100110000111000000000000000000000000000000000000000000000000000000000000000000000000000000000000000000 0 0
2925	44.619	0.000	( 0 )	000001011011000101000001001001111001010001111001011001000011001010010100010101100110000111000000000000000000000000000000000000000000000000000000000000000000000000000000000000000000 0 0
2961	44.619	0.000	( 0 )	000001011011000101000001001001111001010001111001011001000011001010010100010101100110000111000000000000000000000000000000000000000000000000000000000000000000000000000000000000000000 0 0
2917	44.619	0.000	( 0 )	000001011011000101000001001001111001010001111001011001000011001010010100010101100110000111000000000000000000000000000000000000000000000000000000000000000000000000000000000000000000 0 0
2929	44.619	0.000	( 0 )	000001011011000101000001001001111001010001111001011001000011001010010100010101100110000111000000000000000000000000000000000000000000000000000000000000000000000000000000000000000000 0 0
2880	44.619	0.000	( 0 )	000001011011000101000001001001111001010001111001011001000011001010010100010101100110000111000000000000000000000000000000000000000000000000000000000000000000000000000000000000000000 0 0
2957	44.619	0.000	( 0 )	000001011011000101000001001001111001010001111001011001000011001010010100010101100110000111000000000000000000000000000000000000000000000000000000000000000000000000000000000000000000 0 0
2956	44.619	0.000	( 0 )	000001011011000101000001001001111001010001111001011001000011001010010100010101100110000111000000000000000000000000000000000000000000000000000000000000000000000000000000000000000000 0 0
2930	44.619	0.000	( 0 )	000001011011000101000001001001111001010001111001011001000011001010010100010101100110000111000000000000000000000000000000000000000000000000000000000000000000000000000000000000000000 0 0
2881	44.619	0.000	( 0 )	000001011011000101000001001001111001010001111001011001000011001010010100010101100110000111000000000000000000000000000000000000000000000000000000000000000000000000000000000000000000 0 0
2923	44.619	0.000	( 0 )	000001011011000101000001001001111001010001111001011001000011001010010100010101100110000111000000000000000000000000000000000000000000000000000000000000000000000000000000000000000000 0 0
2865	44.619	0.000	( 0 )	000001011011000101000001001001111001010001111001011001000011001010010100010101100110000111000000000000000000000000000000000000000000000000000000000000000000000000000000000000000000 0 0
2967	44.619	0.000	( 0 )	000001011011000101000001001001111001010001111001011001000011001010010100010101100110000111000000000000000000000000000000000000000000000000000000000000000000000000000000000000000000 0 0
2943	44.619	0.000	( 0 )	000001011011000101000001001001111001010001111001011001000011001010010100010101100110000111000000000000000000000000000000000000000000000000000000000000000000000000000000000000000000 0 0
2893	44.619	0.000	( 0 )	000001011011000101000001001001111001010001111001011001000011001010010100010101100110000111000000000000000000000000000000000000000000000000000000000000000000000000000000000000000000 0 0
2891	44.619	0.000	( 0 )	000001011011000101000001001001111001010001111001011001000011001010010100010101100110000111000000000000000000000000000000000000000000000000000000000000000000000000000000000000000000 0 0
2936	44.619	0.000	( 0 )	000001011011000101000001001001111001010001111001011001000011001010010100010101100110000111000000000000000000000000000000000000000000000000000000000000000000000000000000000000000000 0 0
2920	44.619	0.000	( 0 )	000001011011000101000001001001111001010001111001011001000011001010010100010101100110000111000000000000000000000000000000000000000000000000000000000000000000000000000000000000000000 0 0
2860	44.619	0.000	( 0 )	000001011011000101000001001001111001010001111001011001000011001010010100010101100110000111000000000000000000000000000000000000000000000000000000000000000000000000000000000000000000 0 0
2899	44.619	0.000	( 0 )	000001011011000101000001001001111001010001111001011001000011001010010100010101100110000111000000000000000000000000000000000000000000000000000000000000000000000000000000000000000000 0 0
2978	45.730	0.000	( 0 )	000001011011000101000001001001111001010001111001011001000011001010000100010101100110000111000000000000000000000000000000000000000000000000000000000000000000000000000000000000000000 1 0
2975	45.730	0.000	( 0 )	000001011011000101000001001001111001010001111001011001000011001010000100010101100110000111000000000000000000000000000000000000000000000000000000000000000000000000000000000000000000 0 0
2878	45.730	0.000	( 0 )	000001011011000101000001001001111001010001111001011001000011001010000100010101100110000111000000000000000000000000000000000000000000000000000000000000000000000000000000000000000000 0 0
2991	49.068	0.000	( 0 )	000001011011000101000001001001111001010001111001011001000011001010000100010100000010000111000000000000000000000000000000000000000000000000000000000000000000000000000000000000000000 3 0
2992	49.068	0.000	( 0 )	000001011011000101000001001001111001010001111001011001000011001010000100010100000010000111000000000000000000000000000000000000000000000000000000000000000000000000000000000000000000 0 0
3058	51.292	0.000	( 0 )	000001011011000101000001001001111001010001111001011001000011001010000100011000000010000111000000000000000000000000000000000000000000000000000000000000000000000000000000000000000000 2 0
3060	51.292	0.000	( 0 )	000001011011000101000001001001111001010001111001011001000011001010000100011000000010000111000000000000000000000000000000000000000000000000000000000000000000000000000000000000000000 0 0
3067	52.403	0.000	( 0 )	000011011011000101000001001001111001010001111001011001000011001010000100011000000010000111000000000000000000000000000000000000000000000000000000000000000000000000000000000000000000 1 0
3129	55.742	0.000	( 0 )	000011011011000101000001001001111011010001111001011011000011001010000100011000000010100111000000000000000000000000000000000000000000000000000000000000000000000000000000000000000000 3 0
3097	55.742	0.000	( 0 )	000011011011000101000001001001111011010001111001011011000011001010000100011000000010100111000000000000000000000000000000000000000000000000000000000000000000000000000000000000000000 0 0
3146	55.742	0.000	( 0 )	000011011011000101000001001001111011010001111001011011000011001010000100011000000010100111000000000000000000000000000000000000000000000000000000000000000000000000000000000000000000 0 0
3182	57.965	0.000	( 0 )	000011011011000101010001001001111011010001111001011011000011001110000100011000000010100111000000000000000000000000000000000000000000000000000000000000000000000000000000000000000000 2 0
3180	57.965	0.000	( 0 )	000011011011000101010001001001111011010001111001011011000011001110000100011000000010100111000000000000000000000000000000000000000000000000000000000000000000000000000000000000000000 0 0
3179	57.965	0.000	( 0 )	000011011011000101010001001001111011010001111001011011000011001110000100011000000010100111000000000000000000000000000000000000000000000000000000000000000000000000000000000000000000 0 0
3214	60.189	0.000	( 0 )	100011011011000101010001001001111011010001111001001011000011001110000100011000000010100111000000000000000000000000000000000000000000000000000000000000000000000000000000000000000000 2 0
3217	60.189	0.000	( 0 )	100011011011000101010001001001111011010001111001001011000011001110000100011000000010100111000000000000000000000000000000000000000000000000000000000000000000000000000000000000000000 0 0
3197	60.189	0.000	( 0 )	100011011011000101010001001001111011010001111001001011000011001110000100011000000010100111000000000000000000000000000000000000000000000000000000000000000000000000000000000000000000 0 0
3215	60.189	0.000	( 0 )	100011011011000101010001001001111011010001111001001011000011001110000100011000000010100111000000000000000000000000000000000000000000000000000000000000000000000000000000000000000000 0 0
3350	60.189	0.000	( 0 )	100011011011000101010001001001111011010001111001001011000011001110000100011000000010100111000000000000000000000000000000000000000000000000000000000000000000000000000000000000000000 0 0
3444	60.189	0.000	( 0 )	100011011011000101010001001001111011010001111001001011000011001110000100011000000010100111000000000000000000000000000000000000000000000000000000000000000000000000000000000000000000 0 0
3427	60.189	0.000	( 0 )	100011011011000101010001001001111011010001111001001011000011001110000100011000000010100111000000000000000000000000000000000000000000000000000000000000000000000000000000000000000000 0 0
3359	60.189	0.000	( 0 )	100011011011000101010001001001111011010001111001001011000011001110000100011000000010100111000000000000000000000000000000000000000000000000000000000000000000000000000000000000000000 0 0
3213	60.189	0.000	( 0 )	100011011011000101010001001001111011010001111001001011000011001110000100011000000010100111000000000000000000000000000000000000000000000000000000000000000000000000000000000000000000 0 0
3211	60.189	0.000	( 0 )	100011011011000101010001001001111011010001111001001011000011001110000100011000000010100111000000000000000000000000000000000000000000000000000000000000000000000000000000000000000000 0 0
3354	60.189	0.000	( 0 )	100011011011000101010001001001111011010001111001001011000011001110000100011000000010100111000000000000000000000000000000000000000000000000000000000000000000000000000000000000000000 0 0
3448	60.189	0.000	( 0 )	100011011011000101010001001001111011010001111001001011000011001110000100011000000010100111000000000000000000000000000000000000000000000000000000000000000000000000000000000000000000 0 0
3443	60.189	0.000	( 0 )	100011011011000101010001001001111011010001111001001011000011001110000100011000000010100111000000000000000000000000000000000000000000000000000000000000000000000000000000000000000000 0 0
3436	60.189	0.000	( 0 )	100011011011000101010001001001111011010001111001001011000011001110000100011000000010100111000000000000000000000000000000000000000000000000000000000000000000000000000000000000000000 0 0
3428	60.189	0.000	( 0 )	100011011011000101010001001001111011010001111001001011000011001110000100011000000010100111000000000000000000000000000000000000000000000000000000000000000000000000000000000000000000 0 0
3442	60.189	0.000	( 0 )	100011011011000101010001001001111011010001111001001011000011001110000100011000000010100111000000000000000000000000000000000000000000000000000000000000000000000000000000000000000000 0 0
3290	60.189	0.000	( 0 )	100011011011000101010001001001111011010001111001001011000011001110000100011000000010100111000000000000000000000000000000000000000000000000000000000000000000000000000000000000000000 0 0
3352	60.189	0.000	( 0 )	100011011011000101010001001001111011010001111001001011000011001110000100011000000010100111000000000000000000000000000000000000000000000000000000000000000000000000000000000000000000 0 0
3431	60.189	0.000	( 0 )	100011011011000101010001001001111011010001111001001011000011001110000100011000000010100111000000000000000000000000000000000000000000000000000000000000000000000000000000000000000000 0 0
3432	60.189	0.000	( 0 )	100011011011000101010001001001111011010001111001001011000011001110000100011000000010100111000000000000000000000000000000000000000000000000000000000000000000000000000000000000000000 0 0
3357	60.189	0.000	( 0 )	100011011011000101010001001001111011010001111001001011000011001110000100011000000010100111000000000000000000000000000000000000000000000000000000000000000000000000000000000000000000 0 0
3308	60.189	0.000	( 0 )	100011011011000101010001001001111011010001111001001011000011001110000100011000000010100111000000000000000000000000000000000000000000000000000000000000000000000000000000000000000000 0 0
3307	60.189	0.000	( 0 )	100011011011000101010001001001111011010001111001001011000011001110000100011000000010100111000000000000000000000000000000000000000000000000000000000000000000000000000000000000000000 0 0
3458	60.189	0.000	( 0 )	100011011011000101010001001001111011010001111001001011000011001110000100011000000010100111000000000000000000000000000000000000000000000000000000000000000000000000000000000000000000 0 0
3361	60.189	0.000	( 0 )	100011011011000101010001001001111011010001111001001011000011001110000100011000000010100111000000000000000000000000000000000000000000000000000000000000000000000000000000000000000000 0 0
3241	61.300	0.000	( 0 )	100011011011000101010001001001111011010001110001001011000011001110000100011000000010100111000000000000000000000000000000000000000000000000000000000000000000000000000000000000000000 1 0
3236	61.300	0.000	( 0 )	100011011011000101010001001001111011010001110001001011000011001110000100011000000010100111000000000000000000000000000000000000000000000000000000000000000000000000000000000000000000 0 0
3240	64.638	0.000	( 0 )	000011011011000101010001001001111011010001100001001011000011001110000100011000000010000111000000000000000000000000000000000000000000000000000000000000000000000000000000000000000000 3 0
3183	72.480	0.000	( 0 )	000001010010000101010001001001111011010001100001001011000011001110000000010000000010000001000000000000000000000000000000000000000000000000000000000000000000000000000000000000000000 7 0
3401	80.321	0.000	( 0 )	000001010010000101010001001000000011010001100001001011000000001010000000010000000010000001000000000000000000000000000000000000000000000000000000000000000000000000000000000000000000 7 0
3402	80.321	0.000	( 0 )	000001010010000101010001001000000011010001100001001011000000001010000000010000000010000001000000000000000000000000000000000000000000000000000000000000000000000000000000000000000000 0 0
3407	80.321	0.000	( 0 )	000001010010000101010001001000000011010001100001001011000000001010000000010000000010000001000000000000000000000000000000000000000000000000000000000000000000000000000000000000000000 0 0
3400	81.433	0.000	( 0 )	000001010010000101010001001000000011010001100001001011000000011010000000010000000010000001000000000000000000000000000000000000000000000000000000000000000000000000000000000000000000 1 0
3398	81.433	0.000	( 0 )	000001010010000101010001001000000011010001100001001011000000011010000000010000000010000001000000000000000000000000000000000000000000000000000000000000000000000000000000000000000000 0 0
3399	81.433	0.000	( 0 )	000001010010000101010001001000000011010001100001001011000000011010000000010000000010000001000000000000000000000000000000000000000000000000000000000000000000000000000000000000000000 0 0
3395	81.433	0.000	( 0 )	000001010010000101010001001000000011010001100001001011000000011010000000010000000010000001000000000000000000000000000000000000000000000000000000000000000000000000000000000000000000 0 0
2195	84.771	0.000	( 0 )	000001010010000101010001001000000011010001100001001011000000011010000000010001100010001001000000000000000000000000000000000000000000000000000000000000000000000000000000000000000000 3 0
3198	89.227	0.000	( 0 )	000001010010000101010101001000000111010001100111001011000000011010000000010001100010001001000000000000000000000000000000000000000000000000000000000000000000000000000000000000000000 4 0
3004	98.211	0.000	( 0 )	000001010110000101010101001010000111011001100111001011001000011011100000110001100110001001000000000000000000000000000000000000000000000000000000000000000000000000000000000000000000 8 0
2467	99.323	0.000	( 0 )	000001010110000101010101001010000111011001100111001011001000011011100010110001100110001001000000000000000000000000000000000000000000000000000000000000000000000000000000000000000000 1 0
2468	99.323	0.000	( 0 )	000001010110000101010101001010000111011001100111001011001000011011100010110001100110001001000000000000000000000000000000000000000000000000000000000000000000000000000000000000000000 0 0
3229	99.323	0.000	( 0 )	000001010110000101010101001010000111011001100111001011001000011011100010110001100110001001000000000000000000000000000000000000000000000000000000000000000000000000000000000000000000 0 0
2464	99.323	0.000	( 0 )	000001010110000101010101001010000111011001100111001011001000011011100010110001100110001001000000000000000000000000000000000000000000000000000000000000000000000000000000000000000000 0 0
2469	99.323	0.000	( 0 )	000001010110000101010101001010000111011001100111001011001000011011100010110001100110001001000000000000000000000000000000000000000000000000000000000000000000000000000000000000000000 0 0
2471	99.323	0.000	( 0 )	000001010110000101010101001010000111011001100111001011001000011011100010110001100110001001000000000000000000000000000000000000000000000000000000000000000000000000000000000000000000 0 0
2472	99.323	0.000	( 0 )	000001010110000101010101001010000111011001100111001011001000011011100010110001100110001001000000000000000000000000000000000000000000000000000000000000000000000000000000000000000000 0 0
2470	99.323	0.000	( 0 )	000001010110000101010101001010000111011001100111001011001000011011100010110001100110001001000000000000000000000000000000000000000000000000000000000000000000000000000000000000000000 0 0
2466	99.323	0.000	( 0 )	000001010110000101010101001010000111011001100111001011001000011011100010110001100110001001000000000000000000000000000000000000000000000000000000000000000000000000000000000000000000 0 0
2463	100.434	0.000	( 0 )	000001010110000101010101001010000111011101100111001011001000011011100010110001100110001001000000000000000000000000000000000000000000000000000000000000000000000000000000000000000000 1 0
3026	101.545	0.000	( 0 )	000001010110000101010101001010000111011101100111001111001000011011100010110001100110001001000000000000000000000000000000000000000000000000000000000000000000000000000000000000000000 1 0
2946	101.545	0.000	( 0 )	000001010110000101010101001010000111011101100111001111001000011011100010110001100110001001000000000000000000000000000000000000000000000000000000000000000000000000000000000000000000 0 0
3193	101.545	0.000	( 0 )	000001010110000101010101001010000111011101100111001111001000011011100010110001100110001001000000000000000000000000000000000000000000000000000000000000000000000000000000000000000000 0 0
3025	101.545	0.000	( 0 )	000001010110000101010101001010000111011101100111001111001000011011100010110001100110001001000000000000000000000000000000000000000000000000000000000000000000000000000000000000000000 0 0
2444	103.769	0.000	( 0 )	000001010110000101010101001010000111011101100111001111001000011011100010110101100111001001000000000000000000000000000000000000000000000000000000000000000000000000000000000000000000 2 0
3408	103.769	0.000	( 0 )	000001010110000101010101001010000111011101100111001111001000011011100010110101100111001001000000000000000000000000000000000000000000000000000000000000000000000000000000000000000000 0 0
2443	103.769	0.000	( 0 )	000001010110000101010101001010000111011101100111001111001000011011100010110101100111001001000000000000000000000000000000000000000000000000000000000000000000000000000000000000000000 0 0
3403	103.769	0.000	( 0 )	000001010110000101010101001010000111011101100111001111001000011011100010110101100111001001000000000000000000000000000000000000000000000000000000000000000000000000000000000000000000 0 0
3135	104.880	0.000	( 0 )	000001010110001101010101001010000111011101100111001111001000011011100010110101100111001001000000000000000000000000000000000000000000000000000000000000000000000000000000000000000000 1 0
2732	104.880	0.000	( 0 )	000001010110001101010101001010000111011101100111001111001000011011100010110101100111001001000000000000000000000000000000000000000000000000000000000000000000000000000000000000000000 0 0
3404	104.880	0.000	( 0 )	000001010110001101010101001010000111011101100111001111001000011011100010110101100111001001000000000000000000000000000000000000000000000000000000000000000000000000000000000000000000 0 0
2727	104.880	0.000	( 0 )	000001010110001101010101001010000111011101100111001111001000011011100010110101100111001001000000000000000000000000000000000000000000000000000000000000000000000000000000000000000000 0 0
3405	104.880	0.000	( 0 )	000001010110001101010101001010000111011101100111001111001000011011100010110101100111001001000000000000000000000000000000000000000000000000000000000000000000000000000000000000000000 0 0
3465	104.880	0.000	( 0 )	000001010110001101010101001010000111011101100111001111001000011011100010110101100111001001000000000000000000000000000000000000000000000000000000000000000000000000000000000000000000 0 0
3406	104.880	0.000	( 0 )	000001010110001101010101001010000111011101100111001111001000011011100010110101100111001001000000000000000000000000000000000000000000000000000000000000000000000000000000000000000000 0 0
2578	104.880	0.000	( 0 )	000001010110001101010101001010000111011101100111001111001000011011100010110101100111001001000000000000000000000000000000000000000000000000000000000000000000000000000000000000000000 0 0
2731	104.880	0.000	( 0 )	000001010110001101010101001010000111011101100111001111001000011011100010110101100111001001000000000000000000000000000000000000000000000000000000000000000000000000000000000000000000 0 0
2786	104.880	0.000	( 0 )	000001010110001101010101001010000111011101100111001111001000011011100010110101100111001001000000000000000000000000000000000000000000000000000000000000000000000000000000000000000000 0 0
2424	104.880	0.000	( 0 )	000001010110001101010101001010000111011101100111001111001000011011100010110101100111001001000000000000000000000000000000000000000000000000000000000000000000000000000000000000000000 0 0
2576	104.880	0.000	( 0 )	000001010110001101010101001010000111011101100111001111001000011011100010110101100111001001000000000000000000000000000000000000000000000000000000000000000000000000000000000000000000 0 0
2579	104.880	0.000	( 0 )	000001010110001101010101001010000111011101100111001111001000011011100010110101100111001001000000000000000000000000000000000000000000000000000000000000000000000000000000000000000000 0 0
2532	104.880	0.000	( 0 )	000001010110001101010101001010000111011101100111001111001000011011100010110101100111001001000000000000000000000000000000000000000000000000000000000000000000000000000000000000000000 0 0
2577	104.880	0.000	( 0 )	000001010110001101010101001010000111011101100111001111001000011011100010110101100111001001000000000000000000000000000000000000000000000000000000000000000000000000000000000000000000 0 0
2283	104.880	0.000	( 0 )	000001010110001101010101001010000111011101100111001111001000011011100010110101100111001001000000000000000000000000000000000000000000000000000000000000000000000000000000000000000000 0 0
2720	105.992	0.000	( 0 )	000001010110001101010101001010000111011101100111101111001000011011100010110101100111001001000000000000000000000000000000000000000000000000000000000000000000000000000000000000000000 1 0
2722	105.992	0.000	( 0 )	000001010110001101010101001010000111011101100111101111001000011011100010110101100111001001000000000000000000000000000000000000000000000000000000000000000000000000000000000000000000 0 0
2720	105.992	0.000	( 0 )	000001010110001101010101001010000111011101100111101111001000011011100010110101100111001001000000000000000000000000000000000000000000000000000000000000000000000000000000000000000000 0 0
2723	105.992	0.000	( 0 )	000001010110001101010101001010000111011101100111101111001000011011100010110101100111001001000000000000000000000000000000000000000000000000000000000000000000000000000000000000000000 0 0
2721	105.992	0.000	( 0 )	000001010110001101010101001010000111011101100111101111001000011011100010110101100111001001000000000000000000000000000000000000000000000000000000000000000000000000000000000000000000 0 0
2726	105.992	0.000	( 0 )	000001010110001101010101001010000111011101100111101111001000011011100010110101100111001001000000000000000000000000000000000000000000000000000000000000000000000000000000000000000000 0 0
2735	105.992	0.000	( 0 )	000001010110001101010101001010000111011101100111101111001000011011100010110101100111001001000000000000000000000000000000000000000000000000000000000000000000000000000000000000000000 0 0
2783	110.448	0.000	( 0 )	000011010110101101010101001010000111011101110111101111001000011011100010111101100111001001000000000000000000000000000000000000000000000000000000000000000000000000000000000000000000 4 0
2465	112.672	0.000	( 0 )	000011010110101101010111001110000111011101110111101111001000011011100010111101100111001001000000000000000000000000000000000000000000000000000000000000000000000000000000000000000000 2 0
3464	114.895	0.000	( 0 )	000011010110101101010111001110000111111101110111101111001000011011100010111101101111001001000000000000000000000000000000000000000000000000000000000000000000000000000000000000000000 2 0
2677	117.119	0.000	( 0 )	000011010110101101010111001110000111111101110111101111001100011011100010111101111111001001000000000000000000000000000000000000000000000000000000000000000000000000000000000000000000 2 0
2679	117.119	0.000	( 0 )	000011010110101101010111001110000111111101110111101111001100011011100010111101111111001001000000000000000000000000000000000000000000000000000000000000000000000000000000000000000000 0 0
2285	120.457	0.000	( 0 )	000011110110101101010111101110000111111101110111101111001100011011100011111101111111001001000000000000000000000000000000000000000000000000000000000000000000000000000000000000000000 3 0
2725	121.568	0.000	( 0 )	000011110110101101010111101110000111111101110111101111101100011011100011111101111111001001000000000000000000000000000000000000000000000000000000000000000000000000000000000000000000 1 0
2284	121.568	0.000	( 0 )	000011110110101101010111101110000111111101110111101111101100011011100011111101111111001001000000000000000000000000000000000000000000000000000000000000000000000000000000000000000000 0 0
2736	121.568	0.000	( 0 )	000011110110101101010111101110000111111101110111101111101100011011100011111101111111001001000000000000000000000000000000000000000000000000000000000000000000000000000000000000000000 0 0
