#java OrderMarkers2 data=- evaluateOrder=reordermarkers/iterations/ordered.29.10 useKosambi=1 numThreads=4 calculateIntervals=intervals/ordered.29.intervals randSeed=-7555251173811148835
Loading file
No grandparents present in family V
Number of individuals = 92
Number of families = 1
File loaded with 42521 SNPs
Number of individuals = 92 excluding grandparents
Number of families = 1
Number of markers = 42
Setting dataScale to 1.0 all likelihoods will be multiplied by 1.0
Initial score = -576.988892029503
Iteration 1 of 6
884884288488421 done
Polishing map...
score = -533.5588084246552
*score = -533.5588084246552
score = -533.5588084246552
*score = -531.0534523512757
Iteration 2 of 6
884884288488421 done
Polishing map...
score = -537.6939753574843
score = -531.4718778633102
score = -531.6827289132923
*score = -527.5475619804632
Iteration 3 of 6
884884288488421 done
Polishing map...
score = -537.6939753574843
score = -534.099387458671
score = -534.099387458671
score = -534.099387458671
Iteration 4 of 6
884884288488421 done
Polishing map...
score = -537.6939753574843
score = -530.955583430506
score = -527.6058112156164
score = -527.5475619804632
Iteration 5 of 6
884884288488421 done
Polishing map...
score = -537.6939753574843
score = -533.785787870787
score = -526.7402709495794
*score = -520.9090402598076
Iteration 6 of 6
884884288488421 done
Polishing map...
score = -533.5608097102083
score = -529.4256427773793
score = -523.7522805222828
score = -523.7522805222828
Final score = -520.9090402598076
Setting dataScale to 1.0 all likelihoods will be multiplied by 1.0
logL = -520.9090402598076
number of recombinations = 45.0 logL = -520.9090402598076
Individual	V	P14459_103_S3	recombines	1	times
Individual	V	P14459_104_S4	recombines	1	times
Individual	V	P14459_109_S9	recombines	1	times
Individual	V	P14459_110_S10	recombines	1	times
Individual	V	P14459_112_S12	recombines	2	times
Individual	V	P14459_115_S15	recombines	1	times
Individual	V	P14459_116_S16	recombines	1	times
Individual	V	P14459_117_S17	recombines	1	times
Individual	V	P14459_118_S18	recombines	1	times
Individual	V	P14459_119_S19	recombines	1	times
Individual	V	P14459_121_S21	recombines	1	times
Individual	V	P14459_123_S23	recombines	1	times
Individual	V	P14459_126_S26	recombines	1	times
Individual	V	P14459_127_S27	recombines	1	times
Individual	V	P14459_129_S29	recombines	1	times
Individual	V	P14459_130_S30	recombines	1	times
Individual	V	P14459_131_S31	recombines	1	times
Individual	V	P14459_134_S34	recombines	1	times
Individual	V	P14459_142_S42	recombines	1	times
Individual	V	P14459_148_S48	recombines	1	times
Individual	V	P14459_150_S50	recombines	1	times
Individual	V	P14459_152_S52	recombines	1	times
Individual	V	P14459_153_S53	recombines	1	times
Individual	V	P14459_154_S54	recombines	1	times
Individual	V	P14459_155_S55	recombines	1	times
Individual	V	P14459_156_S56	recombines	1	times
Individual	V	P14459_159_S59	recombines	1	times
Individual	V	P14459_161_S61	recombines	1	times
Individual	V	P14459_162_S62	recombines	1	times
Individual	V	P14459_163_S63	recombines	1	times
Individual	V	P14459_170_S70	recombines	1	times
Individual	V	P14459_172_S72	recombines	2	times
Individual	V	P14459_173_S73	recombines	1	times
Individual	V	P14459_176_S76	recombines	1	times
Individual	V	P14459_179_S79	recombines	1	times
Individual	V	P14459_181_S81	recombines	2	times
Individual	V	P14459_182_S82	recombines	1	times
Individual	V	P14459_184_S84	recombines	1	times
Individual	V	P14459_187_S87	recombines	1	times
Individual	V	P14459_189_S89	recombines	1	times
Individual	V	P14459_192_S92	recombines	1	times
Individual	V	P14459_193_S93	recombines	1	times
#*** LG = 0 likelihood = -520.909
#marker_number	male_position	female_position	( 0.0 )[	phased data]
40580	0.000	0.000	( 0 )	010101111000010011100111101101001110110110110110101100101000000000110011111111100001111101000000000000000000000000000000000000000000000000000000000000000000000000000000000000000000 0 0
40601	17.329	0.000	( 0 )	000101111000000000100111001000001110110110111100100000101010000000110011111111000000111001000000000000000000000000000000000000000000000000000000000000000000000000000000000000000000 15 0
40543	18.440	0.000	( 0 )	000101111000000000100111001000001110110110111100100000101010000000111011111111000000111001000000000000000000000000000000000000000000000000000000000000000000000000000000000000000000 1 0
40547	18.440	0.000	( 0 )	000101111000000000100111001000001110110110111100100000101010000000111011111111000000111001000000000000000000000000000000000000000000000000000000000000000000000000000000000000000000 0 0
40542	18.440	0.000	( 0 )	000101111000000000100111001000001110110110111100100000101010000000111011111111000000111001000000000000000000000000000000000000000000000000000000000000000000000000000000000000000000 0 0
40548	18.440	0.000	( 0 )	000101111000000000100111001000001110110110111100100000101010000000111011111111000000111001000000000000000000000000000000000000000000000000000000000000000000000000000000000000000000 0 0
40532	18.440	0.000	( 0 )	000101111000000000100111001000001110110110111100100000101010000000111011111111000000111001000000000000000000000000000000000000000000000000000000000000000000000000000000000000000000 0 0
40541	19.551	0.000	( 0 )	000101111010000000100111001000001110110110111100100000101010000000111011111111000000111001000000000000000000000000000000000000000000000000000000000000000000000000000000000000000000 1 0
40544	19.551	0.000	( 0 )	000101111010000000100111001000001110110110111100100000101010000000111011111111000000111001000000000000000000000000000000000000000000000000000000000000000000000000000000000000000000 0 0
40545	19.551	0.000	( 0 )	000101111010000000100111001000001110110110111100100000101010000000111011111111000000111001000000000000000000000000000000000000000000000000000000000000000000000000000000000000000000 0 0
40546	19.551	0.000	( 0 )	000101111010000000100111001000001110110110111100100000101010000000111011111111000000111001000000000000000000000000000000000000000000000000000000000000000000000000000000000000000000 0 0
40612	21.775	0.000	( 0 )	000101111010000000100111001000011110110010111100100000101010000000111011111111000000111001000000000000000000000000000000000000000000000000000000000000000000000000000000000000000000 2 0
40626	21.775	0.000	( 0 )	000101111010000000100111001000011110110010111100100000101010000000111011111111000000111001000000000000000000000000000000000000000000000000000000000000000000000000000000000000000000 0 0
40619	21.775	0.000	( 0 )	000101111010000000100111001000011110110010111100100000101010000000111011111111000000111001000000000000000000000000000000000000000000000000000000000000000000000000000000000000000000 0 0
40613	21.775	0.000	( 0 )	000101111010000000100111001000011110110010111100100000101010000000111011111111000000111001000000000000000000000000000000000000000000000000000000000000000000000000000000000000000000 0 0
40622	23.999	0.000	( 0 )	000101111010000000100011001000011110110010111100100000101010000000111011101111000000111001000000000000000000000000000000000000000000000000000000000000000000000000000000000000000000 2 0
40607	23.999	0.000	( 0 )	000101111010000000100011001000011110110010111100100000101010000000111011101111000000111001000000000000000000000000000000000000000000000000000000000000000000000000000000000000000000 0 0
40656	25.110	0.000	( 0 )	000101111000000000100011001000011110110010111100100000101010000000111011101111000000111001000000000000000000000000000000000000000000000000000000000000000000000000000000000000000000 1 0
40640	25.110	0.000	( 0 )	000101111000000000100011001000011110110010111100100000101010000000111011101111000000111001000000000000000000000000000000000000000000000000000000000000000000000000000000000000000000 0 0
40638	25.110	0.000	( 0 )	000101111000000000100011001000011110110010111100100000101010000000111011101111000000111001000000000000000000000000000000000000000000000000000000000000000000000000000000000000000000 0 0
40649	26.221	0.000	( 0 )	000101111000000000100011001000011110110010111100100000101010000000101011101111000000111001000000000000000000000000000000000000000000000000000000000000000000000000000000000000000000 1 0
40650	26.221	0.000	( 0 )	000101111000000000100011001000011110110010111100100000101010000000101011101111000000111001000000000000000000000000000000000000000000000000000000000000000000000000000000000000000000 0 0
40621	26.221	0.000	( 0 )	000101111000000000100011001000011110110010111100100000101010000000101011101111000000111001000000000000000000000000000000000000000000000000000000000000000000000000000000000000000000 0 0
40654	26.221	0.000	( 0 )	000101111000000000100011001000011110110010111100100000101010000000101011101111000000111001000000000000000000000000000000000000000000000000000000000000000000000000000000000000000000 0 0
40652	26.221	0.000	( 0 )	000101111000000000100011001000011110110010111100100000101010000000101011101111000000111001000000000000000000000000000000000000000000000000000000000000000000000000000000000000000000 0 0
30253	27.333	0.000	( 0 )	000101111000000000100011001000011110110010111100100010101010000000101011101111000000111001000000000000000000000000000000000000000000000000000000000000000000000000000000000000000000 1 0
30261	28.444	0.000	( 0 )	000101111000000000100011001000011110110010111100100010101010000000111011101111000000111001000000000000000000000000000000000000000000000000000000000000000000000000000000000000000000 1 0
30270	28.444	0.000	( 0 )	000101111000000000100011001000011110110010111100100010101010000000111011101111000000111001000000000000000000000000000000000000000000000000000000000000000000000000000000000000000000 0 0
30255	28.444	0.000	( 0 )	000101111000000000100011001000011110110010111100100010101010000000111011101111000000111001000000000000000000000000000000000000000000000000000000000000000000000000000000000000000000 0 0
30250	28.444	0.000	( 0 )	000101111000000000100011001000011110110010111100100010101010000000111011101111000000111001000000000000000000000000000000000000000000000000000000000000000000000000000000000000000000 0 0
30262	28.444	0.000	( 0 )	000101111000000000100011001000011110110010111100100010101010000000111011101111000000111001000000000000000000000000000000000000000000000000000000000000000000000000000000000000000000 0 0
40696	29.555	0.000	( 0 )	000101111000000000100011001000011110110010111100100010101010000000111011101011000000111001000000000000000000000000000000000000000000000000000000000000000000000000000000000000000000 1 0
40695	29.555	0.000	( 0 )	000101111000000000100011001000011110110010111100100010101010000000111011101011000000111001000000000000000000000000000000000000000000000000000000000000000000000000000000000000000000 0 0
40698	29.555	0.000	( 0 )	000101111000000000100011001000011110110010111100100010101010000000111011101011000000111001000000000000000000000000000000000000000000000000000000000000000000000000000000000000000000 0 0
40725	32.893	0.000	( 0 )	000101111000000000100011001010011110110010111100100010101010000000111001101011000100111001000000000000000000000000000000000000000000000000000000000000000000000000000000000000000000 3 0
40717	34.005	0.000	( 0 )	000101111000000000100011001010011110110010111100100010101010000000111001101111000100111001000000000000000000000000000000000000000000000000000000000000000000000000000000000000000000 1 0
40800	47.668	0.000	( 0 )	000101100000000100110011011010011110110010111100010010111111000000111001101101000100110001000000000000000000000000000000000000000000000000000000000000000000000000000000000000000000 12 0
40807	47.668	0.000	( 0 )	000101100000000100110011011010011110110010111100010010111111000000111001101101000100110001000000000000000000000000000000000000000000000000000000000000000000000000000000000000000000 0 0
40792	47.668	0.000	( 0 )	000101100000000100110011011010011110110010111100010010111111000000111001101101000100110001000000000000000000000000000000000000000000000000000000000000000000000000000000000000000000 0 0
40806	47.668	0.000	( 0 )	000101100000000100110011011010011110110010111100010010111111000000111001101101000100110001000000000000000000000000000000000000000000000000000000000000000000000000000000000000000000 0 0
40803	47.668	0.000	( 0 )	000101100000000100110011011010011110110010111100010010111111000000111001101101000100110001000000000000000000000000000000000000000000000000000000000000000000000000000000000000000000 0 0
40760	51.007	0.000	( 0 )	001101100000001100110011011010011110110010111100010010111111000001111001101101000100110001000000000000000000000000000000000000000000000000000000000000000000000000000000000000000000 3 0
