#java OrderMarkers2 data=- evaluateOrder=reordermarkers/iterations/ordered.24.11 useKosambi=1 numThreads=4 calculateIntervals=intervals/ordered.24.intervals randSeed=210637082008530422
Loading file
No grandparents present in family V
Number of individuals = 92
Number of families = 1
File loaded with 42521 SNPs
Number of individuals = 92 excluding grandparents
Number of families = 1
Number of markers = 111
Setting dataScale to 0.8108108108108109 all likelihoods will be multiplied by 1.2333333333333332
Initial score = -1819.276939612305
Iteration 1 of 6
884884288488421 done
Polishing map...
score = -1638.9509240963694
*score = -1602.3990080150968
score = -1600.3205671104795
*score = -1600.3205671104795
Iteration 2 of 6
884884288488421 done
Polishing map...
score = -1609.5793596146627
score = -1602.0917936204
score = -1602.0917936204
score = -1602.0917936204
Iteration 3 of 6
884884288488421 done
Polishing map...
score = -1914.3524590416089
score = -1845.9917689247266
score = -1845.9917689247266
score = -1783.7076488210093
Iteration 4 of 6
884884288488421 done
Polishing map...
score = -1622.4584228358542
score = -1602.0917936204
score = -1602.0917936204
score = -1602.0917936204
Iteration 5 of 6
884884288488421 done
Polishing map...
score = -1633.9656853167846
score = -1609.0529137112396
score = -1609.0529137112396
score = -1609.0529137112396
Iteration 6 of 6
884884288488421 done
Polishing map...
score = -1613.7012471131366
score = -1613.7012471131366
score = -1613.7012471131366
*score = -1597.3356228045504
Final score = -1597.3356228045504
Setting dataScale to 0.8108108108108109 all likelihoods will be multiplied by 1.2333333333333332
logL = -1597.3356228045504
number of recombinations = 83.0 logL = -1597.3356228045504
Individual	V	P14459_101_S1	recombines	1	times
Individual	V	P14459_103_S3	recombines	1	times
Individual	V	P14459_104_S4	recombines	1	times
Individual	V	P14459_106_S6	recombines	2	times
Individual	V	P14459_107_S7	recombines	1	times
Individual	V	P14459_110_S10	recombines	1	times
Individual	V	P14459_111_S11	recombines	1	times
Individual	V	P14459_112_S12	recombines	1	times
Individual	V	P14459_113_S13	recombines	1	times
Individual	V	P14459_114_S14	recombines	1	times
Individual	V	P14459_115_S15	recombines	1	times
Individual	V	P14459_116_S16	recombines	1	times
Individual	V	P14459_117_S17	recombines	1	times
Individual	V	P14459_118_S18	recombines	2	times
Individual	V	P14459_119_S19	recombines	1	times
Individual	V	P14459_120_S20	recombines	1	times
Individual	V	P14459_121_S21	recombines	1	times
Individual	V	P14459_122_S22	recombines	1	times
Individual	V	P14459_124_S24	recombines	1	times
Individual	V	P14459_125_S25	recombines	1	times
Individual	V	P14459_128_S28	recombines	3	times
Individual	V	P14459_129_S29	recombines	2	times
Individual	V	P14459_130_S30	recombines	1	times
Individual	V	P14459_131_S31	recombines	1	times
Individual	V	P14459_134_S34	recombines	1	times
Individual	V	P14459_135_S35	recombines	1	times
Individual	V	P14459_136_S36	recombines	1	times
Individual	V	P14459_139_S39	recombines	2	times
Individual	V	P14459_141_S41	recombines	2	times
Individual	V	P14459_144_S44	recombines	1	times
Individual	V	P14459_145_S45	recombines	3	times
Individual	V	P14459_146_S46	recombines	1	times
Individual	V	P14459_147_S47	recombines	1	times
Individual	V	P14459_149_S49	recombines	1	times
Individual	V	P14459_150_S50	recombines	3	times
Individual	V	P14459_151_S51	recombines	3	times
Individual	V	P14459_153_S53	recombines	1	times
Individual	V	P14459_154_S54	recombines	1	times
Individual	V	P14459_158_S58	recombines	1	times
Individual	V	P14459_159_S59	recombines	1	times
Individual	V	P14459_160_S60	recombines	1	times
Individual	V	P14459_162_S62	recombines	1	times
Individual	V	P14459_163_S63	recombines	1	times
Individual	V	P14459_164_S64	recombines	1	times
Individual	V	P14459_167_S67	recombines	3	times
Individual	V	P14459_168_S68	recombines	1	times
Individual	V	P14459_169_S69	recombines	1	times
Individual	V	P14459_170_S70	recombines	2	times
Individual	V	P14459_171_S71	recombines	1	times
Individual	V	P14459_172_S72	recombines	3	times
Individual	V	P14459_173_S73	recombines	1	times
Individual	V	P14459_174_S74	recombines	1	times
Individual	V	P14459_176_S76	recombines	2	times
Individual	V	P14459_179_S79	recombines	1	times
Individual	V	P14459_180_S80	recombines	1	times
Individual	V	P14459_181_S81	recombines	1	times
Individual	V	P14459_182_S82	recombines	2	times
Individual	V	P14459_184_S84	recombines	1	times
Individual	V	P14459_185_S85	recombines	1	times
Individual	V	P14459_186_S86	recombines	1	times
Individual	V	P14459_187_S87	recombines	2	times
Individual	V	P14459_191_S91	recombines	1	times
#*** LG = 0 likelihood = -1597.3356
#marker_number	male_position	female_position	( 0.0 )[	phased data]
35217	0.000	0.000	( 0 )	010010000000111000101011011110000100000011000011011000110010101101101110011000001000010000000000000000000000000000000000000000000000000000000000000000000000000000000000000000000000 0 0
35252	10.137	0.000	( 0 )	110011001101111100101011011110010100000011010011011000111010101101101110011000001000010000000000000000000000000000000000000000000000000000000000000000000000000000000000000000000000 9 0
35223	11.248	0.000	( 0 )	110011001101111100101011011110010100000011110011011000111010101101101110011000001000010000000000000000000000000000000000000000000000000000000000000000000000000000000000000000000000 1 0
35254	11.248	0.000	( 0 )	110011001101111100101011011110010100000011110011011000111010101101101110011000001000010000000000000000000000000000000000000000000000000000000000000000000000000000000000000000000000 0 0
35256	11.248	0.000	( 0 )	110011001101111100101011011110010100000011110011011000111010101101101110011000001000010000000000000000000000000000000000000000000000000000000000000000000000000000000000000000000000 0 0
35258	11.248	0.000	( 0 )	110011001101111100101011011110010100000011110011011000111010101101101110011000001000010000000000000000000000000000000000000000000000000000000000000000000000000000000000000000000000 0 0
35294	12.359	0.000	( 0 )	110011001101111100101011011110010100000010110011011000111010101101101110011000001000010000000000000000000000000000000000000000000000000000000000000000000000000000000000000000000000 1 0
35311	12.359	0.000	( 0 )	110011001101111100101011011110010100000010110011011000111010101101101110011000001000010000000000000000000000000000000000000000000000000000000000000000000000000000000000000000000000 0 0
35038	23.659	0.000	( 0 )	111001001101111100101011010100011100000010110000011000111000100101101110011000101000010000000000000000000000000000000000000000000000000000000000000000000000000000000000000000000000 10 0
35039	23.659	0.000	( 0 )	111001001101111100101011010100011100000010110000011000111000100101101110011000101000010000000000000000000000000000000000000000000000000000000000000000000000000000000000000000000000 0 0
35042	23.659	0.000	( 0 )	111001001101111100101011010100011100000010110000011000111000100101101110011000101000010000000000000000000000000000000000000000000000000000000000000000000000000000000000000000000000 0 0
35044	23.659	0.000	( 0 )	111001001101111100101011010100011100000010110000011000111000100101101110011000101000010000000000000000000000000000000000000000000000000000000000000000000000000000000000000000000000 0 0
35034	23.659	0.000	( 0 )	111001001101111100101011010100011100000010110000011000111000100101101110011000101000010000000000000000000000000000000000000000000000000000000000000000000000000000000000000000000000 0 0
35036	23.659	0.000	( 0 )	111001001101111100101011010100011100000010110000011000111000100101101110011000101000010000000000000000000000000000000000000000000000000000000000000000000000000000000000000000000000 0 0
35035	23.659	0.000	( 0 )	111001001101111100101011010100011100000010110000011000111000100101101110011000101000010000000000000000000000000000000000000000000000000000000000000000000000000000000000000000000000 0 0
35043	23.659	0.000	( 0 )	111001001101111100101011010100011100000010110000011000111000100101101110011000101000010000000000000000000000000000000000000000000000000000000000000000000000000000000000000000000000 0 0
35040	23.659	0.000	( 0 )	111001001101111100101011010100011100000010110000011000111000100101101110011000101000010000000000000000000000000000000000000000000000000000000000000000000000000000000000000000000000 0 0
35045	23.659	0.000	( 0 )	111001001101111100101011010100011100000010110000011000111000100101101110011000101000010000000000000000000000000000000000000000000000000000000000000000000000000000000000000000000000 0 0
35032	23.659	0.000	( 0 )	111001001101111100101011010100011100000010110000011000111000100101101110011000101000010000000000000000000000000000000000000000000000000000000000000000000000000000000000000000000000 0 0
35037	23.659	0.000	( 0 )	111001001101111100101011010100011100000010110000011000111000100101101110011000101000010000000000000000000000000000000000000000000000000000000000000000000000000000000000000000000000 0 0
35041	23.659	0.000	( 0 )	111001001101111100101011010100011100000010110000011000111000100101101110011000101000010000000000000000000000000000000000000000000000000000000000000000000000000000000000000000000000 0 0
35065	31.500	0.000	( 0 )	111011001101111100101011011100011100000011110011011000111000101101101110011000111000010000000000000000000000000000000000000000000000000000000000000000000000000000000000000000000000 7 0
35151	31.500	0.000	( 0 )	111011001101111100101011011100011100000011110011011000111000101101101110011000111000010000000000000000000000000000000000000000000000000000000000000000000000000000000000000000000000 0 0
35066	31.500	0.000	( 0 )	111011001101111100101011011100011100000011110011011000111000101101101110011000111000010000000000000000000000000000000000000000000000000000000000000000000000000000000000000000000000 0 0
35081	31.500	0.000	( 0 )	111011001101111100101011011100011100000011110011011000111000101101101110011000111000010000000000000000000000000000000000000000000000000000000000000000000000000000000000000000000000 0 0
35064	31.500	0.000	( 0 )	111011001101111100101011011100011100000011110011011000111000101101101110011000111000010000000000000000000000000000000000000000000000000000000000000000000000000000000000000000000000 0 0
35026	31.500	0.000	( 0 )	111011001101111100101011011100011100000011110011011000111000101101101110011000111000010000000000000000000000000000000000000000000000000000000000000000000000000000000000000000000000 0 0
35084	31.500	0.000	( 0 )	111011001101111100101011011100011100000011110011011000111000101101101110011000111000010000000000000000000000000000000000000000000000000000000000000000000000000000000000000000000000 0 0
35142	31.500	0.000	( 0 )	111011001101111100101011011100011100000011110011011000111000101101101110011000111000010000000000000000000000000000000000000000000000000000000000000000000000000000000000000000000000 0 0
35082	31.500	0.000	( 0 )	111011001101111100101011011100011100000011110011011000111000101101101110011000111000010000000000000000000000000000000000000000000000000000000000000000000000000000000000000000000000 0 0
35145	31.500	0.000	( 0 )	111011001101111100101011011100011100000011110011011000111000101101101110011000111000010000000000000000000000000000000000000000000000000000000000000000000000000000000000000000000000 0 0
35174	32.612	0.000	( 0 )	111011001101111100101011011100011100000011110011011000111000101101100110011000111000010000000000000000000000000000000000000000000000000000000000000000000000000000000000000000000000 1 0
35176	32.612	0.000	( 0 )	111011001101111100101011011100011100000011110011011000111000101101100110011000111000010000000000000000000000000000000000000000000000000000000000000000000000000000000000000000000000 0 0
35175	32.612	0.000	( 0 )	111011001101111100101011011100011100000011110011011000111000101101100110011000111000010000000000000000000000000000000000000000000000000000000000000000000000000000000000000000000000 0 0
35177	32.612	0.000	( 0 )	111011001101111100101011011100011100000011110011011000111000101101100110011000111000010000000000000000000000000000000000000000000000000000000000000000000000000000000000000000000000 0 0
38698	34.835	0.000	( 0 )	111011001101111101101011011100011100000011110011011000111001101101100110011000111000010000000000000000000000000000000000000000000000000000000000000000000000000000000000000000000000 2 0
38688	34.835	0.000	( 0 )	111011001101111101101011011100011100000011110011011000111001101101100110011000111000010000000000000000000000000000000000000000000000000000000000000000000000000000000000000000000000 0 0
34983	35.947	0.000	( 0 )	111011001101111101101011011100011100000011110011011000111001101101100110010000111000010000000000000000000000000000000000000000000000000000000000000000000000000000000000000000000000 1 0
34977	35.947	0.000	( 0 )	111011001101111101101011011100011100000011110011011000111001101101100110010000111000010000000000000000000000000000000000000000000000000000000000000000000000000000000000000000000000 0 0
34996	35.947	0.000	( 0 )	111011001101111101101011011100011100000011110011011000111001101101100110010000111000010000000000000000000000000000000000000000000000000000000000000000000000000000000000000000000000 0 0
34992	35.947	0.000	( 0 )	111011001101111101101011011100011100000011110011011000111001101101100110010000111000010000000000000000000000000000000000000000000000000000000000000000000000000000000000000000000000 0 0
34980	35.947	0.000	( 0 )	111011001101111101101011011100011100000011110011011000111001101101100110010000111000010000000000000000000000000000000000000000000000000000000000000000000000000000000000000000000000 0 0
34948	37.058	0.000	( 0 )	111011001101111101101010011100011100000011110011011000111001101101100110010000111000010000000000000000000000000000000000000000000000000000000000000000000000000000000000000000000000 1 0
34956	37.058	0.000	( 0 )	111011001101111101101010011100011100000011110011011000111001101101100110010000111000010000000000000000000000000000000000000000000000000000000000000000000000000000000000000000000000 0 0
34927	38.169	0.000	( 0 )	111011001101111101101010011100011100000011110011011000101001101101100110010000111000010000000000000000000000000000000000000000000000000000000000000000000000000000000000000000000000 1 0
34928	38.169	0.000	( 0 )	111011001101111101101010011100011100000011110011011000101001101101100110010000111000010000000000000000000000000000000000000000000000000000000000000000000000000000000000000000000000 0 0
34925	38.169	0.000	( 0 )	111011001101111101101010011100011100000011110011011000101001101101100110010000111000010000000000000000000000000000000000000000000000000000000000000000000000000000000000000000000000 0 0
34924	38.169	0.000	( 0 )	111011001101111101101010011100011100000011110011011000101001101101100110010000111000010000000000000000000000000000000000000000000000000000000000000000000000000000000000000000000000 0 0
34922	38.169	0.000	( 0 )	111011001101111101101010011100011100000011110011011000101001101101100110010000111000010000000000000000000000000000000000000000000000000000000000000000000000000000000000000000000000 0 0
34929	38.169	0.000	( 0 )	111011001101111101101010011100011100000011110011011000101001101101100110010000111000010000000000000000000000000000000000000000000000000000000000000000000000000000000000000000000000 0 0
34926	38.169	0.000	( 0 )	111011001101111101101010011100011100000011110011011000101001101101100110010000111000010000000000000000000000000000000000000000000000000000000000000000000000000000000000000000000000 0 0
34923	38.169	0.000	( 0 )	111011001101111101101010011100011100000011110011011000101001101101100110010000111000010000000000000000000000000000000000000000000000000000000000000000000000000000000000000000000000 0 0
34914	39.280	0.000	( 0 )	111011001111111101101010011100011100000011110011011000101001101101100110010000111000010000000000000000000000000000000000000000000000000000000000000000000000000000000000000000000000 1 0
34877	44.859	0.000	( 0 )	111011001111111101111010011100011000001011110011011000101001101101100110000000111000000000000000000000000000000000000000000000000000000000000000000000000000000000000000000000000000 5 0
34854	44.859	0.000	( 0 )	111011001111111101111010011100011000001011110011011000101001101101100110000000111000000000000000000000000000000000000000000000000000000000000000000000000000000000000000000000000000 0 0
34858	44.859	0.000	( 0 )	111011001111111101111010011100011000001011110011011000101001101101100110000000111000000000000000000000000000000000000000000000000000000000000000000000000000000000000000000000000000 0 0
34859	44.859	0.000	( 0 )	111011001111111101111010011100011000001011110011011000101001101101100110000000111000000000000000000000000000000000000000000000000000000000000000000000000000000000000000000000000000 0 0
34857	44.859	0.000	( 0 )	111011001111111101111010011100011000001011110011011000101001101101100110000000111000000000000000000000000000000000000000000000000000000000000000000000000000000000000000000000000000 0 0
34853	44.859	0.000	( 0 )	111011001111111101111010011100011000001011110011011000101001101101100110000000111000000000000000000000000000000000000000000000000000000000000000000000000000000000000000000000000000 0 0
34800	47.083	0.000	( 0 )	111011001111111101111000011101011000001011110011011000101001101101100110000000111000000000000000000000000000000000000000000000000000000000000000000000000000000000000000000000000000 2 0
34814	47.083	0.000	( 0 )	111011001111111101111000011101011000001011110011011000101001101101100110000000111000000000000000000000000000000000000000000000000000000000000000000000000000000000000000000000000000 0 0
34830	47.083	0.000	( 0 )	111011001111111101111000011101011000001011110011011000101001101101100110000000111000000000000000000000000000000000000000000000000000000000000000000000000000000000000000000000000000 0 0
34763	47.083	0.000	( 0 )	111011001111111101111000011101011000001011110011011000101001101101100110000000111000000000000000000000000000000000000000000000000000000000000000000000000000000000000000000000000000 0 0
34781	47.083	0.000	( 0 )	111011001111111101111000011101011000001011110011011000101001101101100110000000111000000000000000000000000000000000000000000000000000000000000000000000000000000000000000000000000000 0 0
34752	47.083	0.000	( 0 )	111011001111111101111000011101011000001011110011011000101001101101100110000000111000000000000000000000000000000000000000000000000000000000000000000000000000000000000000000000000000 0 0
34593	49.306	0.000	( 0 )	111011001111101101111000011101011000001011110011011000101001100101100110000000111000000000000000000000000000000000000000000000000000000000000000000000000000000000000000000000000000 2 0
34666	50.418	0.000	( 0 )	111011001111101101111000011101011000001011110011011000101001100101000110000000111000000000000000000000000000000000000000000000000000000000000000000000000000000000000000000000000000 1 0
34716	50.418	0.000	( 0 )	111011001111101101111000011101011000001011110011011000101001100101000110000000111000000000000000000000000000000000000000000000000000000000000000000000000000000000000000000000000000 0 0
34679	50.418	0.000	( 0 )	111011001111101101111000011101011000001011110011011000101001100101000110000000111000000000000000000000000000000000000000000000000000000000000000000000000000000000000000000000000000 0 0
34665	50.418	0.000	( 0 )	111011001111101101111000011101011000001011110011011000101001100101000110000000111000000000000000000000000000000000000000000000000000000000000000000000000000000000000000000000000000 0 0
34718	50.418	0.000	( 0 )	111011001111101101111000011101011000001011110011011000101001100101000110000000111000000000000000000000000000000000000000000000000000000000000000000000000000000000000000000000000000 0 0
34678	50.418	0.000	( 0 )	111011001111101101111000011101011000001011110011011000101001100101000110000000111000000000000000000000000000000000000000000000000000000000000000000000000000000000000000000000000000 0 0
34681	50.418	0.000	( 0 )	111011001111101101111000011101011000001011110011011000101001100101000110000000111000000000000000000000000000000000000000000000000000000000000000000000000000000000000000000000000000 0 0
34680	50.418	0.000	( 0 )	111011001111101101111000011101011000001011110011011000101001100101000110000000111000000000000000000000000000000000000000000000000000000000000000000000000000000000000000000000000000 0 0
34715	50.418	0.000	( 0 )	111011001111101101111000011101011000001011110011011000101001100101000110000000111000000000000000000000000000000000000000000000000000000000000000000000000000000000000000000000000000 0 0
34717	50.418	0.000	( 0 )	111011001111101101111000011101011000001011110011011000101001100101000110000000111000000000000000000000000000000000000000000000000000000000000000000000000000000000000000000000000000 0 0
34584	53.756	0.000	( 0 )	111011001111101101111000011101011000001001110011011000101001100111000110000000110000000000000000000000000000000000000000000000000000000000000000000000000000000000000000000000000000 3 0
34516	61.597	0.000	( 0 )	111011001111101111111000011101011000001001110101010000101001100111010110000010110100000000000000000000000000000000000000000000000000000000000000000000000000000000000000000000000000 7 0
34521	61.597	0.000	( 0 )	111011001111101111111000011101011000001001110101010000101001100111010110000010110100000000000000000000000000000000000000000000000000000000000000000000000000000000000000000000000000 0 0
34473	61.597	0.000	( 0 )	111011001111101111111000011101011000001001110101010000101001100111010110000010110100000000000000000000000000000000000000000000000000000000000000000000000000000000000000000000000000 0 0
34515	61.597	0.000	( 0 )	111011001111101111111000011101011000001001110101010000101001100111010110000010110100000000000000000000000000000000000000000000000000000000000000000000000000000000000000000000000000 0 0
34519	61.597	0.000	( 0 )	111011001111101111111000011101011000001001110101010000101001100111010110000010110100000000000000000000000000000000000000000000000000000000000000000000000000000000000000000000000000 0 0
34518	61.597	0.000	( 0 )	111011001111101111111000011101011000001001110101010000101001100111010110000010110100000000000000000000000000000000000000000000000000000000000000000000000000000000000000000000000000 0 0
34520	61.597	0.000	( 0 )	111011001111101111111000011101011000001001110101010000101001100111010110000010110100000000000000000000000000000000000000000000000000000000000000000000000000000000000000000000000000 0 0
34517	61.597	0.000	( 0 )	111011001111101111111000011101011000001001110101010000101001100111010110000010110100000000000000000000000000000000000000000000000000000000000000000000000000000000000000000000000000 0 0
34475	61.597	0.000	( 0 )	111011001111101111111000011101011000001001110101010000101001100111010110000010110100000000000000000000000000000000000000000000000000000000000000000000000000000000000000000000000000 0 0
34522	61.597	0.000	( 0 )	111011001111101111111000011101011000001001110101010000101001100111010110000010110100000000000000000000000000000000000000000000000000000000000000000000000000000000000000000000000000 0 0
34476	61.597	0.000	( 0 )	111011001111101111111000011101011000001001110101010000101001100111010110000010110100000000000000000000000000000000000000000000000000000000000000000000000000000000000000000000000000 0 0
7721	62.709	0.000	( 0 )	111011001111101111111000011101011000001001110101010000101001100111010100000010110100000000000000000000000000000000000000000000000000000000000000000000000000000000000000000000000000 1 0
7714	63.820	0.000	( 0 )	111011001111101111111000011101011000101001110101010000101001100111010100000010110100000000000000000000000000000000000000000000000000000000000000000000000000000000000000000000000000 1 0
7722	63.820	0.000	( 0 )	111011001111101111111000011101011000101001110101010000101001100111010100000010110100000000000000000000000000000000000000000000000000000000000000000000000000000000000000000000000000 0 0
34381	67.158	0.000	( 0 )	111011001111101111111000010101011000101001110101010000101001100110000100000010110100000000000000000000000000000000000000000000000000000000000000000000000000000000000000000000000000 3 0
34409	67.158	0.000	( 0 )	111011001111101111111000010101011000101001110101010000101001100110000100000010110100000000000000000000000000000000000000000000000000000000000000000000000000000000000000000000000000 0 0
34382	67.158	0.000	( 0 )	111011001111101111111000010101011000101001110101010000101001100110000100000010110100000000000000000000000000000000000000000000000000000000000000000000000000000000000000000000000000 0 0
34291	69.382	0.000	( 0 )	111011001111101111111000010001011000101001110101010000101001100010000100000010110100000000000000000000000000000000000000000000000000000000000000000000000000000000000000000000000000 2 0
34359	69.382	0.000	( 0 )	111011001111101111111000010001011000101001110101010000101001100010000100000010110100000000000000000000000000000000000000000000000000000000000000000000000000000000000000000000000000 0 0
34357	69.382	0.000	( 0 )	111011001111101111111000010001011000101001110101010000101001100010000100000010110100000000000000000000000000000000000000000000000000000000000000000000000000000000000000000000000000 0 0
34361	69.382	0.000	( 0 )	111011001111101111111000010001011000101001110101010000101001100010000100000010110100000000000000000000000000000000000000000000000000000000000000000000000000000000000000000000000000 0 0
34297	69.382	0.000	( 0 )	111011001111101111111000010001011000101001110101010000101001100010000100000010110100000000000000000000000000000000000000000000000000000000000000000000000000000000000000000000000000 0 0
34317	71.606	0.000	( 0 )	111011001111001111110000010001011000101001110101010000101001100010000100000010110100000000000000000000000000000000000000000000000000000000000000000000000000000000000000000000000000 2 0
34320	71.606	0.000	( 0 )	111011001111001111110000010001011000101001110101010000101001100010000100000010110100000000000000000000000000000000000000000000000000000000000000000000000000000000000000000000000000 0 0
34321	71.606	0.000	( 0 )	111011001111001111110000010001011000101001110101010000101001100010000100000010110100000000000000000000000000000000000000000000000000000000000000000000000000000000000000000000000000 0 0
34310	71.606	0.000	( 0 )	111011001111001111110000010001011000101001110101010000101001100010000100000010110100000000000000000000000000000000000000000000000000000000000000000000000000000000000000000000000000 0 0
34404	76.062	0.000	( 0 )	111011001111000111110000010101011000101001110100010000101001100010010100000010110100000000000000000000000000000000000000000000000000000000000000000000000000000000000000000000000000 4 0
7724	81.640	0.000	( 0 )	101011001111000111010000010101011000001001110100010000101001000011010100000010110100000000000000000000000000000000000000000000000000000000000000000000000000000000000000000000000000 5 0
7723	81.640	0.000	( 0 )	101011001111000111010000010101011000001001110100010000101001000011010100000010110100000000000000000000000000000000000000000000000000000000000000000000000000000000000000000000000000 0 0
34463	92.940	0.000	( 0 )	101011001111000101010000010101011000000000110100000000001001000011010010000100110000000000000000000000000000000000000000000000000000000000000000000000000000000000000000000000000000 10 0
34465	92.940	0.000	( 0 )	101011001111000101010000010101011000000000110100000000001001000011010010000100110000000000000000000000000000000000000000000000000000000000000000000000000000000000000000000000000000 0 0
34462	92.940	0.000	( 0 )	101011001111000101010000010101011000000000110100000000001001000011010010000100110000000000000000000000000000000000000000000000000000000000000000000000000000000000000000000000000000 0 0
34464	92.940	0.000	( 0 )	101011001111000101010000010101011000000000110100000000001001000011010010000100110000000000000000000000000000000000000000000000000000000000000000000000000000000000000000000000000000 0 0
34461	92.940	0.000	( 0 )	101011001111000101010000010101011000000000110100000000001001000011010010000100110000000000000000000000000000000000000000000000000000000000000000000000000000000000000000000000000000 0 0
