#java OrderMarkers2 data=- evaluateOrder=reordermarkers/iterations/ordered.15.25 useKosambi=1 numThreads=4 calculateIntervals=intervals/ordered.15.intervals randSeed=-2999139943472840069
Loading file
No grandparents present in family V
Number of individuals = 92
Number of families = 1
File loaded with 42521 SNPs
Number of individuals = 92 excluding grandparents
Number of families = 1
Number of markers = 202
Setting dataScale to 0.44554455445544555 all likelihoods will be multiplied by 2.2444444444444445
Initial score = -3713.6731524614092
Iteration 1 of 6
884884288488421 done
Polishing map...
score = -3289.5872132504715
*score = -3284.3341247761978
score = -3280.870056840254
*score = -3280.870056840254
Iteration 2 of 6
884884288488421 done
Polishing map...
score = -3352.6103721157597
score = -3343.5751194254444
score = -3343.5751194254444
score = -3343.5751194254444
Iteration 3 of 6
884884288488421 done
Polishing map...
score = -3372.0990975397995
score = -3322.4133181619814
score = -3309.9841017770937
score = -3305.7031848478487
Iteration 4 of 6
884884288488421 done
Polishing map...
score = -3697.395617042656
score = -3671.6465013685815
score = -3602.050175106964
score = -3585.3400417928315
Iteration 5 of 6
884884288488421 done
Polishing map...
score = -3294.173866769428
score = -3289.02597930109
score = -3289.02597930109
score = -3283.8066066709707
Iteration 6 of 6
884884288488421 done
Polishing map...
score = -3408.990749363916
score = -3403.1975302148035
score = -3407.491154913919
score = -3387.431175415533
Final score = -3280.870056840254
Setting dataScale to 0.44554455445544555 all likelihoods will be multiplied by 2.2444444444444445
logL = -3280.870056840254
number of recombinations = 84.0 logL = -3280.870056840254
Individual	V	P14459_103_S3	recombines	1	times
Individual	V	P14459_104_S4	recombines	1	times
Individual	V	P14459_106_S6	recombines	1	times
Individual	V	P14459_107_S7	recombines	1	times
Individual	V	P14459_108_S8	recombines	1	times
Individual	V	P14459_110_S10	recombines	1	times
Individual	V	P14459_111_S11	recombines	2	times
Individual	V	P14459_113_S13	recombines	1	times
Individual	V	P14459_116_S16	recombines	2	times
Individual	V	P14459_118_S18	recombines	1	times
Individual	V	P14459_119_S19	recombines	1	times
Individual	V	P14459_120_S20	recombines	1	times
Individual	V	P14459_121_S21	recombines	1	times
Individual	V	P14459_122_S22	recombines	1	times
Individual	V	P14459_123_S23	recombines	1	times
Individual	V	P14459_124_S24	recombines	1	times
Individual	V	P14459_125_S25	recombines	1	times
Individual	V	P14459_126_S26	recombines	1	times
Individual	V	P14459_128_S28	recombines	1	times
Individual	V	P14459_129_S29	recombines	1	times
Individual	V	P14459_130_S30	recombines	1	times
Individual	V	P14459_131_S31	recombines	3	times
Individual	V	P14459_134_S34	recombines	1	times
Individual	V	P14459_136_S36	recombines	1	times
Individual	V	P14459_137_S37	recombines	1	times
Individual	V	P14459_138_S38	recombines	1	times
Individual	V	P14459_142_S42	recombines	1	times
Individual	V	P14459_144_S44	recombines	1	times
Individual	V	P14459_148_S48	recombines	2	times
Individual	V	P14459_150_S50	recombines	1	times
Individual	V	P14459_151_S51	recombines	1	times
Individual	V	P14459_152_S52	recombines	1	times
Individual	V	P14459_153_S53	recombines	3	times
Individual	V	P14459_154_S54	recombines	1	times
Individual	V	P14459_155_S55	recombines	1	times
Individual	V	P14459_156_S56	recombines	3	times
Individual	V	P14459_157_S57	recombines	1	times
Individual	V	P14459_158_S58	recombines	3	times
Individual	V	P14459_159_S59	recombines	1	times
Individual	V	P14459_161_S61	recombines	1	times
Individual	V	P14459_162_S62	recombines	1	times
Individual	V	P14459_163_S63	recombines	1	times
Individual	V	P14459_164_S64	recombines	3	times
Individual	V	P14459_168_S68	recombines	2	times
Individual	V	P14459_169_S69	recombines	1	times
Individual	V	P14459_171_S71	recombines	1	times
Individual	V	P14459_172_S72	recombines	1	times
Individual	V	P14459_173_S73	recombines	1	times
Individual	V	P14459_174_S74	recombines	3	times
Individual	V	P14459_176_S76	recombines	2	times
Individual	V	P14459_179_S79	recombines	1	times
Individual	V	P14459_180_S80	recombines	1	times
Individual	V	P14459_181_S81	recombines	1	times
Individual	V	P14459_183_S83	recombines	1	times
Individual	V	P14459_184_S84	recombines	3	times
Individual	V	P14459_186_S86	recombines	1	times
Individual	V	P14459_187_S87	recombines	1	times
Individual	V	P14459_188_S88	recombines	1	times
Individual	V	P14459_189_S89	recombines	1	times
Individual	V	P14459_190_S90	recombines	1	times
Individual	V	P14459_191_S91	recombines	1	times
Individual	V	P14459_192_S92	recombines	1	times
Individual	V	P14459_193_S93	recombines	1	times
Individual	V	P14459_194_S94	recombines	1	times
Individual	V	P14459_195_S95	recombines	1	times
#*** LG = 0 likelihood = -3280.8701
#marker_number	male_position	female_position	( 0.0 )[	phased data]
23109	0.000	0.000	( 0 )	100011001100010101100000000000101000100110010100001000010000011101000001000011010000000000000000000000000000000000000000000000000000000000000000000000000000000000000000000000000000 0 0
23018	1.111	0.000	( 0 )	100001001100010101100000000000101000100110010100001000010000011101000001000011010000000000000000000000000000000000000000000000000000000000000000000000000000000000000000000000000000 1 0
23022	1.111	0.000	( 0 )	100001001100010101100000000000101000100110010100001000010000011101000001000011010000000000000000000000000000000000000000000000000000000000000000000000000000000000000000000000000000 0 0
23021	1.111	0.000	( 0 )	100001001100010101100000000000101000100110010100001000010000011101000001000011010000000000000000000000000000000000000000000000000000000000000000000000000000000000000000000000000000 0 0
23019	1.111	0.000	( 0 )	100001001100010101100000000000101000100110010100001000010000011101000001000011010000000000000000000000000000000000000000000000000000000000000000000000000000000000000000000000000000 0 0
23025	1.111	0.000	( 0 )	100001001100010101100000000000101000100110010100001000010000011101000001000011010000000000000000000000000000000000000000000000000000000000000000000000000000000000000000000000000000 0 0
23023	1.111	0.000	( 0 )	100001001100010101100000000000101000100110010100001000010000011101000001000011010000000000000000000000000000000000000000000000000000000000000000000000000000000000000000000000000000 0 0
23024	1.111	0.000	( 0 )	100001001100010101100000000000101000100110010100001000010000011101000001000011010000000000000000000000000000000000000000000000000000000000000000000000000000000000000000000000000000 0 0
23076	1.111	0.000	( 0 )	100001001100010101100000000000101000100110010100001000010000011101000001000011010000000000000000000000000000000000000000000000000000000000000000000000000000000000000000000000000000 0 0
22756	8.953	0.000	( 0 )	110001001100010101100000000001111001100110010100001100010000111101000101000011010000000000000000000000000000000000000000000000000000000000000000000000000000000000000000000000000000 7 0
22757	8.953	0.000	( 0 )	110001001100010101100000000001111001100110010100001100010000111101000101000011010000000000000000000000000000000000000000000000000000000000000000000000000000000000000000000000000000 0 0
22755	8.953	0.000	( 0 )	110001001100010101100000000001111001100110010100001100010000111101000101000011010000000000000000000000000000000000000000000000000000000000000000000000000000000000000000000000000000 0 0
22754	8.953	0.000	( 0 )	110001001100010101100000000001111001100110010100001100010000111101000101000011010000000000000000000000000000000000000000000000000000000000000000000000000000000000000000000000000000 0 0
22753	8.953	0.000	( 0 )	110001001100010101100000000001111001100110010100001100010000111101000101000011010000000000000000000000000000000000000000000000000000000000000000000000000000000000000000000000000000 0 0
22758	8.953	0.000	( 0 )	110001001100010101100000000001111001100110010100001100010000111101000101000011010000000000000000000000000000000000000000000000000000000000000000000000000000000000000000000000000000 0 0
23110	16.794	0.000	( 0 )	111001001100010101100000000001111001100110011100001110110000111101100101010011110000000000000000000000000000000000000000000000000000000000000000000000000000000000000000000000000000 7 0
23146	20.132	0.000	( 0 )	111001001100010101100100000001111001100110011100011110110000111101100101010011110100000000000000000000000000000000000000000000000000000000000000000000000000000000000000000000000000 3 0
23091	20.132	0.000	( 0 )	111001001100010101100100000001111001100110011100011110110000111101100101010011110100000000000000000000000000000000000000000000000000000000000000000000000000000000000000000000000000 0 0
23044	20.132	0.000	( 0 )	111001001100010101100100000001111001100110011100011110110000111101100101010011110100000000000000000000000000000000000000000000000000000000000000000000000000000000000000000000000000 0 0
23102	20.132	0.000	( 0 )	111001001100010101100100000001111001100110011100011110110000111101100101010011110100000000000000000000000000000000000000000000000000000000000000000000000000000000000000000000000000 0 0
23083	20.132	0.000	( 0 )	111001001100010101100100000001111001100110011100011110110000111101100101010011110100000000000000000000000000000000000000000000000000000000000000000000000000000000000000000000000000 0 0
23142	20.132	0.000	( 0 )	111001001100010101100100000001111001100110011100011110110000111101100101010011110100000000000000000000000000000000000000000000000000000000000000000000000000000000000000000000000000 0 0
23137	20.132	0.000	( 0 )	111001001100010101100100000001111001100110011100011110110000111101100101010011110100000000000000000000000000000000000000000000000000000000000000000000000000000000000000000000000000 0 0
23141	20.132	0.000	( 0 )	111001001100010101100100000001111001100110011100011110110000111101100101010011110100000000000000000000000000000000000000000000000000000000000000000000000000000000000000000000000000 0 0
23092	20.132	0.000	( 0 )	111001001100010101100100000001111001100110011100011110110000111101100101010011110100000000000000000000000000000000000000000000000000000000000000000000000000000000000000000000000000 0 0
23148	20.132	0.000	( 0 )	111001001100010101100100000001111001100110011100011110110000111101100101010011110100000000000000000000000000000000000000000000000000000000000000000000000000000000000000000000000000 0 0
23062	20.132	0.000	( 0 )	111001001100010101100100000001111001100110011100011110110000111101100101010011110100000000000000000000000000000000000000000000000000000000000000000000000000000000000000000000000000 0 0
23059	20.132	0.000	( 0 )	111001001100010101100100000001111001100110011100011110110000111101100101010011110100000000000000000000000000000000000000000000000000000000000000000000000000000000000000000000000000 0 0
23132	20.132	0.000	( 0 )	111001001100010101100100000001111001100110011100011110110000111101100101010011110100000000000000000000000000000000000000000000000000000000000000000000000000000000000000000000000000 0 0
23063	20.132	0.000	( 0 )	111001001100010101100100000001111001100110011100011110110000111101100101010011110100000000000000000000000000000000000000000000000000000000000000000000000000000000000000000000000000 0 0
23138	20.132	0.000	( 0 )	111001001100010101100100000001111001100110011100011110110000111101100101010011110100000000000000000000000000000000000000000000000000000000000000000000000000000000000000000000000000 0 0
23134	20.132	0.000	( 0 )	111001001100010101100100000001111001100110011100011110110000111101100101010011110100000000000000000000000000000000000000000000000000000000000000000000000000000000000000000000000000 0 0
23100	20.132	0.000	( 0 )	111001001100010101100100000001111001100110011100011110110000111101100101010011110100000000000000000000000000000000000000000000000000000000000000000000000000000000000000000000000000 0 0
23058	20.132	0.000	( 0 )	111001001100010101100100000001111001100110011100011110110000111101100101010011110100000000000000000000000000000000000000000000000000000000000000000000000000000000000000000000000000 0 0
23135	20.132	0.000	( 0 )	111001001100010101100100000001111001100110011100011110110000111101100101010011110100000000000000000000000000000000000000000000000000000000000000000000000000000000000000000000000000 0 0
23051	20.132	0.000	( 0 )	111001001100010101100100000001111001100110011100011110110000111101100101010011110100000000000000000000000000000000000000000000000000000000000000000000000000000000000000000000000000 0 0
22581	22.356	0.000	( 0 )	111001001100010101100100000001111001100110010100011110110000111101100101010011010100000000000000000000000000000000000000000000000000000000000000000000000000000000000000000000000000 2 0
23035	22.356	0.000	( 0 )	111001001100010101100100000001111001100110010100011110110000111101100101010011010100000000000000000000000000000000000000000000000000000000000000000000000000000000000000000000000000 0 0
22578	22.356	0.000	( 0 )	111001001100010101100100000001111001100110010100011110110000111101100101010011010100000000000000000000000000000000000000000000000000000000000000000000000000000000000000000000000000 0 0
22775	25.694	0.000	( 0 )	111001001100010101100100000011111001100110010100001110110000111101100101010011010100000100000000000000000000000000000000000000000000000000000000000000000000000000000000000000000000 3 0
22777	25.694	0.000	( 0 )	111001001100010101100100000011111001100110010100001110110000111101100101010011010100000100000000000000000000000000000000000000000000000000000000000000000000000000000000000000000000 0 0
22776	25.694	0.000	( 0 )	111001001100010101100100000011111001100110010100001110110000111101100101010011010100000100000000000000000000000000000000000000000000000000000000000000000000000000000000000000000000 0 0
22774	25.694	0.000	( 0 )	111001001100010101100100000011111001100110010100001110110000111101100101010011010100000100000000000000000000000000000000000000000000000000000000000000000000000000000000000000000000 0 0
23000	26.806	0.000	( 0 )	111001001100010101100100000011111001100110010100001110110000111101100101010011010100001100000000000000000000000000000000000000000000000000000000000000000000000000000000000000000000 1 0
23001	26.806	0.000	( 0 )	111001001100010101100100000011111001100110010100001110110000111101100101010011010100001100000000000000000000000000000000000000000000000000000000000000000000000000000000000000000000 0 0
22966	26.806	0.000	( 0 )	111001001100010101100100000011111001100110010100001110110000111101100101010011010100001100000000000000000000000000000000000000000000000000000000000000000000000000000000000000000000 0 0
22846	26.806	0.000	( 0 )	111001001100010101100100000011111001100110010100001110110000111101100101010011010100001100000000000000000000000000000000000000000000000000000000000000000000000000000000000000000000 0 0
22921	26.806	0.000	( 0 )	111001001100010101100100000011111001100110010100001110110000111101100101010011010100001100000000000000000000000000000000000000000000000000000000000000000000000000000000000000000000 0 0
22851	26.806	0.000	( 0 )	111001001100010101100100000011111001100110010100001110110000111101100101010011010100001100000000000000000000000000000000000000000000000000000000000000000000000000000000000000000000 0 0
22827	26.806	0.000	( 0 )	111001001100010101100100000011111001100110010100001110110000111101100101010011010100001100000000000000000000000000000000000000000000000000000000000000000000000000000000000000000000 0 0
22848	26.806	0.000	( 0 )	111001001100010101100100000011111001100110010100001110110000111101100101010011010100001100000000000000000000000000000000000000000000000000000000000000000000000000000000000000000000 0 0
22992	26.806	0.000	( 0 )	111001001100010101100100000011111001100110010100001110110000111101100101010011010100001100000000000000000000000000000000000000000000000000000000000000000000000000000000000000000000 0 0
22812	26.806	0.000	( 0 )	111001001100010101100100000011111001100110010100001110110000111101100101010011010100001100000000000000000000000000000000000000000000000000000000000000000000000000000000000000000000 0 0
22918	26.806	0.000	( 0 )	111001001100010101100100000011111001100110010100001110110000111101100101010011010100001100000000000000000000000000000000000000000000000000000000000000000000000000000000000000000000 0 0
22991	26.806	0.000	( 0 )	111001001100010101100100000011111001100110010100001110110000111101100101010011010100001100000000000000000000000000000000000000000000000000000000000000000000000000000000000000000000 0 0
23011	26.806	0.000	( 0 )	111001001100010101100100000011111001100110010100001110110000111101100101010011010100001100000000000000000000000000000000000000000000000000000000000000000000000000000000000000000000 0 0
22847	26.806	0.000	( 0 )	111001001100010101100100000011111001100110010100001110110000111101100101010011010100001100000000000000000000000000000000000000000000000000000000000000000000000000000000000000000000 0 0
22716	26.806	0.000	( 0 )	111001001100010101100100000011111001100110010100001110110000111101100101010011010100001100000000000000000000000000000000000000000000000000000000000000000000000000000000000000000000 0 0
22852	26.806	0.000	( 0 )	111001001100010101100100000011111001100110010100001110110000111101100101010011010100001100000000000000000000000000000000000000000000000000000000000000000000000000000000000000000000 0 0
22736	26.806	0.000	( 0 )	111001001100010101100100000011111001100110010100001110110000111101100101010011010100001100000000000000000000000000000000000000000000000000000000000000000000000000000000000000000000 0 0
22882	26.806	0.000	( 0 )	111001001100010101100100000011111001100110010100001110110000111101100101010011010100001100000000000000000000000000000000000000000000000000000000000000000000000000000000000000000000 0 0
22911	26.806	0.000	( 0 )	111001001100010101100100000011111001100110010100001110110000111101100101010011010100001100000000000000000000000000000000000000000000000000000000000000000000000000000000000000000000 0 0
22845	26.806	0.000	( 0 )	111001001100010101100100000011111001100110010100001110110000111101100101010011010100001100000000000000000000000000000000000000000000000000000000000000000000000000000000000000000000 0 0
22843	26.806	0.000	( 0 )	111001001100010101100100000011111001100110010100001110110000111101100101010011010100001100000000000000000000000000000000000000000000000000000000000000000000000000000000000000000000 0 0
22962	26.806	0.000	( 0 )	111001001100010101100100000011111001100110010100001110110000111101100101010011010100001100000000000000000000000000000000000000000000000000000000000000000000000000000000000000000000 0 0
22952	26.806	0.000	( 0 )	111001001100010101100100000011111001100110010100001110110000111101100101010011010100001100000000000000000000000000000000000000000000000000000000000000000000000000000000000000000000 0 0
22824	26.806	0.000	( 0 )	111001001100010101100100000011111001100110010100001110110000111101100101010011010100001100000000000000000000000000000000000000000000000000000000000000000000000000000000000000000000 0 0
22925	26.806	0.000	( 0 )	111001001100010101100100000011111001100110010100001110110000111101100101010011010100001100000000000000000000000000000000000000000000000000000000000000000000000000000000000000000000 0 0
22963	26.806	0.000	( 0 )	111001001100010101100100000011111001100110010100001110110000111101100101010011010100001100000000000000000000000000000000000000000000000000000000000000000000000000000000000000000000 0 0
22844	26.806	0.000	( 0 )	111001001100010101100100000011111001100110010100001110110000111101100101010011010100001100000000000000000000000000000000000000000000000000000000000000000000000000000000000000000000 0 0
22922	26.806	0.000	( 0 )	111001001100010101100100000011111001100110010100001110110000111101100101010011010100001100000000000000000000000000000000000000000000000000000000000000000000000000000000000000000000 0 0
23005	26.806	0.000	( 0 )	111001001100010101100100000011111001100110010100001110110000111101100101010011010100001100000000000000000000000000000000000000000000000000000000000000000000000000000000000000000000 0 0
22989	26.806	0.000	( 0 )	111001001100010101100100000011111001100110010100001110110000111101100101010011010100001100000000000000000000000000000000000000000000000000000000000000000000000000000000000000000000 0 0
22877	26.806	0.000	( 0 )	111001001100010101100100000011111001100110010100001110110000111101100101010011010100001100000000000000000000000000000000000000000000000000000000000000000000000000000000000000000000 0 0
22829	26.806	0.000	( 0 )	111001001100010101100100000011111001100110010100001110110000111101100101010011010100001100000000000000000000000000000000000000000000000000000000000000000000000000000000000000000000 0 0
22881	26.806	0.000	( 0 )	111001001100010101100100000011111001100110010100001110110000111101100101010011010100001100000000000000000000000000000000000000000000000000000000000000000000000000000000000000000000 0 0
22737	26.806	0.000	( 0 )	111001001100010101100100000011111001100110010100001110110000111101100101010011010100001100000000000000000000000000000000000000000000000000000000000000000000000000000000000000000000 0 0
22831	26.806	0.000	( 0 )	111001001100010101100100000011111001100110010100001110110000111101100101010011010100001100000000000000000000000000000000000000000000000000000000000000000000000000000000000000000000 0 0
22950	26.806	0.000	( 0 )	111001001100010101100100000011111001100110010100001110110000111101100101010011010100001100000000000000000000000000000000000000000000000000000000000000000000000000000000000000000000 0 0
22965	26.806	0.000	( 0 )	111001001100010101100100000011111001100110010100001110110000111101100101010011010100001100000000000000000000000000000000000000000000000000000000000000000000000000000000000000000000 0 0
22822	26.806	0.000	( 0 )	111001001100010101100100000011111001100110010100001110110000111101100101010011010100001100000000000000000000000000000000000000000000000000000000000000000000000000000000000000000000 0 0
22734	26.806	0.000	( 0 )	111001001100010101100100000011111001100110010100001110110000111101100101010011010100001100000000000000000000000000000000000000000000000000000000000000000000000000000000000000000000 0 0
22964	26.806	0.000	( 0 )	111001001100010101100100000011111001100110010100001110110000111101100101010011010100001100000000000000000000000000000000000000000000000000000000000000000000000000000000000000000000 0 0
22920	26.806	0.000	( 0 )	111001001100010101100100000011111001100110010100001110110000111101100101010011010100001100000000000000000000000000000000000000000000000000000000000000000000000000000000000000000000 0 0
22849	26.806	0.000	( 0 )	111001001100010101100100000011111001100110010100001110110000111101100101010011010100001100000000000000000000000000000000000000000000000000000000000000000000000000000000000000000000 0 0
22889	26.806	0.000	( 0 )	111001001100010101100100000011111001100110010100001110110000111101100101010011010100001100000000000000000000000000000000000000000000000000000000000000000000000000000000000000000000 0 0
22853	26.806	0.000	( 0 )	111001001100010101100100000011111001100110010100001110110000111101100101010011010100001100000000000000000000000000000000000000000000000000000000000000000000000000000000000000000000 0 0
22838	26.806	0.000	( 0 )	111001001100010101100100000011111001100110010100001110110000111101100101010011010100001100000000000000000000000000000000000000000000000000000000000000000000000000000000000000000000 0 0
22735	26.806	0.000	( 0 )	111001001100010101100100000011111001100110010100001110110000111101100101010011010100001100000000000000000000000000000000000000000000000000000000000000000000000000000000000000000000 0 0
22837	26.806	0.000	( 0 )	111001001100010101100100000011111001100110010100001110110000111101100101010011010100001100000000000000000000000000000000000000000000000000000000000000000000000000000000000000000000 0 0
22917	26.806	0.000	( 0 )	111001001100010101100100000011111001100110010100001110110000111101100101010011010100001100000000000000000000000000000000000000000000000000000000000000000000000000000000000000000000 0 0
22828	26.806	0.000	( 0 )	111001001100010101100100000011111001100110010100001110110000111101100101010011010100001100000000000000000000000000000000000000000000000000000000000000000000000000000000000000000000 0 0
22665	27.917	0.000	( 0 )	111001001100010101100100000010111001100110010100001110110000111101100101010011010100001100000000000000000000000000000000000000000000000000000000000000000000000000000000000000000000 1 0
22652	27.917	0.000	( 0 )	111001001100010101100100000010111001100110010100001110110000111101100101010011010100001100000000000000000000000000000000000000000000000000000000000000000000000000000000000000000000 0 0
22515	27.917	0.000	( 0 )	111001001100010101100100000010111001100110010100001110110000111101100101010011010100001100000000000000000000000000000000000000000000000000000000000000000000000000000000000000000000 0 0
22560	27.917	0.000	( 0 )	111001001100010101100100000010111001100110010100001110110000111101100101010011010100001100000000000000000000000000000000000000000000000000000000000000000000000000000000000000000000 0 0
22514	27.917	0.000	( 0 )	111001001100010101100100000010111001100110010100001110110000111101100101010011010100001100000000000000000000000000000000000000000000000000000000000000000000000000000000000000000000 0 0
22663	27.917	0.000	( 0 )	111001001100010101100100000010111001100110010100001110110000111101100101010011010100001100000000000000000000000000000000000000000000000000000000000000000000000000000000000000000000 0 0
22551	27.917	0.000	( 0 )	111001001100010101100100000010111001100110010100001110110000111101100101010011010100001100000000000000000000000000000000000000000000000000000000000000000000000000000000000000000000 0 0
22673	27.917	0.000	( 0 )	111001001100010101100100000010111001100110010100001110110000111101100101010011010100001100000000000000000000000000000000000000000000000000000000000000000000000000000000000000000000 0 0
22506	27.917	0.000	( 0 )	111001001100010101100100000010111001100110010100001110110000111101100101010011010100001100000000000000000000000000000000000000000000000000000000000000000000000000000000000000000000 0 0
22651	27.917	0.000	( 0 )	111001001100010101100100000010111001100110010100001110110000111101100101010011010100001100000000000000000000000000000000000000000000000000000000000000000000000000000000000000000000 0 0
22670	27.917	0.000	( 0 )	111001001100010101100100000010111001100110010100001110110000111101100101010011010100001100000000000000000000000000000000000000000000000000000000000000000000000000000000000000000000 0 0
22636	27.917	0.000	( 0 )	111001001100010101100100000010111001100110010100001110110000111101100101010011010100001100000000000000000000000000000000000000000000000000000000000000000000000000000000000000000000 0 0
22567	27.917	0.000	( 0 )	111001001100010101100100000010111001100110010100001110110000111101100101010011010100001100000000000000000000000000000000000000000000000000000000000000000000000000000000000000000000 0 0
22579	27.917	0.000	( 0 )	111001001100010101100100000010111001100110010100001110110000111101100101010011010100001100000000000000000000000000000000000000000000000000000000000000000000000000000000000000000000 0 0
22650	27.917	0.000	( 0 )	111001001100010101100100000010111001100110010100001110110000111101100101010011010100001100000000000000000000000000000000000000000000000000000000000000000000000000000000000000000000 0 0
22674	27.917	0.000	( 0 )	111001001100010101100100000010111001100110010100001110110000111101100101010011010100001100000000000000000000000000000000000000000000000000000000000000000000000000000000000000000000 0 0
22666	27.917	0.000	( 0 )	111001001100010101100100000010111001100110010100001110110000111101100101010011010100001100000000000000000000000000000000000000000000000000000000000000000000000000000000000000000000 0 0
22662	27.917	0.000	( 0 )	111001001100010101100100000010111001100110010100001110110000111101100101010011010100001100000000000000000000000000000000000000000000000000000000000000000000000000000000000000000000 0 0
22539	27.917	0.000	( 0 )	111001001100010101100100000010111001100110010100001110110000111101100101010011010100001100000000000000000000000000000000000000000000000000000000000000000000000000000000000000000000 0 0
22570	27.917	0.000	( 0 )	111001001100010101100100000010111001100110010100001110110000111101100101010011010100001100000000000000000000000000000000000000000000000000000000000000000000000000000000000000000000 0 0
22637	27.917	0.000	( 0 )	111001001100010101100100000010111001100110010100001110110000111101100101010011010100001100000000000000000000000000000000000000000000000000000000000000000000000000000000000000000000 0 0
22680	27.917	0.000	( 0 )	111001001100010101100100000010111001100110010100001110110000111101100101010011010100001100000000000000000000000000000000000000000000000000000000000000000000000000000000000000000000 0 0
22685	27.917	0.000	( 0 )	111001001100010101100100000010111001100110010100001110110000111101100101010011010100001100000000000000000000000000000000000000000000000000000000000000000000000000000000000000000000 0 0
22549	27.917	0.000	( 0 )	111001001100010101100100000010111001100110010100001110110000111101100101010011010100001100000000000000000000000000000000000000000000000000000000000000000000000000000000000000000000 0 0
22553	27.917	0.000	( 0 )	111001001100010101100100000010111001100110010100001110110000111101100101010011010100001100000000000000000000000000000000000000000000000000000000000000000000000000000000000000000000 0 0
22555	27.917	0.000	( 0 )	111001001100010101100100000010111001100110010100001110110000111101100101010011010100001100000000000000000000000000000000000000000000000000000000000000000000000000000000000000000000 0 0
22569	27.917	0.000	( 0 )	111001001100010101100100000010111001100110010100001110110000111101100101010011010100001100000000000000000000000000000000000000000000000000000000000000000000000000000000000000000000 0 0
22649	27.917	0.000	( 0 )	111001001100010101100100000010111001100110010100001110110000111101100101010011010100001100000000000000000000000000000000000000000000000000000000000000000000000000000000000000000000 0 0
22475	32.373	0.000	( 0 )	111001001100010100100100100010111001100110010100000110110000111101100101010011010110001100000000000000000000000000000000000000000000000000000000000000000000000000000000000000000000 4 0
22479	32.373	0.000	( 0 )	111001001100010100100100100010111001100110010100000110110000111101100101010011010110001100000000000000000000000000000000000000000000000000000000000000000000000000000000000000000000 0 0
22451	33.485	0.000	( 0 )	111001001100010100100100100010111001100110010110000110110000111101100101010011010110001100000000000000000000000000000000000000000000000000000000000000000000000000000000000000000000 1 0
22395	34.596	0.000	( 0 )	111001001100010100100100100010111001100110010110000110110000111101100001010011010110001100000000000000000000000000000000000000000000000000000000000000000000000000000000000000000000 1 0
22400	34.596	0.000	( 0 )	111001001100010100100100100010111001100110010110000110110000111101100001010011010110001100000000000000000000000000000000000000000000000000000000000000000000000000000000000000000000 0 0
22398	34.596	0.000	( 0 )	111001001100010100100100100010111001100110010110000110110000111101100001010011010110001100000000000000000000000000000000000000000000000000000000000000000000000000000000000000000000 0 0
22397	34.596	0.000	( 0 )	111001001100010100100100100010111001100110010110000110110000111101100001010011010110001100000000000000000000000000000000000000000000000000000000000000000000000000000000000000000000 0 0
22394	34.596	0.000	( 0 )	111001001100010100100100100010111001100110010110000110110000111101100001010011010110001100000000000000000000000000000000000000000000000000000000000000000000000000000000000000000000 0 0
22369	35.707	0.000	( 0 )	111001001100010100100100100010111001100100010110000110110000111101100001010011010110001100000000000000000000000000000000000000000000000000000000000000000000000000000000000000000000 1 0
22376	35.707	0.000	( 0 )	111001001100010100100100100010111001100100010110000110110000111101100001010011010110001100000000000000000000000000000000000000000000000000000000000000000000000000000000000000000000 0 0
22358	35.707	0.000	( 0 )	111001001100010100100100100010111001100100010110000110110000111101100001010011010110001100000000000000000000000000000000000000000000000000000000000000000000000000000000000000000000 0 0
22377	35.707	0.000	( 0 )	111001001100010100100100100010111001100100010110000110110000111101100001010011010110001100000000000000000000000000000000000000000000000000000000000000000000000000000000000000000000 0 0
22366	35.707	0.000	( 0 )	111001001100010100100100100010111001100100010110000110110000111101100001010011010110001100000000000000000000000000000000000000000000000000000000000000000000000000000000000000000000 0 0
22218	36.818	0.000	( 0 )	111001001100010100110100100010111001100100010110000110110000111101100001010011010110001100000000000000000000000000000000000000000000000000000000000000000000000000000000000000000000 1 0
22237	36.818	0.000	( 0 )	111001001100010100110100100010111001100100010110000110110000111101100001010011010110001100000000000000000000000000000000000000000000000000000000000000000000000000000000000000000000 0 0
22216	36.818	0.000	( 0 )	111001001100010100110100100010111001100100010110000110110000111101100001010011010110001100000000000000000000000000000000000000000000000000000000000000000000000000000000000000000000 0 0
22217	36.818	0.000	( 0 )	111001001100010100110100100010111001100100010110000110110000111101100001010011010110001100000000000000000000000000000000000000000000000000000000000000000000000000000000000000000000 0 0
22219	36.818	0.000	( 0 )	111001001100010100110100100010111001100100010110000110110000111101100001010011010110001100000000000000000000000000000000000000000000000000000000000000000000000000000000000000000000 0 0
22200	36.818	0.000	( 0 )	111001001100010100110100100010111001100100010110000110110000111101100001010011010110001100000000000000000000000000000000000000000000000000000000000000000000000000000000000000000000 0 0
22198	36.818	0.000	( 0 )	111001001100010100110100100010111001100100010110000110110000111101100001010011010110001100000000000000000000000000000000000000000000000000000000000000000000000000000000000000000000 0 0
22201	36.818	0.000	( 0 )	111001001100010100110100100010111001100100010110000110110000111101100001010011010110001100000000000000000000000000000000000000000000000000000000000000000000000000000000000000000000 0 0
22203	36.818	0.000	( 0 )	111001001100010100110100100010111001100100010110000110110000111101100001010011010110001100000000000000000000000000000000000000000000000000000000000000000000000000000000000000000000 0 0
22220	36.818	0.000	( 0 )	111001001100010100110100100010111001100100010110000110110000111101100001010011010110001100000000000000000000000000000000000000000000000000000000000000000000000000000000000000000000 0 0
22289	36.818	0.000	( 0 )	111001001100010100110100100010111001100100010110000110110000111101100001010011010110001100000000000000000000000000000000000000000000000000000000000000000000000000000000000000000000 0 0
22199	36.818	0.000	( 0 )	111001001100010100110100100010111001100100010110000110110000111101100001010011010110001100000000000000000000000000000000000000000000000000000000000000000000000000000000000000000000 0 0
22299	36.818	0.000	( 0 )	111001001100010100110100100010111001100100010110000110110000111101100001010011010110001100000000000000000000000000000000000000000000000000000000000000000000000000000000000000000000 0 0
22102	37.930	0.000	( 0 )	111001001100010100110100100010111101100100010110000110110000111101100001010011010110001100000000000000000000000000000000000000000000000000000000000000000000000000000000000000000000 1 0
22120	37.930	0.000	( 0 )	111001001100010100110100100010111101100100010110000110110000111101100001010011010110001100000000000000000000000000000000000000000000000000000000000000000000000000000000000000000000 0 0
22096	37.930	0.000	( 0 )	111001001100010100110100100010111101100100010110000110110000111101100001010011010110001100000000000000000000000000000000000000000000000000000000000000000000000000000000000000000000 0 0
22126	37.930	0.000	( 0 )	111001001100010100110100100010111101100100010110000110110000111101100001010011010110001100000000000000000000000000000000000000000000000000000000000000000000000000000000000000000000 0 0
22181	37.930	0.000	( 0 )	111001001100010100110100100010111101100100010110000110110000111101100001010011010110001100000000000000000000000000000000000000000000000000000000000000000000000000000000000000000000 0 0
22098	37.930	0.000	( 0 )	111001001100010100110100100010111101100100010110000110110000111101100001010011010110001100000000000000000000000000000000000000000000000000000000000000000000000000000000000000000000 0 0
22116	37.930	0.000	( 0 )	111001001100010100110100100010111101100100010110000110110000111101100001010011010110001100000000000000000000000000000000000000000000000000000000000000000000000000000000000000000000 0 0
22182	37.930	0.000	( 0 )	111001001100010100110100100010111101100100010110000110110000111101100001010011010110001100000000000000000000000000000000000000000000000000000000000000000000000000000000000000000000 0 0
22100	37.930	0.000	( 0 )	111001001100010100110100100010111101100100010110000110110000111101100001010011010110001100000000000000000000000000000000000000000000000000000000000000000000000000000000000000000000 0 0
22179	37.930	0.000	( 0 )	111001001100010100110100100010111101100100010110000110110000111101100001010011010110001100000000000000000000000000000000000000000000000000000000000000000000000000000000000000000000 0 0
22146	37.930	0.000	( 0 )	111001001100010100110100100010111101100100010110000110110000111101100001010011010110001100000000000000000000000000000000000000000000000000000000000000000000000000000000000000000000 0 0
22118	37.930	0.000	( 0 )	111001001100010100110100100010111101100100010110000110110000111101100001010011010110001100000000000000000000000000000000000000000000000000000000000000000000000000000000000000000000 0 0
22103	37.930	0.000	( 0 )	111001001100010100110100100010111101100100010110000110110000111101100001010011010110001100000000000000000000000000000000000000000000000000000000000000000000000000000000000000000000 0 0
22099	37.930	0.000	( 0 )	111001001100010100110100100010111101100100010110000110110000111101100001010011010110001100000000000000000000000000000000000000000000000000000000000000000000000000000000000000000000 0 0
22177	37.930	0.000	( 0 )	111001001100010100110100100010111101100100010110000110110000111101100001010011010110001100000000000000000000000000000000000000000000000000000000000000000000000000000000000000000000 0 0
22127	37.930	0.000	( 0 )	111001001100010100110100100010111101100100010110000110110000111101100001010011010110001100000000000000000000000000000000000000000000000000000000000000000000000000000000000000000000 0 0
22040	39.041	0.000	( 0 )	111001001100010100110100100010111101100100010110000100110000111101100001010011010110001100000000000000000000000000000000000000000000000000000000000000000000000000000000000000000000 1 0
22012	40.152	0.000	( 0 )	111001001100010100110100100010111101100100010110000100110000011101100001010011010110001100000000000000000000000000000000000000000000000000000000000000000000000000000000000000000000 1 0
22010	40.152	0.000	( 0 )	111001001100010100110100100010111101100100010110000100110000011101100001010011010110001100000000000000000000000000000000000000000000000000000000000000000000000000000000000000000000 0 0
21827	41.264	0.000	( 0 )	111001101100010100110100100010111101100100010110000100110000011101100001010011010110001100000000000000000000000000000000000000000000000000000000000000000000000000000000000000000000 1 0
21840	42.375	0.000	( 0 )	111001101100011100110100100010111101100100010110000100110000011101100001010011010110001100000000000000000000000000000000000000000000000000000000000000000000000000000000000000000000 1 0
21834	42.375	0.000	( 0 )	111001101100011100110100100010111101100100010110000100110000011101100001010011010110001100000000000000000000000000000000000000000000000000000000000000000000000000000000000000000000 0 0
21822	42.375	0.000	( 0 )	111001101100011100110100100010111101100100010110000100110000011101100001010011010110001100000000000000000000000000000000000000000000000000000000000000000000000000000000000000000000 0 0
21841	43.486	0.000	( 0 )	111001101100011100110100100010111101100100010110000100110000011101110001010011010110001100000000000000000000000000000000000000000000000000000000000000000000000000000000000000000000 1 0
21831	43.486	0.000	( 0 )	111001101100011100110100100010111101100100010110000100110000011101110001010011010110001100000000000000000000000000000000000000000000000000000000000000000000000000000000000000000000 0 0
21878	43.486	0.000	( 0 )	111001101100011100110100100010111101100100010110000100110000011101110001010011010110001100000000000000000000000000000000000000000000000000000000000000000000000000000000000000000000 0 0
21839	43.486	0.000	( 0 )	111001101100011100110100100010111101100100010110000100110000011101110001010011010110001100000000000000000000000000000000000000000000000000000000000000000000000000000000000000000000 0 0
21833	43.486	0.000	( 0 )	111001101100011100110100100010111101100100010110000100110000011101110001010011010110001100000000000000000000000000000000000000000000000000000000000000000000000000000000000000000000 0 0
21757	47.942	0.000	( 0 )	111001101000011100110100100010111101100100010110000100010000011101110011011011010110001100000000000000000000000000000000000000000000000000000000000000000000000000000000000000000000 4 0
21783	47.942	0.000	( 0 )	111001101000011100110100100010111101100100010110000100010000011101110011011011010110001100000000000000000000000000000000000000000000000000000000000000000000000000000000000000000000 0 0
21784	47.942	0.000	( 0 )	111001101000011100110100100010111101100100010110000100010000011101110011011011010110001100000000000000000000000000000000000000000000000000000000000000000000000000000000000000000000 0 0
21768	47.942	0.000	( 0 )	111001101000011100110100100010111101100100010110000100010000011101110011011011010110001100000000000000000000000000000000000000000000000000000000000000000000000000000000000000000000 0 0
21648	50.166	0.000	( 0 )	111001101000011100110100100010111101100100010110000101010000011001110011011011010110001100000000000000000000000000000000000000000000000000000000000000000000000000000000000000000000 2 0
21620	50.166	0.000	( 0 )	111001101000011100110100100010111101100100010110000101010000011001110011011011010110001100000000000000000000000000000000000000000000000000000000000000000000000000000000000000000000 0 0
21596	50.166	0.000	( 0 )	111001101000011100110100100010111101100100010110000101010000011001110011011011010110001100000000000000000000000000000000000000000000000000000000000000000000000000000000000000000000 0 0
21619	50.166	0.000	( 0 )	111001101000011100110100100010111101100100010110000101010000011001110011011011010110001100000000000000000000000000000000000000000000000000000000000000000000000000000000000000000000 0 0
21655	50.166	0.000	( 0 )	111001101000011100110100100010111101100100010110000101010000011001110011011011010110001100000000000000000000000000000000000000000000000000000000000000000000000000000000000000000000 0 0
21656	50.166	0.000	( 0 )	111001101000011100110100100010111101100100010110000101010000011001110011011011010110001100000000000000000000000000000000000000000000000000000000000000000000000000000000000000000000 0 0
21597	50.166	0.000	( 0 )	111001101000011100110100100010111101100100010110000101010000011001110011011011010110001100000000000000000000000000000000000000000000000000000000000000000000000000000000000000000000 0 0
21692	51.277	0.000	( 0 )	111001101000010100110100100010111101100100010110000101010000011001110011011011010110001100000000000000000000000000000000000000000000000000000000000000000000000000000000000000000000 1 0
21686	51.277	0.000	( 0 )	111001101000010100110100100010111101100100010110000101010000011001110011011011010110001100000000000000000000000000000000000000000000000000000000000000000000000000000000000000000000 0 0
21691	51.277	0.000	( 0 )	111001101000010100110100100010111101100100010110000101010000011001110011011011010110001100000000000000000000000000000000000000000000000000000000000000000000000000000000000000000000 0 0
21765	59.119	0.000	( 0 )	111001101000010110110101100010111111100100010111000101010000011101110011011011110110011100000000000000000000000000000000000000000000000000000000000000000000000000000000000000000000 7 0
22054	72.782	0.000	( 0 )	111001101000010110110101101011111111100100010111110101110111111101111001011011110111011100000000000000000000000000000000000000000000000000000000000000000000000000000000000000000000 12 0
22053	73.894	0.000	( 0 )	111001101100010110110101101011111111100100010111110101110111111101111001011011110111011100000000000000000000000000000000000000000000000000000000000000000000000000000000000000000000 1 0
22448	81.735	0.000	( 0 )	111001101100010110111111101111111111100100010111110111110111111101111101011111110111011110000000000000000000000000000000000000000000000000000000000000000000000000000000000000000000 7 0
22449	81.735	0.000	( 0 )	111001101100010110111111101111111111100100010111110111110111111101111101011111110111011110000000000000000000000000000000000000000000000000000000000000000000000000000000000000000000 0 0
22058	82.846	0.000	( 0 )	111001101101010110111111101111111111100100010111110111110111111101111101011111110111011110000000000000000000000000000000000000000000000000000000000000000000000000000000000000000000 1 0
22062	82.846	0.000	( 0 )	111001101101010110111111101111111111100100010111110111110111111101111101011111110111011110000000000000000000000000000000000000000000000000000000000000000000000000000000000000000000 0 0
22065	82.846	0.000	( 0 )	111001101101010110111111101111111111100100010111110111110111111101111101011111110111011110000000000000000000000000000000000000000000000000000000000000000000000000000000000000000000 0 0
22063	82.846	0.000	( 0 )	111001101101010110111111101111111111100100010111110111110111111101111101011111110111011110000000000000000000000000000000000000000000000000000000000000000000000000000000000000000000 0 0
22059	82.846	0.000	( 0 )	111001101101010110111111101111111111100100010111110111110111111101111101011111110111011110000000000000000000000000000000000000000000000000000000000000000000000000000000000000000000 0 0
22064	82.846	0.000	( 0 )	111001101101010110111111101111111111100100010111110111110111111101111101011111110111011110000000000000000000000000000000000000000000000000000000000000000000000000000000000000000000 0 0
22065	82.846	0.000	( 0 )	111001101101010110111111101111111111100100010111110111110111111101111101011111110111011110000000000000000000000000000000000000000000000000000000000000000000000000000000000000000000 0 0
22268	83.958	0.000	( 0 )	111001101101010110111111101111111111100100010111110111100111111101111101011111110111011110000000000000000000000000000000000000000000000000000000000000000000000000000000000000000000 1 0
22281	94.094	0.000	( 0 )	111000100101010110011111101111111111100000010111110111100111111111111101011110111111111111000000000000000000000000000000000000000000000000000000000000000000000000000000000000000000 9 0
