#java OrderMarkers2 data=- evaluateOrder=reordermarkers/iterations/ordered.25.10 useKosambi=1 numThreads=4 calculateIntervals=intervals/ordered.25.intervals randSeed=1966542961942061870
Loading file
No grandparents present in family V
Number of individuals = 92
Number of families = 1
File loaded with 42521 SNPs
Number of individuals = 92 excluding grandparents
Number of families = 1
Number of markers = 91
Setting dataScale to 0.989010989010989 all likelihoods will be multiplied by 1.011111111111111
Initial score = -1423.7424834155415
Iteration 1 of 6
884884288488421 done
Polishing map...
score = -1419.3004584960672
*score = -1323.0198220005484
score = -1323.0198220005484
*score = -1321.1124359311448
Iteration 2 of 6
884884288488421 done
Polishing map...
score = -1350.8690694076859
*score = -1269.106193892101
score = -1260.9841996302534
*score = -1260.9841996302534
Iteration 3 of 6
884884288488421 done
Polishing map...
score = -1431.6601138118374
score = -1321.1124359311448
score = -1321.1124359311448
score = -1321.1124359311448
Iteration 4 of 6
884884288488421 done
Polishing map...
score = -1324.7423375106127
score = -1299.1643992653342
score = -1297.2570131959305
score = -1297.2570131959305
Iteration 5 of 6
884884288488421 done
Polishing map...
score = -1507.1783021608394
score = -1441.3525734646169
score = -1290.5476221958197
score = -1260.9841996302534
Iteration 6 of 6
884884288488421 done
Polishing map...
score = -1371.5632780296648
score = -1260.9841996302534
score = -1260.9841996302534
score = -1260.9841996302534
Final score = -1260.9841996302534
Setting dataScale to 0.989010989010989 all likelihoods will be multiplied by 1.011111111111111
logL = -1260.9841996302534
number of recombinations = 74.0 logL = -1260.9841996302534
Individual	V	P14459_101_S1	recombines	1	times
Individual	V	P14459_107_S7	recombines	1	times
Individual	V	P14459_108_S8	recombines	1	times
Individual	V	P14459_109_S9	recombines	2	times
Individual	V	P14459_111_S11	recombines	1	times
Individual	V	P14459_112_S12	recombines	2	times
Individual	V	P14459_114_S14	recombines	1	times
Individual	V	P14459_116_S16	recombines	3	times
Individual	V	P14459_117_S17	recombines	2	times
Individual	V	P14459_118_S18	recombines	1	times
Individual	V	P14459_119_S19	recombines	2	times
Individual	V	P14459_120_S20	recombines	1	times
Individual	V	P14459_122_S22	recombines	1	times
Individual	V	P14459_123_S23	recombines	1	times
Individual	V	P14459_126_S26	recombines	1	times
Individual	V	P14459_128_S28	recombines	1	times
Individual	V	P14459_129_S29	recombines	1	times
Individual	V	P14459_131_S31	recombines	2	times
Individual	V	P14459_135_S35	recombines	2	times
Individual	V	P14459_137_S37	recombines	1	times
Individual	V	P14459_138_S38	recombines	1	times
Individual	V	P14459_140_S40	recombines	1	times
Individual	V	P14459_141_S41	recombines	2	times
Individual	V	P14459_144_S44	recombines	1	times
Individual	V	P14459_145_S45	recombines	1	times
Individual	V	P14459_146_S46	recombines	1	times
Individual	V	P14459_147_S47	recombines	1	times
Individual	V	P14459_149_S49	recombines	1	times
Individual	V	P14459_152_S52	recombines	1	times
Individual	V	P14459_154_S54	recombines	3	times
Individual	V	P14459_155_S55	recombines	1	times
Individual	V	P14459_156_S56	recombines	1	times
Individual	V	P14459_158_S58	recombines	2	times
Individual	V	P14459_159_S59	recombines	2	times
Individual	V	P14459_163_S63	recombines	1	times
Individual	V	P14459_164_S64	recombines	2	times
Individual	V	P14459_166_S66	recombines	1	times
Individual	V	P14459_167_S67	recombines	1	times
Individual	V	P14459_168_S68	recombines	1	times
Individual	V	P14459_170_S70	recombines	1	times
Individual	V	P14459_171_S71	recombines	1	times
Individual	V	P14459_173_S73	recombines	1	times
Individual	V	P14459_176_S76	recombines	1	times
Individual	V	P14459_177_S77	recombines	1	times
Individual	V	P14459_178_S78	recombines	1	times
Individual	V	P14459_179_S79	recombines	2	times
Individual	V	P14459_181_S81	recombines	1	times
Individual	V	P14459_182_S82	recombines	1	times
Individual	V	P14459_185_S85	recombines	1	times
Individual	V	P14459_186_S86	recombines	1	times
Individual	V	P14459_187_S87	recombines	1	times
Individual	V	P14459_188_S88	recombines	1	times
Individual	V	P14459_189_S89	recombines	1	times
Individual	V	P14459_190_S90	recombines	2	times
Individual	V	P14459_193_S93	recombines	2	times
Individual	V	P14459_194_S94	recombines	2	times
#*** LG = 0 likelihood = -1260.9842
#marker_number	male_position	female_position	( 0.0 )[	phased data]
35700	0.000	0.000	( 0 )	101011110111100100111101101111111101101111111010101101011111101101011001111111101111100101000000000000000000000000000000000000000000000000000000000000000000000000000000000000000000 0 0
35698	0.000	0.000	( 0 )	101011110111100100111101101111111101101111111010101101011111101101011001111111101111100101000000000000000000000000000000000000000000000000000000000000000000000000000000000000000000 0 0
35701	0.000	0.000	( 0 )	101011110111100100111101101111111101101111111010101101011111101101011001111111101111100101000000000000000000000000000000000000000000000000000000000000000000000000000000000000000000 0 0
35699	0.000	0.000	( 0 )	101011110111100100111101101111111101101111111010101101011111101101011001111111101111100101000000000000000000000000000000000000000000000000000000000000000000000000000000000000000000 0 0
35878	5.579	0.000	( 0 )	101011100111101100111101001111111101101111111010101101011110101101011000111111101111100101000000000000000000000000000000000000000000000000000000000000000000000000000000000000000000 5 0
35883	6.690	0.000	( 0 )	101011100111101000111101001111111101101111111010101101011110101101011000111111101111100101000000000000000000000000000000000000000000000000000000000000000000000000000000000000000000 1 0
35931	11.146	0.000	( 0 )	101011100111101000111101001111111101100111111010001101011110101100011000111111101111000101000000000000000000000000000000000000000000000000000000000000000000000000000000000000000000 4 0
35356	24.810	0.000	( 0 )	101011100111101001111101001110110101100111111010001101101110000100011000001011101111000011000000000000000000000000000000000000000000000000000000000000000000000000000000000000000000 12 0
35389	25.921	0.000	( 0 )	101011100111101001111101001110110101100111111010000101101110000100011000001011101111000011000000000000000000000000000000000000000000000000000000000000000000000000000000000000000000 1 0
35406	25.921	0.000	( 0 )	101011100111101001111101001110110101100111111010000101101110000100011000001011101111000011000000000000000000000000000000000000000000000000000000000000000000000000000000000000000000 0 0
35396	25.921	0.000	( 0 )	101011100111101001111101001110110101100111111010000101101110000100011000001011101111000011000000000000000000000000000000000000000000000000000000000000000000000000000000000000000000 0 0
35387	25.921	0.000	( 0 )	101011100111101001111101001110110101100111111010000101101110000100011000001011101111000011000000000000000000000000000000000000000000000000000000000000000000000000000000000000000000 0 0
35399	25.921	0.000	( 0 )	101011100111101001111101001110110101100111111010000101101110000100011000001011101111000011000000000000000000000000000000000000000000000000000000000000000000000000000000000000000000 0 0
35404	25.921	0.000	( 0 )	101011100111101001111101001110110101100111111010000101101110000100011000001011101111000011000000000000000000000000000000000000000000000000000000000000000000000000000000000000000000 0 0
35395	25.921	0.000	( 0 )	101011100111101001111101001110110101100111111010000101101110000100011000001011101111000011000000000000000000000000000000000000000000000000000000000000000000000000000000000000000000 0 0
35407	25.921	0.000	( 0 )	101011100111101001111101001110110101100111111010000101101110000100011000001011101111000011000000000000000000000000000000000000000000000000000000000000000000000000000000000000000000 0 0
35437	27.032	0.000	( 0 )	101011100111101001111101001110110101100111111010000101001110000100011000001011101111000011000000000000000000000000000000000000000000000000000000000000000000000000000000000000000000 1 0
35472	27.032	0.000	( 0 )	101011100111101001111101001110110101100111111010000101001110000100011000001011101111000011000000000000000000000000000000000000000000000000000000000000000000000000000000000000000000 0 0
35471	27.032	0.000	( 0 )	101011100111101001111101001110110101100111111010000101001110000100011000001011101111000011000000000000000000000000000000000000000000000000000000000000000000000000000000000000000000 0 0
35543	30.371	0.000	( 0 )	101010100111101000111101001110110101100111111010000101001110000100011000001011101111000001000000000000000000000000000000000000000000000000000000000000000000000000000000000000000000 3 0
35544	30.371	0.000	( 0 )	101010100111101000111101001110110101100111111010000101001110000100011000001011101111000001000000000000000000000000000000000000000000000000000000000000000000000000000000000000000000 0 0
35562	30.371	0.000	( 0 )	101010100111101000111101001110110101100111111010000101001110000100011000001011101111000001000000000000000000000000000000000000000000000000000000000000000000000000000000000000000000 0 0
35539	31.482	0.000	( 0 )	101010100111101000111101001110110101100111111010000101001110000100011000011011101111000001000000000000000000000000000000000000000000000000000000000000000000000000000000000000000000 1 0
35551	31.482	0.000	( 0 )	101010100111101000111101001110110101100111111010000101001110000100011000011011101111000001000000000000000000000000000000000000000000000000000000000000000000000000000000000000000000 0 0
35545	31.482	0.000	( 0 )	101010100111101000111101001110110101100111111010000101001110000100011000011011101111000001000000000000000000000000000000000000000000000000000000000000000000000000000000000000000000 0 0
35635	33.706	0.000	( 0 )	101010100111100000111101001110110101100111111010001101001110000100011000011011101111000001000000000000000000000000000000000000000000000000000000000000000000000000000000000000000000 2 0
35630	33.706	0.000	( 0 )	101010100111100000111101001110110101100111111010001101001110000100011000011011101111000001000000000000000000000000000000000000000000000000000000000000000000000000000000000000000000 0 0
35631	33.706	0.000	( 0 )	101010100111100000111101001110110101100111111010001101001110000100011000011011101111000001000000000000000000000000000000000000000000000000000000000000000000000000000000000000000000 0 0
35632	33.706	0.000	( 0 )	101010100111100000111101001110110101100111111010001101001110000100011000011011101111000001000000000000000000000000000000000000000000000000000000000000000000000000000000000000000000 0 0
35634	33.706	0.000	( 0 )	101010100111100000111101001110110101100111111010001101001110000100011000011011101111000001000000000000000000000000000000000000000000000000000000000000000000000000000000000000000000 0 0
35633	33.706	0.000	( 0 )	101010100111100000111101001110110101100111111010001101001110000100011000011011101111000001000000000000000000000000000000000000000000000000000000000000000000000000000000000000000000 0 0
35629	33.706	0.000	( 0 )	101010100111100000111101001110110101100111111010001101001110000100011000011011101111000001000000000000000000000000000000000000000000000000000000000000000000000000000000000000000000 0 0
35636	33.706	0.000	( 0 )	101010100111100000111101001110110101100111111010001101001110000100011000011011101111000001000000000000000000000000000000000000000000000000000000000000000000000000000000000000000000 0 0
35684	35.929	0.000	( 0 )	101010100111100000111101001110111101100111111010000101001110000100011000011011101111000001000000000000000000000000000000000000000000000000000000000000000000000000000000000000000000 2 0
35668	35.929	0.000	( 0 )	101010100111100000111101001110111101100111111010000101001110000100011000011011101111000001000000000000000000000000000000000000000000000000000000000000000000000000000000000000000000 0 0
35669	35.929	0.000	( 0 )	101010100111100000111101001110111101100111111010000101001110000100011000011011101111000001000000000000000000000000000000000000000000000000000000000000000000000000000000000000000000 0 0
35664	35.929	0.000	( 0 )	101010100111100000111101001110111101100111111010000101001110000100011000011011101111000001000000000000000000000000000000000000000000000000000000000000000000000000000000000000000000 0 0
35680	35.929	0.000	( 0 )	101010100111100000111101001110111101100111111010000101001110000100011000011011101111000001000000000000000000000000000000000000000000000000000000000000000000000000000000000000000000 0 0
35666	35.929	0.000	( 0 )	101010100111100000111101001110111101100111111010000101001110000100011000011011101111000001000000000000000000000000000000000000000000000000000000000000000000000000000000000000000000 0 0
35753	37.041	0.000	( 0 )	101010100111100000111101001110111101100111111010000101001110000100011000011011101111000101000000000000000000000000000000000000000000000000000000000000000000000000000000000000000000 1 0
35758	37.041	0.000	( 0 )	101010100111100000111101001110111101100111111010000101001110000100011000011011101111000101000000000000000000000000000000000000000000000000000000000000000000000000000000000000000000 0 0
35696	37.041	0.000	( 0 )	101010100111100000111101001110111101100111111010000101001110000100011000011011101111000101000000000000000000000000000000000000000000000000000000000000000000000000000000000000000000 0 0
35693	37.041	0.000	( 0 )	101010100111100000111101001110111101100111111010000101001110000100011000011011101111000101000000000000000000000000000000000000000000000000000000000000000000000000000000000000000000 0 0
35752	37.041	0.000	( 0 )	101010100111100000111101001110111101100111111010000101001110000100011000011011101111000101000000000000000000000000000000000000000000000000000000000000000000000000000000000000000000 0 0
35691	37.041	0.000	( 0 )	101010100111100000111101001110111101100111111010000101001110000100011000011011101111000101000000000000000000000000000000000000000000000000000000000000000000000000000000000000000000 0 0
35695	37.041	0.000	( 0 )	101010100111100000111101001110111101100111111010000101001110000100011000011011101111000101000000000000000000000000000000000000000000000000000000000000000000000000000000000000000000 0 0
35740	37.041	0.000	( 0 )	101010100111100000111101001110111101100111111010000101001110000100011000011011101111000101000000000000000000000000000000000000000000000000000000000000000000000000000000000000000000 0 0
35694	38.152	0.000	( 0 )	101010100111100000111101001110111101100111111010000101001110000100010000011011101111000101000000000000000000000000000000000000000000000000000000000000000000000000000000000000000000 1 0
35692	38.152	0.000	( 0 )	101010100111100000111101001110111101100111111010000101001110000100010000011011101111000101000000000000000000000000000000000000000000000000000000000000000000000000000000000000000000 0 0
35857	43.730	0.000	( 0 )	101010100111000000111101000110111101100101111010000101001110110100010000011011101111000101000000000000000000000000000000000000000000000000000000000000000000000000000000000000000000 5 0
35855	43.730	0.000	( 0 )	101010100111000000111101000110111101100101111010000101001110110100010000011011101111000101000000000000000000000000000000000000000000000000000000000000000000000000000000000000000000 0 0
35854	43.730	0.000	( 0 )	101010100111000000111101000110111101100101111010000101001110110100010000011011101111000101000000000000000000000000000000000000000000000000000000000000000000000000000000000000000000 0 0
35851	43.730	0.000	( 0 )	101010100111000000111101000110111101100101111010000101001110110100010000011011101111000101000000000000000000000000000000000000000000000000000000000000000000000000000000000000000000 0 0
35822	43.730	0.000	( 0 )	101010100111000000111101000110111101100101111010000101001110110100010000011011101111000101000000000000000000000000000000000000000000000000000000000000000000000000000000000000000000 0 0
35865	47.069	0.000	( 0 )	001010100111000000111101000110111101100101111010000101001110110100010000011011101010000101000000000000000000000000000000000000000000000000000000000000000000000000000000000000000000 3 0
35864	47.069	0.000	( 0 )	001010100111000000111101000110111101100101111010000101001110110100010000011011101010000101000000000000000000000000000000000000000000000000000000000000000000000000000000000000000000 0 0
35888	47.069	0.000	( 0 )	001010100111000000111101000110111101100101111010000101001110110100010000011011101010000101000000000000000000000000000000000000000000000000000000000000000000000000000000000000000000 0 0
35890	47.069	0.000	( 0 )	001010100111000000111101000110111101100101111010000101001110110100010000011011101010000101000000000000000000000000000000000000000000000000000000000000000000000000000000000000000000 0 0
35875	47.069	0.000	( 0 )	001010100111000000111101000110111101100101111010000101001110110100010000011011101010000101000000000000000000000000000000000000000000000000000000000000000000000000000000000000000000 0 0
35968	50.407	0.000	( 0 )	001010100101000000111101000110111101100101101010000101001110110100010000011001101010000101000000000000000000000000000000000000000000000000000000000000000000000000000000000000000000 3 0
35972	50.407	0.000	( 0 )	001010100101000000111101000110111101100101101010000101001110110100010000011001101010000101000000000000000000000000000000000000000000000000000000000000000000000000000000000000000000 0 0
35970	50.407	0.000	( 0 )	001010100101000000111101000110111101100101101010000101001110110100010000011001101010000101000000000000000000000000000000000000000000000000000000000000000000000000000000000000000000 0 0
35975	50.407	0.000	( 0 )	001010100101000000111101000110111101100101101010000101001110110100010000011001101010000101000000000000000000000000000000000000000000000000000000000000000000000000000000000000000000 0 0
35903	51.518	0.000	( 0 )	001010100111000000111101000110111101100101101010000101001110110100010000011001101010000101000000000000000000000000000000000000000000000000000000000000000000000000000000000000000000 1 0
35922	51.518	0.000	( 0 )	001010100111000000111101000110111101100101101010000101001110110100010000011001101010000101000000000000000000000000000000000000000000000000000000000000000000000000000000000000000000 0 0
35932	51.518	0.000	( 0 )	001010100111000000111101000110111101100101101010000101001110110100010000011001101010000101000000000000000000000000000000000000000000000000000000000000000000000000000000000000000000 0 0
35923	51.518	0.000	( 0 )	001010100111000000111101000110111101100101101010000101001110110100010000011001101010000101000000000000000000000000000000000000000000000000000000000000000000000000000000000000000000 0 0
35902	51.518	0.000	( 0 )	001010100111000000111101000110111101100101101010000101001110110100010000011001101010000101000000000000000000000000000000000000000000000000000000000000000000000000000000000000000000 0 0
36040	54.857	0.000	( 0 )	001010100111000000111101000010111100110101101010000101001110110100010000011001101010000101000000000000000000000000000000000000000000000000000000000000000000000000000000000000000000 3 0
36005	54.857	0.000	( 0 )	001010100111000000111101000010111100110101101010000101001110110100010000011001101010000101000000000000000000000000000000000000000000000000000000000000000000000000000000000000000000 0 0
36004	54.857	0.000	( 0 )	001010100111000000111101000010111100110101101010000101001110110100010000011001101010000101000000000000000000000000000000000000000000000000000000000000000000000000000000000000000000 0 0
37501	61.563	0.000	( 0 )	001010100111000100111101000011111100111101101110000101001110110100110000011001101010100101000000000000000000000000000000000000000000000000000000000000000000000000000000000000000000 6 0
36101	64.901	0.000	( 0 )	001010100011000100111101000011111100111101101110000101011110110100110000011001101000100101000000000000000000000000000000000000000000000000000000000000000000000000000000000000000000 3 0
36107	64.901	0.000	( 0 )	001010100011000100111101000011111100111101101110000101011110110100110000011001101000100101000000000000000000000000000000000000000000000000000000000000000000000000000000000000000000 0 0
36102	64.901	0.000	( 0 )	001010100011000100111101000011111100111101101110000101011110110100110000011001101000100101000000000000000000000000000000000000000000000000000000000000000000000000000000000000000000 0 0
36163	73.886	0.000	( 0 )	001010100011000110011001000011111110111101101110000001011110110000110010011001111000100101000000000000000000000000000000000000000000000000000000000000000000000000000000000000000000 8 0
36159	73.886	0.000	( 0 )	001010100011000110011001000011111110111101101110000001011110110000110010011001111000100101000000000000000000000000000000000000000000000000000000000000000000000000000000000000000000 0 0
36158	73.886	0.000	( 0 )	001010100011000110011001000011111110111101101110000001011110110000110010011001111000100101000000000000000000000000000000000000000000000000000000000000000000000000000000000000000000 0 0
36183	78.342	0.000	( 0 )	001010000011000110010001000011111110111100001110000001011110110000110010011001111000100101000000000000000000000000000000000000000000000000000000000000000000000000000000000000000000 4 0
36189	79.453	0.000	( 0 )	001010000011000110010001000011111110111100001110000001011110110000110010011001110000100101000000000000000000000000000000000000000000000000000000000000000000000000000000000000000000 1 0
36236	81.677	0.000	( 0 )	001010010011001110010001000011111110111100001110000001011110110000110010011001110000100101000000000000000000000000000000000000000000000000000000000000000000000000000000000000000000 2 0
36298	82.788	0.000	( 0 )	001010010011001110010001000011111110111100001110000011011110110000110010011001110000100101000000000000000000000000000000000000000000000000000000000000000000000000000000000000000000 1 0
36296	82.788	0.000	( 0 )	001010010011001110010001000011111110111100001110000011011110110000110010011001110000100101000000000000000000000000000000000000000000000000000000000000000000000000000000000000000000 0 0
36293	82.788	0.000	( 0 )	001010010011001110010001000011111110111100001110000011011110110000110010011001110000100101000000000000000000000000000000000000000000000000000000000000000000000000000000000000000000 0 0
36297	82.788	0.000	( 0 )	001010010011001110010001000011111110111100001110000011011110110000110010011001110000100101000000000000000000000000000000000000000000000000000000000000000000000000000000000000000000 0 0
36299	82.788	0.000	( 0 )	001010010011001110010001000011111110111100001110000011011110110000110010011001110000100101000000000000000000000000000000000000000000000000000000000000000000000000000000000000000000 0 0
36303	82.788	0.000	( 0 )	001010010011001110010001000011111110111100001110000011011110110000110010011001110000100101000000000000000000000000000000000000000000000000000000000000000000000000000000000000000000 0 0
36294	82.788	0.000	( 0 )	001010010011001110010001000011111110111100001110000011011110110000110010011001110000100101000000000000000000000000000000000000000000000000000000000000000000000000000000000000000000 0 0
36299	82.788	0.000	( 0 )	001010010011001110010001000011111110111100001110000011011110110000110010011001110000100101000000000000000000000000000000000000000000000000000000000000000000000000000000000000000000 0 0
36295	82.788	0.000	( 0 )	001010010011001110010001000011111110111100001110000011011110110000110010011001110000100101000000000000000000000000000000000000000000000000000000000000000000000000000000000000000000 0 0
36301	82.788	0.000	( 0 )	001010010011001110010001000011111110111100001110000011011110110000110010011001110000100101000000000000000000000000000000000000000000000000000000000000000000000000000000000000000000 0 0
