#java OrderMarkers2 data=- evaluateOrder=reordermarkers/iterations/ordered.8.5 useKosambi=1 numThreads=4 calculateIntervals=intervals/ordered.8.intervals randSeed=5833844807308143860
Loading file
No grandparents present in family V
Number of individuals = 92
Number of families = 1
File loaded with 42521 SNPs
Number of individuals = 92 excluding grandparents
Number of families = 1
Number of markers = 241
Setting dataScale to 0.37344398340248963 all likelihoods will be multiplied by 2.6777777777777776
Initial score = -2978.6204814747634
Iteration 1 of 6
884884288488421 done
Polishing map...
score = -2904.2676993195005
*score = -2901.770353259367
score = -2899.127428473753
*score = -2899.127428473753
Iteration 2 of 6
884884288488421 done
Polishing map...
score = -2919.917405623574
score = -2900.8346853273333
score = -2897.4989469664515
*score = -2897.4989469664515
Iteration 3 of 6
884884288488421 done
Polishing map...
score = -2904.5162096932704
score = -2902.0188636331372
score = -2899.3759388475232
score = -2899.3759388475232
Iteration 4 of 6
884884288488421 done
Polishing map...
score = -2911.444345803576
score = -2904.790118172627
score = -2899.3759388475232
score = -2899.3759388475232
Iteration 5 of 6
884884288488421 done
Polishing map...
score = -2981.469532267912
score = -2972.6204533948844
score = -2899.3759388475232
score = -2899.3759388475232
Iteration 6 of 6
884884288488421 done
Polishing map...
score = -2904.272631736117
score = -2901.775285675984
score = -2909.1223267629916
score = -2904.546539977055
Final score = -2897.4989469664515
Setting dataScale to 0.37344398340248963 all likelihoods will be multiplied by 2.6777777777777776
logL = -2897.4989469664515
number of recombinations = 66.0 logL = -2897.4989469664515
Individual	V	P14459_103_S3	recombines	1	times
Individual	V	P14459_104_S4	recombines	1	times
Individual	V	P14459_105_S5	recombines	1	times
Individual	V	P14459_107_S7	recombines	1	times
Individual	V	P14459_109_S9	recombines	1	times
Individual	V	P14459_111_S11	recombines	1	times
Individual	V	P14459_112_S12	recombines	1	times
Individual	V	P14459_113_S13	recombines	1	times
Individual	V	P14459_115_S15	recombines	1	times
Individual	V	P14459_116_S16	recombines	1	times
Individual	V	P14459_119_S19	recombines	1	times
Individual	V	P14459_122_S22	recombines	1	times
Individual	V	P14459_123_S23	recombines	1	times
Individual	V	P14459_124_S24	recombines	2	times
Individual	V	P14459_125_S25	recombines	1	times
Individual	V	P14459_127_S27	recombines	2	times
Individual	V	P14459_128_S28	recombines	2	times
Individual	V	P14459_132_S32	recombines	1	times
Individual	V	P14459_135_S35	recombines	1	times
Individual	V	P14459_136_S36	recombines	1	times
Individual	V	P14459_138_S38	recombines	1	times
Individual	V	P14459_139_S39	recombines	1	times
Individual	V	P14459_140_S40	recombines	1	times
Individual	V	P14459_142_S42	recombines	1	times
Individual	V	P14459_145_S45	recombines	1	times
Individual	V	P14459_146_S46	recombines	3	times
Individual	V	P14459_147_S47	recombines	1	times
Individual	V	P14459_148_S48	recombines	1	times
Individual	V	P14459_149_S49	recombines	1	times
Individual	V	P14459_150_S50	recombines	1	times
Individual	V	P14459_151_S51	recombines	1	times
Individual	V	P14459_154_S54	recombines	1	times
Individual	V	P14459_155_S55	recombines	1	times
Individual	V	P14459_156_S56	recombines	2	times
Individual	V	P14459_157_S57	recombines	1	times
Individual	V	P14459_158_S58	recombines	1	times
Individual	V	P14459_159_S59	recombines	1	times
Individual	V	P14459_160_S60	recombines	1	times
Individual	V	P14459_162_S62	recombines	1	times
Individual	V	P14459_163_S63	recombines	1	times
Individual	V	P14459_169_S69	recombines	1	times
Individual	V	P14459_170_S70	recombines	1	times
Individual	V	P14459_171_S71	recombines	1	times
Individual	V	P14459_172_S72	recombines	1	times
Individual	V	P14459_173_S73	recombines	1	times
Individual	V	P14459_176_S76	recombines	1	times
Individual	V	P14459_177_S77	recombines	1	times
Individual	V	P14459_178_S78	recombines	1	times
Individual	V	P14459_180_S80	recombines	1	times
Individual	V	P14459_181_S81	recombines	1	times
Individual	V	P14459_182_S82	recombines	1	times
Individual	V	P14459_184_S84	recombines	2	times
Individual	V	P14459_186_S86	recombines	1	times
Individual	V	P14459_187_S87	recombines	1	times
Individual	V	P14459_189_S89	recombines	1	times
Individual	V	P14459_190_S90	recombines	1	times
Individual	V	P14459_191_S91	recombines	1	times
Individual	V	P14459_192_S92	recombines	1	times
Individual	V	P14459_195_S95	recombines	1	times
#*** LG = 0 likelihood = -2897.4989
#marker_number	male_position	female_position	( 0.0 )[	phased data]
18292	0.000	0.000	( 0 )	001100000100000100010011111100101010001111001000011001000000011000001000001000010101000001000000000000000000000000000000000000000000000000000000000000000000000000000000000000000000 0 0
18286	0.000	0.000	( 0 )	001100000100000100010011111100101010001111001000011001000000011000001000001000010101000001000000000000000000000000000000000000000000000000000000000000000000000000000000000000000000 0 0
18287	0.000	0.000	( 0 )	001100000100000100010011111100101010001111001000011001000000011000001000001000010101000001000000000000000000000000000000000000000000000000000000000000000000000000000000000000000000 0 0
18289	0.000	0.000	( 0 )	001100000100000100010011111100101010001111001000011001000000011000001000001000010101000001000000000000000000000000000000000000000000000000000000000000000000000000000000000000000000 0 0
18238	6.707	0.000	( 0 )	001101000100000100010011111100101010011111001000011001000001011001001010001010010101000001000000000000000000000000000000000000000000000000000000000000000000000000000000000000000000 6 0
18231	6.707	0.000	( 0 )	001101000100000100010011111100101010011111001000011001000001011001001010001010010101000001000000000000000000000000000000000000000000000000000000000000000000000000000000000000000000 0 0
18274	6.707	0.000	( 0 )	001101000100000100010011111100101010011111001000011001000001011001001010001010010101000001000000000000000000000000000000000000000000000000000000000000000000000000000000000000000000 0 0
18265	6.707	0.000	( 0 )	001101000100000100010011111100101010011111001000011001000001011001001010001010010101000001000000000000000000000000000000000000000000000000000000000000000000000000000000000000000000 0 0
18232	6.707	0.000	( 0 )	001101000100000100010011111100101010011111001000011001000001011001001010001010010101000001000000000000000000000000000000000000000000000000000000000000000000000000000000000000000000 0 0
18239	6.707	0.000	( 0 )	001101000100000100010011111100101010011111001000011001000001011001001010001010010101000001000000000000000000000000000000000000000000000000000000000000000000000000000000000000000000 0 0
18229	6.707	0.000	( 0 )	001101000100000100010011111100101010011111001000011001000001011001001010001010010101000001000000000000000000000000000000000000000000000000000000000000000000000000000000000000000000 0 0
18266	6.707	0.000	( 0 )	001101000100000100010011111100101010011111001000011001000001011001001010001010010101000001000000000000000000000000000000000000000000000000000000000000000000000000000000000000000000 0 0
18366	8.930	0.000	( 0 )	001101000100000100010011101100101010011111001000011011000001011001001010001010010101000001000000000000000000000000000000000000000000000000000000000000000000000000000000000000000000 2 0
18364	8.930	0.000	( 0 )	001101000100000100010011101100101010011111001000011011000001011001001010001010010101000001000000000000000000000000000000000000000000000000000000000000000000000000000000000000000000 0 0
18365	8.930	0.000	( 0 )	001101000100000100010011101100101010011111001000011011000001011001001010001010010101000001000000000000000000000000000000000000000000000000000000000000000000000000000000000000000000 0 0
18390	10.042	0.000	( 0 )	001101000110000100010011101100101010011111001000011011000001011001001010001010010101000001000000000000000000000000000000000000000000000000000000000000000000000000000000000000000000 1 0
18368	10.042	0.000	( 0 )	001101000110000100010011101100101010011111001000011011000001011001001010001010010101000001000000000000000000000000000000000000000000000000000000000000000000000000000000000000000000 0 0
18367	10.042	0.000	( 0 )	001101000110000100010011101100101010011111001000011011000001011001001010001010010101000001000000000000000000000000000000000000000000000000000000000000000000000000000000000000000000 0 0
18387	10.042	0.000	( 0 )	001101000110000100010011101100101010011111001000011011000001011001001010001010010101000001000000000000000000000000000000000000000000000000000000000000000000000000000000000000000000 0 0
18370	10.042	0.000	( 0 )	001101000110000100010011101100101010011111001000011011000001011001001010001010010101000001000000000000000000000000000000000000000000000000000000000000000000000000000000000000000000 0 0
18375	10.042	0.000	( 0 )	001101000110000100010011101100101010011111001000011011000001011001001010001010010101000001000000000000000000000000000000000000000000000000000000000000000000000000000000000000000000 0 0
18389	10.042	0.000	( 0 )	001101000110000100010011101100101010011111001000011011000001011001001010001010010101000001000000000000000000000000000000000000000000000000000000000000000000000000000000000000000000 0 0
18391	10.042	0.000	( 0 )	001101000110000100010011101100101010011111001000011011000001011001001010001010010101000001000000000000000000000000000000000000000000000000000000000000000000000000000000000000000000 0 0
18392	10.042	0.000	( 0 )	001101000110000100010011101100101010011111001000011011000001011001001010001010010101000001000000000000000000000000000000000000000000000000000000000000000000000000000000000000000000 0 0
18369	10.042	0.000	( 0 )	001101000110000100010011101100101010011111001000011011000001011001001010001010010101000001000000000000000000000000000000000000000000000000000000000000000000000000000000000000000000 0 0
18388	10.042	0.000	( 0 )	001101000110000100010011101100101010011111001000011011000001011001001010001010010101000001000000000000000000000000000000000000000000000000000000000000000000000000000000000000000000 0 0
18315	12.265	0.000	( 0 )	001101000110000100010011111100101010011111001000011001000001011001001010001010010101000001000000000000000000000000000000000000000000000000000000000000000000000000000000000000000000 2 0
18268	12.265	0.000	( 0 )	001101000110000100010011111100101010011111001000011001000001011001001010001010010101000001000000000000000000000000000000000000000000000000000000000000000000000000000000000000000000 0 0
18312	13.377	0.000	( 0 )	001101000110000100010011111100101010011111001000011001000001011001001010001110010101000001000000000000000000000000000000000000000000000000000000000000000000000000000000000000000000 1 0
18139	13.377	0.000	( 0 )	001101000110000100010011111100101010011111001000011001000001011001001010001110010101000001000000000000000000000000000000000000000000000000000000000000000000000000000000000000000000 0 0
18143	13.377	0.000	( 0 )	001101000110000100010011111100101010011111001000011001000001011001001010001110010101000001000000000000000000000000000000000000000000000000000000000000000000000000000000000000000000 0 0
18061	16.715	0.000	( 0 )	001101000111000100010011111100101010011111001000011001000001011001000010001110110101000001000000000000000000000000000000000000000000000000000000000000000000000000000000000000000000 3 0
18060	16.715	0.000	( 0 )	001101000111000100010011111100101010011111001000011001000001011001000010001110110101000001000000000000000000000000000000000000000000000000000000000000000000000000000000000000000000 0 0
18062	16.715	0.000	( 0 )	001101000111000100010011111100101010011111001000011001000001011001000010001110110101000001000000000000000000000000000000000000000000000000000000000000000000000000000000000000000000 0 0
18079	17.826	0.000	( 0 )	001101000111000100010011111100101010011111001000011001000001011001000010001110110100000001000000000000000000000000000000000000000000000000000000000000000000000000000000000000000000 1 0
18072	17.826	0.000	( 0 )	001101000111000100010011111100101010011111001000011001000001011001000010001110110100000001000000000000000000000000000000000000000000000000000000000000000000000000000000000000000000 0 0
18046	17.826	0.000	( 0 )	001101000111000100010011111100101010011111001000011001000001011001000010001110110100000001000000000000000000000000000000000000000000000000000000000000000000000000000000000000000000 0 0
18057	17.826	0.000	( 0 )	001101000111000100010011111100101010011111001000011001000001011001000010001110110100000001000000000000000000000000000000000000000000000000000000000000000000000000000000000000000000 0 0
18080	17.826	0.000	( 0 )	001101000111000100010011111100101010011111001000011001000001011001000010001110110100000001000000000000000000000000000000000000000000000000000000000000000000000000000000000000000000 0 0
18052	17.826	0.000	( 0 )	001101000111000100010011111100101010011111001000011001000001011001000010001110110100000001000000000000000000000000000000000000000000000000000000000000000000000000000000000000000000 0 0
18050	17.826	0.000	( 0 )	001101000111000100010011111100101010011111001000011001000001011001000010001110110100000001000000000000000000000000000000000000000000000000000000000000000000000000000000000000000000 0 0
18087	17.826	0.000	( 0 )	001101000111000100010011111100101010011111001000011001000001011001000010001110110100000001000000000000000000000000000000000000000000000000000000000000000000000000000000000000000000 0 0
18081	17.826	0.000	( 0 )	001101000111000100010011111100101010011111001000011001000001011001000010001110110100000001000000000000000000000000000000000000000000000000000000000000000000000000000000000000000000 0 0
18082	17.826	0.000	( 0 )	001101000111000100010011111100101010011111001000011001000001011001000010001110110100000001000000000000000000000000000000000000000000000000000000000000000000000000000000000000000000 0 0
18056	17.826	0.000	( 0 )	001101000111000100010011111100101010011111001000011001000001011001000010001110110100000001000000000000000000000000000000000000000000000000000000000000000000000000000000000000000000 0 0
18070	17.826	0.000	( 0 )	001101000111000100010011111100101010011111001000011001000001011001000010001110110100000001000000000000000000000000000000000000000000000000000000000000000000000000000000000000000000 0 0
18077	17.826	0.000	( 0 )	001101000111000100010011111100101010011111001000011001000001011001000010001110110100000001000000000000000000000000000000000000000000000000000000000000000000000000000000000000000000 0 0
18076	17.826	0.000	( 0 )	001101000111000100010011111100101010011111001000011001000001011001000010001110110100000001000000000000000000000000000000000000000000000000000000000000000000000000000000000000000000 0 0
18084	18.937	0.000	( 0 )	001101000111000100010011111100101010011111001000011001001001011001000010001110110100000001000000000000000000000000000000000000000000000000000000000000000000000000000000000000000000 1 0
17973	22.276	0.000	( 0 )	001101000111000100010011111100101010011110001100011001001001011001000010001110110000000001000000000000000000000000000000000000000000000000000000000000000000000000000000000000000000 3 0
17965	22.276	0.000	( 0 )	001101000111000100010011111100101010011110001100011001001001011001000010001110110000000001000000000000000000000000000000000000000000000000000000000000000000000000000000000000000000 0 0
17975	22.276	0.000	( 0 )	001101000111000100010011111100101010011110001100011001001001011001000010001110110000000001000000000000000000000000000000000000000000000000000000000000000000000000000000000000000000 0 0
17971	22.276	0.000	( 0 )	001101000111000100010011111100101010011110001100011001001001011001000010001110110000000001000000000000000000000000000000000000000000000000000000000000000000000000000000000000000000 0 0
17963	22.276	0.000	( 0 )	001101000111000100010011111100101010011110001100011001001001011001000010001110110000000001000000000000000000000000000000000000000000000000000000000000000000000000000000000000000000 0 0
17974	22.276	0.000	( 0 )	001101000111000100010011111100101010011110001100011001001001011001000010001110110000000001000000000000000000000000000000000000000000000000000000000000000000000000000000000000000000 0 0
17966	22.276	0.000	( 0 )	001101000111000100010011111100101010011110001100011001001001011001000010001110110000000001000000000000000000000000000000000000000000000000000000000000000000000000000000000000000000 0 0
17964	22.276	0.000	( 0 )	001101000111000100010011111100101010011110001100011001001001011001000010001110110000000001000000000000000000000000000000000000000000000000000000000000000000000000000000000000000000 0 0
17972	22.276	0.000	( 0 )	001101000111000100010011111100101010011110001100011001001001011001000010001110110000000001000000000000000000000000000000000000000000000000000000000000000000000000000000000000000000 0 0
17962	22.276	0.000	( 0 )	001101000111000100010011111100101010011110001100011001001001011001000010001110110000000001000000000000000000000000000000000000000000000000000000000000000000000000000000000000000000 0 0
17977	22.276	0.000	( 0 )	001101000111000100010011111100101010011110001100011001001001011001000010001110110000000001000000000000000000000000000000000000000000000000000000000000000000000000000000000000000000 0 0
17969	22.276	0.000	( 0 )	001101000111000100010011111100101010011110001100011001001001011001000010001110110000000001000000000000000000000000000000000000000000000000000000000000000000000000000000000000000000 0 0
17967	22.276	0.000	( 0 )	001101000111000100010011111100101010011110001100011001001001011001000010001110110000000001000000000000000000000000000000000000000000000000000000000000000000000000000000000000000000 0 0
17968	22.276	0.000	( 0 )	001101000111000100010011111100101010011110001100011001001001011001000010001110110000000001000000000000000000000000000000000000000000000000000000000000000000000000000000000000000000 0 0
17976	22.276	0.000	( 0 )	001101000111000100010011111100101010011110001100011001001001011001000010001110110000000001000000000000000000000000000000000000000000000000000000000000000000000000000000000000000000 0 0
17920	25.614	0.000	( 0 )	001101000111000100010010111100101010011110001110011001101001011001000010001110110000000001000000000000000000000000000000000000000000000000000000000000000000000000000000000000000000 3 0
17910	26.725	0.000	( 0 )	001101000111000100010010111100101010011010001110011001101001011001000010001110110000000001000000000000000000000000000000000000000000000000000000000000000000000000000000000000000000 1 0
17894	26.725	0.000	( 0 )	001101000111000100010010111100101010011010001110011001101001011001000010001110110000000001000000000000000000000000000000000000000000000000000000000000000000000000000000000000000000 0 0
17890	26.725	0.000	( 0 )	001101000111000100010010111100101010011010001110011001101001011001000010001110110000000001000000000000000000000000000000000000000000000000000000000000000000000000000000000000000000 0 0
17860	26.725	0.000	( 0 )	001101000111000100010010111100101010011010001110011001101001011001000010001110110000000001000000000000000000000000000000000000000000000000000000000000000000000000000000000000000000 0 0
17909	26.725	0.000	( 0 )	001101000111000100010010111100101010011010001110011001101001011001000010001110110000000001000000000000000000000000000000000000000000000000000000000000000000000000000000000000000000 0 0
17908	26.725	0.000	( 0 )	001101000111000100010010111100101010011010001110011001101001011001000010001110110000000001000000000000000000000000000000000000000000000000000000000000000000000000000000000000000000 0 0
17891	26.725	0.000	( 0 )	001101000111000100010010111100101010011010001110011001101001011001000010001110110000000001000000000000000000000000000000000000000000000000000000000000000000000000000000000000000000 0 0
17900	26.725	0.000	( 0 )	001101000111000100010010111100101010011010001110011001101001011001000010001110110000000001000000000000000000000000000000000000000000000000000000000000000000000000000000000000000000 0 0
17901	26.725	0.000	( 0 )	001101000111000100010010111100101010011010001110011001101001011001000010001110110000000001000000000000000000000000000000000000000000000000000000000000000000000000000000000000000000 0 0
17876	26.725	0.000	( 0 )	001101000111000100010010111100101010011010001110011001101001011001000010001110110000000001000000000000000000000000000000000000000000000000000000000000000000000000000000000000000000 0 0
17898	26.725	0.000	( 0 )	001101000111000100010010111100101010011010001110011001101001011001000010001110110000000001000000000000000000000000000000000000000000000000000000000000000000000000000000000000000000 0 0
17915	26.725	0.000	( 0 )	001101000111000100010010111100101010011010001110011001101001011001000010001110110000000001000000000000000000000000000000000000000000000000000000000000000000000000000000000000000000 0 0
17902	26.725	0.000	( 0 )	001101000111000100010010111100101010011010001110011001101001011001000010001110110000000001000000000000000000000000000000000000000000000000000000000000000000000000000000000000000000 0 0
17838	27.837	0.000	( 0 )	001101000111000100010010111100101010011010001110011001101001011001000010001110110000000000000000000000000000000000000000000000000000000000000000000000000000000000000000000000000000 1 0
17825	27.837	0.000	( 0 )	001101000111000100010010111100101010011010001110011001101001011001000010001110110000000000000000000000000000000000000000000000000000000000000000000000000000000000000000000000000000 0 0
17820	27.837	0.000	( 0 )	001101000111000100010010111100101010011010001110011001101001011001000010001110110000000000000000000000000000000000000000000000000000000000000000000000000000000000000000000000000000 0 0
17817	27.837	0.000	( 0 )	001101000111000100010010111100101010011010001110011001101001011001000010001110110000000000000000000000000000000000000000000000000000000000000000000000000000000000000000000000000000 0 0
17819	27.837	0.000	( 0 )	001101000111000100010010111100101010011010001110011001101001011001000010001110110000000000000000000000000000000000000000000000000000000000000000000000000000000000000000000000000000 0 0
17760	28.948	0.000	( 0 )	001101000111000100010010111100101010011010001110011001101001011001000010001110111000000000000000000000000000000000000000000000000000000000000000000000000000000000000000000000000000 1 0
17710	28.948	0.000	( 0 )	001101000111000100010010111100101010011010001110011001101001011001000010001110111000000000000000000000000000000000000000000000000000000000000000000000000000000000000000000000000000 0 0
17812	28.948	0.000	( 0 )	001101000111000100010010111100101010011010001110011001101001011001000010001110111000000000000000000000000000000000000000000000000000000000000000000000000000000000000000000000000000 0 0
17769	28.948	0.000	( 0 )	001101000111000100010010111100101010011010001110011001101001011001000010001110111000000000000000000000000000000000000000000000000000000000000000000000000000000000000000000000000000 0 0
17785	28.948	0.000	( 0 )	001101000111000100010010111100101010011010001110011001101001011001000010001110111000000000000000000000000000000000000000000000000000000000000000000000000000000000000000000000000000 0 0
17795	28.948	0.000	( 0 )	001101000111000100010010111100101010011010001110011001101001011001000010001110111000000000000000000000000000000000000000000000000000000000000000000000000000000000000000000000000000 0 0
17707	28.948	0.000	( 0 )	001101000111000100010010111100101010011010001110011001101001011001000010001110111000000000000000000000000000000000000000000000000000000000000000000000000000000000000000000000000000 0 0
17790	28.948	0.000	( 0 )	001101000111000100010010111100101010011010001110011001101001011001000010001110111000000000000000000000000000000000000000000000000000000000000000000000000000000000000000000000000000 0 0
17783	28.948	0.000	( 0 )	001101000111000100010010111100101010011010001110011001101001011001000010001110111000000000000000000000000000000000000000000000000000000000000000000000000000000000000000000000000000 0 0
17770	28.948	0.000	( 0 )	001101000111000100010010111100101010011010001110011001101001011001000010001110111000000000000000000000000000000000000000000000000000000000000000000000000000000000000000000000000000 0 0
17772	28.948	0.000	( 0 )	001101000111000100010010111100101010011010001110011001101001011001000010001110111000000000000000000000000000000000000000000000000000000000000000000000000000000000000000000000000000 0 0
17793	28.948	0.000	( 0 )	001101000111000100010010111100101010011010001110011001101001011001000010001110111000000000000000000000000000000000000000000000000000000000000000000000000000000000000000000000000000 0 0
17679	28.948	0.000	( 0 )	001101000111000100010010111100101010011010001110011001101001011001000010001110111000000000000000000000000000000000000000000000000000000000000000000000000000000000000000000000000000 0 0
17807	28.948	0.000	( 0 )	001101000111000100010010111100101010011010001110011001101001011001000010001110111000000000000000000000000000000000000000000000000000000000000000000000000000000000000000000000000000 0 0
17716	28.948	0.000	( 0 )	001101000111000100010010111100101010011010001110011001101001011001000010001110111000000000000000000000000000000000000000000000000000000000000000000000000000000000000000000000000000 0 0
17811	28.948	0.000	( 0 )	001101000111000100010010111100101010011010001110011001101001011001000010001110111000000000000000000000000000000000000000000000000000000000000000000000000000000000000000000000000000 0 0
17773	28.948	0.000	( 0 )	001101000111000100010010111100101010011010001110011001101001011001000010001110111000000000000000000000000000000000000000000000000000000000000000000000000000000000000000000000000000 0 0
17706	28.948	0.000	( 0 )	001101000111000100010010111100101010011010001110011001101001011001000010001110111000000000000000000000000000000000000000000000000000000000000000000000000000000000000000000000000000 0 0
17708	28.948	0.000	( 0 )	001101000111000100010010111100101010011010001110011001101001011001000010001110111000000000000000000000000000000000000000000000000000000000000000000000000000000000000000000000000000 0 0
17786	28.948	0.000	( 0 )	001101000111000100010010111100101010011010001110011001101001011001000010001110111000000000000000000000000000000000000000000000000000000000000000000000000000000000000000000000000000 0 0
17803	28.948	0.000	( 0 )	001101000111000100010010111100101010011010001110011001101001011001000010001110111000000000000000000000000000000000000000000000000000000000000000000000000000000000000000000000000000 0 0
17794	28.948	0.000	( 0 )	001101000111000100010010111100101010011010001110011001101001011001000010001110111000000000000000000000000000000000000000000000000000000000000000000000000000000000000000000000000000 0 0
17768	28.948	0.000	( 0 )	001101000111000100010010111100101010011010001110011001101001011001000010001110111000000000000000000000000000000000000000000000000000000000000000000000000000000000000000000000000000 0 0
17787	28.948	0.000	( 0 )	001101000111000100010010111100101010011010001110011001101001011001000010001110111000000000000000000000000000000000000000000000000000000000000000000000000000000000000000000000000000 0 0
17709	28.948	0.000	( 0 )	001101000111000100010010111100101010011010001110011001101001011001000010001110111000000000000000000000000000000000000000000000000000000000000000000000000000000000000000000000000000 0 0
17705	28.948	0.000	( 0 )	001101000111000100010010111100101010011010001110011001101001011001000010001110111000000000000000000000000000000000000000000000000000000000000000000000000000000000000000000000000000 0 0
17676	28.948	0.000	( 0 )	001101000111000100010010111100101010011010001110011001101001011001000010001110111000000000000000000000000000000000000000000000000000000000000000000000000000000000000000000000000000 0 0
17715	28.948	0.000	( 0 )	001101000111000100010010111100101010011010001110011001101001011001000010001110111000000000000000000000000000000000000000000000000000000000000000000000000000000000000000000000000000 0 0
17792	28.948	0.000	( 0 )	001101000111000100010010111100101010011010001110011001101001011001000010001110111000000000000000000000000000000000000000000000000000000000000000000000000000000000000000000000000000 0 0
17784	28.948	0.000	( 0 )	001101000111000100010010111100101010011010001110011001101001011001000010001110111000000000000000000000000000000000000000000000000000000000000000000000000000000000000000000000000000 0 0
17615	30.059	0.000	( 0 )	001101000111000100010000111100101010011010001110011001101001011001000010001110111000000000000000000000000000000000000000000000000000000000000000000000000000000000000000000000000000 1 0
17617	30.059	0.000	( 0 )	001101000111000100010000111100101010011010001110011001101001011001000010001110111000000000000000000000000000000000000000000000000000000000000000000000000000000000000000000000000000 0 0
17689	30.059	0.000	( 0 )	001101000111000100010000111100101010011010001110011001101001011001000010001110111000000000000000000000000000000000000000000000000000000000000000000000000000000000000000000000000000 0 0
17620	30.059	0.000	( 0 )	001101000111000100010000111100101010011010001110011001101001011001000010001110111000000000000000000000000000000000000000000000000000000000000000000000000000000000000000000000000000 0 0
17666	32.283	0.000	( 0 )	011101000111000100010100111100101010011010001110011001101001011001000010001110111000000000000000000000000000000000000000000000000000000000000000000000000000000000000000000000000000 2 0
17643	32.283	0.000	( 0 )	011101000111000100010100111100101010011010001110011001101001011001000010001110111000000000000000000000000000000000000000000000000000000000000000000000000000000000000000000000000000 0 0
17641	32.283	0.000	( 0 )	011101000111000100010100111100101010011010001110011001101001011001000010001110111000000000000000000000000000000000000000000000000000000000000000000000000000000000000000000000000000 0 0
17638	32.283	0.000	( 0 )	011101000111000100010100111100101010011010001110011001101001011001000010001110111000000000000000000000000000000000000000000000000000000000000000000000000000000000000000000000000000 0 0
17645	32.283	0.000	( 0 )	011101000111000100010100111100101010011010001110011001101001011001000010001110111000000000000000000000000000000000000000000000000000000000000000000000000000000000000000000000000000 0 0
17610	33.394	0.000	( 0 )	011101000111000100010100111100101010011010001110011001101001011001000010001110111000010000000000000000000000000000000000000000000000000000000000000000000000000000000000000000000000 1 0
17627	33.394	0.000	( 0 )	011101000111000100010100111100101010011010001110011001101001011001000010001110111000010000000000000000000000000000000000000000000000000000000000000000000000000000000000000000000000 0 0
17599	33.394	0.000	( 0 )	011101000111000100010100111100101010011010001110011001101001011001000010001110111000010000000000000000000000000000000000000000000000000000000000000000000000000000000000000000000000 0 0
17624	33.394	0.000	( 0 )	011101000111000100010100111100101010011010001110011001101001011001000010001110111000010000000000000000000000000000000000000000000000000000000000000000000000000000000000000000000000 0 0
17520	35.618	0.000	( 0 )	011101000011000100010100111100101010011010011110011001101001011001000010001110111000010000000000000000000000000000000000000000000000000000000000000000000000000000000000000000000000 2 0
17588	35.618	0.000	( 0 )	011101000011000100010100111100101010011010011110011001101001011001000010001110111000010000000000000000000000000000000000000000000000000000000000000000000000000000000000000000000000 0 0
17590	35.618	0.000	( 0 )	011101000011000100010100111100101010011010011110011001101001011001000010001110111000010000000000000000000000000000000000000000000000000000000000000000000000000000000000000000000000 0 0
17521	35.618	0.000	( 0 )	011101000011000100010100111100101010011010011110011001101001011001000010001110111000010000000000000000000000000000000000000000000000000000000000000000000000000000000000000000000000 0 0
17563	35.618	0.000	( 0 )	011101000011000100010100111100101010011010011110011001101001011001000010001110111000010000000000000000000000000000000000000000000000000000000000000000000000000000000000000000000000 0 0
17587	35.618	0.000	( 0 )	011101000011000100010100111100101010011010011110011001101001011001000010001110111000010000000000000000000000000000000000000000000000000000000000000000000000000000000000000000000000 0 0
17496	37.842	0.000	( 0 )	011101000011000101010100111100101010011010011110011001101001011001100010001110111000010000000000000000000000000000000000000000000000000000000000000000000000000000000000000000000000 2 0
17508	37.842	0.000	( 0 )	011101000011000101010100111100101010011010011110011001101001011001100010001110111000010000000000000000000000000000000000000000000000000000000000000000000000000000000000000000000000 0 0
17462	38.953	0.000	( 0 )	011101000011000101010100111100101010011010011110011001101001011001100010001110011000010000000000000000000000000000000000000000000000000000000000000000000000000000000000000000000000 1 0
17463	38.953	0.000	( 0 )	011101000011000101010100111100101010011010011110011001101001011001100010001110011000010000000000000000000000000000000000000000000000000000000000000000000000000000000000000000000000 0 0
17469	38.953	0.000	( 0 )	011101000011000101010100111100101010011010011110011001101001011001100010001110011000010000000000000000000000000000000000000000000000000000000000000000000000000000000000000000000000 0 0
17460	38.953	0.000	( 0 )	011101000011000101010100111100101010011010011110011001101001011001100010001110011000010000000000000000000000000000000000000000000000000000000000000000000000000000000000000000000000 0 0
17459	38.953	0.000	( 0 )	011101000011000101010100111100101010011010011110011001101001011001100010001110011000010000000000000000000000000000000000000000000000000000000000000000000000000000000000000000000000 0 0
17467	38.953	0.000	( 0 )	011101000011000101010100111100101010011010011110011001101001011001100010001110011000010000000000000000000000000000000000000000000000000000000000000000000000000000000000000000000000 0 0
17464	38.953	0.000	( 0 )	011101000011000101010100111100101010011010011110011001101001011001100010001110011000010000000000000000000000000000000000000000000000000000000000000000000000000000000000000000000000 0 0
17461	38.953	0.000	( 0 )	011101000011000101010100111100101010011010011110011001101001011001100010001110011000010000000000000000000000000000000000000000000000000000000000000000000000000000000000000000000000 0 0
17383	41.177	0.000	( 0 )	011101000011000101010100111100101010011010011110011001111001011011100010001110011000010000000000000000000000000000000000000000000000000000000000000000000000000000000000000000000000 2 0
17342	41.177	0.000	( 0 )	011101000011000101010100111100101010011010011110011001111001011011100010001110011000010000000000000000000000000000000000000000000000000000000000000000000000000000000000000000000000 0 0
17388	41.177	0.000	( 0 )	011101000011000101010100111100101010011010011110011001111001011011100010001110011000010000000000000000000000000000000000000000000000000000000000000000000000000000000000000000000000 0 0
17400	41.177	0.000	( 0 )	011101000011000101010100111100101010011010011110011001111001011011100010001110011000010000000000000000000000000000000000000000000000000000000000000000000000000000000000000000000000 0 0
17335	41.177	0.000	( 0 )	011101000011000101010100111100101010011010011110011001111001011011100010001110011000010000000000000000000000000000000000000000000000000000000000000000000000000000000000000000000000 0 0
17380	41.177	0.000	( 0 )	011101000011000101010100111100101010011010011110011001111001011011100010001110011000010000000000000000000000000000000000000000000000000000000000000000000000000000000000000000000000 0 0
17402	41.177	0.000	( 0 )	011101000011000101010100111100101010011010011110011001111001011011100010001110011000010000000000000000000000000000000000000000000000000000000000000000000000000000000000000000000000 0 0
17381	41.177	0.000	( 0 )	011101000011000101010100111100101010011010011110011001111001011011100010001110011000010000000000000000000000000000000000000000000000000000000000000000000000000000000000000000000000 0 0
17404	41.177	0.000	( 0 )	011101000011000101010100111100101010011010011110011001111001011011100010001110011000010000000000000000000000000000000000000000000000000000000000000000000000000000000000000000000000 0 0
17341	41.177	0.000	( 0 )	011101000011000101010100111100101010011010011110011001111001011011100010001110011000010000000000000000000000000000000000000000000000000000000000000000000000000000000000000000000000 0 0
17391	41.177	0.000	( 0 )	011101000011000101010100111100101010011010011110011001111001011011100010001110011000010000000000000000000000000000000000000000000000000000000000000000000000000000000000000000000000 0 0
17379	41.177	0.000	( 0 )	011101000011000101010100111100101010011010011110011001111001011011100010001110011000010000000000000000000000000000000000000000000000000000000000000000000000000000000000000000000000 0 0
17338	41.177	0.000	( 0 )	011101000011000101010100111100101010011010011110011001111001011011100010001110011000010000000000000000000000000000000000000000000000000000000000000000000000000000000000000000000000 0 0
17387	41.177	0.000	( 0 )	011101000011000101010100111100101010011010011110011001111001011011100010001110011000010000000000000000000000000000000000000000000000000000000000000000000000000000000000000000000000 0 0
17386	41.177	0.000	( 0 )	011101000011000101010100111100101010011010011110011001111001011011100010001110011000010000000000000000000000000000000000000000000000000000000000000000000000000000000000000000000000 0 0
17392	41.177	0.000	( 0 )	011101000011000101010100111100101010011010011110011001111001011011100010001110011000010000000000000000000000000000000000000000000000000000000000000000000000000000000000000000000000 0 0
17401	41.177	0.000	( 0 )	011101000011000101010100111100101010011010011110011001111001011011100010001110011000010000000000000000000000000000000000000000000000000000000000000000000000000000000000000000000000 0 0
17397	41.177	0.000	( 0 )	011101000011000101010100111100101010011010011110011001111001011011100010001110011000010000000000000000000000000000000000000000000000000000000000000000000000000000000000000000000000 0 0
17398	41.177	0.000	( 0 )	011101000011000101010100111100101010011010011110011001111001011011100010001110011000010000000000000000000000000000000000000000000000000000000000000000000000000000000000000000000000 0 0
17297	42.288	0.000	( 0 )	011101000011000101010100111100101011011010011110011001111001011011100010001110011000010000000000000000000000000000000000000000000000000000000000000000000000000000000000000000000000 1 0
17292	42.288	0.000	( 0 )	011101000011000101010100111100101011011010011110011001111001011011100010001110011000010000000000000000000000000000000000000000000000000000000000000000000000000000000000000000000000 0 0
17299	42.288	0.000	( 0 )	011101000011000101010100111100101011011010011110011001111001011011100010001110011000010000000000000000000000000000000000000000000000000000000000000000000000000000000000000000000000 0 0
17302	42.288	0.000	( 0 )	011101000011000101010100111100101011011010011110011001111001011011100010001110011000010000000000000000000000000000000000000000000000000000000000000000000000000000000000000000000000 0 0
17291	42.288	0.000	( 0 )	011101000011000101010100111100101011011010011110011001111001011011100010001110011000010000000000000000000000000000000000000000000000000000000000000000000000000000000000000000000000 0 0
17240	43.399	0.000	( 0 )	011101000011000101010100111100101011011010011110011001111001011011100010001110011000110000000000000000000000000000000000000000000000000000000000000000000000000000000000000000000000 1 0
17249	43.399	0.000	( 0 )	011101000011000101010100111100101011011010011110011001111001011011100010001110011000110000000000000000000000000000000000000000000000000000000000000000000000000000000000000000000000 0 0
17241	43.399	0.000	( 0 )	011101000011000101010100111100101011011010011110011001111001011011100010001110011000110000000000000000000000000000000000000000000000000000000000000000000000000000000000000000000000 0 0
17298	43.399	0.000	( 0 )	011101000011000101010100111100101011011010011110011001111001011011100010001110011000110000000000000000000000000000000000000000000000000000000000000000000000000000000000000000000000 0 0
17250	45.623	0.000	( 0 )	011101000011000101010100111100101011011010011110011001111011011011100010001110011000111000000000000000000000000000000000000000000000000000000000000000000000000000000000000000000000 2 0
17231	47.846	0.000	( 0 )	011101000011000101010100111100100011011010111110011001111011011011100010001110011000111000000000000000000000000000000000000000000000000000000000000000000000000000000000000000000000 2 0
17180	47.846	0.000	( 0 )	011101000011000101010100111100100011011010111110011001111011011011100010001110011000111000000000000000000000000000000000000000000000000000000000000000000000000000000000000000000000 0 0
17218	47.846	0.000	( 0 )	011101000011000101010100111100100011011010111110011001111011011011100010001110011000111000000000000000000000000000000000000000000000000000000000000000000000000000000000000000000000 0 0
17222	47.846	0.000	( 0 )	011101000011000101010100111100100011011010111110011001111011011011100010001110011000111000000000000000000000000000000000000000000000000000000000000000000000000000000000000000000000 0 0
17237	47.846	0.000	( 0 )	011101000011000101010100111100100011011010111110011001111011011011100010001110011000111000000000000000000000000000000000000000000000000000000000000000000000000000000000000000000000 0 0
17236	47.846	0.000	( 0 )	011101000011000101010100111100100011011010111110011001111011011011100010001110011000111000000000000000000000000000000000000000000000000000000000000000000000000000000000000000000000 0 0
17235	47.846	0.000	( 0 )	011101000011000101010100111100100011011010111110011001111011011011100010001110011000111000000000000000000000000000000000000000000000000000000000000000000000000000000000000000000000 0 0
17225	47.846	0.000	( 0 )	011101000011000101010100111100100011011010111110011001111011011011100010001110011000111000000000000000000000000000000000000000000000000000000000000000000000000000000000000000000000 0 0
17214	47.846	0.000	( 0 )	011101000011000101010100111100100011011010111110011001111011011011100010001110011000111000000000000000000000000000000000000000000000000000000000000000000000000000000000000000000000 0 0
17208	47.846	0.000	( 0 )	011101000011000101010100111100100011011010111110011001111011011011100010001110011000111000000000000000000000000000000000000000000000000000000000000000000000000000000000000000000000 0 0
17219	47.846	0.000	( 0 )	011101000011000101010100111100100011011010111110011001111011011011100010001110011000111000000000000000000000000000000000000000000000000000000000000000000000000000000000000000000000 0 0
17179	48.958	0.000	( 0 )	011101000011000101010100111100100011011010111110011001111011011011100010000110011000111000000000000000000000000000000000000000000000000000000000000000000000000000000000000000000000 1 0
17156	48.958	0.000	( 0 )	011101000011000101010100111100100011011010111110011001111011011011100010000110011000111000000000000000000000000000000000000000000000000000000000000000000000000000000000000000000000 0 0
17178	48.958	0.000	( 0 )	011101000011000101010100111100100011011010111110011001111011011011100010000110011000111000000000000000000000000000000000000000000000000000000000000000000000000000000000000000000000 0 0
17165	48.958	0.000	( 0 )	011101000011000101010100111100100011011010111110011001111011011011100010000110011000111000000000000000000000000000000000000000000000000000000000000000000000000000000000000000000000 0 0
17149	48.958	0.000	( 0 )	011101000011000101010100111100100011011010111110011001111011011011100010000110011000111000000000000000000000000000000000000000000000000000000000000000000000000000000000000000000000 0 0
17175	48.958	0.000	( 0 )	011101000011000101010100111100100011011010111110011001111011011011100010000110011000111000000000000000000000000000000000000000000000000000000000000000000000000000000000000000000000 0 0
17129	48.958	0.000	( 0 )	011101000011000101010100111100100011011010111110011001111011011011100010000110011000111000000000000000000000000000000000000000000000000000000000000000000000000000000000000000000000 0 0
16755	54.536	0.000	( 0 )	010101000011000101010100111100100011111010010110010001111011011011100010000110011000111000000000000000000000000000000000000000000000000000000000000000000000000000000000000000000000 5 0
16896	56.760	0.000	( 0 )	010101000011000101010100110100100011111010010111010001111011011011100010000110011000111000000000000000000000000000000000000000000000000000000000000000000000000000000000000000000000 2 0
16892	56.760	0.000	( 0 )	010101000011000101010100110100100011111010010111010001111011011011100010000110011000111000000000000000000000000000000000000000000000000000000000000000000000000000000000000000000000 0 0
16888	56.760	0.000	( 0 )	010101000011000101010100110100100011111010010111010001111011011011100010000110011000111000000000000000000000000000000000000000000000000000000000000000000000000000000000000000000000 0 0
16901	56.760	0.000	( 0 )	010101000011000101010100110100100011111010010111010001111011011011100010000110011000111000000000000000000000000000000000000000000000000000000000000000000000000000000000000000000000 0 0
16909	56.760	0.000	( 0 )	010101000011000101010100110100100011111010010111010001111011011011100010000110011000111000000000000000000000000000000000000000000000000000000000000000000000000000000000000000000000 0 0
16900	56.760	0.000	( 0 )	010101000011000101010100110100100011111010010111010001111011011011100010000110011000111000000000000000000000000000000000000000000000000000000000000000000000000000000000000000000000 0 0
16905	56.760	0.000	( 0 )	010101000011000101010100110100100011111010010111010001111011011011100010000110011000111000000000000000000000000000000000000000000000000000000000000000000000000000000000000000000000 0 0
16903	56.760	0.000	( 0 )	010101000011000101010100110100100011111010010111010001111011011011100010000110011000111000000000000000000000000000000000000000000000000000000000000000000000000000000000000000000000 0 0
16897	56.760	0.000	( 0 )	010101000011000101010100110100100011111010010111010001111011011011100010000110011000111000000000000000000000000000000000000000000000000000000000000000000000000000000000000000000000 0 0
16891	56.760	0.000	( 0 )	010101000011000101010100110100100011111010010111010001111011011011100010000110011000111000000000000000000000000000000000000000000000000000000000000000000000000000000000000000000000 0 0
16907	56.760	0.000	( 0 )	010101000011000101010100110100100011111010010111010001111011011011100010000110011000111000000000000000000000000000000000000000000000000000000000000000000000000000000000000000000000 0 0
16894	56.760	0.000	( 0 )	010101000011000101010100110100100011111010010111010001111011011011100010000110011000111000000000000000000000000000000000000000000000000000000000000000000000000000000000000000000000 0 0
16893	56.760	0.000	( 0 )	010101000011000101010100110100100011111010010111010001111011011011100010000110011000111000000000000000000000000000000000000000000000000000000000000000000000000000000000000000000000 0 0
16898	56.760	0.000	( 0 )	010101000011000101010100110100100011111010010111010001111011011011100010000110011000111000000000000000000000000000000000000000000000000000000000000000000000000000000000000000000000 0 0
16887	56.760	0.000	( 0 )	010101000011000101010100110100100011111010010111010001111011011011100010000110011000111000000000000000000000000000000000000000000000000000000000000000000000000000000000000000000000 0 0
16886	56.760	0.000	( 0 )	010101000011000101010100110100100011111010010111010001111011011011100010000110011000111000000000000000000000000000000000000000000000000000000000000000000000000000000000000000000000 0 0
16890	56.760	0.000	( 0 )	010101000011000101010100110100100011111010010111010001111011011011100010000110011000111000000000000000000000000000000000000000000000000000000000000000000000000000000000000000000000 0 0
16904	56.760	0.000	( 0 )	010101000011000101010100110100100011111010010111010001111011011011100010000110011000111000000000000000000000000000000000000000000000000000000000000000000000000000000000000000000000 0 0
16908	56.760	0.000	( 0 )	010101000011000101010100110100100011111010010111010001111011011011100010000110011000111000000000000000000000000000000000000000000000000000000000000000000000000000000000000000000000 0 0
16981	57.871	0.000	( 0 )	010101000011000101010100111100100011111010010111010001111011011011100010000110011000111000000000000000000000000000000000000000000000000000000000000000000000000000000000000000000000 1 0
16979	58.983	0.000	( 0 )	010101000011000101010100111100100011111010110111010001111011011011100010000110011000111000000000000000000000000000000000000000000000000000000000000000000000000000000000000000000000 1 0
16977	58.983	0.000	( 0 )	010101000011000101010100111100100011111010110111010001111011011011100010000110011000111000000000000000000000000000000000000000000000000000000000000000000000000000000000000000000000 0 0
16976	58.983	0.000	( 0 )	010101000011000101010100111100100011111010110111010001111011011011100010000110011000111000000000000000000000000000000000000000000000000000000000000000000000000000000000000000000000 0 0
16980	58.983	0.000	( 0 )	010101000011000101010100111100100011111010110111010001111011011011100010000110011000111000000000000000000000000000000000000000000000000000000000000000000000000000000000000000000000 0 0
17027	60.094	0.000	( 0 )	010101000011000101010100111100100011111010110111010001111011011011110010000110011000111000000000000000000000000000000000000000000000000000000000000000000000000000000000000000000000 1 0
17054	60.094	0.000	( 0 )	010101000011000101010100111100100011111010110111010001111011011011110010000110011000111000000000000000000000000000000000000000000000000000000000000000000000000000000000000000000000 0 0
17021	60.094	0.000	( 0 )	010101000011000101010100111100100011111010110111010001111011011011110010000110011000111000000000000000000000000000000000000000000000000000000000000000000000000000000000000000000000 0 0
17030	60.094	0.000	( 0 )	010101000011000101010100111100100011111010110111010001111011011011110010000110011000111000000000000000000000000000000000000000000000000000000000000000000000000000000000000000000000 0 0
17020	60.094	0.000	( 0 )	010101000011000101010100111100100011111010110111010001111011011011110010000110011000111000000000000000000000000000000000000000000000000000000000000000000000000000000000000000000000 0 0
6254	60.094	0.000	( 0 )	010101000011000101010100111100100011111010110111010001111011011011110010000110011000111000000000000000000000000000000000000000000000000000000000000000000000000000000000000000000000 0 0
17019	60.094	0.000	( 0 )	010101000011000101010100111100100011111010110111010001111011011011110010000110011000111000000000000000000000000000000000000000000000000000000000000000000000000000000000000000000000 0 0
17031	60.094	0.000	( 0 )	010101000011000101010100111100100011111010110111010001111011011011110010000110011000111000000000000000000000000000000000000000000000000000000000000000000000000000000000000000000000 0 0
17019	60.094	0.000	( 0 )	010101000011000101010100111100100011111010110111010001111011011011110010000110011000111000000000000000000000000000000000000000000000000000000000000000000000000000000000000000000000 0 0
17008	61.205	0.000	( 0 )	010101000011001101010100111100100011111010110111010001111011011011110010000110011000111000000000000000000000000000000000000000000000000000000000000000000000000000000000000000000000 1 0
17012	61.205	0.000	( 0 )	010101000011001101010100111100100011111010110111010001111011011011110010000110011000111000000000000000000000000000000000000000000000000000000000000000000000000000000000000000000000 0 0
17011	61.205	0.000	( 0 )	010101000011001101010100111100100011111010110111010001111011011011110010000110011000111000000000000000000000000000000000000000000000000000000000000000000000000000000000000000000000 0 0
17009	61.205	0.000	( 0 )	010101000011001101010100111100100011111010110111010001111011011011110010000110011000111000000000000000000000000000000000000000000000000000000000000000000000000000000000000000000000 0 0
16815	62.317	0.000	( 0 )	010101000011001101010110111100100011111010110111010001111011011011110010000110011000111000000000000000000000000000000000000000000000000000000000000000000000000000000000000000000000 1 0
16829	62.317	0.000	( 0 )	010101000011001101010110111100100011111010110111010001111011011011110010000110011000111000000000000000000000000000000000000000000000000000000000000000000000000000000000000000000000 0 0
16835	62.317	0.000	( 0 )	010101000011001101010110111100100011111010110111010001111011011011110010000110011000111000000000000000000000000000000000000000000000000000000000000000000000000000000000000000000000 0 0
16836	62.317	0.000	( 0 )	010101000011001101010110111100100011111010110111010001111011011011110010000110011000111000000000000000000000000000000000000000000000000000000000000000000000000000000000000000000000 0 0
16832	62.317	0.000	( 0 )	010101000011001101010110111100100011111010110111010001111011011011110010000110011000111000000000000000000000000000000000000000000000000000000000000000000000000000000000000000000000 0 0
16827	62.317	0.000	( 0 )	010101000011001101010110111100100011111010110111010001111011011011110010000110011000111000000000000000000000000000000000000000000000000000000000000000000000000000000000000000000000 0 0
16816	62.317	0.000	( 0 )	010101000011001101010110111100100011111010110111010001111011011011110010000110011000111000000000000000000000000000000000000000000000000000000000000000000000000000000000000000000000 0 0
16826	62.317	0.000	( 0 )	010101000011001101010110111100100011111010110111010001111011011011110010000110011000111000000000000000000000000000000000000000000000000000000000000000000000000000000000000000000000 0 0
16759	67.895	0.000	( 0 )	010001000011011101010110111100000011111010110111010000111011011011110010100110011000111000000000000000000000000000000000000000000000000000000000000000000000000000000000000000000000 5 0
16768	67.895	0.000	( 0 )	010001000011011101010110111100000011111010110111010000111011011011110010100110011000111000000000000000000000000000000000000000000000000000000000000000000000000000000000000000000000 0 0
16716	70.119	0.000	( 0 )	010001010011011101010110111100000111111010110111010000111011011011110010100110011000111000000000000000000000000000000000000000000000000000000000000000000000000000000000000000000000 2 0
16717	70.119	0.000	( 0 )	010001010011011101010110111100000111111010110111010000111011011011110010100110011000111000000000000000000000000000000000000000000000000000000000000000000000000000000000000000000000 0 0
16722	71.230	0.000	( 0 )	010001010011011101011110111100000111111010110111010000111011011011110010100110011000111000000000000000000000000000000000000000000000000000000000000000000000000000000000000000000000 1 0
16751	73.454	0.000	( 0 )	010001010011011101011110111100000111111010110111010100111011011011110011100110011000111000000000000000000000000000000000000000000000000000000000000000000000000000000000000000000000 2 0
