#java OrderMarkers2 data=- evaluateOrder=reordermarkers/iterations/ordered.16.28 useKosambi=1 numThreads=4 calculateIntervals=intervals/ordered.16.intervals randSeed=9062727396010392497
Loading file
No grandparents present in family V
Number of individuals = 92
Number of families = 1
File loaded with 42521 SNPs
Number of individuals = 92 excluding grandparents
Number of families = 1
Number of markers = 176
Setting dataScale to 0.5113636363636364 all likelihoods will be multiplied by 1.9555555555555555
Initial score = -3663.4714088487453
Iteration 1 of 6
884884288488421 done
Polishing map...
score = -3646.9318935021747
*score = -3644.85345212072
score = -3496.1305675156977
*score = -3424.937518911365
Iteration 2 of 6
884884288488421 done
Polishing map...
score = -4123.716638180565
score = -4014.5258339819675
score = -3666.027981280707
score = -3660.2295019024837
Iteration 3 of 6
884884288488421 done
Polishing map...
score = -3555.255622621337
score = -3430.996624605659
score = -3398.845200674537
*score = -3382.34517081261
Iteration 4 of 6
884884288488421 done
Polishing map...
score = -3436.132850306037
score = -3394.774339990619
score = -3394.774339990619
score = -3394.774355726245
Iteration 5 of 6
884884288488421 done
Polishing map...
score = -3721.890130538556
score = -3698.419993776891
score = -3698.419993776891
score = -3687.605539509158
Iteration 6 of 6
884884288488421 done
Polishing map...
score = -3667.070792034363
score = -3655.6679211704045
score = -3488.8681599250626
score = -3393.332273321155
Final score = -3382.34517081261
Setting dataScale to 0.5113636363636364 all likelihoods will be multiplied by 1.9555555555555555
logL = -3382.34517081261
number of recombinations = 112.0 logL = -3382.34517081261
Individual	V	P14459_101_S1	recombines	1	times
Individual	V	P14459_103_S3	recombines	3	times
Individual	V	P14459_104_S4	recombines	1	times
Individual	V	P14459_105_S5	recombines	2	times
Individual	V	P14459_106_S6	recombines	1	times
Individual	V	P14459_108_S8	recombines	1	times
Individual	V	P14459_110_S10	recombines	1	times
Individual	V	P14459_112_S12	recombines	1	times
Individual	V	P14459_113_S13	recombines	3	times
Individual	V	P14459_114_S14	recombines	1	times
Individual	V	P14459_116_S16	recombines	1	times
Individual	V	P14459_117_S17	recombines	1	times
Individual	V	P14459_119_S19	recombines	3	times
Individual	V	P14459_120_S20	recombines	1	times
Individual	V	P14459_121_S21	recombines	2	times
Individual	V	P14459_122_S22	recombines	2	times
Individual	V	P14459_123_S23	recombines	1	times
Individual	V	P14459_125_S25	recombines	1	times
Individual	V	P14459_126_S26	recombines	1	times
Individual	V	P14459_127_S27	recombines	1	times
Individual	V	P14459_128_S28	recombines	2	times
Individual	V	P14459_129_S29	recombines	2	times
Individual	V	P14459_130_S30	recombines	1	times
Individual	V	P14459_131_S31	recombines	2	times
Individual	V	P14459_132_S32	recombines	2	times
Individual	V	P14459_135_S35	recombines	3	times
Individual	V	P14459_136_S36	recombines	1	times
Individual	V	P14459_137_S37	recombines	1	times
Individual	V	P14459_138_S38	recombines	1	times
Individual	V	P14459_139_S39	recombines	3	times
Individual	V	P14459_140_S40	recombines	3	times
Individual	V	P14459_141_S41	recombines	2	times
Individual	V	P14459_142_S42	recombines	1	times
Individual	V	P14459_144_S44	recombines	1	times
Individual	V	P14459_145_S45	recombines	1	times
Individual	V	P14459_147_S47	recombines	2	times
Individual	V	P14459_148_S48	recombines	2	times
Individual	V	P14459_150_S50	recombines	1	times
Individual	V	P14459_151_S51	recombines	1	times
Individual	V	P14459_153_S53	recombines	3	times
Individual	V	P14459_154_S54	recombines	3	times
Individual	V	P14459_156_S56	recombines	1	times
Individual	V	P14459_157_S57	recombines	1	times
Individual	V	P14459_159_S59	recombines	1	times
Individual	V	P14459_160_S60	recombines	1	times
Individual	V	P14459_163_S63	recombines	1	times
Individual	V	P14459_164_S64	recombines	2	times
Individual	V	P14459_166_S66	recombines	2	times
Individual	V	P14459_168_S68	recombines	1	times
Individual	V	P14459_169_S69	recombines	2	times
Individual	V	P14459_170_S70	recombines	1	times
Individual	V	P14459_171_S71	recombines	1	times
Individual	V	P14459_172_S72	recombines	2	times
Individual	V	P14459_173_S73	recombines	3	times
Individual	V	P14459_174_S74	recombines	2	times
Individual	V	P14459_177_S77	recombines	1	times
Individual	V	P14459_178_S78	recombines	1	times
Individual	V	P14459_179_S79	recombines	1	times
Individual	V	P14459_180_S80	recombines	1	times
Individual	V	P14459_181_S81	recombines	2	times
Individual	V	P14459_182_S82	recombines	1	times
Individual	V	P14459_183_S83	recombines	1	times
Individual	V	P14459_185_S85	recombines	3	times
Individual	V	P14459_186_S86	recombines	2	times
Individual	V	P14459_187_S87	recombines	2	times
Individual	V	P14459_188_S88	recombines	1	times
Individual	V	P14459_189_S89	recombines	2	times
Individual	V	P14459_190_S90	recombines	2	times
Individual	V	P14459_191_S91	recombines	1	times
Individual	V	P14459_192_S92	recombines	1	times
Individual	V	P14459_193_S93	recombines	1	times
Individual	V	P14459_195_S95	recombines	1	times
#*** LG = 0 likelihood = -3382.3452
#marker_number	male_position	female_position	( 0.0 )[	phased data]
23232	0.000	0.000	( 0 )	110010110011001111100000110010011101110111100011111001011111000101001001010001110010001110000000000000000000000000000000000000000000000000000000000000000000000000000000000000000000 0 0
23269	0.000	0.000	( 0 )	110010110011001111100000110010011101110111100011111001011111000101001001010001110010001110000000000000000000000000000000000000000000000000000000000000000000000000000000000000000000 0 0
23270	0.000	0.000	( 0 )	110010110011001111100000110010011101110111100011111001011111000101001001010001110010001110000000000000000000000000000000000000000000000000000000000000000000000000000000000000000000 0 0
23274	0.000	0.000	( 0 )	110010110011001111100000110010011101110111100011111001011111000101001001010001110010001110000000000000000000000000000000000000000000000000000000000000000000000000000000000000000000 0 0
23239	0.000	0.000	( 0 )	110010110011001111100000110010011101110111100011111001011111000101001001010001110010001110000000000000000000000000000000000000000000000000000000000000000000000000000000000000000000 0 0
23231	0.000	0.000	( 0 )	110010110011001111100000110010011101110111100011111001011111000101001001010001110010001110000000000000000000000000000000000000000000000000000000000000000000000000000000000000000000 0 0
23230	0.000	0.000	( 0 )	110010110011001111100000110010011101110111100011111001011111000101001001010001110010001110000000000000000000000000000000000000000000000000000000000000000000000000000000000000000000 0 0
25186	3.338	0.000	( 0 )	110010110011001111100000110010011111110111100011111001011111000101101000010001110010001110000000000000000000000000000000000000000000000000000000000000000000000000000000000000000000 3 0
25190	3.338	0.000	( 0 )	110010110011001111100000110010011111110111100011111001011111000101101000010001110010001110000000000000000000000000000000000000000000000000000000000000000000000000000000000000000000 0 0
25188	3.338	0.000	( 0 )	110010110011001111100000110010011111110111100011111001011111000101101000010001110010001110000000000000000000000000000000000000000000000000000000000000000000000000000000000000000000 0 0
23326	3.338	0.000	( 0 )	110010110011001111100000110010011111110111100011111001011111000101101000010001110010001110000000000000000000000000000000000000000000000000000000000000000000000000000000000000000000 0 0
23336	4.450	0.000	( 0 )	110010110011001111100000110010011111110111101011111001011111000101101000010001110010001110000000000000000000000000000000000000000000000000000000000000000000000000000000000000000000 1 0
23357	4.450	0.000	( 0 )	110010110011001111100000110010011111110111101011111001011111000101101000010001110010001110000000000000000000000000000000000000000000000000000000000000000000000000000000000000000000 0 0
23329	5.561	0.000	( 0 )	110010110010001111100000110010011111110111101011111001011111000101101000010001110010001110000000000000000000000000000000000000000000000000000000000000000000000000000000000000000000 1 0
23330	5.561	0.000	( 0 )	110010110010001111100000110010011111110111101011111001011111000101101000010001110010001110000000000000000000000000000000000000000000000000000000000000000000000000000000000000000000 0 0
23408	7.785	0.000	( 0 )	110010110010000110100000110010011111110111101011111001011111000101101000010001110010001110000000000000000000000000000000000000000000000000000000000000000000000000000000000000000000 2 0
23409	7.785	0.000	( 0 )	110010110010000110100000110010011111110111101011111001011111000101101000010001110010001110000000000000000000000000000000000000000000000000000000000000000000000000000000000000000000 0 0
23407	7.785	0.000	( 0 )	110010110010000110100000110010011111110111101011111001011111000101101000010001110010001110000000000000000000000000000000000000000000000000000000000000000000000000000000000000000000 0 0
23398	7.785	0.000	( 0 )	110010110010000110100000110010011111110111101011111001011111000101101000010001110010001110000000000000000000000000000000000000000000000000000000000000000000000000000000000000000000 0 0
23477	10.008	0.000	( 0 )	110010111010000110100000110010011111110111101011111011011111000101101000010001110010001110000000000000000000000000000000000000000000000000000000000000000000000000000000000000000000 2 0
23537	11.120	0.000	( 0 )	110010111010000110100000110010011111110111101011110011011111000101101000010001110010001110000000000000000000000000000000000000000000000000000000000000000000000000000000000000000000 1 0
23556	11.120	0.000	( 0 )	110010111010000110100000110010011111110111101011110011011111000101101000010001110010001110000000000000000000000000000000000000000000000000000000000000000000000000000000000000000000 0 0
23423	11.120	0.000	( 0 )	110010111010000110100000110010011111110111101011110011011111000101101000010001110010001110000000000000000000000000000000000000000000000000000000000000000000000000000000000000000000 0 0
23510	11.120	0.000	( 0 )	110010111010000110100000110010011111110111101011110011011111000101101000010001110010001110000000000000000000000000000000000000000000000000000000000000000000000000000000000000000000 0 0
23539	11.120	0.000	( 0 )	110010111010000110100000110010011111110111101011110011011111000101101000010001110010001110000000000000000000000000000000000000000000000000000000000000000000000000000000000000000000 0 0
23541	11.120	0.000	( 0 )	110010111010000110100000110010011111110111101011110011011111000101101000010001110010001110000000000000000000000000000000000000000000000000000000000000000000000000000000000000000000 0 0
23558	11.120	0.000	( 0 )	110010111010000110100000110010011111110111101011110011011111000101101000010001110010001110000000000000000000000000000000000000000000000000000000000000000000000000000000000000000000 0 0
23551	11.120	0.000	( 0 )	110010111010000110100000110010011111110111101011110011011111000101101000010001110010001110000000000000000000000000000000000000000000000000000000000000000000000000000000000000000000 0 0
23538	11.120	0.000	( 0 )	110010111010000110100000110010011111110111101011110011011111000101101000010001110010001110000000000000000000000000000000000000000000000000000000000000000000000000000000000000000000 0 0
23511	11.120	0.000	( 0 )	110010111010000110100000110010011111110111101011110011011111000101101000010001110010001110000000000000000000000000000000000000000000000000000000000000000000000000000000000000000000 0 0
23559	11.120	0.000	( 0 )	110010111010000110100000110010011111110111101011110011011111000101101000010001110010001110000000000000000000000000000000000000000000000000000000000000000000000000000000000000000000 0 0
23562	11.120	0.000	( 0 )	110010111010000110100000110010011111110111101011110011011111000101101000010001110010001110000000000000000000000000000000000000000000000000000000000000000000000000000000000000000000 0 0
23508	11.120	0.000	( 0 )	110010111010000110100000110010011111110111101011110011011111000101101000010001110010001110000000000000000000000000000000000000000000000000000000000000000000000000000000000000000000 0 0
23512	11.120	0.000	( 0 )	110010111010000110100000110010011111110111101011110011011111000101101000010001110010001110000000000000000000000000000000000000000000000000000000000000000000000000000000000000000000 0 0
23557	11.120	0.000	( 0 )	110010111010000110100000110010011111110111101011110011011111000101101000010001110010001110000000000000000000000000000000000000000000000000000000000000000000000000000000000000000000 0 0
23533	11.120	0.000	( 0 )	110010111010000110100000110010011111110111101011110011011111000101101000010001110010001110000000000000000000000000000000000000000000000000000000000000000000000000000000000000000000 0 0
23550	11.120	0.000	( 0 )	110010111010000110100000110010011111110111101011110011011111000101101000010001110010001110000000000000000000000000000000000000000000000000000000000000000000000000000000000000000000 0 0
30107	20.104	0.000	( 0 )	101010011010000010100001110010010110110111101011110010011111000101101000010001110010001110000000000000000000000000000000000000000000000000000000000000000000000000000000000000000000 8 0
23696	21.215	0.000	( 0 )	101010011010000010100001110010010110110111101011110010011111010101101000010001110010001110000000000000000000000000000000000000000000000000000000000000000000000000000000000000000000 1 0
23694	21.215	0.000	( 0 )	101010011010000010100001110010010110110111101011110010011111010101101000010001110010001110000000000000000000000000000000000000000000000000000000000000000000000000000000000000000000 0 0
23697	21.215	0.000	( 0 )	101010011010000010100001110010010110110111101011110010011111010101101000010001110010001110000000000000000000000000000000000000000000000000000000000000000000000000000000000000000000 0 0
23740	22.326	0.000	( 0 )	101010011010000010100001110010010110010111101011110010011111010101101000010001110010001110000000000000000000000000000000000000000000000000000000000000000000000000000000000000000000 1 0
23738	22.326	0.000	( 0 )	101010011010000010100001110010010110010111101011110010011111010101101000010001110010001110000000000000000000000000000000000000000000000000000000000000000000000000000000000000000000 0 0
23743	22.326	0.000	( 0 )	101010011010000010100001110010010110010111101011110010011111010101101000010001110010001110000000000000000000000000000000000000000000000000000000000000000000000000000000000000000000 0 0
23770	22.326	0.000	( 0 )	101010011010000010100001110010010110010111101011110010011111010101101000010001110010001110000000000000000000000000000000000000000000000000000000000000000000000000000000000000000000 0 0
23757	22.326	0.000	( 0 )	101010011010000010100001110010010110010111101011110010011111010101101000010001110010001110000000000000000000000000000000000000000000000000000000000000000000000000000000000000000000 0 0
23756	22.326	0.000	( 0 )	101010011010000010100001110010010110010111101011110010011111010101101000010001110010001110000000000000000000000000000000000000000000000000000000000000000000000000000000000000000000 0 0
23739	22.326	0.000	( 0 )	101010011010000010100001110010010110010111101011110010011111010101101000010001110010001110000000000000000000000000000000000000000000000000000000000000000000000000000000000000000000 0 0
23772	22.326	0.000	( 0 )	101010011010000010100001110010010110010111101011110010011111010101101000010001110010001110000000000000000000000000000000000000000000000000000000000000000000000000000000000000000000 0 0
23771	22.326	0.000	( 0 )	101010011010000010100001110010010110010111101011110010011111010101101000010001110010001110000000000000000000000000000000000000000000000000000000000000000000000000000000000000000000 0 0
23773	22.326	0.000	( 0 )	101010011010000010100001110010010110010111101011110010011111010101101000010001110010001110000000000000000000000000000000000000000000000000000000000000000000000000000000000000000000 0 0
23744	22.326	0.000	( 0 )	101010011010000010100001110010010110010111101011110010011111010101101000010001110010001110000000000000000000000000000000000000000000000000000000000000000000000000000000000000000000 0 0
23768	22.326	0.000	( 0 )	101010011010000010100001110010010110010111101011110010011111010101101000010001110010001110000000000000000000000000000000000000000000000000000000000000000000000000000000000000000000 0 0
23791	23.438	0.000	( 0 )	101010011010000010100001110010010110000111101011110010011111010101101000010001110010001110000000000000000000000000000000000000000000000000000000000000000000000000000000000000000000 1 0
23792	23.438	0.000	( 0 )	101010011010000010100001110010010110000111101011110010011111010101101000010001110010001110000000000000000000000000000000000000000000000000000000000000000000000000000000000000000000 0 0
23815	23.438	0.000	( 0 )	101010011010000010100001110010010110000111101011110010011111010101101000010001110010001110000000000000000000000000000000000000000000000000000000000000000000000000000000000000000000 0 0
23790	23.438	0.000	( 0 )	101010011010000010100001110010010110000111101011110010011111010101101000010001110010001110000000000000000000000000000000000000000000000000000000000000000000000000000000000000000000 0 0
23775	24.549	0.000	( 0 )	101010011010000010100001110010010110000111101011110010011111010101101000011001110010001110000000000000000000000000000000000000000000000000000000000000000000000000000000000000000000 1 0
23777	24.549	0.000	( 0 )	101010011010000010100001110010010110000111101011110010011111010101101000011001110010001110000000000000000000000000000000000000000000000000000000000000000000000000000000000000000000 0 0
23776	24.549	0.000	( 0 )	101010011010000010100001110010010110000111101011110010011111010101101000011001110010001110000000000000000000000000000000000000000000000000000000000000000000000000000000000000000000 0 0
23914	25.660	0.000	( 0 )	101010011010000010100001110010010110000111101011110010011111010101101000011011110010001110000000000000000000000000000000000000000000000000000000000000000000000000000000000000000000 1 0
23846	25.660	0.000	( 0 )	101010011010000010100001110010010110000111101011110010011111010101101000011011110010001110000000000000000000000000000000000000000000000000000000000000000000000000000000000000000000 0 0
23834	25.660	0.000	( 0 )	101010011010000010100001110010010110000111101011110010011111010101101000011011110010001110000000000000000000000000000000000000000000000000000000000000000000000000000000000000000000 0 0
23888	25.660	0.000	( 0 )	101010011010000010100001110010010110000111101011110010011111010101101000011011110010001110000000000000000000000000000000000000000000000000000000000000000000000000000000000000000000 0 0
23844	25.660	0.000	( 0 )	101010011010000010100001110010010110000111101011110010011111010101101000011011110010001110000000000000000000000000000000000000000000000000000000000000000000000000000000000000000000 0 0
23892	25.660	0.000	( 0 )	101010011010000010100001110010010110000111101011110010011111010101101000011011110010001110000000000000000000000000000000000000000000000000000000000000000000000000000000000000000000 0 0
23894	25.660	0.000	( 0 )	101010011010000010100001110010010110000111101011110010011111010101101000011011110010001110000000000000000000000000000000000000000000000000000000000000000000000000000000000000000000 0 0
23886	25.660	0.000	( 0 )	101010011010000010100001110010010110000111101011110010011111010101101000011011110010001110000000000000000000000000000000000000000000000000000000000000000000000000000000000000000000 0 0
23913	25.660	0.000	( 0 )	101010011010000010100001110010010110000111101011110010011111010101101000011011110010001110000000000000000000000000000000000000000000000000000000000000000000000000000000000000000000 0 0
23852	26.772	0.000	( 0 )	101010011010000010100001110010010110000111101011110010011111010100101000011011110010001110000000000000000000000000000000000000000000000000000000000000000000000000000000000000000000 1 0
23935	27.883	0.000	( 0 )	001010011010000010100001110010010110000111101011110010011111010100101000011011110010001110000000000000000000000000000000000000000000000000000000000000000000000000000000000000000000 1 0
23944	27.883	0.000	( 0 )	001010011010000010100001110010010110000111101011110010011111010100101000011011110010001110000000000000000000000000000000000000000000000000000000000000000000000000000000000000000000 0 0
23943	27.883	0.000	( 0 )	001010011010000010100001110010010110000111101011110010011111010100101000011011110010001110000000000000000000000000000000000000000000000000000000000000000000000000000000000000000000 0 0
23942	27.883	0.000	( 0 )	001010011010000010100001110010010110000111101011110010011111010100101000011011110010001110000000000000000000000000000000000000000000000000000000000000000000000000000000000000000000 0 0
23933	27.883	0.000	( 0 )	001010011010000010100001110010010110000111101011110010011111010100101000011011110010001110000000000000000000000000000000000000000000000000000000000000000000000000000000000000000000 0 0
23928	27.883	0.000	( 0 )	001010011010000010100001110010010110000111101011110010011111010100101000011011110010001110000000000000000000000000000000000000000000000000000000000000000000000000000000000000000000 0 0
23971	28.994	0.000	( 0 )	001010011010000010100001110011010110000111101011110010011111010100101000011011110010001110000000000000000000000000000000000000000000000000000000000000000000000000000000000000000000 1 0
23985	30.106	0.000	( 0 )	001010011010000010100001110011010110000111101011110010011111010100101000011011110010001111000000000000000000000000000000000000000000000000000000000000000000000000000000000000000000 1 0
23988	30.106	0.000	( 0 )	001010011010000010100001110011010110000111101011110010011111010100101000011011110010001111000000000000000000000000000000000000000000000000000000000000000000000000000000000000000000 0 0
23987	30.106	0.000	( 0 )	001010011010000010100001110011010110000111101011110010011111010100101000011011110010001111000000000000000000000000000000000000000000000000000000000000000000000000000000000000000000 0 0
23979	30.106	0.000	( 0 )	001010011010000010100001110011010110000111101011110010011111010100101000011011110010001111000000000000000000000000000000000000000000000000000000000000000000000000000000000000000000 0 0
23986	30.106	0.000	( 0 )	001010011010000010100001110011010110000111101011110010011111010100101000011011110010001111000000000000000000000000000000000000000000000000000000000000000000000000000000000000000000 0 0
24046	34.562	0.000	( 0 )	001010011010100010100001110011010110000110101011110010011111010100111000111011110010001111000000000000000000000000000000000000000000000000000000000000000000000000000000000000000000 4 0
24080	34.562	0.000	( 0 )	001010011010100010100001110011010110000110101011110010011111010100111000111011110010001111000000000000000000000000000000000000000000000000000000000000000000000000000000000000000000 0 0
24043	34.562	0.000	( 0 )	001010011010100010100001110011010110000110101011110010011111010100111000111011110010001111000000000000000000000000000000000000000000000000000000000000000000000000000000000000000000 0 0
24057	34.562	0.000	( 0 )	001010011010100010100001110011010110000110101011110010011111010100111000111011110010001111000000000000000000000000000000000000000000000000000000000000000000000000000000000000000000 0 0
24075	34.562	0.000	( 0 )	001010011010100010100001110011010110000110101011110010011111010100111000111011110010001111000000000000000000000000000000000000000000000000000000000000000000000000000000000000000000 0 0
24076	34.562	0.000	( 0 )	001010011010100010100001110011010110000110101011110010011111010100111000111011110010001111000000000000000000000000000000000000000000000000000000000000000000000000000000000000000000 0 0
24052	34.562	0.000	( 0 )	001010011010100010100001110011010110000110101011110010011111010100111000111011110010001111000000000000000000000000000000000000000000000000000000000000000000000000000000000000000000 0 0
24066	34.562	0.000	( 0 )	001010011010100010100001110011010110000110101011110010011111010100111000111011110010001111000000000000000000000000000000000000000000000000000000000000000000000000000000000000000000 0 0
24047	34.562	0.000	( 0 )	001010011010100010100001110011010110000110101011110010011111010100111000111011110010001111000000000000000000000000000000000000000000000000000000000000000000000000000000000000000000 0 0
24078	34.562	0.000	( 0 )	001010011010100010100001110011010110000110101011110010011111010100111000111011110010001111000000000000000000000000000000000000000000000000000000000000000000000000000000000000000000 0 0
24070	34.562	0.000	( 0 )	001010011010100010100001110011010110000110101011110010011111010100111000111011110010001111000000000000000000000000000000000000000000000000000000000000000000000000000000000000000000 0 0
24068	34.562	0.000	( 0 )	001010011010100010100001110011010110000110101011110010011111010100111000111011110010001111000000000000000000000000000000000000000000000000000000000000000000000000000000000000000000 0 0
24077	34.562	0.000	( 0 )	001010011010100010100001110011010110000110101011110010011111010100111000111011110010001111000000000000000000000000000000000000000000000000000000000000000000000000000000000000000000 0 0
24098	35.673	0.000	( 0 )	001010011010100010100001110011010110000110101011110010011111010100110000111011110010001111000000000000000000000000000000000000000000000000000000000000000000000000000000000000000000 1 0
24105	35.673	0.000	( 0 )	001010011010100010100001110011010110000110101011110010011111010100110000111011110010001111000000000000000000000000000000000000000000000000000000000000000000000000000000000000000000 0 0
24198	36.784	0.000	( 0 )	001010011010100010100001110011010110000110101011100010011111010100110000111011110010001111000000000000000000000000000000000000000000000000000000000000000000000000000000000000000000 1 0
24199	36.784	0.000	( 0 )	001010011010100010100001110011010110000110101011100010011111010100110000111011110010001111000000000000000000000000000000000000000000000000000000000000000000000000000000000000000000 0 0
24176	37.896	0.000	( 0 )	001010011010100010100101110011010110000110101011100010011111010100110000111011110010001111000000000000000000000000000000000000000000000000000000000000000000000000000000000000000000 1 0
24243	37.896	0.000	( 0 )	001010011010100010100101110011010110000110101011100010011111010100110000111011110010001111000000000000000000000000000000000000000000000000000000000000000000000000000000000000000000 0 0
24175	37.896	0.000	( 0 )	001010011010100010100101110011010110000110101011100010011111010100110000111011110010001111000000000000000000000000000000000000000000000000000000000000000000000000000000000000000000 0 0
24213	37.896	0.000	( 0 )	001010011010100010100101110011010110000110101011100010011111010100110000111011110010001111000000000000000000000000000000000000000000000000000000000000000000000000000000000000000000 0 0
24170	37.896	0.000	( 0 )	001010011010100010100101110011010110000110101011100010011111010100110000111011110010001111000000000000000000000000000000000000000000000000000000000000000000000000000000000000000000 0 0
24247	37.896	0.000	( 0 )	001010011010100010100101110011010110000110101011100010011111010100110000111011110010001111000000000000000000000000000000000000000000000000000000000000000000000000000000000000000000 0 0
24241	37.896	0.000	( 0 )	001010011010100010100101110011010110000110101011100010011111010100110000111011110010001111000000000000000000000000000000000000000000000000000000000000000000000000000000000000000000 0 0
24254	37.896	0.000	( 0 )	001010011010100010100101110011010110000110101011100010011111010100110000111011110010001111000000000000000000000000000000000000000000000000000000000000000000000000000000000000000000 0 0
24246	37.896	0.000	( 0 )	001010011010100010100101110011010110000110101011100010011111010100110000111011110010001111000000000000000000000000000000000000000000000000000000000000000000000000000000000000000000 0 0
24215	37.896	0.000	( 0 )	001010011010100010100101110011010110000110101011100010011111010100110000111011110010001111000000000000000000000000000000000000000000000000000000000000000000000000000000000000000000 0 0
24168	37.896	0.000	( 0 )	001010011010100010100101110011010110000110101011100010011111010100110000111011110010001111000000000000000000000000000000000000000000000000000000000000000000000000000000000000000000 0 0
24171	37.896	0.000	( 0 )	001010011010100010100101110011010110000110101011100010011111010100110000111011110010001111000000000000000000000000000000000000000000000000000000000000000000000000000000000000000000 0 0
24249	37.896	0.000	( 0 )	001010011010100010100101110011010110000110101011100010011111010100110000111011110010001111000000000000000000000000000000000000000000000000000000000000000000000000000000000000000000 0 0
24214	37.896	0.000	( 0 )	001010011010100010100101110011010110000110101011100010011111010100110000111011110010001111000000000000000000000000000000000000000000000000000000000000000000000000000000000000000000 0 0
24271	37.896	0.000	( 0 )	001010011010100010100101110011010110000110101011100010011111010100110000111011110010001111000000000000000000000000000000000000000000000000000000000000000000000000000000000000000000 0 0
24244	37.896	0.000	( 0 )	001010011010100010100101110011010110000110101011100010011111010100110000111011110010001111000000000000000000000000000000000000000000000000000000000000000000000000000000000000000000 0 0
24242	37.896	0.000	( 0 )	001010011010100010100101110011010110000110101011100010011111010100110000111011110010001111000000000000000000000000000000000000000000000000000000000000000000000000000000000000000000 0 0
24219	37.896	0.000	( 0 )	001010011010100010100101110011010110000110101011100010011111010100110000111011110010001111000000000000000000000000000000000000000000000000000000000000000000000000000000000000000000 0 0
24277	39.007	0.000	( 0 )	001010011010100010100101110011010110000110101011100010011111010100110100111011110010001111000000000000000000000000000000000000000000000000000000000000000000000000000000000000000000 1 0
24278	39.007	0.000	( 0 )	001010011010100010100101110011010110000110101011100010011111010100110100111011110010001111000000000000000000000000000000000000000000000000000000000000000000000000000000000000000000 0 0
24305	39.007	0.000	( 0 )	001010011010100010100101110011010110000110101011100010011111010100110100111011110010001111000000000000000000000000000000000000000000000000000000000000000000000000000000000000000000 0 0
24294	39.007	0.000	( 0 )	001010011010100010100101110011010110000110101011100010011111010100110100111011110010001111000000000000000000000000000000000000000000000000000000000000000000000000000000000000000000 0 0
24330	40.118	0.000	( 0 )	001010011010100010100101110011010110000110101011100010011111010100110100111011100010001111000000000000000000000000000000000000000000000000000000000000000000000000000000000000000000 1 0
24333	40.118	0.000	( 0 )	001010011010100010100101110011010110000110101011100010011111010100110100111011100010001111000000000000000000000000000000000000000000000000000000000000000000000000000000000000000000 0 0
24340	40.118	0.000	( 0 )	001010011010100010100101110011010110000110101011100010011111010100110100111011100010001111000000000000000000000000000000000000000000000000000000000000000000000000000000000000000000 0 0
24342	40.118	0.000	( 0 )	001010011010100010100101110011010110000110101011100010011111010100110100111011100010001111000000000000000000000000000000000000000000000000000000000000000000000000000000000000000000 0 0
24334	40.118	0.000	( 0 )	001010011010100010100101110011010110000110101011100010011111010100110100111011100010001111000000000000000000000000000000000000000000000000000000000000000000000000000000000000000000 0 0
24309	40.118	0.000	( 0 )	001010011010100010100101110011010110000110101011100010011111010100110100111011100010001111000000000000000000000000000000000000000000000000000000000000000000000000000000000000000000 0 0
24308	40.118	0.000	( 0 )	001010011010100010100101110011010110000110101011100010011111010100110100111011100010001111000000000000000000000000000000000000000000000000000000000000000000000000000000000000000000 0 0
24458	42.342	0.000	( 0 )	001010011010100010100101110011010110000110101011100010011111010100110100111011100010010111000000000000000000000000000000000000000000000000000000000000000000000000000000000000000000 2 0
24378	42.342	0.000	( 0 )	001010011010100010100101110011010110000110101011100010011111010100110100111011100010010111000000000000000000000000000000000000000000000000000000000000000000000000000000000000000000 0 0
24496	42.342	0.000	( 0 )	001010011010100010100101110011010110000110101011100010011111010100110100111011100010010111000000000000000000000000000000000000000000000000000000000000000000000000000000000000000000 0 0
24426	42.342	0.000	( 0 )	001010011010100010100101110011010110000110101011100010011111010100110100111011100010010111000000000000000000000000000000000000000000000000000000000000000000000000000000000000000000 0 0
24359	42.342	0.000	( 0 )	001010011010100010100101110011010110000110101011100010011111010100110100111011100010010111000000000000000000000000000000000000000000000000000000000000000000000000000000000000000000 0 0
24466	42.342	0.000	( 0 )	001010011010100010100101110011010110000110101011100010011111010100110100111011100010010111000000000000000000000000000000000000000000000000000000000000000000000000000000000000000000 0 0
24360	42.342	0.000	( 0 )	001010011010100010100101110011010110000110101011100010011111010100110100111011100010010111000000000000000000000000000000000000000000000000000000000000000000000000000000000000000000 0 0
24467	42.342	0.000	( 0 )	001010011010100010100101110011010110000110101011100010011111010100110100111011100010010111000000000000000000000000000000000000000000000000000000000000000000000000000000000000000000 0 0
24463	42.342	0.000	( 0 )	001010011010100010100101110011010110000110101011100010011111010100110100111011100010010111000000000000000000000000000000000000000000000000000000000000000000000000000000000000000000 0 0
24423	42.342	0.000	( 0 )	001010011010100010100101110011010110000110101011100010011111010100110100111011100010010111000000000000000000000000000000000000000000000000000000000000000000000000000000000000000000 0 0
24457	42.342	0.000	( 0 )	001010011010100010100101110011010110000110101011100010011111010100110100111011100010010111000000000000000000000000000000000000000000000000000000000000000000000000000000000000000000 0 0
24361	44.566	0.000	( 0 )	001010011010100010100101110011010110000110101011100010011111010100111100111011100011010111000000000000000000000000000000000000000000000000000000000000000000000000000000000000000000 2 0
24420	44.566	0.000	( 0 )	001010011010100010100101110011010110000110101011100010011111010100111100111011100011010111000000000000000000000000000000000000000000000000000000000000000000000000000000000000000000 0 0
24358	44.566	0.000	( 0 )	001010011010100010100101110011010110000110101011100010011111010100111100111011100011010111000000000000000000000000000000000000000000000000000000000000000000000000000000000000000000 0 0
24434	47.904	0.000	( 0 )	001010011010100010100101111111011110000110101011100010011111010100111100111011100011010111000000000000000000000000000000000000000000000000000000000000000000000000000000000000000000 3 0
24429	47.904	0.000	( 0 )	001010011010100010100101111111011110000110101011100010011111010100111100111011100011010111000000000000000000000000000000000000000000000000000000000000000000000000000000000000000000 0 0
24428	47.904	0.000	( 0 )	001010011010100010100101111111011110000110101011100010011111010100111100111011100011010111000000000000000000000000000000000000000000000000000000000000000000000000000000000000000000 0 0
24164	70.424	0.000	( 0 )	011110011011100011111101111111111110111110111011111010011111110110111100111111111111010111000000000000000000000000000000000000000000000000000000000000000000000000000000000000000000 19 0
24780	71.535	0.000	( 0 )	011110011011100011111101111111111110111110111011111010011111110110111100111111111111110111000000000000000000000000000000000000000000000000000000000000000000000000000000000000000000 1 0
24102	71.535	0.000	( 0 )	011110011011100011111101111111111110111110111011111010011111110110111100111111111111110111000000000000000000000000000000000000000000000000000000000000000000000000000000000000000000 0 0
24103	71.535	0.000	( 0 )	011110011011100011111101111111111110111110111011111010011111110110111100111111111111110111000000000000000000000000000000000000000000000000000000000000000000000000000000000000000000 0 0
24779	71.535	0.000	( 0 )	011110011011100011111101111111111110111110111011111010011111110110111100111111111111110111000000000000000000000000000000000000000000000000000000000000000000000000000000000000000000 0 0
24776	71.535	0.000	( 0 )	011110011011100011111101111111111110111110111011111010011111110110111100111111111111110111000000000000000000000000000000000000000000000000000000000000000000000000000000000000000000 0 0
24778	71.535	0.000	( 0 )	011110011011100011111101111111111110111110111011111010011111110110111100111111111111110111000000000000000000000000000000000000000000000000000000000000000000000000000000000000000000 0 0
24777	71.535	0.000	( 0 )	011110011011100011111101111111111110111110111011111010011111110110111100111111111111110111000000000000000000000000000000000000000000000000000000000000000000000000000000000000000000 0 0
24781	71.535	0.000	( 0 )	011110011011100011111101111111111110111110111011111010011111110110111100111111111111110111000000000000000000000000000000000000000000000000000000000000000000000000000000000000000000 0 0
24422	88.864	0.000	( 0 )	001010011010100010111101110011010110000110101011110010011111010100111100111111111111110111000000000000000000000000000000000000000000000000000000000000000000000000000000000000000000 15 0
24706	95.570	0.000	( 0 )	001010011010100010111101100011010110000110101011100010011111010100111100111111101001110011000000000000000000000000000000000000000000000000000000000000000000000000000000000000000000 6 0
24584	97.794	0.000	( 0 )	001010011010100010110101100011010110000110101011100010011111010100111100111111100001110011000000000000000000000000000000000000000000000000000000000000000000000000000000000000000000 2 0
24633	102.250	0.000	( 0 )	001010011010100010110101100011010110000110101011100010011111010100110100111011100000010011000000000000000000000000000000000000000000000000000000000000000000000000000000000000000000 4 0
24689	102.250	0.000	( 0 )	001010011010100010110101100011010110000110101011100010011111010100110100111011100000010011000000000000000000000000000000000000000000000000000000000000000000000000000000000000000000 0 0
24595	102.250	0.000	( 0 )	001010011010100010110101100011010110000110101011100010011111010100110100111011100000010011000000000000000000000000000000000000000000000000000000000000000000000000000000000000000000 0 0
24688	102.250	0.000	( 0 )	001010011010100010110101100011010110000110101011100010011111010100110100111011100000010011000000000000000000000000000000000000000000000000000000000000000000000000000000000000000000 0 0
24690	102.250	0.000	( 0 )	001010011010100010110101100011010110000110101011100010011111010100110100111011100000010011000000000000000000000000000000000000000000000000000000000000000000000000000000000000000000 0 0
24695	102.250	0.000	( 0 )	001010011010100010110101100011010110000110101011100010011111010100110100111011100000010011000000000000000000000000000000000000000000000000000000000000000000000000000000000000000000 0 0
24581	102.250	0.000	( 0 )	001010011010100010110101100011010110000110101011100010011111010100110100111011100000010011000000000000000000000000000000000000000000000000000000000000000000000000000000000000000000 0 0
24741	103.361	0.000	( 0 )	001010011010100010110101100011010010000110101011100010011111010100110100111011100000010011000000000000000000000000000000000000000000000000000000000000000000000000000000000000000000 1 0
24739	103.361	0.000	( 0 )	001010011010100010110101100011010010000110101011100010011111010100110100111011100000010011000000000000000000000000000000000000000000000000000000000000000000000000000000000000000000 0 0
24738	103.361	0.000	( 0 )	001010011010100010110101100011010010000110101011100010011111010100110100111011100000010011000000000000000000000000000000000000000000000000000000000000000000000000000000000000000000 0 0
24618	106.700	0.000	( 0 )	001010011000100010110101100010010010000110101011100010011111010100100100111011100000010011000000000000000000000000000000000000000000000000000000000000000000000000000000000000000000 3 0
24698	107.811	0.000	( 0 )	001000011000100010110101100010010010000110101011100010011111010100100100111011100000010011000000000000000000000000000000000000000000000000000000000000000000000000000000000000000000 1 0
24697	108.922	0.000	( 0 )	001000011000100010110101100010010010000010101011100010011111010100100100111011100000010011000000000000000000000000000000000000000000000000000000000000000000000000000000000000000000 1 0
24326	119.059	0.000	( 0 )	001000011000100010000101100000010010000000101000100010011111000100100000111010100000010011000000000000000000000000000000000000000000000000000000000000000000000000000000000000000000 9 0
24791	122.397	0.000	( 0 )	001000011000100010000101100000010010000000100000100010010111000000100000111010100000010011000000000000000000000000000000000000000000000000000000000000000000000000000000000000000000 3 0
24367	126.853	0.000	( 0 )	001000011000100010000101000000010010000000100000100010000110000000100000101010100000010011000000000000000000000000000000000000000000000000000000000000000000000000000000000000000000 4 0
24597	126.853	0.000	( 0 )	001000011000100010000101000000010010000000100000100010000110000000100000101010100000010011000000000000000000000000000000000000000000000000000000000000000000000000000000000000000000 0 0
24598	126.853	0.000	( 0 )	001000011000100010000101000000010010000000100000100010000110000000100000101010100000010011000000000000000000000000000000000000000000000000000000000000000000000000000000000000000000 0 0
24596	126.853	0.000	( 0 )	001000011000100010000101000000010010000000100000100010000110000000100000101010100000010011000000000000000000000000000000000000000000000000000000000000000000000000000000000000000000 0 0
