#java OrderMarkers2 data=- evaluateOrder=reordermarkers/iterations/ordered.17.35 useKosambi=1 numThreads=4 calculateIntervals=intervals/ordered.17.intervals randSeed=-7350010559895701323
Loading file
No grandparents present in family V
Number of individuals = 92
Number of families = 1
File loaded with 42521 SNPs
Number of individuals = 92 excluding grandparents
Number of families = 1
Number of markers = 210
Setting dataScale to 0.42857142857142855 all likelihoods will be multiplied by 2.3333333333333335
Initial score = -2742.7582323635697
Iteration 1 of 6
884884288488421 done
Polishing map...
score = -2763.8241880472337
*score = -2742.427765451205
score = -2746.545043744291
*score = -2738.2969383258055
Iteration 2 of 6
884884288488421 done
Polishing map...
score = -2734.931561507429
*score = -2722.5037989990365
score = -2719.7325446979653
*score = -2719.7325446979653
Iteration 3 of 6
884884288488421 done
Polishing map...
score = -2763.749417103971
score = -2752.0874395111127
score = -2756.9539645650907
score = -2744.9566630192026
Iteration 4 of 6
884884288488421 done
Polishing map...
score = -2687.030956893971
*score = -2672.8154031349422
score = -2678.039458756584
*score = -2669.659731061578
Iteration 5 of 6
884884288488421 done
Polishing map...
score = -2762.0660403890447
score = -2722.4727704848556
score = -2701.6854507688345
score = -2689.7750419391396
Iteration 6 of 6
884884288488421 done
Polishing map...
score = -2688.408004050392
score = -2673.6702766729595
score = -2670.68225786598
*score = -2663.8549284054043
Final score = -2663.8549284054043
Setting dataScale to 0.42857142857142855 all likelihoods will be multiplied by 2.3333333333333335
logL = -2663.8549284054043
number of recombinations = 59.0 logL = -2663.8549284054043
Individual	V	P14459_103_S3	recombines	1	times
Individual	V	P14459_105_S5	recombines	1	times
Individual	V	P14459_107_S7	recombines	1	times
Individual	V	P14459_109_S9	recombines	1	times
Individual	V	P14459_110_S10	recombines	1	times
Individual	V	P14459_111_S11	recombines	1	times
Individual	V	P14459_112_S12	recombines	2	times
Individual	V	P14459_116_S16	recombines	1	times
Individual	V	P14459_117_S17	recombines	1	times
Individual	V	P14459_121_S21	recombines	1	times
Individual	V	P14459_122_S22	recombines	3	times
Individual	V	P14459_123_S23	recombines	1	times
Individual	V	P14459_124_S24	recombines	2	times
Individual	V	P14459_125_S25	recombines	1	times
Individual	V	P14459_126_S26	recombines	1	times
Individual	V	P14459_127_S27	recombines	1	times
Individual	V	P14459_128_S28	recombines	1	times
Individual	V	P14459_130_S30	recombines	1	times
Individual	V	P14459_132_S32	recombines	1	times
Individual	V	P14459_136_S36	recombines	1	times
Individual	V	P14459_137_S37	recombines	1	times
Individual	V	P14459_138_S38	recombines	1	times
Individual	V	P14459_139_S39	recombines	1	times
Individual	V	P14459_140_S40	recombines	1	times
Individual	V	P14459_141_S41	recombines	1	times
Individual	V	P14459_144_S44	recombines	2	times
Individual	V	P14459_145_S45	recombines	2	times
Individual	V	P14459_146_S46	recombines	1	times
Individual	V	P14459_148_S48	recombines	1	times
Individual	V	P14459_149_S49	recombines	1	times
Individual	V	P14459_150_S50	recombines	1	times
Individual	V	P14459_152_S52	recombines	1	times
Individual	V	P14459_153_S53	recombines	1	times
Individual	V	P14459_159_S59	recombines	1	times
Individual	V	P14459_160_S60	recombines	1	times
Individual	V	P14459_166_S66	recombines	1	times
Individual	V	P14459_167_S67	recombines	1	times
Individual	V	P14459_169_S69	recombines	1	times
Individual	V	P14459_171_S71	recombines	1	times
Individual	V	P14459_172_S72	recombines	1	times
Individual	V	P14459_178_S78	recombines	1	times
Individual	V	P14459_179_S79	recombines	1	times
Individual	V	P14459_180_S80	recombines	3	times
Individual	V	P14459_181_S81	recombines	1	times
Individual	V	P14459_185_S85	recombines	1	times
Individual	V	P14459_188_S88	recombines	1	times
Individual	V	P14459_189_S89	recombines	1	times
Individual	V	P14459_190_S90	recombines	1	times
Individual	V	P14459_191_S91	recombines	1	times
Individual	V	P14459_192_S92	recombines	1	times
Individual	V	P14459_195_S95	recombines	1	times
#*** LG = 0 likelihood = -2663.8549
#marker_number	male_position	female_position	( 0.0 )[	phased data]
11996	0.000	0.000	( 0 )	010000001110110100110011111010001111010110101101101100000001101010110011000101000000110001000000000000000000000000000000000000000000000000000000000000000000000000000000000000000000 0 0
11995	0.000	0.000	( 0 )	010000001110110100110011111010001111010110101101101100000001101010110011000101000000110001000000000000000000000000000000000000000000000000000000000000000000000000000000000000000000 0 0
12003	0.000	0.000	( 0 )	010000001110110100110011111010001111010110101101101100000001101010110011000101000000110001000000000000000000000000000000000000000000000000000000000000000000000000000000000000000000 0 0
11997	0.000	0.000	( 0 )	010000001110110100110011111010001111010110101101101100000001101010110011000101000000110001000000000000000000000000000000000000000000000000000000000000000000000000000000000000000000 0 0
12004	0.000	0.000	( 0 )	010000001110110100110011111010001111010110101101101100000001101010110011000101000000110001000000000000000000000000000000000000000000000000000000000000000000000000000000000000000000 0 0
11993	0.000	0.000	( 0 )	010000001110110100110011111010001111010110101101101100000001101010110011000101000000110001000000000000000000000000000000000000000000000000000000000000000000000000000000000000000000 0 0
12002	1.111	0.000	( 0 )	010000001110110100110011111010001111010110101101101100000001101010100011000101000000110001000000000000000000000000000000000000000000000000000000000000000000000000000000000000000000 1 0
12007	7.818	0.000	( 0 )	010000000110110100110001111000001110110111101101101100000001101010100011000101000000110001000000000000000000000000000000000000000000000000000000000000000000000000000000000000000000 6 0
12014	7.818	0.000	( 0 )	010000000110110100110001111000001110110111101101101100000001101010100011000101000000110001000000000000000000000000000000000000000000000000000000000000000000000000000000000000000000 0 0
12012	7.818	0.000	( 0 )	010000000110110100110001111000001110110111101101101100000001101010100011000101000000110001000000000000000000000000000000000000000000000000000000000000000000000000000000000000000000 0 0
12033	8.929	0.000	( 0 )	010000000110110100110001111000001110111111101101101100000001101010100011000101000000110001000000000000000000000000000000000000000000000000000000000000000000000000000000000000000000 1 0
12065	8.929	0.000	( 0 )	010000000110110100110001111000001110111111101101101100000001101010100011000101000000110001000000000000000000000000000000000000000000000000000000000000000000000000000000000000000000 0 0
12032	8.929	0.000	( 0 )	010000000110110100110001111000001110111111101101101100000001101010100011000101000000110001000000000000000000000000000000000000000000000000000000000000000000000000000000000000000000 0 0
12028	8.929	0.000	( 0 )	010000000110110100110001111000001110111111101101101100000001101010100011000101000000110001000000000000000000000000000000000000000000000000000000000000000000000000000000000000000000 0 0
12029	8.929	0.000	( 0 )	010000000110110100110001111000001110111111101101101100000001101010100011000101000000110001000000000000000000000000000000000000000000000000000000000000000000000000000000000000000000 0 0
12143	12.267	0.000	( 0 )	010000000110110000111101111000001110111111101101101100000001101010100011000101000000110001000000000000000000000000000000000000000000000000000000000000000000000000000000000000000000 3 0
12085	12.267	0.000	( 0 )	010000000110110000111101111000001110111111101101101100000001101010100011000101000000110001000000000000000000000000000000000000000000000000000000000000000000000000000000000000000000 0 0
12142	12.267	0.000	( 0 )	010000000110110000111101111000001110111111101101101100000001101010100011000101000000110001000000000000000000000000000000000000000000000000000000000000000000000000000000000000000000 0 0
12083	12.267	0.000	( 0 )	010000000110110000111101111000001110111111101101101100000001101010100011000101000000110001000000000000000000000000000000000000000000000000000000000000000000000000000000000000000000 0 0
12157	13.379	0.000	( 0 )	010000000110110000111101111000001110111111101101101100000001101010100011000101000000010001000000000000000000000000000000000000000000000000000000000000000000000000000000000000000000 1 0
12156	13.379	0.000	( 0 )	010000000110110000111101111000001110111111101101101100000001101010100011000101000000010001000000000000000000000000000000000000000000000000000000000000000000000000000000000000000000 0 0
12144	14.490	0.000	( 0 )	010000000110111000111101111000001110111111101101101100000001101010100011000101000000010001000000000000000000000000000000000000000000000000000000000000000000000000000000000000000000 1 0
12225	22.331	0.000	( 0 )	010000000110111000101101111000001110111111101101101100011001111010100011001101000010010000000000000000000000000000000000000000000000000000000000000000000000000000000000000000000000 7 0
12226	22.331	0.000	( 0 )	010000000110111000101101111000001110111111101101101100011001111010100011001101000010010000000000000000000000000000000000000000000000000000000000000000000000000000000000000000000000 0 0
12234	23.443	0.000	( 0 )	010000000110111000101100111000001110111111101101101100011001111010100011001101000010010000000000000000000000000000000000000000000000000000000000000000000000000000000000000000000000 1 0
12235	23.443	0.000	( 0 )	010000000110111000101100111000001110111111101101101100011001111010100011001101000010010000000000000000000000000000000000000000000000000000000000000000000000000000000000000000000000 0 0
12233	23.443	0.000	( 0 )	010000000110111000101100111000001110111111101101101100011001111010100011001101000010010000000000000000000000000000000000000000000000000000000000000000000000000000000000000000000000 0 0
12274	24.554	0.000	( 0 )	010000000110111000101100101000001110111111101101101100011001111010100011001101000010010000000000000000000000000000000000000000000000000000000000000000000000000000000000000000000000 1 0
12367	24.554	0.000	( 0 )	010000000110111000101100101000001110111111101101101100011001111010100011001101000010010000000000000000000000000000000000000000000000000000000000000000000000000000000000000000000000 0 0
12340	24.554	0.000	( 0 )	010000000110111000101100101000001110111111101101101100011001111010100011001101000010010000000000000000000000000000000000000000000000000000000000000000000000000000000000000000000000 0 0
12275	25.665	0.000	( 0 )	010000000110111000101100101000001110111111101101101100011001111010100011001101000010011000000000000000000000000000000000000000000000000000000000000000000000000000000000000000000000 1 0
12551	31.244	0.000	( 0 )	000000000110111000101100100000001110111111101101101100011001110000100011101101000010011000000000000000000000000000000000000000000000000000000000000000000000000000000000000000000000 5 0
12552	31.244	0.000	( 0 )	000000000110111000101100100000001110111111101101101100011001110000100011101101000010011000000000000000000000000000000000000000000000000000000000000000000000000000000000000000000000 0 0
12477	32.355	0.000	( 0 )	000000000110111000101100100000001110111111101101111100011001110000100011101101000010011000000000000000000000000000000000000000000000000000000000000000000000000000000000000000000000 1 0
12478	32.355	0.000	( 0 )	000000000110111000101100100000001110111111101101111100011001110000100011101101000010011000000000000000000000000000000000000000000000000000000000000000000000000000000000000000000000 0 0
12479	32.355	0.000	( 0 )	000000000110111000101100100000001110111111101101111100011001110000100011101101000010011000000000000000000000000000000000000000000000000000000000000000000000000000000000000000000000 0 0
12579	33.467	0.000	( 0 )	000001000110111000101100100000001110111111101101111100011001110000100011101101000010011000000000000000000000000000000000000000000000000000000000000000000000000000000000000000000000 1 0
12529	33.467	0.000	( 0 )	000001000110111000101100100000001110111111101101111100011001110000100011101101000010011000000000000000000000000000000000000000000000000000000000000000000000000000000000000000000000 0 0
12631	33.467	0.000	( 0 )	000001000110111000101100100000001110111111101101111100011001110000100011101101000010011000000000000000000000000000000000000000000000000000000000000000000000000000000000000000000000 0 0
12528	33.467	0.000	( 0 )	000001000110111000101100100000001110111111101101111100011001110000100011101101000010011000000000000000000000000000000000000000000000000000000000000000000000000000000000000000000000 0 0
12531	33.467	0.000	( 0 )	000001000110111000101100100000001110111111101101111100011001110000100011101101000010011000000000000000000000000000000000000000000000000000000000000000000000000000000000000000000000 0 0
12642	33.467	0.000	( 0 )	000001000110111000101100100000001110111111101101111100011001110000100011101101000010011000000000000000000000000000000000000000000000000000000000000000000000000000000000000000000000 0 0
12639	33.467	0.000	( 0 )	000001000110111000101100100000001110111111101101111100011001110000100011101101000010011000000000000000000000000000000000000000000000000000000000000000000000000000000000000000000000 0 0
12574	33.467	0.000	( 0 )	000001000110111000101100100000001110111111101101111100011001110000100011101101000010011000000000000000000000000000000000000000000000000000000000000000000000000000000000000000000000 0 0
12613	33.467	0.000	( 0 )	000001000110111000101100100000001110111111101101111100011001110000100011101101000010011000000000000000000000000000000000000000000000000000000000000000000000000000000000000000000000 0 0
12533	33.467	0.000	( 0 )	000001000110111000101100100000001110111111101101111100011001110000100011101101000010011000000000000000000000000000000000000000000000000000000000000000000000000000000000000000000000 0 0
12618	33.467	0.000	( 0 )	000001000110111000101100100000001110111111101101111100011001110000100011101101000010011000000000000000000000000000000000000000000000000000000000000000000000000000000000000000000000 0 0
12534	33.467	0.000	( 0 )	000001000110111000101100100000001110111111101101111100011001110000100011101101000010011000000000000000000000000000000000000000000000000000000000000000000000000000000000000000000000 0 0
12530	33.467	0.000	( 0 )	000001000110111000101100100000001110111111101101111100011001110000100011101101000010011000000000000000000000000000000000000000000000000000000000000000000000000000000000000000000000 0 0
12614	33.467	0.000	( 0 )	000001000110111000101100100000001110111111101101111100011001110000100011101101000010011000000000000000000000000000000000000000000000000000000000000000000000000000000000000000000000 0 0
12532	33.467	0.000	( 0 )	000001000110111000101100100000001110111111101101111100011001110000100011101101000010011000000000000000000000000000000000000000000000000000000000000000000000000000000000000000000000 0 0
12616	33.467	0.000	( 0 )	000001000110111000101100100000001110111111101101111100011001110000100011101101000010011000000000000000000000000000000000000000000000000000000000000000000000000000000000000000000000 0 0
12619	33.467	0.000	( 0 )	000001000110111000101100100000001110111111101101111100011001110000100011101101000010011000000000000000000000000000000000000000000000000000000000000000000000000000000000000000000000 0 0
12637	33.467	0.000	( 0 )	000001000110111000101100100000001110111111101101111100011001110000100011101101000010011000000000000000000000000000000000000000000000000000000000000000000000000000000000000000000000 0 0
12641	33.467	0.000	( 0 )	000001000110111000101100100000001110111111101101111100011001110000100011101101000010011000000000000000000000000000000000000000000000000000000000000000000000000000000000000000000000 0 0
12505	33.467	0.000	( 0 )	000001000110111000101100100000001110111111101101111100011001110000100011101101000010011000000000000000000000000000000000000000000000000000000000000000000000000000000000000000000000 0 0
12580	33.467	0.000	( 0 )	000001000110111000101100100000001110111111101101111100011001110000100011101101000010011000000000000000000000000000000000000000000000000000000000000000000000000000000000000000000000 0 0
12583	33.467	0.000	( 0 )	000001000110111000101100100000001110111111101101111100011001110000100011101101000010011000000000000000000000000000000000000000000000000000000000000000000000000000000000000000000000 0 0
12615	33.467	0.000	( 0 )	000001000110111000101100100000001110111111101101111100011001110000100011101101000010011000000000000000000000000000000000000000000000000000000000000000000000000000000000000000000000 0 0
12643	33.467	0.000	( 0 )	000001000110111000101100100000001110111111101101111100011001110000100011101101000010011000000000000000000000000000000000000000000000000000000000000000000000000000000000000000000000 0 0
12617	33.467	0.000	( 0 )	000001000110111000101100100000001110111111101101111100011001110000100011101101000010011000000000000000000000000000000000000000000000000000000000000000000000000000000000000000000000 0 0
12535	33.467	0.000	( 0 )	000001000110111000101100100000001110111111101101111100011001110000100011101101000010011000000000000000000000000000000000000000000000000000000000000000000000000000000000000000000000 0 0
12576	33.467	0.000	( 0 )	000001000110111000101100100000001110111111101101111100011001110000100011101101000010011000000000000000000000000000000000000000000000000000000000000000000000000000000000000000000000 0 0
12623	33.467	0.000	( 0 )	000001000110111000101100100000001110111111101101111100011001110000100011101101000010011000000000000000000000000000000000000000000000000000000000000000000000000000000000000000000000 0 0
12721	34.578	0.000	( 0 )	000001000110111000101100100000001110111111101101111100011001110000100011101101000011011000000000000000000000000000000000000000000000000000000000000000000000000000000000000000000000 1 0
12648	34.578	0.000	( 0 )	000001000110111000101100100000001110111111101101111100011001110000100011101101000011011000000000000000000000000000000000000000000000000000000000000000000000000000000000000000000000 0 0
12717	34.578	0.000	( 0 )	000001000110111000101100100000001110111111101101111100011001110000100011101101000011011000000000000000000000000000000000000000000000000000000000000000000000000000000000000000000000 0 0
12654	34.578	0.000	( 0 )	000001000110111000101100100000001110111111101101111100011001110000100011101101000011011000000000000000000000000000000000000000000000000000000000000000000000000000000000000000000000 0 0
12805	34.578	0.000	( 0 )	000001000110111000101100100000001110111111101101111100011001110000100011101101000011011000000000000000000000000000000000000000000000000000000000000000000000000000000000000000000000 0 0
13042	34.578	0.000	( 0 )	000001000110111000101100100000001110111111101101111100011001110000100011101101000011011000000000000000000000000000000000000000000000000000000000000000000000000000000000000000000000 0 0
12723	34.578	0.000	( 0 )	000001000110111000101100100000001110111111101101111100011001110000100011101101000011011000000000000000000000000000000000000000000000000000000000000000000000000000000000000000000000 0 0
12653	34.578	0.000	( 0 )	000001000110111000101100100000001110111111101101111100011001110000100011101101000011011000000000000000000000000000000000000000000000000000000000000000000000000000000000000000000000 0 0
12650	34.578	0.000	( 0 )	000001000110111000101100100000001110111111101101111100011001110000100011101101000011011000000000000000000000000000000000000000000000000000000000000000000000000000000000000000000000 0 0
12724	34.578	0.000	( 0 )	000001000110111000101100100000001110111111101101111100011001110000100011101101000011011000000000000000000000000000000000000000000000000000000000000000000000000000000000000000000000 0 0
12719	34.578	0.000	( 0 )	000001000110111000101100100000001110111111101101111100011001110000100011101101000011011000000000000000000000000000000000000000000000000000000000000000000000000000000000000000000000 0 0
12781	34.578	0.000	( 0 )	000001000110111000101100100000001110111111101101111100011001110000100011101101000011011000000000000000000000000000000000000000000000000000000000000000000000000000000000000000000000 0 0
12796	34.578	0.000	( 0 )	000001000110111000101100100000001110111111101101111100011001110000100011101101000011011000000000000000000000000000000000000000000000000000000000000000000000000000000000000000000000 0 0
12657	34.578	0.000	( 0 )	000001000110111000101100100000001110111111101101111100011001110000100011101101000011011000000000000000000000000000000000000000000000000000000000000000000000000000000000000000000000 0 0
12800	34.578	0.000	( 0 )	000001000110111000101100100000001110111111101101111100011001110000100011101101000011011000000000000000000000000000000000000000000000000000000000000000000000000000000000000000000000 0 0
12722	34.578	0.000	( 0 )	000001000110111000101100100000001110111111101101111100011001110000100011101101000011011000000000000000000000000000000000000000000000000000000000000000000000000000000000000000000000 0 0
12649	34.578	0.000	( 0 )	000001000110111000101100100000001110111111101101111100011001110000100011101101000011011000000000000000000000000000000000000000000000000000000000000000000000000000000000000000000000 0 0
12808	34.578	0.000	( 0 )	000001000110111000101100100000001110111111101101111100011001110000100011101101000011011000000000000000000000000000000000000000000000000000000000000000000000000000000000000000000000 0 0
12802	34.578	0.000	( 0 )	000001000110111000101100100000001110111111101101111100011001110000100011101101000011011000000000000000000000000000000000000000000000000000000000000000000000000000000000000000000000 0 0
12718	34.578	0.000	( 0 )	000001000110111000101100100000001110111111101101111100011001110000100011101101000011011000000000000000000000000000000000000000000000000000000000000000000000000000000000000000000000 0 0
12691	34.578	0.000	( 0 )	000001000110111000101100100000001110111111101101111100011001110000100011101101000011011000000000000000000000000000000000000000000000000000000000000000000000000000000000000000000000 0 0
12656	34.578	0.000	( 0 )	000001000110111000101100100000001110111111101101111100011001110000100011101101000011011000000000000000000000000000000000000000000000000000000000000000000000000000000000000000000000 0 0
12720	34.578	0.000	( 0 )	000001000110111000101100100000001110111111101101111100011001110000100011101101000011011000000000000000000000000000000000000000000000000000000000000000000000000000000000000000000000 0 0
12797	34.578	0.000	( 0 )	000001000110111000101100100000001110111111101101111100011001110000100011101101000011011000000000000000000000000000000000000000000000000000000000000000000000000000000000000000000000 0 0
12689	34.578	0.000	( 0 )	000001000110111000101100100000001110111111101101111100011001110000100011101101000011011000000000000000000000000000000000000000000000000000000000000000000000000000000000000000000000 0 0
12687	34.578	0.000	( 0 )	000001000110111000101100100000001110111111101101111100011001110000100011101101000011011000000000000000000000000000000000000000000000000000000000000000000000000000000000000000000000 0 0
12725	34.578	0.000	( 0 )	000001000110111000101100100000001110111111101101111100011001110000100011101101000011011000000000000000000000000000000000000000000000000000000000000000000000000000000000000000000000 0 0
12801	34.578	0.000	( 0 )	000001000110111000101100100000001110111111101101111100011001110000100011101101000011011000000000000000000000000000000000000000000000000000000000000000000000000000000000000000000000 0 0
12860	35.689	0.000	( 0 )	000001000010111000101100100000001110111111101101111100011001110000100011101101000011011000000000000000000000000000000000000000000000000000000000000000000000000000000000000000000000 1 0
12945	35.689	0.000	( 0 )	000001000010111000101100100000001110111111101101111100011001110000100011101101000011011000000000000000000000000000000000000000000000000000000000000000000000000000000000000000000000 0 0
12911	35.689	0.000	( 0 )	000001000010111000101100100000001110111111101101111100011001110000100011101101000011011000000000000000000000000000000000000000000000000000000000000000000000000000000000000000000000 0 0
12924	35.689	0.000	( 0 )	000001000010111000101100100000001110111111101101111100011001110000100011101101000011011000000000000000000000000000000000000000000000000000000000000000000000000000000000000000000000 0 0
12865	35.689	0.000	( 0 )	000001000010111000101100100000001110111111101101111100011001110000100011101101000011011000000000000000000000000000000000000000000000000000000000000000000000000000000000000000000000 0 0
12854	35.689	0.000	( 0 )	000001000010111000101100100000001110111111101101111100011001110000100011101101000011011000000000000000000000000000000000000000000000000000000000000000000000000000000000000000000000 0 0
12861	35.689	0.000	( 0 )	000001000010111000101100100000001110111111101101111100011001110000100011101101000011011000000000000000000000000000000000000000000000000000000000000000000000000000000000000000000000 0 0
12908	35.689	0.000	( 0 )	000001000010111000101100100000001110111111101101111100011001110000100011101101000011011000000000000000000000000000000000000000000000000000000000000000000000000000000000000000000000 0 0
12922	35.689	0.000	( 0 )	000001000010111000101100100000001110111111101101111100011001110000100011101101000011011000000000000000000000000000000000000000000000000000000000000000000000000000000000000000000000 0 0
12903	35.689	0.000	( 0 )	000001000010111000101100100000001110111111101101111100011001110000100011101101000011011000000000000000000000000000000000000000000000000000000000000000000000000000000000000000000000 0 0
12967	36.800	0.000	( 0 )	000001000010111000101100000000001110111111101101111100011001110000100011101101000011011000000000000000000000000000000000000000000000000000000000000000000000000000000000000000000000 1 0
12956	36.800	0.000	( 0 )	000001000010111000101100000000001110111111101101111100011001110000100011101101000011011000000000000000000000000000000000000000000000000000000000000000000000000000000000000000000000 0 0
12968	36.800	0.000	( 0 )	000001000010111000101100000000001110111111101101111100011001110000100011101101000011011000000000000000000000000000000000000000000000000000000000000000000000000000000000000000000000 0 0
13206	37.912	0.000	( 0 )	000001000010111000101100000000001100111111101101111100011001110000100011101101000011011000000000000000000000000000000000000000000000000000000000000000000000000000000000000000000000 1 0
13200	37.912	0.000	( 0 )	000001000010111000101100000000001100111111101101111100011001110000100011101101000011011000000000000000000000000000000000000000000000000000000000000000000000000000000000000000000000 0 0
13192	37.912	0.000	( 0 )	000001000010111000101100000000001100111111101101111100011001110000100011101101000011011000000000000000000000000000000000000000000000000000000000000000000000000000000000000000000000 0 0
13213	37.912	0.000	( 0 )	000001000010111000101100000000001100111111101101111100011001110000100011101101000011011000000000000000000000000000000000000000000000000000000000000000000000000000000000000000000000 0 0
13195	37.912	0.000	( 0 )	000001000010111000101100000000001100111111101101111100011001110000100011101101000011011000000000000000000000000000000000000000000000000000000000000000000000000000000000000000000000 0 0
13189	37.912	0.000	( 0 )	000001000010111000101100000000001100111111101101111100011001110000100011101101000011011000000000000000000000000000000000000000000000000000000000000000000000000000000000000000000000 0 0
13186	37.912	0.000	( 0 )	000001000010111000101100000000001100111111101101111100011001110000100011101101000011011000000000000000000000000000000000000000000000000000000000000000000000000000000000000000000000 0 0
13221	37.912	0.000	( 0 )	000001000010111000101100000000001100111111101101111100011001110000100011101101000011011000000000000000000000000000000000000000000000000000000000000000000000000000000000000000000000 0 0
13194	37.912	0.000	( 0 )	000001000010111000101100000000001100111111101101111100011001110000100011101101000011011000000000000000000000000000000000000000000000000000000000000000000000000000000000000000000000 0 0
13210	37.912	0.000	( 0 )	000001000010111000101100000000001100111111101101111100011001110000100011101101000011011000000000000000000000000000000000000000000000000000000000000000000000000000000000000000000000 0 0
13207	37.912	0.000	( 0 )	000001000010111000101100000000001100111111101101111100011001110000100011101101000011011000000000000000000000000000000000000000000000000000000000000000000000000000000000000000000000 0 0
13188	37.912	0.000	( 0 )	000001000010111000101100000000001100111111101101111100011001110000100011101101000011011000000000000000000000000000000000000000000000000000000000000000000000000000000000000000000000 0 0
13220	37.912	0.000	( 0 )	000001000010111000101100000000001100111111101101111100011001110000100011101101000011011000000000000000000000000000000000000000000000000000000000000000000000000000000000000000000000 0 0
13197	37.912	0.000	( 0 )	000001000010111000101100000000001100111111101101111100011001110000100011101101000011011000000000000000000000000000000000000000000000000000000000000000000000000000000000000000000000 0 0
13205	37.912	0.000	( 0 )	000001000010111000101100000000001100111111101101111100011001110000100011101101000011011000000000000000000000000000000000000000000000000000000000000000000000000000000000000000000000 0 0
13208	37.912	0.000	( 0 )	000001000010111000101100000000001100111111101101111100011001110000100011101101000011011000000000000000000000000000000000000000000000000000000000000000000000000000000000000000000000 0 0
13216	37.912	0.000	( 0 )	000001000010111000101100000000001100111111101101111100011001110000100011101101000011011000000000000000000000000000000000000000000000000000000000000000000000000000000000000000000000 0 0
13116	37.912	0.000	( 0 )	000001000010111000101100000000001100111111101101111100011001110000100011101101000011011000000000000000000000000000000000000000000000000000000000000000000000000000000000000000000000 0 0
13160	37.912	0.000	( 0 )	000001000010111000101100000000001100111111101101111100011001110000100011101101000011011000000000000000000000000000000000000000000000000000000000000000000000000000000000000000000000 0 0
13311	37.912	0.000	( 0 )	000001000010111000101100000000001100111111101101111100011001110000100011101101000011011000000000000000000000000000000000000000000000000000000000000000000000000000000000000000000000 0 0
13115	37.912	0.000	( 0 )	000001000010111000101100000000001100111111101101111100011001110000100011101101000011011000000000000000000000000000000000000000000000000000000000000000000000000000000000000000000000 0 0
13217	37.912	0.000	( 0 )	000001000010111000101100000000001100111111101101111100011001110000100011101101000011011000000000000000000000000000000000000000000000000000000000000000000000000000000000000000000000 0 0
13187	37.912	0.000	( 0 )	000001000010111000101100000000001100111111101101111100011001110000100011101101000011011000000000000000000000000000000000000000000000000000000000000000000000000000000000000000000000 0 0
19488	37.912	0.000	( 0 )	000001000010111000101100000000001100111111101101111100011001110000100011101101000011011000000000000000000000000000000000000000000000000000000000000000000000000000000000000000000000 0 0
13209	37.912	0.000	( 0 )	000001000010111000101100000000001100111111101101111100011001110000100011101101000011011000000000000000000000000000000000000000000000000000000000000000000000000000000000000000000000 0 0
13190	37.912	0.000	( 0 )	000001000010111000101100000000001100111111101101111100011001110000100011101101000011011000000000000000000000000000000000000000000000000000000000000000000000000000000000000000000000 0 0
13185	37.912	0.000	( 0 )	000001000010111000101100000000001100111111101101111100011001110000100011101101000011011000000000000000000000000000000000000000000000000000000000000000000000000000000000000000000000 0 0
13070	37.912	0.000	( 0 )	000001000010111000101100000000001100111111101101111100011001110000100011101101000011011000000000000000000000000000000000000000000000000000000000000000000000000000000000000000000000 0 0
13204	37.912	0.000	( 0 )	000001000010111000101100000000001100111111101101111100011001110000100011101101000011011000000000000000000000000000000000000000000000000000000000000000000000000000000000000000000000 0 0
13162	37.912	0.000	( 0 )	000001000010111000101100000000001100111111101101111100011001110000100011101101000011011000000000000000000000000000000000000000000000000000000000000000000000000000000000000000000000 0 0
13223	37.912	0.000	( 0 )	000001000010111000101100000000001100111111101101111100011001110000100011101101000011011000000000000000000000000000000000000000000000000000000000000000000000000000000000000000000000 0 0
13215	37.912	0.000	( 0 )	000001000010111000101100000000001100111111101101111100011001110000100011101101000011011000000000000000000000000000000000000000000000000000000000000000000000000000000000000000000000 0 0
13181	37.912	0.000	( 0 )	000001000010111000101100000000001100111111101101111100011001110000100011101101000011011000000000000000000000000000000000000000000000000000000000000000000000000000000000000000000000 0 0
13202	37.912	0.000	( 0 )	000001000010111000101100000000001100111111101101111100011001110000100011101101000011011000000000000000000000000000000000000000000000000000000000000000000000000000000000000000000000 0 0
13219	37.912	0.000	( 0 )	000001000010111000101100000000001100111111101101111100011001110000100011101101000011011000000000000000000000000000000000000000000000000000000000000000000000000000000000000000000000 0 0
13212	37.912	0.000	( 0 )	000001000010111000101100000000001100111111101101111100011001110000100011101101000011011000000000000000000000000000000000000000000000000000000000000000000000000000000000000000000000 0 0
13398	37.912	0.000	( 0 )	000001000010111000101100000000001100111111101101111100011001110000100011101101000011011000000000000000000000000000000000000000000000000000000000000000000000000000000000000000000000 0 0
13312	37.912	0.000	( 0 )	000001000010111000101100000000001100111111101101111100011001110000100011101101000011011000000000000000000000000000000000000000000000000000000000000000000000000000000000000000000000 0 0
13264	37.912	0.000	( 0 )	000001000010111000101100000000001100111111101101111100011001110000100011101101000011011000000000000000000000000000000000000000000000000000000000000000000000000000000000000000000000 0 0
13201	37.912	0.000	( 0 )	000001000010111000101100000000001100111111101101111100011001110000100011101101000011011000000000000000000000000000000000000000000000000000000000000000000000000000000000000000000000 0 0
13193	37.912	0.000	( 0 )	000001000010111000101100000000001100111111101101111100011001110000100011101101000011011000000000000000000000000000000000000000000000000000000000000000000000000000000000000000000000 0 0
13196	37.912	0.000	( 0 )	000001000010111000101100000000001100111111101101111100011001110000100011101101000011011000000000000000000000000000000000000000000000000000000000000000000000000000000000000000000000 0 0
13199	37.912	0.000	( 0 )	000001000010111000101100000000001100111111101101111100011001110000100011101101000011011000000000000000000000000000000000000000000000000000000000000000000000000000000000000000000000 0 0
13218	37.912	0.000	( 0 )	000001000010111000101100000000001100111111101101111100011001110000100011101101000011011000000000000000000000000000000000000000000000000000000000000000000000000000000000000000000000 0 0
13211	37.912	0.000	( 0 )	000001000010111000101100000000001100111111101101111100011001110000100011101101000011011000000000000000000000000000000000000000000000000000000000000000000000000000000000000000000000 0 0
13117	37.912	0.000	( 0 )	000001000010111000101100000000001100111111101101111100011001110000100011101101000011011000000000000000000000000000000000000000000000000000000000000000000000000000000000000000000000 0 0
13538	39.023	0.000	( 0 )	000001000000111000101100000000001100111111101101111100011001110000100011101101000011011000000000000000000000000000000000000000000000000000000000000000000000000000000000000000000000 1 0
13092	40.134	0.000	( 0 )	000001000000111000101100000000001100111111101101111100011001110000100011101001000011011000000000000000000000000000000000000000000000000000000000000000000000000000000000000000000000 1 0
13091	40.134	0.000	( 0 )	000001000000111000101100000000001100111111101101111100011001110000100011101001000011011000000000000000000000000000000000000000000000000000000000000000000000000000000000000000000000 0 0
13088	40.134	0.000	( 0 )	000001000000111000101100000000001100111111101101111100011001110000100011101001000011011000000000000000000000000000000000000000000000000000000000000000000000000000000000000000000000 0 0
13275	41.246	0.000	( 0 )	000001000000111000101100000000001100111111101101111100011001110000100011100001000011011000000000000000000000000000000000000000000000000000000000000000000000000000000000000000000000 1 0
13277	41.246	0.000	( 0 )	000001000000111000101100000000001100111111101101111100011001110000100011100001000011011000000000000000000000000000000000000000000000000000000000000000000000000000000000000000000000 0 0
13262	43.469	0.000	( 0 )	000001000000111000100100000000001100111101101101111100011001110000100011100001000011011000000000000000000000000000000000000000000000000000000000000000000000000000000000000000000000 2 0
13165	43.469	0.000	( 0 )	000001000000111000100100000000001100111101101101111100011001110000100011100001000011011000000000000000000000000000000000000000000000000000000000000000000000000000000000000000000000 0 0
13164	43.469	0.000	( 0 )	000001000000111000100100000000001100111101101101111100011001110000100011100001000011011000000000000000000000000000000000000000000000000000000000000000000000000000000000000000000000 0 0
13261	43.469	0.000	( 0 )	000001000000111000100100000000001100111101101101111100011001110000100011100001000011011000000000000000000000000000000000000000000000000000000000000000000000000000000000000000000000 0 0
13265	43.469	0.000	( 0 )	000001000000111000100100000000001100111101101101111100011001110000100011100001000011011000000000000000000000000000000000000000000000000000000000000000000000000000000000000000000000 0 0
13259	43.469	0.000	( 0 )	000001000000111000100100000000001100111101101101111100011001110000100011100001000011011000000000000000000000000000000000000000000000000000000000000000000000000000000000000000000000 0 0
13157	43.469	0.000	( 0 )	000001000000111000100100000000001100111101101101111100011001110000100011100001000011011000000000000000000000000000000000000000000000000000000000000000000000000000000000000000000000 0 0
13263	43.469	0.000	( 0 )	000001000000111000100100000000001100111101101101111100011001110000100011100001000011011000000000000000000000000000000000000000000000000000000000000000000000000000000000000000000000 0 0
13166	43.469	0.000	( 0 )	000001000000111000100100000000001100111101101101111100011001110000100011100001000011011000000000000000000000000000000000000000000000000000000000000000000000000000000000000000000000 0 0
13158	43.469	0.000	( 0 )	000001000000111000100100000000001100111101101101111100011001110000100011100001000011011000000000000000000000000000000000000000000000000000000000000000000000000000000000000000000000 0 0
13156	43.469	0.000	( 0 )	000001000000111000100100000000001100111101101101111100011001110000100011100001000011011000000000000000000000000000000000000000000000000000000000000000000000000000000000000000000000 0 0
13159	43.469	0.000	( 0 )	000001000000111000100100000000001100111101101101111100011001110000100011100001000011011000000000000000000000000000000000000000000000000000000000000000000000000000000000000000000000 0 0
13268	43.469	0.000	( 0 )	000001000000111000100100000000001100111101101101111100011001110000100011100001000011011000000000000000000000000000000000000000000000000000000000000000000000000000000000000000000000 0 0
13163	43.469	0.000	( 0 )	000001000000111000100100000000001100111101101101111100011001110000100011100001000011011000000000000000000000000000000000000000000000000000000000000000000000000000000000000000000000 0 0
13079	45.693	0.000	( 0 )	000001000010111000100100000000001100111111101101111100011001110000100011100001000011011000000000000000000000000000000000000000000000000000000000000000000000000000000000000000000000 2 0
13083	45.693	0.000	( 0 )	000001000010111000100100000000001100111111101101111100011001110000100011100001000011011000000000000000000000000000000000000000000000000000000000000000000000000000000000000000000000 0 0
13271	46.804	0.000	( 0 )	000001000010111000100100000000001100111111101101011100011001110000100011100001000011011000000000000000000000000000000000000000000000000000000000000000000000000000000000000000000000 1 0
13270	46.804	0.000	( 0 )	000001000010111000100100000000001100111111101101011100011001110000100011100001000011011000000000000000000000000000000000000000000000000000000000000000000000000000000000000000000000 0 0
13269	46.804	0.000	( 0 )	000001000010111000100100000000001100111111101101011100011001110000100011100001000011011000000000000000000000000000000000000000000000000000000000000000000000000000000000000000000000 0 0
13272	47.916	0.000	( 0 )	000001000010111000101100000000001100111111101101011100011001110000100011100001000011011000000000000000000000000000000000000000000000000000000000000000000000000000000000000000000000 1 0
13273	47.916	0.000	( 0 )	000001000010111000101100000000001100111111101101011100011001110000100011100001000011011000000000000000000000000000000000000000000000000000000000000000000000000000000000000000000000 0 0
13454	55.757	0.000	( 0 )	000101010010111000101110000000001100111111101111011100011001110000100011111001010011011000000000000000000000000000000000000000000000000000000000000000000000000000000000000000000000 7 0
13453	55.757	0.000	( 0 )	000101010010111000101110000000001100111111101111011100011001110000100011111001010011011000000000000000000000000000000000000000000000000000000000000000000000000000000000000000000000 0 0
13462	55.757	0.000	( 0 )	000101010010111000101110000000001100111111101111011100011001110000100011111001010011011000000000000000000000000000000000000000000000000000000000000000000000000000000000000000000000 0 0
13474	57.981	0.000	( 0 )	000101010010111000101110000000101000111111101111011100011001110000100011111001010011011000000000000000000000000000000000000000000000000000000000000000000000000000000000000000000000 2 0
13472	57.981	0.000	( 0 )	000101010010111000101110000000101000111111101111011100011001110000100011111001010011011000000000000000000000000000000000000000000000000000000000000000000000000000000000000000000000 0 0
13477	57.981	0.000	( 0 )	000101010010111000101110000000101000111111101111011100011001110000100011111001010011011000000000000000000000000000000000000000000000000000000000000000000000000000000000000000000000 0 0
13475	57.981	0.000	( 0 )	000101010010111000101110000000101000111111101111011100011001110000100011111001010011011000000000000000000000000000000000000000000000000000000000000000000000000000000000000000000000 0 0
13493	59.092	0.000	( 0 )	000101010010111000101110000000101000111110101111011100011001110000100011111001010011011000000000000000000000000000000000000000000000000000000000000000000000000000000000000000000000 1 0
13521	59.092	0.000	( 0 )	000101010010111000101110000000101000111110101111011100011001110000100011111001010011011000000000000000000000000000000000000000000000000000000000000000000000000000000000000000000000 0 0
13494	59.092	0.000	( 0 )	000101010010111000101110000000101000111110101111011100011001110000100011111001010011011000000000000000000000000000000000000000000000000000000000000000000000000000000000000000000000 0 0
13484	59.092	0.000	( 0 )	000101010010111000101110000000101000111110101111011100011001110000100011111001010011011000000000000000000000000000000000000000000000000000000000000000000000000000000000000000000000 0 0
8475	59.092	0.000	( 0 )	000101010010111000101110000000101000111110101111011100011001110000100011111001010011011000000000000000000000000000000000000000000000000000000000000000000000000000000000000000000000 0 0
13492	59.092	0.000	( 0 )	000101010010111000101110000000101000111110101111011100011001110000100011111001010011011000000000000000000000000000000000000000000000000000000000000000000000000000000000000000000000 0 0
19851	59.092	0.000	( 0 )	000101010010111000101110000000101000111110101111011100011001110000100011111001010011011000000000000000000000000000000000000000000000000000000000000000000000000000000000000000000000 0 0
13490	59.092	0.000	( 0 )	000101010010111000101110000000101000111110101111011100011001110000100011111001010011011000000000000000000000000000000000000000000000000000000000000000000000000000000000000000000000 0 0
13486	59.092	0.000	( 0 )	000101010010111000101110000000101000111110101111011100011001110000100011111001010011011000000000000000000000000000000000000000000000000000000000000000000000000000000000000000000000 0 0
13489	59.092	0.000	( 0 )	000101010010111000101110000000101000111110101111011100011001110000100011111001010011011000000000000000000000000000000000000000000000000000000000000000000000000000000000000000000000 0 0
8473	59.092	0.000	( 0 )	000101010010111000101110000000101000111110101111011100011001110000100011111001010011011000000000000000000000000000000000000000000000000000000000000000000000000000000000000000000000 0 0
13524	59.092	0.000	( 0 )	000101010010111000101110000000101000111110101111011100011001110000100011111001010011011000000000000000000000000000000000000000000000000000000000000000000000000000000000000000000000 0 0
19849	59.092	0.000	( 0 )	000101010010111000101110000000101000111110101111011100011001110000100011111001010011011000000000000000000000000000000000000000000000000000000000000000000000000000000000000000000000 0 0
13491	59.092	0.000	( 0 )	000101010010111000101110000000101000111110101111011100011001110000100011111001010011011000000000000000000000000000000000000000000000000000000000000000000000000000000000000000000000 0 0
13528	59.092	0.000	( 0 )	000101010010111000101110000000101000111110101111011100011001110000100011111001010011011000000000000000000000000000000000000000000000000000000000000000000000000000000000000000000000 0 0
13523	59.092	0.000	( 0 )	000101010010111000101110000000101000111110101111011100011001110000100011111001010011011000000000000000000000000000000000000000000000000000000000000000000000000000000000000000000000 0 0
13522	59.092	0.000	( 0 )	000101010010111000101110000000101000111110101111011100011001110000100011111001010011011000000000000000000000000000000000000000000000000000000000000000000000000000000000000000000000 0 0
13584	59.092	0.000	( 0 )	000101010010111000101110000000101000111110101111011100011001110000100011111001010011011000000000000000000000000000000000000000000000000000000000000000000000000000000000000000000000 0 0
13525	59.092	0.000	( 0 )	000101010010111000101110000000101000111110101111011100011001110000100011111001010011011000000000000000000000000000000000000000000000000000000000000000000000000000000000000000000000 0 0
16329	60.203	0.000	( 0 )	000101010010111000101110000000101000111110101011011100011001110000100011111001010011011000000000000000000000000000000000000000000000000000000000000000000000000000000000000000000000 1 0
17275	60.203	0.000	( 0 )	000101010010111000101110000000101000111110101011011100011001110000100011111001010011011000000000000000000000000000000000000000000000000000000000000000000000000000000000000000000000 0 0
16331	60.203	0.000	( 0 )	000101010010111000101110000000101000111110101011011100011001110000100011111001010011011000000000000000000000000000000000000000000000000000000000000000000000000000000000000000000000 0 0
40733	61.315	0.000	( 0 )	000101010010111000101110000000101000111110101011011100011001110000100011111001010011001000000000000000000000000000000000000000000000000000000000000000000000000000000000000000000000 1 0
40730	63.538	0.000	( 0 )	000101010010111000101110000000101000101110100011011100011001110000100011111001010011001000000000000000000000000000000000000000000000000000000000000000000000000000000000000000000000 2 0
17277	65.762	0.000	( 0 )	000101010010111000101110000000101000101110000011011100011001110000000011111001010011001000000000000000000000000000000000000000000000000000000000000000000000000000000000000000000000 2 0
