#java OrderMarkers2 data=- evaluateOrder=reordermarkers/iterations/ordered.19.19 useKosambi=1 numThreads=4 calculateIntervals=intervals/ordered.19.intervals randSeed=-6745157393542497799
Loading file
No grandparents present in family V
Number of individuals = 92
Number of families = 1
File loaded with 42521 SNPs
Number of individuals = 92 excluding grandparents
Number of families = 1
Number of markers = 175
Setting dataScale to 0.5142857142857142 all likelihoods will be multiplied by 1.9444444444444446
Initial score = -4089.8696067237797
Iteration 1 of 6
884884288488421 done
Polishing map...
score = -4399.3203742161
score = -4298.417763341768
score = -4244.227874615053
score = -4240.755779781202
Iteration 2 of 6
884884288488421 done
Polishing map...
score = -4269.015930853134
score = -4162.046187243704
score = -4161.346969566587
score = -4161.346969566587
Iteration 3 of 6
884884288488421 done
Polishing map...
score = -4296.186720568662
score = -4253.486226042581
score = -4274.41035399432
score = -4269.955920233579
Iteration 4 of 6
884884288488421 done
Polishing map...
score = -3781.712681941353
*score = -3745.975931490983
score = -3755.46626436371
score = -3751.955638398731
Iteration 5 of 6
884884288488421 done
Polishing map...
score = -4219.771202135737
score = -4201.127841044123
score = -4162.4022375361665
score = -4160.352543474887
Iteration 6 of 6
884884288488421 done
Polishing map...
score = -4384.311209273547
score = -4317.752325464217
score = -4073.84710311747
score = -4039.716001357485
Final score = -3745.975931490983
Setting dataScale to 0.5142857142857142 all likelihoods will be multiplied by 1.9444444444444446
logL = -3745.975931490983
number of recombinations = 102.0 logL = -3745.975931490983
Individual	V	P14459_101_S1	recombines	2	times
Individual	V	P14459_103_S3	recombines	2	times
Individual	V	P14459_104_S4	recombines	2	times
Individual	V	P14459_105_S5	recombines	1	times
Individual	V	P14459_106_S6	recombines	1	times
Individual	V	P14459_107_S7	recombines	1	times
Individual	V	P14459_108_S8	recombines	1	times
Individual	V	P14459_109_S9	recombines	1	times
Individual	V	P14459_110_S10	recombines	1	times
Individual	V	P14459_111_S11	recombines	2	times
Individual	V	P14459_112_S12	recombines	2	times
Individual	V	P14459_113_S13	recombines	2	times
Individual	V	P14459_114_S14	recombines	1	times
Individual	V	P14459_115_S15	recombines	1	times
Individual	V	P14459_116_S16	recombines	1	times
Individual	V	P14459_117_S17	recombines	2	times
Individual	V	P14459_118_S18	recombines	1	times
Individual	V	P14459_119_S19	recombines	1	times
Individual	V	P14459_120_S20	recombines	2	times
Individual	V	P14459_121_S21	recombines	1	times
Individual	V	P14459_122_S22	recombines	2	times
Individual	V	P14459_123_S23	recombines	1	times
Individual	V	P14459_125_S25	recombines	1	times
Individual	V	P14459_126_S26	recombines	1	times
Individual	V	P14459_127_S27	recombines	1	times
Individual	V	P14459_128_S28	recombines	1	times
Individual	V	P14459_129_S29	recombines	1	times
Individual	V	P14459_130_S30	recombines	2	times
Individual	V	P14459_132_S32	recombines	1	times
Individual	V	P14459_134_S34	recombines	1	times
Individual	V	P14459_135_S35	recombines	1	times
Individual	V	P14459_136_S36	recombines	1	times
Individual	V	P14459_137_S37	recombines	1	times
Individual	V	P14459_138_S38	recombines	1	times
Individual	V	P14459_139_S39	recombines	1	times
Individual	V	P14459_140_S40	recombines	1	times
Individual	V	P14459_144_S44	recombines	1	times
Individual	V	P14459_145_S45	recombines	1	times
Individual	V	P14459_147_S47	recombines	1	times
Individual	V	P14459_148_S48	recombines	2	times
Individual	V	P14459_149_S49	recombines	1	times
Individual	V	P14459_150_S50	recombines	1	times
Individual	V	P14459_151_S51	recombines	1	times
Individual	V	P14459_152_S52	recombines	1	times
Individual	V	P14459_153_S53	recombines	1	times
Individual	V	P14459_154_S54	recombines	2	times
Individual	V	P14459_156_S56	recombines	1	times
Individual	V	P14459_157_S57	recombines	2	times
Individual	V	P14459_158_S58	recombines	1	times
Individual	V	P14459_160_S60	recombines	1	times
Individual	V	P14459_162_S62	recombines	1	times
Individual	V	P14459_163_S63	recombines	1	times
Individual	V	P14459_164_S64	recombines	2	times
Individual	V	P14459_166_S66	recombines	2	times
Individual	V	P14459_167_S67	recombines	2	times
Individual	V	P14459_168_S68	recombines	2	times
Individual	V	P14459_169_S69	recombines	1	times
Individual	V	P14459_170_S70	recombines	1	times
Individual	V	P14459_171_S71	recombines	1	times
Individual	V	P14459_172_S72	recombines	1	times
Individual	V	P14459_173_S73	recombines	2	times
Individual	V	P14459_174_S74	recombines	2	times
Individual	V	P14459_176_S76	recombines	1	times
Individual	V	P14459_177_S77	recombines	1	times
Individual	V	P14459_178_S78	recombines	1	times
Individual	V	P14459_179_S79	recombines	1	times
Individual	V	P14459_180_S80	recombines	1	times
Individual	V	P14459_181_S81	recombines	3	times
Individual	V	P14459_182_S82	recombines	1	times
Individual	V	P14459_183_S83	recombines	1	times
Individual	V	P14459_184_S84	recombines	1	times
Individual	V	P14459_186_S86	recombines	1	times
Individual	V	P14459_187_S87	recombines	1	times
Individual	V	P14459_188_S88	recombines	1	times
Individual	V	P14459_189_S89	recombines	1	times
Individual	V	P14459_190_S90	recombines	1	times
Individual	V	P14459_191_S91	recombines	1	times
Individual	V	P14459_192_S92	recombines	1	times
Individual	V	P14459_193_S93	recombines	1	times
Individual	V	P14459_194_S94	recombines	1	times
Individual	V	P14459_195_S95	recombines	1	times
#*** LG = 0 likelihood = -3745.9759
#marker_number	male_position	female_position	( 0.0 )[	phased data]
37379	0.000	0.000	( 0 )	010100100011010000000011000011001011111111100101001100111100111001000111110000111001100010000000000000000000000000000000000000000000000000000000000000000000000000000000000000000000 0 0
37323	1.111	0.000	( 0 )	010100100011010000000011000011001011111111100101001100111100111001000111110000111001100011000000000000000000000000000000000000000000000000000000000000000000000000000000000000000000 1 0
37486	1.111	0.000	( 0 )	010100100011010000000011000011001011111111100101001100111100111001000111110000111001100011000000000000000000000000000000000000000000000000000000000000000000000000000000000000000000 0 0
37473	1.111	0.000	( 0 )	010100100011010000000011000011001011111111100101001100111100111001000111110000111001100011000000000000000000000000000000000000000000000000000000000000000000000000000000000000000000 0 0
37493	1.111	0.000	( 0 )	010100100011010000000011000011001011111111100101001100111100111001000111110000111001100011000000000000000000000000000000000000000000000000000000000000000000000000000000000000000000 0 0
37474	1.111	0.000	( 0 )	010100100011010000000011000011001011111111100101001100111100111001000111110000111001100011000000000000000000000000000000000000000000000000000000000000000000000000000000000000000000 0 0
37453	1.111	0.000	( 0 )	010100100011010000000011000011001011111111100101001100111100111001000111110000111001100011000000000000000000000000000000000000000000000000000000000000000000000000000000000000000000 0 0
37493	1.111	0.000	( 0 )	010100100011010000000011000011001011111111100101001100111100111001000111110000111001100011000000000000000000000000000000000000000000000000000000000000000000000000000000000000000000 0 0
37353	2.223	0.000	( 0 )	010110100011010000000011000011001011111111100101001100111100111001000111110000111001100011000000000000000000000000000000000000000000000000000000000000000000000000000000000000000000 1 0
37385	2.223	0.000	( 0 )	010110100011010000000011000011001011111111100101001100111100111001000111110000111001100011000000000000000000000000000000000000000000000000000000000000000000000000000000000000000000 0 0
37386	2.223	0.000	( 0 )	010110100011010000000011000011001011111111100101001100111100111001000111110000111001100011000000000000000000000000000000000000000000000000000000000000000000000000000000000000000000 0 0
37440	2.223	0.000	( 0 )	010110100011010000000011000011001011111111100101001100111100111001000111110000111001100011000000000000000000000000000000000000000000000000000000000000000000000000000000000000000000 0 0
37441	2.223	0.000	( 0 )	010110100011010000000011000011001011111111100101001100111100111001000111110000111001100011000000000000000000000000000000000000000000000000000000000000000000000000000000000000000000 0 0
37446	2.223	0.000	( 0 )	010110100011010000000011000011001011111111100101001100111100111001000111110000111001100011000000000000000000000000000000000000000000000000000000000000000000000000000000000000000000 0 0
37401	2.223	0.000	( 0 )	010110100011010000000011000011001011111111100101001100111100111001000111110000111001100011000000000000000000000000000000000000000000000000000000000000000000000000000000000000000000 0 0
37456	3.334	0.000	( 0 )	010110100011010000000011000111001011111111100101001100111100111001000111110000111001100011000000000000000000000000000000000000000000000000000000000000000000000000000000000000000000 1 0
37455	3.334	0.000	( 0 )	010110100011010000000011000111001011111111100101001100111100111001000111110000111001100011000000000000000000000000000000000000000000000000000000000000000000000000000000000000000000 0 0
37457	3.334	0.000	( 0 )	010110100011010000000011000111001011111111100101001100111100111001000111110000111001100011000000000000000000000000000000000000000000000000000000000000000000000000000000000000000000 0 0
37408	3.334	0.000	( 0 )	010110100011010000000011000111001011111111100101001100111100111001000111110000111001100011000000000000000000000000000000000000000000000000000000000000000000000000000000000000000000 0 0
37454	3.334	0.000	( 0 )	010110100011010000000011000111001011111111100101001100111100111001000111110000111001100011000000000000000000000000000000000000000000000000000000000000000000000000000000000000000000 0 0
37405	3.334	0.000	( 0 )	010110100011010000000011000111001011111111100101001100111100111001000111110000111001100011000000000000000000000000000000000000000000000000000000000000000000000000000000000000000000 0 0
37407	3.334	0.000	( 0 )	010110100011010000000011000111001011111111100101001100111100111001000111110000111001100011000000000000000000000000000000000000000000000000000000000000000000000000000000000000000000 0 0
37422	3.334	0.000	( 0 )	010110100011010000000011000111001011111111100101001100111100111001000111110000111001100011000000000000000000000000000000000000000000000000000000000000000000000000000000000000000000 0 0
37406	3.334	0.000	( 0 )	010110100011010000000011000111001011111111100101001100111100111001000111110000111001100011000000000000000000000000000000000000000000000000000000000000000000000000000000000000000000 0 0
37423	4.445	0.000	( 0 )	010110100011010000001011000111001011111111100101001100111100111001000111110000111001100011000000000000000000000000000000000000000000000000000000000000000000000000000000000000000000 1 0
37314	7.783	0.000	( 0 )	110110100011010010001011000111001011111111100101001100111101111001000111110000111001100011000000000000000000000000000000000000000000000000000000000000000000000000000000000000000000 3 0
37305	7.783	0.000	( 0 )	110110100011010010001011000111001011111111100101001100111101111001000111110000111001100011000000000000000000000000000000000000000000000000000000000000000000000000000000000000000000 0 0
37239	10.007	0.000	( 0 )	110110100011010110001011000111001011111111100101001100111101111001000111110010111001100011000000000000000000000000000000000000000000000000000000000000000000000000000000000000000000 2 0
37250	10.007	0.000	( 0 )	110110100011010110001011000111001011111111100101001100111101111001000111110010111001100011000000000000000000000000000000000000000000000000000000000000000000000000000000000000000000 0 0
37242	10.007	0.000	( 0 )	110110100011010110001011000111001011111111100101001100111101111001000111110010111001100011000000000000000000000000000000000000000000000000000000000000000000000000000000000000000000 0 0
37238	10.007	0.000	( 0 )	110110100011010110001011000111001011111111100101001100111101111001000111110010111001100011000000000000000000000000000000000000000000000000000000000000000000000000000000000000000000 0 0
37256	10.007	0.000	( 0 )	110110100011010110001011000111001011111111100101001100111101111001000111110010111001100011000000000000000000000000000000000000000000000000000000000000000000000000000000000000000000 0 0
37230	10.007	0.000	( 0 )	110110100011010110001011000111001011111111100101001100111101111001000111110010111001100011000000000000000000000000000000000000000000000000000000000000000000000000000000000000000000 0 0
37276	10.007	0.000	( 0 )	110110100011010110001011000111001011111111100101001100111101111001000111110010111001100011000000000000000000000000000000000000000000000000000000000000000000000000000000000000000000 0 0
37248	10.007	0.000	( 0 )	110110100011010110001011000111001011111111100101001100111101111001000111110010111001100011000000000000000000000000000000000000000000000000000000000000000000000000000000000000000000 0 0
37224	11.118	0.000	( 0 )	110110100011010110001011000111001011111111100101001100111101111011000111110010111001100011000000000000000000000000000000000000000000000000000000000000000000000000000000000000000000 1 0
37225	11.118	0.000	( 0 )	110110100011010110001011000111001011111111100101001100111101111011000111110010111001100011000000000000000000000000000000000000000000000000000000000000000000000000000000000000000000 0 0
37217	12.230	0.000	( 0 )	100110100011010110001011000111001011111111100101001100111101111011000111110010111001100011000000000000000000000000000000000000000000000000000000000000000000000000000000000000000000 1 0
37215	12.230	0.000	( 0 )	100110100011010110001011000111001011111111100101001100111101111011000111110010111001100011000000000000000000000000000000000000000000000000000000000000000000000000000000000000000000 0 0
37214	12.230	0.000	( 0 )	100110100011010110001011000111001011111111100101001100111101111011000111110010111001100011000000000000000000000000000000000000000000000000000000000000000000000000000000000000000000 0 0
40975	14.453	0.000	( 0 )	100110100011010110011011000111011011111111100101001100111101111011000111110010111001100011000000000000000000000000000000000000000000000000000000000000000000000000000000000000000000 2 0
37120	15.565	0.000	( 0 )	100110100011010110011011000111011011111111100101001100111101011011000111110010111001100011000000000000000000000000000000000000000000000000000000000000000000000000000000000000000000 1 0
37122	15.565	0.000	( 0 )	100110100011010110011011000111011011111111100101001100111101011011000111110010111001100011000000000000000000000000000000000000000000000000000000000000000000000000000000000000000000 0 0
37074	18.903	0.000	( 0 )	100110100011010110011011000101011011111111100101000101111101011011000111110010111001100011000000000000000000000000000000000000000000000000000000000000000000000000000000000000000000 3 0
37066	20.014	0.000	( 0 )	100110100011010110011011000101011011111111100101000101111101010011000111110010111001100011000000000000000000000000000000000000000000000000000000000000000000000000000000000000000000 1 0
37065	20.014	0.000	( 0 )	100110100011010110011011000101011011111111100101000101111101010011000111110010111001100011000000000000000000000000000000000000000000000000000000000000000000000000000000000000000000 0 0
37054	20.014	0.000	( 0 )	100110100011010110011011000101011011111111100101000101111101010011000111110010111001100011000000000000000000000000000000000000000000000000000000000000000000000000000000000000000000 0 0
37072	20.014	0.000	( 0 )	100110100011010110011011000101011011111111100101000101111101010011000111110010111001100011000000000000000000000000000000000000000000000000000000000000000000000000000000000000000000 0 0
37061	20.014	0.000	( 0 )	100110100011010110011011000101011011111111100101000101111101010011000111110010111001100011000000000000000000000000000000000000000000000000000000000000000000000000000000000000000000 0 0
37049	20.014	0.000	( 0 )	100110100011010110011011000101011011111111100101000101111101010011000111110010111001100011000000000000000000000000000000000000000000000000000000000000000000000000000000000000000000 0 0
37050	20.014	0.000	( 0 )	100110100011010110011011000101011011111111100101000101111101010011000111110010111001100011000000000000000000000000000000000000000000000000000000000000000000000000000000000000000000 0 0
37060	20.014	0.000	( 0 )	100110100011010110011011000101011011111111100101000101111101010011000111110010111001100011000000000000000000000000000000000000000000000000000000000000000000000000000000000000000000 0 0
37064	20.014	0.000	( 0 )	100110100011010110011011000101011011111111100101000101111101010011000111110010111001100011000000000000000000000000000000000000000000000000000000000000000000000000000000000000000000 0 0
37063	20.014	0.000	( 0 )	100110100011010110011011000101011011111111100101000101111101010011000111110010111001100011000000000000000000000000000000000000000000000000000000000000000000000000000000000000000000 0 0
36972	22.238	0.000	( 0 )	100110000011010110011011000101011011111111100101000101111111010011000111110010111001100011000000000000000000000000000000000000000000000000000000000000000000000000000000000000000000 2 0
36959	22.238	0.000	( 0 )	100110000011010110011011000101011011111111100101000101111111010011000111110010111001100011000000000000000000000000000000000000000000000000000000000000000000000000000000000000000000 0 0
36978	22.238	0.000	( 0 )	100110000011010110011011000101011011111111100101000101111111010011000111110010111001100011000000000000000000000000000000000000000000000000000000000000000000000000000000000000000000 0 0
36958	22.238	0.000	( 0 )	100110000011010110011011000101011011111111100101000101111111010011000111110010111001100011000000000000000000000000000000000000000000000000000000000000000000000000000000000000000000 0 0
36899	23.349	0.000	( 0 )	100110000011010110011011000101011011111111100101000101111111010011000111110010111001100111000000000000000000000000000000000000000000000000000000000000000000000000000000000000000000 1 0
36901	23.349	0.000	( 0 )	100110000011010110011011000101011011111111100101000101111111010011000111110010111001100111000000000000000000000000000000000000000000000000000000000000000000000000000000000000000000 0 0
40856	23.349	0.000	( 0 )	100110000011010110011011000101011011111111100101000101111111010011000111110010111001100111000000000000000000000000000000000000000000000000000000000000000000000000000000000000000000 0 0
36900	23.349	0.000	( 0 )	100110000011010110011011000101011011111111100101000101111111010011000111110010111001100111000000000000000000000000000000000000000000000000000000000000000000000000000000000000000000 0 0
36896	23.349	0.000	( 0 )	100110000011010110011011000101011011111111100101000101111111010011000111110010111001100111000000000000000000000000000000000000000000000000000000000000000000000000000000000000000000 0 0
36925	23.349	0.000	( 0 )	100110000011010110011011000101011011111111100101000101111111010011000111110010111001100111000000000000000000000000000000000000000000000000000000000000000000000000000000000000000000 0 0
40845	23.349	0.000	( 0 )	100110000011010110011011000101011011111111100101000101111111010011000111110010111001100111000000000000000000000000000000000000000000000000000000000000000000000000000000000000000000 0 0
36927	23.349	0.000	( 0 )	100110000011010110011011000101011011111111100101000101111111010011000111110010111001100111000000000000000000000000000000000000000000000000000000000000000000000000000000000000000000 0 0
36842	24.461	0.000	( 0 )	100110000011010110011011000101011011111111100101000101111111010011000111110010111001000111000000000000000000000000000000000000000000000000000000000000000000000000000000000000000000 1 0
36831	24.461	0.000	( 0 )	100110000011010110011011000101011011111111100101000101111111010011000111110010111001000111000000000000000000000000000000000000000000000000000000000000000000000000000000000000000000 0 0
40838	24.461	0.000	( 0 )	100110000011010110011011000101011011111111100101000101111111010011000111110010111001000111000000000000000000000000000000000000000000000000000000000000000000000000000000000000000000 0 0
40846	24.461	0.000	( 0 )	100110000011010110011011000101011011111111100101000101111111010011000111110010111001000111000000000000000000000000000000000000000000000000000000000000000000000000000000000000000000 0 0
40834	24.461	0.000	( 0 )	100110000011010110011011000101011011111111100101000101111111010011000111110010111001000111000000000000000000000000000000000000000000000000000000000000000000000000000000000000000000 0 0
36836	24.461	0.000	( 0 )	100110000011010110011011000101011011111111100101000101111111010011000111110010111001000111000000000000000000000000000000000000000000000000000000000000000000000000000000000000000000 0 0
40847	24.461	0.000	( 0 )	100110000011010110011011000101011011111111100101000101111111010011000111110010111001000111000000000000000000000000000000000000000000000000000000000000000000000000000000000000000000 0 0
40836	24.461	0.000	( 0 )	100110000011010110011011000101011011111111100101000101111111010011000111110010111001000111000000000000000000000000000000000000000000000000000000000000000000000000000000000000000000 0 0
40841	24.461	0.000	( 0 )	100110000011010110011011000101011011111111100101000101111111010011000111110010111001000111000000000000000000000000000000000000000000000000000000000000000000000000000000000000000000 0 0
40850	24.461	0.000	( 0 )	100110000011010110011011000101011011111111100101000101111111010011000111110010111001000111000000000000000000000000000000000000000000000000000000000000000000000000000000000000000000 0 0
40843	24.461	0.000	( 0 )	100110000011010110011011000101011011111111100101000101111111010011000111110010111001000111000000000000000000000000000000000000000000000000000000000000000000000000000000000000000000 0 0
40839	24.461	0.000	( 0 )	100110000011010110011011000101011011111111100101000101111111010011000111110010111001000111000000000000000000000000000000000000000000000000000000000000000000000000000000000000000000 0 0
40831	24.461	0.000	( 0 )	100110000011010110011011000101011011111111100101000101111111010011000111110010111001000111000000000000000000000000000000000000000000000000000000000000000000000000000000000000000000 0 0
40832	24.461	0.000	( 0 )	100110000011010110011011000101011011111111100101000101111111010011000111110010111001000111000000000000000000000000000000000000000000000000000000000000000000000000000000000000000000 0 0
40852	24.461	0.000	( 0 )	100110000011010110011011000101011011111111100101000101111111010011000111110010111001000111000000000000000000000000000000000000000000000000000000000000000000000000000000000000000000 0 0
40848	24.461	0.000	( 0 )	100110000011010110011011000101011011111111100101000101111111010011000111110010111001000111000000000000000000000000000000000000000000000000000000000000000000000000000000000000000000 0 0
40842	24.461	0.000	( 0 )	100110000011010110011011000101011011111111100101000101111111010011000111110010111001000111000000000000000000000000000000000000000000000000000000000000000000000000000000000000000000 0 0
40855	24.461	0.000	( 0 )	100110000011010110011011000101011011111111100101000101111111010011000111110010111001000111000000000000000000000000000000000000000000000000000000000000000000000000000000000000000000 0 0
40853	24.461	0.000	( 0 )	100110000011010110011011000101011011111111100101000101111111010011000111110010111001000111000000000000000000000000000000000000000000000000000000000000000000000000000000000000000000 0 0
36834	24.461	0.000	( 0 )	100110000011010110011011000101011011111111100101000101111111010011000111110010111001000111000000000000000000000000000000000000000000000000000000000000000000000000000000000000000000 0 0
36833	24.461	0.000	( 0 )	100110000011010110011011000101011011111111100101000101111111010011000111110010111001000111000000000000000000000000000000000000000000000000000000000000000000000000000000000000000000 0 0
36825	25.572	0.000	( 0 )	100110000010010110011011000101011011111111100101000101111111010011000111110010111001000111000000000000000000000000000000000000000000000000000000000000000000000000000000000000000000 1 0
36778	27.796	0.000	( 0 )	100110000010010110111011000101011011111111100101000101111111010111000111110010111001000111000000000000000000000000000000000000000000000000000000000000000000000000000000000000000000 2 0
36770	27.796	0.000	( 0 )	100110000010010110111011000101011011111111100101000101111111010111000111110010111001000111000000000000000000000000000000000000000000000000000000000000000000000000000000000000000000 0 0
36786	27.796	0.000	( 0 )	100110000010010110111011000101011011111111100101000101111111010111000111110010111001000111000000000000000000000000000000000000000000000000000000000000000000000000000000000000000000 0 0
36774	27.796	0.000	( 0 )	100110000010010110111011000101011011111111100101000101111111010111000111110010111001000111000000000000000000000000000000000000000000000000000000000000000000000000000000000000000000 0 0
36773	27.796	0.000	( 0 )	100110000010010110111011000101011011111111100101000101111111010111000111110010111001000111000000000000000000000000000000000000000000000000000000000000000000000000000000000000000000 0 0
36772	27.796	0.000	( 0 )	100110000010010110111011000101011011111111100101000101111111010111000111110010111001000111000000000000000000000000000000000000000000000000000000000000000000000000000000000000000000 0 0
36782	27.796	0.000	( 0 )	100110000010010110111011000101011011111111100101000101111111010111000111110010111001000111000000000000000000000000000000000000000000000000000000000000000000000000000000000000000000 0 0
36781	27.796	0.000	( 0 )	100110000010010110111011000101011011111111100101000101111111010111000111110010111001000111000000000000000000000000000000000000000000000000000000000000000000000000000000000000000000 0 0
36726	27.796	0.000	( 0 )	100110000010010110111011000101011011111111100101000101111111010111000111110010111001000111000000000000000000000000000000000000000000000000000000000000000000000000000000000000000000 0 0
36780	27.796	0.000	( 0 )	100110000010010110111011000101011011111111100101000101111111010111000111110010111001000111000000000000000000000000000000000000000000000000000000000000000000000000000000000000000000 0 0
36776	27.796	0.000	( 0 )	100110000010010110111011000101011011111111100101000101111111010111000111110010111001000111000000000000000000000000000000000000000000000000000000000000000000000000000000000000000000 0 0
36787	27.796	0.000	( 0 )	100110000010010110111011000101011011111111100101000101111111010111000111110010111001000111000000000000000000000000000000000000000000000000000000000000000000000000000000000000000000 0 0
36722	27.796	0.000	( 0 )	100110000010010110111011000101011011111111100101000101111111010111000111110010111001000111000000000000000000000000000000000000000000000000000000000000000000000000000000000000000000 0 0
36797	28.907	0.000	( 0 )	100110000010010110111011000101011011111111100101000101111111010111001111110010111001000111000000000000000000000000000000000000000000000000000000000000000000000000000000000000000000 1 0
36616	32.245	0.000	( 0 )	101110000010010110111011000101011011111110100101000101111111010110001111110010111001000111000000000000000000000000000000000000000000000000000000000000000000000000000000000000000000 3 0
36680	32.245	0.000	( 0 )	101110000010010110111011000101011011111110100101000101111111010110001111110010111001000111000000000000000000000000000000000000000000000000000000000000000000000000000000000000000000 0 0
36717	33.356	0.000	( 0 )	101110000010010110111011000101011011111100100101000101111111010110001111110010111001000111000000000000000000000000000000000000000000000000000000000000000000000000000000000000000000 1 0
36711	34.468	0.000	( 0 )	101110000010010110111011000101011011111100110101000101111111010110001111110010111001000111000000000000000000000000000000000000000000000000000000000000000000000000000000000000000000 1 0
36712	34.468	0.000	( 0 )	101110000010010110111011000101011011111100110101000101111111010110001111110010111001000111000000000000000000000000000000000000000000000000000000000000000000000000000000000000000000 0 0
36705	34.468	0.000	( 0 )	101110000010010110111011000101011011111100110101000101111111010110001111110010111001000111000000000000000000000000000000000000000000000000000000000000000000000000000000000000000000 0 0
36706	34.468	0.000	( 0 )	101110000010010110111011000101011011111100110101000101111111010110001111110010111001000111000000000000000000000000000000000000000000000000000000000000000000000000000000000000000000 0 0
36659	35.579	0.000	( 0 )	101110000010010110111011100101011011111100110101000101111111010110001111110010111001000111000000000000000000000000000000000000000000000000000000000000000000000000000000000000000000 1 0
36673	35.579	0.000	( 0 )	101110000010010110111011100101011011111100110101000101111111010110001111110010111001000111000000000000000000000000000000000000000000000000000000000000000000000000000000000000000000 0 0
36657	35.579	0.000	( 0 )	101110000010010110111011100101011011111100110101000101111111010110001111110010111001000111000000000000000000000000000000000000000000000000000000000000000000000000000000000000000000 0 0
36674	35.579	0.000	( 0 )	101110000010010110111011100101011011111100110101000101111111010110001111110010111001000111000000000000000000000000000000000000000000000000000000000000000000000000000000000000000000 0 0
36577	37.803	0.000	( 0 )	101110000010010110111011100101011001111100110101000101111111010110001110110010111001000111000000000000000000000000000000000000000000000000000000000000000000000000000000000000000000 2 0
36634	37.803	0.000	( 0 )	101110000010010110111011100101011001111100110101000101111111010110001110110010111001000111000000000000000000000000000000000000000000000000000000000000000000000000000000000000000000 0 0
36559	37.803	0.000	( 0 )	101110000010010110111011100101011001111100110101000101111111010110001110110010111001000111000000000000000000000000000000000000000000000000000000000000000000000000000000000000000000 0 0
36578	37.803	0.000	( 0 )	101110000010010110111011100101011001111100110101000101111111010110001110110010111001000111000000000000000000000000000000000000000000000000000000000000000000000000000000000000000000 0 0
36556	37.803	0.000	( 0 )	101110000010010110111011100101011001111100110101000101111111010110001110110010111001000111000000000000000000000000000000000000000000000000000000000000000000000000000000000000000000 0 0
36573	37.803	0.000	( 0 )	101110000010010110111011100101011001111100110101000101111111010110001110110010111001000111000000000000000000000000000000000000000000000000000000000000000000000000000000000000000000 0 0
36542	37.803	0.000	( 0 )	101110000010010110111011100101011001111100110101000101111111010110001110110010111001000111000000000000000000000000000000000000000000000000000000000000000000000000000000000000000000 0 0
36563	37.803	0.000	( 0 )	101110000010010110111011100101011001111100110101000101111111010110001110110010111001000111000000000000000000000000000000000000000000000000000000000000000000000000000000000000000000 0 0
36557	37.803	0.000	( 0 )	101110000010010110111011100101011001111100110101000101111111010110001110110010111001000111000000000000000000000000000000000000000000000000000000000000000000000000000000000000000000 0 0
36647	37.803	0.000	( 0 )	101110000010010110111011100101011001111100110101000101111111010110001110110010111001000111000000000000000000000000000000000000000000000000000000000000000000000000000000000000000000 0 0
36543	37.803	0.000	( 0 )	101110000010010110111011100101011001111100110101000101111111010110001110110010111001000111000000000000000000000000000000000000000000000000000000000000000000000000000000000000000000 0 0
36630	40.026	0.000	( 0 )	101110000010010110111011100101011001111100110101100101111111010110001110110110111001000111000000000000000000000000000000000000000000000000000000000000000000000000000000000000000000 2 0
36463	43.365	0.000	( 0 )	101110000010010110111010100101011001101100110101100101111111010110001010110110111001000111000000000000000000000000000000000000000000000000000000000000000000000000000000000000000000 3 0
36496	43.365	0.000	( 0 )	101110000010010110111010100101011001101100110101100101111111010110001010110110111001000111000000000000000000000000000000000000000000000000000000000000000000000000000000000000000000 0 0
36462	43.365	0.000	( 0 )	101110000010010110111010100101011001101100110101100101111111010110001010110110111001000111000000000000000000000000000000000000000000000000000000000000000000000000000000000000000000 0 0
36499	43.365	0.000	( 0 )	101110000010010110111010100101011001101100110101100101111111010110001010110110111001000111000000000000000000000000000000000000000000000000000000000000000000000000000000000000000000 0 0
36497	43.365	0.000	( 0 )	101110000010010110111010100101011001101100110101100101111111010110001010110110111001000111000000000000000000000000000000000000000000000000000000000000000000000000000000000000000000 0 0
36492	43.365	0.000	( 0 )	101110000010010110111010100101011001101100110101100101111111010110001010110110111001000111000000000000000000000000000000000000000000000000000000000000000000000000000000000000000000 0 0
36409	44.476	0.000	( 0 )	101110000010010110111010100101011001101100110101100101111111010110001010110110111011000111000000000000000000000000000000000000000000000000000000000000000000000000000000000000000000 1 0
36412	44.476	0.000	( 0 )	101110000010010110111010100101011001101100110101100101111111010110001010110110111011000111000000000000000000000000000000000000000000000000000000000000000000000000000000000000000000 0 0
36414	44.476	0.000	( 0 )	101110000010010110111010100101011001101100110101100101111111010110001010110110111011000111000000000000000000000000000000000000000000000000000000000000000000000000000000000000000000 0 0
36389	45.587	0.000	( 0 )	101110000010010110111010100101011001001100110101100101111111010110001010110110111011000111000000000000000000000000000000000000000000000000000000000000000000000000000000000000000000 1 0
36390	46.699	0.000	( 0 )	101110000000010110111010100101011001001100110101100101111111010110001010110110111011000111000000000000000000000000000000000000000000000000000000000000000000000000000000000000000000 1 0
36387	46.699	0.000	( 0 )	101110000000010110111010100101011001001100110101100101111111010110001010110110111011000111000000000000000000000000000000000000000000000000000000000000000000000000000000000000000000 0 0
36310	51.155	0.000	( 0 )	101110000100000110111010100101011001001100111101100101111111000110001010110110111011000111000000000000000000000000000000000000000000000000000000000000000000000000000000000000000000 4 0
36374	51.155	0.000	( 0 )	101110000100000110111010100101011001001100111101100101111111000110001010110110111011000111000000000000000000000000000000000000000000000000000000000000000000000000000000000000000000 0 0
36311	52.266	0.000	( 0 )	101110000100000110111010100101011001001100111101100101111111000110001010110110110011000111000000000000000000000000000000000000000000000000000000000000000000000000000000000000000000 1 0
36327	52.266	0.000	( 0 )	101110000100000110111010100101011001001100111101100101111111000110001010110110110011000111000000000000000000000000000000000000000000000000000000000000000000000000000000000000000000 0 0
36358	52.266	0.000	( 0 )	101110000100000110111010100101011001001100111101100101111111000110001010110110110011000111000000000000000000000000000000000000000000000000000000000000000000000000000000000000000000 0 0
36348	53.377	0.000	( 0 )	111110000100000110111010100101011001001100111101100101111111000110001010110110110011000111000000000000000000000000000000000000000000000000000000000000000000000000000000000000000000 1 0
36350	53.377	0.000	( 0 )	111110000100000110111010100101011001001100111101100101111111000110001010110110110011000111000000000000000000000000000000000000000000000000000000000000000000000000000000000000000000 0 0
36351	53.377	0.000	( 0 )	111110000100000110111010100101011001001100111101100101111111000110001010110110110011000111000000000000000000000000000000000000000000000000000000000000000000000000000000000000000000 0 0
36347	53.377	0.000	( 0 )	111110000100000110111010100101011001001100111101100101111111000110001010110110110011000111000000000000000000000000000000000000000000000000000000000000000000000000000000000000000000 0 0
36352	53.377	0.000	( 0 )	111110000100000110111010100101011001001100111101100101111111000110001010110110110011000111000000000000000000000000000000000000000000000000000000000000000000000000000000000000000000 0 0
36399	63.514	0.000	( 0 )	111010000000000110111010100101010001001100110001100101111111010110000000110010110011000111000000000000000000000000000000000000000000000000000000000000000000000000000000000000000000 9 0
36550	77.178	0.000	( 0 )	111010000000000110010010100101010000001100110000100100010111010110000100000010010010000111000000000000000000000000000000000000000000000000000000000000000000000000000000000000000000 12 0
36551	77.178	0.000	( 0 )	111010000000000110010010100101010000001100110000100100010111010110000100000010010010000111000000000000000000000000000000000000000000000000000000000000000000000000000000000000000000 0 0
36549	77.178	0.000	( 0 )	111010000000000110010010100101010000001100110000100100010111010110000100000010010010000111000000000000000000000000000000000000000000000000000000000000000000000000000000000000000000 0 0
36552	78.289	0.000	( 0 )	111010000000000010010010100101010000001100110000100100010111010110000100000010010010000111000000000000000000000000000000000000000000000000000000000000000000000000000000000000000000 1 0
36944	83.867	0.000	( 0 )	010010000000000010010010100101010000001100110000101100010111010010000100000010010010000101000000000000000000000000000000000000000000000000000000000000000000000000000000000000000000 5 0
36820	86.091	0.000	( 0 )	010010000000000010010010100101010000001100110000101100010111010010000100000011010010001101000000000000000000000000000000000000000000000000000000000000000000000000000000000000000000 2 0
36821	86.091	0.000	( 0 )	010010000000000010010010100101010000001100110000101100010111010010000100000011010010001101000000000000000000000000000000000000000000000000000000000000000000000000000000000000000000 0 0
37157	90.547	0.000	( 0 )	010010000000000010010010100101010100001100110000101110010111010010100100000011010010011101000000000000000000000000000000000000000000000000000000000000000000000000000000000000000000 4 0
37161	90.547	0.000	( 0 )	010010000000000010010010100101010100001100110000101110010111010010100100000011010010011101000000000000000000000000000000000000000000000000000000000000000000000000000000000000000000 0 0
37158	91.659	0.000	( 0 )	010010000000100010010010100101010100001100110000101110010111010010100100000011010010011101000000000000000000000000000000000000000000000000000000000000000000000000000000000000000000 1 0
37159	91.659	0.000	( 0 )	010010000000100010010010100101010100001100110000101110010111010010100100000011010010011101000000000000000000000000000000000000000000000000000000000000000000000000000000000000000000 0 0
37160	91.659	0.000	( 0 )	010010000000100010010010100101010100001100110000101110010111010010100100000011010010011101000000000000000000000000000000000000000000000000000000000000000000000000000000000000000000 0 0
37162	91.659	0.000	( 0 )	010010000000100010010010100101010100001100110000101110010111010010100100000011010010011101000000000000000000000000000000000000000000000000000000000000000000000000000000000000000000 0 0
36844	93.882	0.000	( 0 )	010010000000100010010010100111010100001100110000101110010111010010100100000111010010011101000000000000000000000000000000000000000000000000000000000000000000000000000000000000000000 2 0
36507	97.221	0.000	( 0 )	010010000010101010010010110111010100001100110000101110010111010010100100000111010010011101000000000000000000000000000000000000000000000000000000000000000000000000000000000000000000 3 0
36502	97.221	0.000	( 0 )	010010000010101010010010110111010100001100110000101110010111010010100100000111010010011101000000000000000000000000000000000000000000000000000000000000000000000000000000000000000000 0 0
36503	97.221	0.000	( 0 )	010010000010101010010010110111010100001100110000101110010111010010100100000111010010011101000000000000000000000000000000000000000000000000000000000000000000000000000000000000000000 0 0
36506	97.221	0.000	( 0 )	010010000010101010010010110111010100001100110000101110010111010010100100000111010010011101000000000000000000000000000000000000000000000000000000000000000000000000000000000000000000 0 0
36505	97.221	0.000	( 0 )	010010000010101010010010110111010100001100110000101110010111010010100100000111010010011101000000000000000000000000000000000000000000000000000000000000000000000000000000000000000000 0 0
37077	98.332	0.000	( 0 )	010010000010101010010010110111010100001100110000101110010111010010110100000111010010011101000000000000000000000000000000000000000000000000000000000000000000000000000000000000000000 1 0
36847	106.173	0.000	( 0 )	010010001010101011010010110111010100001100110010111110010111111010110100001111010010011101000000000000000000000000000000000000000000000000000000000000000000000000000000000000000000 7 0
36719	107.285	0.000	( 0 )	010010001011101011010010110111010100001100110010111110010111111010110100001111010010011101000000000000000000000000000000000000000000000000000000000000000000000000000000000000000000 1 0
36449	110.623	0.000	( 0 )	010010001011101011010110111111110100001100110010111110010111111010110100001111010010011101000000000000000000000000000000000000000000000000000000000000000000000000000000000000000000 3 0
36617	110.623	0.000	( 0 )	010010001011101011010110111111110100001100110010111110010111111010110100001111010010011101000000000000000000000000000000000000000000000000000000000000000000000000000000000000000000 0 0
36450	110.623	0.000	( 0 )	010010001011101011010110111111110100001100110010111110010111111010110100001111010010011101000000000000000000000000000000000000000000000000000000000000000000000000000000000000000000 0 0
36504	112.847	0.000	( 0 )	010011011011101011010110111111110100001100110010111110010111111010110100001111010010011101000000000000000000000000000000000000000000000000000000000000000000000000000000000000000000 2 0
36753	113.958	0.000	( 0 )	010011011011101011010110111111110100001100110010111110010111111010110100001111010110011101000000000000000000000000000000000000000000000000000000000000000000000000000000000000000000 1 0
