#java OrderMarkers2 data=- evaluateOrder=reordermarkers/iterations/ordered.13.20 useKosambi=1 numThreads=4 calculateIntervals=intervals/ordered.13.intervals randSeed=3651353696928598728
Loading file
No grandparents present in family V
Number of individuals = 92
Number of families = 1
File loaded with 42521 SNPs
Number of individuals = 92 excluding grandparents
Number of families = 1
Number of markers = 177
Setting dataScale to 0.5084745762711864 all likelihoods will be multiplied by 1.9666666666666668
Initial score = -2411.3098240253794
Iteration 1 of 6
884884288488421 done
Polishing map...
score = -2180.8524294953377
*score = -2169.2557268600494
score = -2169.2557268600494
*score = -2149.7430425356024
Iteration 2 of 6
884884288488421 done
Polishing map...
score = -2178.105928294225
score = -2165.6767119093374
score = -2165.6767119093374
*score = -2146.1640275848904
Iteration 3 of 6
884884288488421 done
Polishing map...
score = -2408.6387989351106
score = -2400.748402489121
score = -2396.6140490898442
score = -2396.6140490898442
Iteration 4 of 6
884884288488421 done
Polishing map...
score = -2218.1400786500008
score = -2180.8524294953377
score = -2180.8524294953377
score = -2161.3397451708906
Iteration 5 of 6
884884288488421 done
Polishing map...
score = -2180.8524294953377
score = -2178.389571056846
score = -2169.792234764579
*score = -2143.5284343431586
Iteration 6 of 6
884884288488421 done
Polishing map...
score = -2199.4708751301796
score = -2193.2562669377357
score = -2187.0469888310463
score = -2165.804298854887
Final score = -2143.5284343431586
Setting dataScale to 0.5084745762711864 all likelihoods will be multiplied by 1.9666666666666668
logL = -2143.5284343431586
number of recombinations = 63.0 logL = -2143.5284343431586
Individual	V	P14459_103_S3	recombines	1	times
Individual	V	P14459_106_S6	recombines	2	times
Individual	V	P14459_112_S12	recombines	1	times
Individual	V	P14459_113_S13	recombines	2	times
Individual	V	P14459_116_S16	recombines	2	times
Individual	V	P14459_118_S18	recombines	1	times
Individual	V	P14459_119_S19	recombines	1	times
Individual	V	P14459_121_S21	recombines	1	times
Individual	V	P14459_122_S22	recombines	2	times
Individual	V	P14459_123_S23	recombines	1	times
Individual	V	P14459_125_S25	recombines	2	times
Individual	V	P14459_126_S26	recombines	2	times
Individual	V	P14459_127_S27	recombines	1	times
Individual	V	P14459_128_S28	recombines	1	times
Individual	V	P14459_129_S29	recombines	2	times
Individual	V	P14459_130_S30	recombines	1	times
Individual	V	P14459_132_S32	recombines	1	times
Individual	V	P14459_134_S34	recombines	1	times
Individual	V	P14459_135_S35	recombines	1	times
Individual	V	P14459_136_S36	recombines	2	times
Individual	V	P14459_138_S38	recombines	1	times
Individual	V	P14459_139_S39	recombines	1	times
Individual	V	P14459_140_S40	recombines	1	times
Individual	V	P14459_141_S41	recombines	1	times
Individual	V	P14459_142_S42	recombines	1	times
Individual	V	P14459_144_S44	recombines	1	times
Individual	V	P14459_145_S45	recombines	1	times
Individual	V	P14459_153_S53	recombines	2	times
Individual	V	P14459_154_S54	recombines	1	times
Individual	V	P14459_157_S57	recombines	1	times
Individual	V	P14459_158_S58	recombines	1	times
Individual	V	P14459_159_S59	recombines	1	times
Individual	V	P14459_160_S60	recombines	1	times
Individual	V	P14459_161_S61	recombines	1	times
Individual	V	P14459_163_S63	recombines	1	times
Individual	V	P14459_167_S67	recombines	1	times
Individual	V	P14459_169_S69	recombines	1	times
Individual	V	P14459_172_S72	recombines	1	times
Individual	V	P14459_173_S73	recombines	2	times
Individual	V	P14459_176_S76	recombines	1	times
Individual	V	P14459_177_S77	recombines	1	times
Individual	V	P14459_180_S80	recombines	1	times
Individual	V	P14459_182_S82	recombines	1	times
Individual	V	P14459_186_S86	recombines	1	times
Individual	V	P14459_187_S87	recombines	1	times
Individual	V	P14459_189_S89	recombines	1	times
Individual	V	P14459_190_S90	recombines	1	times
Individual	V	P14459_191_S91	recombines	2	times
Individual	V	P14459_192_S92	recombines	2	times
Individual	V	P14459_194_S94	recombines	1	times
Individual	V	P14459_195_S95	recombines	1	times
#*** LG = 0 likelihood = -2143.5284
#marker_number	male_position	female_position	( 0.0 )[	phased data]
28079	0.000	0.000	( 0 )	111110101010111111110111011111111111011101111111110000111011011011111101001111101111111111000000000000000000000000000000000000000000000000000000000000000000000000000000000000000000 0 0
28216	0.000	0.000	( 0 )	111110101010111111110111011111111111011101111111110000111011011011111101001111101111111111000000000000000000000000000000000000000000000000000000000000000000000000000000000000000000 0 0
28218	0.000	0.000	( 0 )	111110101010111111110111011111111111011101111111110000111011011011111101001111101111111111000000000000000000000000000000000000000000000000000000000000000000000000000000000000000000 0 0
28358	0.000	0.000	( 0 )	111110101010111111110111011111111111011101111111110000111011011011111101001111101111111111000000000000000000000000000000000000000000000000000000000000000000000000000000000000000000 0 0
28359	0.000	0.000	( 0 )	111110101010111111110111011111111111011101111111110000111011011011111101001111101111111111000000000000000000000000000000000000000000000000000000000000000000000000000000000000000000 0 0
27787	5.579	0.000	( 0 )	111100101011111111111111111111111111011101111111100000111011011011111101001111101111111111000000000000000000000000000000000000000000000000000000000000000000000000000000000000000000 5 0
27788	5.579	0.000	( 0 )	111100101011111111111111111111111111011101111111100000111011011011111101001111101111111111000000000000000000000000000000000000000000000000000000000000000000000000000000000000000000 0 0
27846	19.242	0.000	( 0 )	111100101011111101111110111011110011011100111111100000110011011011111100001111100111100101000000000000000000000000000000000000000000000000000000000000000000000000000000000000000000 12 0
27836	22.580	0.000	( 0 )	111100101011110101111110111011110011011100111111100000110011011011111100001111100111000100000000000000000000000000000000000000000000000000000000000000000000000000000000000000000000 3 0
27780	23.692	0.000	( 0 )	111100101011110101111110111011110011011100111111100000110011011011110100001111100111000100000000000000000000000000000000000000000000000000000000000000000000000000000000000000000000 1 0
27865	23.692	0.000	( 0 )	111100101011110101111110111011110011011100111111100000110011011011110100001111100111000100000000000000000000000000000000000000000000000000000000000000000000000000000000000000000000 0 0
27864	23.692	0.000	( 0 )	111100101011110101111110111011110011011100111111100000110011011011110100001111100111000100000000000000000000000000000000000000000000000000000000000000000000000000000000000000000000 0 0
27866	23.692	0.000	( 0 )	111100101011110101111110111011110011011100111111100000110011011011110100001111100111000100000000000000000000000000000000000000000000000000000000000000000000000000000000000000000000 0 0
27920	23.692	0.000	( 0 )	111100101011110101111110111011110011011100111111100000110011011011110100001111100111000100000000000000000000000000000000000000000000000000000000000000000000000000000000000000000000 0 0
27911	23.692	0.000	( 0 )	111100101011110101111110111011110011011100111111100000110011011011110100001111100111000100000000000000000000000000000000000000000000000000000000000000000000000000000000000000000000 0 0
27782	23.692	0.000	( 0 )	111100101011110101111110111011110011011100111111100000110011011011110100001111100111000100000000000000000000000000000000000000000000000000000000000000000000000000000000000000000000 0 0
27774	23.692	0.000	( 0 )	111100101011110101111110111011110011011100111111100000110011011011110100001111100111000100000000000000000000000000000000000000000000000000000000000000000000000000000000000000000000 0 0
27885	23.692	0.000	( 0 )	111100101011110101111110111011110011011100111111100000110011011011110100001111100111000100000000000000000000000000000000000000000000000000000000000000000000000000000000000000000000 0 0
27912	23.692	0.000	( 0 )	111100101011110101111110111011110011011100111111100000110011011011110100001111100111000100000000000000000000000000000000000000000000000000000000000000000000000000000000000000000000 0 0
27777	23.692	0.000	( 0 )	111100101011110101111110111011110011011100111111100000110011011011110100001111100111000100000000000000000000000000000000000000000000000000000000000000000000000000000000000000000000 0 0
27827	23.692	0.000	( 0 )	111100101011110101111110111011110011011100111111100000110011011011110100001111100111000100000000000000000000000000000000000000000000000000000000000000000000000000000000000000000000 0 0
27908	23.692	0.000	( 0 )	111100101011110101111110111011110011011100111111100000110011011011110100001111100111000100000000000000000000000000000000000000000000000000000000000000000000000000000000000000000000 0 0
27776	23.692	0.000	( 0 )	111100101011110101111110111011110011011100111111100000110011011011110100001111100111000100000000000000000000000000000000000000000000000000000000000000000000000000000000000000000000 0 0
27791	23.692	0.000	( 0 )	111100101011110101111110111011110011011100111111100000110011011011110100001111100111000100000000000000000000000000000000000000000000000000000000000000000000000000000000000000000000 0 0
27779	23.692	0.000	( 0 )	111100101011110101111110111011110011011100111111100000110011011011110100001111100111000100000000000000000000000000000000000000000000000000000000000000000000000000000000000000000000 0 0
27821	23.692	0.000	( 0 )	111100101011110101111110111011110011011100111111100000110011011011110100001111100111000100000000000000000000000000000000000000000000000000000000000000000000000000000000000000000000 0 0
27817	23.692	0.000	( 0 )	111100101011110101111110111011110011011100111111100000110011011011110100001111100111000100000000000000000000000000000000000000000000000000000000000000000000000000000000000000000000 0 0
27903	23.692	0.000	( 0 )	111100101011110101111110111011110011011100111111100000110011011011110100001111100111000100000000000000000000000000000000000000000000000000000000000000000000000000000000000000000000 0 0
27900	23.692	0.000	( 0 )	111100101011110101111110111011110011011100111111100000110011011011110100001111100111000100000000000000000000000000000000000000000000000000000000000000000000000000000000000000000000 0 0
27775	23.692	0.000	( 0 )	111100101011110101111110111011110011011100111111100000110011011011110100001111100111000100000000000000000000000000000000000000000000000000000000000000000000000000000000000000000000 0 0
27781	23.692	0.000	( 0 )	111100101011110101111110111011110011011100111111100000110011011011110100001111100111000100000000000000000000000000000000000000000000000000000000000000000000000000000000000000000000 0 0
27901	23.692	0.000	( 0 )	111100101011110101111110111011110011011100111111100000110011011011110100001111100111000100000000000000000000000000000000000000000000000000000000000000000000000000000000000000000000 0 0
27906	23.692	0.000	( 0 )	111100101011110101111110111011110011011100111111100000110011011011110100001111100111000100000000000000000000000000000000000000000000000000000000000000000000000000000000000000000000 0 0
27909	23.692	0.000	( 0 )	111100101011110101111110111011110011011100111111100000110011011011110100001111100111000100000000000000000000000000000000000000000000000000000000000000000000000000000000000000000000 0 0
27899	23.692	0.000	( 0 )	111100101011110101111110111011110011011100111111100000110011011011110100001111100111000100000000000000000000000000000000000000000000000000000000000000000000000000000000000000000000 0 0
27789	23.692	0.000	( 0 )	111100101011110101111110111011110011011100111111100000110011011011110100001111100111000100000000000000000000000000000000000000000000000000000000000000000000000000000000000000000000 0 0
27826	23.692	0.000	( 0 )	111100101011110101111110111011110011011100111111100000110011011011110100001111100111000100000000000000000000000000000000000000000000000000000000000000000000000000000000000000000000 0 0
27828	23.692	0.000	( 0 )	111100101011110101111110111011110011011100111111100000110011011011110100001111100111000100000000000000000000000000000000000000000000000000000000000000000000000000000000000000000000 0 0
27881	23.692	0.000	( 0 )	111100101011110101111110111011110011011100111111100000110011011011110100001111100111000100000000000000000000000000000000000000000000000000000000000000000000000000000000000000000000 0 0
27907	23.692	0.000	( 0 )	111100101011110101111110111011110011011100111111100000110011011011110100001111100111000100000000000000000000000000000000000000000000000000000000000000000000000000000000000000000000 0 0
27880	23.692	0.000	( 0 )	111100101011110101111110111011110011011100111111100000110011011011110100001111100111000100000000000000000000000000000000000000000000000000000000000000000000000000000000000000000000 0 0
27893	23.692	0.000	( 0 )	111100101011110101111110111011110011011100111111100000110011011011110100001111100111000100000000000000000000000000000000000000000000000000000000000000000000000000000000000000000000 0 0
27818	23.692	0.000	( 0 )	111100101011110101111110111011110011011100111111100000110011011011110100001111100111000100000000000000000000000000000000000000000000000000000000000000000000000000000000000000000000 0 0
27837	23.692	0.000	( 0 )	111100101011110101111110111011110011011100111111100000110011011011110100001111100111000100000000000000000000000000000000000000000000000000000000000000000000000000000000000000000000 0 0
27933	27.030	0.000	( 0 )	111100101010110101111110011011110011011100111111100000110011011011110100001111100011000100000000000000000000000000000000000000000000000000000000000000000000000000000000000000000000 3 0
28034	28.141	0.000	( 0 )	111110101010110101111110011011110011011100111111100000110011011011110100001111100011000100000000000000000000000000000000000000000000000000000000000000000000000000000000000000000000 1 0
27961	28.141	0.000	( 0 )	111110101010110101111110011011110011011100111111100000110011011011110100001111100011000100000000000000000000000000000000000000000000000000000000000000000000000000000000000000000000 0 0
28035	28.141	0.000	( 0 )	111110101010110101111110011011110011011100111111100000110011011011110100001111100011000100000000000000000000000000000000000000000000000000000000000000000000000000000000000000000000 0 0
28033	28.141	0.000	( 0 )	111110101010110101111110011011110011011100111111100000110011011011110100001111100011000100000000000000000000000000000000000000000000000000000000000000000000000000000000000000000000 0 0
8139	29.253	0.000	( 0 )	111110101010110101110110011011110011011100111111100000110011011011110100001111100011000100000000000000000000000000000000000000000000000000000000000000000000000000000000000000000000 1 0
8134	29.253	0.000	( 0 )	111110101010110101110110011011110011011100111111100000110011011011110100001111100011000100000000000000000000000000000000000000000000000000000000000000000000000000000000000000000000 0 0
28295	30.364	0.000	( 0 )	111110101010110101110110011011110011011000111111100000110011011011110100001111100011000100000000000000000000000000000000000000000000000000000000000000000000000000000000000000000000 1 0
28291	30.364	0.000	( 0 )	111110101010110101110110011011110011011000111111100000110011011011110100001111100011000100000000000000000000000000000000000000000000000000000000000000000000000000000000000000000000 0 0
28290	30.364	0.000	( 0 )	111110101010110101110110011011110011011000111111100000110011011011110100001111100011000100000000000000000000000000000000000000000000000000000000000000000000000000000000000000000000 0 0
28264	31.475	0.000	( 0 )	111110101010110101110110011011110011011000111111110000110011011011110100001111100011000100000000000000000000000000000000000000000000000000000000000000000000000000000000000000000000 1 0
28263	31.475	0.000	( 0 )	111110101010110101110110011011110011011000111111110000110011011011110100001111100011000100000000000000000000000000000000000000000000000000000000000000000000000000000000000000000000 0 0
28261	32.587	0.000	( 0 )	111110101010110101110110011011110011111000111111110000110011011011110100001111100011000100000000000000000000000000000000000000000000000000000000000000000000000000000000000000000000 1 0
28257	32.587	0.000	( 0 )	111110101010110101110110011011110011111000111111110000110011011011110100001111100011000100000000000000000000000000000000000000000000000000000000000000000000000000000000000000000000 0 0
28262	32.587	0.000	( 0 )	111110101010110101110110011011110011111000111111110000110011011011110100001111100011000100000000000000000000000000000000000000000000000000000000000000000000000000000000000000000000 0 0
28255	32.587	0.000	( 0 )	111110101010110101110110011011110011111000111111110000110011011011110100001111100011000100000000000000000000000000000000000000000000000000000000000000000000000000000000000000000000 0 0
28292	32.587	0.000	( 0 )	111110101010110101110110011011110011111000111111110000110011011011110100001111100011000100000000000000000000000000000000000000000000000000000000000000000000000000000000000000000000 0 0
28272	32.587	0.000	( 0 )	111110101010110101110110011011110011111000111111110000110011011011110100001111100011000100000000000000000000000000000000000000000000000000000000000000000000000000000000000000000000 0 0
28260	32.587	0.000	( 0 )	111110101010110101110110011011110011111000111111110000110011011011110100001111100011000100000000000000000000000000000000000000000000000000000000000000000000000000000000000000000000 0 0
28256	32.587	0.000	( 0 )	111110101010110101110110011011110011111000111111110000110011011011110100001111100011000100000000000000000000000000000000000000000000000000000000000000000000000000000000000000000000 0 0
28293	32.587	0.000	( 0 )	111110101010110101110110011011110011111000111111110000110011011011110100001111100011000100000000000000000000000000000000000000000000000000000000000000000000000000000000000000000000 0 0
28258	32.587	0.000	( 0 )	111110101010110101110110011011110011111000111111110000110011011011110100001111100011000100000000000000000000000000000000000000000000000000000000000000000000000000000000000000000000 0 0
28259	32.587	0.000	( 0 )	111110101010110101110110011011110011111000111111110000110011011011110100001111100011000100000000000000000000000000000000000000000000000000000000000000000000000000000000000000000000 0 0
28338	34.810	0.000	( 0 )	111110101010110101110110010011110010111000111111110000110011011011110100001111100011000100000000000000000000000000000000000000000000000000000000000000000000000000000000000000000000 2 0
28360	34.810	0.000	( 0 )	111110101010110101110110010011110010111000111111110000110011011011110100001111100011000100000000000000000000000000000000000000000000000000000000000000000000000000000000000000000000 0 0
28421	34.810	0.000	( 0 )	111110101010110101110110010011110010111000111111110000110011011011110100001111100011000100000000000000000000000000000000000000000000000000000000000000000000000000000000000000000000 0 0
28417	34.810	0.000	( 0 )	111110101010110101110110010011110010111000111111110000110011011011110100001111100011000100000000000000000000000000000000000000000000000000000000000000000000000000000000000000000000 0 0
28419	34.810	0.000	( 0 )	111110101010110101110110010011110010111000111111110000110011011011110100001111100011000100000000000000000000000000000000000000000000000000000000000000000000000000000000000000000000 0 0
28331	34.810	0.000	( 0 )	111110101010110101110110010011110010111000111111110000110011011011110100001111100011000100000000000000000000000000000000000000000000000000000000000000000000000000000000000000000000 0 0
28415	34.810	0.000	( 0 )	111110101010110101110110010011110010111000111111110000110011011011110100001111100011000100000000000000000000000000000000000000000000000000000000000000000000000000000000000000000000 0 0
28423	34.810	0.000	( 0 )	111110101010110101110110010011110010111000111111110000110011011011110100001111100011000100000000000000000000000000000000000000000000000000000000000000000000000000000000000000000000 0 0
28343	34.810	0.000	( 0 )	111110101010110101110110010011110010111000111111110000110011011011110100001111100011000100000000000000000000000000000000000000000000000000000000000000000000000000000000000000000000 0 0
28383	34.810	0.000	( 0 )	111110101010110101110110010011110010111000111111110000110011011011110100001111100011000100000000000000000000000000000000000000000000000000000000000000000000000000000000000000000000 0 0
28382	34.810	0.000	( 0 )	111110101010110101110110010011110010111000111111110000110011011011110100001111100011000100000000000000000000000000000000000000000000000000000000000000000000000000000000000000000000 0 0
28361	34.810	0.000	( 0 )	111110101010110101110110010011110010111000111111110000110011011011110100001111100011000100000000000000000000000000000000000000000000000000000000000000000000000000000000000000000000 0 0
28399	34.810	0.000	( 0 )	111110101010110101110110010011110010111000111111110000110011011011110100001111100011000100000000000000000000000000000000000000000000000000000000000000000000000000000000000000000000 0 0
28389	34.810	0.000	( 0 )	111110101010110101110110010011110010111000111111110000110011011011110100001111100011000100000000000000000000000000000000000000000000000000000000000000000000000000000000000000000000 0 0
28376	34.810	0.000	( 0 )	111110101010110101110110010011110010111000111111110000110011011011110100001111100011000100000000000000000000000000000000000000000000000000000000000000000000000000000000000000000000 0 0
28474	35.921	0.000	( 0 )	111110101010110101110110010011110010111000111111110000110111011011110100001111100011000100000000000000000000000000000000000000000000000000000000000000000000000000000000000000000000 1 0
28440	35.921	0.000	( 0 )	111110101010110101110110010011110010111000111111110000110111011011110100001111100011000100000000000000000000000000000000000000000000000000000000000000000000000000000000000000000000 0 0
28436	35.921	0.000	( 0 )	111110101010110101110110010011110010111000111111110000110111011011110100001111100011000100000000000000000000000000000000000000000000000000000000000000000000000000000000000000000000 0 0
28439	35.921	0.000	( 0 )	111110101010110101110110010011110010111000111111110000110111011011110100001111100011000100000000000000000000000000000000000000000000000000000000000000000000000000000000000000000000 0 0
28475	35.921	0.000	( 0 )	111110101010110101110110010011110010111000111111110000110111011011110100001111100011000100000000000000000000000000000000000000000000000000000000000000000000000000000000000000000000 0 0
28445	35.921	0.000	( 0 )	111110101010110101110110010011110010111000111111110000110111011011110100001111100011000100000000000000000000000000000000000000000000000000000000000000000000000000000000000000000000 0 0
28446	35.921	0.000	( 0 )	111110101010110101110110010011110010111000111111110000110111011011110100001111100011000100000000000000000000000000000000000000000000000000000000000000000000000000000000000000000000 0 0
28434	35.921	0.000	( 0 )	111110101010110101110110010011110010111000111111110000110111011011110100001111100011000100000000000000000000000000000000000000000000000000000000000000000000000000000000000000000000 0 0
28444	35.921	0.000	( 0 )	111110101010110101110110010011110010111000111111110000110111011011110100001111100011000100000000000000000000000000000000000000000000000000000000000000000000000000000000000000000000 0 0
28435	35.921	0.000	( 0 )	111110101010110101110110010011110010111000111111110000110111011011110100001111100011000100000000000000000000000000000000000000000000000000000000000000000000000000000000000000000000 0 0
28491	37.033	0.000	( 0 )	111110101010110101110110010011110010111000111111110000110111011011110100001111100011001100000000000000000000000000000000000000000000000000000000000000000000000000000000000000000000 1 0
28494	37.033	0.000	( 0 )	111110101010110101110110010011110010111000111111110000110111011011110100001111100011001100000000000000000000000000000000000000000000000000000000000000000000000000000000000000000000 0 0
28492	37.033	0.000	( 0 )	111110101010110101110110010011110010111000111111110000110111011011110100001111100011001100000000000000000000000000000000000000000000000000000000000000000000000000000000000000000000 0 0
28490	37.033	0.000	( 0 )	111110101010110101110110010011110010111000111111110000110111011011110100001111100011001100000000000000000000000000000000000000000000000000000000000000000000000000000000000000000000 0 0
28493	37.033	0.000	( 0 )	111110101010110101110110010011110010111000111111110000110111011011110100001111100011001100000000000000000000000000000000000000000000000000000000000000000000000000000000000000000000 0 0
28468	37.033	0.000	( 0 )	111110101010110101110110010011110010111000111111110000110111011011110100001111100011001100000000000000000000000000000000000000000000000000000000000000000000000000000000000000000000 0 0
28496	37.033	0.000	( 0 )	111110101010110101110110010011110010111000111111110000110111011011110100001111100011001100000000000000000000000000000000000000000000000000000000000000000000000000000000000000000000 0 0
28555	41.489	0.000	( 0 )	111110101010110101110010010011110010110000111111110001110111011001110100001111100011001100000000000000000000000000000000000000000000000000000000000000000000000000000000000000000000 4 0
28569	41.489	0.000	( 0 )	111110101010110101110010010011110010110000111111110001110111011001110100001111100011001100000000000000000000000000000000000000000000000000000000000000000000000000000000000000000000 0 0
28553	41.489	0.000	( 0 )	111110101010110101110010010011110010110000111111110001110111011001110100001111100011001100000000000000000000000000000000000000000000000000000000000000000000000000000000000000000000 0 0
28548	41.489	0.000	( 0 )	111110101010110101110010010011110010110000111111110001110111011001110100001111100011001100000000000000000000000000000000000000000000000000000000000000000000000000000000000000000000 0 0
28547	41.489	0.000	( 0 )	111110101010110101110010010011110010110000111111110001110111011001110100001111100011001100000000000000000000000000000000000000000000000000000000000000000000000000000000000000000000 0 0
28563	41.489	0.000	( 0 )	111110101010110101110010010011110010110000111111110001110111011001110100001111100011001100000000000000000000000000000000000000000000000000000000000000000000000000000000000000000000 0 0
28600	43.713	0.000	( 0 )	111110101010110101110010010011110010100000111111110001010111011001110100001111100011001100000000000000000000000000000000000000000000000000000000000000000000000000000000000000000000 2 0
28588	43.713	0.000	( 0 )	111110101010110101110010010011110010100000111111110001010111011001110100001111100011001100000000000000000000000000000000000000000000000000000000000000000000000000000000000000000000 0 0
28599	43.713	0.000	( 0 )	111110101010110101110010010011110010100000111111110001010111011001110100001111100011001100000000000000000000000000000000000000000000000000000000000000000000000000000000000000000000 0 0
28601	43.713	0.000	( 0 )	111110101010110101110010010011110010100000111111110001010111011001110100001111100011001100000000000000000000000000000000000000000000000000000000000000000000000000000000000000000000 0 0
28594	43.713	0.000	( 0 )	111110101010110101110010010011110010100000111111110001010111011001110100001111100011001100000000000000000000000000000000000000000000000000000000000000000000000000000000000000000000 0 0
28606	43.713	0.000	( 0 )	111110101010110101110010010011110010100000111111110001010111011001110100001111100011001100000000000000000000000000000000000000000000000000000000000000000000000000000000000000000000 0 0
28589	43.713	0.000	( 0 )	111110101010110101110010010011110010100000111111110001010111011001110100001111100011001100000000000000000000000000000000000000000000000000000000000000000000000000000000000000000000 0 0
28781	45.936	0.000	( 0 )	111110101000110101110010010011110010100010111111110001010111011001110100001111100011001100000000000000000000000000000000000000000000000000000000000000000000000000000000000000000000 2 0
28630	47.048	0.000	( 0 )	111110101000110101110010010011110010100010111111110001010111011001110100001101100011001100000000000000000000000000000000000000000000000000000000000000000000000000000000000000000000 1 0
28626	47.048	0.000	( 0 )	111110101000110101110010010011110010100010111111110001010111011001110100001101100011001100000000000000000000000000000000000000000000000000000000000000000000000000000000000000000000 0 0
28625	47.048	0.000	( 0 )	111110101000110101110010010011110010100010111111110001010111011001110100001101100011001100000000000000000000000000000000000000000000000000000000000000000000000000000000000000000000 0 0
28629	47.048	0.000	( 0 )	111110101000110101110010010011110010100010111111110001010111011001110100001101100011001100000000000000000000000000000000000000000000000000000000000000000000000000000000000000000000 0 0
28667	48.159	0.000	( 0 )	101110101000110101110010010011110010100010111111110001010111011001110100001101100011001100000000000000000000000000000000000000000000000000000000000000000000000000000000000000000000 1 0
28747	48.159	0.000	( 0 )	101110101000110101110010010011110010100010111111110001010111011001110100001101100011001100000000000000000000000000000000000000000000000000000000000000000000000000000000000000000000 0 0
28742	48.159	0.000	( 0 )	101110101000110101110010010011110010100010111111110001010111011001110100001101100011001100000000000000000000000000000000000000000000000000000000000000000000000000000000000000000000 0 0
28748	48.159	0.000	( 0 )	101110101000110101110010010011110010100010111111110001010111011001110100001101100011001100000000000000000000000000000000000000000000000000000000000000000000000000000000000000000000 0 0
28760	48.159	0.000	( 0 )	101110101000110101110010010011110010100010111111110001010111011001110100001101100011001100000000000000000000000000000000000000000000000000000000000000000000000000000000000000000000 0 0
28666	48.159	0.000	( 0 )	101110101000110101110010010011110010100010111111110001010111011001110100001101100011001100000000000000000000000000000000000000000000000000000000000000000000000000000000000000000000 0 0
28761	48.159	0.000	( 0 )	101110101000110101110010010011110010100010111111110001010111011001110100001101100011001100000000000000000000000000000000000000000000000000000000000000000000000000000000000000000000 0 0
28741	48.159	0.000	( 0 )	101110101000110101110010010011110010100010111111110001010111011001110100001101100011001100000000000000000000000000000000000000000000000000000000000000000000000000000000000000000000 0 0
28749	48.159	0.000	( 0 )	101110101000110101110010010011110010100010111111110001010111011001110100001101100011001100000000000000000000000000000000000000000000000000000000000000000000000000000000000000000000 0 0
28665	48.159	0.000	( 0 )	101110101000110101110010010011110010100010111111110001010111011001110100001101100011001100000000000000000000000000000000000000000000000000000000000000000000000000000000000000000000 0 0
28671	48.159	0.000	( 0 )	101110101000110101110010010011110010100010111111110001010111011001110100001101100011001100000000000000000000000000000000000000000000000000000000000000000000000000000000000000000000 0 0
28686	48.159	0.000	( 0 )	101110101000110101110010010011110010100010111111110001010111011001110100001101100011001100000000000000000000000000000000000000000000000000000000000000000000000000000000000000000000 0 0
28826	50.383	0.000	( 0 )	101110101000110101100010010011110010100010111111110001010111011001110110001101100011001100000000000000000000000000000000000000000000000000000000000000000000000000000000000000000000 2 0
28821	50.383	0.000	( 0 )	101110101000110101100010010011110010100010111111110001010111011001110110001101100011001100000000000000000000000000000000000000000000000000000000000000000000000000000000000000000000 0 0
28858	50.383	0.000	( 0 )	101110101000110101100010010011110010100010111111110001010111011001110110001101100011001100000000000000000000000000000000000000000000000000000000000000000000000000000000000000000000 0 0
28857	50.383	0.000	( 0 )	101110101000110101100010010011110010100010111111110001010111011001110110001101100011001100000000000000000000000000000000000000000000000000000000000000000000000000000000000000000000 0 0
28828	50.383	0.000	( 0 )	101110101000110101100010010011110010100010111111110001010111011001110110001101100011001100000000000000000000000000000000000000000000000000000000000000000000000000000000000000000000 0 0
28859	50.383	0.000	( 0 )	101110101000110101100010010011110010100010111111110001010111011001110110001101100011001100000000000000000000000000000000000000000000000000000000000000000000000000000000000000000000 0 0
28864	51.494	0.000	( 0 )	101110101000110101100010010011110010100010111111110001010111011001111110001101100011001100000000000000000000000000000000000000000000000000000000000000000000000000000000000000000000 1 0
28863	51.494	0.000	( 0 )	101110101000110101100010010011110010100010111111110001010111011001111110001101100011001100000000000000000000000000000000000000000000000000000000000000000000000000000000000000000000 0 0
28872	53.718	0.000	( 0 )	101110101000110101100010010011100010100010111111110001010111011001111110000101100011001100000000000000000000000000000000000000000000000000000000000000000000000000000000000000000000 2 0
28868	53.718	0.000	( 0 )	101110101000110101100010010011100010100010111111110001010111011001111110000101100011001100000000000000000000000000000000000000000000000000000000000000000000000000000000000000000000 0 0
28871	53.718	0.000	( 0 )	101110101000110101100010010011100010100010111111110001010111011001111110000101100011001100000000000000000000000000000000000000000000000000000000000000000000000000000000000000000000 0 0
28964	54.829	0.000	( 0 )	101110101000110101100010010011100010100010111111110001000111011001111110000101100011001100000000000000000000000000000000000000000000000000000000000000000000000000000000000000000000 1 0
28981	54.829	0.000	( 0 )	101110101000110101100010010011100010100010111111110001000111011001111110000101100011001100000000000000000000000000000000000000000000000000000000000000000000000000000000000000000000 0 0
28943	54.829	0.000	( 0 )	101110101000110101100010010011100010100010111111110001000111011001111110000101100011001100000000000000000000000000000000000000000000000000000000000000000000000000000000000000000000 0 0
28956	54.829	0.000	( 0 )	101110101000110101100010010011100010100010111111110001000111011001111110000101100011001100000000000000000000000000000000000000000000000000000000000000000000000000000000000000000000 0 0
28979	55.940	0.000	( 0 )	101110101000111101100010010011100010100010111111110001000111011001111110000101100011001100000000000000000000000000000000000000000000000000000000000000000000000000000000000000000000 1 0
28984	55.940	0.000	( 0 )	101110101000111101100010010011100010100010111111110001000111011001111110000101100011001100000000000000000000000000000000000000000000000000000000000000000000000000000000000000000000 0 0
28983	55.940	0.000	( 0 )	101110101000111101100010010011100010100010111111110001000111011001111110000101100011001100000000000000000000000000000000000000000000000000000000000000000000000000000000000000000000 0 0
28982	55.940	0.000	( 0 )	101110101000111101100010010011100010100010111111110001000111011001111110000101100011001100000000000000000000000000000000000000000000000000000000000000000000000000000000000000000000 0 0
29050	57.052	0.000	( 0 )	101110101000111101100010010011100010100010111111111001000111011001111110000101100011001100000000000000000000000000000000000000000000000000000000000000000000000000000000000000000000 1 0
29047	57.052	0.000	( 0 )	101110101000111101100010010011100010100010111111111001000111011001111110000101100011001100000000000000000000000000000000000000000000000000000000000000000000000000000000000000000000 0 0
29048	57.052	0.000	( 0 )	101110101000111101100010010011100010100010111111111001000111011001111110000101100011001100000000000000000000000000000000000000000000000000000000000000000000000000000000000000000000 0 0
29049	57.052	0.000	( 0 )	101110101000111101100010010011100010100010111111111001000111011001111110000101100011001100000000000000000000000000000000000000000000000000000000000000000000000000000000000000000000 0 0
29045	57.052	0.000	( 0 )	101110101000111101100010010011100010100010111111111001000111011001111110000101100011001100000000000000000000000000000000000000000000000000000000000000000000000000000000000000000000 0 0
29041	57.052	0.000	( 0 )	101110101000111101100010010011100010100010111111111001000111011001111110000101100011001100000000000000000000000000000000000000000000000000000000000000000000000000000000000000000000 0 0
29081	58.163	0.000	( 0 )	101110101000111100100010010011100010100010111111111001000111011001111110000101100011001100000000000000000000000000000000000000000000000000000000000000000000000000000000000000000000 1 0
29075	58.163	0.000	( 0 )	101110101000111100100010010011100010100010111111111001000111011001111110000101100011001100000000000000000000000000000000000000000000000000000000000000000000000000000000000000000000 0 0
29079	58.163	0.000	( 0 )	101110101000111100100010010011100010100010111111111001000111011001111110000101100011001100000000000000000000000000000000000000000000000000000000000000000000000000000000000000000000 0 0
29073	58.163	0.000	( 0 )	101110101000111100100010010011100010100010111111111001000111011001111110000101100011001100000000000000000000000000000000000000000000000000000000000000000000000000000000000000000000 0 0
29077	58.163	0.000	( 0 )	101110101000111100100010010011100010100010111111111001000111011001111110000101100011001100000000000000000000000000000000000000000000000000000000000000000000000000000000000000000000 0 0
29116	59.274	0.000	( 0 )	101110101000111100100010010111100010100010111111111001000111011001111110000101100011001100000000000000000000000000000000000000000000000000000000000000000000000000000000000000000000 1 0
29098	59.274	0.000	( 0 )	101110101000111100100010010111100010100010111111111001000111011001111110000101100011001100000000000000000000000000000000000000000000000000000000000000000000000000000000000000000000 0 0
29100	59.274	0.000	( 0 )	101110101000111100100010010111100010100010111111111001000111011001111110000101100011001100000000000000000000000000000000000000000000000000000000000000000000000000000000000000000000 0 0
29099	59.274	0.000	( 0 )	101110101000111100100010010111100010100010111111111001000111011001111110000101100011001100000000000000000000000000000000000000000000000000000000000000000000000000000000000000000000 0 0
29088	62.612	0.000	( 0 )	101110101000111100100011010111100110100010111111111001000111011001111110000101100011011100000000000000000000000000000000000000000000000000000000000000000000000000000000000000000000 3 0
29087	62.612	0.000	( 0 )	101110101000111100100011010111100110100010111111111001000111011001111110000101100011011100000000000000000000000000000000000000000000000000000000000000000000000000000000000000000000 0 0
29193	69.319	0.000	( 0 )	101110101000111100100011000101000110100010111111111001000110010001101110000101100011011100000000000000000000000000000000000000000000000000000000000000000000000000000000000000000000 6 0
29196	69.319	0.000	( 0 )	101110101000111100100011000101000110100010111111111001000110010001101110000101100011011100000000000000000000000000000000000000000000000000000000000000000000000000000000000000000000 0 0
29230	70.430	0.000	( 0 )	101110101000111100100011000101000110100010111111111001000110010001101110000101100010011100000000000000000000000000000000000000000000000000000000000000000000000000000000000000000000 1 0
29229	70.430	0.000	( 0 )	101110101000111100100011000101000110100010111111111001000110010001101110000101100010011100000000000000000000000000000000000000000000000000000000000000000000000000000000000000000000 0 0
29236	70.430	0.000	( 0 )	101110101000111100100011000101000110100010111111111001000110010001101110000101100010011100000000000000000000000000000000000000000000000000000000000000000000000000000000000000000000 0 0
29224	70.430	0.000	( 0 )	101110101000111100100011000101000110100010111111111001000110010001101110000101100010011100000000000000000000000000000000000000000000000000000000000000000000000000000000000000000000 0 0
29227	70.430	0.000	( 0 )	101110101000111100100011000101000110100010111111111001000110010001101110000101100010011100000000000000000000000000000000000000000000000000000000000000000000000000000000000000000000 0 0
29231	70.430	0.000	( 0 )	101110101000111100100011000101000110100010111111111001000110010001101110000101100010011100000000000000000000000000000000000000000000000000000000000000000000000000000000000000000000 0 0
29231	70.430	0.000	( 0 )	101110101000111100100011000101000110100010111111111001000110010001101110000101100010011100000000000000000000000000000000000000000000000000000000000000000000000000000000000000000000 0 0
29226	70.430	0.000	( 0 )	101110101000111100100011000101000110100010111111111001000110010001101110000101100010011100000000000000000000000000000000000000000000000000000000000000000000000000000000000000000000 0 0
29223	70.430	0.000	( 0 )	101110101000111100100011000101000110100010111111111001000110010001101110000101100010011100000000000000000000000000000000000000000000000000000000000000000000000000000000000000000000 0 0
29234	70.430	0.000	( 0 )	101110101000111100100011000101000110100010111111111001000110010001101110000101100010011100000000000000000000000000000000000000000000000000000000000000000000000000000000000000000000 0 0
