

Start_time: 1621097361
End_time:   1621114752
Elapsed:    17391


Start_time: 1621097361
End_time:   1621115494
Elapsed:    18133


Start_time: 1621097362
End_time:   1621115727
Elapsed:    18365


Start_time: 1621097361
End_time:   1621115931
Elapsed:    18570


Start_time: 1621097362
End_time:   1621116181
Elapsed:    18819


Start_time: 1621097362
End_time:   1621116392
Elapsed:    19030


Start_time: 1621095709
End_time:   1621116707
Elapsed:    20998


Start_time: 1621097361
End_time:   1621117745
Elapsed:    20384


Start_time: 1621097361
End_time:   1621118288
Elapsed:    20927


Start_time: 1621097362
End_time:   1621118589
Elapsed:    21227
