Started analysis of ERR1013039_1.fastq.gz
Approx 5% complete for ERR1013039_1.fastq.gz
Approx 10% complete for ERR1013039_1.fastq.gz
Approx 15% complete for ERR1013039_1.fastq.gz
Approx 20% complete for ERR1013039_1.fastq.gz
Approx 25% complete for ERR1013039_1.fastq.gz
Approx 30% complete for ERR1013039_1.fastq.gz
Approx 35% complete for ERR1013039_1.fastq.gz
Approx 40% complete for ERR1013039_1.fastq.gz
Approx 45% complete for ERR1013039_1.fastq.gz
Approx 50% complete for ERR1013039_1.fastq.gz
Approx 55% complete for ERR1013039_1.fastq.gz
Approx 60% complete for ERR1013039_1.fastq.gz
Approx 65% complete for ERR1013039_1.fastq.gz
Approx 70% complete for ERR1013039_1.fastq.gz
Approx 75% complete for ERR1013039_1.fastq.gz
Approx 80% complete for ERR1013039_1.fastq.gz
Approx 85% complete for ERR1013039_1.fastq.gz
Approx 90% complete for ERR1013039_1.fastq.gz
Approx 95% complete for ERR1013039_1.fastq.gz
Analysis complete for ERR1013039_1.fastq.gz
Started analysis of ERR1013039_2.fastq.gz
Approx 5% complete for ERR1013039_2.fastq.gz
Approx 10% complete for ERR1013039_2.fastq.gz
Approx 15% complete for ERR1013039_2.fastq.gz
Approx 20% complete for ERR1013039_2.fastq.gz
Approx 25% complete for ERR1013039_2.fastq.gz
Approx 30% complete for ERR1013039_2.fastq.gz
Approx 35% complete for ERR1013039_2.fastq.gz
Approx 40% complete for ERR1013039_2.fastq.gz
Approx 45% complete for ERR1013039_2.fastq.gz
Approx 50% complete for ERR1013039_2.fastq.gz
Approx 55% complete for ERR1013039_2.fastq.gz
Approx 60% complete for ERR1013039_2.fastq.gz
Approx 65% complete for ERR1013039_2.fastq.gz
Approx 70% complete for ERR1013039_2.fastq.gz
Approx 75% complete for ERR1013039_2.fastq.gz
Approx 80% complete for ERR1013039_2.fastq.gz
Approx 85% complete for ERR1013039_2.fastq.gz
Approx 90% complete for ERR1013039_2.fastq.gz
Approx 95% complete for ERR1013039_2.fastq.gz
Analysis complete for ERR1013039_2.fastq.gz
Started analysis of ERR1013050_1.fastq.gz
Approx 5% complete for ERR1013050_1.fastq.gz
Approx 10% complete for ERR1013050_1.fastq.gz
Approx 15% complete for ERR1013050_1.fastq.gz
Approx 20% complete for ERR1013050_1.fastq.gz
Approx 25% complete for ERR1013050_1.fastq.gz
Approx 30% complete for ERR1013050_1.fastq.gz
Approx 35% complete for ERR1013050_1.fastq.gz
Approx 40% complete for ERR1013050_1.fastq.gz
Approx 45% complete for ERR1013050_1.fastq.gz
Approx 50% complete for ERR1013050_1.fastq.gz
Approx 55% complete for ERR1013050_1.fastq.gz
Approx 60% complete for ERR1013050_1.fastq.gz
Approx 65% complete for ERR1013050_1.fastq.gz
Approx 70% complete for ERR1013050_1.fastq.gz
Approx 75% complete for ERR1013050_1.fastq.gz
Approx 80% complete for ERR1013050_1.fastq.gz
Approx 85% complete for ERR1013050_1.fastq.gz
Approx 90% complete for ERR1013050_1.fastq.gz
Approx 95% complete for ERR1013050_1.fastq.gz
Failed to process file ERR1013050_1.fastq.gz
uk.ac.babraham.FastQC.Sequence.SequenceFormatException: Ran out of data in the middle of a fastq entry.  Your file is probably truncated
	at uk.ac.babraham.FastQC.Sequence.FastQFile.readNext(FastQFile.java:179)
	at uk.ac.babraham.FastQC.Sequence.FastQFile.next(FastQFile.java:125)
	at uk.ac.babraham.FastQC.Analysis.AnalysisRunner.run(AnalysisRunner.java:77)
	at java.lang.Thread.run(Thread.java:748)
Started analysis of ERR1013050_2.fastq.gz
Approx 5% complete for ERR1013050_2.fastq.gz
Approx 10% complete for ERR1013050_2.fastq.gz
Approx 15% complete for ERR1013050_2.fastq.gz
Approx 20% complete for ERR1013050_2.fastq.gz
Approx 25% complete for ERR1013050_2.fastq.gz
Approx 30% complete for ERR1013050_2.fastq.gz
Approx 35% complete for ERR1013050_2.fastq.gz
Approx 40% complete for ERR1013050_2.fastq.gz
Approx 45% complete for ERR1013050_2.fastq.gz
Approx 50% complete for ERR1013050_2.fastq.gz
Approx 55% complete for ERR1013050_2.fastq.gz
Approx 60% complete for ERR1013050_2.fastq.gz
Approx 65% complete for ERR1013050_2.fastq.gz
Approx 70% complete for ERR1013050_2.fastq.gz
Approx 75% complete for ERR1013050_2.fastq.gz
Approx 80% complete for ERR1013050_2.fastq.gz
Approx 85% complete for ERR1013050_2.fastq.gz
Approx 90% complete for ERR1013050_2.fastq.gz
Approx 95% complete for ERR1013050_2.fastq.gz
Analysis complete for ERR1013050_2.fastq.gz
Started analysis of ERR1013051_1.fastq.gz
Approx 5% complete for ERR1013051_1.fastq.gz
Approx 10% complete for ERR1013051_1.fastq.gz
Approx 15% complete for ERR1013051_1.fastq.gz
Approx 20% complete for ERR1013051_1.fastq.gz
Approx 25% complete for ERR1013051_1.fastq.gz
Approx 30% complete for ERR1013051_1.fastq.gz
Approx 35% complete for ERR1013051_1.fastq.gz
Approx 40% complete for ERR1013051_1.fastq.gz
Approx 45% complete for ERR1013051_1.fastq.gz
Approx 50% complete for ERR1013051_1.fastq.gz
Approx 55% complete for ERR1013051_1.fastq.gz
Approx 60% complete for ERR1013051_1.fastq.gz
Approx 65% complete for ERR1013051_1.fastq.gz
Approx 70% complete for ERR1013051_1.fastq.gz
Approx 75% complete for ERR1013051_1.fastq.gz
Approx 80% complete for ERR1013051_1.fastq.gz
Approx 85% complete for ERR1013051_1.fastq.gz
Approx 90% complete for ERR1013051_1.fastq.gz
Approx 95% complete for ERR1013051_1.fastq.gz
Analysis complete for ERR1013051_1.fastq.gz
Started analysis of ERR1013051_2.fastq.gz
Approx 5% complete for ERR1013051_2.fastq.gz
Approx 10% complete for ERR1013051_2.fastq.gz
Approx 15% complete for ERR1013051_2.fastq.gz
Approx 20% complete for ERR1013051_2.fastq.gz
Approx 25% complete for ERR1013051_2.fastq.gz
Approx 30% complete for ERR1013051_2.fastq.gz
Approx 35% complete for ERR1013051_2.fastq.gz
Approx 40% complete for ERR1013051_2.fastq.gz
Approx 45% complete for ERR1013051_2.fastq.gz
Approx 50% complete for ERR1013051_2.fastq.gz
Approx 55% complete for ERR1013051_2.fastq.gz
Approx 60% complete for ERR1013051_2.fastq.gz
Approx 65% complete for ERR1013051_2.fastq.gz
Approx 70% complete for ERR1013051_2.fastq.gz
Approx 75% complete for ERR1013051_2.fastq.gz
Approx 80% complete for ERR1013051_2.fastq.gz
Approx 85% complete for ERR1013051_2.fastq.gz
Approx 90% complete for ERR1013051_2.fastq.gz
Approx 95% complete for ERR1013051_2.fastq.gz
Analysis complete for ERR1013051_2.fastq.gz
Started analysis of ERR1013062_1.fastq.gz
Approx 5% complete for ERR1013062_1.fastq.gz
Approx 10% complete for ERR1013062_1.fastq.gz
Approx 15% complete for ERR1013062_1.fastq.gz
Approx 20% complete for ERR1013062_1.fastq.gz
Approx 25% complete for ERR1013062_1.fastq.gz
Approx 30% complete for ERR1013062_1.fastq.gz
Approx 35% complete for ERR1013062_1.fastq.gz
Approx 40% complete for ERR1013062_1.fastq.gz
Approx 45% complete for ERR1013062_1.fastq.gz
Approx 50% complete for ERR1013062_1.fastq.gz
Approx 55% complete for ERR1013062_1.fastq.gz
Approx 60% complete for ERR1013062_1.fastq.gz
Approx 65% complete for ERR1013062_1.fastq.gz
Approx 70% complete for ERR1013062_1.fastq.gz
Approx 75% complete for ERR1013062_1.fastq.gz
Approx 80% complete for ERR1013062_1.fastq.gz
Approx 85% complete for ERR1013062_1.fastq.gz
Approx 90% complete for ERR1013062_1.fastq.gz
Approx 95% complete for ERR1013062_1.fastq.gz
Approx 100% complete for ERR1013062_1.fastq.gz
Analysis complete for ERR1013062_1.fastq.gz
Started analysis of ERR1013062_2.fastq.gz
Approx 5% complete for ERR1013062_2.fastq.gz
Approx 10% complete for ERR1013062_2.fastq.gz
Approx 15% complete for ERR1013062_2.fastq.gz
Approx 20% complete for ERR1013062_2.fastq.gz
Approx 25% complete for ERR1013062_2.fastq.gz
Approx 30% complete for ERR1013062_2.fastq.gz
Approx 35% complete for ERR1013062_2.fastq.gz
Approx 40% complete for ERR1013062_2.fastq.gz
Approx 45% complete for ERR1013062_2.fastq.gz
Approx 50% complete for ERR1013062_2.fastq.gz
Approx 55% complete for ERR1013062_2.fastq.gz
Approx 60% complete for ERR1013062_2.fastq.gz
Approx 65% complete for ERR1013062_2.fastq.gz
Approx 70% complete for ERR1013062_2.fastq.gz
Approx 75% complete for ERR1013062_2.fastq.gz
Approx 80% complete for ERR1013062_2.fastq.gz
Approx 85% complete for ERR1013062_2.fastq.gz
Approx 90% complete for ERR1013062_2.fastq.gz
Approx 95% complete for ERR1013062_2.fastq.gz
Approx 100% complete for ERR1013062_2.fastq.gz
It seems our guess for the total number of records wasn't very good.  Sorry about that.
Still going at 105% complete for ERR1013062_2.fastq.gz
Still going at 110% complete for ERR1013062_2.fastq.gz
Still going at 115% complete for ERR1013062_2.fastq.gz
Still going at 120% complete for ERR1013062_2.fastq.gz
Still going at 125% complete for ERR1013062_2.fastq.gz
Still going at 130% complete for ERR1013062_2.fastq.gz
Still going at 135% complete for ERR1013062_2.fastq.gz
Still going at 140% complete for ERR1013062_2.fastq.gz
Still going at 145% complete for ERR1013062_2.fastq.gz
Still going at 150% complete for ERR1013062_2.fastq.gz
Still going at 155% complete for ERR1013062_2.fastq.gz
Still going at 160% complete for ERR1013062_2.fastq.gz
Still going at 165% complete for ERR1013062_2.fastq.gz
Still going at 170% complete for ERR1013062_2.fastq.gz
Still going at 175% complete for ERR1013062_2.fastq.gz
Still going at 180% complete for ERR1013062_2.fastq.gz
Still going at 185% complete for ERR1013062_2.fastq.gz
Still going at 190% complete for ERR1013062_2.fastq.gz
Still going at 195% complete for ERR1013062_2.fastq.gz
Still going at 200% complete for ERR1013062_2.fastq.gz
Still going at 205% complete for ERR1013062_2.fastq.gz
Still going at 210% complete for ERR1013062_2.fastq.gz
Still going at 215% complete for ERR1013062_2.fastq.gz
Still going at 220% complete for ERR1013062_2.fastq.gz
Still going at 225% complete for ERR1013062_2.fastq.gz
Still going at 230% complete for ERR1013062_2.fastq.gz
Still going at 235% complete for ERR1013062_2.fastq.gz
Still going at 240% complete for ERR1013062_2.fastq.gz
Still going at 245% complete for ERR1013062_2.fastq.gz
Still going at 250% complete for ERR1013062_2.fastq.gz
Still going at 255% complete for ERR1013062_2.fastq.gz
Still going at 260% complete for ERR1013062_2.fastq.gz
Still going at 265% complete for ERR1013062_2.fastq.gz
Still going at 270% complete for ERR1013062_2.fastq.gz
Still going at 275% complete for ERR1013062_2.fastq.gz
Still going at 280% complete for ERR1013062_2.fastq.gz
Still going at 285% complete for ERR1013062_2.fastq.gz
Analysis complete for ERR1013062_2.fastq.gz
Started analysis of ERR1013076_1.fastq.gz
Approx 5% complete for ERR1013076_1.fastq.gz
Approx 10% complete for ERR1013076_1.fastq.gz
Approx 15% complete for ERR1013076_1.fastq.gz
Approx 20% complete for ERR1013076_1.fastq.gz
Approx 25% complete for ERR1013076_1.fastq.gz
Approx 30% complete for ERR1013076_1.fastq.gz
Approx 35% complete for ERR1013076_1.fastq.gz
Approx 40% complete for ERR1013076_1.fastq.gz
Approx 45% complete for ERR1013076_1.fastq.gz
Approx 50% complete for ERR1013076_1.fastq.gz
Approx 55% complete for ERR1013076_1.fastq.gz
Approx 60% complete for ERR1013076_1.fastq.gz
Approx 65% complete for ERR1013076_1.fastq.gz
Approx 70% complete for ERR1013076_1.fastq.gz
Approx 75% complete for ERR1013076_1.fastq.gz
Approx 80% complete for ERR1013076_1.fastq.gz
Approx 85% complete for ERR1013076_1.fastq.gz
Approx 90% complete for ERR1013076_1.fastq.gz
Approx 95% complete for ERR1013076_1.fastq.gz
Analysis complete for ERR1013076_1.fastq.gz
Started analysis of ERR1013076_2.fastq.gz
Approx 5% complete for ERR1013076_2.fastq.gz
Approx 10% complete for ERR1013076_2.fastq.gz
Approx 15% complete for ERR1013076_2.fastq.gz
Approx 20% complete for ERR1013076_2.fastq.gz
Approx 25% complete for ERR1013076_2.fastq.gz
Approx 30% complete for ERR1013076_2.fastq.gz
Approx 35% complete for ERR1013076_2.fastq.gz
Approx 40% complete for ERR1013076_2.fastq.gz
Approx 45% complete for ERR1013076_2.fastq.gz
Approx 50% complete for ERR1013076_2.fastq.gz
Approx 55% complete for ERR1013076_2.fastq.gz
Approx 60% complete for ERR1013076_2.fastq.gz
Approx 65% complete for ERR1013076_2.fastq.gz
Approx 70% complete for ERR1013076_2.fastq.gz
Approx 75% complete for ERR1013076_2.fastq.gz
Approx 80% complete for ERR1013076_2.fastq.gz
Approx 85% complete for ERR1013076_2.fastq.gz
Approx 90% complete for ERR1013076_2.fastq.gz
Approx 95% complete for ERR1013076_2.fastq.gz
Approx 100% complete for ERR1013076_2.fastq.gz
It seems our guess for the total number of records wasn't very good.  Sorry about that.
Still going at 105% complete for ERR1013076_2.fastq.gz
Still going at 110% complete for ERR1013076_2.fastq.gz
Still going at 115% complete for ERR1013076_2.fastq.gz
Still going at 120% complete for ERR1013076_2.fastq.gz
Analysis complete for ERR1013076_2.fastq.gz
Started analysis of ERR1013086_1.fastq.gz
Approx 5% complete for ERR1013086_1.fastq.gz
Approx 10% complete for ERR1013086_1.fastq.gz
Approx 15% complete for ERR1013086_1.fastq.gz
Approx 20% complete for ERR1013086_1.fastq.gz
Approx 25% complete for ERR1013086_1.fastq.gz
Approx 30% complete for ERR1013086_1.fastq.gz
Approx 35% complete for ERR1013086_1.fastq.gz
Approx 40% complete for ERR1013086_1.fastq.gz
Approx 45% complete for ERR1013086_1.fastq.gz
Approx 50% complete for ERR1013086_1.fastq.gz
Approx 55% complete for ERR1013086_1.fastq.gz
Approx 60% complete for ERR1013086_1.fastq.gz
Approx 65% complete for ERR1013086_1.fastq.gz
Approx 70% complete for ERR1013086_1.fastq.gz
Approx 75% complete for ERR1013086_1.fastq.gz
Approx 80% complete for ERR1013086_1.fastq.gz
Approx 85% complete for ERR1013086_1.fastq.gz
Approx 90% complete for ERR1013086_1.fastq.gz
Approx 95% complete for ERR1013086_1.fastq.gz
Approx 100% complete for ERR1013086_1.fastq.gz
It seems our guess for the total number of records wasn't very good.  Sorry about that.
Still going at 105% complete for ERR1013086_1.fastq.gz
Still going at 110% complete for ERR1013086_1.fastq.gz
Still going at 115% complete for ERR1013086_1.fastq.gz
Still going at 120% complete for ERR1013086_1.fastq.gz
Still going at 125% complete for ERR1013086_1.fastq.gz
Still going at 130% complete for ERR1013086_1.fastq.gz
Still going at 135% complete for ERR1013086_1.fastq.gz
Still going at 140% complete for ERR1013086_1.fastq.gz
Still going at 145% complete for ERR1013086_1.fastq.gz
Analysis complete for ERR1013086_1.fastq.gz
Started analysis of ERR1013086_2.fastq.gz
Approx 5% complete for ERR1013086_2.fastq.gz
Approx 10% complete for ERR1013086_2.fastq.gz
Approx 15% complete for ERR1013086_2.fastq.gz
Approx 20% complete for ERR1013086_2.fastq.gz
Approx 25% complete for ERR1013086_2.fastq.gz
Approx 30% complete for ERR1013086_2.fastq.gz
Approx 35% complete for ERR1013086_2.fastq.gz
Approx 40% complete for ERR1013086_2.fastq.gz
Approx 45% complete for ERR1013086_2.fastq.gz
Approx 50% complete for ERR1013086_2.fastq.gz
Approx 55% complete for ERR1013086_2.fastq.gz
Approx 60% complete for ERR1013086_2.fastq.gz
Approx 65% complete for ERR1013086_2.fastq.gz
Approx 70% complete for ERR1013086_2.fastq.gz
Approx 75% complete for ERR1013086_2.fastq.gz
Approx 80% complete for ERR1013086_2.fastq.gz
Approx 85% complete for ERR1013086_2.fastq.gz
Approx 90% complete for ERR1013086_2.fastq.gz
Approx 95% complete for ERR1013086_2.fastq.gz
Approx 100% complete for ERR1013086_2.fastq.gz
It seems our guess for the total number of records wasn't very good.  Sorry about that.
Still going at 105% complete for ERR1013086_2.fastq.gz
Still going at 110% complete for ERR1013086_2.fastq.gz
Still going at 115% complete for ERR1013086_2.fastq.gz
Still going at 120% complete for ERR1013086_2.fastq.gz
Still going at 125% complete for ERR1013086_2.fastq.gz
Still going at 130% complete for ERR1013086_2.fastq.gz
Still going at 135% complete for ERR1013086_2.fastq.gz
Still going at 140% complete for ERR1013086_2.fastq.gz
Still going at 145% complete for ERR1013086_2.fastq.gz
Still going at 150% complete for ERR1013086_2.fastq.gz
Still going at 155% complete for ERR1013086_2.fastq.gz
Still going at 160% complete for ERR1013086_2.fastq.gz
Analysis complete for ERR1013086_2.fastq.gz
Started analysis of ERR1013089_1.fastq.gz
Approx 5% complete for ERR1013089_1.fastq.gz
Approx 10% complete for ERR1013089_1.fastq.gz
Approx 15% complete for ERR1013089_1.fastq.gz
Approx 20% complete for ERR1013089_1.fastq.gz
Approx 25% complete for ERR1013089_1.fastq.gz
Approx 30% complete for ERR1013089_1.fastq.gz
Approx 35% complete for ERR1013089_1.fastq.gz
Approx 40% complete for ERR1013089_1.fastq.gz
Approx 45% complete for ERR1013089_1.fastq.gz
Approx 50% complete for ERR1013089_1.fastq.gz
Approx 55% complete for ERR1013089_1.fastq.gz
Approx 60% complete for ERR1013089_1.fastq.gz
Approx 65% complete for ERR1013089_1.fastq.gz
Approx 70% complete for ERR1013089_1.fastq.gz
Approx 75% complete for ERR1013089_1.fastq.gz
Approx 80% complete for ERR1013089_1.fastq.gz
Approx 85% complete for ERR1013089_1.fastq.gz
Approx 90% complete for ERR1013089_1.fastq.gz
Approx 95% complete for ERR1013089_1.fastq.gz
Approx 100% complete for ERR1013089_1.fastq.gz
It seems our guess for the total number of records wasn't very good.  Sorry about that.
Still going at 105% complete for ERR1013089_1.fastq.gz
Still going at 110% complete for ERR1013089_1.fastq.gz
Still going at 115% complete for ERR1013089_1.fastq.gz
Still going at 120% complete for ERR1013089_1.fastq.gz
Still going at 125% complete for ERR1013089_1.fastq.gz
Still going at 130% complete for ERR1013089_1.fastq.gz
Analysis complete for ERR1013089_1.fastq.gz
Started analysis of ERR1013089_2.fastq.gz
Approx 5% complete for ERR1013089_2.fastq.gz
Approx 10% complete for ERR1013089_2.fastq.gz
Approx 15% complete for ERR1013089_2.fastq.gz
Approx 20% complete for ERR1013089_2.fastq.gz
Approx 25% complete for ERR1013089_2.fastq.gz
Approx 30% complete for ERR1013089_2.fastq.gz
Approx 35% complete for ERR1013089_2.fastq.gz
Approx 40% complete for ERR1013089_2.fastq.gz
Approx 45% complete for ERR1013089_2.fastq.gz
Approx 50% complete for ERR1013089_2.fastq.gz
Approx 55% complete for ERR1013089_2.fastq.gz
Approx 60% complete for ERR1013089_2.fastq.gz
Approx 65% complete for ERR1013089_2.fastq.gz
Approx 70% complete for ERR1013089_2.fastq.gz
Approx 75% complete for ERR1013089_2.fastq.gz
Approx 80% complete for ERR1013089_2.fastq.gz
Approx 85% complete for ERR1013089_2.fastq.gz
Approx 90% complete for ERR1013089_2.fastq.gz
Approx 95% complete for ERR1013089_2.fastq.gz
Approx 100% complete for ERR1013089_2.fastq.gz
It seems our guess for the total number of records wasn't very good.  Sorry about that.
Still going at 105% complete for ERR1013089_2.fastq.gz
Still going at 110% complete for ERR1013089_2.fastq.gz
Still going at 115% complete for ERR1013089_2.fastq.gz
Still going at 120% complete for ERR1013089_2.fastq.gz
Still going at 125% complete for ERR1013089_2.fastq.gz
Still going at 130% complete for ERR1013089_2.fastq.gz
Still going at 135% complete for ERR1013089_2.fastq.gz
Analysis complete for ERR1013089_2.fastq.gz
