LR999939.1 1 100000 556
LR999939.1 100001 200000 219
LR999939.1 200001 300000 743
LR999939.1 300001 400000 1563
LR999939.1 400001 500000 648
LR999939.1 500001 600000 1134
LR999939.1 600001 700000 1909
LR999939.1 700001 800000 1199
LR999939.1 800001 900000 998
LR999939.1 900001 1e+06 879
LR999939.1 1e+06 1.1e+06 1610
LR999939.1 1.1e+06 1.2e+06 1875
LR999939.1 1.2e+06 1.3e+06 430
LR999939.1 1.3e+06 1.4e+06 3719
LR999939.1 1.4e+06 1.5e+06 623
LR999939.1 1.5e+06 1.6e+06 959
LR999939.1 1.6e+06 1.7e+06 860
LR999939.1 1.7e+06 1.8e+06 1047
LR999939.1 1.8e+06 1.9e+06 1663
LR999939.1 1.9e+06 2e+06 33
LR999939.1 2e+06 2.1e+06 517
LR999939.1 2.1e+06 2.2e+06 4042
LR999939.1 2.2e+06 2.3e+06 689
LR999939.1 2.3e+06 2.4e+06 5204
LR999939.1 2.4e+06 2.5e+06 5027
LR999939.1 2.5e+06 2.6e+06 7198
LR999939.1 2.6e+06 2.7e+06 1349
LR999939.1 2.7e+06 2.8e+06 1649
LR999939.1 2.8e+06 2.9e+06 1566
LR999939.1 2.9e+06 3e+06 535
LR999939.1 3e+06 3.1e+06 612
LR999939.1 3.1e+06 3.2e+06 917
LR999939.1 3.2e+06 3.3e+06 480
LR999939.1 3.3e+06 3.4e+06 557
LR999939.1 3.4e+06 3.5e+06 954
LR999939.1 3.5e+06 3.6e+06 4189
LR999939.1 3.6e+06 3.7e+06 3474
LR999939.1 3.7e+06 3.8e+06 771
LR999939.1 3.8e+06 3.9e+06 3935
LR999939.1 3.9e+06 4e+06 298
LR999939.1 4e+06 4.1e+06 658
LR999939.1 4.1e+06 4.2e+06 708
LR999939.1 4.2e+06 4.3e+06 
LR999939.1 4.3e+06 4.4e+06 475
LR999939.1 4.4e+06 4.5e+06 463
LR999939.1 4.5e+06 4.6e+06 616
LR999939.1 4.6e+06 4.7e+06 779
LR999939.1 4.7e+06 4.8e+06 1094
LR999939.1 4.8e+06 4.9e+06 1324
LR999939.1 4.9e+06 5e+06 7131
LR999939.1 5e+06 5.1e+06 908
LR999939.1 5.1e+06 5.2e+06 464
LR999939.1 5.2e+06 5.3e+06 3739
LR999939.1 5.3e+06 5.4e+06 492
LR999939.1 5.4e+06 5.5e+06 330
LR999939.1 5.5e+06 5.6e+06 732
LR999939.1 5.6e+06 5.7e+06 
LR999939.1 5.7e+06 5.8e+06 110
LR999939.1 5.8e+06 5.9e+06 194
LR999939.1 5.9e+06 6e+06 620
LR999939.1 6e+06 6.1e+06 5187
LR999939.1 6.1e+06 6.2e+06 732
LR999939.1 6.2e+06 6.3e+06 363
LR999939.1 6.3e+06 6.4e+06 195
LR999939.1 6.4e+06 6.5e+06 348
LR999939.1 6.5e+06 6.6e+06 1497
LR999939.1 6.6e+06 6.7e+06 665
LR999939.1 6.7e+06 6.8e+06 120
LR999939.1 6.8e+06 6.9e+06 1636
LR999939.1 6.9e+06 7e+06 10066
LR999939.1 7e+06 7.1e+06 4550
LR999939.1 7.1e+06 7.2e+06 101
LR999939.1 7.2e+06 7.3e+06 935
LR999939.1 7.3e+06 7.4e+06 561
LR999939.1 7.4e+06 7.5e+06 421
LR999939.1 7.5e+06 7.6e+06 1229
LR999939.1 7.6e+06 7.7e+06 6103
LR999939.1 7.7e+06 7.8e+06 338
LR999939.1 7.8e+06 7.9e+06 693
LR999939.1 7.9e+06 8e+06 208
LR999939.1 8e+06 8.1e+06 340
LR999939.1 8.1e+06 8.2e+06 232
LR999939.1 8.2e+06 8.3e+06 612
LR999939.1 8.3e+06 8.4e+06 1166
LR999939.1 8.4e+06 8.5e+06 147
LR999939.1 8.5e+06 8.6e+06 804
LR999939.1 8.6e+06 8.7e+06 723
LR999939.1 8.7e+06 8.8e+06 2072
LR999939.1 8.8e+06 8.9e+06 3631
LR999939.1 8.9e+06 9e+06 35
LR999939.1 9e+06 9.1e+06 660
LR999939.1 9.1e+06 9.2e+06 332
LR999939.1 9.2e+06 9.3e+06 322
LR999939.1 9.3e+06 9.4e+06 308
LR999939.1 9.4e+06 9.5e+06 3738
LR999939.1 9.5e+06 9.6e+06 1117
LR999939.1 9.6e+06 9.7e+06 151
LR999939.1 9.7e+06 9.8e+06 311
LR999939.1 9.8e+06 9.9e+06 799
LR999939.1 9.9e+06 1e+07 485
LR999939.1 1e+07 1.01e+07 3764
LR999939.1 1.01e+07 1.02e+07 
LR999939.1 1.02e+07 1.03e+07 2146
LR999939.1 1.03e+07 1.04e+07 8189
LR999939.1 1.04e+07 1.05e+07 3955
LR999939.1 1.05e+07 1.06e+07 494
LR999939.1 1.06e+07 1.07e+07 722
LR999939.1 1.07e+07 1.08e+07 1372
LR999939.1 1.08e+07 1.09e+07 1684
LR999939.1 1.09e+07 1.1e+07 929
LR999939.1 1.1e+07 1.11e+07 413
LR999939.1 1.11e+07 1.12e+07 3992
LR999939.1 1.12e+07 1.13e+07 1231
LR999939.1 1.13e+07 1.14e+07 897
LR999939.1 1.14e+07 1.15e+07 301
LR999939.1 1.15e+07 1.16e+07 5436
LR999939.1 1.16e+07 1.17e+07 821
LR999939.1 1.17e+07 1.18e+07 1697
LR999939.1 1.18e+07 1.19e+07 10794
LR999939.1 1.19e+07 1.2e+07 944
LR999939.1 1.2e+07 1.21e+07 278
LR999939.1 1.21e+07 1.22e+07 5137
LR999939.1 1.22e+07 1.23e+07 243
LR999939.1 1.23e+07 1.24e+07 741
LR999939.1 1.24e+07 1.25e+07 4606
LR999939.1 1.25e+07 1.26e+07 1092
LR999939.1 1.26e+07 1.27e+07 805
LR999939.1 1.27e+07 1.28e+07 1323
LR999939.1 1.28e+07 1.29e+07 1026
LR999939.1 1.29e+07 1.3e+07 8069
LR999939.1 1.3e+07 1.31e+07 977
LR999939.1 1.31e+07 1.32e+07 77
LR999939.1 1.32e+07 1.33e+07 1246
LR999939.1 1.33e+07 1.34e+07 5818
LR999939.1 1.34e+07 1.35e+07 995
LR999939.1 1.35e+07 1.36e+07 429
LR999939.1 1.36e+07 1.37e+07 991
LR999939.1 1.37e+07 1.38e+07 1796
LR999939.1 1.38e+07 1.39e+07 3155
LR999939.1 1.39e+07 13916383 
