LR999951.1 1 100000 1089
LR999951.1 100001 200000 1444
LR999951.1 200001 300000 1166
LR999951.1 300001 400000 916
LR999951.1 400001 500000 5214
LR999951.1 500001 600000 1082
LR999951.1 600001 700000 961
LR999951.1 700001 800000 2450
LR999951.1 800001 900000 1105
LR999951.1 900001 1e+06 1306
LR999951.1 1e+06 1.1e+06 2170
LR999951.1 1.1e+06 1.2e+06 2188
LR999951.1 1.2e+06 1.3e+06 2645
LR999951.1 1.3e+06 1.4e+06 1171
LR999951.1 1.4e+06 1.5e+06 1139
LR999951.1 1.5e+06 1.6e+06 5919
LR999951.1 1.6e+06 1.7e+06 5087
LR999951.1 1.7e+06 1.8e+06 1539
LR999951.1 1.8e+06 1.9e+06 853
LR999951.1 1.9e+06 2e+06 3370
LR999951.1 2e+06 2.1e+06 6065
LR999951.1 2.1e+06 2.2e+06 1177
LR999951.1 2.2e+06 2.3e+06 1421
LR999951.1 2.3e+06 2.4e+06 1038
LR999951.1 2.4e+06 2.5e+06 1049
LR999951.1 2.5e+06 2.6e+06 5097
LR999951.1 2.6e+06 2.7e+06 740
LR999951.1 2.7e+06 2.8e+06 96
LR999951.1 2.8e+06 2.9e+06 783
LR999951.1 2.9e+06 3e+06 4478
LR999951.1 3e+06 3.1e+06 2441
LR999951.1 3.1e+06 3.2e+06 8888
LR999951.1 3.2e+06 3.3e+06 5068
LR999951.1 3.3e+06 3.4e+06 2143
LR999951.1 3.4e+06 3.5e+06 1185
LR999951.1 3.5e+06 3.6e+06 2766
LR999951.1 3.6e+06 3.7e+06 2830
LR999951.1 3.7e+06 3.8e+06 20757
LR999951.1 3.8e+06 3.9e+06 7053
LR999951.1 3.9e+06 4e+06 5272
LR999951.1 4e+06 4.1e+06 942
LR999951.1 4.1e+06 4.2e+06 1106
LR999951.1 4.2e+06 4.3e+06 1428
LR999951.1 4.3e+06 4.4e+06 11505
LR999951.1 4.4e+06 4.5e+06 1735
LR999951.1 4.5e+06 4.6e+06 1245
LR999951.1 4.6e+06 4.7e+06 948
LR999951.1 4.7e+06 4.8e+06 836
LR999951.1 4.8e+06 4.9e+06 6327
LR999951.1 4.9e+06 5e+06 308
LR999951.1 5e+06 5.1e+06 778
LR999951.1 5.1e+06 5.2e+06 1026
LR999951.1 5.2e+06 5.3e+06 7529
LR999951.1 5.3e+06 5.4e+06 445
LR999951.1 5.4e+06 5.5e+06 1190
LR999951.1 5.5e+06 5.6e+06 11803
LR999951.1 5.6e+06 5.7e+06 1313
LR999951.1 5.7e+06 5.8e+06 1162
LR999951.1 5.8e+06 5.9e+06 2916
LR999951.1 5.9e+06 6e+06 2498
LR999951.1 6e+06 6.1e+06 4375
LR999951.1 6.1e+06 6.2e+06 717
LR999951.1 6.2e+06 6.3e+06 2296
LR999951.1 6.3e+06 6.4e+06 1758
LR999951.1 6.4e+06 6.5e+06 1660
LR999951.1 6.5e+06 6.6e+06 1274
LR999951.1 6.6e+06 6.7e+06 4401
LR999951.1 6.7e+06 6.8e+06 3150
LR999951.1 6.8e+06 6.9e+06 1651
LR999951.1 6.9e+06 7e+06 1546
LR999951.1 7e+06 7.1e+06 2499
LR999951.1 7.1e+06 7.2e+06 1479
LR999951.1 7.2e+06 7.3e+06 4085
LR999951.1 7.3e+06 7.4e+06 683
LR999951.1 7.4e+06 7.5e+06 1111
LR999951.1 7.5e+06 7.6e+06 3903
LR999951.1 7.6e+06 7.7e+06 607
LR999951.1 7.7e+06 7.8e+06 11328
LR999951.1 7.8e+06 7.9e+06 1494
LR999951.1 7.9e+06 8e+06 831
LR999951.1 8e+06 8.1e+06 920
LR999951.1 8.1e+06 8.2e+06 776
LR999951.1 8.2e+06 8.3e+06 1871
LR999951.1 8.3e+06 8.4e+06 563
LR999951.1 8.4e+06 8.5e+06 433
LR999951.1 8.5e+06 8.6e+06 147
LR999951.1 8.6e+06 8.7e+06 1866
LR999951.1 8.7e+06 8.8e+06 1146
LR999951.1 8.8e+06 8.9e+06 2893
LR999951.1 8.9e+06 9e+06 1128
LR999951.1 9e+06 9.1e+06 782
LR999951.1 9.1e+06 9.2e+06 671
LR999951.1 9.2e+06 9.3e+06 630
LR999951.1 9.3e+06 9.4e+06 4808
LR999951.1 9.4e+06 9.5e+06 5856
LR999951.1 9.5e+06 9.6e+06 5111
LR999951.1 9.6e+06 9.7e+06 5124
LR999951.1 9.7e+06 9.8e+06 189
LR999951.1 9.8e+06 9839934 186
