LR999929.1 1 100000 72
LR999929.1 100001 200000 895
LR999929.1 200001 300000 888
LR999929.1 300001 400000 5419
LR999929.1 400001 500000 471
LR999929.1 500001 600000 4601
LR999929.1 600001 700000 414
LR999929.1 700001 800000 
LR999929.1 800001 900000 57
LR999929.1 900001 1e+06 5195
LR999929.1 1e+06 1.1e+06 415
LR999929.1 1.1e+06 1.2e+06 7667
LR999929.1 1.2e+06 1.3e+06 621
LR999929.1 1.3e+06 1.4e+06 2682
LR999929.1 1.4e+06 1.5e+06 1555
LR999929.1 1.5e+06 1.6e+06 3230
LR999929.1 1.6e+06 1.7e+06 1990
LR999929.1 1.7e+06 1.8e+06 578
LR999929.1 1.8e+06 1.9e+06 629
LR999929.1 1.9e+06 2e+06 1367
LR999929.1 2e+06 2.1e+06 2212
LR999929.1 2.1e+06 2.2e+06 3498
LR999929.1 2.2e+06 2.3e+06 380
LR999929.1 2.3e+06 2.4e+06 3673
LR999929.1 2.4e+06 2.5e+06 11379
LR999929.1 2.5e+06 2.6e+06 494
LR999929.1 2.6e+06 2.7e+06 365
LR999929.1 2.7e+06 2.8e+06 678
LR999929.1 2.8e+06 2.9e+06 636
LR999929.1 2.9e+06 3e+06 6512
LR999929.1 3e+06 3.1e+06 1185
LR999929.1 3.1e+06 3.2e+06 780
LR999929.1 3.2e+06 3.3e+06 1418
LR999929.1 3.3e+06 3.4e+06 5976
LR999929.1 3.4e+06 3.5e+06 466
LR999929.1 3.5e+06 3.6e+06 1423
LR999929.1 3.6e+06 3.7e+06 323
LR999929.1 3.7e+06 3.8e+06 1279
LR999929.1 3.8e+06 3.9e+06 255
LR999929.1 3.9e+06 4e+06 53
LR999929.1 4e+06 4.1e+06 501
LR999929.1 4.1e+06 4.2e+06 8294
LR999929.1 4.2e+06 4.3e+06 918
LR999929.1 4.3e+06 4.4e+06 862
LR999929.1 4.4e+06 4.5e+06 750
LR999929.1 4.5e+06 4.6e+06 1864
LR999929.1 4.6e+06 4.7e+06 6089
LR999929.1 4.7e+06 4.8e+06 608
LR999929.1 4.8e+06 4.9e+06 1672
LR999929.1 4.9e+06 5e+06 6007
LR999929.1 5e+06 5.1e+06 8271
LR999929.1 5.1e+06 5.2e+06 776
LR999929.1 5.2e+06 5.3e+06 5456
LR999929.1 5.3e+06 5.4e+06 300
LR999929.1 5.4e+06 5.5e+06 6425
LR999929.1 5.5e+06 5.6e+06 465
LR999929.1 5.6e+06 5.7e+06 1294
LR999929.1 5.7e+06 5.8e+06 690
LR999929.1 5.8e+06 5.9e+06 482
LR999929.1 5.9e+06 6e+06 7477
LR999929.1 6e+06 6.1e+06 616
LR999929.1 6.1e+06 6.2e+06 743
LR999929.1 6.2e+06 6.3e+06 72
LR999929.1 6.3e+06 6.4e+06 1421
LR999929.1 6.4e+06 6.5e+06 1156
LR999929.1 6.5e+06 6.6e+06 95
LR999929.1 6.6e+06 6.7e+06 250
LR999929.1 6.7e+06 6.8e+06 4544
LR999929.1 6.8e+06 6.9e+06 657
LR999929.1 6.9e+06 7e+06 72
LR999929.1 7e+06 7.1e+06 510
LR999929.1 7.1e+06 7.2e+06 357
LR999929.1 7.2e+06 7.3e+06 1816
LR999929.1 7.3e+06 7.4e+06 1047
LR999929.1 7.4e+06 7.5e+06 820
LR999929.1 7.5e+06 7.6e+06 481
LR999929.1 7.6e+06 7.7e+06 790
LR999929.1 7.7e+06 7.8e+06 1260
LR999929.1 7.8e+06 7.9e+06 6999
LR999929.1 7.9e+06 8e+06 505
LR999929.1 8e+06 8.1e+06 1235
LR999929.1 8.1e+06 8.2e+06 807
LR999929.1 8.2e+06 8.3e+06 235
LR999929.1 8.3e+06 8.4e+06 431
LR999929.1 8.4e+06 8.5e+06 158
LR999929.1 8.5e+06 8.6e+06 129
LR999929.1 8.6e+06 8.7e+06 469
LR999929.1 8.7e+06 8.8e+06 622
LR999929.1 8.8e+06 8.9e+06 900
LR999929.1 8.9e+06 9e+06 142
LR999929.1 9e+06 9.1e+06 906
LR999929.1 9.1e+06 9.2e+06 688
LR999929.1 9.2e+06 9.3e+06 419
LR999929.1 9.3e+06 9.4e+06 3352
LR999929.1 9.4e+06 9.5e+06 412
LR999929.1 9.5e+06 9.6e+06 6121
LR999929.1 9.6e+06 9.7e+06 637
LR999929.1 9.7e+06 9.8e+06 4314
LR999929.1 9.8e+06 9.9e+06 2076
LR999929.1 9.9e+06 1e+07 9465
LR999929.1 1e+07 1.01e+07 1103
LR999929.1 1.01e+07 1.02e+07 1437
LR999929.1 1.02e+07 1.03e+07 2034
LR999929.1 1.03e+07 1.04e+07 4470
LR999929.1 1.04e+07 1.05e+07 850
LR999929.1 1.05e+07 1.06e+07 5272
LR999929.1 1.06e+07 1.07e+07 6118
LR999929.1 1.07e+07 1.08e+07 1166
LR999929.1 1.08e+07 1.09e+07 871
LR999929.1 1.09e+07 1.1e+07 855
LR999929.1 1.1e+07 1.11e+07 6774
LR999929.1 1.11e+07 1.12e+07 391
LR999929.1 1.12e+07 1.13e+07 1026
LR999929.1 1.13e+07 1.14e+07 444
LR999929.1 1.14e+07 1.15e+07 4747
LR999929.1 1.15e+07 1.16e+07 1152
LR999929.1 1.16e+07 1.17e+07 1192
LR999929.1 1.17e+07 1.18e+07 3453
LR999929.1 1.18e+07 1.19e+07 5536
LR999929.1 1.19e+07 1.2e+07 8882
LR999929.1 1.2e+07 1.21e+07 1082
LR999929.1 1.21e+07 1.22e+07 843
LR999929.1 1.22e+07 1.23e+07 4560
LR999929.1 1.23e+07 1.24e+07 1011
LR999929.1 1.24e+07 1.25e+07 1796
LR999929.1 1.25e+07 1.26e+07 405
LR999929.1 1.26e+07 1.27e+07 210
LR999929.1 1.27e+07 1.28e+07 510
LR999929.1 1.28e+07 1.29e+07 9381
LR999929.1 1.29e+07 1.3e+07 6530
LR999929.1 1.3e+07 1.31e+07 466
LR999929.1 1.31e+07 1.32e+07 268
LR999929.1 1.32e+07 1.33e+07 392
LR999929.1 1.33e+07 1.34e+07 574
LR999929.1 1.34e+07 1.35e+07 
LR999929.1 1.35e+07 1.36e+07 1824
LR999929.1 1.36e+07 1.37e+07 6195
LR999929.1 1.37e+07 1.38e+07 7029
LR999929.1 1.38e+07 1.39e+07 343
LR999929.1 1.39e+07 1.4e+07 1267
LR999929.1 1.4e+07 1.41e+07 524
LR999929.1 1.41e+07 1.42e+07 1093
LR999929.1 1.42e+07 1.43e+07 2141
LR999929.1 1.43e+07 1.44e+07 4428
LR999929.1 1.44e+07 1.45e+07 1728
LR999929.1 1.45e+07 1.46e+07 1212
LR999929.1 1.46e+07 1.47e+07 951
LR999929.1 1.47e+07 1.48e+07 614
LR999929.1 1.48e+07 1.49e+07 292
LR999929.1 1.49e+07 1.5e+07 1614
LR999929.1 1.5e+07 1.51e+07 4308
LR999929.1 1.51e+07 1.52e+07 1314
LR999929.1 1.52e+07 1.53e+07 896
LR999929.1 1.53e+07 1.54e+07 3888
LR999929.1 1.54e+07 1.55e+07 272
LR999929.1 1.55e+07 1.56e+07 5775
LR999929.1 1.56e+07 1.57e+07 4048
LR999929.1 1.57e+07 1.58e+07 2029
LR999929.1 1.58e+07 1.59e+07 910
LR999929.1 1.59e+07 15952094 6276
