LR999928.1 1 100000 4717
LR999928.1 100001 200000 5720
LR999928.1 200001 300000 8333
LR999928.1 300001 400000 2002
LR999928.1 400001 500000 2087
LR999928.1 500001 600000 1517
LR999928.1 600001 700000 553
LR999928.1 700001 800000 372
LR999928.1 800001 900000 10082
LR999928.1 900001 1e+06 568
LR999928.1 1e+06 1.1e+06 7969
LR999928.1 1.1e+06 1.2e+06 10145
LR999928.1 1.2e+06 1.3e+06 1560
LR999928.1 1.3e+06 1.4e+06 1441
LR999928.1 1.4e+06 1.5e+06 356
LR999928.1 1.5e+06 1.6e+06 897
LR999928.1 1.6e+06 1.7e+06 4368
LR999928.1 1.7e+06 1.8e+06 13547
LR999928.1 1.8e+06 1.9e+06 835
LR999928.1 1.9e+06 2e+06 631
LR999928.1 2e+06 2.1e+06 351
LR999928.1 2.1e+06 2.2e+06 1183
LR999928.1 2.2e+06 2.3e+06 281
LR999928.1 2.3e+06 2.4e+06 679
LR999928.1 2.4e+06 2.5e+06 1009
LR999928.1 2.5e+06 2.6e+06 143
LR999928.1 2.6e+06 2.7e+06 761
LR999928.1 2.7e+06 2.8e+06 244
LR999928.1 2.8e+06 2.9e+06 181
LR999928.1 2.9e+06 3e+06 759
LR999928.1 3e+06 3.1e+06 477
LR999928.1 3.1e+06 3.2e+06 5915
LR999928.1 3.2e+06 3.3e+06 2060
LR999928.1 3.3e+06 3.4e+06 650
LR999928.1 3.4e+06 3.5e+06 569
LR999928.1 3.5e+06 3.6e+06 3140
LR999928.1 3.6e+06 3.7e+06 652
LR999928.1 3.7e+06 3.8e+06 1856
LR999928.1 3.8e+06 3.9e+06 934
LR999928.1 3.9e+06 4e+06 277
LR999928.1 4e+06 4.1e+06 4533
LR999928.1 4.1e+06 4.2e+06 5854
LR999928.1 4.2e+06 4.3e+06 508
LR999928.1 4.3e+06 4.4e+06 2296
LR999928.1 4.4e+06 4.5e+06 2813
LR999928.1 4.5e+06 4.6e+06 501
LR999928.1 4.6e+06 4.7e+06 6615
LR999928.1 4.7e+06 4.8e+06 5649
LR999928.1 4.8e+06 4.9e+06 1518
LR999928.1 4.9e+06 5e+06 1046
LR999928.1 5e+06 5.1e+06 254
LR999928.1 5.1e+06 5.2e+06 
LR999928.1 5.2e+06 5.3e+06 45
LR999928.1 5.3e+06 5.4e+06 349
LR999928.1 5.4e+06 5.5e+06 894
LR999928.1 5.5e+06 5.6e+06 973
LR999928.1 5.6e+06 5.7e+06 201
LR999928.1 5.7e+06 5.8e+06 607
LR999928.1 5.8e+06 5.9e+06 1485
LR999928.1 5.9e+06 6e+06 1782
LR999928.1 6e+06 6.1e+06 260
LR999928.1 6.1e+06 6.2e+06 596
LR999928.1 6.2e+06 6.3e+06 415
LR999928.1 6.3e+06 6.4e+06 783
LR999928.1 6.4e+06 6.5e+06 375
LR999928.1 6.5e+06 6.6e+06 693
LR999928.1 6.6e+06 6.7e+06 201
LR999928.1 6.7e+06 6.8e+06 54
LR999928.1 6.8e+06 6.9e+06 6393
LR999928.1 6.9e+06 7e+06 71
LR999928.1 7e+06 7.1e+06 372
LR999928.1 7.1e+06 7.2e+06 603
LR999928.1 7.2e+06 7.3e+06 1060
LR999928.1 7.3e+06 7.4e+06 368
LR999928.1 7.4e+06 7.5e+06 436
LR999928.1 7.5e+06 7.6e+06 419
LR999928.1 7.6e+06 7.7e+06 571
LR999928.1 7.7e+06 7.8e+06 383
LR999928.1 7.8e+06 7.9e+06 273
LR999928.1 7.9e+06 8e+06 279
LR999928.1 8e+06 8.1e+06 916
LR999928.1 8.1e+06 8.2e+06 550
LR999928.1 8.2e+06 8.3e+06 385
LR999928.1 8.3e+06 8.4e+06 34
LR999928.1 8.4e+06 8.5e+06 274
LR999928.1 8.5e+06 8.6e+06 8153
LR999928.1 8.6e+06 8.7e+06 5641
LR999928.1 8.7e+06 8.8e+06 777
LR999928.1 8.8e+06 8.9e+06 7299
LR999928.1 8.9e+06 9e+06 3453
LR999928.1 9e+06 9.1e+06 461
LR999928.1 9.1e+06 9.2e+06 5744
LR999928.1 9.2e+06 9.3e+06 401
LR999928.1 9.3e+06 9.4e+06 372
LR999928.1 9.4e+06 9.5e+06 453
LR999928.1 9.5e+06 9.6e+06 312
LR999928.1 9.6e+06 9.7e+06 7259
LR999928.1 9.7e+06 9.8e+06 539
LR999928.1 9.8e+06 9.9e+06 631
LR999928.1 9.9e+06 1e+07 1280
LR999928.1 1e+07 1.01e+07 4269
LR999928.1 1.01e+07 1.02e+07 894
LR999928.1 1.02e+07 1.03e+07 524
LR999928.1 1.03e+07 1.04e+07 1083
LR999928.1 1.04e+07 1.05e+07 1280
LR999928.1 1.05e+07 1.06e+07 330
LR999928.1 1.06e+07 1.07e+07 1095
LR999928.1 1.07e+07 1.08e+07 179
LR999928.1 1.08e+07 1.09e+07 306
LR999928.1 1.09e+07 1.1e+07 185
LR999928.1 1.1e+07 1.11e+07 77
LR999928.1 1.11e+07 1.12e+07 886
LR999928.1 1.12e+07 1.13e+07 2127
LR999928.1 1.13e+07 1.14e+07 956
LR999928.1 1.14e+07 1.15e+07 1048
LR999928.1 1.15e+07 1.16e+07 103
LR999928.1 1.16e+07 1.17e+07 2377
LR999928.1 1.17e+07 1.18e+07 841
LR999928.1 1.18e+07 1.19e+07 6986
LR999928.1 1.19e+07 1.2e+07 2042
LR999928.1 1.2e+07 1.21e+07 
LR999928.1 1.21e+07 1.22e+07 428
LR999928.1 1.22e+07 1.23e+07 185
LR999928.1 1.23e+07 1.24e+07 2332
LR999928.1 1.24e+07 1.25e+07 2220
LR999928.1 1.25e+07 1.26e+07 586
LR999928.1 1.26e+07 1.27e+07 1595
LR999928.1 1.27e+07 1.28e+07 8138
LR999928.1 1.28e+07 1.29e+07 666
LR999928.1 1.29e+07 1.3e+07 277
LR999928.1 1.3e+07 1.31e+07 1192
LR999928.1 1.31e+07 1.32e+07 9517
LR999928.1 1.32e+07 1.33e+07 601
LR999928.1 1.33e+07 1.34e+07 1408
LR999928.1 1.34e+07 1.35e+07 33
LR999928.1 1.35e+07 1.36e+07 385
LR999928.1 1.36e+07 1.37e+07 461
LR999928.1 1.37e+07 1.38e+07 1137
LR999928.1 1.38e+07 1.39e+07 1656
LR999928.1 1.39e+07 1.4e+07 385
LR999928.1 1.4e+07 1.41e+07 666
LR999928.1 1.41e+07 1.42e+07 293
LR999928.1 1.42e+07 1.43e+07 533
LR999928.1 1.43e+07 1.44e+07 999
LR999928.1 1.44e+07 1.45e+07 1878
LR999928.1 1.45e+07 1.46e+07 1038
LR999928.1 1.46e+07 1.47e+07 6872
LR999928.1 1.47e+07 1.48e+07 422
LR999928.1 1.48e+07 1.49e+07 1582
LR999928.1 1.49e+07 1.5e+07 864
LR999928.1 1.5e+07 1.51e+07 358
LR999928.1 1.51e+07 1.52e+07 228
LR999928.1 1.52e+07 1.53e+07 114
LR999928.1 1.53e+07 1.54e+07 3545
LR999928.1 1.54e+07 1.55e+07 979
LR999928.1 1.55e+07 1.56e+07 3797
LR999928.1 1.56e+07 1.57e+07 787
LR999928.1 1.57e+07 1.58e+07 166
LR999928.1 1.58e+07 1.59e+07 1228
LR999928.1 1.59e+07 1.6e+07 7131
LR999928.1 1.6e+07 16000791 
