LR999943.1 1 100000 834
LR999943.1 100001 200000 624
LR999943.1 200001 300000 1241
LR999943.1 300001 400000 757
LR999943.1 400001 500000 663
LR999943.1 500001 600000 43
LR999943.1 600001 700000 1355
LR999943.1 700001 800000 404
LR999943.1 800001 900000 355
LR999943.1 900001 1e+06 2865
LR999943.1 1e+06 1.1e+06 8808
LR999943.1 1.1e+06 1.2e+06 1970
LR999943.1 1.2e+06 1.3e+06 1176
LR999943.1 1.3e+06 1.4e+06 6156
LR999943.1 1.4e+06 1.5e+06 1165
LR999943.1 1.5e+06 1.6e+06 1182
LR999943.1 1.6e+06 1.7e+06 938
LR999943.1 1.7e+06 1.8e+06 1955
LR999943.1 1.8e+06 1.9e+06 16373
LR999943.1 1.9e+06 2e+06 5840
LR999943.1 2e+06 2.1e+06 657
LR999943.1 2.1e+06 2.2e+06 295
LR999943.1 2.2e+06 2.3e+06 316
LR999943.1 2.3e+06 2.4e+06 892
LR999943.1 2.4e+06 2.5e+06 1524
LR999943.1 2.5e+06 2.6e+06 1406
LR999943.1 2.6e+06 2.7e+06 841
LR999943.1 2.7e+06 2.8e+06 501
LR999943.1 2.8e+06 2.9e+06 2186
LR999943.1 2.9e+06 3e+06 942
LR999943.1 3e+06 3.1e+06 1914
LR999943.1 3.1e+06 3.2e+06 491
LR999943.1 3.2e+06 3.3e+06 473
LR999943.1 3.3e+06 3.4e+06 580
LR999943.1 3.4e+06 3.5e+06 378
LR999943.1 3.5e+06 3.6e+06 127
LR999943.1 3.6e+06 3.7e+06 4392
LR999943.1 3.7e+06 3.8e+06 95
LR999943.1 3.8e+06 3.9e+06 2406
LR999943.1 3.9e+06 4e+06 648
LR999943.1 4e+06 4.1e+06 784
LR999943.1 4.1e+06 4.2e+06 1270
LR999943.1 4.2e+06 4.3e+06 10744
LR999943.1 4.3e+06 4.4e+06 233
LR999943.1 4.4e+06 4.5e+06 1439
LR999943.1 4.5e+06 4.6e+06 1453
LR999943.1 4.6e+06 4.7e+06 658
LR999943.1 4.7e+06 4.8e+06 8110
LR999943.1 4.8e+06 4.9e+06 164
LR999943.1 4.9e+06 5e+06 407
LR999943.1 5e+06 5.1e+06 
LR999943.1 5.1e+06 5.2e+06 542
LR999943.1 5.2e+06 5.3e+06 43
LR999943.1 5.3e+06 5.4e+06 819
LR999943.1 5.4e+06 5.5e+06 4751
LR999943.1 5.5e+06 5.6e+06 1701
LR999943.1 5.6e+06 5.7e+06 1251
LR999943.1 5.7e+06 5.8e+06 6086
LR999943.1 5.8e+06 5.9e+06 305
LR999943.1 5.9e+06 6e+06 286
LR999943.1 6e+06 6.1e+06 639
LR999943.1 6.1e+06 6.2e+06 743
LR999943.1 6.2e+06 6.3e+06 112
LR999943.1 6.3e+06 6.4e+06 474
LR999943.1 6.4e+06 6.5e+06 1171
LR999943.1 6.5e+06 6.6e+06 664
LR999943.1 6.6e+06 6.7e+06 1398
LR999943.1 6.7e+06 6.8e+06 1824
LR999943.1 6.8e+06 6.9e+06 5542
LR999943.1 6.9e+06 7e+06 271
LR999943.1 7e+06 7.1e+06 1867
LR999943.1 7.1e+06 7.2e+06 906
LR999943.1 7.2e+06 7.3e+06 1014
LR999943.1 7.3e+06 7.4e+06 738
LR999943.1 7.4e+06 7.5e+06 5520
LR999943.1 7.5e+06 7.6e+06 2641
LR999943.1 7.6e+06 7.7e+06 11157
LR999943.1 7.7e+06 7.8e+06 4229
LR999943.1 7.8e+06 7.9e+06 1708
LR999943.1 7.9e+06 8e+06 220
LR999943.1 8e+06 8.1e+06 
LR999943.1 8.1e+06 8.2e+06 203
LR999943.1 8.2e+06 8.3e+06 410
LR999943.1 8.3e+06 8.4e+06 1321
LR999943.1 8.4e+06 8.5e+06 4137
LR999943.1 8.5e+06 8.6e+06 1254
LR999943.1 8.6e+06 8.7e+06 718
LR999943.1 8.7e+06 8.8e+06 661
LR999943.1 8.8e+06 8.9e+06 625
LR999943.1 8.9e+06 9e+06 987
LR999943.1 9e+06 9.1e+06 395
LR999943.1 9.1e+06 9.2e+06 1121
LR999943.1 9.2e+06 9.3e+06 6783
LR999943.1 9.3e+06 9.4e+06 245
LR999943.1 9.4e+06 9.5e+06 
LR999943.1 9.5e+06 9.6e+06 1003
LR999943.1 9.6e+06 9.7e+06 477
LR999943.1 9.7e+06 9.8e+06 5423
LR999943.1 9.8e+06 9.9e+06 440
LR999943.1 9.9e+06 1e+07 752
LR999943.1 1e+07 1.01e+07 
LR999943.1 1.01e+07 1.02e+07 1116
LR999943.1 1.02e+07 1.03e+07 1608
LR999943.1 1.03e+07 1.04e+07 1081
LR999943.1 1.04e+07 1.05e+07 3031
LR999943.1 1.05e+07 1.06e+07 988
LR999943.1 1.06e+07 1.07e+07 739
LR999943.1 1.07e+07 1.08e+07 912
LR999943.1 1.08e+07 1.09e+07 5733
LR999943.1 1.09e+07 1.1e+07 603
LR999943.1 1.1e+07 1.11e+07 6001
LR999943.1 1.11e+07 1.12e+07 50
LR999943.1 1.12e+07 1.13e+07 596
LR999943.1 1.13e+07 1.14e+07 1161
LR999943.1 1.14e+07 1.15e+07 5223
LR999943.1 1.15e+07 1.16e+07 1271
LR999943.1 1.16e+07 1.17e+07 1567
LR999943.1 1.17e+07 1.18e+07 948
LR999943.1 1.18e+07 1.19e+07 890
LR999943.1 1.19e+07 1.2e+07 629
LR999943.1 1.2e+07 1.21e+07 536
LR999943.1 1.21e+07 1.22e+07 1250
LR999943.1 1.22e+07 1.23e+07 297
LR999943.1 1.23e+07 1.24e+07 1907
LR999943.1 1.24e+07 1.25e+07 1107
LR999943.1 1.25e+07 1.26e+07 5428
LR999943.1 1.26e+07 1.27e+07 388
LR999943.1 1.27e+07 1.28e+07 629
LR999943.1 1.28e+07 1.29e+07 8586
LR999943.1 1.29e+07 1.3e+07 4520
LR999943.1 1.3e+07 1.31e+07 391
LR999943.1 1.31e+07 1.32e+07 801
LR999943.1 1.32e+07 13236624 471
