LR999926.1 1 100000 946
LR999926.1 100001 200000 5902
LR999926.1 200001 300000 
LR999926.1 300001 400000 65
LR999926.1 400001 500000 
LR999926.1 500001 600000 550
LR999926.1 600001 700000 4503
LR999926.1 700001 800000 1122
LR999926.1 800001 900000 1085
LR999926.1 900001 1e+06 352
LR999926.1 1e+06 1.1e+06 872
LR999926.1 1.1e+06 1.2e+06 4102
LR999926.1 1.2e+06 1.3e+06 8015
LR999926.1 1.3e+06 1.4e+06 810
LR999926.1 1.4e+06 1.5e+06 878
LR999926.1 1.5e+06 1.6e+06 558
LR999926.1 1.6e+06 1.7e+06 1036
LR999926.1 1.7e+06 1.8e+06 6697
LR999926.1 1.8e+06 1.9e+06 574
LR999926.1 1.9e+06 2e+06 5270
LR999926.1 2e+06 2.1e+06 372
LR999926.1 2.1e+06 2.2e+06 6412
LR999926.1 2.2e+06 2.3e+06 6069
LR999926.1 2.3e+06 2.4e+06 2183
LR999926.1 2.4e+06 2.5e+06 1207
LR999926.1 2.5e+06 2.6e+06 802
LR999926.1 2.6e+06 2.7e+06 515
LR999926.1 2.7e+06 2.8e+06 1659
LR999926.1 2.8e+06 2.9e+06 1279
LR999926.1 2.9e+06 3e+06 1085
LR999926.1 3e+06 3.1e+06 4769
LR999926.1 3.1e+06 3.2e+06 1471
LR999926.1 3.2e+06 3.3e+06 439
LR999926.1 3.3e+06 3.4e+06 698
LR999926.1 3.4e+06 3.5e+06 525
LR999926.1 3.5e+06 3.6e+06 1727
LR999926.1 3.6e+06 3.7e+06 143
LR999926.1 3.7e+06 3.8e+06 634
LR999926.1 3.8e+06 3.9e+06 912
LR999926.1 3.9e+06 4e+06 2388
LR999926.1 4e+06 4.1e+06 365
LR999926.1 4.1e+06 4.2e+06 398
LR999926.1 4.2e+06 4.3e+06 8476
LR999926.1 4.3e+06 4.4e+06 348
LR999926.1 4.4e+06 4.5e+06 454
LR999926.1 4.5e+06 4.6e+06 360
LR999926.1 4.6e+06 4.7e+06 1289
LR999926.1 4.7e+06 4.8e+06 62
LR999926.1 4.8e+06 4.9e+06 44
LR999926.1 4.9e+06 5e+06 482
LR999926.1 5e+06 5.1e+06 263
LR999926.1 5.1e+06 5.2e+06 5173
LR999926.1 5.2e+06 5.3e+06 594
LR999926.1 5.3e+06 5.4e+06 97
LR999926.1 5.4e+06 5.5e+06 755
LR999926.1 5.5e+06 5.6e+06 2751
LR999926.1 5.6e+06 5.7e+06 389
LR999926.1 5.7e+06 5.8e+06 1590
LR999926.1 5.8e+06 5.9e+06 2708
LR999926.1 5.9e+06 6e+06 606
LR999926.1 6e+06 6.1e+06 383
LR999926.1 6.1e+06 6.2e+06 891
LR999926.1 6.2e+06 6.3e+06 8125
LR999926.1 6.3e+06 6.4e+06 207
LR999926.1 6.4e+06 6.5e+06 10237
LR999926.1 6.5e+06 6.6e+06 254
LR999926.1 6.6e+06 6.7e+06 1503
LR999926.1 6.7e+06 6.8e+06 776
LR999926.1 6.8e+06 6.9e+06 1535
LR999926.1 6.9e+06 7e+06 1604
LR999926.1 7e+06 7.1e+06 169
LR999926.1 7.1e+06 7.2e+06 5480
LR999926.1 7.2e+06 7.3e+06 426
LR999926.1 7.3e+06 7.4e+06 312
LR999926.1 7.4e+06 7.5e+06 422
LR999926.1 7.5e+06 7.6e+06 10852
LR999926.1 7.6e+06 7.7e+06 11732
LR999926.1 7.7e+06 7.8e+06 1001
LR999926.1 7.8e+06 7.9e+06 1056
LR999926.1 7.9e+06 8e+06 876
LR999926.1 8e+06 8.1e+06 566
LR999926.1 8.1e+06 8.2e+06 660
LR999926.1 8.2e+06 8.3e+06 246
LR999926.1 8.3e+06 8.4e+06 312
LR999926.1 8.4e+06 8.5e+06 2463
LR999926.1 8.5e+06 8.6e+06 
LR999926.1 8.6e+06 8.7e+06 656
LR999926.1 8.7e+06 8.8e+06 
LR999926.1 8.8e+06 8.9e+06 960
LR999926.1 8.9e+06 9e+06 60
LR999926.1 9e+06 9.1e+06 165
LR999926.1 9.1e+06 9.2e+06 673
LR999926.1 9.2e+06 9.3e+06 243
LR999926.1 9.3e+06 9.4e+06 97
LR999926.1 9.4e+06 9.5e+06 150
LR999926.1 9.5e+06 9.6e+06 186
LR999926.1 9.6e+06 9.7e+06 
LR999926.1 9.7e+06 9.8e+06 361
LR999926.1 9.8e+06 9.9e+06 142
LR999926.1 9.9e+06 1e+07 961
LR999926.1 1e+07 1.01e+07 1485
LR999926.1 1.01e+07 1.02e+07 645
LR999926.1 1.02e+07 1.03e+07 2943
LR999926.1 1.03e+07 1.04e+07 4923
LR999926.1 1.04e+07 1.05e+07 354
LR999926.1 1.05e+07 1.06e+07 1035
LR999926.1 1.06e+07 1.07e+07 66
LR999926.1 1.07e+07 1.08e+07 3764
LR999926.1 1.08e+07 1.09e+07 7027
LR999926.1 1.09e+07 1.1e+07 2112
LR999926.1 1.1e+07 1.11e+07 5961
LR999926.1 1.11e+07 1.12e+07 702
LR999926.1 1.12e+07 1.13e+07 1047
LR999926.1 1.13e+07 1.14e+07 1473
LR999926.1 1.14e+07 1.15e+07 79
LR999926.1 1.15e+07 1.16e+07 983
LR999926.1 1.16e+07 1.17e+07 6010
LR999926.1 1.17e+07 1.18e+07 702
LR999926.1 1.18e+07 1.19e+07 793
LR999926.1 1.19e+07 1.2e+07 6806
LR999926.1 1.2e+07 1.21e+07 7498
LR999926.1 1.21e+07 1.22e+07 948
LR999926.1 1.22e+07 1.23e+07 3394
LR999926.1 1.23e+07 1.24e+07 356
LR999926.1 1.24e+07 1.25e+07 1117
LR999926.1 1.25e+07 1.26e+07 2190
LR999926.1 1.26e+07 1.27e+07 4048
LR999926.1 1.27e+07 1.28e+07 1329
LR999926.1 1.28e+07 1.29e+07 1609
LR999926.1 1.29e+07 1.3e+07 835
LR999926.1 1.3e+07 1.31e+07 1257
LR999926.1 1.31e+07 1.32e+07 301
LR999926.1 1.32e+07 1.33e+07 6987
LR999926.1 1.33e+07 1.34e+07 138
LR999926.1 1.34e+07 1.35e+07 2075
LR999926.1 1.35e+07 1.36e+07 3178
LR999926.1 1.36e+07 1.37e+07 5373
LR999926.1 1.37e+07 1.38e+07 2619
LR999926.1 1.38e+07 1.39e+07 923
LR999926.1 1.39e+07 1.4e+07 1313
LR999926.1 1.4e+07 1.41e+07 1138
LR999926.1 1.41e+07 1.42e+07 385
LR999926.1 1.42e+07 1.43e+07 5121
LR999926.1 1.43e+07 1.44e+07 477
LR999926.1 1.44e+07 1.45e+07 1350
LR999926.1 1.45e+07 1.46e+07 7054
LR999926.1 1.46e+07 1.47e+07 495
LR999926.1 1.47e+07 1.48e+07 1402
LR999926.1 1.48e+07 1.49e+07 1300
LR999926.1 1.49e+07 1.5e+07 4361
LR999926.1 1.5e+07 1.51e+07 1169
LR999926.1 1.51e+07 1.52e+07 85
LR999926.1 1.52e+07 1.53e+07 1395
LR999926.1 1.53e+07 1.54e+07 1087
LR999926.1 1.54e+07 1.55e+07 1151
LR999926.1 1.55e+07 1.56e+07 13459
LR999926.1 1.56e+07 1.57e+07 5068
LR999926.1 1.57e+07 1.58e+07 365
LR999926.1 1.58e+07 1.59e+07 365
LR999926.1 1.59e+07 1.6e+07 492
LR999926.1 1.6e+07 1.61e+07 818
LR999926.1 1.61e+07 1.62e+07 472
LR999926.1 1.62e+07 1.63e+07 1618
LR999926.1 1.63e+07 16362069 578
