LR999947.1 1 100000 6929
LR999947.1 100001 200000 435
LR999947.1 200001 300000 5943
LR999947.1 300001 400000 932
LR999947.1 400001 500000 1555
LR999947.1 500001 600000 5399
LR999947.1 600001 700000 1757
LR999947.1 700001 800000 692
LR999947.1 800001 900000 6041
LR999947.1 900001 1e+06 2016
LR999947.1 1e+06 1.1e+06 1430
LR999947.1 1.1e+06 1.2e+06 948
LR999947.1 1.2e+06 1.3e+06 5118
LR999947.1 1.3e+06 1.4e+06 1174
LR999947.1 1.4e+06 1.5e+06 2426
LR999947.1 1.5e+06 1.6e+06 7427
LR999947.1 1.6e+06 1.7e+06 478
LR999947.1 1.7e+06 1.8e+06 2480
LR999947.1 1.8e+06 1.9e+06 1437
LR999947.1 1.9e+06 2e+06 788
LR999947.1 2e+06 2.1e+06 796
LR999947.1 2.1e+06 2.2e+06 919
LR999947.1 2.2e+06 2.3e+06 1409
LR999947.1 2.3e+06 2.4e+06 480
LR999947.1 2.4e+06 2.5e+06 850
LR999947.1 2.5e+06 2.6e+06 338
LR999947.1 2.6e+06 2.7e+06 2407
LR999947.1 2.7e+06 2.8e+06 541
LR999947.1 2.8e+06 2.9e+06 421
LR999947.1 2.9e+06 3e+06 5140
LR999947.1 3e+06 3.1e+06 2809
LR999947.1 3.1e+06 3.2e+06 350
LR999947.1 3.2e+06 3.3e+06 472
LR999947.1 3.3e+06 3.4e+06 764
LR999947.1 3.4e+06 3.5e+06 1255
LR999947.1 3.5e+06 3.6e+06 6385
LR999947.1 3.6e+06 3.7e+06 630
LR999947.1 3.7e+06 3.8e+06 1184
LR999947.1 3.8e+06 3.9e+06 760
LR999947.1 3.9e+06 4e+06 1407
LR999947.1 4e+06 4.1e+06 6169
LR999947.1 4.1e+06 4.2e+06 2661
LR999947.1 4.2e+06 4.3e+06 6541
LR999947.1 4.3e+06 4.4e+06 2616
LR999947.1 4.4e+06 4.5e+06 1782
LR999947.1 4.5e+06 4.6e+06 1331
LR999947.1 4.6e+06 4.7e+06 1484
LR999947.1 4.7e+06 4.8e+06 1071
LR999947.1 4.8e+06 4.9e+06 165
LR999947.1 4.9e+06 5e+06 616
LR999947.1 5e+06 5.1e+06 4485
LR999947.1 5.1e+06 5.2e+06 453
LR999947.1 5.2e+06 5.3e+06 1400
LR999947.1 5.3e+06 5.4e+06 1429
LR999947.1 5.4e+06 5.5e+06 1459
LR999947.1 5.5e+06 5.6e+06 1709
LR999947.1 5.6e+06 5.7e+06 1011
LR999947.1 5.7e+06 5.8e+06 444
LR999947.1 5.8e+06 5.9e+06 4052
LR999947.1 5.9e+06 6e+06 61
LR999947.1 6e+06 6.1e+06 6932
LR999947.1 6.1e+06 6.2e+06 686
LR999947.1 6.2e+06 6.3e+06 9708
LR999947.1 6.3e+06 6.4e+06 3486
LR999947.1 6.4e+06 6.5e+06 1620
LR999947.1 6.5e+06 6.6e+06 483
LR999947.1 6.6e+06 6.7e+06 325
LR999947.1 6.7e+06 6.8e+06 1841
LR999947.1 6.8e+06 6.9e+06 11011
LR999947.1 6.9e+06 7e+06 2219
LR999947.1 7e+06 7.1e+06 1059
LR999947.1 7.1e+06 7.2e+06 2281
LR999947.1 7.2e+06 7.3e+06 917
LR999947.1 7.3e+06 7.4e+06 6513
LR999947.1 7.4e+06 7.5e+06 1797
LR999947.1 7.5e+06 7.6e+06 4823
LR999947.1 7.6e+06 7.7e+06 1439
LR999947.1 7.7e+06 7.8e+06 845
LR999947.1 7.8e+06 7.9e+06 2078
LR999947.1 7.9e+06 8e+06 548
LR999947.1 8e+06 8.1e+06 1565
LR999947.1 8.1e+06 8.2e+06 2315
LR999947.1 8.2e+06 8.3e+06 7544
LR999947.1 8.3e+06 8.4e+06 1098
LR999947.1 8.4e+06 8.5e+06 1966
LR999947.1 8.5e+06 8.6e+06 776
LR999947.1 8.6e+06 8.7e+06 2040
LR999947.1 8.7e+06 8.8e+06 1227
LR999947.1 8.8e+06 8.9e+06 1156
LR999947.1 8.9e+06 9e+06 1022
LR999947.1 9e+06 9.1e+06 1892
LR999947.1 9.1e+06 9.2e+06 564
LR999947.1 9.2e+06 9.3e+06 2103
LR999947.1 9.3e+06 9.4e+06 847
LR999947.1 9.4e+06 9.5e+06 729
LR999947.1 9.5e+06 9.6e+06 660
LR999947.1 9.6e+06 9.7e+06 733
LR999947.1 9.7e+06 9.8e+06 856
LR999947.1 9.8e+06 9.9e+06 5185
LR999947.1 9.9e+06 1e+07 218
LR999947.1 1e+07 1.01e+07 2565
LR999947.1 1.01e+07 1.02e+07 3942
LR999947.1 1.02e+07 1.03e+07 1304
LR999947.1 1.03e+07 1.04e+07 1307
LR999947.1 1.04e+07 1.05e+07 1536
LR999947.1 1.05e+07 1.06e+07 340
LR999947.1 1.06e+07 1.07e+07 3711
LR999947.1 1.07e+07 1.08e+07 599
LR999947.1 1.08e+07 1.09e+07 234
LR999947.1 1.09e+07 1.1e+07 11206
LR999947.1 1.1e+07 1.11e+07 5346
LR999947.1 1.11e+07 1.12e+07 2997
LR999947.1 1.12e+07 1.13e+07 1010
LR999947.1 1.13e+07 1.14e+07 634
LR999947.1 1.14e+07 1.15e+07 4290
LR999947.1 1.15e+07 1.16e+07 1366
LR999947.1 1.16e+07 1.17e+07 186
LR999947.1 1.17e+07 11704087 144
