LR999936.1 1 100000 407
LR999936.1 100001 200000 1810
LR999936.1 200001 300000 337
LR999936.1 300001 400000 383
LR999936.1 400001 500000 279
LR999936.1 500001 600000 6418
LR999936.1 600001 700000 247
LR999936.1 700001 800000 723
LR999936.1 800001 900000 268
LR999936.1 900001 1e+06 261
LR999936.1 1e+06 1.1e+06 1391
LR999936.1 1.1e+06 1.2e+06 434
LR999936.1 1.2e+06 1.3e+06 692
LR999936.1 1.3e+06 1.4e+06 1835
LR999936.1 1.4e+06 1.5e+06 419
LR999936.1 1.5e+06 1.6e+06 1128
LR999936.1 1.6e+06 1.7e+06 3957
LR999936.1 1.7e+06 1.8e+06 638
LR999936.1 1.8e+06 1.9e+06 759
LR999936.1 1.9e+06 2e+06 488
LR999936.1 2e+06 2.1e+06 672
LR999936.1 2.1e+06 2.2e+06 849
LR999936.1 2.2e+06 2.3e+06 645
LR999936.1 2.3e+06 2.4e+06 6041
LR999936.1 2.4e+06 2.5e+06 828
LR999936.1 2.5e+06 2.6e+06 949
LR999936.1 2.6e+06 2.7e+06 1880
LR999936.1 2.7e+06 2.8e+06 1387
LR999936.1 2.8e+06 2.9e+06 950
LR999936.1 2.9e+06 3e+06 7847
LR999936.1 3e+06 3.1e+06 602
LR999936.1 3.1e+06 3.2e+06 841
LR999936.1 3.2e+06 3.3e+06 550
LR999936.1 3.3e+06 3.4e+06 772
LR999936.1 3.4e+06 3.5e+06 2205
LR999936.1 3.5e+06 3.6e+06 1064
LR999936.1 3.6e+06 3.7e+06 123
LR999936.1 3.7e+06 3.8e+06 715
LR999936.1 3.8e+06 3.9e+06 2172
LR999936.1 3.9e+06 4e+06 6930
LR999936.1 4e+06 4.1e+06 202
LR999936.1 4.1e+06 4.2e+06 1338
LR999936.1 4.2e+06 4.3e+06 861
LR999936.1 4.3e+06 4.4e+06 9184
LR999936.1 4.4e+06 4.5e+06 7528
LR999936.1 4.5e+06 4.6e+06 1441
LR999936.1 4.6e+06 4.7e+06 3899
LR999936.1 4.7e+06 4.8e+06 803
LR999936.1 4.8e+06 4.9e+06 335
LR999936.1 4.9e+06 5e+06 116
LR999936.1 5e+06 5.1e+06 370
LR999936.1 5.1e+06 5.2e+06 488
LR999936.1 5.2e+06 5.3e+06 426
LR999936.1 5.3e+06 5.4e+06 361
LR999936.1 5.4e+06 5.5e+06 7554
LR999936.1 5.5e+06 5.6e+06 683
LR999936.1 5.6e+06 5.7e+06 381
LR999936.1 5.7e+06 5.8e+06 667
LR999936.1 5.8e+06 5.9e+06 1064
LR999936.1 5.9e+06 6e+06 149
LR999936.1 6e+06 6.1e+06 201
LR999936.1 6.1e+06 6.2e+06 135
LR999936.1 6.2e+06 6.3e+06 18
LR999936.1 6.3e+06 6.4e+06 342
LR999936.1 6.4e+06 6.5e+06 8856
LR999936.1 6.5e+06 6.6e+06 
LR999936.1 6.6e+06 6.7e+06 742
LR999936.1 6.7e+06 6.8e+06 671
LR999936.1 6.8e+06 6.9e+06 287
LR999936.1 6.9e+06 7e+06 19
LR999936.1 7e+06 7.1e+06 3954
LR999936.1 7.1e+06 7.2e+06 5789
LR999936.1 7.2e+06 7.3e+06 
LR999936.1 7.3e+06 7.4e+06 966
LR999936.1 7.4e+06 7.5e+06 1213
LR999936.1 7.5e+06 7.6e+06 461
LR999936.1 7.6e+06 7.7e+06 1048
LR999936.1 7.7e+06 7.8e+06 1399
LR999936.1 7.8e+06 7.9e+06 3265
LR999936.1 7.9e+06 8e+06 20618
LR999936.1 8e+06 8.1e+06 5859
LR999936.1 8.1e+06 8.2e+06 4994
LR999936.1 8.2e+06 8.3e+06 2673
LR999936.1 8.3e+06 8.4e+06 672
LR999936.1 8.4e+06 8.5e+06 2038
LR999936.1 8.5e+06 8.6e+06 1648
LR999936.1 8.6e+06 8.7e+06 466
LR999936.1 8.7e+06 8.8e+06 908
LR999936.1 8.8e+06 8.9e+06 339
LR999936.1 8.9e+06 9e+06 689
LR999936.1 9e+06 9.1e+06 1220
LR999936.1 9.1e+06 9.2e+06 656
LR999936.1 9.2e+06 9.3e+06 652
LR999936.1 9.3e+06 9.4e+06 695
LR999936.1 9.4e+06 9.5e+06 941
LR999936.1 9.5e+06 9.6e+06 5565
LR999936.1 9.6e+06 9.7e+06 7875
LR999936.1 9.7e+06 9.8e+06 319
LR999936.1 9.8e+06 9.9e+06 266
LR999936.1 9.9e+06 1e+07 72
LR999936.1 1e+07 1.01e+07 560
LR999936.1 1.01e+07 1.02e+07 1661
LR999936.1 1.02e+07 1.03e+07 1235
LR999936.1 1.03e+07 1.04e+07 2213
LR999936.1 1.04e+07 1.05e+07 719
LR999936.1 1.05e+07 1.06e+07 426
LR999936.1 1.06e+07 1.07e+07 1327
LR999936.1 1.07e+07 1.08e+07 2408
LR999936.1 1.08e+07 1.09e+07 201
LR999936.1 1.09e+07 1.1e+07 374
LR999936.1 1.1e+07 1.11e+07 9176
LR999936.1 1.11e+07 1.12e+07 3206
LR999936.1 1.12e+07 1.13e+07 7842
LR999936.1 1.13e+07 1.14e+07 156
LR999936.1 1.14e+07 1.15e+07 592
LR999936.1 1.15e+07 1.16e+07 301
LR999936.1 1.16e+07 1.17e+07 500
LR999936.1 1.17e+07 1.18e+07 749
LR999936.1 1.18e+07 1.19e+07 815
LR999936.1 1.19e+07 1.2e+07 11364
LR999936.1 1.2e+07 1.21e+07 2353
LR999936.1 1.21e+07 1.22e+07 547
LR999936.1 1.22e+07 1.23e+07 11059
LR999936.1 1.23e+07 1.24e+07 7830
LR999936.1 1.24e+07 1.25e+07 1512
LR999936.1 1.25e+07 1.26e+07 985
LR999936.1 1.26e+07 1.27e+07 417
LR999936.1 1.27e+07 1.28e+07 713
LR999936.1 1.28e+07 1.29e+07 597
LR999936.1 1.29e+07 1.3e+07 218
LR999936.1 1.3e+07 1.31e+07 9314
LR999936.1 1.31e+07 1.32e+07 831
LR999936.1 1.32e+07 1.33e+07 649
LR999936.1 1.33e+07 1.34e+07 246
LR999936.1 1.34e+07 1.35e+07 1295
LR999936.1 1.35e+07 1.36e+07 4126
LR999936.1 1.36e+07 1.37e+07 1871
LR999936.1 1.37e+07 1.38e+07 864
LR999936.1 1.38e+07 1.39e+07 5403
LR999936.1 1.39e+07 1.4e+07 1411
LR999936.1 1.4e+07 1.41e+07 8868
LR999936.1 1.41e+07 1.42e+07 8340
LR999936.1 1.42e+07 1.43e+07 1119
LR999936.1 1.43e+07 1.44e+07 1980
LR999936.1 1.44e+07 1.45e+07 1992
LR999936.1 1.45e+07 1.46e+07 7654
LR999936.1 1.46e+07 1.47e+07 1642
LR999936.1 1.47e+07 14774369 267
