LR999930.1 1 100000 764
LR999930.1 100001 200000 4813
LR999930.1 200001 300000 789
LR999930.1 300001 400000 5682
LR999930.1 400001 500000 510
LR999930.1 500001 600000 4045
LR999930.1 600001 700000 3357
LR999930.1 700001 800000 6585
LR999930.1 800001 900000 4338
LR999930.1 900001 1e+06 1263
LR999930.1 1e+06 1.1e+06 813
LR999930.1 1.1e+06 1.2e+06 598
LR999930.1 1.2e+06 1.3e+06 1645
LR999930.1 1.3e+06 1.4e+06 1408
LR999930.1 1.4e+06 1.5e+06 645
LR999930.1 1.5e+06 1.6e+06 133
LR999930.1 1.6e+06 1.7e+06 344
LR999930.1 1.7e+06 1.8e+06 4343
LR999930.1 1.8e+06 1.9e+06 529
LR999930.1 1.9e+06 2e+06 318
LR999930.1 2e+06 2.1e+06 672
LR999930.1 2.1e+06 2.2e+06 195
LR999930.1 2.2e+06 2.3e+06 4735
LR999930.1 2.3e+06 2.4e+06 50
LR999930.1 2.4e+06 2.5e+06 149
LR999930.1 2.5e+06 2.6e+06 
LR999930.1 2.6e+06 2.7e+06 991
LR999930.1 2.7e+06 2.8e+06 230
LR999930.1 2.8e+06 2.9e+06 375
LR999930.1 2.9e+06 3e+06 1015
LR999930.1 3e+06 3.1e+06 438
LR999930.1 3.1e+06 3.2e+06 1623
LR999930.1 3.2e+06 3.3e+06 638
LR999930.1 3.3e+06 3.4e+06 571
LR999930.1 3.4e+06 3.5e+06 979
LR999930.1 3.5e+06 3.6e+06 882
LR999930.1 3.6e+06 3.7e+06 1874
LR999930.1 3.7e+06 3.8e+06 199
LR999930.1 3.8e+06 3.9e+06 
LR999930.1 3.9e+06 4e+06 1265
LR999930.1 4e+06 4.1e+06 1137
LR999930.1 4.1e+06 4.2e+06 574
LR999930.1 4.2e+06 4.3e+06 239
LR999930.1 4.3e+06 4.4e+06 523
LR999930.1 4.4e+06 4.5e+06 
LR999930.1 4.5e+06 4.6e+06 135
LR999930.1 4.6e+06 4.7e+06 2247
LR999930.1 4.7e+06 4.8e+06 405
LR999930.1 4.8e+06 4.9e+06 1096
LR999930.1 4.9e+06 5e+06 731
LR999930.1 5e+06 5.1e+06 930
LR999930.1 5.1e+06 5.2e+06 2946
LR999930.1 5.2e+06 5.3e+06 6163
LR999930.1 5.3e+06 5.4e+06 1475
LR999930.1 5.4e+06 5.5e+06 451
LR999930.1 5.5e+06 5.6e+06 142
LR999930.1 5.6e+06 5.7e+06 355
LR999930.1 5.7e+06 5.8e+06 841
LR999930.1 5.8e+06 5.9e+06 1889
LR999930.1 5.9e+06 6e+06 1060
LR999930.1 6e+06 6.1e+06 102
LR999930.1 6.1e+06 6.2e+06 3100
LR999930.1 6.2e+06 6.3e+06 1668
LR999930.1 6.3e+06 6.4e+06 317
LR999930.1 6.4e+06 6.5e+06 1580
LR999930.1 6.5e+06 6.6e+06 1810
LR999930.1 6.6e+06 6.7e+06 7061
LR999930.1 6.7e+06 6.8e+06 
LR999930.1 6.8e+06 6.9e+06 656
LR999930.1 6.9e+06 7e+06 1016
LR999930.1 7e+06 7.1e+06 1036
LR999930.1 7.1e+06 7.2e+06 2826
LR999930.1 7.2e+06 7.3e+06 301
LR999930.1 7.3e+06 7.4e+06 256
LR999930.1 7.4e+06 7.5e+06 219
LR999930.1 7.5e+06 7.6e+06 
LR999930.1 7.6e+06 7.7e+06 466
LR999930.1 7.7e+06 7.8e+06 4391
LR999930.1 7.8e+06 7.9e+06 879
LR999930.1 7.9e+06 8e+06 5971
LR999930.1 8e+06 8.1e+06 318
LR999930.1 8.1e+06 8.2e+06 471
LR999930.1 8.2e+06 8.3e+06 2660
LR999930.1 8.3e+06 8.4e+06 4560
LR999930.1 8.4e+06 8.5e+06 5974
LR999930.1 8.5e+06 8.6e+06 475
LR999930.1 8.6e+06 8.7e+06 3337
LR999930.1 8.7e+06 8.8e+06 418
LR999930.1 8.8e+06 8.9e+06 3388
LR999930.1 8.9e+06 9e+06 16289
LR999930.1 9e+06 9.1e+06 412
LR999930.1 9.1e+06 9.2e+06 
LR999930.1 9.2e+06 9.3e+06 289
LR999930.1 9.3e+06 9.4e+06 
LR999930.1 9.4e+06 9.5e+06 592
LR999930.1 9.5e+06 9.6e+06 1261
LR999930.1 9.6e+06 9.7e+06 378
LR999930.1 9.7e+06 9.8e+06 5444
LR999930.1 9.8e+06 9.9e+06 961
LR999930.1 9.9e+06 1e+07 497
LR999930.1 1e+07 1.01e+07 3654
LR999930.1 1.01e+07 1.02e+07 1897
LR999930.1 1.02e+07 1.03e+07 870
LR999930.1 1.03e+07 1.04e+07 393
LR999930.1 1.04e+07 1.05e+07 5195
LR999930.1 1.05e+07 1.06e+07 2766
LR999930.1 1.06e+07 1.07e+07 747
LR999930.1 1.07e+07 1.08e+07 118
LR999930.1 1.08e+07 1.09e+07 8304
LR999930.1 1.09e+07 1.1e+07 520
LR999930.1 1.1e+07 1.11e+07 600
LR999930.1 1.11e+07 1.12e+07 496
LR999930.1 1.12e+07 1.13e+07 549
LR999930.1 1.13e+07 1.14e+07 1051
LR999930.1 1.14e+07 1.15e+07 738
LR999930.1 1.15e+07 1.16e+07 6040
LR999930.1 1.16e+07 1.17e+07 717
LR999930.1 1.17e+07 1.18e+07 736
LR999930.1 1.18e+07 1.19e+07 354
LR999930.1 1.19e+07 1.2e+07 7923
LR999930.1 1.2e+07 1.21e+07 3373
LR999930.1 1.21e+07 1.22e+07 7563
LR999930.1 1.22e+07 1.23e+07 786
LR999930.1 1.23e+07 1.24e+07 1263
LR999930.1 1.24e+07 1.25e+07 1037
LR999930.1 1.25e+07 1.26e+07 1922
LR999930.1 1.26e+07 1.27e+07 1558
LR999930.1 1.27e+07 1.28e+07 843
LR999930.1 1.28e+07 1.29e+07 6539
LR999930.1 1.29e+07 1.3e+07 4504
LR999930.1 1.3e+07 1.31e+07 1912
LR999930.1 1.31e+07 1.32e+07 1522
LR999930.1 1.32e+07 1.33e+07 6407
LR999930.1 1.33e+07 1.34e+07 1630
LR999930.1 1.34e+07 1.35e+07 645
LR999930.1 1.35e+07 1.36e+07 1070
LR999930.1 1.36e+07 1.37e+07 293
LR999930.1 1.37e+07 1.38e+07 214
LR999930.1 1.38e+07 1.39e+07 906
LR999930.1 1.39e+07 1.4e+07 2640
LR999930.1 1.4e+07 1.41e+07 1032
LR999930.1 1.41e+07 1.42e+07 20473
LR999930.1 1.42e+07 1.43e+07 338
LR999930.1 1.43e+07 1.44e+07 758
LR999930.1 1.44e+07 1.45e+07 1150
LR999930.1 1.45e+07 1.46e+07 1569
LR999930.1 1.46e+07 1.47e+07 564
LR999930.1 1.47e+07 1.48e+07 1039
LR999930.1 1.48e+07 1.49e+07 633
LR999930.1 1.49e+07 1.5e+07 1928
LR999930.1 1.5e+07 1.51e+07 1615
LR999930.1 1.51e+07 1.52e+07 2360
LR999930.1 1.52e+07 1.53e+07 9957
LR999930.1 1.53e+07 1.54e+07 868
LR999930.1 1.54e+07 1.55e+07 610
LR999930.1 1.55e+07 1.56e+07 
LR999930.1 1.56e+07 1.57e+07 551
LR999930.1 1.57e+07 15715213 4411
