LR999932.1 1 100000 748
LR999932.1 100001 200000 9332
LR999932.1 200001 300000 11912
LR999932.1 300001 400000 799
LR999932.1 400001 500000 1058
LR999932.1 500001 600000 1612
LR999932.1 600001 700000 2494
LR999932.1 700001 800000 534
LR999932.1 800001 900000 805
LR999932.1 900001 1e+06 1542
LR999932.1 1e+06 1.1e+06 983
LR999932.1 1.1e+06 1.2e+06 11818
LR999932.1 1.2e+06 1.3e+06 478
LR999932.1 1.3e+06 1.4e+06 249
LR999932.1 1.4e+06 1.5e+06 573
LR999932.1 1.5e+06 1.6e+06 1481
LR999932.1 1.6e+06 1.7e+06 1150
LR999932.1 1.7e+06 1.8e+06 369
LR999932.1 1.8e+06 1.9e+06 1282
LR999932.1 1.9e+06 2e+06 7442
LR999932.1 2e+06 2.1e+06 679
LR999932.1 2.1e+06 2.2e+06 1979
LR999932.1 2.2e+06 2.3e+06 843
LR999932.1 2.3e+06 2.4e+06 8207
LR999932.1 2.4e+06 2.5e+06 999
LR999932.1 2.5e+06 2.6e+06 5894
LR999932.1 2.6e+06 2.7e+06 838
LR999932.1 2.7e+06 2.8e+06 9145
LR999932.1 2.8e+06 2.9e+06 2807
LR999932.1 2.9e+06 3e+06 1447
LR999932.1 3e+06 3.1e+06 1008
LR999932.1 3.1e+06 3.2e+06 367
LR999932.1 3.2e+06 3.3e+06 2825
LR999932.1 3.3e+06 3.4e+06 1479
LR999932.1 3.4e+06 3.5e+06 764
LR999932.1 3.5e+06 3.6e+06 1289
LR999932.1 3.6e+06 3.7e+06 393
LR999932.1 3.7e+06 3.8e+06 5746
LR999932.1 3.8e+06 3.9e+06 975
LR999932.1 3.9e+06 4e+06 729
LR999932.1 4e+06 4.1e+06 470
LR999932.1 4.1e+06 4.2e+06 1065
LR999932.1 4.2e+06 4.3e+06 1520
LR999932.1 4.3e+06 4.4e+06 765
LR999932.1 4.4e+06 4.5e+06 282
LR999932.1 4.5e+06 4.6e+06 904
LR999932.1 4.6e+06 4.7e+06 407
LR999932.1 4.7e+06 4.8e+06 1438
LR999932.1 4.8e+06 4.9e+06 612
LR999932.1 4.9e+06 5e+06 813
LR999932.1 5e+06 5.1e+06 3821
LR999932.1 5.1e+06 5.2e+06 1547
LR999932.1 5.2e+06 5.3e+06 3108
LR999932.1 5.3e+06 5.4e+06 2260
LR999932.1 5.4e+06 5.5e+06 1080
LR999932.1 5.5e+06 5.6e+06 1428
LR999932.1 5.6e+06 5.7e+06 894
LR999932.1 5.7e+06 5.8e+06 368
LR999932.1 5.8e+06 5.9e+06 972
LR999932.1 5.9e+06 6e+06 1409
LR999932.1 6e+06 6.1e+06 1165
LR999932.1 6.1e+06 6.2e+06 1098
LR999932.1 6.2e+06 6.3e+06 801
LR999932.1 6.3e+06 6.4e+06 50
LR999932.1 6.4e+06 6.5e+06 811
LR999932.1 6.5e+06 6.6e+06 7753
LR999932.1 6.6e+06 6.7e+06 9421
LR999932.1 6.7e+06 6.8e+06 1113
LR999932.1 6.8e+06 6.9e+06 681
LR999932.1 6.9e+06 7e+06 2241
LR999932.1 7e+06 7.1e+06 1304
LR999932.1 7.1e+06 7.2e+06 
LR999932.1 7.2e+06 7.3e+06 582
LR999932.1 7.3e+06 7.4e+06 1079
LR999932.1 7.4e+06 7.5e+06 528
LR999932.1 7.5e+06 7.6e+06 546
LR999932.1 7.6e+06 7.7e+06 1082
LR999932.1 7.7e+06 7.8e+06 421
LR999932.1 7.8e+06 7.9e+06 94
LR999932.1 7.9e+06 8e+06 1120
LR999932.1 8e+06 8.1e+06 1614
LR999932.1 8.1e+06 8.2e+06 581
LR999932.1 8.2e+06 8.3e+06 1308
LR999932.1 8.3e+06 8.4e+06 7938
LR999932.1 8.4e+06 8.5e+06 1988
LR999932.1 8.5e+06 8.6e+06 
LR999932.1 8.6e+06 8.7e+06 87
LR999932.1 8.7e+06 8.8e+06 538
LR999932.1 8.8e+06 8.9e+06 788
LR999932.1 8.9e+06 9e+06 816
LR999932.1 9e+06 9.1e+06 102
LR999932.1 9.1e+06 9.2e+06 1121
LR999932.1 9.2e+06 9.3e+06 1745
LR999932.1 9.3e+06 9.4e+06 4930
LR999932.1 9.4e+06 9.5e+06 419
LR999932.1 9.5e+06 9.6e+06 6773
LR999932.1 9.6e+06 9.7e+06 4403
LR999932.1 9.7e+06 9.8e+06 6436
LR999932.1 9.8e+06 9.9e+06 37
LR999932.1 9.9e+06 1e+07 517
LR999932.1 1e+07 1.01e+07 277
LR999932.1 1.01e+07 1.02e+07 963
LR999932.1 1.02e+07 1.03e+07 843
LR999932.1 1.03e+07 1.04e+07 67
LR999932.1 1.04e+07 1.05e+07 394
LR999932.1 1.05e+07 1.06e+07 334
LR999932.1 1.06e+07 1.07e+07 6726
LR999932.1 1.07e+07 1.08e+07 193
LR999932.1 1.08e+07 1.09e+07 56
LR999932.1 1.09e+07 1.1e+07 1754
LR999932.1 1.1e+07 1.11e+07 2880
LR999932.1 1.11e+07 1.12e+07 5321
LR999932.1 1.12e+07 1.13e+07 5921
LR999932.1 1.13e+07 1.14e+07 1814
LR999932.1 1.14e+07 1.15e+07 531
LR999932.1 1.15e+07 1.16e+07 290
LR999932.1 1.16e+07 1.17e+07 1150
LR999932.1 1.17e+07 1.18e+07 776
LR999932.1 1.18e+07 1.19e+07 63
LR999932.1 1.19e+07 1.2e+07 1158
LR999932.1 1.2e+07 1.21e+07 1443
LR999932.1 1.21e+07 1.22e+07 4535
LR999932.1 1.22e+07 1.23e+07 1038
LR999932.1 1.23e+07 1.24e+07 6940
LR999932.1 1.24e+07 1.25e+07 574
LR999932.1 1.25e+07 1.26e+07 7309
LR999932.1 1.26e+07 1.27e+07 946
LR999932.1 1.27e+07 1.28e+07 899
LR999932.1 1.28e+07 1.29e+07 1350
LR999932.1 1.29e+07 1.3e+07 15851
LR999932.1 1.3e+07 1.31e+07 6442
LR999932.1 1.31e+07 1.32e+07 831
LR999932.1 1.32e+07 1.33e+07 1259
LR999932.1 1.33e+07 1.34e+07 3802
LR999932.1 1.34e+07 1.35e+07 2269
LR999932.1 1.35e+07 1.36e+07 752
LR999932.1 1.36e+07 1.37e+07 684
LR999932.1 1.37e+07 1.38e+07 833
LR999932.1 1.38e+07 1.39e+07 362
LR999932.1 1.39e+07 1.4e+07 404
LR999932.1 1.4e+07 1.41e+07 1651
LR999932.1 1.41e+07 1.42e+07 1272
LR999932.1 1.42e+07 1.43e+07 267
LR999932.1 1.43e+07 1.44e+07 2807
LR999932.1 1.44e+07 1.45e+07 581
LR999932.1 1.45e+07 1.46e+07 1660
LR999932.1 1.46e+07 1.47e+07 7290
LR999932.1 1.47e+07 1.48e+07 865
LR999932.1 1.48e+07 1.49e+07 1577
LR999932.1 1.49e+07 1.5e+07 316
LR999932.1 1.5e+07 1.51e+07 533
LR999932.1 1.51e+07 1.52e+07 712
LR999932.1 1.52e+07 1.53e+07 1482
LR999932.1 1.53e+07 1.54e+07 748
LR999932.1 1.54e+07 15426761 3326
