LR999941.1 1 100000 1432
LR999941.1 100001 200000 672
LR999941.1 200001 300000 523
LR999941.1 300001 400000 1846
LR999941.1 400001 500000 1642
LR999941.1 500001 600000 5943
LR999941.1 600001 700000 894
LR999941.1 700001 800000 227
LR999941.1 800001 900000 532
LR999941.1 900001 1e+06 152
LR999941.1 1e+06 1.1e+06 688
LR999941.1 1.1e+06 1.2e+06 1193
LR999941.1 1.2e+06 1.3e+06 4614
LR999941.1 1.3e+06 1.4e+06 590
LR999941.1 1.4e+06 1.5e+06 3285
LR999941.1 1.5e+06 1.6e+06 621
LR999941.1 1.6e+06 1.7e+06 438
LR999941.1 1.7e+06 1.8e+06 474
LR999941.1 1.8e+06 1.9e+06 656
LR999941.1 1.9e+06 2e+06 412
LR999941.1 2e+06 2.1e+06 191
LR999941.1 2.1e+06 2.2e+06 285
LR999941.1 2.2e+06 2.3e+06 1697
LR999941.1 2.3e+06 2.4e+06 6847
LR999941.1 2.4e+06 2.5e+06 6493
LR999941.1 2.5e+06 2.6e+06 2236
LR999941.1 2.6e+06 2.7e+06 303
LR999941.1 2.7e+06 2.8e+06 6889
LR999941.1 2.8e+06 2.9e+06 1419
LR999941.1 2.9e+06 3e+06 896
LR999941.1 3e+06 3.1e+06 2111
LR999941.1 3.1e+06 3.2e+06 128
LR999941.1 3.2e+06 3.3e+06 98
LR999941.1 3.3e+06 3.4e+06 41
LR999941.1 3.4e+06 3.5e+06 1487
LR999941.1 3.5e+06 3.6e+06 68
LR999941.1 3.6e+06 3.7e+06 158
LR999941.1 3.7e+06 3.8e+06 1716
LR999941.1 3.8e+06 3.9e+06 3966
LR999941.1 3.9e+06 4e+06 1317
LR999941.1 4e+06 4.1e+06 512
LR999941.1 4.1e+06 4.2e+06 80
LR999941.1 4.2e+06 4.3e+06 30
LR999941.1 4.3e+06 4.4e+06 241
LR999941.1 4.4e+06 4.5e+06 474
LR999941.1 4.5e+06 4.6e+06 335
LR999941.1 4.6e+06 4.7e+06 4201
LR999941.1 4.7e+06 4.8e+06 369
LR999941.1 4.8e+06 4.9e+06 240
LR999941.1 4.9e+06 5e+06 756
LR999941.1 5e+06 5.1e+06 6000
LR999941.1 5.1e+06 5.2e+06 4709
LR999941.1 5.2e+06 5.3e+06 440
LR999941.1 5.3e+06 5.4e+06 143
LR999941.1 5.4e+06 5.5e+06 78
LR999941.1 5.5e+06 5.6e+06 564
LR999941.1 5.6e+06 5.7e+06 783
LR999941.1 5.7e+06 5.8e+06 46
LR999941.1 5.8e+06 5.9e+06 5220
LR999941.1 5.9e+06 6e+06 1054
LR999941.1 6e+06 6.1e+06 1335
LR999941.1 6.1e+06 6.2e+06 4058
LR999941.1 6.2e+06 6.3e+06 9632
LR999941.1 6.3e+06 6.4e+06 575
LR999941.1 6.4e+06 6.5e+06 521
LR999941.1 6.5e+06 6.6e+06 712
LR999941.1 6.6e+06 6.7e+06 5335
LR999941.1 6.7e+06 6.8e+06 2151
LR999941.1 6.8e+06 6.9e+06 620
LR999941.1 6.9e+06 7e+06 4628
LR999941.1 7e+06 7.1e+06 713
LR999941.1 7.1e+06 7.2e+06 805
LR999941.1 7.2e+06 7.3e+06 530
LR999941.1 7.3e+06 7.4e+06 1062
LR999941.1 7.4e+06 7.5e+06 1487
LR999941.1 7.5e+06 7.6e+06 5417
LR999941.1 7.6e+06 7.7e+06 1195
LR999941.1 7.7e+06 7.8e+06 4383
LR999941.1 7.8e+06 7.9e+06 458
LR999941.1 7.9e+06 8e+06 854
LR999941.1 8e+06 8.1e+06 476
LR999941.1 8.1e+06 8.2e+06 384
LR999941.1 8.2e+06 8.3e+06 929
LR999941.1 8.3e+06 8.4e+06 67
LR999941.1 8.4e+06 8.5e+06 14
LR999941.1 8.5e+06 8.6e+06 1275
LR999941.1 8.6e+06 8.7e+06 644
LR999941.1 8.7e+06 8.8e+06 678
LR999941.1 8.8e+06 8.9e+06 80
LR999941.1 8.9e+06 9e+06 350
LR999941.1 9e+06 9.1e+06 403
LR999941.1 9.1e+06 9.2e+06 939
LR999941.1 9.2e+06 9.3e+06 291
LR999941.1 9.3e+06 9.4e+06 69
LR999941.1 9.4e+06 9.5e+06 76
LR999941.1 9.5e+06 9.6e+06 1982
LR999941.1 9.6e+06 9.7e+06 298
LR999941.1 9.7e+06 9.8e+06 34
LR999941.1 9.8e+06 9.9e+06 465
LR999941.1 9.9e+06 1e+07 4938
LR999941.1 1e+07 1.01e+07 817
LR999941.1 1.01e+07 1.02e+07 1008
LR999941.1 1.02e+07 1.03e+07 20
LR999941.1 1.03e+07 1.04e+07 399
LR999941.1 1.04e+07 1.05e+07 367
LR999941.1 1.05e+07 1.06e+07 282
LR999941.1 1.06e+07 1.07e+07 142
LR999941.1 1.07e+07 1.08e+07 227
LR999941.1 1.08e+07 1.09e+07 1395
LR999941.1 1.09e+07 1.1e+07 840
LR999941.1 1.1e+07 1.11e+07 158
LR999941.1 1.11e+07 1.12e+07 167
LR999941.1 1.12e+07 1.13e+07 170
LR999941.1 1.13e+07 1.14e+07 548
LR999941.1 1.14e+07 1.15e+07 7362
LR999941.1 1.15e+07 1.16e+07 800
LR999941.1 1.16e+07 1.17e+07 2042
LR999941.1 1.17e+07 1.18e+07 114
LR999941.1 1.18e+07 1.19e+07 625
LR999941.1 1.19e+07 1.2e+07 7571
LR999941.1 1.2e+07 1.21e+07 963
LR999941.1 1.21e+07 1.22e+07 5737
LR999941.1 1.22e+07 1.23e+07 1149
LR999941.1 1.23e+07 1.24e+07 2524
LR999941.1 1.24e+07 1.25e+07 884
LR999941.1 1.25e+07 1.26e+07 391
LR999941.1 1.26e+07 1.27e+07 1316
LR999941.1 1.27e+07 1.28e+07 821
LR999941.1 1.28e+07 1.29e+07 531
LR999941.1 1.29e+07 1.3e+07 847
LR999941.1 1.3e+07 1.31e+07 150
LR999941.1 1.31e+07 1.32e+07 416
LR999941.1 1.32e+07 1.33e+07 132
LR999941.1 1.33e+07 1.34e+07 758
LR999941.1 1.34e+07 1.35e+07 5091
LR999941.1 1.35e+07 1.36e+07 819
LR999941.1 1.36e+07 1.37e+07 3431
LR999941.1 1.37e+07 13774036 8379
