LR999925.1 1 100000 7673
LR999925.1 100001 200000 6639
LR999925.1 200001 300000 5497
LR999925.1 300001 400000 225
LR999925.1 400001 500000 1919
LR999925.1 500001 600000 5206
LR999925.1 600001 700000 969
LR999925.1 700001 800000 407
LR999925.1 800001 900000 1291
LR999925.1 900001 1e+06 2977
LR999925.1 1e+06 1.1e+06 6362
LR999925.1 1.1e+06 1.2e+06 1874
LR999925.1 1.2e+06 1.3e+06 1005
LR999925.1 1.3e+06 1.4e+06 661
LR999925.1 1.4e+06 1.5e+06 4688
LR999925.1 1.5e+06 1.6e+06 692
LR999925.1 1.6e+06 1.7e+06 7525
LR999925.1 1.7e+06 1.8e+06 386
LR999925.1 1.8e+06 1.9e+06 400
LR999925.1 1.9e+06 2e+06 438
LR999925.1 2e+06 2.1e+06 143
LR999925.1 2.1e+06 2.2e+06 497
LR999925.1 2.2e+06 2.3e+06 8158
LR999925.1 2.3e+06 2.4e+06 12497
LR999925.1 2.4e+06 2.5e+06 1441
LR999925.1 2.5e+06 2.6e+06 1764
LR999925.1 2.6e+06 2.7e+06 805
LR999925.1 2.7e+06 2.8e+06 258
LR999925.1 2.8e+06 2.9e+06 
LR999925.1 2.9e+06 3e+06 321
LR999925.1 3e+06 3.1e+06 4336
LR999925.1 3.1e+06 3.2e+06 250
LR999925.1 3.2e+06 3.3e+06 257
LR999925.1 3.3e+06 3.4e+06 10876
LR999925.1 3.4e+06 3.5e+06 45
LR999925.1 3.5e+06 3.6e+06 
LR999925.1 3.6e+06 3.7e+06 471
LR999925.1 3.7e+06 3.8e+06 2156
LR999925.1 3.8e+06 3.9e+06 268
LR999925.1 3.9e+06 4e+06 81
LR999925.1 4e+06 4.1e+06 665
LR999925.1 4.1e+06 4.2e+06 727
LR999925.1 4.2e+06 4.3e+06 1344
LR999925.1 4.3e+06 4.4e+06 1443
LR999925.1 4.4e+06 4.5e+06 
LR999925.1 4.5e+06 4.6e+06 359
LR999925.1 4.6e+06 4.7e+06 791
LR999925.1 4.7e+06 4.8e+06 454
LR999925.1 4.8e+06 4.9e+06 181
LR999925.1 4.9e+06 5e+06 669
LR999925.1 5e+06 5.1e+06 1007
LR999925.1 5.1e+06 5.2e+06 185
LR999925.1 5.2e+06 5.3e+06 660
LR999925.1 5.3e+06 5.4e+06 20
LR999925.1 5.4e+06 5.5e+06 1378
LR999925.1 5.5e+06 5.6e+06 1057
LR999925.1 5.6e+06 5.7e+06 334
LR999925.1 5.7e+06 5.8e+06 3753
LR999925.1 5.8e+06 5.9e+06 948
LR999925.1 5.9e+06 6e+06 5216
LR999925.1 6e+06 6.1e+06 384
LR999925.1 6.1e+06 6.2e+06 4634
LR999925.1 6.2e+06 6.3e+06 221
LR999925.1 6.3e+06 6.4e+06 308
LR999925.1 6.4e+06 6.5e+06 816
LR999925.1 6.5e+06 6.6e+06 925
LR999925.1 6.6e+06 6.7e+06 
LR999925.1 6.7e+06 6.8e+06 82
LR999925.1 6.8e+06 6.9e+06 1430
LR999925.1 6.9e+06 7e+06 13785
LR999925.1 7e+06 7.1e+06 347
LR999925.1 7.1e+06 7.2e+06 20
LR999925.1 7.2e+06 7.3e+06 1057
LR999925.1 7.3e+06 7.4e+06 249
LR999925.1 7.4e+06 7.5e+06 773
LR999925.1 7.5e+06 7.6e+06 54
LR999925.1 7.6e+06 7.7e+06 495
LR999925.1 7.7e+06 7.8e+06 1987
LR999925.1 7.8e+06 7.9e+06 755
LR999925.1 7.9e+06 8e+06 70
LR999925.1 8e+06 8.1e+06 866
LR999925.1 8.1e+06 8.2e+06 61
LR999925.1 8.2e+06 8.3e+06 27
LR999925.1 8.3e+06 8.4e+06 3475
LR999925.1 8.4e+06 8.5e+06 813
LR999925.1 8.5e+06 8.6e+06 140
LR999925.1 8.6e+06 8.7e+06 171
LR999925.1 8.7e+06 8.8e+06 454
LR999925.1 8.8e+06 8.9e+06 207
LR999925.1 8.9e+06 9e+06 4106
LR999925.1 9e+06 9.1e+06 403
LR999925.1 9.1e+06 9.2e+06 4814
LR999925.1 9.2e+06 9.3e+06 356
LR999925.1 9.3e+06 9.4e+06 262
LR999925.1 9.4e+06 9.5e+06 1160
LR999925.1 9.5e+06 9.6e+06 318
LR999925.1 9.6e+06 9.7e+06 2688
LR999925.1 9.7e+06 9.8e+06 1724
LR999925.1 9.8e+06 9.9e+06 11242
LR999925.1 9.9e+06 1e+07 425
LR999925.1 1e+07 1.01e+07 15669
LR999925.1 1.01e+07 1.02e+07 1047
LR999925.1 1.02e+07 1.03e+07 
LR999925.1 1.03e+07 1.04e+07 10659
LR999925.1 1.04e+07 1.05e+07 4487
LR999925.1 1.05e+07 1.06e+07 295
LR999925.1 1.06e+07 1.07e+07 1569
LR999925.1 1.07e+07 1.08e+07 4943
LR999925.1 1.08e+07 1.09e+07 233
LR999925.1 1.09e+07 1.1e+07 683
LR999925.1 1.1e+07 1.11e+07 720
LR999925.1 1.11e+07 1.12e+07 144
LR999925.1 1.12e+07 1.13e+07 92
LR999925.1 1.13e+07 1.14e+07 1033
LR999925.1 1.14e+07 1.15e+07 237
LR999925.1 1.15e+07 1.16e+07 384
LR999925.1 1.16e+07 1.17e+07 13019
LR999925.1 1.17e+07 1.18e+07 2245
LR999925.1 1.18e+07 1.19e+07 855
LR999925.1 1.19e+07 1.2e+07 877
LR999925.1 1.2e+07 1.21e+07 1166
LR999925.1 1.21e+07 1.22e+07 809
LR999925.1 1.22e+07 1.23e+07 451
LR999925.1 1.23e+07 1.24e+07 742
LR999925.1 1.24e+07 1.25e+07 149
LR999925.1 1.25e+07 1.26e+07 263
LR999925.1 1.26e+07 1.27e+07 435
LR999925.1 1.27e+07 1.28e+07 636
LR999925.1 1.28e+07 1.29e+07 7184
LR999925.1 1.29e+07 1.3e+07 3027
LR999925.1 1.3e+07 1.31e+07 437
LR999925.1 1.31e+07 1.32e+07 2781
LR999925.1 1.32e+07 1.33e+07 727
LR999925.1 1.33e+07 1.34e+07 780
LR999925.1 1.34e+07 1.35e+07 4307
LR999925.1 1.35e+07 1.36e+07 1967
LR999925.1 1.36e+07 1.37e+07 471
LR999925.1 1.37e+07 1.38e+07 422
LR999925.1 1.38e+07 1.39e+07 367
LR999925.1 1.39e+07 1.4e+07 1031
LR999925.1 1.4e+07 1.41e+07 7590
LR999925.1 1.41e+07 1.42e+07 1642
LR999925.1 1.42e+07 1.43e+07 569
LR999925.1 1.43e+07 1.44e+07 195
LR999925.1 1.44e+07 1.45e+07 5180
LR999925.1 1.45e+07 1.46e+07 1111
LR999925.1 1.46e+07 1.47e+07 1615
LR999925.1 1.47e+07 1.48e+07 7510
LR999925.1 1.48e+07 1.49e+07 509
LR999925.1 1.49e+07 1.5e+07 521
LR999925.1 1.5e+07 1.51e+07 3484
LR999925.1 1.51e+07 1.52e+07 3284
LR999925.1 1.52e+07 1.53e+07 396
LR999925.1 1.53e+07 1.54e+07 395
LR999925.1 1.54e+07 1.55e+07 916
LR999925.1 1.55e+07 1.56e+07 8603
LR999925.1 1.56e+07 1.57e+07 1045
LR999925.1 1.57e+07 1.58e+07 5055
LR999925.1 1.58e+07 1.59e+07 5572
LR999925.1 1.59e+07 1.6e+07 1656
LR999925.1 1.6e+07 1.61e+07 415
LR999925.1 1.61e+07 1.62e+07 441
LR999925.1 1.62e+07 1.63e+07 
LR999925.1 1.63e+07 1.64e+07 125
LR999925.1 1.64e+07 1.65e+07 938
LR999925.1 1.65e+07 1.66e+07 1546
LR999925.1 1.66e+07 16607008 
