LR999944.1 1 100000 8050
LR999944.1 100001 200000 65
LR999944.1 200001 300000 788
LR999944.1 300001 400000 18943
LR999944.1 400001 500000 2151
LR999944.1 500001 600000 4727
LR999944.1 600001 700000 3309
LR999944.1 700001 800000 2707
LR999944.1 800001 900000 2652
LR999944.1 900001 1e+06 6996
LR999944.1 1e+06 1.1e+06 274
LR999944.1 1.1e+06 1.2e+06 2068
LR999944.1 1.2e+06 1.3e+06 2331
LR999944.1 1.3e+06 1.4e+06 1064
LR999944.1 1.4e+06 1.5e+06 1743
LR999944.1 1.5e+06 1.6e+06 1234
LR999944.1 1.6e+06 1.7e+06 553
LR999944.1 1.7e+06 1.8e+06 295
LR999944.1 1.8e+06 1.9e+06 1864
LR999944.1 1.9e+06 2e+06 2899
LR999944.1 2e+06 2.1e+06 6736
LR999944.1 2.1e+06 2.2e+06 960
LR999944.1 2.2e+06 2.3e+06 847
LR999944.1 2.3e+06 2.4e+06 5742
LR999944.1 2.4e+06 2.5e+06 18079
LR999944.1 2.5e+06 2.6e+06 3948
LR999944.1 2.6e+06 2.7e+06 1565
LR999944.1 2.7e+06 2.8e+06 540
LR999944.1 2.8e+06 2.9e+06 6761
LR999944.1 2.9e+06 3e+06 596
LR999944.1 3e+06 3.1e+06 1700
LR999944.1 3.1e+06 3.2e+06 2202
LR999944.1 3.2e+06 3.3e+06 247
LR999944.1 3.3e+06 3.4e+06 649
LR999944.1 3.4e+06 3.5e+06 179
LR999944.1 3.5e+06 3.6e+06 557
LR999944.1 3.6e+06 3.7e+06 567
LR999944.1 3.7e+06 3.8e+06 334
LR999944.1 3.8e+06 3.9e+06 5054
LR999944.1 3.9e+06 4e+06 609
LR999944.1 4e+06 4.1e+06 6470
LR999944.1 4.1e+06 4.2e+06 1220
LR999944.1 4.2e+06 4.3e+06 1122
LR999944.1 4.3e+06 4.4e+06 829
LR999944.1 4.4e+06 4.5e+06 1342
LR999944.1 4.5e+06 4.6e+06 926
LR999944.1 4.6e+06 4.7e+06 1646
LR999944.1 4.7e+06 4.8e+06 1934
LR999944.1 4.8e+06 4.9e+06 2175
LR999944.1 4.9e+06 5e+06 396
LR999944.1 5e+06 5.1e+06 396
LR999944.1 5.1e+06 5.2e+06 396
LR999944.1 5.2e+06 5.3e+06 5722
LR999944.1 5.3e+06 5.4e+06 4889
LR999944.1 5.4e+06 5.5e+06 3465
LR999944.1 5.5e+06 5.6e+06 228
LR999944.1 5.6e+06 5.7e+06 714
LR999944.1 5.7e+06 5.8e+06 514
LR999944.1 5.8e+06 5.9e+06 1597
LR999944.1 5.9e+06 6e+06 580
LR999944.1 6e+06 6.1e+06 550
LR999944.1 6.1e+06 6.2e+06 1346
LR999944.1 6.2e+06 6.3e+06 967
LR999944.1 6.3e+06 6.4e+06 2431
LR999944.1 6.4e+06 6.5e+06 8302
LR999944.1 6.5e+06 6.6e+06 24787
LR999944.1 6.6e+06 6.7e+06 377
LR999944.1 6.7e+06 6.8e+06 1928
LR999944.1 6.8e+06 6.9e+06 762
LR999944.1 6.9e+06 7e+06 11078
LR999944.1 7e+06 7.1e+06 29999
LR999944.1 7.1e+06 7.2e+06 15469
LR999944.1 7.2e+06 7.3e+06 4345
LR999944.1 7.3e+06 7.4e+06 3865
LR999944.1 7.4e+06 7.5e+06 883
LR999944.1 7.5e+06 7.6e+06 191
LR999944.1 7.6e+06 7.7e+06 2704
LR999944.1 7.7e+06 7.8e+06 5671
LR999944.1 7.8e+06 7.9e+06 105
LR999944.1 7.9e+06 8e+06 311
LR999944.1 8e+06 8.1e+06 804
LR999944.1 8.1e+06 8.2e+06 1189
LR999944.1 8.2e+06 8.3e+06 431
LR999944.1 8.3e+06 8.4e+06 463
LR999944.1 8.4e+06 8.5e+06 1144
LR999944.1 8.5e+06 8.6e+06 4066
LR999944.1 8.6e+06 8.7e+06 1268
LR999944.1 8.7e+06 8.8e+06 282
LR999944.1 8.8e+06 8.9e+06 5882
LR999944.1 8.9e+06 9e+06 508
LR999944.1 9e+06 9.1e+06 492
LR999944.1 9.1e+06 9.2e+06 165
LR999944.1 9.2e+06 9.3e+06 96
LR999944.1 9.3e+06 9.4e+06 434
LR999944.1 9.4e+06 9.5e+06 1027
LR999944.1 9.5e+06 9.6e+06 4311
LR999944.1 9.6e+06 9.7e+06 719
LR999944.1 9.7e+06 9.8e+06 1518
LR999944.1 9.8e+06 9.9e+06 287
LR999944.1 9.9e+06 1e+07 534
LR999944.1 1e+07 1.01e+07 299
LR999944.1 1.01e+07 1.02e+07 595
LR999944.1 1.02e+07 1.03e+07 432
LR999944.1 1.03e+07 1.04e+07 7525
LR999944.1 1.04e+07 1.05e+07 7341
LR999944.1 1.05e+07 1.06e+07 20072
LR999944.1 1.06e+07 1.07e+07 2260
LR999944.1 1.07e+07 1.08e+07 1162
LR999944.1 1.08e+07 1.09e+07 5162
LR999944.1 1.09e+07 1.1e+07 5266
LR999944.1 1.1e+07 1.11e+07 5343
LR999944.1 1.11e+07 1.12e+07 439
LR999944.1 1.12e+07 1.13e+07 7337
LR999944.1 1.13e+07 1.14e+07 8925
LR999944.1 1.14e+07 1.15e+07 6993
LR999944.1 1.15e+07 1.16e+07 4239
LR999944.1 1.16e+07 1.17e+07 398
LR999944.1 1.17e+07 1.18e+07 488
LR999944.1 1.18e+07 1.19e+07 915
LR999944.1 1.19e+07 1.2e+07 256
LR999944.1 1.2e+07 1.21e+07 798
LR999944.1 1.21e+07 1.22e+07 1779
LR999944.1 1.22e+07 1.23e+07 1561
LR999944.1 1.23e+07 1.24e+07 46
LR999944.1 1.24e+07 1.25e+07 429
LR999944.1 1.25e+07 1.26e+07 331
LR999944.1 1.26e+07 1.27e+07 381
LR999944.1 1.27e+07 1.28e+07 1509
LR999944.1 1.28e+07 1.29e+07 1590
LR999944.1 1.29e+07 12933853 692
