LR999942.1 1 100000 107
LR999942.1 100001 200000 1157
LR999942.1 200001 300000 1602
LR999942.1 300001 400000 431
LR999942.1 400001 500000 733
LR999942.1 500001 600000 16143
LR999942.1 600001 700000 740
LR999942.1 700001 800000 813
LR999942.1 800001 900000 6953
LR999942.1 900001 1e+06 258
LR999942.1 1e+06 1.1e+06 715
LR999942.1 1.1e+06 1.2e+06 1168
LR999942.1 1.2e+06 1.3e+06 1387
LR999942.1 1.3e+06 1.4e+06 842
LR999942.1 1.4e+06 1.5e+06 441
LR999942.1 1.5e+06 1.6e+06 3016
LR999942.1 1.6e+06 1.7e+06 501
LR999942.1 1.7e+06 1.8e+06 2990
LR999942.1 1.8e+06 1.9e+06 800
LR999942.1 1.9e+06 2e+06 75
LR999942.1 2e+06 2.1e+06 126
LR999942.1 2.1e+06 2.2e+06 914
LR999942.1 2.2e+06 2.3e+06 363
LR999942.1 2.3e+06 2.4e+06 5068
LR999942.1 2.4e+06 2.5e+06 3196
LR999942.1 2.5e+06 2.6e+06 600
LR999942.1 2.6e+06 2.7e+06 373
LR999942.1 2.7e+06 2.8e+06 237
LR999942.1 2.8e+06 2.9e+06 787
LR999942.1 2.9e+06 3e+06 1731
LR999942.1 3e+06 3.1e+06 2324
LR999942.1 3.1e+06 3.2e+06 789
LR999942.1 3.2e+06 3.3e+06 3731
LR999942.1 3.3e+06 3.4e+06 2447
LR999942.1 3.4e+06 3.5e+06 806
LR999942.1 3.5e+06 3.6e+06 700
LR999942.1 3.6e+06 3.7e+06 163
LR999942.1 3.7e+06 3.8e+06 601
LR999942.1 3.8e+06 3.9e+06 409
LR999942.1 3.9e+06 4e+06 452
LR999942.1 4e+06 4.1e+06 577
LR999942.1 4.1e+06 4.2e+06 
LR999942.1 4.2e+06 4.3e+06 1028
LR999942.1 4.3e+06 4.4e+06 794
LR999942.1 4.4e+06 4.5e+06 840
LR999942.1 4.5e+06 4.6e+06 787
LR999942.1 4.6e+06 4.7e+06 198
LR999942.1 4.7e+06 4.8e+06 3095
LR999942.1 4.8e+06 4.9e+06 420
LR999942.1 4.9e+06 5e+06 1886
LR999942.1 5e+06 5.1e+06 326
LR999942.1 5.1e+06 5.2e+06 
LR999942.1 5.2e+06 5.3e+06 80
LR999942.1 5.3e+06 5.4e+06 37
LR999942.1 5.4e+06 5.5e+06 491
LR999942.1 5.5e+06 5.6e+06 702
LR999942.1 5.6e+06 5.7e+06 365
LR999942.1 5.7e+06 5.8e+06 283
LR999942.1 5.8e+06 5.9e+06 5689
LR999942.1 5.9e+06 6e+06 882
LR999942.1 6e+06 6.1e+06 4969
LR999942.1 6.1e+06 6.2e+06 14063
LR999942.1 6.2e+06 6.3e+06 9738
LR999942.1 6.3e+06 6.4e+06 5637
LR999942.1 6.4e+06 6.5e+06 570
LR999942.1 6.5e+06 6.6e+06 5731
LR999942.1 6.6e+06 6.7e+06 385
LR999942.1 6.7e+06 6.8e+06 97
LR999942.1 6.8e+06 6.9e+06 4055
LR999942.1 6.9e+06 7e+06 424
LR999942.1 7e+06 7.1e+06 77
LR999942.1 7.1e+06 7.2e+06 321
LR999942.1 7.2e+06 7.3e+06 475
LR999942.1 7.3e+06 7.4e+06 762
LR999942.1 7.4e+06 7.5e+06 207
LR999942.1 7.5e+06 7.6e+06 1307
LR999942.1 7.6e+06 7.7e+06 
LR999942.1 7.7e+06 7.8e+06 313
LR999942.1 7.8e+06 7.9e+06 356
LR999942.1 7.9e+06 8e+06 942
LR999942.1 8e+06 8.1e+06 1670
LR999942.1 8.1e+06 8.2e+06 6916
LR999942.1 8.2e+06 8.3e+06 364
LR999942.1 8.3e+06 8.4e+06 676
LR999942.1 8.4e+06 8.5e+06 163
LR999942.1 8.5e+06 8.6e+06 454
LR999942.1 8.6e+06 8.7e+06 1149
LR999942.1 8.7e+06 8.8e+06 1097
LR999942.1 8.8e+06 8.9e+06 1316
LR999942.1 8.9e+06 9e+06 4908
LR999942.1 9e+06 9.1e+06 11282
LR999942.1 9.1e+06 9.2e+06 4222
LR999942.1 9.2e+06 9.3e+06 1398
LR999942.1 9.3e+06 9.4e+06 426
LR999942.1 9.4e+06 9.5e+06 1107
LR999942.1 9.5e+06 9.6e+06 842
LR999942.1 9.6e+06 9.7e+06 46
LR999942.1 9.7e+06 9.8e+06 893
LR999942.1 9.8e+06 9.9e+06 429
LR999942.1 9.9e+06 1e+07 539
LR999942.1 1e+07 1.01e+07 817
LR999942.1 1.01e+07 1.02e+07 1328
LR999942.1 1.02e+07 1.03e+07 344
LR999942.1 1.03e+07 1.04e+07 1117
LR999942.1 1.04e+07 1.05e+07 3263
LR999942.1 1.05e+07 1.06e+07 975
LR999942.1 1.06e+07 1.07e+07 1390
LR999942.1 1.07e+07 1.08e+07 728
LR999942.1 1.08e+07 1.09e+07 434
LR999942.1 1.09e+07 1.1e+07 1727
LR999942.1 1.1e+07 1.11e+07 478
LR999942.1 1.11e+07 1.12e+07 625
LR999942.1 1.12e+07 1.13e+07 1783
LR999942.1 1.13e+07 1.14e+07 451
LR999942.1 1.14e+07 1.15e+07 941
LR999942.1 1.15e+07 1.16e+07 706
LR999942.1 1.16e+07 1.17e+07 4968
LR999942.1 1.17e+07 1.18e+07 311
LR999942.1 1.18e+07 1.19e+07 1870
LR999942.1 1.19e+07 1.2e+07 1299
LR999942.1 1.2e+07 1.21e+07 5068
LR999942.1 1.21e+07 1.22e+07 1566
LR999942.1 1.22e+07 1.23e+07 439
LR999942.1 1.23e+07 1.24e+07 783
LR999942.1 1.24e+07 1.25e+07 1423
LR999942.1 1.25e+07 1.26e+07 3177
LR999942.1 1.26e+07 1.27e+07 1018
LR999942.1 1.27e+07 1.28e+07 6291
LR999942.1 1.28e+07 1.29e+07 2917
LR999942.1 1.29e+07 1.3e+07 772
LR999942.1 1.3e+07 1.31e+07 703
LR999942.1 1.31e+07 1.32e+07 290
LR999942.1 1.32e+07 1.33e+07 509
LR999942.1 1.33e+07 1.34e+07 
LR999942.1 1.34e+07 1.35e+07 44
LR999942.1 1.35e+07 13550656 3954
