LR999953.1 1 100000 1244
LR999953.1 100001 200000 4983
LR999953.1 200001 300000 1760
LR999953.1 300001 400000 1432
LR999953.1 400001 500000 4362
LR999953.1 500001 600000 1387
LR999953.1 600001 700000 904
LR999953.1 700001 800000 1218
LR999953.1 800001 900000 7203
LR999953.1 900001 1e+06 1445
LR999953.1 1e+06 1.1e+06 5362
LR999953.1 1.1e+06 1.2e+06 924
LR999953.1 1.2e+06 1.3e+06 2229
LR999953.1 1.3e+06 1.4e+06 2884
LR999953.1 1.4e+06 1.5e+06 2303
LR999953.1 1.5e+06 1.6e+06 2689
LR999953.1 1.6e+06 1.7e+06 1399
LR999953.1 1.7e+06 1.8e+06 638
LR999953.1 1.8e+06 1.9e+06 8139
LR999953.1 1.9e+06 2e+06 4387
LR999953.1 2e+06 2.1e+06 2554
LR999953.1 2.1e+06 2.2e+06 1876
LR999953.1 2.2e+06 2.3e+06 2620
LR999953.1 2.3e+06 2.4e+06 2042
LR999953.1 2.4e+06 2.5e+06 905
LR999953.1 2.5e+06 2.6e+06 1607
LR999953.1 2.6e+06 2.7e+06 2998
LR999953.1 2.7e+06 2.8e+06 7159
LR999953.1 2.8e+06 2.9e+06 10204
LR999953.1 2.9e+06 3e+06 14703
LR999953.1 3e+06 3.1e+06 17063
LR999953.1 3.1e+06 3.2e+06 3136
LR999953.1 3.2e+06 3.3e+06 6793
LR999953.1 3.3e+06 3.4e+06 1691
LR999953.1 3.4e+06 3.5e+06 13133
LR999953.1 3.5e+06 3.6e+06 5080
LR999953.1 3.6e+06 3.7e+06 20247
LR999953.1 3.7e+06 3.8e+06 2256
LR999953.1 3.8e+06 3.9e+06 1448
LR999953.1 3.9e+06 4e+06 1421
LR999953.1 4e+06 4.1e+06 5784
LR999953.1 4.1e+06 4.2e+06 11370
LR999953.1 4.2e+06 4.3e+06 17205
LR999953.1 4.3e+06 4.4e+06 4563
LR999953.1 4.4e+06 4.5e+06 6339
LR999953.1 4.5e+06 4.6e+06 12369
LR999953.1 4.6e+06 4.7e+06 5534
LR999953.1 4.7e+06 4.8e+06 2820
LR999953.1 4.8e+06 4.9e+06 1849
LR999953.1 4.9e+06 5e+06 2119
LR999953.1 5e+06 5.1e+06 7078
LR999953.1 5.1e+06 5.2e+06 1974
LR999953.1 5.2e+06 5.3e+06 2986
LR999953.1 5.3e+06 5.4e+06 2414
LR999953.1 5.4e+06 5.5e+06 1650
LR999953.1 5.5e+06 5.6e+06 1887
LR999953.1 5.6e+06 5.7e+06 4415
LR999953.1 5.7e+06 5.8e+06 855
LR999953.1 5.8e+06 5.9e+06 1218
LR999953.1 5.9e+06 6e+06 4758
LR999953.1 6e+06 6.1e+06 2061
LR999953.1 6.1e+06 6.2e+06 4570
LR999953.1 6.2e+06 6.3e+06 7578
LR999953.1 6.3e+06 6.4e+06 7628
LR999953.1 6.4e+06 6.5e+06 2028
LR999953.1 6.5e+06 6.6e+06 2954
LR999953.1 6.6e+06 6.7e+06 7783
LR999953.1 6.7e+06 6.8e+06 3449
LR999953.1 6.8e+06 6.9e+06 848
LR999953.1 6.9e+06 7e+06 3143
LR999953.1 7e+06 7.1e+06 4100
LR999953.1 7.1e+06 7.2e+06 1654
LR999953.1 7.2e+06 7.3e+06 2079
LR999953.1 7.3e+06 7.4e+06 1821
LR999953.1 7.4e+06 7.5e+06 3017
LR999953.1 7.5e+06 7.6e+06 1379
LR999953.1 7.6e+06 7.7e+06 6733
LR999953.1 7.7e+06 7.8e+06 2860
LR999953.1 7.8e+06 7.9e+06 1292
LR999953.1 7.9e+06 8e+06 2492
LR999953.1 8e+06 8.1e+06 1822
LR999953.1 8.1e+06 8178468 912
