LR999933.1 1 100000 5721
LR999933.1 100001 200000 1812
LR999933.1 200001 300000 6168
LR999933.1 300001 400000 1555
LR999933.1 400001 500000 1501
LR999933.1 500001 600000 3885
LR999933.1 600001 700000 394
LR999933.1 700001 800000 1129
LR999933.1 800001 900000 3248
LR999933.1 900001 1e+06 342
LR999933.1 1e+06 1.1e+06 878
LR999933.1 1.1e+06 1.2e+06 7072
LR999933.1 1.2e+06 1.3e+06 337
LR999933.1 1.3e+06 1.4e+06 815
LR999933.1 1.4e+06 1.5e+06 1050
LR999933.1 1.5e+06 1.6e+06 981
LR999933.1 1.6e+06 1.7e+06 13188
LR999933.1 1.7e+06 1.8e+06 1334
LR999933.1 1.8e+06 1.9e+06 777
LR999933.1 1.9e+06 2e+06 1191
LR999933.1 2e+06 2.1e+06 295
LR999933.1 2.1e+06 2.2e+06 429
LR999933.1 2.2e+06 2.3e+06 12258
LR999933.1 2.3e+06 2.4e+06 1755
LR999933.1 2.4e+06 2.5e+06 699
LR999933.1 2.5e+06 2.6e+06 1937
LR999933.1 2.6e+06 2.7e+06 550
LR999933.1 2.7e+06 2.8e+06 743
LR999933.1 2.8e+06 2.9e+06 1603
LR999933.1 2.9e+06 3e+06 581
LR999933.1 3e+06 3.1e+06 818
LR999933.1 3.1e+06 3.2e+06 1914
LR999933.1 3.2e+06 3.3e+06 1640
LR999933.1 3.3e+06 3.4e+06 1295
LR999933.1 3.4e+06 3.5e+06 
LR999933.1 3.5e+06 3.6e+06 284
LR999933.1 3.6e+06 3.7e+06 413
LR999933.1 3.7e+06 3.8e+06 5236
LR999933.1 3.8e+06 3.9e+06 1443
LR999933.1 3.9e+06 4e+06 5570
LR999933.1 4e+06 4.1e+06 1353
LR999933.1 4.1e+06 4.2e+06 6617
LR999933.1 4.2e+06 4.3e+06 195
LR999933.1 4.3e+06 4.4e+06 641
LR999933.1 4.4e+06 4.5e+06 1066
LR999933.1 4.5e+06 4.6e+06 1253
LR999933.1 4.6e+06 4.7e+06 387
LR999933.1 4.7e+06 4.8e+06 1285
LR999933.1 4.8e+06 4.9e+06 3192
LR999933.1 4.9e+06 5e+06 7924
LR999933.1 5e+06 5.1e+06 2051
LR999933.1 5.1e+06 5.2e+06 449
LR999933.1 5.2e+06 5.3e+06 385
LR999933.1 5.3e+06 5.4e+06 
LR999933.1 5.4e+06 5.5e+06 681
LR999933.1 5.5e+06 5.6e+06 439
LR999933.1 5.6e+06 5.7e+06 690
LR999933.1 5.7e+06 5.8e+06 1727
LR999933.1 5.8e+06 5.9e+06 266
LR999933.1 5.9e+06 6e+06 653
LR999933.1 6e+06 6.1e+06 114
LR999933.1 6.1e+06 6.2e+06 298
LR999933.1 6.2e+06 6.3e+06 100
LR999933.1 6.3e+06 6.4e+06 313
LR999933.1 6.4e+06 6.5e+06 5239
LR999933.1 6.5e+06 6.6e+06 494
LR999933.1 6.6e+06 6.7e+06 261
LR999933.1 6.7e+06 6.8e+06 3354
LR999933.1 6.8e+06 6.9e+06 609
LR999933.1 6.9e+06 7e+06 475
LR999933.1 7e+06 7.1e+06 120
LR999933.1 7.1e+06 7.2e+06 5299
LR999933.1 7.2e+06 7.3e+06 
LR999933.1 7.3e+06 7.4e+06 7079
LR999933.1 7.4e+06 7.5e+06 225
LR999933.1 7.5e+06 7.6e+06 932
LR999933.1 7.6e+06 7.7e+06 310
LR999933.1 7.7e+06 7.8e+06 4495
LR999933.1 7.8e+06 7.9e+06 644
LR999933.1 7.9e+06 8e+06 7335
LR999933.1 8e+06 8.1e+06 932
LR999933.1 8.1e+06 8.2e+06 2945
LR999933.1 8.2e+06 8.3e+06 964
LR999933.1 8.3e+06 8.4e+06 
LR999933.1 8.4e+06 8.5e+06 81
LR999933.1 8.5e+06 8.6e+06 3634
LR999933.1 8.6e+06 8.7e+06 22
LR999933.1 8.7e+06 8.8e+06 219
LR999933.1 8.8e+06 8.9e+06 135
LR999933.1 8.9e+06 9e+06 666
LR999933.1 9e+06 9.1e+06 
LR999933.1 9.1e+06 9.2e+06 657
LR999933.1 9.2e+06 9.3e+06 6171
LR999933.1 9.3e+06 9.4e+06 94
LR999933.1 9.4e+06 9.5e+06 1525
LR999933.1 9.5e+06 9.6e+06 354
LR999933.1 9.6e+06 9.7e+06 635
LR999933.1 9.7e+06 9.8e+06 1373
LR999933.1 9.8e+06 9.9e+06 7008
LR999933.1 9.9e+06 1e+07 157
LR999933.1 1e+07 1.01e+07 1227
LR999933.1 1.01e+07 1.02e+07 1197
LR999933.1 1.02e+07 1.03e+07 905
LR999933.1 1.03e+07 1.04e+07 140
LR999933.1 1.04e+07 1.05e+07 2415
LR999933.1 1.05e+07 1.06e+07 833
LR999933.1 1.06e+07 1.07e+07 4408
LR999933.1 1.07e+07 1.08e+07 11129
LR999933.1 1.08e+07 1.09e+07 636
LR999933.1 1.09e+07 1.1e+07 8236
LR999933.1 1.1e+07 1.11e+07 345
LR999933.1 1.11e+07 1.12e+07 248
LR999933.1 1.12e+07 1.13e+07 435
LR999933.1 1.13e+07 1.14e+07 4054
LR999933.1 1.14e+07 1.15e+07 6373
LR999933.1 1.15e+07 1.16e+07 8050
LR999933.1 1.16e+07 1.17e+07 1918
LR999933.1 1.17e+07 1.18e+07 933
LR999933.1 1.18e+07 1.19e+07 1038
LR999933.1 1.19e+07 1.2e+07 
LR999933.1 1.2e+07 1.21e+07 7185
LR999933.1 1.21e+07 1.22e+07 611
LR999933.1 1.22e+07 1.23e+07 671
LR999933.1 1.23e+07 1.24e+07 838
LR999933.1 1.24e+07 1.25e+07 636
LR999933.1 1.25e+07 1.26e+07 1642
LR999933.1 1.26e+07 1.27e+07 1256
LR999933.1 1.27e+07 1.28e+07 14269
LR999933.1 1.28e+07 1.29e+07 551
LR999933.1 1.29e+07 1.3e+07 5180
LR999933.1 1.3e+07 1.31e+07 1142
LR999933.1 1.31e+07 1.32e+07 3094
LR999933.1 1.32e+07 1.33e+07 617
LR999933.1 1.33e+07 1.34e+07 2002
LR999933.1 1.34e+07 1.35e+07 179
LR999933.1 1.35e+07 1.36e+07 661
LR999933.1 1.36e+07 1.37e+07 170
LR999933.1 1.37e+07 1.38e+07 386
LR999933.1 1.38e+07 1.39e+07 4807
LR999933.1 1.39e+07 1.4e+07 1992
LR999933.1 1.4e+07 1.41e+07 290
LR999933.1 1.41e+07 1.42e+07 2563
LR999933.1 1.42e+07 1.43e+07 7383
LR999933.1 1.43e+07 1.44e+07 967
LR999933.1 1.44e+07 1.45e+07 769
LR999933.1 1.45e+07 1.46e+07 362
LR999933.1 1.46e+07 1.47e+07 719
LR999933.1 1.47e+07 1.48e+07 1168
LR999933.1 1.48e+07 1.49e+07 187
LR999933.1 1.49e+07 1.5e+07 822
LR999933.1 1.5e+07 1.51e+07 1459
LR999933.1 1.51e+07 1.52e+07 
LR999933.1 1.52e+07 15296561 3323
