LR999937.1 1 100000 12935
LR999937.1 100001 200000 1045
LR999937.1 200001 300000 15203
LR999937.1 300001 400000 913
LR999937.1 400001 500000 8592
LR999937.1 500001 600000 815
LR999937.1 600001 700000 1417
LR999937.1 700001 800000 900
LR999937.1 800001 900000 1273
LR999937.1 900001 1e+06 148
LR999937.1 1e+06 1.1e+06 1036
LR999937.1 1.1e+06 1.2e+06 652
LR999937.1 1.2e+06 1.3e+06 5632
LR999937.1 1.3e+06 1.4e+06 894
LR999937.1 1.4e+06 1.5e+06 1293
LR999937.1 1.5e+06 1.6e+06 649
LR999937.1 1.6e+06 1.7e+06 1949
LR999937.1 1.7e+06 1.8e+06 2049
LR999937.1 1.8e+06 1.9e+06 1721
LR999937.1 1.9e+06 2e+06 3026
LR999937.1 2e+06 2.1e+06 8117
LR999937.1 2.1e+06 2.2e+06 1246
LR999937.1 2.2e+06 2.3e+06 1414
LR999937.1 2.3e+06 2.4e+06 1772
LR999937.1 2.4e+06 2.5e+06 3339
LR999937.1 2.5e+06 2.6e+06 633
LR999937.1 2.6e+06 2.7e+06 699
LR999937.1 2.7e+06 2.8e+06 1773
LR999937.1 2.8e+06 2.9e+06 919
LR999937.1 2.9e+06 3e+06 14991
LR999937.1 3e+06 3.1e+06 2448
LR999937.1 3.1e+06 3.2e+06 903
LR999937.1 3.2e+06 3.3e+06 753
LR999937.1 3.3e+06 3.4e+06 1162
LR999937.1 3.4e+06 3.5e+06 1724
LR999937.1 3.5e+06 3.6e+06 7567
LR999937.1 3.6e+06 3.7e+06 4100
LR999937.1 3.7e+06 3.8e+06 358
LR999937.1 3.8e+06 3.9e+06 1271
LR999937.1 3.9e+06 4e+06 2146
LR999937.1 4e+06 4.1e+06 307
LR999937.1 4.1e+06 4.2e+06 437
LR999937.1 4.2e+06 4.3e+06 1061
LR999937.1 4.3e+06 4.4e+06 387
LR999937.1 4.4e+06 4.5e+06 238
LR999937.1 4.5e+06 4.6e+06 479
LR999937.1 4.6e+06 4.7e+06 394
LR999937.1 4.7e+06 4.8e+06 764
LR999937.1 4.8e+06 4.9e+06 1139
LR999937.1 4.9e+06 5e+06 
LR999937.1 5e+06 5.1e+06 1093
LR999937.1 5.1e+06 5.2e+06 1122
LR999937.1 5.2e+06 5.3e+06 1830
LR999937.1 5.3e+06 5.4e+06 796
LR999937.1 5.4e+06 5.5e+06 223
LR999937.1 5.5e+06 5.6e+06 323
LR999937.1 5.6e+06 5.7e+06 259
LR999937.1 5.7e+06 5.8e+06 7116
LR999937.1 5.8e+06 5.9e+06 501
LR999937.1 5.9e+06 6e+06 564
LR999937.1 6e+06 6.1e+06 2444
LR999937.1 6.1e+06 6.2e+06 1033
LR999937.1 6.2e+06 6.3e+06 441
LR999937.1 6.3e+06 6.4e+06 4191
LR999937.1 6.4e+06 6.5e+06 5121
LR999937.1 6.5e+06 6.6e+06 13725
LR999937.1 6.6e+06 6.7e+06 1913
LR999937.1 6.7e+06 6.8e+06 890
LR999937.1 6.8e+06 6.9e+06 185
LR999937.1 6.9e+06 7e+06 1350
LR999937.1 7e+06 7.1e+06 477
LR999937.1 7.1e+06 7.2e+06 301
LR999937.1 7.2e+06 7.3e+06 292
LR999937.1 7.3e+06 7.4e+06 1392
LR999937.1 7.4e+06 7.5e+06 1523
LR999937.1 7.5e+06 7.6e+06 984
LR999937.1 7.6e+06 7.7e+06 307
LR999937.1 7.7e+06 7.8e+06 
LR999937.1 7.8e+06 7.9e+06 6318
LR999937.1 7.9e+06 8e+06 3291
LR999937.1 8e+06 8.1e+06 12348
LR999937.1 8.1e+06 8.2e+06 396
LR999937.1 8.2e+06 8.3e+06 613
LR999937.1 8.3e+06 8.4e+06 683
LR999937.1 8.4e+06 8.5e+06 311
LR999937.1 8.5e+06 8.6e+06 212
LR999937.1 8.6e+06 8.7e+06 463
LR999937.1 8.7e+06 8.8e+06 1147
LR999937.1 8.8e+06 8.9e+06 508
LR999937.1 8.9e+06 9e+06 10086
LR999937.1 9e+06 9.1e+06 
LR999937.1 9.1e+06 9.2e+06 1855
LR999937.1 9.2e+06 9.3e+06 521
LR999937.1 9.3e+06 9.4e+06 2215
LR999937.1 9.4e+06 9.5e+06 5181
LR999937.1 9.5e+06 9.6e+06 6948
LR999937.1 9.6e+06 9.7e+06 3519
LR999937.1 9.7e+06 9.8e+06 4311
LR999937.1 9.8e+06 9.9e+06 350
LR999937.1 9.9e+06 1e+07 935
LR999937.1 1e+07 1.01e+07 500
LR999937.1 1.01e+07 1.02e+07 410
LR999937.1 1.02e+07 1.03e+07 306
LR999937.1 1.03e+07 1.04e+07 5129
LR999937.1 1.04e+07 1.05e+07 1019
LR999937.1 1.05e+07 1.06e+07 7656
LR999937.1 1.06e+07 1.07e+07 3187
LR999937.1 1.07e+07 1.08e+07 1050
LR999937.1 1.08e+07 1.09e+07 32
LR999937.1 1.09e+07 1.1e+07 327
LR999937.1 1.1e+07 1.11e+07 368
LR999937.1 1.11e+07 1.12e+07 570
LR999937.1 1.12e+07 1.13e+07 557
LR999937.1 1.13e+07 1.14e+07 36
LR999937.1 1.14e+07 1.15e+07 641
LR999937.1 1.15e+07 1.16e+07 656
LR999937.1 1.16e+07 1.17e+07 231
LR999937.1 1.17e+07 1.18e+07 248
LR999937.1 1.18e+07 1.19e+07 6974
LR999937.1 1.19e+07 1.2e+07 1048
LR999937.1 1.2e+07 1.21e+07 623
LR999937.1 1.21e+07 1.22e+07 1414
LR999937.1 1.22e+07 1.23e+07 709
LR999937.1 1.23e+07 1.24e+07 2031
LR999937.1 1.24e+07 1.25e+07 1579
LR999937.1 1.25e+07 1.26e+07 875
LR999937.1 1.26e+07 1.27e+07 6349
LR999937.1 1.27e+07 1.28e+07 3739
LR999937.1 1.28e+07 1.29e+07 5623
LR999937.1 1.29e+07 1.3e+07 8001
LR999937.1 1.3e+07 1.31e+07 2027
LR999937.1 1.31e+07 1.32e+07 4579
LR999937.1 1.32e+07 1.33e+07 1097
LR999937.1 1.33e+07 1.34e+07 2704
LR999937.1 1.34e+07 1.35e+07 781
LR999937.1 1.35e+07 1.36e+07 2728
LR999937.1 1.36e+07 1.37e+07 1328
LR999937.1 1.37e+07 1.38e+07 9262
LR999937.1 1.38e+07 1.39e+07 2449
LR999937.1 1.39e+07 1.4e+07 1077
LR999937.1 1.4e+07 1.41e+07 969
LR999937.1 1.41e+07 1.42e+07 1454
LR999937.1 1.42e+07 1.43e+07 1117
LR999937.1 1.43e+07 1.44e+07 6836
LR999937.1 1.44e+07 1.45e+07 1807
LR999937.1 1.45e+07 1.46e+07 3357
LR999937.1 1.46e+07 14615999 9657
