LR999931.1 1 100000 263
LR999931.1 100001 200000 5572
LR999931.1 200001 300000 883
LR999931.1 300001 400000 1051
LR999931.1 400001 500000 4043
LR999931.1 500001 600000 862
LR999931.1 600001 700000 5740
LR999931.1 700001 800000 363
LR999931.1 800001 900000 1026
LR999931.1 900001 1e+06 1256
LR999931.1 1e+06 1.1e+06 577
LR999931.1 1.1e+06 1.2e+06 1761
LR999931.1 1.2e+06 1.3e+06 6850
LR999931.1 1.3e+06 1.4e+06 5221
LR999931.1 1.4e+06 1.5e+06 661
LR999931.1 1.5e+06 1.6e+06 538
LR999931.1 1.6e+06 1.7e+06 829
LR999931.1 1.7e+06 1.8e+06 1934
LR999931.1 1.8e+06 1.9e+06 552
LR999931.1 1.9e+06 2e+06 349
LR999931.1 2e+06 2.1e+06 837
LR999931.1 2.1e+06 2.2e+06 997
LR999931.1 2.2e+06 2.3e+06 985
LR999931.1 2.3e+06 2.4e+06 97
LR999931.1 2.4e+06 2.5e+06 514
LR999931.1 2.5e+06 2.6e+06 1795
LR999931.1 2.6e+06 2.7e+06 460
LR999931.1 2.7e+06 2.8e+06 1280
LR999931.1 2.8e+06 2.9e+06 862
LR999931.1 2.9e+06 3e+06 575
LR999931.1 3e+06 3.1e+06 164
LR999931.1 3.1e+06 3.2e+06 496
LR999931.1 3.2e+06 3.3e+06 6718
LR999931.1 3.3e+06 3.4e+06 862
LR999931.1 3.4e+06 3.5e+06 2211
LR999931.1 3.5e+06 3.6e+06 616
LR999931.1 3.6e+06 3.7e+06 2177
LR999931.1 3.7e+06 3.8e+06 2228
LR999931.1 3.8e+06 3.9e+06 244
LR999931.1 3.9e+06 4e+06 607
LR999931.1 4e+06 4.1e+06 639
LR999931.1 4.1e+06 4.2e+06 754
LR999931.1 4.2e+06 4.3e+06 58
LR999931.1 4.3e+06 4.4e+06 8066
LR999931.1 4.4e+06 4.5e+06 2059
LR999931.1 4.5e+06 4.6e+06 365
LR999931.1 4.6e+06 4.7e+06 652
LR999931.1 4.7e+06 4.8e+06 73
LR999931.1 4.8e+06 4.9e+06 3273
LR999931.1 4.9e+06 5e+06 450
LR999931.1 5e+06 5.1e+06 147
LR999931.1 5.1e+06 5.2e+06 523
LR999931.1 5.2e+06 5.3e+06 182
LR999931.1 5.3e+06 5.4e+06 221
LR999931.1 5.4e+06 5.5e+06 506
LR999931.1 5.5e+06 5.6e+06 501
LR999931.1 5.6e+06 5.7e+06 771
LR999931.1 5.7e+06 5.8e+06 766
LR999931.1 5.8e+06 5.9e+06 301
LR999931.1 5.9e+06 6e+06 370
LR999931.1 6e+06 6.1e+06 817
LR999931.1 6.1e+06 6.2e+06 134
LR999931.1 6.2e+06 6.3e+06 381
LR999931.1 6.3e+06 6.4e+06 4810
LR999931.1 6.4e+06 6.5e+06 100
LR999931.1 6.5e+06 6.6e+06 149
LR999931.1 6.6e+06 6.7e+06 379
LR999931.1 6.7e+06 6.8e+06 201
LR999931.1 6.8e+06 6.9e+06 796
LR999931.1 6.9e+06 7e+06 261
LR999931.1 7e+06 7.1e+06 352
LR999931.1 7.1e+06 7.2e+06 2182
LR999931.1 7.2e+06 7.3e+06 2960
LR999931.1 7.3e+06 7.4e+06 338
LR999931.1 7.4e+06 7.5e+06 
LR999931.1 7.5e+06 7.6e+06 3112
LR999931.1 7.6e+06 7.7e+06 212
LR999931.1 7.7e+06 7.8e+06 269
LR999931.1 7.8e+06 7.9e+06 5139
LR999931.1 7.9e+06 8e+06 2986
LR999931.1 8e+06 8.1e+06 3342
LR999931.1 8.1e+06 8.2e+06 630
LR999931.1 8.2e+06 8.3e+06 73
LR999931.1 8.3e+06 8.4e+06 1815
LR999931.1 8.4e+06 8.5e+06 414
LR999931.1 8.5e+06 8.6e+06 210
LR999931.1 8.6e+06 8.7e+06 499
LR999931.1 8.7e+06 8.8e+06 4365
LR999931.1 8.8e+06 8.9e+06 860
LR999931.1 8.9e+06 9e+06 401
LR999931.1 9e+06 9.1e+06 460
LR999931.1 9.1e+06 9.2e+06 403
LR999931.1 9.2e+06 9.3e+06 
LR999931.1 9.3e+06 9.4e+06 
LR999931.1 9.4e+06 9.5e+06 5689
LR999931.1 9.5e+06 9.6e+06 69
LR999931.1 9.6e+06 9.7e+06 237
LR999931.1 9.7e+06 9.8e+06 1229
LR999931.1 9.8e+06 9.9e+06 262
LR999931.1 9.9e+06 1e+07 710
LR999931.1 1e+07 1.01e+07 645
LR999931.1 1.01e+07 1.02e+07 165
LR999931.1 1.02e+07 1.03e+07 
LR999931.1 1.03e+07 1.04e+07 323
LR999931.1 1.04e+07 1.05e+07 123
LR999931.1 1.05e+07 1.06e+07 115
LR999931.1 1.06e+07 1.07e+07 756
LR999931.1 1.07e+07 1.08e+07 862
LR999931.1 1.08e+07 1.09e+07 5031
LR999931.1 1.09e+07 1.1e+07 1796
LR999931.1 1.1e+07 1.11e+07 5158
LR999931.1 1.11e+07 1.12e+07 800
LR999931.1 1.12e+07 1.13e+07 552
LR999931.1 1.13e+07 1.14e+07 
LR999931.1 1.14e+07 1.15e+07 79
LR999931.1 1.15e+07 1.16e+07 1353
LR999931.1 1.16e+07 1.17e+07 748
LR999931.1 1.17e+07 1.18e+07 235
LR999931.1 1.18e+07 1.19e+07 555
LR999931.1 1.19e+07 1.2e+07 1026
LR999931.1 1.2e+07 1.21e+07 472
LR999931.1 1.21e+07 1.22e+07 921
LR999931.1 1.22e+07 1.23e+07 1842
LR999931.1 1.23e+07 1.24e+07 712
LR999931.1 1.24e+07 1.25e+07 544
LR999931.1 1.25e+07 1.26e+07 6960
LR999931.1 1.26e+07 1.27e+07 1169
LR999931.1 1.27e+07 1.28e+07 982
LR999931.1 1.28e+07 1.29e+07 497
LR999931.1 1.29e+07 1.3e+07 64
LR999931.1 1.3e+07 1.31e+07 719
LR999931.1 1.31e+07 1.32e+07 1313
LR999931.1 1.32e+07 1.33e+07 871
LR999931.1 1.33e+07 1.34e+07 3219
LR999931.1 1.34e+07 1.35e+07 718
LR999931.1 1.35e+07 1.36e+07 572
LR999931.1 1.36e+07 1.37e+07 1591
LR999931.1 1.37e+07 1.38e+07 1045
LR999931.1 1.38e+07 1.39e+07 503
LR999931.1 1.39e+07 1.4e+07 590
LR999931.1 1.4e+07 1.41e+07 
LR999931.1 1.41e+07 1.42e+07 1094
LR999931.1 1.42e+07 1.43e+07 7537
LR999931.1 1.43e+07 1.44e+07 399
LR999931.1 1.44e+07 1.45e+07 230
LR999931.1 1.45e+07 1.46e+07 790
LR999931.1 1.46e+07 1.47e+07 481
LR999931.1 1.47e+07 1.48e+07 4523
LR999931.1 1.48e+07 1.49e+07 5492
LR999931.1 1.49e+07 1.5e+07 3359
LR999931.1 1.5e+07 1.51e+07 2300
LR999931.1 1.51e+07 1.52e+07 431
LR999931.1 1.52e+07 1.53e+07 5352
LR999931.1 1.53e+07 1.54e+07 5718
LR999931.1 1.54e+07 1.55e+07 441
LR999931.1 1.55e+07 15572524 729
