LR999950.1 1 100000 7218
LR999950.1 100001 200000 552
LR999950.1 200001 300000 457
LR999950.1 300001 400000 5620
LR999950.1 400001 500000 1122
LR999950.1 500001 600000 1147
LR999950.1 600001 700000 1339
LR999950.1 700001 800000 197
LR999950.1 800001 900000 870
LR999950.1 900001 1e+06 1091
LR999950.1 1e+06 1.1e+06 3179
LR999950.1 1.1e+06 1.2e+06 16681
LR999950.1 1.2e+06 1.3e+06 1537
LR999950.1 1.3e+06 1.4e+06 845
LR999950.1 1.4e+06 1.5e+06 5547
LR999950.1 1.5e+06 1.6e+06 265
LR999950.1 1.6e+06 1.7e+06 2210
LR999950.1 1.7e+06 1.8e+06 1054
LR999950.1 1.8e+06 1.9e+06 467
LR999950.1 1.9e+06 2e+06 2143
LR999950.1 2e+06 2.1e+06 436
LR999950.1 2.1e+06 2.2e+06 417
LR999950.1 2.2e+06 2.3e+06 611
LR999950.1 2.3e+06 2.4e+06 175
LR999950.1 2.4e+06 2.5e+06 550
LR999950.1 2.5e+06 2.6e+06 843
LR999950.1 2.6e+06 2.7e+06 468
LR999950.1 2.7e+06 2.8e+06 242
LR999950.1 2.8e+06 2.9e+06 1472
LR999950.1 2.9e+06 3e+06 6434
LR999950.1 3e+06 3.1e+06 328
LR999950.1 3.1e+06 3.2e+06 1421
LR999950.1 3.2e+06 3.3e+06 306
LR999950.1 3.3e+06 3.4e+06 245
LR999950.1 3.4e+06 3.5e+06 12272
LR999950.1 3.5e+06 3.6e+06 6543
LR999950.1 3.6e+06 3.7e+06 318
LR999950.1 3.7e+06 3.8e+06 5034
LR999950.1 3.8e+06 3.9e+06 286
LR999950.1 3.9e+06 4e+06 371
LR999950.1 4e+06 4.1e+06 45
LR999950.1 4.1e+06 4.2e+06 769
LR999950.1 4.2e+06 4.3e+06 650
LR999950.1 4.3e+06 4.4e+06 519
LR999950.1 4.4e+06 4.5e+06 571
LR999950.1 4.5e+06 4.6e+06 2394
LR999950.1 4.6e+06 4.7e+06 6847
LR999950.1 4.7e+06 4.8e+06 904
LR999950.1 4.8e+06 4.9e+06 1281
LR999950.1 4.9e+06 5e+06 5891
LR999950.1 5e+06 5.1e+06 2438
LR999950.1 5.1e+06 5.2e+06 703
LR999950.1 5.2e+06 5.3e+06 6164
LR999950.1 5.3e+06 5.4e+06 1396
LR999950.1 5.4e+06 5.5e+06 748
LR999950.1 5.5e+06 5.6e+06 1173
LR999950.1 5.6e+06 5.7e+06 1483
LR999950.1 5.7e+06 5.8e+06 268
LR999950.1 5.8e+06 5.9e+06 747
LR999950.1 5.9e+06 6e+06 272
LR999950.1 6e+06 6.1e+06 7667
LR999950.1 6.1e+06 6.2e+06 4460
LR999950.1 6.2e+06 6.3e+06 417
LR999950.1 6.3e+06 6.4e+06 433
LR999950.1 6.4e+06 6.5e+06 740
LR999950.1 6.5e+06 6.6e+06 292
LR999950.1 6.6e+06 6.7e+06 972
LR999950.1 6.7e+06 6.8e+06 133
LR999950.1 6.8e+06 6.9e+06 4874
LR999950.1 6.9e+06 7e+06 1100
LR999950.1 7e+06 7.1e+06 412
LR999950.1 7.1e+06 7.2e+06 1161
LR999950.1 7.2e+06 7.3e+06 761
LR999950.1 7.3e+06 7.4e+06 238
LR999950.1 7.4e+06 7.5e+06 1185
LR999950.1 7.5e+06 7.6e+06 656
LR999950.1 7.6e+06 7.7e+06 7409
LR999950.1 7.7e+06 7.8e+06 135
LR999950.1 7.8e+06 7.9e+06 497
LR999950.1 7.9e+06 8e+06 4493
LR999950.1 8e+06 8.1e+06 105
LR999950.1 8.1e+06 8.2e+06 1474
LR999950.1 8.2e+06 8.3e+06 944
LR999950.1 8.3e+06 8.4e+06 307
LR999950.1 8.4e+06 8.5e+06 391
LR999950.1 8.5e+06 8.6e+06 3675
LR999950.1 8.6e+06 8.7e+06 1553
LR999950.1 8.7e+06 8.8e+06 2189
LR999950.1 8.8e+06 8.9e+06 423
LR999950.1 8.9e+06 9e+06 7532
LR999950.1 9e+06 9.1e+06 2789
LR999950.1 9.1e+06 9.2e+06 1116
LR999950.1 9.2e+06 9.3e+06 3647
LR999950.1 9.3e+06 9.4e+06 4669
LR999950.1 9.4e+06 9.5e+06 5077
LR999950.1 9.5e+06 9.6e+06 8189
LR999950.1 9.6e+06 9.7e+06 685
LR999950.1 9.7e+06 9.8e+06 5702
LR999950.1 9.8e+06 9.9e+06 626
LR999950.1 9.9e+06 9960137 12157
