LR999935.1 1 100000 2811
LR999935.1 100001 200000 2359
LR999935.1 200001 300000 293
LR999935.1 300001 400000 5429
LR999935.1 400001 500000 938
LR999935.1 500001 600000 175
LR999935.1 600001 700000 320
LR999935.1 700001 800000 277
LR999935.1 800001 900000 600
LR999935.1 900001 1e+06 176
LR999935.1 1e+06 1.1e+06 1599
LR999935.1 1.1e+06 1.2e+06 1092
LR999935.1 1.2e+06 1.3e+06 25281
LR999935.1 1.3e+06 1.4e+06 810
LR999935.1 1.4e+06 1.5e+06 
LR999935.1 1.5e+06 1.6e+06 432
LR999935.1 1.6e+06 1.7e+06 455
LR999935.1 1.7e+06 1.8e+06 1199
LR999935.1 1.8e+06 1.9e+06 1782
LR999935.1 1.9e+06 2e+06 1052
LR999935.1 2e+06 2.1e+06 402
LR999935.1 2.1e+06 2.2e+06 129
LR999935.1 2.2e+06 2.3e+06 290
LR999935.1 2.3e+06 2.4e+06 1298
LR999935.1 2.4e+06 2.5e+06 8598
LR999935.1 2.5e+06 2.6e+06 323
LR999935.1 2.6e+06 2.7e+06 293
LR999935.1 2.7e+06 2.8e+06 409
LR999935.1 2.8e+06 2.9e+06 
LR999935.1 2.9e+06 3e+06 531
LR999935.1 3e+06 3.1e+06 494
LR999935.1 3.1e+06 3.2e+06 1125
LR999935.1 3.2e+06 3.3e+06 839
LR999935.1 3.3e+06 3.4e+06 370
LR999935.1 3.4e+06 3.5e+06 614
LR999935.1 3.5e+06 3.6e+06 6540
LR999935.1 3.6e+06 3.7e+06 520
LR999935.1 3.7e+06 3.8e+06 973
LR999935.1 3.8e+06 3.9e+06 255
LR999935.1 3.9e+06 4e+06 643
LR999935.1 4e+06 4.1e+06 345
LR999935.1 4.1e+06 4.2e+06 116
LR999935.1 4.2e+06 4.3e+06 695
LR999935.1 4.3e+06 4.4e+06 1213
LR999935.1 4.4e+06 4.5e+06 322
LR999935.1 4.5e+06 4.6e+06 328
LR999935.1 4.6e+06 4.7e+06 1399
LR999935.1 4.7e+06 4.8e+06 1108
LR999935.1 4.8e+06 4.9e+06 1410
LR999935.1 4.9e+06 5e+06 812
LR999935.1 5e+06 5.1e+06 632
LR999935.1 5.1e+06 5.2e+06 170
LR999935.1 5.2e+06 5.3e+06 
LR999935.1 5.3e+06 5.4e+06 531
LR999935.1 5.4e+06 5.5e+06 66
LR999935.1 5.5e+06 5.6e+06 333
LR999935.1 5.6e+06 5.7e+06 294
LR999935.1 5.7e+06 5.8e+06 677
LR999935.1 5.8e+06 5.9e+06 526
LR999935.1 5.9e+06 6e+06 3928
LR999935.1 6e+06 6.1e+06 384
LR999935.1 6.1e+06 6.2e+06 4467
LR999935.1 6.2e+06 6.3e+06 5013
LR999935.1 6.3e+06 6.4e+06 172
LR999935.1 6.4e+06 6.5e+06 151
LR999935.1 6.5e+06 6.6e+06 934
LR999935.1 6.6e+06 6.7e+06 1119
LR999935.1 6.7e+06 6.8e+06 418
LR999935.1 6.8e+06 6.9e+06 331
LR999935.1 6.9e+06 7e+06 
LR999935.1 7e+06 7.1e+06 626
LR999935.1 7.1e+06 7.2e+06 675
LR999935.1 7.2e+06 7.3e+06 1518
LR999935.1 7.3e+06 7.4e+06 
LR999935.1 7.4e+06 7.5e+06 396
LR999935.1 7.5e+06 7.6e+06 398
LR999935.1 7.6e+06 7.7e+06 603
LR999935.1 7.7e+06 7.8e+06 
LR999935.1 7.8e+06 7.9e+06 550
LR999935.1 7.9e+06 8e+06 105
LR999935.1 8e+06 8.1e+06 983
LR999935.1 8.1e+06 8.2e+06 1838
LR999935.1 8.2e+06 8.3e+06 760
LR999935.1 8.3e+06 8.4e+06 605
LR999935.1 8.4e+06 8.5e+06 154
LR999935.1 8.5e+06 8.6e+06 493
LR999935.1 8.6e+06 8.7e+06 537
LR999935.1 8.7e+06 8.8e+06 186
LR999935.1 8.8e+06 8.9e+06 1125
LR999935.1 8.9e+06 9e+06 457
LR999935.1 9e+06 9.1e+06 416
LR999935.1 9.1e+06 9.2e+06 1910
LR999935.1 9.2e+06 9.3e+06 22
LR999935.1 9.3e+06 9.4e+06 165
LR999935.1 9.4e+06 9.5e+06 1022
LR999935.1 9.5e+06 9.6e+06 835
LR999935.1 9.6e+06 9.7e+06 3429
LR999935.1 9.7e+06 9.8e+06 1968
LR999935.1 9.8e+06 9.9e+06 924
LR999935.1 9.9e+06 1e+07 7814
LR999935.1 1e+07 1.01e+07 805
LR999935.1 1.01e+07 1.02e+07 123
LR999935.1 1.02e+07 1.03e+07 8328
LR999935.1 1.03e+07 1.04e+07 5891
LR999935.1 1.04e+07 1.05e+07 923
LR999935.1 1.05e+07 1.06e+07 743
LR999935.1 1.06e+07 1.07e+07 934
LR999935.1 1.07e+07 1.08e+07 76
LR999935.1 1.08e+07 1.09e+07 1636
LR999935.1 1.09e+07 1.1e+07 531
LR999935.1 1.1e+07 1.11e+07 1256
LR999935.1 1.11e+07 1.12e+07 307
LR999935.1 1.12e+07 1.13e+07 362
LR999935.1 1.13e+07 1.14e+07 2866
LR999935.1 1.14e+07 1.15e+07 1229
LR999935.1 1.15e+07 1.16e+07 147
LR999935.1 1.16e+07 1.17e+07 42
LR999935.1 1.17e+07 1.18e+07 1351
LR999935.1 1.18e+07 1.19e+07 4050
LR999935.1 1.19e+07 1.2e+07 1159
LR999935.1 1.2e+07 1.21e+07 13170
LR999935.1 1.21e+07 1.22e+07 695
LR999935.1 1.22e+07 1.23e+07 7898
LR999935.1 1.23e+07 1.24e+07 659
LR999935.1 1.24e+07 1.25e+07 529
LR999935.1 1.25e+07 1.26e+07 6610
LR999935.1 1.26e+07 1.27e+07 886
LR999935.1 1.27e+07 1.28e+07 394
LR999935.1 1.28e+07 1.29e+07 677
LR999935.1 1.29e+07 1.3e+07 1398
LR999935.1 1.3e+07 1.31e+07 849
LR999935.1 1.31e+07 1.32e+07 
LR999935.1 1.32e+07 1.33e+07 386
LR999935.1 1.33e+07 1.34e+07 519
LR999935.1 1.34e+07 1.35e+07 1301
LR999935.1 1.35e+07 1.36e+07 605
LR999935.1 1.36e+07 1.37e+07 234
LR999935.1 1.37e+07 1.38e+07 1076
LR999935.1 1.38e+07 1.39e+07 405
LR999935.1 1.39e+07 1.4e+07 105
LR999935.1 1.4e+07 1.41e+07 331
LR999935.1 1.41e+07 1.42e+07 1298
LR999935.1 1.42e+07 1.43e+07 7017
LR999935.1 1.43e+07 1.44e+07 894
LR999935.1 1.44e+07 1.45e+07 811
LR999935.1 1.45e+07 1.46e+07 1186
LR999935.1 1.46e+07 1.47e+07 462
LR999935.1 1.47e+07 1.48e+07 253
LR999935.1 1.48e+07 14868897 320
