LR999938.1 1 100000 6608
LR999938.1 100001 200000 270
LR999938.1 200001 300000 104
LR999938.1 300001 400000 7067
LR999938.1 400001 500000 462
LR999938.1 500001 600000 524
LR999938.1 600001 700000 1135
LR999938.1 700001 800000 1926
LR999938.1 800001 900000 3318
LR999938.1 900001 1e+06 5659
LR999938.1 1e+06 1.1e+06 1464
LR999938.1 1.1e+06 1.2e+06 2623
LR999938.1 1.2e+06 1.3e+06 3757
LR999938.1 1.3e+06 1.4e+06 947
LR999938.1 1.4e+06 1.5e+06 11440
LR999938.1 1.5e+06 1.6e+06 1116
LR999938.1 1.6e+06 1.7e+06 5348
LR999938.1 1.7e+06 1.8e+06 475
LR999938.1 1.8e+06 1.9e+06 653
LR999938.1 1.9e+06 2e+06 726
LR999938.1 2e+06 2.1e+06 664
LR999938.1 2.1e+06 2.2e+06 2772
LR999938.1 2.2e+06 2.3e+06 472
LR999938.1 2.3e+06 2.4e+06 840
LR999938.1 2.4e+06 2.5e+06 3386
LR999938.1 2.5e+06 2.6e+06 2701
LR999938.1 2.6e+06 2.7e+06 4495
LR999938.1 2.7e+06 2.8e+06 737
LR999938.1 2.8e+06 2.9e+06 3791
LR999938.1 2.9e+06 3e+06 370
LR999938.1 3e+06 3.1e+06 278
LR999938.1 3.1e+06 3.2e+06 646
LR999938.1 3.2e+06 3.3e+06 1164
LR999938.1 3.3e+06 3.4e+06 365
LR999938.1 3.4e+06 3.5e+06 634
LR999938.1 3.5e+06 3.6e+06 4211
LR999938.1 3.6e+06 3.7e+06 606
LR999938.1 3.7e+06 3.8e+06 1281
LR999938.1 3.8e+06 3.9e+06 480
LR999938.1 3.9e+06 4e+06 713
LR999938.1 4e+06 4.1e+06 419
LR999938.1 4.1e+06 4.2e+06 547
LR999938.1 4.2e+06 4.3e+06 301
LR999938.1 4.3e+06 4.4e+06 682
LR999938.1 4.4e+06 4.5e+06 714
LR999938.1 4.5e+06 4.6e+06 1054
LR999938.1 4.6e+06 4.7e+06 1264
LR999938.1 4.7e+06 4.8e+06 420
LR999938.1 4.8e+06 4.9e+06 5559
LR999938.1 4.9e+06 5e+06 6971
LR999938.1 5e+06 5.1e+06 667
LR999938.1 5.1e+06 5.2e+06 6734
LR999938.1 5.2e+06 5.3e+06 2056
LR999938.1 5.3e+06 5.4e+06 1052
LR999938.1 5.4e+06 5.5e+06 3945
LR999938.1 5.5e+06 5.6e+06 690
LR999938.1 5.6e+06 5.7e+06 810
LR999938.1 5.7e+06 5.8e+06 8048
LR999938.1 5.8e+06 5.9e+06 5168
LR999938.1 5.9e+06 6e+06 357
LR999938.1 6e+06 6.1e+06 124
LR999938.1 6.1e+06 6.2e+06 6048
LR999938.1 6.2e+06 6.3e+06 951
LR999938.1 6.3e+06 6.4e+06 1040
LR999938.1 6.4e+06 6.5e+06 874
LR999938.1 6.5e+06 6.6e+06 5586
LR999938.1 6.6e+06 6.7e+06 666
LR999938.1 6.7e+06 6.8e+06 294
LR999938.1 6.8e+06 6.9e+06 418
LR999938.1 6.9e+06 7e+06 
LR999938.1 7e+06 7.1e+06 
LR999938.1 7.1e+06 7.2e+06 411
LR999938.1 7.2e+06 7.3e+06 1879
LR999938.1 7.3e+06 7.4e+06 1970
LR999938.1 7.4e+06 7.5e+06 729
LR999938.1 7.5e+06 7.6e+06 188
LR999938.1 7.6e+06 7.7e+06 238
LR999938.1 7.7e+06 7.8e+06 456
LR999938.1 7.8e+06 7.9e+06 575
LR999938.1 7.9e+06 8e+06 512
LR999938.1 8e+06 8.1e+06 13124
LR999938.1 8.1e+06 8.2e+06 1292
LR999938.1 8.2e+06 8.3e+06 625
LR999938.1 8.3e+06 8.4e+06 281
LR999938.1 8.4e+06 8.5e+06 726
LR999938.1 8.5e+06 8.6e+06 337
LR999938.1 8.6e+06 8.7e+06 335
LR999938.1 8.7e+06 8.8e+06 3396
LR999938.1 8.8e+06 8.9e+06 183
LR999938.1 8.9e+06 9e+06 487
LR999938.1 9e+06 9.1e+06 275
LR999938.1 9.1e+06 9.2e+06 4473
LR999938.1 9.2e+06 9.3e+06 384
LR999938.1 9.3e+06 9.4e+06 946
LR999938.1 9.4e+06 9.5e+06 
LR999938.1 9.5e+06 9.6e+06 
LR999938.1 9.6e+06 9.7e+06 3219
LR999938.1 9.7e+06 9.8e+06 7527
LR999938.1 9.8e+06 9.9e+06 36
LR999938.1 9.9e+06 1e+07 40
LR999938.1 1e+07 1.01e+07 3536
LR999938.1 1.01e+07 1.02e+07 
LR999938.1 1.02e+07 1.03e+07 104
LR999938.1 1.03e+07 1.04e+07 34
LR999938.1 1.04e+07 1.05e+07 801
LR999938.1 1.05e+07 1.06e+07 
LR999938.1 1.06e+07 1.07e+07 89
LR999938.1 1.07e+07 1.08e+07 2212
LR999938.1 1.08e+07 1.09e+07 729
LR999938.1 1.09e+07 1.1e+07 6032
LR999938.1 1.1e+07 1.11e+07 1517
LR999938.1 1.11e+07 1.12e+07 1595
LR999938.1 1.12e+07 1.13e+07 564
LR999938.1 1.13e+07 1.14e+07 923
LR999938.1 1.14e+07 1.15e+07 687
LR999938.1 1.15e+07 1.16e+07 74
LR999938.1 1.16e+07 1.17e+07 342
LR999938.1 1.17e+07 1.18e+07 606
LR999938.1 1.18e+07 1.19e+07 674
LR999938.1 1.19e+07 1.2e+07 918
LR999938.1 1.2e+07 1.21e+07 1681
LR999938.1 1.21e+07 1.22e+07 916
LR999938.1 1.22e+07 1.23e+07 9784
LR999938.1 1.23e+07 1.24e+07 7205
LR999938.1 1.24e+07 1.25e+07 5053
LR999938.1 1.25e+07 1.26e+07 6053
LR999938.1 1.26e+07 1.27e+07 4857
LR999938.1 1.27e+07 1.28e+07 817
LR999938.1 1.28e+07 1.29e+07 1367
LR999938.1 1.29e+07 1.3e+07 408
LR999938.1 1.3e+07 1.31e+07 1168
LR999938.1 1.31e+07 1.32e+07 184
LR999938.1 1.32e+07 1.33e+07 704
LR999938.1 1.33e+07 1.34e+07 923
LR999938.1 1.34e+07 1.35e+07 2808
LR999938.1 1.35e+07 1.36e+07 1126
LR999938.1 1.36e+07 1.37e+07 996
LR999938.1 1.37e+07 1.38e+07 5775
LR999938.1 1.38e+07 1.39e+07 453
LR999938.1 1.39e+07 1.4e+07 7185
LR999938.1 1.4e+07 1.41e+07 552
LR999938.1 1.41e+07 1.42e+07 874
LR999938.1 1.42e+07 1.43e+07 1392
LR999938.1 1.43e+07 1.44e+07 90
LR999938.1 1.44e+07 1.45e+07 498
LR999938.1 1.45e+07 1.46e+07 617
LR999938.1 1.46e+07 14605406 
