LR999940.1 1 100000 10024
LR999940.1 100001 200000 11493
LR999940.1 200001 300000 6438
LR999940.1 300001 400000 25125
LR999940.1 400001 500000 26589
LR999940.1 500001 600000 12998
LR999940.1 600001 700000 15097
LR999940.1 700001 800000 18491
LR999940.1 800001 900000 9401
LR999940.1 900001 1e+06 12636
LR999940.1 1e+06 1.1e+06 6997
LR999940.1 1.1e+06 1.2e+06 4147
LR999940.1 1.2e+06 1.3e+06 17550
LR999940.1 1.3e+06 1.4e+06 13802
LR999940.1 1.4e+06 1.5e+06 10752
LR999940.1 1.5e+06 1.6e+06 9717
LR999940.1 1.6e+06 1.7e+06 13542
LR999940.1 1.7e+06 1.8e+06 20270
LR999940.1 1.8e+06 1.9e+06 13310
LR999940.1 1.9e+06 2e+06 24049
LR999940.1 2e+06 2.1e+06 18021
LR999940.1 2.1e+06 2.2e+06 11456
LR999940.1 2.2e+06 2.3e+06 8783
LR999940.1 2.3e+06 2.4e+06 20184
LR999940.1 2.4e+06 2.5e+06 19201
LR999940.1 2.5e+06 2.6e+06 19795
LR999940.1 2.6e+06 2.7e+06 23051
LR999940.1 2.7e+06 2.8e+06 17175
LR999940.1 2.8e+06 2.9e+06 12887
LR999940.1 2.9e+06 3e+06 7937
LR999940.1 3e+06 3.1e+06 12209
LR999940.1 3.1e+06 3.2e+06 4362
LR999940.1 3.2e+06 3.3e+06 18474
LR999940.1 3.3e+06 3.4e+06 15866
LR999940.1 3.4e+06 3.5e+06 6704
LR999940.1 3.5e+06 3.6e+06 13257
LR999940.1 3.6e+06 3.7e+06 20126
LR999940.1 3.7e+06 3.8e+06 21932
LR999940.1 3.8e+06 3.9e+06 16587
LR999940.1 3.9e+06 4e+06 9896
LR999940.1 4e+06 4.1e+06 17192
LR999940.1 4.1e+06 4.2e+06 11565
LR999940.1 4.2e+06 4.3e+06 16789
LR999940.1 4.3e+06 4.4e+06 19063
LR999940.1 4.4e+06 4.5e+06 11171
LR999940.1 4.5e+06 4.6e+06 13081
LR999940.1 4.6e+06 4.7e+06 12237
LR999940.1 4.7e+06 4.8e+06 26948
LR999940.1 4.8e+06 4.9e+06 12711
LR999940.1 4.9e+06 5e+06 21922
LR999940.1 5e+06 5.1e+06 3603
LR999940.1 5.1e+06 5.2e+06 20986
LR999940.1 5.2e+06 5.3e+06 16341
LR999940.1 5.3e+06 5.4e+06 11828
LR999940.1 5.4e+06 5.5e+06 14435
LR999940.1 5.5e+06 5.6e+06 20012
LR999940.1 5.6e+06 5.7e+06 1698
LR999940.1 5.7e+06 5.8e+06 11510
LR999940.1 5.8e+06 5.9e+06 5350
LR999940.1 5.9e+06 6e+06 10350
LR999940.1 6e+06 6.1e+06 11059
LR999940.1 6.1e+06 6.2e+06 6136
LR999940.1 6.2e+06 6.3e+06 12454
LR999940.1 6.3e+06 6.4e+06 6776
LR999940.1 6.4e+06 6.5e+06 11146
LR999940.1 6.5e+06 6.6e+06 211
LR999940.1 6.6e+06 6.7e+06 11143
LR999940.1 6.7e+06 6.8e+06 13086
LR999940.1 6.8e+06 6.9e+06 13595
LR999940.1 6.9e+06 7e+06 7058
LR999940.1 7e+06 7.1e+06 26257
LR999940.1 7.1e+06 7.2e+06 15555
LR999940.1 7.2e+06 7.3e+06 9919
LR999940.1 7.3e+06 7.4e+06 1446
LR999940.1 7.4e+06 7.5e+06 22954
LR999940.1 7.5e+06 7.6e+06 30612
LR999940.1 7.6e+06 7.7e+06 18838
LR999940.1 7.7e+06 7.8e+06 21676
LR999940.1 7.8e+06 7.9e+06 17855
LR999940.1 7.9e+06 8e+06 10895
LR999940.1 8e+06 8.1e+06 3349
LR999940.1 8.1e+06 8.2e+06 9973
LR999940.1 8.2e+06 8.3e+06 11658
LR999940.1 8.3e+06 8.4e+06 18862
LR999940.1 8.4e+06 8.5e+06 28337
LR999940.1 8.5e+06 8.6e+06 11878
LR999940.1 8.6e+06 8.7e+06 11705
LR999940.1 8.7e+06 8.8e+06 15585
LR999940.1 8.8e+06 8.9e+06 19602
LR999940.1 8.9e+06 9e+06 19336
LR999940.1 9e+06 9.1e+06 27196
LR999940.1 9.1e+06 9.2e+06 8500
LR999940.1 9.2e+06 9.3e+06 15220
LR999940.1 9.3e+06 9.4e+06 7374
LR999940.1 9.4e+06 9.5e+06 18792
LR999940.1 9.5e+06 9.6e+06 9907
LR999940.1 9.6e+06 9.7e+06 21088
LR999940.1 9.7e+06 9.8e+06 15802
LR999940.1 9.8e+06 9.9e+06 17317
LR999940.1 9.9e+06 1e+07 8474
LR999940.1 1e+07 1.01e+07 11745
LR999940.1 1.01e+07 1.02e+07 18471
LR999940.1 1.02e+07 1.03e+07 3206
LR999940.1 1.03e+07 1.04e+07 12218
LR999940.1 1.04e+07 1.05e+07 9059
LR999940.1 1.05e+07 1.06e+07 20531
LR999940.1 1.06e+07 1.07e+07 13142
LR999940.1 1.07e+07 1.08e+07 18784
LR999940.1 1.08e+07 1.09e+07 13769
LR999940.1 1.09e+07 1.1e+07 16445
LR999940.1 1.1e+07 1.11e+07 17359
LR999940.1 1.11e+07 1.12e+07 12821
LR999940.1 1.12e+07 1.13e+07 2717
LR999940.1 1.13e+07 1.14e+07 23418
LR999940.1 1.14e+07 1.15e+07 12572
LR999940.1 1.15e+07 1.16e+07 8735
LR999940.1 1.16e+07 1.17e+07 10
LR999940.1 1.17e+07 1.18e+07 13273
LR999940.1 1.18e+07 1.19e+07 10304
LR999940.1 1.19e+07 1.2e+07 7718
LR999940.1 1.2e+07 1.21e+07 16812
LR999940.1 1.21e+07 1.22e+07 20474
LR999940.1 1.22e+07 1.23e+07 19529
LR999940.1 1.23e+07 1.24e+07 10724
LR999940.1 1.24e+07 1.25e+07 13573
LR999940.1 1.25e+07 1.26e+07 14095
LR999940.1 1.26e+07 1.27e+07 16711
LR999940.1 1.27e+07 1.28e+07 8929
LR999940.1 1.28e+07 1.29e+07 13970
LR999940.1 1.29e+07 1.3e+07 10900
LR999940.1 1.3e+07 1.31e+07 14747
LR999940.1 1.31e+07 1.32e+07 19301
LR999940.1 1.32e+07 1.33e+07 13936
LR999940.1 1.33e+07 1.34e+07 6007
LR999940.1 1.34e+07 1.35e+07 6858
LR999940.1 1.35e+07 1.36e+07 22473
LR999940.1 1.36e+07 1.37e+07 11264
LR999940.1 1.37e+07 1.38e+07 15115
LR999940.1 1.38e+07 13819298 5887
