LR999955.1 1 100000 6461
LR999955.1 100001 200000 12959
LR999955.1 200001 300000 2105
LR999955.1 300001 400000 10495
LR999955.1 400001 500000 2354
LR999955.1 500001 600000 2084
LR999955.1 600001 700000 1353
LR999955.1 700001 800000 1417
LR999955.1 800001 900000 1787
LR999955.1 900001 1e+06 2972
LR999955.1 1e+06 1.1e+06 2191
LR999955.1 1.1e+06 1.2e+06 2139
LR999955.1 1.2e+06 1.3e+06 5052
LR999955.1 1.3e+06 1.4e+06 2988
LR999955.1 1.4e+06 1.5e+06 5146
LR999955.1 1.5e+06 1.6e+06 2913
LR999955.1 1.6e+06 1.7e+06 1798
LR999955.1 1.7e+06 1.8e+06 4044
LR999955.1 1.8e+06 1.9e+06 1862
LR999955.1 1.9e+06 2e+06 1321
LR999955.1 2e+06 2.1e+06 887
LR999955.1 2.1e+06 2.2e+06 7591
LR999955.1 2.2e+06 2.3e+06 5407
LR999955.1 2.3e+06 2.4e+06 14993
LR999955.1 2.4e+06 2.5e+06 2296
LR999955.1 2.5e+06 2.6e+06 10425
LR999955.1 2.6e+06 2.7e+06 6259
LR999955.1 2.7e+06 2.8e+06 1320
LR999955.1 2.8e+06 2.9e+06 7113
LR999955.1 2.9e+06 3e+06 8300
LR999955.1 3e+06 3.1e+06 2061
LR999955.1 3.1e+06 3.2e+06 3340
LR999955.1 3.2e+06 3.3e+06 958
LR999955.1 3.3e+06 3.4e+06 3992
LR999955.1 3.4e+06 3.5e+06 1655
LR999955.1 3.5e+06 3.6e+06 8032
LR999955.1 3.6e+06 3.7e+06 3676
LR999955.1 3.7e+06 3.8e+06 3426
LR999955.1 3.8e+06 3.9e+06 2771
LR999955.1 3.9e+06 4e+06 1386
LR999955.1 4e+06 4.1e+06 1364
LR999955.1 4.1e+06 4.2e+06 4605
LR999955.1 4.2e+06 4.3e+06 1634
LR999955.1 4.3e+06 4.4e+06 8678
LR999955.1 4.4e+06 4.5e+06 4599
LR999955.1 4.5e+06 4.6e+06 1009
LR999955.1 4.6e+06 4.7e+06 3051
LR999955.1 4.7e+06 4.8e+06 2220
LR999955.1 4.8e+06 4.9e+06 10947
LR999955.1 4.9e+06 5e+06 3440
LR999955.1 5e+06 5.1e+06 1290
LR999955.1 5.1e+06 5.2e+06 2947
LR999955.1 5.2e+06 5.3e+06 1261
LR999955.1 5.3e+06 5.4e+06 9333
LR999955.1 5.4e+06 5.5e+06 2985
LR999955.1 5.5e+06 5.6e+06 800
LR999955.1 5.6e+06 5.7e+06 3831
LR999955.1 5.7e+06 5.8e+06 7569
LR999955.1 5.8e+06 5.9e+06 8124
LR999955.1 5.9e+06 6e+06 11839
LR999955.1 6e+06 6.1e+06 8154
LR999955.1 6.1e+06 6166334 9509
