LR999924.1 1 100000 212
LR999924.1 100001 200000 1215
LR999924.1 200001 300000 601
LR999924.1 300001 400000 105
LR999924.1 400001 500000 
LR999924.1 500001 600000 357
LR999924.1 600001 700000 798
LR999924.1 700001 800000 
LR999924.1 800001 900000 1122
LR999924.1 900001 1e+06 686
LR999924.1 1e+06 1.1e+06 1435
LR999924.1 1.1e+06 1.2e+06 195
LR999924.1 1.2e+06 1.3e+06 398
LR999924.1 1.3e+06 1.4e+06 867
LR999924.1 1.4e+06 1.5e+06 1155
LR999924.1 1.5e+06 1.6e+06 413
LR999924.1 1.6e+06 1.7e+06 1082
LR999924.1 1.7e+06 1.8e+06 848
LR999924.1 1.8e+06 1.9e+06 1140
LR999924.1 1.9e+06 2e+06 1951
LR999924.1 2e+06 2.1e+06 503
LR999924.1 2.1e+06 2.2e+06 927
LR999924.1 2.2e+06 2.3e+06 536
LR999924.1 2.3e+06 2.4e+06 936
LR999924.1 2.4e+06 2.5e+06 442
LR999924.1 2.5e+06 2.6e+06 580
LR999924.1 2.6e+06 2.7e+06 1043
LR999924.1 2.7e+06 2.8e+06 2508
LR999924.1 2.8e+06 2.9e+06 10729
LR999924.1 2.9e+06 3e+06 6814
LR999924.1 3e+06 3.1e+06 249
LR999924.1 3.1e+06 3.2e+06 191
LR999924.1 3.2e+06 3.3e+06 801
LR999924.1 3.3e+06 3.4e+06 543
LR999924.1 3.4e+06 3.5e+06 144
LR999924.1 3.5e+06 3.6e+06 1188
LR999924.1 3.6e+06 3.7e+06 1621
LR999924.1 3.7e+06 3.8e+06 553
LR999924.1 3.8e+06 3.9e+06 493
LR999924.1 3.9e+06 4e+06 749
LR999924.1 4e+06 4.1e+06 323
LR999924.1 4.1e+06 4.2e+06 1636
LR999924.1 4.2e+06 4.3e+06 685
LR999924.1 4.3e+06 4.4e+06 492
LR999924.1 4.4e+06 4.5e+06 1077
LR999924.1 4.5e+06 4.6e+06 560
LR999924.1 4.6e+06 4.7e+06 482
LR999924.1 4.7e+06 4.8e+06 1072
LR999924.1 4.8e+06 4.9e+06 1682
LR999924.1 4.9e+06 5e+06 1581
LR999924.1 5e+06 5.1e+06 7058
LR999924.1 5.1e+06 5.2e+06 924
LR999924.1 5.2e+06 5.3e+06 118
LR999924.1 5.3e+06 5.4e+06 268
LR999924.1 5.4e+06 5.5e+06 464
LR999924.1 5.5e+06 5.6e+06 1122
LR999924.1 5.6e+06 5.7e+06 1514
LR999924.1 5.7e+06 5.8e+06 597
LR999924.1 5.8e+06 5.9e+06 535
LR999924.1 5.9e+06 6e+06 7230
LR999924.1 6e+06 6.1e+06 
LR999924.1 6.1e+06 6.2e+06 3456
LR999924.1 6.2e+06 6.3e+06 356
LR999924.1 6.3e+06 6.4e+06 100
LR999924.1 6.4e+06 6.5e+06 1146
LR999924.1 6.5e+06 6.6e+06 1447
LR999924.1 6.6e+06 6.7e+06 1939
LR999924.1 6.7e+06 6.8e+06 295
LR999924.1 6.8e+06 6.9e+06 848
LR999924.1 6.9e+06 7e+06 309
LR999924.1 7e+06 7.1e+06 838
LR999924.1 7.1e+06 7.2e+06 334
LR999924.1 7.2e+06 7.3e+06 755
LR999924.1 7.3e+06 7.4e+06 46
LR999924.1 7.4e+06 7.5e+06 2971
LR999924.1 7.5e+06 7.6e+06 1185
LR999924.1 7.6e+06 7.7e+06 838
LR999924.1 7.7e+06 7.8e+06 448
LR999924.1 7.8e+06 7.9e+06 165
LR999924.1 7.9e+06 8e+06 306
LR999924.1 8e+06 8.1e+06 517
LR999924.1 8.1e+06 8.2e+06 75
LR999924.1 8.2e+06 8.3e+06 617
LR999924.1 8.3e+06 8.4e+06 730
LR999924.1 8.4e+06 8.5e+06 474
LR999924.1 8.5e+06 8.6e+06 868
LR999924.1 8.6e+06 8.7e+06 105
LR999924.1 8.7e+06 8.8e+06 274
LR999924.1 8.8e+06 8.9e+06 448
LR999924.1 8.9e+06 9e+06 641
LR999924.1 9e+06 9.1e+06 10237
LR999924.1 9.1e+06 9.2e+06 1237
LR999924.1 9.2e+06 9.3e+06 351
LR999924.1 9.3e+06 9.4e+06 302
LR999924.1 9.4e+06 9.5e+06 344
LR999924.1 9.5e+06 9.6e+06 490
LR999924.1 9.6e+06 9.7e+06 825
LR999924.1 9.7e+06 9.8e+06 249
LR999924.1 9.8e+06 9.9e+06 753
LR999924.1 9.9e+06 1e+07 345
LR999924.1 1e+07 1.01e+07 2054
LR999924.1 1.01e+07 1.02e+07 1017
LR999924.1 1.02e+07 1.03e+07 837
LR999924.1 1.03e+07 1.04e+07 2440
LR999924.1 1.04e+07 1.05e+07 1158
LR999924.1 1.05e+07 1.06e+07 336
LR999924.1 1.06e+07 1.07e+07 1728
LR999924.1 1.07e+07 1.08e+07 279
LR999924.1 1.08e+07 1.09e+07 889
LR999924.1 1.09e+07 1.1e+07 585
LR999924.1 1.1e+07 1.11e+07 762
LR999924.1 1.11e+07 1.12e+07 259
LR999924.1 1.12e+07 1.13e+07 585
LR999924.1 1.13e+07 1.14e+07 496
LR999924.1 1.14e+07 1.15e+07 6087
LR999924.1 1.15e+07 1.16e+07 886
LR999924.1 1.16e+07 1.17e+07 169
LR999924.1 1.17e+07 1.18e+07 457
LR999924.1 1.18e+07 1.19e+07 1424
LR999924.1 1.19e+07 1.2e+07 344
LR999924.1 1.2e+07 1.21e+07 594
LR999924.1 1.21e+07 1.22e+07 103
LR999924.1 1.22e+07 1.23e+07 7499
LR999924.1 1.23e+07 1.24e+07 883
LR999924.1 1.24e+07 1.25e+07 35
LR999924.1 1.25e+07 1.26e+07 630
LR999924.1 1.26e+07 1.27e+07 5884
LR999924.1 1.27e+07 1.28e+07 42
LR999924.1 1.28e+07 1.29e+07 697
LR999924.1 1.29e+07 1.3e+07 452
LR999924.1 1.3e+07 1.31e+07 1612
LR999924.1 1.31e+07 1.32e+07 518
LR999924.1 1.32e+07 1.33e+07 923
LR999924.1 1.33e+07 1.34e+07 1060
LR999924.1 1.34e+07 1.35e+07 566
LR999924.1 1.35e+07 1.36e+07 502
LR999924.1 1.36e+07 1.37e+07 6362
LR999924.1 1.37e+07 1.38e+07 34
LR999924.1 1.38e+07 1.39e+07 1289
LR999924.1 1.39e+07 1.4e+07 746
LR999924.1 1.4e+07 1.41e+07 905
LR999924.1 1.41e+07 1.42e+07 916
LR999924.1 1.42e+07 1.43e+07 429
LR999924.1 1.43e+07 1.44e+07 502
LR999924.1 1.44e+07 1.45e+07 251
LR999924.1 1.45e+07 1.46e+07 
LR999924.1 1.46e+07 1.47e+07 267
LR999924.1 1.47e+07 1.48e+07 165
LR999924.1 1.48e+07 1.49e+07 200
LR999924.1 1.49e+07 1.5e+07 603
LR999924.1 1.5e+07 1.51e+07 591
LR999924.1 1.51e+07 1.52e+07 385
LR999924.1 1.52e+07 1.53e+07 570
LR999924.1 1.53e+07 1.54e+07 2227
LR999924.1 1.54e+07 1.55e+07 3181
LR999924.1 1.55e+07 1.56e+07 613
LR999924.1 1.56e+07 1.57e+07 381
LR999924.1 1.57e+07 1.58e+07 169
LR999924.1 1.58e+07 1.59e+07 7282
LR999924.1 1.59e+07 1.6e+07 7608
LR999924.1 1.6e+07 1.61e+07 871
LR999924.1 1.61e+07 1.62e+07 827
LR999924.1 1.62e+07 1.63e+07 294
LR999924.1 1.63e+07 1.64e+07 1394
LR999924.1 1.64e+07 1.65e+07 813
LR999924.1 1.65e+07 1.66e+07 213
LR999924.1 1.66e+07 1.67e+07 898
LR999924.1 1.67e+07 1.68e+07 1029
LR999924.1 1.68e+07 1.69e+07 
LR999924.1 1.69e+07 1.7e+07 695
LR999924.1 1.7e+07 17040296 223
