LR999934.1 1 100000 706
LR999934.1 100001 200000 539
LR999934.1 200001 300000 9582
LR999934.1 300001 400000 3111
LR999934.1 400001 500000 1728
LR999934.1 500001 600000 7075
LR999934.1 600001 700000 1466
LR999934.1 700001 800000 1100
LR999934.1 800001 900000 529
LR999934.1 900001 1e+06 1218
LR999934.1 1e+06 1.1e+06 1499
LR999934.1 1.1e+06 1.2e+06 299
LR999934.1 1.2e+06 1.3e+06 781
LR999934.1 1.3e+06 1.4e+06 2903
LR999934.1 1.4e+06 1.5e+06 727
LR999934.1 1.5e+06 1.6e+06 943
LR999934.1 1.6e+06 1.7e+06 629
LR999934.1 1.7e+06 1.8e+06 1081
LR999934.1 1.8e+06 1.9e+06 168
LR999934.1 1.9e+06 2e+06 259
LR999934.1 2e+06 2.1e+06 42
LR999934.1 2.1e+06 2.2e+06 2558
LR999934.1 2.2e+06 2.3e+06 1923
LR999934.1 2.3e+06 2.4e+06 1017
LR999934.1 2.4e+06 2.5e+06 15310
LR999934.1 2.5e+06 2.6e+06 480
LR999934.1 2.6e+06 2.7e+06 2608
LR999934.1 2.7e+06 2.8e+06 8994
LR999934.1 2.8e+06 2.9e+06 16860
LR999934.1 2.9e+06 3e+06 1193
LR999934.1 3e+06 3.1e+06 952
LR999934.1 3.1e+06 3.2e+06 1404
LR999934.1 3.2e+06 3.3e+06 4957
LR999934.1 3.3e+06 3.4e+06 905
LR999934.1 3.4e+06 3.5e+06 4920
LR999934.1 3.5e+06 3.6e+06 2422
LR999934.1 3.6e+06 3.7e+06 1074
LR999934.1 3.7e+06 3.8e+06 1508
LR999934.1 3.8e+06 3.9e+06 4638
LR999934.1 3.9e+06 4e+06 1643
LR999934.1 4e+06 4.1e+06 1159
LR999934.1 4.1e+06 4.2e+06 3914
LR999934.1 4.2e+06 4.3e+06 6152
LR999934.1 4.3e+06 4.4e+06 3672
LR999934.1 4.4e+06 4.5e+06 6772
LR999934.1 4.5e+06 4.6e+06 3046
LR999934.1 4.6e+06 4.7e+06 3099
LR999934.1 4.7e+06 4.8e+06 15
LR999934.1 4.8e+06 4.9e+06 12091
LR999934.1 4.9e+06 5e+06 940
LR999934.1 5e+06 5.1e+06 12862
LR999934.1 5.1e+06 5.2e+06 1604
LR999934.1 5.2e+06 5.3e+06 3114
LR999934.1 5.3e+06 5.4e+06 768
LR999934.1 5.4e+06 5.5e+06 848
LR999934.1 5.5e+06 5.6e+06 362
LR999934.1 5.6e+06 5.7e+06 64
LR999934.1 5.7e+06 5.8e+06 1284
LR999934.1 5.8e+06 5.9e+06 741
LR999934.1 5.9e+06 6e+06 1619
LR999934.1 6e+06 6.1e+06 830
LR999934.1 6.1e+06 6.2e+06 6064
LR999934.1 6.2e+06 6.3e+06 675
LR999934.1 6.3e+06 6.4e+06 877
LR999934.1 6.4e+06 6.5e+06 144
LR999934.1 6.5e+06 6.6e+06 343
LR999934.1 6.6e+06 6.7e+06 7803
LR999934.1 6.7e+06 6.8e+06 1582
LR999934.1 6.8e+06 6.9e+06 851
LR999934.1 6.9e+06 7e+06 2084
LR999934.1 7e+06 7.1e+06 1089
LR999934.1 7.1e+06 7.2e+06 574
LR999934.1 7.2e+06 7.3e+06 1529
LR999934.1 7.3e+06 7.4e+06 1034
LR999934.1 7.4e+06 7.5e+06 960
LR999934.1 7.5e+06 7.6e+06 5940
LR999934.1 7.6e+06 7.7e+06 435
LR999934.1 7.7e+06 7.8e+06 311
LR999934.1 7.8e+06 7.9e+06 11564
LR999934.1 7.9e+06 8e+06 368
LR999934.1 8e+06 8.1e+06 974
LR999934.1 8.1e+06 8.2e+06 1224
LR999934.1 8.2e+06 8.3e+06 4368
LR999934.1 8.3e+06 8.4e+06 4505
LR999934.1 8.4e+06 8.5e+06 325
LR999934.1 8.5e+06 8.6e+06 4700
LR999934.1 8.6e+06 8.7e+06 6725
LR999934.1 8.7e+06 8.8e+06 
LR999934.1 8.8e+06 8.9e+06 1708
LR999934.1 8.9e+06 9e+06 4476
LR999934.1 9e+06 9.1e+06 1141
LR999934.1 9.1e+06 9.2e+06 447
LR999934.1 9.2e+06 9.3e+06 1762
LR999934.1 9.3e+06 9.4e+06 749
LR999934.1 9.4e+06 9.5e+06 87
LR999934.1 9.5e+06 9.6e+06 2146
LR999934.1 9.6e+06 9.7e+06 2243
LR999934.1 9.7e+06 9.8e+06 3318
LR999934.1 9.8e+06 9.9e+06 1487
LR999934.1 9.9e+06 1e+07 132
LR999934.1 1e+07 1.01e+07 603
LR999934.1 1.01e+07 1.02e+07 452
LR999934.1 1.02e+07 1.03e+07 405
LR999934.1 1.03e+07 1.04e+07 1816
LR999934.1 1.04e+07 1.05e+07 301
LR999934.1 1.05e+07 1.06e+07 430
LR999934.1 1.06e+07 1.07e+07 652
LR999934.1 1.07e+07 1.08e+07 12
LR999934.1 1.08e+07 1.09e+07 1085
LR999934.1 1.09e+07 1.1e+07 1786
LR999934.1 1.1e+07 1.11e+07 5082
LR999934.1 1.11e+07 1.12e+07 616
LR999934.1 1.12e+07 1.13e+07 553
LR999934.1 1.13e+07 1.14e+07 211
LR999934.1 1.14e+07 1.15e+07 1727
LR999934.1 1.15e+07 1.16e+07 2723
LR999934.1 1.16e+07 1.17e+07 1443
LR999934.1 1.17e+07 1.18e+07 736
LR999934.1 1.18e+07 1.19e+07 6068
LR999934.1 1.19e+07 1.2e+07 2751
LR999934.1 1.2e+07 1.21e+07 1629
LR999934.1 1.21e+07 1.22e+07 959
LR999934.1 1.22e+07 1.23e+07 726
LR999934.1 1.23e+07 1.24e+07 814
LR999934.1 1.24e+07 1.25e+07 1627
LR999934.1 1.25e+07 1.26e+07 378
LR999934.1 1.26e+07 1.27e+07 12329
LR999934.1 1.27e+07 1.28e+07 3163
LR999934.1 1.28e+07 1.29e+07 488
LR999934.1 1.29e+07 1.3e+07 1295
LR999934.1 1.3e+07 1.31e+07 890
LR999934.1 1.31e+07 1.32e+07 1899
LR999934.1 1.32e+07 1.33e+07 868
LR999934.1 1.33e+07 1.34e+07 690
LR999934.1 1.34e+07 1.35e+07 1013
LR999934.1 1.35e+07 1.36e+07 593
LR999934.1 1.36e+07 1.37e+07 826
LR999934.1 1.37e+07 1.38e+07 1159
LR999934.1 1.38e+07 1.39e+07 5938
LR999934.1 1.39e+07 1.4e+07 641
LR999934.1 1.4e+07 1.41e+07 627
LR999934.1 1.41e+07 1.42e+07 4283
LR999934.1 1.42e+07 1.43e+07 1050
LR999934.1 1.43e+07 1.44e+07 6938
LR999934.1 1.44e+07 1.45e+07 362
LR999934.1 1.45e+07 1.46e+07 744
LR999934.1 1.46e+07 1.47e+07 1285
LR999934.1 1.47e+07 1.48e+07 401
LR999934.1 1.48e+07 1.49e+07 491
LR999934.1 1.49e+07 14945938 5207
