LR999949.1 1 100000 94
LR999949.1 100001 200000 432
LR999949.1 200001 300000 12623
LR999949.1 300001 400000 271
LR999949.1 400001 500000 766
LR999949.1 500001 600000 565
LR999949.1 600001 700000 875
LR999949.1 700001 800000 1288
LR999949.1 800001 900000 1550
LR999949.1 900001 1e+06 6679
LR999949.1 1e+06 1.1e+06 1008
LR999949.1 1.1e+06 1.2e+06 512
LR999949.1 1.2e+06 1.3e+06 1866
LR999949.1 1.3e+06 1.4e+06 754
LR999949.1 1.4e+06 1.5e+06 419
LR999949.1 1.5e+06 1.6e+06 1127
LR999949.1 1.6e+06 1.7e+06 1139
LR999949.1 1.7e+06 1.8e+06 1056
LR999949.1 1.8e+06 1.9e+06 4791
LR999949.1 1.9e+06 2e+06 1186
LR999949.1 2e+06 2.1e+06 703
LR999949.1 2.1e+06 2.2e+06 475
LR999949.1 2.2e+06 2.3e+06 8239
LR999949.1 2.3e+06 2.4e+06 505
LR999949.1 2.4e+06 2.5e+06 1794
LR999949.1 2.5e+06 2.6e+06 608
LR999949.1 2.6e+06 2.7e+06 807
LR999949.1 2.7e+06 2.8e+06 7215
LR999949.1 2.8e+06 2.9e+06 1067
LR999949.1 2.9e+06 3e+06 1798
LR999949.1 3e+06 3.1e+06 648
LR999949.1 3.1e+06 3.2e+06 1992
LR999949.1 3.2e+06 3.3e+06 696
LR999949.1 3.3e+06 3.4e+06 1279
LR999949.1 3.4e+06 3.5e+06 316
LR999949.1 3.5e+06 3.6e+06 170
LR999949.1 3.6e+06 3.7e+06 278
LR999949.1 3.7e+06 3.8e+06 457
LR999949.1 3.8e+06 3.9e+06 104
LR999949.1 3.9e+06 4e+06 4611
LR999949.1 4e+06 4.1e+06 2596
LR999949.1 4.1e+06 4.2e+06 6964
LR999949.1 4.2e+06 4.3e+06 1288
LR999949.1 4.3e+06 4.4e+06 1008
LR999949.1 4.4e+06 4.5e+06 1188
LR999949.1 4.5e+06 4.6e+06 772
LR999949.1 4.6e+06 4.7e+06 1953
LR999949.1 4.7e+06 4.8e+06 1481
LR999949.1 4.8e+06 4.9e+06 929
LR999949.1 4.9e+06 5e+06 741
LR999949.1 5e+06 5.1e+06 632
LR999949.1 5.1e+06 5.2e+06 2854
LR999949.1 5.2e+06 5.3e+06 902
LR999949.1 5.3e+06 5.4e+06 940
LR999949.1 5.4e+06 5.5e+06 1235
LR999949.1 5.5e+06 5.6e+06 1325
LR999949.1 5.6e+06 5.7e+06 6982
LR999949.1 5.7e+06 5.8e+06 6386
LR999949.1 5.8e+06 5.9e+06 594
LR999949.1 5.9e+06 6e+06 6597
LR999949.1 6e+06 6.1e+06 6241
LR999949.1 6.1e+06 6.2e+06 5554
LR999949.1 6.2e+06 6.3e+06 2819
LR999949.1 6.3e+06 6.4e+06 163
LR999949.1 6.4e+06 6.5e+06 540
LR999949.1 6.5e+06 6.6e+06 698
LR999949.1 6.6e+06 6.7e+06 4616
LR999949.1 6.7e+06 6.8e+06 1020
LR999949.1 6.8e+06 6.9e+06 1589
LR999949.1 6.9e+06 7e+06 1163
LR999949.1 7e+06 7.1e+06 1472
LR999949.1 7.1e+06 7.2e+06 4050
LR999949.1 7.2e+06 7.3e+06 8871
LR999949.1 7.3e+06 7.4e+06 3622
LR999949.1 7.4e+06 7.5e+06 12465
LR999949.1 7.5e+06 7.6e+06 849
LR999949.1 7.6e+06 7.7e+06 412
LR999949.1 7.7e+06 7.8e+06 994
LR999949.1 7.8e+06 7.9e+06 1316
LR999949.1 7.9e+06 8e+06 118
LR999949.1 8e+06 8.1e+06 206
LR999949.1 8.1e+06 8.2e+06 2300
LR999949.1 8.2e+06 8.3e+06 2113
LR999949.1 8.3e+06 8.4e+06 2439
LR999949.1 8.4e+06 8.5e+06 1557
LR999949.1 8.5e+06 8.6e+06 6746
LR999949.1 8.6e+06 8.7e+06 2537
LR999949.1 8.7e+06 8.8e+06 173
LR999949.1 8.8e+06 8.9e+06 8316
LR999949.1 8.9e+06 9e+06 2226
LR999949.1 9e+06 9.1e+06 1271
LR999949.1 9.1e+06 9.2e+06 1740
LR999949.1 9.2e+06 9.3e+06 1750
LR999949.1 9.3e+06 9.4e+06 1655
LR999949.1 9.4e+06 9.5e+06 6485
LR999949.1 9.5e+06 9.6e+06 5444
LR999949.1 9.6e+06 9.7e+06 983
LR999949.1 9.7e+06 9.8e+06 1194
LR999949.1 9.8e+06 9.9e+06 2014
LR999949.1 9.9e+06 1e+07 6148
LR999949.1 1e+07 1.01e+07 1149
LR999949.1 1.01e+07 1.02e+07 3797
LR999949.1 1.02e+07 1.03e+07 2592
LR999949.1 1.03e+07 1.04e+07 1769
LR999949.1 1.04e+07 1.05e+07 1497
LR999949.1 1.05e+07 1.06e+07 2161
LR999949.1 1.06e+07 1.07e+07 233
LR999949.1 1.07e+07 1.08e+07 5053
LR999949.1 1.08e+07 1.09e+07 1948
LR999949.1 1.09e+07 1.1e+07 1001
LR999949.1 1.1e+07 1.11e+07 1072
LR999949.1 1.11e+07 11199261 3636
