LR999948.1 1 100000 6469
LR999948.1 100001 200000 1403
LR999948.1 200001 300000 3501
LR999948.1 300001 400000 823
LR999948.1 400001 500000 7206
LR999948.1 500001 600000 881
LR999948.1 600001 700000 10253
LR999948.1 700001 800000 3958
LR999948.1 800001 900000 1530
LR999948.1 900001 1e+06 1296
LR999948.1 1e+06 1.1e+06 1573
LR999948.1 1.1e+06 1.2e+06 1526
LR999948.1 1.2e+06 1.3e+06 678
LR999948.1 1.3e+06 1.4e+06 1303
LR999948.1 1.4e+06 1.5e+06 987
LR999948.1 1.5e+06 1.6e+06 3873
LR999948.1 1.6e+06 1.7e+06 1350
LR999948.1 1.7e+06 1.8e+06 1229
LR999948.1 1.8e+06 1.9e+06 1479
LR999948.1 1.9e+06 2e+06 1732
LR999948.1 2e+06 2.1e+06 2124
LR999948.1 2.1e+06 2.2e+06 1559
LR999948.1 2.2e+06 2.3e+06 7976
LR999948.1 2.3e+06 2.4e+06 1021
LR999948.1 2.4e+06 2.5e+06 12431
LR999948.1 2.5e+06 2.6e+06 974
LR999948.1 2.6e+06 2.7e+06 1763
LR999948.1 2.7e+06 2.8e+06 7239
LR999948.1 2.8e+06 2.9e+06 2276
LR999948.1 2.9e+06 3e+06 2821
LR999948.1 3e+06 3.1e+06 2040
LR999948.1 3.1e+06 3.2e+06 671
LR999948.1 3.2e+06 3.3e+06 2057
LR999948.1 3.3e+06 3.4e+06 1121
LR999948.1 3.4e+06 3.5e+06 701
LR999948.1 3.5e+06 3.6e+06 578
LR999948.1 3.6e+06 3.7e+06 1694
LR999948.1 3.7e+06 3.8e+06 5965
LR999948.1 3.8e+06 3.9e+06 10412
LR999948.1 3.9e+06 4e+06 641
LR999948.1 4e+06 4.1e+06 2803
LR999948.1 4.1e+06 4.2e+06 1664
LR999948.1 4.2e+06 4.3e+06 626
LR999948.1 4.3e+06 4.4e+06 741
LR999948.1 4.4e+06 4.5e+06 670
LR999948.1 4.5e+06 4.6e+06 281
LR999948.1 4.6e+06 4.7e+06 921
LR999948.1 4.7e+06 4.8e+06 1367
LR999948.1 4.8e+06 4.9e+06 5064
LR999948.1 4.9e+06 5e+06 1191
LR999948.1 5e+06 5.1e+06 11486
LR999948.1 5.1e+06 5.2e+06 1406
LR999948.1 5.2e+06 5.3e+06 1229
LR999948.1 5.3e+06 5.4e+06 6435
LR999948.1 5.4e+06 5.5e+06 430
LR999948.1 5.5e+06 5.6e+06 325
LR999948.1 5.6e+06 5.7e+06 733
LR999948.1 5.7e+06 5.8e+06 490
LR999948.1 5.8e+06 5.9e+06 8762
LR999948.1 5.9e+06 6e+06 146
LR999948.1 6e+06 6.1e+06 768
LR999948.1 6.1e+06 6.2e+06 1500
LR999948.1 6.2e+06 6.3e+06 8002
LR999948.1 6.3e+06 6.4e+06 1693
LR999948.1 6.4e+06 6.5e+06 2050
LR999948.1 6.5e+06 6.6e+06 38
LR999948.1 6.6e+06 6.7e+06 115
LR999948.1 6.7e+06 6.8e+06 692
LR999948.1 6.8e+06 6.9e+06 1257
LR999948.1 6.9e+06 7e+06 258
LR999948.1 7e+06 7.1e+06 660
LR999948.1 7.1e+06 7.2e+06 1272
LR999948.1 7.2e+06 7.3e+06 127
LR999948.1 7.3e+06 7.4e+06 649
LR999948.1 7.4e+06 7.5e+06 371
LR999948.1 7.5e+06 7.6e+06 1466
LR999948.1 7.6e+06 7.7e+06 707
LR999948.1 7.7e+06 7.8e+06 635
LR999948.1 7.8e+06 7.9e+06 1370
LR999948.1 7.9e+06 8e+06 5456
LR999948.1 8e+06 8.1e+06 5982
LR999948.1 8.1e+06 8.2e+06 1060
LR999948.1 8.2e+06 8.3e+06 877
LR999948.1 8.3e+06 8.4e+06 1644
LR999948.1 8.4e+06 8.5e+06 7410
LR999948.1 8.5e+06 8.6e+06 932
LR999948.1 8.6e+06 8.7e+06 579
LR999948.1 8.7e+06 8.8e+06 1009
LR999948.1 8.8e+06 8.9e+06 1720
LR999948.1 8.9e+06 9e+06 264
LR999948.1 9e+06 9.1e+06 1227
LR999948.1 9.1e+06 9.2e+06 888
LR999948.1 9.2e+06 9.3e+06 650
LR999948.1 9.3e+06 9.4e+06 306
LR999948.1 9.4e+06 9.5e+06 3976
LR999948.1 9.5e+06 9.6e+06 774
LR999948.1 9.6e+06 9.7e+06 1517
LR999948.1 9.7e+06 9.8e+06 1179
LR999948.1 9.8e+06 9.9e+06 2110
LR999948.1 9.9e+06 1e+07 431
LR999948.1 1e+07 1.01e+07 1322
LR999948.1 1.01e+07 1.02e+07 468
LR999948.1 1.02e+07 1.03e+07 1392
LR999948.1 1.03e+07 1.04e+07 5192
LR999948.1 1.04e+07 1.05e+07 759
LR999948.1 1.05e+07 1.06e+07 1810
LR999948.1 1.06e+07 1.07e+07 1623
LR999948.1 1.07e+07 1.08e+07 811
LR999948.1 1.08e+07 1.09e+07 598
LR999948.1 1.09e+07 1.1e+07 1583
LR999948.1 1.1e+07 1.11e+07 321
LR999948.1 1.11e+07 1.12e+07 6701
LR999948.1 1.12e+07 1.13e+07 1573
LR999948.1 1.13e+07 11326783 
