LR999945.1 1 100000 5111
LR999945.1 100001 200000 740
LR999945.1 200001 300000 1135
LR999945.1 300001 400000 2527
LR999945.1 400001 500000 1560
LR999945.1 500001 600000 447
LR999945.1 600001 700000 404
LR999945.1 700001 800000 1174
LR999945.1 800001 900000 2041
LR999945.1 900001 1e+06 781
LR999945.1 1e+06 1.1e+06 700
LR999945.1 1.1e+06 1.2e+06 1435
LR999945.1 1.2e+06 1.3e+06 107
LR999945.1 1.3e+06 1.4e+06 640
LR999945.1 1.4e+06 1.5e+06 564
LR999945.1 1.5e+06 1.6e+06 491
LR999945.1 1.6e+06 1.7e+06 2103
LR999945.1 1.7e+06 1.8e+06 875
LR999945.1 1.8e+06 1.9e+06 1301
LR999945.1 1.9e+06 2e+06 1546
LR999945.1 2e+06 2.1e+06 1512
LR999945.1 2.1e+06 2.2e+06 2782
LR999945.1 2.2e+06 2.3e+06 794
LR999945.1 2.3e+06 2.4e+06 933
LR999945.1 2.4e+06 2.5e+06 1551
LR999945.1 2.5e+06 2.6e+06 414
LR999945.1 2.6e+06 2.7e+06 4912
LR999945.1 2.7e+06 2.8e+06 667
LR999945.1 2.8e+06 2.9e+06 6918
LR999945.1 2.9e+06 3e+06 6942
LR999945.1 3e+06 3.1e+06 866
LR999945.1 3.1e+06 3.2e+06 7248
LR999945.1 3.2e+06 3.3e+06 698
LR999945.1 3.3e+06 3.4e+06 105
LR999945.1 3.4e+06 3.5e+06 764
LR999945.1 3.5e+06 3.6e+06 974
LR999945.1 3.6e+06 3.7e+06 560
LR999945.1 3.7e+06 3.8e+06 1148
LR999945.1 3.8e+06 3.9e+06 888
LR999945.1 3.9e+06 4e+06 1839
LR999945.1 4e+06 4.1e+06 901
LR999945.1 4.1e+06 4.2e+06 1312
LR999945.1 4.2e+06 4.3e+06 2818
LR999945.1 4.3e+06 4.4e+06 334
LR999945.1 4.4e+06 4.5e+06 304
LR999945.1 4.5e+06 4.6e+06 275
LR999945.1 4.6e+06 4.7e+06 630
LR999945.1 4.7e+06 4.8e+06 2936
LR999945.1 4.8e+06 4.9e+06 2061
LR999945.1 4.9e+06 5e+06 2391
LR999945.1 5e+06 5.1e+06 514
LR999945.1 5.1e+06 5.2e+06 436
LR999945.1 5.2e+06 5.3e+06 2823
LR999945.1 5.3e+06 5.4e+06 590
LR999945.1 5.4e+06 5.5e+06 1654
LR999945.1 5.5e+06 5.6e+06 877
LR999945.1 5.6e+06 5.7e+06 260
LR999945.1 5.7e+06 5.8e+06 302
LR999945.1 5.8e+06 5.9e+06 485
LR999945.1 5.9e+06 6e+06 1621
LR999945.1 6e+06 6.1e+06 1072
LR999945.1 6.1e+06 6.2e+06 2002
LR999945.1 6.2e+06 6.3e+06 1229
LR999945.1 6.3e+06 6.4e+06 1181
LR999945.1 6.4e+06 6.5e+06 1291
LR999945.1 6.5e+06 6.6e+06 571
LR999945.1 6.6e+06 6.7e+06 400
LR999945.1 6.7e+06 6.8e+06 1149
LR999945.1 6.8e+06 6.9e+06 7459
LR999945.1 6.9e+06 7e+06 50
LR999945.1 7e+06 7.1e+06 1157
LR999945.1 7.1e+06 7.2e+06 6161
LR999945.1 7.2e+06 7.3e+06 538
LR999945.1 7.3e+06 7.4e+06 525
LR999945.1 7.4e+06 7.5e+06 4601
LR999945.1 7.5e+06 7.6e+06 5914
LR999945.1 7.6e+06 7.7e+06 273
LR999945.1 7.7e+06 7.8e+06 477
LR999945.1 7.8e+06 7.9e+06 334
LR999945.1 7.9e+06 8e+06 867
LR999945.1 8e+06 8.1e+06 1017
LR999945.1 8.1e+06 8.2e+06 19
LR999945.1 8.2e+06 8.3e+06 762
LR999945.1 8.3e+06 8.4e+06 1049
LR999945.1 8.4e+06 8.5e+06 55
LR999945.1 8.5e+06 8.6e+06 248
LR999945.1 8.6e+06 8.7e+06 802
LR999945.1 8.7e+06 8.8e+06 4277
LR999945.1 8.8e+06 8.9e+06 302
LR999945.1 8.9e+06 9e+06 127
LR999945.1 9e+06 9.1e+06 3357
LR999945.1 9.1e+06 9.2e+06 1600
LR999945.1 9.2e+06 9.3e+06 8769
LR999945.1 9.3e+06 9.4e+06 568
LR999945.1 9.4e+06 9.5e+06 678
LR999945.1 9.5e+06 9.6e+06 448
LR999945.1 9.6e+06 9.7e+06 8908
LR999945.1 9.7e+06 9.8e+06 1582
LR999945.1 9.8e+06 9.9e+06 1033
LR999945.1 9.9e+06 1e+07 1446
LR999945.1 1e+07 1.01e+07 540
LR999945.1 1.01e+07 1.02e+07 1070
LR999945.1 1.02e+07 1.03e+07 678
LR999945.1 1.03e+07 1.04e+07 1118
LR999945.1 1.04e+07 1.05e+07 8561
LR999945.1 1.05e+07 1.06e+07 359
LR999945.1 1.06e+07 1.07e+07 858
LR999945.1 1.07e+07 1.08e+07 5569
LR999945.1 1.08e+07 1.09e+07 464
LR999945.1 1.09e+07 1.1e+07 974
LR999945.1 1.1e+07 1.11e+07 471
LR999945.1 1.11e+07 1.12e+07 1964
LR999945.1 1.12e+07 1.13e+07 1001
LR999945.1 1.13e+07 1.14e+07 795
LR999945.1 1.14e+07 1.15e+07 3551
LR999945.1 1.15e+07 1.16e+07 5851
LR999945.1 1.16e+07 1.17e+07 1697
LR999945.1 1.17e+07 1.18e+07 933
LR999945.1 1.18e+07 1.19e+07 538
LR999945.1 1.19e+07 1.2e+07 1490
LR999945.1 1.2e+07 1.21e+07 4713
LR999945.1 1.21e+07 1.22e+07 1663
LR999945.1 1.22e+07 1.23e+07 2203
LR999945.1 1.23e+07 1.24e+07 1155
LR999945.1 1.24e+07 1.25e+07 3718
LR999945.1 1.25e+07 1.26e+07 276
LR999945.1 1.26e+07 1.27e+07 1310
LR999945.1 1.27e+07 1.28e+07 5872
LR999945.1 1.28e+07 12861081 664
