LR999952.1 1 100000 103
LR999952.1 100001 200000 3090
LR999952.1 200001 300000 2798
LR999952.1 300001 400000 10762
LR999952.1 400001 500000 6981
LR999952.1 500001 600000 1489
LR999952.1 600001 700000 3279
LR999952.1 700001 800000 621
LR999952.1 800001 900000 2110
LR999952.1 900001 1e+06 1619
LR999952.1 1e+06 1.1e+06 3383
LR999952.1 1.1e+06 1.2e+06 1742
LR999952.1 1.2e+06 1.3e+06 2063
LR999952.1 1.3e+06 1.4e+06 2089
LR999952.1 1.4e+06 1.5e+06 9371
LR999952.1 1.5e+06 1.6e+06 1136
LR999952.1 1.6e+06 1.7e+06 1277
LR999952.1 1.7e+06 1.8e+06 6257
LR999952.1 1.8e+06 1.9e+06 1211
LR999952.1 1.9e+06 2e+06 1344
LR999952.1 2e+06 2.1e+06 1464
LR999952.1 2.1e+06 2.2e+06 2188
LR999952.1 2.2e+06 2.3e+06 1286
LR999952.1 2.3e+06 2.4e+06 1442
LR999952.1 2.4e+06 2.5e+06 1248
LR999952.1 2.5e+06 2.6e+06 2564
LR999952.1 2.6e+06 2.7e+06 1866
LR999952.1 2.7e+06 2.8e+06 1568
LR999952.1 2.8e+06 2.9e+06 4381
LR999952.1 2.9e+06 3e+06 431
LR999952.1 3e+06 3.1e+06 812
LR999952.1 3.1e+06 3.2e+06 2083
LR999952.1 3.2e+06 3.3e+06 2552
LR999952.1 3.3e+06 3.4e+06 1973
LR999952.1 3.4e+06 3.5e+06 2232
LR999952.1 3.5e+06 3.6e+06 515
LR999952.1 3.6e+06 3.7e+06 669
LR999952.1 3.7e+06 3.8e+06 1881
LR999952.1 3.8e+06 3.9e+06 298
LR999952.1 3.9e+06 4e+06 2140
LR999952.1 4e+06 4.1e+06 799
LR999952.1 4.1e+06 4.2e+06 1317
LR999952.1 4.2e+06 4.3e+06 1210
LR999952.1 4.3e+06 4.4e+06 1119
LR999952.1 4.4e+06 4.5e+06 1040
LR999952.1 4.5e+06 4.6e+06 3765
LR999952.1 4.6e+06 4.7e+06 1518
LR999952.1 4.7e+06 4.8e+06 1215
LR999952.1 4.8e+06 4.9e+06 464
LR999952.1 4.9e+06 5e+06 6438
LR999952.1 5e+06 5.1e+06 1811
LR999952.1 5.1e+06 5.2e+06 647
LR999952.1 5.2e+06 5.3e+06 6951
LR999952.1 5.3e+06 5.4e+06 856
LR999952.1 5.4e+06 5.5e+06 4463
LR999952.1 5.5e+06 5.6e+06 1387
LR999952.1 5.6e+06 5.7e+06 766
LR999952.1 5.7e+06 5.8e+06 662
LR999952.1 5.8e+06 5.9e+06 1444
LR999952.1 5.9e+06 6e+06 7651
LR999952.1 6e+06 6.1e+06 1008
LR999952.1 6.1e+06 6.2e+06 719
LR999952.1 6.2e+06 6.3e+06 651
LR999952.1 6.3e+06 6.4e+06 1140
LR999952.1 6.4e+06 6.5e+06 6562
LR999952.1 6.5e+06 6.6e+06 1380
LR999952.1 6.6e+06 6.7e+06 524
LR999952.1 6.7e+06 6.8e+06 1832
LR999952.1 6.8e+06 6.9e+06 1999
LR999952.1 6.9e+06 7e+06 1568
LR999952.1 7e+06 7.1e+06 1774
LR999952.1 7.1e+06 7.2e+06 991
LR999952.1 7.2e+06 7.3e+06 1566
LR999952.1 7.3e+06 7.4e+06 7321
LR999952.1 7.4e+06 7.5e+06 880
LR999952.1 7.5e+06 7.6e+06 13448
LR999952.1 7.6e+06 7.7e+06 1804
LR999952.1 7.7e+06 7.8e+06 3392
LR999952.1 7.8e+06 7.9e+06 277
LR999952.1 7.9e+06 8e+06 1313
LR999952.1 8e+06 8.1e+06 3390
LR999952.1 8.1e+06 8.2e+06 1729
LR999952.1 8.2e+06 8262369 
