chrom begin end count_rpt length_rpt count_SINE length_SINE count_DNA length_DNA count_TcM length_TcM count_LINE length_LINE count_LTR length_LTR count_nonLTR length_nonLTR
LR999935.1 1 100000 117 18513 7 1197 16 2451 3 605 7 2373 2 153 14 6155 32 1742
LR999935.1 100001 200000 112 22091 7 1318 4 1526   12 4934   8 6814 33 1465
LR999935.1 200001 300000 100 9951 16 3120 8 922 2 207 3 417 2 229 6 907 28 1077
LR999935.1 300001 400000 158 29152 14 2550 17 3402 6 1757 6 1943 7 3055 30 12562 50 2743
LR999935.1 400001 500000 88 12169 6 1051 2 146   3 348 1 214 7 6330 42 1933
LR999935.1 500001 600000 81 18407 10 1850 1 91   4 3803 1 61 12 8882 28 1387
LR999935.1 600001 700000 136 23158 13 3030 6 596   8 712 1 64 16 13209 38 1815
LR999935.1 700001 800000 194 21623 35 5631 10 1213 1 75 13 1954 1 100 22 3594 30 1239
LR999935.1 800001 900000 136 22788 23 3095 6 448   11 2855 1 74 18 9383 27 1196
LR999935.1 900001 1e+06 133 16867 28 5452 7 1240   4 882 1 106 11 1599 28 1293
LR999935.1 1e+06 1.1e+06 168 20083 29 4845 4 399   5 2504 4 320 23 4049 27 1222
LR999935.1 1.1e+06 1.2e+06 156 16154 11 1769 5 321   4 398   22 5911 44 1753
LR999935.1 1.2e+06 1.3e+06 161 30482 17 3168 12 1453   6 1905 21 11052 17 5549 36 1670
LR999935.1 1.3e+06 1.4e+06 139 20422 15 2823 15 3109 3 518 12 3496 5 1574 13 2519 27 1372
LR999935.1 1.4e+06 1.5e+06 119 13865 10 1986 8 624 1 52 4 420 1 86 5 4474 49 2456
LR999935.1 1.5e+06 1.6e+06 109 13438 15 3494 9 2152   1 738 1 77 10 1334 34 1421
LR999935.1 1.6e+06 1.7e+06 164 18872 28 4978 10 2230   11 1077 1 88 16 2201 28 1272
LR999935.1 1.7e+06 1.8e+06 167 20316 28 5715 15 2014   13 1846 1 75 15 3009 35 1465
LR999935.1 1.8e+06 1.9e+06 211 27623 39 5932 22 1805   11 1883 1 77 19 9032 38 1482
LR999935.1 1.9e+06 2e+06 206 22464 39 6795 10 966   6 708   17 1866 38 1482
LR999935.1 2e+06 2.1e+06 158 17091 31 4746 16 1275 2 146 6 1589 1 75 14 2609 28 1268
LR999935.1 2.1e+06 2.2e+06 159 19337 25 4762 7 656 1 80 7 2030 3 227 17 4128 48 1841
LR999935.1 2.2e+06 2.3e+06 141 15772 20 4622 8 1089 1 419 3 237   9 1231 35 1439
LR999935.1 2.3e+06 2.4e+06 151 21404 18 3527 14 2751 2 339 7 1738 3 163 22 6293 33 1346
LR999935.1 2.4e+06 2.5e+06 108 17012 14 2427 11 3082   5 897 8 5115 5 724 27 1254
LR999935.1 2.5e+06 2.6e+06 135 13701 20 4037 4 260   8 773 2 57 14 3376 44 1878
LR999935.1 2.6e+06 2.7e+06 122 12775 25 4700 10 1211   4 434 2 139 9 1651 37 1548
LR999935.1 2.7e+06 2.8e+06 74 7580 14 2267 2 97   3 701 3 198 10 1478 23 997
LR999935.1 2.8e+06 2.9e+06 88 8557 14 2158 3 200   4 483 1 99 6 1788 34 1339
LR999935.1 2.9e+06 3e+06 100 12419 18 3653 5 403   4 2900 2 180 11 1468 30 1263
LR999935.1 3e+06 3.1e+06 138 15153 26 4174 8 520   7 658 2 153 23 4069 32 1284
LR999935.1 3.1e+06 3.2e+06 150 27571 20 4627 15 2366   18 5311 5 2243 20 7811 36 1493
LR999935.1 3.2e+06 3.3e+06 201 32234 32 5685 10 750   14 1643 3 378 18 11128 33 1315
LR999935.1 3.3e+06 3.4e+06 158 18715 39 6725 20 3070   4 518 1 38 9 1000 21 893
LR999935.1 3.4e+06 3.5e+06 164 34935 22 5008 9 816   15 5245 1 77 28 16745 34 1505
LR999935.1 3.5e+06 3.6e+06 141 21741 34 6052 6 932   9 2073 4 2878 14 3891 23 940
LR999935.1 3.6e+06 3.7e+06 182 27522 28 4695 22 3629 1 413 17 5816 1 53 14 4112 32 1311
LR999935.1 3.7e+06 3.8e+06 192 20088 32 5285 13 2469   7 988 1 87 20 2946 49 1838
LR999935.1 3.8e+06 3.9e+06 171 25311 29 5715 8 2995 2 1485 5 2411 3 326 16 5766 36 1337
LR999935.1 3.9e+06 4e+06 158 22433 31 5997 4 1966 1 1001 5 556 2 106 21 6593 38 1438
LR999935.1 4e+06 4.1e+06 164 18818 22 4567 14 1423   7 666   17 2685 31 1413
LR999935.1 4.1e+06 4.2e+06 87 14805 14 2866 3 177   3 372 1 54 9 7369 33 1355
LR999935.1 4.2e+06 4.3e+06 113 9974 16 1992 8 588   1 175   16 1904 24 967
LR999935.1 4.3e+06 4.4e+06 134 16048 37 6560 2 389   4 667   15 2297 31 1266
LR999935.1 4.4e+06 4.5e+06 166 28538 30 5635 10 1595 2 113 11 4254 1 68 21 10942 41 1607
LR999935.1 4.5e+06 4.6e+06 156 16465 35 5741 5 430   3 636   15 2396 40 1778
LR999935.1 4.6e+06 4.7e+06 209 23728 48 8360 19 2865   5 682 3 191 19 2402 26 976
LR999935.1 4.7e+06 4.8e+06 183 21017 37 5676 18 3050   7 876   17 1881 30 1101
LR999935.1 4.8e+06 4.9e+06 204 23957 18 3292 17 2373   12 2416 2 131 22 4013 36 1445
LR999935.1 4.9e+06 5e+06 128 19522 11 2355 12 887 2 166 13 1699 1 68 16 8340 29 1305
LR999935.1 5e+06 5.1e+06 153 18716 29 5505 13 1695 1 544 9 1388 2 339 14 2182 25 1311
LR999935.1 5.1e+06 5.2e+06 54 4473 9 1548         2 238 24 1090
LR999935.1 5.2e+06 5.3e+06 55 5443 10 1366 2 222   2 184   2 482 15 667
LR999935.1 5.3e+06 5.4e+06 84 12883 20 3479 2 1323   2 3258   8 1191 23 961
LR999935.1 5.4e+06 5.5e+06 111 11290 23 3924 5 544   2 484 1 66 11 2014 28 1103
LR999935.1 5.5e+06 5.6e+06 109 11813 28 4343 7 569   2 458   9 1368 21 920
LR999935.1 5.6e+06 5.7e+06 117 11553 13 2723 8 689   6 703 3 214 9 885 33 1412
LR999935.1 5.7e+06 5.8e+06 145 15628 24 4680 16 2742 4 711 10 1254 6 751 12 1534 41 1605
LR999935.1 5.8e+06 5.9e+06 106 14991 21 3551 2 171   5 3063   15 3932 25 1147
LR999935.1 5.9e+06 6e+06 105 13448 18 3628 9 714   2 519 7 2335 10 1557 32 1483
LR999935.1 6e+06 6.1e+06 85 7864 10 2112 2 230   4 521 2 104 3 294 30 1270
LR999935.1 6.1e+06 6.2e+06 113 17069 11 2101 8 1062 1 396 6 1038 2 2350 17 5840 29 1167
LR999935.1 6.2e+06 6.3e+06 164 24016 24 4226 9 1458   6 791 4 2598 15 5505 43 1756
LR999935.1 6.3e+06 6.4e+06 127 15202 16 2901 8 1412 2 554 3 835 1 106 14 2401 35 1600
LR999935.1 6.4e+06 6.5e+06 129 13076 28 4764 9 1136 3 588 4 448 1 151 14 2034 36 1597
LR999935.1 6.5e+06 6.6e+06 119 13369 21 4061 5 851 2 607 5 388 2 124 13 2736 33 1380
LR999935.1 6.6e+06 6.7e+06 130 14028 9 2038 16 1473   7 1248   15 2777 38 1599
LR999935.1 6.7e+06 6.8e+06 81 7430 4 885 2 97   4 317 1 75 7 1505 29 1553
LR999935.1 6.8e+06 6.9e+06 111 13326 10 1563 8 775   8 3768 2 218 6 727 30 1269
LR999935.1 6.9e+06 7e+06 114 10967 11 2366 7 677   7 1333   12 1504 46 1941
LR999935.1 7e+06 7.1e+06 127 12226 19 3900 6 577   1 895 2 174 8 984 53 2328
LR999935.1 7.1e+06 7.2e+06 135 13549 12 1586 7 501   3 529   18 3364 45 2109
LR999935.1 7.2e+06 7.3e+06 132 15362 9 1137 18 2053   4 414 5 795 10 3571 39 1688
LR999935.1 7.3e+06 7.4e+06 100 21735 8 1184 6 1564 1 478 4 3677   4 876 25 1046
LR999935.1 7.4e+06 7.5e+06 112 24201 4 511 2 110   1 1342   5 2079 25 1224
LR999935.1 7.5e+06 7.6e+06 123 13245 13 2208 11 1587   4 530 1 67 6 2668 50 2206
LR999935.1 7.6e+06 7.7e+06 77 9129 5 775 3 588 1 399 6 967 1 154 10 2370 32 1628
LR999935.1 7.7e+06 7.8e+06 89 9667 12 2931 4 627   5 696   5 570 26 1413
LR999935.1 7.8e+06 7.9e+06 110 12572 9 1174 10 966   9 1074 1 71 11 3870 35 1419
LR999935.1 7.9e+06 8e+06 71 5793 10 1746 8 692   1 139 2 105   31 1546
LR999935.1 8e+06 8.1e+06 118 14423 12 2437 5 298   7 3734 1 52 9 1764 39 1711
LR999935.1 8.1e+06 8.2e+06 177 25010 10 1769 18 2633 1 300 8 1650 4 381 25 8834 42 1989
LR999935.1 8.2e+06 8.3e+06 161 21980 13 2806 24 4421 1 66 10 1202   10 2920 25 1142
LR999935.1 8.3e+06 8.4e+06 147 18000 18 3076 10 3242 1 103 9 2756 1 73 19 2226 41 1652
LR999935.1 8.4e+06 8.5e+06 115 12116 21 4172 10 1690   3 405 3 154 7 900 37 1698
LR999935.1 8.5e+06 8.6e+06 108 15387 11 1571 4 499   4 717   8 6534 45 2214
LR999935.1 8.6e+06 8.7e+06 109 11953 13 2864 6 450   10 1383 2 123 13 1675 20 771
LR999935.1 8.7e+06 8.8e+06 122 13405 28 5477 8 1159   5 710 3 274 5 1058 32 1431
LR999935.1 8.8e+06 8.9e+06 122 13049 17 3132 11 1103   10 1643 2 130 8 1593 31 1164
LR999935.1 8.9e+06 9e+06 167 23198 21 3912 14 3069 3 1157 10 4068 1 59 16 3053 29 1111
LR999935.1 9e+06 9.1e+06 196 22482 23 4734 18 1731   11 1931 2 125 25 4516 35 1392
LR999935.1 9.1e+06 9.2e+06 132 12270 16 2531 13 969   5 1028   7 631 41 1834
LR999935.1 9.2e+06 9.3e+06 129 14860 20 3469 6 575   3 465   9 1783 33 1499
LR999935.1 9.3e+06 9.4e+06 110 11312 21 3199 11 953   3 653   7 1986 30 1262
LR999935.1 9.4e+06 9.5e+06 146 13829 33 5361 10 935   5 773 5 432 12 1410 34 1285
LR999935.1 9.5e+06 9.6e+06 194 20963 35 5976 18 1915   10 1652 1 126 14 2207 34 1403
LR999935.1 9.6e+06 9.7e+06 147 17995 24 4610 16 3740   4 549 4 1895 17 1861 34 1450
LR999935.1 9.7e+06 9.8e+06 212 33228 35 6956 17 4175 2 741 13 2285 7 2668 18 5208 29 1275
LR999935.1 9.8e+06 9.9e+06 221 27264 22 3938 23 2060 1 39 11 2870   16 3393 37 1524
LR999935.1 9.9e+06 1e+07 155 22985 27 4521 20 3466 3 372 1 808 6 4498 19 2801 26 1104
LR999935.1 1e+07 1.01e+07 124 12111 14 2889 9 677   5 715 2 177 10 989 30 1473
LR999935.1 1.01e+07 1.02e+07 99 10799 15 2857 11 1944   5 1088 2 123 2 194 29 1412
LR999935.1 1.02e+07 1.03e+07 129 19716 17 2932 6 1004     5 4730 11 4184 29 1168
LR999935.1 1.03e+07 1.04e+07 166 22369 21 3936 18 2941 5 801 9 2907 5 2565 13 1959 47 1932
LR999935.1 1.04e+07 1.05e+07 130 16351 32 5161 6 637 2 160 2 359 1 41 16 3722 33 1421
LR999935.1 1.05e+07 1.06e+07 167 19721 26 5598 11 2152   15 2713 3 276 15 2695 29 1055
LR999935.1 1.06e+07 1.07e+07 196 21982 26 5002 15 1481 1 232 12 2085 4 315 20 3016 38 1417
LR999935.1 1.07e+07 1.08e+07 159 17340 30 5273 7 1825   10 780 1 79 13 2177 32 1287
LR999935.1 1.08e+07 1.09e+07 177 22288 30 4685 20 3752   7 1788 8 2080 20 2698 38 1428
LR999935.1 1.09e+07 1.1e+07 119 14880 15 2472 11 2462 2 260 2 182 1 53 17 3995 33 1487
LR999935.1 1.1e+07 1.11e+07 105 13548 13 2741 7 856 3 327   5 4032 4 481 46 1795
LR999935.1 1.11e+07 1.12e+07 128 13868 14 2570 5 1073 1 643 2 405 2 140 13 1580 39 1754
LR999935.1 1.12e+07 1.13e+07 155 20252 32 6801 12 3462   6 914 2 147 17 3115 39 1363
LR999935.1 1.13e+07 1.14e+07 202 27562 40 6190 21 3051 1 105 13 6342 2 935 18 2982 34 1353
LR999935.1 1.14e+07 1.15e+07 107 13157 16 2167 9 2042   7 871 1 96 13 3410 23 957
LR999935.1 1.15e+07 1.16e+07 99 10979 11 2168 12 2923   4 440   2 171 36 1718
LR999935.1 1.16e+07 1.17e+07 141 15662 19 3108 18 2961 1 57 6 601   15 2176 33 1369
LR999935.1 1.17e+07 1.18e+07 182 26353 51 9266 13 1382 2 294 11 2629   23 5804 27 1115
LR999935.1 1.18e+07 1.19e+07 202 36047 34 7081 18 3059 1 461 17 7108 5 3540 11 4537 33 1319
LR999935.1 1.19e+07 1.2e+07 187 25761 41 7414 17 1901   8 3664 2 165 21 3339 25 1080
LR999935.1 1.2e+07 1.21e+07 192 31800 24 3867 11 855   13 4230 4 6878 14 4517 35 1550
LR999935.1 1.21e+07 1.22e+07 180 20308 37 5872 21 2053 1 47 8 1491 2 132 22 2983 28 1239
LR999935.1 1.22e+07 1.23e+07 150 17652 19 3192 13 1229   5 537 6 3188 11 2522 38 1667
LR999935.1 1.23e+07 1.24e+07 113 14661 24 4321 8 976   2 344 1 96 9 3858 24 1005
LR999935.1 1.24e+07 1.25e+07 106 9630 15 2972 16 1434   3 300 1 39 6 722 30 1299
LR999935.1 1.25e+07 1.26e+07 72 8739 11 1601 2 138   1 89 3 3104 4 385 23 925
LR999935.1 1.26e+07 1.27e+07 157 19247 28 5104 12 1248   8 1944 3 288 19 4490 41 1894
LR999935.1 1.27e+07 1.28e+07 162 19711 37 7152 19 2492 1 104 2 341 2 165 13 2077 36 1396
LR999935.1 1.28e+07 1.29e+07 141 18661 25 4862 15 2545   7 825 2 104 12 4646 27 1185
LR999935.1 1.29e+07 1.3e+07 146 15597 26 3910 9 1031   5 1340 1 38 18 2788 31 1130
LR999935.1 1.3e+07 1.31e+07 151 14464 31 4253 10 826   4 449 2 124 11 1626 24 959
LR999935.1 1.31e+07 1.32e+07 107 14216 20 3827 9 588   3 667 1 87 5 3582 27 1396
LR999935.1 1.32e+07 1.33e+07 119 11392 12 2107 9 1737 1 413 4 346 2 145 9 933 44 1944
LR999935.1 1.33e+07 1.34e+07 147 15703 24 4596 6 786   4 323   17 2700 39 1666
LR999935.1 1.34e+07 1.35e+07 190 26771 25 5138 12 1288 1 134 18 2920 3 305 28 9303 38 1557
LR999935.1 1.35e+07 1.36e+07 156 18656 27 4406 6 1125   6 696 3 271 15 3026 24 1035
LR999935.1 1.36e+07 1.37e+07 142 16803 30 5842 9 1924   10 1731 2 144 13 2252 36 1597
LR999935.1 1.37e+07 1.38e+07 186 20033 40 7027 14 969   9 920 2 172 25 3484 38 1744
LR999935.1 1.38e+07 1.39e+07 227 25022 46 8346 21 2763   15 2178   16 2409 47 1837
LR999935.1 1.39e+07 1.4e+07 132 12616 18 3633 8 580   5 811   15 1996 34 1329
LR999935.1 1.4e+07 1.41e+07 151 16210 21 2600 3 283 1 140 3 290 1 70 15 4512 28 1327
LR999935.1 1.41e+07 1.42e+07 124 13473 17 3479 5 910 1 412 7 855 2 1193 8 1170 33 1591
LR999935.1 1.42e+07 1.43e+07 108 12799 13 2288 10 799   6 809 3 2068 14 3092 37 1438
LR999935.1 1.43e+07 1.44e+07 123 19014 15 1844 13 5588 1 413 9 4009   11 920 30 1177
LR999935.1 1.44e+07 1.45e+07 189 33907 20 4093 9 752 1 72 14 6462 1 93 30 12657 40 1549
LR999935.1 1.45e+07 1.46e+07 190 25162 34 5720 8 1802   7 1686 4 351 33 7234 42 1746
LR999935.1 1.46e+07 1.47e+07 154 17645 28 4241 10 2013 1 39 11 1668 2 89 17 3032 33 1178
LR999935.1 1.47e+07 1.48e+07 156 17299 26 4438 15 1031   11 2222 2 178 15 3105 34 1231
LR999935.1 1.48e+07 14868897 107 15017 4 550 11 1524   7 1763   26 6313 29 1479
