chrom begin end count_rpt length_rpt count_SINE length_SINE count_DNA length_DNA count_TcM length_TcM count_LINE length_LINE count_LTR length_LTR count_nonLTR length_nonLTR
LR999954.1 1 100000 243 52280 29 6008 15 4850 3 786 10 7531 14 6841 28 12706 26 1182
LR999954.1 100001 200000 234 24778 35 7383 25 1963 1 327 7 538 2 156 28 4390 47 1782
LR999954.1 200001 300000 280 32063 54 10019 10 808   9 786   39 6037 32 1104
LR999954.1 300001 400000 245 28263 32 5833 13 1288   12 2855 2 141 36 5752 43 2068
LR999954.1 400001 500000 322 41661 51 9175 16 1245   15 2166 11 2924 42 9005 30 1197
LR999954.1 500001 600000 198 23894 36 6762 12 951   9 1055 2 106 27 4752 29 1247
LR999954.1 600001 700000 269 36638 46 8835 19 2637 1 420 14 2674   48 11151 37 1533
LR999954.1 700001 800000 250 31953 46 8500 23 2719 3 265 7 3626 2 146 32 5310 28 1077
LR999954.1 800001 900000 277 40356 51 10075 22 3179 2 238 8 1263 7 3333 32 5203 36 1791
LR999954.1 900001 1e+06 342 42618 53 9137 40 4393 4 354 6 1026 1 41 48 11851 42 1761
LR999954.1 1e+06 1.1e+06 306 43005 41 8539 21 1577   13 4282 8 3831 38 6841 37 1337
LR999954.1 1.1e+06 1.2e+06 312 41297 59 12397 24 3837 1 45 14 2469 6 757 41 6252 32 1121
LR999954.1 1.2e+06 1.3e+06 216 31287 56 10201 11 1611   7 4257 1 122 31 5375 23 949
LR999954.1 1.3e+06 1.4e+06 244 31069 46 8614 15 1418 1 99 8 655 13 4660 48 5990 23 944
LR999954.1 1.4e+06 1.5e+06 285 41237 54 10147 20 2508   12 2595 4 551 43 10673 27 1131
LR999954.1 1.5e+06 1.6e+06 257 29719 58 9381 12 1551   11 1309 1 102 36 4354 24 941
LR999954.1 1.6e+06 1.7e+06 213 38565 47 8583 23 3376 3 707 16 10756 2 166 33 7956 28 1314
LR999954.1 1.7e+06 1.8e+06 303 36969 68 11646 12 1179 2 149 23 4012 3 146 50 8045 41 1606
LR999954.1 1.8e+06 1.9e+06 328 42458 67 11596 26 3141 2 217 5 732 4 4462 39 5908 36 1292
LR999954.1 1.9e+06 2e+06 339 41462 73 12613 17 1381 1 77 6 680 8 1164 54 9832 34 1562
LR999954.1 2e+06 2.1e+06 264 36132 63 12951 27 2843 1 96 12 4912 2 323 34 3488 32 1136
LR999954.1 2.1e+06 2.2e+06 276 42087 55 10756 26 6282 3 1033 15 1888 1 79 53 11368 27 1137
LR999954.1 2.2e+06 2.3e+06 241 37221 45 8618 8 832   9 3636 7 4073 32 7654 36 1417
LR999954.1 2.3e+06 2.4e+06 286 33592 49 9471 25 2611 2 335 19 3379   45 5281 32 1148
LR999954.1 2.4e+06 2.5e+06 241 32491 60 11023 17 1494 1 245 8 852 4 3467 28 4469 30 1226
LR999954.1 2.5e+06 2.6e+06 245 30647 53 8734 18 2639 1 102 11 2269 2 208 41 5898 25 1003
LR999954.1 2.6e+06 2.7e+06 284 31209 60 10464 22 2487   10 1299 2 153 37 4501 45 1622
LR999954.1 2.7e+06 2.8e+06 265 35757 58 11196 18 1477 2 264 6 590 4 4688 36 5207 48 1708
LR999954.1 2.8e+06 2.9e+06 322 38544 71 13134 20 1641   8 1535 4 1060 27 3740 32 1152
LR999954.1 2.9e+06 3e+06 252 33297 48 9537 21 2626   17 4014 3 277 27 5225 28 1102
LR999954.1 3e+06 3.1e+06 267 39562 55 10792 16 2640   12 3404 1 79 40 9019 27 1268
LR999954.1 3.1e+06 3.2e+06 300 37110 58 11014 25 2208 1 47 10 2182 3 252 40 6919 44 1991
LR999954.1 3.2e+06 3.3e+06 289 37760 49 10844 18 2643 1 53 16 2479 4 250 30 4427 40 1461
LR999954.1 3.3e+06 3.4e+06 304 40541 70 13183 17 2468   15 3457 4 299 40 8993 50 2104
LR999954.1 3.4e+06 3.5e+06 277 39958 60 11050 17 1510   19 3020 3 162 44 11778 34 1500
LR999954.1 3.5e+06 3.6e+06 276 34129 52 8616 26 4049 5 944 13 1474 3 208 26 5690 34 1332
LR999954.1 3.6e+06 3.7e+06 274 33498 47 9671 34 4743 1 293 8 1249 3 199 34 3767 31 1212
LR999954.1 3.7e+06 3.8e+06 323 36524 77 13995 20 2800   13 1452 4 344 47 5292 29 1230
LR999954.1 3.8e+06 3.9e+06 277 34492 55 10139 22 1713   12 1746   41 8071 35 1298
LR999954.1 3.9e+06 4e+06 330 43083 86 14812 28 2314 1 196 12 1468 10 941 44 9799 35 1428
LR999954.1 4e+06 4.1e+06 286 39759 55 10595 9 836   14 3505 3 293 45 7191 28 1077
LR999954.1 4.1e+06 4.2e+06 287 36374 68 13058 15 2281   14 1879 1 275 52 7107 22 1292
LR999954.1 4.2e+06 4.3e+06 303 37526 74 11183 18 2632 1 64 9 1297 1 51 37 6400 29 1036
LR999954.1 4.3e+06 4.4e+06 309 38317 68 12928 19 2054 1 69 11 1469 2 157 34 5194 36 1679
LR999954.1 4.4e+06 4.5e+06 294 39061 62 10929 25 2126 1 75 15 3529 7 872 30 7762 39 1705
LR999954.1 4.5e+06 4.6e+06 294 33858 76 13259 16 1270   13 3082 3 222 49 6572 42 1467
LR999954.1 4.6e+06 4.7e+06 262 34925 50 10745 16 2024   4 439 2 139 32 7954 54 2552
LR999954.1 4.7e+06 4.8e+06 360 48862 68 13049 26 2876   26 4666 4 1071 41 9428 35 1439
LR999954.1 4.8e+06 4.9e+06 346 39675 63 10982 20 1726   14 1493 2 242 44 7049 37 1628
LR999954.1 4.9e+06 5e+06 327 37343 86 14557 50 4018 1 135 9 736 3 232 33 4714 44 1832
LR999954.1 5e+06 5.1e+06 267 29633 62 10633 18 1260   9 796 2 162 34 4832 39 1635
LR999954.1 5.1e+06 5.2e+06 329 41293 61 12651 30 2926   7 1131 2 474 49 8259 39 1419
LR999954.1 5.2e+06 5.3e+06 323 41895 75 14782 21 2068   16 2054 3 247 50 9384 28 948
LR999954.1 5.3e+06 5.4e+06 310 35946 76 13865 15 1914 1 608 11 1138 5 503 31 4090 32 1115
LR999954.1 5.4e+06 5.5e+06 294 44817 69 13426 10 1614   12 2018 4 3690 31 7273 38 1597
LR999954.1 5.5e+06 5.6e+06 305 45176 71 12961 14 1173 2 162 20 4594 3 294 46 10796 26 900
LR999954.1 5.6e+06 5.7e+06 330 43180 83 14367 26 2519   20 3428 6 464 41 7302 24 996
LR999954.1 5.7e+06 5.8e+06 329 47495 66 12310 20 2215 1 531 23 4703 7 556 56 13827 31 1127
LR999954.1 5.8e+06 5.9e+06 318 41608 71 13541 27 2548   9 986 3 232 49 9386 31 1380
LR999954.1 5.9e+06 6e+06 282 31745 48 9053 26 2446   10 964 6 498 42 6895 40 1591
LR999954.1 6e+06 6.1e+06 333 38200 73 12784 27 1819   8 1544 4 310 47 7597 42 1628
LR999954.1 6.1e+06 6.2e+06 260 29773 45 8928 16 1681   9 1016 1 44 36 5357 49 2117
LR999954.1 6.2e+06 6.3e+06 307 49542 56 9721 33 5649 5 1190 15 7488 3 209 49 14030 46 1686
LR999954.1 6.3e+06 6.4e+06 208 31366 39 6966 16 2218 1 512 11 2703 1 85 35 10701 44 1617
LR999954.1 6.4e+06 6.5e+06 344 43902 61 12419 30 2811   15 2747   47 9047 18 734
LR999954.1 6.5e+06 6.6e+06 248 30923 60 12375 8 1170 1 72 8 966   39 6185 49 2024
LR999954.1 6.6e+06 6.7e+06 330 36779 56 10440 25 2285 2 220 8 1274 7 3213 40 5089 58 2225
LR999954.1 6.7e+06 6.8e+06 309 42945 49 9376 23 7249   5 625 7 1084 63 13093 71 2965
LR999954.1 6.8e+06 6.9e+06 304 47435 64 10439 23 2747 2 240 16 4325 2 189 53 17019 32 1291
LR999954.1 6.9e+06 7e+06 264 35904 82 15550 17 1637 2 276 6 1844 4 318 40 6687 29 1173
LR999954.1 7e+06 7.1e+06 236 32023 60 9709 22 3827 3 1019 2 3140 2 188 22 4172 27 1067
LR999954.1 7.1e+06 7.2e+06 244 29862 39 7749 27 2923 2 269 7 1254 4 328 29 3936 25 1057
LR999954.1 7.2e+06 7.3e+06 169 24900 24 4785 7 963   8 1793 1 110 24 8962 59 2216
LR999954.1 7.3e+06 7379297 142 23379 23 3553 8 2175 2 156 7 1370 12 8245 20 2269 22 743
