chrom begin end count_rpt length_rpt count_SINE length_SINE count_DNA length_DNA count_TcM length_TcM count_LINE length_LINE count_LTR length_LTR count_nonLTR length_nonLTR
LR999937.1 1 100000 127 43463 4 767 16 3373 3 535 6 3071 10 9937 23 13927 28 5560
LR999937.1 100001 200000 107 11992 25 4646 6 480   6 700   10 1884 33 1288
LR999937.1 200001 300000 163 21850 19 4511 8 758   5 464 7 5381 12 1267 38 1541
LR999937.1 300001 400000 206 27554 40 7456 13 863   8 1348 3 274 28 7278 27 1032
LR999937.1 400001 500000 198 31135 34 6627 13 979 1 69 14 2670 8 5095 32 7115 24 950
LR999937.1 500001 600000 239 27018 57 9601 6 610 1 86 12 2057 3 203 29 4764 48 1848
LR999937.1 600001 700000 197 24112 52 9732 12 956 1 214 8 1701 3 267 23 4773 28 1287
LR999937.1 700001 800000 232 35034 53 10335 13 1326 1 90 16 4388 7 444 29 8332 34 1643
LR999937.1 800001 900000 215 29935 44 8525 7 1747   6 1142 4 302 27 7384 36 1522
LR999937.1 900001 1e+06 145 21474 17 3171 9 985   1 120 1 97 22 9651 29 1244
LR999937.1 1e+06 1.1e+06 145 22112 28 5209 9 2772   8 1478 3 166 14 5771 24 996
LR999937.1 1.1e+06 1.2e+06 201 21426 42 7436 7 660   5 624 5 483 22 3067 30 1265
LR999937.1 1.2e+06 1.3e+06 234 35515 53 8503 13 1663 1 682 14 6934 5 2713 44 6133 31 1255
LR999937.1 1.3e+06 1.4e+06 188 28872 35 5758 10 1688 1 393 12 3833 5 403 26 8173 38 1548
LR999937.1 1.4e+06 1.5e+06 198 29445 31 5790 13 2168   13 2947 1 86 18 7789 30 1317
LR999937.1 1.5e+06 1.6e+06 233 32898 49 9939 18 2274 1 564 18 1736 2 143 27 9419 37 1423
LR999937.1 1.6e+06 1.7e+06 185 26393 27 5722 23 4415 4 703 7 1824 1 99 25 6137 31 1160
LR999937.1 1.7e+06 1.8e+06 314 40012 42 7427 34 3308 1 129 11 1373 2 94 29 8397 34 1440
LR999937.1 1.8e+06 1.9e+06 282 48243 43 8325 21 4617 1 405 15 4833   35 14352 36 1322
LR999937.1 1.9e+06 2e+06 281 36935 43 6695 21 2802 1 155 14 2511 4 250 26 7450 45 1630
LR999937.1 2e+06 2.1e+06 169 29812 21 3546 15 2469 3 1013 14 6479 8 3643 21 5972 33 1471
LR999937.1 2.1e+06 2.2e+06 159 25301 22 4126 15 2550 1 115 4 1097 6 1411 14 6611 33 1459
LR999937.1 2.2e+06 2.3e+06 190 27413 27 5372 17 2711   12 2393   31 8362 33 1416
LR999937.1 2.3e+06 2.4e+06 216 34971 36 6886 15 2376   14 6584 2 245 35 9270 29 1323
LR999937.1 2.4e+06 2.5e+06 182 26792 32 6597 15 2654 2 451 12 2263 1 300 19 5522 31 1282
LR999937.1 2.5e+06 2.6e+06 239 34903 52 9295 19 2153 4 391 22 8742   23 3881 30 1108
LR999937.1 2.6e+06 2.7e+06 202 23678 52 9305 9 941   10 969 1 183 17 2117 32 1381
LR999937.1 2.7e+06 2.8e+06 201 37771 42 6789 6 1714   24 11760 3 158 42 10613 29 1116
LR999937.1 2.8e+06 2.9e+06 238 31463 38 6587 17 2582 1 44 16 2792 3 219 31 5896 37 1724
LR999937.1 2.9e+06 3e+06 233 35668 39 7297 29 3365 4 1434 11 1015 12 4926 20 4039 25 997
LR999937.1 3e+06 3.1e+06 195 25466 26 5667 30 5139 3 500 14 1990 1 77 15 2611 34 1676
LR999937.1 3.1e+06 3.2e+06 191 23373 34 6073 10 2136   11 956 1 112 16 3373 24 1019
LR999937.1 3.2e+06 3.3e+06 188 25957 34 6551 13 1035 1 72 7 1086   18 6292 37 1675
LR999937.1 3.3e+06 3.4e+06 229 32891 60 10151 7 603   12 2594 11 5422 22 4442 36 1490
LR999937.1 3.4e+06 3.5e+06 205 29686 36 6139 7 530 1 98 17 5581 2 268 24 7503 27 1106
LR999937.1 3.5e+06 3.6e+06 214 32146 34 7121 11 1539   8 2268 5 4597 19 4883 40 1767
LR999937.1 3.6e+06 3.7e+06 198 25439 40 6936 10 735 1 44 10 2200 2 2253 24 3343 41 1684
LR999937.1 3.7e+06 3.8e+06 215 31813 41 6869 14 2415   20 5327 2 94 15 5666 44 1657
LR999937.1 3.8e+06 3.9e+06 211 37068 38 6309 14 2097 1 106 26 11006 3 148 32 8312 27 1111
LR999937.1 3.9e+06 4e+06 299 36513 40 7541 23 2141   16 2439 1 100 31 5927 44 1937
LR999937.1 4e+06 4.1e+06 162 17615 18 2836 5 367   11 2578 2 174 26 4351 32 1263
LR999937.1 4.1e+06 4.2e+06 159 20944 27 3813 5 358   12 6131 2 139 16 3155 37 1621
LR999937.1 4.2e+06 4.3e+06 153 13262 26 3740 9 1461 2 925 9 1092 4 287 14 1257 45 1827
LR999937.1 4.3e+06 4.4e+06 176 19774 27 5044 12 832   6 1189 1 50 14 4112 38 1438
LR999937.1 4.4e+06 4.5e+06 101 7926 4 878 2 198   4 320   6 436 35 1499
LR999937.1 4.5e+06 4.6e+06 165 25070 27 4713 6 1268 1 630 11 7322 2 87 20 3786 31 1294
LR999937.1 4.6e+06 4.7e+06 189 24619 27 5576 17 1487   10 2171 5 247 38 7634 38 1822
LR999937.1 4.7e+06 4.8e+06 145 14810 38 7359 11 1309   6 557   18 1394 26 992
LR999937.1 4.8e+06 4.9e+06 178 17911 37 6457 11 1026   6 706 3 204 14 1905 31 1265
LR999937.1 4.9e+06 5e+06 160 18453 36 6517 8 1972   8 674 2 185 12 1414 43 1931
LR999937.1 5e+06 5.1e+06 156 17902 25 4688 15 1950 2 1077 4 343 3 1889 11 1399 38 1454
LR999937.1 5.1e+06 5.2e+06 143 22919 26 5586 13 1071 2 157 14 3999 2 111 9 5524 26 1117
LR999937.1 5.2e+06 5.3e+06 170 19444 31 5482 11 1366 1 333 9 847 1 101 15 3341 30 1310
LR999937.1 5.3e+06 5.4e+06 133 13371 16 2438 13 1139   6 1075 4 346 9 967 32 1203
LR999937.1 5.4e+06 5.5e+06 160 19411 19 3378 5 464   8 2121 2 84 12 2480 24 932
LR999937.1 5.5e+06 5.6e+06 146 18408 28 5174 6 426   12 1674 2 182 20 5728 30 1164
LR999937.1 5.6e+06 5.7e+06 144 19457 15 2414 14 1733 1 211 5 2464 2 158 18 4567 33 1363
LR999937.1 5.7e+06 5.8e+06 120 18597 22 4601 10 2394 1 1054 3 219 8 5712 9 1228 30 1362
LR999937.1 5.8e+06 5.9e+06 81 7578 10 1671 6 349   3 603   5 1149 34 1349
LR999937.1 5.9e+06 6e+06 126 15088 25 5103 5 626 1 292 7 828 1 86 19 2646 31 1607
LR999937.1 6e+06 6.1e+06 91 14360 7 1418 17 3428 6 1403 8 2752 2 1467 4 991 30 1551
LR999937.1 6.1e+06 6.2e+06 101 14147 8 1348 10 2261   4 843 1 95 9 4311 35 1370
LR999937.1 6.2e+06 6.3e+06 75 6712 11 1901 5 1682 1 60 3 230 3 181 7 429 24 863
LR999937.1 6.3e+06 6.4e+06 99 18443 10 2277 15 5958 2 665 6 601 1 3985 9 1200 26 1224
LR999937.1 6.4e+06 6.5e+06 185 28096 33 6064 12 2646 2 231 11 3494 7 1618 15 5195 35 1892
LR999937.1 6.5e+06 6.6e+06 207 27556 28 3999 23 3091 1 54 9 1499 10 2220 17 4728 31 1332
LR999937.1 6.6e+06 6.7e+06 168 24607 15 3589 8 1641   8 1091 10 4965 21 4008 23 983
LR999937.1 6.7e+06 6.8e+06 164 24707 22 4270 11 1777 1 660 12 4875 2 72 17 4601 38 1658
LR999937.1 6.8e+06 6.9e+06 147 26405 24 3898 12 5077 1 127 14 6587 1 64 20 5478 36 1611
LR999937.1 6.9e+06 7e+06 166 24227 25 4915 3 240   22 6890   17 3664 34 1439
LR999937.1 7e+06 7.1e+06 185 23043 26 5368 11 1359   9 956 5 194 21 5049 39 1683
LR999937.1 7.1e+06 7.2e+06 128 14939 24 4065 18 4188 2 270 2 448 3 208 10 1015 36 1425
LR999937.1 7.2e+06 7.3e+06 140 14896 19 3307 15 2043   5 411 4 232 10 1515 32 1208
LR999937.1 7.3e+06 7.4e+06 136 13780 23 3926 7 721   4 581 1 33 18 2436 36 1536
LR999937.1 7.4e+06 7.5e+06 172 30479 25 5103 20 7828 2 1631 10 3942 1 38 15 5124 42 1973
LR999937.1 7.5e+06 7.6e+06 186 21172 22 3871 12 1234   11 1431 3 205 18 2541 29 1336
LR999937.1 7.6e+06 7.7e+06 163 29162 23 4175 6 1776   12 7091 2 115 20 7464 42 1643
LR999937.1 7.7e+06 7.8e+06 159 17678 21 3497 19 3622   8 758   11 1860 42 1584
LR999937.1 7.8e+06 7.9e+06 140 18055 21 4205 5 471   9 1223 7 3784 4 347 37 1663
LR999937.1 7.9e+06 8e+06 151 26180 16 3184 18 2919   13 4609 2 2263 10 4630 35 1559
LR999937.1 8e+06 8.1e+06 172 32002 13 2486 12 3904 4 1695 11 4002 9 5870 23 7243 40 1670
LR999937.1 8.1e+06 8.2e+06 111 12501 19 3315 9 781   3 488 2 245 9 1601 27 1147
LR999937.1 8.2e+06 8.3e+06 150 24282 24 4408 8 902   4 3171 1 27 15 5128 23 1107
LR999937.1 8.3e+06 8.4e+06 109 10022 19 3490 10 846 1 54 4 568 5 314 7 709 37 1663
LR999937.1 8.4e+06 8.5e+06 113 11262 13 2401 10 896   7 1023 1 78 6 896 30 1216
LR999937.1 8.5e+06 8.6e+06 148 18052 15 2940 17 2526 4 794 7 1485 1 62 14 2589 32 1217
LR999937.1 8.6e+06 8.7e+06 201 28979 27 4754 23 4609   11 4660 1 108 18 3066 34 1416
LR999937.1 8.7e+06 8.8e+06 131 20553 27 4759 7 907   17 4617 1 99 24 6337 25 995
LR999937.1 8.8e+06 8.9e+06 166 21753 27 4274 10 836   6 726   14 5551 39 1663
LR999937.1 8.9e+06 9e+06 168 23130 21 4479 18 4910   8 1218 6 2310 16 1761 44 1878
LR999937.1 9e+06 9.1e+06 191 23235 28 5523 13 2445   9 1530 1 106 15 1937 39 1334
LR999937.1 9.1e+06 9.2e+06 157 20490 27 5179 9 687   12 1472 3 200 17 6548 34 1299
LR999937.1 9.2e+06 9.3e+06 157 29989 33 5644 9 3176 1 88 12 8270   13 4933 36 1469
LR999937.1 9.3e+06 9.4e+06 172 25370 22 3605 19 5053   8 2156 7 3778 12 1684 36 1600
LR999937.1 9.4e+06 9.5e+06 158 24240 25 3517 14 994 1 80 10 2503 2 2297 19 6691 30 1125
LR999937.1 9.5e+06 9.6e+06 178 30419 17 3884 18 2980 3 309 11 2408 5 3917 15 6508 32 1392
LR999937.1 9.6e+06 9.7e+06 170 34628 26 4658 14 4547   9 5701 3 2773 11 6007 27 1152
LR999937.1 9.7e+06 9.8e+06 194 28045 24 3673 18 4135 1 86 4 1015 6 4109 16 4252 36 1343
LR999937.1 9.8e+06 9.9e+06 130 25487 21 4314 10 4202   9 2292 3 150 12 6432 18 771
LR999937.1 9.9e+06 1e+07 178 28391 28 5113 17 3773   20 7378 2 125 22 5632 36 1311
LR999937.1 1e+07 1.01e+07 158 21321 26 5028 9 1293   8 4259   14 2074 44 1554
LR999937.1 1.01e+07 1.02e+07 113 11221 25 4327 3 225 1 145 6 974 1 33 10 1398 33 1415
LR999937.1 1.02e+07 1.03e+07 150 24025 21 3822 10 948   6 4569   13 5083 37 1518
LR999937.1 1.03e+07 1.04e+07 136 16432 21 2611 12 1897   6 2589 6 887 9 1415 30 1198
LR999937.1 1.04e+07 1.05e+07 189 22788 31 5059 13 1005 2 156 13 4154 1 252 6 826 46 1896
LR999937.1 1.05e+07 1.06e+07 114 22299 11 2762 6 1258   3 1633 1 1392 11 7941 31 1483
LR999937.1 1.06e+07 1.07e+07 148 17501 12 2817 14 1637 1 470 3 421 2 118 6 830 41 1810
LR999937.1 1.07e+07 1.08e+07 133 21511 14 3071 8 2717   8 946 2 142 12 6797 28 1116
LR999937.1 1.08e+07 1.09e+07 91 12006 9 2293 3 1364   3 402 1 111 12 3410 35 1471
LR999937.1 1.09e+07 1.1e+07 103 9769 25 3942 2 128   3 713 1 39 6 600 42 1789
LR999937.1 1.1e+07 1.11e+07 117 12701 17 4088 6 870 2 474 2 287 3 214 9 1449 33 1293
LR999937.1 1.11e+07 1.12e+07 100 15186 11 2763 3 433   8 1783 4 267 11 3935 27 1266
LR999937.1 1.12e+07 1.13e+07 105 16825 16 3906 8 970 1 185 8 914   7 6116 32 1324
LR999937.1 1.13e+07 1.14e+07 112 12357 10 1870 11 2614 4 1166 4 499 1 36 7 1965 32 1414
LR999937.1 1.14e+07 1.15e+07 149 19301 25 5228 10 1463 1 54 6 4405 1 47 13 1737 35 1380
LR999937.1 1.15e+07 1.16e+07 147 19935 22 4990 20 5064   5 660 3 579 9 1454 35 1243
LR999937.1 1.16e+07 1.17e+07 167 19506 43 6570 9 773 1 49 10 1634 2 140 19 3206 25 1089
LR999937.1 1.17e+07 1.18e+07 156 18410 29 5139 6 828   14 3452   17 2312 33 1225
LR999937.1 1.18e+07 1.19e+07 116 17455 18 3270 6 663   8 4078 4 3716 9 1134 30 1122
LR999937.1 1.19e+07 1.2e+07 131 16095 24 4311 9 801   4 1119 2 72 10 3716 31 1199
LR999937.1 1.2e+07 1.21e+07 166 22225 26 4337 10 3019   10 2718 3 491 13 1916 35 1461
LR999937.1 1.21e+07 1.22e+07 179 20610 33 5126 9 653   7 2196 2 126 22 3687 30 1165
LR999937.1 1.22e+07 1.23e+07 186 17446 29 5090 23 1628 2 111 10 1136   17 2188 39 1657
LR999937.1 1.23e+07 1.24e+07 203 31144 30 5604 11 1025   6 3221 6 4961 33 6263 30 1186
LR999937.1 1.24e+07 1.25e+07 211 27507 51 9926 16 1708   11 2759 2 155 22 3252 33 1387
LR999937.1 1.25e+07 1.26e+07 173 24959 32 6181 10 1505 4 840 16 2078 1 231 24 7210 29 1161
LR999937.1 1.26e+07 1.27e+07 227 34019 36 7309 13 1030   14 4092 4 551 32 9268 36 1195
LR999937.1 1.27e+07 1.28e+07 244 30650 49 8288 12 1011   13 1855 5 1017 40 6712 35 1454
LR999937.1 1.28e+07 1.29e+07 218 32674 26 4549 18 2551 1 344 16 4566 7 4066 19 2881 32 1511
LR999937.1 1.29e+07 1.3e+07 235 30418 41 7691 9 1266 1 390 17 3531 9 1577 32 5740 34 1467
LR999937.1 1.3e+07 1.31e+07 197 27229 44 8223 10 1078 2 339 16 1995 1 54 25 7195 25 1387
LR999937.1 1.31e+07 1.32e+07 199 26850 45 8319 13 2086 1 68 15 3461 1 827 22 3934 19 751
LR999937.1 1.32e+07 1.33e+07 217 22763 46 8662 13 910   9 960   24 2983 32 1092
LR999937.1 1.33e+07 1.34e+07 152 25797 28 5404 10 824 1 58 7 716 8 3627 20 8944 27 1052
LR999937.1 1.34e+07 1.35e+07 185 23121 27 4645 5 427   14 3943 6 804 21 4582 32 1136
LR999937.1 1.35e+07 1.36e+07 191 24809 36 6710 12 2514 1 1578 6 940 5 698 18 2237 33 1349
LR999937.1 1.36e+07 1.37e+07 146 16640 22 4181 14 1595   9 1521   23 3448 34 1404
LR999937.1 1.37e+07 1.38e+07 210 36408 7 1609 21 2860   11 2373 10 5422 25 10899 51 2422
LR999937.1 1.38e+07 1.39e+07 131 15496 14 3113 11 2270 2 745 9 3034 1 66 13 1426 44 1890
LR999937.1 1.39e+07 1.4e+07 183 35221 45 8146 9 919 3 585 13 7087 1 86 28 12405 25 899
LR999937.1 1.4e+07 1.41e+07 211 34130 28 6171 14 5171   13 2855 3 248 24 7138 35 1420
LR999937.1 1.41e+07 1.42e+07 172 25350 32 7057 14 3334 1 75 9 1078 1 96 21 6232 32 1197
LR999937.1 1.42e+07 1.43e+07 220 25202 29 6697 16 1253   17 2446 1 87 30 4488 34 1373
LR999937.1 1.43e+07 1.44e+07 177 31527 31 6112 9 1291   12 1995 10 5369 20 8568 18 690
LR999937.1 1.44e+07 1.45e+07 139 17922 18 2928 10 1258 1 122 5 502 1 59 26 7010 33 1320
LR999937.1 1.45e+07 1.46e+07 77 16242 4 543 5 754 1 189 3 3036 7 5666 3 2146 30 1144
LR999937.1 1.46e+07 14615999 26 9773       1 148 10 7814 2 649 2 53
