chrom begin end count_rpt length_rpt count_SINE length_SINE count_DNA length_DNA count_TcM length_TcM count_LINE length_LINE count_LTR length_LTR count_nonLTR length_nonLTR
LR999955.1 1 100000 297 41284 57 10349 12 1311 1 360 19 1942 10 5880 60 8828 33 1329
LR999955.1 100001 200000 254 45265 36 7017 26 4903 1 68 9 2539 27 11413 41 8249 27 1728
LR999955.1 200001 300000 344 44716 56 10695 51 5585 4 1071 11 1488 8 510 52 9828 22 807
LR999955.1 300001 400000 307 40579 55 10029 19 1822 1 88 8 943 18 4908 43 8838 73 3377
LR999955.1 400001 500000 367 46278 69 14125 26 3081 2 732 9 888 6 466 55 7350 21 813
LR999955.1 500001 600000 298 44413 80 13958 29 3457 8 1528 8 2437 2 132 55 13026 27 1354
LR999955.1 600001 700000 340 45008 85 13691 35 4030 7 1097 8 1320 2 119 40 7882 36 1340
LR999955.1 700001 800000 302 41595 71 12617 31 3694 3 572 12 5875   43 6216 38 1426
LR999955.1 800001 900000 293 38243 76 12724 17 2575   10 1524 2 139 48 8304 40 1861
LR999955.1 900001 1e+06 311 42993 62 12458 24 3936 3 408 11 2346 6 823 43 7179 37 1633
LR999955.1 1e+06 1.1e+06 343 38786 81 13694 24 2545   4 237 3 255 52 6321 29 1201
LR999955.1 1.1e+06 1.2e+06 346 52806 69 12230 27 3264 1 95 14 2574 3 189 55 16406 31 1395
LR999955.1 1.2e+06 1.3e+06 297 43350 47 7690 28 2461 4 307 13 2852 11 2890 34 10332 30 1133
LR999955.1 1.3e+06 1.4e+06 279 43791 56 9002 31 4407 7 1136 8 1182 4 407 40 14447 26 1146
LR999955.1 1.4e+06 1.5e+06 369 51481 81 16079 30 3795 4 407 12 1562 9 2994 61 11011 31 1309
LR999955.1 1.5e+06 1.6e+06 371 44913 69 13386 32 3477 2 422 9 1390 6 539 53 7592 42 1531
LR999955.1 1.6e+06 1.7e+06 307 39910 65 11473 37 3147 2 118 14 3312 1 104 36 6733 27 1047
LR999955.1 1.7e+06 1.8e+06 320 46970 73 13116 25 2908   10 2058 11 1231 46 10971 29 1354
LR999955.1 1.8e+06 1.9e+06 308 38545 65 11912 27 2932 4 303 12 3281 1 92 29 5807 39 1590
LR999955.1 1.9e+06 2e+06 286 37865 61 10960 21 3315 3 353 16 2313 6 497 33 7543 35 1435
LR999955.1 2e+06 2.1e+06 354 49632 74 13596 24 3446   17 2364 4 378 60 11582 26 1133
LR999955.1 2.1e+06 2.2e+06 302 48479 57 9591 28 4549 1 482 18 7410 11 4792 37 7300 27 1199
LR999955.1 2.2e+06 2.3e+06 147 38356 6 1530 29 12170 3 962 14 4961 12 1109 10 9166 33 1278
LR999955.1 2.3e+06 2.4e+06 167 41397 22 2785 15 3263   18 6905 16 8064 35 15637 31 1360
LR999955.1 2.4e+06 2.5e+06 234 34582 38 7167 30 7896 8 2279 3 227 6 2385 28 5180 33 1303
LR999955.1 2.5e+06 2.6e+06 428 50782 38 6109 64 7885 13 2317 13 1324 8 2303 72 10226 62 2688
LR999955.1 2.6e+06 2.7e+06 245 46736 37 8092 23 2824 1 417 15 3869 4 1873 42 18999 31 1540
LR999955.1 2.7e+06 2.8e+06 294 35886 56 9287 35 4916 5 1006 4 1010 2 232 30 4046 28 1119
LR999955.1 2.8e+06 2.9e+06 354 49484 57 10541 30 3507 2 139 17 3213 13 5836 40 6778 32 1200
LR999955.1 2.9e+06 3e+06 342 54897 51 9737 33 5454 3 261 14 4372 6 4448 28 11977 47 1589
LR999955.1 3e+06 3.1e+06 297 34931 60 11507 29 3565 1 188 11 1985 1 160 30 3487 44 1737
LR999955.1 3.1e+06 3.2e+06 340 40507 53 9261 22 2843   12 1436   45 7796 32 1186
LR999955.1 3.2e+06 3.3e+06 104 14874 11 2078 11 2418 4 1980 6 1491   16 3089 16 566
LR999955.1 3.3e+06 3.4e+06 340 37430 73 11142 26 2027   14 3213 3 176 39 6128 42 1742
LR999955.1 3.4e+06 3.5e+06 320 33391 57 9530 38 3239   10 1045 5 387 42 5176 33 1344
LR999955.1 3.5e+06 3.6e+06 242 29877 53 9216 18 1837   5 488 5 3327 24 3668 32 1415
LR999955.1 3.6e+06 3.7e+06 288 36138 57 11069 31 3231   12 3624 4 461 28 4505 27 1128
LR999955.1 3.7e+06 3.8e+06 313 38114 48 8070 26 3376 3 770 7 1218 3 165 38 7925 42 1744
LR999955.1 3.8e+06 3.9e+06 329 42818 65 12129 33 5323 2 230 6 618 2 200 41 6551 33 1204
LR999955.1 3.9e+06 4e+06 283 35878 44 8279 13 1753 1 25 9 4143 2 174 29 4674 33 1694
LR999955.1 4e+06 4.1e+06 220 34303 47 8119 16 2759 2 834 12 2787   35 10187 27 1210
LR999955.1 4.1e+06 4.2e+06 343 37605 65 11634 31 2342 6 459 7 572 8 965 34 3902 35 1669
LR999955.1 4.2e+06 4.3e+06 324 40216 68 12708 22 2635 1 135 7 710 3 402 47 7063 31 1462
LR999955.1 4.3e+06 4.4e+06 240 38533 39 7909 13 2124 1 636 14 4477 8 3489 38 8094 19 670
LR999955.1 4.4e+06 4.5e+06 312 39856 51 9364 32 3873 3 931 11 1389 3 1806 38 6045 19 807
LR999955.1 4.5e+06 4.6e+06 300 45303 48 8388 23 5103 1 1580 14 1714   37 11856 30 1177
LR999955.1 4.6e+06 4.7e+06 326 37200 57 9546 27 2976 1 109 8 2089 2 134 33 4734 31 1269
LR999955.1 4.7e+06 4.8e+06 260 35887 41 8539 13 1627 1 215 12 4621 1 85 21 4081 36 1479
LR999955.1 4.8e+06 4.9e+06 356 44489 63 11184 26 1953   14 2461 8 5387 39 7030 86 3589
LR999955.1 4.9e+06 5e+06 409 51065 63 11607 28 2778   12 2875 2 170 34 7731 42 1453
LR999955.1 5e+06 5.1e+06 381 47323 72 13073 15 2687   13 1681 2 153 32 6262 27 955
LR999955.1 5.1e+06 5.2e+06 310 36955 50 8423 26 4627 2 933 7 1117 5 375 32 4731 28 1134
LR999955.1 5.2e+06 5.3e+06 341 37643 64 9888 27 2340 1 186 11 1830 3 361 39 5439 28 1238
LR999955.1 5.3e+06 5.4e+06 267 40005 40 8507 28 3557   4 1390 8 5120 27 6542 33 1221
LR999955.1 5.4e+06 5.5e+06 340 42571 42 9129 35 4235 1 60 11 2812 2 158 37 4800 35 1389
LR999955.1 5.5e+06 5.6e+06 268 29539 48 8318 10 764 1 54 9 2566 1 79 33 4363 26 1034
LR999955.1 5.6e+06 5.7e+06 322 36652 56 9626 23 3171 3 282 7 684 2 80 38 4404 34 1445
LR999955.1 5.7e+06 5.8e+06 322 50521 48 9440 30 4139 2 683 13 1801 16 6723 27 9875 24 864
LR999955.1 5.8e+06 5.9e+06 406 52545 47 9027 20 1439 1 94 7 1068 5 4333 26 4072 36 1689
LR999955.1 5.9e+06 6e+06 264 56225 4 1097 29 4602 5 883 5 2809 23 8767 20 14752 25 1368
LR999955.1 6e+06 6.1e+06 249 45105 14 3365 28 3586 4 793 6 4794 6 6412 19 8240 48 2391
LR999955.1 6.1e+06 6166334 194 39674 1 207 23 6672 3 268 4 2514 18 7397 8 4134 22 1048
