chrom begin end count_rpt length_rpt count_SINE length_SINE count_DNA length_DNA count_TcM length_TcM count_LINE length_LINE count_LTR length_LTR count_nonLTR length_nonLTR
LR999948.1 1 100000 191 75075 1 296 23 2087 23 2087 23 6306 3 4346 65 53612 64 6623
LR999948.1 100001 200000 94 12315 7 1084 2 1556   4 841 4 1169 15 3324 35 1588
LR999948.1 200001 300000 147 21381 16 2946 14 2387   15 1818 3 3296 16 5207 41 1950
LR999948.1 300001 400000 213 31072 35 5963 9 864   9 2101 3 253 27 9982 30 1154
LR999948.1 400001 500000 200 33539 35 6401 7 478   19 2875 5 3973 25 9253 23 848
LR999948.1 500001 600000 195 28323 44 8663 12 2113 2 148 20 2765   28 7851 24 923
LR999948.1 600001 700000 229 37917 41 8271 12 1160 1 250 12 4040 14 9093 34 5912 24 838
LR999948.1 700001 800000 283 33441 54 8126 19 2382 1 87 7 1857 3 199 37 7467 38 1571
LR999948.1 800001 900000 225 30359 45 7862 12 4294   13 1755 2 104 36 6659 26 1024
LR999948.1 900001 1e+06 231 33060 47 8505 11 1709 1 397 16 3976 2 194 29 6595 30 1206
LR999948.1 1e+06 1.1e+06 214 34141 38 7198 11 842   11 5581 1 112 27 8305 32 1508
LR999948.1 1.1e+06 1.2e+06 213 28343 53 9777 17 2700   8 1205 6 548 38 7068 27 1087
LR999948.1 1.2e+06 1.3e+06 241 38279 52 10155 12 2426 1 1569 20 7313 3 231 23 6011 21 776
LR999948.1 1.3e+06 1.4e+06 225 32568 55 9811 4 365 1 60 12 1231   31 12244 31 1257
LR999948.1 1.4e+06 1.5e+06 230 29602 51 8471 8 3544 1 147 18 2157 4 339 30 5303 32 1245
LR999948.1 1.5e+06 1.6e+06 228 33245 59 9957 8 1020   12 1612 1 63 35 11783 36 1644
LR999948.1 1.6e+06 1.7e+06 259 34121 72 14858 4 688   13 1506 1 75 38 6200 43 1639
LR999948.1 1.7e+06 1.8e+06 259 43424 47 8446 19 2518 3 376 15 7220 5 646 51 12900 29 1154
LR999948.1 1.8e+06 1.9e+06 205 29166 49 8824 12 1100   12 3205 1 109 30 8376 26 837
LR999948.1 1.9e+06 2e+06 223 35196 42 8503 6 1359   19 2235 4 2202 32 11473 20 1087
LR999948.1 2e+06 2.1e+06 247 33036 54 9899 20 6328 2 195 6 1455 2 209 41 5429 46 1621
LR999948.1 2.1e+06 2.2e+06 227 30491 42 7257 25 3291 5 1326 9 771 3 1111 24 6368 23 843
LR999948.1 2.2e+06 2.3e+06 243 43665 48 8306 18 7239   15 5923 4 3457 30 8543 36 1246
LR999948.1 2.3e+06 2.4e+06 282 30800 68 11308 10 690   5 1231 3 282 33 4567 44 1838
LR999948.1 2.4e+06 2.5e+06 235 33599 47 8213 10 1474 1 661 19 6281 7 1179 28 6011 45 1791
LR999948.1 2.5e+06 2.6e+06 231 35427 36 7804 24 2230   19 7629 1 730 36 7995 36 1544
LR999948.1 2.6e+06 2.7e+06 251 37537 48 8776 20 2552 2 155 13 5416 1 101 24 5149 39 1582
LR999948.1 2.7e+06 2.8e+06 227 36921 46 9520 21 3725 2 229 11 3329 6 3688 25 6411 25 964
LR999948.1 2.8e+06 2.9e+06 200 39983 30 5988 28 5987 2 483 10 1905 3 880 36 16481 24 911
LR999948.1 2.9e+06 3e+06 192 35364 23 4126 19 5646 3 1690 14 5793 4 1140 22 7255 37 1434
LR999948.1 3e+06 3.1e+06 205 23211 33 5676 18 2374 1 289 6 745   18 2913 53 2200
LR999948.1 3.1e+06 3.2e+06 155 17659 21 3718 9 876   8 1618 1 60 19 2379 30 1165
LR999948.1 3.2e+06 3.3e+06 174 21557 27 4317 8 1316 2 625 5 514   17 4813 44 1850
LR999948.1 3.3e+06 3.4e+06 214 24705 38 6728 18 2130 2 129 7 910 2 207 28 3578 36 1488
LR999948.1 3.4e+06 3.5e+06 192 36479 23 3760 11 1788   19 6962 3 236 34 14775 35 1896
LR999948.1 3.5e+06 3.6e+06 157 22076 30 5763 6 564   7 701 1 99 15 6630 37 1809
LR999948.1 3.6e+06 3.7e+06 226 28600 52 10463 16 977 2 106 18 3214 6 427 28 4866 30 1246
LR999948.1 3.7e+06 3.8e+06 211 30756 45 8502 8 536   8 996 4 4166 28 7142 35 1299
LR999948.1 3.8e+06 3.9e+06 221 36361 43 8163 12 2640 1 399 19 2683 7 7187 30 6508 30 1549
LR999948.1 3.9e+06 4e+06 207 23368 51 8517 11 612   15 1641 3 261 26 3955 39 1636
LR999948.1 4e+06 4.1e+06 252 37620 49 8487 20 2085 1 68 14 7363 2 154 24 5614 27 1076
LR999948.1 4.1e+06 4.2e+06 229 26618 39 7298 18 3074   10 1820 1 87 27 2980 47 1808
LR999948.1 4.2e+06 4.3e+06 179 19756 38 7067 5 599 1 201 6 943   22 3161 33 1293
LR999948.1 4.3e+06 4.4e+06 159 19256 38 7204 9 579   9 2082 1 76 22 2829 40 1667
LR999948.1 4.4e+06 4.5e+06 206 23558 36 6940 13 1109   5 497 1 73 15 2297 53 2430
LR999948.1 4.5e+06 4.6e+06 204 29101 29 5115 17 2027 1 571 13 7031   22 3471 33 1495
LR999948.1 4.6e+06 4.7e+06 203 26032 42 8429 22 3202 2 227 9 1529 1 96 25 4076 27 1071
LR999948.1 4.7e+06 4.8e+06 215 33569 37 7093 14 2392 1 82 8 1917 3 4243 25 5670 28 1241
LR999948.1 4.8e+06 4.9e+06 186 26935 30 5453 8 788   15 3203 8 2892 19 4942 28 1154
LR999948.1 4.9e+06 5e+06 188 21862 31 5837 22 3204   1 71 4 486 12 1818 37 1458
LR999948.1 5e+06 5.1e+06 207 34670 30 5748 15 2195 1 248 5 913 10 5303 39 10137 26 1076
LR999948.1 5.1e+06 5.2e+06 201 29160 37 7270 13 3333 1 114 13 3634 1 66 21 5181 36 1413
LR999948.1 5.2e+06 5.3e+06 223 25583 40 6429 10 619 1 50 21 3530 2 177 25 4413 33 1217
LR999948.1 5.3e+06 5.4e+06 245 35475 48 9520 19 3264 3 1736 8 995 6 3668 23 6211 33 1224
LR999948.1 5.4e+06 5.5e+06 204 32327 37 7034 13 2337 2 134 16 7720 2 172 26 7096 36 1475
LR999948.1 5.5e+06 5.6e+06 171 17903 22 4166 20 2489   7 635   14 2103 36 1481
LR999948.1 5.6e+06 5.7e+06 233 29154 37 8377 12 1044   20 3910 1 83 25 4555 37 1704
LR999948.1 5.7e+06 5.8e+06 188 33888 30 6303 20 4641   6 3296 16 5795 15 4630 31 1482
LR999948.1 5.8e+06 5.9e+06 234 31463 50 8322 22 2549 2 682 13 1299 8 4138 22 4554 34 1544
LR999948.1 5.9e+06 6e+06 169 26559 35 7125 10 1061   10 7943 1 56 14 2761 28 1111
LR999948.1 6e+06 6.1e+06 232 26295 57 8591 11 975   20 5153 2 125 19 1890 33 1217
LR999948.1 6.1e+06 6.2e+06 228 33459 29 6143 19 6174 2 351 13 2250 3 185 11 3447 44 1711
LR999948.1 6.2e+06 6.3e+06 151 35727 22 3979 11 2237   17 8009 6 3304 26 13087 28 1152
LR999948.1 6.3e+06 6.4e+06 191 36270 21 4898 31 3918   12 5999   24 11431 32 1529
LR999948.1 6.4e+06 6.5e+06 156 20701 34 6591 14 1183   3 442 3 177 10 4029 33 1433
LR999948.1 6.5e+06 6.6e+06 136 15773 19 3370 8 909   14 1894   19 3824 28 1041
LR999948.1 6.6e+06 6.7e+06 143 15513 28 4477 5 381   6 826   17 4087 40 1706
LR999948.1 6.7e+06 6.8e+06 173 18261 28 4914 10 1666 1 67 11 1433 2 102 20 3305 45 2004
LR999948.1 6.8e+06 6.9e+06 180 29203 29 6309 17 2428   23 6361 3 261 24 6655 32 1405
LR999948.1 6.9e+06 7e+06 120 10851 16 3004 6 589   1 286 3 210 7 803 32 1331
LR999948.1 7e+06 7.1e+06 176 23814 26 5167 16 1908   7 1007   19 5709 35 1504
LR999948.1 7.1e+06 7.2e+06 146 16729 25 4432 18 2515   10 1190 2 172 15 1792 22 900
LR999948.1 7.2e+06 7.3e+06 154 17264 21 3504 9 984   10 2788 2 147 14 2007 51 2049
LR999948.1 7.3e+06 7.4e+06 130 13827 22 4356 5 1702     2 152 14 1993 37 1468
LR999948.1 7.4e+06 7.5e+06 120 15694 16 3206 8 1179   5 671 1 86 14 4122 29 1194
LR999948.1 7.5e+06 7.6e+06 187 21214 30 6353 13 2884 2 1669 10 1380 4 535 19 2094 40 1645
LR999948.1 7.6e+06 7.7e+06 193 20590 33 6415 16 1569 1 68 6 693 1 92 21 1923 38 1549
LR999948.1 7.7e+06 7.8e+06 246 26287 37 7514 16 1583   9 898 2 163 19 1905 52 1869
LR999948.1 7.8e+06 7.9e+06 215 24270 20 3633 23 2361   5 642 2 205 25 5981 39 1676
LR999948.1 7.9e+06 8e+06 189 30405 31 6031 22 5572 6 1162 6 1664 3 3829 24 3469 35 1280
LR999948.1 8e+06 8.1e+06 226 41915 43 8339 14 2111 1 50 13 3539 3 2677 25 10569 28 1015
LR999948.1 8.1e+06 8.2e+06 281 36690 54 9998 28 3916 4 803 17 3017 1 49 48 8529 33 1428
LR999948.1 8.2e+06 8.3e+06 240 29137 44 8996 17 1852   9 1472 5 423 22 3734 30 1201
LR999948.1 8.3e+06 8.4e+06 238 33249 46 8305 11 3607   12 2985 5 471 35 7240 29 1153
LR999948.1 8.4e+06 8.5e+06 271 36999 74 10728 19 3444 2 620 11 2852 10 6035 24 3057 40 1522
LR999948.1 8.5e+06 8.6e+06 223 21591 40 7030 17 1540 3 235 5 398 4 320 23 2846 45 1892
LR999948.1 8.6e+06 8.7e+06 149 12787 21 3516 9 767   2 236 1 43 10 1089 51 2220
LR999948.1 8.7e+06 8.8e+06 210 24153 51 8229 15 985   8 1469 2 96 27 6427 49 1933
LR999948.1 8.8e+06 8.9e+06 198 25287 40 7123 19 3763 4 1459 9 1043   29 4771 27 1135
LR999948.1 8.9e+06 9e+06 224 26839 44 8921 9 898   15 2079 2 93 25 4438 35 1374
LR999948.1 9e+06 9.1e+06 202 24618 42 8181 16 2435 4 365 7 1828 3 188 29 4011 36 1668
LR999948.1 9.1e+06 9.2e+06 186 26494 36 6058 8 622   8 2302 1 85 28 8902 37 1373
LR999948.1 9.2e+06 9.3e+06 222 23390 40 6874 27 3060 1 93 5 473 1 104 21 3178 30 1016
LR999948.1 9.3e+06 9.4e+06 168 20081 40 7166 19 2486 2 409 7 775 1 46 21 3068 28 1126
LR999948.1 9.4e+06 9.5e+06 179 30139 27 5733 12 974   8 5102 3 575 25 9324 37 1499
LR999948.1 9.5e+06 9.6e+06 261 31770 62 11644 14 1285 1 55 7 1026 2 92 46 6450 32 1267
LR999948.1 9.6e+06 9.7e+06 232 28733 59 10996 9 784   12 2177 1 50 33 5998 28 1028
LR999948.1 9.7e+06 9.8e+06 285 35413 62 9882 15 1326 1 55 21 4892 2 175 35 6388 32 1072
LR999948.1 9.8e+06 9.9e+06 316 43295 63 11138 15 1310   10 2853 1 97 56 11582 31 1173
LR999948.1 9.9e+06 1e+07 259 31228 73 12029 19 2730 1 75 10 1772 5 335 25 4534 28 1084
LR999948.1 1e+07 1.01e+07 225 31931 49 7702 12 793   12 1641 1 63 35 11263 24 983
LR999948.1 1.01e+07 1.02e+07 243 31063 58 9127 14 2264 2 1269 17 2023 4 390 25 5812 27 1032
LR999948.1 1.02e+07 1.03e+07 263 32693 77 15390 19 1574   14 1578 4 332 35 5382 27 837
LR999948.1 1.03e+07 1.04e+07 249 36155 38 7278 18 3029   6 731 8 3404 41 9601 31 1237
LR999948.1 1.04e+07 1.05e+07 176 19021 35 6928 7 434   8 1592 1 48 23 2564 35 1465
LR999948.1 1.05e+07 1.06e+07 194 23139 39 7516 11 1376 1 472 4 387 2 188 17 4278 42 1820
LR999948.1 1.06e+07 1.07e+07 227 35382 42 7373 23 2778 2 155 13 3059 4 2959 34 9083 25 1033
LR999948.1 1.07e+07 1.08e+07 174 20286 31 5329 7 1048   15 2771 1 123 27 3877 31 1507
LR999948.1 1.08e+07 1.09e+07 161 18830 31 5914 9 672   9 684 1 84 16 4695 33 1264
LR999948.1 1.09e+07 1.1e+07 212 30182 42 7854 12 1410 1 13 8 727 6 768 35 10092 29 1518
LR999948.1 1.1e+07 1.11e+07 154 20102 37 7112 5 606   8 944   22 5553 27 1132
LR999948.1 1.11e+07 1.12e+07 152 23007 28 5772 18 2104 1 413 9 1090 6 6113 11 1414 32 1127
LR999948.1 1.12e+07 1.13e+07 126 21516 16 2133 7 912 1 236 11 3587 1 77 16 8059 27 1346
LR999948.1 1.13e+07 11326783 43 23296   1 179 1 179 14 5011   19 17197 5 677
