chrom begin end count_rpt length_rpt count_SINE length_SINE count_DNA length_DNA count_TcM length_TcM count_LINE length_LINE count_LTR length_LTR count_nonLTR length_nonLTR
LR999944.1 1 100000 179 44879 6 824 11 1565 4 635 16 3567 20 12089 41 17583 41 2956
LR999944.1 100001 200000 101 10428 14 2135 6 1792 1 1139 2 123 1 65 11 1402 30 1235
LR999944.1 200001 300000 151 23417 23 3827 7 1818   11 2239   33 9720 22 889
LR999944.1 300001 400000 177 39978 21 3478 11 1656   4 4228 13 11854 22 5842 35 1217
LR999944.1 400001 500000 227 35290 39 7101 13 3094 1 92 12 1511 4 382 30 8330 27 1191
LR999944.1 500001 600000 192 38209 31 5733 11 942 1 107 20 12091 6 2429 33 8197 23 839
LR999944.1 600001 700000 227 38961 43 7974 15 1038   14 5271 2 1814 25 9420 24 971
LR999944.1 700001 800000 231 30810 42 7965 11 982   7 2145 5 480 38 8064 32 1283
LR999944.1 800001 900000 236 29446 33 6391 14 1568   13 1864 3 312 43 8787 48 2702
LR999944.1 900001 1e+06 268 39469 51 9253 23 2594 2 347 13 3792 5 3822 42 9480 26 871
LR999944.1 1e+06 1.1e+06 201 28907 35 6583 14 1081   15 2339 2 140 27 10371 35 1458
LR999944.1 1.1e+06 1.2e+06 252 41632 58 10092 9 1923   25 12434 1 49 40 5957 22 949
LR999944.1 1.2e+06 1.3e+06 250 29373 55 9699 13 884 1 67 13 1917 5 556 37 5679 40 1640
LR999944.1 1.3e+06 1.4e+06 201 25919 55 9650 6 541   12 2397 1 110 29 5671 27 961
LR999944.1 1.4e+06 1.5e+06 251 35436 49 7932 11 2243 2 1609 14 5134 4 382 37 7744 35 1400
LR999944.1 1.5e+06 1.6e+06 288 38358 67 9869 12 1054 1 141 17 4115 4 324 42 8700 27 976
LR999944.1 1.6e+06 1.7e+06 221 28817 53 9990 11 1136   12 2694 5 445 32 5602 31 1228
LR999944.1 1.7e+06 1.8e+06 175 20675 32 6044 11 1050 2 336 7 733 1 85 22 3341 24 855
LR999944.1 1.8e+06 1.9e+06 228 31916 42 7426 12 829   14 6336   32 5795 33 1380
LR999944.1 1.9e+06 2e+06 250 30755 55 9661 18 4364 6 2545 9 1178 4 304 37 4083 27 1092
LR999944.1 2e+06 2.1e+06 209 31632 37 6608 11 1298   10 3456 4 3273 31 6155 38 2330
LR999944.1 2.1e+06 2.2e+06 248 31860 55 9504 8 1197 2 649 13 2025 1 98 49 10260 48 2065
LR999944.1 2.2e+06 2.3e+06 263 30465 59 10125 13 1324   14 1791 4 324 30 4760 33 1264
LR999944.1 2.3e+06 2.4e+06 174 36564 7 1827 41 10148 5 2035 10 3559 6 3390 21 6110 28 1321
LR999944.1 2.4e+06 2.5e+06 129 46904 2 218 35 15834 3 1075 3 1547 24 18657 23 6511 16 715
LR999944.1 2.5e+06 2.6e+06 175 36751 6 603 62 18690 7 2012 5 2312 10 2960 18 3594 19 719
LR999944.1 2.6e+06 2.7e+06 172 43612 7 674 58 21370 15 2124 2 217 10 5580 14 7156 23 962
LR999944.1 2.7e+06 2.8e+06 195 25905 26 5640 42 6865 5 812 6 610 2 184 18 3226 37 1632
LR999944.1 2.8e+06 2.9e+06 224 32453 38 7664 23 3650 1 590 8 700 10 3843 28 6409 25 1202
LR999944.1 2.9e+06 3e+06 250 27959 56 10107 19 1963   12 1582 2 119 29 4494 43 1641
LR999944.1 3e+06 3.1e+06 208 27099 50 9143 15 1439 2 156 12 1196 4 3491 18 2367 29 1406
LR999944.1 3.1e+06 3.2e+06 204 26403 32 6355 10 1314 1 288 9 1132 1 75 28 4797 35 1342
LR999944.1 3.2e+06 3.3e+06 189 26296 52 9705 17 3540 5 1675 4 2482 1 43 16 3654 35 1505
LR999944.1 3.3e+06 3.4e+06 185 24413 52 8526 11 2365   5 710 2 125 22 3638 28 1374
LR999944.1 3.4e+06 3.5e+06 156 16243 32 4914 10 948   4 903 2 179 9 806 31 1181
LR999944.1 3.5e+06 3.6e+06 195 20431 46 7413 13 968 1 43 2 125 1 108 15 1934 33 1297
LR999944.1 3.6e+06 3.7e+06 204 22730 48 8815 10 945   11 1848 2 258 16 2310 42 1683
LR999944.1 3.7e+06 3.8e+06 178 22242 38 5980 8 3209   8 1096 1 62 31 3579 28 1119
LR999944.1 3.8e+06 3.9e+06 238 27965 50 9025 17 1855   11 989 6 778 35 6764 32 1365
LR999944.1 3.9e+06 4e+06 198 20788 31 5153 8 839   8 1071   26 4063 42 1735
LR999944.1 4e+06 4.1e+06 159 22555 35 6893 16 1514   2 171 1 5144 9 949 23 824
LR999944.1 4.1e+06 4.2e+06 156 16230 21 3776 9 1552   5 720 2 150 10 1144 42 1750
LR999944.1 4.2e+06 4.3e+06 218 22293 41 7168 16 859   8 1134 1 43 15 1821 37 1489
LR999944.1 4.3e+06 4.4e+06 198 23489 41 7627 22 4422 1 195 8 686 1 52 19 2080 29 1331
LR999944.1 4.4e+06 4.5e+06 174 18729 29 6228 11 1928   4 711   15 2211 50 2067
LR999944.1 4.5e+06 4.6e+06 201 20320 27 4350 15 2769 3 983 5 1188 2 94 14 1194 44 1705
LR999944.1 4.6e+06 4.7e+06 243 37314 33 6891 39 7130   12 4758   27 4122 32 1225
LR999944.1 4.7e+06 4.8e+06 262 33716 36 6855 26 5270   10 1639 1 57 28 4329 28 1182
LR999944.1 4.8e+06 4.9e+06 238 28887 23 3905 13 1298   16 2247 3 164 29 8143 43 1787
LR999944.1 4.9e+06 5e+06 159 17700 18 3368 16 2918   2 225   11 1293 45 1897
LR999944.1 5e+06 5.1e+06 220 24685 32 5742 19 2248 1 102 14 3797 4 276 25 2733 37 1442
LR999944.1 5.1e+06 5.2e+06 206 20361 42 6777 11 767   6 627 2 149 17 1871 43 1786
LR999944.1 5.2e+06 5.3e+06 213 23850 52 9014 5 448   11 1792 6 1964 20 3087 49 1964
LR999944.1 5.3e+06 5.4e+06 193 32030 42 8444 10 2518 2 1599 9 1701 11 2458 27 8747 39 1698
LR999944.1 5.4e+06 5.5e+06 110 11207 12 2552 6 1391 1 1135 4 298 5 790 9 1264 26 920
LR999944.1 5.5e+06 5.6e+06 101 10819 19 3928 8 916   4 773   6 756 30 1213
LR999944.1 5.6e+06 5.7e+06 148 16915 25 5004 14 1972   5 640 1 74 11 2280 44 1822
LR999944.1 5.7e+06 5.8e+06 189 21442 29 5768 12 2033 1 1051 11 941 1 43 11 1313 42 1580
LR999944.1 5.8e+06 5.9e+06 163 18030 28 5930 10 739   5 1425 2 148 21 2034 35 1588
LR999944.1 5.9e+06 6e+06 164 21458 36 6503 14 1715 3 942 7 1115 4 326 19 5088 32 1249
LR999944.1 6e+06 6.1e+06 173 17924 35 6537 7 731   7 1039   13 1507 42 1748
LR999944.1 6.1e+06 6.2e+06 186 22093 34 5512 7 594   12 2430   21 4733 48 1999
LR999944.1 6.2e+06 6.3e+06 155 17449 23 4678 6 679 1 62 5 534   17 2433 30 1338
LR999944.1 6.3e+06 6.4e+06 162 18599 25 5524 14 1468 1 166 10 1305 1 56 15 2162 39 1551
LR999944.1 6.4e+06 6.5e+06 183 34224 17 3100 19 6460 2 275 15 4468 13 7266 22 4972 33 1158
LR999944.1 6.5e+06 6.6e+06 182 39363 10 2160 23 5638 1 149 1 685 31 13776 13 3988 34 1157
LR999944.1 6.6e+06 6.7e+06 171 22915 32 4949 10 1261 3 745 12 3568 1 111 23 5009 36 1532
LR999944.1 6.7e+06 6.8e+06 154 19478 28 6450 14 1174 1 48 7 2099 1 44 11 2619 42 1969
LR999944.1 6.8e+06 6.9e+06 141 16991 29 6191 14 1807 3 1107 6 659   9 1982 31 1411
LR999944.1 6.9e+06 7e+06 162 29584 29 5853 15 3769   1 93 9 8992 19 2957 28 1165
LR999944.1 7e+06 7.1e+06 146 56540 1 239 20 4548 2 248 4 5652 48 28323 20 9460 20 936
LR999944.1 7.1e+06 7.2e+06 150 53702 1 45 6 1181   30 10977 19 14091 41 23228 32 1221
LR999944.1 7.2e+06 7.3e+06 158 40568 15 2402 27 11328 8 2722 7 3392 4 1000 25 12672 20 936
LR999944.1 7.3e+06 7.4e+06 204 29512 22 4385 20 4429 2 632 16 3667 5 762 17 5138 34 1350
LR999944.1 7.4e+06 7.5e+06 184 39228 38 6591 15 2749 2 258 18 6048 11 5138 26 13123 22 755
LR999944.1 7.5e+06 7.6e+06 206 25078 52 10094 11 2765   15 1297 1 99 21 2133 27 1124
LR999944.1 7.6e+06 7.7e+06 195 31611 40 7376 25 6853 2 580 11 2373 2 101 17 5824 34 1393
LR999944.1 7.7e+06 7.8e+06 158 25063 26 5384 8 911 1 68 11 1631 2 3659 18 6378 38 1577
LR999944.1 7.8e+06 7.9e+06 132 16240 22 3828 11 3220   7 743   15 3635 36 1424
LR999944.1 7.9e+06 8e+06 126 12919 23 3482 10 684   3 226 1 125 4 1531 34 1353
LR999944.1 8e+06 8.1e+06 150 19198 25 3551 5 1608   10 5077 2 351 13 1861 32 1264
LR999944.1 8.1e+06 8.2e+06 220 24850 44 8969 8 974   10 1159 3 179 24 4168 39 1555
LR999944.1 8.2e+06 8.3e+06 216 37377 42 8404 15 3214 4 1031 16 6416 2 125 27 10287 40 1491
LR999944.1 8.3e+06 8.4e+06 207 25997 35 5975 15 2432   12 1792 3 510 11 3869 34 1413
LR999944.1 8.4e+06 8.5e+06 193 25510 29 5666 12 1274   12 4097 2 203 15 2956 36 1516
LR999944.1 8.5e+06 8.6e+06 201 26884 42 8127 24 2178   14 4105 1 12 16 2402 31 1308
LR999944.1 8.6e+06 8.7e+06 205 25006 35 5834 18 1165   3 408 4 437 12 5130 25 1019
LR999944.1 8.7e+06 8.8e+06 201 23923 43 7074 11 2389   12 1702 2 174 23 3547 33 1389
LR999944.1 8.8e+06 8.9e+06 191 27601 39 5809 12 2268 1 230 17 5458 6 3272 19 2665 31 1446
LR999944.1 8.9e+06 9e+06 121 17249 19 3982 5 2795 2 1230 5 738 3 454 6 2896 29 1067
LR999944.1 9e+06 9.1e+06 162 15948 21 3509 17 1292   6 703   8 1030 38 1744
LR999944.1 9.1e+06 9.2e+06 136 15303 22 3834 9 705   7 2133 2 170 11 2558 36 1583
LR999944.1 9.2e+06 9.3e+06 156 20893 30 5835 9 1024 2 98 7 2665 3 248 15 3341 38 2028
LR999944.1 9.3e+06 9.4e+06 165 19324 33 5776 12 2880   5 665 1 53 15 2113 35 1402
LR999944.1 9.4e+06 9.5e+06 175 31119 22 4376 22 3378 1 57 11 2145 5 309 20 10456 30 1514
LR999944.1 9.5e+06 9.6e+06 194 21851 29 5992 11 1158   8 1624 5 1191 15 2092 33 1612
LR999944.1 9.6e+06 9.7e+06 181 25747 34 6837 13 3260   3 3469 2 118 24 2974 38 1549
LR999944.1 9.7e+06 9.8e+06 192 24310 50 9394 14 1226 1 64 11 2017 1 112 18 3412 23 1047
LR999944.1 9.8e+06 9.9e+06 182 22028 37 6912 5 303   11 1531   25 5036 25 1044
LR999944.1 9.9e+06 1e+07 164 19286 39 6972 8 1717   8 870 2 125 12 1627 20 801
LR999944.1 1e+07 1.01e+07 172 19843 35 6092 9 1838   5 571 1 58 18 2658 22 817
LR999944.1 1.01e+07 1.02e+07 135 14485 34 6297 9 561   3 255   11 1297 29 1190
LR999944.1 1.02e+07 1.03e+07 200 29018 36 7255 27 6876 2 190 9 830 1 58 23 4135 33 1300
LR999944.1 1.03e+07 1.04e+07 166 37493 2 355 63 15881 5 907 3 840 17 9738 8 1955 20 1018
LR999944.1 1.04e+07 1.05e+07 148 49182 2 444 24 13191   20 11617 30 13018 18 5797 16 540
LR999944.1 1.05e+07 1.06e+07 145 39969 1 247 43 16794 1 485 4 457 13 8692 14 6883 34 1374
LR999944.1 1.06e+07 1.07e+07 178 42496 13 2433 29 18200 6 1007 10 3056 13 2307 20 8308 32 1047
LR999944.1 1.07e+07 1.08e+07 177 20180 34 7463 19 1909   7 827 2 105 9 1025 35 1575
LR999944.1 1.08e+07 1.09e+07 192 31832 29 4109 36 5266   8 1870 10 5049 22 7302 38 1785
LR999944.1 1.09e+07 1.1e+07 217 31482 28 4923 21 2751 2 650 15 2959 7 1153 18 6626 30 1514
LR999944.1 1.1e+07 1.11e+07 239 32159 36 6548 14 1189 1 71 15 4023 4 588 27 6949 36 1470
LR999944.1 1.11e+07 1.12e+07 215 29536 55 7826 9 811   18 6283 1 62 23 5132 32 1529
LR999944.1 1.12e+07 1.13e+07 193 30677 34 7041 8 1821   8 1034 8 5099 21 5428 25 934
LR999944.1 1.13e+07 1.14e+07 204 32003 23 4842 22 2748 3 620 10 1244 9 4228 27 8361 33 1416
LR999944.1 1.14e+07 1.15e+07 194 26547 41 6970 6 437   12 2540 7 4536 20 2854 27 1068
LR999944.1 1.15e+07 1.16e+07 216 26780 49 8243 7 2073 1 1586 11 1535 4 1124 30 3901 30 1177
LR999944.1 1.16e+07 1.17e+07 211 33809 25 5312 23 4626   19 6489   27 6742 29 990
LR999944.1 1.17e+07 1.18e+07 133 18681 22 3624 7 549   3 261   13 6591 31 1341
LR999944.1 1.18e+07 1.19e+07 170 20829 22 4301 7 380   10 1013   19 5481 32 1291
LR999944.1 1.19e+07 1.2e+07 159 17256 21 3727 12 946   6 950 1 87 6 2044 36 1649
LR999944.1 1.2e+07 1.21e+07 123 15269 20 3004 9 1027   3 347   11 4276 32 1391
LR999944.1 1.21e+07 1.22e+07 130 15804 19 3553 12 1472   7 943   15 3760 26 1020
LR999944.1 1.22e+07 1.23e+07 119 16423 15 2954 7 496   4 566 3 1939 15 5859 42 1874
LR999944.1 1.23e+07 1.24e+07 94 7749 12 1899 4 213   3 186   3 540 34 1291
LR999944.1 1.24e+07 1.25e+07 108 11979 27 4984 5 1510 1 71 2 125 1 64 3 654 36 1623
LR999944.1 1.25e+07 1.26e+07 77 10460 6 1313 4 726   9 1120   7 4300 29 1231
LR999944.1 1.26e+07 1.27e+07 121 15168 11 1467 7 570   6 2561 3 169 14 2604 27 1291
LR999944.1 1.27e+07 1.28e+07 129 17149 8 1567 11 2399 4 1640 5 1153   17 3176 28 1178
LR999944.1 1.28e+07 1.29e+07 227 31092 12 2425 17 2573 2 575 1 388 4 686 10 4942 55 2463
LR999944.1 1.29e+07 12933853 65 9817 1 301 7 717   2 803 2 393 5 1107 9 344
