chrom begin end count_rpt length_rpt count_SINE length_SINE count_DNA length_DNA count_TcM length_TcM count_LINE length_LINE count_LTR length_LTR count_nonLTR length_nonLTR
LR999939.1 1 100000 126 19344 10 2465 6 1698 2 1196 6 1204 1 64 20 6977 47 2104
LR999939.1 100001 200000 79 7914 10 2455 2 319   3 140 1 34 10 1720 26 1031
LR999939.1 200001 300000 99 10111 8 1630 8 907 1 284 5 891 2 144 8 1324 30 1305
LR999939.1 300001 400000 120 18064 31 4866 5 405   11 5252 4 214 24 4211 23 1209
LR999939.1 400001 500000 135 13296 23 3253 15 1382 1 127 6 744 1 96 14 2077 20 645
LR999939.1 500001 600000 176 24249 32 5886 14 1791 4 364 11 2539 1 102 29 6408 37 1426
LR999939.1 600001 700000 167 22850 31 5456 20 4006 4 1380 6 1342 3 259 19 2475 32 1441
LR999939.1 700001 800000 172 23031 23 3248 16 1330 1 204 7 2769 4 234 25 7212 36 1441
LR999939.1 800001 900000 188 24731 39 6409 10 699 1 33 10 1360 2 162 25 6710 31 1270
LR999939.1 900001 1e+06 193 26344 40 6682 5 297   18 3241 2 155 36 8623 33 1384
LR999939.1 1e+06 1.1e+06 215 29704 34 6917 13 3573 1 1217 15 1798 2 193 34 7417 28 1215
LR999939.1 1.1e+06 1.2e+06 233 29350 35 6395 24 3124 1 38 8 1326   33 6538 38 1457
LR999939.1 1.2e+06 1.3e+06 180 18218 28 5331 12 1028   8 777 2 189 12 1818 36 1469
LR999939.1 1.3e+06 1.4e+06 214 27309 40 8213 11 1076   6 641 8 3145 14 1891 32 1142
LR999939.1 1.4e+06 1.5e+06 177 26041 44 8142 7 483 3 217 5 1135 2 177 19 7818 36 1364
LR999939.1 1.5e+06 1.6e+06 179 23484 41 7757 7 423   8 989 1 75 21 3550 26 1072
LR999939.1 1.6e+06 1.7e+06 200 22563 37 6875 18 1612 2 179 6 1934   37 4547 39 1445
LR999939.1 1.7e+06 1.8e+06 249 29684 51 8832 18 1910   9 1513 1 80 21 2714 28 1042
LR999939.1 1.8e+06 1.9e+06 231 28762 45 8342 11 2098 2 1257 18 2374 2 434 25 5608 38 1458
LR999939.1 1.9e+06 2e+06 210 27556 36 5928 18 1514 1 277 14 1707 4 132 20 6253 29 1224
LR999939.1 2e+06 2.1e+06 164 18750 36 5391 11 855   10 1584   24 3950 27 1159
LR999939.1 2.1e+06 2.2e+06 190 25346 28 4786 11 800 1 77 9 1403 5 752 13 5295 34 1438
LR999939.1 2.2e+06 2.3e+06 226 33986 39 7055 8 1903   14 5337 1 39 33 8839 36 1529
LR999939.1 2.3e+06 2.4e+06 142 28323 27 4776 10 3143 4 2733 18 4821 3 2222 17 6965 21 808
LR999939.1 2.4e+06 2.5e+06 190 29734 39 7030 13 1644   17 4679 2 51 25 9036 41 1592
LR999939.1 2.5e+06 2.6e+06 219 31488 49 8274 10 1749   7 537 5 3712 27 6272 40 1671
LR999939.1 2.6e+06 2.7e+06 176 28543 36 6413 15 1394 1 62 11 4728 1 74 26 9237 29 1104
LR999939.1 2.7e+06 2.8e+06 198 26274 37 7913 6 1136 2 760 16 2698 2 222 28 5470 35 1496
LR999939.1 2.8e+06 2.9e+06 199 22136 33 5612 12 1630 3 180 7 647 7 759 19 4654 46 1903
LR999939.1 2.9e+06 3e+06 204 24996 30 5422 17 2854   10 2011 1 78 12 1767 38 1618
LR999939.1 3e+06 3.1e+06 210 34379 34 6398 29 6101 2 1025 8 1398 1 77 22 9524 41 1887
LR999939.1 3.1e+06 3.2e+06 202 22781 34 6293 11 1798 2 249 7 1149 1 98 13 2421 41 1602
LR999939.1 3.2e+06 3.3e+06 155 20232 30 5176 7 763 2 483 8 1307   28 5831 28 1401
LR999939.1 3.3e+06 3.4e+06 168 21484 38 6514 11 4096   11 1332   16 1764 29 1049
LR999939.1 3.4e+06 3.5e+06 189 31073 30 5733 9 1682 1 121 13 3269 2 402 33 11680 29 1131
LR999939.1 3.5e+06 3.6e+06 197 22068 37 6710 15 1244   12 1951 1 80 17 2109 34 1404
LR999939.1 3.6e+06 3.7e+06 163 22282 19 2768 12 1630 1 346 10 1830 6 2293 21 5054 29 1243
LR999939.1 3.7e+06 3.8e+06 165 20092 34 5013 13 2334   13 2317 1 32 17 3559 29 1155
LR999939.1 3.8e+06 3.9e+06 195 28154 32 5084 13 2148   15 4004 6 2984 25 5852 38 1602
LR999939.1 3.9e+06 4e+06 152 21965 35 5749 7 847   11 2553   24 6765 36 1506
LR999939.1 4e+06 4.1e+06 185 22370 28 5135 18 2630   11 1789 5 354 19 2707 24 880
LR999939.1 4.1e+06 4.2e+06 184 33652 40 7088 9 2206 1 160 16 7792 3 145 21 8724 34 1380
LR999939.1 4.2e+06 4.3e+06 130 12306 21 3865 12 1287   6 716 1 87 11 870 28 1248
LR999939.1 4.3e+06 4.4e+06 135 21026 22 4594 12 5465 1 13 3 309 1 20 11 3069 29 1470
LR999939.1 4.4e+06 4.5e+06 130 15200 22 3321 10 840   10 3854 2 140 7 1488 33 1445
LR999939.1 4.5e+06 4.6e+06 93 9965 8 1870 6 1664   3 486 2 305 7 774 33 1397
LR999939.1 4.6e+06 4.7e+06 162 18460 33 5701 5 417   5 2930 1 95 9 1732 42 1518
LR999939.1 4.7e+06 4.8e+06 133 16642 28 4939 8 665   11 3183 1 65 12 2473 34 1584
LR999939.1 4.8e+06 4.9e+06 151 17669 17 3682 14 2120 3 1021 1 333   11 1667 40 1658
LR999939.1 4.9e+06 5e+06 154 16851 17 3149 9 778   15 1592 4 3474 9 930 44 1730
LR999939.1 5e+06 5.1e+06 166 19981 27 5425 12 1143 1 68 6 822 2 260 18 2639 37 1466
LR999939.1 5.1e+06 5.2e+06 164 21554 37 7125 13 2900   11 1462 1 87 17 3740 35 1378
LR999939.1 5.2e+06 5.3e+06 168 20936 31 5337 11 1913 1 67 15 3112 1 855 16 2121 33 1438
LR999939.1 5.3e+06 5.4e+06 153 24211 19 3617 10 1602 2 214 14 4894   29 7577 30 1411
LR999939.1 5.4e+06 5.5e+06 142 18185 26 5550 7 728   3 402 1 99 16 5246 42 1867
LR999939.1 5.5e+06 5.6e+06 148 17858 18 3444 9 830   8 3347   11 1656 41 1631
LR999939.1 5.6e+06 5.7e+06 120 16474 18 3671 4 1490   7 4024   9 739 36 1363
LR999939.1 5.7e+06 5.8e+06 155 24464 22 5319 11 2393 1 213 8 2215   14 6808 40 1981
LR999939.1 5.8e+06 5.9e+06 161 16714 28 5171 11 1348 3 265 8 1053   11 1815 44 1640
LR999939.1 5.9e+06 6e+06 129 16376 23 4645 7 416   5 455 2 212 20 4505 32 1243
LR999939.1 6e+06 6.1e+06 117 17132 26 4785 16 1157 2 123 3 252 9 5509 8 1029 21 773
LR999939.1 6.1e+06 6.2e+06 115 16501 14 3248 9 2239 2 1257 4 606   16 5673 40 1740
LR999939.1 6.2e+06 6.3e+06 124 11258 19 3455 19 1277   5 618 1 92 6 805 35 1428
LR999939.1 6.3e+06 6.4e+06 133 16645 16 3651 3 853   14 2010 1 50 14 3913 37 1468
LR999939.1 6.4e+06 6.5e+06 147 18819 18 3395 9 920   8 4407 6 395 15 2024 28 1222
LR999939.1 6.5e+06 6.6e+06 132 17227 21 4197 4 587   4 370 2 195 17 5094 33 1546
LR999939.1 6.6e+06 6.7e+06 91 9596 12 2577 5 460   4 829 1 89 9 1230 27 1135
LR999939.1 6.7e+06 6.8e+06 70 12470 11 1127 7 2960   3 1633 2 162 9 4288 21 983
LR999939.1 6.8e+06 6.9e+06 96 13328 9 1393 8 1885   5 1519   6 3037 29 1221
LR999939.1 6.9e+06 7e+06 108 15726 21 2969 8 1064 1 352 9 2028 2 4201 7 717 29 1330
LR999939.1 7e+06 7.1e+06 129 16442 22 3826 7 1817   3 446 6 2134 12 1899 31 1235
LR999939.1 7.1e+06 7.2e+06 89 14059 8 1378 9 1029 1 58 10 4366   6 3749 34 1427
LR999939.1 7.2e+06 7.3e+06 133 18590 13 2015 12 1038 1 69 8 991 2 226 21 9055 40 1572
LR999939.1 7.3e+06 7.4e+06 118 11049 12 2095 13 1177 2 222 7 739 1 69 3 365 32 1169
LR999939.1 7.4e+06 7.5e+06 99 11785 17 3164 8 657   2 381 1 74 7 1805 27 1204
LR999939.1 7.5e+06 7.6e+06 89 11701 15 2750 10 541   6 3194   10 2752 30 1364
LR999939.1 7.6e+06 7.7e+06 161 28785 32 4383 9 1935   5 1285 6 4502 20 7884 33 1462
LR999939.1 7.7e+06 7.8e+06 134 19281 26 4655 11 5096   11 3039   8 710 28 1051
LR999939.1 7.8e+06 7.9e+06 113 18980 22 3332 5 324   4 910   16 8436 26 1119
LR999939.1 7.9e+06 8e+06 119 20737 12 2375 12 2745 1 1054 7 5665 2 240 19 4093 24 1108
LR999939.1 8e+06 8.1e+06 146 16895 28 5385 7 1359 1 411 13 1588 12 432 14 2132 27 1207
LR999939.1 8.1e+06 8.2e+06 129 14889 25 4482 7 1839   6 690   15 1236 31 1435
LR999939.1 8.2e+06 8.3e+06 118 17713 15 3473 10 1075   12 4313 1 87 17 4729 32 1337
LR999939.1 8.3e+06 8.4e+06 106 14797 15 2609 7 634   6 2531 8 2713 8 1819 25 1068
LR999939.1 8.4e+06 8.5e+06 138 16743 23 3617 9 529   5 703 1 66 4 4064 28 1115
LR999939.1 8.5e+06 8.6e+06 102 13852 7 1188 2 122   8 2864 1 78 10 4117 41 1907
LR999939.1 8.6e+06 8.7e+06 128 15563 21 4264 12 2487 1 162 5 530   8 2077 34 1334
LR999939.1 8.7e+06 8.8e+06 123 22170 9 2343 14 5463 2 1580 5 2322 1 1030 17 5996 41 1629
LR999939.1 8.8e+06 8.9e+06 99 16744 14 2315 7 526   9 1057 7 3382 10 5134 26 1037
LR999939.1 8.9e+06 9e+06 136 13679 28 4243 11 1117   6 990 1 35 8 1010 38 1548
LR999939.1 9e+06 9.1e+06 123 12507 14 3035 12 2141 3 239 1 27 1 102 10 789 37 1542
LR999939.1 9.1e+06 9.2e+06 124 13714 16 2587 5 1546   4 453   13 3140 43 1902
LR999939.1 9.2e+06 9.3e+06 138 17210 15 3327 10 4413   2 267 2 150 10 2014 49 2000
LR999939.1 9.3e+06 9.4e+06 167 20551 21 3741 22 3336   8 897   21 5063 40 1701
LR999939.1 9.4e+06 9.5e+06 187 25918 24 4429 14 1653   18 4722 4 958 16 3576 45 2393
LR999939.1 9.5e+06 9.6e+06 118 11104 19 2966 4 319   3 673   18 2465 42 1711
LR999939.1 9.6e+06 9.7e+06 136 20520 26 4596 4 191   9 2284 2 161 18 7169 28 1154
LR999939.1 9.7e+06 9.8e+06 109 13569 14 2506 4 183   4 542   8 4922 38 1600
LR999939.1 9.8e+06 9.9e+06 127 13828 21 3530 9 989   4 1384 1 86 17 2929 37 1329
LR999939.1 9.9e+06 1e+07 160 14123 25 3835 10 979   1 141 2 159 8 1123 38 1344
LR999939.1 1e+07 1.01e+07 173 18822 24 4612 18 2772 5 1178 2 326 6 818 14 1972 39 1605
LR999939.1 1.01e+07 1.02e+07 63 5132 5 861 3 255   2 328   1 149 22 924
LR999939.1 1.02e+07 1.03e+07 145 17473 19 4171 12 3287   10 1294 4 302 14 1448 23 815
LR999939.1 1.03e+07 1.04e+07 165 20431 30 5882 7 647   6 688 6 3572 15 1721 42 1938
LR999939.1 1.04e+07 1.05e+07 192 17880 34 4822 10 697   8 1216 7 882 10 957 40 1668
LR999939.1 1.05e+07 1.06e+07 171 20278 34 6288 7 1889   6 537 1 108 20 2815 36 1853
LR999939.1 1.06e+07 1.07e+07 177 21825 27 5614 13 2161   2 330 1 97 14 3056 41 1736
LR999939.1 1.07e+07 1.08e+07 180 23080 39 7676 8 625   4 475 1 103 19 3248 31 1239
LR999939.1 1.08e+07 1.09e+07 239 31394 38 6951 11 1497 2 102 16 2682 2 173 26 7795 37 1516
LR999939.1 1.09e+07 1.1e+07 239 27643 53 9425 13 1747 3 737 10 876 4 195 30 4792 40 1761
LR999939.1 1.1e+07 1.11e+07 184 21327 25 4593 8 522   2 318   14 3301 32 1185
LR999939.1 1.11e+07 1.12e+07 168 22916 21 5001 16 2515 2 125 5 717 2 2776 20 4288 35 1661
LR999939.1 1.12e+07 1.13e+07 135 14855 18 3500 11 2322 1 480 5 508   8 1732 37 1621
LR999939.1 1.13e+07 1.14e+07 188 22396 30 5795 19 1900   11 2240 1 51 20 3860 41 2026
LR999939.1 1.14e+07 1.15e+07 193 27272 37 7938 12 931   6 636 1 67 22 7943 39 1582
LR999939.1 1.15e+07 1.16e+07 182 33526 24 4799 21 3948 2 679 9 4154 7 4859 27 7467 26 1145
LR999939.1 1.16e+07 1.17e+07 172 20553 36 7387 15 1608 1 521 6 753 3 281 17 1753 22 847
LR999939.1 1.17e+07 1.18e+07 180 20087 29 4750 18 1909   6 815   18 3014 42 1811
LR999939.1 1.18e+07 1.19e+07 169 27297 27 5251 7 588   7 1199 14 8724 17 4395 39 1706
LR999939.1 1.19e+07 1.2e+07 174 19772 22 4244 15 1641 3 668 11 1529   20 3620 40 1736
LR999939.1 1.2e+07 1.21e+07 222 23963 28 4812 11 1477   10 1403 2 159 29 5021 42 1892
LR999939.1 1.21e+07 1.22e+07 224 25521 32 5723 13 1105   7 825 3 2999 22 2434 40 1673
LR999939.1 1.22e+07 1.23e+07 187 24705 35 5402 10 686 1 79 8 931   21 8107 28 1338
LR999939.1 1.23e+07 1.24e+07 155 21218 29 5741 14 2038 1 79 3 319 1 103 9 6054 35 1396
LR999939.1 1.24e+07 1.25e+07 200 28065 30 4860 30 5992 1 1589 22 4064 7 3258 15 2086 22 871
LR999939.1 1.25e+07 1.26e+07 214 28917 47 10084 18 1823   8 1087 5 435 25 6451 39 1721
LR999939.1 1.26e+07 1.27e+07 256 35454 53 10667 17 5958   10 1113 11 1263 16 4327 32 1172
LR999939.1 1.27e+07 1.28e+07 235 31157 53 9432 8 1727   9 1169   39 7595 30 1222
LR999939.1 1.28e+07 1.29e+07 236 29997 52 10134 11 736   6 1059 4 262 34 4520 33 1225
LR999939.1 1.29e+07 1.3e+07 211 31265 42 7663 9 957 1 90 13 1282 8 5205 30 6775 38 1542
LR999939.1 1.3e+07 1.31e+07 244 35007 51 9146 13 1256 2 337 22 7192 1 29 35 4947 26 1070
LR999939.1 1.31e+07 1.32e+07 237 26596 45 7590 10 667   14 1406   33 4417 31 1181
LR999939.1 1.32e+07 1.33e+07 250 38297 45 8812 14 1180   16 5521 1 103 35 7981 30 1129
LR999939.1 1.33e+07 1.34e+07 236 43698 38 6749 5 1650   18 4505 3 2870 36 7740 35 1397
LR999939.1 1.34e+07 1.35e+07 231 26166 56 10479 14 955 2 122 9 1377 3 262 31 4288 27 1038
LR999939.1 1.35e+07 1.36e+07 201 33697 36 7467 18 4111   10 5179 2 150 22 7455 32 1495
LR999939.1 1.36e+07 1.37e+07 135 20818 26 5502 8 2865   7 1210   14 5609 31 1327
LR999939.1 1.37e+07 1.38e+07 169 22222 14 2857 18 2895 7 2094 5 1090 2 218 19 4618 46 2149
LR999939.1 1.38e+07 1.39e+07 153 35638 6 1588 19 2825 1 72 10 5010 8 2290 20 15514 40 2282
LR999939.1 1.39e+07 13916383 29 10110       9 4444 1 48 14 5414 4 144
