chrom begin end count_rpt length_rpt count_SINE length_SINE count_DNA length_DNA count_TcM length_TcM count_LINE length_LINE count_LTR length_LTR count_nonLTR length_nonLTR
LR999938.1 1 100000 126 55477 1 57 9 998 6 618 16 4651 8 4035 42 38325 30 5349
LR999938.1 100001 200000 105 12251 14 1890 10 669       7 2386 30 1016
LR999938.1 200001 300000 118 12543 20 3510 6 533   3 285   14 1572 20 779
LR999938.1 300001 400000 164 19348 27 5416 9 757   8 682 13 4344 15 1582 36 1473
LR999938.1 400001 500000 186 20849 33 6389 6 416   6 728 2 157 22 3212 31 1238
LR999938.1 500001 600000 191 22185 38 7399 13 1929   3 515 3 254 15 2074 31 1300
LR999938.1 600001 700000 207 25542 50 9987 10 959   9 1218 1 193 29 5862 44 1773
LR999938.1 700001 800000 189 20832 36 6683 6 405   5 446 1 99 29 3818 24 947
LR999938.1 800001 900000 213 26772 47 8466 17 2786 1 62 16 2395 2 994 28 4831 37 1556
LR999938.1 900001 1e+06 199 25550 25 3978 9 613   6 1775 1 2147 30 6758 37 1634
LR999938.1 1e+06 1.1e+06 187 29670 35 7269 10 3680 1 509 9 1063 2 99 19 9784 54 2223
LR999938.1 1.1e+06 1.2e+06 260 37406 45 7886 28 7624 3 1621 10 2216 4 586 36 7710 30 1225
LR999938.1 1.2e+06 1.3e+06 205 29116 46 9553 9 1307   20 4120 1 76 23 4951 28 1075
LR999938.1 1.3e+06 1.4e+06 195 26173 31 6182 17 2288 2 265 8 1241 3 466 25 6295 31 1473
LR999938.1 1.4e+06 1.5e+06 179 31432 25 5097 12 1459   8 3241 12 7970 14 3747 29 1246
LR999938.1 1.5e+06 1.6e+06 224 31310 63 11109 11 977 1 71 13 2170 2 159 37 6930 19 834
LR999938.1 1.6e+06 1.7e+06 217 26848 49 7754 13 2487 2 542 11 1338 3 574 28 5240 34 1393
LR999938.1 1.7e+06 1.8e+06 239 31902 40 6479 18 3607 1 69 18 5780 1 60 18 2047 29 1008
LR999938.1 1.8e+06 1.9e+06 203 22651 54 10287 14 1014   11 1690 1 70 19 2020 29 1147
LR999938.1 1.9e+06 2e+06 169 25461 36 7047 12 1816   13 1763 1 111 22 7438 29 1091
LR999938.1 2e+06 2.1e+06 200 25371 43 7353 13 1942 1 606 6 1031 2 221 22 4623 32 1241
LR999938.1 2.1e+06 2.2e+06 231 27272 38 6967 15 1952   8 998 3 264 32 4883 33 1374
LR999938.1 2.2e+06 2.3e+06 175 22397 42 7375 10 995   10 1666 1 98 20 2875 18 708
LR999938.1 2.3e+06 2.4e+06 180 33401 33 5220 4 224   9 2482 6 3326 25 14315 34 1205
LR999938.1 2.4e+06 2.5e+06 215 35167 31 5880 15 2342 2 520 14 1705 4 275 35 13145 35 1430
LR999938.1 2.5e+06 2.6e+06 207 29609 46 9158 14 2539 2 280 14 3556 2 142 30 6241 27 1044
LR999938.1 2.6e+06 2.7e+06 185 31835 38 8193 19 2448 1 443 6 718 2 4090 36 8645 27 1096
LR999938.1 2.7e+06 2.8e+06 127 12559 21 3989 4 362   5 514 2 134 6 1106 49 2818
LR999938.1 2.8e+06 2.9e+06 174 26152 41 5923 14 2410 1 75 13 2258 2 3100 18 4811 33 1728
LR999938.1 2.9e+06 3e+06 152 21635 43 6029 12 2498 2 956 4 540 1 10 24 7532 22 894
LR999938.1 3e+06 3.1e+06 130 13859 22 4181 4 571   1 129   12 1551 25 1311
LR999938.1 3.1e+06 3.2e+06 130 14495 18 3229 9 1212 1 435 6 685   19 2180 23 974
LR999938.1 3.2e+06 3.3e+06 149 20867 20 3858 9 1936   9 2439 2 328 14 4142 34 1467
LR999938.1 3.3e+06 3.4e+06 131 12897 24 4057 12 952 1 78 7 980 1 48 11 1247 27 958
LR999938.1 3.4e+06 3.5e+06 150 20828 24 4028 8 567   5 3493 1 77 16 3188 25 1178
LR999938.1 3.5e+06 3.6e+06 228 31618 37 6030 25 5146   15 2058 2 153 22 5687 32 1385
LR999938.1 3.6e+06 3.7e+06 209 23706 33 5937 19 2078   11 1694 1 58 16 3271 32 1387
LR999938.1 3.7e+06 3.8e+06 206 27957 41 7519 16 2691   11 1338 4 311 15 6381 32 1275
LR999938.1 3.8e+06 3.9e+06 184 22665 50 9234 7 893 1 269 3 286   20 3344 35 1710
LR999938.1 3.9e+06 4e+06 209 28826 40 7526 16 6236   11 3781 2 123 16 2249 49 1856
LR999938.1 4e+06 4.1e+06 198 24357 35 6211 10 812   7 1604 2 179 18 6010 45 1608
LR999938.1 4.1e+06 4.2e+06 227 23195 40 7330 9 1479   15 1326   24 2914 46 1749
LR999938.1 4.2e+06 4.3e+06 170 23472 26 4382 19 2316   9 2047 1 157 17 5704 26 1074
LR999938.1 4.3e+06 4.4e+06 155 20558 26 4117 5 457   15 4998   19 4462 34 1271
LR999938.1 4.4e+06 4.5e+06 148 16504 18 3784 10 805   15 2539   16 2427 25 1085
LR999938.1 4.5e+06 4.6e+06 154 23632 20 3852 19 5126 2 136 6 4029 4 200 15 2323 34 1464
LR999938.1 4.6e+06 4.7e+06 102 16926 18 3959 4 164   16 7018 2 145 8 2174 31 1166
LR999938.1 4.7e+06 4.8e+06 167 18413 36 7656 8 539   10 2195   18 2063 37 1448
LR999938.1 4.8e+06 4.9e+06 140 21261 20 4131 11 1455   7 2240 7 4278 12 2808 30 1172
LR999938.1 4.9e+06 5e+06 189 29598 26 4012 10 784   14 4196 4 3928 20 6397 20 723
LR999938.1 5e+06 5.1e+06 222 39706 23 4565 22 6397 2 357 16 5450 1 58 12 8008 40 1530
LR999938.1 5.1e+06 5.2e+06 163 29643 35 6693 7 470 1 77 15 4731 4 3718 14 6938 28 1052
LR999938.1 5.2e+06 5.3e+06 198 28735 26 6178 20 5335 1 89 14 2824   23 3567 32 1325
LR999938.1 5.3e+06 5.4e+06 201 33857 28 4728 14 2107 1 695 11 5858   22 9230 38 1470
LR999938.1 5.4e+06 5.5e+06 176 19963 40 6375 11 911   8 888 2 474 23 4309 31 1187
LR999938.1 5.5e+06 5.6e+06 239 30398 41 7720 23 3597   12 4142 2 153 30 3912 45 2031
LR999938.1 5.6e+06 5.7e+06 153 20444 34 6815 13 2207   8 1787 4 372 13 2284 24 981
LR999938.1 5.7e+06 5.8e+06 143 20453 22 4367 16 1550 1 77 3 488 8 4940 4 445 22 772
LR999938.1 5.8e+06 5.9e+06 166 23712 32 6251 14 2219   7 779 2 419 22 5033 23 1010
LR999938.1 5.9e+06 6e+06 161 16886 31 6059 7 637   7 949 1 50 10 1373 42 1835
LR999938.1 6e+06 6.1e+06 158 26544 21 3665 11 3791 1 650 12 2749   15 6465 32 1244
LR999938.1 6.1e+06 6.2e+06 178 38907 23 4692 6 440   12 10788 8 4896 20 8807 28 1099
LR999938.1 6.2e+06 6.3e+06 162 18132 31 3963 8 1535   10 1106   23 5014 28 1142
LR999938.1 6.3e+06 6.4e+06 184 25471 29 4980 13 2345   15 2996 1 252 20 5782 36 1302
LR999938.1 6.4e+06 6.5e+06 177 19415 20 2959 9 1050   14 2426 3 182 24 3584 39 1634
LR999938.1 6.5e+06 6.6e+06 133 18183 24 3842 7 3562   3 381 2 2140 11 1816 36 1490
LR999938.1 6.6e+06 6.7e+06 150 20730 22 5205 16 2401 1 48 7 3967   15 2478 36 1546
LR999938.1 6.7e+06 6.8e+06 145 24000 15 2725 21 7070   6 1170 1 64 18 5923 34 1495
LR999938.1 6.8e+06 6.9e+06 98 17029 10 2369 7 719   7 3189 1 81 14 7113 27 1101
LR999938.1 6.9e+06 7e+06 129 24343 23 3811 4 472   8 5739 2 214 13 8478 29 1018
LR999938.1 7e+06 7.1e+06 123 18612 24 4108 6 318   5 1680   13 6585 23 915
LR999938.1 7.1e+06 7.2e+06 132 14893 23 3687 5 432   8 1303   12 2573 34 1511
LR999938.1 7.2e+06 7.3e+06 124 17553 25 4405 9 1930 2 592 8 1285 2 206 17 4579 27 1238
LR999938.1 7.3e+06 7.4e+06 127 12180 27 4962 7 451   4 508 1 77 8 965 33 1301
LR999938.1 7.4e+06 7.5e+06 156 26464 24 4293 16 4887   10 2293 3 244 20 7931 35 1693
LR999938.1 7.5e+06 7.6e+06 156 18986 25 3548 11 2199   9 1316 1 78 14 3647 33 1426
LR999938.1 7.6e+06 7.7e+06 124 23006 12 2552 13 2997 1 344 12 8659   6 1783 34 1411
LR999938.1 7.7e+06 7.8e+06 135 13051 15 2815 7 443   6 876   16 2580 36 1535
LR999938.1 7.8e+06 7.9e+06 110 11825 17 3656 7 584   11 1684 1 103 11 1078 26 1046
LR999938.1 7.9e+06 8e+06 141 28988 16 3094 7 649 2 197 17 7250 3 354 18 11118 37 1373
LR999938.1 8e+06 8.1e+06 132 31969 13 2430 3 306   6 4402 8 7112 16 6560 35 1539
LR999938.1 8.1e+06 8.2e+06 158 23319 23 3355 15 3871 2 1064 16 2969 7 2120 12 4754 32 1380
LR999938.1 8.2e+06 8.3e+06 95 10686 15 3000 6 753     1 54 4 1326 29 1285
LR999938.1 8.3e+06 8.4e+06 104 12724 6 1782 5 804   2 1467 2 90 22 4091 25 1071
LR999938.1 8.4e+06 8.5e+06 139 16080 24 5000 12 1552   5 731   12 1884 43 1716
LR999938.1 8.5e+06 8.6e+06 80 11012 9 2621 4 255   3 310 1 80 7 4014 26 970
LR999938.1 8.6e+06 8.7e+06 60 4431 10 1143 6 554   7 491   2 107 23 1090
LR999938.1 8.7e+06 8.8e+06 118 12706 11 2160 4 644   6 938 4 697 15 2080 37 1638
LR999938.1 8.8e+06 8.9e+06 109 9929 17 2781 10 647   5 701 1 44 3 423 30 1389
LR999938.1 8.9e+06 9e+06 109 12094 18 3962 7 615   7 1385 1 16 6 684 41 1669
LR999938.1 9e+06 9.1e+06 120 21426 7 1281 11 1071   6 1917 2 145 17 10535 40 1629
LR999938.1 9.1e+06 9.2e+06 128 29754 14 2982 13 2409   11 7490 9 2605 20 8210 28 1330
LR999938.1 9.2e+06 9.3e+06 96 10609 19 3371 8 1793   3 481 1 215 7 1167 34 1276
LR999938.1 9.3e+06 9.4e+06 110 14996 9 2051 10 3047 3 987 4 716   14 2421 20 883
LR999938.1 9.4e+06 9.5e+06 81 7066 6 1061 6 699   2 244   5 536 40 1701
LR999938.1 9.5e+06 9.6e+06 54 3071 1 25 5 372   1 35   2 270 28 1123
LR999938.1 9.6e+06 9.7e+06 74 7796 10 1766 4 328 1 64 6 468 4 697 3 1910 32 1231
LR999938.1 9.7e+06 9.8e+06 93 12087 12 2571 3 291   3 351 10 3675 6 1435 32 1385
LR999938.1 9.8e+06 9.9e+06 65 4494 3 348 5 268   4 440 2 332   26 1133
LR999938.1 9.9e+06 1e+07 67 5723 15 2120 2 164   1 66 1 40 5 558 18 827
LR999938.1 1e+07 1.01e+07 84 7147 9 1974 5 438     4 697 1 61 34 1485
LR999938.1 1.01e+07 1.02e+07 52 4545 7 1045 2 172   3 884   3 376 22 1025
LR999938.1 1.02e+07 1.03e+07 87 7763 15 3190 3 199   3 278 1 72 4 529 33 1385
LR999938.1 1.03e+07 1.04e+07 109 10796 21 3378 7 973   1 71 2 139 4 624 30 1110
LR999938.1 1.04e+07 1.05e+07 96 8752 12 2335 7 432   2 200 3 287 10 1116 25 977
LR999938.1 1.05e+07 1.06e+07 99 10895 7 965 7 614   4 381   13 4344 29 1218
LR999938.1 1.06e+07 1.07e+07 108 9542 8 1522 4 295   5 815 2 130 5 1103 51 2472
LR999938.1 1.07e+07 1.08e+07 186 27605 24 4739 11 731   18 5322 3 478 20 6384 41 1656
LR999938.1 1.08e+07 1.09e+07 176 27434 24 4952 18 5685 2 431 23 5644   11 1521 34 1500
LR999938.1 1.09e+07 1.1e+07 185 38312 26 5150 15 5827   14 7508 5 1053 22 10605 41 1834
LR999938.1 1.1e+07 1.11e+07 181 25964 40 5810 7 1347   12 4156 2 145 22 6111 24 1042
LR999938.1 1.11e+07 1.12e+07 185 26305 22 4507 12 1123 1 136 9 3731 2 534 22 6629 40 1617
LR999938.1 1.12e+07 1.13e+07 137 20467 22 3866 5 1559   9 1126 1 45 14 6132 38 1607
LR999938.1 1.13e+07 1.14e+07 127 13873 19 3186 13 1322   6 1940 3 262 7 480 27 1591
LR999938.1 1.14e+07 1.15e+07 101 12457 19 3636 9 1968   1 23   7 2981 38 1687
LR999938.1 1.15e+07 1.16e+07 96 10747 19 3708 5 482   4 1218 2 144 6 631 25 1091
LR999938.1 1.16e+07 1.17e+07 121 14793 8 1976 14 2678 3 669 7 1598 1 47 4 1656 43 1638
LR999938.1 1.17e+07 1.18e+07 91 9113 9 1588 9 689   3 210   6 1068 32 1221
LR999938.1 1.18e+07 1.19e+07 106 12497 16 3349 8 2797 1 1580 6 546 2 139 6 951 37 1549
LR999938.1 1.19e+07 1.2e+07 98 8821 8 1216 8 1824   4 682 3 175 6 976 36 1663
LR999938.1 1.2e+07 1.21e+07 100 8957 11 2389 5 324   6 713   7 968 36 1569
LR999938.1 1.21e+07 1.22e+07 210 34522 29 5719 25 2366   22 10529 3 273 24 7289 50 2091
LR999938.1 1.22e+07 1.23e+07 189 33804 36 7097 10 1600 1 51 5 530 13 9528 19 5660 34 1502
LR999938.1 1.23e+07 1.24e+07 182 26909 32 5124 13 1588 1 109 15 5293 3 1999 29 6887 42 1796
LR999938.1 1.24e+07 1.25e+07 223 29719 36 6121 12 794 2 141 12 1212 6 2397 31 9313 48 1847
LR999938.1 1.25e+07 1.26e+07 186 27751 29 5515 17 1887   9 1320 6 4411 25 5769 35 1522
LR999938.1 1.26e+07 1.27e+07 132 20045 17 3547 14 2178 2 341 4 604 3 4195 14 4259 38 1686
LR999938.1 1.27e+07 1.28e+07 162 20343 23 5300 11 1513 1 73 5 730 2 51 21 4537 44 2102
LR999938.1 1.28e+07 1.29e+07 156 20467 29 5713 11 1170   11 2313 3 1491 17 2563 29 1446
LR999938.1 1.29e+07 1.3e+07 162 21769 29 5111 24 3539 3 1164 6 3455   15 2157 35 1463
LR999938.1 1.3e+07 1.31e+07 192 26382 34 7198 17 2364 3 217 14 4040 5 408 22 4236 33 1363
LR999938.1 1.31e+07 1.32e+07 168 21876 37 7397 21 3874 2 437 3 391 1 86 10 1481 27 1125
LR999938.1 1.32e+07 1.33e+07 159 20157 18 3162 15 4772 1 106 8 961   22 4395 29 1223
LR999938.1 1.33e+07 1.34e+07 244 36351 38 6772 21 5354 1 380 12 2918 2 184 28 8710 37 1557
LR999938.1 1.34e+07 1.35e+07 213 25826 38 7311 13 2567 1 42 13 2952 4 159 23 2851 34 1211
LR999938.1 1.35e+07 1.36e+07 158 15932 24 3939 8 1182   7 761   19 2757 44 1777
LR999938.1 1.36e+07 1.37e+07 222 19940 38 6228 12 1117   9 1109 1 78 20 3151 73 2339
LR999938.1 1.37e+07 1.38e+07 177 27297 35 7071 12 1542 1 411 2 160 2 2507 25 8124 37 1641
LR999938.1 1.38e+07 1.39e+07 177 24915 62 9965 6 828   3 425   13 6934 27 1042
LR999938.1 1.39e+07 1.4e+07 222 29727 43 6618 18 2472 2 168 7 859 9 5529 22 2638 39 1513
LR999938.1 1.4e+07 1.41e+07 192 21985 42 8033 9 1948 2 1269 3 572 1 63 17 2449 39 1592
LR999938.1 1.41e+07 1.42e+07 166 20507 36 7214 13 1751 1 674 10 1345   22 4328 38 1482
LR999938.1 1.42e+07 1.43e+07 204 23501 35 6957 7 649   9 1092 5 373 26 4300 44 1721
LR999938.1 1.43e+07 1.44e+07 124 12940 19 2832 16 2177 2 548 2 276 1 78 10 1339 29 1492
LR999938.1 1.44e+07 1.45e+07 141 19436 18 3707 9 2842 1 393 8 1402 1 40 14 4024 30 1116
LR999938.1 1.45e+07 1.46e+07 175 26410 8 571 13 2307   10 3437   17 9287 59 2822
LR999938.1 1.46e+07 14605406 1 270           1 270  
