chrom begin end count_rpt length_rpt count_SINE length_SINE count_DNA length_DNA count_TcM length_TcM count_LINE length_LINE count_LTR length_LTR count_nonLTR length_nonLTR
LR999947.1 1 100000 135 23539 17 3303 15 1903 3 603 3 601 3 2249 24 9791 31 1187
LR999947.1 100001 200000 192 20434 40 5446 17 1606   7 942 3 266 26 3384 32 1275
LR999947.1 200001 300000 177 29821 40 7793 12 2067   12 5383 3 4303 27 4915 38 1693
LR999947.1 300001 400000 204 33748 33 6708 10 1084   13 4708 5 382 26 12200 36 1418
LR999947.1 400001 500000 159 20445 36 7272 10 1009   7 1324   13 3149 32 1199
LR999947.1 500001 600000 190 38395 27 6001 24 5530   6 4279 13 4007 21 10293 29 1419
LR999947.1 600001 700000 161 24099 36 7505 9 2048   9 1123 5 2473 20 3411 29 1113
LR999947.1 700001 800000 222 25507 49 7782 16 3470 1 100 8 805   27 5134 44 1846
LR999947.1 800001 900000 220 33099 39 8034 15 2831 1 492 10 3745 5 4177 32 5620 53 2255
LR999947.1 900001 1e+06 274 37165 60 11234 21 2394 3 568 16 1971 2 164 31 7099 33 1423
LR999947.1 1e+06 1.1e+06 240 28040 46 7842 16 2548   11 2233 1 47 25 3351 39 1446
LR999947.1 1.1e+06 1.2e+06 267 34100 49 9410 23 2919   17 2989 3 257 42 4939 22 860
LR999947.1 1.2e+06 1.3e+06 202 34640 40 7572 9 2394 2 142 14 4574 5 1236 28 10109 31 1345
LR999947.1 1.3e+06 1.4e+06 215 30745 53 8451 6 1012   13 2693 4 280 32 8586 23 865
LR999947.1 1.4e+06 1.5e+06 247 31868 59 10344 12 922   9 1333 2 161 34 6562 27 1000
LR999947.1 1.5e+06 1.6e+06 196 26315 43 8101 14 905   6 949 13 5612 19 2682 17 600
LR999947.1 1.6e+06 1.7e+06 188 32566 42 6819 19 2385 2 544 13 5204 1 38 37 11175 20 914
LR999947.1 1.7e+06 1.8e+06 221 36968 36 6361 43 10461 15 3619 7 2243 2 159 16 6756 32 1207
LR999947.1 1.8e+06 1.9e+06 228 28503 44 7808 13 1997 1 90 8 1006 4 415 41 6555 30 1176
LR999947.1 1.9e+06 2e+06 216 25265 49 8387 5 678 1 73 14 2102 3 271 27 4768 33 1118
LR999947.1 2e+06 2.1e+06 213 25722 52 10099 12 1168 1 102 4 506   17 2492 33 1331
LR999947.1 2.1e+06 2.2e+06 235 24766 38 6152 14 2396 2 1037 8 617 2 173 35 5363 61 2406
LR999947.1 2.2e+06 2.3e+06 244 29112 62 11019 21 2501 2 472 6 767 1 256 33 4185 31 1205
LR999947.1 2.3e+06 2.4e+06 219 27921 43 8728 13 1172 1 197 10 4861 1 79 26 3105 40 1535
LR999947.1 2.4e+06 2.5e+06 248 31250 53 8695 17 2110 1 496 18 2915 1 50 27 4669 25 927
LR999947.1 2.5e+06 2.6e+06 237 32093 53 10376 12 778   14 1756 2 151 32 7367 32 1317
LR999947.1 2.6e+06 2.7e+06 236 38537 47 10118 17 2528   14 5245 4 752 20 5138 23 936
LR999947.1 2.7e+06 2.8e+06 224 25460 55 9172 9 884   8 846 1 41 24 2999 33 1383
LR999947.1 2.8e+06 2.9e+06 232 34346 59 10022 15 1329   7 1070 3 187 19 8677 28 1108
LR999947.1 2.9e+06 3e+06 194 35586 42 6889 9 2174   15 7226 6 3569 27 8950 35 1293
LR999947.1 3e+06 3.1e+06 218 26536 41 6585 9 973 1 69 13 2944 1 85 21 3429 31 1074
LR999947.1 3.1e+06 3.2e+06 203 28043 31 5252 17 5147 2 529 9 1851 4 266 27 3724 29 1311
LR999947.1 3.2e+06 3.3e+06 209 22043 41 7381 11 971   6 1031 5 298 21 3526 52 2186
LR999947.1 3.3e+06 3.4e+06 194 29430 45 7214 6 504   7 762 2 215 24 9406 15 550
LR999947.1 3.4e+06 3.5e+06 232 30138 50 10175 19 2263 1 119 14 1618 3 223 33 6176 29 1240
LR999947.1 3.5e+06 3.6e+06 215 36612 44 7555 11 2462 2 1608 14 2017 5 2738 20 7678 35 1360
LR999947.1 3.6e+06 3.7e+06 212 25061 51 9074 12 984 1 74 10 1452 1 52 20 2638 27 1176
LR999947.1 3.7e+06 3.8e+06 234 36718 35 7143 18 1968 1 118 14 4906 1 93 23 8598 41 1759
LR999947.1 3.8e+06 3.9e+06 190 26307 47 8927 16 4031   14 4256 2 100 18 2384 24 950
LR999947.1 3.9e+06 4e+06 241 32000 59 11052 20 1721 2 169 11 2523 3 153 24 6825 40 1845
LR999947.1 4e+06 4.1e+06 184 32195 46 8538 10 2111 1 194 17 2315 7 3759 21 8722 24 869
LR999947.1 4.1e+06 4.2e+06 254 35004 49 8405 21 2865   20 4353 2 1457 16 4247 32 1133
LR999947.1 4.2e+06 4.3e+06 211 32607 32 5961 24 2631 1 625 12 4649 5 2236 17 5231 27 1177
LR999947.1 4.3e+06 4.4e+06 210 32516 41 8113 13 2549 1 358 8 1560 8 3373 19 5994 29 1530
LR999947.1 4.4e+06 4.5e+06 159 17115 29 5395 13 1621 1 649 8 1101   17 2678 31 1158
LR999947.1 4.5e+06 4.6e+06 251 32102 47 8303 13 1356 1 362 14 2106 1 91 31 7664 41 1744
LR999947.1 4.6e+06 4.7e+06 234 30444 39 7113 15 1923   7 1928 3 221 22 3632 30 1263
LR999947.1 4.7e+06 4.8e+06 218 31154 45 8931 15 4793   7 1101 3 314 28 5130 26 1143
LR999947.1 4.8e+06 4.9e+06 198 26247 29 5074 20 3503 1 307 13 2842 3 236 21 4901 32 1152
LR999947.1 4.9e+06 5e+06 233 39761 42 7456 13 2348 2 733 6 3531 2 158 29 12243 40 1727
LR999947.1 5e+06 5.1e+06 215 35858 32 6038 9 1166 1 57 15 3512 7 3982 22 4459 37 1350
LR999947.1 5.1e+06 5.2e+06 256 40237 40 6877 23 3433 6 1074 20 9261 3 202 36 7843 32 1351
LR999947.1 5.2e+06 5.3e+06 173 26697 26 5760 21 2348 2 96 9 1512 2 181 20 6362 23 1103
LR999947.1 5.3e+06 5.4e+06 195 26529 33 6348 7 531   7 1286 3 493 19 3390 30 1164
LR999947.1 5.4e+06 5.5e+06 199 32819 32 5340 16 2118   12 3636 1 82 15 3524 25 1118
LR999947.1 5.5e+06 5.6e+06 217 31007 38 7294 14 2209 1 86 3 1307 1 61 21 6547 38 1568
LR999947.1 5.6e+06 5.7e+06 185 27431 27 4727 11 1396 1 113 16 3707 1 72 18 8321 45 1809
LR999947.1 5.7e+06 5.8e+06 153 26327 26 4419 13 1231 2 199 13 3504   23 11272 34 1268
LR999947.1 5.8e+06 5.9e+06 166 20046 29 5232 15 1822   7 1342 5 1213 16 2346 39 1637
LR999947.1 5.9e+06 6e+06 180 20755 22 4127 12 2519 2 695 10 1503   15 2712 30 1208
LR999947.1 6e+06 6.1e+06 203 32490 36 8253 22 2480   7 2966 5 2870 21 4607 37 1805
LR999947.1 6.1e+06 6.2e+06 195 34543 42 7845 14 1265 1 61 12 7399 2 224 27 7691 30 1477
LR999947.1 6.2e+06 6.3e+06 186 25627 40 6971 12 1304 1 80 9 1226 3 348 16 5756 27 1027
LR999947.1 6.3e+06 6.4e+06 217 34818 49 10776 16 2858 3 292 5 1376 3 1719 25 7033 30 1378
LR999947.1 6.4e+06 6.5e+06 241 32612 60 10908 14 2437 1 634 11 2924 1 57 22 3740 29 1373
LR999947.1 6.5e+06 6.6e+06 189 24635 45 8119 9 701   6 895   28 7695 38 1332
LR999947.1 6.6e+06 6.7e+06 202 31620 34 6870 20 3969 3 433 23 7471 4 364 22 4385 32 1429
LR999947.1 6.7e+06 6.8e+06 202 27037 43 8771 10 1071   16 3518 6 448 25 5522 36 1520
LR999947.1 6.8e+06 6.9e+06 199 35396 27 5882 9 1712   14 5270 14 6577 11 6518 44 1688
LR999947.1 6.9e+06 7e+06 256 37950 57 11104 19 2173 1 98 8 2347 4 332 25 8966 37 1386
LR999947.1 7e+06 7.1e+06 201 23693 58 11390 15 1376   5 429 1 29 16 2313 34 1305
LR999947.1 7.1e+06 7.2e+06 218 31464 40 8112 16 3258 1 55 15 1440 1 41 24 8235 35 1664
LR999947.1 7.2e+06 7.3e+06 217 35148 47 7044 15 3096 3 1854 22 7140 1 48 33 9363 29 1157
LR999947.1 7.3e+06 7.4e+06 178 30062 45 7772 5 462   14 7099 4 1196 13 5294 32 1133
LR999947.1 7.4e+06 7.5e+06 249 33244 30 4980 24 3960 2 313 11 1054 2 218 18 5846 38 1715
LR999947.1 7.5e+06 7.6e+06 205 33467 42 7700 14 1323   10 3527 3 2361 17 5431 37 1491
LR999947.1 7.6e+06 7.7e+06 213 35056 49 8811 13 2186 1 70 15 6700   25 7528 22 880
LR999947.1 7.7e+06 7.8e+06 223 31528 47 8464 15 1501 1 73 17 5886 3 398 27 5747 25 1008
LR999947.1 7.8e+06 7.9e+06 216 33775 35 6514 9 765   13 2000 1 87 28 10548 28 1116
LR999947.1 7.9e+06 8e+06 186 21111 39 7434 8 886   10 937 1 112 23 3695 39 1513
LR999947.1 8e+06 8.1e+06 214 24882 42 7530 31 4647   4 648 3 261 26 3537 35 1239
LR999947.1 8.1e+06 8.2e+06 222 28998 49 9262 21 6500 1 67 11 1269 2 194 19 2200 38 1641
LR999947.1 8.2e+06 8.3e+06 174 38105 25 4922 10 2364 2 1223 13 5550 3 3312 32 13600 27 1534
LR999947.1 8.3e+06 8.4e+06 189 25746 41 7138 6 654 1 71 6 778 1 522 22 6005 29 1246
LR999947.1 8.4e+06 8.5e+06 199 25638 40 7444 14 3731 2 1609 5 989 2 138 16 2503 34 1317
LR999947.1 8.5e+06 8.6e+06 225 27226 42 8626 19 2568 3 1604 10 1271 1 31 23 3290 42 1530
LR999947.1 8.6e+06 8.7e+06 236 28396 29 6311 24 2621 5 661 19 5365 1 78 16 2396 55 2116
LR999947.1 8.7e+06 8.8e+06 210 32073 48 9842 19 1922 1 68 16 5322 1 72 20 5811 33 1567
LR999947.1 8.8e+06 8.9e+06 225 30949 44 9185 14 1426   16 4394   29 5425 34 1414
LR999947.1 8.9e+06 9e+06 225 27255 45 8213 17 1099 1 322 11 1508   24 5977 35 1369
LR999947.1 9e+06 9.1e+06 229 30753 41 7924 15 1644   7 687 2 122 30 8835 41 1613
LR999947.1 9.1e+06 9.2e+06 199 24797 28 5608 18 1895   6 545 1 104 27 5484 40 1444
LR999947.1 9.2e+06 9.3e+06 229 28205 41 7243 13 946 1 83 9 2016 2 177 24 7117 49 2171
LR999947.1 9.3e+06 9.4e+06 227 32966 28 5707 19 2888   21 4404 1 78 30 8439 27 1228
LR999947.1 9.4e+06 9.5e+06 180 26096 43 9069 14 3848   4 2482 3 200 21 2545 28 996
LR999947.1 9.5e+06 9.6e+06 269 31254 60 11041 18 2228   5 625   16 2303 49 1989
LR999947.1 9.6e+06 9.7e+06 179 22873 35 6204 8 1850   11 2804 2 131 23 3923 30 1249
LR999947.1 9.7e+06 9.8e+06 194 27018 44 7876 10 1302 1 64 10 2323 2 129 24 7423 26 1063
LR999947.1 9.8e+06 9.9e+06 197 31899 47 8659 12 1623   19 6622 6 4048 22 3950 34 1295
LR999947.1 9.9e+06 1e+07 256 31539 39 6168 33 3481 1 110 11 1772 2 231 36 8599 51 2086
LR999947.1 1e+07 1.01e+07 215 33064 34 6017 17 2892 1 53 16 5766   25 7386 38 1517
LR999947.1 1.01e+07 1.02e+07 172 29404 37 7614 9 909   9 1890   25 12054 33 1265
LR999947.1 1.02e+07 1.03e+07 228 29310 43 8283 15 2377 2 304 8 3523 1 87 26 3179 26 1062
LR999947.1 1.03e+07 1.04e+07 207 25099 46 8969 16 948   10 1525 2 137 27 3827 29 1391
LR999947.1 1.04e+07 1.05e+07 267 29593 57 10196 10 642   10 996 5 412 28 3814 36 1409
LR999947.1 1.05e+07 1.06e+07 192 23238 51 9780 6 1155 1 683 9 836   26 4021 36 1579
LR999947.1 1.06e+07 1.07e+07 223 34002 43 7377 20 2741   6 837 4 2577 33 10809 43 2000
LR999947.1 1.07e+07 1.08e+07 207 30324 49 9484 14 1173   6 2947 2 183 34 7955 29 1155
LR999947.1 1.08e+07 1.09e+07 166 26912 33 6164 8 1620 1 1068 8 2847   29 9068 24 995
LR999947.1 1.09e+07 1.1e+07 213 32856 53 9766 25 2066   12 4482 1 2454 31 6500 29 1149
LR999947.1 1.1e+07 1.11e+07 180 28308 26 4918 8 916   12 2460 10 3446 37 9735 28 1240
LR999947.1 1.11e+07 1.12e+07 179 28366 29 5096 10 2452   10 890 4 4368 22 5557 28 1121
LR999947.1 1.12e+07 1.13e+07 183 21499 21 3901 8 747   12 1326 2 77 27 5473 32 1348
LR999947.1 1.13e+07 1.14e+07 242 27698 47 7188 11 1203   4 481 1 100 20 3265 30 1380
LR999947.1 1.14e+07 1.15e+07 141 17399 27 4703 5 246   6 651 4 3115 16 2522 30 1217
LR999947.1 1.15e+07 1.16e+07 134 23915 28 5681 6 1013   11 3743 5 4841 22 3234 26 976
LR999947.1 1.16e+07 1.17e+07 129 18815 37 6413 1 43   3 113   18 6811 28 1239
LR999947.1 1.17e+07 11704087 7 963   2 210       1 102 1 19
