chrom begin end count_rpt length_rpt count_SINE length_SINE count_DNA length_DNA count_TcM length_TcM count_LINE length_LINE count_LTR length_LTR count_nonLTR length_nonLTR
LR999924.1 1 100000 181 78340   22 2312 22 2312 36 10175   72 61056 44 3570
LR999924.1 100001 200000 129 30952 4 1040 17 3193 7 929 11 4408 3 567 19 14690 25 1617
LR999924.1 200001 300000 66 7205 8 1518 6 476   1 214   7 2184 27 1164
LR999924.1 300001 400000 58 6967 7 1335 4 1692   2 130 3 241 8 1325 11 458
LR999924.1 400001 500000 80 7049 8 1691 2 404   4 490   5 901 44 1732
LR999924.1 500001 600000 83 9396 13 2367 2 105   4 532   13 3013 26 1152
LR999924.1 600001 700000 126 14377 15 2887 9 2023   11 1137 1 29 10 2711 36 1478
LR999924.1 700001 800000 109 10701 16 2591 4 411 1 72 4 1192 1 65 8 1021 39 1606
LR999924.1 800001 900000 110 14101 24 4494 4 2599   6 804 1 76 10 1193 29 1244
LR999924.1 900001 1e+06 135 16195 22 3997 15 3043 3 2168 6 614   12 1384 27 1039
LR999924.1 1e+06 1.1e+06 131 16196 22 4308 11 2458 2 1600 2 176 3 225 13 1799 32 1357
LR999924.1 1.1e+06 1.2e+06 99 9340 16 2874 5 251   8 1326 1 51 6 670 33 1391
LR999924.1 1.2e+06 1.3e+06 101 10745 18 3498 4 499   7 958 1 113 8 1357 24 1115
LR999924.1 1.3e+06 1.4e+06 151 13280 23 4072 4 291   3 328 1 73 9 1104 51 2063
LR999924.1 1.4e+06 1.5e+06 141 19848 28 6127 9 2184   8 2590 2 156 17 3544 30 1243
LR999924.1 1.5e+06 1.6e+06 178 22322 37 6774 9 1918 1 58 10 3095 2 167 21 3855 38 1539
LR999924.1 1.6e+06 1.7e+06 235 24357 49 7480 12 2012   12 1002 6 441 30 3250 38 1499
LR999924.1 1.7e+06 1.8e+06 192 25216 41 7587 8 899   7 1002 3 204 21 5568 32 1528
LR999924.1 1.8e+06 1.9e+06 221 29981 53 9014 15 2934 2 1607 12 1996 5 3988 23 2636 31 1478
LR999924.1 1.9e+06 2e+06 205 28638 46 7566 8 654 1 97 8 3464 3 696 28 6863 28 1226
LR999924.1 2e+06 2.1e+06 148 20221 26 3996 14 1420   1 234 1 70 15 6505 38 1472
LR999924.1 2.1e+06 2.2e+06 137 16997 13 2428 3 211   9 3019 3 253 16 3846 28 1075
LR999924.1 2.2e+06 2.3e+06 162 20451 34 5474 11 2817 1 470 4 1664 2 168 19 2291 27 1173
LR999924.1 2.3e+06 2.4e+06 148 15634 24 3855 11 1082 1 55 3 294 1 67 21 4092 37 1388
LR999924.1 2.4e+06 2.5e+06 176 20284 32 5421 11 1460   11 1372 1 32 14 3048 25 1052
LR999924.1 2.5e+06 2.6e+06 131 13982 22 3753 8 450   4 349 1 134 18 2990 30 1279
LR999924.1 2.6e+06 2.7e+06 146 16023 24 4580 7 548 1 87 10 1630 1 14 18 2514 30 1191
LR999924.1 2.7e+06 2.8e+06 184 22757 31 5678 7 1048   13 5549 3 232 18 2058 38 1498
LR999924.1 2.8e+06 2.9e+06 169 23130 31 5227 10 780   13 2844 4 4786 15 2128 35 1285
LR999924.1 2.9e+06 3e+06 154 21973 21 3950 5 401   13 4119 5 3783 19 3079 33 1417
LR999924.1 3e+06 3.1e+06 152 22520 37 5563 5 3729   7 949   9 4922 30 1361
LR999924.1 3.1e+06 3.2e+06 161 23427 26 5092 13 2674 1 152 9 4389 2 151 14 1643 29 1181
LR999924.1 3.2e+06 3.3e+06 171 17833 40 7204 14 1487 1 72 13 1850 2 141 9 1054 37 1552
LR999924.1 3.3e+06 3.4e+06 150 19642 21 3882 9 1884 1 161 10 3483   12 2118 29 1286
LR999924.1 3.4e+06 3.5e+06 184 28289 32 5627 14 2127   15 6533 3 207 16 4511 32 1388
LR999924.1 3.5e+06 3.6e+06 169 20565 26 5023 19 3164   7 772 1 40 18 2749 29 1201
LR999924.1 3.6e+06 3.7e+06 146 15760 28 5171 16 1910 3 569 7 723 3 291 13 1788 30 1109
LR999924.1 3.7e+06 3.8e+06 149 23372 21 4229 6 864   14 6352 1 47 19 6383 47 1858
LR999924.1 3.8e+06 3.9e+06 165 21813 32 5927 14 2723   4 1221 1 116 13 2034 34 1657
LR999924.1 3.9e+06 4e+06 158 20280 29 5073 15 2532   8 1749   16 3589 26 1023
LR999924.1 4e+06 4.1e+06 149 20850 24 4866 11 3344 2 1139 3 304   10 4133 40 1838
LR999924.1 4.1e+06 4.2e+06 135 14449 26 4299 9 914   7 808   11 1417 36 1534
LR999924.1 4.2e+06 4.3e+06 169 22846 26 4745 13 7021   7 1000 2 159 3 319 33 1403
LR999924.1 4.3e+06 4.4e+06 201 23798 33 6089 14 2829   12 1474 1 88 14 2003 39 1461
LR999924.1 4.4e+06 4.5e+06 138 13659 22 3388 4 211 1 56 3 383 9 979 19 1996 28 1163
LR999924.1 4.5e+06 4.6e+06 115 11620 21 4229 11 1347 2 404 1 168   11 1519 28 1111
LR999924.1 4.6e+06 4.7e+06 102 15108 19 4139 9 3233 2 359 4 954 3 344 11 2287 25 1113
LR999924.1 4.7e+06 4.8e+06 155 17404 20 4171 8 358   11 2620 1 68 9 1427 35 1457
LR999924.1 4.8e+06 4.9e+06 161 22414 24 5053 14 1867 1 96 20 4024 3 185 11 4430 34 1356
LR999924.1 4.9e+06 5e+06 165 18205 33 6260 8 541 1 48 7 1215   14 2231 29 1146
LR999924.1 5e+06 5.1e+06 167 19354 31 4616 20 1935   5 808 4 2715 7 1063 38 1604
LR999924.1 5.1e+06 5.2e+06 121 18198 15 3332 16 4500   1 287 2 165 14 3420 28 1438
LR999924.1 5.2e+06 5.3e+06 106 17275 12 2806 9 1884 2 264 4 3635 2 118 5 3630 38 1462
LR999924.1 5.3e+06 5.4e+06 134 13959 32 6599 4 270   3 341   11 1272 51 2190
LR999924.1 5.4e+06 5.5e+06 128 13387 27 5241 8 794   9 990   7 1185 30 1155
LR999924.1 5.5e+06 5.6e+06 137 18395 11 2700 11 821 1 103 7 2400 2 197 18 5535 38 1536
LR999924.1 5.6e+06 5.7e+06 129 16337 21 3254 4 937   13 3256 1 85 10 3235 36 1503
LR999924.1 5.7e+06 5.8e+06 111 9804 19 4063 5 436 1 96 3 409 3 117 7 869 36 1321
LR999924.1 5.8e+06 5.9e+06 148 18784 19 3123 16 4754 1 509 9 996 2 147 14 3247 46 1999
LR999924.1 5.9e+06 6e+06 94 15691 15 3387 3 408   3 1189 10 4618 7 1763 22 914
LR999924.1 6e+06 6.1e+06 116 11447 14 2186 16 2650 1 125 5 567   12 1787 32 1411
LR999924.1 6.1e+06 6.2e+06 78 11452 10 2691 6 2757   5 688 4 2191 4 594 30 1368
LR999924.1 6.2e+06 6.3e+06 110 11278 13 2757 15 1582 1 94 1 69 1 99 10 2099 36 1501
LR999924.1 6.3e+06 6.4e+06 134 14876 23 4775 15 2156   9 1402 2 100 3 407 44 1883
LR999924.1 6.4e+06 6.5e+06 131 17267 24 4720 13 2075 1 403 6 586 1 73 10 2315 27 1105
LR999924.1 6.5e+06 6.6e+06 144 26365 16 3149 28 9544   9 2640 4 414 16 5193 36 1377
LR999924.1 6.6e+06 6.7e+06 157 19394 14 2446 19 3741 2 306 6 1605 3 1128 12 1924 35 1592
LR999924.1 6.7e+06 6.8e+06 121 11753 13 2267 7 1653   4 559 2 76 2 286 38 1658
LR999924.1 6.8e+06 6.9e+06 115 11568 17 3106 9 786 1 48 2 216   4 595 28 1091
LR999924.1 6.9e+06 7e+06 102 13086 17 3446 10 2335 4 619 3 193   6 2751 35 1373
LR999924.1 7e+06 7.1e+06 157 18025 30 6263 16 1799   4 321   14 1523 22 903
LR999924.1 7.1e+06 7.2e+06 104 11624 6 1017 4 229 1 59 8 1022 2 144 6 2411 36 1625
LR999924.1 7.2e+06 7.3e+06 142 14377 19 3459 14 1515 2 346 3 640 1 44 15 1582 37 1539
LR999924.1 7.3e+06 7.4e+06 113 11293 18 3180 7 1624   8 961 2 131 8 533 34 1447
LR999924.1 7.4e+06 7.5e+06 123 20431 28 5760 8 1433   6 834 4 3048 15 4729 26 997
LR999924.1 7.5e+06 7.6e+06 132 20448 19 3795 15 2249 2 150 15 4971   6 2967 24 989
LR999924.1 7.6e+06 7.7e+06 141 15628 18 3479 7 885   7 1292   12 1965 33 1345
LR999924.1 7.7e+06 7.8e+06 137 13987 21 3705 13 1683 1 42 9 862 1 107 11 2549 39 1583
LR999924.1 7.8e+06 7.9e+06 148 15034 17 2817 12 1134   4 1670   7 1081 49 1838
LR999924.1 7.9e+06 8e+06 106 15911 13 2159 5 436   5 544   15 5657 26 1122
LR999924.1 8e+06 8.1e+06 97 9836 20 4057 4 518   6 753   7 628 38 1511
LR999924.1 8.1e+06 8.2e+06 88 7887 11 1358 2 251   1 56 1 75 8 946 31 1277
LR999924.1 8.2e+06 8.3e+06 109 14809 12 2645 9 643   11 2454 1 76 8 3564 30 1297
LR999924.1 8.3e+06 8.4e+06 102 11252 13 2150 11 1104   1 172 1 92 7 1742 29 1305
LR999924.1 8.4e+06 8.5e+06 106 9675 8 1793 8 842   6 749 2 105 4 559 43 1898
LR999924.1 8.5e+06 8.6e+06 120 12709 23 4256 17 1564 1 105 5 901 1 128 9 1111 23 789
LR999924.1 8.6e+06 8.7e+06 108 9072 8 1858 8 615   1 128 1 49 3 465 49 2109
LR999924.1 8.7e+06 8.8e+06 162 21246 23 4608 10 1079 2 565 11 1981   16 5244 35 1456
LR999924.1 8.8e+06 8.9e+06 142 16522 28 4381 11 2570 1 1586 9 1057 1 68 9 1400 25 996
LR999924.1 8.9e+06 9e+06 123 12791 27 5338 10 819   5 746   9 1093 27 1078
LR999924.1 9e+06 9.1e+06 187 26932 30 5257 20 2799   10 1718 4 5447 15 2379 39 1395
LR999924.1 9.1e+06 9.2e+06 186 31418 29 5117 12 2633   18 9032 1 149 23 5535 35 1532
LR999924.1 9.2e+06 9.3e+06 207 23934 38 6346 18 1503 1 37 10 1527 2 100 15 2668 39 1692
LR999924.1 9.3e+06 9.4e+06 128 16361 14 2351 15 1480   4 1540 1 78 5 2871 28 1076
LR999924.1 9.4e+06 9.5e+06 161 15796 28 5131 8 708   7 460 2 175 14 1713 35 1583
LR999924.1 9.5e+06 9.6e+06 177 18433 18 3410 17 1598   6 806 1 125 9 1338 29 1233
LR999924.1 9.6e+06 9.7e+06 158 16967 45 6807 8 1076   8 1198   24 2897 34 1135
LR999924.1 9.7e+06 9.8e+06 104 9476 10 2634 5 424   1 186   5 918 38 1563
LR999924.1 9.8e+06 9.9e+06 145 13505 11 1713 8 346   5 448 2 560 8 1798 40 1731
LR999924.1 9.9e+06 1e+07 85 14823 4 629 8 885   3 322 1 161 6 8834 36 1415
LR999924.1 1e+07 1.01e+07 167 16355 24 3570 8 708   8 1150 3 141 9 1499 42 1820
LR999924.1 1.01e+07 1.02e+07 179 24055 26 4330 12 1499 3 733 7 960 2 184 26 6894 31 1240
LR999924.1 1.02e+07 1.03e+07 143 26467 12 3094 5 1298 1 624 17 5644 1 64 20 9462 37 1655
LR999924.1 1.03e+07 1.04e+07 100 14269 10 2000 7 1649   3 349 3 3872 5 2192 45 2067
LR999924.1 1.04e+07 1.05e+07 160 23199 12 2585 15 1147   7 1213 1 42 20 8409 38 1552
LR999924.1 1.05e+07 1.06e+07 85 7600 6 1213 4 310     1 36 10 1910 38 1813
LR999924.1 1.06e+07 1.07e+07 117 13131 14 2378 8 1091   6 738 3 895 14 1940 34 1478
LR999924.1 1.07e+07 1.08e+07 116 10904 11 1995 14 2301 1 59 2 244 1 66 5 610 40 1624
LR999924.1 1.08e+07 1.09e+07 77 8033 7 1524 9 1846   1 240   2 100 29 1196
LR999924.1 1.09e+07 1.1e+07 128 12255 14 2618 17 1971 3 366 6 872 1 35 10 924 34 1353
LR999924.1 1.1e+07 1.11e+07 129 15961 9 2031 13 1404 2 342 14 1801 3 3122 12 1692 38 1631
LR999924.1 1.11e+07 1.12e+07 106 11362 17 2828 9 2101 3 524 11 1529   2 151 26 1029
LR999924.1 1.12e+07 1.13e+07 133 17024 24 4241 11 2295 2 191 8 1184 3 281 16 4260 34 1377
LR999924.1 1.13e+07 1.14e+07 139 16887 16 3128 7 2192 1 139 12 2026   6 608 35 1294
LR999924.1 1.14e+07 1.15e+07 94 9898 16 2312     5 470 3 2378 6 791 35 1612
LR999924.1 1.15e+07 1.16e+07 157 17525 27 5095 6 817 1 369 4 483 1 144 16 2638 26 1031
LR999924.1 1.16e+07 1.17e+07 116 14757 12 2424 5 339 1 79 5 778 1 83 17 5919 41 1630
LR999924.1 1.17e+07 1.18e+07 131 14153 16 3449 14 3345   6 726 3 205 4 673 46 2077
LR999924.1 1.18e+07 1.19e+07 146 19629 17 3323 12 1995   12 1444 1 88 13 4039 26 1149
LR999924.1 1.19e+07 1.2e+07 117 14650 9 1835 9 1676 2 637 10 1784 3 288 7 1728 38 1718
LR999924.1 1.2e+07 1.21e+07 124 14771 6 744 15 3500   5 1853   9 2591 38 1598
LR999924.1 1.21e+07 1.22e+07 84 7910 9 1059 9 1252   5 664 1 103 6 1758 32 1432
LR999924.1 1.22e+07 1.23e+07 99 12584 18 3686 3 358   4 425 6 3767 3 371 39 1695
LR999924.1 1.23e+07 1.24e+07 167 18552 24 3645 14 2355 1 39 10 1391   13 1931 34 1382
LR999924.1 1.24e+07 1.25e+07 102 8440 9 1699 5 511   4 452   5 339 37 1562
LR999924.1 1.25e+07 1.26e+07 101 13811 10 1691 8 1026 2 570 3 474   9 3586 31 1397
LR999924.1 1.26e+07 1.27e+07 101 13570 10 1996 6 360   4 668 2 4238 8 1416 37 1603
LR999924.1 1.27e+07 1.28e+07 92 9360 13 2455 4 531   3 1114 1 42 7 577 28 1255
LR999924.1 1.28e+07 1.29e+07 147 17033 29 5791 8 1950 1 1068 3 474 2 238 8 1067 40 1543
LR999924.1 1.29e+07 1.3e+07 114 12744 20 3368 8 1117   6 792 3 176 8 1874 31 1206
LR999924.1 1.3e+07 1.31e+07 117 12351 18 2979 7 1114   9 1558 1 27 4 754 36 1493
LR999924.1 1.31e+07 1.32e+07 134 20204 15 2725 5 624   10 3235 1 194 13 6443 39 1768
LR999924.1 1.32e+07 1.33e+07 140 15225 18 2902 16 3415   2 328 2 287 16 1359 39 1566
LR999924.1 1.33e+07 1.34e+07 152 20845 13 1741 20 2585   4 2904 2 149 26 6653 34 1306
LR999924.1 1.34e+07 1.35e+07 157 17156 24 3998 13 2232   9 2062 1 141 12 1213 41 1682
LR999924.1 1.35e+07 1.36e+07 127 11827 21 4050 8 559   7 587 1 69 10 1327 29 1075
LR999924.1 1.36e+07 1.37e+07 82 9535 6 1340 3 214   3 335 4 2728 1 265 28 1248
LR999924.1 1.37e+07 1.38e+07 96 8429 6 1196 3 276   5 669   4 456 46 1873
LR999924.1 1.38e+07 1.39e+07 131 13724 22 3915 5 465   3 463   7 1299 35 1569
LR999924.1 1.39e+07 1.4e+07 125 15638 23 3595 9 724   11 2280   14 3820 29 1149
LR999924.1 1.4e+07 1.41e+07 106 13222 8 1565 7 2135   5 545 1 100 14 3535 23 908
LR999924.1 1.41e+07 1.42e+07 149 18054 17 2154 18 3579   7 1073 2 143 13 2273 31 1318
LR999924.1 1.42e+07 1.43e+07 107 13954 18 3331 4 349   4 601 3 111 7 2061 27 1284
LR999924.1 1.43e+07 1.44e+07 109 10456 21 3639 12 675 1 57 6 1208 1 80 4 907 35 1403
LR999924.1 1.44e+07 1.45e+07 115 12524 16 3361 11 2119 2 157 1 208 2 139 6 534 34 1523
LR999924.1 1.45e+07 1.46e+07 132 17278 25 4137 8 724   7 3416   14 3806 38 1555
LR999924.1 1.46e+07 1.47e+07 138 14047 30 4818 11 1306   8 1310 1 109 14 1284 25 1103
LR999924.1 1.47e+07 1.48e+07 112 16693 17 2750 14 3483   8 3109 1 56 7 2927 34 1567
LR999924.1 1.48e+07 1.49e+07 105 11683 19 3988 12 1468 3 343 5 1091 1 84 5 499 29 1310
LR999924.1 1.49e+07 1.5e+07 75 10026 14 2727 2 842   3 225 1 141 10 3530 30 1186
LR999924.1 1.5e+07 1.51e+07 116 15152 15 3196 8 2207 1 1580 5 1700 2 188 16 2099 29 1209
LR999924.1 1.51e+07 1.52e+07 109 15584 20 3608 10 2691   7 1215   11 4015 30 1248
LR999924.1 1.52e+07 1.53e+07 126 15532 27 5310 6 628   5 1776 2 86 13 2713 35 1413
LR999924.1 1.53e+07 1.54e+07 142 17052 8 1541 16 3121   5 1524 5 496 14 3227 42 1710
LR999924.1 1.54e+07 1.55e+07 131 22382 28 4661 18 2385   4 305 5 2744 13 7554 30 1252
LR999924.1 1.55e+07 1.56e+07 108 12626 18 3009 5 1028 1 555 2 200   14 2756 31 1338
LR999924.1 1.56e+07 1.57e+07 122 16616 19 3355 4 300 1 76 9 4077   20 4478 32 1241
LR999924.1 1.57e+07 1.58e+07 117 11616 14 2827 8 1061   9 1039   11 1930 40 1725
LR999924.1 1.58e+07 1.59e+07 124 16083 23 3498 5 1655   4 869 6 3392 12 1451 36 1680
LR999924.1 1.59e+07 1.6e+07 183 23949 35 6942 10 763   14 2880 2 1471 21 5896 37 1582
LR999924.1 1.6e+07 1.61e+07 145 14963 24 4969 12 1103   7 1456   12 1435 40 1686
LR999924.1 1.61e+07 1.62e+07 160 16548 27 4634 4 330   8 2248 5 303 14 1437 33 1443
LR999924.1 1.62e+07 1.63e+07 134 14563 19 3402 13 1346   7 1793   11 1905 39 1522
LR999924.1 1.63e+07 1.64e+07 194 26469 33 6828 14 2290 2 723 8 1427 1 80 24 6735 31 1363
LR999924.1 1.64e+07 1.65e+07 127 16185 29 5967 4 584 1 315 5 896 2 137 19 3224 20 789
LR999924.1 1.65e+07 1.66e+07 122 16654 18 2990 12 2496 1 297 1 160 1 49 10 4921 32 1247
LR999924.1 1.66e+07 1.67e+07 120 18342 23 4095 5 1837   9 1084 2 138 14 5566 20 747
LR999924.1 1.67e+07 1.68e+07 98 10182 11 1582 10 1445   1 189 1 624 11 1968 33 1193
LR999924.1 1.68e+07 1.69e+07 81 11760 12 2517 6 723   1 414   12 4352 18 533
LR999924.1 1.69e+07 1.7e+07 51 6572 3 842 7 2467   1 737 1 41 5 637 26 1162
LR999924.1 1.7e+07 17040296 34 3275   3 515   1 68 2 141 1 584 14 659
