chrom begin end count_rpt length_rpt count_SINE length_SINE count_DNA length_DNA count_TcM length_TcM count_LINE length_LINE count_LTR length_LTR count_nonLTR length_nonLTR
LR999936.1 1 100000 102 16153 10 1521 6 2109 3 877 9 2438 1 30 22 5199 24 1098
LR999936.1 100001 200000 124 18974 22 4209 8 1698 1 454 9 2222 1 67 21 5771 22 1006
LR999936.1 200001 300000 156 28279 16 2642 21 5537   8 843 1 64 21 11681 31 1198
LR999936.1 300001 400000 127 13517 22 3852 17 2158   6 393 1 59 11 1258 23 901
LR999936.1 400001 500000 101 7072 7 890 5 518       6 549 48 2202
LR999936.1 500001 600000 144 27822 22 3800 7 1098 1 420 7 752 8 5629 27 11648 33 1276
LR999936.1 600001 700000 169 21691 27 5038 10 1471   5 4148 1 111 22 3004 37 1373
LR999936.1 700001 800000 151 16722 28 5361 12 1257 1 13 3 378 2 170 14 2001 33 1240
LR999936.1 800001 900000 150 14678 26 4407 11 658   4 388 3 197 16 2634 37 1485
LR999936.1 900001 1e+06 205 21361 37 6749 4 337   15 2759 1 106 27 3342 48 1975
LR999936.1 1e+06 1.1e+06 223 28296 39 7051 17 1108 3 282 23 6609 1 87 26 4102 38 1680
LR999936.1 1.1e+06 1.2e+06 161 17004 28 5679 16 1866   5 597 2 172 14 1890 36 1359
LR999936.1 1.2e+06 1.3e+06 176 20606 20 4790 20 2763 1 75 11 2258 2 141 30 4191 33 1388
LR999936.1 1.3e+06 1.4e+06 201 28047 31 4704 12 736   11 2754 1 40 35 9019 25 1135
LR999936.1 1.4e+06 1.5e+06 138 14819 29 6055 3 281   1 155   9 1261 49 2231
LR999936.1 1.5e+06 1.6e+06 140 17914 13 2780 10 1451 3 561 7 1113 1 82 19 4260 44 2024
LR999936.1 1.6e+06 1.7e+06 192 23546 28 5007 28 5395 3 1369 9 974 4 393 20 3355 45 1917
LR999936.1 1.7e+06 1.8e+06 167 20996 29 5668 15 1517   12 4832   24 3295 35 1372
LR999936.1 1.8e+06 1.9e+06 195 26874 35 6618 15 2431 1 155 8 1444 1 77 24 7032 33 1505
LR999936.1 1.9e+06 2e+06 148 14865 12 2309 14 990   4 505   22 2786 30 1275
LR999936.1 2e+06 2.1e+06 186 23885 36 6542 18 3712 1 47 6 719   13 1668 31 1343
LR999936.1 2.1e+06 2.2e+06 181 25214 40 6964 19 4566   8 1166 2 93 15 3486 22 987
LR999936.1 2.2e+06 2.3e+06 264 36477 50 9227 18 2083 3 245 18 2899 1 85 39 10412 30 1119
LR999936.1 2.3e+06 2.4e+06 221 34809 57 9343 10 867   16 5515 3 880 26 8518 27 1146
LR999936.1 2.4e+06 2.5e+06 237 28668 45 8994 18 2019 2 160 7 890 1 83 26 3939 38 1607
LR999936.1 2.5e+06 2.6e+06 212 23788 37 7617 13 2532 1 1324 11 1649 2 191 22 2215 45 1676
LR999936.1 2.6e+06 2.7e+06 204 26429 38 8466 16 1610   10 2525 5 418 20 3543 32 1333
LR999936.1 2.7e+06 2.8e+06 245 35507 47 9489 10 2267 1 307 14 1934 1 102 31 7368 30 1139
LR999936.1 2.8e+06 2.9e+06 252 38697 59 10455 20 8609 2 492 11 1539 3 251 36 7540 39 1458
LR999936.1 2.9e+06 3e+06 159 19614 33 6858 14 1377 2 399 1 151 5 2797 13 2096 38 1541
LR999936.1 3e+06 3.1e+06 176 17610 26 4467 12 1366   8 1315 1 82 15 1455 47 2114
LR999936.1 3.1e+06 3.2e+06 179 26290 24 4163 9 1524 2 759 9 3530 3 239 23 8707 45 1780
LR999936.1 3.2e+06 3.3e+06 218 24423 49 8334 10 972   10 1709 2 174 28 4267 38 1314
LR999936.1 3.3e+06 3.4e+06 189 22783 44 8107 12 2172   13 1585 1 99 22 3065 29 1172
LR999936.1 3.4e+06 3.5e+06 200 26478 40 7960 12 1131 1 348 9 3225 7 1428 26 4048 42 1840
LR999936.1 3.5e+06 3.6e+06 127 11915 14 2156 12 2424   6 676 3 241 4 730 45 1982
LR999936.1 3.6e+06 3.7e+06 174 21783 32 5865 11 1322   7 3137 1 122 14 4127 48 1757
LR999936.1 3.7e+06 3.8e+06 107 10278 21 3213 2 161   5 736   9 1933 38 1589
LR999936.1 3.8e+06 3.9e+06 135 19365 22 3987 14 3044   5 324 1 51 7 4421 36 1753
LR999936.1 3.9e+06 4e+06 119 22663 12 2519 11 1380   3 2005 7 4518 7 4918 34 1900
LR999936.1 4e+06 4.1e+06 127 14508 20 2884 8 1750   7 742   8 2171 41 1714
LR999936.1 4.1e+06 4.2e+06 195 32874 37 6438 13 2635 1 526 17 8884 3 669 34 5684 19 881
LR999936.1 4.2e+06 4.3e+06 204 25735 32 5683 17 2431 3 867 18 4684 1 96 24 3019 32 1129
LR999936.1 4.3e+06 4.4e+06 191 28632 28 5615 14 2131 1 113 6 2762 12 4337 15 3561 24 940
LR999936.1 4.4e+06 4.5e+06 149 20900 25 4521 9 878   9 2949 3 3539 10 2091 37 1559
LR999936.1 4.5e+06 4.6e+06 168 28086 18 3469 17 3625   11 1258 2 684 21 11185 33 1347
LR999936.1 4.6e+06 4.7e+06 126 12271 18 2864 7 665   6 947 3 668 6 488 47 1947
LR999936.1 4.7e+06 4.8e+06 115 10843 13 2558 6 325   10 1293 2 144 8 1148 44 1849
LR999936.1 4.8e+06 4.9e+06 103 10505 14 2646 10 1674   1 85 4 322 4 530 36 1624
LR999936.1 4.9e+06 5e+06 63 5893 4 1010 6 1120   1 50 3 150 2 192 22 966
LR999936.1 5e+06 5.1e+06 111 19103 20 4597 11 3854 2 142 3 3412   7 2002 45 1853
LR999936.1 5.1e+06 5.2e+06 127 12211 14 2292 11 1465 1 76 9 1040   7 1086 48 2185
LR999936.1 5.2e+06 5.3e+06 109 13505 8 1734 15 2989   5 3023 2 117   33 1455
LR999936.1 5.3e+06 5.4e+06 127 14993 21 3877 11 2413 1 1587     5 685 34 1454
LR999936.1 5.4e+06 5.5e+06 125 22294 24 4527 5 320   8 1808 4 3207 17 6796 25 947
LR999936.1 5.5e+06 5.6e+06 132 17191 22 4527 5 707   3 3826 1 97 11 1463 30 1216
LR999936.1 5.6e+06 5.7e+06 105 11873 22 4630 5 520   2 282 2 265 5 691 27 1184
LR999936.1 5.7e+06 5.8e+06 117 13013 16 3337 14 1566 2 627 6 1002   10 2001 25 944
LR999936.1 5.8e+06 5.9e+06 104 11634 17 2904 7 1183 1 587 4 1121 2 125 11 1204 30 1326
LR999936.1 5.9e+06 6e+06 103 13768 8 1862 6 778   9 5024 4 235 6 679 34 1345
LR999936.1 6e+06 6.1e+06 63 7042 5 617 4 1467 2 1129 2 232 1 55 8 911 17 772
LR999936.1 6.1e+06 6.2e+06 141 17034 28 4680 4 340   14 1561 4 262 16 3977 23 1038
LR999936.1 6.2e+06 6.3e+06 120 17137 18 3268 4 375   3 397 1 90 15 6171 26 1174
LR999936.1 6.3e+06 6.4e+06 182 20102 18 2472 13 1354   12 3112   15 2595 49 1936
LR999936.1 6.4e+06 6.5e+06 176 21861 32 6026 12 3265 1 646 3 706 8 2005 20 2781 27 1051
LR999936.1 6.5e+06 6.6e+06 88 9465 8 1694 2 224   5 1010   3 708 31 1221
LR999936.1 6.6e+06 6.7e+06 114 16407 17 3314 8 833   7 914 2 199 13 7030 37 1633
LR999936.1 6.7e+06 6.8e+06 127 15111 26 4328 7 1782   6 2230 4 523 12 1630 35 1393
LR999936.1 6.8e+06 6.9e+06 83 7503 7 1867 7 443   2 166 1 44 5 991 26 1089
LR999936.1 6.9e+06 7e+06 99 13831 6 1099 11 1522 1 240 9 3932   8 2550 34 1489
LR999936.1 7e+06 7.1e+06 120 17404 11 2360 8 935   6 797 1 2050 11 4714 38 1741
LR999936.1 7.1e+06 7.2e+06 114 18213 10 2075 5 580   3 577 4 3308 6 4570 32 1314
LR999936.1 7.2e+06 7.3e+06 123 14684 24 4912 9 636 1 35 7 1342   13 2225 29 1079
LR999936.1 7.3e+06 7.4e+06 178 21337 33 6035 19 2301   13 2988 1 101 17 2737 38 1786
LR999936.1 7.4e+06 7.5e+06 158 23185 34 6532 10 1154 1 207 6 2814   13 4461 38 1548
LR999936.1 7.5e+06 7.6e+06 163 25841 24 4187 18 1972   11 1279 1 77 22 10020 26 1208
LR999936.1 7.6e+06 7.7e+06 131 22080 28 5020 6 3942   7 1072 8 2961 10 3382 30 1324
LR999936.1 7.7e+06 7.8e+06 151 18893 31 5859 4 1447   6 1028   24 2655 31 1201
LR999936.1 7.8e+06 7.9e+06 183 26031 29 5991 20 4616 2 109 16 2874 2 587 10 3298 36 1442
LR999936.1 7.9e+06 8e+06 183 53383 12 2136 21 6234 3 1175 10 2942 36 17315 23 16293 28 1179
LR999936.1 8e+06 8.1e+06 163 27246 18 3719 23 3667 4 784 7 1934 5 2256 16 7305 21 908
LR999936.1 8.1e+06 8.2e+06 146 22035 23 4637 11 1774   4 916 4 4725 14 2319 39 1669
LR999936.1 8.2e+06 8.3e+06 189 25737 25 4617 20 2230 6 1287 7 3657 9 3410 21 2869 38 1466
LR999936.1 8.3e+06 8.4e+06 172 21990 30 5620 25 3852 1 134 1 187 1 82 11 2880 32 1325
LR999936.1 8.4e+06 8.5e+06 196 28092 13 2451 24 3997 1 248 7 1800 4 334 11 5454 42 1764
LR999936.1 8.5e+06 8.6e+06 162 22171 25 5462 18 4238 6 1738 4 422 1 110 9 1509 36 1663
LR999936.1 8.6e+06 8.7e+06 100 9448 17 2994 5 900   4 422 1 38 8 763 27 1082
LR999936.1 8.7e+06 8.8e+06 146 18893 21 4373 13 2174 1 71 9 2805 2 94 10 1463 27 1188
LR999936.1 8.8e+06 8.9e+06 179 25354 26 4756 13 1537   7 1220   26 7915 28 1036
LR999936.1 8.9e+06 9e+06 184 27782 30 7077 20 5705   5 720 2 179 7 599 33 1412
LR999936.1 9e+06 9.1e+06 225 27380 56 9466 8 1670 1 43 8 805 2 139 24 5322 47 2066
LR999936.1 9.1e+06 9.2e+06 174 20852 27 5440 16 1868 2 315 5 1120   9 1652 34 1436
LR999936.1 9.2e+06 9.3e+06 158 29371 42 7566 14 1464   3 447   26 14395 23 801
LR999936.1 9.3e+06 9.4e+06 170 26068 36 6610 13 2865   9 1840   17 7099 26 957
LR999936.1 9.4e+06 9.5e+06 158 23100 20 3619 15 2875 2 263 18 3002 3 249 16 5070 30 1073
LR999936.1 9.5e+06 9.6e+06 172 29339 31 5764 13 2639   11 2770 6 1822 23 7847 23 888
LR999936.1 9.6e+06 9.7e+06 231 36990 33 6088 19 3354   5 3705 7 4959 22 5131 30 1186
LR999936.1 9.7e+06 9.8e+06 144 17008 22 3818 9 1188 1 348 6 782 1 87 12 4061 33 1256
LR999936.1 9.8e+06 9.9e+06 128 15691 16 3089 10 1800   2 1034 2 198 14 1659 17 659
LR999936.1 9.9e+06 1e+07 175 26479 23 4199 18 2349 1 191 16 4762   24 8567 32 1217
LR999936.1 1e+07 1.01e+07 145 22041 25 4749 9 602   9 4457 1 75 17 4827 33 1207
LR999936.1 1.01e+07 1.02e+07 187 35568 31 6505 16 4997   12 2754 4 4353 25 7679 19 890
LR999936.1 1.02e+07 1.03e+07 212 26236 32 5926 23 4044   11 2459   11 2047 47 1786
LR999936.1 1.03e+07 1.04e+07 166 28463 20 3632 10 1279   20 4887   25 10635 29 1187
LR999936.1 1.04e+07 1.05e+07 170 17092 29 5350 9 765   6 1457 2 188 13 1499 44 1613
LR999936.1 1.05e+07 1.06e+07 156 14737 21 3452 8 433   4 785   11 1165 38 1588
LR999936.1 1.06e+07 1.07e+07 177 16351 27 4323 19 1556   3 390 1 73 25 3090 31 1166
LR999936.1 1.07e+07 1.08e+07 192 21264 48 8775 7 601   5 463 1 114 19 2607 29 1201
LR999936.1 1.08e+07 1.09e+07 135 13552 24 3908 10 1060   3 200 1 63 7 836 35 1498
LR999936.1 1.09e+07 1.1e+07 192 22935 23 4042 17 2088   8 1229 1 77 19 3954 38 1470
LR999936.1 1.1e+07 1.11e+07 184 31358 30 5927 18 2471 2 242 9 3281 11 4211 15 6206 25 991
LR999936.1 1.11e+07 1.12e+07 220 32392 38 6994 19 3800 2 1593 17 3226 3 705 28 7712 25 1083
LR999936.1 1.12e+07 1.13e+07 250 32712 36 6807 19 3542   11 3712 5 1813 21 3294 44 1668
LR999936.1 1.13e+07 1.14e+07 180 19682 35 6818 17 1721 1 84 4 659 1 100 12 1742 33 1377
LR999936.1 1.14e+07 1.15e+07 139 15402 28 5333 10 1357   4 761 1 79 5 432 37 1635
LR999936.1 1.15e+07 1.16e+07 136 13640 19 3266 10 1667   2 118 1 23 7 744 41 1810
LR999936.1 1.16e+07 1.17e+07 233 33862 40 6298 15 1449   9 5389 1 77 22 5287 30 1102
LR999936.1 1.17e+07 1.18e+07 170 21516 39 6934 13 3037 1 413 11 2356   14 1857 33 1391
LR999936.1 1.18e+07 1.19e+07 162 25638 30 5958 10 1802   15 4632 3 258 22 7349 27 1011
LR999936.1 1.19e+07 1.2e+07 258 33967 43 6761 20 3055 2 519 7 1277 10 3682 38 6769 29 1232
LR999936.1 1.2e+07 1.21e+07 227 29420 40 6543 17 1429   14 1864 3 118 22 6033 27 989
LR999936.1 1.21e+07 1.22e+07 215 27231 58 10231 13 1515   13 1509 2 158 24 3703 33 1113
LR999936.1 1.22e+07 1.23e+07 222 40446 42 7936 4 612   13 1776 20 8430 25 10923 31 1464
LR999936.1 1.23e+07 1.24e+07 180 35126 31 5379 10 2274 1 210 17 6494 3 5609 25 6857 23 1056
LR999936.1 1.24e+07 1.25e+07 233 27614 47 8468 8 2659   9 1169 3 276 34 4334 33 1232
LR999936.1 1.25e+07 1.26e+07 218 33505 43 7434 13 1478   16 5276 5 2962 26 7868 37 1685
LR999936.1 1.26e+07 1.27e+07 156 21254 29 5189 11 2261 1 86 6 493   12 4460 26 938
LR999936.1 1.27e+07 1.28e+07 177 21992 38 6942 5 327   11 1484 1 35 18 5691 37 1445
LR999936.1 1.28e+07 1.29e+07 239 28983 44 7746 11 1059   10 791 2 115 26 6086 39 1580
LR999936.1 1.29e+07 1.3e+07 149 17727 28 6080 9 1263   5 405 1 53 12 1416 35 2257
LR999936.1 1.3e+07 1.31e+07 151 22304 25 5524 6 505   11 2551 15 4776 17 3345 29 1183
LR999936.1 1.31e+07 1.32e+07 194 25382 35 6821 12 2772   9 2696 1 99 24 4136 31 1154
LR999936.1 1.32e+07 1.33e+07 170 16828 28 4579 11 1378 3 815 13 1590 1 110 22 2794 32 1413
LR999936.1 1.33e+07 1.34e+07 177 18997 20 3792 21 2050   3 400 2 150 17 2866 35 1555
LR999936.1 1.34e+07 1.35e+07 202 26730 28 5320 17 1701 1 42 7 1612 3 261 25 7422 43 1992
LR999936.1 1.35e+07 1.36e+07 221 29536 34 6114 12 1514 2 406 8 856 10 2495 30 7474 33 1201
LR999936.1 1.36e+07 1.37e+07 218 29311 31 6335 17 1363   5 666 3 964 23 6794 34 1278
LR999936.1 1.37e+07 1.38e+07 223 27879 49 7489 13 1648   13 3494 1 98 24 3724 30 1338
LR999936.1 1.38e+07 1.39e+07 222 31689 37 7708 11 633 1 78 9 3256 2 607 28 7758 30 1322
LR999936.1 1.39e+07 1.4e+07 221 28026 47 8268 9 862 1 74 18 2806 8 3397 29 3953 32 1383
LR999936.1 1.4e+07 1.41e+07 218 40750 39 8454 12 967 1 79 22 6133 9 4475 30 12505 29 1277
LR999936.1 1.41e+07 1.42e+07 207 36827 42 8114 11 2688 1 52 8 874 12 2716 31 12588 19 702
LR999936.1 1.42e+07 1.43e+07 237 29256 54 9958 10 1863   8 1117 1 40 22 3081 37 1379
LR999936.1 1.43e+07 1.44e+07 213 43224 34 6390 16 3582 2 989 10 4155 4 1980 20 13770 33 1129
LR999936.1 1.44e+07 1.45e+07 136 41092 3 687 13 2937 3 1710 24 10668 2 1388 38 21082 24 826
LR999936.1 1.45e+07 1.46e+07 185 34627 27 5515 14 4754   16 2578 8 4669 9 3534 23 960
LR999936.1 1.46e+07 1.47e+07 210 28965 32 5375 13 959   10 1868 3 188 32 10374 36 1467
LR999936.1 1.47e+07 14774369 128 27997 4 760 14 2512 2 147 4 444   10 13953 47 3835
