chrom begin end count_rpt length_rpt count_SINE length_SINE count_DNA length_DNA count_TcM length_TcM count_LINE length_LINE count_LTR length_LTR count_nonLTR length_nonLTR
LR999942.1 1 100000 108 16129 8 1230 8 1892 1 428 8 3514   7 2118 25 1000
LR999942.1 100001 200000 153 18360 25 5215 15 1907 1 69 9 1112 2 266 20 3659 21 669
LR999942.1 200001 300000 151 16188 34 5277 4 829   9 1214 2 150 27 3371 25 895
LR999942.1 300001 400000 163 20368 35 6136 10 733   9 2755 6 442 12 1992 27 1022
LR999942.1 400001 500000 170 21666 36 6267 9 1760   11 2456 2 184 29 4813 28 1242
LR999942.1 500001 600000 160 26868 25 4155 4 364   4 283 40 15281 13 1934 31 1014
LR999942.1 600001 700000 167 20042 29 5113 6 883 1 114 9 1144 1 106 15 2220 26 991
LR999942.1 700001 800000 204 30941 52 9827 18 3789 1 89 14 2526 1 112 33 8647 29 1034
LR999942.1 800001 900000 140 23941 13 2430 13 2471   2 1321 9 6049 15 4886 37 2032
LR999942.1 900001 1e+06 152 22065 25 4533 16 3123   7 2343   19 4886 32 1251
LR999942.1 1e+06 1.1e+06 204 29455 25 4297 14 1035   13 4893 2 180 25 6387 34 1256
LR999942.1 1.1e+06 1.2e+06 207 27978 42 6965 11 802   9 1260 2 83 29 9749 37 1602
LR999942.1 1.2e+06 1.3e+06 205 35740 40 7804 20 4968 3 429 18 6386 3 260 26 8834 29 1111
LR999942.1 1.3e+06 1.4e+06 230 29630 41 7811 22 2379 2 1048 7 3071 2 182 27 3492 38 1397
LR999942.1 1.4e+06 1.5e+06 179 32081 29 5518 5 334   18 7157   26 10918 30 1303
LR999942.1 1.5e+06 1.6e+06 230 32806 37 7448 15 2243 2 1484 15 2502 11 5709 21 3308 38 1972
LR999942.1 1.6e+06 1.7e+06 205 36722 35 7323 11 978 1 87 13 7214 1 54 21 8023 31 1224
LR999942.1 1.7e+06 1.8e+06 242 37089 51 8884 17 2483   14 5907 5 553 32 8730 27 916
LR999942.1 1.8e+06 1.9e+06 215 21016 34 5371 12 691   7 666 1 64 20 2211 40 1665
LR999942.1 1.9e+06 2e+06 178 21523 31 5797 5 379   5 1242 5 382 16 4670 34 1502
LR999942.1 2e+06 2.1e+06 177 18208 21 3124 12 2145   6 772 3 226 17 2127 36 1665
LR999942.1 2.1e+06 2.2e+06 147 20243 29 5562 15 2843 1 104 9 4780 1 86 6 810 32 1225
LR999942.1 2.2e+06 2.3e+06 147 15051 28 4677 14 1682   5 521   16 1783 31 1195
LR999942.1 2.3e+06 2.4e+06 172 23125 26 4148 17 2552 2 296 12 3074 5 2383 15 3363 33 1296
LR999942.1 2.4e+06 2.5e+06 229 27307 25 4629 21 1976   7 1650 4 950 30 6188 47 1757
LR999942.1 2.5e+06 2.6e+06 199 23295 36 6086 22 4505   8 1448 2 127 21 3732 37 1320
LR999942.1 2.6e+06 2.7e+06 150 17925 23 4490 20 3090   4 1022 2 119 16 2914 32 1527
LR999942.1 2.7e+06 2.8e+06 114 11123 10 2141 8 859   6 572   6 1487 25 1050
LR999942.1 2.8e+06 2.9e+06 173 23198 28 5080 14 1668 1 86 5 1111 1 136 16 4548 24 1086
LR999942.1 2.9e+06 3e+06 273 41342 37 6231 12 2220 3 554 13 3791 1 96 35 11333 33 1337
LR999942.1 3e+06 3.1e+06 249 33774 56 10642 15 2086   12 1841   21 5400 33 1238
LR999942.1 3.1e+06 3.2e+06 222 26947 50 11233 5 493   19 2837   18 2518 43 1707
LR999942.1 3.2e+06 3.3e+06 229 41842 41 7875 11 2853   11 5201 4 1074 35 12369 31 1189
LR999942.1 3.3e+06 3.4e+06 209 35083 35 6589 15 1346   11 3776 1 185 18 11715 35 1358
LR999942.1 3.4e+06 3.5e+06 171 18608 35 6433 7 674 1 129 7 941 3 216 18 3096 40 1629
LR999942.1 3.5e+06 3.6e+06 173 18964 34 5975 13 1051   7 827 2 118 22 3751 40 1753
LR999942.1 3.6e+06 3.7e+06 218 23303 47 8634 9 702   11 1165 1 35 22 3999 48 1772
LR999942.1 3.7e+06 3.8e+06 152 16768 38 7202 8 798   8 952   20 2109 36 1353
LR999942.1 3.8e+06 3.9e+06 102 9717 13 2706 6 513 1 65 4 523   6 646 34 1476
LR999942.1 3.9e+06 4e+06 114 16043 15 2990 13 1654   7 1573 1 248 12 4435 31 1357
LR999942.1 4e+06 4.1e+06 116 13022 8 1703 10 1112   4 872   15 2969 38 1616
LR999942.1 4.1e+06 4.2e+06 105 12687 13 2123 8 879 1 286 6 3943   6 653 36 1652
LR999942.1 4.2e+06 4.3e+06 148 22784 28 5359 11 1884   4 4135 1 46 22 4431 30 1292
LR999942.1 4.3e+06 4.4e+06 136 16094 23 4250 9 1141   9 1665 1 43 18 4318 32 1371
LR999942.1 4.4e+06 4.5e+06 125 14090 22 4214 6 1569   7 822 2 156 12 1470 38 1781
LR999942.1 4.5e+06 4.6e+06 101 13449 15 2397 9 656   3 506 2 128 8 5688 35 1567
LR999942.1 4.6e+06 4.7e+06 123 13573 19 3375 12 2058 1 638 6 620 1 85 12 2580 27 1165
LR999942.1 4.7e+06 4.8e+06 90 11422 20 3017 5 1065   2 241 1 2069 6 1515 29 1269
LR999942.1 4.8e+06 4.9e+06 143 20008 19 2490 6 378   12 3913 1 56 17 5970 38 1668
LR999942.1 4.9e+06 5e+06 109 11367 22 3739 7 390   5 664 4 1561 5 533 23 873
LR999942.1 5e+06 5.1e+06 105 15182 14 3861 11 1583   3 414 2 156 7 3334 31 1221
LR999942.1 5.1e+06 5.2e+06 117 16356 11 2346 9 2328 5 874 9 3030   11 3026 42 1685
LR999942.1 5.2e+06 5.3e+06 97 10320 9 1972 7 917   7 507 1 80 5 1612 33 1384
LR999942.1 5.3e+06 5.4e+06 77 6852 14 1783 4 367   2 567 1 37 3 440 28 1343
LR999942.1 5.4e+06 5.5e+06 107 9900 8 1194 6 1110   8 1274   9 1729 45 1836
LR999942.1 5.5e+06 5.6e+06 74 6955 10 1627 2 259   4 451 1 1392 3 466 35 1403
LR999942.1 5.6e+06 5.7e+06 94 8233 18 3507 2 246   3 309 1 107 7 815 38 1349
LR999942.1 5.7e+06 5.8e+06 152 19256 7 1555 16 2882 1 542 7 862 1 102 18 4192 35 1379
LR999942.1 5.8e+06 5.9e+06 125 20534 6 1252 12 2462 1 389 8 1152 3 2683 13 2618 29 1140
LR999942.1 5.9e+06 6e+06 110 19345 14 2603 3 517   6 2716 3 468 14 7653 29 1318
LR999942.1 6e+06 6.1e+06 124 21760 20 3493 16 2498   3 1924 3 3982 9 3911 43 2160
LR999942.1 6.1e+06 6.2e+06 154 44635 9 1310 11 2375 3 660 21 16480 7 8387 20 7991 32 1271
LR999942.1 6.2e+06 6.3e+06 147 26355 23 4143 3 735   6 1015 7 5338 20 9326 44 1798
LR999942.1 6.3e+06 6.4e+06 125 18046 24 5376 7 1185   12 1369 3 3517 12 1469 27 1116
LR999942.1 6.4e+06 6.5e+06 116 16403 15 3679 9 1292 1 337 11 4152 1 94 9 1771 37 1508
LR999942.1 6.5e+06 6.6e+06 115 16434 13 2486 14 2564   5 537 13 4606 7 1054 25 1126
LR999942.1 6.6e+06 6.7e+06 99 12620 17 3332 10 1551   4 1522 1 58 7 1017 21 908
LR999942.1 6.7e+06 6.8e+06 86 13806 10 1994 9 1203 1 82 9 3141   7 3455 24 1052
LR999942.1 6.8e+06 6.9e+06 110 10953 9 1708 3 298   2 259 4 3049 5 457 44 1790
LR999942.1 6.9e+06 7e+06 146 16684 27 3992 16 4141 1 79 8 1291   12 1287 31 1410
LR999942.1 7e+06 7.1e+06 147 20987 23 4322 12 2443   7 4552   6 2292 39 1889
LR999942.1 7.1e+06 7.2e+06 129 17606 26 5448 4 588   8 1176 2 105 16 4200 31 1395
LR999942.1 7.2e+06 7.3e+06 87 8382 17 2734 4 177   3 319 2 180 4 854 19 754
LR999942.1 7.3e+06 7.4e+06 153 16291 33 5316 15 1661   5 906 1 89 11 1541 29 1141
LR999942.1 7.4e+06 7.5e+06 123 11784 26 4347 9 593   3 351 2 184 16 1825 31 1203
LR999942.1 7.5e+06 7.6e+06 164 15854 27 4155 8 549   6 720 3 251 9 1378 27 1203
LR999942.1 7.6e+06 7.7e+06 138 19072 37 5796 6 621   7 1731 2 140 16 4993 19 784
LR999942.1 7.7e+06 7.8e+06 146 13436 25 3743 9 516   7 795   9 1009 34 1466
LR999942.1 7.8e+06 7.9e+06 162 16060 18 4069 18 1549 1 249 3 262 2 133 10 1238 37 1591
LR999942.1 7.9e+06 8e+06 159 21441 32 6462 12 1637 1 96 12 3117   15 4439 40 1688
LR999942.1 8e+06 8.1e+06 163 28086 38 7230 14 1446   15 5643 1 182 18 7523 32 1396
LR999942.1 8.1e+06 8.2e+06 166 32543 33 7236 11 1157   19 6136 9 6980 21 6056 29 1247
LR999942.1 8.2e+06 8.3e+06 129 17807 32 7289 11 1544   6 638 3 193 13 4155 27 1070
LR999942.1 8.3e+06 8.4e+06 137 16595 21 3539 10 1808 1 57 7 696   7 3846 25 974
LR999942.1 8.4e+06 8.5e+06 189 23150 24 4122 10 825   9 1232 1 62 21 7285 47 2026
LR999942.1 8.5e+06 8.6e+06 142 16058 37 6361 8 830   6 1377 2 126 15 2340 25 1216
LR999942.1 8.6e+06 8.7e+06 204 31970 41 6856 8 983 1 680 10 862 9 5180 21 7754 37 1666
LR999942.1 8.7e+06 8.8e+06 199 24441 44 7820 9 1576 1 376 15 2209 2 190 24 3828 39 1672
LR999942.1 8.8e+06 8.9e+06 154 17192 29 4853 10 735   4 488 2 652 11 1831 29 1165
LR999942.1 8.9e+06 9e+06 206 28992 35 5657 15 1761 4 806 9 3855 3 1850 12 4342 44 1665
LR999942.1 9e+06 9.1e+06 236 39980 35 5976 19 2093 3 398 8 4481 9 5600 33 10083 39 1356
LR999942.1 9.1e+06 9.2e+06 180 23380 27 5825 12 1237   18 2507 5 760 17 5487 35 1465
LR999942.1 9.2e+06 9.3e+06 208 23332 44 6918 12 1825 3 1109 5 703 2 156 37 4320 34 1401
LR999942.1 9.3e+06 9.4e+06 219 27277 40 7200 14 1542 2 565 8 869 2 179 24 6867 45 1700
LR999942.1 9.4e+06 9.5e+06 221 24925 26 4910 12 834 1 73 13 2654 5 415 16 2837 34 1382
LR999942.1 9.5e+06 9.6e+06 132 16966 17 4141 13 1774 2 140 2 416   16 4074 43 1950
LR999942.1 9.6e+06 9.7e+06 148 15765 23 3577 14 2565   3 357 1 96 14 2014 33 1269
LR999942.1 9.7e+06 9.8e+06 143 17376 18 3586 15 2823   6 1673 1 67 9 964 30 1366
LR999942.1 9.8e+06 9.9e+06 165 16938 29 4482 15 2737   6 652 1 87 20 1907 33 1537
LR999942.1 9.9e+06 1e+07 205 22913 40 7727 16 1726   8 1233 2 101 21 3270 34 1349
LR999942.1 1e+07 1.01e+07 273 32307 46 9455 25 2821 2 98 11 1366   25 4138 38 1515
LR999942.1 1.01e+07 1.02e+07 174 22730 34 5537 20 3523 1 1051 6 572 1 77 18 3614 21 719
LR999942.1 1.02e+07 1.03e+07 136 14495 21 4216 14 1885   7 959 1 85 8 1000 45 1965
LR999942.1 1.03e+07 1.04e+07 148 17388 23 4148 18 2616   3 435 2 156 13 1986 26 1096
LR999942.1 1.04e+07 1.05e+07 134 19984 26 5078 8 1854   5 2188 3 3524 16 2180 33 1344
LR999942.1 1.05e+07 1.06e+07 182 24225 42 7745 17 1772 1 87 12 2807 1 59 17 4108 31 1252
LR999942.1 1.06e+07 1.07e+07 141 17149 21 4093 10 1237 1 424 9 1534   20 4119 29 1153
LR999942.1 1.07e+07 1.08e+07 138 18873 27 4560 11 1138   6 500 1 42 12 5143 23 958
LR999942.1 1.08e+07 1.09e+07 164 21422 45 7861 14 2324   7 1282   18 4283 27 1214
LR999942.1 1.09e+07 1.1e+07 173 17436 19 3411 7 1205 2 153 7 824 3 246 20 3309 50 1920
LR999942.1 1.1e+07 1.11e+07 199 20995 33 5300 11 896   12 1979   20 2968 30 1186
LR999942.1 1.11e+07 1.12e+07 184 21590 27 6185 23 2976   10 1346 2 191 19 2551 40 1447
LR999942.1 1.12e+07 1.13e+07 211 22811 28 5082 19 1366   11 1663 2 139 24 3775 36 1423
LR999942.1 1.13e+07 1.14e+07 256 30061 67 11835 13 791   12 1403 3 253 31 5036 29 1031
LR999942.1 1.14e+07 1.15e+07 207 26017 35 5058 7 717   11 1445 4 353 27 8018 36 1624
LR999942.1 1.15e+07 1.16e+07 183 23674 34 6932 15 1348   4 1584 1 87 25 6480 43 1728
LR999942.1 1.16e+07 1.17e+07 192 25826 43 7159 11 973   4 1968 1 93 29 7677 29 1408
LR999942.1 1.17e+07 1.18e+07 196 22422 30 4507 17 2686   2 177 3 138 21 3078 36 1565
LR999942.1 1.18e+07 1.19e+07 243 36358 24 4235 13 5097 2 1122 4 765 2 124 29 4841 32 1446
LR999942.1 1.19e+07 1.2e+07 183 29485 29 6075 10 5505   6 1598 1 52 21 5766 32 1409
LR999942.1 1.2e+07 1.21e+07 265 37924 50 8022 24 4062   19 4099 2 3764 34 7235 37 1212
LR999942.1 1.21e+07 1.22e+07 241 26696 52 7984 7 488   6 1336 2 137 34 5595 36 1359
LR999942.1 1.22e+07 1.23e+07 211 26287 48 8528 15 2189 2 711 13 2488 1 112 26 4142 32 1319
LR999942.1 1.23e+07 1.24e+07 130 17465 18 3063 16 4168 3 1406 10 2401 1 46 14 2333 27 1292
LR999942.1 1.24e+07 1.25e+07 92 10321 9 1727 14 2473   2 181 4 314 9 1332 19 703
LR999942.1 1.25e+07 1.26e+07 152 15161 36 5628 7 814 1 61 9 1191 2 190 21 1847 31 1097
LR999942.1 1.26e+07 1.27e+07 124 13970 20 3619 8 459   5 460 1 56 18 4277 32 1263
LR999942.1 1.27e+07 1.28e+07 230 36642 27 5769 22 4819 2 1608 10 1868 7 5286 19 5432 39 1730
LR999942.1 1.28e+07 1.29e+07 194 27848 19 4118 12 1143   14 5408 1 112 24 6563 32 1173
LR999942.1 1.29e+07 1.3e+07 223 30081 41 6572 8 772   21 7142 4 301 25 5885 27 1075
LR999942.1 1.3e+07 1.31e+07 175 21710 33 5299 10 753   9 1156 3 187 35 7921 31 1251
LR999942.1 1.31e+07 1.32e+07 154 16337 39 6743 10 909 3 244 5 1087 1 75 13 1324 27 1119
LR999942.1 1.32e+07 1.33e+07 128 20362 24 4664 10 869   14 6276 3 237 16 4068 16 576
LR999942.1 1.33e+07 1.34e+07 110 14445 16 2632 5 618   9 3283 2 109 16 2753 27 1008
LR999942.1 1.34e+07 1.35e+07 90 10914 11 1943 3 1141   2 175   15 4140 38 1570
LR999942.1 1.35e+07 13550656 105 13723 1 72 8 716   3 707 11 2633 8 2450 32 1793
