chrom begin end count_rpt length_rpt count_SINE length_SINE count_DNA length_DNA count_TcM length_TcM count_LINE length_LINE count_LTR length_LTR count_nonLTR length_nonLTR
LR999925.1 1 100000 125 20744 8 1099 11 1791 3 1028 3 1277 5 3850 20 5765 36 1409
LR999925.1 100001 200000 147 34543 11 1914 7 2029 2 1584 12 10722 9 4670 16 7198 31 1419
LR999925.1 200001 300000 182 32161 27 5176 11 880   15 3891 4 3793 24 10231 32 1358
LR999925.1 300001 400000 169 28686 39 6329 13 5419   12 3207 4 413 24 6529 23 805
LR999925.1 400001 500000 191 21704 40 7128 12 1672 3 229 13 1416 2 131 26 3179 35 1515
LR999925.1 500001 600000 212 28679 29 5127 9 1207   7 1916 2 474 32 6636 32 1087
LR999925.1 600001 700000 165 24349 29 4705 8 587 1 93 11 2972 1 109 31 9332 19 681
LR999925.1 700001 800000 180 24836 25 4700 14 1588 3 414 14 3399 1 44 21 7394 54 2183
LR999925.1 800001 900000 184 20583 36 6629 17 2203 2 144 9 878 3 238 19 2709 28 1006
LR999925.1 900001 1e+06 255 39841 42 7402 23 2358 4 764 18 6617 1 121 33 9328 34 1274
LR999925.1 1e+06 1.1e+06 201 27307 30 6007 20 5108   9 1156 5 2247 19 3291 38 1491
LR999925.1 1.1e+06 1.2e+06 191 22169 35 6204 7 408   10 1609 2 336 17 3168 31 1279
LR999925.1 1.2e+06 1.3e+06 221 29851 41 8260 4 285 1 70 16 3039 2 108 27 6927 35 1327
LR999925.1 1.3e+06 1.4e+06 200 31801 34 6518 15 1266   13 4444   27 9129 22 857
LR999925.1 1.4e+06 1.5e+06 195 30255 39 7154 10 1000   8 1075 5 774 30 12186 36 1549
LR999925.1 1.5e+06 1.6e+06 196 20304 27 5340 15 1639   7 702 2 185 19 2044 33 1141
LR999925.1 1.6e+06 1.7e+06 205 31954 22 5787 11 2246 1 283 10 2196 5 3940 27 4616 34 1355
LR999925.1 1.7e+06 1.8e+06 182 23179 23 4419 26 6906   10 1189 1 76 11 1275 38 1543
LR999925.1 1.8e+06 1.9e+06 159 16237 22 3784 15 1669 1 550 6 595   20 2219 35 1345
LR999925.1 1.9e+06 2e+06 116 12533 20 4268 9 1545   4 347 2 102 7 842 28 1046
LR999925.1 2e+06 2.1e+06 88 10822 7 1651 5 575   3 2143   10 1622 22 982
LR999925.1 2.1e+06 2.2e+06 144 16721 18 3342 17 2223   6 1027   12 2457 32 1364
LR999925.1 2.2e+06 2.3e+06 165 25993 26 4272 17 1757   15 5269 7 3912 17 4150 28 1202
LR999925.1 2.3e+06 2.4e+06 160 26090 36 6012 8 1060   7 1524 8 3799 13 5338 22 872
LR999925.1 2.4e+06 2.5e+06 205 33450 30 6444 21 3992   19 6412   25 6044 24 864
LR999925.1 2.5e+06 2.6e+06 160 22971 29 5482 16 3130   6 735 2 156 17 5182 25 1059
LR999925.1 2.6e+06 2.7e+06 145 16392 32 4040 7 1566   4 371 3 928 17 2975 39 1738
LR999925.1 2.7e+06 2.8e+06 160 23448 29 6249 6 546   13 4761 1 111 14 3173 27 1228
LR999925.1 2.8e+06 2.9e+06 116 23043 18 3337 18 2014   10 5347   10 8352 33 1465
LR999925.1 2.9e+06 3e+06 123 13741 34 6489 8 575   4 405   10 1748 33 1489
LR999925.1 3e+06 3.1e+06 127 14192 11 1619 6 1448   2 410 7 2406 6 811 39 1830
LR999925.1 3.1e+06 3.2e+06 126 13158 30 5221 14 1802   2 302   11 822 37 1766
LR999925.1 3.2e+06 3.3e+06 132 17885 22 4180 12 805   11 2578   15 5036 31 1420
LR999925.1 3.3e+06 3.4e+06 147 27973 15 2633 6 5078   9 865 6 5928 13 5296 34 1353
LR999925.1 3.4e+06 3.5e+06 104 9209 13 2111 7 1460   6 575 1 45 10 1221 45 1727
LR999925.1 3.5e+06 3.6e+06 118 12025 13 2298 8 789   3 398   7 1648 35 1658
LR999925.1 3.6e+06 3.7e+06 128 16503 13 2299 9 1660   4 684   10 4384 33 1388
LR999925.1 3.7e+06 3.8e+06 116 17298 20 3808     4 1862 2 85 8 1284 34 1473
LR999925.1 3.8e+06 3.9e+06 116 14311 25 4196 12 850   2 393 1 56 13 4809 29 1220
LR999925.1 3.9e+06 4e+06 136 22398 14 2927 6 503   7 4815 4 297 14 4816 27 1191
LR999925.1 4e+06 4.1e+06 200 23552 34 5928 13 1273 2 432 13 2219 1 95 13 3431 36 1535
LR999925.1 4.1e+06 4.2e+06 171 25890 28 4954 14 3342   9 1768 1 76 16 6852 39 1666
LR999925.1 4.2e+06 4.3e+06 195 20247 32 5247 9 945   12 1223 1 52 10 1370 47 1867
LR999925.1 4.3e+06 4.4e+06 201 39599 11 1943 30 4907 2 363 13 2599   34 18220 34 1540
LR999925.1 4.4e+06 4.5e+06 163 20140 26 3943 5 559   9 2249 1 84 17 2599 25 1303
LR999925.1 4.5e+06 4.6e+06 118 13374 15 3045 13 2671 1 147 2 226 1 41 7 981 33 1565
LR999925.1 4.6e+06 4.7e+06 109 14195 10 1887 8 759 1 251 4 512 1 88 6 5672 46 2155
LR999925.1 4.7e+06 4.8e+06 133 12395 24 3893 6 417   7 903 2 140 19 2005 32 1280
LR999925.1 4.8e+06 4.9e+06 105 12656 11 1994 11 810   5 757   8 3976 38 1849
LR999925.1 4.9e+06 5e+06 134 19216 30 5817 10 855   2 312   19 7409 34 1397
LR999925.1 5e+06 5.1e+06 136 17049 19 3004 17 2659 6 1108 8 3655   7 1279 30 1438
LR999925.1 5.1e+06 5.2e+06 98 11500 14 2834 3 2610   2 359   11 1418 31 1186
LR999925.1 5.2e+06 5.3e+06 110 12045 12 2344 9 1974   4 736   8 1205 33 1345
LR999925.1 5.3e+06 5.4e+06 154 21041 15 3205 12 1303 1 67 5 1387   15 5510 41 1878
LR999925.1 5.4e+06 5.5e+06 109 10304 13 2074 13 1592 1 86 3 264 1 116 9 930 32 1521
LR999925.1 5.5e+06 5.6e+06 164 19725 27 4872 8 895   9 1381   15 3519 36 1500
LR999925.1 5.6e+06 5.7e+06 133 18971 28 5432 11 2990   6 665 1 65 11 4131 28 1303
LR999925.1 5.7e+06 5.8e+06 155 22129 18 2392 17 2955 2 1152 20 6470 7 833 17 3446 33 1357
LR999925.1 5.8e+06 5.9e+06 152 16999 31 5543 10 1457   7 1070   9 2074 28 1214
LR999925.1 5.9e+06 6e+06 167 23330 23 2944 12 2932   8 3027 8 2823 10 2687 34 1497
LR999925.1 6e+06 6.1e+06 119 15365 19 2895 4 1509   8 987 1 70 17 4845 33 1462
LR999925.1 6.1e+06 6.2e+06 105 14086 6 1362 11 1608   3 1300 4 2660 9 1051 36 1872
LR999925.1 6.2e+06 6.3e+06 95 11252 4 714 15 2503   7 2424 2 119 7 1572 31 1170
LR999925.1 6.3e+06 6.4e+06 115 12911 19 3361 8 810   4 556   5 2279 32 1262
LR999925.1 6.4e+06 6.5e+06 128 15495 10 2595 4 336 1 64 5 1006 3 247 8 4162 41 1637
LR999925.1 6.5e+06 6.6e+06 103 11379 10 2558 10 1973 4 994 11 894 1 87 2 143 33 1319
LR999925.1 6.6e+06 6.7e+06 124 13507 14 2774 5 928   3 361   6 685 24 1034
LR999925.1 6.7e+06 6.8e+06 125 17981 22 4948 13 2084 2 903 7 1325   10 4066 24 1069
LR999925.1 6.8e+06 6.9e+06 183 19960 22 4126 15 1234   4 341 2 142 10 1823 32 1115
LR999925.1 6.9e+06 7e+06 172 26853 34 5983 10 2488   11 1473 6 6306 22 3341 33 1416
LR999925.1 7e+06 7.1e+06 132 12733 30 5205 9 669 2 177 10 1504 2 139 7 880 30 1180
LR999925.1 7.1e+06 7.2e+06 152 20975 32 5008 14 1052   14 5432 1 83 15 4605 24 880
LR999925.1 7.2e+06 7.3e+06 130 17038 23 2934 7 578   7 1500 1 79 16 5396 33 1437
LR999925.1 7.3e+06 7.4e+06 108 10204 12 2224 4 340   8 1195   6 965 32 1136
LR999925.1 7.4e+06 7.5e+06 89 8983 12 1836 6 838   5 874   7 808 23 1152
LR999925.1 7.5e+06 7.6e+06 87 10405 9 1964 6 1476 1 915 3 206 2 154 7 1467 25 1155
LR999925.1 7.6e+06 7.7e+06 130 16497 13 1533 3 385 1 324 5 4333   14 3412 34 1620
LR999925.1 7.7e+06 7.8e+06 132 14421 20 3913 5 534 2 355 5 612 2 1414 9 1970 48 2087
LR999925.1 7.8e+06 7.9e+06 108 15751 27 4271 3 258   4 2356 1 171 9 3288 31 1206
LR999925.1 7.9e+06 8e+06 86 10573 9 1622 7 615   7 4271 1 70 3 438 25 1052
LR999925.1 8e+06 8.1e+06 99 13078 10 1836 11 1732 4 637 10 1406 1 89 9 1356 25 1356
LR999925.1 8.1e+06 8.2e+06 74 5260 5 767 6 524 1 137 1 33 1 101 6 966 36 1500
LR999925.1 8.2e+06 8.3e+06 127 13977 19 4017 10 1174 1 92 3 558 2 138 9 1588 38 1735
LR999925.1 8.3e+06 8.4e+06 91 8089 10 1752 3 317   6 560 5 823 7 1156 37 1708
LR999925.1 8.4e+06 8.5e+06 125 14575 17 3440 7 743   6 848   7 2637 44 1868
LR999925.1 8.5e+06 8.6e+06 98 10941 15 2731 4 1138 1 409 6 1791   4 458 37 1678
LR999925.1 8.6e+06 8.7e+06 106 13141 11 2390 15 2353   6 594 2 171 7 2371 25 1135
LR999925.1 8.7e+06 8.8e+06 140 20210 6 1016 19 5708   7 2736   9 989 40 1947
LR999925.1 8.8e+06 8.9e+06 104 9614 4 839 4 617   3 320 1 68 17 2193 41 1689
LR999925.1 8.9e+06 9e+06 135 16397 14 2646 12 1153   7 1962 4 697 19 4313 38 1602
LR999925.1 9e+06 9.1e+06 136 12930 17 1920 11 1995   9 1000 1 48 8 783 36 1477
LR999925.1 9.1e+06 9.2e+06 123 18876 25 4447 6 543   9 4387 1 3656 9 871 33 1284
LR999925.1 9.2e+06 9.3e+06 129 18920 15 2978 16 2666   4 609 1 62 15 5104 34 1696
LR999925.1 9.3e+06 9.4e+06 92 11105 13 2317 4 355   6 419 2 126 8 4058 32 1290
LR999925.1 9.4e+06 9.5e+06 70 8615 5 953 10 3748 2 1503 3 228 2 155 5 690 24 1002
LR999925.1 9.5e+06 9.6e+06 83 9555 6 1444 7 1124 1 317 3 296 1 77 9 1742 25 1072
LR999925.1 9.6e+06 9.7e+06 115 12188 12 1998 13 949   13 1704 1 101 11 1454 26 1157
LR999925.1 9.7e+06 9.8e+06 126 21231 19 2884 5 546   9 5333 1 77 17 6907 31 1311
LR999925.1 9.8e+06 9.9e+06 161 31047 24 4460 15 3772   4 2542 12 7460 9 3173 39 1481
LR999925.1 9.9e+06 1e+07 147 24263 14 3060 28 5087 1 462 7 1266 1 95 12 7107 30 1353
LR999925.1 1e+07 1.01e+07 145 23007 20 3723 5 367   4 2629 8 4600 17 4923 37 1578
LR999925.1 1.01e+07 1.02e+07 148 15904 28 5006 12 2307   9 1302 2 184 14 1972 43 1676
LR999925.1 1.02e+07 1.03e+07 108 8584 16 2670 5 360   9 1113 1 98 4 593 44 1772
LR999925.1 1.03e+07 1.04e+07 118 18629 14 2117 9 2933   3 458 10 4127 7 3611 31 1190
LR999925.1 1.04e+07 1.05e+07 122 17665 19 4613 9 1151 1 66 6 857 6 2425 9 2258 34 1802
LR999925.1 1.05e+07 1.06e+07 104 10190 19 3018 6 335   1 76   8 1452 32 1374
LR999925.1 1.06e+07 1.07e+07 125 16254 24 3698 12 3151 1 1054 4 2124 1 51 14 2082 27 1156
LR999925.1 1.07e+07 1.08e+07 162 22370 21 4864 11 2592 1 168 11 1074 5 4429 14 2137 46 1892
LR999925.1 1.08e+07 1.09e+07 130 17334 15 2820 12 2864   9 3770 1 174 10 1165 33 1443
LR999925.1 1.09e+07 1.1e+07 114 19641 15 2272 9 1380 2 684 4 702   12 10377 35 1611
LR999925.1 1.1e+07 1.11e+07 138 16171 18 3418 14 2259   3 511 1 38 12 3566 40 1828
LR999925.1 1.11e+07 1.12e+07 154 16613 27 5219 12 1594   8 604   8 875 35 1436
LR999925.1 1.12e+07 1.13e+07 121 13345 15 2536 8 2043   2 1012   8 1160 39 1480
LR999925.1 1.13e+07 1.14e+07 154 17353 28 5651 13 1186   4 481 1 91 13 2560 41 1521
LR999925.1 1.14e+07 1.15e+07 173 23382 35 7172 15 2300 3 1280 13 4315 2 174 16 2452 39 1592
LR999925.1 1.15e+07 1.16e+07 151 15977 30 4221 6 627   5 1335 3 257 11 1735 36 1593
LR999925.1 1.16e+07 1.17e+07 171 40517 3 247 20 5091   5 1196 12 9201 20 14079 40 1582
LR999925.1 1.17e+07 1.18e+07 196 28066 19 4667 19 5545 4 913 14 2395 1 206 20 3275 34 1484
LR999925.1 1.18e+07 1.19e+07 189 25649 30 5515 11 2406 1 89 4 1875 1 72 18 4865 33 1633
LR999925.1 1.19e+07 1.2e+07 142 15341 25 4679 11 1164   4 712 2 167 10 2023 36 1539
LR999925.1 1.2e+07 1.21e+07 205 29604 40 7276 13 1029   12 5192 2 215 22 6348 33 1359
LR999925.1 1.21e+07 1.22e+07 130 14776 22 4847 8 1404 2 889 3 305 2 111 15 2163 27 1164
LR999925.1 1.22e+07 1.23e+07 175 22929 44 7355 3 1223   6 3356 2 169 22 2509 25 927
LR999925.1 1.23e+07 1.24e+07 158 16934 37 6865 6 553   8 817 3 185 24 2884 33 1182
LR999925.1 1.24e+07 1.25e+07 139 14662 27 4766 16 1185   7 833 1 45 12 1341 20 717
LR999925.1 1.25e+07 1.26e+07 159 17280 28 4957 8 599 1 123 7 1007 3 169 19 3035 34 1479
LR999925.1 1.26e+07 1.27e+07 187 27350 37 5761 21 2512   9 3308 3 237 23 6140 29 1079
LR999925.1 1.27e+07 1.28e+07 156 15965 23 3893 9 1134   2 365 1 127 10 1319 41 1766
LR999925.1 1.28e+07 1.29e+07 113 11882 21 4172 7 539 2 114 4 505 2 1520   46 2169
LR999925.1 1.29e+07 1.3e+07 108 14058 11 2222 12 1611   6 3015 5 1198 4 466 32 1407
LR999925.1 1.3e+07 1.31e+07 111 9639 15 2126 9 751   5 657   5 762 36 1520
LR999925.1 1.31e+07 1.32e+07 186 27870 33 6003 12 1133   17 5037 1 35 26 7566 29 1221
LR999925.1 1.32e+07 1.33e+07 171 19446 33 5405 13 1165   12 3314 1 63 15 2507 43 1928
LR999925.1 1.33e+07 1.34e+07 209 22811 39 6411 13 2895 2 355 8 1452 1 100 19 1991 35 1442
LR999925.1 1.34e+07 1.35e+07 246 44099 29 4393 14 3016   21 8979 8 4399 19 7934 41 1608
LR999925.1 1.35e+07 1.36e+07 157 18610 30 5079 14 2668 2 1589 7 808   26 3843 28 1520
LR999925.1 1.36e+07 1.37e+07 183 22220 34 7534 5 238 1 73 9 2282   24 5406 44 1631
LR999925.1 1.37e+07 1.38e+07 178 24133 44 6935 7 1064   10 1042 1 87 24 6867 29 1265
LR999925.1 1.38e+07 1.39e+07 150 17957 32 5665 4 217   7 1011 1 108 24 5320 36 1676
LR999925.1 1.39e+07 1.4e+07 162 19511 26 5013 6 645   12 1507 3 154 16 5149 32 1386
LR999925.1 1.4e+07 1.41e+07 153 21827 16 2891 8 1880 3 243 12 2688 11 4229 14 2540 34 1371
LR999925.1 1.41e+07 1.42e+07 159 19683 28 5084 8 605   6 3586   11 1806 39 1523
LR999925.1 1.42e+07 1.43e+07 172 19929 39 7152 7 1571   9 1452   23 3105 43 1684
LR999925.1 1.43e+07 1.44e+07 108 11721 17 3271 13 1521   5 796   13 2150 30 1237
LR999925.1 1.44e+07 1.45e+07 135 16038 24 4334 10 655   4 516 2 2358 11 1204 30 1145
LR999925.1 1.45e+07 1.46e+07 171 18738 22 4315 10 810 2 171 3 580 2 168 32 5409 40 1702
LR999925.1 1.46e+07 1.47e+07 162 18598 19 3962 9 992   8 2230 2 116 14 1682 38 1789
LR999925.1 1.47e+07 1.48e+07 120 14746 18 3475 12 1391 1 401 5 359 5 1883 10 1725 29 1236
LR999925.1 1.48e+07 1.49e+07 90 15940 6 1055 3 527   8 1024 1 156 15 10099 33 1273
LR999925.1 1.49e+07 1.5e+07 97 9756 1 304 4 363   2 371 1 19 6 2293 40 2101
LR999925.1 1.5e+07 1.51e+07 149 18618 20 4112 17 3073 1 88 8 1427 7 513 14 2470 31 1198
LR999925.1 1.51e+07 1.52e+07 107 16979 14 2426 10 1018   7 4682 4 3059 10 1547 37 1586
LR999925.1 1.52e+07 1.53e+07 189 19434 25 3929 15 2099   5 766 1 43 22 2557 41 1839
LR999925.1 1.53e+07 1.54e+07 158 22592 27 4948 13 1584   5 863 2 199 23 6587 26 1106
LR999925.1 1.54e+07 1.55e+07 152 16095 29 4628 11 931   5 438 1 27 23 3783 27 1011
LR999925.1 1.55e+07 1.56e+07 168 20616 19 4197 4 347   4 698 19 5489 19 2476 41 1628
LR999925.1 1.56e+07 1.57e+07 171 21165 24 4740 16 1962   3 264 4 164 23 6229 30 1100
LR999925.1 1.57e+07 1.58e+07 123 17804 20 3724 10 1935 2 1088   5 4611 10 1722 31 1507
LR999925.1 1.58e+07 1.59e+07 155 20019 39 7004 14 2055   2 458 4 3638 18 1705 33 1422
LR999925.1 1.59e+07 1.6e+07 188 26673 16 3242 34 2640   14 5161 1 76 18 5987 35 1386
LR999925.1 1.6e+07 1.61e+07 191 29796 25 4928 8 2041 2 1245 13 5400 2 144 29 7840 33 1453
LR999925.1 1.61e+07 1.62e+07 157 19319 28 4609 9 752   15 3674   12 3040 31 1374
LR999925.1 1.62e+07 1.63e+07 135 13890 22 3903 8 671   6 914 1 80 15 1672 34 1411
LR999925.1 1.63e+07 1.64e+07 121 19163 19 3796 2 55   8 4233 1 74 14 4599 24 998
LR999925.1 1.64e+07 1.65e+07 114 15848 11 1794 9 622 3 263 5 1149 1 42 15 5925 35 1454
LR999925.1 1.65e+07 1.66e+07 121 27044 5 1072 6 1776 1 44 8 2456   25 16013 42 2064
LR999925.1 1.66e+07 16607008 7 4978   1 181 1 181 1 306   5 4491  
