chrom begin end count_rpt length_rpt count_SINE length_SINE count_DNA length_DNA count_TcM length_TcM count_LINE length_LINE count_LTR length_LTR count_nonLTR length_nonLTR
LR999941.1 1 100000 98 9592 6 1177 6 968 1 219 4 778 2 235 6 842 40 2183
LR999941.1 100001 200000 132 16005 20 4325 10 902 2 194 3 363 2 119 16 4029 39 1759
LR999941.1 200001 300000 123 15216 15 2703 5 1409   10 3210   11 1559 28 1182
LR999941.1 300001 400000 160 16607 29 5205 7 828 1 353 5 614 1 34 23 3486 30 1160
LR999941.1 400001 500000 131 16208 10 1748 9 1616 1 74 8 892   14 4074 30 1408
LR999941.1 500001 600000 113 14649 15 2142 5 457   5 2801 2 3173 13 1497 40 1774
LR999941.1 600001 700000 136 16556 35 5360 10 765 1 83 7 1098   23 4148 17 652
LR999941.1 700001 800000 129 11938 21 3826 3 200   6 835 1 98 13 1691 43 1797
LR999941.1 800001 900000 154 19176 40 9352 7 494 2 130 8 1051   28 3800 32 1226
LR999941.1 900001 1e+06 151 16476 30 5665 3 181   9 2856 1 101 23 3246 43 1637
LR999941.1 1e+06 1.1e+06 161 21784 37 6770 4 217 1 34 10 4728 1 60 21 3237 29 1161
LR999941.1 1.1e+06 1.2e+06 191 22079 51 8668 12 1722   7 1453 2 149 19 2781 38 1827
LR999941.1 1.2e+06 1.3e+06 210 30956 27 5351 16 1606 2 255 14 3407 7 2336 19 5521 37 1317
LR999941.1 1.3e+06 1.4e+06 183 21458 29 4796 14 1621 2 802 5 884   21 4715 33 1353
LR999941.1 1.4e+06 1.5e+06 200 23956 38 5443 13 921 2 175 8 1394 3 1175 24 3976 22 831
LR999941.1 1.5e+06 1.6e+06 162 19077 30 5874 15 1068   8 1378 1 44 24 3485 20 644
LR999941.1 1.6e+06 1.7e+06 221 23539 44 6616 10 1097 2 426 7 2708 1 35 16 1972 51 2381
LR999941.1 1.7e+06 1.8e+06 143 17128 25 4340 19 2426   4 1646 2 173 14 2173 28 1239
LR999941.1 1.8e+06 1.9e+06 162 15922 27 5051 5 219   7 883 2 192 17 2122 38 1480
LR999941.1 1.9e+06 2e+06 159 15712 31 6456 14 735 1 67 8 832   13 1574 35 1370
LR999941.1 2e+06 2.1e+06 155 17740 27 6139 10 601   3 1579 1 46 13 2183 33 1197
LR999941.1 2.1e+06 2.2e+06 224 23299 42 7093 13 835   8 887 2 191 30 4930 39 1513
LR999941.1 2.2e+06 2.3e+06 216 24215 35 6799 18 1468 1 56 7 853 1 74 22 4028 40 1720
LR999941.1 2.3e+06 2.4e+06 159 18584 21 3951 13 1389 1 137 3 379 5 2786 13 1968 40 1571
LR999941.1 2.4e+06 2.5e+06 226 43303 34 6965 21 6948 4 497 16 6128 18 5888 28 7682 28 1185
LR999941.1 2.5e+06 2.6e+06 235 36633 58 6738 21 4938   18 6876 4 621 28 8164 36 1631
LR999941.1 2.6e+06 2.7e+06 192 33478 30 5234 15 2625 1 690 20 6468 1 109 20 9421 30 1108
LR999941.1 2.7e+06 2.8e+06 212 29183 43 7276 16 4356   14 1968 5 2537 23 4215 36 1356
LR999941.1 2.8e+06 2.9e+06 204 23778 58 9830 11 1493 1 571 6 689 1 88 30 4664 34 1403
LR999941.1 2.9e+06 3e+06 209 26145 41 7243 7 979   23 4216 1 29 18 3926 25 1048
LR999941.1 3e+06 3.1e+06 202 25686 40 6417 20 3749 2 157 17 1858   20 4195 34 1460
LR999941.1 3.1e+06 3.2e+06 128 13067 20 3685 11 927 1 86 4 692 2 144 7 901 34 1668
LR999941.1 3.2e+06 3.3e+06 109 10478 20 2803 5 1150   2 608 1 72 8 1116 35 1366
LR999941.1 3.3e+06 3.4e+06 117 10459 11 1579 5 419 1 134 10 1252   11 1516 32 1360
LR999941.1 3.4e+06 3.5e+06 126 15746 26 5409 5 1743   9 2101 1 54 15 2252 42 1678
LR999941.1 3.5e+06 3.6e+06 139 17418 18 2588 7 563   3 547 2 244 16 5817 35 1267
LR999941.1 3.6e+06 3.7e+06 140 17448 20 4271 12 3321   2 292 1 59 17 2355 38 1942
LR999941.1 3.7e+06 3.8e+06 178 25457 25 4665 18 3271 2 1579 15 2699 8 3479 13 2741 26 1065
LR999941.1 3.8e+06 3.9e+06 188 32890 38 6950 13 5854   16 5648 5 1774 23 3749 29 1579
LR999941.1 3.9e+06 4e+06 197 22270 28 5341 13 955   5 810   22 4259 34 1402
LR999941.1 4e+06 4.1e+06 139 19922 16 3353 9 925   8 3623 1 87 15 4077 23 1397
LR999941.1 4.1e+06 4.2e+06 193 24714 47 8721 10 968 2 249 6 3447 1 247 17 1647 32 1315
LR999941.1 4.2e+06 4.3e+06 183 20898 41 7996 8 512 1 69 12 1433   22 3453 24 970
LR999941.1 4.3e+06 4.4e+06 198 27866 32 6329 20 5796   4 586 3 151 11 2685 44 1885
LR999941.1 4.4e+06 4.5e+06 205 30076 29 4570 18 3613   16 8141 2 114 23 3743 36 1491
LR999941.1 4.5e+06 4.6e+06 180 24000 32 5893 10 972 1 67 16 5516   14 2669 32 1168
LR999941.1 4.6e+06 4.7e+06 185 31772 41 6985 12 3478 2 838 9 1415 4 745 17 10022 27 1184
LR999941.1 4.7e+06 4.8e+06 196 22271 33 4661 14 1348   14 1546   28 5919 39 1478
LR999941.1 4.8e+06 4.9e+06 197 29129 33 5366 10 778   7 719 2 145 17 10252 31 1209
LR999941.1 4.9e+06 5e+06 180 20671 40 6606 5 351   13 2691 1 79 18 2758 29 1088
LR999941.1 5e+06 5.1e+06 154 19961 37 5530 3 637   6 1190 8 4342 17 1614 30 1244
LR999941.1 5.1e+06 5.2e+06 139 23063 18 3410 11 2098   12 4624 3 2960 13 3014 36 1563
LR999941.1 5.2e+06 5.3e+06 181 18629 25 4269 9 828 1 48 8 768 2 117 10 2080 44 1717
LR999941.1 5.3e+06 5.4e+06 107 12756 17 2324 10 2451 1 668 7 1173   10 2038 23 961
LR999941.1 5.4e+06 5.5e+06 53 4893 11 1670 3 298     1 78 6 698 14 610
LR999941.1 5.5e+06 5.6e+06 107 10243 13 2538 5 486   4 427 2 104 9 908 39 1632
LR999941.1 5.6e+06 5.7e+06 76 6115 8 1196 3 199   3 331 2 132 3 176 31 1217
LR999941.1 5.7e+06 5.8e+06 59 4078 10 1511 2 136     1 46 4 338 26 1017
LR999941.1 5.8e+06 5.9e+06 123 19176 17 3730 6 456   14 2242 1 3656 7 3093 32 1299
LR999941.1 5.9e+06 6e+06 107 16402 11 2358 1 82   4 2358 1 86 15 5434 26 926
LR999941.1 6e+06 6.1e+06 163 22806 34 5920 13 2648   10 1491 8 4032 22 4021 34 1409
LR999941.1 6.1e+06 6.2e+06 175 21037 29 5164 10 686   10 2407 6 906 14 3156 36 1440
LR999941.1 6.2e+06 6.3e+06 160 29823 27 5497 16 3473 1 311 12 2760 5 4182 14 5790 29 1150
LR999941.1 6.3e+06 6.4e+06 148 22851 29 4957 8 1770   13 4274   16 4481 34 1318
LR999941.1 6.4e+06 6.5e+06 178 23239 22 4284 15 2400   7 2768   13 2019 32 1252
LR999941.1 6.5e+06 6.6e+06 126 11780 18 3353 13 1423   1 58 1 14 12 1434 41 2100
LR999941.1 6.6e+06 6.7e+06 120 20095 26 4922 3 289   2 193 8 1991 12 6606 38 1748
LR999941.1 6.7e+06 6.8e+06 103 14296 9 1868 7 1861   5 1202 1 54 14 2967 35 1559
LR999941.1 6.8e+06 6.9e+06 121 17826 8 1619 8 996   4 2500 1 120 13 5883 40 1771
LR999941.1 6.9e+06 7e+06 137 14279 9 1368 15 2120 1 74 2 330 5 1810 11 2113 41 1694
LR999941.1 7e+06 7.1e+06 159 25424 21 4303 14 4541 2 700 10 4597 2 197 17 4924 37 1474
LR999941.1 7.1e+06 7.2e+06 164 23963 16 2748 10 1282 1 390 10 2684 4 624 16 6756 34 1468
LR999941.1 7.2e+06 7.3e+06 128 13189 10 1703 23 2270   3 1407 1 142 5 1263 27 1221
LR999941.1 7.3e+06 7.4e+06 152 19886 23 4302 13 1685 2 153 5 1263   17 5949 45 2097
LR999941.1 7.4e+06 7.5e+06 168 18607 21 3332 9 1440 2 331 7 1166   8 793 38 1708
LR999941.1 7.5e+06 7.6e+06 143 28713 17 3429 12 1993 1 222 9 6443 9 3673 17 7310 38 1641
LR999941.1 7.6e+06 7.7e+06 145 18593 12 2586 15 1310 2 357 6 1115 2 157 14 5343 36 1455
LR999941.1 7.7e+06 7.8e+06 132 21850 19 3747 6 969   11 3404 1 2260 18 5278 36 1710
LR999941.1 7.8e+06 7.9e+06 132 16003 16 2680 9 1103   5 645 2 243 7 4246 33 1282
LR999941.1 7.9e+06 8e+06 106 9284 10 1833 8 1005   7 920 2 241 1 77 53 2383
LR999941.1 8e+06 8.1e+06 114 15056 9 1722 18 2960 4 1091 7 4076 1 235 8 977 43 2102
LR999941.1 8.1e+06 8.2e+06 92 9269 9 1336     13 2367   10 1859 34 1413
LR999941.1 8.2e+06 8.3e+06 105 9110 9 1418 7 477   5 567   8 985 39 1649
LR999941.1 8.3e+06 8.4e+06 83 9054 10 2379 9 789   2 261 1 97 4 443 25 1515
LR999941.1 8.4e+06 8.5e+06 75 5900 11 1780 4 251   3 498 1 14 4 295 37 1580
LR999941.1 8.5e+06 8.6e+06 97 11201 10 1759 11 2675   4 561 1 66 9 1082 36 1528
LR999941.1 8.6e+06 8.7e+06 93 9486 6 1002 6 980   4 328 1 59 5 2675 31 1107
LR999941.1 8.7e+06 8.8e+06 147 19321 15 2978 8 662 1 114 8 2400 1 58 15 4956 39 1689
LR999941.1 8.8e+06 8.9e+06 127 19346 27 5180 8 817 2 380 9 7905   6 857 42 1595
LR999941.1 8.9e+06 9e+06 141 16410 27 4272 11 2103   5 574   18 3099 39 1513
LR999941.1 9e+06 9.1e+06 108 10036 24 3432 5 352   6 801   10 987 29 1155
LR999941.1 9.1e+06 9.2e+06 113 11796 16 2499 12 2486   3 272 1 46 6 809 35 1587
LR999941.1 9.2e+06 9.3e+06 143 18017 22 4510 13 2124 3 852 7 3267   8 1138 44 1527
LR999941.1 9.3e+06 9.4e+06 156 22204 29 5377 8 2745   10 4368   11 1633 33 1512
LR999941.1 9.4e+06 9.5e+06 140 16347 25 4260 8 1697   3 295 1 76 17 2973 30 1217
LR999941.1 9.5e+06 9.6e+06 177 22437 33 5841 21 3015 3 1173 10 3009 8 1698 17 2620 38 1664
LR999941.1 9.6e+06 9.7e+06 122 19125 18 3125 11 941   7 7242 1 67 11 3033 26 1083
LR999941.1 9.7e+06 9.8e+06 142 19135 22 3444 15 1492   4 476   11 6232 36 1493
LR999941.1 9.8e+06 9.9e+06 150 14923 25 4838 6 434   16 1233   13 1846 38 1593
LR999941.1 9.9e+06 1e+07 121 13999 7 1497 6 462   6 848 3 541 14 3747 38 1709
LR999941.1 1e+07 1.01e+07 129 17879 16 3357 12 2242   5 458 1 65 11 5366 29 1057
LR999941.1 1.01e+07 1.02e+07 112 20245 7 1288 5 1526 1 53 7 1761 1 76 18 9633 29 1326
LR999941.1 1.02e+07 1.03e+07 119 12531 16 3247 12 1365 1 94 8 1166   9 1490 40 1664
LR999941.1 1.03e+07 1.04e+07 142 15967 16 3176 7 714   8 3834   12 1429 39 1631
LR999941.1 1.04e+07 1.05e+07 153 16549 40 6544 5 396   6 2207 1 48 22 2778 36 1370
LR999941.1 1.05e+07 1.06e+07 192 23383 31 7124 11 797   13 2499 2 99 16 3211 37 1808
LR999941.1 1.06e+07 1.07e+07 134 14060 28 4237 7 604   4 504 1 83 15 3129 38 1609
LR999941.1 1.07e+07 1.08e+07 145 13671 16 2620 6 676   8 1879   11 1561 39 1596
LR999941.1 1.08e+07 1.09e+07 175 20889 24 3890 7 705   5 429 17 5108 8 1103 31 1403
LR999941.1 1.09e+07 1.1e+07 189 22488 39 7348 7 2089   10 982 2 156 32 5195 32 1354
LR999941.1 1.1e+07 1.11e+07 149 20006 26 4219 14 5112   6 1718 1 40 7 1736 33 1378
LR999941.1 1.11e+07 1.12e+07 173 21809 32 6188 5 1414 1 1068 13 1397 1 85 16 5495 29 1132
LR999941.1 1.12e+07 1.13e+07 135 13234 21 4132 6 552   10 1011 2 177 9 1125 32 1212
LR999941.1 1.13e+07 1.14e+07 162 17068 34 5959 6 481   3 266 2 127 17 1769 37 1646
LR999941.1 1.14e+07 1.15e+07 174 30371 33 5767 19 7902   1 121 4 3183 17 4656 37 1523
LR999941.1 1.15e+07 1.16e+07 205 31418 45 7518 11 1042   11 3539   22 9397 24 1266
LR999941.1 1.16e+07 1.17e+07 223 30440 39 6988 5 455   12 1901 4 2661 30 6968 41 1743
LR999941.1 1.17e+07 1.18e+07 233 32942 43 6772 26 4348 2 382 15 2273 3 232 31 10720 36 1625
LR999941.1 1.18e+07 1.19e+07 157 17176 21 4021 17 1674 1 82 8 893 3 234 20 5296 43 1745
LR999941.1 1.19e+07 1.2e+07 176 25177 26 3635 11 1403   10 996 7 2642 16 7120 46 1687
LR999941.1 1.2e+07 1.21e+07 223 29371 37 6693 12 2178 2 282 7 938   24 7516 39 1527
LR999941.1 1.21e+07 1.22e+07 218 30809 60 10817 13 1170 1 67 5 665 6 4666 32 6124 29 1084
LR999941.1 1.22e+07 1.23e+07 206 26073 43 7330 9 661 1 68 8 777 1 122 21 6848 41 1717
LR999941.1 1.23e+07 1.24e+07 221 31759 38 6879 19 3116 1 286 10 3799 6 522 32 8594 40 1628
LR999941.1 1.24e+07 1.25e+07 174 17471 33 5481 19 1679 1 91 10 957 1 32 18 3003 41 1611
LR999941.1 1.25e+07 1.26e+07 172 25573 27 4662 20 3339 3 507 4 969 1 100 23 7974 27 1322
LR999941.1 1.26e+07 1.27e+07 219 30453 32 6237 18 5540   15 2289 3 251 28 4460 34 1269
LR999941.1 1.27e+07 1.28e+07 185 21269 33 6280 7 1534 1 64 9 1302   27 3431 35 1447
LR999941.1 1.28e+07 1.29e+07 189 21968 35 7159 7 470   10 1005   20 2044 28 1069
LR999941.1 1.29e+07 1.3e+07 89 12001 9 1864 9 1438 2 361 8 2968 1 45 9 2423 27 1085
LR999941.1 1.3e+07 1.31e+07 114 15918 15 3268 7 1614   11 4395   8 1028 27 1243
LR999941.1 1.31e+07 1.32e+07 157 23094 35 6498 15 3664   8 2669   20 4347 33 1245
LR999941.1 1.32e+07 1.33e+07 143 16900 33 6485 12 993   10 1175 4 255 14 2018 21 779
LR999941.1 1.33e+07 1.34e+07 172 16920 49 7340 13 960   4 472 1 57 15 2167 29 1176
LR999941.1 1.34e+07 1.35e+07 131 18865 19 4095 9 736   4 495 2 1737 18 5518 31 1266
LR999941.1 1.35e+07 1.36e+07 179 25693 26 4991 11 1106   12 4615 3 210 23 5699 30 1244
LR999941.1 1.36e+07 1.37e+07 128 22297 23 4003 6 404   8 2099 5 751 27 10039 25 998
LR999941.1 1.37e+07 13774036 110 18366 8 1125 8 2025   5 1739 4 2705 14 3928 19 771
