chrom begin end count_rpt length_rpt count_SINE length_SINE count_DNA length_DNA count_TcM length_TcM count_LINE length_LINE count_LTR length_LTR count_nonLTR length_nonLTR
LR999930.1 1 100000 150 21533 6 952 13 2449 2 1263 10 2704 1 90 10 4786 43 1866
LR999930.1 100001 200000 91 22196 9 2123 5 376   7 2652 4 3988 19 9207 20 1171
LR999930.1 200001 300000 167 30972 16 3445 13 2247 3 1040 6 2673 3 537 14 10827 41 1640
LR999930.1 300001 400000 141 25366 22 5100 6 655 1 104 9 2797 3 4317 20 5954 30 1249
LR999930.1 400001 500000 192 21285 27 4939 11 979   13 4022 2 151 28 4033 41 1552
LR999930.1 500001 600000 164 20410 34 5912 10 1862 2 229 10 1100 4 612 20 2550 28 1210
LR999930.1 600001 700000 168 28162 23 5131 11 1156 1 48 15 2907 1 56 17 7462 31 1399
LR999930.1 700001 800000 210 35589 25 4308 12 848   16 3229 10 4428 28 11228 29 1227
LR999930.1 800001 900000 192 30776 35 6613 12 1604   8 3912 4 1531 22 7470 25 933
LR999930.1 900001 1e+06 228 42612 38 6796 20 5206   16 8508   33 9035 32 1195
LR999930.1 1e+06 1.1e+06 230 25495 40 6257 18 1623 1 131 10 1451   26 5128 29 1158
LR999930.1 1.1e+06 1.2e+06 112 13329 21 3352 10 1665 1 642 10 2108 1 86 15 1865 19 765
LR999930.1 1.2e+06 1.3e+06 184 26811 34 6039 20 3667   10 1762 2 81 17 6082 31 1452
LR999930.1 1.3e+06 1.4e+06 175 22861 27 5569 10 558   5 568 2 174 34 9588 38 1749
LR999930.1 1.4e+06 1.5e+06 155 18790 26 5502 14 2615 1 124 4 543 3 153 15 3318 36 1427
LR999930.1 1.5e+06 1.6e+06 163 20059 34 5782 8 705   5 793 3 229 19 5229 43 1840
LR999930.1 1.6e+06 1.7e+06 145 15459 24 4922 2 150   8 1128 2 149 12 2707 38 1611
LR999930.1 1.7e+06 1.8e+06 134 13661 21 2730 12 972   3 638 3 1026 23 3074 35 1602
LR999930.1 1.8e+06 1.9e+06 139 18598 22 4075 10 1148   8 769 3 240 21 6017 33 1450
LR999930.1 1.9e+06 2e+06 163 22295 24 5085 14 1707   12 2929   18 5164 38 1655
LR999930.1 2e+06 2.1e+06 133 15771 17 2875 12 2209 1 1054 3 1239 1 129 9 1220 38 1483
LR999930.1 2.1e+06 2.2e+06 84 10454 15 3079 5 464   7 937   8 1940 22 984
LR999930.1 2.2e+06 2.3e+06 105 14800 21 3608 3 1435   8 895 3 2433 6 1067 27 1148
LR999930.1 2.3e+06 2.4e+06 73 6332 10 1341 6 1127   6 581   3 417 24 1189
LR999930.1 2.4e+06 2.5e+06 127 13557 21 3458 8 675   5 667   16 2357 40 1957
LR999930.1 2.5e+06 2.6e+06 74 5989 7 1089 5 352       6 849 31 1697
LR999930.1 2.6e+06 2.7e+06 101 11808 13 2477 11 910   3 625   7 1850 27 1258
LR999930.1 2.7e+06 2.8e+06 75 10612 12 1920 4 404   8 1360 1 36 9 4076 23 999
LR999930.1 2.8e+06 2.9e+06 103 10328 17 3393 5 877   6 800   4 462 29 1210
LR999930.1 2.9e+06 3e+06 103 21203 8 877 4 372   11 7859 1 54 12 8245 36 1461
LR999930.1 3e+06 3.1e+06 113 13217 11 2554 9 558   5 1799   14 2640 28 1283
LR999930.1 3.1e+06 3.2e+06 177 24034 20 3927 18 2245 1 78 13 3315 3 736 19 4048 38 1847
LR999930.1 3.2e+06 3.3e+06 141 21343 23 4234 12 2535   6 3950 1 51 13 3433 37 1526
LR999930.1 3.3e+06 3.4e+06 132 14486 28 5612 7 929 1 114 5 449   15 2129 35 1596
LR999930.1 3.4e+06 3.5e+06 121 12953 33 6111 4 419 1 29 3 407   13 2706 42 1503
LR999930.1 3.5e+06 3.6e+06 112 15269 23 4611 7 668   2 383 4 1448 12 2381 22 1098
LR999930.1 3.6e+06 3.7e+06 144 19665 33 5325 3 245   8 3885 2 122 19 2959 24 880
LR999930.1 3.7e+06 3.8e+06 117 14340 13 2932 11 727 1 80 8 874 2 143 9 4175 21 1139
LR999930.1 3.8e+06 3.9e+06 122 17961 28 4479 9 999   6 974   12 6146 22 1039
LR999930.1 3.9e+06 4e+06 170 19642 27 5560 5 397   17 2191   21 2732 34 1556
LR999930.1 4e+06 4.1e+06 180 25058 32 5414 10 1746   16 2652 4 471 14 6512 35 1452
LR999930.1 4.1e+06 4.2e+06 161 29540 25 5168 10 2692 3 1427 4 3057   20 11121 25 949
LR999930.1 4.2e+06 4.3e+06 132 13877 20 4231 5 1538   8 1146 1 49 16 1668 34 1292
LR999930.1 4.3e+06 4.4e+06 150 18084 19 3459 10 1155   7 1086 5 2997 14 2000 38 1573
LR999930.1 4.4e+06 4.5e+06 78 7764 8 996 6 1630   5 375 1 97 2 273 23 961
LR999930.1 4.5e+06 4.6e+06 111 17082 12 1934 8 1876 1 479 5 1532 1 33 11 6810 41 1939
LR999930.1 4.6e+06 4.7e+06 144 14301 28 4653 8 1547   8 1141 1 77 12 1973 41 1525
LR999930.1 4.7e+06 4.8e+06 146 17199 34 6633 11 1036   7 836   10 1641 31 1387
LR999930.1 4.8e+06 4.9e+06 144 16410 27 4366 7 1861 2 93 9 1733 1 270 3 598 24 943
LR999930.1 4.9e+06 5e+06 146 14814 17 3443 14 1803   5 440   13 1946 38 1742
LR999930.1 5e+06 5.1e+06 137 14182 21 3379 6 384   9 1360 1 94 7 1226 43 2043
LR999930.1 5.1e+06 5.2e+06 242 36626 22 4049 9 831   7 1179 9 2577 20 3171 45 1988
LR999930.1 5.2e+06 5.3e+06 183 30378 15 2557 15 2094 2 347 7 1098 18 6205 13 2833 31 1274
LR999930.1 5.3e+06 5.4e+06 182 21267 23 3704 10 1151 3 732 8 1300 3 395 13 2397 32 1486
LR999930.1 5.4e+06 5.5e+06 140 17892 20 3476 9 1149 1 67 13 5461 1 79 14 2232 40 1644
LR999930.1 5.5e+06 5.6e+06 119 9975 12 2106 5 440   1 158   8 1320 43 1845
LR999930.1 5.6e+06 5.7e+06 139 19613 14 3298 17 4152 1 502 5 692   14 4290 35 1392
LR999930.1 5.7e+06 5.8e+06 189 29397 29 6201 20 2533   9 4136   18 5539 32 1247
LR999930.1 5.8e+06 5.9e+06 152 27095 29 5970 7 1623   15 5285 3 377 15 7290 37 1654
LR999930.1 5.9e+06 6e+06 165 21342 34 5762 9 1206   19 4617   13 1581 31 1234
LR999930.1 6e+06 6.1e+06 92 9904 16 2887 6 485   4 849 1 66 4 672 27 1148
LR999930.1 6.1e+06 6.2e+06 157 26488 21 4282 6 1796   1 242 6 1669 15 8166 38 1640
LR999930.1 6.2e+06 6.3e+06 148 20114 24 4200 9 1349   6 769 1 100 17 5194 26 1333
LR999930.1 6.3e+06 6.4e+06 108 13475 21 3682 4 433   13 2551   13 2984 27 1336
LR999930.1 6.4e+06 6.5e+06 138 16016 28 4041 7 891   5 500 1 54 18 4311 31 1420
LR999930.1 6.5e+06 6.6e+06 126 18350 16 3093 9 2767   10 4875 4 207 9 1850 37 1508
LR999930.1 6.6e+06 6.7e+06 110 16760 8 1864 12 1867 4 494 3 491 4 2593 13 4135 32 1377
LR999930.1 6.7e+06 6.8e+06 100 13907 14 2015 10 3496   4 1985   4 627 29 1130
LR999930.1 6.8e+06 6.9e+06 101 9405 15 3092 8 951   1 217   3 254 35 1511
LR999930.1 6.9e+06 7e+06 165 25519 19 3900 18 3444 1 639 7 4119 2 64 14 4044 33 1370
LR999930.1 7e+06 7.1e+06 164 18941 21 3158 13 2837 1 390 10 1398 1 56 26 4136 37 1439
LR999930.1 7.1e+06 7.2e+06 141 21579 20 4586 10 2981   7 874 7 3103 10 1938 27 1058
LR999930.1 7.2e+06 7.3e+06 79 9385 3 707 5 477 1 66 1 55   11 3884 34 1736
LR999930.1 7.3e+06 7.4e+06 144 11998 8 1208 2 184   6 929 2 126 11 1514 63 2584
LR999930.1 7.4e+06 7.5e+06 102 12731 7 1759 10 3185 1 1068 3 359 1 93 12 1328 36 1631
LR999930.1 7.5e+06 7.6e+06 105 16533 16 3217 6 2178 1 242 4 673 1 50 17 5797 35 1676
LR999930.1 7.6e+06 7.7e+06 150 20086 10 2324 10 2230 2 614 23 4324 2 186 20 4976 42 1797
LR999930.1 7.7e+06 7.8e+06 105 13577 6 1239 4 378   7 1440 3 2209 14 3781 42 1788
LR999930.1 7.8e+06 7.9e+06 137 14486 9 2184 16 1508   2 207 2 104 9 1623 30 1293
LR999930.1 7.9e+06 8e+06 86 14449 12 1562 9 3527 1 466 2 228 5 3425 6 1284 24 1064
LR999930.1 8e+06 8.1e+06 145 17620 14 3143 8 1855 1 131 12 2494   15 2591 43 1909
LR999930.1 8.1e+06 8.2e+06 166 24980 17 2882 12 1728   9 3656 4 252 17 9007 53 2160
LR999930.1 8.2e+06 8.3e+06 112 13198 15 2550 9 2272 1 147 1 119 3 185 13 3211 31 1268
LR999930.1 8.3e+06 8.4e+06 143 20323 20 4170 17 1389   8 1053 2 1129 12 6332 39 1789
LR999930.1 8.4e+06 8.5e+06 141 24126 17 3200 12 2430 3 593 7 4208 5 6284 17 2286 34 1356
LR999930.1 8.5e+06 8.6e+06 103 10768 15 2338 6 1165   3 545 1 86 8 2359 34 1358
LR999930.1 8.6e+06 8.7e+06 96 10380 17 3183 5 650   9 1420 4 697 7 742 25 1136
LR999930.1 8.7e+06 8.8e+06 107 12068 14 2063 10 2085 2 218 5 451 1 60 7 2652 34 1468
LR999930.1 8.8e+06 8.9e+06 127 13597 13 2275 13 1551 2 210 6 793 6 838 12 1577 33 1482
LR999930.1 8.9e+06 9e+06 137 28714 16 2910 20 4970 5 1324 7 1967 9 10121 8 1219 28 1285
LR999930.1 9e+06 9.1e+06 82 7602 14 2279 4 188   10 1760 2 134 3 478 32 1431
LR999930.1 9.1e+06 9.2e+06 78 8931 16 2681 3 159   2 175   10 3123 32 1317
LR999930.1 9.2e+06 9.3e+06 94 7526 13 2525 2 110     1 86 8 940 45 1748
LR999930.1 9.3e+06 9.4e+06 109 10708 22 4524 5 474   2 154 2 180 11 1433 37 1592
LR999930.1 9.4e+06 9.5e+06 126 16377 17 3885 13 2952 3 434 9 1015 1 95 15 2859 33 1388
LR999930.1 9.5e+06 9.6e+06 130 19891 16 3662 9 433   13 6522 2 203 19 5014 45 1817
LR999930.1 9.6e+06 9.7e+06 145 21009 16 2168 15 2908 2 1567 11 2718 1 99 12 5408 36 1516
LR999930.1 9.7e+06 9.8e+06 143 20054 25 4860 8 716 1 182 5 545 5 4115 9 1598 34 1519
LR999930.1 9.8e+06 9.9e+06 161 18260 16 2841 10 1571   9 1258 1 60 13 2643 47 2163
LR999930.1 9.9e+06 1e+07 152 15798 16 3215 17 2140   5 631 1 94 10 1114 35 1501
LR999930.1 1e+07 1.01e+07 168 33751 21 4387 11 2693 3 930 15 3986 7 3707 27 11822 38 1459
LR999930.1 1.01e+07 1.02e+07 180 28690 25 4608 12 3507   16 4215 3 1889 22 4574 30 1253
LR999930.1 1.02e+07 1.03e+07 192 25221 28 5463 14 2714 1 75 12 1854 1 99 16 4489 27 1117
LR999930.1 1.03e+07 1.04e+07 152 26240 26 3602 11 1316   17 6273 3 202 21 9828 34 1175
LR999930.1 1.04e+07 1.05e+07 178 18600 27 4119 8 1091   3 256 4 1031 13 970 40 1676
LR999930.1 1.05e+07 1.06e+07 162 17385 27 4336 14 2154   4 570 3 250 14 1777 33 1402
LR999930.1 1.06e+07 1.07e+07 205 22039 34 5241 19 2067   13 1922 1 57 12 1711 43 1765
LR999930.1 1.07e+07 1.08e+07 190 30386 28 5362 15 3075 1 453 11 6917 1 40 16 3645 40 1775
LR999930.1 1.08e+07 1.09e+07 205 30174 42 7273 12 1843 1 56 4 1093 5 4930 12 4598 47 1808
LR999930.1 1.09e+07 1.1e+07 181 21916 26 4250 23 4977 3 214 8 2988 4 322 10 1199 32 1431
LR999930.1 1.1e+07 1.11e+07 174 23748 35 6560 17 4550   3 333 4 249 16 4758 31 1341
LR999930.1 1.11e+07 1.12e+07 154 18987 19 3134 4 339 1 32 13 4715   18 2461 29 1041
LR999930.1 1.12e+07 1.13e+07 141 16470 23 4091 10 1731   4 649 1 40 13 1649 30 1466
LR999930.1 1.13e+07 1.14e+07 193 25123 38 7518 7 2038   15 3043 1 33 28 4809 35 1495
LR999930.1 1.14e+07 1.15e+07 197 28408 38 6112 11 2601   9 2899 4 428 28 6609 32 1404
LR999930.1 1.15e+07 1.16e+07 169 27123 24 4964 7 493   7 2296 4 2724 16 4470 36 1278
LR999930.1 1.16e+07 1.17e+07 202 21675 30 5288 15 1010 1 128 16 2757 1 34 23 3073 36 1407
LR999930.1 1.17e+07 1.18e+07 135 15780 20 3682 12 1829 2 1053 5 350 2 153 14 2631 26 1006
LR999930.1 1.18e+07 1.19e+07 198 27422 35 6450 18 1811   13 4352 3 209 20 5568 26 1024
LR999930.1 1.19e+07 1.2e+07 172 26233 32 5000 10 1081 1 425 7 781 7 5303 13 3733 24 895
LR999930.1 1.2e+07 1.21e+07 166 22211 27 5395 14 1191   8 2827 6 3917 8 943 40 1704
LR999930.1 1.21e+07 1.22e+07 188 23241 26 4538 28 4564 1 373 4 801 8 3173 17 1593 28 1216
LR999930.1 1.22e+07 1.23e+07 181 24157 41 7235 16 2387   10 2438   19 4532 26 979
LR999930.1 1.23e+07 1.24e+07 222 24626 40 6336 13 1995   20 1968 6 420 21 2214 32 1404
LR999930.1 1.24e+07 1.25e+07 184 22341 38 6965 15 1621   5 786   20 3900 29 1142
LR999930.1 1.25e+07 1.26e+07 163 26147 31 5268 8 738   7 1398 4 1100 26 10006 35 1306
LR999930.1 1.26e+07 1.27e+07 193 26214 30 3865 20 3454 3 498 7 851 1 456 21 7636 36 1278
LR999930.1 1.27e+07 1.28e+07 220 30887 44 8872 19 3144   9 1321 2 157 29 8127 35 1571
LR999930.1 1.28e+07 1.29e+07 214 33697 52 10129 10 556   7 753 4 4295 26 7712 21 1232
LR999930.1 1.29e+07 1.3e+07 238 28874 50 8795 15 1061 1 67 10 2032 6 853 26 4787 34 1503
LR999930.1 1.3e+07 1.31e+07 219 25785 36 6493 13 2755   10 1385 4 609 26 2584 36 1457
LR999930.1 1.31e+07 1.32e+07 227 29817 38 7226 11 1537   20 3919   29 7020 46 1724
LR999930.1 1.32e+07 1.33e+07 198 37488 37 7270 14 1999   10 10438 3 4134 18 3410 32 1322
LR999930.1 1.33e+07 1.34e+07 222 33007 37 7498 16 3628   10 2926   22 5169 27 1079
LR999930.1 1.34e+07 1.35e+07 214 27967 30 5400 20 2874 1 672 5 2072   30 7053 47 1664
LR999930.1 1.35e+07 1.36e+07 178 22582 22 5042 22 2529 3 873 5 732   18 4265 40 1697
LR999930.1 1.36e+07 1.37e+07 104 9774 13 3030 9 771   4 517   9 1114 31 1405
LR999930.1 1.37e+07 1.38e+07 150 18584 13 1605 15 1365 1 35 9 3526   6 1863 32 1368
LR999930.1 1.38e+07 1.39e+07 147 21387 16 3352 10 2569 1 409 3 1060 2 191 15 6620 49 2081
LR999930.1 1.39e+07 1.4e+07 170 23772 23 4398 5 886   12 4282 6 1505 28 5107 45 2024
LR999930.1 1.4e+07 1.41e+07 199 27312 34 6201 21 1923   10 5701 3 170 30 3965 28 1030
LR999930.1 1.41e+07 1.42e+07 201 31682 19 3744 13 1041   5 800 9 9646 18 5375 38 1633
LR999930.1 1.42e+07 1.43e+07 218 20261 39 5753 22 1208 1 61 4 594 7 522 15 1572 34 1133
LR999930.1 1.43e+07 1.44e+07 178 21445 33 5848 5 335   13 1729   30 6441 29 1143
LR999930.1 1.44e+07 1.45e+07 180 18739 45 6966 8 737   5 759   20 2608 28 1156
LR999930.1 1.45e+07 1.46e+07 136 13314 28 4581 3 192   4 514 3 227 8 1254 30 1217
LR999930.1 1.46e+07 1.47e+07 137 23431 22 4609 9 1225   9 2910 1 91 16 8389 25 1055
LR999930.1 1.47e+07 1.48e+07 215 26634 33 6195 19 3457 2 1552 6 944   19 4699 33 1203
LR999930.1 1.48e+07 1.49e+07 222 30796 48 9171 11 1563   8 1233 3 336 22 4989 33 1391
LR999930.1 1.49e+07 1.5e+07 222 33063 45 6909 5 377   9 2784 8 3998 30 7065 35 1638
LR999930.1 1.5e+07 1.51e+07 233 30471 50 9878 15 2716 1 267 18 5263 3 383 29 3797 35 1362
LR999930.1 1.51e+07 1.52e+07 247 33941 36 6289 14 2276 3 558 17 6577 1 92 32 5821 39 1641
LR999930.1 1.52e+07 1.53e+07 208 37937 49 8210 11 1041 1 77 12 3840 17 8740 23 7862 22 862
LR999930.1 1.53e+07 1.54e+07 234 33273 44 8630 18 2565   11 3941   23 7218 40 1474
LR999930.1 1.54e+07 1.55e+07 181 21057 15 2860 18 1411   5 1195 2 180 16 3782 41 1819
LR999930.1 1.55e+07 1.56e+07 90 15535 5 763 15 3900 2 1088 10 2620 1 731 9 4011 33 1512
LR999930.1 1.56e+07 1.57e+07 88 9711 5 1186 1 128   5 299   8 2608 27 945
LR999930.1 1.57e+07 15715213 47 9532   6 596   5 2125 2 3347 5 742 8 356
