chrom begin end count_rpt length_rpt count_SINE length_SINE count_DNA length_DNA count_TcM length_TcM count_LINE length_LINE count_LTR length_LTR count_nonLTR length_nonLTR
LR999952.1 1 100000 177 74395   24 2148 24 2148 36 9540   62 59159 42 1953
LR999952.1 100001 200000 138 39790 9 1566 9 885 6 553 11 3432 2 2994 32 21808 50 5498
LR999952.1 200001 300000 182 28111 37 7389 13 1370   13 4660 9 2839 20 5493 40 1837
LR999952.1 300001 400000 165 34292 30 4646 16 3071 1 75 13 2861 5 6374 27 9917 15 623
LR999952.1 400001 500000 193 26774 39 8183 10 749 1 148 9 2187 7 2225 20 4560 33 1562
LR999952.1 500001 600000 236 27437 41 7287 12 1131   11 1242 1 75 42 7570 26 1210
LR999952.1 600001 700000 263 37862 67 12824 15 2290 5 1234 13 1543 1 81 43 10991 34 1465
LR999952.1 700001 800000 265 31763 39 7096 20 2042 1 55 13 1780 2 185 38 6314 38 1506
LR999952.1 800001 900000 312 39788 60 11887 16 2002   16 1831 1 66 50 9593 31 1113
LR999952.1 900001 1e+06 288 31201 56 9715 13 1995   12 1419 3 215 41 4882 44 1582
LR999952.1 1e+06 1.1e+06 304 46127 65 12303 15 2862 2 610 14 5034 1 79 68 14346 30 1311
LR999952.1 1.1e+06 1.2e+06 324 39568 70 11799 14 2362 2 929 13 4607 2 71 45 5300 50 2788
LR999952.1 1.2e+06 1.3e+06 242 45820 41 7166 21 4970 1 94 13 7735 7 1418 55 14059 31 1345
LR999952.1 1.3e+06 1.4e+06 240 34549 38 7639 13 1257 2 169 19 2440 6 4557 41 7501 25 824
LR999952.1 1.4e+06 1.5e+06 252 34369 44 7493 19 1757 1 31 7 931 17 9132 34 3979 34 1275
LR999952.1 1.5e+06 1.6e+06 250 27195 48 8053 10 1569   7 880 1 85 22 2753 51 2025
LR999952.1 1.6e+06 1.7e+06 259 32749 45 8374 14 1668   13 1719   36 8880 45 1802
LR999952.1 1.7e+06 1.8e+06 261 42544 53 10426 31 6368 2 174 8 2500 7 3468 44 8541 28 1081
LR999952.1 1.8e+06 1.9e+06 307 39314 63 11102 28 2755   15 2178   39 8283 38 1850
LR999952.1 1.9e+06 2e+06 293 33370 65 10798 17 1541   17 2764 4 290 37 5863 35 1255
LR999952.1 2e+06 2.1e+06 310 37369 58 11014 21 1899   12 1461 6 501 40 8168 43 1608
LR999952.1 2.1e+06 2.2e+06 318 34911 65 11488 29 1890 2 217 13 1509 4 397 38 5230 36 1665
LR999952.1 2.2e+06 2.3e+06 302 38838 59 10404 21 3696 2 807 13 3417 6 471 38 7302 43 1526
LR999952.1 2.3e+06 2.4e+06 228 35273 43 7530 11 1903   10 2131 1 65 26 9838 36 1366
LR999952.1 2.4e+06 2.5e+06 249 31943 38 7380 17 2915   7 1299 3 195 40 8506 49 2373
LR999952.1 2.5e+06 2.6e+06 229 28758 49 7921 25 3958 1 102 8 1197 2 189 30 4774 28 1149
LR999952.1 2.6e+06 2.7e+06 252 34072 50 9701 13 925   10 4903 3 313 38 5720 34 1380
LR999952.1 2.7e+06 2.8e+06 245 29666 45 8777 17 1928 5 569 5 1299 2 154 19 2262 35 1232
LR999952.1 2.8e+06 2.9e+06 249 27873 38 6277 21 1988 2 133 7 1337 7 1900 29 3565 27 1077
LR999952.1 2.9e+06 3e+06 202 22465 29 5543 26 3784   11 1569 5 351 22 2959 39 1662
LR999952.1 3e+06 3.1e+06 218 29948 31 5536 14 1333 2 115 8 2265 3 233 30 8344 33 1304
LR999952.1 3.1e+06 3.2e+06 207 22706 48 7256 13 2239 1 184 11 987   22 3129 31 1339
LR999952.1 3.2e+06 3.3e+06 259 33479 40 6702 18 1648   18 3148 3 171 31 9245 40 1800
LR999952.1 3.3e+06 3.4e+06 299 35499 64 10799 17 1318 3 493 13 1202 1 107 51 8880 46 1797
LR999952.1 3.4e+06 3.5e+06 311 39422 81 14289 20 1277   15 5976 5 524 35 5284 33 1401
LR999952.1 3.5e+06 3.6e+06 341 42594 79 12793 28 2828 1 269 14 3304 2 70 40 6996 39 1408
LR999952.1 3.6e+06 3.7e+06 340 40300 65 12438 25 2757 3 844 10 1430 4 366 40 5007 38 1543
LR999952.1 3.7e+06 3.8e+06 233 37134 54 10401 14 2804 1 351 13 7415 2 169 35 7233 34 1214
LR999952.1 3.8e+06 3.9e+06 176 17628 42 7627 7 536   3 443 1 48 16 1802 37 1381
LR999952.1 3.9e+06 4e+06 276 30553 64 11269 16 994 1 66 10 1443 1 100 35 4515 44 1996
LR999952.1 4e+06 4.1e+06 266 32111 69 11699 20 2208 5 642 12 1460 4 2290 25 3646 26 1050
LR999952.1 4.1e+06 4.2e+06 242 32399 65 12677 13 3124 1 1584 9 1117 3 222 28 4423 38 1629
LR999952.1 4.2e+06 4.3e+06 257 33342 50 8576 14 2868   8 3159   28 3926 39 1351
LR999952.1 4.3e+06 4.4e+06 202 23295 37 6652 22 2735 3 620 8 1439 2 98 21 2445 35 1464
LR999952.1 4.4e+06 4.5e+06 223 25540 36 7254 16 1070   6 1141 1 87 20 3083 42 1762
LR999952.1 4.5e+06 4.6e+06 233 36552 33 6686 12 922   7 4510 9 3157 15 5373 39 1564
LR999952.1 4.6e+06 4.7e+06 202 24194 38 6909 18 2373   4 243 2 132 20 3984 28 1256
LR999952.1 4.7e+06 4.8e+06 228 26048 39 6553 10 1650 1 98 9 976 3 179 26 4047 40 1766
LR999952.1 4.8e+06 4.9e+06 242 30649 52 9241 12 1120   10 3486 1 86 31 5193 42 1693
LR999952.1 4.9e+06 5e+06 276 37770 65 9823 21 3220   14 2009 3 3150 38 7549 34 1416
LR999952.1 5e+06 5.1e+06 339 48715 68 12179 27 3750 3 880 15 5206 2 74 29 5514 40 1625
LR999952.1 5.1e+06 5.2e+06 274 32863 71 11967 10 1614 1 90 9 1472 3 276 33 4255 47 2105
LR999952.1 5.2e+06 5.3e+06 256 33823 51 8848 26 2586 2 317 10 1194 3 3724 19 4917 44 1643
LR999952.1 5.3e+06 5.4e+06 188 30713 31 5497 12 2685 2 1698 9 2697   28 7881 23 911
LR999952.1 5.4e+06 5.5e+06 262 42844 27 5917 14 1361 2 362 11 3917 11 3173 36 9512 27 1037
LR999952.1 5.5e+06 5.6e+06 279 37753 42 8878 26 2334 1 76 12 3970 1 101 28 4888 42 1796
LR999952.1 5.6e+06 5.7e+06 223 29696 44 8824 17 1751 1 69 9 1259 3 338 20 5679 41 1638
LR999952.1 5.7e+06 5.8e+06 258 34896 40 6266 27 4008 1 32 11 2079 2 154 28 9572 34 1267
LR999952.1 5.8e+06 5.9e+06 304 34616 56 10905 23 2150 2 388 14 1478 1 92 36 4555 42 1583
LR999952.1 5.9e+06 6e+06 331 46472 62 12702 25 4315   14 3574 7 4274 41 5940 32 1079
LR999952.1 6e+06 6.1e+06 247 29629 34 6832 28 2754 2 401 13 1560 5 363 26 5627 32 1133
LR999952.1 6.1e+06 6.2e+06 255 40708 33 5535 20 2469   14 5140 4 359 41 11018 25 898
LR999952.1 6.2e+06 6.3e+06 293 37407 49 9241 28 2893 1 188 10 1265 2 166 44 8849 35 1402
LR999952.1 6.3e+06 6.4e+06 306 37178 65 11279 17 1492   11 1429 5 437 37 5277 33 1285
LR999952.1 6.4e+06 6.5e+06 242 30982 49 9530 17 1946 1 428 9 1027 4 2376 41 5906 32 1371
LR999952.1 6.5e+06 6.6e+06 273 30898 43 7305 28 2673 2 305 10 1215   33 5763 44 1876
LR999952.1 6.6e+06 6.7e+06 200 22134 27 5268 14 1466 2 163 8 1716 1 127 26 3192 39 1690
LR999952.1 6.7e+06 6.8e+06 263 39621 67 11310 11 2058 1 87 9 1715 2 147 48 11612 27 1090
LR999952.1 6.8e+06 6.9e+06 303 36626 67 11559 16 2022 1 98 6 885 4 355 39 6887 35 1518
LR999952.1 6.9e+06 7e+06 290 34568 66 11795 16 1392 1 63 11 1414 1 91 45 6333 37 1604
LR999952.1 7e+06 7.1e+06 310 32666 63 11373 25 2077 5 447 14 1741 6 586 46 5023 31 1297
LR999952.1 7.1e+06 7.2e+06 226 30654 46 8255 21 5580 1 243 8 893 5 723 23 3792 36 1398
LR999952.1 7.2e+06 7.3e+06 263 30399 42 8594 18 1616 1 68 5 690   27 4030 49 1872
LR999952.1 7.3e+06 7.4e+06 175 24979 29 4305 20 1774   3 1908 8 5725 22 3876 38 1650
LR999952.1 7.4e+06 7.5e+06 274 31328 31 5486 40 4831 1 39 15 4717 6 448 28 3431 35 1260
LR999952.1 7.5e+06 7.6e+06 222 38624 46 7656 14 6174 1 34 14 4211 10 6422 30 4032 22 974
LR999952.1 7.6e+06 7.7e+06 213 35054 34 6780 20 9092   6 641 8 5736 27 3897 39 1803
LR999952.1 7.7e+06 7.8e+06 228 26190 47 9313 15 1978   7 650 4 1194 30 4514 43 1678
LR999952.1 7.8e+06 7.9e+06 266 37328 45 7901 15 2513 3 374 14 2466 1 70 35 10468 44 1821
LR999952.1 7.9e+06 8e+06 274 31955 48 9277 32 2297   13 1413 6 428 29 4739 29 1160
LR999952.1 8e+06 8.1e+06 298 45539 15 2615 36 8259 1 568 4 618 3 422 28 7194 47 1683
LR999952.1 8.1e+06 8.2e+06 301 39704 5 1415 25 1532   8 10735 1 65 6 468 86 3337
LR999952.1 8.2e+06 8262369 195 29546 2 619 21 1903 3 419 6 2184   14 12098 67 2417
