chrom begin end count_rpt length_rpt count_SINE length_SINE count_DNA length_DNA count_TcM length_TcM count_LINE length_LINE count_LTR length_LTR count_nonLTR length_nonLTR
LR999931.1 1 100000 118 24295 9 1892 5 988   13 3013 2 126 11 5781 28 5619
LR999931.1 100001 200000 139 31466 20 3820 9 1060 1 126 14 7230 4 2510 22 10050 26 1069
LR999931.1 200001 300000 149 21455 19 3347 7 563   18 4206 2 137 16 4889 26 1141
LR999931.1 300001 400000 152 22450 27 4057 9 3967 1 164 10 1526 4 285 23 6331 20 956
LR999931.1 400001 500000 206 30654 33 5218 14 2321   8 4399 1 127 22 4452 33 1217
LR999931.1 500001 600000 156 22618 27 4891 9 1048   11 5121 2 136 19 3157 24 1031
LR999931.1 600001 700000 155 27830 25 4296 9 2077 1 393 16 4724 4 4330 21 5495 28 1227
LR999931.1 700001 800000 152 17913 33 6253 10 1429   4 435   8 1318 32 1417
LR999931.1 800001 900000 215 22016 36 6961 13 1260 2 309 12 1167 6 454 26 2735 32 1121
LR999931.1 900001 1e+06 212 27653 54 9275 7 516   12 5827 4 517 20 2514 27 1091
LR999931.1 1e+06 1.1e+06 175 24434 39 7082 8 803 1 50 17 4334 2 139 21 5454 32 1506
LR999931.1 1.1e+06 1.2e+06 176 34589 24 5183 11 1912   15 8325 7 3230 19 8268 45 1753
LR999931.1 1.2e+06 1.3e+06 172 28056 26 4609 16 3081   11 2663 2 3494 28 7156 35 1549
LR999931.1 1.3e+06 1.4e+06 152 20745 26 4872 17 1483   6 895 3 4603 11 1159 35 1653
LR999931.1 1.4e+06 1.5e+06 109 10987 19 3122 9 855   1 53 1 81 10 2056 32 1312
LR999931.1 1.5e+06 1.6e+06 157 18930 21 4252 15 3289   7 858   15 2605 34 1298
LR999931.1 1.6e+06 1.7e+06 187 26325 26 4575 12 2593 2 433 11 1742 2 183 24 7662 38 1442
LR999931.1 1.7e+06 1.8e+06 158 29922 26 4771 12 1024 3 149 14 7062   20 10737 30 1108
LR999931.1 1.8e+06 1.9e+06 176 16177 28 4725 9 535   11 918 1 52 12 2040 34 1448
LR999931.1 1.9e+06 2e+06 171 20176 25 4965 15 1404   4 516 2 146 20 4866 45 1963
LR999931.1 2e+06 2.1e+06 173 17115 29 4266 8 726   1 109 1 142 18 2372 41 1604
LR999931.1 2.1e+06 2.2e+06 205 21272 41 6633 13 1202   11 1629 1 106 18 2713 41 1506
LR999931.1 2.2e+06 2.3e+06 161 18505 21 4315 16 1224 1 55 9 1153   15 3606 32 1370
LR999931.1 2.3e+06 2.4e+06 186 22248 36 6408 19 2365   3 389 1 37 14 3380 42 1888
LR999931.1 2.4e+06 2.5e+06 163 20014 17 3614 14 1436   2 253 1 89 18 4858 31 1248
LR999931.1 2.5e+06 2.6e+06 224 26563 46 9871 9 856   8 1068 1 36 23 3074 45 1795
LR999931.1 2.6e+06 2.7e+06 171 19094 38 7019 10 772   4 613   17 2273 23 1014
LR999931.1 2.7e+06 2.8e+06 237 28797 52 9721 14 1224 1 202 10 863 2 51 18 3391 30 1042
LR999931.1 2.8e+06 2.9e+06 220 25218 48 7846 17 1562   10 1615 2 108 19 2520 35 1419
LR999931.1 2.9e+06 3e+06 180 22802 35 6475 9 2495   14 2493 1 88 16 2891 27 1152
LR999931.1 3e+06 3.1e+06 198 21548 42 7687 11 1117   9 1209   18 2324 33 1391
LR999931.1 3.1e+06 3.2e+06 187 23967 45 7125 8 2031 2 1605 14 1787 1 98 20 4491 22 1141
LR999931.1 3.2e+06 3.3e+06 172 35315 8 1549 13 5750 1 40 5 4054 5 3809 16 7007 19 804
LR999931.1 3.3e+06 3.4e+06 187 24554 27 3908 20 2798   7 914 6 3949 20 3605 32 1388
LR999931.1 3.4e+06 3.5e+06 240 27609 60 9551 12 2112   11 1002 2 316 30 4352 28 994
LR999931.1 3.5e+06 3.6e+06 201 30378 27 5101 14 1652   11 4514 2 288 29 9765 36 1323
LR999931.1 3.6e+06 3.7e+06 207 26219 34 6972 17 1403 1 68 11 1895   12 4142 51 2209
LR999931.1 3.7e+06 3.8e+06 105 13389 17 3382 8 518   5 1046 4 2189 4 695 22 862
LR999931.1 3.8e+06 3.9e+06 143 14481 21 3354 12 1939   10 1222 2 121 15 1599 36 1578
LR999931.1 3.9e+06 4e+06 146 17480 30 4520 12 1360   9 1026 2 4346 11 1376 33 1324
LR999931.1 4e+06 4.1e+06 152 15953 31 6051 10 767 1 63 6 628 3 223 12 1465 28 1053
LR999931.1 4.1e+06 4.2e+06 200 28178 46 6268 20 2658 3 936 9 2027   17 7264 21 970
LR999931.1 4.2e+06 4.3e+06 114 11175 21 2955 5 496   7 1171 1 71 4 401 30 1420
LR999931.1 4.3e+06 4.4e+06 130 17684 25 4772 11 1002   5 838 2 3094 6 929 23 955
LR999931.1 4.4e+06 4.5e+06 127 15659 20 4090 6 1943   3 496 5 1206 13 2002 23 895
LR999931.1 4.5e+06 4.6e+06 104 10875 22 4185 7 737   5 516   10 1176 19 713
LR999931.1 4.6e+06 4.7e+06 116 14665 13 2480 5 395   6 2908 3 208 16 3835 34 1434
LR999931.1 4.7e+06 4.8e+06 120 11027 24 4257 2 315   5 571 2 73 6 739 39 1567
LR999931.1 4.8e+06 4.9e+06 110 13219 16 2019 7 457   8 1002 4 2882 9 2380 30 1329
LR999931.1 4.9e+06 5e+06 128 13042 26 4263 8 757 1 38 5 670 1 32 7 1264 30 1323
LR999931.1 5e+06 5.1e+06 85 8384 11 2465 8 719   4 594   1 86 22 935
LR999931.1 5.1e+06 5.2e+06 106 15004 20 3321 12 2703   1 189 1 78 11 3827 23 891
LR999931.1 5.2e+06 5.3e+06 136 15942 24 3943 6 1766   9 2209   10 1462 28 1234
LR999931.1 5.3e+06 5.4e+06 99 13753 12 2598 7 828   3 417   11 3759 35 1660
LR999931.1 5.4e+06 5.5e+06 109 13276 6 1150 16 1712   2 1542   9 2726 41 1902
LR999931.1 5.5e+06 5.6e+06 129 12132 22 3760 5 489   6 851 2 124 14 1592 43 2067
LR999931.1 5.6e+06 5.7e+06 103 10724 12 2304 9 903   3 535 2 127 7 1028 29 1244
LR999931.1 5.7e+06 5.8e+06 160 16907 28 5490 12 806 2 93 9 1013 4 303 14 2557 31 1337
LR999931.1 5.8e+06 5.9e+06 129 13521 24 4539 10 826 1 151 6 846   7 1064 27 1107
LR999931.1 5.9e+06 6e+06 120 16089 11 2172 8 3713 1 1583 5 1834 3 153 8 1451 38 1587
LR999931.1 6e+06 6.1e+06 93 10884 11 1800 7 810   1 48 6 2865 7 908 33 1434
LR999931.1 6.1e+06 6.2e+06 59 4190 5 846 4 235   5 476 2 127 3 275 27 1070
LR999931.1 6.2e+06 6.3e+06 107 10003 15 2322 10 781   2 198 1 38 3 1037 32 1285
LR999931.1 6.3e+06 6.4e+06 122 15401 25 4613 7 398   6 626 3 3811 12 1797 38 1482
LR999931.1 6.4e+06 6.5e+06 154 18149 29 4026 12 1774   7 717   16 3569 33 1516
LR999931.1 6.5e+06 6.6e+06 120 13628 14 2425 7 1205 1 409 2 83 1 90 5 1302 34 1447
LR999931.1 6.6e+06 6.7e+06 92 14193 9 1541 12 2278 1 169 2 223 2 124 9 5628 29 1277
LR999931.1 6.7e+06 6.8e+06 128 17602 16 2443 11 3509 1 382 8 1099 1 47 15 4699 35 1496
LR999931.1 6.8e+06 6.9e+06 150 27107 18 3802 8 606   8 2793 2 135 13 9564 30 1151
LR999931.1 6.9e+06 7e+06 146 14488 19 2792 10 766   10 1339 2 166 9 1144 41 1863
LR999931.1 7e+06 7.1e+06 111 8988 14 2592 6 421   2 189 1 100 5 617 44 1762
LR999931.1 7.1e+06 7.2e+06 116 23750 14 3034 12 3070 3 861 5 3588 2 611 7 5523 34 1778
LR999931.1 7.2e+06 7.3e+06 121 25451 4 855 10 2439   16 4382 7 1550 19 10803 35 1571
LR999931.1 7.3e+06 7.4e+06 73 8734 9 1781 6 606   3 1863   5 824 28 1436
LR999931.1 7.4e+06 7.5e+06 72 7327 7 1245 2 200   7 1191   4 1395 27 1098
LR999931.1 7.5e+06 7.6e+06 137 21794 3 567 20 4133 3 1127 12 2495 3 1584 12 3193 25 1032
LR999931.1 7.6e+06 7.7e+06 103 11102 14 2546 3 752 1 495 2 336   8 1231 43 1910
LR999931.1 7.7e+06 7.8e+06 102 10911 9 1720     7 682 2 118 11 3665 37 1602
LR999931.1 7.8e+06 7.9e+06 159 28879 20 3410 18 3348 3 197 9 2474 4 4486 15 7063 38 1850
LR999931.1 7.9e+06 8e+06 166 26138 23 3697 16 6720   11 1257 7 1416 18 5451 33 1504
LR999931.1 8e+06 8.1e+06 207 23145 24 3743 12 2119   13 2137 3 328 21 3048 47 1736
LR999931.1 8.1e+06 8.2e+06 99 9483 13 2476 7 923 1 88 4 496   10 1316 39 1989
LR999931.1 8.2e+06 8.3e+06 111 13369 19 3781 8 1765   7 617 1 33 5 696 23 991
LR999931.1 8.3e+06 8.4e+06 112 15920 10 1451 7 1736   2 2116   11 4410 42 1950
LR999931.1 8.4e+06 8.5e+06 88 15431 6 1010 12 2973 3 618 6 3974 1 131 9 4156 29 1369
LR999931.1 8.5e+06 8.6e+06 103 8869 13 2091 6 591       8 920 38 1787
LR999931.1 8.6e+06 8.7e+06 70 6660 12 2212 6 585   5 784   2 167 23 833
LR999931.1 8.7e+06 8.8e+06 104 11454 14 1989 8 1414   7 539 2 2171 7 1341 33 1283
LR999931.1 8.8e+06 8.9e+06 117 12608 13 2340 7 734 2 368 4 720 3 109 9 1385 26 909
LR999931.1 8.9e+06 9e+06 115 17018 33 5264 8 517   6 2115   14 3978 22 1021
LR999931.1 9e+06 9.1e+06 103 10792 20 3728 7 649   7 909 2 86 7 1442 33 1294
LR999931.1 9.1e+06 9.2e+06 119 13918 17 3367 6 484   7 2177   8 1662 30 1361
LR999931.1 9.2e+06 9.3e+06 109 10143 18 3302 6 515   3 443   7 587 37 1731
LR999931.1 9.3e+06 9.4e+06 92 9611 17 3260 5 1592   5 794 1 101 5 423 41 1682
LR999931.1 9.4e+06 9.5e+06 84 11708 7 1484 8 1939 2 40 5 540 3 2358 10 2663 34 1411
LR999931.1 9.5e+06 9.6e+06 100 8819 9 1613 9 951   6 907 2 146 5 663 42 1896
LR999931.1 9.6e+06 9.7e+06 81 6500 11 1753 2 100   2 412 3 319 2 315 34 1484
LR999931.1 9.7e+06 9.8e+06 130 18133 8 1423 13 3404 1 432 5 568   15 5397 32 1254
LR999931.1 9.8e+06 9.9e+06 84 9344 6 920 8 1556 1 273 6 1995 1 87 2 453 37 1477
LR999931.1 9.9e+06 1e+07 89 8500 13 1842 2 404   3 499 1 67 8 1014 19 762
LR999931.1 1e+07 1.01e+07 114 19769 13 2720 7 952   7 626 1 89 8 7890 27 1132
LR999931.1 1.01e+07 1.02e+07 117 14520 11 1656 9 2398 2 1570 9 1761   13 3582 40 1612
LR999931.1 1.02e+07 1.03e+07 80 7841 9 1732     8 1242 1 23 6 912 26 1033
LR999931.1 1.03e+07 1.04e+07 64 9408 12 2195 4 401 1 71 3 3388 1 98 4 551 23 1054
LR999931.1 1.04e+07 1.05e+07 94 11158 13 2993 6 537   5 1102 3 1712 11 1540 33 1344
LR999931.1 1.05e+07 1.06e+07 91 14545 9 1396 7 763   4 611 5 977 11 6337 32 1345
LR999931.1 1.06e+07 1.07e+07 97 11690 19 3893 5 519   6 1798   2 300 32 1481
LR999931.1 1.07e+07 1.08e+07 148 24354 15 3109 10 1735 4 999 4 443 2 160 14 6530 38 1908
LR999931.1 1.08e+07 1.09e+07 96 15867 13 2333 2 536   6 690 4 1616 8 5984 32 1411
LR999931.1 1.09e+07 1.1e+07 117 18680 18 3901 5 332   2 227 2 129 19 9122 37 1599
LR999931.1 1.1e+07 1.11e+07 79 12931 12 1902 9 1353   5 573 4 4583 2 155 15 695
LR999931.1 1.11e+07 1.12e+07 116 14588 15 2234 12 2284 1 92 10 1410   12 4355 32 1264
LR999931.1 1.12e+07 1.13e+07 120 19437 14 2537 12 1738 2 337 12 2973 1 43 15 7854 33 1351
LR999931.1 1.13e+07 1.14e+07 81 10226 14 2464 4 699   2 273   3 2597 40 2032
LR999931.1 1.14e+07 1.15e+07 108 9339 15 2870 3 228     1 48 7 1013 43 1829
LR999931.1 1.15e+07 1.16e+07 131 14880 17 2793 15 1985   5 1585 2 135 23 2970 29 1275
LR999931.1 1.16e+07 1.17e+07 113 12341 11 2031 10 1190   2 141   11 1577 30 1370
LR999931.1 1.17e+07 1.18e+07 109 11081 7 1016 14 2373   1 362 2 179 8 1056 36 1515
LR999931.1 1.18e+07 1.19e+07 121 21342 20 4198 8 1377   12 4524   13 6550 34 1354
LR999931.1 1.19e+07 1.2e+07 127 18962 16 3396 9 2096   4 200   16 8027 47 2078
LR999931.1 1.2e+07 1.21e+07 143 19228 25 4919 9 975   1 123 2 163 13 5558 45 1628
LR999931.1 1.21e+07 1.22e+07 142 15088 27 4742 5 478   6 940 2 101 14 2392 29 1237
LR999931.1 1.22e+07 1.23e+07 163 18306 28 5136 9 1229 1 563 10 1528 1 70 8 2558 43 1803
LR999931.1 1.23e+07 1.24e+07 170 23888 31 5578 12 2657   6 3587 2 146 16 2265 32 1307
LR999931.1 1.24e+07 1.25e+07 186 23063 29 5052 11 2114   9 1020 1 86 21 3649 33 1492
LR999931.1 1.25e+07 1.26e+07 193 33821 33 5608 20 5148 3 1697 16 5850 8 5696 15 2731 28 1158
LR999931.1 1.26e+07 1.27e+07 189 22410 36 5886 10 1440   9 657 2 297 29 5923 28 1102
LR999931.1 1.27e+07 1.28e+07 152 35081 23 4101 9 2695 1 1576 11 11825 3 289 15 4012 22 941
LR999931.1 1.28e+07 1.29e+07 172 20800 13 1967 10 2343   5 755   13 3409 44 1737
LR999931.1 1.29e+07 1.3e+07 138 16609 20 4040 15 1477   4 3577 1 99 6 959 35 1572
LR999931.1 1.3e+07 1.31e+07 95 9109 17 2686 5 365     1 34 5 803 16 610
LR999931.1 1.31e+07 1.32e+07 118 14437 13 2241 7 634 2 28 4 794 2 280 20 3839 29 1409
LR999931.1 1.32e+07 1.33e+07 91 7290 13 1663 2 263   1 47   12 1532 36 1507
LR999931.1 1.33e+07 1.34e+07 137 14330 20 2954 6 479   6 862 5 745 8 2535 28 1114
LR999931.1 1.34e+07 1.35e+07 137 13256 30 4698 5 391   8 1001 1 37 13 1536 34 1318
LR999931.1 1.35e+07 1.36e+07 171 19371 39 7433 12 598   4 436 2 425 22 2302 31 1272
LR999931.1 1.36e+07 1.37e+07 194 27589 33 6266 9 659   13 4752 5 341 22 5847 36 1431
LR999931.1 1.37e+07 1.38e+07 203 24996 34 6204 20 3864 3 1007 12 1591 2 189 18 3050 33 1305
LR999931.1 1.38e+07 1.39e+07 157 15486 27 5059 9 656   8 748   10 1143 33 1335
LR999931.1 1.39e+07 1.4e+07 136 19138 16 2626 7 1683   8 2802 3 213 29 5658 27 1098
LR999931.1 1.4e+07 1.41e+07 137 14056 22 4286 10 675   4 484   9 711 34 1461
LR999931.1 1.41e+07 1.42e+07 155 18793 14 2765 4 356 1 47 12 1544 2 205 24 6476 42 1797
LR999931.1 1.42e+07 1.43e+07 125 25108 17 3120 15 1398   8 5051 4 3683 13 6519 32 1449
LR999931.1 1.43e+07 1.44e+07 99 13636 6 925 11 2023 2 522 5 2290   11 3614 46 2078
LR999931.1 1.44e+07 1.45e+07 148 18206 25 4436 6 457   13 1667   12 4531 36 1409
LR999931.1 1.45e+07 1.46e+07 135 13436 26 3853 6 693   9 1134 2 140 15 1676 28 1255
LR999931.1 1.46e+07 1.47e+07 143 15726 16 2836 15 1436   3 1113 1 42 13 1976 26 1023
LR999931.1 1.47e+07 1.48e+07 127 16987 14 2502 7 1670 2 768 8 931 6 3362 11 2610 37 1745
LR999931.1 1.48e+07 1.49e+07 167 29890 18 3033 10 2309 1 663 13 7616 8 1556 21 7248 26 851
LR999931.1 1.49e+07 1.5e+07 175 25106 20 3472 9 596   7 868 5 868 21 8512 33 1551
LR999931.1 1.5e+07 1.51e+07 166 36537 19 3321 3 614 1 469 25 7672 7 3927 33 13193 23 1013
LR999931.1 1.51e+07 1.52e+07 158 20769 29 4972 8 480   15 1911 2 110 18 4854 34 1359
LR999931.1 1.52e+07 1.53e+07 148 20034 25 4571 12 827   4 1292 2 171 18 4876 35 1647
LR999931.1 1.53e+07 1.54e+07 94 10060 17 3607 4 523   3 360 4 608 9 1213 25 1048
LR999931.1 1.54e+07 1.55e+07 82 7454 14 1806 4 620   4 410   8 1318 29 1288
LR999931.1 1.55e+07 15572524 93 13609 5 754 6 714   2 299 2 159 14 6891 23 988
