chrom begin end count_rpt length_rpt count_SINE length_SINE count_DNA length_DNA count_TcM length_TcM count_LINE length_LINE count_LTR length_LTR count_nonLTR length_nonLTR
LR999928.1 1 100000 118 17373 8 1778 5 517   3 319 16 4506 13 3442 36 2265
LR999928.1 100001 200000 164 25045 25 4726 11 1460   5 651 5 4452 18 3966 25 885
LR999928.1 200001 300000 189 27440 34 7538 12 1515   8 1124 6 4965 13 3145 40 1444
LR999928.1 300001 400000 199 29241 42 8507 11 997 1 124 12 6363 6 537 26 4808 27 1205
LR999928.1 400001 500000 208 32433 32 5825 15 2237   10 3177 3 217 26 8140 28 871
LR999928.1 500001 600000 216 27872 32 5718 23 2807   7 2156 2 242 17 2503 35 1372
LR999928.1 600001 700000 156 21099 37 6603 2 99   7 676 3 227 18 5825 27 1281
LR999928.1 700001 800000 214 28823 53 10159 15 2549 4 1540 9 1465 3 190 20 5036 36 1434
LR999928.1 800001 900000 175 27331 28 5522 13 1951   12 2462 11 5567 21 3822 27 1090
LR999928.1 900001 1e+06 165 21645 29 4993 16 3665   6 1216 1 52 18 2976 38 1426
LR999928.1 1e+06 1.1e+06 197 34809 29 5539 15 1292   12 5297 6 4558 21 7308 37 1440
LR999928.1 1.1e+06 1.2e+06 175 27648 16 3084 18 3536 1 310 1 175 18 8444 17 4690 46 2064
LR999928.1 1.2e+06 1.3e+06 200 23971 25 5280 15 4128   9 1267 2 92 13 1288 30 1043
LR999928.1 1.3e+06 1.4e+06 210 31697 39 7235 21 2383 1 427 17 4654 2 140 23 6883 28 906
LR999928.1 1.4e+06 1.5e+06 184 24816 34 6047 12 1016 1 41 9 2251   23 5985 29 1147
LR999928.1 1.5e+06 1.6e+06 190 31053 31 5164 13 1814   20 10737 1 69 12 3098 38 1789
LR999928.1 1.6e+06 1.7e+06 205 27546 41 7242 11 1998   9 2711 5 721 21 4474 35 1552
LR999928.1 1.7e+06 1.8e+06 214 27507 43 8096 14 2322 1 486 14 2368 11 2256 17 2165 32 1231
LR999928.1 1.8e+06 1.9e+06 185 21108 42 7127 9 1792   10 2784 1 79 18 1825 37 1326
LR999928.1 1.9e+06 2e+06 176 21297 34 6112 10 1392   5 624 1 88 16 3259 31 1282
LR999928.1 2e+06 2.1e+06 187 21103 38 5628 8 703   5 871 4 264 25 4804 33 1196
LR999928.1 2.1e+06 2.2e+06 132 23356 22 4248 5 2269 1 1589 7 4017   21 6870 30 1187
LR999928.1 2.2e+06 2.3e+06 217 30698 27 4801 16 3076 1 510 19 5673 1 250 19 2880 35 1499
LR999928.1 2.3e+06 2.4e+06 204 28645 35 7413 21 6012 2 247 9 908 1 89 26 4371 34 1342
LR999928.1 2.4e+06 2.5e+06 164 25754 42 6361 8 2089   11 5176 2 219 24 6778 36 1638
LR999928.1 2.5e+06 2.6e+06 118 22664 26 4744 4 1610   5 4906 1 71 13 7226 31 1184
LR999928.1 2.6e+06 2.7e+06 131 17551 22 3418 5 596   7 3735 2 108 13 3905 37 1701
LR999928.1 2.7e+06 2.8e+06 99 10071 12 2388 2 273   5 809 2 140 11 1484 31 1407
LR999928.1 2.8e+06 2.9e+06 107 10669 16 2510 6 375   3 270   6 783 27 1127
LR999928.1 2.9e+06 3e+06 134 14607 28 5208 10 742 1 50 6 850 1 34 15 1543 21 779
LR999928.1 3e+06 3.1e+06 123 15433 19 2835 17 2101 2 1316 7 1980 2 60 7 3256 27 1134
LR999928.1 3.1e+06 3.2e+06 128 24119 17 3601 6 2779 1 69 7 1322 4 2714 18 5176 46 2524
LR999928.1 3.2e+06 3.3e+06 157 19177 32 6486 9 1743   10 1426 1 629 14 2147 44 1813
LR999928.1 3.3e+06 3.4e+06 174 20963 26 4145 10 538   8 1724 2 98 14 4801 30 1200
LR999928.1 3.4e+06 3.5e+06 170 27185 30 5282 11 1115 1 67 10 2112 2 113 26 12016 38 1437
LR999928.1 3.5e+06 3.6e+06 208 43616 30 5361 22 2891   16 16103 3 343 29 9001 29 1232
LR999928.1 3.6e+06 3.7e+06 143 18238 29 5095 7 1605 1 264 10 1460   14 4389 30 1178
LR999928.1 3.7e+06 3.8e+06 139 15775 28 4574 10 1006 3 517 11 1756 2 365 17 2806 23 849
LR999928.1 3.8e+06 3.9e+06 172 25156 26 4509 15 2366   5 2320 1 67 20 6863 39 1595
LR999928.1 3.9e+06 4e+06 174 24884 29 5584 15 3607   11 3178 1 152 17 2561 32 1282
LR999928.1 4e+06 4.1e+06 163 29582 33 6292 13 3356 2 1608 12 4221 11 2833 17 5053 26 1167
LR999928.1 4.1e+06 4.2e+06 202 32770 26 5005 22 4090   11 2363 3 3180 31 8532 43 1719
LR999928.1 4.2e+06 4.3e+06 169 29711 21 3800 9 2834   12 2530 1 85 24 11242 29 1043
LR999928.1 4.3e+06 4.4e+06 173 34084 15 3294 10 1951   23 9257 6 1401 18 8231 26 1108
LR999928.1 4.4e+06 4.5e+06 108 16282 10 2293 7 1996 1 69 9 2401 6 3076 3 849 30 1292
LR999928.1 4.5e+06 4.6e+06 182 27145 29 5853 25 4148 4 1479 8 1030 2 119 20 7002 36 1557
LR999928.1 4.6e+06 4.7e+06 184 31652 20 3671 16 3650 1 566 23 5816 3 1987 15 5308 29 1234
LR999928.1 4.7e+06 4.8e+06 195 27535 28 5128 16 2653   8 1263 6 1268 24 6372 39 1650
LR999928.1 4.8e+06 4.9e+06 157 22218 29 5969 26 4005   6 1221 2 141 17 4694 28 1303
LR999928.1 4.9e+06 5e+06 164 24602 42 8041 7 2463   8 955 1 39 19 5391 29 1194
LR999928.1 5e+06 5.1e+06 155 16466 29 6097 11 1253   4 334 3 199 13 1419 33 1405
LR999928.1 5.1e+06 5.2e+06 157 16743 36 6730 9 952   2 257   9 1075 36 1702
LR999928.1 5.2e+06 5.3e+06 109 11928 17 2832 9 2159   5 911 2 142 4 528 34 1658
LR999928.1 5.3e+06 5.4e+06 153 20264 20 4359 14 1857 3 585 3 382   11 3915 36 1627
LR999928.1 5.4e+06 5.5e+06 139 15467 14 2800 12 1595 1 84 5 1099   13 1836 28 1151
LR999928.1 5.5e+06 5.6e+06 155 19303 33 4457 7 1052 1 127 4 545 3 235 19 5146 30 1101
LR999928.1 5.6e+06 5.7e+06 122 15824 20 3451 7 903   7 2029   17 3743 27 1351
LR999928.1 5.7e+06 5.8e+06 137 15666 43 7062 2 185   12 1798 1 54 17 2543 29 1201
LR999928.1 5.8e+06 5.9e+06 114 19636 16 3271 10 1135   8 4211   10 4469 22 993
LR999928.1 5.9e+06 6e+06 125 13540 23 4460 10 877   2 375 4 359 9 1098 28 1100
LR999928.1 6e+06 6.1e+06 94 12609 18 3028 4 259   8 2198 1 49 12 4254 32 1385
LR999928.1 6.1e+06 6.2e+06 106 13660 12 2003 6 838   4 1317 1 111 8 4679 40 1663
LR999928.1 6.2e+06 6.3e+06 125 15543 12 2862 8 1048   11 1667 2 164 13 2844 26 1099
LR999928.1 6.3e+06 6.4e+06 101 10895 13 2621 4 1139   5 1086 1 84 3 555 35 1839
LR999928.1 6.4e+06 6.5e+06 105 15049 15 3126 6 912   4 399 1 32 6 3902 42 2438
LR999928.1 6.5e+06 6.6e+06 116 19820 8 1736 6 1240   9 4018 1 173 13 6363 39 1639
LR999928.1 6.6e+06 6.7e+06 79 6720 8 1545 3 307   3 276 1 55 2 316 35 1542
LR999928.1 6.7e+06 6.8e+06 102 10027 8 1283 8 934   3 266   16 2537 30 1375
LR999928.1 6.8e+06 6.9e+06 92 15200 2 465 9 1217   3 970 6 4996 13 3871 30 1067
LR999928.1 6.9e+06 7e+06 93 14176 15 2555 6 962 1 384 13 5470 1 38 10 2300 26 1133
LR999928.1 7e+06 7.1e+06 80 7375 8 1959 4 463       5 937 34 1445
LR999928.1 7.1e+06 7.2e+06 135 14215 24 3444 5 329   4 821 2 343 16 2317 34 1388
LR999928.1 7.2e+06 7.3e+06 114 13624 16 3750 7 1642   12 2120 2 173 11 1682 31 1224
LR999928.1 7.3e+06 7.4e+06 82 7504 8 1389 3 484   4 691 4 245 6 710 34 1485
LR999928.1 7.4e+06 7.5e+06 82 11858 6 1044 9 2341 2 401 4 1649   7 3712 38 1606
LR999928.1 7.5e+06 7.6e+06 103 20015 19 4217 7 2231   8 2684   8 7292 32 1171
LR999928.1 7.6e+06 7.7e+06 111 13142 15 3094 8 1265 1 540 8 1463   10 1667 30 1286
LR999928.1 7.7e+06 7.8e+06 103 9043 9 1770 10 860   2 131 1 162 3 317 33 1494
LR999928.1 7.8e+06 7.9e+06 122 22313 10 2235 14 3880 2 464 7 4201   8 4474 35 1487
LR999928.1 7.9e+06 8e+06 85 8728 18 3437 4 843 1 540 1 37   10 1138 21 997
LR999928.1 8e+06 8.1e+06 137 21912 14 2693 20 5385 2 361 4 950 2 159 12 5160 37 1577
LR999928.1 8.1e+06 8.2e+06 107 16912 18 3443 5 432   6 703 1 99 19 7269 24 932
LR999928.1 8.2e+06 8.3e+06 108 12805 16 2854 8 2926   3 727   5 897 40 1625
LR999928.1 8.3e+06 8.4e+06 101 14111 16 2833 6 485   15 3824 1 94 7 3317 29 1267
LR999928.1 8.4e+06 8.5e+06 78 8246 11 1971 7 1671 2 518 2 239   6 998 36 1562
LR999928.1 8.5e+06 8.6e+06 145 21063 36 6178 11 937 2 194 7 1303 6 5000 9 1371 21 1017
LR999928.1 8.6e+06 8.7e+06 139 18762 27 4847 10 2002   7 914 7 3270 10 2447 35 1451
LR999928.1 8.7e+06 8.8e+06 133 25401 27 5641 4 778   9 5936   16 6528 34 1478
LR999928.1 8.8e+06 8.9e+06 105 12417 13 2682 10 778   2 219 8 3283 9 1776 27 1060
LR999928.1 8.9e+06 9e+06 127 13898 23 3050 14 2616 1 640 5 531 4 2394 11 1554 31 1244
LR999928.1 9e+06 9.1e+06 123 11002 18 2157 7 691 1 70 6 723   7 859 30 1276
LR999928.1 9.1e+06 9.2e+06 111 17817 16 3739 2 237   10 4218 7 3730 12 1685 35 1717
LR999928.1 9.2e+06 9.3e+06 112 12189 12 1618 9 1038   4 506   8 2125 36 1473
LR999928.1 9.3e+06 9.4e+06 120 12132 15 2409 6 532 1 152 5 804   8 1934 35 1392
LR999928.1 9.4e+06 9.5e+06 100 9076 15 3049 3 195   6 907 2 135 5 580 39 1649
LR999928.1 9.5e+06 9.6e+06 92 14608 15 3519 4 325   11 5701   5 1144 26 1011
LR999928.1 9.6e+06 9.7e+06 111 14693 9 2129 5 414 2 138 6 1059 7 3637 8 1619 37 1617
LR999928.1 9.7e+06 9.8e+06 80 8399 15 2994 3 274     1 77 10 1623 28 1140
LR999928.1 9.8e+06 9.9e+06 119 13781 16 2319 11 841   2 199   8 4182 30 1465
LR999928.1 9.9e+06 1e+07 137 18059 18 3455 18 3702 1 151 6 819   12 2923 28 1021
LR999928.1 1e+07 1.01e+07 171 24157 30 5599 15 1725   4 650 6 1847 31 7051 29 1419
LR999928.1 1.01e+07 1.02e+07 136 14901 12 2141 11 1016 1 124 5 1696 1 42 11 1839 39 1669
LR999928.1 1.02e+07 1.03e+07 150 13801 18 3757 12 719   9 1315   18 1712 45 1791
LR999928.1 1.03e+07 1.04e+07 149 16444 21 4449 7 564   8 1102 1 104 10 1507 41 1772
LR999928.1 1.04e+07 1.05e+07 122 15133 19 3583 5 1473   4 745 3 406 15 2696 23 954
LR999928.1 1.05e+07 1.06e+07 115 15042 22 4084 6 590   6 923 1 79 15 4914 33 1474
LR999928.1 1.06e+07 1.07e+07 140 20706 24 3725 7 1154   9 3103 1 107 17 5406 36 1389
LR999928.1 1.07e+07 1.08e+07 128 12325 23 3740 5 290 1 69 3 489 1 56 14 1654 29 1231
LR999928.1 1.08e+07 1.09e+07 92 13728 13 2402 6 481   5 4525 2 123 9 2766 20 878
LR999928.1 1.09e+07 1.1e+07 91 11898 16 3121 3 185   4 3525   6 1101 23 884
LR999928.1 1.1e+07 1.11e+07 100 17525 17 4734 14 1644   2 370 1 43 13 7160 28 1181
LR999928.1 1.11e+07 1.12e+07 124 14449 17 4058 8 1512   8 1408 1 58 10 2005 40 1689
LR999928.1 1.12e+07 1.13e+07 186 26761 23 3613 18 3300   13 2600 5 1509 14 5102 42 1851
LR999928.1 1.13e+07 1.14e+07 145 22816 33 6556 11 2684   8 946 4 1621 16 5064 31 1232
LR999928.1 1.14e+07 1.15e+07 188 30068 30 5628 9 1023   13 5943 1 126 20 8869 40 1579
LR999928.1 1.15e+07 1.16e+07 125 20608 31 5637 3 912   8 4475 2 144 16 4343 23 1076
LR999928.1 1.16e+07 1.17e+07 186 24392 36 6117 13 1033 1 102 11 1373 7 1377 9 4134 39 1463
LR999928.1 1.17e+07 1.18e+07 128 14955 25 4764 8 656 1 108 11 4044 2 107 12 1312 37 1429
LR999928.1 1.18e+07 1.19e+07 177 27388 43 8908 10 2951   13 3350 12 3988 13 1716 30 1106
LR999928.1 1.19e+07 1.2e+07 189 35881 19 3317 8 1257 1 69 14 6845 2 154 22 11789 36 1614
LR999928.1 1.2e+07 1.21e+07 188 24953 32 5168 15 3159 1 1068 9 877 1 72 22 5792 31 1213
LR999928.1 1.21e+07 1.22e+07 204 34616 24 4148 13 1654 1 715 15 1915   21 9771 32 1163
LR999928.1 1.22e+07 1.23e+07 170 26576 28 4972 8 1508 2 184 15 5062   20 7670 35 1453
LR999928.1 1.23e+07 1.24e+07 179 24574 27 5045 17 1829   12 4912 1 80 15 3020 33 1412
LR999928.1 1.24e+07 1.25e+07 131 20482 30 4899 4 348   3 385 4 2046 14 6135 25 1005
LR999928.1 1.25e+07 1.26e+07 151 23096 42 6863 3 282   13 4216 1 86 18 5914 32 1325
LR999928.1 1.26e+07 1.27e+07 176 28569 23 4129 12 1285   12 4513   28 10112 31 1224
LR999928.1 1.27e+07 1.28e+07 182 28535 32 6225 8 748   8 1205 7 5482 8 4250 34 1435
LR999928.1 1.28e+07 1.29e+07 153 20386 34 5962 6 1161   10 1514 2 195 21 5940 37 1388
LR999928.1 1.29e+07 1.3e+07 184 24019 36 5904 5 551   19 6200   19 2870 44 1738
LR999928.1 1.3e+07 1.31e+07 174 26619 25 4049 17 6648   9 2593 3 221 11 2590 40 1612
LR999928.1 1.31e+07 1.32e+07 163 20701 25 4568 8 1950 1 90 5 876 6 2933 11 1761 33 1222
LR999928.1 1.32e+07 1.33e+07 182 29288 32 6323 8 1613   11 3140 3 199 16 8485 37 1574
LR999928.1 1.33e+07 1.34e+07 224 33356 39 6551 18 3427 1 411 13 3933   27 4869 24 879
LR999928.1 1.34e+07 1.35e+07 134 21366 19 4316 7 2106   5 1585 1 77 16 6065 34 1791
LR999928.1 1.35e+07 1.36e+07 111 14029 17 3619 4 200   7 2060 3 172 12 2994 32 1408
LR999928.1 1.36e+07 1.37e+07 142 22617 21 4961 17 2216 2 601 3 364   15 6800 33 1666
LR999928.1 1.37e+07 1.38e+07 180 24628 36 6215 8 1802   14 3317 1 93 17 5729 37 1474
LR999928.1 1.38e+07 1.39e+07 178 23955 25 5180 11 1104   9 2130 3 327 17 5402 33 1297
LR999928.1 1.39e+07 1.4e+07 147 16169 27 5174 5 527   15 2192   10 1563 39 1484
LR999928.1 1.4e+07 1.41e+07 151 14811 31 4381 9 841   11 1606   19 1624 22 975
LR999928.1 1.41e+07 1.42e+07 170 18700 33 6589 7 764 1 120 10 1453 2 203 21 2369 33 1305
LR999928.1 1.42e+07 1.43e+07 160 22450 26 4425 17 2766   7 971 4 276 19 5726 26 1006
LR999928.1 1.43e+07 1.44e+07 227 24134 42 5530 14 924 1 78 8 942 2 240 19 2533 33 1298
LR999928.1 1.44e+07 1.45e+07 170 24020 22 4279 13 1820 1 71 9 1445 1 77 23 8433 32 1450
LR999928.1 1.45e+07 1.46e+07 169 27722 35 5664 11 921   8 1822 2 156 26 11780 30 1321
LR999928.1 1.46e+07 1.47e+07 162 30369 46 7898 6 422   7 4790 7 4540 20 6096 27 1149
LR999928.1 1.47e+07 1.48e+07 179 22807 43 8446 16 2459 2 149 8 1056 1 149 16 2205 30 1373
LR999928.1 1.48e+07 1.49e+07 174 23559 40 7217 4 242   12 3943 1 77 24 4222 30 1439
LR999928.1 1.49e+07 1.5e+07 195 29182 26 5130 13 2116 1 413 13 4749 2 145 19 4589 30 1068
LR999928.1 1.5e+07 1.51e+07 173 18196 36 6166 6 304   6 678 1 79 17 1922 37 1590
LR999928.1 1.51e+07 1.52e+07 141 13448 16 2743 8 652   3 168   15 1854 27 1178
LR999928.1 1.52e+07 1.53e+07 157 21530 24 4664 9 1104   3 261   15 6118 38 1685
LR999928.1 1.53e+07 1.54e+07 138 16398 18 2969 7 901   4 415 5 3791 10 1045 45 2165
LR999928.1 1.54e+07 1.55e+07 171 16882 25 3787 9 953   10 1007 1 80 19 2282 26 1011
LR999928.1 1.55e+07 1.56e+07 137 14801 25 4177 4 205   9 1309 6 955 13 2751 36 1434
LR999928.1 1.56e+07 1.57e+07 93 10178 12 2029 4 422   6 2133 2 310 6 1337 27 1150
LR999928.1 1.57e+07 1.58e+07 89 8252 14 2345 6 585   7 404 1 71 12 1310 22 838
LR999928.1 1.58e+07 1.59e+07 111 14129 22 3870 4 1940 1 323 4 510 1 86 17 3364 28 1095
LR999928.1 1.59e+07 1.6e+07 111 18551 4 870 8 1022 3 438 5 1717 10 5558 15 4287 39 1760
LR999928.1 1.6e+07 16000791                
