chrom begin end count_rpt length_rpt count_SINE length_SINE count_DNA length_DNA count_TcM length_TcM count_LINE length_LINE count_LTR length_LTR count_nonLTR length_nonLTR
LR999933.1 1 100000 130 23176 10 2140 15 2962 7 815 3 627 6 3675 19 7045 35 1814
LR999933.1 100001 200000 192 22982 37 7296 8 468   12 1657 2 162 26 3899 28 1222
LR999933.1 200001 300000 221 33644 31 5053 15 2144   12 3246 8 5536 24 5234 42 1525
LR999933.1 300001 400000 211 30038 36 6846 14 3364 2 359 13 2239 3 235 30 6764 35 1331
LR999933.1 400001 500000 204 27703 43 8694 13 2798   9 1063 1 75 18 4246 26 1074
LR999933.1 500001 600000 180 25712 41 8398 10 960 1 97 16 5709 5 1566 20 2953 31 1250
LR999933.1 600001 700000 184 21979 44 6851 17 3607   3 494 4 361 24 3962 28 1048
LR999933.1 700001 800000 214 27812 45 8188 7 576   9 1059 3 214 24 4917 26 1150
LR999933.1 800001 900000 237 31296 63 9569 14 2749 2 512 14 1949 3 470 38 6818 29 1335
LR999933.1 900001 1e+06 228 28085 40 6836 19 2009 1 145 14 2263   26 5079 34 1378
LR999933.1 1e+06 1.1e+06 223 33499 27 4442 17 5699   12 4277 3 313 35 7397 26 1103
LR999933.1 1.1e+06 1.2e+06 207 36425 38 7441 16 2531   23 5792 9 5349 22 5573 28 1133
LR999933.1 1.2e+06 1.3e+06 220 31098 51 10606 15 1235 2 92 14 4781 2 122 27 4336 23 987
LR999933.1 1.3e+06 1.4e+06 223 28601 58 9877 10 825   8 878 1 111 27 6037 29 1173
LR999933.1 1.4e+06 1.5e+06 219 26726 44 7378 6 1151 1 507 21 4576 2 89 28 5157 48 1847
LR999933.1 1.5e+06 1.6e+06 218 25321 36 6385 10 829 1 67 9 1139 3 572 23 3980 35 1509
LR999933.1 1.6e+06 1.7e+06 237 35069 40 7376 11 722 1 72 5 966 12 9801 22 2850 34 1284
LR999933.1 1.7e+06 1.8e+06 191 32897 45 8591 9 1112   10 1694 3 267 24 11447 28 1219
LR999933.1 1.8e+06 1.9e+06 176 26051 32 6579 17 4782 1 87 11 2695 5 304 14 2289 32 1619
LR999933.1 1.9e+06 2e+06 185 24783 32 6639 15 2316   7 4224 4 333 26 3099 29 1274
LR999933.1 2e+06 2.1e+06 218 27933 44 8100 14 1007   8 614 1 98 29 7188 30 1146
LR999933.1 2.1e+06 2.2e+06 162 28983 26 5210 9 639 1 56 15 6901 1 79 19 8930 35 1432
LR999933.1 2.2e+06 2.3e+06 209 27876 47 7192 14 1197 1 39 13 3927 3 5146 19 2150 41 1578
LR999933.1 2.3e+06 2.4e+06 231 29192 50 9305 14 2009   10 2692 1 95 38 4865 29 1155
LR999933.1 2.4e+06 2.5e+06 226 27501 41 8043 15 1181 1 40 8 1806 3 225 15 2268 31 1163
LR999933.1 2.5e+06 2.6e+06 201 22899 36 6781 20 2546 2 299 5 707 2 175 13 1442 42 1994
LR999933.1 2.6e+06 2.7e+06 202 22697 32 6326 8 706   14 1809 1 36 13 1476 33 1305
LR999933.1 2.7e+06 2.8e+06 141 14376 30 5239 9 609 1 44 6 1077 2 88 19 2497 27 998
LR999933.1 2.8e+06 2.9e+06 171 22276 36 7497 6 576 1 118 7 700 3 143 21 6175 29 1286
LR999933.1 2.9e+06 3e+06 139 18343 20 4421 7 753   7 903 3 242 15 5503 25 1010
LR999933.1 3e+06 3.1e+06 133 17395 20 3331 7 780   10 2479   17 4631 32 1345
LR999933.1 3.1e+06 3.2e+06 136 16417 18 2867 7 2166   4 1288 1 55 15 3454 37 1445
LR999933.1 3.2e+06 3.3e+06 150 19353 21 3534 6 626 2 172 7 2356 1 77 20 5510 38 1529
LR999933.1 3.3e+06 3.4e+06 183 25812 29 4406 11 1101   10 3939 1 62 12 5040 40 1829
LR999933.1 3.4e+06 3.5e+06 151 19512 32 5959 9 774   8 1982   19 3820 20 839
LR999933.1 3.5e+06 3.6e+06 134 12175 25 4442 10 971   9 1010 1 109 7 630 39 1332
LR999933.1 3.6e+06 3.7e+06 161 21209 35 5930 7 550   9 1094   18 4739 22 940
LR999933.1 3.7e+06 3.8e+06 183 31285 36 6138 9 2020 1 57 9 2971 9 3923 17 5548 28 1245
LR999933.1 3.8e+06 3.9e+06 179 25616 31 5462 15 3938   7 1849 2 174 17 4120 34 1479
LR999933.1 3.9e+06 4e+06 157 31107 22 3093 9 2129   18 7116 3 3456 15 7454 35 1623
LR999933.1 4e+06 4.1e+06 162 28818 28 4801 12 815   16 5129 5 1802 25 10062 24 923
LR999933.1 4.1e+06 4.2e+06 155 33205 28 5618 16 2498 1 66 21 10114 5 3992 13 4531 25 1026
LR999933.1 4.2e+06 4.3e+06 168 20402 23 4457 8 2258   9 1797 2 386 18 2830 41 1661
LR999933.1 4.3e+06 4.4e+06 170 16856 26 4878 8 636   10 1242 1 61 15 1768 43 1842
LR999933.1 4.4e+06 4.5e+06 190 23703 34 5555 24 2930   9 2191   24 4380 32 1333
LR999933.1 4.5e+06 4.6e+06 152 15406 15 2300 17 3076 3 632 7 729 2 296 13 1171 33 1283
LR999933.1 4.6e+06 4.7e+06 153 25357 28 5478 12 2328   9 5025 1 90 17 5094 29 1101
LR999933.1 4.7e+06 4.8e+06 166 22805 24 5243 15 3023 1 515 7 1363 1 108 20 4731 38 1420
LR999933.1 4.8e+06 4.9e+06 192 30509 22 3991 12 4218   9 3495 5 414 23 8374 42 1776
LR999933.1 4.9e+06 5e+06 170 21164 26 5348 11 3366   10 1470   15 1408 33 1295
LR999933.1 5e+06 5.1e+06 155 16401 19 3367 13 2536   6 870   12 2103 36 1400
LR999933.1 5.1e+06 5.2e+06 155 21504 20 3938 10 1822   14 2183 2 158 11 2980 25 939
LR999933.1 5.2e+06 5.3e+06 151 14778 26 4164 13 1538   10 1353   11 1315 36 1548
LR999933.1 5.3e+06 5.4e+06 139 15124 30 5595 6 994 1 595 10 1420   8 2113 38 1737
LR999933.1 5.4e+06 5.5e+06 158 19161 18 3969 24 3630 2 223 7 1033 3 197 14 1771 34 1524
LR999933.1 5.5e+06 5.6e+06 196 24355 28 5531 11 809   14 3126 1 87 19 5445 43 1735
LR999933.1 5.6e+06 5.7e+06 157 19133 34 5154 6 747   14 5549   7 549 34 1406
LR999933.1 5.7e+06 5.8e+06 183 21566 32 6454 13 2127   4 487   18 3052 38 1565
LR999933.1 5.8e+06 5.9e+06 129 17015 11 1952 14 2388   8 666 1 116 12 3034 25 1115
LR999933.1 5.9e+06 6e+06 144 16621 27 5335 9 818 1 168 3 1153 1 95 16 2926 35 1439
LR999933.1 6e+06 6.1e+06 151 15851 19 4066 9 563 1 42 7 1881 1 91 17 2293 32 1369
LR999933.1 6.1e+06 6.2e+06 141 13303 23 4083 11 953   4 440 2 381 10 1666 47 1885
LR999933.1 6.2e+06 6.3e+06 127 12883 30 5213 7 491   5 594 1 97 13 1307 31 1416
LR999933.1 6.3e+06 6.4e+06 133 13162 16 2949 6 463   5 566 1 74 12 1447 32 1409
LR999933.1 6.4e+06 6.5e+06 134 15650 24 4060 10 998 1 313 2 209 5 2589 7 892 37 1791
LR999933.1 6.5e+06 6.6e+06 156 16543 20 3699 10 929   11 1514 1 89 22 3891 45 1730
LR999933.1 6.6e+06 6.7e+06 89 12839 11 2307 8 1430 1 480 2 253   10 5041 33 1551
LR999933.1 6.7e+06 6.8e+06 146 26280 13 2010 12 1643 3 1089 8 1224 5 750 22 13064 41 2080
LR999933.1 6.8e+06 6.9e+06 89 14405 14 1948 6 528 1 159 4 3516   8 4296 20 778
LR999933.1 6.9e+06 7e+06 74 9020       8 1899   8 3591 37 1583
LR999933.1 7e+06 7.1e+06 78 7232 13 2867 1 58   2 224 1 53 4 282 29 1232
LR999933.1 7.1e+06 7.2e+06 134 20665 21 3115 8 1639   6 3768 4 2809 8 3194 46 1956
LR999933.1 7.2e+06 7.3e+06 125 18970 12 1951 8 1847   10 1691 1 17 12 6787 35 1497
LR999933.1 7.3e+06 7.4e+06 130 22755 15 2724 10 2206 1 48 11 4347 13 6290 9 925 31 1297
LR999933.1 7.4e+06 7.5e+06 127 17539 17 3264 16 4761 3 969 8 913   14 2475 25 1032
LR999933.1 7.5e+06 7.6e+06 107 11881 14 2848 5 319   8 2055 1 94 10 1396 34 1520
LR999933.1 7.6e+06 7.7e+06 108 10238 14 2842 9 822   3 268   3 570 32 1486
LR999933.1 7.7e+06 7.8e+06 87 13461 10 1691 11 2617 2 309 8 1042 3 4093 7 1010 30 1378
LR999933.1 7.8e+06 7.9e+06 84 12286 10 1812 7 1171   2 1412 1 78 10 4072 33 1417
LR999933.1 7.9e+06 8e+06 152 22567 18 3267 13 2815   3 399 4 3474 5 3193 46 1811
LR999933.1 8e+06 8.1e+06 132 24935 10 1802 8 575   18 7083 2 999 16 8144 29 1265
LR999933.1 8.1e+06 8.2e+06 130 16344 12 2171 6 621   7 1124 6 3736 16 3372 43 1787
LR999933.1 8.2e+06 8.3e+06 142 20279 27 4590 10 913 1 13 10 2622 1 234 15 5620 37 1591
LR999933.1 8.3e+06 8.4e+06 140 20759 15 2666 11 2444 3 1564 6 2337 5 940 16 5451 40 1742
LR999933.1 8.4e+06 8.5e+06 96 11721 12 2990 9 1567 2 745 3 1100 2 173 10 1942 33 1505
LR999933.1 8.5e+06 8.6e+06 143 23336 17 3365 7 1002   13 4285 6 560 25 7527 32 1464
LR999933.1 8.6e+06 8.7e+06 87 9383 10 1923 5 480   6 937 1 22 10 2911 32 1212
LR999933.1 8.7e+06 8.8e+06 124 14934 22 3449 8 990   8 2044   6 2186 31 1292
LR999933.1 8.8e+06 8.9e+06 90 9461 15 2487 7 548 1 49 4 679   9 957 28 1175
LR999933.1 8.9e+06 9e+06 118 11825 21 3132 4 502 1 114 8 855 1 90 17 2644 35 1403
LR999933.1 9e+06 9.1e+06 103 12814 9 1840 7 1679   3 1142 1 79 7 2074 38 1491
LR999933.1 9.1e+06 9.2e+06 123 18556 20 3913 4 464   12 4678 1 112 17 4442 26 1159
LR999933.1 9.2e+06 9.3e+06 76 10317 6 866 7 1538 1 149 5 1174 2 2458 9 1035 29 1237
LR999933.1 9.3e+06 9.4e+06 138 19988 23 4165 6 1649 6 1649 17 6382 2 209 16 2770 40 1767
LR999933.1 9.4e+06 9.5e+06 171 19757 20 3446 11 1116   15 3290 1 142 16 2456 34 1434
LR999933.1 9.5e+06 9.6e+06 123 16173 15 3153 11 2414 2 114 7 2007 2 283 19 3592 33 1100
LR999933.1 9.6e+06 9.7e+06 139 18577 12 2702 10 1949   5 2047 2 159 5 2477 43 1780
LR999933.1 9.7e+06 9.8e+06 181 21646 25 4962 18 3338   4 844 1 89 12 2661 49 2130
LR999933.1 9.8e+06 9.9e+06 190 26617 24 4747 17 2665 1 243 9 1237 4 2741 14 5418 37 1490
LR999933.1 9.9e+06 1e+07 167 24756 33 6590 21 4186 1 644 8 1458   26 6403 29 1062
LR999933.1 1e+07 1.01e+07 161 20399 21 3857 18 3231 3 435 4 737 1 63 22 4447 36 1477
LR999933.1 1.01e+07 1.02e+07 109 12261 15 2432 11 2497   4 621 7 981 11 2197 34 1333
LR999933.1 1.02e+07 1.03e+07 107 11216 17 2816 11 1311   1 120 3 235 6 1337 37 1482
LR999933.1 1.03e+07 1.04e+07 80 11576 5 846 11 2747   7 959 3 246 4 3221 23 1056
LR999933.1 1.04e+07 1.05e+07 130 18657 19 3236 15 3992 1 350 2 287 1 100 15 4244 30 1365
LR999933.1 1.05e+07 1.06e+07 112 13459 10 2230 8 2588   6 936   4 1146 32 1351
LR999933.1 1.06e+07 1.07e+07 176 20858 25 4848 12 2142   4 503 4 697 13 2174 48 2074
LR999933.1 1.07e+07 1.08e+07 143 25283 14 2117 9 797 1 103 10 4781 12 8576 12 2411 42 1753
LR999933.1 1.08e+07 1.09e+07 143 15894 20 3599 20 2441 2 286 3 390   10 1433 36 1489
LR999933.1 1.09e+07 1.1e+07 145 19534 22 3785 8 640   6 591 7 5111 7 1113 29 1157
LR999933.1 1.1e+07 1.11e+07 140 15025 12 2404 6 801 1 267 6 707   16 2478 40 1745
LR999933.1 1.11e+07 1.12e+07 166 22249 27 4893 8 717   11 1045   15 7452 35 1524
LR999933.1 1.12e+07 1.13e+07 124 15281 19 3804 9 816   5 2972 1 53 6 1058 29 1223
LR999933.1 1.13e+07 1.14e+07 103 12669 10 1663 8 654   3 302 4 2161 6 748 31 1575
LR999933.1 1.14e+07 1.15e+07 148 22033 19 3670 15 1790 1 69 9 1731 4 2681 9 815 34 1674
LR999933.1 1.15e+07 1.16e+07 195 27728 27 4666 16 2373   8 890 6 4457 17 4917 30 1210
LR999933.1 1.16e+07 1.17e+07 178 25933 27 5457 12 1240 2 136 14 6910   14 3213 42 1654
LR999933.1 1.17e+07 1.18e+07 223 31547 37 6158 19 2192   11 3384   27 6513 34 1278
LR999933.1 1.18e+07 1.19e+07 234 26270 39 7331 19 2748 3 1253 14 1425 3 260 21 2910 45 1582
LR999933.1 1.19e+07 1.2e+07 152 19884 27 4365 8 1172   4 936 1 83 14 4801 26 1059
LR999933.1 1.2e+07 1.21e+07 133 16459 20 3873 18 1844   4 492 3 3103 4 694 27 1319
LR999933.1 1.21e+07 1.22e+07 154 15404 28 5053 7 614   6 921 1 69 8 1307 47 2014
LR999933.1 1.22e+07 1.23e+07 217 27093 36 7408 15 1955 2 170 18 2362   27 3924 26 1035
LR999933.1 1.23e+07 1.24e+07 204 25713 44 8586 9 877   7 862   26 6038 41 1475
LR999933.1 1.24e+07 1.25e+07 241 29064 45 7889 21 1530 2 98 8 2991   19 3020 34 1412
LR999933.1 1.25e+07 1.26e+07 212 25378 25 4432 14 2295   9 1538 4 339 24 4393 35 1587
LR999933.1 1.26e+07 1.27e+07 208 28629 47 7645 8 1826   10 1003 3 252 24 7423 25 916
LR999933.1 1.27e+07 1.28e+07 205 33192 32 5926 13 1021   4 3212 15 5176 26 8120 37 1328
LR999933.1 1.28e+07 1.29e+07 192 20667 42 7038 11 985   17 2310   24 2356 40 1646
LR999933.1 1.29e+07 1.3e+07 215 29596 45 8286 13 1261 1 47 19 2896 2 4257 23 2838 38 1562
LR999933.1 1.3e+07 1.31e+07 184 25100 29 5684 11 1361   11 1383   26 5757 25 1002
LR999933.1 1.31e+07 1.32e+07 206 34633 34 6983 17 4454   5 1367 14 5809 17 5806 33 1406
LR999933.1 1.32e+07 1.33e+07 208 25350 33 6346 17 2112 3 1117 7 1581   16 2358 29 1166
LR999933.1 1.33e+07 1.34e+07 222 44408 39 6493 11 5769 1 57 19 7048 3 226 28 13516 24 1060
LR999933.1 1.34e+07 1.35e+07 164 20442 32 5398 6 455   2 220   13 6652 34 1362
LR999933.1 1.35e+07 1.36e+07 192 24173 39 6482 10 2291 3 1170 11 4291 3 178 18 1867 21 908
LR999933.1 1.36e+07 1.37e+07 146 21145 20 3435 8 2290 1 513 9 1067 2 130 17 6425 29 1083
LR999933.1 1.37e+07 1.38e+07 188 21382 41 7038 14 1360   10 2118 2 195 14 2018 36 1616
LR999933.1 1.38e+07 1.39e+07 162 17995 41 7540 3 268   5 612 3 680 29 3709 35 1631
LR999933.1 1.39e+07 1.4e+07 177 26463 29 5611 9 642   17 5493 5 890 22 7057 41 1707
LR999933.1 1.4e+07 1.41e+07 163 23856 27 5124 11 872   12 4443 1 81 19 5601 30 1188
LR999933.1 1.41e+07 1.42e+07 120 14558 16 3291 8 1271 2 155 5 743 2 131 15 3480 35 1963
LR999933.1 1.42e+07 1.43e+07 138 24310 19 3593 5 485   2 193 7 3265 19 6454 36 1482
LR999933.1 1.43e+07 1.44e+07 147 17526 20 4190 10 1632 1 120 3 521 4 271 20 3364 41 1747
LR999933.1 1.44e+07 1.45e+07 169 24929 27 6576 7 568   6 788 4 381 20 6306 33 1441
LR999933.1 1.45e+07 1.46e+07 184 20344 37 5697 5 329   12 1106 4 333 23 4946 44 1724
LR999933.1 1.46e+07 1.47e+07 137 20717 28 5367 10 2213   11 5367 1 79 20 2635 29 1280
LR999933.1 1.47e+07 1.48e+07 147 23872 19 3586 12 728   6 4012   15 5000 26 1081
LR999933.1 1.48e+07 1.49e+07 107 21623 27 5493 6 446   13 6265 3 157 11 5694 15 511
LR999933.1 1.49e+07 1.5e+07 88 10244 7 1871 4 321   8 1178 1 33 8 3105 37 1376
LR999933.1 1.5e+07 1.51e+07 136 21331 19 3610 9 1987 1 103 6 788 2 85 12 6143 30 1325
LR999933.1 1.51e+07 1.52e+07 118 20969 14 2719 11 1720 1 61 15 2179   8 7270 25 896
LR999933.1 1.52e+07 15296561 127 21969 21 3491 13 4347 3 579 6 2780 2 2996 12 1420 31 2586
