chrom begin end count_rpt length_rpt count_SINE length_SINE count_DNA length_DNA count_TcM length_TcM count_LINE length_LINE count_LTR length_LTR count_nonLTR length_nonLTR
LR999927.1 1 100000 153 66468   20 1959 20 1959 32 8624   57 51189 36 3561
LR999927.1 100001 200000 164 70142 1 200 21 2775 17 1671 23 5925   57 54497 36 3131
LR999927.1 200001 300000 123 24121 8 1615 6 720   6 3389 8 2396 21 10080 32 1868
LR999927.1 300001 400000 163 31501 6 1643 14 1784 3 375 5 1939 17 9534 24 6831 45 1751
LR999927.1 400001 500000 143 22113 17 2595 10 1854   8 2346 1 141 23 8241 28 1165
LR999927.1 500001 600000 146 18330 22 3425 12 1376   8 1051 1 77 15 4417 28 970
LR999927.1 600001 700000 160 19846 24 4524 11 3471   8 762 2 1470 16 3096 34 1300
LR999927.1 700001 800000 156 17306 25 5182 15 1382   4 446 2 207 24 2975 26 1107
LR999927.1 800001 900000 138 19836 19 3892 10 1178   3 440 2 105 19 8267 46 1977
LR999927.1 900001 1e+06 179 19750 38 7428 8 731   2 125   15 2511 30 1206
LR999927.1 1e+06 1.1e+06 187 20740 42 6977 7 733   11 1602 2 167 28 3918 18 661
LR999927.1 1.1e+06 1.2e+06 160 19707 28 4865 7 707   5 618 2 160 31 5588 33 1537
LR999927.1 1.2e+06 1.3e+06 235 33775 42 8046 13 982   2 1159 10 5556 27 3563 25 1020
LR999927.1 1.3e+06 1.4e+06 211 29933 38 7562 17 1377   11 4935 5 386 23 5477 41 1647
LR999927.1 1.4e+06 1.5e+06 171 22531 22 4404 14 1646   7 1944   25 6532 35 1656
LR999927.1 1.5e+06 1.6e+06 128 15007 22 4253 8 1077   9 1926 1 89 7 2448 44 1834
LR999927.1 1.6e+06 1.7e+06 149 17469 25 4662 13 2299   7 2025 2 105 19 3123 39 1576
LR999927.1 1.7e+06 1.8e+06 143 21521 20 3880 11 1220   9 3206 1 77 12 5155 34 1582
LR999927.1 1.8e+06 1.9e+06 103 16033 17 2422 9 979   3 608 3 2640 3 464 19 764
LR999927.1 1.9e+06 2e+06 196 20698 34 5361 7 627   14 1986 4 291 23 3608 27 989
LR999927.1 2e+06 2.1e+06 189 20489 27 4582 9 965 1 68 2 221 1 49 17 3669 29 1038
LR999927.1 2.1e+06 2.2e+06 169 15727 21 4063 9 661   5 441 2 133 14 1238 37 1491
LR999927.1 2.2e+06 2.3e+06 180 20973 38 6279 15 1574   7 774 1 106 19 3597 32 1459
LR999927.1 2.3e+06 2.4e+06 197 27919 36 6955 13 1337   10 1800 2 153 36 8528 30 1369
LR999927.1 2.4e+06 2.5e+06 184 19873 50 8166 15 1309   4 384 2 146 19 2188 27 1075
LR999927.1 2.5e+06 2.6e+06 245 35191 43 8274 24 4795 2 890 13 3037 2 145 25 5261 25 956
LR999927.1 2.6e+06 2.7e+06 184 25398 29 4494 18 2213   7 855 2 2187 21 5586 26 997
LR999927.1 2.7e+06 2.8e+06 209 31742 52 10405 12 2043 1 221 10 3890 2 201 26 6231 34 1394
LR999927.1 2.8e+06 2.9e+06 206 29623 49 9659 18 2476 1 56 5 667 7 4610 16 3026 33 1195
LR999927.1 2.9e+06 3e+06 245 36929 43 9713 24 4379 3 815 10 2044 4 276 31 7416 31 1299
LR999927.1 3e+06 3.1e+06 122 13056 31 5262 8 953   4 627 1 112 11 1566 27 1168
LR999927.1 3.1e+06 3.2e+06 177 36152 25 5486 22 5651   9 3852 3 4498 16 7607 35 1478
LR999927.1 3.2e+06 3.3e+06 200 35597 24 4857 13 4001   12 4086   22 8841 32 1377
LR999927.1 3.3e+06 3.4e+06 172 31061 12 1732 14 3653   9 2280 11 5155 19 7697 35 1717
LR999927.1 3.4e+06 3.5e+06 215 37398 10 1619 28 5767 1 95 10 4109 1 100 29 12343 36 1686
LR999927.1 3.5e+06 3.6e+06 224 41217 22 3234 20 6197   12 3987 15 6468 20 5148 33 1621
LR999927.1 3.6e+06 3.7e+06 194 33022 16 2841 18 4706   12 6081 14 5928 14 1942 34 1519
LR999927.1 3.7e+06 3.8e+06 166 57234 10 2351 12 5350   23 15229 7 5023 24 18854 23 841
LR999927.1 3.8e+06 3.9e+06 184 35503 9 1860 18 6444 1 189 13 3546 10 5557 10 7015 33 1525
LR999927.1 3.9e+06 4e+06 231 37971 17 2791 17 4536   8 3535 1 125 25 9753 40 1759
LR999927.1 4e+06 4.1e+06 169 44421 18 3448 16 6503   20 10706 7 3530 22 10142 22 967
LR999927.1 4.1e+06 4.2e+06 172 44399 5 1282 25 5658 2 499 11 5760 24 10995 15 10828 29 1198
LR999927.1 4.2e+06 4.3e+06 172 37498 12 2238 26 6480 2 146 9 9659 12 4573 7 3614 30 1178
LR999927.1 4.3e+06 4.4e+06 222 40890 11 2379 19 5040 5 844 11 2642 7 5157 13 8568 29 1210
LR999927.1 4.4e+06 4.5e+06 171 26251 12 2189 21 4368 1 117 13 2408 1 38 17 5713 34 1392
LR999927.1 4.5e+06 4.6e+06 242 39260 6 1272 30 7065 2 498 16 7060   22 3938 31 1262
LR999927.1 4.6e+06 4.7e+06 181 35372 10 1597 31 6238 2 781 20 8293 4 3557 19 8066 42 1905
LR999927.1 4.7e+06 4.8e+06 90 9165 9 1351 5 471   1 84 2 116 8 1719 30 1158
LR999927.1 4.8e+06 4.9e+06 108 17057 15 2688 15 2344 5 703 6 2537 2 135 13 3292 25 991
LR999927.1 4.9e+06 5e+06 109 11916 5 790 13 1048   5 404 2 1020 10 2882 36 1468
LR999927.1 5e+06 5.1e+06 114 12349 14 2242 8 720 1 114 7 823 1 77 11 2605 39 1785
LR999927.1 5.1e+06 5.2e+06 90 10057 11 1748 6 657   4 611 3 282 6 3219 39 1750
LR999927.1 5.2e+06 5.3e+06 107 14433 14 2714 1 76   9 1055   7 4938 32 1400
LR999927.1 5.3e+06 5.4e+06 144 21102 24 4186 13 2202 2 344 10 3901 1 230 21 3947 24 996
LR999927.1 5.4e+06 5.5e+06 141 23798 14 2090 13 3585   7 4613   10 4330 37 1517
LR999927.1 5.5e+06 5.6e+06 150 23605 11 1748 22 6107 6 2529 11 3190   9 4596 38 1712
LR999927.1 5.6e+06 5.7e+06 168 20073 15 2819 12 1411 4 679 11 3272   11 4383 55 2344
LR999927.1 5.7e+06 5.8e+06 116 15265 12 1820 9 2843 2 1137 7 971 3 186 15 2999 28 1189
LR999927.1 5.8e+06 5.9e+06 109 12632 8 1354 4 425   4 1508 1 27 15 3502 41 1784
LR999927.1 5.9e+06 6e+06 114 11280 21 3845 7 449   6 1747   9 1006 34 1364
LR999927.1 6e+06 6.1e+06 93 10651 15 3604 4 407   5 543   4 572 22 1025
LR999927.1 6.1e+06 6.2e+06 68 5869 5 383 2 297   7 1462   3 290 26 1197
LR999927.1 6.2e+06 6.3e+06 42 5482 5 431 1 90   1 181 5 2895 3 428 15 619
LR999927.1 6.3e+06 6.4e+06 118 12941 5 872 10 810   10 1212   12 4134 44 2009
LR999927.1 6.4e+06 6.5e+06 117 16822 12 3260 11 2809 1 92 7 2827   7 1907 46 2114
LR999927.1 6.5e+06 6.6e+06 78 12000 8 2100 2 94   10 1733   12 5551 27 1092
LR999927.1 6.6e+06 6.7e+06 72 6528 7 1243 2 168   7 882   5 749 34 1434
LR999927.1 6.7e+06 6.8e+06 109 16972 16 3396 7 1336   10 2417 3 3768 7 1375 25 1035
LR999927.1 6.8e+06 6.9e+06 89 12008 11 2708 6 612 1 52 9 1022   9 3846 31 1312
LR999927.1 6.9e+06 7e+06 109 13901 6 920 10 2522   6 1522 2 92 7 2042 37 1534
LR999927.1 7e+06 7.1e+06 111 14096 8 1563 16 3557   4 535   3 582 27 1114
LR999927.1 7.1e+06 7.2e+06 114 13472 22 3389 11 2480   9 1709   6 904 29 1154
LR999927.1 7.2e+06 7.3e+06 130 15197 16 2674 9 995 2 247 10 1564   5 2082 37 1453
LR999927.1 7.3e+06 7.4e+06 107 15399 18 3137 11 1005 1 47 2 282 2 3476 6 1550 27 1272
LR999927.1 7.4e+06 7.5e+06 91 16319 4 852 13 2956 4 1720 4 644 6 4223 7 3618 28 1219
LR999927.1 7.5e+06 7.6e+06 91 14575 17 3006 2 222   3 209 3 2690 10 1890 31 1259
LR999927.1 7.6e+06 7.7e+06 151 23118 24 4856 14 3182 1 511 10 2445 6 4103 10 1784 31 1383
LR999927.1 7.7e+06 7.8e+06 168 28839 18 2862 14 3061 1 102 9 2259 7 4807 34 8446 36 1718
LR999927.1 7.8e+06 7.9e+06 145 25561 23 4422 20 7152   7 551 8 4330 8 1266 35 1537
LR999927.1 7.9e+06 8e+06 129 13453 26 4266 6 1062   7 1172 2 235 15 2647 44 1626
LR999927.1 8e+06 8.1e+06 212 27381 30 5027 18 1787 3 459 15 2024 3 608 12 3708 37 1662
LR999927.1 8.1e+06 8.2e+06 147 18662 22 3836 13 2318   15 1948 8 2204 13 2722 28 1130
LR999927.1 8.2e+06 8.3e+06 124 12624 27 4872 8 1750   4 443 4 181 2 153 42 1779
LR999927.1 8.3e+06 8.4e+06 122 16165 22 3894 11 2651   6 743 2 164 12 2392 35 1562
LR999927.1 8.4e+06 8.5e+06 140 24098 19 3717 9 1175   10 3242 1 42 15 9520 29 1121
LR999927.1 8.5e+06 8.6e+06 146 29796 26 4896 15 5198 3 1654 7 2208 2 3477 20 5974 22 1011
LR999927.1 8.6e+06 8.7e+06 155 23860 22 4475 14 4557   13 5006 2 116 12 2615 31 1351
LR999927.1 8.7e+06 8.8e+06 155 18634 29 5209 6 1093   10 1542 2 156 11 3202 42 1764
LR999927.1 8.8e+06 8.9e+06 142 26814 25 4614 11 2245 1 71 16 9989   17 4824 31 1284
LR999927.1 8.9e+06 9e+06 164 21109 28 5684 8 1250   10 1864 1 77 16 4657 34 1401
LR999927.1 9e+06 9.1e+06 154 28911 23 4605 5 472   9 954 6 4944 20 8925 30 1243
LR999927.1 9.1e+06 9.2e+06 127 19808 19 3837 12 2140   12 4158 4 1243 14 2315 28 1012
LR999927.1 9.2e+06 9.3e+06 128 22710 19 3992 7 2057 1 1069 7 1050   14 9360 33 1285
LR999927.1 9.3e+06 9.4e+06 151 21866 22 4501 6 522   10 3154   21 6153 35 1572
LR999927.1 9.4e+06 9.5e+06 183 25597 30 5832 25 6662   4 302 1 57 13 1943 36 1497
LR999927.1 9.5e+06 9.6e+06 155 20449 27 4764 9 2226   6 782 8 4384 9 1493 34 1509
LR999927.1 9.6e+06 9.7e+06 150 18847 28 5120 13 2210 1 413 8 2078 1 78 8 1594 30 1323
LR999927.1 9.7e+06 9.8e+06 97 10144 20 3639 4 350   2 326   5 715 21 821
LR999927.1 9.8e+06 9.9e+06 141 17144 17 3453 4 617   10 2028 2 202 13 2521 36 1697
LR999927.1 9.9e+06 1e+07 163 18885 16 3187 23 1993   11 3530 2 158 11 2271 39 1671
LR999927.1 1e+07 1.01e+07 129 13459 12 2307 7 900 1 325 2 393 1 77 10 1378 42 1715
LR999927.1 1.01e+07 1.02e+07 168 20582 25 5248 17 1093   4 524   10 3979 24 856
LR999927.1 1.02e+07 1.03e+07 156 18039 33 6639 13 2159   14 1387 1 53 17 2543 33 1425
LR999927.1 1.03e+07 1.04e+07 196 27181 36 5687 16 1689 2 143 6 631 1 36 21 8117 32 1333
LR999927.1 1.04e+07 1.05e+07 145 21117 22 4805 8 2127 3 803 11 1484 2 146 24 5231 33 1402
LR999927.1 1.05e+07 1.06e+07 178 21372 30 5368 11 1919 2 200 4 568 4 626 20 2323 34 1489
LR999927.1 1.06e+07 1.07e+07 158 16768 31 6398 10 1074   6 666 4 274 12 1137 27 1167
LR999927.1 1.07e+07 1.08e+07 216 31715 25 4828 20 3653   16 5336 2 148 25 7042 37 1558
LR999927.1 1.08e+07 1.09e+07 177 29321 31 4711 10 1372   10 1361 7 5788 18 7029 34 1413
LR999927.1 1.09e+07 1.1e+07 204 32235 27 5372 22 7156   9 2465 7 1569 27 6168 39 1558
LR999927.1 1.1e+07 1.11e+07 201 24133 26 4801 28 4240   10 2412 2 87 7 782 36 1510
LR999927.1 1.11e+07 1.12e+07 194 27915 12 3084 16 3139   8 2101 6 932 31 8053 38 1744
LR999927.1 1.12e+07 1.13e+07 133 14538 8 1787 13 2157 1 113 14 1511 1 88 15 2216 40 1937
LR999927.1 1.13e+07 1.14e+07 247 29247 31 5530 18 2910 2 259 8 1080 2 172 19 2577 32 1316
LR999927.1 1.14e+07 1.15e+07 166 27472 24 4122 11 952   11 4338 6 1027 15 9585 35 1433
LR999927.1 1.15e+07 1.16e+07 120 20873 19 3854 2 152   8 1003 2 83 15 10243 27 1243
LR999927.1 1.16e+07 1.17e+07 155 18015 33 5285 7 528   6 804 2 199 21 4177 30 1108
LR999927.1 1.17e+07 1.18e+07 141 15858 20 3747 12 859 2 258 7 1086 1 61 9 2395 27 1059
LR999927.1 1.18e+07 1.19e+07 129 17312 34 6084 7 630   13 1533 3 2063 15 3646 30 1236
LR999927.1 1.19e+07 1.2e+07 141 20476 27 5727 7 773   12 1525 2 188 10 6036 29 1112
LR999927.1 1.2e+07 1.21e+07 110 11668 27 5402 5 385   4 534 1 55 5 685 26 1020
LR999927.1 1.21e+07 1.22e+07 161 27242 25 4965 7 1116 2 184 15 3333 1 38 19 11275 33 1433
LR999927.1 1.22e+07 1.23e+07 175 18104 26 4278 7 650   9 1121 12 2307 16 1662 30 1234
LR999927.1 1.23e+07 1.24e+07 202 23208 46 7688 14 2085 2 148 17 2789 1 54 10 1154 32 1425
LR999927.1 1.24e+07 1.25e+07 170 22461 18 3392 14 1402 2 241 2 289 2 173 17 5718 43 1938
LR999927.1 1.25e+07 1.26e+07 124 18999 16 3434 23 3836 3 472 5 3331   12 2805 24 1121
LR999927.1 1.26e+07 1.27e+07 143 16006 28 4545 7 2596   6 880   9 1230 32 1274
LR999927.1 1.27e+07 1.28e+07 134 15316 27 5515 5 1384   7 895 1 202 11 1120 28 1147
LR999927.1 1.28e+07 1.29e+07 171 20828 30 5155 6 716 1 101 7 819 3 1612 15 3318 34 1376
LR999927.1 1.29e+07 1.3e+07 112 15438 21 4221 1 55   6 959 2 157 14 4712 27 1221
LR999927.1 1.3e+07 1.31e+07 179 22796 41 6449 9 681   15 2144 1 85 24 6224 32 1300
LR999927.1 1.31e+07 1.32e+07 143 17153 35 6450 8 1593   6 1761 3 220 11 1239 24 906
LR999927.1 1.32e+07 1.33e+07 169 20162 35 6793 8 1794   8 1211 4 309 23 3201 33 1383
LR999927.1 1.33e+07 1.34e+07 166 16854 36 6219 8 787 1 312 6 990 1 99 18 2005 43 1820
LR999927.1 1.34e+07 1.35e+07 180 26071 34 6468 19 2518   7 3922 3 241 23 3592 20 805
LR999927.1 1.35e+07 1.36e+07 155 19856 32 5674 7 378   8 1060 2 155 18 5511 40 1898
LR999927.1 1.36e+07 1.37e+07 204 25755 28 4603 15 1543   13 1531 2 178 15 4338 32 1238
LR999927.1 1.37e+07 1.38e+07 160 21595 32 6662 7 614   5 3207 2 834 15 2726 29 1263
LR999927.1 1.38e+07 1.39e+07 158 16168 33 6181 11 1003   8 944 2 136 7 1118 34 1432
LR999927.1 1.39e+07 1.4e+07 132 17787 26 5549 8 749   7 4244   15 1687 27 983
LR999927.1 1.4e+07 1.41e+07 165 17926 28 5904 18 2281 1 571 5 729   15 1618 31 1009
LR999927.1 1.41e+07 1.42e+07 149 19201 28 5189 16 1659   8 3052 2 133 16 3515 34 1607
LR999927.1 1.42e+07 1.43e+07 173 22957 36 7417 11 1296   11 4570 2 308 16 2460 39 1658
LR999927.1 1.43e+07 1.44e+07 225 31111 45 7296 7 560 1 40 10 1520 10 4390 31 7273 38 1353
LR999927.1 1.44e+07 1.45e+07 240 33256 45 7080 12 818 1 71 19 5500 1 48 38 9878 37 1430
LR999927.1 1.45e+07 1.46e+07 225 32723 42 8181 17 2826   22 4343 5 565 34 8969 35 1177
LR999927.1 1.46e+07 1.47e+07 194 27777 39 5298 16 3446   15 4407 3 3258 18 1628 38 1487
LR999927.1 1.47e+07 1.48e+07 212 38032 41 6196 34 6225 6 667 17 6893   24 10101 26 1116
LR999927.1 1.48e+07 1.49e+07 224 34933 60 10344 12 811   10 4408   27 8296 25 1128
LR999927.1 1.49e+07 1.5e+07 187 40118 45 7738 18 3778 1 51 11 4349 6 4371 23 11484 19 807
LR999927.1 1.5e+07 1.51e+07 200 25250 39 6928 14 1601   5 914 1 76 26 3306 27 1045
LR999927.1 1.51e+07 1.52e+07 240 29005 40 8207 16 2809 1 570 11 4290 1 60 26 3333 58 1763
LR999927.1 1.52e+07 1.53e+07 171 19529 30 4862 13 1302   4 450 2 167 21 4005 16 638
LR999927.1 1.53e+07 1.54e+07 133 14363 33 5314 7 1923 1 497 7 748 1 77 19 2340 37 1556
LR999927.1 1.54e+07 1.55e+07 211 31546 31 6407 18 2619   18 5944 4 641 26 7084 28 1280
LR999927.1 1.55e+07 1.56e+07 162 25668 31 5064 7 869   10 1787 4 3890 11 4205 27 1004
LR999927.1 1.56e+07 1.57e+07 157 17658 25 4513 17 3704   5 472 1 34 12 1461 41 1920
LR999927.1 1.57e+07 1.58e+07 128 17354 12 2239 13 2137 3 1007 6 646 3 3285 11 1639 21 905
LR999927.1 1.58e+07 1.59e+07 200 22196 33 5004 9 1117   11 911 2 121 23 4766 43 1906
LR999927.1 1.59e+07 1.6e+07 149 16414 18 2179 7 536   8 2122 1 78 17 2681 34 1339
LR999927.1 1.6e+07 16090551 114 19076 5 504 9 1472   11 3727 16 3697 15 2745 38 5011
