chrom begin end count_rpt length_rpt count_SINE length_SINE count_DNA length_DNA count_TcM length_TcM count_LINE length_LINE count_LTR length_LTR count_nonLTR length_nonLTR
LR999926.1	1	100000	157 24414 7 1153 14	2390	2	378	12	2390	22	4448	21	4385
LR999926.1	100001	200000	127 19591 10 2423 6	1351	0		3	1351	11	5414	8	2798
LR999926.1	200001	300000	93 12420 3 227 8	769	1	73	1	769	4	5211	4	5211
LR999926.1	300001	400000	100 15985 7 1567 6	1160	3	351	7	1160	12	7562	11	7521
LR999926.1	400001	500000	47 4225 0  2	252	0		0	252	4	1679	4	1679
LR999926.1	500001	600000	82 6437 11 1991 1	96	0		1	96	3	317	2	284
LR999926.1	600001	700000	168 24612 17 3535 10	1849	0		11	1849	24	8087	19	7361
LR999926.1	700001	800000	136 13027 17 2910 7	852	0		5	852	21	2509	17	2130
LR999926.1	800001	900000	127 23057 12 2043 4	520	0		7	520	20	8422	20	8422
LR999926.1	900001	1000000	146 21106 30 5450 9	685	0		8	685	22	7950	20	7821
LR999926.1	1000001	1100000	124 11996 14 2346 12	971	0		2	971	17	3561	14	3341
LR999926.1	1100001	1200000	115 16059 16 2895 12	1133	0		8	1133	14	4862	10	2773
LR999926.1	1200001	1300000	110 16876 13 2572 5	498	0		4	498	14	7878	9	2957
LR999926.1	1300001	1400000	115 15743 16 2739 6	1045	0		3	1045	17	5659	13	5342
LR999926.1	1400001	1500000	143 18324 22 4120 9	749	0		7	749	16	5381	14	5266
LR999926.1	1500001	1600000	146 17149 21 4002 12	853	0		9	853	22	2370	19	2109
LR999926.1	1600001	1700000	167 21685 25 4430 10	808	0		12	808	18	3736	16	3594
LR999926.1	1700001	1800000	180 24820 43 7993 9	940	3	175	6	940	34	9320	25	3354
LR999926.1	1800001	1900000	87 8591 15 2868 6	549	0		2	549	7	1188	6	1104
LR999926.1	1900001	2000000	180 20191 28 5017 16	1847	0		2	1847	15	2690	15	2690
LR999926.1	2000001	2100000	202 24663 32 5480 12	4096	1	102	6	4096	20	2993	20	2993
LR999926.1	2100001	2200000	251 35618 48 9400 17	1441	0		12	1441	31	10904	23	6416
LR999926.1	2200001	2300000	211 41238 37 8377 15	2159	0		18	2159	34	14315	24	9317
LR999926.1	2300001	2400000	205 38409 38 6883 15	1956	1	334	21	1956	53	15331	38	10524
LR999926.1	2400001	2500000	196 28589 57 10756 14	1008	0		11	1008	27	5081	23	4770
LR999926.1	2500001	2600000	164 22788 29 4759 14	2667	2	511	10	2667	20	5324	20	5324
LR999926.1	2600001	2700000	151 14783 28 4400 9	1214	0		6	1214	16	1972	15	1896
LR999926.1	2700001	2800000	206 27947 33 6380 27	4429	0		8	4429	24	5712	23	5644
LR999926.1	2800001	2900000	233 38365 38 6976 15	4713	0		12	4713	33	8705	31	8578
LR999926.1	2900001	3000000	270 35911 56 10552 21	1538	1	79	11	1538	22	6728	21	6650
LR999926.1	3000001	3100000	207 29276 31 6072 14	1724	1	378	16	1724	30	7256	22	5733
LR999926.1	3100001	3200000	208 28480 22 4007 23	2311	2	678	13	2311	17	5003	15	4890
LR999926.1	3200001	3300000	128 13660 18 3161 6	1802	2	1445	4	1802	8	1029	8	1029
LR999926.1	3300001	3400000	169 19410 28 6214 9	1466	0		6	1466	17	1733	14	1455
LR999926.1	3400001	3500000	119 19093 20 3058 10	964	0		3	964	13	9684	11	5490
LR999926.1	3500001	3600000	128 18819 19 3469 14	2591	0		3	2591	16	7113	13	3003
LR999926.1	3600001	3700000	127 13060 18 3749 2	122	0		7	122	8	1283	8	1283
LR999926.1	3700001	3800000	113 11540 8 1565 9	1885	0		3	1885	9	1314	8	1274
LR999926.1	3800001	3900000	154 22091 26 5490 10	1141	2	407	11	1141	17	6424	15	6300
LR999926.1	3900001	4000000	162 22608 30 5825 8	1215	0		9	1215	20	6171	17	4866
LR999926.1	4000001	4100000	118 15177 24 4629 8	1134	0		4	1134	12	3406	10	3231
LR999926.1	4100001	4200000	123 16950 7 1491 12	1071	0		5	1071	11	6376	10	6308
LR999926.1	4200001	4300000	158 28519 20 3544 13	996	0		10	996	18	13797	14	6324
LR999926.1	4300001	4400000	115 12775 12 2400 9	1573	1	403	4	1573	13	2346	10	2113
LR999926.1	4400001	4500000	64 5771 8 1827 1	147	0		4	147	6	705	6	705
LR999926.1	4500001	4600000	61 4872 3 700 7	965	0		1	965	4	348	3	284
LR999926.1	4600001	4700000	92 17250 18 3771 4	442	0		7	442	14	9214	11	8575
LR999926.1	4700001	4800000	102 9996 13 2361 10	847	1	59	3	847	8	1381	8	1381
LR999926.1	4800001	4900000	83 7679 14 2812 3	141	0		2	141	3	169	2	125
LR999926.1	4900001	5000000	108 11012 7 1132 10	1545	3	498	4	1545	14	3027	13	2948
LR999926.1	5000001	5100000	131 16746 12 2396 9	2261	1	1558	8	2261	13	4202	13	4202
LR999926.1	5100001	5200000	185 23147 27 4762 12	2171	1	354	7	2171	30	7154	18	2157
LR999926.1	5200001	5300000	123 11611 16 3463 9	480	0		7	480	4	550	3	468
LR999926.1	5300001	5400000	149 16506 14 2135 18	3641	2	170	4	3641	15	1702	14	1644
LR999926.1	5400001	5500000	178 19690 26 5712 15	1261	0		5	1261	22	2734	21	2646
LR999926.1	5500001	5600000	168 23623 28 5462 11	2283	0		10	2283	16	3271	14	2951
LR999926.1	5600001	5700000	121 10896 11 2139 8	546	0		5	546	5	494	5	494
LR999926.1	5700001	5800000	161 17749 25 3849 14	2115	1	70	9	2115	15	2871	14	2795
LR999926.1	5800001	5900000	154 17340 30 5505 14	2532	2	1605	4	2532	19	2664	18	2605
LR999926.1	5900001	6000000	171 23585 34 5828 11	1134	2	575	8	1134	15	8369	12	8202
LR999926.1	6000001	6100000	117 13836 19 4011 7	594	0		7	594	10	1573	9	1475
LR999926.1	6100001	6200000	127 12877 20 3962 10	757	1	31	1	757	12	1845	11	1758
LR999926.1	6200001	6300000	169 22305 23 4160 12	2164	0		10	2164	19	5641	11	1462
LR999926.1	6300001	6400000	98 8296 9 1355 6	1243	0		4	1243	2	114	2	114
LR999926.1	6400001	6500000	130 16932 19 3667 7	577	0		5	577	17	6288	9	1752
LR999926.1	6500001	6600000	144 19822 18 3927 15	2287	1	166	5	2287	9	1288	6	933
LR999926.1	6600001	6700000	211 36201 24 3815 22	4100	2	498	18	4100	26	7689	26	7689
LR999926.1	6700001	6800000	131 18895 22 4671 6	415	0		12	415	8	3215	8	3215
LR999926.1	6800001	6900000	180 28870 33 6550 12	1663	0		12	1663	26	9662	22	7442
LR999926.1	6900001	7000000	137 17155 13 2501 18	1743	0		4	1743	11	4177	9	4040
LR999926.1	7000001	7100000	102 9671 21 3908 6	573	0		0	573	11	1151	8	917
LR999926.1	7100001	7200000	119 19398 20 3445 9	637	0		13	637	15	8536	8	1864
LR999926.1	7200001	7300000	117 11545 23 3624 7	759	0		9	759	9	1042	8	960
LR999926.1	7300001	7400000	145 20961 22 4697 8	792	0		8	792	17	4451	17	4451
LR999926.1	7400001	7500000	94 10442 14 2594 6	421	0		1	421	14	3257	14	3257
LR999926.1	7500001	7600000	164 27276 13 2146 29	3388	3	474	16	3388	15	6684	11	2007
LR999926.1	7600001	7700000	208 47290 8 1716 20	4999	3	1688	14	4999	51	27504	28	12541
LR999926.1	7700001	7800000	176 21096 35 5325 17	1497	1	39	7	1497	23	2562	20	2307
LR999926.1	7800001	7900000	146 19358 20 2879 8	1025	0		12	1025	13	1614	12	1527
LR999926.1	7900001	8000000	116 12334 13 2472 9	1550	0		2	1550	6	424	5	362
LR999926.1	8000001	8100000	122 14585 22 4473 7	736	0		6	736	16	2641	11	2182
LR999926.1	8100001	8200000	155 18388 33 5843 6	631	0		7	631	17	4094	15	3745
LR999926.1	8200001	8300000	180 21391 32 6591 12	1390	0		5	1390	14	1874	13	1811
LR999926.1	8300001	8400000	150 15160 31 4788 16	1433	0		5	1433	9	955	7	858
LR999926.1	8400001	8500000	166 22066 31 6179 23	3320	0		3	3320	22	5737	15	2783
LR999926.1	8500001	8600000	159 25917 23 4536 17	3016	0		11	3016	20	7041	20	7041
LR999926.1	8600001	8700000	149 18155 34 6463 4	595	0		7	595	16	2515	14	2398
LR999926.1	8700001	8800000	126 12705 14 2928 9	846	0		6	846	14	1641	13	1535
LR999926.1	8800001	8900000	139 19170 20 4309 8	894	1	88	4	894	16	5042	11	4323
LR999926.1	8900001	9000000	178 19668 29 5800 15	1453	0		10	1453	10	1446	10	1446
LR999926.1	9000001	9100000	176 20487 30 4808 12	1272	1	88	8	1272	12	3751	12	3751
LR999926.1	9100001	9200000	107 11799 21 3998 8	766	1	191	11	766	10	1439	8	1266
LR999926.1	9200001	9300000	102 19723 5 1029 18	2540	0		5	2540	10	9123	10	9123
LR999926.1	9300001	9400000	119 14747 12 2790 7	706	2	176	3	706	6	887	5	790
LR999926.1	9400001	9500000	87 12036 7 1758 6	622	1	74	2	622	9	4333	9	4333
LR999926.1	9500001	9600000	85 11516 8 1483 2	276	0		2	276	8	3285	6	3115
LR999926.1	9600001	9700000	114 14510 19 2862 9	1627	2	345	2	1627	8	4319	8	4319
LR999926.1	9700001	9800000	115 10974 5 1008 21	3215	0		3	3215	8	1173	8	1173
LR999926.1	9800001	9900000	142 20950 27 5464 13	1247	1	73	11	1247	11	5601	10	5532
LR999926.1	9900001	10000000	109 11040 14 2191 7	558	0		7	558	6	631	5	593
LR999926.1	10000001	10100000	151 18919 23 4860 17	4202	0		1	4202	18	2185	13	1416
LR999926.1	10100001	10200000	144 23289 21 4299 11	1413	1	38	7	1413	15	6918	15	6918
LR999926.1	10200001	10300000	176 24445 13 2331 15	3107	1	181	15	3107	25	3557	20	3256
LR999926.1	10300001	10400000	225 37207 23 4377 14	2554	2	192	22	2554	21	9106	18	5388
LR999926.1	10400001	10500000	181 21809 36 7404 13	1953	0		9	1953	16	3436	15	3332
LR999926.1	10500001	10600000	157 20587 31 4530 8	681	0		8	681	14	6299	14	6299
LR999926.1	10600001	10700000	129 15811 27 5697 11	1322	0		6	1322	12	1058	11	977
LR999926.1	10700001	10800000	128 14250 22 4151 9	682	1	115	1	682	9	2439	6	1062
LR999926.1	10800001	10900000	172 20078 29 5034 14	1120	0		7	1120	22	5587	17	2355
LR999926.1	10900001	11000000	126 18232 8 1813 15	1982	2	338	4	1982	16	3852	12	1906
LR999926.1	11000001	11100000	106 18162 14 2752 8	1626	0		6	1626	13	5033	9	2257
LR999926.1	11100001	11200000	138 24153 24 3858 4	801	2	665	15	801	19	7247	18	7168
LR999926.1	11200001	11300000	100 10457 16 3157 4	391	0		6	391	12	1595	10	1501
LR999926.1	11300001	11400000	106 15058 13 2366 10	1947	2	851	5	1947	17	5227	16	5173
LR999926.1	11400001	11500000	112 14298 10 2235 4	1632	2	174	3	1632	11	3702	11	3702
LR999926.1	11500001	11600000	183 20367 32 6791 12	711	0		3	711	13	1535	12	1471
LR999926.1	11600001	11700000	147 23551 24 4756 14	1816	1	64	3	1816	14	10073	9	3998
LR999926.1	11700001	11800000	129 14957 16 2911 4	243	0		4	243	9	1753	8	1688
LR999926.1	11800001	11900000	211 27848 30 4769 13	1151	0		12	1151	27	5790	26	5724
LR999926.1	11900001	12000000	276 34171 42 7357 27	3087	0		12	3087	30	5588	23	1987
LR999926.1	12000001	12100000	230 37621 42 7873 16	1759	0		9	1759	29	13593	21	8221
LR999926.1	12100001	12200000	284 36657 32 6282 26	3163	4	748	14	3163	28	6372	27	6214
LR999926.1	12200001	12300000	232 38796 28 4755 19	5141	2	683	6	5141	26	12429	14	7109
LR999926.1	12300001	12400000	235 29026 34 6891 12	855	1	64	4	855	23	3731	21	3522
LR999926.1	12400001	12500000	254 36234 48 10033 21	1659	0		10	1659	29	5726	26	5330
LR999926.1	12500001	12600000	224 31615 39 7984 20	3082	0		10	3082	24	5293	22	5206
LR999926.1	12600001	12700000	245 29036 46 8064 21	1789	2	359	13	1789	30	3361	25	2556
LR999926.1	12700001	12800000	221 28585 33 6036 25	3830	1	54	18	3830	33	7123	31	6935
LR999926.1	12800001	12900000	179 24919 39 8136 11	1328	0		11	1328	19	6146	19	6146
LR999926.1	12900001	13000000	143 21187 31 5314 6	587	0		4	587	25	7384	24	7274
LR999926.1	13000001	13100000	159 17851 21 4940 13	1059	1	70	10	1059	13	3017	11	2797
LR999926.1	13100001	13200000	151 15376 16 3503 14	2509	0		4	2509	16	1894	14	1758
LR999926.1	13200001	13300000	124 18699 23 4722 3	315	0		2	315	14	7157	9	2694
LR999926.1	13300001	13400000	140 13885 22 3117 12	1514	1	344	8	1514	14	1532	12	1384
LR999926.1	13400001	13500000	135 17613 6 1182 12	1039	0		4	1039	19	6357	18	6276
LR999926.1	13500001	13600000	203 25942 32 5599 10	770	0		7	770	39	9610	20	3710
LR999926.1	13600001	13700000	180 24295 34 6492 12	1291	1	44	4	1291	23	7472	14	1723
LR999926.1	13700001	13800000	246 33904 30 5714 26	4149	1	141	10	4149	42	9507	38	8962
LR999926.1	13800001	13900000	214 30794 37 5382 24	3878	1	98	12	3878	14	5090	13	4994
LR999926.1	13900001	14000000	212 38250 38 7732 12	984	0		21	984	29	9947	27	9749
LR999926.1	14000001	14100000	209 25515 54 8191 12	1192	2	205	14	1192	20	3374	20	3374
LR999926.1	14100001	14200000	176 21420 46 8762 9	1497	1	149	12	1497	18	2403	16	2141
LR999926.1	14200001	14300000	199 27768 36 7768 9	1311	1	57	5	1311	23	6781	21	3047
LR999926.1	14300001	14400000	196 27076 41 8006 6	344	0		12	344	39	9833	35	9506
LR999926.1	14400001	14500000	197 26642 35 7071 9	909	0		9	909	23	5962	21	5830
LR999926.1	14500001	14600000	171 26144 28 6451 10	1065	0		14	1065	22	7784	20	4031
LR999926.1	14600001	14700000	216 27165 39 6945 21	2198	1	75	9	2198	28	6481	26	6323
LR999926.1	14700001	14800000	176 27886 34 6953 9	623	0		17	623	16	5210	15	5110
LR999926.1	14800001	14900000	247 36579 43 7510 13	1626	1	143	7	1626	28	9977	26	9766
LR999926.1	14900001	15000000	199 27617 32 5969 11	1666	0		12	1666	32	9086	28	7267
LR999926.1	15000001	15100000	175 25872 24 5210 11	870	1	42	11	870	30	10790	26	9205
LR999926.1	15100001	15200000	224 34451 43 7503 17	7147	1	694	16	7147	28	6923	28	6923
LR999926.1	15200001	15300000	212 41642 35 6552 17	5695	1	265	12	5695	21	9371	20	9307
LR999926.1	15300001	15400000	235 34735 42 6810 16	5743	1	45	18	5743	26	4005	24	3840
LR999926.1	15400001	15500000	197 22380 28 5258 8	611	1	60	11	611	28	3838	25	3550
LR999926.1	15500001	15600000	184 39234 23 3755 13	2141	0		12	2141	43	19216	31	9335
LR999926.1	15600001	15700000	161 27830 32 5320 11	2628	0		6	2628	31	12733	26	9596
LR999926.1	15700001	15800000	175 21055 24 4051 19	2322	1	48	8	2322	24	4565	23	4478
LR999926.1	15800001	15900000	198 23700 32 5223 11	1787	0		12	1787	18	3228	18	3228
LR999926.1	15900001	16000000	141 19101 23 3562 7	578	1	69	10	578	19	8009	19	8009
LR999926.1	16000001	16100000	125 20490 28 3454 6	426	0		5	426	16	10583	15	10514
LR999926.1	16100001	16200000	138 17260 23 3676 8	632	0		4	632	15	4678	14	4620
LR999926.1	16200001	16300000	91 9170 5 563 5	393	0		1	393	8	2754	5	2553
LR999926.1	16300001	16362069	55 7830 7 1355 3	237	0		1	237	10	3458	10	3458
