chrom begin end length_rpt length_SINE length_DNA length_LINE length_LTR length_nonLTR length_simrep
LR999924.1 1 2000000 1158741 146805 108793 885530 17613  
LR999924.1 2000001 4000000 1631928 180786 143117 1271043 36982  
LR999924.1 4000001 6000000 1242644 121712 158268 932893 29771  
LR999924.1 6000001 8000000 937065 150544 124801 637533 24187  
LR999924.1 8000001 10000000 948918 120864 90169 712542 25343  
LR999924.1 10000001 12000000 698294 94395 51943 515161 36795 48 
LR999924.1 12000001 14000000 767362 111599 92071 529324 34368  
LR999924.1 14000001 16000000 928373 156657 80344 647493 43879  
LR999924.1 16000001 17040296 581843 59223 31888 480193 10539  
rm: cannot remove ‘*tmp’: No such file or directory
chrom begin end length_rpt length_SINE length_DNA length_LINE length_LTR length_nonLTR length_simrep
LR999925.1 1 2000000 1771210 224058 148496 1329725 68931  
LR999925.1 2000001 4000000 1389965 189768 71027 1072224 56946  
LR999925.1 4000001 6000000 1020789 174610 87746 732962 25471  
LR999925.1 6000001 8000000 892088 134810 84892 636134 36252  
LR999925.1 8000001 10000000 679741 101431 44578 492181 41551 83 
LR999925.1 10000001 12000000 963832 135443 62006 692598 73785  
LR999925.1 12000001 14000000 1626104 227391 148576 1210046 40091  
LR999925.1 14000001 16000000 1320508 187590 122833 941262 68823  
LR999925.1 16000001 16607008 386502 42761 14072 324967 4702  
rm: cannot remove ‘*tmp’: No such file or directory
chrom begin end length_rpt length_SINE length_DNA length_LINE length_LTR length_nonLTR length_simrep
LR999926.1 1 2000000 921673 111715 91208 666451 52299  
LR999926.1 2000001 4000000 1804029 229975 137791 1366922 69341  
LR999926.1 4000001 6000000 940595 128492 59609 722576 29918  
LR999926.1 6000001 8000000 1155465 139947 135998 800065 79455  
LR999926.1 8000001 10000000 1159642 133816 89692 918378 17756  
LR999926.1 10000001 12000000 1269879 160340 84154 962893 62492  
LR999926.1 12000001 14000000 1928517 231287 163198 1467670 66362  
LR999926.1 14000001 16000000 2163556 252232 142991 1703415 64918  
LR999926.1 16000001 16362069 87454 19318 4933 59232 3971  
rm: cannot remove ‘*tmp’: No such file or directory
chrom begin end length_rpt length_SINE length_DNA length_LINE length_LTR length_nonLTR length_simrep
LR999927.1 1 2000000 1542127 154177 184303 1125915 77732  
LR999927.1 2000001 4000000 1632358 225724 148139 1135670 122825  
LR999927.1 4000001 6000000 953196 105293 79079 688562 80262  
LR999927.1 6000001 8000000 690102 98284 47740 484924 59154  
LR999927.1 8000001 10000000 1655125 169811 112497 1303909 68908  
LR999927.1 10000001 12000000 1511894 181195 148493 1135975 46231  
LR999927.1 12000001 14000000 1776056 226963 178654 1340308 30131  
LR999927.1 14000001 16000000 2113229 212713 191397 1643415 65704  
LR999927.1 16000001 16090551 35762 1177 1784 26855 5946  
rm: cannot remove ‘*tmp’: No such file or directory
chrom begin end length_rpt length_SINE length_DNA length_LINE length_LTR length_nonLTR length_simrep
LR999928.1 1 2000000 2055124 219676 127034 1602907 105507  
LR999928.1 2000001 4000000 1214995 190040 116072 883389 25494  
LR999928.1 4000001 6000000 1463153 174361 76261 1167008 45523  
LR999928.1 6000001 8000000 845666 100826 64365 665693 14782  
LR999928.1 8000001 10000000 866115 121033 49055 649961 46066  
LR999928.1 10000001 12000000 1269060 141423 95377 989921 42339  
LR999928.1 12000001 14000000 1782956 208484 161900 1377725 34847  
LR999928.1 14000001 16000000 1773585 192442 149967 1392411 38765  
LR999928.1 16000001 16000791       
rm: cannot remove ‘*tmp’: No such file or directory
chrom begin end length_rpt length_SINE length_DNA length_LINE length_LTR length_nonLTR length_simrep
LR999929.1 1 2000000 1667278 182067 172234 1261407 51570  
LR999929.1 2000001 4000000 1618168 166298 96353 1290546 64971  
LR999929.1 4000001 6000000 1097203 154428 114852 755440 72483  
LR999929.1 6000001 8000000 1764712 179827 110268 1446799 27818  
LR999929.1 8000001 10000000 1381914 172410 96560 1059607 53337  
LR999929.1 10000001 12000000 2195360 201021 202508 1716517 75314  
LR999929.1 12000001 14000000 1109494 165518 106683 788321 48972  
LR999929.1 14000001 15952094 2452323 256880 231475 1916715 47253  
rm: cannot remove ‘*tmp’: No such file or directory
chrom begin end length_rpt length_SINE length_DNA length_LINE length_LTR length_nonLTR length_simrep
LR999930.1 1 2000000 1688130 204200 118641 1315750 49539  
LR999930.1 2000001 4000000 861651 134338 71170 634019 22124  
LR999930.1 4000001 6000000 1009074 134001 110319 734393 30361  
LR999930.1 6000001 8000000 850797 107620 93966 595726 53485  
LR999930.1 8000001 10000000 906079 134888 65921 621355 83915  
LR999930.1 10000001 12000000 1702725 236424 128798 1288266 49237  
LR999930.1 12000001 14000000 2122669 273711 209666 1576216 63076  
LR999930.1 14000001 15715213 1705385 197914 106370 1325686 75415  
rm: cannot remove ‘*tmp’: No such file or directory
chrom begin end length_rpt length_SINE length_DNA length_LINE length_LTR length_nonLTR length_simrep
LR999931.1 1 2000000 1580836 190931 95643 1245012 49250  
LR999931.1 2000001 4000000 2073842 266553 183690 1568200 55399  
LR999931.1 4000001 6000000 962792 127752 81415 730164 23461  
LR999931.1 6000001 8000000 801971 99776 92611 574339 35245  
LR999931.1 8000001 10000000 591612 111829 42411 414843 22529  
LR999931.1 10000001 12000000 694343 89205 82685 492927 29526  
LR999931.1 12000001 14000000 1395300 179939 164546 1024445 26370  
LR999931.1 14000001 15572524 933119 106462 65856 714706 46095  
rm: cannot remove ‘*tmp’: No such file or directory
chrom begin end length_rpt length_SINE length_DNA length_LINE length_LTR length_nonLTR length_simrep
LR999932.1 1 2000000 2241654 259652 208737 1695838 77427 102 
LR999932.1 2000001 4000000 2716183 234102 242968 2179980 59133  
LR999932.1 4000001 6000000 2160797 283512 186359 1651175 39751  
LR999932.1 6000001 8000000 877109 110943 120665 591721 53780  
LR999932.1 8000001 10000000 826563 107944 41223 622369 55027  
LR999932.1 10000001 12000000 844759 140877 83199 580808 39875  
LR999932.1 12000001 14000000 2137500 246813 171691 1642191 76805  
LR999932.1 14000001 15426761 1316289 141785 112701 1023547 38256  
rm: cannot remove ‘*tmp’: No such file or directory
chrom begin end length_rpt length_SINE length_DNA length_LINE length_LTR length_nonLTR length_simrep
LR999933.1 1 2000000 2642508 278474 183907 2111687 68440  
LR999933.1 2000001 4000000 1924118 232530 160107 1481712 49769  
LR999933.1 4000001 6000000 1527739 178860 116848 1189595 42436  
LR999933.1 6000001 8000000 800224 110709 49581 598806 41128  
LR999933.1 8000001 10000000 1035803 124614 90721 787502 32966  
LR999933.1 10000001 12000000 1300803 169439 131752 939593 60019  
LR999933.1 12000001 14000000 2349188 244987 198595 1847767 57839  
LR999933.1 14000001 15296561 710161 104174 58810 521404 25773  
rm: cannot remove ‘*tmp’: No such file or directory
chrom begin end length_rpt length_SINE length_DNA length_LINE length_LTR length_nonLTR length_simrep
LR999934.1 1 2000000 2552382 266077 213202 2029362 43741  
LR999934.1 2000001 4000000 1629379 120354 179602 1234073 95350  
LR999934.1 4000001 6000000 1818827 134689 220956 1369395 93787  
LR999934.1 6000001 8000000 2006897 207067 145503 1596803 57524  
LR999934.1 8000001 10000000 1585718 185259 151617 1189082 59760  
LR999934.1 10000001 12000000 1838565 202863 192361 1410680 32661  
LR999934.1 12000001 14000000 2371557 284490 239926 1805945 41196  
LR999934.1 14000001 14945938 961429 106137 102358 725132 27802  
rm: cannot remove ‘*tmp’: No such file or directory
chrom begin end length_rpt length_SINE length_DNA length_LINE length_LTR length_nonLTR length_simrep
LR999935.1 1 2000000 1264242 156893 91147 957079 59123  
LR999935.1 2000001 4000000 1400208 182624 118356 1065703 33525  
LR999935.1 4000001 6000000 1175944 144525 115358 897612 18449  
LR999935.1 6000001 8000000 624152 71314 59094 474054 19690  
LR999935.1 8000001 10000000 1057191 132531 84993 807748 31919  
LR999935.1 10000001 12000000 1246720 207467 109877 885606 43770  
LR999935.1 12000001 14000000 1496107 222341 82034 1151795 39937  
LR999935.1 14000001 14868897 412701 63684 59641 275459 13917  
rm: cannot remove ‘*tmp’: No such file or directory
chrom begin end length_rpt length_SINE length_DNA length_LINE length_LTR length_nonLTR length_simrep
LR999936.1 1 2000000 1342816 169018 99296 1048481 26021  
LR999936.1 2000001 4000000 2417506 310937 150309 1913341 42919  
LR999936.1 4000001 6000000 885496 137156 110810 596805 40725 63 
LR999936.1 6000001 8000000 1289705 147378 70382 1000984 70961  
LR999936.1 8000001 10000000 1734543 175583 186338 1322499 50123  
LR999936.1 10000001 12000000 1940340 220646 135890 1521737 62067  
LR999936.1 12000001 14000000 2425008 243098 238275 1872841 70794  
LR999936.1 14000001 14774369 908006 84016 83046 678699 62245  
rm: cannot remove ‘*tmp’: No such file or directory
chrom begin end length_rpt length_SINE length_DNA length_LINE length_LTR length_nonLTR length_simrep
LR999937.1 1 2000000 2461585 228339 171786 1973848 87612  
LR999937.1 2000001 4000000 2454055 306722 208814 1860047 78472  
LR999937.1 4000001 6000000 1503306 160182 122955 1194880 25289  
LR999937.1 6000001 8000000 1148822 145729 139020 809708 54365 87 
LR999937.1 8000001 10000000 1183858 148343 139122 826966 69427  
LR999937.1 10000001 12000000 1154239 150019 118287 852105 33828  
LR999937.1 12000001 14000000 2142694 267508 140178 1661190 73818  
LR999937.1 14000001 14615999 452816 75003 11366 335753 30694  
rm: cannot remove ‘*tmp’: No such file or directory
chrom begin end length_rpt length_SINE length_DNA length_LINE length_LTR length_nonLTR length_simrep
LR999938.1 1 2000000 2343934 292733 214918 1756228 80055  
LR999938.1 2000001 4000000 1926156 240018 179876 1447124 59138  
LR999938.1 4000001 6000000 1623873 237301 139862 1190111 56599  
LR999938.1 6000001 8000000 1290430 180525 70873 1001518 37514  
LR999938.1 8000001 10000000 732184 79388 56505 546366 49925  
LR999938.1 10000001 12000000 1000336 113882 77903 781803 26748  
LR999938.1 12000001 14000000 1890826 250464 173052 1388609 78701  
LR999938.1 14000001 14605406 507784 50337 35449 417402 4596  
rm: cannot remove ‘*tmp’: No such file or directory
chrom begin end length_rpt length_SINE length_DNA length_LINE length_LTR length_nonLTR length_simrep
LR999939.1 1 2000000 1882918 245843 170375 1438837 27863 70 
LR999939.1 2000001 4000000 2163088 288984 195004 1620745 58355  
LR999939.1 4000001 6000000 1347283 182741 89834 1044822 29886  
LR999939.1 6000001 8000000 846550 120928 75171 600801 49650  
LR999939.1 8000001 10000000 971388 154089 51827 740591 24881  
LR999939.1 10000001 12000000 1695915 172449 131524 1330196 61746  
LR999939.1 12000001 13916383 2413768 258001 209985 1900479 45303  
rm: cannot remove ‘*tmp’: No such file or directory
chrom begin end length_rpt length_SINE length_DNA length_LINE length_LTR length_nonLTR length_simrep
LR999940.1 1 2000000 1872840 12751 65585 1319634 474870  
LR999940.1 2000001 4000000 1843620 18048 100933 1198888 525751  
LR999940.1 4000001 6000000 1823173 21183 131856 1143635 526499  
LR999940.1 6000001 8000000 1538929 18847 114067 947559 458456  
LR999940.1 8000001 10000000 1953386 20023 79830 1277935 575598  
LR999940.1 10000001 12000000 1853306 18551 75970 1264833 493952  
LR999940.1 12000001 13819298 1728064 15571 57305 1168336 486852  
rm: cannot remove ‘*tmp’: No such file or directory
chrom begin end length_rpt length_SINE length_DNA length_LINE length_LTR length_nonLTR length_simrep
LR999941.1 1 2000000 1682653 201299 134183 1315344 31827  
LR999941.1 2000001 4000000 1724589 211110 176190 1272086 65203  
LR999941.1 4000001 6000000 1529590 220983 104265 1173750 30592  
LR999941.1 6000001 8000000 1296055 141545 80712 1004189 69609  
LR999941.1 8000001 10000000 1149147 130000 88782 913326 17039  
LR999941.1 10000001 12000000 1653275 213374 147494 1258280 34127  
LR999941.1 12000001 13774036 1693061 213188 145144 1292467 42262  
rm: cannot remove ‘*tmp’: No such file or directory
chrom begin end length_rpt length_SINE length_DNA length_LINE length_LTR length_nonLTR length_simrep
LR999942.1 1 2000000 2052020 267684 163809 1572501 48026  
LR999942.1 2000001 4000000 2098350 227222 183869 1651732 35527 41 
LR999942.1 4000001 6000000 784581 118820 61156 572664 31941  
LR999942.1 6000001 8000000 1289689 162027 121339 949731 56592  
LR999942.1 8000001 10000000 1959267 205556 143821 1557485 52405  
LR999942.1 10000001 12000000 1832229 242917 165317 1388085 35910  
LR999942.1 12000001 13550656 1404916 152166 97859 1123421 31470  
rm: cannot remove ‘*tmp’: No such file or directory
chrom begin end length_rpt length_SINE length_DNA length_LINE length_LTR length_nonLTR length_simrep
LR999943.1 1 2000000 2410013 238612 219141 1857834 94426  
LR999943.1 2000001 4000000 1776370 241456 193057 1305221 36636  
LR999943.1 4000001 6000000 1206640 165644 77989 913122 49885  
LR999943.1 6000001 8000000 1401925 195211 71144 1073961 61609  
LR999943.1 8000001 10000000 1616659 188725 151310 1248001 28623  
LR999943.1 10000001 12000000 2275833 232983 194583 1808803 39464  
LR999943.1 12000001 13236624 1204026 165858 113341 883490 41337  
rm: cannot remove ‘*tmp’: No such file or directory
chrom begin end length_rpt length_SINE length_DNA length_LINE length_LTR length_nonLTR length_simrep
LR999944.1 1 2000000 2726877 270203 249445 2105712 101517  
LR999944.1 2000001 4000000 2547782 273770 393058 1768562 112392  
LR999944.1 4000001 6000000 1959810 199379 144504 1576146 39781  
LR999944.1 6000001 8000000 1729891 178750 144372 1223651 183118  
LR999944.1 8000001 10000000 1785726 236656 170298 1348870 29902  
LR999944.1 10000001 12000000 2063981 237216 223278 1468001 135486  
LR999944.1 12000001 12933853 367175 43163 42318 272066 9628  
rm: cannot remove ‘*tmp’: No such file or directory
chrom begin end length_rpt length_SINE length_DNA length_LINE length_LTR length_nonLTR length_simrep
LR999945.1 1 2000000 1757711 196102 151833 1375383 34393  
LR999945.1 2000001 4000000 2524524 263558 196949 2013391 50626  
LR999945.1 4000001 6000000 1364151 132819 155451 1042959 32922  
LR999945.1 6000001 8000000 1666641 220483 164818 1239123 42217  
LR999945.1 8000001 10000000 1409195 183248 126083 1042519 57345  
LR999945.1 10000001 12000000 2119061 270944 207116 1586340 54661  
LR999945.1 12000001 12861081 990085 88145 39029 827821 35090  
rm: cannot remove ‘*tmp’: No such file or directory
chrom begin end length_rpt length_SINE length_DNA length_LINE length_LTR length_nonLTR length_simrep
LR999946.1 1 2000000 2370424 192777 228250 1837907 111490  
LR999946.1 2000001 4000000 2983275 344309 202734 2368848 67384  
LR999946.1 4000001 6000000 1952824 202396 192312 1533167 24949  
LR999946.1 6000001 8000000 1381672 192202 107035 1032526 49909  
LR999946.1 8000001 10000000 1814105 208116 115760 1441575 48654  
LR999946.1 10000001 12000000 2355862 250457 149409 1907583 48413  
LR999946.1 12000001 12594674 312062 40361 15877 247567 8257  
rm: cannot remove ‘*tmp’: No such file or directory
chrom begin end length_rpt length_SINE length_DNA length_LINE length_LTR length_nonLTR length_simrep
LR999947.1 1 2000000 3032477 297989 287294 2382256 64938 51 
LR999947.1 2000001 4000000 2938014 315960 198750 2388125 35179  
LR999947.1 4000001 6000000 2337908 279998 162244 1816830 78836  
LR999947.1 6000001 8000000 2702020 290445 309018 2028794 73763  
LR999947.1 8000001 10000000 2942659 339252 195894 2368382 39131  
LR999947.1 10000001 11704087 2373696 247912 164849 1913983 46952  
rm: cannot remove ‘*tmp’: No such file or directory
chrom begin end length_rpt length_SINE length_DNA length_LINE length_LTR length_nonLTR length_simrep
LR999948.1 1 2000000 2987656 265562 241619 2394214 86261  
LR999948.1 2000001 4000000 2352312 239264 286367 1742796 83885  
LR999948.1 4000001 6000000 2269588 261818 201875 1734531 71364  
LR999948.1 6000001 8000000 1746868 215432 145768 1355140 30528  
LR999948.1 8000001 10000000 3171784 313588 344698 2473467 40031  
LR999948.1 10000001 11326783 1575112 194594 124998 1224596 30924  
rm: cannot remove ‘*tmp’: No such file or directory
chrom begin end length_rpt length_SINE length_DNA length_LINE length_LTR length_nonLTR length_simrep
LR999949.1 1 2000000 2063520 212699 195852 1605396 49573  
LR999949.1 2000001 4000000 2127446 254760 200114 1630267 42305  
LR999949.1 4000001 6000000 2010271 219474 243587 1480801 66409  
LR999949.1 6000001 8000000 2176407 200931 371350 1527858 76268  
LR999949.1 8000001 10000000 4164926 381198 400651 3316397 66680  
LR999949.1 10000001 11199261 1652409 158320 151977 1302611 39501  
rm: cannot remove ‘*tmp’: No such file or directory
chrom begin end length_rpt length_SINE length_DNA length_LINE length_LTR length_nonLTR length_simrep
LR999950.1 1 2000000 2081923 254554 193367 1563762 70240  
LR999950.1 2000001 4000000 2266230 228985 200354 1779746 57145  
LR999950.1 4000001 6000000 2227330 238072 141216 1810481 37561  
LR999950.1 6000001 8000000 1874014 264463 128085 1435796 45670  
LR999950.1 8000001 9960137 2383096 305196 173513 1832267 72120  
rm: cannot remove ‘*tmp’: No such file or directory
chrom begin end length_rpt length_SINE length_DNA length_LINE length_LTR length_nonLTR length_simrep
LR999951.1 1 2000000 3647740 383255 295158 2922051 47276  
LR999951.1 2000001 4000000 2455864 249109 223648 1869407 113700 73 
LR999951.1 4000001 6000000 3296556 326923 290442 2611357 67834  
LR999951.1 6000001 8000000 2863704 356791 343371 2107301 56241  
LR999951.1 8000001 9839934 2021922 233942 149923 1595796 42261  
rm: cannot remove ‘*tmp’: No such file or directory
chrom begin end length_rpt length_SINE length_DNA length_LINE length_LTR length_nonLTR length_simrep
LR999952.1 1 2000000 3278224 341601 355176 2499590 81857  
LR999952.1 2000001 4000000 3213850 353286 295661 2522536 42367  
LR999952.1 4000001 6000000 3331773 291413 348246 2635970 56144  
LR999952.1 6000001 8000000 3439164 379267 420171 2572960 66766  
LR999952.1 8000001 8262369 99827 8989 2143 81231 7464  
rm: cannot remove ‘*tmp’: No such file or directory
chrom begin end length_rpt length_SINE length_DNA length_LINE length_LTR length_nonLTR length_simrep
LR999953.1 1 2000000 3557911 368698 532762 2596409 60042  
LR999953.1 2000001 4000000 2519557 229884 437103 1669491 183079  
LR999953.1 4000001 6000000 2635668 216609 365398 1908269 145392  
LR999953.1 6000001 8000000 4621426 365799 707291 3461651 86685  
LR999953.1 8000001 8178468 317934 32374 32339 250487 2734  
rm: cannot remove ‘*tmp’: No such file or directory
chrom begin end length_rpt length_SINE length_DNA length_LINE length_LTR length_nonLTR length_simrep
LR999954.1 1 2000000 3720599 327216 491646 2805595 96142  
LR999954.1 2000001 4000000 4120403 400185 476677 3165904 77637  
LR999954.1 4000001 6000000 4394239 481441 526916 3338545 47337  
LR999954.1 6000001 7379297 2379064 205921 331491 1781935 59717  
rm: cannot remove ‘*tmp’: No such file or directory
chrom begin end length_rpt length_SINE length_DNA length_LINE length_LTR length_nonLTR length_simrep
LR999955.1 1 2000000 4890501 486736 746516 3539551 117698  
LR999955.1 2000001 4000000 3532269 317620 634488 2445924 134237 46 
LR999955.1 4000001 6000000 3692325 342604 540620 2684170 124931  
LR999955.1 6000001 6166334 112639 3505 5736 77099 26299  
