chrom begin end CDS_length	146805  108793  885530  17613
LR999924.1 1 2000000 116658	180786  143117  1271043  36982
LR999924.1 2000001 4000000 36238	121712  158268  932893  29771
LR999924.1 4000001 6000000 104206	150544  124801  637533  24187
LR999924.1 6000001 8000000 105762	120864  90169  712542  25343
LR999924.1 8000001 10000000 122558	94395  51943  515161  36795
LR999924.1 10000001 12000000 87691	111599  92071  529324  34368
LR999924.1 12000001 14000000 61772	156657  80344  647493  43879
LR999924.1 14000001 16000000 111141	59223  31888  480193  10539
LR999924.1 16000001 17040296 46048	224058  148496  1329725  68931
LR999925.1 1 2000000 44984	189768  71027  1072224  56946
LR999925.1 2000001 4000000 94168	174610  87746  732962  25471
LR999925.1 4000001 6000000 116124	134810  84892  636134  36252
LR999925.1 6000001 8000000 143376	101431  44578  492181  41551
LR999925.1 8000001 10000000 101537	135443  62006  692598  73785
LR999925.1 10000001 12000000 114460	227391  148576  1210046  40091
LR999925.1 12000001 14000000 65332	187590  122833  941262  68823
LR999925.1 14000001 16000000 125484	42761  14072  324967  4702
LR999925.1 16000001 16607008 14057	111715  91208  666451  52299
LR999926.1 1 2000000 133039	229975  137791  1366922  69341
LR999926.1 2000001 4000000 65698	128492  59609  722576  29918
LR999926.1 4000001 6000000 126527	139947  135998  800065  79455
LR999926.1 6000001 8000000 116917	133816  89692  918378  17756
LR999926.1 8000001 10000000 178760	160340  84154  962893  62492
LR999926.1 10000001 12000000 135925	231287  163198  1467670  66362
LR999926.1 12000001 14000000 80680	252232  142991  1703415  64918
LR999926.1 14000001 16000000 13505	19318  4933  59232  3971
LR999926.1 16000001 16362069 13653	154177  184303  1125915  77732
LR999927.1 1 2000000 112496	225724  148139  1135670  122825
LR999927.1 2000001 4000000 62033	105293  79079  688562  80262
LR999927.1 4000001 6000000 65483	98284  47740  484924  59154
LR999927.1 6000001 8000000 61537	169811  112497  1303909  68908
LR999927.1 8000001 10000000 57577	181195  148493  1135975  46231
LR999927.1 10000001 12000000 57406	226963  178654  1340308  30131
LR999927.1 12000001 14000000 50897	212713  191397  1643415  65704
LR999927.1 14000001 16000000 82000	1177  1784  26855  5946
LR999927.1 16000001 16090551 8495	219676  127034  1602907  105507
LR999928.1 1 2000000 57651	190040  116072  883389  25494
LR999928.1 2000001 4000000 40253	174361  76261  1167008  45523
LR999928.1 4000001 6000000 79287	100826  64365  665693  14782
LR999928.1 6000001 8000000 167999	121033  49055  649961  46066
LR999928.1 8000001 10000000 106592	141423  95377  989921  42339
LR999928.1 10000001 12000000 49048	208484  161900  1377725  34847
LR999928.1 12000001 14000000 42741	192442  149967  1392411  38765
LR999928.1 14000001 16000000 84687	      
LR999928.1 16000001 16000791 0	182067  172234  1261407  51570
LR999929.1 1 2000000 78949	166298  96353  1290546  64971
LR999929.1 2000001 4000000 39228	154428  114852  755440  72483
LR999929.1 4000001 6000000 84869	179827  110268  1446799  27818
LR999929.1 6000001 8000000 69864	172410  96560  1059607  53337
LR999929.1 8000001 10000000 111104	201021  202508  1716517  75314
LR999929.1 10000001 12000000 57216	165518  106683  788321  48972
LR999929.1 12000001 14000000 131512	256880  231475  1916715  47253
LR999929.1 14000001 15952094 72294	204200  118641  1315750  49539
LR999930.1 1 2000000 31204	134338  71170  634019  22124
LR999930.1 2000001 4000000 113142	134001  110319  734393  30361
LR999930.1 4000001 6000000 75331	107620  93966  595726  53485
LR999930.1 6000001 8000000 116645	134888  65921  621355  83915
LR999930.1 8000001 10000000 93319	236424  128798  1288266  49237
LR999930.1 10000001 12000000 42255	273711  209666  1576216  63076
LR999930.1 12000001 14000000 86172	197914  106370  1325686  75415
LR999930.1 14000001 15715213 35188	190931  95643  1245012  49250
LR999931.1 1 2000000 88355	266553  183690  1568200  55399
LR999931.1 2000001 4000000 38181	127752  81415  730164  23461
LR999931.1 4000001 6000000 151865	99776  92611  574339  35245
LR999931.1 6000001 8000000 149552	111829  42411  414843  22529
LR999931.1 8000001 10000000 148939	89205  82685  492927  29526
LR999931.1 10000001 12000000 218495	179939  164546  1024445  26370
LR999931.1 12000001 14000000 42079	106462  65856  714706  46095
LR999931.1 14000001 15572524 54616	259652  208737  1695838  77427
LR999932.1 1 2000000 61476	234102  242968  2179980  59133
LR999932.1 2000001 4000000 74752	283512  186359  1651175  39751
LR999932.1 4000001 6000000 136002	110943  120665  591721  53780
LR999932.1 6000001 8000000 124701	107944  41223  622369  55027
LR999932.1 8000001 10000000 62344	140877  83199  580808  39875
LR999932.1 10000001 12000000 80508	246813  171691  1642191  76805
LR999932.1 12000001 14000000 77309	141785  112701  1023547  38256
LR999932.1 14000001 15426761 83625	278474  183907  2111687  68440
LR999933.1 1 2000000 49594	232530  160107  1481712  49769
LR999933.1 2000001 4000000 67164	178860  116848  1189595  42436
LR999933.1 4000001 6000000 61821	110709  49581  598806  41128
LR999933.1 6000001 8000000 95018	124614  90721  787502  32966
LR999933.1 8000001 10000000 77424	169439  131752  939593  60019
LR999933.1 10000001 12000000 129182	244987  198595  1847767  57839
LR999933.1 12000001 14000000 47219	104174  58810  521404  25773
LR999933.1 14000001 15296561 40413	266077  213202  2029362  43741
LR999934.1 1 2000000 41664	120354  179602  1234073  95350
LR999934.1 2000001 4000000 25121	134689  220956  1369395  93787
LR999934.1 4000001 6000000 39726	207067  145503  1596803  57524
LR999934.1 6000001 8000000 50538	185259  151617  1189082  59760
LR999934.1 8000001 10000000 110708	202863  192361  1410680  32661
LR999934.1 10000001 12000000 137554	284490  239926  1805945  41196
LR999934.1 12000001 14000000 101204	106137  102358  725132  27802
LR999934.1 14000001 14945938 48426	156893  91147  957079  59123
LR999935.1 1 2000000 121380	182624  118356  1065703  33525
LR999935.1 2000001 4000000 85734	144525  115358  897612  18449
LR999935.1 4000001 6000000 66228	71314  59094  474054  19690
LR999935.1 6000001 8000000 224335	132531  84993  807748  31919
LR999935.1 8000001 10000000 110410	207467  109877  885606  43770
LR999935.1 10000001 12000000 96536	222341  82034  1151795  39937
LR999935.1 12000001 14000000 86494	63684  59641  275459  13917
LR999935.1 14000001 14868897 9803	169018  99296  1048481  26021
LR999936.1 1 2000000 94357	310937  150309  1913341  42919
LR999936.1 2000001 4000000 72390	137156  110810  596805  40725
LR999936.1 4000001 6000000 150419	147378  70382  1000984  70961
LR999936.1 6000001 8000000 58993	175583  186338  1322499  50123
LR999936.1 8000001 10000000 77461	220646  135890  1521737  62067
LR999936.1 10000001 12000000 51042	243098  238275  1872841  70794
LR999936.1 12000001 14000000 59388	84016  83046  678699  62245
LR999936.1 14000001 14774369 5601	228339  171786  1973848  87612
LR999937.1 1 2000000 63801	306722  208814  1860047  78472
LR999937.1 2000001 4000000 45825	160182  122955  1194880  25289
LR999937.1 4000001 6000000 89210	145729  139020  809708  54365
LR999937.1 6000001 8000000 70406	148343  139122  826966  69427
LR999937.1 8000001 10000000 28568	150019  118287  852105  33828
LR999937.1 10000001 12000000 66672	267508  140178  1661190  73818
LR999937.1 12000001 14000000 54088	75003  11366  335753  30694
LR999937.1 14000001 14615999 22641	292733  214918  1756228  80055
LR999938.1 1 2000000 35176	240018  179876  1447124  59138
LR999938.1 2000001 4000000 60920	237301  139862  1190111  56599
LR999938.1 4000001 6000000 29787	180525  70873  1001518  37514
LR999938.1 6000001 8000000 51139	79388  56505  546366  49925
LR999938.1 8000001 10000000 77316	113882  77903  781803  26748
LR999938.1 10000001 12000000 67971	250464  173052  1388609  78701
LR999938.1 12000001 14000000 84284	50337  35449  417402  4596
LR999938.1 14000001 14605406 28159	245843  170375  1438837  27863
LR999939.1 1 2000000 59909	288984  195004  1620745  58355
LR999939.1 2000001 4000000 32417	182741  89834  1044822  29886
LR999939.1 4000001 6000000 58153	120928  75171  600801  49650
LR999939.1 6000001 8000000 92563	154089  51827  740591  24881
LR999939.1 8000001 10000000 86941	172449  131524  1330196  61746
LR999939.1 10000001 12000000 82258	258001  209985  1900479  45303
LR999939.1 12000001 13916383 44990	12751  65585  1319634  474870
LR999940.1 1 2000000	18048  100933  1198888  525751
LR999940.1 2000001 4000000	21183  131856  1143635  526499
LR999940.1 4000001 6000000	18847  114067  947559  458456
LR999940.1 6000001 8000000	20023  79830  1277935  575598
LR999940.1 8000001 10000000	18551  75970  1264833  493952
LR999940.1 10000001 12000000	15571  57305  1168336  486852
LR999940.1 12000001 13819298	201299  134183  1315344  31827
LR999941.1 1 2000000 56617	211110  176190  1272086  65203
LR999941.1 2000001 4000000 63225	220983  104265  1173750  30592
LR999941.1 4000001 6000000 71862	141545  80712  1004189  69609
LR999941.1 6000001 8000000 146402	130000  88782  913326  17039
LR999941.1 8000001 10000000 129767	213374  147494  1258280  34127
LR999941.1 10000001 12000000 69627	213188  145144  1292467  42262
LR999941.1 12000001 13774036 75178	267684  163809  1572501  48026
LR999942.1 1 2000000 37842	227222  183869  1651732  35527
LR999942.1 2000001 4000000 77317	118820  61156  572664  31941
LR999942.1 4000001 6000000 137123	162027  121339  949731  56592
LR999942.1 6000001 8000000 76415	205556  143821  1557485  52405
LR999942.1 8000001 10000000 70893	242917  165317  1388085  35910
LR999942.1 10000001 12000000 78094	152166  97859  1123421  31470
LR999942.1 12000001 13550656 60104	238612  219141  1857834  94426
LR999943.1 1 2000000 57359	241456  193057  1305221  36636
LR999943.1 2000001 4000000 100579	165644  77989  913122  49885
LR999943.1 4000001 6000000 101658	195211  71144  1073961  61609
LR999943.1 6000001 8000000 88861	188725  151310  1248001  28623
LR999943.1 8000001 10000000 112832	232983  194583  1808803  39464
LR999943.1 10000001 12000000 48995	165858  113341  883490  41337
LR999943.1 12000001 13236624 24508	270203  249445  2105712  101517
LR999944.1 1 2000000 50014	273770  393058  1768562  112392
LR999944.1 2000001 4000000 42478	199379  144504  1576146  39781
LR999944.1 4000001 6000000 57826	178750  144372  1223651  183118
LR999944.1 6000001 8000000 55860	236656  170298  1348870  29902
LR999944.1 8000001 10000000 45380	237216  223278  1468001  135486
LR999944.1 10000001 12000000 45418	43163  42318  272066  9628
LR999944.1 12000001 12933853 40291	196102  151833  1375383  34393
LR999945.1 1 2000000 97366	263558  196949  2013391  50626
LR999945.1 2000001 4000000 66313	132819  155451  1042959  32922
LR999945.1 4000001 6000000 159280	220483  164818  1239123  42217
LR999945.1 6000001 8000000 115584	183248  126083  1042519  57345
LR999945.1 8000001 10000000 88196	270944  207116  1586340  54661
LR999945.1 10000001 12000000 34829	88145  39029  827821  35090
LR999945.1 12000001 12861081 10823	192777  228250  1837907  111490
LR999946.1 1 2000000 72637	344309  202734  2368848  67384
LR999946.1 2000001 4000000 47398	202396  192312  1533167  24949
LR999946.1 4000001 6000000 87632	192202  107035  1032526  49909
LR999946.1 6000001 8000000 133317	208116  115760  1441575  48654
LR999946.1 8000001 10000000 59301	250457  149409  1907583  48413
LR999946.1 10000001 12000000 40930	40361  15877  247567  8257
LR999946.1 12000001 12594674 20015	297989  287294  2382256  64938
LR999947.1 1 2000000 49166	315960  198750  2388125  35179
LR999947.1 2000001 4000000 30402	279998  162244  1816830  78836
LR999947.1 4000001 6000000 54633	290445  309018  2028794  73763
LR999947.1 6000001 8000000 43643	339252  195894  2368382  39131
LR999947.1 8000001 10000000 54169	247912  164849  1913983  46952
LR999947.1 10000001 11704087 40283	265562  241619  2394214  86261
LR999948.1 1 2000000 37174	239264  286367  1742796  83885
LR999948.1 2000001 4000000 50038	261818  201875  1734531  71364
LR999948.1 4000001 6000000 48738	215432  145768  1355140  30528
LR999948.1 6000001 8000000 66021	313588  344698  2473467  40031
LR999948.1 8000001 10000000 47130	194594  124998  1224596  30924
LR999948.1 10000001 11326783 43866	212699  195852  1605396  49573
LR999949.1 1 2000000 70698	254760  200114  1630267  42305
LR999949.1 2000001 4000000 55408	219474  243587  1480801  66409
LR999949.1 4000001 6000000 71832	200931  371350  1527858  76268
LR999949.1 6000001 8000000 75817	381198  400651  3316397  66680
LR999949.1 8000001 10000000 52271	158320  151977  1302611  39501
LR999949.1 10000001 11199261 50060	254554  193367  1563762  70240
LR999950.1 1 2000000 73833	228985  200354  1779746  57145
LR999950.1 2000001 4000000 66279	238072  141216  1810481  37561
LR999950.1 4000001 6000000 45003	264463  128085  1435796  45670
LR999950.1 6000001 8000000 87362	305196  173513  1832267  72120
LR999950.1 8000001 9960137 53296	383255  295158  2922051  47276
LR999951.1 1 2000000 26136	249109  223648  1869407  113700
LR999951.1 2000001 4000000 86870	326923  290442  2611357  67834
LR999951.1 4000001 6000000 42558	356791  343371  2107301  56241
LR999951.1 6000001 8000000 54663	233942  149923  1595796  42261
LR999951.1 8000001 9839934 42364	341601  355176  2499590  81857
LR999952.1 1 2000000 71761	353286  295661  2522536  42367
LR999952.1 2000001 4000000 44217	291413  348246  2635970  56144
LR999952.1 4000001 6000000 76671	379267  420171  2572960  66766
LR999952.1 6000001 8000000 65499	8989  2143  81231  7464
LR999952.1 8000001 8262369 842	368698  532762  2596409  60042
LR999953.1 1 2000000 93605	229884  437103  1669491  183079
LR999953.1 2000001 4000000 58610	216609  365398  1908269  145392
LR999953.1 4000001 6000000 91767	365799  707291  3461651  86685
LR999953.1 6000001 8000000 59542	32374  32339  250487  2734
LR999953.1 8000001 8178468 3289	327216  491646  2805595  96142
LR999954.1 1 2000000 72043	400185  476677  3165904  77637
LR999954.1 2000001 4000000 56877	481441  526916  3338545  47337
LR999954.1 4000001 6000000 37105	205921  331491  1781935  59717
LR999954.1 6000001 7379297 43906	486736  746516  3539551  117698
LR999955.1 1 2000000 82187	317620  634488  2445924  134237
LR999955.1 2000001 4000000 82882	342604  540620  2684170  124931
LR999955.1 4000001 6000000 72639	3505  5736  77099  26299
LR999955.1 6000001 6166334 164	
