604198
674387
543342
493178
519161
485428
467813
506113
253834
805478
586606
587942
490066
471634
608382
686718
613157
189580
528185
767570
489143
620574
514249
625026
825206
865968
85425
795368
907290
686616
466601
624876
669150
643763
837518
27219
840212
672875
670802
404005
484283
606287
751861
639512

748011
750310
705051
709265
654732
906888
608722
799097
731841
464486
578649
499969
545392
756435
823641
676916
737397
729890
464284
494571
396599
449750
633933
446080
769795
909846
735071
552931
545780
558572
790234
498127
889813
737603
661405
486936
542299
612741
803816
395506
825767
1201524
1140720
876395
711591
720659
833295
364390
605379
609386
495170
418599
582345
628618
580741
270466
620979
799940
536081
603218
736149
766737
841941
392770
938643
916474
548746
649755
704724
577005
822909
222736
848743
744989
759265
645765
398032
472851
768567
193166
741338
836218
603745
483193
504618
717973
856558
1479581
1477917
1355973
1194742
1436880
1398622
1333447
622859
747744
607800
599852
466689
675655
633246
797667
715983
460203
578839
726064
749748
562074
854564
739717
598046
686835
576234
800679
459204
996267
881319
718445
823092
763055
886543
242618
633720
821776
575374
674687
660396
787336
295516
896533
936936
675056
614761
676127
759650
185691
934268
951438
885686
937828
875472
703344
1007242
938111
880798
702671
905500
560021
922707
793892
794167
914852
1088220
539801
871769
751934
716411
667079
853923
993680
898396
965236
978120
780339
1083387
988205
996223
1022993
136301
1070691
1085158
1044125
1221622
104967
1126704
1124116
1171676
744623
1267464
1236588
1185712
96845
