/sw/bioinfo/quast/5.0.2/rackham/bin/quast.py -e /proj/uppstore2017185/b2014034_nobackup/Dasha/Vanessa_MAKER/input/GCA_905220365.1_ilVanCard2.1_genomic_chroms.fna

Version: 5.0.2

System information:
  OS: Linux-3.10.0-1160.41.1.el7.x86_64-x86_64-with-centos-7.9.2009-Core (linux_64)
  Python version: 3.7.2
  CPUs number: 40

Started: 2021-09-15 10:49:08

Logging to /crex/proj/uppstore2017185/b2014034_nobackup/Dasha/Vanessa_MAKER/input/quast_results/results_2021_09_15_10_49_08/quast.log
NOTICE: Maximum number of threads is set to 10 (use --threads option to set it manually)

CWD: /crex/proj/uppstore2017185/b2014034_nobackup/Dasha/Vanessa_MAKER/input
Main parameters: 
  MODE: default, threads: 10, eukaryotic: true, minimum contig length: 500, minimum alignment length: 65, \
  ambiguity: one, threshold for extensive misassembly size: 1000

Contigs:
  Pre-processing...
  /proj/uppstore2017185/b2014034_nobackup/Dasha/Vanessa_MAKER/input/GCA_905220365.1_ilVanCard2.1_genomic_chroms.fna ==> GCA_905220365.1_ilVanCard2.1_genomic_chroms

2021-09-15 10:49:30
Running Basic statistics processor...
  Contig files: 
    GCA_905220365.1_ilVanCard2.1_genomic_chroms
  Calculating N50 and L50...
    GCA_905220365.1_ilVanCard2.1_genomic_chroms, N50 = 14615999, L50 = 14, Total length = 424577752, GC % = 33.41, # N's per 100 kbp =  6.08
  Drawing Nx plot...
    saved to /crex/proj/uppstore2017185/b2014034_nobackup/Dasha/Vanessa_MAKER/input/quast_results/results_2021_09_15_10_49_08/basic_stats/Nx_plot.pdf
  Drawing cumulative plot...
    saved to /crex/proj/uppstore2017185/b2014034_nobackup/Dasha/Vanessa_MAKER/input/quast_results/results_2021_09_15_10_49_08/basic_stats/cumulative_plot.pdf
  Drawing GC content plot...
    saved to /crex/proj/uppstore2017185/b2014034_nobackup/Dasha/Vanessa_MAKER/input/quast_results/results_2021_09_15_10_49_08/basic_stats/GC_content_plot.pdf
  Drawing GCA_905220365.1_ilVanCard2.1_genomic_chroms GC content plot...
    saved to /crex/proj/uppstore2017185/b2014034_nobackup/Dasha/Vanessa_MAKER/input/quast_results/results_2021_09_15_10_49_08/basic_stats/GCA_905220365.1_ilVanCard2.1_genomic_chroms_GC_content_plot.pdf
Done.

NOTICE: Genes are not predicted by default. Use --gene-finding or --glimmer option to enable it.

2021-09-15 10:50:03
Creating large visual summaries...
This may take a while: press Ctrl-C to skip this step..
  1 of 2: Creating Icarus viewers...
  2 of 2: Creating PDF with all tables and plots...
Done

2021-09-15 10:50:11
RESULTS:
  Text versions of total report are saved to /crex/proj/uppstore2017185/b2014034_nobackup/Dasha/Vanessa_MAKER/input/quast_results/results_2021_09_15_10_49_08/report.txt, report.tsv, and report.tex
  Text versions of transposed total report are saved to /crex/proj/uppstore2017185/b2014034_nobackup/Dasha/Vanessa_MAKER/input/quast_results/results_2021_09_15_10_49_08/transposed_report.txt, transposed_report.tsv, and transposed_report.tex
  HTML version (interactive tables and plots) is saved to /crex/proj/uppstore2017185/b2014034_nobackup/Dasha/Vanessa_MAKER/input/quast_results/results_2021_09_15_10_49_08/report.html
  PDF version (tables and plots) is saved to /crex/proj/uppstore2017185/b2014034_nobackup/Dasha/Vanessa_MAKER/input/quast_results/results_2021_09_15_10_49_08/report.pdf
  Icarus (contig browser) is saved to /crex/proj/uppstore2017185/b2014034_nobackup/Dasha/Vanessa_MAKER/input/quast_results/results_2021_09_15_10_49_08/icarus.html
  Log is saved to /crex/proj/uppstore2017185/b2014034_nobackup/Dasha/Vanessa_MAKER/input/quast_results/results_2021_09_15_10_49_08/quast.log

Finished: 2021-09-15 10:50:11
Elapsed time: 0:01:02.790288
NOTICEs: 2; WARNINGs: 0; non-fatal ERRORs: 0

Thank you for using QUAST!
