LR999924.1 1 2e+06 604198
LR999924.1 2e+06 4e+06 674387
LR999924.1 4e+06 6e+06 543342
LR999924.1 6e+06 8e+06 493178
LR999924.1 8e+06 1e+07 519161
LR999924.1 1e+07 1.2e+07 485428
LR999924.1 1.2e+07 1.4e+07 467813
LR999924.1 1.4e+07 1.6e+07 506113
LR999924.1 1.6e+07 17040296 253834
LR999925.1 1 2e+06 805478
LR999925.1 2e+06 4e+06 586606
LR999925.1 4e+06 6e+06 587942
LR999925.1 6e+06 8e+06 490066
LR999925.1 8e+06 1e+07 471634
LR999925.1 1e+07 1.2e+07 608382
LR999925.1 1.2e+07 1.4e+07 686718
LR999925.1 1.4e+07 1.6e+07 613157
LR999925.1 1.6e+07 16607008 189580
LR999926.1 1 2e+06 528185
LR999926.1 2e+06 4e+06 767570
LR999926.1 4e+06 6e+06 489143
LR999926.1 6e+06 8e+06 620574
LR999926.1 8e+06 1e+07 514249
LR999926.1 1e+07 1.2e+07 625026
LR999926.1 1.2e+07 1.4e+07 825206
LR999926.1 1.4e+07 1.6e+07 865968
LR999926.1 1.6e+07 16362069 85425
LR999927.1 1 2e+06 795368
LR999927.1 2e+06 4e+06 907290
LR999927.1 4e+06 6e+06 686616
LR999927.1 6e+06 8e+06 466601
LR999927.1 8e+06 1e+07 624876
LR999927.1 1e+07 1.2e+07 669150
LR999927.1 1.2e+07 1.4e+07 643763
LR999927.1 1.4e+07 1.6e+07 837518
LR999927.1 1.6e+07 16090551 27219
LR999928.1 1 2e+06 840212
LR999928.1 2e+06 4e+06 672875
LR999928.1 4e+06 6e+06 670802
LR999928.1 6e+06 8e+06 404005
LR999928.1 8e+06 1e+07 484283
LR999928.1 1e+07 1.2e+07 606287
LR999928.1 1.2e+07 1.4e+07 751861
LR999928.1 1.4e+07 1.6e+07 639512
LR999928.1 1.6e+07 16000791 
LR999929.1 1 2e+06 748011
LR999929.1 2e+06 4e+06 750310
LR999929.1 4e+06 6e+06 705051
LR999929.1 6e+06 8e+06 709265
LR999929.1 8e+06 1e+07 654732
LR999929.1 1e+07 1.2e+07 906888
LR999929.1 1.2e+07 1.4e+07 608722
LR999929.1 1.4e+07 15952094 799097
LR999930.1 1 2e+06 731841
LR999930.1 2e+06 4e+06 464486
LR999930.1 4e+06 6e+06 578649
LR999930.1 6e+06 8e+06 499969
LR999930.1 8e+06 1e+07 545392
LR999930.1 1e+07 1.2e+07 756435
LR999930.1 1.2e+07 1.4e+07 823641
LR999930.1 1.4e+07 15715213 676916
LR999931.1 1 2e+06 737397
LR999931.1 2e+06 4e+06 729890
LR999931.1 4e+06 6e+06 464284
LR999931.1 6e+06 8e+06 494571
LR999931.1 8e+06 1e+07 396599
LR999931.1 1e+07 1.2e+07 449750
LR999931.1 1.2e+07 1.4e+07 633933
LR999931.1 1.4e+07 15572524 446080
LR999932.1 1 2e+06 769795
LR999932.1 2e+06 4e+06 909846
LR999932.1 4e+06 6e+06 735071
LR999932.1 6e+06 8e+06 552931
LR999932.1 8e+06 1e+07 545780
LR999932.1 1e+07 1.2e+07 558572
LR999932.1 1.2e+07 1.4e+07 790234
LR999932.1 1.4e+07 15426761 498127
LR999933.1 1 2e+06 889813
LR999933.1 2e+06 4e+06 737603
LR999933.1 4e+06 6e+06 661405
LR999933.1 6e+06 8e+06 486936
LR999933.1 8e+06 1e+07 542299
LR999933.1 1e+07 1.2e+07 612741
LR999933.1 1.2e+07 1.4e+07 803816
LR999933.1 1.4e+07 15296561 395506
LR999934.1 1 2e+06 825767
LR999934.1 2e+06 4e+06 1201524
LR999934.1 4e+06 6e+06 1140720
LR999934.1 6e+06 8e+06 876395
LR999934.1 8e+06 1e+07 711591
LR999934.1 1e+07 1.2e+07 720659
LR999934.1 1.2e+07 1.4e+07 833295
LR999934.1 1.4e+07 14945938 364390
LR999935.1 1 2e+06 605379
LR999935.1 2e+06 4e+06 609386
LR999935.1 4e+06 6e+06 495170
LR999935.1 6e+06 8e+06 418599
LR999935.1 8e+06 1e+07 582345
LR999935.1 1e+07 1.2e+07 628618
LR999935.1 1.2e+07 1.4e+07 580741
LR999935.1 1.4e+07 14868897 270466
LR999936.1 1 2e+06 620979
LR999936.1 2e+06 4e+06 799940
LR999936.1 4e+06 6e+06 536081
LR999936.1 6e+06 8e+06 603218
LR999936.1 8e+06 1e+07 736149
LR999936.1 1e+07 1.2e+07 766737
LR999936.1 1.2e+07 1.4e+07 841941
LR999936.1 1.4e+07 14774369 392770
LR999937.1 1 2e+06 938643
LR999937.1 2e+06 4e+06 916474
LR999937.1 4e+06 6e+06 548746
LR999937.1 6e+06 8e+06 649755
LR999937.1 8e+06 1e+07 704724
LR999937.1 1e+07 1.2e+07 577005
LR999937.1 1.2e+07 1.4e+07 822909
LR999937.1 1.4e+07 14615999 222736
LR999938.1 1 2e+06 848743
LR999938.1 2e+06 4e+06 744989
LR999938.1 4e+06 6e+06 759265
LR999938.1 6e+06 8e+06 645765
LR999938.1 8e+06 1e+07 398032
LR999938.1 1e+07 1.2e+07 472851
LR999938.1 1.2e+07 1.4e+07 768567
LR999938.1 1.4e+07 14605406 193166
LR999939.1 1 2e+06 741338
LR999939.1 2e+06 4e+06 836218
LR999939.1 4e+06 6e+06 603745
LR999939.1 6e+06 8e+06 483193
LR999939.1 8e+06 1e+07 504618
LR999939.1 1e+07 1.2e+07 717973
LR999939.1 1.2e+07 13916383 856558
LR999940.1 1 2e+06 1479581
LR999940.1 2e+06 4e+06 1477917
LR999940.1 4e+06 6e+06 1355973
LR999940.1 6e+06 8e+06 1194742
LR999940.1 8e+06 1e+07 1436880
LR999940.1 1e+07 1.2e+07 1398622
LR999940.1 1.2e+07 13819298 1333447
LR999941.1 1 2e+06 622859
LR999941.1 2e+06 4e+06 747744
LR999941.1 4e+06 6e+06 607800
LR999941.1 6e+06 8e+06 599852
LR999941.1 8e+06 1e+07 466689
LR999941.1 1e+07 1.2e+07 675655
LR999941.1 1.2e+07 13774036 633246
LR999942.1 1 2e+06 797667
LR999942.1 2e+06 4e+06 715983
LR999942.1 4e+06 6e+06 460203
LR999942.1 6e+06 8e+06 578839
LR999942.1 8e+06 1e+07 726064
LR999942.1 1e+07 1.2e+07 749748
LR999942.1 1.2e+07 13550656 562074
LR999943.1 1 2e+06 854564
LR999943.1 2e+06 4e+06 739717
LR999943.1 4e+06 6e+06 598046
LR999943.1 6e+06 8e+06 686835
LR999943.1 8e+06 1e+07 576234
LR999943.1 1e+07 1.2e+07 800679
LR999943.1 1.2e+07 13236624 459204
LR999944.1 1 2e+06 996267
LR999944.1 2e+06 4e+06 881319
LR999944.1 4e+06 6e+06 718445
LR999944.1 6e+06 8e+06 823092
LR999944.1 8e+06 1e+07 763055
LR999944.1 1e+07 1.2e+07 886543
LR999944.1 1.2e+07 12933853 242618
LR999945.1 1 2e+06 633720
LR999945.1 2e+06 4e+06 821776
LR999945.1 4e+06 6e+06 575374
LR999945.1 6e+06 8e+06 674687
LR999945.1 8e+06 1e+07 660396
LR999945.1 1e+07 1.2e+07 787336
LR999945.1 1.2e+07 12861081 295516
LR999946.1 1 2e+06 896533
LR999946.1 2e+06 4e+06 936936
LR999946.1 4e+06 6e+06 675056
LR999946.1 6e+06 8e+06 614761
LR999946.1 8e+06 1e+07 676127
LR999946.1 1e+07 1.2e+07 759650
LR999946.1 1.2e+07 12594674 185691
LR999947.1 1 2e+06 934268
LR999947.1 2e+06 4e+06 951438
LR999947.1 4e+06 6e+06 885686
LR999947.1 6e+06 8e+06 937828
LR999947.1 8e+06 1e+07 875472
LR999947.1 1e+07 11704087 703344
LR999948.1 1 2e+06 1007242
LR999948.1 2e+06 4e+06 938111
LR999948.1 4e+06 6e+06 880798
LR999948.1 6e+06 8e+06 702671
LR999948.1 8e+06 1e+07 905500
LR999948.1 1e+07 11326783 560021
LR999949.1 1 2e+06 922707
LR999949.1 2e+06 4e+06 793892
LR999949.1 4e+06 6e+06 794167
LR999949.1 6e+06 8e+06 914852
LR999949.1 8e+06 1e+07 1088220
LR999949.1 1e+07 11199261 539801
LR999950.1 1 2e+06 871769
LR999950.1 2e+06 4e+06 751934
LR999950.1 4e+06 6e+06 716411
LR999950.1 6e+06 8e+06 667079
LR999950.1 8e+06 9960137 853923
LR999951.1 1 2e+06 993680
LR999951.1 2e+06 4e+06 898396
LR999951.1 4e+06 6e+06 965236
LR999951.1 6e+06 8e+06 978120
LR999951.1 8e+06 9839934 780339
LR999952.1 1 2e+06 1083387
LR999952.1 2e+06 4e+06 988205
LR999952.1 4e+06 6e+06 996223
LR999952.1 6e+06 8e+06 1022993
LR999952.1 8e+06 8262369 136301
LR999953.1 1 2e+06 1070691
LR999953.1 2e+06 4e+06 1085158
LR999953.1 4e+06 6e+06 1044125
LR999953.1 6e+06 8e+06 1221622
LR999953.1 8e+06 8178468 104967
LR999954.1 1 2e+06 1126704
LR999954.1 2e+06 4e+06 1124116
LR999954.1 4e+06 6e+06 1171676
LR999954.1 6e+06 7379297 744623
LR999955.1 1 2e+06 1267464
LR999955.1 2e+06 4e+06 1236588
LR999955.1 4e+06 6e+06 1185712
LR999955.1 6e+06 6166334 96845
