Building DAG of jobs...
Using shell: /usr/bin/bash
Provided cores: 4
Rules claiming more threads will be scaled down.
Job counts:
	count	jobs
	1	all
	1	best_likelihoods
	1	best_likelihoods2
	31	calculate_distances
	1	join_singles
	1	map_summary
	1550	order_markers
	1	order_summary
	1	parent_call
	1550	reorder_markers
	1	reorder_summary
	20	separate_chromosomes
	31	trim_edge_clusters
	1	trim_summary
	3191
Select jobs to execute...

[Fri Apr 16 11:38:33 2021]
Job 2: 
        Creating Lep-Map3 data file from VCF and pedigree files
        

[Fri Apr 16 11:57:03 2021]
Finished job 2.
1 of 3191 steps (0.03%) done
Select jobs to execute...

[Fri Apr 16 11:57:05 2021]
Job 11: 
        Creating map for lodLimit=4 >> maps.splitchrom/map.4
        

[Fri Apr 16 11:58:43 2021]
Finished job 11.
2 of 3191 steps (0.06%) done
Select jobs to execute...

[Fri Apr 16 11:58:43 2021]
Job 18: 
        Creating map for lodLimit=11 >> maps.splitchrom/map.11
        

[Fri Apr 16 12:00:04 2021]
Finished job 18.
3 of 3191 steps (0.09%) done
Select jobs to execute...

[Fri Apr 16 12:00:04 2021]
Job 26: 
        Creating map for lodLimit=19 >> maps.splitchrom/map.19
        

[Fri Apr 16 12:01:24 2021]
Finished job 26.
4 of 3191 steps (0.13%) done
Select jobs to execute...

[Fri Apr 16 12:01:24 2021]
Job 20: 
        Creating map for lodLimit=13 >> maps.splitchrom/map.13
        

[Fri Apr 16 12:06:13 2021]
Finished job 20.
5 of 3191 steps (0.16%) done
Select jobs to execute...

[Fri Apr 16 12:06:13 2021]
Job 19: 
        Creating map for lodLimit=12 >> maps.splitchrom/map.12
        

[Fri Apr 16 12:07:46 2021]
Finished job 19.
6 of 3191 steps (0.19%) done
Select jobs to execute...

[Fri Apr 16 12:07:46 2021]
Job 21: 
        Creating map for lodLimit=14 >> maps.splitchrom/map.14
        

[Fri Apr 16 12:09:39 2021]
Finished job 21.
7 of 3191 steps (0.22%) done
Select jobs to execute...

[Fri Apr 16 12:09:40 2021]
Job 8: 
        Creating map for lodLimit=1 >> maps.splitchrom/map.1
        

[Fri Apr 16 12:11:00 2021]
Finished job 8.
8 of 3191 steps (0.25%) done
Select jobs to execute...

[Fri Apr 16 12:11:00 2021]
Job 16: 
        Creating map for lodLimit=9 >> maps.splitchrom/map.9
        

[Fri Apr 16 12:12:25 2021]
Finished job 16.
9 of 3191 steps (0.28%) done
Select jobs to execute...

[Fri Apr 16 12:12:25 2021]
Job 23: 
        Creating map for lodLimit=16 >> maps.splitchrom/map.16
        

[Fri Apr 16 12:13:52 2021]
Finished job 23.
10 of 3191 steps (0.31%) done
Select jobs to execute...

[Fri Apr 16 12:13:53 2021]
Job 10: 
        Creating map for lodLimit=3 >> maps.splitchrom/map.3
        

[Fri Apr 16 12:15:13 2021]
Finished job 10.
11 of 3191 steps (0.34%) done
Select jobs to execute...

[Fri Apr 16 12:15:13 2021]
Job 25: 
        Creating map for lodLimit=18 >> maps.splitchrom/map.18
        

[Fri Apr 16 12:16:31 2021]
Finished job 25.
12 of 3191 steps (0.38%) done
Select jobs to execute...

[Fri Apr 16 12:16:31 2021]
Job 14: 
        Creating map for lodLimit=7 >> maps.splitchrom/map.7
        

[Fri Apr 16 12:17:53 2021]
Finished job 14.
13 of 3191 steps (0.41%) done
Select jobs to execute...

[Fri Apr 16 12:17:53 2021]
Job 12: 
        Creating map for lodLimit=5 >> maps.splitchrom/map.5
        

[Fri Apr 16 12:19:14 2021]
Finished job 12.
14 of 3191 steps (0.44%) done
Select jobs to execute...

[Fri Apr 16 12:19:14 2021]
Job 27: 
        Creating map for lodLimit=20 >> maps.splitchrom/map.20
        

[Fri Apr 16 12:20:31 2021]
Finished job 27.
15 of 3191 steps (0.47%) done
Select jobs to execute...

[Fri Apr 16 12:20:31 2021]
Job 24: 
        Creating map for lodLimit=17 >> maps.splitchrom/map.17
        

[Fri Apr 16 12:21:52 2021]
Finished job 24.
16 of 3191 steps (0.50%) done
Select jobs to execute...

[Fri Apr 16 12:21:53 2021]
Job 22: 
        Creating map for lodLimit=15 >> maps.splitchrom/map.15
        

[Fri Apr 16 12:23:12 2021]
Finished job 22.
17 of 3191 steps (0.53%) done
Select jobs to execute...

[Fri Apr 16 12:23:12 2021]
Job 17: 
        Creating map for lodLimit=10 >> maps.splitchrom/map.10
        

[Fri Apr 16 12:24:40 2021]
Finished job 17.
18 of 3191 steps (0.56%) done
Select jobs to execute...

[Fri Apr 16 12:24:40 2021]
Job 13: 
        Creating map for lodLimit=6 >> maps.splitchrom/map.6
        

[Fri Apr 16 12:26:12 2021]
Finished job 13.
19 of 3191 steps (0.60%) done
Select jobs to execute...

[Fri Apr 16 12:26:12 2021]
Job 9: 
        Creating map for lodLimit=2 >> maps.splitchrom/map.2
        

[Fri Apr 16 12:27:35 2021]
Finished job 9.
20 of 3191 steps (0.63%) done
Select jobs to execute...

[Fri Apr 16 12:27:35 2021]
Job 15: 
        Creating map for lodLimit=8 >> maps.splitchrom/map.8
        

[Fri Apr 16 12:29:06 2021]
Finished job 15.
21 of 3191 steps (0.66%) done
Select jobs to execute...

[Fri Apr 16 12:29:06 2021]
Job 7: 
        Combining map summaries >> maps.splitchrom/maps.summary.txt
        

[Fri Apr 16 12:30:46 2021]
Error in rule map_summary:
    jobid: 7
    output: maps.splitchrom/maps.summary.txt
    shell:
        scripts/map_summary.sh 20
        (one of the commands exited with non-zero exit code; note that snakemake uses bash strict mode!)

Removing output files of failed job map_summary since they might be corrupted:
maps.splitchrom/maps.summary.txt
Shutting down, this might take some time.
Exiting because a job execution failed. Look above for error message
Complete log: /crex/proj/uppstore2017185/b2014034_nobackup/Karin/link_map_vanessa/output/07_LepMak3r_DTOL/.snakemake/log/2021-04-16T113830.385665.snakemake.log
