Building DAG of jobs...
Using shell: /usr/bin/bash
Provided cores: 4
Rules claiming more threads will be scaled down.
Job counts:
	count	jobs
	1	all
	1	best_likelihoods
	1	best_likelihoods2
	31	calculate_distances
	1	order_summary
	1550	reorder_markers
	1	reorder_summary
	31	trim_edge_clusters
	1	trim_summary
	1618
Select jobs to execute...

[Tue Apr 20 13:18:47 2021]
Job 30: 
        Iteration likelihood summary >> ordermarkers/likelihoods.summary
        Recombination summary >> ordermarkers/recombination.summary
        

[Tue Apr 20 13:22:12 2021]
Finished job 30.
1 of 1618 steps (0.06%) done
Select jobs to execute...

[Tue Apr 20 13:22:13 2021]
Job 29: 
        Identifying orders with best likelihoods for each LG >> ordermarkers/best.likelihoods
        

[Tue Apr 20 13:22:13 2021]
Finished job 29.
2 of 1618 steps (0.12%) done
Select jobs to execute...

[Tue Apr 20 13:22:13 2021]
Job 2345: 
        Removing edge clusters >10cM apart from the other markers in first+last 15% of ordermarkers/iterations/ordered.16..
        


[Tue Apr 20 13:22:13 2021]
Job 2600: 
        Removing edge clusters >10cM apart from the other markers in first+last 15% of ordermarkers/iterations/ordered.21..
        


[Tue Apr 20 13:22:13 2021]
Job 2090: 
        Removing edge clusters >10cM apart from the other markers in first+last 15% of ordermarkers/iterations/ordered.11..
        


[Tue Apr 20 13:22:13 2021]
Job 2498: 
        Removing edge clusters >10cM apart from the other markers in first+last 15% of ordermarkers/iterations/ordered.19..
        

[Tue Apr 20 13:22:14 2021]
Finished job 2498.
3 of 1618 steps (0.19%) done
[Tue Apr 20 13:22:15 2021]
Finished job 2345.
4 of 1618 steps (0.25%) done
[Tue Apr 20 13:22:15 2021]
Finished job 2090.
5 of 1618 steps (0.31%) done
[Tue Apr 20 13:22:15 2021]
Finished job 2600.
6 of 1618 steps (0.37%) done
Select jobs to execute...

[Tue Apr 20 13:22:15 2021]
Job 2540: 
        Reordering ordermarkers/best.trim/ordered.19.trimmed, iteration: 43
        

Select jobs to execute...
Select jobs to execute...
Select jobs to execute...
[Tue Apr 20 13:24:26 2021]
Finished job 2540.
7 of 1618 steps (0.43%) done
Select jobs to execute...

[Tue Apr 20 13:24:26 2021]
Job 1835: 
        Removing edge clusters >10cM apart from the other markers in first+last 15% of ordermarkers/iterations/ordered.6..
        


[Tue Apr 20 13:24:26 2021]
Job 1631: 
        Removing edge clusters >10cM apart from the other markers in first+last 15% of ordermarkers/iterations/ordered.2..
        


[Tue Apr 20 13:24:26 2021]
Job 1784: 
        Removing edge clusters >10cM apart from the other markers in first+last 15% of ordermarkers/iterations/ordered.5..
        


[Tue Apr 20 13:24:26 2021]
Job 2855: 
        Removing edge clusters >10cM apart from the other markers in first+last 15% of ordermarkers/iterations/ordered.26..
        

[Tue Apr 20 13:24:28 2021]
Finished job 1631.
8 of 1618 steps (0.49%) done
Select jobs to execute...
[Tue Apr 20 13:24:28 2021]
Finished job 2855.
9 of 1618 steps (0.56%) done
[Tue Apr 20 13:24:28 2021]
Finished job 1784.
10 of 1618 steps (0.62%) done
[Tue Apr 20 13:24:28 2021]
Finished job 1835.
11 of 1618 steps (0.68%) done

[Tue Apr 20 13:24:28 2021]
Job 2906: 
        Removing edge clusters >10cM apart from the other markers in first+last 15% of ordermarkers/iterations/ordered.27..
        

Select jobs to execute...

[Tue Apr 20 13:24:28 2021]
Job 3059: 
        Removing edge clusters >10cM apart from the other markers in first+last 15% of ordermarkers/iterations/ordered.30..
        


[Tue Apr 20 13:24:28 2021]
Job 2141: 
        Removing edge clusters >10cM apart from the other markers in first+last 15% of ordermarkers/iterations/ordered.12..
        


[Tue Apr 20 13:24:28 2021]
Job 2294: 
        Removing edge clusters >10cM apart from the other markers in first+last 15% of ordermarkers/iterations/ordered.15..
        

Select jobs to execute...
Select jobs to execute...
[Tue Apr 20 13:24:29 2021]
Finished job 2906.
12 of 1618 steps (0.74%) done
Select jobs to execute...
[Tue Apr 20 13:24:29 2021]
Finished job 3059.
13 of 1618 steps (0.80%) done

[Tue Apr 20 13:24:29 2021]
Job 2192: 
        Removing edge clusters >10cM apart from the other markers in first+last 15% of ordermarkers/iterations/ordered.13..
        

Select jobs to execute...
[Tue Apr 20 13:24:30 2021]
Finished job 2141.
14 of 1618 steps (0.87%) done
[Tue Apr 20 13:24:30 2021]
Finished job 2294.
15 of 1618 steps (0.93%) done

[Tue Apr 20 13:24:30 2021]
Job 2396: 
        Removing edge clusters >10cM apart from the other markers in first+last 15% of ordermarkers/iterations/ordered.17..
        

Select jobs to execute...

[Tue Apr 20 13:24:30 2021]
Job 1733: 
        Removing edge clusters >10cM apart from the other markers in first+last 15% of ordermarkers/iterations/ordered.4..
        


[Tue Apr 20 13:24:30 2021]
Job 2039: 
        Removing edge clusters >10cM apart from the other markers in first+last 15% of ordermarkers/iterations/ordered.10..
        

Select jobs to execute...
[Tue Apr 20 13:24:31 2021]
Finished job 2396.
16 of 1618 steps (0.99%) done
[Tue Apr 20 13:24:31 2021]
Finished job 2192.
17 of 1618 steps (1%) done
Select jobs to execute...
[Tue Apr 20 13:24:31 2021]
Finished job 1733.
18 of 1618 steps (1%) done
[Tue Apr 20 13:24:31 2021]
Finished job 2039.
19 of 1618 steps (1%) done

[Tue Apr 20 13:24:31 2021]
Job 2957: 
        Removing edge clusters >10cM apart from the other markers in first+last 15% of ordermarkers/iterations/ordered.28..
        


[Tue Apr 20 13:24:31 2021]
Job 28: 
        Removing edge clusters >10cM apart from the other markers in first+last 15% of ordermarkers/iterations/ordered.1..
        

Select jobs to execute...

[Tue Apr 20 13:24:31 2021]
Job 3110: 
        Removing edge clusters >10cM apart from the other markers in first+last 15% of ordermarkers/iterations/ordered.31..
        


[Tue Apr 20 13:24:31 2021]
Job 1682: 
        Removing edge clusters >10cM apart from the other markers in first+last 15% of ordermarkers/iterations/ordered.3..
        

Select jobs to execute...
Select jobs to execute...
[Tue Apr 20 13:24:33 2021]
Finished job 2957.
20 of 1618 steps (1%) done
Select jobs to execute...

[Tue Apr 20 13:24:33 2021]
Job 1937: 
        Removing edge clusters >10cM apart from the other markers in first+last 15% of ordermarkers/iterations/ordered.8..
        

[Tue Apr 20 13:24:33 2021]
Finished job 28.
21 of 1618 steps (1%) done
Select jobs to execute...
[Tue Apr 20 13:24:33 2021]
Finished job 3110.
22 of 1618 steps (1%) done
[Tue Apr 20 13:24:33 2021]
Finished job 1682.
23 of 1618 steps (1%) done

[Tue Apr 20 13:24:33 2021]
Job 2753: 
        Removing edge clusters >10cM apart from the other markers in first+last 15% of ordermarkers/iterations/ordered.24..
        

Select jobs to execute...

[Tue Apr 20 13:24:33 2021]
Job 1988: 
        Removing edge clusters >10cM apart from the other markers in first+last 15% of ordermarkers/iterations/ordered.9..
        


[Tue Apr 20 13:24:33 2021]
Job 2243: 
        Removing edge clusters >10cM apart from the other markers in first+last 15% of ordermarkers/iterations/ordered.14..
        

Select jobs to execute...
[Tue Apr 20 13:24:35 2021]
Finished job 1937.
24 of 1618 steps (1%) done
Select jobs to execute...
[Tue Apr 20 13:24:35 2021]
Finished job 2753.
25 of 1618 steps (2%) done

[Tue Apr 20 13:24:35 2021]
Job 2549: 
        Removing edge clusters >10cM apart from the other markers in first+last 15% of ordermarkers/iterations/ordered.20..
        

[Tue Apr 20 13:24:35 2021]
Finished job 1988.
26 of 1618 steps (2%) done
Select jobs to execute...
[Tue Apr 20 13:24:35 2021]
Finished job 2243.
27 of 1618 steps (2%) done

[Tue Apr 20 13:24:35 2021]
Job 1886: 
        Removing edge clusters >10cM apart from the other markers in first+last 15% of ordermarkers/iterations/ordered.7..
        


[Tue Apr 20 13:24:35 2021]
Job 2804: 
        Removing edge clusters >10cM apart from the other markers in first+last 15% of ordermarkers/iterations/ordered.25..
        

Select jobs to execute...

[Tue Apr 20 13:24:35 2021]
Job 2702: 
        Removing edge clusters >10cM apart from the other markers in first+last 15% of ordermarkers/iterations/ordered.23..
        

Select jobs to execute...
[Tue Apr 20 13:24:36 2021]
Finished job 2549.
28 of 1618 steps (2%) done
Select jobs to execute...
[Tue Apr 20 13:24:44 2021]
Finished job 2804.
29 of 1618 steps (2%) done

[Tue Apr 20 13:24:44 2021]
Job 2447: 
        Removing edge clusters >10cM apart from the other markers in first+last 15% of ordermarkers/iterations/ordered.18..
        

[Tue Apr 20 13:24:44 2021]
Finished job 1886.
30 of 1618 steps (2%) done
[Tue Apr 20 13:24:44 2021]
Finished job 2702.
31 of 1618 steps (2%) done
Select jobs to execute...

[Tue Apr 20 13:24:44 2021]
Job 3008: 
        Removing edge clusters >10cM apart from the other markers in first+last 15% of ordermarkers/iterations/ordered.29..
        


[Tue Apr 20 13:24:44 2021]
Job 2651: 
        Removing edge clusters >10cM apart from the other markers in first+last 15% of ordermarkers/iterations/ordered.22..
        

Select jobs to execute...
Select jobs to execute...
[Tue Apr 20 13:24:45 2021]
Finished job 2447.
32 of 1618 steps (2%) done
Select jobs to execute...
[Tue Apr 20 13:24:46 2021]
Finished job 3008.
33 of 1618 steps (2%) done
Select jobs to execute...
[Tue Apr 20 13:24:46 2021]
Finished job 2651.
34 of 1618 steps (2%) done

[Tue Apr 20 13:24:46 2021]
Job 5: 
        Reordering ordermarkers/best.trim/ordered.1.trimmed, iteration: 1
        

Select jobs to execute...
[Tue Apr 20 13:28:27 2021]
Finished job 5.
35 of 1618 steps (2%) done
Select jobs to execute...

[Tue Apr 20 13:28:27 2021]
Job 3190: Summarizing trim logs >> ordermarkers/trim.summary

[Tue Apr 20 13:28:27 2021]
Finished job 3190.
36 of 1618 steps (2%) done
Select jobs to execute...

[Tue Apr 20 13:28:27 2021]
Job 2164: 
        Reordering ordermarkers/best.trim/ordered.12.trimmed, iteration: 24
        

[Tue Apr 20 13:31:23 2021]
Finished job 2164.
37 of 1618 steps (2%) done
Select jobs to execute...

[Tue Apr 20 13:31:23 2021]
Job 2074: 
        Reordering ordermarkers/best.trim/ordered.10.trimmed, iteration: 36
        

[Tue Apr 20 13:34:13 2021]
Finished job 2074.
38 of 1618 steps (2%) done
Select jobs to execute...

[Tue Apr 20 13:34:14 2021]
Job 1984: 
        Reordering ordermarkers/best.trim/ordered.8.trimmed, iteration: 48
        

[Tue Apr 20 13:37:00 2021]
Finished job 1984.
39 of 1618 steps (2%) done
Select jobs to execute...

[Tue Apr 20 13:37:00 2021]
Job 2899: 
        Reordering ordermarkers/best.trim/ordered.26.trimmed, iteration: 45
        

[Tue Apr 20 13:39:01 2021]
Finished job 2899.
40 of 1618 steps (2%) done
Select jobs to execute...

[Tue Apr 20 13:39:03 2021]
Job 2900: 
        Reordering ordermarkers/best.trim/ordered.26.trimmed, iteration: 46
        

[Tue Apr 20 13:41:02 2021]
Finished job 2900.
41 of 1618 steps (3%) done
Select jobs to execute...

[Tue Apr 20 13:41:02 2021]
Job 2029: 
        Reordering ordermarkers/best.trim/ordered.9.trimmed, iteration: 42
        

[Tue Apr 20 13:43:40 2021]
Finished job 2029.
42 of 1618 steps (3%) done
Select jobs to execute...

[Tue Apr 20 13:43:41 2021]
Job 2165: 
        Reordering ordermarkers/best.trim/ordered.12.trimmed, iteration: 25
        

[Tue Apr 20 13:46:22 2021]
Finished job 2165.
43 of 1618 steps (3%) done
Select jobs to execute...

[Tue Apr 20 13:46:23 2021]
Job 1983: 
        Reordering ordermarkers/best.trim/ordered.8.trimmed, iteration: 47
        

[Tue Apr 20 13:48:58 2021]
Finished job 1983.
44 of 1618 steps (3%) done
Select jobs to execute...

[Tue Apr 20 13:48:58 2021]
Job 2075: 
        Reordering ordermarkers/best.trim/ordered.10.trimmed, iteration: 37
        

[Tue Apr 20 13:51:38 2021]
Finished job 2075.
45 of 1618 steps (3%) done
Select jobs to execute...

[Tue Apr 20 13:51:38 2021]
Job 1985: 
        Reordering ordermarkers/best.trim/ordered.8.trimmed, iteration: 49
        

[Tue Apr 20 13:54:17 2021]
Finished job 1985.
46 of 1618 steps (3%) done
Select jobs to execute...

[Tue Apr 20 13:54:18 2021]
Job 2030: 
        Reordering ordermarkers/best.trim/ordered.9.trimmed, iteration: 43
        

[Tue Apr 20 13:57:02 2021]
Finished job 2030.
47 of 1618 steps (3%) done
Select jobs to execute...

[Tue Apr 20 13:57:03 2021]
Job 2073: 
        Reordering ordermarkers/best.trim/ordered.10.trimmed, iteration: 35
        

[Tue Apr 20 13:59:38 2021]
Finished job 2073.
48 of 1618 steps (3%) done
Select jobs to execute...

[Tue Apr 20 13:59:38 2021]
Job 2031: 
        Reordering ordermarkers/best.trim/ordered.9.trimmed, iteration: 44
        

[Tue Apr 20 14:02:17 2021]
Finished job 2031.
49 of 1618 steps (3%) done
Select jobs to execute...

[Tue Apr 20 14:02:17 2021]
Job 2901: 
        Reordering ordermarkers/best.trim/ordered.26.trimmed, iteration: 47
        

[Tue Apr 20 14:04:12 2021]
Finished job 2901.
50 of 1618 steps (3%) done
Select jobs to execute...

[Tue Apr 20 14:04:12 2021]
Job 2166: 
        Reordering ordermarkers/best.trim/ordered.12.trimmed, iteration: 26
        

[Tue Apr 20 14:07:07 2021]
Finished job 2166.
51 of 1618 steps (3%) done
Select jobs to execute...

[Tue Apr 20 14:07:10 2021]
Job 2163: 
        Reordering ordermarkers/best.trim/ordered.12.trimmed, iteration: 23
        

[Tue Apr 20 14:09:57 2021]
Finished job 2163.
52 of 1618 steps (3%) done
Select jobs to execute...

[Tue Apr 20 14:09:58 2021]
Job 2076: 
        Reordering ordermarkers/best.trim/ordered.10.trimmed, iteration: 38
        

[Tue Apr 20 14:12:43 2021]
Finished job 2076.
53 of 1618 steps (3%) done
Select jobs to execute...

[Tue Apr 20 14:12:43 2021]
Job 1986: 
        Reordering ordermarkers/best.trim/ordered.8.trimmed, iteration: 50
        

[Tue Apr 20 14:15:22 2021]
Finished job 1986.
54 of 1618 steps (3%) done
Select jobs to execute...

[Tue Apr 20 14:15:22 2021]
Job 2032: 
        Reordering ordermarkers/best.trim/ordered.9.trimmed, iteration: 45
        

[Tue Apr 20 14:18:16 2021]
Finished job 2032.
55 of 1618 steps (3%) done
Select jobs to execute...

[Tue Apr 20 14:18:18 2021]
Job 2898: 
        Reordering ordermarkers/best.trim/ordered.26.trimmed, iteration: 44
        

[Tue Apr 20 14:20:23 2021]
Finished job 2898.
56 of 1618 steps (3%) done
Select jobs to execute...

[Tue Apr 20 14:20:23 2021]
Job 2902: 
        Reordering ordermarkers/best.trim/ordered.26.trimmed, iteration: 48
        

[Tue Apr 20 14:22:24 2021]
Finished job 2902.
57 of 1618 steps (4%) done
Select jobs to execute...

[Tue Apr 20 14:22:24 2021]
Job 2575: 
        Reordering ordermarkers/best.trim/ordered.20.trimmed, iteration: 27
        

[Tue Apr 20 14:24:13 2021]
Finished job 2575.
58 of 1618 steps (4%) done
Select jobs to execute...

[Tue Apr 20 14:24:13 2021]
Job 2665: 
        Reordering ordermarkers/best.trim/ordered.22.trimmed, iteration: 15
        

[Tue Apr 20 14:26:17 2021]
Finished job 2665.
59 of 1618 steps (4%) done
Select jobs to execute...

[Tue Apr 20 14:26:17 2021]
Job 2077: 
        Reordering ordermarkers/best.trim/ordered.10.trimmed, iteration: 39
        

[Tue Apr 20 14:28:58 2021]
Finished job 2077.
60 of 1618 steps (4%) done
Select jobs to execute...

[Tue Apr 20 14:28:59 2021]
Job 1987: 
        Reordering ordermarkers/best.trim/ordered.9.trimmed, iteration: 1
        

[Tue Apr 20 14:31:50 2021]
Finished job 1987.
61 of 1618 steps (4%) done
Select jobs to execute...

[Tue Apr 20 14:31:50 2021]
Job 2033: 
        Reordering ordermarkers/best.trim/ordered.9.trimmed, iteration: 46
        

[Tue Apr 20 14:34:35 2021]
Finished job 2033.
62 of 1618 steps (4%) done
Select jobs to execute...

[Tue Apr 20 14:34:36 2021]
Job 2903: 
        Reordering ordermarkers/best.trim/ordered.26.trimmed, iteration: 49
        

[Tue Apr 20 14:36:36 2021]
Finished job 2903.
63 of 1618 steps (4%) done
Select jobs to execute...

[Tue Apr 20 14:36:37 2021]
Job 2167: 
        Reordering ordermarkers/best.trim/ordered.12.trimmed, iteration: 27
        

[Tue Apr 20 14:39:21 2021]
Finished job 2167.
64 of 1618 steps (4%) done
Select jobs to execute...

[Tue Apr 20 14:39:21 2021]
Job 2168: 
        Reordering ordermarkers/best.trim/ordered.12.trimmed, iteration: 28
        

[Tue Apr 20 14:42:13 2021]
Finished job 2168.
65 of 1618 steps (4%) done
Select jobs to execute...

[Tue Apr 20 14:42:13 2021]
Job 2078: 
        Reordering ordermarkers/best.trim/ordered.10.trimmed, iteration: 40
        

[Tue Apr 20 14:44:59 2021]
Finished job 2078.
66 of 1618 steps (4%) done
Select jobs to execute...

[Tue Apr 20 14:44:59 2021]
Job 2034: 
        Reordering ordermarkers/best.trim/ordered.9.trimmed, iteration: 47
        

[Tue Apr 20 14:47:46 2021]
Finished job 2034.
67 of 1618 steps (4%) done
Select jobs to execute...

[Tue Apr 20 14:47:46 2021]
Job 2028: 
        Reordering ordermarkers/best.trim/ordered.9.trimmed, iteration: 41
        

[Tue Apr 20 14:50:33 2021]
Finished job 2028.
68 of 1618 steps (4%) done
Select jobs to execute...

[Tue Apr 20 14:50:35 2021]
Job 2904: 
        Reordering ordermarkers/best.trim/ordered.26.trimmed, iteration: 50
        

[Tue Apr 20 14:52:38 2021]
Finished job 2904.
69 of 1618 steps (4%) done
Select jobs to execute...

[Tue Apr 20 14:52:38 2021]
Job 2169: 
        Reordering ordermarkers/best.trim/ordered.12.trimmed, iteration: 29
        

[Tue Apr 20 14:55:30 2021]
Finished job 2169.
70 of 1618 steps (4%) done
Select jobs to execute...

[Tue Apr 20 14:55:30 2021]
Job 2079: 
        Reordering ordermarkers/best.trim/ordered.10.trimmed, iteration: 41
        

[Tue Apr 20 14:58:18 2021]
Finished job 2079.
71 of 1618 steps (4%) done
Select jobs to execute...

[Tue Apr 20 14:58:18 2021]
Job 1982: 
        Reordering ordermarkers/best.trim/ordered.8.trimmed, iteration: 46
        

[Tue Apr 20 15:01:03 2021]
Finished job 1982.
72 of 1618 steps (4%) done
Select jobs to execute...

[Tue Apr 20 15:01:03 2021]
Job 1989: 
        Reordering ordermarkers/best.trim/ordered.9.trimmed, iteration: 2
        

[Tue Apr 20 15:04:20 2021]
Finished job 1989.
73 of 1618 steps (5%) done
Select jobs to execute...

[Tue Apr 20 15:04:21 2021]
Job 2072: 
        Reordering ordermarkers/best.trim/ordered.10.trimmed, iteration: 34
        

[Tue Apr 20 15:07:08 2021]
Finished job 2072.
74 of 1618 steps (5%) done
Select jobs to execute...

[Tue Apr 20 15:07:08 2021]
Job 2035: 
        Reordering ordermarkers/best.trim/ordered.9.trimmed, iteration: 48
        

[Tue Apr 20 15:10:02 2021]
Finished job 2035.
75 of 1618 steps (5%) done
Select jobs to execute...

[Tue Apr 20 15:10:02 2021]
Job 2162: 
        Reordering ordermarkers/best.trim/ordered.12.trimmed, iteration: 22
        

[Tue Apr 20 15:12:48 2021]
Finished job 2162.
76 of 1618 steps (5%) done
Select jobs to execute...

[Tue Apr 20 15:12:48 2021]
Job 2905: 
        Reordering ordermarkers/best.trim/ordered.27.trimmed, iteration: 1
        

[Tue Apr 20 15:14:53 2021]
Finished job 2905.
77 of 1618 steps (5%) done
Select jobs to execute...

[Tue Apr 20 15:14:53 2021]
Job 2170: 
        Reordering ordermarkers/best.trim/ordered.12.trimmed, iteration: 30
        

[Tue Apr 20 15:17:41 2021]
Finished job 2170.
78 of 1618 steps (5%) done
Select jobs to execute...

[Tue Apr 20 15:17:41 2021]
Job 2080: 
        Reordering ordermarkers/best.trim/ordered.10.trimmed, iteration: 42
        

