LR999925.1 1 100000 2818
LR999925.1 100001 200000 2982
LR999925.1 200001 300000 8081
LR999925.1 300001 400000 8099
LR999925.1 400001 500000 9876
LR999925.1 500001 600000 10236
LR999925.1 600001 700000 6802
LR999925.1 700001 800000 7667
LR999925.1 800001 900000 9255
LR999925.1 900001 1e+06 8955
LR999925.1 1e+06 1.1e+06 6240
LR999925.1 1.1e+06 1.2e+06 10401
LR999925.1 1.2e+06 1.3e+06 11407
LR999925.1 1.3e+06 1.4e+06 9210
LR999925.1 1.4e+06 1.5e+06 11341
LR999925.1 1.5e+06 1.6e+06 9552
LR999925.1 1.6e+06 1.7e+06 7863
LR999925.1 1.7e+06 1.8e+06 7141
LR999925.1 1.8e+06 1.9e+06 7399
LR999925.1 1.9e+06 2e+06 7401
LR999925.1 2e+06 2.1e+06 3191
LR999925.1 2.1e+06 2.2e+06 7413
LR999925.1 2.2e+06 2.3e+06 8429
LR999925.1 2.3e+06 2.4e+06 10091
LR999925.1 2.4e+06 2.5e+06 9394
LR999925.1 2.5e+06 2.6e+06 8543
LR999925.1 2.6e+06 2.7e+06 7320
LR999925.1 2.7e+06 2.8e+06 6003
LR999925.1 2.8e+06 2.9e+06 5395
LR999925.1 2.9e+06 3e+06 5527
LR999925.1 3e+06 3.1e+06 5951
LR999925.1 3.1e+06 3.2e+06 8456
LR999925.1 3.2e+06 3.3e+06 6547
LR999925.1 3.3e+06 3.4e+06 4344
LR999925.1 3.4e+06 3.5e+06 3267
LR999925.1 3.5e+06 3.6e+06 2178
LR999925.1 3.6e+06 3.7e+06 4121
LR999925.1 3.7e+06 3.8e+06 5059
LR999925.1 3.8e+06 3.9e+06 6966
LR999925.1 3.9e+06 4e+06 3373
LR999925.1 4e+06 4.1e+06 8239
LR999925.1 4.1e+06 4.2e+06 8353
LR999925.1 4.2e+06 4.3e+06 7259
LR999925.1 4.3e+06 4.4e+06 3458
LR999925.1 4.4e+06 4.5e+06 9305
LR999925.1 4.5e+06 4.6e+06 3720
LR999925.1 4.6e+06 4.7e+06 2696
LR999925.1 4.7e+06 4.8e+06 4506
LR999925.1 4.8e+06 4.9e+06 3975
LR999925.1 4.9e+06 5e+06 6125
LR999925.1 5e+06 5.1e+06 4216
LR999925.1 5.1e+06 5.2e+06 5062
LR999925.1 5.2e+06 5.3e+06 3354
LR999925.1 5.3e+06 5.4e+06 3729
LR999925.1 5.4e+06 5.5e+06 3851
LR999925.1 5.5e+06 5.6e+06 7571
LR999925.1 5.6e+06 5.7e+06 8235
LR999925.1 5.7e+06 5.8e+06 6073
LR999925.1 5.8e+06 5.9e+06 7736
LR999925.1 5.9e+06 6e+06 5912
LR999925.1 6e+06 6.1e+06 6592
LR999925.1 6.1e+06 6.2e+06 2855
LR999925.1 6.2e+06 6.3e+06 2279
LR999925.1 6.3e+06 6.4e+06 4495
LR999925.1 6.4e+06 6.5e+06 3198
LR999925.1 6.5e+06 6.6e+06 3160
LR999925.1 6.6e+06 6.7e+06 4102
LR999925.1 6.7e+06 6.8e+06 8564
LR999925.1 6.8e+06 6.9e+06 7174
LR999925.1 6.9e+06 7e+06 10678
LR999925.1 7e+06 7.1e+06 7248
LR999925.1 7.1e+06 7.2e+06 9998
LR999925.1 7.2e+06 7.3e+06 4237
LR999925.1 7.3e+06 7.4e+06 4421
LR999925.1 7.4e+06 7.5e+06 2578
LR999925.1 7.5e+06 7.6e+06 2296
LR999925.1 7.6e+06 7.7e+06 4510
LR999925.1 7.7e+06 7.8e+06 4669
LR999925.1 7.8e+06 7.9e+06 5757
LR999925.1 7.9e+06 8e+06 3606
LR999925.1 8e+06 8.1e+06 2387
LR999925.1 8.1e+06 8.2e+06 2550
LR999925.1 8.2e+06 8.3e+06 4033
LR999925.1 8.3e+06 8.4e+06 4449
LR999925.1 8.4e+06 8.5e+06 5144
LR999925.1 8.5e+06 8.6e+06 5109
LR999925.1 8.6e+06 8.7e+06 5684
LR999925.1 8.7e+06 8.8e+06 3212
LR999925.1 8.8e+06 8.9e+06 1649
LR999925.1 8.9e+06 9e+06 3358
LR999925.1 9e+06 9.1e+06 4943
LR999925.1 9.1e+06 9.2e+06 7435
LR999925.1 9.2e+06 9.3e+06 4053
LR999925.1 9.3e+06 9.4e+06 3356
LR999925.1 9.4e+06 9.5e+06 1886
LR999925.1 9.5e+06 9.6e+06 2996
LR999925.1 9.6e+06 9.7e+06 4522
LR999925.1 9.7e+06 9.8e+06 5619
LR999925.1 9.8e+06 9.9e+06 5157
LR999925.1 9.9e+06 1e+07 5591
LR999925.1 1e+07 1.01e+07 6554
LR999925.1 1.01e+07 1.02e+07 7035
LR999925.1 1.02e+07 1.03e+07 3834
LR999925.1 1.03e+07 1.04e+07 3905
LR999925.1 1.04e+07 1.05e+07 5320
LR999925.1 1.05e+07 1.06e+07 3942
LR999925.1 1.06e+07 1.07e+07 6740
LR999925.1 1.07e+07 1.08e+07 6994
LR999925.1 1.08e+07 1.09e+07 4120
LR999925.1 1.09e+07 1.1e+07 3264
LR999925.1 1.1e+07 1.11e+07 6213
LR999925.1 1.11e+07 1.12e+07 8287
LR999925.1 1.12e+07 1.13e+07 3066
LR999925.1 1.13e+07 1.14e+07 8766
LR999925.1 1.14e+07 1.15e+07 9577
LR999925.1 1.15e+07 1.16e+07 4827
LR999925.1 1.16e+07 1.17e+07 1339
LR999925.1 1.17e+07 1.18e+07 7629
LR999925.1 1.18e+07 1.19e+07 8420
LR999925.1 1.19e+07 1.2e+07 6827
LR999925.1 1.2e+07 1.21e+07 10400
LR999925.1 1.21e+07 1.22e+07 9334
LR999925.1 1.22e+07 1.23e+07 9922
LR999925.1 1.23e+07 1.24e+07 8289
LR999925.1 1.24e+07 1.25e+07 8892
LR999925.1 1.25e+07 1.26e+07 7667
LR999925.1 1.26e+07 1.27e+07 9861
LR999925.1 1.27e+07 1.28e+07 6956
LR999925.1 1.28e+07 1.29e+07 4321
LR999925.1 1.29e+07 1.3e+07 3369
LR999925.1 1.3e+07 1.31e+07 3618
LR999925.1 1.31e+07 1.32e+07 9944
LR999925.1 1.32e+07 1.33e+07 10759
LR999925.1 1.33e+07 1.34e+07 9044
LR999925.1 1.34e+07 1.35e+07 6738
LR999925.1 1.35e+07 1.36e+07 8173
LR999925.1 1.36e+07 1.37e+07 9106
LR999925.1 1.37e+07 1.38e+07 10490
LR999925.1 1.38e+07 1.39e+07 10637
LR999925.1 1.39e+07 1.4e+07 8179
LR999925.1 1.4e+07 1.41e+07 6222
LR999925.1 1.41e+07 1.42e+07 10427
LR999925.1 1.42e+07 1.43e+07 9519
LR999925.1 1.43e+07 1.44e+07 5980
LR999925.1 1.44e+07 1.45e+07 6557
LR999925.1 1.45e+07 1.46e+07 6654
LR999925.1 1.46e+07 1.47e+07 6704
LR999925.1 1.47e+07 1.48e+07 6418
LR999925.1 1.48e+07 1.49e+07 2703
LR999925.1 1.49e+07 1.5e+07 2330
LR999925.1 1.5e+07 1.51e+07 7005
LR999925.1 1.51e+07 1.52e+07 4372
LR999925.1 1.52e+07 1.53e+07 7423
LR999925.1 1.53e+07 1.54e+07 7182
LR999925.1 1.54e+07 1.55e+07 7095
LR999925.1 1.55e+07 1.56e+07 6262
LR999925.1 1.56e+07 1.57e+07 5146
LR999925.1 1.57e+07 1.58e+07 7126
LR999925.1 1.58e+07 1.59e+07 8059
LR999925.1 1.59e+07 1.6e+07 6089
LR999925.1 1.6e+07 1.61e+07 8024
LR999925.1 1.61e+07 1.62e+07 7947
LR999925.1 1.62e+07 1.63e+07 8091
LR999925.1 1.63e+07 1.64e+07 5475
LR999925.1 1.64e+07 1.65e+07 4549
LR999925.1 1.65e+07 1.66e+07 1218
LR999925.1 1.66e+07 16607008 
