LR999951.1 1 100000 5135
LR999951.1 100001 200000 14121
LR999951.1 200001 300000 15307
LR999951.1 300001 400000 10717
LR999951.1 400001 500000 10923
LR999951.1 500001 600000 13710
LR999951.1 600001 700000 14297
LR999951.1 700001 800000 12579
LR999951.1 800001 900000 14420
LR999951.1 900001 1e+06 11933
LR999951.1 1e+06 1.1e+06 12994
LR999951.1 1.1e+06 1.2e+06 16006
LR999951.1 1.2e+06 1.3e+06 13240
LR999951.1 1.3e+06 1.4e+06 12508
LR999951.1 1.4e+06 1.5e+06 11153
LR999951.1 1.5e+06 1.6e+06 8890
LR999951.1 1.6e+06 1.7e+06 12815
LR999951.1 1.7e+06 1.8e+06 9182
LR999951.1 1.8e+06 1.9e+06 11911
LR999951.1 1.9e+06 2e+06 9510
LR999951.1 2e+06 2.1e+06 7351
LR999951.1 2.1e+06 2.2e+06 10211
LR999951.1 2.2e+06 2.3e+06 9681
LR999951.1 2.3e+06 2.4e+06 10149
LR999951.1 2.4e+06 2.5e+06 8702
LR999951.1 2.5e+06 2.6e+06 5182
LR999951.1 2.6e+06 2.7e+06 9672
LR999951.1 2.7e+06 2.8e+06 3944
LR999951.1 2.8e+06 2.9e+06 4078
LR999951.1 2.9e+06 3e+06 6316
LR999951.1 3e+06 3.1e+06 8604
LR999951.1 3.1e+06 3.2e+06 12247
LR999951.1 3.2e+06 3.3e+06 10492
LR999951.1 3.3e+06 3.4e+06 13513
LR999951.1 3.4e+06 3.5e+06 13747
LR999951.1 3.5e+06 3.6e+06 12944
LR999951.1 3.6e+06 3.7e+06 8073
LR999951.1 3.7e+06 3.8e+06 4398
LR999951.1 3.8e+06 3.9e+06 3538
LR999951.1 3.9e+06 4e+06 5947
LR999951.1 4e+06 4.1e+06 6889
LR999951.1 4.1e+06 4.2e+06 7745
LR999951.1 4.2e+06 4.3e+06 8630
LR999951.1 4.3e+06 4.4e+06 9375
LR999951.1 4.4e+06 4.5e+06 13132
LR999951.1 4.5e+06 4.6e+06 15580
LR999951.1 4.6e+06 4.7e+06 7365
LR999951.1 4.7e+06 4.8e+06 11375
LR999951.1 4.8e+06 4.9e+06 13641
LR999951.1 4.9e+06 5e+06 10787
LR999951.1 5e+06 5.1e+06 14733
LR999951.1 5.1e+06 5.2e+06 13599
LR999951.1 5.2e+06 5.3e+06 10665
LR999951.1 5.3e+06 5.4e+06 13902
LR999951.1 5.4e+06 5.5e+06 14900
LR999951.1 5.5e+06 5.6e+06 11627
LR999951.1 5.6e+06 5.7e+06 11733
LR999951.1 5.7e+06 5.8e+06 16354
LR999951.1 5.8e+06 5.9e+06 12674
LR999951.1 5.9e+06 6e+06 11476
LR999951.1 6e+06 6.1e+06 10753
LR999951.1 6.1e+06 6.2e+06 8256
LR999951.1 6.2e+06 6.3e+06 12722
LR999951.1 6.3e+06 6.4e+06 13774
LR999951.1 6.4e+06 6.5e+06 11666
LR999951.1 6.5e+06 6.6e+06 14014
LR999951.1 6.6e+06 6.7e+06 12431
LR999951.1 6.7e+06 6.8e+06 13301
LR999951.1 6.8e+06 6.9e+06 15062
LR999951.1 6.9e+06 7e+06 11939
LR999951.1 7e+06 7.1e+06 11790
LR999951.1 7.1e+06 7.2e+06 14504
LR999951.1 7.2e+06 7.3e+06 6613
LR999951.1 7.3e+06 7.4e+06 8246
LR999951.1 7.4e+06 7.5e+06 8842
LR999951.1 7.5e+06 7.6e+06 9561
LR999951.1 7.6e+06 7.7e+06 9765
LR999951.1 7.7e+06 7.8e+06 7563
LR999951.1 7.8e+06 7.9e+06 11367
LR999951.1 7.9e+06 8e+06 11514
LR999951.1 8e+06 8.1e+06 10984
LR999951.1 8.1e+06 8.2e+06 7371
LR999951.1 8.2e+06 8.3e+06 8495
LR999951.1 8.3e+06 8.4e+06 12508
LR999951.1 8.4e+06 8.5e+06 10362
LR999951.1 8.5e+06 8.6e+06 10678
LR999951.1 8.6e+06 8.7e+06 9414
LR999951.1 8.7e+06 8.8e+06 9985
LR999951.1 8.8e+06 8.9e+06 10105
LR999951.1 8.9e+06 9e+06 13505
LR999951.1 9e+06 9.1e+06 7589
LR999951.1 9.1e+06 9.2e+06 5316
LR999951.1 9.2e+06 9.3e+06 9001
LR999951.1 9.3e+06 9.4e+06 8392
LR999951.1 9.4e+06 9.5e+06 13248
LR999951.1 9.5e+06 9.6e+06 9758
LR999951.1 9.6e+06 9.7e+06 8125
LR999951.1 9.7e+06 9.8e+06 4143
LR999951.1 9.8e+06 9839934 
