LR999936.1 1 100000 2883
LR999936.1 100001 200000 6704
LR999936.1 200001 300000 4118
LR999936.1 300001 400000 6474
LR999936.1 400001 500000 2249
LR999936.1 500001 600000 7167
LR999936.1 600001 700000 7408
LR999936.1 700001 800000 7124
LR999936.1 800001 900000 5788
LR999936.1 900001 1e+06 10715
LR999936.1 1e+06 1.1e+06 8910
LR999936.1 1.1e+06 1.2e+06 6535
LR999936.1 1.2e+06 1.3e+06 5374
LR999936.1 1.3e+06 1.4e+06 6662
LR999936.1 1.4e+06 1.5e+06 7134
LR999936.1 1.5e+06 1.6e+06 4822
LR999936.1 1.6e+06 1.7e+06 5946
LR999936.1 1.7e+06 1.8e+06 7786
LR999936.1 1.8e+06 1.9e+06 7770
LR999936.1 1.9e+06 2e+06 6778
LR999936.1 2e+06 2.1e+06 8291
LR999936.1 2.1e+06 2.2e+06 11968
LR999936.1 2.2e+06 2.3e+06 12828
LR999936.1 2.3e+06 2.4e+06 11193
LR999936.1 2.4e+06 2.5e+06 14380
LR999936.1 2.5e+06 2.6e+06 10242
LR999936.1 2.6e+06 2.7e+06 9258
LR999936.1 2.7e+06 2.8e+06 9054
LR999936.1 2.8e+06 2.9e+06 11151
LR999936.1 2.9e+06 3e+06 6841
LR999936.1 3e+06 3.1e+06 7917
LR999936.1 3.1e+06 3.2e+06 6059
LR999936.1 3.2e+06 3.3e+06 12380
LR999936.1 3.3e+06 3.4e+06 12581
LR999936.1 3.4e+06 3.5e+06 8887
LR999936.1 3.5e+06 3.6e+06 4901
LR999936.1 3.6e+06 3.7e+06 9124
LR999936.1 3.7e+06 3.8e+06 5700
LR999936.1 3.8e+06 3.9e+06 6366
LR999936.1 3.9e+06 4e+06 5083
LR999936.1 4e+06 4.1e+06 5961
LR999936.1 4.1e+06 4.2e+06 8496
LR999936.1 4.2e+06 4.3e+06 12119
LR999936.1 4.3e+06 4.4e+06 8397
LR999936.1 4.4e+06 4.5e+06 5837
LR999936.1 4.5e+06 4.6e+06 5147
LR999936.1 4.6e+06 4.7e+06 5051
LR999936.1 4.7e+06 4.8e+06 3835
LR999936.1 4.8e+06 4.9e+06 5755
LR999936.1 4.9e+06 5e+06 1735
LR999936.1 5e+06 5.1e+06 4698
LR999936.1 5.1e+06 5.2e+06 2864
LR999936.1 5.2e+06 5.3e+06 4128
LR999936.1 5.3e+06 5.4e+06 5081
LR999936.1 5.4e+06 5.5e+06 5387
LR999936.1 5.5e+06 5.6e+06 6031
LR999936.1 5.6e+06 5.7e+06 5708
LR999936.1 5.7e+06 5.8e+06 4768
LR999936.1 5.8e+06 5.9e+06 3800
LR999936.1 5.9e+06 6e+06 2739
LR999936.1 6e+06 6.1e+06 2164
LR999936.1 6.1e+06 6.2e+06 8669
LR999936.1 6.2e+06 6.3e+06 6437
LR999936.1 6.3e+06 6.4e+06 7168
LR999936.1 6.4e+06 6.5e+06 6917
LR999936.1 6.5e+06 6.6e+06 5323
LR999936.1 6.6e+06 6.7e+06 5671
LR999936.1 6.7e+06 6.8e+06 5183
LR999936.1 6.8e+06 6.9e+06 2767
LR999936.1 6.9e+06 7e+06 2123
LR999936.1 7e+06 7.1e+06 4299
LR999936.1 7.1e+06 7.2e+06 4563
LR999936.1 7.2e+06 7.3e+06 7062
LR999936.1 7.3e+06 7.4e+06 9358
LR999936.1 7.4e+06 7.5e+06 9267
LR999936.1 7.5e+06 7.6e+06 6618
LR999936.1 7.6e+06 7.7e+06 7868
LR999936.1 7.7e+06 7.8e+06 9642
LR999936.1 7.8e+06 7.9e+06 7822
LR999936.1 7.9e+06 8e+06 1915
LR999936.1 8e+06 8.1e+06 3602
LR999936.1 8.1e+06 8.2e+06 5146
LR999936.1 8.2e+06 8.3e+06 8211
LR999936.1 8.3e+06 8.4e+06 6093
LR999936.1 8.4e+06 8.5e+06 3799
LR999936.1 8.5e+06 8.6e+06 4139
LR999936.1 8.6e+06 8.7e+06 3034
LR999936.1 8.7e+06 8.8e+06 6417
LR999936.1 8.8e+06 8.9e+06 5250
LR999936.1 8.9e+06 9e+06 9512
LR999936.1 9e+06 9.1e+06 11544
LR999936.1 9.1e+06 9.2e+06 8287
LR999936.1 9.2e+06 9.3e+06 10965
LR999936.1 9.3e+06 9.4e+06 10498
LR999936.1 9.4e+06 9.5e+06 7653
LR999936.1 9.5e+06 9.6e+06 8366
LR999936.1 9.6e+06 9.7e+06 8504
LR999936.1 9.7e+06 9.8e+06 5971
LR999936.1 9.8e+06 9.9e+06 5818
LR999936.1 9.9e+06 1e+07 5894
LR999936.1 1e+07 1.01e+07 6657
LR999936.1 1.01e+07 1.02e+07 7369
LR999936.1 1.02e+07 1.03e+07 9216
LR999936.1 1.03e+07 1.04e+07 7199
LR999936.1 1.04e+07 1.05e+07 9117
LR999936.1 1.05e+07 1.06e+07 5419
LR999936.1 1.06e+07 1.07e+07 6916
LR999936.1 1.07e+07 1.08e+07 10217
LR999936.1 1.08e+07 1.09e+07 5620
LR999936.1 1.09e+07 1.1e+07 7246
LR999936.1 1.1e+07 1.11e+07 7767
LR999936.1 1.11e+07 1.12e+07 8217
LR999936.1 1.12e+07 1.13e+07 8519
LR999936.1 1.13e+07 1.14e+07 7335
LR999936.1 1.14e+07 1.15e+07 6930
LR999936.1 1.15e+07 1.16e+07 5279
LR999936.1 1.16e+07 1.17e+07 9996
LR999936.1 1.17e+07 1.18e+07 11465
LR999936.1 1.18e+07 1.19e+07 9197
LR999936.1 1.19e+07 1.2e+07 8978
LR999936.1 1.2e+07 1.21e+07 8976
LR999936.1 1.21e+07 1.22e+07 13289
LR999936.1 1.22e+07 1.23e+07 9526
LR999936.1 1.23e+07 1.24e+07 7591
LR999936.1 1.24e+07 1.25e+07 10699
LR999936.1 1.25e+07 1.26e+07 10258
LR999936.1 1.26e+07 1.27e+07 8493
LR999936.1 1.27e+07 1.28e+07 11179
LR999936.1 1.28e+07 1.29e+07 10532
LR999936.1 1.29e+07 1.3e+07 6807
LR999936.1 1.3e+07 1.31e+07 5953
LR999936.1 1.31e+07 1.32e+07 8677
LR999936.1 1.32e+07 1.33e+07 7726
LR999936.1 1.33e+07 1.34e+07 5299
LR999936.1 1.34e+07 1.35e+07 6003
LR999936.1 1.35e+07 1.36e+07 8194
LR999936.1 1.36e+07 1.37e+07 8777
LR999936.1 1.37e+07 1.38e+07 11915
LR999936.1 1.38e+07 1.39e+07 10770
LR999936.1 1.39e+07 1.4e+07 10941
LR999936.1 1.4e+07 1.41e+07 7592
LR999936.1 1.41e+07 1.42e+07 9988
LR999936.1 1.42e+07 1.43e+07 15292
LR999936.1 1.43e+07 1.44e+07 8059
LR999936.1 1.44e+07 1.45e+07 2190
LR999936.1 1.45e+07 1.46e+07 5401
LR999936.1 1.46e+07 1.47e+07 5994
LR999936.1 1.47e+07 14774369 1337
