LR999930.1 1 100000 1284
LR999930.1 100001 200000 2942
LR999930.1 200001 300000 6124
LR999930.1 300001 400000 8660
LR999930.1 400001 500000 7760
LR999930.1 500001 600000 9670
LR999930.1 600001 700000 6857
LR999930.1 700001 800000 6569
LR999930.1 800001 900000 10079
LR999930.1 900001 1e+06 7279
LR999930.1 1e+06 1.1e+06 8456
LR999930.1 1.1e+06 1.2e+06 6216
LR999930.1 1.2e+06 1.3e+06 8935
LR999930.1 1.3e+06 1.4e+06 9488
LR999930.1 1.4e+06 1.5e+06 6998
LR999930.1 1.5e+06 1.6e+06 10507
LR999930.1 1.6e+06 1.7e+06 8849
LR999930.1 1.7e+06 1.8e+06 6357
LR999930.1 1.8e+06 1.9e+06 7931
LR999930.1 1.9e+06 2e+06 5219
LR999930.1 2e+06 2.1e+06 3622
LR999930.1 2.1e+06 2.2e+06 3540
LR999930.1 2.2e+06 2.3e+06 6503
LR999930.1 2.3e+06 2.4e+06 3197
LR999930.1 2.4e+06 2.5e+06 4877
LR999930.1 2.5e+06 2.6e+06 2962
LR999930.1 2.6e+06 2.7e+06 4469
LR999930.1 2.7e+06 2.8e+06 4625
LR999930.1 2.8e+06 2.9e+06 4037
LR999930.1 2.9e+06 3e+06 4782
LR999930.1 3e+06 3.1e+06 3058
LR999930.1 3.1e+06 3.2e+06 3547
LR999930.1 3.2e+06 3.3e+06 5472
LR999930.1 3.3e+06 3.4e+06 6563
LR999930.1 3.4e+06 3.5e+06 8084
LR999930.1 3.5e+06 3.6e+06 4528
LR999930.1 3.6e+06 3.7e+06 8062
LR999930.1 3.7e+06 3.8e+06 5784
LR999930.1 3.8e+06 3.9e+06 7444
LR999930.1 3.9e+06 4e+06 8490
LR999930.1 4e+06 4.1e+06 6306
LR999930.1 4.1e+06 4.2e+06 7892
LR999930.1 4.2e+06 4.3e+06 5824
LR999930.1 4.3e+06 4.4e+06 6055
LR999930.1 4.4e+06 4.5e+06 2002
LR999930.1 4.5e+06 4.6e+06 3087
LR999930.1 4.6e+06 4.7e+06 4964
LR999930.1 4.7e+06 4.8e+06 9190
LR999930.1 4.8e+06 4.9e+06 7314
LR999930.1 4.9e+06 5e+06 6152
LR999930.1 5e+06 5.1e+06 5140
LR999930.1 5.1e+06 5.2e+06 5442
LR999930.1 5.2e+06 5.3e+06 5591
LR999930.1 5.3e+06 5.4e+06 5776
LR999930.1 5.4e+06 5.5e+06 4076
LR999930.1 5.5e+06 5.6e+06 3792
LR999930.1 5.6e+06 5.7e+06 5340
LR999930.1 5.7e+06 5.8e+06 6782
LR999930.1 5.8e+06 5.9e+06 6470
LR999930.1 5.9e+06 6e+06 7303
LR999930.1 6e+06 6.1e+06 3556
LR999930.1 6.1e+06 6.2e+06 6359
LR999930.1 6.2e+06 6.3e+06 5761
LR999930.1 6.3e+06 6.4e+06 5112
LR999930.1 6.4e+06 6.5e+06 6280
LR999930.1 6.5e+06 6.6e+06 3316
LR999930.1 6.6e+06 6.7e+06 1789
LR999930.1 6.7e+06 6.8e+06 2651
LR999930.1 6.8e+06 6.9e+06 3840
LR999930.1 6.9e+06 7e+06 5015
LR999930.1 7e+06 7.1e+06 6475
LR999930.1 7.1e+06 7.2e+06 5322
LR999930.1 7.2e+06 7.3e+06 2693
LR999930.1 7.3e+06 7.4e+06 3313
LR999930.1 7.4e+06 7.5e+06 2907
LR999930.1 7.5e+06 7.6e+06 4199
LR999930.1 7.6e+06 7.7e+06 4068
LR999930.1 7.7e+06 7.8e+06 4137
LR999930.1 7.8e+06 7.9e+06 4770
LR999930.1 7.9e+06 8e+06 2860
LR999930.1 8e+06 8.1e+06 5165
LR999930.1 8.1e+06 8.2e+06 4277
LR999930.1 8.2e+06 8.3e+06 3760
LR999930.1 8.3e+06 8.4e+06 6118
LR999930.1 8.4e+06 8.5e+06 4274
LR999930.1 8.5e+06 8.6e+06 4280
LR999930.1 8.6e+06 8.7e+06 5527
LR999930.1 8.7e+06 8.8e+06 5053
LR999930.1 8.8e+06 8.9e+06 5929
LR999930.1 8.9e+06 9e+06 4447
LR999930.1 9e+06 9.1e+06 5520
LR999930.1 9.1e+06 9.2e+06 5126
LR999930.1 9.2e+06 9.3e+06 4124
LR999930.1 9.3e+06 9.4e+06 5415
LR999930.1 9.4e+06 9.5e+06 5922
LR999930.1 9.5e+06 9.6e+06 4623
LR999930.1 9.6e+06 9.7e+06 6305
LR999930.1 9.7e+06 9.8e+06 5425
LR999930.1 9.8e+06 9.9e+06 4937
LR999930.1 9.9e+06 1e+07 7132
LR999930.1 1e+07 1.01e+07 3736
LR999930.1 1.01e+07 1.02e+07 5774
LR999930.1 1.02e+07 1.03e+07 8605
LR999930.1 1.03e+07 1.04e+07 9154
LR999930.1 1.04e+07 1.05e+07 10053
LR999930.1 1.05e+07 1.06e+07 8344
LR999930.1 1.06e+07 1.07e+07 9004
LR999930.1 1.07e+07 1.08e+07 7696
LR999930.1 1.08e+07 1.09e+07 8809
LR999930.1 1.09e+07 1.1e+07 8258
LR999930.1 1.1e+07 1.11e+07 8609
LR999930.1 1.11e+07 1.12e+07 4316
LR999930.1 1.12e+07 1.13e+07 5834
LR999930.1 1.13e+07 1.14e+07 10620
LR999930.1 1.14e+07 1.15e+07 9022
LR999930.1 1.15e+07 1.16e+07 10081
LR999930.1 1.16e+07 1.17e+07 8217
LR999930.1 1.17e+07 1.18e+07 7729
LR999930.1 1.18e+07 1.19e+07 10693
LR999930.1 1.19e+07 1.2e+07 7947
LR999930.1 1.2e+07 1.21e+07 7565
LR999930.1 1.21e+07 1.22e+07 6110
LR999930.1 1.22e+07 1.23e+07 7818
LR999930.1 1.23e+07 1.24e+07 10051
LR999930.1 1.24e+07 1.25e+07 7963
LR999930.1 1.25e+07 1.26e+07 7839
LR999930.1 1.26e+07 1.27e+07 8592
LR999930.1 1.27e+07 1.28e+07 9867
LR999930.1 1.28e+07 1.29e+07 11609
LR999930.1 1.29e+07 1.3e+07 12362
LR999930.1 1.3e+07 1.31e+07 8057
LR999930.1 1.31e+07 1.32e+07 10174
LR999930.1 1.32e+07 1.33e+07 8916
LR999930.1 1.33e+07 1.34e+07 10509
LR999930.1 1.34e+07 1.35e+07 6273
LR999930.1 1.35e+07 1.36e+07 6947
LR999930.1 1.36e+07 1.37e+07 4764
LR999930.1 1.37e+07 1.38e+07 3714
LR999930.1 1.38e+07 1.39e+07 3348
LR999930.1 1.39e+07 1.4e+07 5519
LR999930.1 1.4e+07 1.41e+07 10960
LR999930.1 1.41e+07 1.42e+07 5889
LR999930.1 1.42e+07 1.43e+07 8781
LR999930.1 1.43e+07 1.44e+07 11748
LR999930.1 1.44e+07 1.45e+07 10122
LR999930.1 1.45e+07 1.46e+07 6735
LR999930.1 1.46e+07 1.47e+07 7042
LR999930.1 1.47e+07 1.48e+07 7088
LR999930.1 1.48e+07 1.49e+07 13303
LR999930.1 1.49e+07 1.5e+07 11733
LR999930.1 1.5e+07 1.51e+07 12909
LR999930.1 1.51e+07 1.52e+07 10823
LR999930.1 1.52e+07 1.53e+07 11208
LR999930.1 1.53e+07 1.54e+07 12212
LR999930.1 1.54e+07 1.55e+07 5760
LR999930.1 1.55e+07 1.56e+07 1024
LR999930.1 1.56e+07 1.57e+07 2845
LR999930.1 1.57e+07 15715213 
