LR999926.1 1 100000 2139
LR999926.1 100001 200000 4017
LR999926.1 200001 300000 1549
LR999926.1 300001 400000 2706
LR999926.1 400001 500000 1263
LR999926.1 500001 600000 4402
LR999926.1 600001 700000 6136
LR999926.1 700001 800000 5939
LR999926.1 800001 900000 4941
LR999926.1 900001 1e+06 7220
LR999926.1 1e+06 1.1e+06 6120
LR999926.1 1.1e+06 1.2e+06 3261
LR999926.1 1.2e+06 1.3e+06 2644
LR999926.1 1.3e+06 1.4e+06 4731
LR999926.1 1.4e+06 1.5e+06 4904
LR999926.1 1.5e+06 1.6e+06 6072
LR999926.1 1.6e+06 1.7e+06 8134
LR999926.1 1.7e+06 1.8e+06 9664
LR999926.1 1.8e+06 1.9e+06 5652
LR999926.1 1.9e+06 2e+06 6921
LR999926.1 2e+06 2.1e+06 7850
LR999926.1 2.1e+06 2.2e+06 13864
LR999926.1 2.2e+06 2.3e+06 11471
LR999926.1 2.3e+06 2.4e+06 7724
LR999926.1 2.4e+06 2.5e+06 12991
LR999926.1 2.5e+06 2.6e+06 6600
LR999926.1 2.6e+06 2.7e+06 7333
LR999926.1 2.7e+06 2.8e+06 10066
LR999926.1 2.8e+06 2.9e+06 9867
LR999926.1 2.9e+06 3e+06 12437
LR999926.1 3e+06 3.1e+06 10129
LR999926.1 3.1e+06 3.2e+06 6240
LR999926.1 3.2e+06 3.3e+06 4972
LR999926.1 3.3e+06 3.4e+06 6569
LR999926.1 3.4e+06 3.5e+06 6441
LR999926.1 3.5e+06 3.6e+06 3167
LR999926.1 3.6e+06 3.7e+06 4438
LR999926.1 3.7e+06 3.8e+06 3757
LR999926.1 3.8e+06 3.9e+06 8358
LR999926.1 3.9e+06 4e+06 7482
LR999926.1 4e+06 4.1e+06 5832
LR999926.1 4.1e+06 4.2e+06 4594
LR999926.1 4.2e+06 4.3e+06 5241
LR999926.1 4.3e+06 4.4e+06 3035
LR999926.1 4.4e+06 4.5e+06 2260
LR999926.1 4.5e+06 4.6e+06 1528
LR999926.1 4.6e+06 4.7e+06 3926
LR999926.1 4.7e+06 4.8e+06 2658
LR999926.1 4.8e+06 4.9e+06 3783
LR999926.1 4.9e+06 5e+06 3362
LR999926.1 5e+06 5.1e+06 6041
LR999926.1 5.1e+06 5.2e+06 7878
LR999926.1 5.2e+06 5.3e+06 7091
LR999926.1 5.3e+06 5.4e+06 3826
LR999926.1 5.4e+06 5.5e+06 7387
LR999926.1 5.5e+06 5.6e+06 8777
LR999926.1 5.6e+06 5.7e+06 2514
LR999926.1 5.7e+06 5.8e+06 5628
LR999926.1 5.8e+06 5.9e+06 6797
LR999926.1 5.9e+06 6e+06 8720
LR999926.1 6e+06 6.1e+06 6507
LR999926.1 6.1e+06 6.2e+06 7901
LR999926.1 6.2e+06 6.3e+06 4062
LR999926.1 6.3e+06 6.4e+06 3724
LR999926.1 6.4e+06 6.5e+06 3838
LR999926.1 6.5e+06 6.6e+06 6469
LR999926.1 6.6e+06 6.7e+06 5491
LR999926.1 6.7e+06 6.8e+06 5762
LR999926.1 6.8e+06 6.9e+06 5402
LR999926.1 6.9e+06 7e+06 5188
LR999926.1 7e+06 7.1e+06 5049
LR999926.1 7.1e+06 7.2e+06 4741
LR999926.1 7.2e+06 7.3e+06 6636
LR999926.1 7.3e+06 7.4e+06 6181
LR999926.1 7.4e+06 7.5e+06 3215
LR999926.1 7.5e+06 7.6e+06 3197
LR999926.1 7.6e+06 7.7e+06 2040
LR999926.1 7.7e+06 7.8e+06 9008
LR999926.1 7.8e+06 7.9e+06 6147
LR999926.1 7.9e+06 8e+06 2999
LR999926.1 8e+06 8.1e+06 7212
LR999926.1 8.1e+06 8.2e+06 8287
LR999926.1 8.2e+06 8.3e+06 8868
LR999926.1 8.3e+06 8.4e+06 4994
LR999926.1 8.4e+06 8.5e+06 6347
LR999926.1 8.5e+06 8.6e+06 5932
LR999926.1 8.6e+06 8.7e+06 7614
LR999926.1 8.7e+06 8.8e+06 5336
LR999926.1 8.8e+06 8.9e+06 6006
LR999926.1 8.9e+06 9e+06 9583
LR999926.1 9e+06 9.1e+06 6352
LR999926.1 9.1e+06 9.2e+06 3421
LR999926.1 9.2e+06 9.3e+06 1618
LR999926.1 9.3e+06 9.4e+06 3244
LR999926.1 9.4e+06 9.5e+06 2063
LR999926.1 9.5e+06 9.6e+06 1934
LR999926.1 9.6e+06 9.7e+06 5310
LR999926.1 9.7e+06 9.8e+06 3646
LR999926.1 9.8e+06 9.9e+06 8374
LR999926.1 9.9e+06 1e+07 4544
LR999926.1 1e+07 1.01e+07 4789
LR999926.1 1.01e+07 1.02e+07 4217
LR999926.1 1.02e+07 1.03e+07 3719
LR999926.1 1.03e+07 1.04e+07 5198
LR999926.1 1.04e+07 1.05e+07 12678
LR999926.1 1.05e+07 1.06e+07 5807
LR999926.1 1.06e+07 1.07e+07 7203
LR999926.1 1.07e+07 1.08e+07 7055
LR999926.1 1.08e+07 1.09e+07 7935
LR999926.1 1.09e+07 1.1e+07 2545
LR999926.1 1.1e+07 1.11e+07 3275
LR999926.1 1.11e+07 1.12e+07 5537
LR999926.1 1.12e+07 1.13e+07 5811
LR999926.1 1.13e+07 1.14e+07 4305
LR999926.1 1.14e+07 1.15e+07 4904
LR999926.1 1.15e+07 1.16e+07 8511
LR999926.1 1.16e+07 1.17e+07 6169
LR999926.1 1.17e+07 1.18e+07 4796
LR999926.1 1.18e+07 1.19e+07 8656
LR999926.1 1.19e+07 1.2e+07 11293
LR999926.1 1.2e+07 1.21e+07 9819
LR999926.1 1.21e+07 1.22e+07 7690
LR999926.1 1.22e+07 1.23e+07 4412
LR999926.1 1.23e+07 1.24e+07 7195
LR999926.1 1.24e+07 1.25e+07 13929
LR999926.1 1.25e+07 1.26e+07 10022
LR999926.1 1.26e+07 1.27e+07 10876
LR999926.1 1.27e+07 1.28e+07 9154
LR999926.1 1.28e+07 1.29e+07 9736
LR999926.1 1.29e+07 1.3e+07 7422
LR999926.1 1.3e+07 1.31e+07 7487
LR999926.1 1.31e+07 1.32e+07 5438
LR999926.1 1.32e+07 1.33e+07 5973
LR999926.1 1.33e+07 1.34e+07 5518
LR999926.1 1.34e+07 1.35e+07 3988
LR999926.1 1.35e+07 1.36e+07 8671
LR999926.1 1.36e+07 1.37e+07 9620
LR999926.1 1.37e+07 1.38e+07 8801
LR999926.1 1.38e+07 1.39e+07 7606
LR999926.1 1.39e+07 1.4e+07 9552
LR999926.1 1.4e+07 1.41e+07 10623
LR999926.1 1.41e+07 1.42e+07 12086
LR999926.1 1.42e+07 1.43e+07 11583
LR999926.1 1.43e+07 1.44e+07 10876
LR999926.1 1.44e+07 1.45e+07 9568
LR999926.1 1.45e+07 1.46e+07 9003
LR999926.1 1.46e+07 1.47e+07 11213
LR999926.1 1.47e+07 1.48e+07 9355
LR999926.1 1.48e+07 1.49e+07 10307
LR999926.1 1.49e+07 1.5e+07 12234
LR999926.1 1.5e+07 1.51e+07 8625
LR999926.1 1.51e+07 1.52e+07 9967
LR999926.1 1.52e+07 1.53e+07 8566
LR999926.1 1.53e+07 1.54e+07 6604
LR999926.1 1.54e+07 1.55e+07 9005
LR999926.1 1.55e+07 1.56e+07 6731
LR999926.1 1.56e+07 1.57e+07 8236
LR999926.1 1.57e+07 1.58e+07 7809
LR999926.1 1.58e+07 1.59e+07 8351
LR999926.1 1.59e+07 1.6e+07 7025
LR999926.1 1.6e+07 1.61e+07 8192
LR999926.1 1.61e+07 1.62e+07 5485
LR999926.1 1.62e+07 1.63e+07 1714
LR999926.1 1.63e+07 16362069 821
