LR999928.1 1 100000 2177
LR999928.1 100001 200000 7961
LR999928.1 200001 300000 8205
LR999928.1 300001 400000 9495
LR999928.1 400001 500000 10388
LR999928.1 500001 600000 8925
LR999928.1 600001 700000 11045
LR999928.1 700001 800000 13776
LR999928.1 800001 900000 9044
LR999928.1 900001 1e+06 6849
LR999928.1 1e+06 1.1e+06 6149
LR999928.1 1.1e+06 1.2e+06 3303
LR999928.1 1.2e+06 1.3e+06 9927
LR999928.1 1.3e+06 1.4e+06 11151
LR999928.1 1.4e+06 1.5e+06 8462
LR999928.1 1.5e+06 1.6e+06 7262
LR999928.1 1.6e+06 1.7e+06 9791
LR999928.1 1.7e+06 1.8e+06 9568
LR999928.1 1.8e+06 1.9e+06 8810
LR999928.1 1.9e+06 2e+06 12446
LR999928.1 2e+06 2.1e+06 7198
LR999928.1 2.1e+06 2.2e+06 6727
LR999928.1 2.2e+06 2.3e+06 8365
LR999928.1 2.3e+06 2.4e+06 7032
LR999928.1 2.4e+06 2.5e+06 8843
LR999928.1 2.5e+06 2.6e+06 5910
LR999928.1 2.6e+06 2.7e+06 6269
LR999928.1 2.7e+06 2.8e+06 6231
LR999928.1 2.8e+06 2.9e+06 3744
LR999928.1 2.9e+06 3e+06 8220
LR999928.1 3e+06 3.1e+06 7494
LR999928.1 3.1e+06 3.2e+06 3031
LR999928.1 3.2e+06 3.3e+06 8299
LR999928.1 3.3e+06 3.4e+06 7958
LR999928.1 3.4e+06 3.5e+06 8294
LR999928.1 3.5e+06 3.6e+06 8195
LR999928.1 3.6e+06 3.7e+06 9140
LR999928.1 3.7e+06 3.8e+06 7368
LR999928.1 3.8e+06 3.9e+06 7699
LR999928.1 3.9e+06 4e+06 8592
LR999928.1 4e+06 4.1e+06 9601
LR999928.1 4.1e+06 4.2e+06 8878
LR999928.1 4.2e+06 4.3e+06 6787
LR999928.1 4.3e+06 4.4e+06 6462
LR999928.1 4.4e+06 4.5e+06 2299
LR999928.1 4.5e+06 4.6e+06 5517
LR999928.1 4.6e+06 4.7e+06 6274
LR999928.1 4.7e+06 4.8e+06 6842
LR999928.1 4.8e+06 4.9e+06 7314
LR999928.1 4.9e+06 5e+06 9076
LR999928.1 5e+06 5.1e+06 7056
LR999928.1 5.1e+06 5.2e+06 6332
LR999928.1 5.2e+06 5.3e+06 3686
LR999928.1 5.3e+06 5.4e+06 6213
LR999928.1 5.4e+06 5.5e+06 5999
LR999928.1 5.5e+06 5.6e+06 6611
LR999928.1 5.6e+06 5.7e+06 5745
LR999928.1 5.7e+06 5.8e+06 10012
LR999928.1 5.8e+06 5.9e+06 5468
LR999928.1 5.9e+06 6e+06 6876
LR999928.1 6e+06 6.1e+06 3629
LR999928.1 6.1e+06 6.2e+06 3821
LR999928.1 6.2e+06 6.3e+06 3334
LR999928.1 6.3e+06 6.4e+06 2570
LR999928.1 6.4e+06 6.5e+06 4520
LR999928.1 6.5e+06 6.6e+06 2147
LR999928.1 6.6e+06 6.7e+06 4007
LR999928.1 6.7e+06 6.8e+06 3791
LR999928.1 6.8e+06 6.9e+06 1283
LR999928.1 6.9e+06 7e+06 4996
LR999928.1 7e+06 7.1e+06 3509
LR999928.1 7.1e+06 7.2e+06 6106
LR999928.1 7.2e+06 7.3e+06 6705
LR999928.1 7.3e+06 7.4e+06 3506
LR999928.1 7.4e+06 7.5e+06 3514
LR999928.1 7.5e+06 7.6e+06 4783
LR999928.1 7.6e+06 7.7e+06 5736
LR999928.1 7.7e+06 7.8e+06 3861
LR999928.1 7.8e+06 7.9e+06 2896
LR999928.1 7.9e+06 8e+06 2643
LR999928.1 8e+06 8.1e+06 3271
LR999928.1 8.1e+06 8.2e+06 6021
LR999928.1 8.2e+06 8.3e+06 6662
LR999928.1 8.3e+06 8.4e+06 5341
LR999928.1 8.4e+06 8.5e+06 2326
LR999928.1 8.5e+06 8.6e+06 9124
LR999928.1 8.6e+06 8.7e+06 5725
LR999928.1 8.7e+06 8.8e+06 6091
LR999928.1 8.8e+06 8.9e+06 3785
LR999928.1 8.9e+06 9e+06 5562
LR999928.1 9e+06 9.1e+06 4934
LR999928.1 9.1e+06 9.2e+06 4554
LR999928.1 9.2e+06 9.3e+06 2730
LR999928.1 9.3e+06 9.4e+06 4298
LR999928.1 9.4e+06 9.5e+06 4370
LR999928.1 9.5e+06 9.6e+06 4551
LR999928.1 9.6e+06 9.7e+06 4958
LR999928.1 9.7e+06 9.8e+06 4040
LR999928.1 9.8e+06 9.9e+06 3198
LR999928.1 9.9e+06 1e+07 6561
LR999928.1 1e+07 1.01e+07 8128
LR999928.1 1.01e+07 1.02e+07 4687
LR999928.1 1.02e+07 1.03e+07 5661
LR999928.1 1.03e+07 1.04e+07 6249
LR999928.1 1.04e+07 1.05e+07 9175
LR999928.1 1.05e+07 1.06e+07 5307
LR999928.1 1.06e+07 1.07e+07 5188
LR999928.1 1.07e+07 1.08e+07 5085
LR999928.1 1.08e+07 1.09e+07 3651
LR999928.1 1.09e+07 1.1e+07 4327
LR999928.1 1.1e+07 1.11e+07 4443
LR999928.1 1.11e+07 1.12e+07 4957
LR999928.1 1.12e+07 1.13e+07 5426
LR999928.1 1.13e+07 1.14e+07 6650
LR999928.1 1.14e+07 1.15e+07 6806
LR999928.1 1.15e+07 1.16e+07 5604
LR999928.1 1.16e+07 1.17e+07 7751
LR999928.1 1.17e+07 1.18e+07 6006
LR999928.1 1.18e+07 1.19e+07 10286
LR999928.1 1.19e+07 1.2e+07 4984
LR999928.1 1.2e+07 1.21e+07 9065
LR999928.1 1.21e+07 1.22e+07 3815
LR999928.1 1.22e+07 1.23e+07 8062
LR999928.1 1.23e+07 1.24e+07 9570
LR999928.1 1.24e+07 1.25e+07 8886
LR999928.1 1.25e+07 1.26e+07 8752
LR999928.1 1.26e+07 1.27e+07 5264
LR999928.1 1.27e+07 1.28e+07 8368
LR999928.1 1.28e+07 1.29e+07 8133
LR999928.1 1.29e+07 1.3e+07 10009
LR999928.1 1.3e+07 1.31e+07 7644
LR999928.1 1.31e+07 1.32e+07 8536
LR999928.1 1.32e+07 1.33e+07 8829
LR999928.1 1.33e+07 1.34e+07 5587
LR999928.1 1.34e+07 1.35e+07 5453
LR999928.1 1.35e+07 1.36e+07 5021
LR999928.1 1.36e+07 1.37e+07 5902
LR999928.1 1.37e+07 1.38e+07 7176
LR999928.1 1.38e+07 1.39e+07 8760
LR999928.1 1.39e+07 1.4e+07 7530
LR999928.1 1.4e+07 1.41e+07 7582
LR999928.1 1.41e+07 1.42e+07 9016
LR999928.1 1.42e+07 1.43e+07 8575
LR999928.1 1.43e+07 1.44e+07 9403
LR999928.1 1.44e+07 1.45e+07 7132
LR999928.1 1.45e+07 1.46e+07 9194
LR999928.1 1.46e+07 1.47e+07 9217
LR999928.1 1.47e+07 1.48e+07 11671
LR999928.1 1.48e+07 1.49e+07 10509
LR999928.1 1.49e+07 1.5e+07 9020
LR999928.1 1.5e+07 1.51e+07 9447
LR999928.1 1.51e+07 1.52e+07 7135
LR999928.1 1.52e+07 1.53e+07 6963
LR999928.1 1.53e+07 1.54e+07 4181
LR999928.1 1.54e+07 1.55e+07 7417
LR999928.1 1.55e+07 1.56e+07 7039
LR999928.1 1.56e+07 1.57e+07 4883
LR999928.1 1.57e+07 1.58e+07 6823
LR999928.1 1.58e+07 1.59e+07 5548
LR999928.1 1.59e+07 1.6e+07 1046
LR999928.1 1.6e+07 16000791 
