LR999929.1 1 100000 5432
LR999929.1 100001 200000 6160
LR999929.1 200001 300000 6716
LR999929.1 300001 400000 6643
LR999929.1 400001 500000 8745
LR999929.1 500001 600000 6130
LR999929.1 600001 700000 5604
LR999929.1 700001 800000 2899
LR999929.1 800001 900000 2774
LR999929.1 900001 1e+06 5172
LR999929.1 1e+06 1.1e+06 10031
LR999929.1 1.1e+06 1.2e+06 10831
LR999929.1 1.2e+06 1.3e+06 10488
LR999929.1 1.3e+06 1.4e+06 9267
LR999929.1 1.4e+06 1.5e+06 8770
LR999929.1 1.5e+06 1.6e+06 11087
LR999929.1 1.6e+06 1.7e+06 10505
LR999929.1 1.7e+06 1.8e+06 8015
LR999929.1 1.8e+06 1.9e+06 8808
LR999929.1 1.9e+06 2e+06 10820
LR999929.1 2e+06 2.1e+06 8120
LR999929.1 2.1e+06 2.2e+06 8008
LR999929.1 2.2e+06 2.3e+06 8036
LR999929.1 2.3e+06 2.4e+06 7701
LR999929.1 2.4e+06 2.5e+06 7142
LR999929.1 2.5e+06 2.6e+06 7347
LR999929.1 2.6e+06 2.7e+06 5858
LR999929.1 2.7e+06 2.8e+06 7576
LR999929.1 2.8e+06 2.9e+06 5415
LR999929.1 2.9e+06 3e+06 8224
LR999929.1 3e+06 3.1e+06 11267
LR999929.1 3.1e+06 3.2e+06 8495
LR999929.1 3.2e+06 3.3e+06 8103
LR999929.1 3.3e+06 3.4e+06 5994
LR999929.1 3.4e+06 3.5e+06 6906
LR999929.1 3.5e+06 3.6e+06 9306
LR999929.1 3.6e+06 3.7e+06 6278
LR999929.1 3.7e+06 3.8e+06 6196
LR999929.1 3.8e+06 3.9e+06 4781
LR999929.1 3.9e+06 4e+06 5478
LR999929.1 4e+06 4.1e+06 6534
LR999929.1 4.1e+06 4.2e+06 8021
LR999929.1 4.2e+06 4.3e+06 7330
LR999929.1 4.3e+06 4.4e+06 1688
LR999929.1 4.4e+06 4.5e+06 6155
LR999929.1 4.5e+06 4.6e+06 10195
LR999929.1 4.6e+06 4.7e+06 5485
LR999929.1 4.7e+06 4.8e+06 6559
LR999929.1 4.8e+06 4.9e+06 9099
LR999929.1 4.9e+06 5e+06 8882
LR999929.1 5e+06 5.1e+06 9150
LR999929.1 5.1e+06 5.2e+06 5634
LR999929.1 5.2e+06 5.3e+06 4013
LR999929.1 5.3e+06 5.4e+06 3269
LR999929.1 5.4e+06 5.5e+06 3231
LR999929.1 5.5e+06 5.6e+06 6906
LR999929.1 5.6e+06 5.7e+06 6457
LR999929.1 5.7e+06 5.8e+06 7362
LR999929.1 5.8e+06 5.9e+06 3716
LR999929.1 5.9e+06 6e+06 3074
LR999929.1 6e+06 6.1e+06 4437
LR999929.1 6.1e+06 6.2e+06 6985
LR999929.1 6.2e+06 6.3e+06 7743
LR999929.1 6.3e+06 6.4e+06 8166
LR999929.1 6.4e+06 6.5e+06 8347
LR999929.1 6.5e+06 6.6e+06 7130
LR999929.1 6.6e+06 6.7e+06 9400
LR999929.1 6.7e+06 6.8e+06 5934
LR999929.1 6.8e+06 6.9e+06 8348
LR999929.1 6.9e+06 7e+06 5884
LR999929.1 7e+06 7.1e+06 8159
LR999929.1 7.1e+06 7.2e+06 7230
LR999929.1 7.2e+06 7.3e+06 7463
LR999929.1 7.3e+06 7.4e+06 11059
LR999929.1 7.4e+06 7.5e+06 9747
LR999929.1 7.5e+06 7.6e+06 7981
LR999929.1 7.6e+06 7.7e+06 9567
LR999929.1 7.7e+06 7.8e+06 6914
LR999929.1 7.8e+06 7.9e+06 4361
LR999929.1 7.9e+06 8e+06 4926
LR999929.1 8e+06 8.1e+06 7148
LR999929.1 8.1e+06 8.2e+06 5042
LR999929.1 8.2e+06 8.3e+06 3490
LR999929.1 8.3e+06 8.4e+06 3213
LR999929.1 8.4e+06 8.5e+06 4241
LR999929.1 8.5e+06 8.6e+06 2867
LR999929.1 8.6e+06 8.7e+06 5514
LR999929.1 8.7e+06 8.8e+06 3990
LR999929.1 8.8e+06 8.9e+06 4282
LR999929.1 8.9e+06 9e+06 10547
LR999929.1 9e+06 9.1e+06 4901
LR999929.1 9.1e+06 9.2e+06 6076
LR999929.1 9.2e+06 9.3e+06 7593
LR999929.1 9.3e+06 9.4e+06 8925
LR999929.1 9.4e+06 9.5e+06 6792
LR999929.1 9.5e+06 9.6e+06 7020
LR999929.1 9.6e+06 9.7e+06 5211
LR999929.1 9.7e+06 9.8e+06 8847
LR999929.1 9.8e+06 9.9e+06 9178
LR999929.1 9.9e+06 1e+07 9266
LR999929.1 1e+07 1.01e+07 10021
LR999929.1 1.01e+07 1.02e+07 9273
LR999929.1 1.02e+07 1.03e+07 7458
LR999929.1 1.03e+07 1.04e+07 7142
LR999929.1 1.04e+07 1.05e+07 6861
LR999929.1 1.05e+07 1.06e+07 5198
LR999929.1 1.06e+07 1.07e+07 2995
LR999929.1 1.07e+07 1.08e+07 3769
LR999929.1 1.08e+07 1.09e+07 9579
LR999929.1 1.09e+07 1.1e+07 8617
LR999929.1 1.1e+07 1.11e+07 5984
LR999929.1 1.11e+07 1.12e+07 3937
LR999929.1 1.12e+07 1.13e+07 5987
LR999929.1 1.13e+07 1.14e+07 9427
LR999929.1 1.14e+07 1.15e+07 9574
LR999929.1 1.15e+07 1.16e+07 10215
LR999929.1 1.16e+07 1.17e+07 8822
LR999929.1 1.17e+07 1.18e+07 9004
LR999929.1 1.18e+07 1.19e+07 8564
LR999929.1 1.19e+07 1.2e+07 8166
LR999929.1 1.2e+07 1.21e+07 12846
LR999929.1 1.21e+07 1.22e+07 4657
LR999929.1 1.22e+07 1.23e+07 7144
LR999929.1 1.23e+07 1.24e+07 5198
LR999929.1 1.24e+07 1.25e+07 5721
LR999929.1 1.25e+07 1.26e+07 6540
LR999929.1 1.26e+07 1.27e+07 5310
LR999929.1 1.27e+07 1.28e+07 4370
LR999929.1 1.28e+07 1.29e+07 3459
LR999929.1 1.29e+07 1.3e+07 5050
LR999929.1 1.3e+07 1.31e+07 3827
LR999929.1 1.31e+07 1.32e+07 3607
LR999929.1 1.32e+07 1.33e+07 5420
LR999929.1 1.33e+07 1.34e+07 4700
LR999929.1 1.34e+07 1.35e+07 4477
LR999929.1 1.35e+07 1.36e+07 4342
LR999929.1 1.36e+07 1.37e+07 7744
LR999929.1 1.37e+07 1.38e+07 9254
LR999929.1 1.38e+07 1.39e+07 7246
LR999929.1 1.39e+07 1.4e+07 11699
LR999929.1 1.4e+07 1.41e+07 12044
LR999929.1 1.41e+07 1.42e+07 9456
LR999929.1 1.42e+07 1.43e+07 11584
LR999929.1 1.43e+07 1.44e+07 13717
LR999929.1 1.44e+07 1.45e+07 14049
LR999929.1 1.45e+07 1.46e+07 11685
LR999929.1 1.46e+07 1.47e+07 7009
LR999929.1 1.47e+07 1.48e+07 7310
LR999929.1 1.48e+07 1.49e+07 10791
LR999929.1 1.49e+07 1.5e+07 12396
LR999929.1 1.5e+07 1.51e+07 8662
LR999929.1 1.51e+07 1.52e+07 11152
LR999929.1 1.52e+07 1.53e+07 12843
LR999929.1 1.53e+07 1.54e+07 9787
LR999929.1 1.54e+07 1.55e+07 4895
LR999929.1 1.55e+07 1.56e+07 7207
LR999929.1 1.56e+07 1.57e+07 3688
LR999929.1 1.57e+07 1.58e+07 5449
LR999929.1 1.58e+07 1.59e+07 3157
LR999929.1 1.59e+07 15952094 1285
