LR999947.1 1 100000 5292
LR999947.1 100001 200000 7302
LR999947.1 200001 300000 8960
LR999947.1 300001 400000 10058
LR999947.1 400001 500000 10643
LR999947.1 500001 600000 5746
LR999947.1 600001 700000 10900
LR999947.1 700001 800000 10747
LR999947.1 800001 900000 9001
LR999947.1 900001 1e+06 13256
LR999947.1 1e+06 1.1e+06 9348
LR999947.1 1.1e+06 1.2e+06 10995
LR999947.1 1.2e+06 1.3e+06 9837
LR999947.1 1.3e+06 1.4e+06 14975
LR999947.1 1.4e+06 1.5e+06 13373
LR999947.1 1.5e+06 1.6e+06 11699
LR999947.1 1.6e+06 1.7e+06 12038
LR999947.1 1.7e+06 1.8e+06 8809
LR999947.1 1.8e+06 1.9e+06 8115
LR999947.1 1.9e+06 2e+06 12309
LR999947.1 2e+06 2.1e+06 12835
LR999947.1 2.1e+06 2.2e+06 9491
LR999947.1 2.2e+06 2.3e+06 13689
LR999947.1 2.3e+06 2.4e+06 10895
LR999947.1 2.4e+06 2.5e+06 13084
LR999947.1 2.5e+06 2.6e+06 11647
LR999947.1 2.6e+06 2.7e+06 10478
LR999947.1 2.7e+06 2.8e+06 11661
LR999947.1 2.8e+06 2.9e+06 13050
LR999947.1 2.9e+06 3e+06 9863
LR999947.1 3e+06 3.1e+06 9630
LR999947.1 3.1e+06 3.2e+06 7676
LR999947.1 3.2e+06 3.3e+06 10357
LR999947.1 3.3e+06 3.4e+06 11733
LR999947.1 3.4e+06 3.5e+06 11518
LR999947.1 3.5e+06 3.6e+06 11287
LR999947.1 3.6e+06 3.7e+06 13345
LR999947.1 3.7e+06 3.8e+06 10707
LR999947.1 3.8e+06 3.9e+06 13091
LR999947.1 3.9e+06 4e+06 14849
LR999947.1 4e+06 4.1e+06 11400
LR999947.1 4.1e+06 4.2e+06 11261
LR999947.1 4.2e+06 4.3e+06 9386
LR999947.1 4.3e+06 4.4e+06 11154
LR999947.1 4.4e+06 4.5e+06 7213
LR999947.1 4.5e+06 4.6e+06 11831
LR999947.1 4.6e+06 4.7e+06 9367
LR999947.1 4.7e+06 4.8e+06 11330
LR999947.1 4.8e+06 4.9e+06 6707
LR999947.1 4.9e+06 5e+06 8344
LR999947.1 5e+06 5.1e+06 8191
LR999947.1 5.1e+06 5.2e+06 8657
LR999947.1 5.2e+06 5.3e+06 8247
LR999947.1 5.3e+06 5.4e+06 9677
LR999947.1 5.4e+06 5.5e+06 8382
LR999947.1 5.5e+06 5.6e+06 10356
LR999947.1 5.6e+06 5.7e+06 8577
LR999947.1 5.7e+06 5.8e+06 6383
LR999947.1 5.8e+06 5.9e+06 5136
LR999947.1 5.9e+06 6e+06 6581
LR999947.1 6e+06 6.1e+06 7945
LR999947.1 6.1e+06 6.2e+06 9013
LR999947.1 6.2e+06 6.3e+06 8919
LR999947.1 6.3e+06 6.4e+06 11324
LR999947.1 6.4e+06 6.5e+06 12907
LR999947.1 6.5e+06 6.6e+06 11518
LR999947.1 6.6e+06 6.7e+06 10022
LR999947.1 6.7e+06 6.8e+06 12174
LR999947.1 6.8e+06 6.9e+06 7018
LR999947.1 6.9e+06 7e+06 10629
LR999947.1 7e+06 7.1e+06 13704
LR999947.1 7.1e+06 7.2e+06 9849
LR999947.1 7.2e+06 7.3e+06 9584
LR999947.1 7.3e+06 7.4e+06 11813
LR999947.1 7.4e+06 7.5e+06 9313
LR999947.1 7.5e+06 7.6e+06 9825
LR999947.1 7.6e+06 7.7e+06 11888
LR999947.1 7.7e+06 7.8e+06 10216
LR999947.1 7.8e+06 7.9e+06 11204
LR999947.1 7.9e+06 8e+06 7531
LR999947.1 8e+06 8.1e+06 8468
LR999947.1 8.1e+06 8.2e+06 12476
LR999947.1 8.2e+06 8.3e+06 7520
LR999947.1 8.3e+06 8.4e+06 10826
LR999947.1 8.4e+06 8.5e+06 9946
LR999947.1 8.5e+06 8.6e+06 9730
LR999947.1 8.6e+06 8.7e+06 5944
LR999947.1 8.7e+06 8.8e+06 9868
LR999947.1 8.8e+06 8.9e+06 12091
LR999947.1 8.9e+06 9e+06 9825
LR999947.1 9e+06 9.1e+06 12031
LR999947.1 9.1e+06 9.2e+06 5129
LR999947.1 9.2e+06 9.3e+06 12804
LR999947.1 9.3e+06 9.4e+06 8436
LR999947.1 9.4e+06 9.5e+06 13357
LR999947.1 9.5e+06 9.6e+06 12539
LR999947.1 9.6e+06 9.7e+06 7613
LR999947.1 9.7e+06 9.8e+06 12133
LR999947.1 9.8e+06 9.9e+06 9704
LR999947.1 9.9e+06 1e+07 9088
LR999947.1 1e+07 1.01e+07 7889
LR999947.1 1.01e+07 1.02e+07 11977
LR999947.1 1.02e+07 1.03e+07 10966
LR999947.1 1.03e+07 1.04e+07 12609
LR999947.1 1.04e+07 1.05e+07 14374
LR999947.1 1.05e+07 1.06e+07 13175
LR999947.1 1.06e+07 1.07e+07 9140
LR999947.1 1.07e+07 1.08e+07 12196
LR999947.1 1.08e+07 1.09e+07 12008
LR999947.1 1.09e+07 1.1e+07 13137
LR999947.1 1.1e+07 1.11e+07 7964
LR999947.1 1.11e+07 1.12e+07 5925
LR999947.1 1.12e+07 1.13e+07 7489
LR999947.1 1.13e+07 1.14e+07 9344
LR999947.1 1.14e+07 1.15e+07 7730
LR999947.1 1.15e+07 1.16e+07 5942
LR999947.1 1.16e+07 1.17e+07 7120
LR999947.1 1.17e+07 11704087 
