LR999954.1 1 100000 5904
LR999954.1 100001 200000 8097
LR999954.1 200001 300000 13376
LR999954.1 300001 400000 9145
LR999954.1 400001 500000 12676
LR999954.1 500001 600000 9916
LR999954.1 600001 700000 11907
LR999954.1 700001 800000 13532
LR999954.1 800001 900000 13969
LR999954.1 900001 1e+06 11753
LR999954.1 1e+06 1.1e+06 10330
LR999954.1 1.1e+06 1.2e+06 11899
LR999954.1 1.2e+06 1.3e+06 11281
LR999954.1 1.3e+06 1.4e+06 9311
LR999954.1 1.4e+06 1.5e+06 11350
LR999954.1 1.5e+06 1.6e+06 10552
LR999954.1 1.6e+06 1.7e+06 12049
LR999954.1 1.7e+06 1.8e+06 13492
LR999954.1 1.8e+06 1.9e+06 15339
LR999954.1 1.9e+06 2e+06 11019
LR999954.1 2e+06 2.1e+06 12419
LR999954.1 2.1e+06 2.2e+06 9810
LR999954.1 2.2e+06 2.3e+06 11245
LR999954.1 2.3e+06 2.4e+06 14606
LR999954.1 2.4e+06 2.5e+06 8852
LR999954.1 2.5e+06 2.6e+06 12075
LR999954.1 2.6e+06 2.7e+06 13642
LR999954.1 2.7e+06 2.8e+06 12027
LR999954.1 2.8e+06 2.9e+06 13368
LR999954.1 2.9e+06 3e+06 11424
LR999954.1 3e+06 3.1e+06 12672
LR999954.1 3.1e+06 3.2e+06 12099
LR999954.1 3.2e+06 3.3e+06 11993
LR999954.1 3.3e+06 3.4e+06 10890
LR999954.1 3.4e+06 3.5e+06 13378
LR999954.1 3.5e+06 3.6e+06 12305
LR999954.1 3.6e+06 3.7e+06 10850
LR999954.1 3.7e+06 3.8e+06 15883
LR999954.1 3.8e+06 3.9e+06 11819
LR999954.1 3.9e+06 4e+06 17471
LR999954.1 4e+06 4.1e+06 11001
LR999954.1 4.1e+06 4.2e+06 13981
LR999954.1 4.2e+06 4.3e+06 14476
LR999954.1 4.3e+06 4.4e+06 15171
LR999954.1 4.4e+06 4.5e+06 14085
LR999954.1 4.5e+06 4.6e+06 14781
LR999954.1 4.6e+06 4.7e+06 11708
LR999954.1 4.7e+06 4.8e+06 15000
LR999954.1 4.8e+06 4.9e+06 13437
LR999954.1 4.9e+06 5e+06 14332
LR999954.1 5e+06 5.1e+06 14539
LR999954.1 5.1e+06 5.2e+06 16317
LR999954.1 5.2e+06 5.3e+06 15665
LR999954.1 5.3e+06 5.4e+06 14906
LR999954.1 5.4e+06 5.5e+06 12625
LR999954.1 5.5e+06 5.6e+06 14954
LR999954.1 5.6e+06 5.7e+06 16518
LR999954.1 5.7e+06 5.8e+06 12368
LR999954.1 5.8e+06 5.9e+06 15224
LR999954.1 5.9e+06 6e+06 10832
LR999954.1 6e+06 6.1e+06 15195
LR999954.1 6.1e+06 6.2e+06 9182
LR999954.1 6.2e+06 6.3e+06 11925
LR999954.1 6.3e+06 6.4e+06 8857
LR999954.1 6.4e+06 6.5e+06 11297
LR999954.1 6.5e+06 6.6e+06 13522
LR999954.1 6.6e+06 6.7e+06 13901
LR999954.1 6.7e+06 6.8e+06 8654
LR999954.1 6.8e+06 6.9e+06 12243
LR999954.1 6.9e+06 7e+06 14297
LR999954.1 7e+06 7.1e+06 10546
LR999954.1 7.1e+06 7.2e+06 8741
LR999954.1 7.2e+06 7.3e+06 5332
LR999954.1 7.3e+06 7379297 6370
