LR999934.1 1 100000 5339
LR999934.1 100001 200000 8634
LR999934.1 200001 300000 7572
LR999934.1 300001 400000 9892
LR999934.1 400001 500000 10619
LR999934.1 500001 600000 7519
LR999934.1 600001 700000 11870
LR999934.1 700001 800000 11372
LR999934.1 800001 900000 7238
LR999934.1 900001 1e+06 10660
LR999934.1 1e+06 1.1e+06 4798
LR999934.1 1.1e+06 1.2e+06 5931
LR999934.1 1.2e+06 1.3e+06 12669
LR999934.1 1.3e+06 1.4e+06 6508
LR999934.1 1.4e+06 1.5e+06 7882
LR999934.1 1.5e+06 1.6e+06 9633
LR999934.1 1.6e+06 1.7e+06 11489
LR999934.1 1.7e+06 1.8e+06 10448
LR999934.1 1.8e+06 1.9e+06 14060
LR999934.1 1.9e+06 2e+06 10074
LR999934.1 2e+06 2.1e+06 2921
LR999934.1 2.1e+06 2.2e+06 2822
LR999934.1 2.2e+06 2.3e+06 7391
LR999934.1 2.3e+06 2.4e+06 11856
LR999934.1 2.4e+06 2.5e+06 5419
LR999934.1 2.5e+06 2.6e+06 6014
LR999934.1 2.6e+06 2.7e+06 2619
LR999934.1 2.7e+06 2.8e+06 6013
LR999934.1 2.8e+06 2.9e+06 2691
LR999934.1 2.9e+06 3e+06 2321
LR999934.1 3e+06 3.1e+06 7296
LR999934.1 3.1e+06 3.2e+06 5308
LR999934.1 3.2e+06 3.3e+06 3675
LR999934.1 3.3e+06 3.4e+06 4060
LR999934.1 3.4e+06 3.5e+06 5488
LR999934.1 3.5e+06 3.6e+06 5650
LR999934.1 3.6e+06 3.7e+06 3318
LR999934.1 3.7e+06 3.8e+06 3773
LR999934.1 3.8e+06 3.9e+06 1784
LR999934.1 3.9e+06 4e+06 2081
LR999934.1 4e+06 4.1e+06 4299
LR999934.1 4.1e+06 4.2e+06 3172
LR999934.1 4.2e+06 4.3e+06 5529
LR999934.1 4.3e+06 4.4e+06 3744
LR999934.1 4.4e+06 4.5e+06 1385
LR999934.1 4.5e+06 4.6e+06 5130
LR999934.1 4.6e+06 4.7e+06 3865
LR999934.1 4.7e+06 4.8e+06 4766
LR999934.1 4.8e+06 4.9e+06 4612
LR999934.1 4.9e+06 5e+06 4373
LR999934.1 5e+06 5.1e+06 1977
LR999934.1 5.1e+06 5.2e+06 5623
LR999934.1 5.2e+06 5.3e+06 5390
LR999934.1 5.3e+06 5.4e+06 5068
LR999934.1 5.4e+06 5.5e+06 7106
LR999934.1 5.5e+06 5.6e+06 7294
LR999934.1 5.6e+06 5.7e+06 6906
LR999934.1 5.7e+06 5.8e+06 8796
LR999934.1 5.8e+06 5.9e+06 10873
LR999934.1 5.9e+06 6e+06 11098
LR999934.1 6e+06 6.1e+06 9615
LR999934.1 6.1e+06 6.2e+06 8580
LR999934.1 6.2e+06 6.3e+06 9121
LR999934.1 6.3e+06 6.4e+06 11608
LR999934.1 6.4e+06 6.5e+06 9508
LR999934.1 6.5e+06 6.6e+06 9929
LR999934.1 6.6e+06 6.7e+06 8156
LR999934.1 6.7e+06 6.8e+06 10760
LR999934.1 6.8e+06 6.9e+06 11130
LR999934.1 6.9e+06 7e+06 8313
LR999934.1 7e+06 7.1e+06 12127
LR999934.1 7.1e+06 7.2e+06 12902
LR999934.1 7.2e+06 7.3e+06 10414
LR999934.1 7.3e+06 7.4e+06 7703
LR999934.1 7.4e+06 7.5e+06 8974
LR999934.1 7.5e+06 7.6e+06 5066
LR999934.1 7.6e+06 7.7e+06 6454
LR999934.1 7.7e+06 7.8e+06 3202
LR999934.1 7.8e+06 7.9e+06 3641
LR999934.1 7.9e+06 8e+06 4588
LR999934.1 8e+06 8.1e+06 2912
LR999934.1 8.1e+06 8.2e+06 4374
LR999934.1 8.2e+06 8.3e+06 7450
LR999934.1 8.3e+06 8.4e+06 8417
LR999934.1 8.4e+06 8.5e+06 8465
LR999934.1 8.5e+06 8.6e+06 8898
LR999934.1 8.6e+06 8.7e+06 9809
LR999934.1 8.7e+06 8.8e+06 6535
LR999934.1 8.8e+06 8.9e+06 5487
LR999934.1 8.9e+06 9e+06 6041
LR999934.1 9e+06 9.1e+06 4764
LR999934.1 9.1e+06 9.2e+06 6867
LR999934.1 9.2e+06 9.3e+06 7900
LR999934.1 9.3e+06 9.4e+06 7078
LR999934.1 9.4e+06 9.5e+06 5115
LR999934.1 9.5e+06 9.6e+06 6924
LR999934.1 9.6e+06 9.7e+06 3374
LR999934.1 9.7e+06 9.8e+06 8368
LR999934.1 9.8e+06 9.9e+06 9845
LR999934.1 9.9e+06 1e+07 11105
LR999934.1 1e+07 1.01e+07 5561
LR999934.1 1.01e+07 1.02e+07 7523
LR999934.1 1.02e+07 1.03e+07 5209
LR999934.1 1.03e+07 1.04e+07 3134
LR999934.1 1.04e+07 1.05e+07 3643
LR999934.1 1.05e+07 1.06e+07 9835
LR999934.1 1.06e+07 1.07e+07 9278
LR999934.1 1.07e+07 1.08e+07 4761
LR999934.1 1.08e+07 1.09e+07 6603
LR999934.1 1.09e+07 1.1e+07 9557
LR999934.1 1.1e+07 1.11e+07 7190
LR999934.1 1.11e+07 1.12e+07 9644
LR999934.1 1.12e+07 1.13e+07 9591
LR999934.1 1.13e+07 1.14e+07 9031
LR999934.1 1.14e+07 1.15e+07 6844
LR999934.1 1.15e+07 1.16e+07 9607
LR999934.1 1.16e+07 1.17e+07 4412
LR999934.1 1.17e+07 1.18e+07 8643
LR999934.1 1.18e+07 1.19e+07 11296
LR999934.1 1.19e+07 1.2e+07 10204
LR999934.1 1.2e+07 1.21e+07 14724
LR999934.1 1.21e+07 1.22e+07 8522
LR999934.1 1.22e+07 1.23e+07 7808
LR999934.1 1.23e+07 1.24e+07 4792
LR999934.1 1.24e+07 1.25e+07 8067
LR999934.1 1.25e+07 1.26e+07 8922
LR999934.1 1.26e+07 1.27e+07 8922
LR999934.1 1.27e+07 1.28e+07 7506
LR999934.1 1.28e+07 1.29e+07 11709
LR999934.1 1.29e+07 1.3e+07 11690
LR999934.1 1.3e+07 1.31e+07 11481
LR999934.1 1.31e+07 1.32e+07 12964
LR999934.1 1.32e+07 1.33e+07 10093
LR999934.1 1.33e+07 1.34e+07 9935
LR999934.1 1.34e+07 1.35e+07 10294
LR999934.1 1.35e+07 1.36e+07 7366
LR999934.1 1.36e+07 1.37e+07 10290
LR999934.1 1.37e+07 1.38e+07 8417
LR999934.1 1.38e+07 1.39e+07 8224
LR999934.1 1.39e+07 1.4e+07 7028
LR999934.1 1.4e+07 1.41e+07 9094
LR999934.1 1.41e+07 1.42e+07 9285
LR999934.1 1.42e+07 1.43e+07 8360
LR999934.1 1.43e+07 1.44e+07 8167
LR999934.1 1.44e+07 1.45e+07 9052
LR999934.1 1.45e+07 1.46e+07 9447
LR999934.1 1.46e+07 1.47e+07 8970
LR999934.1 1.47e+07 1.48e+07 7463
LR999934.1 1.48e+07 1.49e+07 3360
LR999934.1 1.49e+07 14945938 1432
