LR999940.1 1 100000 1210
LR999940.1 100001 200000 597
LR999940.1 200001 300000 450
LR999940.1 300001 400000 898
LR999940.1 400001 500000 367
LR999940.1 500001 600000 131
LR999940.1 600001 700000 549
LR999940.1 700001 800000 567
LR999940.1 800001 900000 652
LR999940.1 900001 1e+06 1129
LR999940.1 1e+06 1.1e+06 363
LR999940.1 1.1e+06 1.2e+06 222
LR999940.1 1.2e+06 1.3e+06 202
LR999940.1 1.3e+06 1.4e+06 877
LR999940.1 1.4e+06 1.5e+06 356
LR999940.1 1.5e+06 1.6e+06 320
LR999940.1 1.6e+06 1.7e+06 539
LR999940.1 1.7e+06 1.8e+06 
LR999940.1 1.8e+06 1.9e+06 573
LR999940.1 1.9e+06 2e+06 752
LR999940.1 2e+06 2.1e+06 502
LR999940.1 2.1e+06 2.2e+06 482
LR999940.1 2.2e+06 2.3e+06 405
LR999940.1 2.3e+06 2.4e+06 487
LR999940.1 2.4e+06 2.5e+06 267
LR999940.1 2.5e+06 2.6e+06 729
LR999940.1 2.6e+06 2.7e+06 491
LR999940.1 2.7e+06 2.8e+06 130
LR999940.1 2.8e+06 2.9e+06 1100
LR999940.1 2.9e+06 3e+06 239
LR999940.1 3e+06 3.1e+06 1400
LR999940.1 3.1e+06 3.2e+06 671
LR999940.1 3.2e+06 3.3e+06 884
LR999940.1 3.3e+06 3.4e+06 604
LR999940.1 3.4e+06 3.5e+06 398
LR999940.1 3.5e+06 3.6e+06 1687
LR999940.1 3.6e+06 3.7e+06 561
LR999940.1 3.7e+06 3.8e+06 868
LR999940.1 3.8e+06 3.9e+06 2596
LR999940.1 3.9e+06 4e+06 1940
LR999940.1 4e+06 4.1e+06 662
LR999940.1 4.1e+06 4.2e+06 332
LR999940.1 4.2e+06 4.3e+06 1327
LR999940.1 4.3e+06 4.4e+06 503
LR999940.1 4.4e+06 4.5e+06 328
LR999940.1 4.5e+06 4.6e+06 170
LR999940.1 4.6e+06 4.7e+06 424
LR999940.1 4.7e+06 4.8e+06 1106
LR999940.1 4.8e+06 4.9e+06 506
LR999940.1 4.9e+06 5e+06 528
LR999940.1 5e+06 5.1e+06 434
LR999940.1 5.1e+06 5.2e+06 2926
LR999940.1 5.2e+06 5.3e+06 757
LR999940.1 5.3e+06 5.4e+06 1660
LR999940.1 5.4e+06 5.5e+06 96
LR999940.1 5.5e+06 5.6e+06 558
LR999940.1 5.6e+06 5.7e+06 1126
LR999940.1 5.7e+06 5.8e+06 309
LR999940.1 5.8e+06 5.9e+06 698
LR999940.1 5.9e+06 6e+06 2065
LR999940.1 6e+06 6.1e+06 
LR999940.1 6.1e+06 6.2e+06 752
LR999940.1 6.2e+06 6.3e+06 38
LR999940.1 6.3e+06 6.4e+06 3832
LR999940.1 6.4e+06 6.5e+06 2402
LR999940.1 6.5e+06 6.6e+06 650
LR999940.1 6.6e+06 6.7e+06 229
LR999940.1 6.7e+06 6.8e+06 1931
LR999940.1 6.8e+06 6.9e+06 1696
LR999940.1 6.9e+06 7e+06 
LR999940.1 7e+06 7.1e+06 1808
LR999940.1 7.1e+06 7.2e+06 508
LR999940.1 7.2e+06 7.3e+06 152
LR999940.1 7.3e+06 7.4e+06 111
LR999940.1 7.4e+06 7.5e+06 618
LR999940.1 7.5e+06 7.6e+06 807
LR999940.1 7.6e+06 7.7e+06 613
LR999940.1 7.7e+06 7.8e+06 588
LR999940.1 7.8e+06 7.9e+06 585
LR999940.1 7.9e+06 8e+06 390
LR999940.1 8e+06 8.1e+06 175
LR999940.1 8.1e+06 8.2e+06 835
LR999940.1 8.2e+06 8.3e+06 501
LR999940.1 8.3e+06 8.4e+06 
LR999940.1 8.4e+06 8.5e+06 104
LR999940.1 8.5e+06 8.6e+06 1083
LR999940.1 8.6e+06 8.7e+06 700
LR999940.1 8.7e+06 8.8e+06 698
LR999940.1 8.8e+06 8.9e+06 1962
LR999940.1 8.9e+06 9e+06 87
LR999940.1 9e+06 9.1e+06 1522
LR999940.1 9.1e+06 9.2e+06 2498
LR999940.1 9.2e+06 9.3e+06 114
LR999940.1 9.3e+06 9.4e+06 374
LR999940.1 9.4e+06 9.5e+06 2307
LR999940.1 9.5e+06 9.6e+06 1205
LR999940.1 9.6e+06 9.7e+06 475
LR999940.1 9.7e+06 9.8e+06 250
LR999940.1 9.8e+06 9.9e+06 3027
LR999940.1 9.9e+06 1e+07 972
LR999940.1 1e+07 1.01e+07 921
LR999940.1 1.01e+07 1.02e+07 830
LR999940.1 1.02e+07 1.03e+07 1147
LR999940.1 1.03e+07 1.04e+07 756
LR999940.1 1.04e+07 1.05e+07 1068
LR999940.1 1.05e+07 1.06e+07 450
LR999940.1 1.06e+07 1.07e+07 520
LR999940.1 1.07e+07 1.08e+07 1364
LR999940.1 1.08e+07 1.09e+07 2047
LR999940.1 1.09e+07 1.1e+07 399
LR999940.1 1.1e+07 1.11e+07 628
LR999940.1 1.11e+07 1.12e+07 576
LR999940.1 1.12e+07 1.13e+07 363
LR999940.1 1.13e+07 1.14e+07 491
LR999940.1 1.14e+07 1.15e+07 791
LR999940.1 1.15e+07 1.16e+07 1012
LR999940.1 1.16e+07 1.17e+07 628
LR999940.1 1.17e+07 1.18e+07 1268
LR999940.1 1.18e+07 1.19e+07 128
LR999940.1 1.19e+07 1.2e+07 1013
LR999940.1 1.2e+07 1.21e+07 396
LR999940.1 1.21e+07 1.22e+07 836
LR999940.1 1.22e+07 1.23e+07 781
LR999940.1 1.23e+07 1.24e+07 1030
LR999940.1 1.24e+07 1.25e+07 1621
LR999940.1 1.25e+07 1.26e+07 55
LR999940.1 1.26e+07 1.27e+07 742
LR999940.1 1.27e+07 1.28e+07 477
LR999940.1 1.28e+07 1.29e+07 114
LR999940.1 1.29e+07 1.3e+07 1378
LR999940.1 1.3e+07 1.31e+07 1887
LR999940.1 1.31e+07 1.32e+07 1255
LR999940.1 1.32e+07 1.33e+07 830
LR999940.1 1.33e+07 1.34e+07 469
LR999940.1 1.34e+07 1.35e+07 876
LR999940.1 1.35e+07 1.36e+07 745
LR999940.1 1.36e+07 1.37e+07 
LR999940.1 1.37e+07 1.38e+07 
LR999940.1 1.38e+07 13819298 
