LR999937.1 1 100000 583
LR999937.1 100001 200000 7695
LR999937.1 200001 300000 7328
LR999937.1 300001 400000 11130
LR999937.1 400001 500000 9481
LR999937.1 500001 600000 11493
LR999937.1 600001 700000 11091
LR999937.1 700001 800000 10809
LR999937.1 800001 900000 7617
LR999937.1 900001 1e+06 5040
LR999937.1 1e+06 1.1e+06 6757
LR999937.1 1.1e+06 1.2e+06 8897
LR999937.1 1.2e+06 1.3e+06 9853
LR999937.1 1.3e+06 1.4e+06 8007
LR999937.1 1.4e+06 1.5e+06 6120
LR999937.1 1.5e+06 1.6e+06 13342
LR999937.1 1.6e+06 1.7e+06 5423
LR999937.1 1.7e+06 1.8e+06 10946
LR999937.1 1.8e+06 1.9e+06 8925
LR999937.1 1.9e+06 2e+06 10285
LR999937.1 2e+06 2.1e+06 5500
LR999937.1 2.1e+06 2.2e+06 5150
LR999937.1 2.2e+06 2.3e+06 5270
LR999937.1 2.3e+06 2.4e+06 8615
LR999937.1 2.4e+06 2.5e+06 9347
LR999937.1 2.5e+06 2.6e+06 10687
LR999937.1 2.6e+06 2.7e+06 15186
LR999937.1 2.7e+06 2.8e+06 9670
LR999937.1 2.8e+06 2.9e+06 7952
LR999937.1 2.9e+06 3e+06 7780
LR999937.1 3e+06 3.1e+06 7869
LR999937.1 3.1e+06 3.2e+06 6048
LR999937.1 3.2e+06 3.3e+06 7285
LR999937.1 3.3e+06 3.4e+06 12682
LR999937.1 3.4e+06 3.5e+06 11131
LR999937.1 3.5e+06 3.6e+06 10056
LR999937.1 3.6e+06 3.7e+06 10403
LR999937.1 3.7e+06 3.8e+06 9686
LR999937.1 3.8e+06 3.9e+06 8840
LR999937.1 3.9e+06 4e+06 11539
LR999937.1 4e+06 4.1e+06 7088
LR999937.1 4.1e+06 4.2e+06 5533
LR999937.1 4.2e+06 4.3e+06 6565
LR999937.1 4.3e+06 4.4e+06 7458
LR999937.1 4.4e+06 4.5e+06 1842
LR999937.1 4.5e+06 4.6e+06 7484
LR999937.1 4.6e+06 4.7e+06 5849
LR999937.1 4.7e+06 4.8e+06 10202
LR999937.1 4.8e+06 4.9e+06 11581
LR999937.1 4.9e+06 5e+06 6770
LR999937.1 5e+06 5.1e+06 6770
LR999937.1 5.1e+06 5.2e+06 6097
LR999937.1 5.2e+06 5.3e+06 10535
LR999937.1 5.3e+06 5.4e+06 4919
LR999937.1 5.4e+06 5.5e+06 5311
LR999937.1 5.5e+06 5.6e+06 7241
LR999937.1 5.6e+06 5.7e+06 5090
LR999937.1 5.7e+06 5.8e+06 4035
LR999937.1 5.8e+06 5.9e+06 3474
LR999937.1 5.9e+06 6e+06 5422
LR999937.1 6e+06 6.1e+06 2508
LR999937.1 6.1e+06 6.2e+06 1983
LR999937.1 6.2e+06 6.3e+06 2998
LR999937.1 6.3e+06 6.4e+06 3282
LR999937.1 6.4e+06 6.5e+06 7673
LR999937.1 6.5e+06 6.6e+06 5823
LR999937.1 6.6e+06 6.7e+06 7618
LR999937.1 6.7e+06 6.8e+06 5878
LR999937.1 6.8e+06 6.9e+06 6735
LR999937.1 6.9e+06 7e+06 8794
LR999937.1 7e+06 7.1e+06 7103
LR999937.1 7.1e+06 7.2e+06 6182
LR999937.1 7.2e+06 7.3e+06 4974
LR999937.1 7.3e+06 7.4e+06 6812
LR999937.1 7.4e+06 7.5e+06 8998
LR999937.1 7.5e+06 7.6e+06 6835
LR999937.1 7.6e+06 7.7e+06 7109
LR999937.1 7.7e+06 7.8e+06 6028
LR999937.1 7.8e+06 7.9e+06 7240
LR999937.1 7.9e+06 8e+06 4725
LR999937.1 8e+06 8.1e+06 4220
LR999937.1 8.1e+06 8.2e+06 5209
LR999937.1 8.2e+06 8.3e+06 6026
LR999937.1 8.3e+06 8.4e+06 4247
LR999937.1 8.4e+06 8.5e+06 6649
LR999937.1 8.5e+06 8.6e+06 4948
LR999937.1 8.6e+06 8.7e+06 7531
LR999937.1 8.7e+06 8.8e+06 8294
LR999937.1 8.8e+06 8.9e+06 9143
LR999937.1 8.9e+06 9e+06 6150
LR999937.1 9e+06 9.1e+06 8633
LR999937.1 9.1e+06 9.2e+06 6686
LR999937.1 9.2e+06 9.3e+06 6923
LR999937.1 9.3e+06 9.4e+06 4877
LR999937.1 9.4e+06 9.5e+06 6687
LR999937.1 9.5e+06 9.6e+06 6895
LR999937.1 9.6e+06 9.7e+06 7964
LR999937.1 9.7e+06 9.8e+06 6650
LR999937.1 9.8e+06 9.9e+06 7050
LR999937.1 9.9e+06 1e+07 5928
LR999937.1 1e+07 1.01e+07 8619
LR999937.1 1.01e+07 1.02e+07 7061
LR999937.1 1.02e+07 1.03e+07 6774
LR999937.1 1.03e+07 1.04e+07 7099
LR999937.1 1.04e+07 1.05e+07 7685
LR999937.1 1.05e+07 1.06e+07 3422
LR999937.1 1.06e+07 1.07e+07 2791
LR999937.1 1.07e+07 1.08e+07 4915
LR999937.1 1.08e+07 1.09e+07 4377
LR999937.1 1.09e+07 1.1e+07 5622
LR999937.1 1.1e+07 1.11e+07 7468
LR999937.1 1.11e+07 1.12e+07 4515
LR999937.1 1.12e+07 1.13e+07 3115
LR999937.1 1.13e+07 1.14e+07 3601
LR999937.1 1.14e+07 1.15e+07 8718
LR999937.1 1.15e+07 1.16e+07 5079
LR999937.1 1.16e+07 1.17e+07 8331
LR999937.1 1.17e+07 1.18e+07 8499
LR999937.1 1.18e+07 1.19e+07 6136
LR999937.1 1.19e+07 1.2e+07 8078
LR999937.1 1.2e+07 1.21e+07 8111
LR999937.1 1.21e+07 1.22e+07 12378
LR999937.1 1.22e+07 1.23e+07 10854
LR999937.1 1.23e+07 1.24e+07 9874
LR999937.1 1.24e+07 1.25e+07 10640
LR999937.1 1.25e+07 1.26e+07 8142
LR999937.1 1.26e+07 1.27e+07 8551
LR999937.1 1.27e+07 1.28e+07 11521
LR999937.1 1.28e+07 1.29e+07 9743
LR999937.1 1.29e+07 1.3e+07 9974
LR999937.1 1.3e+07 1.31e+07 10965
LR999937.1 1.31e+07 1.32e+07 9138
LR999937.1 1.32e+07 1.33e+07 10552
LR999937.1 1.33e+07 1.34e+07 8265
LR999937.1 1.34e+07 1.35e+07 10690
LR999937.1 1.35e+07 1.36e+07 9340
LR999937.1 1.36e+07 1.37e+07 6482
LR999937.1 1.37e+07 1.38e+07 5041
LR999937.1 1.38e+07 1.39e+07 2552
LR999937.1 1.39e+07 1.4e+07 9387
LR999937.1 1.4e+07 1.41e+07 8666
LR999937.1 1.41e+07 1.42e+07 10939
LR999937.1 1.42e+07 1.43e+07 7181
LR999937.1 1.43e+07 1.44e+07 9927
LR999937.1 1.44e+07 1.45e+07 4084
LR999937.1 1.45e+07 1.46e+07 1995
LR999937.1 1.46e+07 14615999 
