LR999931.1 1 100000 2716
LR999931.1 100001 200000 4603
LR999931.1 200001 300000 6945
LR999931.1 300001 400000 8478
LR999931.1 400001 500000 8544
LR999931.1 500001 600000 8528
LR999931.1 600001 700000 5990
LR999931.1 700001 800000 8791
LR999931.1 800001 900000 12066
LR999931.1 900001 1e+06 10879
LR999931.1 1e+06 1.1e+06 9667
LR999931.1 1.1e+06 1.2e+06 5839
LR999931.1 1.2e+06 1.3e+06 6809
LR999931.1 1.3e+06 1.4e+06 5503
LR999931.1 1.4e+06 1.5e+06 4807
LR999931.1 1.5e+06 1.6e+06 5695
LR999931.1 1.6e+06 1.7e+06 7664
LR999931.1 1.7e+06 1.8e+06 5939
LR999931.1 1.8e+06 1.9e+06 8735
LR999931.1 1.9e+06 2e+06 6218
LR999931.1 2e+06 2.1e+06 7523
LR999931.1 2.1e+06 2.2e+06 10798
LR999931.1 2.2e+06 2.3e+06 7514
LR999931.1 2.3e+06 2.4e+06 8037
LR999931.1 2.4e+06 2.5e+06 7868
LR999931.1 2.5e+06 2.6e+06 11474
LR999931.1 2.6e+06 2.7e+06 9431
LR999931.1 2.7e+06 2.8e+06 12636
LR999931.1 2.8e+06 2.9e+06 10617
LR999931.1 2.9e+06 3e+06 10655
LR999931.1 3e+06 3.1e+06 10174
LR999931.1 3.1e+06 3.2e+06 11280
LR999931.1 3.2e+06 3.3e+06 2214
LR999931.1 3.3e+06 3.4e+06 8182
LR999931.1 3.4e+06 3.5e+06 14947
LR999931.1 3.5e+06 3.6e+06 7792
LR999931.1 3.6e+06 3.7e+06 10214
LR999931.1 3.7e+06 3.8e+06 5035
LR999931.1 3.8e+06 3.9e+06 6725
LR999931.1 3.9e+06 4e+06 6523
LR999931.1 4e+06 4.1e+06 8576
LR999931.1 4.1e+06 4.2e+06 6153
LR999931.1 4.2e+06 4.3e+06 5981
LR999931.1 4.3e+06 4.4e+06 7683
LR999931.1 4.4e+06 4.5e+06 4839
LR999931.1 4.5e+06 4.6e+06 5598
LR999931.1 4.6e+06 4.7e+06 4041
LR999931.1 4.7e+06 4.8e+06 6432
LR999931.1 4.8e+06 4.9e+06 4852
LR999931.1 4.9e+06 5e+06 7998
LR999931.1 5e+06 5.1e+06 3522
LR999931.1 5.1e+06 5.2e+06 5554
LR999931.1 5.2e+06 5.3e+06 5863
LR999931.1 5.3e+06 5.4e+06 3610
LR999931.1 5.4e+06 5.5e+06 2341
LR999931.1 5.5e+06 5.6e+06 5191
LR999931.1 5.6e+06 5.7e+06 5333
LR999931.1 5.7e+06 5.8e+06 6731
LR999931.1 5.8e+06 5.9e+06 5441
LR999931.1 5.9e+06 6e+06 4314
LR999931.1 6e+06 6.1e+06 4624
LR999931.1 6.1e+06 6.2e+06 1578
LR999931.1 6.2e+06 6.3e+06 3498
LR999931.1 6.3e+06 6.4e+06 7256
LR999931.1 6.4e+06 6.5e+06 6599
LR999931.1 6.5e+06 6.6e+06 2993
LR999931.1 6.6e+06 6.7e+06 1768
LR999931.1 6.7e+06 6.8e+06 6909
LR999931.1 6.8e+06 6.9e+06 6902
LR999931.1 6.9e+06 7e+06 6895
LR999931.1 7e+06 7.1e+06 2170
LR999931.1 7.1e+06 7.2e+06 2817
LR999931.1 7.2e+06 7.3e+06 1769
LR999931.1 7.3e+06 7.4e+06 3055
LR999931.1 7.4e+06 7.5e+06 3652
LR999931.1 7.5e+06 7.6e+06 1346
LR999931.1 7.6e+06 7.7e+06 4099
LR999931.1 7.7e+06 7.8e+06 3490
LR999931.1 7.8e+06 7.9e+06 7056
LR999931.1 7.9e+06 8e+06 6074
LR999931.1 8e+06 8.1e+06 7368
LR999931.1 8.1e+06 8.2e+06 5972
LR999931.1 8.2e+06 8.3e+06 6639
LR999931.1 8.3e+06 8.4e+06 2726
LR999931.1 8.4e+06 8.5e+06 2808
LR999931.1 8.5e+06 8.6e+06 5335
LR999931.1 8.6e+06 8.7e+06 4110
LR999931.1 8.7e+06 8.8e+06 5471
LR999931.1 8.8e+06 8.9e+06 3851
LR999931.1 8.9e+06 9e+06 6791
LR999931.1 9e+06 9.1e+06 5104
LR999931.1 9.1e+06 9.2e+06 5053
LR999931.1 9.2e+06 9.3e+06 5148
LR999931.1 9.3e+06 9.4e+06 5394
LR999931.1 9.4e+06 9.5e+06 2391
LR999931.1 9.5e+06 9.6e+06 2640
LR999931.1 9.6e+06 9.7e+06 1840
LR999931.1 9.7e+06 9.8e+06 3058
LR999931.1 9.8e+06 9.9e+06 2650
LR999931.1 9.9e+06 1e+07 3203
LR999931.1 1e+07 1.01e+07 5539
LR999931.1 1.01e+07 1.02e+07 2399
LR999931.1 1.02e+07 1.03e+07 3067
LR999931.1 1.03e+07 1.04e+07 3856
LR999931.1 1.04e+07 1.05e+07 4437
LR999931.1 1.05e+07 1.06e+07 3084
LR999931.1 1.06e+07 1.07e+07 4570
LR999931.1 1.07e+07 1.08e+07 4806
LR999931.1 1.08e+07 1.09e+07 2703
LR999931.1 1.09e+07 1.1e+07 4231
LR999931.1 1.1e+07 1.11e+07 3475
LR999931.1 1.11e+07 1.12e+07 5419
LR999931.1 1.12e+07 1.13e+07 3856
LR999931.1 1.13e+07 1.14e+07 2189
LR999931.1 1.14e+07 1.15e+07 5143
LR999931.1 1.15e+07 1.16e+07 3288
LR999931.1 1.16e+07 1.17e+07 4149
LR999931.1 1.17e+07 1.18e+07 2769
LR999931.1 1.18e+07 1.19e+07 5676
LR999931.1 1.19e+07 1.2e+07 3627
LR999931.1 1.2e+07 1.21e+07 4931
LR999931.1 1.21e+07 1.22e+07 6424
LR999931.1 1.22e+07 1.23e+07 7808
LR999931.1 1.23e+07 1.24e+07 10507
LR999931.1 1.24e+07 1.25e+07 8128
LR999931.1 1.25e+07 1.26e+07 7985
LR999931.1 1.26e+07 1.27e+07 10150
LR999931.1 1.27e+07 1.28e+07 6513
LR999931.1 1.28e+07 1.29e+07 4257
LR999931.1 1.29e+07 1.3e+07 5887
LR999931.1 1.3e+07 1.31e+07 6660
LR999931.1 1.31e+07 1.32e+07 3990
LR999931.1 1.32e+07 1.33e+07 2640
LR999931.1 1.33e+07 1.34e+07 7577
LR999931.1 1.34e+07 1.35e+07 9045
LR999931.1 1.35e+07 1.36e+07 9037
LR999931.1 1.36e+07 1.37e+07 8265
LR999931.1 1.37e+07 1.38e+07 7707
LR999931.1 1.38e+07 1.39e+07 9016
LR999931.1 1.39e+07 1.4e+07 5095
LR999931.1 1.4e+07 1.41e+07 8142
LR999931.1 1.41e+07 1.42e+07 4940
LR999931.1 1.42e+07 1.43e+07 3992
LR999931.1 1.43e+07 1.44e+07 1986
LR999931.1 1.44e+07 1.45e+07 6966
LR999931.1 1.45e+07 1.46e+07 6116
LR999931.1 1.46e+07 1.47e+07 4772
LR999931.1 1.47e+07 1.48e+07 4338
LR999931.1 1.48e+07 1.49e+07 6232
LR999931.1 1.49e+07 1.5e+07 8425
LR999931.1 1.5e+07 1.51e+07 5950
LR999931.1 1.51e+07 1.52e+07 8011
LR999931.1 1.52e+07 1.53e+07 6690
LR999931.1 1.53e+07 1.54e+07 5201
LR999931.1 1.54e+07 1.55e+07 4391
LR999931.1 1.55e+07 15572524 3231
