LR999939.1 1 100000 3511
LR999939.1 100001 200000 4447
LR999939.1 200001 300000 5041
LR999939.1 300001 400000 7935
LR999939.1 400001 500000 7327
LR999939.1 500001 600000 7075
LR999939.1 600001 700000 7889
LR999939.1 700001 800000 7775
LR999939.1 800001 900000 9676
LR999939.1 900001 1e+06 10672
LR999939.1 1e+06 1.1e+06 10643
LR999939.1 1.1e+06 1.2e+06 10271
LR999939.1 1.2e+06 1.3e+06 9690
LR999939.1 1.3e+06 1.4e+06 11673
LR999939.1 1.4e+06 1.5e+06 12441
LR999939.1 1.5e+06 1.6e+06 9579
LR999939.1 1.6e+06 1.7e+06 7732
LR999939.1 1.7e+06 1.8e+06 13774
LR999939.1 1.8e+06 1.9e+06 11689
LR999939.1 1.9e+06 2e+06 10014
LR999939.1 2e+06 2.1e+06 11579
LR999939.1 2.1e+06 2.2e+06 9335
LR999939.1 2.2e+06 2.3e+06 9455
LR999939.1 2.3e+06 2.4e+06 6324
LR999939.1 2.4e+06 2.5e+06 11840
LR999939.1 2.5e+06 2.6e+06 8647
LR999939.1 2.6e+06 2.7e+06 9544
LR999939.1 2.7e+06 2.8e+06 10715
LR999939.1 2.8e+06 2.9e+06 11741
LR999939.1 2.9e+06 3e+06 7659
LR999939.1 3e+06 3.1e+06 7344
LR999939.1 3.1e+06 3.2e+06 11546
LR999939.1 3.2e+06 3.3e+06 10664
LR999939.1 3.3e+06 3.4e+06 8776
LR999939.1 3.4e+06 3.5e+06 8956
LR999939.1 3.5e+06 3.6e+06 9392
LR999939.1 3.6e+06 3.7e+06 6293
LR999939.1 3.7e+06 3.8e+06 10003
LR999939.1 3.8e+06 3.9e+06 8727
LR999939.1 3.9e+06 4e+06 7959
LR999939.1 4e+06 4.1e+06 9538
LR999939.1 4.1e+06 4.2e+06 8507
LR999939.1 4.2e+06 4.3e+06 6450
LR999939.1 4.3e+06 4.4e+06 4746
LR999939.1 4.4e+06 4.5e+06 5132
LR999939.1 4.5e+06 4.6e+06 5218
LR999939.1 4.6e+06 4.7e+06 9094
LR999939.1 4.7e+06 4.8e+06 6672
LR999939.1 4.8e+06 4.9e+06 6239
LR999939.1 4.9e+06 5e+06 5015
LR999939.1 5e+06 5.1e+06 6261
LR999939.1 5.1e+06 5.2e+06 9661
LR999939.1 5.2e+06 5.3e+06 8042
LR999939.1 5.3e+06 5.4e+06 5092
LR999939.1 5.4e+06 5.5e+06 7996
LR999939.1 5.5e+06 5.6e+06 6784
LR999939.1 5.6e+06 5.7e+06 5025
LR999939.1 5.7e+06 5.8e+06 4864
LR999939.1 5.8e+06 5.9e+06 6904
LR999939.1 5.9e+06 6e+06 6078
LR999939.1 6e+06 6.1e+06 6575
LR999939.1 6.1e+06 6.2e+06 3502
LR999939.1 6.2e+06 6.3e+06 3881
LR999939.1 6.3e+06 6.4e+06 5564
LR999939.1 6.4e+06 6.5e+06 6753
LR999939.1 6.5e+06 6.6e+06 5684
LR999939.1 6.6e+06 6.7e+06 4820
LR999939.1 6.7e+06 6.8e+06 2118
LR999939.1 6.8e+06 6.9e+06 4091
LR999939.1 6.9e+06 7e+06 3445
LR999939.1 7e+06 7.1e+06 4091
LR999939.1 7.1e+06 7.2e+06 1676
LR999939.1 7.2e+06 7.3e+06 4390
LR999939.1 7.3e+06 7.4e+06 4078
LR999939.1 7.4e+06 7.5e+06 3883
LR999939.1 7.5e+06 7.6e+06 2852
LR999939.1 7.6e+06 7.7e+06 5856
LR999939.1 7.7e+06 7.8e+06 8888
LR999939.1 7.8e+06 7.9e+06 5771
LR999939.1 7.9e+06 8e+06 5176
LR999939.1 8e+06 8.1e+06 7038
LR999939.1 8.1e+06 8.2e+06 7058
LR999939.1 8.2e+06 8.3e+06 4877
LR999939.1 8.3e+06 8.4e+06 3856
LR999939.1 8.4e+06 8.5e+06 7592
LR999939.1 8.5e+06 8.6e+06 1407
LR999939.1 8.6e+06 8.7e+06 4893
LR999939.1 8.7e+06 8.8e+06 4943
LR999939.1 8.8e+06 8.9e+06 4655
LR999939.1 8.9e+06 9e+06 6383
LR999939.1 9e+06 9.1e+06 3806
LR999939.1 9.1e+06 9.2e+06 4849
LR999939.1 9.2e+06 9.3e+06 4571
LR999939.1 9.3e+06 9.4e+06 5703
LR999939.1 9.4e+06 9.5e+06 5715
LR999939.1 9.5e+06 9.6e+06 4430
LR999939.1 9.6e+06 9.7e+06 8207
LR999939.1 9.7e+06 9.8e+06 4643
LR999939.1 9.8e+06 9.9e+06 8160
LR999939.1 9.9e+06 1e+07 8263
LR999939.1 1e+07 1.01e+07 7623
LR999939.1 1.01e+07 1.02e+07 1082
LR999939.1 1.02e+07 1.03e+07 5659
LR999939.1 1.03e+07 1.04e+07 7807
LR999939.1 1.04e+07 1.05e+07 9291
LR999939.1 1.05e+07 1.06e+07 7046
LR999939.1 1.06e+07 1.07e+07 8184
LR999939.1 1.07e+07 1.08e+07 10795
LR999939.1 1.08e+07 1.09e+07 8836
LR999939.1 1.09e+07 1.1e+07 11550
LR999939.1 1.1e+07 1.11e+07 7091
LR999939.1 1.11e+07 1.12e+07 6034
LR999939.1 1.12e+07 1.13e+07 4718
LR999939.1 1.13e+07 1.14e+07 6944
LR999939.1 1.14e+07 1.15e+07 10774
LR999939.1 1.15e+07 1.16e+07 5304
LR999939.1 1.16e+07 1.17e+07 8855
LR999939.1 1.17e+07 1.18e+07 7259
LR999939.1 1.18e+07 1.19e+07 7390
LR999939.1 1.19e+07 1.2e+07 7759
LR999939.1 1.2e+07 1.21e+07 9613
LR999939.1 1.21e+07 1.22e+07 8695
LR999939.1 1.22e+07 1.23e+07 9889
LR999939.1 1.23e+07 1.24e+07 8315
LR999939.1 1.24e+07 1.25e+07 10132
LR999939.1 1.25e+07 1.26e+07 9081
LR999939.1 1.26e+07 1.27e+07 13950
LR999939.1 1.27e+07 1.28e+07 12050
LR999939.1 1.28e+07 1.29e+07 11255
LR999939.1 1.29e+07 1.3e+07 13842
LR999939.1 1.3e+07 1.31e+07 9564
LR999939.1 1.31e+07 1.32e+07 11652
LR999939.1 1.32e+07 1.33e+07 9979
LR999939.1 1.33e+07 1.34e+07 8320
LR999939.1 1.34e+07 1.35e+07 13994
LR999939.1 1.35e+07 1.36e+07 9073
LR999939.1 1.36e+07 1.37e+07 7612
LR999939.1 1.37e+07 1.38e+07 2567
LR999939.1 1.38e+07 1.39e+07 2477
LR999939.1 1.39e+07 13916383 
