LR999942.1 1 100000 1832
LR999942.1 100001 200000 7887
LR999942.1 200001 300000 7869
LR999942.1 300001 400000 10330
LR999942.1 400001 500000 9311
LR999942.1 500001 600000 9687
LR999942.1 600001 700000 7553
LR999942.1 700001 800000 9494
LR999942.1 800001 900000 2917
LR999942.1 900001 1e+06 7164
LR999942.1 1e+06 1.1e+06 5845
LR999942.1 1.1e+06 1.2e+06 11983
LR999942.1 1.2e+06 1.3e+06 10257
LR999942.1 1.3e+06 1.4e+06 9971
LR999942.1 1.4e+06 1.5e+06 8233
LR999942.1 1.5e+06 1.6e+06 11800
LR999942.1 1.6e+06 1.7e+06 10423
LR999942.1 1.7e+06 1.8e+06 12236
LR999942.1 1.8e+06 1.9e+06 8255
LR999942.1 1.9e+06 2e+06 9867
LR999942.1 2e+06 2.1e+06 4469
LR999942.1 2.1e+06 2.2e+06 8307
LR999942.1 2.2e+06 2.3e+06 5874
LR999942.1 2.3e+06 2.4e+06 8313
LR999942.1 2.4e+06 2.5e+06 7421
LR999942.1 2.5e+06 2.6e+06 10075
LR999942.1 2.6e+06 2.7e+06 5029
LR999942.1 2.7e+06 2.8e+06 4416
LR999942.1 2.8e+06 2.9e+06 4963
LR999942.1 2.9e+06 3e+06 8078
LR999942.1 3e+06 3.1e+06 11377
LR999942.1 3.1e+06 3.2e+06 11045
LR999942.1 3.2e+06 3.3e+06 10449
LR999942.1 3.3e+06 3.4e+06 8836
LR999942.1 3.4e+06 3.5e+06 9780
LR999942.1 3.5e+06 3.6e+06 8320
LR999942.1 3.6e+06 3.7e+06 9694
LR999942.1 3.7e+06 3.8e+06 9611
LR999942.1 3.8e+06 3.9e+06 4340
LR999942.1 3.9e+06 4e+06 3730
LR999942.1 4e+06 4.1e+06 2446
LR999942.1 4.1e+06 4.2e+06 5567
LR999942.1 4.2e+06 4.3e+06 7009
LR999942.1 4.3e+06 4.4e+06 6294
LR999942.1 4.4e+06 4.5e+06 5057
LR999942.1 4.5e+06 4.6e+06 5064
LR999942.1 4.6e+06 4.7e+06 3806
LR999942.1 4.7e+06 4.8e+06 4963
LR999942.1 4.8e+06 4.9e+06 5640
LR999942.1 4.9e+06 5e+06 6300
LR999942.1 5e+06 5.1e+06 4965
LR999942.1 5.1e+06 5.2e+06 2421
LR999942.1 5.2e+06 5.3e+06 4543
LR999942.1 5.3e+06 5.4e+06 3515
LR999942.1 5.4e+06 5.5e+06 3535
LR999942.1 5.5e+06 5.6e+06 2989
LR999942.1 5.6e+06 5.7e+06 4075
LR999942.1 5.7e+06 5.8e+06 2252
LR999942.1 5.8e+06 5.9e+06 2600
LR999942.1 5.9e+06 6e+06 4379
LR999942.1 6e+06 6.1e+06 3955
LR999942.1 6.1e+06 6.2e+06 3763
LR999942.1 6.2e+06 6.3e+06 6799
LR999942.1 6.3e+06 6.4e+06 6875
LR999942.1 6.4e+06 6.5e+06 7755
LR999942.1 6.5e+06 6.6e+06 3977
LR999942.1 6.6e+06 6.7e+06 3705
LR999942.1 6.7e+06 6.8e+06 2846
LR999942.1 6.8e+06 6.9e+06 3726
LR999942.1 6.9e+06 7e+06 7441
LR999942.1 7e+06 7.1e+06 7923
LR999942.1 7.1e+06 7.2e+06 7425
LR999942.1 7.2e+06 7.3e+06 6742
LR999942.1 7.3e+06 7.4e+06 9030
LR999942.1 7.4e+06 7.5e+06 7210
LR999942.1 7.5e+06 7.6e+06 8983
LR999942.1 7.6e+06 7.7e+06 8381
LR999942.1 7.7e+06 7.8e+06 9426
LR999942.1 7.8e+06 7.9e+06 7264
LR999942.1 7.9e+06 8e+06 10292
LR999942.1 8e+06 8.1e+06 7274
LR999942.1 8.1e+06 8.2e+06 7437
LR999942.1 8.2e+06 8.3e+06 6262
LR999942.1 8.3e+06 8.4e+06 8658
LR999942.1 8.4e+06 8.5e+06 8121
LR999942.1 8.5e+06 8.6e+06 8075
LR999942.1 8.6e+06 8.7e+06 10229
LR999942.1 8.7e+06 8.8e+06 12950
LR999942.1 8.8e+06 8.9e+06 7745
LR999942.1 8.9e+06 9e+06 7689
LR999942.1 9e+06 9.1e+06 8346
LR999942.1 9.1e+06 9.2e+06 9575
LR999942.1 9.2e+06 9.3e+06 8991
LR999942.1 9.3e+06 9.4e+06 12068
LR999942.1 9.4e+06 9.5e+06 7201
LR999942.1 9.5e+06 9.6e+06 4559
LR999942.1 9.6e+06 9.7e+06 4584
LR999942.1 9.7e+06 9.8e+06 7977
LR999942.1 9.8e+06 9.9e+06 6773
LR999942.1 9.9e+06 1e+07 11008
LR999942.1 1e+07 1.01e+07 10192
LR999942.1 1.01e+07 1.02e+07 8457
LR999942.1 1.02e+07 1.03e+07 7472
LR999942.1 1.03e+07 1.04e+07 5036
LR999942.1 1.04e+07 1.05e+07 7393
LR999942.1 1.05e+07 1.06e+07 10670
LR999942.1 1.06e+07 1.07e+07 6589
LR999942.1 1.07e+07 1.08e+07 10532
LR999942.1 1.08e+07 1.09e+07 11001
LR999942.1 1.09e+07 1.1e+07 7274
LR999942.1 1.1e+07 1.11e+07 7803
LR999942.1 1.11e+07 1.12e+07 6695
LR999942.1 1.12e+07 1.13e+07 10540
LR999942.1 1.13e+07 1.14e+07 14514
LR999942.1 1.14e+07 1.15e+07 6331
LR999942.1 1.15e+07 1.16e+07 7812
LR999942.1 1.16e+07 1.17e+07 8282
LR999942.1 1.17e+07 1.18e+07 8548
LR999942.1 1.18e+07 1.19e+07 5807
LR999942.1 1.19e+07 1.2e+07 7624
LR999942.1 1.2e+07 1.21e+07 10231
LR999942.1 1.21e+07 1.22e+07 11998
LR999942.1 1.22e+07 1.23e+07 14149
LR999942.1 1.23e+07 1.24e+07 5431
LR999942.1 1.24e+07 1.25e+07 5184
LR999942.1 1.25e+07 1.26e+07 7392
LR999942.1 1.26e+07 1.27e+07 4915
LR999942.1 1.27e+07 1.28e+07 9036
LR999942.1 1.28e+07 1.29e+07 7115
LR999942.1 1.29e+07 1.3e+07 11229
LR999942.1 1.3e+07 1.31e+07 8784
LR999942.1 1.31e+07 1.32e+07 10373
LR999942.1 1.32e+07 1.33e+07 9965
LR999942.1 1.33e+07 1.34e+07 7994
LR999942.1 1.34e+07 1.35e+07 4329
LR999942.1 1.35e+07 13550656 2405
