LR999953.1 1 100000 5906
LR999953.1 100001 200000 10484
LR999953.1 200001 300000 6642
LR999953.1 300001 400000 9904
LR999953.1 400001 500000 9060
LR999953.1 500001 600000 11651
LR999953.1 600001 700000 12286
LR999953.1 700001 800000 11050
LR999953.1 800001 900000 9621
LR999953.1 900001 1e+06 12073
LR999953.1 1e+06 1.1e+06 10940
LR999953.1 1.1e+06 1.2e+06 11012
LR999953.1 1.2e+06 1.3e+06 15924
LR999953.1 1.3e+06 1.4e+06 10436
LR999953.1 1.4e+06 1.5e+06 11517
LR999953.1 1.5e+06 1.6e+06 9943
LR999953.1 1.6e+06 1.7e+06 11759
LR999953.1 1.7e+06 1.8e+06 14433
LR999953.1 1.8e+06 1.9e+06 11683
LR999953.1 1.9e+06 2e+06 12977
LR999953.1 2e+06 2.1e+06 11594
LR999953.1 2.1e+06 2.2e+06 10935
LR999953.1 2.2e+06 2.3e+06 8491
LR999953.1 2.3e+06 2.4e+06 9006
LR999953.1 2.4e+06 2.5e+06 10493
LR999953.1 2.5e+06 2.6e+06 13151
LR999953.1 2.6e+06 2.7e+06 12185
LR999953.1 2.7e+06 2.8e+06 5374
LR999953.1 2.8e+06 2.9e+06 1471
LR999953.1 2.9e+06 3e+06 542
LR999953.1 3e+06 3.1e+06 776
LR999953.1 3.1e+06 3.2e+06 2833
LR999953.1 3.2e+06 3.3e+06 9035
LR999953.1 3.3e+06 3.4e+06 12591
LR999953.1 3.4e+06 3.5e+06 2617
LR999953.1 3.5e+06 3.6e+06 1405
LR999953.1 3.6e+06 3.7e+06 594
LR999953.1 3.7e+06 3.8e+06 1030
LR999953.1 3.8e+06 3.9e+06 1439
LR999953.1 3.9e+06 4e+06 1237
LR999953.1 4e+06 4.1e+06 1316
LR999953.1 4.1e+06 4.2e+06 591
LR999953.1 4.2e+06 4.3e+06 
LR999953.1 4.3e+06 4.4e+06 1040
LR999953.1 4.4e+06 4.5e+06 1685
LR999953.1 4.5e+06 4.6e+06 
LR999953.1 4.6e+06 4.7e+06 354
LR999953.1 4.7e+06 4.8e+06 9117
LR999953.1 4.8e+06 4.9e+06 14922
LR999953.1 4.9e+06 5e+06 12148
LR999953.1 5e+06 5.1e+06 11168
LR999953.1 5.1e+06 5.2e+06 12341
LR999953.1 5.2e+06 5.3e+06 11471
LR999953.1 5.3e+06 5.4e+06 11898
LR999953.1 5.4e+06 5.5e+06 13809
LR999953.1 5.5e+06 5.6e+06 12552
LR999953.1 5.6e+06 5.7e+06 4509
LR999953.1 5.7e+06 5.8e+06 9651
LR999953.1 5.8e+06 5.9e+06 5080
LR999953.1 5.9e+06 6e+06 7907
LR999953.1 6e+06 6.1e+06 13406
LR999953.1 6.1e+06 6.2e+06 8492
LR999953.1 6.2e+06 6.3e+06 1378
LR999953.1 6.3e+06 6.4e+06 1816
LR999953.1 6.4e+06 6.5e+06 8174
LR999953.1 6.5e+06 6.6e+06 13337
LR999953.1 6.6e+06 6.7e+06 10777
LR999953.1 6.7e+06 6.8e+06 14943
LR999953.1 6.8e+06 6.9e+06 14926
LR999953.1 6.9e+06 7e+06 19106
LR999953.1 7e+06 7.1e+06 12224
LR999953.1 7.1e+06 7.2e+06 16485
LR999953.1 7.2e+06 7.3e+06 15217
LR999953.1 7.3e+06 7.4e+06 12039
LR999953.1 7.4e+06 7.5e+06 12328
LR999953.1 7.5e+06 7.6e+06 12769
LR999953.1 7.6e+06 7.7e+06 6436
LR999953.1 7.7e+06 7.8e+06 9562
LR999953.1 7.8e+06 7.9e+06 10535
LR999953.1 7.9e+06 8e+06 15053
LR999953.1 8e+06 8.1e+06 11823
LR999953.1 8.1e+06 8178468 6814
