LR999944.1 1 100000 708
LR999944.1 100001 200000 2843
LR999944.1 200001 300000 5653
LR999944.1 300001 400000 7203
LR999944.1 400001 500000 11820
LR999944.1 500001 600000 8277
LR999944.1 600001 700000 10549
LR999944.1 700001 800000 11437
LR999944.1 800001 900000 8893
LR999944.1 900001 1e+06 10009
LR999944.1 1e+06 1.1e+06 9576
LR999944.1 1.1e+06 1.2e+06 12305
LR999944.1 1.2e+06 1.3e+06 11837
LR999944.1 1.3e+06 1.4e+06 12602
LR999944.1 1.4e+06 1.5e+06 8269
LR999944.1 1.5e+06 1.6e+06 13003
LR999944.1 1.6e+06 1.7e+06 11526
LR999944.1 1.7e+06 1.8e+06 10743
LR999944.1 1.8e+06 1.9e+06 11322
LR999944.1 1.9e+06 2e+06 14265
LR999944.1 2e+06 2.1e+06 9629
LR999944.1 2.1e+06 2.2e+06 12517
LR999944.1 2.2e+06 2.3e+06 11318
LR999944.1 2.3e+06 2.4e+06 1058
LR999944.1 2.4e+06 2.5e+06 437
LR999944.1 2.5e+06 2.6e+06 164
LR999944.1 2.6e+06 2.7e+06 346
LR999944.1 2.7e+06 2.8e+06 5593
LR999944.1 2.8e+06 2.9e+06 9946
LR999944.1 2.9e+06 3e+06 12623
LR999944.1 3e+06 3.1e+06 9861
LR999944.1 3.1e+06 3.2e+06 7978
LR999944.1 3.2e+06 3.3e+06 9895
LR999944.1 3.3e+06 3.4e+06 9836
LR999944.1 3.4e+06 3.5e+06 6434
LR999944.1 3.5e+06 3.6e+06 10617
LR999944.1 3.6e+06 3.7e+06 13421
LR999944.1 3.7e+06 3.8e+06 11472
LR999944.1 3.8e+06 3.9e+06 13248
LR999944.1 3.9e+06 4e+06 8344
LR999944.1 4e+06 4.1e+06 8476
LR999944.1 4.1e+06 4.2e+06 5573
LR999944.1 4.2e+06 4.3e+06 8319
LR999944.1 4.3e+06 4.4e+06 7713
LR999944.1 4.4e+06 4.5e+06 6285
LR999944.1 4.5e+06 4.6e+06 7316
LR999944.1 4.6e+06 4.7e+06 6346
LR999944.1 4.7e+06 4.8e+06 9563
LR999944.1 4.8e+06 4.9e+06 7577
LR999944.1 4.9e+06 5e+06 3890
LR999944.1 5e+06 5.1e+06 7113
LR999944.1 5.1e+06 5.2e+06 11420
LR999944.1 5.2e+06 5.3e+06 12301
LR999944.1 5.3e+06 5.4e+06 8769
LR999944.1 5.4e+06 5.5e+06 3840
LR999944.1 5.5e+06 5.6e+06 4945
LR999944.1 5.6e+06 5.7e+06 5728
LR999944.1 5.7e+06 5.8e+06 7170
LR999944.1 5.8e+06 5.9e+06 6917
LR999944.1 5.9e+06 6e+06 9955
LR999944.1 6e+06 6.1e+06 8797
LR999944.1 6.1e+06 6.2e+06 5835
LR999944.1 6.2e+06 6.3e+06 7126
LR999944.1 6.3e+06 6.4e+06 6566
LR999944.1 6.4e+06 6.5e+06 3218
LR999944.1 6.5e+06 6.6e+06 1832
LR999944.1 6.6e+06 6.7e+06 6450
LR999944.1 6.7e+06 6.8e+06 8444
LR999944.1 6.8e+06 6.9e+06 6806
LR999944.1 6.9e+06 7e+06 6055
LR999944.1 7e+06 7.1e+06 298
LR999944.1 7.1e+06 7.2e+06 54
LR999944.1 7.2e+06 7.3e+06 2993
LR999944.1 7.3e+06 7.4e+06 8915
LR999944.1 7.4e+06 7.5e+06 7683
LR999944.1 7.5e+06 7.6e+06 11175
LR999944.1 7.6e+06 7.7e+06 9551
LR999944.1 7.7e+06 7.8e+06 5781
LR999944.1 7.8e+06 7.9e+06 6732
LR999944.1 7.9e+06 8e+06 7607
LR999944.1 8e+06 8.1e+06 7243
LR999944.1 8.1e+06 8.2e+06 10064
LR999944.1 8.2e+06 8.3e+06 10688
LR999944.1 8.3e+06 8.4e+06 9900
LR999944.1 8.4e+06 8.5e+06 8536
LR999944.1 8.5e+06 8.6e+06 8822
LR999944.1 8.6e+06 8.7e+06 11993
LR999944.1 8.7e+06 8.8e+06 10272
LR999944.1 8.8e+06 8.9e+06 9006
LR999944.1 8.9e+06 9e+06 7113
LR999944.1 9e+06 9.1e+06 7371
LR999944.1 9.1e+06 9.2e+06 6251
LR999944.1 9.2e+06 9.3e+06 7211
LR999944.1 9.3e+06 9.4e+06 7277
LR999944.1 9.4e+06 9.5e+06 6623
LR999944.1 9.5e+06 9.6e+06 9162
LR999944.1 9.6e+06 9.7e+06 12397
LR999944.1 9.7e+06 9.8e+06 12533
LR999944.1 9.8e+06 9.9e+06 11528
LR999944.1 9.9e+06 1e+07 14059
LR999944.1 1e+07 1.01e+07 8442
LR999944.1 1.01e+07 1.02e+07 8297
LR999944.1 1.02e+07 1.03e+07 9214
LR999944.1 1.03e+07 1.04e+07 458
LR999944.1 1.04e+07 1.05e+07 517
LR999944.1 1.05e+07 1.06e+07 380
LR999944.1 1.06e+07 1.07e+07 2527
LR999944.1 1.07e+07 1.08e+07 8573
LR999944.1 1.08e+07 1.09e+07 6763
LR999944.1 1.09e+07 1.1e+07 7564
LR999944.1 1.1e+07 1.11e+07 8411
LR999944.1 1.11e+07 1.12e+07 10298
LR999944.1 1.12e+07 1.13e+07 11207
LR999944.1 1.13e+07 1.14e+07 6690
LR999944.1 1.14e+07 1.15e+07 11014
LR999944.1 1.15e+07 1.16e+07 13770
LR999944.1 1.16e+07 1.17e+07 10033
LR999944.1 1.17e+07 1.18e+07 7387
LR999944.1 1.18e+07 1.19e+07 9451
LR999944.1 1.19e+07 1.2e+07 8056
LR999944.1 1.2e+07 1.21e+07 6153
LR999944.1 1.21e+07 1.22e+07 5462
LR999944.1 1.22e+07 1.23e+07 7536
LR999944.1 1.23e+07 1.24e+07 3963
LR999944.1 1.24e+07 1.25e+07 4608
LR999944.1 1.25e+07 1.26e+07 2401
LR999944.1 1.26e+07 1.27e+07 2378
LR999944.1 1.27e+07 1.28e+07 2499
LR999944.1 1.28e+07 1.29e+07 2036
LR999944.1 1.29e+07 12933853 171
