LR999943.1 1 100000 1866
LR999943.1 100001 200000 4156
LR999943.1 200001 300000 5782
LR999943.1 300001 400000 7737
LR999943.1 400001 500000 5185
LR999943.1 500001 600000 4988
LR999943.1 600001 700000 10352
LR999943.1 700001 800000 3869
LR999943.1 800001 900000 7680
LR999943.1 900001 1e+06 9889
LR999943.1 1e+06 1.1e+06 12232
LR999943.1 1.1e+06 1.2e+06 10823
LR999943.1 1.2e+06 1.3e+06 13584
LR999943.1 1.3e+06 1.4e+06 12459
LR999943.1 1.4e+06 1.5e+06 12054
LR999943.1 1.5e+06 1.6e+06 11734
LR999943.1 1.6e+06 1.7e+06 13202
LR999943.1 1.7e+06 1.8e+06 9691
LR999943.1 1.8e+06 1.9e+06 10457
LR999943.1 1.9e+06 2e+06 9810
LR999943.1 2e+06 2.1e+06 12401
LR999943.1 2.1e+06 2.2e+06 10326
LR999943.1 2.2e+06 2.3e+06 10758
LR999943.1 2.3e+06 2.4e+06 12228
LR999943.1 2.4e+06 2.5e+06 9407
LR999943.1 2.5e+06 2.6e+06 7213
LR999943.1 2.6e+06 2.7e+06 11627
LR999943.1 2.7e+06 2.8e+06 6015
LR999943.1 2.8e+06 2.9e+06 7739
LR999943.1 2.9e+06 3e+06 9260
LR999943.1 3e+06 3.1e+06 10644
LR999943.1 3.1e+06 3.2e+06 10134
LR999943.1 3.2e+06 3.3e+06 11326
LR999943.1 3.3e+06 3.4e+06 4910
LR999943.1 3.4e+06 3.5e+06 4820
LR999943.1 3.5e+06 3.6e+06 2222
LR999943.1 3.6e+06 3.7e+06 3531
LR999943.1 3.7e+06 3.8e+06 6647
LR999943.1 3.8e+06 3.9e+06 7820
LR999943.1 3.9e+06 4e+06 9079
LR999943.1 4e+06 4.1e+06 9981
LR999943.1 4.1e+06 4.2e+06 7946
LR999943.1 4.2e+06 4.3e+06 3596
LR999943.1 4.3e+06 4.4e+06 5542
LR999943.1 4.4e+06 4.5e+06 3540
LR999943.1 4.5e+06 4.6e+06 5165
LR999943.1 4.6e+06 4.7e+06 6205
LR999943.1 4.7e+06 4.8e+06 10468
LR999943.1 4.8e+06 4.9e+06 9570
LR999943.1 4.9e+06 5e+06 5657
LR999943.1 5e+06 5.1e+06 7757
LR999943.1 5.1e+06 5.2e+06 6360
LR999943.1 5.2e+06 5.3e+06 4229
LR999943.1 5.3e+06 5.4e+06 5359
LR999943.1 5.4e+06 5.5e+06 7168
LR999943.1 5.5e+06 5.6e+06 5364
LR999943.1 5.6e+06 5.7e+06 10252
LR999943.1 5.7e+06 5.8e+06 9591
LR999943.1 5.8e+06 5.9e+06 7653
LR999943.1 5.9e+06 6e+06 6953
LR999943.1 6e+06 6.1e+06 7085
LR999943.1 6.1e+06 6.2e+06 5531
LR999943.1 6.2e+06 6.3e+06 8353
LR999943.1 6.3e+06 6.4e+06 7526
LR999943.1 6.4e+06 6.5e+06 8808
LR999943.1 6.5e+06 6.6e+06 9231
LR999943.1 6.6e+06 6.7e+06 8762
LR999943.1 6.7e+06 6.8e+06 9052
LR999943.1 6.8e+06 6.9e+06 7489
LR999943.1 6.9e+06 7e+06 3817
LR999943.1 7e+06 7.1e+06 6629
LR999943.1 7.1e+06 7.2e+06 6334
LR999943.1 7.2e+06 7.3e+06 5054
LR999943.1 7.3e+06 7.4e+06 5018
LR999943.1 7.4e+06 7.5e+06 8484
LR999943.1 7.5e+06 7.6e+06 6260
LR999943.1 7.6e+06 7.7e+06 6125
LR999943.1 7.7e+06 7.8e+06 9957
LR999943.1 7.8e+06 7.9e+06 7370
LR999943.1 7.9e+06 8e+06 3873
LR999943.1 8e+06 8.1e+06 5396
LR999943.1 8.1e+06 8.2e+06 7924
LR999943.1 8.2e+06 8.3e+06 7712
LR999943.1 8.3e+06 8.4e+06 6368
LR999943.1 8.4e+06 8.5e+06 5328
LR999943.1 8.5e+06 8.6e+06 2873
LR999943.1 8.6e+06 8.7e+06 8143
LR999943.1 8.7e+06 8.8e+06 9928
LR999943.1 8.8e+06 8.9e+06 12686
LR999943.1 8.9e+06 9e+06 4992
LR999943.1 9e+06 9.1e+06 4865
LR999943.1 9.1e+06 9.2e+06 9251
LR999943.1 9.2e+06 9.3e+06 6364
LR999943.1 9.3e+06 9.4e+06 3268
LR999943.1 9.4e+06 9.5e+06 2071
LR999943.1 9.5e+06 9.6e+06 5861
LR999943.1 9.6e+06 9.7e+06 4480
LR999943.1 9.7e+06 9.8e+06 7294
LR999943.1 9.8e+06 9.9e+06 6438
LR999943.1 9.9e+06 1e+07 6836
LR999943.1 1e+07 1.01e+07 7189
LR999943.1 1.01e+07 1.02e+07 7611
LR999943.1 1.02e+07 1.03e+07 10143
LR999943.1 1.03e+07 1.04e+07 13051
LR999943.1 1.04e+07 1.05e+07 13481
LR999943.1 1.05e+07 1.06e+07 12430
LR999943.1 1.06e+07 1.07e+07 9541
LR999943.1 1.07e+07 1.08e+07 10174
LR999943.1 1.08e+07 1.09e+07 10307
LR999943.1 1.09e+07 1.1e+07 8047
LR999943.1 1.1e+07 1.11e+07 9023
LR999943.1 1.11e+07 1.12e+07 9361
LR999943.1 1.12e+07 1.13e+07 6509
LR999943.1 1.13e+07 1.14e+07 8854
LR999943.1 1.14e+07 1.15e+07 5599
LR999943.1 1.15e+07 1.16e+07 5920
LR999943.1 1.16e+07 1.17e+07 7643
LR999943.1 1.17e+07 1.18e+07 11699
LR999943.1 1.18e+07 1.19e+07 10278
LR999943.1 1.19e+07 1.2e+07 14235
LR999943.1 1.2e+07 1.21e+07 13204
LR999943.1 1.21e+07 1.22e+07 9163
LR999943.1 1.22e+07 1.23e+07 9651
LR999943.1 1.23e+07 1.24e+07 11617
LR999943.1 1.24e+07 1.25e+07 14956
LR999943.1 1.25e+07 1.26e+07 10421
LR999943.1 1.26e+07 1.27e+07 11079
LR999943.1 1.27e+07 1.28e+07 5643
LR999943.1 1.28e+07 1.29e+07 3477
LR999943.1 1.29e+07 1.3e+07 9464
LR999943.1 1.3e+07 1.31e+07 5387
LR999943.1 1.31e+07 1.32e+07 4452
LR999943.1 1.32e+07 13236624 793
