LR999950.1 1 100000 2316
LR999950.1 100001 200000 4751
LR999950.1 200001 300000 4044
LR999950.1 300001 400000 8231
LR999950.1 400001 500000 6676
LR999950.1 500001 600000 7832
LR999950.1 600001 700000 10339
LR999950.1 700001 800000 13583
LR999950.1 800001 900000 10465
LR999950.1 900001 1e+06 9583
LR999950.1 1e+06 1.1e+06 8847
LR999950.1 1.1e+06 1.2e+06 5449
LR999950.1 1.2e+06 1.3e+06 9665
LR999950.1 1.3e+06 1.4e+06 11111
LR999950.1 1.4e+06 1.5e+06 7922
LR999950.1 1.5e+06 1.6e+06 14779
LR999950.1 1.6e+06 1.7e+06 11337
LR999950.1 1.7e+06 1.8e+06 10940
LR999950.1 1.8e+06 1.9e+06 9955
LR999950.1 1.9e+06 2e+06 8665
LR999950.1 2e+06 2.1e+06 7985
LR999950.1 2.1e+06 2.2e+06 12209
LR999950.1 2.2e+06 2.3e+06 8087
LR999950.1 2.3e+06 2.4e+06 9013
LR999950.1 2.4e+06 2.5e+06 10148
LR999950.1 2.5e+06 2.6e+06 13078
LR999950.1 2.6e+06 2.7e+06 10610
LR999950.1 2.7e+06 2.8e+06 10085
LR999950.1 2.8e+06 2.9e+06 13860
LR999950.1 2.9e+06 3e+06 10203
LR999950.1 3e+06 3.1e+06 8068
LR999950.1 3.1e+06 3.2e+06 10444
LR999950.1 3.2e+06 3.3e+06 8037
LR999950.1 3.3e+06 3.4e+06 3590
LR999950.1 3.4e+06 3.5e+06 2250
LR999950.1 3.5e+06 3.6e+06 8621
LR999950.1 3.6e+06 3.7e+06 12762
LR999950.1 3.7e+06 3.8e+06 4650
LR999950.1 3.8e+06 3.9e+06 8576
LR999950.1 3.9e+06 4e+06 5574
LR999950.1 4e+06 4.1e+06 8485
LR999950.1 4.1e+06 4.2e+06 9281
LR999950.1 4.2e+06 4.3e+06 8479
LR999950.1 4.3e+06 4.4e+06 11489
LR999950.1 4.4e+06 4.5e+06 15932
LR999950.1 4.5e+06 4.6e+06 10042
LR999950.1 4.6e+06 4.7e+06 6952
LR999950.1 4.7e+06 4.8e+06 7307
LR999950.1 4.8e+06 4.9e+06 6360
LR999950.1 4.9e+06 5e+06 8027
LR999950.1 5e+06 5.1e+06 9877
LR999950.1 5.1e+06 5.2e+06 5261
LR999950.1 5.2e+06 5.3e+06 4073
LR999950.1 5.3e+06 5.4e+06 8791
LR999950.1 5.4e+06 5.5e+06 11411
LR999950.1 5.5e+06 5.6e+06 12256
LR999950.1 5.6e+06 5.7e+06 14239
LR999950.1 5.7e+06 5.8e+06 7512
LR999950.1 5.8e+06 5.9e+06 8657
LR999950.1 5.9e+06 6e+06 6919
LR999950.1 6e+06 6.1e+06 9630
LR999950.1 6.1e+06 6.2e+06 8546
LR999950.1 6.2e+06 6.3e+06 8188
LR999950.1 6.3e+06 6.4e+06 4541
LR999950.1 6.4e+06 6.5e+06 10674
LR999950.1 6.5e+06 6.6e+06 6924
LR999950.1 6.6e+06 6.7e+06 9332
LR999950.1 6.7e+06 6.8e+06 6124
LR999950.1 6.8e+06 6.9e+06 8566
LR999950.1 6.9e+06 7e+06 13532
LR999950.1 7e+06 7.1e+06 7129
LR999950.1 7.1e+06 7.2e+06 7172
LR999950.1 7.2e+06 7.3e+06 9617
LR999950.1 7.3e+06 7.4e+06 6682
LR999950.1 7.4e+06 7.5e+06 12119
LR999950.1 7.5e+06 7.6e+06 10694
LR999950.1 7.6e+06 7.7e+06 6485
LR999950.1 7.7e+06 7.8e+06 8750
LR999950.1 7.8e+06 7.9e+06 7482
LR999950.1 7.9e+06 8e+06 5683
LR999950.1 8e+06 8.1e+06 10044
LR999950.1 8.1e+06 8.2e+06 8952
LR999950.1 8.2e+06 8.3e+06 11895
LR999950.1 8.3e+06 8.4e+06 9051
LR999950.1 8.4e+06 8.5e+06 9843
LR999950.1 8.5e+06 8.6e+06 10818
LR999950.1 8.6e+06 8.7e+06 7756
LR999950.1 8.7e+06 8.8e+06 6666
LR999950.1 8.8e+06 8.9e+06 13158
LR999950.1 8.9e+06 9e+06 9760
LR999950.1 9e+06 9.1e+06 10351
LR999950.1 9.1e+06 9.2e+06 11005
LR999950.1 9.2e+06 9.3e+06 11800
LR999950.1 9.3e+06 9.4e+06 10910
LR999950.1 9.4e+06 9.5e+06 11297
LR999950.1 9.5e+06 9.6e+06 12182
LR999950.1 9.6e+06 9.7e+06 11382
LR999950.1 9.7e+06 9.8e+06 9658
LR999950.1 9.8e+06 9.9e+06 8808
LR999950.1 9.9e+06 9960137 3272
