LR999932.1 1 100000 2723
LR999932.1 100001 200000 8915
LR999932.1 200001 300000 3678
LR999932.1 300001 400000 9146
LR999932.1 400001 500000 10232
LR999932.1 500001 600000 12541
LR999932.1 600001 700000 13081
LR999932.1 700001 800000 11669
LR999932.1 800001 900000 12028
LR999932.1 900001 1e+06 7499
LR999932.1 1e+06 1.1e+06 6894
LR999932.1 1.1e+06 1.2e+06 6091
LR999932.1 1.2e+06 1.3e+06 7696
LR999932.1 1.3e+06 1.4e+06 7052
LR999932.1 1.4e+06 1.5e+06 8513
LR999932.1 1.5e+06 1.6e+06 9006
LR999932.1 1.6e+06 1.7e+06 10640
LR999932.1 1.7e+06 1.8e+06 8288
LR999932.1 1.8e+06 1.9e+06 10544
LR999932.1 1.9e+06 2e+06 10406
LR999932.1 2e+06 2.1e+06 13587
LR999932.1 2.1e+06 2.2e+06 10255
LR999932.1 2.2e+06 2.3e+06 8648
LR999932.1 2.3e+06 2.4e+06 11426
LR999932.1 2.4e+06 2.5e+06 10109
LR999932.1 2.5e+06 2.6e+06 8903
LR999932.1 2.6e+06 2.7e+06 12886
LR999932.1 2.7e+06 2.8e+06 8084
LR999932.1 2.8e+06 2.9e+06 9804
LR999932.1 2.9e+06 3e+06 10356
LR999932.1 3e+06 3.1e+06 8140
LR999932.1 3.1e+06 3.2e+06 10644
LR999932.1 3.2e+06 3.3e+06 6867
LR999932.1 3.3e+06 3.4e+06 9733
LR999932.1 3.4e+06 3.5e+06 5938
LR999932.1 3.5e+06 3.6e+06 7446
LR999932.1 3.6e+06 3.7e+06 10235
LR999932.1 3.7e+06 3.8e+06 10997
LR999932.1 3.8e+06 3.9e+06 7998
LR999932.1 3.9e+06 4e+06 8732
LR999932.1 4e+06 4.1e+06 12958
LR999932.1 4.1e+06 4.2e+06 12246
LR999932.1 4.2e+06 4.3e+06 10581
LR999932.1 4.3e+06 4.4e+06 11272
LR999932.1 4.4e+06 4.5e+06 11129
LR999932.1 4.5e+06 4.6e+06 6928
LR999932.1 4.6e+06 4.7e+06 5857
LR999932.1 4.7e+06 4.8e+06 5595
LR999932.1 4.8e+06 4.9e+06 5599
LR999932.1 4.9e+06 5e+06 4944
LR999932.1 5e+06 5.1e+06 12320
LR999932.1 5.1e+06 5.2e+06 10689
LR999932.1 5.2e+06 5.3e+06 11149
LR999932.1 5.3e+06 5.4e+06 7478
LR999932.1 5.4e+06 5.5e+06 5056
LR999932.1 5.5e+06 5.6e+06 4618
LR999932.1 5.6e+06 5.7e+06 3466
LR999932.1 5.7e+06 5.8e+06 5258
LR999932.1 5.8e+06 5.9e+06 3496
LR999932.1 5.9e+06 6e+06 4034
LR999932.1 6e+06 6.1e+06 5783
LR999932.1 6.1e+06 6.2e+06 6813
LR999932.1 6.2e+06 6.3e+06 5670
LR999932.1 6.3e+06 6.4e+06 5050
LR999932.1 6.4e+06 6.5e+06 4338
LR999932.1 6.5e+06 6.6e+06 2896
LR999932.1 6.6e+06 6.7e+06 2697
LR999932.1 6.7e+06 6.8e+06 5526
LR999932.1 6.8e+06 6.9e+06 5295
LR999932.1 6.9e+06 7e+06 5584
LR999932.1 7e+06 7.1e+06 6211
LR999932.1 7.1e+06 7.2e+06 5943
LR999932.1 7.2e+06 7.3e+06 4280
LR999932.1 7.3e+06 7.4e+06 4704
LR999932.1 7.4e+06 7.5e+06 3464
LR999932.1 7.5e+06 7.6e+06 2433
LR999932.1 7.6e+06 7.7e+06 6994
LR999932.1 7.7e+06 7.8e+06 1274
LR999932.1 7.8e+06 7.9e+06 2742
LR999932.1 7.9e+06 8e+06 1754
LR999932.1 8e+06 8.1e+06 3935
LR999932.1 8.1e+06 8.2e+06 6327
LR999932.1 8.2e+06 8.3e+06 7037
LR999932.1 8.3e+06 8.4e+06 4901
LR999932.1 8.4e+06 8.5e+06 3335
LR999932.1 8.5e+06 8.6e+06 4201
LR999932.1 8.6e+06 8.7e+06 4543
LR999932.1 8.7e+06 8.8e+06 4201
LR999932.1 8.8e+06 8.9e+06 3400
LR999932.1 8.9e+06 9e+06 6004
LR999932.1 9e+06 9.1e+06 4040
LR999932.1 9.1e+06 9.2e+06 3955
LR999932.1 9.2e+06 9.3e+06 4754
LR999932.1 9.3e+06 9.4e+06 4007
LR999932.1 9.4e+06 9.5e+06 3459
LR999932.1 9.5e+06 9.6e+06 4147
LR999932.1 9.6e+06 9.7e+06 5583
LR999932.1 9.7e+06 9.8e+06 4452
LR999932.1 9.8e+06 9.9e+06 3798
LR999932.1 9.9e+06 1e+07 4435
LR999932.1 1e+07 1.01e+07 4629
LR999932.1 1.01e+07 1.02e+07 3410
LR999932.1 1.02e+07 1.03e+07 4356
LR999932.1 1.03e+07 1.04e+07 3706
LR999932.1 1.04e+07 1.05e+07 4626
LR999932.1 1.05e+07 1.06e+07 6656
LR999932.1 1.06e+07 1.07e+07 3021
LR999932.1 1.07e+07 1.08e+07 5771
LR999932.1 1.08e+07 1.09e+07 4476
LR999932.1 1.09e+07 1.1e+07 6493
LR999932.1 1.1e+07 1.11e+07 4012
LR999932.1 1.11e+07 1.12e+07 3828
LR999932.1 1.12e+07 1.13e+07 6025
LR999932.1 1.13e+07 1.14e+07 1893
LR999932.1 1.14e+07 1.15e+07 3517
LR999932.1 1.15e+07 1.16e+07 4694
LR999932.1 1.16e+07 1.17e+07 5774
LR999932.1 1.17e+07 1.18e+07 8356
LR999932.1 1.18e+07 1.19e+07 8178
LR999932.1 1.19e+07 1.2e+07 5010
LR999932.1 1.2e+07 1.21e+07 3947
LR999932.1 1.21e+07 1.22e+07 5829
LR999932.1 1.22e+07 1.23e+07 9233
LR999932.1 1.23e+07 1.24e+07 9184
LR999932.1 1.24e+07 1.25e+07 7778
LR999932.1 1.25e+07 1.26e+07 5794
LR999932.1 1.26e+07 1.27e+07 4108
LR999932.1 1.27e+07 1.28e+07 9423
LR999932.1 1.28e+07 1.29e+07 10136
LR999932.1 1.29e+07 1.3e+07 9378
LR999932.1 1.3e+07 1.31e+07 3825
LR999932.1 1.31e+07 1.32e+07 6334
LR999932.1 1.32e+07 1.33e+07 9046
LR999932.1 1.33e+07 1.34e+07 10364
LR999932.1 1.34e+07 1.35e+07 12140
LR999932.1 1.35e+07 1.36e+07 12018
LR999932.1 1.36e+07 1.37e+07 11010
LR999932.1 1.37e+07 1.38e+07 10623
LR999932.1 1.38e+07 1.39e+07 8770
LR999932.1 1.39e+07 1.4e+07 6295
LR999932.1 1.4e+07 1.41e+07 7634
LR999932.1 1.41e+07 1.42e+07 7974
LR999932.1 1.42e+07 1.43e+07 5092
LR999932.1 1.43e+07 1.44e+07 10271
LR999932.1 1.44e+07 1.45e+07 13232
LR999932.1 1.45e+07 1.46e+07 13676
LR999932.1 1.46e+07 1.47e+07 9126
LR999932.1 1.47e+07 1.48e+07 7725
LR999932.1 1.48e+07 1.49e+07 9114
LR999932.1 1.49e+07 1.5e+07 6359
LR999932.1 1.5e+07 1.51e+07 6233
LR999932.1 1.51e+07 1.52e+07 4673
LR999932.1 1.52e+07 1.53e+07 3107
LR999932.1 1.53e+07 1.54e+07 1830
LR999932.1 1.54e+07 15426761 645
