LR999938.1 1 100000 320
LR999938.1 100001 200000 2731
LR999938.1 200001 300000 7372
LR999938.1 300001 400000 7971
LR999938.1 400001 500000 9174
LR999938.1 500001 600000 8770
LR999938.1 600001 700000 11522
LR999938.1 700001 800000 10928
LR999938.1 800001 900000 10980
LR999938.1 900001 1e+06 7500
LR999938.1 1e+06 1.1e+06 8667
LR999938.1 1.1e+06 1.2e+06 9543
LR999938.1 1.2e+06 1.3e+06 12739
LR999938.1 1.3e+06 1.4e+06 8973
LR999938.1 1.4e+06 1.5e+06 8089
LR999938.1 1.5e+06 1.6e+06 12940
LR999938.1 1.6e+06 1.7e+06 10980
LR999938.1 1.7e+06 1.8e+06 10690
LR999938.1 1.8e+06 1.9e+06 12801
LR999938.1 1.9e+06 2e+06 10250
LR999938.1 2e+06 2.1e+06 13032
LR999938.1 2.1e+06 2.2e+06 11719
LR999938.1 2.2e+06 2.3e+06 11194
LR999938.1 2.3e+06 2.4e+06 9161
LR999938.1 2.4e+06 2.5e+06 10333
LR999938.1 2.5e+06 2.6e+06 10203
LR999938.1 2.6e+06 2.7e+06 8840
LR999938.1 2.7e+06 2.8e+06 4855
LR999938.1 2.8e+06 2.9e+06 8975
LR999938.1 2.9e+06 3e+06 9488
LR999938.1 3e+06 3.1e+06 5949
LR999938.1 3.1e+06 3.2e+06 6502
LR999938.1 3.2e+06 3.3e+06 6479
LR999938.1 3.3e+06 3.4e+06 7511
LR999938.1 3.4e+06 3.5e+06 6303
LR999938.1 3.5e+06 3.6e+06 9857
LR999938.1 3.6e+06 3.7e+06 8520
LR999938.1 3.7e+06 3.8e+06 10767
LR999938.1 3.8e+06 3.9e+06 10810
LR999938.1 3.9e+06 4e+06 10732
LR999938.1 4e+06 4.1e+06 12813
LR999938.1 4.1e+06 4.2e+06 11341
LR999938.1 4.2e+06 4.3e+06 7461
LR999938.1 4.3e+06 4.4e+06 9124
LR999938.1 4.4e+06 4.5e+06 7027
LR999938.1 4.5e+06 4.6e+06 4604
LR999938.1 4.6e+06 4.7e+06 5592
LR999938.1 4.7e+06 4.8e+06 8609
LR999938.1 4.8e+06 4.9e+06 6767
LR999938.1 4.9e+06 5e+06 7411
LR999938.1 5e+06 5.1e+06 5868
LR999938.1 5.1e+06 5.2e+06 9547
LR999938.1 5.2e+06 5.3e+06 8675
LR999938.1 5.3e+06 5.4e+06 6750
LR999938.1 5.4e+06 5.5e+06 8629
LR999938.1 5.5e+06 5.6e+06 9780
LR999938.1 5.6e+06 5.7e+06 9931
LR999938.1 5.7e+06 5.8e+06 5629
LR999938.1 5.8e+06 5.9e+06 8478
LR999938.1 5.9e+06 6e+06 7461
LR999938.1 6e+06 6.1e+06 7132
LR999938.1 6.1e+06 6.2e+06 6401
LR999938.1 6.2e+06 6.3e+06 7396
LR999938.1 6.3e+06 6.4e+06 8606
LR999938.1 6.4e+06 6.5e+06 6568
LR999938.1 6.5e+06 6.6e+06 6314
LR999938.1 6.6e+06 6.7e+06 6852
LR999938.1 6.7e+06 6.8e+06 5763
LR999938.1 6.8e+06 6.9e+06 4461
LR999938.1 6.9e+06 7e+06 6397
LR999938.1 7e+06 7.1e+06 7360
LR999938.1 7.1e+06 7.2e+06 6762
LR999938.1 7.2e+06 7.3e+06 4703
LR999938.1 7.3e+06 7.4e+06 6833
LR999938.1 7.4e+06 7.5e+06 5916
LR999938.1 7.5e+06 7.6e+06 6337
LR999938.1 7.6e+06 7.7e+06 4040
LR999938.1 7.7e+06 7.8e+06 6261
LR999938.1 7.8e+06 7.9e+06 4791
LR999938.1 7.9e+06 8e+06 4389
LR999938.1 8e+06 8.1e+06 4341
LR999938.1 8.1e+06 8.2e+06 6543
LR999938.1 8.2e+06 8.3e+06 3140
LR999938.1 8.3e+06 8.4e+06 2534
LR999938.1 8.4e+06 8.5e+06 4181
LR999938.1 8.5e+06 8.6e+06 2720
LR999938.1 8.6e+06 8.7e+06 1896
LR999938.1 8.7e+06 8.8e+06 4590
LR999938.1 8.8e+06 8.9e+06 4273
LR999938.1 8.9e+06 9e+06 5942
LR999938.1 9e+06 9.1e+06 1114
LR999938.1 9.1e+06 9.2e+06 3426
LR999938.1 9.2e+06 9.3e+06 4916
LR999938.1 9.3e+06 9.4e+06 2990
LR999938.1 9.4e+06 9.5e+06 2320
LR999938.1 9.5e+06 9.6e+06 756
LR999938.1 9.6e+06 9.7e+06 2014
LR999938.1 9.7e+06 9.8e+06 3280
LR999938.1 9.8e+06 9.9e+06 1336
LR999938.1 9.9e+06 1e+07 4277
LR999938.1 1e+07 1.01e+07 2688
LR999938.1 1.01e+07 1.02e+07 2038
LR999938.1 1.02e+07 1.03e+07 4818
LR999938.1 1.03e+07 1.04e+07 4178
LR999938.1 1.04e+07 1.05e+07 4124
LR999938.1 1.05e+07 1.06e+07 1944
LR999938.1 1.06e+07 1.07e+07 3472
LR999938.1 1.07e+07 1.08e+07 6091
LR999938.1 1.08e+07 1.09e+07 6142
LR999938.1 1.09e+07 1.1e+07 4411
LR999938.1 1.1e+07 1.11e+07 8118
LR999938.1 1.11e+07 1.12e+07 9284
LR999938.1 1.12e+07 1.13e+07 4613
LR999938.1 1.13e+07 1.14e+07 4668
LR999938.1 1.14e+07 1.15e+07 2929
LR999938.1 1.15e+07 1.16e+07 3720
LR999938.1 1.16e+07 1.17e+07 2312
LR999938.1 1.17e+07 1.18e+07 2834
LR999938.1 1.18e+07 1.19e+07 5750
LR999938.1 1.19e+07 1.2e+07 3098
LR999938.1 1.2e+07 1.21e+07 4130
LR999938.1 1.21e+07 1.22e+07 7399
LR999938.1 1.22e+07 1.23e+07 9398
LR999938.1 1.23e+07 1.24e+07 9694
LR999938.1 1.24e+07 1.25e+07 9268
LR999938.1 1.25e+07 1.26e+07 7932
LR999938.1 1.26e+07 1.27e+07 4048
LR999938.1 1.27e+07 1.28e+07 7679
LR999938.1 1.28e+07 1.29e+07 6964
LR999938.1 1.29e+07 1.3e+07 6717
LR999938.1 1.3e+07 1.31e+07 10013
LR999938.1 1.31e+07 1.32e+07 8231
LR999938.1 1.32e+07 1.33e+07 4776
LR999938.1 1.33e+07 1.34e+07 9786
LR999938.1 1.34e+07 1.35e+07 8627
LR999938.1 1.35e+07 1.36e+07 6418
LR999938.1 1.36e+07 1.37e+07 8687
LR999938.1 1.37e+07 1.38e+07 8745
LR999938.1 1.38e+07 1.39e+07 12007
LR999938.1 1.39e+07 1.4e+07 10318
LR999938.1 1.4e+07 1.41e+07 9774
LR999938.1 1.41e+07 1.42e+07 7785
LR999938.1 1.42e+07 1.43e+07 9622
LR999938.1 1.43e+07 1.44e+07 5539
LR999938.1 1.44e+07 1.45e+07 4373
LR999938.1 1.45e+07 1.46e+07 1520
LR999938.1 1.46e+07 14605406 
