LR999935.1 1 100000 1783
LR999935.1 100001 200000 4234
LR999935.1 200001 300000 4124
LR999935.1 300001 400000 2236
LR999935.1 400001 500000 2075
LR999935.1 500001 600000 2466
LR999935.1 600001 700000 4346
LR999935.1 700001 800000 11485
LR999935.1 800001 900000 6876
LR999935.1 900001 1e+06 8341
LR999935.1 1e+06 1.1e+06 7402
LR999935.1 1.1e+06 1.2e+06 7296
LR999935.1 1.2e+06 1.3e+06 5905
LR999935.1 1.3e+06 1.4e+06 3684
LR999935.1 1.4e+06 1.5e+06 3258
LR999935.1 1.5e+06 1.6e+06 4126
LR999935.1 1.6e+06 1.7e+06 7633
LR999935.1 1.7e+06 1.8e+06 7427
LR999935.1 1.8e+06 1.9e+06 7637
LR999935.1 1.9e+06 2e+06 9880
LR999935.1 2e+06 2.1e+06 6562
LR999935.1 2.1e+06 2.2e+06 7052
LR999935.1 2.2e+06 2.3e+06 5676
LR999935.1 2.3e+06 2.4e+06 6900
LR999935.1 2.4e+06 2.5e+06 5293
LR999935.1 2.5e+06 2.6e+06 5900
LR999935.1 2.6e+06 2.7e+06 6344
LR999935.1 2.7e+06 2.8e+06 4851
LR999935.1 2.8e+06 2.9e+06 4054
LR999935.1 2.9e+06 3e+06 4185
LR999935.1 3e+06 3.1e+06 3924
LR999935.1 3.1e+06 3.2e+06 7611
LR999935.1 3.2e+06 3.3e+06 7791
LR999935.1 3.3e+06 3.4e+06 8093
LR999935.1 3.4e+06 3.5e+06 6284
LR999935.1 3.5e+06 3.6e+06 7860
LR999935.1 3.6e+06 3.7e+06 7705
LR999935.1 3.7e+06 3.8e+06 7649
LR999935.1 3.8e+06 3.9e+06 5677
LR999935.1 3.9e+06 4e+06 7960
LR999935.1 4e+06 4.1e+06 6132
LR999935.1 4.1e+06 4.2e+06 2624
LR999935.1 4.2e+06 4.3e+06 5129
LR999935.1 4.3e+06 4.4e+06 10915
LR999935.1 4.4e+06 4.5e+06 7337
LR999935.1 4.5e+06 4.6e+06 5714
LR999935.1 4.6e+06 4.7e+06 10679
LR999935.1 4.7e+06 4.8e+06 8010
LR999935.1 4.8e+06 4.9e+06 4900
LR999935.1 4.9e+06 5e+06 6373
LR999935.1 5e+06 5.1e+06 6711
LR999935.1 5.1e+06 5.2e+06 1578
LR999935.1 5.2e+06 5.3e+06 2545
LR999935.1 5.3e+06 5.4e+06 7472
LR999935.1 5.4e+06 5.5e+06 7450
LR999935.1 5.5e+06 5.6e+06 5713
LR999935.1 5.6e+06 5.7e+06 7118
LR999935.1 5.7e+06 5.8e+06 7712
LR999935.1 5.8e+06 5.9e+06 5654
LR999935.1 5.9e+06 6e+06 4649
LR999935.1 6e+06 6.1e+06 3354
LR999935.1 6.1e+06 6.2e+06 2747
LR999935.1 6.2e+06 6.3e+06 5160
LR999935.1 6.3e+06 6.4e+06 3689
LR999935.1 6.4e+06 6.5e+06 5630
LR999935.1 6.5e+06 6.6e+06 5240
LR999935.1 6.6e+06 6.7e+06 3766
LR999935.1 6.7e+06 6.8e+06 3617
LR999935.1 6.8e+06 6.9e+06 2404
LR999935.1 6.9e+06 7e+06 3083
LR999935.1 7e+06 7.1e+06 5365
LR999935.1 7.1e+06 7.2e+06 3662
LR999935.1 7.2e+06 7.3e+06 2182
LR999935.1 7.3e+06 7.4e+06 2310
LR999935.1 7.4e+06 7.5e+06 1425
LR999935.1 7.5e+06 7.6e+06 3797
LR999935.1 7.6e+06 7.7e+06 2070
LR999935.1 7.7e+06 7.8e+06 2604
LR999935.1 7.8e+06 7.9e+06 2184
LR999935.1 7.9e+06 8e+06 1982
LR999935.1 8e+06 8.1e+06 2316
LR999935.1 8.1e+06 8.2e+06 3742
LR999935.1 8.2e+06 8.3e+06 5469
LR999935.1 8.3e+06 8.4e+06 5731
LR999935.1 8.4e+06 8.5e+06 5067
LR999935.1 8.5e+06 8.6e+06 2208
LR999935.1 8.6e+06 8.7e+06 4855
LR999935.1 8.7e+06 8.8e+06 6590
LR999935.1 8.8e+06 8.9e+06 3412
LR999935.1 8.9e+06 9e+06 8163
LR999935.1 9e+06 9.1e+06 5737
LR999935.1 9.1e+06 9.2e+06 5982
LR999935.1 9.2e+06 9.3e+06 4018
LR999935.1 9.3e+06 9.4e+06 4319
LR999935.1 9.4e+06 9.5e+06 9226
LR999935.1 9.5e+06 9.6e+06 9538
LR999935.1 9.6e+06 9.7e+06 5983
LR999935.1 9.7e+06 9.8e+06 8550
LR999935.1 9.8e+06 9.9e+06 6670
LR999935.1 9.9e+06 1e+07 6062
LR999935.1 1e+07 1.01e+07 5307
LR999935.1 1.01e+07 1.02e+07 5741
LR999935.1 1.02e+07 1.03e+07 5685
LR999935.1 1.03e+07 1.04e+07 5896
LR999935.1 1.04e+07 1.05e+07 7953
LR999935.1 1.05e+07 1.06e+07 10216
LR999935.1 1.06e+07 1.07e+07 8664
LR999935.1 1.07e+07 1.08e+07 10867
LR999935.1 1.08e+07 1.09e+07 9004
LR999935.1 1.09e+07 1.1e+07 3494
LR999935.1 1.1e+07 1.11e+07 4028
LR999935.1 1.11e+07 1.12e+07 3876
LR999935.1 1.12e+07 1.13e+07 6083
LR999935.1 1.13e+07 1.14e+07 9830
LR999935.1 1.14e+07 1.15e+07 4994
LR999935.1 1.15e+07 1.16e+07 4870
LR999935.1 1.16e+07 1.17e+07 5720
LR999935.1 1.17e+07 1.18e+07 11409
LR999935.1 1.18e+07 1.19e+07 10334
LR999935.1 1.19e+07 1.2e+07 9572
LR999935.1 1.2e+07 1.21e+07 6165
LR999935.1 1.21e+07 1.22e+07 8708
LR999935.1 1.22e+07 1.23e+07 4864
LR999935.1 1.23e+07 1.24e+07 4862
LR999935.1 1.24e+07 1.25e+07 3432
LR999935.1 1.25e+07 1.26e+07 4571
LR999935.1 1.26e+07 1.27e+07 7796
LR999935.1 1.27e+07 1.28e+07 8100
LR999935.1 1.28e+07 1.29e+07 8968
LR999935.1 1.29e+07 1.3e+07 6234
LR999935.1 1.3e+07 1.31e+07 7390
LR999935.1 1.31e+07 1.32e+07 4691
LR999935.1 1.32e+07 1.33e+07 2667
LR999935.1 1.33e+07 1.34e+07 7931
LR999935.1 1.34e+07 1.35e+07 6411
LR999935.1 1.35e+07 1.36e+07 6479
LR999935.1 1.36e+07 1.37e+07 7652
LR999935.1 1.37e+07 1.38e+07 12186
LR999935.1 1.38e+07 1.39e+07 10324
LR999935.1 1.39e+07 1.4e+07 6860
LR999935.1 1.4e+07 1.41e+07 7225
LR999935.1 1.41e+07 1.42e+07 8039
LR999935.1 1.42e+07 1.43e+07 4762
LR999935.1 1.43e+07 1.44e+07 4645
LR999935.1 1.44e+07 1.45e+07 8825
LR999935.1 1.45e+07 1.46e+07 9593
LR999935.1 1.46e+07 1.47e+07 7653
LR999935.1 1.47e+07 1.48e+07 6487
LR999935.1 1.48e+07 14868897 679
