LR999945.1 1 100000 2575
LR999945.1 100001 200000 4884
LR999945.1 200001 300000 3097
LR999945.1 300001 400000 6964
LR999945.1 400001 500000 4585
LR999945.1 500001 600000 3673
LR999945.1 600001 700000 8861
LR999945.1 700001 800000 8071
LR999945.1 800001 900000 7509
LR999945.1 900001 1e+06 5935
LR999945.1 1e+06 1.1e+06 10598
LR999945.1 1.1e+06 1.2e+06 2092
LR999945.1 1.2e+06 1.3e+06 2688
LR999945.1 1.3e+06 1.4e+06 6093
LR999945.1 1.4e+06 1.5e+06 6446
LR999945.1 1.5e+06 1.6e+06 6076
LR999945.1 1.6e+06 1.7e+06 8595
LR999945.1 1.7e+06 1.8e+06 11354
LR999945.1 1.8e+06 1.9e+06 12729
LR999945.1 1.9e+06 2e+06 13876
LR999945.1 2e+06 2.1e+06 12054
LR999945.1 2.1e+06 2.2e+06 10593
LR999945.1 2.2e+06 2.3e+06 10402
LR999945.1 2.3e+06 2.4e+06 9017
LR999945.1 2.4e+06 2.5e+06 11540
LR999945.1 2.5e+06 2.6e+06 11490
LR999945.1 2.6e+06 2.7e+06 8697
LR999945.1 2.7e+06 2.8e+06 14399
LR999945.1 2.8e+06 2.9e+06 8456
LR999945.1 2.9e+06 3e+06 11568
LR999945.1 3e+06 3.1e+06 8930
LR999945.1 3.1e+06 3.2e+06 9415
LR999945.1 3.2e+06 3.3e+06 9435
LR999945.1 3.3e+06 3.4e+06 3320
LR999945.1 3.4e+06 3.5e+06 6119
LR999945.1 3.5e+06 3.6e+06 5988
LR999945.1 3.6e+06 3.7e+06 11875
LR999945.1 3.7e+06 3.8e+06 8836
LR999945.1 3.8e+06 3.9e+06 9687
LR999945.1 3.9e+06 4e+06 11712
LR999945.1 4e+06 4.1e+06 10180
LR999945.1 4.1e+06 4.2e+06 9159
LR999945.1 4.2e+06 4.3e+06 5811
LR999945.1 4.3e+06 4.4e+06 2960
LR999945.1 4.4e+06 4.5e+06 7925
LR999945.1 4.5e+06 4.6e+06 8471
LR999945.1 4.6e+06 4.7e+06 4974
LR999945.1 4.7e+06 4.8e+06 3082
LR999945.1 4.8e+06 4.9e+06 2688
LR999945.1 4.9e+06 5e+06 2628
LR999945.1 5e+06 5.1e+06 2969
LR999945.1 5.1e+06 5.2e+06 3909
LR999945.1 5.2e+06 5.3e+06 6766
LR999945.1 5.3e+06 5.4e+06 6966
LR999945.1 5.4e+06 5.5e+06 7818
LR999945.1 5.5e+06 5.6e+06 8663
LR999945.1 5.6e+06 5.7e+06 4640
LR999945.1 5.7e+06 5.8e+06 7426
LR999945.1 5.8e+06 5.9e+06 3471
LR999945.1 5.9e+06 6e+06 6306
LR999945.1 6e+06 6.1e+06 6117
LR999945.1 6.1e+06 6.2e+06 9676
LR999945.1 6.2e+06 6.3e+06 10823
LR999945.1 6.3e+06 6.4e+06 7818
LR999945.1 6.4e+06 6.5e+06 7874
LR999945.1 6.5e+06 6.6e+06 9313
LR999945.1 6.6e+06 6.7e+06 11361
LR999945.1 6.7e+06 6.8e+06 10488
LR999945.1 6.8e+06 6.9e+06 4705
LR999945.1 6.9e+06 7e+06 4460
LR999945.1 7e+06 7.1e+06 6103
LR999945.1 7.1e+06 7.2e+06 3426
LR999945.1 7.2e+06 7.3e+06 3425
LR999945.1 7.3e+06 7.4e+06 4363
LR999945.1 7.4e+06 7.5e+06 8186
LR999945.1 7.5e+06 7.6e+06 2889
LR999945.1 7.6e+06 7.7e+06 6117
LR999945.1 7.7e+06 7.8e+06 6689
LR999945.1 7.8e+06 7.9e+06 8977
LR999945.1 7.9e+06 8e+06 11075
LR999945.1 8e+06 8.1e+06 6209
LR999945.1 8.1e+06 8.2e+06 10566
LR999945.1 8.2e+06 8.3e+06 6885
LR999945.1 8.3e+06 8.4e+06 9765
LR999945.1 8.4e+06 8.5e+06 6766
LR999945.1 8.5e+06 8.6e+06 7581
LR999945.1 8.6e+06 8.7e+06 7579
LR999945.1 8.7e+06 8.8e+06 2486
LR999945.1 8.8e+06 8.9e+06 7048
LR999945.1 8.9e+06 9e+06 6420
LR999945.1 9e+06 9.1e+06 4028
LR999945.1 9.1e+06 9.2e+06 6539
LR999945.1 9.2e+06 9.3e+06 12717
LR999945.1 9.3e+06 9.4e+06 7103
LR999945.1 9.4e+06 9.5e+06 5409
LR999945.1 9.5e+06 9.6e+06 5251
LR999945.1 9.6e+06 9.7e+06 3270
LR999945.1 9.7e+06 9.8e+06 10978
LR999945.1 9.8e+06 9.9e+06 7902
LR999945.1 9.9e+06 1e+07 7205
LR999945.1 1e+07 1.01e+07 7895
LR999945.1 1.01e+07 1.02e+07 3065
LR999945.1 1.02e+07 1.03e+07 11586
LR999945.1 1.03e+07 1.04e+07 11968
LR999945.1 1.04e+07 1.05e+07 8633
LR999945.1 1.05e+07 1.06e+07 8418
LR999945.1 1.06e+07 1.07e+07 10524
LR999945.1 1.07e+07 1.08e+07 9726
LR999945.1 1.08e+07 1.09e+07 12854
LR999945.1 1.09e+07 1.1e+07 9694
LR999945.1 1.1e+07 1.11e+07 6250
LR999945.1 1.11e+07 1.12e+07 5979
LR999945.1 1.12e+07 1.13e+07 10160
LR999945.1 1.13e+07 1.14e+07 10015
LR999945.1 1.14e+07 1.15e+07 10795
LR999945.1 1.15e+07 1.16e+07 10532
LR999945.1 1.16e+07 1.17e+07 10298
LR999945.1 1.17e+07 1.18e+07 10057
LR999945.1 1.18e+07 1.19e+07 9358
LR999945.1 1.19e+07 1.2e+07 7317
LR999945.1 1.2e+07 1.21e+07 9664
LR999945.1 1.21e+07 1.22e+07 8812
LR999945.1 1.22e+07 1.23e+07 9659
LR999945.1 1.23e+07 1.24e+07 8794
LR999945.1 1.24e+07 1.25e+07 7907
LR999945.1 1.25e+07 1.26e+07 7854
LR999945.1 1.26e+07 1.27e+07 8632
LR999945.1 1.27e+07 1.28e+07 4370
LR999945.1 1.28e+07 12861081 1087
