LR999933.1 1 100000 2063
LR999933.1 100001 200000 8577
LR999933.1 200001 300000 7709
LR999933.1 300001 400000 8124
LR999933.1 400001 500000 7639
LR999933.1 500001 600000 9272
LR999933.1 600001 700000 10723
LR999933.1 700001 800000 11644
LR999933.1 800001 900000 13952
LR999933.1 900001 1e+06 10130
LR999933.1 1e+06 1.1e+06 7232
LR999933.1 1.1e+06 1.2e+06 8645
LR999933.1 1.2e+06 1.3e+06 11732
LR999933.1 1.3e+06 1.4e+06 11147
LR999933.1 1.4e+06 1.5e+06 10625
LR999933.1 1.5e+06 1.6e+06 10767
LR999933.1 1.6e+06 1.7e+06 10088
LR999933.1 1.7e+06 1.8e+06 11322
LR999933.1 1.8e+06 1.9e+06 7695
LR999933.1 1.9e+06 2e+06 8577
LR999933.1 2e+06 2.1e+06 11800
LR999933.1 2.1e+06 2.2e+06 7456
LR999933.1 2.2e+06 2.3e+06 12322
LR999933.1 2.3e+06 2.4e+06 14387
LR999933.1 2.4e+06 2.5e+06 8559
LR999933.1 2.5e+06 2.6e+06 7709
LR999933.1 2.6e+06 2.7e+06 8086
LR999933.1 2.7e+06 2.8e+06 8087
LR999933.1 2.8e+06 2.9e+06 10364
LR999933.1 2.9e+06 3e+06 10274
LR999933.1 3e+06 3.1e+06 4241
LR999933.1 3.1e+06 3.2e+06 5221
LR999933.1 3.2e+06 3.3e+06 8117
LR999933.1 3.3e+06 3.4e+06 7182
LR999933.1 3.4e+06 3.5e+06 7765
LR999933.1 3.5e+06 3.6e+06 4533
LR999933.1 3.6e+06 3.7e+06 9843
LR999933.1 3.7e+06 3.8e+06 8317
LR999933.1 3.8e+06 3.9e+06 10774
LR999933.1 3.9e+06 4e+06 7803
LR999933.1 4e+06 4.1e+06 6770
LR999933.1 4.1e+06 4.2e+06 7438
LR999933.1 4.2e+06 4.3e+06 7149
LR999933.1 4.3e+06 4.4e+06 11345
LR999933.1 4.4e+06 4.5e+06 7958
LR999933.1 4.5e+06 4.6e+06 5267
LR999933.1 4.6e+06 4.7e+06 8007
LR999933.1 4.7e+06 4.8e+06 9537
LR999933.1 4.8e+06 4.9e+06 8018
LR999933.1 4.9e+06 5e+06 7687
LR999933.1 5e+06 5.1e+06 5667
LR999933.1 5.1e+06 5.2e+06 6425
LR999933.1 5.2e+06 5.3e+06 8550
LR999933.1 5.3e+06 5.4e+06 7751
LR999933.1 5.4e+06 5.5e+06 3999
LR999933.1 5.5e+06 5.6e+06 6605
LR999933.1 5.6e+06 5.7e+06 8339
LR999933.1 5.7e+06 5.8e+06 7806
LR999933.1 5.8e+06 5.9e+06 5285
LR999933.1 5.9e+06 6e+06 7542
LR999933.1 6e+06 6.1e+06 7091
LR999933.1 6.1e+06 6.2e+06 5216
LR999933.1 6.2e+06 6.3e+06 7823
LR999933.1 6.3e+06 6.4e+06 3495
LR999933.1 6.4e+06 6.5e+06 3819
LR999933.1 6.5e+06 6.6e+06 6579
LR999933.1 6.6e+06 6.7e+06 2723
LR999933.1 6.7e+06 6.8e+06 5390
LR999933.1 6.8e+06 6.9e+06 3608
LR999933.1 6.9e+06 7e+06 1522
LR999933.1 7e+06 7.1e+06 3891
LR999933.1 7.1e+06 7.2e+06 5620
LR999933.1 7.2e+06 7.3e+06 4167
LR999933.1 7.3e+06 7.4e+06 4423
LR999933.1 7.4e+06 7.5e+06 6317
LR999933.1 7.5e+06 7.6e+06 5247
LR999933.1 7.6e+06 7.7e+06 3440
LR999933.1 7.7e+06 7.8e+06 2535
LR999933.1 7.8e+06 7.9e+06 2553
LR999933.1 7.9e+06 8e+06 4942
LR999933.1 8e+06 8.1e+06 4251
LR999933.1 8.1e+06 8.2e+06 4715
LR999933.1 8.2e+06 8.3e+06 5962
LR999933.1 8.3e+06 8.4e+06 3071
LR999933.1 8.4e+06 8.5e+06 4214
LR999933.1 8.5e+06 8.6e+06 4359
LR999933.1 8.6e+06 8.7e+06 2899
LR999933.1 8.7e+06 8.8e+06 5365
LR999933.1 8.8e+06 8.9e+06 3361
LR999933.1 8.9e+06 9e+06 7539
LR999933.1 9e+06 9.1e+06 3995
LR999933.1 9.1e+06 9.2e+06 6536
LR999933.1 9.2e+06 9.3e+06 4056
LR999933.1 9.3e+06 9.4e+06 7183
LR999933.1 9.4e+06 9.5e+06 6571
LR999933.1 9.5e+06 9.6e+06 5420
LR999933.1 9.6e+06 9.7e+06 5070
LR999933.1 9.7e+06 9.8e+06 6089
LR999933.1 9.8e+06 9.9e+06 6293
LR999933.1 9.9e+06 1e+07 7737
LR999933.1 1e+07 1.01e+07 5127
LR999933.1 1.01e+07 1.02e+07 4880
LR999933.1 1.02e+07 1.03e+07 1957
LR999933.1 1.03e+07 1.04e+07 3029
LR999933.1 1.04e+07 1.05e+07 3603
LR999933.1 1.05e+07 1.06e+07 3902
LR999933.1 1.06e+07 1.07e+07 6781
LR999933.1 1.07e+07 1.08e+07 5039
LR999933.1 1.08e+07 1.09e+07 5721
LR999933.1 1.09e+07 1.1e+07 4533
LR999933.1 1.1e+07 1.11e+07 4968
LR999933.1 1.11e+07 1.12e+07 7597
LR999933.1 1.12e+07 1.13e+07 4475
LR999933.1 1.13e+07 1.14e+07 2014
LR999933.1 1.14e+07 1.15e+07 5104
LR999933.1 1.15e+07 1.16e+07 9183
LR999933.1 1.16e+07 1.17e+07 6669
LR999933.1 1.17e+07 1.18e+07 8651
LR999933.1 1.18e+07 1.19e+07 13531
LR999933.1 1.19e+07 1.2e+07 8093
LR999933.1 1.2e+07 1.21e+07 6362
LR999933.1 1.21e+07 1.22e+07 7055
LR999933.1 1.22e+07 1.23e+07 8294
LR999933.1 1.23e+07 1.24e+07 9911
LR999933.1 1.24e+07 1.25e+07 10170
LR999933.1 1.25e+07 1.26e+07 7568
LR999933.1 1.26e+07 1.27e+07 9208
LR999933.1 1.27e+07 1.28e+07 8333
LR999933.1 1.28e+07 1.29e+07 12511
LR999933.1 1.29e+07 1.3e+07 9930
LR999933.1 1.3e+07 1.31e+07 8746
LR999933.1 1.31e+07 1.32e+07 9227
LR999933.1 1.32e+07 1.33e+07 9655
LR999933.1 1.33e+07 1.34e+07 8714
LR999933.1 1.34e+07 1.35e+07 6599
LR999933.1 1.35e+07 1.36e+07 9950
LR999933.1 1.36e+07 1.37e+07 7415
LR999933.1 1.37e+07 1.38e+07 6913
LR999933.1 1.38e+07 1.39e+07 9880
LR999933.1 1.39e+07 1.4e+07 8160
LR999933.1 1.4e+07 1.41e+07 9200
LR999933.1 1.41e+07 1.42e+07 4380
LR999933.1 1.42e+07 1.43e+07 6448
LR999933.1 1.43e+07 1.44e+07 6161
LR999933.1 1.44e+07 1.45e+07 9178
LR999933.1 1.45e+07 1.46e+07 7555
LR999933.1 1.46e+07 1.47e+07 8590
LR999933.1 1.47e+07 1.48e+07 6715
LR999933.1 1.48e+07 1.49e+07 6474
LR999933.1 1.49e+07 1.5e+07 3685
LR999933.1 1.5e+07 1.51e+07 5371
LR999933.1 1.51e+07 1.52e+07 4234
LR999933.1 1.52e+07 15296561 3940
