LR999941.1 1 100000 3303
LR999941.1 100001 200000 4725
LR999941.1 200001 300000 5542
LR999941.1 300001 400000 7719
LR999941.1 400001 500000 3776
LR999941.1 500001 600000 2509
LR999941.1 600001 700000 9233
LR999941.1 700001 800000 6987
LR999941.1 800001 900000 12145
LR999941.1 900001 1e+06 8123
LR999941.1 1e+06 1.1e+06 10829
LR999941.1 1.1e+06 1.2e+06 12701
LR999941.1 1.2e+06 1.3e+06 10039
LR999941.1 1.3e+06 1.4e+06 9414
LR999941.1 1.4e+06 1.5e+06 8603
LR999941.1 1.5e+06 1.6e+06 9273
LR999941.1 1.6e+06 1.7e+06 8566
LR999941.1 1.7e+06 1.8e+06 6115
LR999941.1 1.8e+06 1.9e+06 9062
LR999941.1 1.9e+06 2e+06 6608
LR999941.1 2e+06 2.1e+06 8380
LR999941.1 2.1e+06 2.2e+06 12352
LR999941.1 2.2e+06 2.3e+06 8205
LR999941.1 2.3e+06 2.4e+06 5444
LR999941.1 2.4e+06 2.5e+06 8516
LR999941.1 2.5e+06 2.6e+06 7383
LR999941.1 2.6e+06 2.7e+06 9710
LR999941.1 2.7e+06 2.8e+06 10365
LR999941.1 2.8e+06 2.9e+06 13325
LR999941.1 2.9e+06 3e+06 8627
LR999941.1 3e+06 3.1e+06 9231
LR999941.1 3.1e+06 3.2e+06 6080
LR999941.1 3.2e+06 3.3e+06 5206
LR999941.1 3.3e+06 3.4e+06 7110
LR999941.1 3.4e+06 3.5e+06 8868
LR999941.1 3.5e+06 3.6e+06 4817
LR999941.1 3.6e+06 3.7e+06 5804
LR999941.1 3.7e+06 3.8e+06 8369
LR999941.1 3.8e+06 3.9e+06 7463
LR999941.1 3.9e+06 4e+06 8235
LR999941.1 4e+06 4.1e+06 5433
LR999941.1 4.1e+06 4.2e+06 10497
LR999941.1 4.2e+06 4.3e+06 11574
LR999941.1 4.3e+06 4.4e+06 9587
LR999941.1 4.4e+06 4.5e+06 8832
LR999941.1 4.5e+06 4.6e+06 9112
LR999941.1 4.6e+06 4.7e+06 6561
LR999941.1 4.7e+06 4.8e+06 9319
LR999941.1 4.8e+06 4.9e+06 9971
LR999941.1 4.9e+06 5e+06 8485
LR999941.1 5e+06 5.1e+06 10030
LR999941.1 5.1e+06 5.2e+06 5186
LR999941.1 5.2e+06 5.3e+06 8885
LR999941.1 5.3e+06 5.4e+06 3528
LR999941.1 5.4e+06 5.5e+06 2972
LR999941.1 5.5e+06 5.6e+06 4049
LR999941.1 5.6e+06 5.7e+06 2086
LR999941.1 5.7e+06 5.8e+06 3250
LR999941.1 5.8e+06 5.9e+06 6452
LR999941.1 5.9e+06 6e+06 6708
LR999941.1 6e+06 6.1e+06 6994
LR999941.1 6.1e+06 6.2e+06 8423
LR999941.1 6.2e+06 6.3e+06 8032
LR999941.1 6.3e+06 6.4e+06 7472
LR999941.1 6.4e+06 6.5e+06 7864
LR999941.1 6.5e+06 6.6e+06 4629
LR999941.1 6.6e+06 6.7e+06 4198
LR999941.1 6.7e+06 6.8e+06 4256
LR999941.1 6.8e+06 6.9e+06 3224
LR999941.1 6.9e+06 7e+06 4037
LR999941.1 7e+06 7.1e+06 4761
LR999941.1 7.1e+06 7.2e+06 4668
LR999941.1 7.2e+06 7.3e+06 3899
LR999941.1 7.3e+06 7.4e+06 5809
LR999941.1 7.4e+06 7.5e+06 4395
LR999941.1 7.5e+06 7.6e+06 3833
LR999941.1 7.6e+06 7.7e+06 2390
LR999941.1 7.7e+06 7.8e+06 4220
LR999941.1 7.8e+06 7.9e+06 4411
LR999941.1 7.9e+06 8e+06 5488
LR999941.1 8e+06 8.1e+06 2371
LR999941.1 8.1e+06 8.2e+06 2272
LR999941.1 8.2e+06 8.3e+06 2947
LR999941.1 8.3e+06 8.4e+06 2528
LR999941.1 8.4e+06 8.5e+06 4362
LR999941.1 8.5e+06 8.6e+06 3328
LR999941.1 8.6e+06 8.7e+06 2160
LR999941.1 8.7e+06 8.8e+06 4224
LR999941.1 8.8e+06 8.9e+06 6588
LR999941.1 8.9e+06 9e+06 6953
LR999941.1 9e+06 9.1e+06 4603
LR999941.1 9.1e+06 9.2e+06 4009
LR999941.1 9.2e+06 9.3e+06 6346
LR999941.1 9.3e+06 9.4e+06 8121
LR999941.1 9.4e+06 9.5e+06 7258
LR999941.1 9.5e+06 9.6e+06 7486
LR999941.1 9.6e+06 9.7e+06 4452
LR999941.1 9.7e+06 9.8e+06 4402
LR999941.1 9.8e+06 9.9e+06 8029
LR999941.1 9.9e+06 1e+07 4229
LR999941.1 1e+07 1.01e+07 4945
LR999941.1 1.01e+07 1.02e+07 4611
LR999941.1 1.02e+07 1.03e+07 4005
LR999941.1 1.03e+07 1.04e+07 6972
LR999941.1 1.04e+07 1.05e+07 9024
LR999941.1 1.05e+07 1.06e+07 11130
LR999941.1 1.06e+07 1.07e+07 6801
LR999941.1 1.07e+07 1.08e+07 5607
LR999941.1 1.08e+07 1.09e+07 9089
LR999941.1 1.09e+07 1.1e+07 10382
LR999941.1 1.1e+07 1.11e+07 4848
LR999941.1 1.11e+07 1.12e+07 8522
LR999941.1 1.12e+07 1.13e+07 6393
LR999941.1 1.13e+07 1.14e+07 9739
LR999941.1 1.14e+07 1.15e+07 6616
LR999941.1 1.15e+07 1.16e+07 9357
LR999941.1 1.16e+07 1.17e+07 9097
LR999941.1 1.17e+07 1.18e+07 8509
LR999941.1 1.18e+07 1.19e+07 5215
LR999941.1 1.19e+07 1.2e+07 4295
LR999941.1 1.2e+07 1.21e+07 8979
LR999941.1 1.21e+07 1.22e+07 13501
LR999941.1 1.22e+07 1.23e+07 11510
LR999941.1 1.23e+07 1.24e+07 11358
LR999941.1 1.24e+07 1.25e+07 5829
LR999941.1 1.25e+07 1.26e+07 5736
LR999941.1 1.26e+07 1.27e+07 8031
LR999941.1 1.27e+07 1.28e+07 10365
LR999941.1 1.28e+07 1.29e+07 10957
LR999941.1 1.29e+07 1.3e+07 2714
LR999941.1 1.3e+07 1.31e+07 5652
LR999941.1 1.31e+07 1.32e+07 9582
LR999941.1 1.32e+07 1.33e+07 9511
LR999941.1 1.33e+07 1.34e+07 9212
LR999941.1 1.34e+07 1.35e+07 6055
LR999941.1 1.35e+07 1.36e+07 9429
LR999941.1 1.36e+07 1.37e+07 6604
LR999941.1 1.37e+07 13774036 2139
