LR999949.1  11095349  11096088
LR999949.1  11104340  11108285
LR999949.1  11109488  11110890
LR999949.1  11113526  11114537
LR999949.1  11125188  11134234
LR999949.1  11135335  11136672
LR999927.1  291840  294861
LR999927.1  337395  342140
LR999927.1  407990  412438
LR999927.1  434518  436024
LR999927.1  383932  386599
LR999927.1  390658  398193
LR999927.1  427085  428219
LR999927.1  3173765  3174661
LR999927.1  3554479  3555386
LR999927.1  3690117  3690643
LR999927.1  4024851  4025756
LR999927.1  4158918  4159444
LR999927.1  4307479  4308385
LR999927.1  4428598  4429498
LR999933.1  1962735  1964321
LR999933.1  14150373  14158121
*LR999924.1  11313042  11316256
LR999947.1  5005651  5005839
LR999947.1  5195973  5196164
LR999947.1  5203773  5203952
LR999947.1  5290790  5292713
LR999932.1  988993  990122
LR999951.1  3626891  3630731
LR999951.1  3632336  3650126
LR999951.1  3659369  3667953
LR999951.1  3706851  3713784
LR999951.1  3744095  3756437
LR999951.1  3784462  3792432
LR999951.1  3808862  3824099
LR999951.1  3860426  3868455
LR999926.1  10255672  10256341
LR999926.1  10263834  10264925
LR999926.1  10295446  10295673
LR999926.1  10302436  10303029
LR999926.1  10336136  10336302
