Vcard_DToL00546-RA  ATPase
Vcard_DToL07113-RA  ATPase
Vcard_DToL07619-RA  ATPase
Vcard_DToL06374-RA  Lipoprotein
Vcard_DToL16756-RA  Lipoprotein
Vcard_DToL16758-RA  Lipoprotein
Vcard_DToL16759-RA  Lipoprotein
Vcard_DToL16761-RA  Lipoprotein
Vcard_DToL16764-RA  Lipoprotein
Vcard_DToL16765-RA  Lipoprotein
Vcard_DToL17183-RA  Calpain
Vcard_DToL17184-RA  Calpain
Vcard_DToL17184-RA  Calpain
Vcard_DToL17185-RA  Calpain
Vcard_DToL17190-RA  Calpain
Vcard_DToL17194-RA  Calpain
Vcard_DToL17196-RA  Calpain
Vcard_DToL17202-RA  Calpain
Vcard_DToL17205-RA  Calpain
Vcard_DToL02450-RA  Carboxylesterases
Vcard_DToL02453-RA  Carboxylesterases
Vcard_DToL02462-RA  Carboxylesterases
Vcard_DToL02465-RA  Carboxylesterases
Vcard_DToL02469-RA  Carboxylesterases
Vcard_DToL02728-RA  Papain
Vcard_DToL02734-RA  Papain
Vcard_DToL02737-RA  Papain
Vcard_DToL02738-RA  Papain
Vcard_DToL02740-RA  Papain
Vcard_DToL02742-RA  Papain
Vcard_DToL02744-RA  Papain
Vcard_DToL02883-RA  Moricin
Vcard_DToL02891-RA  Moricin
Vcard_DToL02894-RA  Moricin
Vcard_DToL02898-RA  Moricin
Vcard_DToL02901-RA  Moricin
Vcard_DToL02907-RA  Moricin
Vcard_DToL02912-RA  Moricin
Vcard_DToL15639-RA  Glycosiltransferase
Vcard_DToL15649-RA  Glycosiltransferase
Vcard_DToL15653-RA  Glycosiltransferase
Vcard_DToL15663-RA  Glycosiltransferase
