24  11095349  11096088 Lipoprotein_receptor  Vcard_DToL16756-RA 16756;Name=Vcard_DToL16756-RA;Alias=maker-LR999949.1-exonerate_est2genome-gene-110.6-mRNA-1;_AED=0.47;_QI=0|1|1|1|0|0|3|0|189;_eAED=0.47;score=2793;
24  11104340  11108285 Lipoprotein_receptor  Vcard_DToL16758-RA    ;Parent=Vcard_DToL16758;Name=Vcard_DToL16758-RA;Alias=maker-LR999949.1-pred_gff_snap_masked-gene-110.1147-mRNA-1;_AED=0.38;_QI=0|0.62|0.33|0.88|1|1|9|0|787;_eAED=0.38;_merge_warning=1;score=-30.864,-30.864;target_length=2364,11199261;
24  11109488  11110890 Lipoprotein_receptor_na  Vcard_DToL16759-RA    ;Parent=Vcard_DToL16759;Name=Vcard_DToL16759-RA;Alias=maker-LR999949.1-exonerate_est2genome-gene-110.10-mRNA-1;_AED=0.46;_QI=0|1|1|1|0|0|4|0|229;_eAED=0.46;score=3307;
24  11113526  11114537 Lipoprotein_receptor_na  Vcard_DToL16761-RA  ;Parent=Vcard_DToL16761;Name=Vcard_DToL16761-RA;Alias=maker-LR999949.1-exonerate_est2genome-gene-110.11-mRNA-1;_AED=0.47;_QI=0|1|0.75|1|0|0|4|0|168;_eAED=0.47;score=504;
24  11125188  11134234 Lipoprotein_receptor_na  Vcard_DToL16764-RA  ;Parent=Vcard_DToL16764;Name=Vcard_DToL16764-RA;Alias=maker-LR999949.1-pred_gff_snap_masked-gene-110.1469-mRNA-1;_AED=0.33;_QI=0|0.16|0|1|1|1|7|0|1071;_eAED=0.41;_merge_warning=1;score=-118.153,-118.153;target_length=3216,11199261;
24  11135335  11136672 Lipoprotein_receptor_na  Vcard_DToL16765-RA  ;Parent=Vcard_DToL16765;Name=Vcard_DToL16765-RA;Alias=maker-LR999949.1-exonerate_est2genome-gene-110.15-mRNA-1;_AED=0.44;_QI=0|1|0.71|1|0|0|7|0|280;_eAED=0.44;score=840;
3  291840  294861 Papain  Vcard_DToL02728-RA  ;Parent=Vcard_DToL02728;Name=Vcard_DToL02728-RA;Alias=maker-LR999927.1-exonerate_est2genome-gene-3.7-mRNA-1;_AED=0.17;_QI=0|1|0.75|1|0|0.25|4|129|217;_eAED=0.17;score=783;
3  337395  342140 Papain  Vcard_DToL02734-RA  ;Parent=Vcard_DToL02734;Name=Vcard_DToL02734-RA;Alias=maker-LR999927.1-pred_gff_snap_masked-gene-3.580-mRNA-1;_AED=0.10;_QI=0|0|0|1|1|1|6|0|336;_eAED=0.10;score=-2.187,-2.187;target_length=1011,9045275;
3  407990  412438 Papain  Vcard_DToL02740-RA  ;Parent=Vcard_DToL02740;Name=Vcard_DToL02740-RA;Alias=maker-LR999927.1-exonerate_est2genome-gene-4.0-mRNA-1;_AED=0.12;_QI=19|1|1|1|0.5|0.4|5|35|243;_eAED=0.12;score=3637;
3  434518  436024 Papain  Vcard_DToL02744-RA  ;Parent=Vcard_DToL02744;Name=Vcard_DToL02744-RA;Alias=maker-LR999927.1-pred_gff_snap_masked-gene-4.220-mRNA-1;_AED=0.38;_QI=0|0|0|1|1|1|4|0|272;_eAED=0.38;_merge_warning=1;score=-39.236,-39.236;target_length=819,9045275;
3  383932  386599 Papain  Vcard_DToL02737-RA  ;Parent=Vcard_DToL02737;Name=Vcard_DToL02737-RA;Alias=maker-LR999927.1-exonerate_est2genome-gene-4.2-mRNA-1;_AED=0.40;_QI=52|1|0.8|1|1|0.6|5|0|209;_eAED=0.40;score=679;
3  390658  398193 Papain  Vcard_DToL02738-RA ;Parent=Vcard_DToL02738;Name=Vcard_DToL02738-RA;Alias=maker-LR999927.1-pred_gff_snap_masked-gene-4.819-mRNA-1;_AED=0.36;_QI=0|0.6|0.5|1|1|1|6|0|323;_eAED=0.36;_merge_warning=1;score=-17.63,-17.63;target_length=972,9045275;
3  427085  428219 Papain  Vcard_DToL02742-RA   ;Parent=Vcard_DToL02742;Name=Vcard_DToL02742-RA;Alias=maker-LR999927.1-exonerate_protein2genome-gene-4.1-mRNA-1;_AED=0.35;_QI=0|0|0|1|0|0|4|0|214;_eAED=0.35;
3  3173765  3174661 Moricin Vcard_DToL02883-RA  ;Parent=Vcard_DToL02883;Name=Vcard_DToL02883-RA;Alias=maker-LR999927.1-pred_gff_snap_masked-gene-31.644-mRNA-1;_AED=0.22;_QI=0|0|0|0.33|1|1|3|0|70;_eAED=0.22;score=24.259,24.259;target_length=213,9045275;
3  3554479  3555386 Moricin Vcard_DToL02891-RA  ;Parent=Vcard_DToL02891;Name=Vcard_DToL02891-RA;Alias=maker-LR999927.1-pred_gff_snap_masked-gene-35.475-mRNA-1;_AED=0.22;_QI=0|0|0|0.33|1|1|3|0|70;_eAED=0.22;score=25.397,25.397;target_length=213,9045275;
3  3690117  3690643 Moricin Vcard_DToL02894-RA  ;Parent=Vcard_DToL02894;Name=Vcard_DToL02894-RA;Alias=maker-LR999927.1-pred_gff_snap_masked-gene-37.678-mRNA-1;_AED=0.09;_QI=0|0|0|0.66|1|1|3|0|67;_eAED=0.39;score=23.616,23.616;target_length=204,9045275;
3  4024851  4025756 Moricin Vcard_DToL02898-RA  ;Parent=Vcard_DToL02898;Name=Vcard_DToL02898-RA;Alias=maker-LR999927.1-pred_gff_snap_masked-gene-40.174-mRNA-1;_AED=0.20;_QI=0|0|0|0.5|1|1|2|0|65;_eAED=0.20;score=16.522,16.522;target_length=198,9045275;
3  4158918  4159444 Moricin Vcard_DToL02901-RA  ;Parent=Vcard_DToL02901;Name=Vcard_DToL02901-RA;Alias=maker-LR999927.1-pred_gff_snap_masked-gene-41.501-mRNA-1;_AED=0.09;_QI=0|0|0|0.66|1|1|3|0|67;_eAED=0.39;score=26.828,26.828;target_length=204,9045275;
3  4307479  4308385 Moricin Vcard_DToL02907-RA  ;Parent=Vcard_DToL02907;Name=Vcard_DToL02907-RA;Alias=maker-LR999927.1-pred_gff_snap_masked-gene-43.86-mRNA-1;_AED=0.22;_QI=0|0|0|0.33|1|1|3|0|70;_eAED=0.22;score=28.401,28.401;target_length=213,9045275;
3  4428598  4429498 Moricin Vcard_DToL02912-RA  ;Parent=Vcard_DToL02912;Name=Vcard_DToL02912-RA;Alias=maker-LR999927.1-pred_gff_snap_masked-gene-44.221-mRNA-1;_AED=0.32;_QI=0|0|0|0.25|1|1|4|0|89;_eAED=0.32;score=32.905,32.905;target_length=270,9045275;
9  1962735  1964321  ATPase Vcard_DToL07113-RA  ;Parent=Vcard_DToL07113;Name=Vcard_DToL07113-RA;Alias=maker-LR999933.1-pred_gff_snap_masked-gene-19.498-mRNA-1;_AED=0.39;_QI=0|0|0|1|1|1|4|0|213;_eAED=0.39;_merge_warning=1;score=-7.331,-7.331;target_length=642,8648280;
9  14150373  14158121  ATPase Vcard_DToL07619-RA  ;Parent=Vcard_DToL07619;Name=Vcard_DToL07619-RA;Alias=maker-LR999933.1-pred_gff_snap_masked-gene-141.380-mRNA-1;_AED=0.31;_QI=0|0|0|1|1|1|8|0|404;_eAED=0.42;_merge_warning=1;score=-8.54,-8.54;target_length=1215,8648281;
Z  11313042  11316256 ATPase  Vcard_DToL00546-RA  ;Parent=Vcard_DToL00546;Name=Vcard_DToL00546-RA;Alias=maker-LR999924.1-pred_gff_snap_masked-gene-113.153-mRNA-1;_AED=0.39;_QI=0|0|0|1|1|1|5|0|250;_eAED=0.39;_merge_warning=1;score=34.308,34.308;target_length=753,9520148;
22  5005651  5005839 ID=Vcard_DToL15639-RA  ;Parent=Vcard_DToL15639;Name=Vcard_DToL15639-RA;Alias=maker-LR999947.1-pred_gff_repeatmasker-gene-50.45-mRNA-1;_AED=0.48;_QI=0|-1|0|1|-1|0|1|0|63;_eAED=0.48;score=361,361;
22  5195973  5196164 ID=Vcard_DToL15649-RA  ;Parent=Vcard_DToL15649;Name=Vcard_DToL15649-RA;Alias=maker-LR999947.1-pred_gff_repeatmasker-gene-52.671-mRNA-1;_AED=0.48;_QI=0|-1|0|1|-1|1|1|0|64;_eAED=0.48;_merge_warning=1;score=425,425;
22  5203773  5203952 ID=Vcard_DToL15653-RA  ;Parent=Vcard_DToL15653;Name=Vcard_DToL15653-RA;Alias=maker-LR999947.1-pred_gff_repeatmasker-gene-52.81-mRNA-1;_AED=0.48;_QI=0|-1|0|1|-1|0|1|0|60;_eAED=0.48;score=359,359;
22  5290790  5292713 ID=Vcard_DToL15663-RA  ;Parent=Vcard_DToL15663;Name=Vcard_DToL15663-RA;Alias=maker-LR999947.1-pred_gff_snap_masked-gene-53.775-mRNA-1;_AED=0.36;_QI=0|0|0|0.5|1|1|2|0|267;_eAED=0.36;_merge_warning=1;score=18.683,18.683;target_length=804,11704087;
8  988993  990122 ID=Vcard_DToL06374-RA ;Parent=Vcard_DToL06374;Name=Vcard_DToL06374-RA;Alias=maker-LR999932.1-exonerate_est2genome-gene-10.8-mRNA-1;_AED=0.40;_QI=21|1|1|1|0|0|3|177|219;_eAED=0.40;score=4074;
26  3626891  3630731 ID=Vcard_DToL17183-RA  ;Parent=Vcard_DToL17183;Name=Vcard_DToL17183-RA;Alias=maker-LR999951.1-pred_gff_snap_masked-gene-36.241-mRNA-1;_AED=0.39;_QI=0|0|0|0.75|1|1|4|0|277;_eAED=0.40;_merge_warning=1;score=56.242,56.242;target_length=834,9839934;
26  3632336  3650126 ID=Vcard_DToL17184-RA  ;Parent=Vcard_DToL17184;Name=Vcard_DToL17184-RA;Alias=maker-LR999951.1-exonerate_est2genome-gene-36.0-mRNA-1;_AED=0.19;_QI=6|1|1|1|0.4|0.56|16|168|626;_eAED=0.19;score=9578;
26  3659369  3667953 ID=Vcard_DToL17185-RA  ;Parent=Vcard_DToL17185;Name=Vcard_DToL17185-RA;Alias=maker-LR999951.1-pred_gff_snap_masked-gene-37.735-mRNA-1;_AED=0.44;_QI=0|0|0|0.92|1|1|13|0|637;_eAED=0.44;_merge_warning=1;score=101.879,101.879;target_length=1914,9839934;
26  3706851  3713784 ID=Vcard_DToL17190-RA  ;Parent=Vcard_DToL17190;Name=Vcard_DToL17190-RA;Alias=maker-LR999951.1-pred_gff_snap_masked-gene-37.63-mRNA-1;_AED=0.38;_QI=0|0|0|0.90|1|1|11|0|566;_eAED=0.44;_merge_warning=1;score=100.255,100.255;target_length=1701,9839934;
26  3744095  3756437 ID=Vcard_DToL17194-RA  ;Parent=Vcard_DToL17194;Name=Vcard_DToL17194-RA;Alias=maker-LR999951.1-pred_gff_snap_masked-gene-37.391-mRNA-1;_AED=0.25;_QI=0|0|0|0.81|1|1|16|0|760;_eAED=0.26;_merge_warning=1;score=96.637,96.637;target_length=2283,9839934;
26  3784462  3792432 ID=Vcard_DToL17196-RA  ;Parent=Vcard_DToL17196;Name=Vcard_DToL17196-RA;Alias=maker-LR999951.1-pred_gff_snap_masked-gene-38.733-mRNA-1;_AED=0.47;_QI=0|0|0|0.69|1|1|13|0|640;_eAED=0.47;_merge_warning=1;score=76.866,76.866;target_length=1923,9839934;
26  3808862  3824099 ID=Vcard_DToL17202-RA  ;Parent=Vcard_DToL17202;Name=Vcard_DToL17202-RA;Alias=maker-LR999951.1-pred_gff_snap_masked-gene-38.110-mRNA-1;_AED=0.29;_QI=0|0|0|0.76|1|1|17|0|757;_eAED=0.30;_merge_warning=1;score=117.612,117.612;target_length=2274,9839934;
26  3860426  3868455 ID=Vcard_DToL17205-RA  ;Parent=Vcard_DToL17205;Name=Vcard_DToL17205-RA;Alias=maker-LR999951.1-pred_gff_snap_masked-gene-38.462-mRNA-1;_AED=0.32;_QI=0|0|0|0.66|1|1|15|0|496;_eAED=0.32;_merge_warning=1;score=94,94;target_length=1491,9839934;
2  10255672  10256341 ID=Vcard_DToL02450-RA ;Parent=Vcard_DToL02450;Name=Vcard_DToL02450-RA;Alias=maker-LR999926.1-pred_gff_snap_masked-gene-102.566-mRNA-1;_AED=0.45;_QI=0|0|0|1|1|1|2|0|144;_eAED=0.45;_merge_warning=1;score=20.294,20.294;target_length=435,9181035;
2  10263834  10264925 Vcard_DToL02453-RA ;Parent=Vcard_DToL02453;Name=Vcard_DToL02453-RA;Alias=maker-LR999926.1-pred_gff_snap_masked-gene-102.628-mRNA-1;_AED=0.38;_QI=0|0|0|1|1|1|2|0|263;_eAED=0.38;_merge_warning=1;score=30.531,30.531;target_length=792,9181035;
2  10295446  10295673 Vcard_DToL02462-RA ;Parent=Vcard_DToL02462;Name=Vcard_DToL02462-RA;Alias=maker-LR999926.1-exonerate_protein2genome-gene-103.1381-mRNA-1;_AED=0.49;_QI=0|-1|0|1|-1|1|1|0|75;_eAED=0.49;
2  10302436  10303029 Vcard_DToL02465-RA ;Parent=Vcard_DToL02465;Name=Vcard_DToL02465-RA;Alias=maker-LR999926.1-pred_gff_snap_masked-gene-103.6-mRNA-1;_AED=0.48;_QI=0|0|0|1|1|1|2|0|85;_eAED=0.50;_merge_warning=1;score=16.271,16.271;target_length=258,9181035;
2  10336136  10336302 Vcard_DToL02469-RA ;Parent=Vcard_DToL02469;Name=Vcard_DToL02469-RA;Alias=maker-LR999926.1-pred_gff_repeatmasker-gene-103.408-mRNA-1;_AED=0.49;_QI=2|-1|0|1|-1|0|1|0|55;_eAED=0.49;score=311,311;
