length_LINE
282226
253107
175637
153677
176787
165533
145825
179346
103658
324125
214647
225619
168465
154821
193220
252938
212507
99409
203885
293869
171538
216630
185785
205137
309935
348541
35492
390509
304447
241635
153049
236120
251906
240157
322886
9857
305755
280103
246486
152225
160196
258743
310203
236548
0
292313
303535
231315
260709
247480
368090
209797
323002
321322
177430
203096
173116
177676
302125
300473
264119
294985
257585
154887
177022
134650
177850
227213
184328
312117
355906
287045
215500
185470
196131
304589
206816
343140
284791
252443
179070
216660
206884
303596
172341
328988
476499
456383
318332
254274
269659
313381
139033
241523
250656
181725
143844
200282
210464
200970
105265
246555
302744
180341
225664
267282
274746
343501
177935
398407
375969
204961
221060
248729
208470
319518
81990
346354
281719
280060
260227
151618
175531
292738
77070
283874
348327
227795
172526
185498
248347
359123
936641
917285
799410
676626
917670
892956
860467
239011
271903
221951
219827
174094
264800
256733
334364
278973
165990
208864
289749
264954
219132
347759
267637
207091
240424
196279
308786
185633
437704
285254
238102
286562
284542
288642
80919
244478
324694
217435
233710
266164
306960
122176
427654
361746
234366
228995
251856
316818
83910
381142
379203
346158
383053
334924
302749
489280
369969
325859
270928
367658
251558
473340
312268
281549
316444
440496
239442
359799
285211
263734
248355
339104
410681
357527
378497
373209
319767
508426
402562
387976
384703
46627
405863
412603
404836
474566
57264
457349
440493
492537
299846
501974
420395
421266
31147
