length_SINE
111073
144531
98842
102025
96453
81783
97890
100022
53001
163114
121806
113672
102606
83294
116659
165699
129602
35304
98812
161756
100878
103557
111051
124558
163281
188014
16212
112937
143022
94038
80662
121358
138809
164947
172659
1176
174881
145854
133048
77357
98102
120410
150362
152095

154897
146669
123620
150452
124653
150705
122611
178166
146527
103646
114498
85332
104078
162773
158616
150573
145380
179761
110756
84809
87824
78283
142784
89972
176976
191431
155397
89451
90514
98725
165544
106691
188203
173134
147145
90704
106246
115481
175446
82262
186181
92500
111006
172512
140064
152318
189275
75235
112464
127371
124415
66271
113991
144006
136291
57908
128347
184329
107537
120836
138703
159001
182278
55853
171032
180996
129266
119298
132078
121905
182200
42792
183241
181507
161721
123282
66589
87854
160837
38613
178854
187095
133662
93253
111990
150176
182295
10975
16441
16819
17710
19005
16400
13492
155872
163892
142771
103003
97020
145226
147632
173487
154227
87420
134122
165522
168986
131163
177550
168701
138838
140758
129468
191924
109422
193497
166849
149879
122367
188684
149587
37207
138505
194191
116960
144164
142326
186294
67321
126177
220037
155483
130255
157348
177977
33086
203887
231055
178741
206719
199714
168985
198499
182283
192935
141702
209387
129010
160566
178960
155268
154951
235723
117502
176576
178507
181628
167870
199264
241351
169795
236478
223732
169599
203234
235120
214551
218511
7876
219662
117125
142259
229730
18637
227088
249485
281920
150774
254991
192976
202854
2641
