length_LTR
14580
36159
29420
17782
24251
22792
30431
27617
7257
56834
50036
21191
29257
33712
59405
35468
56848
3465
43380
46581
27204
57841
8901
49077
49895
48074
3486
54651
90468
64909
47727
45690
37290
25856
59359
5397
83675
22121
37923
14605
44934
27588
33202
33480
0
43412
55277
59201
24211
33653
57773
45075
44313
42922
16881
23339
33655
47780
43668
53086
58522
45801
33429
20677
25578
21668
26734
25304
38876
56661
48762
25224
31890
48634
31511
58523
25087
59679
39463
31254
37696
27572
55404
47889
20012
36343
75408
68280
45057
42517
29452
37925
21388
48021
24982
14905
17860
28350
32759
38396
12572
22874
38022
37850
49984
38871
45825
52241
38245
68287
60394
19033
46178
52602
31127
58975
25197
55622
36006
47458
22959
37686
21969
59463
4023
22667
44321
25387
35948
17985
55677
38804
294695
305878
283452
274330
309516
246450
275324
26834
38503
26275
46471
14392
25054
34339
40872
26610
25216
50429
39897
25832
28954
61970
21064
41046
42838
26955
34147
26311
64713
63801
36561
123361
25852
98447
9116
25682
43132
23524
37510
37047
38482
21574
59789
51378
22446
39805
39863
31253
7098
55405
29317
40939
60611
39207
42717
53050
66064
52137
29086
34594
24153
39001
33762
51508
58755
57297
25908
53541
38772
35263
38035
63250
43172
82678
57040
50894
35100
62725
33593
45523
56187
5119
56892
119200
100705
69469
2734
70082
53267
38227
44840
73441
95888
91526
17663
