length_DNA
47977
52073
57361
53486
41085
45137
39665
40788
19825
56544
41357
43626
38053
39908
48882
47837
46472
8795
38466
58874
40664
56909
43091
50626
54591
49679
4347
44523
53640
43612
37388
53185
57887
48431
69860
1672
51718
52488
49769
32953
40844
37491
47051
40517
0
63712
54205
49433
46374
53604
52223
54689
54760
48543
38385
50431
45095
44444
64145
70469
42134
49063
56555
36075
47992
32134
38182
56317
23540
57572
74508
66197
55679
37280
36061
64885
41781
61303
47855
57027
30738
42699
56056
54075
25536
63175
84282
83335
69049
69956
63315
62812
37906
39614
44933
43492
33913
47323
56411
47689
23096
61660
65124
49741
38703
76432
49320
63560
25256
66646
64241
40782
64468
45696
40022
50699
11260
68561
62755
49743
41264
29821
37146
76986
17923
50390
54494
42500
43993
34469
59589
68497
51449
66437
79552
78341
52078
60080
45903
43138
62408
37526
51591
41104
48211
51136
52376
60158
43096
37920
52880
65695
43985
59448
58261
46109
41985
58588
63964
30322
76206
156967
73599
90234
65967
114821
19283
62360
61159
54304
65318
51769
54593
16635
100870
74136
59668
53348
54186
52745
8274
79908
67506
63285
71112
76882
39818
64110
91165
69803
58363
75987
40992
49791
61059
82779
144220
97791
38043
64722
58853
60246
50558
61075
71947
69883
69259
85345
60293
81052
77076
85787
91629
1604
125651
185298
153129
172968
4802
100259
109809
98669
72409
149258
160036
112060
4879
