LR999955.1 1 100000 
LR999955.1 100001 200000 
LR999955.1 200001 300000 
LR999955.1 300001 400000 
LR999955.1 400001 500000 
LR999955.1 500001 600000 
LR999955.1 600001 700000 
LR999955.1 700001 800000 
LR999955.1 800001 900000 
LR999955.1 900001 1000000 
LR999955.1 1000001 1100000 
LR999955.1 1100001 1200000 
LR999955.1 1200001 1300000 
LR999955.1 1300001 1400000 
LR999955.1 1400001 1500000 
LR999955.1 1500001 1600000 
LR999955.1 1600001 1700000       1 OG0001329
      1 OG0003899
LR999955.1 1700001 1800000 
LR999955.1 1800001 1900000 
LR999955.1 1900001 2000000 
LR999955.1 2000001 2100000 
LR999955.1 2100001 2200000 
LR999955.1 2200001 2300000       1 OG0009474
LR999955.1 2300001 2400000 
LR999955.1 2400001 2500000 
LR999955.1 2500001 2600000 
LR999955.1 2600001 2700000       1 OG0000004
LR999955.1 2700001 2800000 
LR999955.1 2800001 2900000 
LR999955.1 2900001 3000000 
LR999955.1 3000001 3100000 
LR999955.1 3100001 3200000 
LR999955.1 3200001 3300000 
LR999955.1 3300001 3400000 
LR999955.1 3400001 3500000 
LR999955.1 3500001 3600000 
LR999955.1 3600001 3700000 
LR999955.1 3700001 3800000 
LR999955.1 3800001 3900000 
LR999955.1 3900001 4000000 
LR999955.1 4000001 4100000 
LR999955.1 4100001 4200000 
LR999955.1 4200001 4300000 
LR999955.1 4300001 4400000       1 OG0001335
LR999955.1 4400001 4500000 
LR999955.1 4500001 4600000 
LR999955.1 4600001 4700000 
LR999955.1 4700001 4800000 
LR999955.1 4800001 4900000 
LR999955.1 4900001 5000000 
LR999955.1 5000001 5100000 
LR999955.1 5100001 5200000 
LR999955.1 5200001 5300000 
LR999955.1 5300001 5400000 
LR999955.1 5400001 5500000 
LR999955.1 5500001 5600000 
LR999955.1 5600001 5700000 
LR999955.1 5700001 5800000 
LR999955.1 5800001 5900000 
LR999955.1 5900001 6000000 
LR999955.1 6000001 6100000 
LR999955.1 6100001 6166334       1 OG0000593
