This is pdfTeX, Version 3.14159265-2.6-1.40.19 (TeX Live 2018) (preloaded format=pdflatex 2018.4.16)  1 SEP 2022 15:03
entering extended mode
 restricted \write18 enabled.
 file:line:error style messages enabled.
 %&-line parsing enabled.
**ShipilinaNasvall_RevisedManuscript.tex
(./ShipilinaNasvall_RevisedManuscript.tex
LaTeX2e <2018-04-01> patch level 2
Babel <3.18> and hyphenation patterns for 84 language(s) loaded.

! LaTeX Error: File `bmcart.cls' not found.

Type X to quit or <RETURN> to proceed,
or enter new name. (Default extension: cls)

Enter file name: 
./ShipilinaNasvall_RevisedManuscript.tex:5: Emergency stop.
<read *> 
         
l.5 \usepackage
               {amsthm,amsmath}^^M
End of file on the terminal!

 
Here is how much of TeX's memory you used:
 10 strings out of 492649
 288 string characters out of 6129622
 56400 words of memory out of 5000000
 3991 multiletter control sequences out of 15000+600000
 3640 words of font info for 14 fonts, out of 8000000 for 9000
 1141 hyphenation exceptions out of 8191
 10i,0n,8p,149b,8s stack positions out of 5000i,500n,10000p,200000b,80000s
./ShipilinaNasvall_RevisedManuscript.tex:5:  ==> Fatal error occurred, no outpu
t PDF file produced!
ex/xcolor/xcolor.sty
Package: xcolor 2016/05/11 v2.12 LaTeX color extensions (UK)

(/usr/local/texlive/2018/texmf-dist/tex/latex/graphics-cfg/color.cfg
File: color.cfg 2016/01/02 v1.6 sample color configuration
)
Package xcolor Info: Driver file: pdftex.def on input line 225.

(/usr/local/texlive/2018/texmf-dist/tex/latex/graphics-def/pdftex.def
File: pdftex.def 2018/01/08 v1.0l Graphics/color driver for pdftex
)
Package xcolor Info: Model `cmy' substituted by `cmy0' on input line 1348.
Package xcolor Info: Model `hsb' substituted by `rgb' on input line 1352.
Package xcolor Info: Model `RGB' extended on input line 1364.
Package xcolor Info: Model `HTML' substituted by `rgb' on input line 1366.
Package xcolor Info: Model `Hsb' substituted by `hsb' on input line 1367.
Package xcolor Info: Model `tHsb' substituted by `hsb' on input line 1368.
Package xcolor Info: Model `HSB' substituted by `hsb' on input line 1369.
Package xcolor Info: Model `Gray' substituted by `gray' on input line 1370.
Package xcolor Info: Model `wave' substituted by `hsb' on input line 1371.
)
(/usr/local/texlive/2018/texmf-dist/tex/latex/lastpage/lastpage.sty
Package: lastpage 2015/03/29 v1.2m Refers to last page's name (HMM; JPG)
)
\c@thanks=\count88
\bmcfloat@box=\box26
\c@author=\count89
\c@address=\count90
\sv@mathsurround=\dimen104
\fm@box=\box27
\c@addressref=\count91
\thanks@box=\box28
\abstract@box=\box29
\authors@list=\toks15
\keywords@list=\toks16
)
(/usr/local/texlive/2018/texmf-dist/tex/latex/amscls/amsthm.sty
Package: amsthm 2017/10/31 v2.20.4
\thm@style=\toks17
\thm@bodyfont=\toks18
\thm@headfont=\toks19
\thm@notefont=\toks20
\thm@headpunct=\toks21
\thm@preskip=\skip43
\thm@postskip=\skip44
\thm@headsep=\skip45
\dth@everypar=\toks22
)
(/usr/local/texlive/2018/texmf-dist/tex/latex/amsmath/amsmath.sty
Package: amsmath 2017/09/02 v2.17a AMS math features
\@mathmargin=\skip46

For additional information on amsmath, use the `?' option.
(/usr/local/texlive/2018/texmf-dist/tex/latex/amsmath/amstext.sty
Package: amstext 2000/06/29 v2.01 AMS text

(/usr/local/texlive/2018/texmf-dist/tex/latex/amsmath/amsgen.sty
File: amsgen.sty 1999/11/30 v2.0 generic functions
\@emptytoks=\toks23
\ex@=\dimen105
))
(/usr/local/texlive/2018/texmf-dist/tex/latex/amsmath/amsbsy.sty
Package: amsbsy 1999/11/29 v1.2d Bold Symbols
\pmbraise@=\dimen106
)
(/usr/local/texlive/2018/texmf-dist/tex/latex/amsmath/amsopn.sty
Package: amsopn 2016/03/08 v2.02 operator names
)
\inf@bad=\count92
LaTeX Info: Redefining \frac on input line 213.
\uproot@=\count93
\leftroot@=\count94
LaTeX Info: Redefining \overline on input line 375.
\classnum@=\count95
\DOTSCASE@=\count96
LaTeX Info: Redefining \ldots on input line 472.
LaTeX Info: Redefining \dots on input line 475.
LaTeX Info: Redefining \cdots on input line 596.
\Mathstrutbox@=\box30
\strutbox@=\box31
\big@size=\dimen107
LaTeX Font Info:    Redeclaring font encoding OML on input line 712.
LaTeX Font Info:    Redeclaring font encoding OMS on input line 713.
\macc@depth=\count97
\c@MaxMatrixCols=\count98
\dotsspace@=\muskip10
\c@parentequation=\count99
\dspbrk@lvl=\count100
\tag@help=\toks24
\row@=\count101
\column@=\count102
\maxfields@=\count103
\andhelp@=\toks25
\eqnshift@=\dimen108
\alignsep@=\dimen109
\tagshift@=\dimen110
\tagwidth@=\dimen111
\totwidth@=\dimen112
\lineht@=\dimen113
\@envbody=\toks26
\multlinegap=\skip47
\multlinetaggap=\skip48
\mathdisplay@stack=\toks27
LaTeX Info: Redefining \[ on input line 2817.
LaTeX Info: Redefining \] on input line 2818.
)
(/usr/local/texlive/2018/texmf-dist/tex/latex/soul/soul.sty
Package: soul 2003/11/17 v2.4 letterspacing/underlining (mf)
\SOUL@word=\toks28
\SOUL@lasttoken=\toks29
\SOUL@cmds=\toks30
\SOUL@buffer=\toks31
\SOUL@token=\toks32
\SOUL@spaceskip=\skip49
\SOUL@ttwidth=\dimen114
\SOUL@uldp=\dimen115
\SOUL@ulht=\dimen116
)
(/usr/local/texlive/2018/texmf-dist/tex/latex/natbib/natbib.sty
Package: natbib 2010/09/13 8.31b (PWD, AO)
\bibhang=\skip50
\bibsep=\skip51
LaTeX Info: Redefining \cite on input line 694.
\c@NAT@ctr=\count104
)
(/usr/local/texlive/2018/texmf-dist/tex/latex/hyperref/hyperref.sty
Package: hyperref 2018/02/06 v6.86b Hypertext links for LaTeX

(/usr/local/texlive/2018/texmf-dist/tex/generic/oberdiek/hobsub-hyperref.sty
Package: hobsub-hyperref 2016/05/16 v1.14 Bundle oberdiek, subset hyperref (HO)


(/usr/local/texlive/2018/texmf-dist/tex/generic/oberdiek/hobsub-generic.sty
Package: hobsub-generic 2016/05/16 v1.14 Bundle oberdiek, subset generic (HO)
Package: hobsub 2016/05/16 v1.14 Construct package bundles (HO)
Package: infwarerr 2016/05/16 v1.4 Providing info/warning/error messages (HO)
Package: ltxcmds 2016/05/16 v1.23 LaTeX kernel commands for general use (HO)
Package: ifluatex 2016/05/16 v1.4 Provides the ifluatex switch (HO)
Package ifluatex Info: LuaTeX not detected.
Package: ifvtex 2016/05/16 v1.6 Detect VTeX and its facilities (HO)
Package ifvtex Info: VTeX not detected.
Package: intcalc 2016/05/16 v1.2 Expandable calculations with integers (HO)
Package: ifpdf 2017/03/15 v3.2 Provides the ifpdf switch
Package: etexcmds 2016/05/16 v1.6 Avoid name clashes with e-TeX commands (HO)
Package etexcmds Info: Could not find \expanded.
(etexcmds)             That can mean that you are not using pdfTeX 1.50 or
(etexcmds)             that some package has redefined \expanded.
(etexcmds)             In the latter case, load this package earlier.
Package: kvsetkeys 2016/05/16 v1.17 Key value parser (HO)
Package: kvdefinekeys 2016/05/16 v1.4 Define keys (HO)
Package: pdftexcmds 2018/01/30 v0.27 Utility functions of pdfTeX for LuaTeX (HO
)
Package pdftexcmds Info: LuaTeX not detected.
Package pdftexcmds Info: \pdf@primitive is available.
Package pdftexcmds Info: \pdf@ifprimitive is available.
Package pdftexcmds Info: \pdfdraftmode found.
Package: pdfescape 2016/05/16 v1.14 Implements pdfTeX's escape features (HO)
Package: bigintcalc 2016/05/16 v1.4 Expandable calculations on big integers (HO
)
Package: bitset 2016/05/16 v1.2 Handle bit-vector datatype (HO)
Package: uniquecounter 2016/05/16 v1.3 Provide unlimited unique counter (HO)
)
Package hobsub Info: Skipping package `hobsub' (already loaded).
Package: letltxmacro 2016/05/16 v1.5 Let assignment for LaTeX macros (HO)
Package: hopatch 2016/05/16 v1.3 Wrapper for package hooks (HO)
Package: xcolor-patch 2016/05/16 xcolor patch
Package: atveryend 2016/05/16 v1.9 Hooks at the very end of document (HO)
Package atveryend Info: \enddocument detected (standard20110627).
Package: atbegshi 2016/06/09 v1.18 At begin shipout hook (HO)
Package: refcount 2016/05/16 v3.5 Data extraction from label references (HO)
Package: hycolor 2016/05/16 v1.8 Color options for hyperref/bookmark (HO)
)
(/usr/local/texlive/2018/texmf-dist/tex/generic/ifxetex/ifxetex.sty
Package: ifxetex 2010/09/12 v0.6 Provides ifxetex conditional
)
(/usr/local/texlive/2018/texmf-dist/tex/latex/oberdiek/auxhook.sty
Package: auxhook 2016/05/16 v1.4 Hooks for auxiliary files (HO)
)
(/usr/local/texlive/2018/texmf-dist/tex/latex/oberdiek/kvoptions.sty
Package: kvoptions 2016/05/16 v3.12 Key value format for package options (HO)
)
\@linkdim=\dimen117
\Hy@linkcounter=\count105
\Hy@pagecounter=\count106

(/usr/local/texlive/2018/texmf-dist/tex/latex/hyperref/pd1enc.def
File: pd1enc.def 2018/02/06 v6.86b Hyperref: PDFDocEncoding definition (HO)
Now handling font encoding PD1 ...
... no UTF-8 mapping file for font encoding PD1
)
\Hy@SavedSpaceFactor=\count107

(/usr/local/texlive/2018/texmf-dist/tex/latex/latexconfig/hyperref.cfg
File: hyperref.cfg 2002/06/06 v1.2 hyperref configuration of TeXLive
)
Package hyperref Info: Option `colorlinks' set `true' on input line 4383.


Package hyperref Warning: Option `pagecolor' is not available anymore.

Package hyperref Info: Hyper figures OFF on input line 4509.
Package hyperref Info: Link nesting OFF on input line 4514.
Package hyperref Info: Hyper index ON on input line 4517.
Package hyperref Info: Plain pages OFF on input line 4524.
Package hyperref Info: Backreferencing OFF on input line 4529.
Package hyperref Info: Implicit mode ON; LaTeX internals redefined.
Package hyperref Info: Bookmarks ON on input line 4762.
\c@Hy@tempcnt=\count108
(/usr/local/texlive/2018/texmf-dist/tex/latex/url/url.sty
\Urlmuskip=\muskip11
Package: url 2013/09/16  ver 3.4  Verb mode for urls, etc.
)
LaTeX Info: Redefining \url on input line 5115.
\XeTeXLinkMargin=\dimen118
\Fld@menulength=\count109
\Field@Width=\dimen119
\Fld@charsize=\dimen120
Package hyperref Info: Hyper figures OFF on input line 6369.
Package hyperref Info: Link nesting OFF on input line 6374.
Package hyperref Info: Hyper index ON on input line 6377.
Package hyperref Info: backreferencing OFF on input line 6384.
Package hyperref Info: Link coloring ON on input line 6387.
Package hyperref Info: Link coloring with OCG OFF on input line 6394.
Package hyperref Info: PDF/A mode OFF on input line 6399.
LaTeX Info: Redefining \ref on input line 6439.
LaTeX Info: Redefining \pageref on input line 6443.
\Hy@abspage=\count110
\c@Item=\count111
\c@Hfootnote=\count112
)
Package hyperref Info: Driver (autodetected): hpdftex.

(/usr/local/texlive/2018/texmf-dist/tex/latex/hyperref/hpdftex.def
File: hpdftex.def 2018/02/06 v6.86b Hyperref driver for pdfTeX
\Fld@listcount=\count113
\c@bookmark@seq@number=\count114

(/usr/local/texlive/2018/texmf-dist/tex/latex/oberdiek/rerunfilecheck.sty
Package: rerunfilecheck 2016/05/16 v1.8 Rerun checks for auxiliary files (HO)
Package uniquecounter Info: New unique counter `rerunfilecheck' on input line 2
82.
)
\Hy@SectionHShift=\skip52
)
(/usr/local/texlive/2018/texmf-dist/tex/latex/base/inputenc.sty
Package: inputenc 2018/04/06 v1.3b Input encoding file
\inpenc@prehook=\toks33
\inpenc@posthook=\toks34
)
(/usr/local/texlive/2018/texmf-dist/tex/latex/graphics/graphicx.sty
Package: graphicx 2017/06/01 v1.1a Enhanced LaTeX Graphics (DPC,SPQR)

(/usr/local/texlive/2018/texmf-dist/tex/latex/graphics/graphics.sty
Package: graphics 2017/06/25 v1.2c Standard LaTeX Graphics (DPC,SPQR)

(/usr/local/texlive/2018/texmf-dist/tex/latex/graphics/trig.sty
Package: trig 2016/01/03 v1.10 sin cos tan (DPC)
)
(/usr/local/texlive/2018/texmf-dist/tex/latex/graphics-cfg/graphics.cfg
File: graphics.cfg 2016/06/04 v1.11 sample graphics configuration
)
Package graphics Info: Driver file: pdftex.def on input line 99.
)
\Gin@req@height=\dimen121
\Gin@req@width=\dimen122
)

Package hyperref Warning: Option `bookmarks' has already been used,
(hyperref)                setting the option has no effect on input line 37.

Package hyperref Info: Option `unicode' set `false' on input line 37.
Package hyperref Info: Option `pdftoolbar' set `false' on input line 37.
Package hyperref Info: Option `pdfmenubar' set `true' on input line 37.
Package hyperref Info: Option `pdffitwindow' set `false' on input line 37.
Package hyperref Info: Option `pdfnewwindow' set `true' on input line 37.
Package hyperref Info: Option `colorlinks' set `true' on input line 37.
(/usr/local/texlive/2018/texmf-dist/tex/latex/har2nat/har2nat.sty
Package: har2nat 2005/12/01 1.0 Harvard to natbib

(/usr/local/texlive/2018/texmf-dist/tex/latex/bigfoot/suffix.sty
Package: suffix 2006/07/15 1.5a Variant command support
))
(./ShipilinaNasvall_RevisedManuscript.aux)
\openout1 = `ShipilinaNasvall_RevisedManuscript.aux'.

LaTeX Font Info:    Checking defaults for OML/cmm/m/it on input line 52.
LaTeX Font Info:    ... okay on input line 52.
LaTeX Font Info:    Checking defaults for T1/cmr/m/n on input line 52.
LaTeX Font Info:    ... okay on input line 52.
LaTeX Font Info:    Checking defaults for OT1/cmr/m/n on input line 52.
LaTeX Font Info:    ... okay on input line 52.
LaTeX Font Info:    Checking defaults for OMS/cmsy/m/n on input line 52.
LaTeX Font Info:    ... okay on input line 52.
LaTeX Font Info:    Checking defaults for OMX/cmex/m/n on input line 52.
LaTeX Font Info:    ... okay on input line 52.
LaTeX Font Info:    Checking defaults for U/cmr/m/n on input line 52.
LaTeX Font Info:    ... okay on input line 52.
LaTeX Font Info:    Checking defaults for PD1/pdf/m/n on input line 52.
LaTeX Font Info:    ... okay on input line 52.

(/usr/local/texlive/2018/texmf-dist/tex/context/base/mkii/supp-pdf.mkii
[Loading MPS to PDF converter (version 2006.09.02).]
\scratchcounter=\count115
\scratchdimen=\dimen123
\scratchbox=\box32
\nofMPsegments=\count116
\nofMParguments=\count117
\everyMPshowfont=\toks35
\MPscratchCnt=\count118
\MPscratchDim=\dimen124
\MPnumerator=\count119
\makeMPintoPDFobject=\count120
\everyMPtoPDFconversion=\toks36
) (/usr/local/texlive/2018/texmf-dist/tex/latex/oberdiek/epstopdf-base.sty
Package: epstopdf-base 2016/05/15 v2.6 Base part for package epstopdf

(/usr/local/texlive/2018/texmf-dist/tex/latex/oberdiek/grfext.sty
Package: grfext 2016/05/16 v1.2 Manage graphics extensions (HO)
)
Package epstopdf-base Info: Redefining graphics rule for `.eps' on input line 4
38.
Package grfext Info: Graphics extension search list:
(grfext)             [.pdf,.png,.jpg,.mps,.jpeg,.jbig2,.jb2,.PDF,.PNG,.JPG,.JPE
G,.JBIG2,.JB2,.eps]
(grfext)             \AppendGraphicsExtensions on input line 456.

(/usr/local/texlive/2018/texmf-dist/tex/latex/latexconfig/epstopdf-sys.cfg
File: epstopdf-sys.cfg 2010/07/13 v1.3 Configuration of (r)epstopdf for TeX Liv
e
))
Package lastpage Info: Please have a look at the pageslts package at
(lastpage)             https://www.ctan.org/pkg/pageslts
(lastpage)             ! on input line 52.


Package hyperref Warning: Token not allowed in a PDF string (PDFDocEncoding):
(hyperref)                removing `\<def>-command' on input line 52.


Package hyperref Warning: Token not allowed in a PDF string (PDFDocEncoding):
(hyperref)                removing `\csname\endcsname' on input line 52.


Package hyperref Warning: Token not allowed in a PDF string (PDFDocEncoding):
(hyperref)                removing `\<let>-command' on input line 52.


Package hyperref Warning: Token not allowed in a PDF string (PDFDocEncoding):
(hyperref)                removing `\<def>-command' on input line 52.


Package hyperref Warning: Token not allowed in a PDF string (PDFDocEncoding):
(hyperref)                removing `\csname\endcsname' on input line 52.


Package hyperref Warning: Token not allowed in a PDF string (PDFDocEncoding):
(hyperref)                removing `\<def>-command' on input line 52.


Package hyperref Warning: Token not allowed in a PDF string (PDFDocEncoding):
(hyperref)                removing `\csname\endcsname' on input line 52.


Package hyperref Warning: Token not allowed in a PDF string (PDFDocEncoding):
(hyperref)                removing `\<def>-command' on input line 52.


Package hyperref Warning: Token not allowed in a PDF string (PDFDocEncoding):
(hyperref)                removing `\csname\endcsname' on input line 52.


Package hyperref Warning: Token not allowed in a PDF string (PDFDocEncoding):
(hyperref)                removing `\<def>-command' on input line 52.


Package hyperref Warning: Token not allowed in a PDF string (PDFDocEncoding):
(hyperref)                removing `\OT' on input line 52.


Package hyperref Warning: Token not allowed in a PDF string (PDFDocEncoding):
(hyperref)                removing `\OT' on input line 52.


Package hyperref Warning: Token not allowed in a PDF string (PDFDocEncoding):
(hyperref)                removing `\<def>-command' on input line 52.


Package hyperref Warning: Token not allowed in a PDF string (PDFDocEncoding):
(hyperref)                removing `\csname\endcsname' on input line 52.


Package hyperref Warning: Token not allowed in a PDF string (PDFDocEncoding):
(hyperref)                removing `\<def>-command' on input line 52.


Package hyperref Warning: Token not allowed in a PDF string (PDFDocEncoding):
(hyperref)                removing `\OT' on input line 52.


Package hyperref Warning: Token not allowed in a PDF string (PDFDocEncoding):
(hyperref)                removing `\OT' on input line 52.

\AtBeginShipoutBox=\box33
Package hyperref Info: Link coloring ON on input line 52.
(/usr/local/texlive/2018/texmf-dist/tex/latex/hyperref/nameref.sty
Package: nameref 2016/05/21 v2.44 Cross-referencing by name of section

(/usr/local/texlive/2018/texmf-dist/tex/generic/oberdiek/gettitlestring.sty
Package: gettitlestring 2016/05/16 v1.5 Cleanup title references (HO)
)
\c@section@level=\count121
)
LaTeX Info: Redefining \ref on input line 52.
LaTeX Info: Redefining \pageref on input line 52.
LaTeX Info: Redefining \nameref on input line 52.

(./ShipilinaNasvall_RevisedManuscript.out)
(./ShipilinaNasvall_RevisedManuscript.out)
\@outlinefile=\write3
\openout3 = `ShipilinaNasvall_RevisedManuscript.out'.



LaTeX Font Warning: Font shape `OT1/cmss/m/n' in size <24> not available
(Font)              size <24.88> substituted on input line 61.


LaTeX Font Warning: Font shape `OT1/cmr/m/n' in size <24> not available
(Font)              size <24.88> substituted on input line 61.


LaTeX Font Warning: Font shape `OT1/cmr/m/it' in size <24> not available
(Font)              size <24.88> substituted on input line 61.

LaTeX Font Info:    Calculating math sizes for size <11> on input line 68.

LaTeX Font Warning: Font shape `OT1/cmr/m/n' in size <5.5> not available
(Font)              size <5> substituted on input line 68.


LaTeX Font Warning: Font shape `OML/cmm/m/it' in size <5.5> not available
(Font)              size <5> substituted on input line 68.


LaTeX Font Warning: Font shape `OMS/cmsy/m/n' in size <5.5> not available
(Font)              size <5> substituted on input line 68.

LaTeX Font Info:    Try loading font information for OMS+cmss on input line 68.

LaTeX Font Info:    No file OMScmss.fd. on input line 68.

LaTeX Font Warning: Font shape `OMS/cmss/m/n' undefined
(Font)              using `OMS/cmsy/m/n' instead
(Font)              for symbol `textdagger' on input line 68.

\address@aff1=\toks37
\address@aff2=\toks38
\address@aff3=\toks39
\address@aff4=\toks40

LaTeX Font Warning: Font shape `OT1/cmss/m/it' in size <10> not available
(Font)              Font shape `OT1/cmss/m/sl' tried instead on input line 169.



LaTeX Font Warning: Font shape `OT1/cmss/m/it' in size <8> not available
(Font)              Font shape `OT1/cmss/m/sl' tried instead on input line 241.


[1{/usr/local/texlive/2018/texmf-var/fonts/map/pdftex/updmap/pdftex.map}


]
Underfull \hbox (badness 1939) in paragraph at lines 242--243
[]\OT1/cmr/m/n/10 As in-di-cated above, in-cor-po-rat-ing dif-fer-ent ap-
 []


Underfull \hbox (badness 1072) in paragraph at lines 251--252
\OT1/cmr/m/n/10 tailed re-com-bi-na-tion rate data, we con-structed a
 []


LaTeX Warning: `!h' float specifier changed to `!ht'.

Package epstopdf Info: Source file: <ShipilinaNasvallFig1opt.eps>
(epstopdf)                    date: 2022-09-01 09:12:55
(epstopdf)                    size: 5003782 bytes
(epstopdf)             Output file: <ShipilinaNasvallFig1opt-eps-converted-to.p
df>
(epstopdf)                    date: 2022-09-01 14:46:58
(epstopdf)                    size: 416512 bytes
(epstopdf)             Command: <repstopdf --outfile=ShipilinaNasvallFig1opt-ep
s-converted-to.pdf ShipilinaNasvallFig1opt.eps>
(epstopdf)             \includegraphics on input line 287.
Package epstopdf Info: Output file is already uptodate.
<ShipilinaNasvallFig1opt-eps-converted-to.pdf, id=124, 482.80376pt x 720.6925pt
>
File: ShipilinaNasvallFig1opt-eps-converted-to.pdf Graphic file (type pdf)
<use ShipilinaNasvallFig1opt-eps-converted-to.pdf>
Package pdftex.def Info: ShipilinaNasvallFig1opt-eps-converted-to.pdf  used on 
input line 287.
(pdftex.def)             Requested size: 423.00072pt x 631.44016pt.

LaTeX Warning: Float too large for page by 26.44016pt on input line 288.

[2] [3 <./ShipilinaNasvallFig1opt-eps-converted-to.pdf>]
Package epstopdf Info: Source file: <ShipilinaNasvall_All_FIG2_complressed.eps>

(epstopdf)                    date: 2022-09-01 09:13:18
(epstopdf)                    size: 2636174 bytes
(epstopdf)             Output file: <ShipilinaNasvall_All_FIG2_complressed-eps-
converted-to.pdf>
(epstopdf)                    date: 2022-09-01 14:47:29
(epstopdf)                    size: 278677 bytes
(epstopdf)             Command: <repstopdf --outfile=ShipilinaNasvall_All_FIG2_
complressed-eps-converted-to.pdf ShipilinaNasvall_All_FIG2_complressed.eps>
(epstopdf)             \includegraphics on input line 295.
Package epstopdf Info: Output file is already uptodate.
<ShipilinaNasvall_All_FIG2_complressed-eps-converted-to.pdf, id=185, 543.02875p
t x 254.9525pt>
File: ShipilinaNasvall_All_FIG2_complressed-eps-converted-to.pdf Graphic file (
type pdf)
<use ShipilinaNasvall_All_FIG2_complressed-eps-converted-to.pdf>
Package pdftex.def Info: ShipilinaNasvall_All_FIG2_complressed-eps-converted-to
.pdf  used on input line 295.
(pdftex.def)             Requested size: 467.65129pt x 219.56996pt.
Package epstopdf Info: Source file: <ShipilinaNasvallFig3opt.eps>
(epstopdf)                    date: 2022-09-01 09:12:37
(epstopdf)                    size: 2095034 bytes
(epstopdf)             Output file: <ShipilinaNasvallFig3opt-eps-converted-to.p
df>
(epstopdf)                    date: 2022-09-01 14:48:04
(epstopdf)                    size: 61842 bytes
(epstopdf)             Command: <repstopdf --outfile=ShipilinaNasvallFig3opt-ep
s-converted-to.pdf ShipilinaNasvallFig3opt.eps>
(epstopdf)             \includegraphics on input line 307.
Package epstopdf Info: Output file is already uptodate.
<ShipilinaNasvallFig3opt-eps-converted-to.pdf, id=186, 543.02875pt x 448.67625p
t>
File: ShipilinaNasvallFig3opt-eps-converted-to.pdf Graphic file (type pdf)
<use ShipilinaNasvallFig3opt-eps-converted-to.pdf>
Package pdftex.def Info: ShipilinaNasvallFig3opt-eps-converted-to.pdf  used on 
input line 307.
(pdftex.def)             Requested size: 467.65129pt x 386.4086pt.
 [4]
Package epstopdf Info: Source file: <ShipilinaNasvallFig4opt.eps>
(epstopdf)                    date: 2022-09-01 09:12:05
(epstopdf)                    size: 3668822 bytes
(epstopdf)             Output file: <ShipilinaNasvallFig4opt-eps-converted-to.p
df>
(epstopdf)                    date: 2022-09-01 14:53:46
(epstopdf)                    size: 294500 bytes
(epstopdf)             Command: <repstopdf --outfile=ShipilinaNasvallFig4opt-ep
s-converted-to.pdf ShipilinaNasvallFig4opt.eps>
(epstopdf)             \includegraphics on input line 320.
Package epstopdf Info: Output file is already uptodate.
<ShipilinaNasvallFig4opt-eps-converted-to.pdf, id=207, 493.845pt x 264.99pt>
File: ShipilinaNasvallFig4opt-eps-converted-to.pdf Graphic file (type pdf)
<use ShipilinaNasvallFig4opt-eps-converted-to.pdf>
Package pdftex.def Info: ShipilinaNasvallFig4opt-eps-converted-to.pdf  used on 
input line 320.
(pdftex.def)             Requested size: 467.65129pt x 250.93443pt.

Underfull \hbox (badness 936) in paragraph at lines 331--332
\OT1/cmr/m/n/10 ($\OML/cmm/m/it/10 df$\OT1/cmr/m/n/10 =197, $\OML/cmm/m/it/10 F
$\OT1/cmr/m/n/10 =7.73, p-value=5.36$\OMS/cmsy/m/n/10 ^^B$\OT1/cmr/m/n/10 10$[]
$) and ex-
 []

[5 <./ShipilinaNasvall_All_FIG2_complressed-eps-converted-to.pdf>]
Underfull \vbox (badness 10000) has occurred while \output is active []

Package epstopdf Info: Source file: <ShipilinaNasvallFig5opt.eps>
(epstopdf)                    date: 2022-09-01 09:10:39
(epstopdf)                    size: 3909958 bytes
(epstopdf)             Output file: <ShipilinaNasvallFig5opt-eps-converted-to.p
df>
(epstopdf)                    date: 2022-09-01 14:48:47
(epstopdf)                    size: 428908 bytes
(epstopdf)             Command: <repstopdf --outfile=ShipilinaNasvallFig5opt-ep
s-converted-to.pdf ShipilinaNasvallFig5opt.eps>
(epstopdf)             \includegraphics on input line 337.
Package epstopdf Info: Output file is already uptodate.
<ShipilinaNasvallFig5opt-eps-converted-to.pdf, id=372, 493.845pt x 468.75125pt>

File: ShipilinaNasvallFig5opt-eps-converted-to.pdf Graphic file (type pdf)
<use ShipilinaNasvallFig5opt-eps-converted-to.pdf>
Package pdftex.def Info: ShipilinaNasvallFig5opt-eps-converted-to.pdf  used on 
input line 337.
(pdftex.def)             Requested size: 467.65129pt x 443.88779pt.

Underfull \hbox (badness 1394) in paragraph at lines 346--347
\OT1/cmr/m/n/10 ([][]/https://www.darwintreeoflife.org/[][]), the Eu-ro-pean
 []


Overfull \hbox (2.41716pt too wide) in paragraph at lines 346--347
\OT1/cmr/m/n/10 nomic and genotype-phenotype as-so-ci-a-tion ap-proaches,
 []


Underfull \vbox (badness 10000) has occurred while \output is active []

 [6 <./ShipilinaNasvallFig3opt-eps-converted-to.pdf>] [7 <./ShipilinaNasvallFig
4opt-eps-converted-to.pdf>]
Underfull \vbox (badness 10000) has occurred while \output is active []

 [8 <./ShipilinaNasvallFig5opt-eps-converted-to.pdf>]
Underfull \hbox (badness 1881) in paragraph at lines 363--364
\OT1/cmr/m/n/10 car-boxylesterase) were as-so-ci-ated with polyphagy
 []

[9] [10]
Underfull \hbox (badness 1215) in paragraph at lines 377--378
[]\OT1/cmr/m/n/10 Butterflies and moths have holo-cen-tric chro-mo-
 []

[11]

LaTeX Warning: Command \textendash invalid in math mode on input line 394.

[12]
Underfull \hbox (badness 896) in paragraph at lines 412--413
\OT1/cmr/m/n/10 monarch (\OT1/cmr/m/it/10 Danaus plex-ip-pus\OT1/cmr/m/n/10 ), 
post-man (\OT1/cmr/m/it/10 He-li-co-nius
 []


Underfull \hbox (badness 1303) in paragraph at lines 412--413
\OT1/cmr/m/it/10 ato la-tivitta\OT1/cmr/m/n/10 ), com-mon buck-eye (\OT1/cmr/m/
it/10 Junonia co-e-nia\OT1/cmr/m/n/10 ),
 []


Underfull \hbox (badness 914) in paragraph at lines 412--413
\OT1/cmr/m/n/10 load.-lep-base.org/v4/sequence/: ac-cessed 2021-06-21;
 []


Underfull \hbox (badness 1308) in paragraph at lines 416--417
[]\OT1/cmr/m/n/10 Likelihoods of all mod-els were com-pared us-ing
 []

[13]

LaTeX Font Warning: Font shape `OT1/cmss/m/it' in size <7> not available
(Font)              Font shape `OT1/cmss/m/sl' tried instead on input line 465.


[14]
Underfull \vbox (badness 10000) has occurred while \output is active []


Underfull \vbox (badness 10000) has occurred while \output is active []

 [15]
Underfull \vbox (badness 10000) has occurred while \output is active []


Underfull \vbox (badness 10000) has occurred while \output is active []

 [16]
Underfull \vbox (badness 10000) has occurred while \output is active []



AED: lastpage setting LastPage
[17]
Package atveryend Info: Empty hook `BeforeClearDocument' on input line 1349.
Package atveryend Info: Empty hook `AfterLastShipout' on input line 1349.
 (./ShipilinaNasvall_RevisedManuscript.aux)
Package atveryend Info: Executing hook `AtVeryEndDocument' on input line 1349.
Package atveryend Info: Executing hook `AtEndAfterFileList' on input line 1349.

Package rerunfilecheck Info: File `ShipilinaNasvall_RevisedManuscript.out' has 
not changed.
(rerunfilecheck)             Checksum: ED3CDF9133C37D676C26CC0D4896F289;44.


LaTeX Font Warning: Size substitutions with differences
(Font)              up to 0.88pt have occurred.


LaTeX Font Warning: Some font shapes were not available, defaults substituted.

Package atveryend Info: Empty hook `AtVeryVeryEnd' on input line 1349.
 ) 
Here is how much of TeX's memory you used:
 7807 strings out of 492649
 124905 string characters out of 6129622
 231456 words of memory out of 5000000
 11420 multiletter control sequences out of 15000+600000
 14101 words of font info for 50 fonts, out of 8000000 for 9000
 1141 hyphenation exceptions out of 8191
 30i,8n,37p,2378b,677s stack positions out of 5000i,500n,10000p,200000b,80000s
</usr/local/texlive/2018/texmf-dist/fonts/type1/public/amsfonts/cm/cmbx7.pfb>
</usr/local/texlive/2018/texmf-dist/fonts/type1/public/amsfonts/cm/cmmi10.pfb><
/usr/local/texlive/2018/texmf-dist/fonts/type1/public/amsfonts/cm/cmmi7.pfb></u
sr/local/texlive/2018/texmf-dist/fonts/type1/public/amsfonts/cm/cmmi8.pfb></usr
/local/texlive/2018/texmf-dist/fonts/type1/public/amsfonts/cm/cmr10.pfb></usr/l
ocal/texlive/2018/texmf-dist/fonts/type1/public/amsfonts/cm/cmr7.pfb></usr/loca
l/texlive/2018/texmf-dist/fonts/type1/public/amsfonts/cm/cmss10.pfb></usr/local
/texlive/2018/texmf-dist/fonts/type1/public/amsfonts/cm/cmss17.pfb></usr/local/
texlive/2018/texmf-dist/fonts/type1/public/amsfonts/cm/cmss8.pfb></usr/local/te
xlive/2018/texmf-dist/fonts/type1/public/amsfonts/cm/cmssbx10.pfb></usr/local/t
exlive/2018/texmf-dist/fonts/type1/public/amsfonts/cm/cmssi10.pfb></usr/local/t
exlive/2018/texmf-dist/fonts/type1/public/amsfonts/cm/cmssi8.pfb></usr/local/te
xlive/2018/texmf-dist/fonts/type1/public/amsfonts/cm/cmsy10.pfb></usr/local/tex
live/2018/texmf-dist/fonts/type1/public/amsfonts/cm/cmsy5.pfb></usr/local/texli
ve/2018/texmf-dist/fonts/type1/public/amsfonts/cm/cmsy7.pfb></usr/local/texlive
/2018/texmf-dist/fonts/type1/public/amsfonts/cm/cmsy8.pfb></usr/local/texlive/2
018/texmf-dist/fonts/type1/public/amsfonts/cm/cmti10.pfb></usr/local/texlive/20
18/texmf-dist/fonts/type1/public/amsfonts/cm/cmti12.pfb></usr/local/texlive/201
8/texmf-dist/fonts/type1/public/amsfonts/cm/cmtt10.pfb>
Output written on ShipilinaNasvall_RevisedManuscript.pdf (17 pages, 1764198 byt
es).
PDF statistics:
 986 PDF objects out of 1000 (max. 8388607)
 890 compressed objects within 9 object streams
 192 named destinations out of 1000 (max. 500000)
 34 words of extra memory for PDF output out of 10000 (max. 10000000)

