5454
5464
4324
7129
33
44
7709
32
1769
16
9540
1669
8836
3364
18640
449
7730
2248
3068
539
14824
1370
3005
31
3810
1339
227
2230
1113
26
3727
1293
119
38
7318
5699
2150
11829
76
62
41
4716
4125
452
3092
2600
908
62
41
6096
200
4536
53
9544
192
6565
2313
5950
1147
9231
4055
3661
53
35
35
7566
12608
1059
1402
2371
47
3750
3371
1759
3357
3816
9775
15944
9769
1868
3083
10163
3054
19288
5058
691
2127
4211
6866
10859
5303
1266
3267
11074
523
2427
953
1061
6937
19094
9391
2870
2230
19057
5503
2216
1673
1409
3968
7867
5236
1548
6373
866
1064
7736
1308
6975
1622
104
1447
179
2338
875
917
10579
1314
2315
3350
1540
8829
13776
512
1729
1704
3822
421
7544
10495
13695
1769
1037
4729
1637
7451
53
46
1280
1328
4580
12587
9899
326
5742
2466
8646
4271
942
12828
1549
1068
1851
5768
1703
3260
6689
1461
2418
5760
10062
8227
7210
563
1441
6857
752
2048
1415
5718
17715
884
3466
783
5899
2972
2509
2736
1578
4961
7712
2399
6563
940
1029
4452
24391
105
15677
3385
263
1733
7218
996
1080
4487
5813
3545
179
4334
4103
8098
790
1091
7255
1172
2054
1031
6043
916
315
5436
3799
6901
7946
481
95
6743
2906
5313
7224
1508
1590
2019
3047
1777
5001
8898
5170
967
1813
4288
47
11732
4325
2354
442
1639
8187
1337
1597
9183
1387
287
4385
3092
50
6284
5734
12382
8
1054
784
756
18875
1888
2176
2797
3836
1287
2451
114
254
2434
7640
2341
26052
2375
6035
35
3048
11455
281
635
6856
482
5949
17466
3013
836
13328
35
5005
3986
10322
1222
3668
1009
10778
1576
1612
2444
13266
4639
4093
128
1463
1271
2207
795
11087
677
1073
2190
1528
1643
6313
4658
2442
4550
4204
6491
6477
8158
15336
4416
3202
8437
7479
5297
6053
1385
1293
6266
4090
1733
12701
6345
293
2547
2246
1344
7080
1934
6178
2627
1211
3475
2792
791
35
5
25276
5910
1422
13179
7913
2782
3410
3441
1831
7166
62
1073
20029
2434
2282
1914
15325
62
13957
590
3684
2134
4455
1672
2351
1347
1961
3237
795
6396
2657
756
2685
1819
2572
1854
1550
2225
7583
2198
584
9932
1856
15910
3912
16380
1637
629
12216
3071
155
2368
16666
7331
4628
1845
1931
5824
10397
3880
7348
7452
32
2500
3107
5674
2284
3005
5507
7569
2513
2439
23
15179
13523
3413
2809
991
1537
197
7114
9639
790
421
2591
7312
18071
182
125
51
5
11946
113
1946
1637
3507
5760
1424
3231
6422
3525
8952
8966
3990
1649
4064
3071
5523
7990
6101
316
275
1276
4099
4708
4646
10218
3161
1617
2722
1983
5966
4141
1647
7797
9901
2414
8577
7561
9115
755
2954
1548
5673
1047
2771
12811
4874
591
6297
3655
1808
12777
871
4149
901
1476
8502
29
8968
6669
395
2359
4574
1622
2897
2251
4198
5088
56
38
35
13672
4574
4243
1560
1005
2180
3084
18936
250
139
70
3830
4869
4837
72
29
3909
698
2808
4262
9443
2891
618
2765
4985
2347
4085
8329
700
10771
2136
478
2128
6691
1034
6380
608
2236
20106
5005
1409
809
13744
1859
3825
205
7695
10307
411
26701
714
757
10323
6201
4432
10028
890
2242
461
3815
1257
47
29
23
2503
13854
890
4275
1051
3935
9873
2181
1899
678
3120
2474
2617
1517
18813
74
12481
2423
9452
2880
35
12
41
2107
4778
2959
411
2895
833
577
3582
3056
29
17
2
2915
2424
3773
1694
4488
2008
8887
5606
2917
12700
4864
5343
1534
4593
9026
1260
32
4879
1457
831
1946
2945
2859
992
4132
4447
868
722
10035
1520
3156
1298
3007
1041
26
905
2217
749
2255
4787
1806
1787
2301
1861
4896
6722
5201
41
16641
1128
1502
3118
1669
1797
1673
2779
2036
1557
6487
2927
16848
1217
3904
7477
6444
509
2345
21504
11197
9372
6123
5087
3832
116
14067
2130
1215
3721
821
30233
68
64
26
3239
5201
332
3475
3002
431
2402
3282
1032
9007
6810
2881
1414
368
383
1693
3852
3338
23
14587
1469
1163
10600
4597
2292
11163
10821
1184
3672
3205
7078
18974
1199
3242
9074
500
9951
2272
5678
25645
2187
2228
9582
5224
4293
6522
4131
959
4836
32
749
1065
4331
1189
239
4592
1244
530
353
29
2718
898
2791
1499
4451
1493
53
29
4667
95
2081
11237
2766
10440
1917
7637
3220
2139
19950
1838
16290
11764
15761
13419
2323
1484
1457
17030
1643
3096
146
6551
202
2847
4555
10373
10167
64358
10045
5603
12594
2957
16350
9494
13906
2564
3894
1958
2341
3897
1832
38
38
29
7896
4793
785
1886
5522
15068
2470
580
1481
1077
24732
5706
8099
6779
11146
2275
28696
314
6143
314
152
1107
611
841
3513
314
1088
620
152
1074
389
5437
43589
774
1815
1031
188
1157
2407
708
38493
67273
326
4277
401
41
699
334
974
3789
28047
1742
2400
737
716
511
5602
12524
1109
731
70
12804
2049
1722
1316
1226
3206
1189
2379
28110
2801
2422
77
68
31
28
1709
17
2176
1093
2424
33
8910
3426
1508
23866
7924
3027
1461
29376
1930
4274
4850
27415
1990
9617
5375
7050
934
881
1400
818
1600
821
821
4615
14088
9567
9514
9126
12225
1717
8675
11704
15950
6163
5857
19352
1866
2867
3364
8058
13418
14353
629
68
121393
3124
5889
50
32252
6476
2248
18645
86
68
8147
1922
1037
1016
4912
6251
2511
4763
2437
9366
8
25445
82
1968
27
4916
3096
4083
2433
2506
44
35
26
20
4166
11617
13019
585
15202
2869
6680
48728
10311
2025
1183
6611
41
1778
3667
3420
3537
3847
4400
62
764
4516
5673
10857
1492
4442
536
8421
8376
2189
2073
3839
7334
45163
1613
3668
12180
5568
17247
10818
11556
68
8876
16062
713
1251
1492
305
1293
5189
9436
18980
12601
5438
47
1324
27341
1250
29
53
42
3327
4917
4697
9450
4693
4550
2810
1711
24236
816
16305
39
41
10771
456
2920
10168
29
6579
8507
11329
666
7930
6435
598
43
32
10227
695
2246
5140
2394
1935
5284
5101
6128
16265
4251
11516
1035
3270
4916
17298
3346
4044
4712
7193
269
1401
680
14169
5904
3494
6092
5398
8122
1565
2152
1513
17414
1527
19683
4009
1330
5687
2216
4770
797
5269
5593
1576
587
92
15211
2974
11020
1189
2601
858
3951
4190
4486
1501
929
413
4676
1406
766
2791
2265
529
7335
1675
2795
1409
29
13640
891
2518
10249
2316
10931
3106
3502
6110
17096
13881
5570
4058
13521
7269
8675
3552
14954
3756
2593
41603
3725
3834
1267
13684
3288
5695
2297
2693
16993
9807
6810
11003
364
6192
44
1260
754
3162
26
32522
4656
1413
3651
5568
926
3855
10189
774
41
14250
11382
5931
4433
2876
13566
518
818
16505
23632
5422
7568
1955
3477
2426
7093
32476
1485
3679
3197
1530
2399
1622
1121
494
104
65
14973
13341
3724
10061
10000
152
85791
2110
14700
40920
61572
98462
4310
4833
12029
19039
15494
3328
29441
28906
5427
61544
35380
165415
8015
35805
3267
4134
5427
7841
1455
2969
3350
3821
2668
56
6351
6498
3388
17084
18051
47
3776
1381
1470
6743
6526
15591
12214
13694
94420
1156
1957
1594
17965
72448
1313
6243
10444
812
2743
1001
818
584
197
110
5448
9022
31059
106
11164
14326
1570
17293
19535
7796
171
76
1496
1511
5956
2020
2282
1508
57939
16196
103650
2082
3445
1984
18911
1683
506
1109
3860
3959
1997
1156
2645
14809
1935
1850
4354
4209
1984
43
5892
14229
11777
44
1784
6587
10540
3629
218
41
35
5
3547
3141
21486
9939
2408
4227
7971
16793
11306
1396
11700
4158
120
11138
17
10743
7309
11736
2785
3304
12911
86
1870
15149
13091
7277
18301
1372
8172
3008
4284
1325
3064
1224
11110
2542
33627
2799
19686
5045
4635
10621
115
17
7955
2111
1924
8632
409
14685
2480
1062
6024
2656
4348
1634
1526
18478
5027
1324
1556
7034
1710
1117
1643
965
41
3774
4264
410
2363
6291
2318
4799
3149
3313
1292
56
44
41
5802
2056
3125
8419
27302
11261
7296
7085
1363
8068
2965
24081
44
1828
907
5574
4299
3640
4035
2481
749
1141
8732
4646
7955
8055
67110
6075
25665
2492
3103
7054
2047
934
1634
2132
428
7804
23570
9544
3401
2391
2672
749
740
2649
1003
6633
1958
3170
7542
10691
9322
5919
527
7228
4228
1792
5377
1925
71
3290
902
3144
9218
806
7680
4909
11465
15748
4595
5407
7426
1139
2961
746
4213
5076
1845
12556
4698
18536
958
899
25882
2723
4861
4430
9876
844
1159
3192
2392
3331
2973
3244
1117
59
1927
840
5562
6351
38
26
33927
1761
2244
4578
2967
2612
1749
65
56
20
1431
5643
1834
1212
3795
8288
257
3346
425
796
8661
726
1958
1179
1123
4294
1004
2608
762
2044
5058
8019
3857
1328
1853
5233
17842
87
3306
1003
29
7645
5564
1426
38
32
10058
4211
5467
1965
392
5044
2922
8146
1418
5364
1400
3572
3638
1355
1699
7205
8194
1147
4834
1124
4772
1476
2455
782
4742
2019
110
3849
3024
8282
1976
4705
1310
4675
3747
2895
8645
1429
8322
2644
1011
5939
2531
5774
6702
1531
23
20
836
1390
4338
1639
396
754
2340
2684
886
3551
2725
1301
6441
1309
8762
170
5302
6731
2114
49
62
50
67
1233
8165
1488
1411
5888
3509
1503
9226
3489
89
50
26
20
2091
6578
7183
5175
2738
680
7329
25
2214
1153
1305
1712
17553
2105
1296
1010
3057
1104
11830
6863
2054
1607
50
248
341
2620
1648
893
5877
3610
901
8970
975
3491
4082
8049
74
1255
6887
2530
1844
7008
2390
7401
7631
42
7904
4782
968
912
3616
2312
951
1884
4227
4454
1310
1931
7367
8986
5122
7155
2697
2066
2715
41
13777
17
5802
2330
4847
1449
5695
3368
4299
8086
10245
3849
1508
1106
1524
6069
2743
2691
3194
1281
2297
2627
8170
893
2093
50
7304
15156
8448
3821
2994
1243
1289
1558
6622
4769
2483
29
30
11
2548
3369
2876
7321
1604
2441
5583
3397
2059
1845
3182
4054
92
29
10658
5442
8809
606
455
4441
4617
6598
10003
47
47
25064
5499
20
5952
9626
4589
3531
22216
8354
44
3217
8748
1125
3534
479
2479
4223
1298
4900
3993
5284
617
15552
14816
3197
2662
2677
7316
9485
3260
6440
1787
548
24564
9581
6533
3742
1673
440
3757
2321
41
30175
10966
8454
2928
3407
5533
5630
4001
27288
5434
13206
3385
5932
1193
6658
3828
3612
4677
8647
2662
8289
8388
1926
6374
399
20058
8187
23461
29
41
3795
38
17
971
13398
1702
287
3168
3421
3369
2750
45739
48170
3011
1242
410
1118
17166
8110
3878
2863
74765
48062
18822
4426
3006
1945
8419
1528
4090
704
1679
803
14513
10948
11343
2880
413
26996
10534
224
10953
6717
6928
3682
4553
12336
2940
12424
9055
6858
926
2719
644
578
890
35
1814
1154
26109
50
5253
12994
710
4133
7591
1975
4883
630
385
35
50
2813
12595
1445
3715
1336
2250
59
38
35
1436
13634
25034
12108
70064
7363
13012
1442
2034
422
10681
10199
9144
4169
33044
2846
29850
10854
6498
4417
10494
613
6581
4564
3583
2269
9891
47
545
68
50
392
878
2591
1418
18928
44450
1232
4719
38
5588
5118
4358
9330
9943
239
3351
4151
67368
3861
17922
1102
10634
1246
51769
12553
7263
8914
8815
9639
3453
2003
10528
4691
4535
2301
40462
25307
5507
107
74
7204
76
146
886
5188
4432
16291
31978
33019
26329
6304
7357
79631
2875
16678
6315
10799
4865
1379
11484
21096
1262
6395
3681
1646
1466
1587
32500
4867
400
19776
773
9698
13946
4976
10644
18772
10535
9699
20706
6428
11536
107
6290
12729
8245
617
5592
7547
3312
2778
3780
4210
5203
1034
2733
1369
3175
12223
2863
8382
1765
3113
821
3315
6918
5136
5653
1171
1082
1436
1153
2589
7288
5477
5688
4099
19788
4528
1310
22843
13105
1127
5277
2076
4369
2310
668
13575
1693
5452
2557
345
887
653
3412
2468
3128
3752
7643
12755
19638
2511
26
26
7721
2904
3469
8821
2494
2691
12144
2511
21746
41
41
500
31375
1907
2139
30765
1535
8572
9725
2921
3542
4085
1532
6668
3864
1426
2072
3819
5696
257
9420
3870
2336
1952
2729
5027
1717
1586
4169
6512
21390
74
1511
8332
44
3398
2140
2417
32
15010
105
888
2380
20715
11263
1732
5926
92
21169
2010
206
8211
4322
5156
2756
7494
614
3647
4444
4775
8801
12151
7017
1852
1000
1355
5624
6432
11552
3280
3690
1366
845
7992
1355
6993
8599
4618
8625
1107
2149
4229
8391
3735
1880
5090
3013
338
7620
5337
8308
7765
3836
1320
3949
812
1605
10238
1594
803
2218
786
79
20
17
7457
2986
1112
51
4439
719
10209
1926
461
47
41
45
7551
588
3198
2133
5755
6132
7323
2088
9081
11860
6054
5307
2063
1168
1616
566
68
353
4383
1606
916
2354
1152
10597
16331
8524
4792
395
20563
5606
5810
543
1622
17221
2001
1576
1565
1870
1603
569
536
194
195
38
63
23
43694
3983
5263
4617
4536
1229
20256
655
2866
6239
489
2460
8344
1087
14065
14085
2611
262
7008
450
32970
3594
2620
2511
1148
10342
5505
9051
1527
5920
683
1193
7808
6797
3002
11848
4142
1150
271
7216
7079
13066
1598
8232
8961
33616
677
12418
3640
7171
11809
14466
1278
7306
720
4802
1243
25
29496
8679
4662
34609
9851
3569
21279
1175
2933
8901
21260
1437
1484
115285
57103
14236
6020
20482
7958
722
11718
18893
3545
16936
12810
3160
16081
37579
36681
7340
17623
1618
5943
4478
14693
12031
1177
2704
2838
651
7198
1732
1584
1961
4890
15007
1835
56147
4123
10425
27775
6498
18946
3828
4807
8418
1409
722
1691
1021
2174
29
11805
49
11461
13153
9888
18944
686
7105
1399
38
12383
18943
83
18412
13810
739
912
3945
1402
685
1011
9046
1337
1197
3774
437
413
209
838
31659
5277
1814
626
104
50
5102
56
6754
734
3284
92
62
41
29
37548
11353
502
1436
3483
12432
32
7556
14016
5816
280
8145
13073
5979
2345
3138
20053
5222
3888
11772
7361
2875
956
16057
7424
7313
22764
4126
6406
2844
5289
128
11774
895
11657
19886
5285
8116
1439
2784
2488
936
4822
17691
3646
6031
44
1131
11544
1414
1661
9378
26992
8992
11567
19867
10782
1028
4767
6684
25840
4064
14592
182
8329
5730
21188
1624
22179
305
5183
9074
3910
5908
8293
10583
2814
1728
25302
12488
1707
818
1313
10851
11871
21106
15314
1169
697
11732
42
225
8547
11005
7504
2897
11061
18133
297
8264
9008
13182
56
2980
3697
15317
17054
8023
5157
33887
1586
51
815
6341
44871
29912
10192
4959
8816
2190
1244
560
332
1349
377
11546
44
5576
2049
3077
2821
13010
14392
4208
1442
3117
6530
7032
14602
2393
5190
7917
4338
23112
8525
4928
968
2071
2985
1550
38
2448
6783
2264
21921
2462
1635
857
673
260
1995
425
10794
1050
26
6273
2925
302
23485
6765
4310
302
1268
6545
991
4747
4736
1544
2462
31976
230
12380
476
422
102
184
5629
4011
661
9640
18237
8755
39141
3506
25070
9646
31967
2248
332
200
5705
1335
338
2004
2150
8018
707
65
3714
218
3625
2765
6490
455
3832
5025
3420
1955
360
6488
752
410
311
311
791
8297
1391
311
990
374
311
990
374
311
3820
593
410
374
374
374
203
29
26
2598
212
83
587
7436
4293
641
296
9496
2768
2605
1669
353
2166
7952
10052
326
151
44
2706
4348
9259
535
353
9175
2128
1841
105
1700
518
491
7565
2354
46
6675
9750
6919
32
13184
1759
2044
902
1045
9712
95
9239
1188
11068
4776
2400
1073
10410
8441
38
4654
1944
10025
2939
35
5781
8311
4325
17221
524
3769
11238
360
2570
24150
9005
5976
5538
6318
10735
266
5502
6541
290
41
38615
6716
8332
1586
12457
9378
26044
12871
11460
8077
7130
2700
27532
6143
3469
499
299
965
905
58892
535
2197
6581
239
5094
4241
2503
1282
1515
2683
3713
2413
1674
1184
1133
8053
2317
1812
6324
4249
11926
4606
2189
2675
4589
4223
11894
15405
1693
2087
1455
5389
4862
596
19391
242
34083
4302
13247
4624
4406
40099
27419
13722
25314
10864
8984
308
19888
53845
10792
3998
6489
1919
1001
2194
509
8074
287
37
799
1412
1241
12102
248
173
28
7013
4201
37
12737
1241
56256
77
1439
12093
46116
20695
27296
13800
9201
13875
4985
275
9299
4478
8185
8288
18348
38777
12407
5805
8298
30917
110
68
55
23
37081
8628
13861
8950
11125
5310
9852
10289
4546
262
8657
19243
9403
8328
5
5538
3721
3779
1720
3755
2510
4424
47
1163
1197
3376
5118
2353
3891
3891
7486
2012
6713
542
4048
8068
6125
3697
8842
13388
6748
4612
6998
1986
6813
58
5105
80
1997
13084
11820
10279
6765
11248
5946
13994
934
326
5010
739
158
56
32
32
2669
26
2725
7567
2587
551
3021
3013
4745
4448
4868
1506
3711
2667
7535
8385
4379
2058
1073
727
2686
1134
29
3238
5150
4057
4218
8714
15779
563
1866
3774
3718
1457
2519
5578
779
4924
7695
3429
1842
4405
2940
10441
4080
12901
1445
251
2640
4549
2754
1146
346
1833
431
53
3464
7091
10396
5340
9160
3565
32
12250
1842
56
23
541
10422
9650
545
1535
1753
999
5749
53
3298
2315
1906
620
829
3881
35
32
4031
824
2443
3825
5133
1470
1934
5299
1131
6067
11696
4138
9321
4098
3539
1403
2490
10980
948
1019
10193
13935
4124
10550
6763
30
26
1419
323
7009
1157
10940
3892
11894
29693
3810
1354
29372
5413
1112
7117
6988
2163
8321
5475
7286
12700
50
23
3281
1718
2268
6199
13284
2436
7747
5061
6628
11152
9021
5421
26621
1414
467
2374
2463
30
3439
896
13680
8546
1655
1891
6365
784
2947
785
798
2156
907
2052
5978
526
416
1756
3669
905
4604
4131
722
526
13108
2653
906
2467
4750
1130
695
1766
1990
6918
900
3522
930
2998
783
1774
8363
1200
2845
2596
923
752
2867
1001
2738
3435
1383
5154
3420
1067
8088
636
3307
1773
6230
2270
404
1255
865
3007
29
46
1437
3334
3241
325
1043
858
5273
2300
829
6715
1628
677
7841
6192
2031
2110
3933
6015
2233
2601
2858
9175
5431
7052
6771
7220
8643
6537
119
817
830
2202
5414
56
2652
1037
1316
1030
9825
10129
7347
4326
8212
4155
556
6595
1620
2046
2460
726
1322
5885
4291
1564
3076
6818
2842
3665
4496
6478
2482
5167
361
10612
14854
1008
1904
119
38
5347
3953
7904
911
11288
3582
1889
2407
2368
1873
1034
696
2895
1715
15108
3286
4440
8
4172
7418
7666
1279
2692
3892
2375
32
155
2040
2067
1433
1061
3302
2684
5389
48
1166
873
3641
5399
788
5380
20109
2080
7215
5747
3379
16706
2624
879
8958
8734
6619
56
4136
737
7141
3586
8259
6439
1976
19588
4272
1259
3446
6630
3558
440
986
6400
11071
45
911
6239
3038
1823
2418
596
3548
596
422
1483
2898
8795
6128
17457
1758
760
3797
3901
1751
18956
1270
488
6212
3047
1647
92
2244
1052
4715
35
482
1315
1570
661
2468
4778
3751
539
1822
1448
2653
6577
71
6402
1341
835
2125
1589
8776
3163
5012
3141
282
553
7469
6250
1610
2519
3155
80
62
3405
15202
2641
8033
2648
5302
1431
2059
5376
2696
6549
512
985
8473
7040
2274
16511
9954
1796
1436
5473
9710
203
1929
1791
1983
6193
2541
3304
17046
18710
3655
6643
650
1004
3851
2799
1838
2872
5222
3887
5416
2859
3882
5341
3755
8970
890
16462
2726
8509
7734
4025
8934
18897
41
3752
920
4031
1818
3854
3879
2148
3824
1740
7955
9545
5485
6048
746
852
3009
1621
1613
6973
1889
2533
11584
14259
11185
8886
1837
1121
1067
7762
4027
28901
10735
14922
4250
4269
1116
2198
4996
5810
855
6030
53
145
5601
19406
3521
4146
6645
16436
176
3088
20
698
3352
15402
1944
2470
8849
80
8106
13191
18777
35
2608
11266
770
2783
2466
1251
2181
1651
389
5040
9993
1786
14094
65
62
5446
1975
877
481
3270
2505
10393
5580
1147
1056
3969
1841
5744
5881
4710
7576
836
3594
6495
3728
2541
4079
784
1235
1496
3876
5176
1966
24193
5236
12763
8965
452
558
4690
533
3412
468
1350
3698
5626
12
10711
5845
5479
1959
2213
1641
29
113
23141
101
6300
5950
19479
746
39308
17366
4020
39751
7256
2824
3928
2015
167
3128
7849
12797
1972
2211
1328
1049
3902
4425
1642
1729
1410
2935
8844
2889
23143
5020
2706
413
30242
6574
986
2980
35463
32
3116
1058
92
34888
302
8140
24630
14945
741
7511
2318
3631
10315
74
6485
7238
22049
965
3456
1217
3154
8157
7349
185
353
5629
2887
6836
28548
9614
14994
1310
13512
42666
850
2011
5384
3746
5992
5215
2549
4423
3702
1292
2772
31912
1406
4310
2941
11502
880
533
9394
5090
10718
438
1455
179
101
302
30095
1725
939
188
9645
2210
19357
13491
797
1173
3411
5403
971
1325
4151
4960
767
1413
1820
2382
2141
4065
5678
578
369
68
2782
7086
2396
1065
14293
20558
806
44
7735
8583
293
8056
1699
10006
5535
7270
35
1403
9456
4039
26
1895
893
1089
3621
5622
3577
227
9844
822
2097
5274
1861
4011
955
1570
3229
5425
1566
20699
3185
5430
10457
5055
1844
5625
6930
3711
9826
856
9707
1995
1385
1602
9020
2874
5477
3535
2892
7442
2788
3479
2439
10500
2231
35
11981
1940
2895
35
560
11162
754
13155
569
626
512
8
623
16255
7041
1102
20430
2880
2212
4135
46
45133
37566
3915
1329
2305
18649
2572
879
1417
1190
811
8554
12801
773
38
32
8980
1079
1001
1010
8029
2888
1717
5132
4310
24153
1393
1280
19384
5217
11722
8800
22
30
29
23
23
8727
15691
1341
8655
3035
7585
28302
19734
503
32
1400
698
34877
10931
42410
2379
6088
27537
11497
4269
3929
13553
2794
2474
3791
4812
1841
3669
5215
9150
2084
26
20954
151
160
183
362
278
868
837
3539
65
1385
1373
6203
3014
4197
7793
16004
3356
365
605
5824
6808
2645
5250
1408
13038
5076
12515
5164
9014
5269
6105
712
8017
770
4650
2458
236
545
6070
6985
583
1367
14997
523
455
1056
17701
818
3346
256
8009
5499
6999
4419
4637
1796
4446
638
1019
35
26773
11750
4818
20333
62871
1110
19966
317
36284
2146
19016
6063
11209
24309
3083
15682
33743
3397
876
2442
101
6848
5245
24237
12363
5144
1265
2509
2943
3141
4368
6552
314
35
6932
2261
14033
2770
5140
3808
657
92
2353
3071
1031
2233
20344
6869
5593
9027
4595
2533
3862
2667
1481
33733
8469
7867
59
1216
4235
5099
1247
4795
10886
5624
3615
3724
14585
1244
4829
10285
825
28355
2324
8553
3248
14812
931
4843
1382
752
845
8364
11149
20560
9502
984
12478
2362
2389
1152
13491
11383
16909
6517
29
5418
4199
1275
218
2180
2669
4898
2988
4927
16881
5914
18095
2755
9237
2360
5673
2345
35
1114
5754
8655
5209
5584
1825
2148
546
1139
2175
5315
29574
2557
9102
421
1299
1028
7426
1067
4216
1626
12046
12983
1967
14964
3230
4418
1772
1687
7842
9137
5227
1136
358
89
32
32
2937
606
32155
248
2158
8876
2616
2363
2753
41
596
5097
26537
4233
3999
3151
4652
8190
2548
10412
5043
5193
22157
5779
34997
29
28964
8219
5191
2469
3810
1472
1475
8547
1319
9663
4041
18165
8972
593
3534
33
12631
1441
4246
3315
5899
451
16214
14512
20966
10320
7691
2835
3055
3076
3136
8142
4738
10323
26464
9284
16256
254
9880
736
9744
1664
6481
126
6659
17695
9954
20164
943
4526
63
2842
1499
2514
13242
1246
4036
2054
1472
2481
3492
35
9497
114
3356
4142
737
2005
4385
8885
970
499
1000
2808
4269
2781
4442
4483
871
2643
7650
1612
450
12378
5201
373
989
221
913
4254
12456
4696
6630
2254
2184
32
6563
4220
9924
4512
4636
4235
896
3638
5843
230
1387
662
1190
1183
1944
3977
3251
770
7486
44
8879
3469
236
3426
4072
113
1978
3536
1784
3993
12702
1075
2285
2961
251
74
8477
4017
545
2678
2375
1304
8958
3783
9236
2662
3998
38
1700
1779
295
648
2241
4502
5265
5080
2655
1046
587
1375
1274
8126
908
2412
1157
1730
3043
13576
1353
2659
10833
2132
3845
1230
1779
429
2351
1399
10837
559
10708
5826
3151
271
1243
2057
1544
3878
13283
2077
5875
7250
7498
425
113
80
7352
1715
12828
3447
16184
604
9625
2208
713
3161
1651
2663
1300
2925
13806
4119
1869
9732
8
4114
2895
29
2643
11047
11881
11753
7070
1330
1113
4787
6256
23
2906
13711
8007
1959
2489
4930
2174
1977
3411
995
1915
1707
11670
11231
4114
4229
4241
5463
5096
2158
1807
62
44
41
29
23
7334
2676
2473
2880
1268
4982
4065
359
2064
434
6478
4318
878
42234
5199
4226
841
833
953
6797
7025
1265
5061
9013
1068
2404
6991
2149
3615
10667
8244
29
1487
6502
13674
13130
1822
2671
2842
1965
6688
10641
607
2714
2606
8016
2663
14900
8566
446
227
1367
17
1825
5290
4315
1914
7747
578
3359
7034
929
4890
4016
9005
23
2679
1124
1706
1751
250
6837
1397
1136
824
827
3611
3403
2356
1523
11279
2538
3818
9011
1278
143
9454
1322
12214
1702
4051
83
789
514
1898
5799
6007
717
1891
50
7059
555
2949
13593
26
3165
1065
3201
2701
899
5422
637
2770
1050
11274
4495
1256
14
4278
6171
1187
473
1250
4443
3290
4275
1371
16055
61
13529
4375
2426
11962
7242
2099
9721
688
1270
5163
10778
5087
1421
3896
1635
4661
1762
1755
1265
7508
1736
8647
4434
341
1822
9631
2869
2239
8591
3839
4513
2776
5535
2784
1642
2845
306
5423
5853
3077
746
640
4864
1261
1871
5333
1667
997
1926
2514
1208
2602
632
9120
5391
4106
638
5664
7380
1559
2733
5956
2309
639
5718
4915
4630
17921
823
869
3841
3122
1226
6732
315
3241
3075
8523
21962
1401
1940
1810
2569
3054
2085
6646
3552
1994
2274
1318
1529
326
1407
7499
3322
7699
4609
2372
1035
1848
3405
44
764
1892
23764
2038
1634
347
80
59
53
8
4369
6063
4250
7004
1743
3144
4278
22277
1864
689
15545
8226
6414
3738
1691
804
200
13521
14706
4395
5952
20733
29
23
13387
4658
25894
14593
302
137
4024
11593
4057
5857
677
6119
1717
2724
3819
936
4634
2603
6692
4570
242
41
31
17312
3060
6196
3405
14748
1796
626
2506
13980
83
2901
3853
1088
1384
77
59
29
4456
17585
12032
9011
5641
114
41
5539
14459
7256
9233
6763
215
1442
8279
16612
8698
14395
13663
6524
6208
21936
5289
4781
17089
131
39354
1000
6549
3327
16220
1498
1390
5150
2750
1436
13791
3709
36525
15275
2766
4074
1025
3940
65
50
26
17
1788
254
10137
5592
1327
734
983
3110
4587
7659
35
29
2068
2665
871
1783
3330
3353
1253
4120
10924
3480
2070
16751
7430
9456
1593
5333
1497
49289
14334
62
9994
3299
1359
2528
6239
4808
2394
2142
1235
8817
14887
30151
2825
848
2791
15814
2252
2407
21142
13544
9567
17791
4283
2509
13389
10794
16710
498
8392
943
7451
47
239
443
365
185
83
71
50
47
41
8
5867
14142
10876
3032
4907
103786
1325
54
30757
3518
3518
3518
3116
4400
8685
15046
215
562
19710
14699
4492
404
16596
1880
270
13731
10143
3802
829
17736
410
2203
4602
18124
311
392
362
14609
732
2739
692
17777
3917
4582
815
3571
294
803
1312
47436
2037
18742
5157
10267
7244
42273
7488
288
3404
8303
12123
74
7079
4237
24097
71
29816
9907
2258
8072
2147
2155
1189
994
19587
6454
8677
9196
26
2983
401
1800
5057
3296
1279
2484
8509
77
41
21289
9523
5804
3847
660
2089
15120
16202
6135
44
782
302
806
3125
3047
2115
3293
6871
7050
1994
4240
5450
12035
13800
5227
3168
616
6002
9430
146
5812
10116
2857
4468
3627
98
2475
2316
2988
4625
14708
583
1866
27650
22914
12105
18485
3378
4909
7437
9052
9801
62
13
5185
12352
7452
6150
8921
13073
17071
6350
8062
859
5447
3795
15052
974
9377
13204
6384
4396
164
1354
2976
1284
3153
784
2290
18774
6799
1149
15210
5433
10896
9074
8748
3114
41
8
7649
1993
3024
332
8368
9656
374
4252
6888
3277
3445
8471
4801
239
1934
4081
5662
352
2854
9018
10310
941
887
2633
518
7159
339
19452
10699
4874
3116
2712
1608
3165
24928
4576
326
9651
1177
269
155
14
634
38626
4906
979
335
458
260
4880
588
594
332
25753
2387
8482
14458
7386
41645
2972
16776
9185
37012
2507
15568
4088
2621
19679
1634
5779
20831
5784
11525
23
53825
9454
32181
9807
7083
14389
10484
8623
1601
10316
16908
679
11938
16068
9380
1586
2359
6976
6125
29
13706
5191
10042
2234
212
23827
15485
20
2928
137
74
47
29
59
5
3466
3786
13793
2235
5556
3227
1859
2493
4879
10575
1605
50
19412
47
44
6650
9276
236
39065
14097
170
6715
563
1442
299
11606
3669
8411
2317
4919
16367
926
731
26
19867
2303
13692
7159
20251
18976
2835
4953
5664
4634
71
4258
51395
16684
2171
24465
5437
5406
10370
5263
113
21566
4465
20874
6420
1582
4731
31
12842
1193
32
32
27
22101
5611
12037
2025
6095
31375
1898
1913
1562
1913
9743
575
3986
2156
24330
2813
671
3893
10189
14148
11698
11060
3603
5200
29995
9721
1334
44
9800
25206
6184
17009
8047
7953
3139
21879
1067
14764
11933
8111
4832
6371
20575
9754
7539
6649
3871
14185
971
4325
5846
4238
12477
4594
5613
26605
304
51
1000
698
2919
539
8224
18330
590
44
20977
2983
10174
7503
3953
6679
9585
7271
2141
1701
3840
3779
18818
2772
15655
6944
2578
3429
9743
9689
3565
1029
523
9553
707
2408
7560
12014
301
1442
1209
1249
12236
11742
458
515
545
440
419
10481
14562
470
1346
2518
9406
2301
6828
982
4138
881
354
774
4546
11460
2722
6196
3544
8870
17825
2666
2932
9500
37
2692
933
2332
9187
4053
2126
4110
413
1814
1478
5803
8931
19699
814
11786
29
29
18752
2618
9242
5901
6900
6588
2583
8316
7309
18324
2111
3552
5561
14481
38028
7958
1414
11382
38
3864
2221
9342
2340
8462
6441
4150
3318
7870
1259
10665
4091
9513
2028
1001
8283
5733
266
5129
1619
8920
1294
7365
18665
2217
7722
7550
350
18001
732
3200
59
903
6149
12050
4481
11966
137
62
25439
1527
65
32
11031
3187
7076
44
7558
5932
3379
2017
1861
9138
53
35
37998
14134
416
11513
4956
878
11250
878
5468
1805
4985
1357
23185
1566
18688
1772
7376
13586
14414
507
1215
1230
7086
89
4473
9360
12714
4704
8215
50342
10936
26632
5708
22548
262
38
1104
4125
12109
10240
1000
1605
4009
15144
11115
2845
7622
15784
1313
34934
8006
2974
8565
7297
8659
2423
5295
98
50
17343
5294
6693
9804
7940
9025
4057
53
23
796
2427
7206
1584
5
3926
10156
5437
30
326
62
8021
3932
7305
5775
2409
17112
30130
1952
9228
1008
15168
3519
3255
2327
23209
1862
14598
15090
6710
3429
8676
302
1767
14786
11049
44
1850
2121
11813
3408
2322
9054
6257
12474
4318
15545
4675
5448
3571
168
179
2445
1586
12397
104
55
692
13958
7467
5498
35
8029
1933
3939
2526
5615
6862
1740
13556
10118
97
56
44
32
7153
2660
29221
2315
1683
1686
6161
4387
1083
3256
2689
7945
8202
14285
1024
2684
12821
1412
8502
2196
2102
710
3532
2398
3997
1484
1828
9021
3209
1163
10081
3751
4714
1046
8
4867
2134
2521
6970
2453
2819
515
4538
3772
1941
481
3766
4341
995
3227
1841
77
3437
7618
6721
3590
1106
1906
7255
2035
380
673
1547
7626
4873
1547
3162
2178
2453
3629
2053
2389
3420
2890
3221
5531
3039
5160
12814
6024
278
3225
7324
2456
23
3376
2933
5437
1738
1127
4943
4661
2256
7731
7737
2216
16474
62
6629
227
122
41
7888
2951
638
148
8
25468
1794
10510
12042
2811
1652
2336
1375
23747
2645
1556
12697
2156
15466
2857
3839
3506
3215
6555
551
849
1758
7699
4391
1153
688
5659
11827
17647
4372
926
2966
9701
2453
2905
5862
4910
672
7489
335
1427
1472
2572
5665
835
5827
8730
2144
2983
7381
6406
1059
311
2730
11557
34
1070
7536
9234
2734
7708
16184
942
1450
23999
15237
12252
21188
5430
4159
2112
6715
9922
212
2372
1269
2602
12532
1442
10874
929
2235
3247
218
6164
3769
9976
1430
6849
2806
13760
32
4799
10
8634
9707
412
2559
4189
1124
7626
1787
6786
1004
131
7711
4995
479
3379
9118
302
845
542
4121
7259
4789
6990
2155
2275
17686
2675
2992
325
436
14187
2936
2986
11214
304
7677
1656
5072
3255
494
5666
3134
119
32
2453
3069
274
568
5412
440
7959
1905
5097
1851
10772
841
3890
59
38
26
20
6229
6215
2805
1930
3133
1543
1408
10396
6762
1096
4312
62
17
3837
1656
1988
3490
11074
10853
11339
12393
2074
5213
611
1330
1200
340
2622
9500
927
2551
4908
1881
13539
2279
940
1170
98
12226
10990
1062
2149
6842
23481
200
86
32
1652
760
5924
6553
1332
13861
3768
2466
1172
5422
13266
1134
1920
1566
4362
2860
15120
5949
685
4334
12073
1149
5599
7009
5097
3923
3860
3425
1621
1693
1464
4938
7195
745
774
5753
1674
1628
1558
2701
4927
4695
12858
1600
4463
7192
615
4467
924
1682
5406
356
1655
9271
29
3941
9511
851
17676
11670
5085
1784
10834
5038
103
22870
1783
18519
2073
2823
9091
3207
800
2636
77
7403
2176
10957
244
3931
770
1210
1143
4883
6086
4884
2489
8535
6426
691
3130
374
2384
585
1536
445
1633
8136
3503
1248
1382
4544
1490
10870
17717
5893
1887
674
10446
436
1175
2626
6384
8669
2764
5003
4638
16901
60
257
45
3662
5482
10500
8823
2555
2343
1496
6311
2324
476
4927
13730
8691
7169
12792
4603
10338
1940
15062
3054
1589
30250
5672
2037
5487
2207
7192
10777
6791
4983
5370
5308
15889
8219
4485
10674
6357
1540
1789
5010
5030
8468
10190
2999
2183
2024
4326
8602
3905
684
1440
1321
4071
500
7748
3767
4414
4487
4785
1421
10541
1211
50
10936
1408
6314
1409
19816
77
185
17638
3875
3828
14546
38
35
355
1001
4528
2416
2023
492
2870
1344
2103
1255
1218
3031
2759
2971
755
732
110
50
3881
2340
3662
2765
811
104
907
1837
2341
41
64
5356
13332
7234
811
200
80
1151
26
2557
1795
119
86
77
1850
7323
347
3449
2672
1554
959
4201
350
287
32
1900
3197
491
386
2305
599
1123
263
2174
2124
9315
1734
6610
2933
3831
18534
10382
2055
1688
8194
17141
2483
1580
86
68061
3234
1365
2072
31896
4746
7246
9597
13923
1740
4043
26
1956
2489
2277
1350
6504
1062
6071
3356
4587
2901
1387
18546
14009
981
809
3463
2706
1019
8180
4617
12
1387
3010
11744
6336
1257
3083
9287
29601
236
92
4321
6267
1854
1084
1827
13405
2142
2278
1883
1301
644
8842
1301
1184
5397
1126
11893
1072
8973
8233
1881
5554
10866
6371
56
4918
7325
743
904
6654
1345
3578
977
2784
8352
173
6461
13243
7427
2991
13741
35
2973
509
11104
1029
3618
3240
8597
3719
13051
3127
9876
137
12017
6625
18301
887
15155
1310
8562
711
15049
586
3812
32519
4440
3419
2195
4096
104
6246
5776
6204
18049
1205
2764
969
3531
3257
974
512
1731
8614
3788
2003
4366
2659
3975
1364
14236
5036
1164
2727
1314
3867
1574
2414
4126
851
2109
1793
2175
62
29
1512
15771
6097
5450
15419
7205
16365
3475
3374
1951
774
8031
1338
1715
1766
1325
2208
2646
4224
2315
2865
1096
5253
3188
41
5076
6414
6101
2440
10057
1488
1970
868
3752
1969
5114
857
3897
3620
3909
1843
989
1074
2331
2121
1261
9833
4953
2184
2010
940
2301
3055
7103
11871
6198
185
6852
47
3788
749
74
2322
4772
824
473
779
647
1324
713
656
6108
2124
1693
824
512
533
1568
371
387
1914
7915
1057
631
3856
280
578
2988
377
3584
1762
6536
2375
968
1923
3378
8455
1221
2616
2660
3656
861
1015
405
6679
2500
26
2004
570
2477
363
11137
1390
5774
288
274
836
3572
740
9120
44
395
1269
5087
967
1174
1930
7737
3420
1191
5342
7863
2132
2475
1902
332
269
38
350
8930
43
2427
1490
3288
1964
12089
3857
3413
5269
4554
2685
4250
685
47
1519
9421
3241
4008
1241
1334
1033
3008
4806
2346
8471
362
3682
2990
2904
3741
7128
1267
1062
7984
3638
551
10296
2399
3450
447
574
1055
1570
2355
44
20
14
1142
2981
6055
1134
110
3869
1420
6121
2374
4587
1130
6548
7109
4299
2451
2054
86
41
20
844
2389
2119
884
10376
2907
1189
4778
3945
298
927
6050
262
3780
3953
10568
11837
38
815
7126
56
50
23
2607
2665
4406
2434
1637
473
23
2282
1512
272
3326
2042
4189
1814
3203
245
13830
398
1937
5210
2938
1979
1223
6426
647
455
1676
86
23
1444
1687
5556
3101
2641
3610
1843
5893
11635
300
768
185
13424
7588
6518
343
4427
1968
14820
1374
30
10658
1758
964
3119
2553
727
2214
4687
4740
1926
3290
5854
56
2672
9875
417
1118
565
13754
1714
1466
3066
12483
3021
3875
6353
751
5021
12344
993
2529
3849
5624
10055
1325
7217
15985
962
8896
1352
5583
12762
6784
3319
2670
3299
5074
5547
1749
800
4887
457
3136
1244
15372
7906
1504
9057
1684
5923
4028
1364
3761
1358
3926
1508
20679
892
5424
13219
3896
1226
3405
3275
2396
4127
26
18165
3325
2312
14
14807
7521
32
26
14
8
6670
1456
14009
5318
11672
98
19558
8077
3438
3411
28620
1993
1887
5210
4509
1313
2457
197
11955
260
3253
3578
5569
2501
260
176
6638
707
1084
1886
13163
19640
5126
5218
1139
10799
61004
1467
5288
1897
1025
6227
7317
12417
12039
4544
1181
3141
1404
9999
19710
1766
5674
2459
2956
1025
2952
10262
2188
2159
2382
3948
1638
1130
1289
1340
2651
1080
5006
6761
47
44
26
28730
68
1946
9195
24579
6799
13241
2114
6816
11142
41
2915
9647
1929
74
9489
7005
53
50
64
47
41
1007
4532
1127
20001
29748
4814
14511
5430
17669
5952
8987
1184
1135
50
713
452
1443
542
9998
2900
1763
407
2493
1173
9085
2074
4891
25493
6274
1745
785
708
35
917
2916
105
1310
6217
1521
4351
4225
314
12048
9109
4698
6235
5300
1055
17
9326
6866
19399
2726
5774
2713
182749
4170
4043
557
26544
15513
9749
13787
930
9823
7572
2880
2404
7109
1076
44
14
4462
3634
5646
3121
45
2119
941
2681
2194
8198
60633
9544
1341
16551
3674
16650
8013
3007
1033
3193
248
11710
3215
9951
722
14082
2001
4744
11710
9945
19184
41
8415
1986
1421
99
1107
3844
11309
3480
929
66531
11551
20029
12101
13044
257
647
3800
3806
9956
4636
5849
2258
2356
2230
5286
3952
2030
12732
6944
7471
10032
2590
4418
3671
1824
5443
74
4361
2221
4146
2669
6740
6205
10070
7555
58
1310
2240
1311
5585
2322
4251
1909
24998
3250
8383
8169
1098
1553
221
6897
2699
928
2001
5789
1942
2005
23051
290
3444
35
191
3867
8838
3435
6342
752
546
447
759
2246
4411
5122
3339
11069
3139
1021
2755
3139
1141
32
946
15209
1347
35
9770
2415
58
4089
8156
4361
12182
411
299
9466
4795
316
2749
1755
1090
4594
737
2922
5406
1580
8381
4073
5766
4096
50
1917
1839
531
787
909
3764
8194
13387
1004
666
2220
155
1888
2438
2807
18170
16592
6946
1184
1201
8643
1181
1973
16672
833
431
7353
3992
10277
12448
1790
3608
5964
1611
1164
1414
1255
1352
1351
20337
5999
77
50
44
7985
5682
2250
474
1543
4479
15329
97
17223
476
4782
494
3911
2513
4769
1926
9417
3857
1497
2924
4229
5196
242
2451
1428
4900
1313
2951
9821
6722
3102
596
299
2848
1170
1335
1488
200
10016
3427
77
4604
605
419
3769
2309
287
248
725
2989
16664
320
635
20
5192
2962
1265
1179
2398
1700
2244
2007
1706
5005
1584
8205
5554
3832
368
11090
1742
14
5023
3167
706
1990
8337
5978
5997
1159
2058
11716
53
2288
162
32
98
3131
3933
5713
3206
65
3055
8971
365
4311
2428
368
1555
9987
9469
360
14104
837
6182
7144
7464
1533
3101
8895
1493
1883
9512
5000
35
10220
272
3522
810
983
6892
2259
5067
1268
730
1783
5056
665
6627
350
1739
1373
272
185
47
31
6698
18763
14509
4098
2435
730
191
188
158
152
56
26
17
3993
59
18210
1232
548
728
440
161
68
1189
3070
5987
838
1346
406
1677
3211
236
1216
4539
2392
2473
980
1220
1444
1759
1060
689
534
1374
692
239
20
8
1138
1509
509
1543
4531
569
578
324
502
268
9274
383
6828
1061
515
164
86
27190
2642
3204
4913
14439
7344
15640
3615
4880
1098
1247
5044
32
2043
8956
8400
2779
1726
1901
6431
4766
4495
5748
38
54
3346
19686
701
15539
7071
6677
8712
1961
4524
152
5346
6400
923
5930
20964
8428
2873
10573
5744
1539
6744
3691
1159
20098
8992
11276
5570
14064
186
11433
3764
6425
569
12226
7227
10742
1073
38
1021
4464
6167
6714
1031
22137
5320
10514
8117
7546
8530
3897
15683
3564
3888
281
3627
2193
2046
314
49024
14445
44427
5969
17416
6176
13384
34
5985
18099
2901
34688
44639
65
2137
7385
3200
3035
1034
11639
1808
98
92
74
44
10204
2591
1682
1454
559
420
30213
6233
92
8200
2172
35
41
3357
1896
7663
38
4145
2521
3260
1774
2952
2460
390
931
1178
1265
2400
1815
50
47
2110
53
5786
2786
5347
530
98
11898
473
4398
6325
22150
21160
5405
3949
3633
6006
1269
10100
25193
5263
1433
9110
6020
7126
4493
689
35
32
1019
53
812
5429
32242
1214
88363
1201
126301
27846
11326
2854
4193
5347
5858
1960
6905
6375
2736
7166
1625
740
14971
131
2367
418
1976
4895
912
2607
7677
54005
6651
2389
803
1856
7344
17903
13251
3127
7789
3278
2018
10580
1435
858
2272
1470
4152
4851
1031
2672
12521
69084
7490
2009
726
1781
1196
880
929
1328
21126
3092
4224
2007
653
701
1170
6759
896
659
515
47
23
4230
7516
865
1440
5845
3707
34233
25081
1236
12221
3584
4219
6582
173
3050
671
464
935
11653
3738
4372
746
659
771
1032
9581
9520
4664
7002
43
850
377
744
795
3254
2669
3413
5056
1029
10129
580
2576
8318
6171
3084
3691
6526
10025
1597
4236
4672
1039
998
8900
37
1484
2188
9934
2497
2200
1435
1272
3447
6921
4607
8622
695
4035
77
32
409
5355
926
771
5050
5530
834
2433
188
603
749
473
614
22897
2859
4962
363
3813
3668
1129
2182
12873
4568
5818
1916
2735
9283
1146
248
152
317
3129
3847
3022
10800
5189
1091
2250
1441
989
2438
8998
255
2448
7689
32
1174
2162
2314
278
333
3840
676
1166
32
8221
3165
930
6952
7628
271
1693
734
2418
769
9338
1556
863
1394
11871
1983
2008
10631
5132
2788
635
749
4504
29
10509
2213
10049
15459
14
2570
5013
1273
1553
2178
17755
47
496
2969
32
3477
1467
992
5912
11916
2844
272
485
5126
12163
2415
5178
4703
1228
1183
903
2322
7859
4734
5022
2921
2941
5043
791
1665
1957
7572
1474
605
6413
3204
1291
2301
1482
3350
140
302
2107
1715
1473
5711
4978
1856
6750
1619
2446
6560
890
1506
16260
8048
2605
3260
3495
354
9078
936
1578
2377
395
569
3812
43
1906
1221
5919
1884
1637
2805
2480
1832
418
218
191
1473
3324
4137
1062
4775
677
3041
29
2666
3693
2669
3074
2736
1218
1804
6135
3060
2379
2359
4751
27267
1755
15197
1054
6520
11119
4035
934
278
680
13273
620
3379
1989
3605
905
1948
2750
9467
3643
3098
59
1015
4560
3923
179
1900
10290
6708
6976
3780
281
767
1918
4444
152
4168
15699
212
6100
4372
16468
4436
5695
882
176
16895
5397
3971
813
719
1992
17557
428
3176
1754
1700
2097
6492
89
986
5393
5456
3433
3597
1783
2493
3942
15380
1303
266
6745
281
2652
4580
923
36
5365
914
4925
2202
3431
12367
15950
22710
2840
1805
1088
488
18534
3404
8957
7907
1426
24312
6090
736
52156
5823
3311
10094
11849
13303
5822
824
6444
1698
2261
1607
12521
50
14912
4598
8833
5935
32
20
4641
10414
2725
1330
6341
6327
2352
29389
10068
1463
8550
26
15874
4755
3629
4228
587
13844
3858
3340
10501
6341
1787
3722
264
47
29
11958
14088
2162
6112
6199
2087
32
31005
13408
7459
4624
1865
7900
962
6644
12721
6127
13176
7146
2066
3185
6145
446
5043
10745
510
14
12559
11306
5199
10055
16102
1312
2324
1352
203
6686
161
161
4051
5335
1341
5638
1224
1224
1224
3844
5133
7449
236
236
1237
933
347
254
221
179
179
137
59
9944
70
4790
71
5675
4787
10659
5403
3469
868
2779
65
1307
15506
1973
1041
1727
17830
4071
6285
2457
3275
1789
685
13621
47
3676
5969
3206
7966
2019
6957
2985
5825
1651
3309
2653
3061
5703
1824
32
23
23
1030
34040
3653
11712
74
2514
1173
18676
16618
2828
1864
32
8215
2692
641
980
4241
9501
7644
1814
1445
449
26
714
1782
1398
720
6389
847
1993
7894
1151
4368
2854
53
7065
5905
22712
8147
10012
7556
5851
6700
3548
11140
25442
5711
10669
10308
6631
6834
935
3700
405
3132
955
1268
16085
1625
8689
5419
41
9956
1399
1703
32
1040
22141
53
9002
7374
6743
2220
53
32
7254
6118
5693
28
16845
5267
1978
24956
989
44
35
8
6063
8481
5399
7393
10160
3369
1730
17895
4710
8014
7040
1474
20183
3622
2727
2830
6738
3937
5921
1895
2843
4666
3965
3140
22393
6199
7785
16213
10499
14659
1486
14
7162
7227
11111
7793
40770
10378
1200
1748
1693
1515
10033
3171
3404
1449
4817
1515
3828
2905
2239
1364
6733
5186
104
203
10801
4078
17817
9409
2209
4953
7310
1382
5582
1358
6711
835
806
2278
3231
1676
5900
737
16349
8338
1013
4604
1533
6363
4067
1966
14223
14895
3231
731
2329
29
3200
6646
2205
5035
713
9182
8548
4667
866
5448
10536
8231
404
5107
2546
10617
1105
2907
22117
3764
3666
20879
3569
401
10414
4971
38
1941
2851
2511
5512
861
4435
3142
1949
1577
1873
1086
2955
6555
8225
7065
22612
20479
518
17955
4027
1706
1366
1028
6740
7236
614
541
332
15144
18806
2459
14
717
2440
8813
3507
1473
10961
622
8738
2708
3248
1398
1512
2501
830
1723
2060
2523
758
5589
531
4015
31673
878
1658
20056
3561
8040
1373
18198
50
1526
16971
1611
9255
2115
4335
6190
3036
1703
2738
3041
13372
1344
2746
5086
588
1854
664
869
5202
71
1420
1301
2518
1225
4873
1924
1067
41
4757
2780
518
11119
553
3601
3676
2418
3906
5321
4196
12134
182
5052
1277
5585
3491
35
15823
3865
4052
2477
2260
2506
1288
8707
24329
750
998
1096
1738
14812
723
32
24717
24
7641
10921
6308
7402
1913
2521
6814
14542
233
811
5697
1746
7582
3605
2419
4038
5781
2861
6754
1195
98
386
12024
1316
5464
6806
3727
2676
12983
5219
1980
810
4933
4743
1060
5463
2050
6112
1869
10006
38
2
507
2991
7897
4057
5173
1682
30012
1549
4696
53
84
3585
3743
5881
3433
3407
14705
7931
2953
1047
3081
836
15110
6244
1224
3511
1823
52
813
9183
44
3165
3444
251
2247
4346
2533
3827
1018
1664
188
74
33
9087
1113
804
1111
1362
989
4549
8484
12930
2075
3857
15639
35
16116
2456
1437
3201
7182
611
24530
1352
628
880
6079
3903
4660
41
10997
8035
2178
2478
1225
841
590
12551
2621
32
5089
9646
3786
14661
7464
224
1145
71
3675
6486
1750
2500
2656
1551
4161
7551
11949
2622
479
128
5359
504
26
10251
11433
8963
1249
5284
5120
1365
3217
975
305
7038
702
3304
731
9734
4611
714
1884
9301
5608
27420
11751
11063
380
1452
9898
32
7457
2947
7016
4114
3367
446
7108
10744
875
1874
7458
3077
606
4253
1596
29
6078
7832
1337
7580
44
12581
1887
14153
15010
6009
2943
2162
27349
989
7704
5220
2874
2377
4313
1885
1829
7574
12185
3544
1622
963
6841
5371
3015
2211
3749
1706
978
878
770
1554
1081
394
1722
1204
11109
4061
905
4228
4464
1360
3664
3738
36272
10633
1928
2280
2170
2097
503
875
4840
954
3640
4672
1106
2184
3444
3214
1260
7217
3796
497
704
15985
446
5906
3277
3462
5259
1655
4662
2095
11125
35
17121
5060
8320
539
8349
6422
7080
37
2495
13911
2019
2290
19090
2173
2407
992
1010
734
1747
2336
44
17886
1506
3152
4007
4004
4157
22157
8368
8790
2816
2210
2874
4762
4891
11407
566
15623
1593
29
2226
6037
3336
12200
7939
18889
2454
4532
3594
3189
8634
78
16029
12459
17250
7096
4175
799
7083
1465
5350
56
1125
2676
56
22823
50
6979
2516
2425
584
3349
4022
8461
691
641
15725
3857
173
3640
7096
2370
2851
3245
2705
2881
2042
1354
7084
2943
4050
1878
1575
6630
9003
33910
874
6163
10923
4432
3616
7833
2570
6246
15444
1310
14050
5902
5273
2928
19673
6708
7674
1735
1537
998
15751
3283
71
17
4454
1004
3860
5325
6456
1619
9132
10142
59
8503
9506
1243
1217
1217
1205
1220
19106
4236
6125
4444
8190
34
12466
2573
4243
38
2795
2587
3089
653
5309
16073
314
18770
17404
16457
41
1508
4627
9699
7970
1338
2740
1111
10085
1255
13480
6063
5973
4764
5416
890
9610
2738
6953
1220
8565
7106
4832
1326
63
65
59
691
1796
3183
764
4771
26
2046
269
8953
15519
11615
50
38
14241
9461
15479
8459
6124
2631
4413
50
4382
3165
6110
1136
2620
1610
8168
10093
7402
5964
4449
9558
3684
7593
3053
2883
10834
221
4859
1877
8992
2526
2830
876
74
38
26
7996
46137
4404
273
461
466
812
2672
2630
4294
9201
6903
1283
14168
62
1765
4431
17311
1175
314
43045
92129
13503
4050
1405
29
6452
10289
1947
9060
2507
278
15605
858
11871
37181
4012
3589
5722
2173
12900
4360
1533
3283
18801
5917
1186
6803
48916
1231
4498
2240
32955
5750
12116
20
1120
19
3504
5336
5573
5651
17598
2753
14325
4231
1295
10165
25855
11674
2483
404
107
8152
4765
2729
1358
33848
9408
4152
956
2003
6360
2838
4205
5202
878
392
1624
11137
104
9215
303
2258
771
1189
917
785
1768
2189
3161
4112
2233
7392
1169
13961
1182
7318
19332
3003
1836
2358
36255
6961
25471
4592
16740
19365
3165
9591
2848
1224
2229
38874
2366
1408
10316
1091
2093
527
107
3628
11078
483
36042
4591
956
3483
742
1072
9058
1652
4411
2263
2216
4583
3471
398
714
1785
9283
8524
1307
10546
32
11023
5970
44
21009
173
3103
971
8855
4208
4389
4511
1432
2770
1737
619
1227
41
38
26
1347
5966
3105
11945
1151
38
2730
5435
1967
6545
2926
1337
1122
44
3726
3583
1306
850
5800
2171
1665
9812
1821
65
4798
9438
369
1215
6310
116
1686
1497
566
1290
53
38
35
7777
4521
9490
6596
6254
1234
2246
1694
992
56
4680
2045
2412
6600
6328
5499
2297
4376
2157
3606
2606
4471
1052
3668
4642
2178
1218
2545
1473
7516
11787
3002
3671
4396
1977
1181
1942
21698
9366
11810
47
22358
52
1552
3707
1461
7850
14550
56
22826
38914
38
875
1155
8022
4813
7410
3944
5822
752
875
1961
1393
6919
2873
12344
8890
3819
2371
2906
3552
41
2718
2821
59
47
26102
2508
10570
2754
3630
2833
7224
39287
65
3514
12669
3896
32
13656
2088
1385
2124
13241
10698
950
12129
1752
12905
2326
5413
4145
693
753
37881
911
1327
8965
1543
4238
6064
5576
5337
4558
4402
4268
7637
4176
3617
12889
18197
3627
3192
6300
4108
1261
3215
6267
2690
6030
422
3380
7833
1261
4599
1002
9435
23316
23902
4714
2241
4826
3175
39201
811
3900
5698
1383
10090
3992
116
5292
3968
4946
11
10082
6186
3073
1663
10288
9513
780
2448
7851
6282
599
5473
12707
12580
7367
3813
2543
4124
32464
53145
17953
6963
3614
5803
1126
13139
419
230
13047
9834
76
1310
62181
2591
3153
12293
77
29
50
74
44
3001
4654
49
3109
2529
959
4402
8333
2941
8519
1214
263
8534
470
144
153
281
144
144
144
295
144
144
144
144
144
144
144
107
144
38
131
97
218
140
95
80
80
80
77
65
59
47
41
41
38
38
38
38
35
43
29305
2851
2407
1502
6183
1739
1378
5033
7246
24882
92
74
47
47
35
32
4529
1814
41
19744
33918
5786
9058
4320
28
1960
6237
314
13219
3411
2067
1928
7638
19458
1814
55
2874
2930
5618
3187
3664
5047
14679
910
26162
8717
1934
13228
251
1928
2500
1410
10997
14208
112
3310
1388
6336
17899
17
3413
13334
6915
2218
527
1373
2146
3834
29
9818
6109
1880
40053
13274
21662
16114
8382
11049
17686
2829
15434
1077
40815
3839
56
3087
16190
9334
35606
5184
1139
31779
24434
32526
52038
7705
3224
11118
7417
7129
4519
14232
1238
23517
53
2920
9177
8402
15780
1244
1971
7659
8899
8256
1082
4652
11545
2159
18820
4936
16696
5298
953
2508
384
22657
3585
10937
1886
5968
4824
10618
13296
4945
8327
2583
10250
5483
22381
1889
185
26
7754
2332
3224
4090
12431
6783
4553
248
5738
525
1171
4111
8410
4854
2906
5005
2123
442
5880
799
6055
716
377
4406
643
5828
4952
665
26
22250
2841
15206
4351
3634
14418
12623
46
908
3063
19357
12670
1213
26359
3458
20
6311
13724
15640
4219
29156
34628
3366
8441
6262
3476
5966
32
26
4012
15214
20006
32
1346
9838
815
3293
5301
4872
907
10978
11835
3881
11369
15101
2275
8721
21290
1846
1889
8762
4220
6331
1916
5171
4435
5440
1532
16523
7239
3867
8514
6117
11658
172
2426
4345
5796
2238
1680
10178
5846
6530
5332
3545
7169
21726
650
3395
7465
5077
2225
6642
809
2602
1958
2396
3672
4707
3227
12966
150
687
468
17812
14
77
7203
2037
3928
413
65
12132
11512
29552
2306
9449
3969
6156
1275
13663
1346
280
11000
2949
5911
5798
1825
1364
2061
24329
2584
1460
13394
7946
18954
7316
12284
647
104
53
9793
68
10254
2901
3416
416
104
41
35
4897
103976
9232
14955
3717
10725
18899
1982
2216
9461
4400
10619
7119
15217
5036
989
236
4527
9499
20716
8160
6727
4377
10002
92
3293
11086
7259
37514
51087
31250
41
512
164
781
37
1241
512
164
86
6166
1301
371
281
701
737
9791
5652
14191
8280
3208
467
299
17252
10643
161
1004
10238
712
13777
1004
626
521
378
1097
779
557
353
293
530
974
434
2286
5298
1459
4095
431
10962
1110
829
893
732
20337
785
104
38
1038
915
305
41
6702
686
1419
6691
9865
29485
527
620
62
755
159
485
200
11
6768
1340
968
689
209
173
56
21045
902
593
16745
165073
69339
193483
81668
588
8371
884
734
482
437
119599
1829
11028
8664
800
18657
185
743
395
1076
1321
222506
719
8684
64397
791
563
305
2159
1330
677
5058
650
722
16942
53225
527
758
7854
17980
653
56
87522
26785
37072
1193
995
700
8088
674
527
47
808
452
569
17512
347375
60283
4102
651
2444
1618
182
31435
252430
10464
6596
65204
533
1349
533
34138
2390
428
47
63751
20398
524
137
35
14948
6078
689
665
848
848
581
218
20108
692
341288
12101
26396
41
77
8647
1265
509
1202
407
380
34055
680
992
398
530
173
21820
353
44
26
212
86782
245657
68598
62856
1340
587
28
100911
774
351
19280
2260
92
497
680
259425
1544
737
990
656
191
410
103394
90476
6342
1184
734
1292
866
404
59452
17459
65444
749
974
2672
1613
1031
743
626
473
155
146
142
104
68
418979
10201
289321
388093
5337
722
8689
41752
770
293
4247
7267
835
737
428
302
405
956
524
182
77278
1489
98
69137
4792
827
92581
571
728
521
12901
14662
737
147502
30594
842
1139
1139
872
698
320
770
36487
503
95
872
389
25668
1005
345309
347
110118
533
449
422
389
14
61009
10993
1007
83
686
56076
797
746
119
551
539
380
17961
600
710
5337
785
611
239
680
35
42631
857
611
492
230
35
14
78259
5797
2749
13520
3694
5025
542
7775
536
877
8501
1007
992
1725
9091
1493
1477
2919
12591
758
866
741
4102
520
1316
692
680
2087
351
758
44134
235688
11714
7851
236
7420
1202
980
605
527
59
742
14432
10405
848
19504
780
1395
384
326
9633
875
1377
1219
156120
13137
230264
101763
596
5723
7698
818
893
491
19736
6045
536
254
221
464
611
605
1384
25833
1005
2276
147
8062
1826
18339
1924
407
230
31444
45431
3090
11800
3909
7183
619
23844
14133
1492
866
785
68
53327
764
75
674
9794
326
18846
737
15236
9226
1481
593
817
317
15132
767
4085
746
624
13985
3466
68
5215
997
2910
10381
7141
77
56
19563
611
6338
5874
18365
4165
1997
2402
12625
4251
6787
16250
2870
35
2030
6688
6761
4061
353
3503
1485
28659
12802
1442
764
752
10471
4851
4450
104
1764
13227
956
2115
7214
5691
7084
3040
5349
10533
6762
7588
2189
5663
4922
452
632
8215
21675
314
2171
65406
21541
6669
3354
898
17290
20300
1908
17228
1241
74
26
3788
41
92155
8369
2136
8595
18130
55571
188
11361
15292
7769
140
4574
7698
3801
6335
63268
13171
3971
2017
8531
9774
6418
1241
74
35
56
9155
11646
2884
16910
3058
5602
7578
27625
71
20462
11922
44855
5822
1763
1196
1169
1190
10861
4377
1235
27838
10805
7891
4711
1743
3187
368
743
237773
7010
5932
41
634
1394
3071
293
200
213
14191
4669
4852
17167
13687
7944
3374
635
182
51478
76087
4343
1605
12092
832
1247
2173
7012
380
822
12515
302
262
128
5202
1754
7493
1148
1145
611
4357
4598
538
13751
5363
8462
188
83
2679
191
365
3888
2172
3629
3714
2587
2509
2082
4268
8341
179
239
128
172
3200
11751
1923
5800
186
8734
6581
2536
1449
5215
2703
2336
1472
3148
6782
46
4634
3678
1736
2219
2887
3895
4113
4851
4334
1163
5709
5861
3221
6456
19452
2077
1701
2483
3743
1963
5543
47
785
27058
7064
3870
11587
7365
50
6779
6812
1819
3000
2417
4704
1355
149
14021
971
34390
29
1336
956
12090
8772
1542
1918
8015
763
41
20398
9709
2611
7594
939
131
8036
3728
2516
469
12005
14566
5957
671
743
787
14119
11830
5201
2385
1613
4714
12767
26494
10669
19289
33970
8429
8889
2404
1496
32
2216
4508
182
25737
5279
10058
8788
33355
4093
17922
1543
38
35
6062
7054
2811
356
1536
368
644
407
20
16434
881
7067
1428
7330
1673
1038
2748
1062
6526
7920
3774
2801
9287
2873
6855
54318
17163
17578
10958
4170
1577
1310
11137
1260
1545
20677
104
50
143
1745
33537
6941
12624
6617
2478
1975
101
1214
2445
4795
1854
7989
10839
13650
9056
3921
3939
6136
99777
33012
89139
3031
8163
2395
3167
47
2517
17710
16677
14087
14121
33677
3602
752
773
30031
8043
7035
313
5088
39081
1636
1211
21452
4620
16563
18571
12064
5565
1825
1496
1604
8979
227
21006
1130
3652
10271
15113
7630
8024
788
6262
105767
2781
2419
2803
9433
13110
9974
10564
2066
2574
2347
4926
653
1404
2458
3131
761
5417
4711
785
8688
3030
1709
2886
1179
5807
7612
2587
995
2210
1508
2201
20
7719
8970
2483
1693
3505
4198
9716
1929
14354
71
8
8347
4862
10138
289
8088
5403
4945
369
10187
1826
8075
7765
16116
4337
14347
1849
5373
4739
8384
10149
3766
1487
26644
14865
14974
1176
1701
5342
2586
3255
1877
2141
624
8275
1334
44
1585
1045
4127
2706
2160
3136
4035
12878
1801
1044
4921
1914
4243
5369
68
5000
1457
2251
5985
74
38
1890
16265
1363
389
4208
1349
3013
226
44
35
4495
2369
3047
95
1923
4272
11749
175
6646
2013
239
4928
68
9330
8379
381
9599
16089
2808
2346
432
3478
2535
3199
1028
13147
74
4818
3618
3631
3323
5423
4523
2589
1642
2088
1676
2922
9986
1694
1412
2342
929
62
3507
2722
5577
1971
3536
203
3897
5831
3893
7261
17386
703
8792
2871
1372
5613
1493
598
4713
3098
215
7909
20
2238
843
2211
21983
314
1561
6419
4460
9297
1833
4238
3159
8285
1157
4177
3849
727
711
656
6227
5025
21997
1793
9155
14056
1494
4987
53
982
4262
3383
16440
7967
3703
7599
8
2154
19963
5414
1418
10966
1356
1292
3339
38
13128
10600
4048
7692
8753
400
3406
6536
1940
1657
14680
6053
9835
38
13768
5127
41
1142
3551
11066
1556
7621
5342
1546
5646
5049
24918
77
4771
3841
3718
32
3440
2837
89
56
7332
4169
706
1734
2239
4698
4191
824
4807
5763
1309
80
38
6198
33130
4869
1189
2173
6090
8753
2753
1088
5814
473
6743
1354
97
8218
3799
5932
5300
1937
3066
1580
2129
1776
40
2802
301
539
1144
29
5318
33
536
3854
5583
3126
1424
1569
1569
1698
2428
488
11782
7316
17457
2618
6896
20093
1112
825
2885
3323
4112
19410
911
312
12166
5340
701
6948
1232
2584
12800
2020
1064
1006
791
3259
3432
4938
3313
1652
407
10560
32
26
362
5400
6253
5049
6878
11470
7705
1660
2358
35
1559
6944
14923
5706
3222
8820
8216
9255
9660
2831
1336
6048
11031
4900
6143
2259
5954
1302
1786
12624
4125
1506
13334
4704
5977
6292
16092
3473
65
1332
3166
4466
1759
2127
1472
1204
6989
9703
4586
13548
714
131
7602
612
4614
4159
5237
11943
5799
2022
3141
6861
3741
7346
1669
621
4024
1736
7749
14040
1287
1649
215
1574
1933
2221
50
4277
5431
1232
3068
146
1237
17519
1489
38
8184
938
3846
4049
504
11
5873
205
5203
2625
4278
3922
12928
8744
1049
1070
2458
4189
2811
2267
2225
3277
6837
870
12455
5122
5245
15247
478
1893
6026
117
2892
2685
302
2190
6743
2246
1868
1040
4293
1578
2092
4674
3476
2325
992
68
59
6906
6366
6208
3573
15100
992
875
2149
15063
3044
12330
24834
2422
2260
4799
3242
4244
2015
9718
5881
4578
260
15738
12711
3162
4755
5509
10983
1984
77
53
29
503
5221
30
4718
1423
1556
1509
877
8618
6467
1619
4705
2968
343
2883
1323
24437
3990
6515
29
26
26
752
11514
4021
20489
2520
4441
1764
20
521
1010
671
2279
608
4312
4039
7838
2524
4952
3812
3733
7885
398
3367
6339
3097
38
65
29
27
2267
1995
7263
2928
2227
6245
5307
1330
1614
4689
9428
935
8974
7549
722
9971
2241
2766
5400
875
22168
6090
2983
2392
3719
3213
3952
1535
5314
1676
2341
2434
1414
12064
239
1959
14917
10694
14498
1017
32960
5919
8819
11972
1291
9565
2149
26
638
5496
2696
1478
12706
5832
2131
1099
3939
12834
2587
17
2506
6006
2770
1878
11061
2967
7536
2307
3585
9547
26
884
5427
2915
3077
711
2477
2737
3881
16509
3149
1215
2668
5143
768
4456
4399
21189
7722
12932
107
8575
5864
4516
7632
1199
50
2490
716
536
816
4527
2074
2891
5821
1050
11845
6961
3609
1989
956
13714
4403
86
1535
2277
1315
7999
1718
41
4186
3952
4607
329
53
44
35
29
5722
33417
1356
2129
2367
4600
3018
1829
778
1371
2804
12466
4822
2103
3052
3215
2172
3993
446
41
2329
2949
2501
2466
311
3818
3289
153
8598
407
8376
20962
848
2226
72
446
2897
2623
11665
6343
1266
571
19670
3305
26531
15952
153
5637
752
5450
2789
2307
1650
77
2861
7135
4334
1266
2768
2992
16483
7860
3948
476
15321
394
1117
1569
2364
13220
11930
7352
33552
284
497
3231
707
2580
1728
3233
584
147
716
702
161
1058
108
2387
478
1379
766
478
2006
3465
37
41
1241
230
186
50
17174
2586
623
176
11058
9651
2814
3731
275
173
108
62
28
16943
65
9211
9817
24221
13560
2771
6435
1585
3664
14186
62
35
4542
6247
4528
6530
11728
1249
10098
16574
12519
3810
5907
1977
2261
664
18983
68363
4717
10280
2955
4784
5932
7122
15014
23548
24878
8169
11148
1573
2746
539
746
2566
5801
16197
714
86
3377
1893
4230
4793
23446
10754
10470
6695
13690
1334
215
2153
1143
3710
3614
3230
12012
23
5830
6395
8642
9818
1466
30859
1545
1707
1567
44
4666
2735
4740
35
3296
680
6246
2629
2145
3170
5305
29
1475
6209
4907
32
23
2362
993
1210
56
32
9285
1604
41
26
807
405
1112
8846
275
13224
38
28
2208
815
10595
5865
12655
8023
1286
6436
796
4617
14831
8338
4771
1121
2225
8086
691
1666
2535
13213
29
5280
3274
1314
7721
3093
3067
1282
57
12804
3024
8915
2384
5478
65
27349
3578
422
6978
11427
3439
1266
4431
4444
2910
2817
4954
4646
2987
842
1269
864
1667
230
3591
125
59
1407
9964
14006
618
902
398
710
473
1004
383
1145
117
87
7053
1001
215
41
853
1520
506
12129
50
3950
1103
9650
794
11789
16727
419
22091
14905
1346
5059
6006
6223
91377
14568
1376
93251
12013
2025
252
3570
1105
16138
9650
25381
2738
7064
11200
459
15192
2111
128
1061
4204
9954
18648
11156
2622
3771
3091
1436
5943
1549
19756
1268
2902
6520
44476
23983
11448
5006
23
4277
71
41
4759
925
4020
4691
3244
133
5743
19697
12755
815
53
3730
635
1112
37
467
1241
722
1293
242
1088
6341
916
21414
1330
7877
3270
16533
11121
1229
5477
3150
1683
47
16329
710
2729
14166
62
2875
26
4963
5941
1022
41
863
314
314
20915
1748
4626
1754
3055
4815
59
221
2724
10559
5917
9383
143
10222
1163
18129
15161
892
6018
2507
2806
4073
5081
3226
47
8720
12396
3772
6747
2026
1835
2129
6345
3587
23
5320
1097
14649
8238
1104
8326
12324
1961
3521
1115
2840
6030
80
56
1124
1082
1230
3406
1068
5412
1696
8698
785
4456
8934
9825
47
44
5
8419
16000
5184
1055
3110
24400
16073
30817
2522
2259
16283
5520
4817
152
92
68
11866
9087
2088
14108
30495
418
7006
1510
18947
8583
22183
6641
2272
7063
2096
10044
38
3103
15794
10850
71
7415
15165
176
8301
15348
6848
7794
3994
458
51
6721
3946
4512
51283
10237
86
6090
6862
10551
47
7714
10704
4756
26801
21273
78
15710
181
12003
11832
7755
12148
10618
901
5977
21823
3418
8045
2855
2987
39515
2668
5964
7106
5480
340
805
27175
40
6486
9761
4999
6798
1670
11030
3185
47
213
10421
10526
5571
2473
87585
19384
16157
6621
10834
28633
19542
9891
4312
4616
5809
5614
4649
21973
10426
647
44
4074
24167
11792
287
9902
7638
1683
7000
38
3763
9662
12048
1727
22649
1415
5082
6502
9012
11131
16614
5145
8754
45
85
2763
23
4550
447
6117
16566
20815
4673
1320
23173
9208
22869
3974
10303
8572
9695
19234
23
4705
295
2414
1837
4947
7855
1187
1127
29
2009
9351
1668
17716
3250
110
10197
14010
11465
13801
5732
318
35
7922
5714
748
5419
3322
6273
3964
11188
20904
7533
86
51
8513
5610
3571
25108
10622
31200
7547
6743
53
1385
2028
15863
1072
1841
1242
5928
5307
995
1372
13312
2380
17602
18022
5086
12754
26
1399
21686
1737
4045
50686
77
84662
14220
13713
34054
8733
9194
336
5665
16177
3568
9562
7284
14069
7445
314
35726
770
17227
10776
15503
413
3601
3604
2406
3667
2430
3604
10983
18124
10786
76852
113
2717
14908
53
2768
12933
4284
16886
9812
53398
21133
11317
10267
146
77
764
59
507
25013
64494
4316
1043
20483
1280
8757
11816
11826
5406
323
2159
290
10036
67
38
2378
9508
5
35
29
2489
12325
546
11075
1007
59
35
32
2671
359
962
2131
1630
12544
2870
21023
6415
314
140
4131
2122
5957
10478
3480
4406
173
8858
11473
95
32108
3241
12892
4085
4513
6698
8443
11521
4008
1205
3947
168
12797
553
587
3961
749
1811
3868
3962
11106
1517
5209
193
3887
743
1468
2911
1625
38
2044
2563
1107
4863
11346
2498
1319
3351
244
3674
2945
30
15108
2460
7906
9048
6058
1562
899
2162
1210
7094
29
1003
389
7483
2975
884
995
19936
11
2684
35
9543
1651
1474
4061
3275
32
29
6452
3460
6792
5364
1300
4045
6181
2217
9156
3971
608
17
19393
2038
1310
1433
4756
3796
116
334
3235
2187
5701
8406
2430
7546
2472
57
5060
1310
2922
3081
2262
9118
5415
893
6432
6538
104
59
47
41
1649
1690
1828
278
2339
5103
2515
1196
943
5787
9612
6174
1954
6492
1725
5644
2831
3664
7693
157
4154
5724
517
1861
1521
2643
4902
6558
8148
1639
50
23094
1547
86
80
32
29
56
3579
835
2255
6138
4187
1448
11815
4540
17
6230
35
3621
8841
23
1075
4614
2803
3197
2568
859
660
5522
4970
16050
8587
1100
1653
752
958
1799
5328
6888
6957
1581
2845
65
11859
57
64
106
1934
5469
1098
892
9525
1789
2035
3308
968
9336
80
3366
116
3085
2900
2062
4031
2408
4983
1570
980
2416
5766
4239
4814
3978
4074
3915
2643
2315
2155
1513
1939
2296
1482
1931
8651
710
3218
773
779
875
5104
4184
6136
2702
789
3320
6659
8078
16768
2670
1619
966
4093
2646
3112
5369
986
7173
608
4209
158
744
2298
775
12501
176
74
224
158
3709
2131
2641
3698
2368
1369
11111
805
2600
4126
15627
3134
8100
3671
1128
2952
185
2163
2287
794
318
3373
9145
1648
98
41
38
518
5135
10656
12918
2273
778
2898
3171
2349
3940
2627
4350
10407
12761
2226
3964
3147
2603
6219
1398
12828
3026
2270
1327
1002
1785
2603
2155
411
3044
6256
3355
655
2453
6600
30600
1958
32
5583
10183
947
15950
980
18906
101
68
4298
11
7647
670
1817
3572
9326
3576
4086
453
4736
480
7818
1108
25470
3848
4960
7446
3391
3386
242
4260
2218
574
14271
66
6434
1348
7249
2566
4708
2398
2180
41
4023
1944
4462
674
5865
2766
626
7586
1401
2134
10066
5058
160
14645
3440
2975
8446
4522
7690
2630
597
175
10221
3912
797
513
5191
7559
12964
16974
791
572
6505
3355
7553
12884
1996
11362
4513
2705
9853
3277
1259
1313
5620
1856
3062
10000
3144
3803
1982
73
2941
1839
5094
27
6067
15255
10629
22904
1351
4502
2100
5438
3067
14113
4164
9276
16200
1433
3763
7842
1045
1718
4594
3485
10830
3338
2963
8452
3188
4772
4838
1794
10477
2497
59
8
5442
81
8115
671
1907
726
4398
1561
29312
1145
32
2521
1655
2012
935
4578
1401
3613
9835
9991
44
3190
775
2573
7659
809
2080
2008
1677
600
412
12066
6208
1428
1134
266
3427
2727
15158
433
774
1121
968
4271
1028
1296
6271
1397
5291
812
3741
407
6911
1463
4997
1965
3355
5430
14242
6814
4312
9618
1936
3468
2216
19840
4178
516
4586
12251
5732
821
1165
1403
5738
219
1030
5854
4050
17440
12044
8383
618
645
9406
2735
8797
3552
239
2819
1428
7199
1746
871
7255
1983
10772
3730
3574
13231
8
12184
17305
4821
2196
3441
4850
8668
776
1616
5980
2210
5143
2429
4318
3617
4186
296
5551
776
4311
944
2110
2451
6544
6243
3240
524
287
2590
6177
1734
2433
2830
8430
874
502
2610
98
236
1464
6488
2285
9620
4601
2022
2028
1778
1065
80
3255
10879
2333
4479
2385
2522
68
44
2522
6320
5903
2177
2099
10050
3131
5133
2220
1574
14261
8369
988
2319
4247
9969
9523
3100
11933
1773
3356
4692
1466
4361
7921
2237
8562
1771
2521
1467
1500
3238
4489
1295
1087
1547
16659
1834
4023
3288
12330
4165
1730
3159
5288
4893
4648
6164
4925
12729
4351
5638
4269
2561
2101
4094
3634
3563
2700
3861
3578
6567
5389
1099
2036
2722
1133
2968
5276
109
95
44
18393
10030
6282
74
44
1432
5019
6110
14782
2295
2083
1619
2199
1382
452
74
68
41
35
7998
1795
14964
1497
2701
21525
558
5455
6481
1427
419
40
5351
1613
2049
15420
4618
2971
1861
4426
1369
3373
9079
608
2108
282
2487
3685
23
2832
4216
1899
7895
872
1761
41
2303
2935
1216
1142
1151
7076
316
3650
5820
1533
119
2634
1368
2119
2764
1859
10897
3926
12746
545
521
26
6626
2919
185
4509
3422
2369
4488
6051
9427
2171
3207
2126
16974
2643
45
2036
3564
5895
1683
23
1344
7926
7693
6340
1241
1283
1871
269
5638
1592
4661
1544
5813
2369
1531
3495
3554
1265
4281
1872
7503
23
44
3917
4286
2177
1964
1412
2767
9000
2685
2093
3120
5382
5020
41
35
684
2124
11247
475
4757
3029
2562
38
1199
4204
2873
6220
5611
2573
1621
2345
986
12036
1056
74
59
1091
4817
1941
1425
12433
8915
233
1377
409
2289
4665
1814
2451
4595
215
8945
12482
7837
2124
3836
4230
2268
3044
3000
1926
674
4715
506
8520
3579
7822
11249
2256
1280
7584
31834
6808
8298
976
1385
8212
5877
4961
4642
3140
6143
2867
41
1008
7407
880
4367
11663
2106
500
71
75
53
209
1233
1357
1120
2410
3607
2123
3040
2188
1366
3142
7266
38
5686
8619
1294
1936
33029
170097
5033
5276
47
23
1310
3484
737
5657
1581
1583
35
2510
1842
12103
1169
551
1913
5012
23
386
16913
1124
4805
10321
422
4441
5354
2364
4358
6781
28718
5193
15024
6497
5387
8272
3571
4178
1490
18319
1656
1604
3819
33470
9231
1231
2927
26
11312
159
27
3044
943
6971
6265
4577
950
9785
4228
8422
723
3498
20217
5180
47
20
12723
6303
4538
2369
22829
710
242
11957
16809
1844
6753
21303
15291
3248
1017
3864
16126
9762
48
20689
35
12967
17
6624
1318
36811
38
1646
74497
2950
1821
2466
2613
15106
2913
3478
1711
668
10176
3953
9615
26116
5238
114622
25482
26237
44511
8835
2797
18676
9580
257
10155
4428
64144
12031
995
44
3132
1154
3307
4959
1862
9258
6917
709
9454
1144
1720
66
6415
2683
11681
16255
29
23
12546
1061
11813
1808
3124
3561
12583
4887
3651
7144
7188
11164
2606
16497
6564
419
17
1382
684
1029
59
20099
12288
2143
8744
5117
1487
3155
4394
2306
8813
19657
50
4260
985
8101
44
487
4812
4889
9087
10990
1699
994
2227
902
41
29
9779
3573
4875
8561
770
1837
49242
469
2846
4056
2266
318
6456
9360
8703
2045
224
14133
1925
8332
28365
22980
746
659
6785
12126
789
5671
823
3163
8038
11430
21787
29
367
711
5623
1359
6986
4310
7480
7286
634
6794
1431
251
4382
1098
2961
2369
6967
3575
8086
1292
3293
1894
1727
1865
3543
12541
2463
1788
960
3632
7361
7071
3710
6209
2641
1250
3590
4868
1723
7894
1454
3626
5898
2161
5430
2268
2629
1761
4355
4027
2272
7525
12162
6527
6730
4052
4722
567
3754
18408
8047
12749
3101
9047
14412
179
29793
317
2737
4329
18273
4782
6218
869
3270
1514
952
499
47
3064
788
1741
4356
1623
239
13471
1748
1413
11869
35
4952
1370
4624
4079
4107
2091
4359
26
3704
9026
25
1208
3592
1336
1652
1379
1871
14574
2786
1863
5670
5146
4669
2841
1133
4125
872
1282
639
47
6902
9590
3464
20998
5459
1937
638
2221
1324
4580
379
3139
5424
2984
1205
569
86
3677
636
10369
1358
1367
305
4719
1186
6425
952
4272
1413
1117
1481
2946
4672
2348
9536
65
4018
3536
1511
1319
2371
3303
1605
1720
4489
4751
3307
2866
2718
7532
16270
1078
4071
4629
1376
1277
2536
565
8379
2962
6586
1307
8539
2610
11124
913
6646
7065
2738
8605
15140
1508
41
3141
20
3285
10551
29
2005
5980
4298
854
3104
2382
31
5723
17295
4125
11593
7680
80
4346
7199
973
3679
7266
9223
3356
25793
2214
1469
9662
1025
7553
901
2199
4253
1232
1538
167
7598
6860
2066
11770
12278
7786
1669
3231
1070
2397
1273
2752
7829
1765
4190
4583
1778
3244
1705
4372
7047
1671
959
4658
1004
2009
3830
2116
814
1690
3331
53
13781
10672
9187
2001
1622
374
104
2547
1959
659
325
2737
4923
5478
2900
2903
662
8969
299
1010
2054
11456
251
3518
14923
2120
2518
1967
17
1442
1157
948
794
3409
4370
9063
7554
2608
44
3914
1064
92
28818
17319
24102
4546
8159
14474
302
3935
134
25349
2461
11412
5077
2783
20887
2518
1470
3972
1262
3688
26
19449
35
1114
35
4043
5383
26
5
1320
1971
1752
1118
5567
299
17871
305
305
305
251
305
305
50
296
272
302
302
305
305
10954
182
4156
1251
2219
11392
7608
7236
15105
47
5393
10203
728
785
3241
4953
2973
1469
3056
1004
3589
1647
1853
8981
1409
25881
4459
1823
10132
1280
2206
59
3947
3256
128
3731
5293
6055
478
17846
62119
2846
2840
5553
812
5161
4260
1814
5897
10102
8981
56
482
83
10746
958
6133
16330
2335
232
131
11772
21839
387
372
1223
3188
1724
10184
1082
32
134813
2756
1736
3571
2731
13727
10771
16301
29261
7520
18790
17499
15808
749
10213
517
806
16418
248
232
139
122
167
3163
11906
446
53
1436
1814
20
1155
398
2127
626
8260
7796
989
3888
272
44
1474
104
137
1559
5045
9890
3187
367
1086
6959
5954
1140
3263
5323
26
19688
5403
3676
1613
4993
8376
857
16095
25952
47
3371
3287
299
8628
5093
31913
11793
269
2519
2490
9911
1258
3330
8045
4856
10740
855
3543
9880
272
2258
2296
50
217
1632
4859
10879
7385
10567
6214
4872
3500
11810
6544
104
65
948
6703
5041
2456
5184
953
1560
3888
1595
6198
871
2558
3416
9784
4795
4055
12382
12620
9966
2890
19479
4248
1214
9643
8577
11426
3778
1811
38
815
3580
2499
2096
1879
3700
982
656
12543
1229
2481
3648
5941
3210
1472
17125
107
3679
5491
9984
4428
14163
2888
1691
4005
1057
1409
50
29
11
8314
1244
1220
1280
4564
6578
2523
465
5151
6772
3827
4117
511
4817
1234
371
3674
10731
5989
404
3101
2166
672
37
2523
6758
11748
6039
3062
7905
2068
478
1378
2448
10296
4557
566
14152
4085
2584
1244
17446
3853
7888
769
4878
5804
4167
7339
4918
561
326
11982
4153
6015
2543
3831
15969
947
3699
3289
2666
3998
12806
1706
1124
2149
578
6144
2828
1259
7555
1465
2372
1178
5538
6340
5355
1584
1659
8465
4582
8757
6596
1505
1951
1716
2821
3321
2897
6663
1787
4118
20825
10037
12236
4162
3316
1979
4200
305
104
38
1044
6543
1313
14
1780
3419
9499
6481
7455
62
41
26
3502
4199
2495
8833
8156
7765
1923
3927
3378
5285
11
2120
1376
2340
14841
2289
3024
125
15343
1843
6280
5514
3859
3242
27997
1154
17940
1484
12353
44
7564
19226
380
7214
2881
4944
8089
760
710
282
17407
2013
2188
5535
11254
4617
7133
3752
3280
2885
2263
2585
1399
2941
7237
10565
1122
2461
796
3356
5081
2192
1388
1527
3338
4798
8442
2041
2680
7190
6791
3533
3889
3443
1755
1563
6209
6688
8429
2782
530
1491
3820
2201
7935
3545
1593
1036
4467
13752
3077
459
1767
4510
6343
2227
386
5781
1373
2496
9041
1274
1237
2198
4145
2148
4463
74
9180
3184
5556
4230
1682
4089
6765
651
2803
1223
5448
6816
2310
38
944
11578
2096
10149
2299
1115
20167
3196
4486
874
1976
2294
1512
2247
71
3128
6479
2234
5748
2136
5737
274
1921
6982
4312
5261
7174
92
797
2007
407
8242
2881
1312
1382
11602
693
104
23
9223
59
3766
18051
1072
9138
9604
2021
35
3787
4195
1251
2557
2125
194
772
311
849
3065
4454
532
11570
30
492
8888
1221
2356
788
11312
8915
1697
23037
1475
42
3350
13442
2369
806
2680
2624
690
1677
4708
869
3239
574
1587
296
2942
920
13745
911
1664
719
7496
209
638
2932
2522
32
1359
1431
4668
4282
10456
9364
5390
3205
6611
263
2040
1487
1596
8186
2589
4421
2871
1010
3974
35
4714
4598
4673
1846
17
8
2757
5327
16558
6462
1639
1285
38
23278
2415
2948
40
2826
1764
5861
2072
3002
927
4536
1667
6053
10609
952
3874
1043
8973
43
2726
29
1268
691
5125
954
1741
1746
3313
4917
1301
68
6876
4855
6544
4502
182
824
2020
1228
1460
1584
2460
788
1335
837
6327
4833
3443
6304
4636
5606
5060
5818
9771
7786
26
3559
2377
3155
821
1351
19
3382
851
1774
3664
13944
4112
1457
25637
1829
427
1028
1392
3050
833
2657
2141
302
41
1286
3209
1002
3014
7143
1280
2879
2321
8740
4320
1380
1770
2479
2333
7203
5563
1774
2082
1985
8515
4842
2663
2766
1492
12521
5196
10333
7941
473
11935
2316
5595
191
4551
4557
3327
2322
6740
1071
2688
3868
8669
6516
6581
3560
18358
2027
2479
1613
300
3127
2705
7065
191
8350
89
5355
950
1934
2305
3084
3047
1566
1735
8247
611
1098
2685
5442
281
1181
1376
4962
3877
1988
1235
50
3144
825
1564
2410
1086
234
5998
2210
2239
1886
8523
1490
5308
50
755
21593
4577
2535
1465
3530
2038
1988
6034
2124
501
1928
734
95
41
4395
197
5933
47
4452
2075
10210
296
3169
1482
7212
2160
8260
2852
8931
2223
2171
4050
4774
949
26
2921
5410
1629
2769
6240
16114
880
5236
2070
2735
3385
5188
2184
857
6565
5050
5286
677
2880
2156
8962
2907
9804
8208
5408
10363
32
1182
3438
919
590
1413
3106
3926
17253
3757
1570
1977
5691
1322
3965
1120
17998
4153
4586
41
4332
6123
3673
1694
1822
1871
1095
2466
1559
4930
3284
1040
5488
887
11831
703
1877
4042
10673
3675
4439
4375
485
1108
3716
3698
4325
4685
3391
4368
1442
13860
272
820
14627
4842
1636
1593
2793
5894
3983
3489
11878
449
6281
98
47
41
41
446
7098
2712
4943
11999
4110
2116
2204
5255
2359
1499
731
6432
1895
3822
26
5646
9240
5756
4723
4523
1319
23
3200
1317
705
5114
5059
26
38
6131
1699
44
101
2402
3043
4804
8441
2643
145
65
65
59
11
5014
500
699
5472
148
10735
6548
6487
2682
5367
6857
4399
1902
1391
5111
4614
95
50
29
23
6594
115
1300
2723
785
4264
3295
4579
1139
2045
2854
846
6434
3104
1038
1067
749
404
19
2824
2167
4941
668
1473
371
50
2410
6253
6165
3692
5797
2327
10683
777
1286
3890
1788
1881
959
1117
2835
794
6737
5796
5140
2051
4651
3047
620
7883
2130
5744
64
2038
2439
45
1566
1375
7481
50
125
563
11750
1617
1844
2919
35
35
10199
10885
2994
2398
10536
47620
11976
2089
7912
7121
4420
6635
5494
80
19743
9386
1795
1470
11812
12390
1673
1110
4213
3712
24238
1445
866
130370
5235
2213
5187
995
5467
8952
302
6907
808
60364
1113
4896
5307
944
35903
3723
6911
6188
1300
2790
59
1397
939
6039
92
3836
11738
5222
3452
1030
19092
12294
7168
5710
6306
41
6346
9311
758
5405
3292
13056
19056
927
9967
1177
3442
2280
146
1245
4915
1861
987
2271
6488
68
9499
13278
10038
59
59
5453
5799
4519
5998
27765
7209
13254
4903
7596
1670
1474
702
1690
2986
7231
200
1996
993
1773
32
5
6806
16922
53
8
9481
5583
826
1577
17
1577
1314
1820
1672
2420
2129
983
10968
5810
4286
9646
2336
1658
1881
12160
7700
7516
92
6093
3687
965
1426
1397
1101
6965
1262
2042
3401
2439
2120
8504
1530
3584
10822
255
86
793
5671
23
7994
3903
3957
2221
20269
35
2349
2266
4193
1223
11251
8278
3444
1625
4095
4373
4153
7206
3268
17650
3916
20537
3765
2486
7394
1430
111
69
1199
1160
875
3574
1465
3021
3879
2277
1109
83
1474
13115
7019
34
7894
2018
1034
3447
10043
1274
1375
6411
2250
6107
3971
3719
6370
2783
16842
7322
3299
2865
1155
536
5446
8764
4242
618
2034
3274
7369
1152
419
6760
8287
218
32
3981
6704
10015
26
2904
4488
1232
4304
1715
8115
4656
113
17
6064
3061
907
2595
2495
2078
4281
8102
9113
8396
215
2531
200
14678
6734
4731
3971
7735
5677
7812
4315
7663
1005
1743
9741
482
3435
2012
19905
41
6181
2624
298
10278
3129
3825
10720
7763
1769
1293
2285
5274
5566
6807
761
4824
2824
992
2346
8748
5123
6662
4425
5654
1593
1428
16768
951
993
2344
5429
13869
2094
2049
74
1701
5541
2130
7240
3388
790
3088
1085
2915
3199
1479
23202
2613
1910
7710
2384
4838
3144
7961
11406
977
1902
3636
458
38
4044
1410
323
4607
4124
902
5814
1086
4168
1196
1229
702
2346
50
2494
406
299
1524
34
50
3356
1673
1203
1592
1559
7000
2168
1999
640
200
59
652
1941
1664
3743
3358
2176
1141
2994
2421
1329
2747
7219
1187
743
19492
714
3252
1760
1252
3106
5189
20
1265
10553
3188
8608
53
4783
3528
2635
6156
638
762
20
78
3673
2875
3327
1212
225
5944
6451
2339
368
1547
4886
884
2232
2555
21910
50
41
107
183
1989
875
8103
4710
578
3028
44
911
965
4812
5342
7830
299
328
7127
8035
6029
1760
1076
6239
1515
2951
13591
1280
50
2511
20
7613
5305
7354
2472
2458
972
2352
4954
5309
2252
1006
7825
1122
33
12363
7429
740
990
1216
10072
38
5690
347
24032
12535
1035
374
3864
1123
3020
7183
23297
2105
10018
14482
1115
2922
1287
9839
1857
10960
1480
230
11908
2989
1688
3291
3082
27253
16314
9423
1202
1840
2458
2366
9355
1679
71
15762
9261
89
9356
7616
2515
4310
704
559
44
10898
1368
9686
2978
903
3640
1552
3476
1509
2570
10718
2422
1457
3425
16223
4661
9431
1208
3158
4343
1550
2701
713
4852
7188
6376
1660
14327
893
1166
10454
2281
2035
19875
2726
41179
26
2595
4730
716
6263
158
3185
14118
2147
1434
3633
3351
341
35
7606
20280
34677
6976
6345
36194
7320
3520
3293
5037
5146
41
3813
4121
590
7903
74
17
7534
12856
698
53
7399
9779
9084
2696
651
2610
1841
1617
674
2183
8326
6390
8056
9045
7511
159
1616
8624
3771
5929
16596
1993
104
683
3943
3121
360
3640
6019
171
32928
3022
613
6317
241
3930
866
698
3311
4535
1617
9186
2556
38
500
2299
1005
4284
4216
2986
800
709
1185
18090
710
1876
2968
1150
51
1164
4667
2327
2873
5697
2464
854
6497
3878
1445
74
1883
410
7945
1681
13536
4622
2032
5001
1286
2502
956
65
2697
854
2998
3065
299
191
969
71
2855
3596
4751
14864
2183
50
44
1518
10691
2400
1165
8612
3590
7279
3883
9123
3152
29126
1800
4390
25540
1991
11455
13979
905
4482
11559
170
5442
11079
8401
3506
5715
854
615
1091
9374
1609
2137
4716
2671
37
4349
4132
32862
1652
15200
15884
9720
212
22890
5681
4090
2851
2484
17268
6502
6439
1030
4195
11252
7180
6790
9619
8740
293
266
5078
7371
5692
41136
3573
25961
22725
7595
5201
5791
185
17
14
1667
30061
25032
11125
13810
128613
10989
3634
8001
24995
5926
7234
2830
10566
3075
4559
14523
15865
1569
13043
23847
3874
2490
1499
2256
3448
6789
1168
20536
3746
3363
50
5797
5479
7471
31887
1403
9465
1307
3248
2940
9460
11854
63
32
2371
7162
5816
22006
6572
1851
1926
12200
1738
5420
18455
1767
6885
1772
20703
1614
13784
16626
13557
314
2574
5361
13039
3932
3966
50
52
1567
17
3791
2408
2114
9692
1993
2195
170
116
92
44
5465
624
8706
18
36
10763
49
3112
4428
4332
4277
39
1288
1565
9328
1860
2624
3901
5204
4436
4172
948
6881
5896
5431
898
7017
1937
3613
4372
914
2384
2675
3210
2681
1412
288
1240
3339
1116
827
1505
2086
3892
3969
6378
4644
2356
652
5560
2987
1631
2561
1348
1449
1920
2791
4882
5398
883
1165
1424
41
4661
360
6335
2033
3956
5841
10139
35
416
10071
1004
659
2275
5176
505
1391
9959
877
4934
11354
3251
16146
418
3352
2873
7508
4624
458
2324
845
32
6431
14232
2628
14899
1650
50
1077
2263
17272
1830
2167
1025
980
2734
8592
22489
3488
4651
7453
8031
1153
8983
15686
2267
1434
2209
9838
12765
38
4079
5068
2029
2055
944
6907
6869
5660
1210
2936
1678
3164
1133
17
9825
1665
1470
5933
4964
2498
1703
2231
3403
4806
2237
35
2222
3088
3805
2413
3904
4541
1589
14414
8582
5074
7016
617
2377
1313
6501
4067
8548
1296
559
1145
2213
851
8703
576
546
1783
613
7104
4134
476
1201
1096
1596
413
2427
5179
2913
2245
2531
3848
2902
4401
3270
10645
139
189
5744
15498
17605
522
16118
4718
742
1448
2888
968
6913
866
3793
802
1016
1740
1876
1044
8399
1458
509
1195
149
26
3920
3009
1386
6403
2419
6634
15878
6920
6506
7554
8507
1163
4648
6487
2741
30
8371
1873
5069
1010
5001
5717
12769
5602
2330
401
2215
811
101
77
431
3398
17138
2127
3107
6901
2534
758
792
6043
1991
1017
1410
16195
1676
831
68
5734
11060
206
5822
1983
5617
10877
10785
7618
893
1135
7723
4337
3046
2810
7070
7920
3985
5375
40
3798
2680
1310
5037
4291
4417
5560
3605
3807
9005
7594
1708
1633
1336
1788
2357
1293
5996
809
1055
4199
15811
1845
35
8049
5696
2532
55
3851
7155
188
3369
746
2250
20
647
3679
4396
2894
774
3094
780
1526
3195
4357
998
5926
6493
56
10792
9503
4840
2417
6302
441
25
4935
26
2100
17227
1277
28993
21366
18609
5304
1427
74
27549
4329
9804
19203
4907
5274
2857
5195
13522
903
3902
2555
34704
14317
26012
6927
7535
2038
2541
2699
2826
3174
10475
45
366
14706
14527
57466
842
8118
12646
977
12969
8237
11626
25255
3897
2275
19189
1271
4200
14
10950
12456
41887
2807
5454
1433
4724
13824
146
3605
4666
7753
65
5447
4765
5
3019
9054
1607
3151
53
2741
884
1533
8176
4403
5533
2437
512
101
9195
1613
1193
20
43313
1946
32478
26981
1709
55330
5646
13763
5392
8972
5381
284
3208
26
59
14
941
2177
5301
9070
13143
2747
65
2672
608
92
5214
1576
4565
1376
1857
15905
7783
6109
4834
8191
9460
16275
2261
2943
32
875
12835
16211
2388
314
29
21444
2950
7556
10311
8945
4454
20011
3860
3383
227
2337
5490
5079
1896
1129
9649
31729
4976
8370
12939
29
16391
5082
122
1874
91
4408
5309
853
19312
1988
7963
7122
1992
6156
3146
14625
962
14727
2315
1711
1849
1500
13180
1046
296
1946
1093
2336
910
1350
12
5594
1460
4936
6775
7344
690
1198
3579
1773
1484
59
7122
3585
4900
4927
4713
7836
1203
15247
16432
2676
2741
13931
1370
1198
2047
2617
4006
13858
127
3150
5722
3904
8792
7931
465
15511
5453
7256
3624
831
1634
11636
2870
7322
15929
4554
5346
5572
4130
3272
7506
6125
3548
6409
1336
785
1709
1548
10269
5081
3824
3099
2929
9159
278
2174
5150
3455
3709
68
9433
3814
668
7786
2444
2212
7146
7285
1348
2427
13006
6299
68
5260
12537
29
101
8340
1236
9853
2217
10573
3737
3183
25
1049
11860
5739
1459
5740
2801
15428
20
11921
2825
770
5448
3123
28
920
4812
2323
2981
401
8425
35
1940
1612
728
23
1148
2008
2579
663
3007
776
803
9999
1557
1388
9831
2064
719
11319
6035
667
6344
6045
4550
185
1092
1834
8470
3636
3989
4758
1675
47
44
800
1463
1443
2102
14445
3041
6713
2167
6714
3818
743
2014
242
59
2478
32039
1095
16022
7510
3025
41
4746
11636
1081
5094
984
4353
5923
1524
770
737
1997
7081
865
1605
7762
3379
3436
2495
2507
2003
4459
274
32
1712
704
5199
3063
11408
1237
476
2377
14297
13105
3249
2826
11058
4445
1219
1203
3885
4870
9285
14093
3402
8553
4831
3287
2224
203
3880
5991
50
2694
1151
3177
8926
8086
1583
2211
4413
5515
2198
4112
4261
2821
2643
705
6354
4775
9703
18473
3671
3736
503
2413
1717
4555
4921
2215
1695
12902
2317
53
5625
7334
6746
6572
4006
1542
7768
5479
12244
4916
3423
10559
2223
80
3985
24460
5907
52
3185
16130
23355
3505
43
1203
4333
1241
3978
6323
6358
1015
2353
867
2519
6099
5743
20395
2624
77
2401
4115
677
10190
5332
2839
5766
2167
3291
3521
6156
3898
2177
4615
21670
3152
899
1855
9151
320
8431
4910
4139
3720
3837
9155
1526
993
4821
2088
12183
6996
9155
4821
2254
2531
2254
341
2088
12183
6997
9155
5380
1187
2581
45
3471
2531
2789
3815
341
5536
5200
1338
6525
779
1165
14305
3993
3281
1722
728
4724
10337
7595
17503
2241
6404
5206
1647
1914
6094
3114
1922
5358
960
440
89
21659
6153
1872
3966
122
4499
1811
8069
5133
1926
23470
718
2324
2615
4691
24725
6122
7857
8135
3676
3746
5222
1921
1595
2588
6261
1109
1178
20136
2265
1458
5682
293
1313
4039
1780
4332
2371
4461
2168
1865
10571
13302
1895
1329
1054
1329
8765
5313
19470
368
642
1901
552
3129
981
8858
7732
9574
896
1223
7080
74
68
4150
4617
2164
5808
10438
3151
1006
2596
9579
7528
107
47
3880
5671
905
48
59
3551
5324
1871
3270
440
1526
2042
7801
2150
2789
4590
5635
8361
4266
6530
3257
1511
3371
2212
5798
2047
4203
3550
4430
9204
3483
3083
5769
2136
9711
1827
2606
845
455
3819
1271
2246
4565
8281
3389
2218
3818
751
4274
3064
1834
8054
1911
1919
17033
2986
2722
9588
7951
3714
3505
1634
1257
3837
2120
4104
15558
3129
14997
7990
533
3529
1394
71
50
44
32
8478
6117
5868
2892
7679
3253
4240
8169
6814
2568
3835
992
8112
4846
5475
11690
17032
1200
2585
12652
683
5829
5680
1754
4486
13617
24
71
12431
7844
8336
6253
4742
19505
1358
1161
1716
11350
2708
1352
3990
2323
713
10446
19237
1740
1832
1946
3482
4416
4283
65
8189
1749
2609
2041
5046
10018
5363
26416
6605
5181
24011
9130
569
4428
3539
1985
5157
2015
6126
4679
3069
985
45344
8848
941
1671
1912
704
2576
337
2103
1343
1474
1381
1116
2765
815
968
7707
8329
2922
334
4749
825
383
13354
3395
1804
4615
12119
4584
4111
1921
179
3411
68
56
1642
10231
33145
13188
29606
66327
1115
5061
15581
548
638
9653
170
13521
15063
4463
8638
8207
251
4181
10690
11090
228
2374
7480
2848
27619
5925
4798
4441
5848
4191
5210
2308
6285
17838
11857
5199
39662
3892
2645
3158
2556
359
10959
4038
6952
8422
8934
12765
25526
161
41
12457
62
6647
15230
1174
3075
7327
1112
3950
30495
1518
16226
4394
2092
1412
7986
4376
1951
28587
6499
5875
3960
2840
1280
2185
5441
1808
1169
1438
3422
2945
2639
771
1890
3840
17790
1264
8584
2336
1455
10528
2002
6933
3825
5997
12342
1209
380
7970
32
2302
2477
5796
15237
3529
4895
8029
1056
12499
74
3437
2761
6710
5779
26535
24
11722
323
2238
7740
13011
5
184
3043
2314
2648
47
2424
10866
200
4561
1478
2428
5325
4522
8668
4580
3022
3679
2844
1199
6458
5961
752
7270
1992
4890
3673
5147
2143
3219
4958
4251
19317
1329
1501
3390
4535
42368
7730
4268
3540
3167
9539
5623
32
389
5378
3998
1799
1775
233
9237
7622
7625
3131
1660
989
845
27
6341
5127
2430
6819
4403
5001
3254
3155
726
4142
6735
49741
11843
20234
7147
1557
1461
8238
26515
1070
4015
6623
56421
40183
8003
4488
29691
5884
6158
15842
935
13733
4279
14874
8069
6563
4123
6575
11056
2511
26
15017
1610
2898
13814
7580
6026
18104
9312
1776
29
1938
18507
4593
19862
4959
185
7503
26
44969
6284
14881
5609
19792
2055
1717
1684
4343
8158
3011
884
818
242
12390
8663
15816
714
2174
89
53
38
32
16621
15504
8972
1451
13914
2228
13374
7073
10594
29
8933
6117
1593
2781
5697
782
41
10746
966
15119
660
1046
9693
1719
4891
1582
12861
24221
33790
33537
2265
785
6143
212
11808
6072
8233
10864
212
212
50063
18009
17472
17778
1832
1291
73
7750
3907
4025
5980
10721
1490
1025
998
765
2419
35
5285
2251
7269
417
8902
3395
2156
923
1718
215
1079
281
6218
11658
50162
14602
659
563
5202
2437
34949
1190
197
182
146
13809
5639
2107
13699
1778
4035
953
53
8879
4983
13042
44
1483
1392
764
738
1067
13587
8837
10093
455
231
490
344
7935
68
29362
6986
3926
7843
4506
977
411
413
329
5400
448
6040
4572
4406
965
13535
8492
11188
4775
20
1514
9189
1392
3017
6637
68
4177
3223
16904
1293
15660
77
1814
4074
5005
8298
1670
730
4032
1069
2726
3764
13478
1102
1764
31782
8282
2229
1393
383
10890
59
2230
1862
683
10504
1252
1899
10113
3795
1897
806
9479
23303
7829
7315
10221
101136
18534
4406
11121
2227
1080
2403
5261
3636
10719
15793
1856
3876
3193
676
1766
15716
4178
4348
32
7912
140
62
29
299
3074
698
2118
1737
258
9844
4598
1983
1313
13433
678
1567
6005
11295
264
9804
3404
4330
995
2343
2612
2461
23
12442
4024
3190
10086
19971
500
1774
1117
5069
23429
6576
62
32
1201
4505
10742
803
1499
8074
4857
2647
3163
15971
495
8945
1244
4763
2274
2266
9660
14211
6862
1689
4196
2114
5395
4867
2814
3975
20922
65
47
18321
2694
6512
12646
7145
1464
3168
7901
945
6040
9862
4917
20436
44
1433
12410
6110
1964
7383
251
4694
251
44
20
8304
17
9257
79
5490
980
3233
752
6046
12796
1639
9335
796
4745
3387
3661
7629
1524
4821
44
8527
3117
5462
987
342
3208
3972
2937
11390
4913
1153
6920
776
1988
17275
16472
2953
3220
480
2363
62
32
35
1360
5869
2497
1274
25595
2340
8650
5925
1836
1198
10239
2143
4096
775
4281
12983
1202
618
6787
488
2918
1472
1226
795
9979
885
756
1264
3161
1503
1627
3788
2760
1881
1359
3514
1781
3150
740
3104
2291
2870
726
743
953
962
2352
9702
7003
979
1121
524
815
2093
1568
452
2784
2333
9470
4587
3473
3149
3128
1110
957
2938
1248
3153
761
1512
3815
2454
676
5128
1977
7622
3595
3045
336
10964
8165
12810
4930
9427
1289
11792
62
10551
1488
884
116
44
2930
2957
1766
3360
3737
4856
2783
576
1453
17846
12861
4580
5897
2304
6487
1757
1262
940
1594
663
52
2156
14875
2899
9332
9646
27883
893
4848
18523
2485
9318
9161
3716
24370
65
3174
25734
2400
7663
41
25675
30199
3798
12109
1477
10734
5
4011
307
29
5941
2708
12341
10104
2917
452
15913
752
5532
14231
47
44
21481
9524
8774
2852
2364
7787
4229
3329
149
1271
284
38939
10114
2324
1304
770
3515
18748
17819
9579
4894
758
5822
3588
2426
470
23459
10401
5868
9245
2515
1884
5164
20986
10355
11836
19827
167
17017
32
8617
3186
1543
10356
5741
1816
7359
98046
2915
110
10284
59
12484
7048
80
80
53
44
830
25915
4245
6895
4502
3478
20122
1542
4223
8160
188
557
10901
8915
425
4052
26191
1567
1761
20478
6679
710
2466
1649
1148
875
2397
1996
2333
56
1471
1810
53
676
2358
6394
3113
392
74
65
47
41
12660
855
3402
785
4385
8635
1408
1426
9009
1613
8210
874
1334
3364
4678
2538
15262
5999
1037
113
2271
4120
4429
95
2255
5154
8172
301
3700
12022
3938
11902
2927
2465
6254
2200
3075
7466
803
2078
1947
2919
6271
770
2903
6981
3615
5393
2898
2564
6755
1467
47
5
4542
2985
1281
1214
2242
296
2590
29
1760
9472
2153
4451
19433
6321
16709
2408
6876
855
1600
3409
17294
2876
5049
1457
6530
14
4924
4690
9628
19208
660
458
191
4613
6487
833
1209
1496
4962
3823
3560
7664
8253
7882
2224
17361
41
1792
4255
38
5270
12269
5712
7413
3846
4120
2466
6349
10303
617
3363
3341
15400
28683
6295
15618
6083
2623
1205
6186
731
731
23502
32
59
5769
968
7294
2063
6283
1205
2927
3560
6267
1450
2652
13387
6496
3579
826
8669
4864
5956
4201
8725
680
4691
6866
867
606
128
622
15883
47
903
1150
5272
1397
1884
713
8228
26
497
9641
14940
10186
46818
9521
1225
4205
3117
3921
3419
5306
7896
1224
4900
1093
2356
3250
3717
2136
3156
1521
1176
1084
1784
1895
96
689
74
1253
4996
26
4130
1874
6701
13282
560
8166
1116
41
35
13140
17609
6217
1411
26
20
20
3318
4022
8334
5857
14369
6813
1064
3582
5520
9523
2400
8998
1166
863
7198
1295
5867
3268
4802
5002
6410
5527
1729
1349
656
565
5599
4434
2216
1993
6799
3097
510
3411
2950
4626
2142
2870
6581
416
1841
1635
1250
4609
1562
1298
7102
2131
6858
3892
3073
1570
10221
2203
1254
4284
2802
1140
12710
18447
4654
4280
4367
7321
1287
9209
1148
6740
11479
277
1451
62
2671
29857
6145
4302
6113
2186
3768
2250
579
8648
3379
2052
6690
8335
7008
1400
3185
712
1271
19181
1711
1397
6572
2923
738
1229
953
11554
2390
10738
5446
4592
5533
1645
1729
3218
1244
4629
4428
3241
797
8576
8072
4424
1673
927
895
1053
470
290
2465
11193
1196
1377
6617
2111
486
1459
32
134
1858
2457
1275
6023
224
1859
700
9666
50
1560
873
2313
2694
972
7428
5732
65
20
8728
1296
1883
5151
429
4645
6449
1043
2036
3203
1241
3385
10968
963
2156
2103
3317
4418
4312
6687
2528
3376
8306
2439
4317
1245
2409
4164
4247
5127
464
2406
4604
1610
218
11417
5100
3030
4941
4395
1528
906
10336
2329
2489
2890
830
113
1401
749
2935
2267
954
8407
7358
6179
845
8607
3900
4470
1007
1879
6437
1212
2761
1106
1593
5593
1168
2341
16385
704
3696
8190
1656
988
3357
959
4793
30528
23
899
2091
3009
35
11044
8379
5378
2030
4627
1262
8262
2764
983
4528
2664
3314
407
965
1667
694
4829
3514
6190
8283
4765
3172
2060
2032
5085
29
3603
3886
2691
11612
2515
8876
6511
4831
6159
10817
13008
3821
1251
3527
614
260
671
4988
5940
2971
8927
3202
3243
3925
597
6410
16889
10594
2199
3073
4314
2407
2769
2144
4381
12192
5415
1390
6063
8801
1917
3216
604
778
5343
1605
8777
1381
8506
15290
10953
2699
5993
2079
5260
13134
1658
11345
902
1322
7461
7236
4544
3843
5364
4701
1857
2657
1696
2495
14771
19124
2995
1015
1735
8879
1189
649
17505
5890
4319
6676
1385
3016
7804
7170
910
4507
3645
1128
2608
2047
2484
1004
722
387
6420
3015
1898
373
1616
689
7288
888
1876
641
218
7915
8405
11173
4396
6762
16632
8654
1710
768
2796
3098
5473
5657
4272
2302
4045
19762
444
5244
1793
9289
1518
3772
56
26
887
1187
1269
44
4919
8193
2095
1368
4221
4651
37
7183
3168
13905
13403
598
5637
884
3030
6493
12173
4159
44
47
68
7634
2104
1561
3523
5901
3312
4282
2463
8984
90
1029
12104
928
2717
3327
12581
13316
5791
455
21
3951
3962
7204
9744
38
36402
9537
7910
9823
98
4995
5763
4189
7682
3286
7392
1947
10759
101
5197
35
1107
5874
1182
8900
25608
3012
1085
6716
4765
820
3999
596
2178
1652
2742
645
1703
1503
1265
2377
1982
1240
3812
44
2965
77
1717
7476
419
11313
1359
834
2878
2703
2440
5260
44
1889
1865
946
2007
3442
745
1297
455
329
38
2451
4442
638
461
1310
6054
7398
2600
2052
36
1054
2406
6996
1525
7764
5639
3755
5961
12723
2032
1508
2562
9320
570
7245
2347
5052
6144
1389
6311
3233
2926
3955
1724
922
690
2030
921
8667
19037
1079
47
2873
7459
9201
2979
917
3517
2437
2042
7969
3864
5199
17796
5310
1679
5479
2733
50
44
12017
2974
47
2537
17379
9281
2001
2310
1124
2948
3778
3414
3870
2317
374
35
14464
19250
3674
1007
1556
1130
6022
1419
295
6711
4801
2113
14322
41
2230
704
3232
1678
286
6869
8821
903
5483
203
4146
52486
7374
3016
2044
2878
3580
38288
2296
50
10428
1466
9845
11635
142
2027
3715
12327
1891
1427
37
32
1135
9977
3221
3641
3077
366
4198
1498
9656
6637
1310
12212
3055
820
2757
2398
7730
1908
236
1502
4815
3827
3373
650
5330
8761
6952
3700
396
12235
8050
4438
61
1382
4024
19
26
95
10439
7400
10371
3548
179
3248
1640
6443
3514
7900
1673
1554
2402
3722
13875
508
3552
2631
10309
8625
1819
3675
7473
1853
6897
4881
6893
868
492
341
2289
457
6333
6020
3107
1002
3895
1835
702
8123
1026
5075
865
7317
7247
449
1633
2241
539
2819
6181
1246
8408
3563
4091
415
5098
3132
1349
5043
7270
4733
1310
4579
2486
593
2059
26
11
5
2057
3814
413
4645
1756
5574
2825
11312
3520
3031
2812
56
1936
1325
2221
1660
830
1382
16697
1899
1761
1065
727
3416
2757
424
17458
2798
7536
9818
50
35
1665
38
2009
1013
2675
1179
2585
11565
9781
12315
1084
6189
996
2783
440
1215
1548
461
4594
4596
5496
16101
2564
5358
6399
17171
6688
205
992
10271
4246
8797
13
2040
5588
3101
1870
3018
1323
10819
11340
15333
23
2931
62
53
2524
16526
336
3558
887
142
2207
1154
3757
345
7688
11
65
3319
1005
2415
1539
4283
4467
716
5723
32
5301
5439
2499
2850
1107
3008
2540
3548
304
1782
4386
5417
7105
4262
1397
2021
6572
4936
1252
2585
323
1194
4581
3340
941
8032
1745
626
1433
7017
3750
900
2006
2677
9373
10429
20
4687
3633
12879
6034
372
4388
2111
5366
1963
6679
59
5312
2095
875
3709
1014
5815
4492
26
9123
3680
1008
2890
4789
4488
1203
3932
3901
11936
4091
964
1114
8407
7283
1002
3539
5252
708
2748
841
6899
5353
3231
1905
4343
6033
55
8740
8320
32
4571
3740
17230
1226
1063
3768
1184
4835
10323
11055
305
14291
1745
19315
38
3892
3641
12656
8534
401
1310
1244
6804
9149
38
35
310
68
6276
39555
344
6827
3084
297
1113
224
3157
2932
5146
3350
3821
7378
15623
9350
3665
4606
823
9458
2865
1254
392
1379
42
1968
473
6570
5396
10912
1608
2486
1920
1118
6009
4989
2192
7154
1435
3344
41961
1497
6752
3542
3884
4025
74
1103
1004
38
10687
4735
6322
6364
6670
6006
2807
10625
1213
452
452
452
452
23235
5213
14500
1498
3600
729
3589
749
14643
16176
9108
5922
2896
3464
44
1652
484
2620
152
4729
1289
8754
4338
9272
29
1348
29399
2530
3618
2442
1115
2091
729
1533
2964
215
11397
3422
20790
1690
4348
552
750
11190
4348
398
3260
6395
6612
7346
18517
2005
871
3719
80
30
2887
779
45
4516
9142
5736
4617
8692
2377
7363
1928
7934
1205
5343
1457
1396
5844
3094
4082
1732
16315
11641
7134
17898
2471
197
3125
853
5532
17026
735
2821
4879
5644
4697
2024
1337
1410
8730
3318
3852
18073
20
1209
1104
3901
382
1457
1327
572
918
373
670
5033
1010
6139
653
721
476
2388
8625
47
6372
7769
3457
3293
848
26
23
20
17
1114
5657
1292
1187
5968
4284
3594
317
7684
1946
7528
5445
8804
1525
617
1331
2386
6181
438
2115
6332
5516
57
3459
1185
4125
6296
1254
5125
2870
53
57
1776
2114
6720
4181
12100
944
1153
1800
461
2176
1265
1863
290
175
669
1218
1091
6981
7909
1402
4522
6793
5985
622
616
3890
619
2200
188
619
188
619
227
188
619
593
5115
7968
2293
667
1004
4232
616
172
166
19925
4555
6431
1360
8561
895
2543
10574
2613
2852
643
3016
3213
2061
2124
6948
387
2547
4382
1995
1588
32
7987
50
1488
32
1876
3050
2207
55
923
1242
12030
1812
1891
11952
1986
3961
15854
1344
41
853
4720
2641
5661
9273
1751
2039
8002
2620
733
9219
4113
918
5586
56
9036
5636
7021
1247
5036
4805
7281
6273
1926
11044
1692
8695
1798
5143
1655
7563
14264
3102
2196
101
77
53
29
28
15558
3163
3163
15827
463
644
2745
4923
2955
6133
10197
4099
1697
15461
10545
2438
1974
1108
9974
3137
736
1696
1780
1358
2390
1329
1751
531
68
5203
6869
12141
3731
4628
5836
1490
7914
5265
9440
7829
2992
924
924
10380
4861
2567
4952
551
1946
2636
4865
5032
3526
2805
4399
14382
263
3529
13951
3538
2474
7793
9437
2073
359
1387
5484
956
9982
11050
18347
2871
5895
32
5069
10725
6474
2481
1547
2983
3016
5912
7381
3372
19121
2192
7657
3802
10799
9588
971
1252
2973
1198
1853
6499
12596
2135
3007
2142
2651
11
3356
10860
11178
4882
432
9599
2730
47
47
8
8086
4685
500
1048
4848
8202
665
8083
11325
1394
7373
16184
6994
1253
491
7364
1107
16259
2800
110
1696
4501
1389
4313
3202
2489
1281
3536
3831
5757
847
3294
3876
5030
1640
1916
6045
