ID=Vcard_DToL00074-RA em_desc=Endonuclease-reverse_transcriptase
ID=Vcard_DToL00076-RA em_desc=Endonuclease-reverse_transcriptase
ID=Vcard_DToL00149-RA em_desc=G-quadruplex_DNA_unwinding
ID=Vcard_DToL00324-RA em_desc=zinc_finger
ID=Vcard_DToL00325-RA em_desc=zinc_finger
ID=Vcard_DToL00355-RA em_desc=Encoded_by
ID=Vcard_DToL00631-RA em_desc=DDE_superfamily_endonuclease
ID=Vcard_DToL00639-RA em_desc=Peptidase_family_M41
ID=Vcard_DToL00640-RA em_desc=Peptidase_family_M41
ID=Vcard_DToL00714-RA em_desc=nuclease_activity
ID=Vcard_DToL00800-RA em_desc=Endonuclease-reverse_transcriptase
ID=Vcard_DToL00802-RA em_desc=None
ID=Vcard_DToL00803-RA em_desc=nuclease_activity
ID=Vcard_DToL00869-RA em_desc=None
ID=Vcard_DToL00870-RA em_desc=None
ID=Vcard_DToL00900-RA em_desc=None
ID=Vcard_DToL00979-RA em_desc=None
ID=Vcard_DToL01023-RA em_desc=Zinc_finger,_C2H2_type
ID=Vcard_DToL01025-RA em_desc=Zinc_finger,_C2H2_type
ID=Vcard_DToL01042-RA em_desc=Transposase_IS4
ID=Vcard_DToL01136-RA em_desc=None
ID=Vcard_DToL01327-RA em_desc=Encoded_by
ID=Vcard_DToL01447-RA em_desc=Lipase
ID=Vcard_DToL01448-RA em_desc=Lipase
ID=Vcard_DToL01449-RA em_desc=Lipase
ID=Vcard_DToL01450-RA em_desc=Lipase
ID=Vcard_DToL01452-RA em_desc=Lipase
ID=Vcard_DToL01453-RA em_desc=Lipase
ID=Vcard_DToL01454-RA em_desc=Lipase
ID=Vcard_DToL01455-RA em_desc=Lipase
ID=Vcard_DToL01456-RA em_desc=Lipase
ID=Vcard_DToL01507-RA em_desc=None
ID=Vcard_DToL01537-RA em_desc=None
ID=Vcard_DToL01566-RA em_desc=G-quadruplex_DNA_unwinding
ID=Vcard_DToL01579-RA em_desc=gag-polyprotein_putative_aspartyl_protease
ID=Vcard_DToL01701-RA em_desc=Endonuclease-reverse_transcriptase
ID=Vcard_DToL01702-RA em_desc=None
ID=Vcard_DToL01850-RA em_desc=None
ID=Vcard_DToL01874-RA em_desc=Zinc_finger_MYM-type_protein_1-like
ID=Vcard_DToL01894-RA em_desc=None
ID=Vcard_DToL01969-RA em_desc=HECT_and_RLD_domain_containing_E3_ubiquitin_protein_ligase_2
ID=Vcard_DToL02092-RA em_desc=Zinc_finger_MYM-type_protein
ID=Vcard_DToL02140-RA em_desc=None
ID=Vcard_DToL02176-RA em_desc=Domain_of_unknown_function_(DUF4371)
ID=Vcard_DToL02197-RA em_desc=None
ID=Vcard_DToL02203-RA em_desc=zinc_finger
ID=Vcard_DToL02215-RA em_desc=ABC_transporter
ID=Vcard_DToL02219-RA em_desc=ABC_transporter
ID=Vcard_DToL02222-RA em_desc=ABC_transporter
ID=Vcard_DToL02389-RA em_desc=Domain_of_unknown_function_(DUF4371)
ID=Vcard_DToL02390-RA em_desc=Zinc_finger_MYM-type_protein_1-like
ID=Vcard_DToL02448-RA em_desc=Carboxylesterase_family
ID=Vcard_DToL02452-RA em_desc=Carboxylesterase_family
ID=Vcard_DToL02455-RA em_desc=Carboxylesterase_family
ID=Vcard_DToL02458-RA em_desc=Carboxylesterase_family
ID=Vcard_DToL02460-RA em_desc=Carboxylesterase_family
ID=Vcard_DToL02464-RA em_desc=Carboxylesterase_family
ID=Vcard_DToL02466-RA em_desc=Carboxylesterase_family
ID=Vcard_DToL02468-RA em_desc=Carboxylesterase_family
ID=Vcard_DToL02486-RA em_desc=None
ID=Vcard_DToL02728-RA em_desc=Papain_family_cysteine_protease
ID=Vcard_DToL02733-RA em_desc=Papain_family_cysteine_protease
ID=Vcard_DToL02734-RA em_desc=Papain_family_cysteine_protease
ID=Vcard_DToL02735-RA em_desc=Papain_family_cysteine_protease
ID=Vcard_DToL02737-RA em_desc=Papain_family_cysteine_protease
ID=Vcard_DToL02738-RA em_desc=Papain_family_cysteine_protease
ID=Vcard_DToL02739-RA em_desc=Papain_family_cysteine_protease
ID=Vcard_DToL02740-RA em_desc=Papain_family_cysteine_protease
ID=Vcard_DToL02742-RA em_desc=Belongs_to_the_peptidase_C1_family
ID=Vcard_DToL02743-RA em_desc=Papain_family_cysteine_protease
ID=Vcard_DToL02744-RA em_desc=Papain_family_cysteine_protease
ID=Vcard_DToL02750-RA em_desc=None
ID=Vcard_DToL02754-RA em_desc=Zinc_finger_MYM-type_protein
ID=Vcard_DToL02797-RA em_desc=None
ID=Vcard_DToL02883-RA em_desc=Moricin
ID=Vcard_DToL02885-RA em_desc=None
ID=Vcard_DToL02886-RA em_desc=None
ID=Vcard_DToL02887-RA em_desc=None
ID=Vcard_DToL02888-RA em_desc=None
ID=Vcard_DToL02889-RA em_desc=None
ID=Vcard_DToL02891-RA em_desc=Moricin
ID=Vcard_DToL02893-RA em_desc=None
ID=Vcard_DToL02894-RA em_desc=Moricin
ID=Vcard_DToL02895-RA em_desc=Endonuclease-reverse_transcriptase
ID=Vcard_DToL02896-RA em_desc=None
ID=Vcard_DToL02897-RA em_desc=None
ID=Vcard_DToL02898-RA em_desc=Moricin
ID=Vcard_DToL02900-RA em_desc=None
ID=Vcard_DToL02901-RA em_desc=Moricin
ID=Vcard_DToL02902-RA em_desc=None
ID=Vcard_DToL02903-RA em_desc=None
ID=Vcard_DToL02907-RA em_desc=Moricin
ID=Vcard_DToL02908-RA em_desc=None
ID=Vcard_DToL02910-RA em_desc=None
ID=Vcard_DToL02912-RA em_desc=Moricin
ID=Vcard_DToL02913-RA em_desc=None
ID=Vcard_DToL02914-RA em_desc=None
ID=Vcard_DToL02915-RA em_desc=None
ID=Vcard_DToL02917-RA em_desc=None
ID=Vcard_DToL02918-RA em_desc=None
ID=Vcard_DToL02964-RA em_desc=G-quadruplex_DNA_unwinding
ID=Vcard_DToL02966-RA em_desc=None
ID=Vcard_DToL03061-RA em_desc=None
ID=Vcard_DToL03093-RA em_desc=alpha/beta_hydrolase_fold
ID=Vcard_DToL03203-RA em_desc=None
ID=Vcard_DToL03225-RA em_desc=DDE_superfamily_endonuclease
ID=Vcard_DToL03274-RA em_desc=Tetratricopeptide_repeat_protein
ID=Vcard_DToL03276-RA em_desc=Tetratricopeptide_repeat_protein
ID=Vcard_DToL03359-RA em_desc=None
ID=Vcard_DToL03434-RA em_desc=Zinc_finger_MYM-type_protein_1-like
ID=Vcard_DToL03465-RA em_desc=None
ID=Vcard_DToL03512-RA em_desc=None
ID=Vcard_DToL03724-RA em_desc=gag-polyprotein_putative_aspartyl_protease
ID=Vcard_DToL03789-RA em_desc=anchor_protein_17A
ID=Vcard_DToL03793-RA em_desc=anchor_protein_17A
ID=Vcard_DToL03803-RA em_desc=Domain_of_unknown_function_(DUF4371)
ID=Vcard_DToL03804-RA em_desc=None
ID=Vcard_DToL03812-RA em_desc=Zinc_finger_MYM-type_protein
ID=Vcard_DToL03842-RA em_desc=None
ID=Vcard_DToL03846-RA em_desc=None
ID=Vcard_DToL03915-RA em_desc=None
ID=Vcard_DToL03918-RA em_desc=Endonuclease-reverse_transcriptase
ID=Vcard_DToL04071-RA em_desc=anchor_protein_17A
ID=Vcard_DToL04087-RA em_desc=carboxy-lyase_activity._It_is_involved_in_the_biological_process_described_with_carboxylic_acid_metabolic_process
ID=Vcard_DToL04088-RA em_desc=carboxy-lyase_activity._It_is_involved_in_the_biological_process_described_with_carboxylic_acid_metabolic_process
ID=Vcard_DToL04092-RA em_desc=anchor_protein_17A
ID=Vcard_DToL04100-RA em_desc=Encoded_by
ID=Vcard_DToL04105-RA em_desc=None
ID=Vcard_DToL04113-RA em_desc=Reverse_transcriptase_(RNA-dependent_DNA_polymerase)
ID=Vcard_DToL04227-RA em_desc=None
ID=Vcard_DToL04232-RA em_desc=Domain_of_unknown_function_(DUF4371)
ID=Vcard_DToL04260-RA em_desc=Endonuclease/Exonuclease/phosphatase_family
ID=Vcard_DToL04303-RA em_desc=None
ID=Vcard_DToL04307-RA em_desc=G-quadruplex_DNA_unwinding
ID=Vcard_DToL04327-RA em_desc=metallocarboxypeptidase_activity
ID=Vcard_DToL04328-RA em_desc=metallocarboxypeptidase_activity
ID=Vcard_DToL04360-RA em_desc=None
ID=Vcard_DToL04452-RA em_desc=None
ID=Vcard_DToL04525-RA em_desc=None
ID=Vcard_DToL04549-RA em_desc=None
ID=Vcard_DToL04587-RA em_desc=gag-polyprotein_putative_aspartyl_protease
ID=Vcard_DToL04773-RA em_desc=None
ID=Vcard_DToL04788-RA em_desc=None
ID=Vcard_DToL04792-RA em_desc=None
ID=Vcard_DToL04824-RA em_desc=zinc_finger
ID=Vcard_DToL04854-RA em_desc=MreB/Mbl_protein
ID=Vcard_DToL04908-RA em_desc=G-quadruplex_DNA_unwinding
ID=Vcard_DToL05008-RA em_desc=Encoded_by
ID=Vcard_DToL05018-RA em_desc=Endonuclease-reverse_transcriptase
ID=Vcard_DToL05059-RA em_desc=None
ID=Vcard_DToL05168-RA em_desc=G-quadruplex_DNA_unwinding
ID=Vcard_DToL05188-RA em_desc=zinc_finger
ID=Vcard_DToL05194-RA em_desc=DNA_binding
ID=Vcard_DToL05257-RA em_desc=None
ID=Vcard_DToL05329-RA em_desc=Reverse_transcriptase_(RNA-dependent_DNA_polymerase)
ID=Vcard_DToL05339-RA em_desc=None
ID=Vcard_DToL05458-RA em_desc=None
ID=Vcard_DToL05632-RA em_desc=None
ID=Vcard_DToL06179-RA em_desc=None
ID=Vcard_DToL06180-RA em_desc=Endonuclease-reverse_transcriptase
ID=Vcard_DToL06228-RA em_desc=anchor_protein_17A
ID=Vcard_DToL06320-RA em_desc=None
ID=Vcard_DToL06323-RA em_desc=None
ID=Vcard_DToL06345-RA em_desc=None
ID=Vcard_DToL06364-RA em_desc=nuclease_activity
ID=Vcard_DToL06368-RA em_desc=None
ID=Vcard_DToL06387-RA em_desc=None
ID=Vcard_DToL06399-RA em_desc=None
ID=Vcard_DToL06632-RA em_desc=Domain_of_unknown_function_(DUF4371)
ID=Vcard_DToL06639-RA em_desc=positive_regulation_of_type_III_interferon_production
ID=Vcard_DToL06641-RA em_desc=None
ID=Vcard_DToL06686-RA em_desc=None
ID=Vcard_DToL06777-RA em_desc=Ribonuclease_H_protein
ID=Vcard_DToL06784-RA em_desc=zinc_finger
ID=Vcard_DToL06786-RA em_desc=gag-polyprotein_putative_aspartyl_protease
ID=Vcard_DToL06896-RA em_desc=None
ID=Vcard_DToL06897-RA em_desc=None
ID=Vcard_DToL06916-RA em_desc=None
ID=Vcard_DToL07003-RA em_desc=None
ID=Vcard_DToL07030-RA em_desc=Ribonuclease_H_protein
ID=Vcard_DToL07167-RA em_desc=anchor_protein_17A
ID=Vcard_DToL07185-RA em_desc=None
ID=Vcard_DToL07186-RA em_desc=None
ID=Vcard_DToL07224-RA em_desc=Encoded_by
ID=Vcard_DToL07280-RA em_desc=zinc_finger
ID=Vcard_DToL07307-RA em_desc=Domain_of_unknown_function_(DUF4371)
ID=Vcard_DToL07310-RA em_desc=G-quadruplex_DNA_unwinding
ID=Vcard_DToL07346-RA em_desc=None
ID=Vcard_DToL07518-RA em_desc=None
ID=Vcard_DToL07550-RA em_desc=Reverse_transcriptase_(RNA-dependent_DNA_polymerase)
ID=Vcard_DToL07554-RA em_desc=Reverse_transcriptase_(RNA-dependent_DNA_polymerase)
ID=Vcard_DToL07589-RA em_desc=None
ID=Vcard_DToL07642-RA em_desc=None
ID=Vcard_DToL07670-RA em_desc=ATP-dependent_DNA-_helicase
ID=Vcard_DToL07694-RA em_desc=Reverse_transcriptase_(RNA-dependent_DNA_polymerase)
ID=Vcard_DToL07703-RA em_desc=None
ID=Vcard_DToL07724-RA em_desc=CRAL/TRIO_domain
ID=Vcard_DToL07725-RA em_desc=Trypsin-like_serine_protease
ID=Vcard_DToL07726-RA em_desc=CRAL/TRIO_domain
ID=Vcard_DToL07727-RA em_desc=CRAL/TRIO_domain
ID=Vcard_DToL07728-RA em_desc=Trypsin-like_serine_protease
ID=Vcard_DToL07729-RA em_desc=Trypsin-like_serine_protease
ID=Vcard_DToL07730-RA em_desc=CRAL/TRIO_domain
ID=Vcard_DToL07731-RA em_desc=CRAL/TRIO_domain
ID=Vcard_DToL07732-RA em_desc=None
ID=Vcard_DToL07733-RA em_desc=CRAL/TRIO_domain
ID=Vcard_DToL07734-RA em_desc=Trypsin-like_serine_protease
ID=Vcard_DToL07735-RA em_desc=None
ID=Vcard_DToL07736-RA em_desc=CRAL/TRIO_domain
ID=Vcard_DToL07737-RA em_desc=Trypsin-like_serine_protease
ID=Vcard_DToL07738-RA em_desc=Trypsin-like_serine_protease
ID=Vcard_DToL07739-RA em_desc=CRAL/TRIO_domain
ID=Vcard_DToL07744-RA em_desc=Trypsin-like_serine_protease
ID=Vcard_DToL07745-RA em_desc=anchor_protein_17A
ID=Vcard_DToL07746-RA em_desc=None
ID=Vcard_DToL07747-RA em_desc=Trypsin-like_serine_protease
ID=Vcard_DToL07749-RA em_desc=CRAL/TRIO_domain
ID=Vcard_DToL07755-RA em_desc=CRAL/TRIO_domain
ID=Vcard_DToL07756-RA em_desc=CRAL/TRIO_domain
ID=Vcard_DToL07757-RA em_desc=None
ID=Vcard_DToL07759-RA em_desc=Endonuclease-reverse_transcriptase
ID=Vcard_DToL07761-RA em_desc=None
ID=Vcard_DToL07762-RA em_desc=Trypsin-like_serine_protease
ID=Vcard_DToL07763-RA em_desc=CRAL/TRIO_domain
ID=Vcard_DToL07764-RA em_desc=None
ID=Vcard_DToL07828-RA em_desc=Ribonuclease_H_protein
ID=Vcard_DToL07869-RA em_desc=G-quadruplex_DNA_unwinding
ID=Vcard_DToL07909-RA em_desc=zinc_finger
ID=Vcard_DToL07930-RA em_desc=zinc_finger
ID=Vcard_DToL08083-RA em_desc=Domain_of_unknown_function_(DUF4371)
ID=Vcard_DToL08097-RA em_desc=Reverse_transcriptase_(RNA-dependent_DNA_polymerase)
ID=Vcard_DToL08106-RA em_desc=It_is_involved_in_the_biological_process_described_with
ID=Vcard_DToL08112-RA em_desc=It_is_involved_in_the_biological_process_described_with
ID=Vcard_DToL08113-RA em_desc=It_is_involved_in_the_biological_process_described_with
ID=Vcard_DToL08117-RA em_desc=It_is_involved_in_the_biological_process_described_with
ID=Vcard_DToL08119-RA em_desc=It_is_involved_in_the_biological_process_described_with
ID=Vcard_DToL08123-RA em_desc=It_is_involved_in_the_biological_process_described_with
ID=Vcard_DToL08124-RA em_desc=It_is_involved_in_the_biological_process_described_with
ID=Vcard_DToL08125-RA em_desc=It_is_involved_in_the_biological_process_described_with
ID=Vcard_DToL08166-RA em_desc=Carboxylesterase_family
ID=Vcard_DToL08293-RA em_desc=nuclease_activity
ID=Vcard_DToL08399-RA em_desc=None
ID=Vcard_DToL08504-RA em_desc=None
ID=Vcard_DToL08546-RA em_desc=None
ID=Vcard_DToL08568-RA em_desc=gag-polyprotein_putative_aspartyl_protease
ID=Vcard_DToL08569-RA em_desc=zinc_finger
ID=Vcard_DToL08609-RA em_desc=Transposase_IS4
ID=Vcard_DToL08801-RA em_desc=DDE_superfamily_endonuclease
ID=Vcard_DToL08867-RA em_desc=None
ID=Vcard_DToL08940-RA em_desc=Domain_of_unknown_function_(DUF4371)
ID=Vcard_DToL09074-RA em_desc=None
ID=Vcard_DToL09110-RA em_desc=Endonuclease-reverse_transcriptase
ID=Vcard_DToL09178-RA em_desc=G-quadruplex_DNA_unwinding
ID=Vcard_DToL09213-RA em_desc=anchor_protein_17A
ID=Vcard_DToL09264-RA em_desc=None
ID=Vcard_DToL09268-RA em_desc=Ribonuclease_H_protein
ID=Vcard_DToL09457-RA em_desc=zinc_finger
ID=Vcard_DToL09472-RA em_desc=None
ID=Vcard_DToL09561-RA em_desc=Reverse_transcriptase_(RNA-dependent_DNA_polymerase)
ID=Vcard_DToL09581-RA em_desc=Domain_of_unknown_function_(DUF4371)
ID=Vcard_DToL09586-RA em_desc=DNA_helicase_activity
ID=Vcard_DToL09587-RA em_desc=None
ID=Vcard_DToL09659-RA em_desc=None
ID=Vcard_DToL09660-RA em_desc=None
ID=Vcard_DToL09663-RA em_desc=None
ID=Vcard_DToL09731-RA em_desc=anchor_protein_17A
ID=Vcard_DToL09743-RA em_desc=None
ID=Vcard_DToL09747-RA em_desc=None
ID=Vcard_DToL09755-RA em_desc=Reverse_transcriptase_(RNA-dependent_DNA_polymerase)
ID=Vcard_DToL09765-RA em_desc=nuclease_activity
ID=Vcard_DToL09778-RA em_desc=Nrap_protein_domain_1
ID=Vcard_DToL09779-RA em_desc=Nrap_protein_domain_1
ID=Vcard_DToL09818-RA em_desc=positive_regulation_of_TOR_signaling
ID=Vcard_DToL09837-RA em_desc=Reverse_transcriptase_(RNA-dependent_DNA_polymerase)
ID=Vcard_DToL09841-RA em_desc=ubiquitin_modification-dependent_histone_binding
ID=Vcard_DToL09843-RA em_desc=ubiquitin_modification-dependent_histone_binding
ID=Vcard_DToL09844-RA em_desc=None
ID=Vcard_DToL09878-RA em_desc=DDE_superfamily_endonuclease
ID=Vcard_DToL10023-RA em_desc=Reverse_transcriptase_(RNA-dependent_DNA_polymerase)
ID=Vcard_DToL10041-RA em_desc=transposition,_RNA-mediated
ID=Vcard_DToL10140-RA em_desc=None
ID=Vcard_DToL10142-RA em_desc=None
ID=Vcard_DToL10147-RA em_desc=Reverse_transcriptase_(RNA-dependent_DNA_polymerase)
ID=Vcard_DToL10228-RA em_desc=None
ID=Vcard_DToL10246-RA em_desc=zinc_finger
ID=Vcard_DToL10251-RA em_desc=Domain_of_unknown_function_(DUF4371)
ID=Vcard_DToL10274-RA em_desc=None
ID=Vcard_DToL10281-RA em_desc=nuclease_activity
ID=Vcard_DToL10283-RA em_desc=None
ID=Vcard_DToL10292-RA em_desc=gag-polyprotein_putative_aspartyl_protease
ID=Vcard_DToL10371-RA em_desc=G-quadruplex_DNA_unwinding
ID=Vcard_DToL10390-RA em_desc=None
ID=Vcard_DToL10394-RA em_desc=None
ID=Vcard_DToL10458-RA em_desc=None
ID=Vcard_DToL10525-RA em_desc=Ribonuclease_H_protein
ID=Vcard_DToL10533-RA em_desc=Domain_of_unknown_function_(DUF4371)
ID=Vcard_DToL10551-RA em_desc=Zinc_finger_MYM-type_protein_1-like
ID=Vcard_DToL10556-RA em_desc=None
ID=Vcard_DToL10708-RA em_desc=anchor_protein_17A
ID=Vcard_DToL10760-RA em_desc=None
ID=Vcard_DToL10794-RA em_desc=nuclease_activity
ID=Vcard_DToL10906-RA em_desc=Reverse_transcriptase_(RNA-dependent_DNA_polymerase)
ID=Vcard_DToL10907-RA em_desc=anchor_protein_17A
ID=Vcard_DToL10908-RA em_desc=None
ID=Vcard_DToL10912-RA em_desc=Reverse_transcriptase_(RNA-dependent_DNA_polymerase)
ID=Vcard_DToL10926-RA em_desc=DNA_helicase_activity
ID=Vcard_DToL10928-RA em_desc=None
ID=Vcard_DToL10943-RA em_desc=DDE_superfamily_endonuclease
ID=Vcard_DToL11044-RA em_desc=None
ID=Vcard_DToL11343-RA em_desc=Reverse_transcriptase_(RNA-dependent_DNA_polymerase)
ID=Vcard_DToL11381-RA em_desc=None
ID=Vcard_DToL11384-RA em_desc=None
ID=Vcard_DToL11389-RA em_desc=None
ID=Vcard_DToL11392-RA em_desc=None
ID=Vcard_DToL11394-RA em_desc=None
ID=Vcard_DToL11395-RA em_desc=Reverse_transcriptase_(RNA-dependent_DNA_polymerase)
ID=Vcard_DToL11404-RA em_desc=None
ID=Vcard_DToL11406-RA em_desc=None
ID=Vcard_DToL11407-RA em_desc=None
ID=Vcard_DToL11410-RA em_desc=None
ID=Vcard_DToL11411-RA em_desc=None
ID=Vcard_DToL11412-RA em_desc=positive_regulation_of_type_III_interferon_production
ID=Vcard_DToL11416-RA em_desc=None
ID=Vcard_DToL11417-RA em_desc=Transposase_IS4
ID=Vcard_DToL11419-RA em_desc=None
ID=Vcard_DToL11420-RA em_desc=None
ID=Vcard_DToL11426-RA em_desc=None
ID=Vcard_DToL11427-RA em_desc=None
ID=Vcard_DToL11429-RA em_desc=None
ID=Vcard_DToL11433-RA em_desc=None
ID=Vcard_DToL11434-RA em_desc=None
ID=Vcard_DToL11436-RA em_desc=None
ID=Vcard_DToL11437-RA em_desc=None
ID=Vcard_DToL11439-RA em_desc=None
ID=Vcard_DToL11449-RA em_desc=None
ID=Vcard_DToL11452-RA em_desc=None
ID=Vcard_DToL11454-RA em_desc=None
ID=Vcard_DToL11455-RA em_desc=None
ID=Vcard_DToL11456-RA em_desc=anchor_protein_17A
ID=Vcard_DToL11461-RA em_desc=None
ID=Vcard_DToL11463-RA em_desc=None
ID=Vcard_DToL11464-RA em_desc=None
ID=Vcard_DToL11466-RA em_desc=None
ID=Vcard_DToL11467-RA em_desc=None
ID=Vcard_DToL11468-RA em_desc=None
ID=Vcard_DToL11469-RA em_desc=None
ID=Vcard_DToL11470-RA em_desc=None
ID=Vcard_DToL11471-RA em_desc=None
ID=Vcard_DToL11473-RA em_desc=None
ID=Vcard_DToL11476-RA em_desc=None
ID=Vcard_DToL11479-RA em_desc=None
ID=Vcard_DToL11480-RA em_desc=None
ID=Vcard_DToL11481-RA em_desc=None
ID=Vcard_DToL11482-RA em_desc=None
ID=Vcard_DToL11483-RA em_desc=Helitron_helicase-like_domain_at_N-terminus
ID=Vcard_DToL11485-RA em_desc=positive_regulation_of_type_III_interferon_production
ID=Vcard_DToL11494-RA em_desc=None
ID=Vcard_DToL11496-RA em_desc=None
ID=Vcard_DToL11499-RA em_desc=None
ID=Vcard_DToL11501-RA em_desc=None
ID=Vcard_DToL11502-RA em_desc=None
ID=Vcard_DToL11507-RA em_desc=None
ID=Vcard_DToL11508-RA em_desc=None
ID=Vcard_DToL11512-RA em_desc=None
ID=Vcard_DToL11514-RA em_desc=None
ID=Vcard_DToL11515-RA em_desc=None
ID=Vcard_DToL11517-RA em_desc=None
ID=Vcard_DToL11520-RA em_desc=None
ID=Vcard_DToL11521-RA em_desc=None
ID=Vcard_DToL11525-RA em_desc=None
ID=Vcard_DToL11529-RA em_desc=None
ID=Vcard_DToL11532-RA em_desc=None
ID=Vcard_DToL11534-RA em_desc=None
ID=Vcard_DToL11536-RA em_desc=None
ID=Vcard_DToL11543-RA em_desc=anchor_protein_17A
ID=Vcard_DToL11544-RA em_desc=positive_regulation_of_type_III_interferon_production
ID=Vcard_DToL11546-RA em_desc=None
ID=Vcard_DToL11547-RA em_desc=None
ID=Vcard_DToL11552-RA em_desc=positive_regulation_of_type_III_interferon_production
ID=Vcard_DToL11555-RA em_desc=Endonuclease/Exonuclease/phosphatase_family
ID=Vcard_DToL11556-RA em_desc=None
ID=Vcard_DToL11557-RA em_desc=Endonuclease-reverse_transcriptase
ID=Vcard_DToL11558-RA em_desc=None
ID=Vcard_DToL11560-RA em_desc=None
ID=Vcard_DToL11561-RA em_desc=DDE_superfamily_endonuclease
ID=Vcard_DToL11562-RA em_desc=None
ID=Vcard_DToL11564-RA em_desc=None
ID=Vcard_DToL11568-RA em_desc=None
ID=Vcard_DToL11577-RA em_desc=None
ID=Vcard_DToL11584-RA em_desc=Endonuclease-reverse_transcriptase
ID=Vcard_DToL11586-RA em_desc=None
ID=Vcard_DToL11589-RA em_desc=None
ID=Vcard_DToL11591-RA em_desc=None
ID=Vcard_DToL11592-RA em_desc=None
ID=Vcard_DToL11594-RA em_desc=None
ID=Vcard_DToL11595-RA em_desc=None
ID=Vcard_DToL11597-RA em_desc=Belongs_to_the_helicase_family
ID=Vcard_DToL11610-RA em_desc=Reverse_transcriptase_(RNA-dependent_DNA_polymerase)
ID=Vcard_DToL11612-RA em_desc=None
ID=Vcard_DToL11614-RA em_desc=anchor_protein_17A
ID=Vcard_DToL11615-RA em_desc=Reverse_transcriptase_(RNA-dependent_DNA_polymerase)
ID=Vcard_DToL11617-RA em_desc=None
ID=Vcard_DToL11619-RA em_desc=None
ID=Vcard_DToL11620-RA em_desc=None
ID=Vcard_DToL11626-RA em_desc=None
ID=Vcard_DToL11627-RA em_desc=None
ID=Vcard_DToL11628-RA em_desc=None
ID=Vcard_DToL11629-RA em_desc=None
ID=Vcard_DToL11632-RA em_desc=None
ID=Vcard_DToL11633-RA em_desc=None
ID=Vcard_DToL11634-RA em_desc=None
ID=Vcard_DToL11637-RA em_desc=Reverse_transcriptase_(RNA-dependent_DNA_polymerase)
ID=Vcard_DToL11640-RA em_desc=None
ID=Vcard_DToL11643-RA em_desc=None
ID=Vcard_DToL11645-RA em_desc=None
ID=Vcard_DToL11646-RA em_desc=None
ID=Vcard_DToL11651-RA em_desc=None
ID=Vcard_DToL11655-RA em_desc=None
ID=Vcard_DToL11656-RA em_desc=None
ID=Vcard_DToL11659-RA em_desc=None
ID=Vcard_DToL11660-RA em_desc=None
ID=Vcard_DToL11662-RA em_desc=None
ID=Vcard_DToL11668-RA em_desc=Endonuclease-reverse_transcriptase
ID=Vcard_DToL11669-RA em_desc=None
ID=Vcard_DToL11671-RA em_desc=None
ID=Vcard_DToL11672-RA em_desc=None
ID=Vcard_DToL11675-RA em_desc=None
ID=Vcard_DToL11676-RA em_desc=None
ID=Vcard_DToL11678-RA em_desc=None
ID=Vcard_DToL11682-RA em_desc=None
ID=Vcard_DToL11683-RA em_desc=None
ID=Vcard_DToL11684-RA em_desc=None
ID=Vcard_DToL11685-RA em_desc=None
ID=Vcard_DToL11688-RA em_desc=None
ID=Vcard_DToL11691-RA em_desc=None
ID=Vcard_DToL11692-RA em_desc=None
ID=Vcard_DToL11693-RA em_desc=None
ID=Vcard_DToL11701-RA em_desc=None
ID=Vcard_DToL11703-RA em_desc=None
ID=Vcard_DToL11704-RA em_desc=None
ID=Vcard_DToL11706-RA em_desc=None
ID=Vcard_DToL11707-RA em_desc=Endonuclease-reverse_transcriptase
ID=Vcard_DToL11709-RA em_desc=None
ID=Vcard_DToL11711-RA em_desc=cell_adhesion
ID=Vcard_DToL11713-RA em_desc=None
ID=Vcard_DToL11716-RA em_desc=positive_regulation_of_type_III_interferon_production
ID=Vcard_DToL11719-RA em_desc=None
ID=Vcard_DToL11724-RA em_desc=None
ID=Vcard_DToL11731-RA em_desc=None
ID=Vcard_DToL11732-RA em_desc=None
ID=Vcard_DToL11736-RA em_desc=None
ID=Vcard_DToL11737-RA em_desc=None
ID=Vcard_DToL11739-RA em_desc=None
ID=Vcard_DToL11742-RA em_desc=None
ID=Vcard_DToL11743-RA em_desc=None
ID=Vcard_DToL11745-RA em_desc=anchor_protein_17A
ID=Vcard_DToL11746-RA em_desc=None
ID=Vcard_DToL11750-RA em_desc=None
ID=Vcard_DToL11752-RA em_desc=None
ID=Vcard_DToL11754-RA em_desc=None
ID=Vcard_DToL11763-RA em_desc=Belongs_to_the_helicase_family
ID=Vcard_DToL11770-RA em_desc=None
ID=Vcard_DToL11771-RA em_desc=None
ID=Vcard_DToL11773-RA em_desc=None
ID=Vcard_DToL11774-RA em_desc=None
ID=Vcard_DToL11775-RA em_desc=Endonuclease-reverse_transcriptase
ID=Vcard_DToL11776-RA em_desc=None
ID=Vcard_DToL11779-RA em_desc=None
ID=Vcard_DToL11780-RA em_desc=None
ID=Vcard_DToL11784-RA em_desc=None
ID=Vcard_DToL11785-RA em_desc=None
ID=Vcard_DToL11788-RA em_desc=None
ID=Vcard_DToL11789-RA em_desc=None
ID=Vcard_DToL11791-RA em_desc=None
ID=Vcard_DToL11792-RA em_desc=None
ID=Vcard_DToL11793-RA em_desc=None
ID=Vcard_DToL11795-RA em_desc=None
ID=Vcard_DToL11804-RA em_desc=None
ID=Vcard_DToL11807-RA em_desc=None
ID=Vcard_DToL11808-RA em_desc=None
ID=Vcard_DToL11811-RA em_desc=Ribonuclease_H_protein
ID=Vcard_DToL11812-RA em_desc=None
ID=Vcard_DToL11817-RA em_desc=None
ID=Vcard_DToL11821-RA em_desc=None
ID=Vcard_DToL11823-RA em_desc=None
ID=Vcard_DToL11826-RA em_desc=None
ID=Vcard_DToL11857-RA em_desc=Endonuclease-reverse_transcriptase
ID=Vcard_DToL11858-RA em_desc=Reverse_transcriptase_(RNA-dependent_DNA_polymerase)
ID=Vcard_DToL11880-RA em_desc=positive_regulation_of_TOR_signaling
ID=Vcard_DToL11883-RA em_desc=Adenylate_and_Guanylate_cyclase_catalytic_domain
ID=Vcard_DToL11935-RA em_desc=DNA_helicase_activity
ID=Vcard_DToL11969-RA em_desc=Domain_of_unknown_function_(DUF4371)
ID=Vcard_DToL11970-RA em_desc=Ribonuclease_H_protein
ID=Vcard_DToL11985-RA em_desc=None
ID=Vcard_DToL12037-RA em_desc=None
ID=Vcard_DToL12087-RA em_desc=None
ID=Vcard_DToL12193-RA em_desc=zinc_finger
ID=Vcard_DToL12232-RA em_desc=DDE_superfamily_endonuclease
ID=Vcard_DToL12274-RA em_desc=G-quadruplex_DNA_unwinding
ID=Vcard_DToL12374-RA em_desc=Lipase
ID=Vcard_DToL12375-RA em_desc=Lipase
ID=Vcard_DToL12475-RA em_desc=None
ID=Vcard_DToL12492-RA em_desc=anchor_protein_17A
ID=Vcard_DToL12493-RA em_desc=None
ID=Vcard_DToL12498-RA em_desc=Reverse_transcriptase_(RNA-dependent_DNA_polymerase)
ID=Vcard_DToL12535-RA em_desc=None
ID=Vcard_DToL12562-RA em_desc=zinc_finger
ID=Vcard_DToL12575-RA em_desc=anchor_protein_17A
ID=Vcard_DToL12576-RA em_desc=Reverse_transcriptase_(RNA-dependent_DNA_polymerase)
ID=Vcard_DToL12673-RA em_desc=None
ID=Vcard_DToL12766-RA em_desc=None
ID=Vcard_DToL12840-RA em_desc=None
ID=Vcard_DToL12864-RA em_desc=None
ID=Vcard_DToL12886-RA em_desc=Zinc_finger_MYM-type_protein_1-like
ID=Vcard_DToL12887-RA em_desc=Zinc_finger_MYM-type_protein_1-like
ID=Vcard_DToL13037-RA em_desc=Trypsin-like_serine_protease
ID=Vcard_DToL13038-RA em_desc=Trypsin-like_serine_protease
ID=Vcard_DToL13039-RA em_desc=Trypsin-like_serine_protease
ID=Vcard_DToL13041-RA em_desc=Trypsin-like_serine_protease
ID=Vcard_DToL13044-RA em_desc=Trypsin-like_serine_protease
ID=Vcard_DToL13045-RA em_desc=Trypsin-like_serine_protease
ID=Vcard_DToL13046-RA em_desc=Trypsin-like_serine_protease
ID=Vcard_DToL13047-RA em_desc=Trypsin-like_serine_protease
ID=Vcard_DToL13048-RA em_desc=Trypsin-like_serine_protease
ID=Vcard_DToL13049-RA em_desc=Trypsin-like_serine_protease
ID=Vcard_DToL13050-RA em_desc=Trypsin-like_serine_protease
ID=Vcard_DToL13051-RA em_desc=Trypsin-like_serine_protease
ID=Vcard_DToL13052-RA em_desc=Trypsin-like_serine_protease
ID=Vcard_DToL13053-RA em_desc=Trypsin-like_serine_protease
ID=Vcard_DToL13054-RA em_desc=Trypsin-like_serine_protease
ID=Vcard_DToL13056-RA em_desc=Trypsin-like_serine_protease
ID=Vcard_DToL13058-RA em_desc=Trypsin-like_serine_protease
ID=Vcard_DToL13278-RA em_desc=Endonuclease/Exonuclease/phosphatase_family
ID=Vcard_DToL13335-RA em_desc=Transcriptional_regulator
ID=Vcard_DToL13379-RA em_desc=transposition,_RNA-mediated
ID=Vcard_DToL13522-RA em_desc=FGGY_family_of_carbohydrate_kinases,_N-terminal_domain
ID=Vcard_DToL13523-RA em_desc=FGGY_family_of_carbohydrate_kinases,_C-terminal_domain
ID=Vcard_DToL13531-RA em_desc=Insect_pheromone-binding_family,_A10/OS-D
ID=Vcard_DToL13533-RA em_desc=Insect_pheromone-binding_family,_A10/OS-D
ID=Vcard_DToL13534-RA em_desc=Insect_pheromone-binding_family,_A10/OS-D
ID=Vcard_DToL13537-RA em_desc=Insect_pheromone-binding_family,_A10/OS-D
ID=Vcard_DToL13736-RA em_desc=None
ID=Vcard_DToL13825-RA em_desc=None
ID=Vcard_DToL13827-RA em_desc=None
ID=Vcard_DToL13878-RA em_desc=Reverse_transcriptase_(RNA-dependent_DNA_polymerase)
ID=Vcard_DToL13882-RA em_desc=Endonuclease-reverse_transcriptase
ID=Vcard_DToL13926-RA em_desc=Helitron_helicase-like_domain_at_N-terminus
ID=Vcard_DToL13955-RA em_desc=None
ID=Vcard_DToL13999-RA em_desc=None
ID=Vcard_DToL14115-RA em_desc=None
ID=Vcard_DToL14117-RA em_desc=Endonuclease-reverse_transcriptase
ID=Vcard_DToL14188-RA em_desc=DDE_superfamily_endonuclease
ID=Vcard_DToL14194-RA em_desc=Domain_of_unknown_function_(DUF4371)
ID=Vcard_DToL14203-RA em_desc=Helitron_helicase-like_domain_at_N-terminus
ID=Vcard_DToL14232-RA em_desc=nuclease_activity
ID=Vcard_DToL14233-RA em_desc=nuclease_activity
ID=Vcard_DToL14234-RA em_desc=None
ID=Vcard_DToL14245-RA em_desc=None
ID=Vcard_DToL14273-RA em_desc=None
ID=Vcard_DToL14304-RA em_desc=Reverse_transcriptase_(RNA-dependent_DNA_polymerase)
ID=Vcard_DToL14355-RA em_desc=RNA_polymerase_Rpb1,_domain_1
ID=Vcard_DToL14356-RA em_desc=RNA_polymerase_Rpb1,_domain_1
ID=Vcard_DToL14368-RA em_desc=Radial_spokehead-like_protein
ID=Vcard_DToL14369-RA em_desc=Radial_spokehead-like_protein
ID=Vcard_DToL14398-RA em_desc=Intraflagellar_transport_complex_B_protein_46_C_terminal
ID=Vcard_DToL14473-RA em_desc=nuclease_activity
ID=Vcard_DToL14534-RA em_desc=subunit_of_the_gamma-secretase_complex,_an_endoprotease_complex_that_catalyzes_the_intramembrane_cleavage_of_integral_membrane_proteins_such_as_Notch_receptors
ID=Vcard_DToL14648-RA em_desc=Zinc_finger_MYM-type_protein_1-like
ID=Vcard_DToL14762-RA em_desc=None
ID=Vcard_DToL14788-RA em_desc=None
ID=Vcard_DToL14789-RA em_desc=Domain_of_unknown_function_(DUF4371)
ID=Vcard_DToL14830-RA em_desc=DNA_binding
ID=Vcard_DToL14840-RA em_desc=None
ID=Vcard_DToL14874-RA em_desc=None
ID=Vcard_DToL14891-RA em_desc=Endonuclease-reverse_transcriptase
ID=Vcard_DToL14917-RA em_desc=zinc_finger
ID=Vcard_DToL14931-RA em_desc=None
ID=Vcard_DToL14946-RA em_desc=Reverse_transcriptase_(RNA-dependent_DNA_polymerase)
ID=Vcard_DToL14983-RA em_desc=DNA_binding
ID=Vcard_DToL14990-RA em_desc=DDE_superfamily_endonuclease
ID=Vcard_DToL14993-RA em_desc=DNA_binding
ID=Vcard_DToL15007-RA em_desc=DDE_superfamily_endonuclease
ID=Vcard_DToL15075-RA em_desc=anchor_protein_17A
ID=Vcard_DToL15084-RA em_desc=None
ID=Vcard_DToL15111-RA em_desc=None
ID=Vcard_DToL15169-RA em_desc=None
